### feff starts at Sun Aug 13 17:05:17 EDT 2023
### Serial version
### FeffPath is /sdcc/u/mcarbone/software/JFEFF/hsw/feff90/linux
 
Launching FEFF version FEFF 9.9.1
Core hole lifetime is   1.729 eV.
Your calculation:
 comment: None given
 Source:
 Structure Summary:  Cu9 O13
 Reduced formula:  Cu9O13
 space group: (C2/m), space number:  (12)
 abc:  5.134901   5.134901  16.220356
 angles: 81.390801  81.390801  33.333493
 sites: 22
Cu K edge XANES using RPA corehole.
Using:     * Self-Consistent Field potentials
Using cards:   ATOMS CONTROL EXCHANGE TITLE RPATH POTENTIALS XANES EDGE SCF FMS S02 COREHOLE EGRID

Calculating atomic potentials ...
    overlapped atomic potential and density for unique potential    0
    overlapped atomic potential and density for unique potential    1
    overlapped atomic potential and density for unique potential    2
Done with module: atomic potentials.

Calculating SCF potentials ...
FEFF-serial using 1 thread.
Muffin tin radii and interstitial parameters [bohr]:
type, norman radius, muffin tin, overlap factor
    0  1.28984E+00  1.18750E+00  1.15000E+00
    1  1.28984E+00  1.18750E+00  1.15000E+00
    2  1.14165E+00  9.93489E-01  1.15000E+00
Core-valence separation energy:  ecv=   -40.000 eV
Initial Fermi level:              mu=     2.619 eV
SCF ITERATION NUMBER  1
     point #   1  energy = -40.000
FMS for a cluster of  144 atoms around atom type   0
FMS for a cluster of  137 atoms around atom type   1
FMS for a cluster of  146 atoms around atom type   2
     point #  20  energy = -28.845
     point #  40  energy =  -8.595
     point #  60  energy =  -1.779
     point #  80  energy =  -2.795
New Fermi level:    mu=  -2.793 eV  Charge distance=  0.3641 (partial c.d.=  8.1420)
SCF ITERATION NUMBER  1
     point #   1  energy = -40.000
FMS for a cluster of  144 atoms around atom type   0
FMS for a cluster of  137 atoms around atom type   1
FMS for a cluster of  146 atoms around atom type   2
     point #  20  energy = -28.939
     point #  40  energy =  -8.827
     point #  60  energy =  -2.793
     point #  80  energy =  -3.993
     point # 100  energy =  -7.143
New Fermi level:    mu=  -7.308 eV  Charge distance=  0.0092 (partial c.d.=  1.2389)
SCF ITERATION NUMBER  1
     point #   1  energy = -40.000
FMS for a cluster of  144 atoms around atom type   0
FMS for a cluster of  137 atoms around atom type   1
FMS for a cluster of  146 atoms around atom type   2
     point #  20  energy = -28.762
     point #  40  energy =  -8.329
     point #  60  energy =  -7.267
New Fermi level:    mu=  -7.152 eV  Charge distance=  0.0496 (partial c.d.=  0.1916)
SCF ITERATION NUMBER  2
     point #   1  energy = -40.000
     point #  20  energy = -28.708
     point #  40  energy =  -8.178
     point #  60  energy =  -7.192
New Fermi level:    mu=  -7.362 eV  Charge distance=  0.1265 (partial c.d.=  0.0982)
SCF ITERATION NUMBER  3
     point #   1  energy = -40.000
     point #  20  energy = -28.781
     point #  40  energy =  -8.382
     point #  60  energy =  -7.403
New Fermi level:    mu=  -7.734 eV  Charge distance=  0.1131 (partial c.d.=  0.4857)
SCF ITERATION NUMBER  4
     point #   1  energy = -40.000
     point #  20  energy = -28.908
     point #  40  energy =  -8.742
     point #  60  energy =  -7.774
New Fermi level:    mu=  -7.907 eV  Charge distance=  0.0584 (partial c.d.=  0.9267)
SCF ITERATION NUMBER  5
     point #   1  energy = -40.000
     point #  20  energy = -28.968
     point #  40  energy =  -8.910
     point #  60  energy =  -7.869
New Fermi level:    mu=  -7.824 eV  Charge distance=  0.0147 (partial c.d.=  0.3648)
SCF ITERATION NUMBER  6
     point #   1  energy = -40.000
     point #  20  energy = -28.940
     point #  40  energy =  -8.830
     point #  60  energy =  -7.787
New Fermi level:    mu=  -7.767 eV  Charge distance=  0.0106 (partial c.d.=  0.0603)
SCF ITERATION NUMBER  7
     point #   1  energy = -40.000
     point #  20  energy = -28.920
     point #  40  energy =  -8.775
New Fermi level:    mu=  -7.761 eV  Charge distance=  0.0033 (partial c.d.=  0.0564)
SCF ITERATION NUMBER  8
     point #   1  energy = -40.000
     point #  20  energy = -28.918
     point #  40  energy =  -8.768
New Fermi level:    mu=  -7.747 eV  Charge distance=  0.0034 (partial c.d.=  0.0392)
SCF ITERATION NUMBER  9
     point #   1  energy = -40.000
     point #  20  energy = -28.913
     point #  40  energy =  -8.755
New Fermi level:    mu=  -7.735 eV  Charge distance=  0.0037 (partial c.d.=  0.0061)
SCF ITERATION NUMBER 10
     point #   1  energy = -40.000
     point #  20  energy = -28.909
     point #  40  energy =  -8.744
New Fermi level:    mu=  -7.725 eV  Charge distance=  0.0002 (partial c.d.=  0.0134)
SCF ITERATION NUMBER 11
     point #   1  energy = -40.000
     point #  20  energy = -28.905
     point #  40  energy =  -8.734
New Fermi level:    mu=  -7.725 eV  Charge distance=  0.0001 (partial c.d.=  0.0004)
SCF ITERATION NUMBER 12
     point #   1  energy = -40.000
     point #  20  energy = -28.905
     point #  40  energy =  -8.733
New Fermi level:    mu=  -7.725 eV  Charge distance=  0.0001 (partial c.d.=  0.0000)
Electronic configuration
  type     l     N_el
     0     0    0.521
     0     1    0.690
     0     2    9.258
     0     3    0.000
     1     0    0.521
     1     1    0.689
     1     2    9.259
     1     3    0.000
     2     0    1.879
     2     1    4.395
     2     2    0.093
     2     3    0.000
Charge transfer:  type  charge
       0   -0.531
       1   -0.531
       2    0.368
Convergence reached in   12 iterations.
Done with module: potentials.

Calculating screened core-hole potential ...
FMS for a cluster of   24 atoms around iph =   0
    0% of energy integration
   20%
   40%
   60%
   80%
  100%
Preparing response function.
Computing (1 - K Chi0)^-1 v_ch
Done with module: screened core-hole potential.

Calculating cross-section and phases ...
    absorption cross section
 x0,dx,rnrm,inrm,jnrm   8.80000000000000       5.000000000000000E-002
   2.43744881300004              194         195
    phase shifts for unique potential    0
    phase shifts for unique potential    1
    phase shifts for unique potential    2
Done with module: cross-section and phases (XSPH).

FMS calculation of full Green's function ...
FEFF-serial using 1 thread.
Using   194 energy points.
xprep done
FMS for a cluster of  284 atoms
Energy point    1/ 194
Energy point   10/ 194
Energy point   20/ 194
Energy point   30/ 194
Energy point   40/ 194
Energy point   50/ 194
Energy point   60/ 194
Energy point   70/ 194
Energy point   80/ 194
Energy point   90/ 194
Energy point  100/ 194
Energy point  110/ 194
Energy point  120/ 194
Energy point  130/ 194
Energy point  140/ 194
Energy point  150/ 194
Energy point  160/ 194
Energy point  170/ 194
Energy point  180/ 194
Energy point  190/ 194
Done with module: FMS.

MKGTR: Tracing over Green's function ...
Done with module: MKGTR.

Pathfinder: finding scattering paths...
Preparing plane wave scattering amplitudes
Searching for paths
Eliminating path degeneracies
0 paths retained.
Done with module: pathfinder.

Calculating EXAFS parameters ...
Done with module: EXAFS parameters (GENFMT).

Calculating XAS spectra ...
Done with module: XAS spectra (FF2X: DW + final sum over paths).

 
### feff ends at Sun Aug 13 19:19:22 EDT 2023
 
