### feff starts at Sun Aug 13 13:38:37 EDT 2023
### Serial version
### FeffPath is /sdcc/u/mcarbone/software/JFEFF/hsw/feff90/linux
 
Launching FEFF version FEFF 9.9.1
Core hole lifetime is   1.729 eV.
Your calculation:
 comment: None given
 Source:
 Structure Summary:  Sr4 Cu4 O10
 Reduced formula:  Sr2Cu2O5
 space group: (Pbam), space number:  (55)
 abc:  3.751516   5.546530  11.037505
 angles: 90.000000  90.000000  90.000000
 sites: 18
Cu K edge XANES using RPA corehole.
Using:     * Self-Consistent Field potentials
Using cards:   ATOMS CONTROL EXCHANGE TITLE RPATH POTENTIALS XANES EDGE SCF FMS S02 COREHOLE EGRID

Calculating atomic potentials ...
    overlapped atomic potential and density for unique potential    0
    overlapped atomic potential and density for unique potential    1
    overlapped atomic potential and density for unique potential    2
    overlapped atomic potential and density for unique potential    3
Done with module: atomic potentials.

Calculating SCF potentials ...
FEFF-serial using 1 thread.
Muffin tin radii and interstitial parameters [bohr]:
type, norman radius, muffin tin, overlap factor
    0  1.26560E+00  1.17445E+00  1.15000E+00
    1  1.84159E+00  1.78436E+00  1.08090E+00
    2  1.26568E+00  1.17449E+00  1.15000E+00
    3  1.12065E+00  1.07229E+00  1.11762E+00
Core-valence separation energy:  ecv=   -34.000 eV
Initial Fermi level:              mu=    -1.831 eV
SCF ITERATION NUMBER  1
     point #   1  energy = -34.000
FMS for a cluster of  120 atoms around atom type   0
FMS for a cluster of  109 atoms around atom type   1
FMS for a cluster of  106 atoms around atom type   2
FMS for a cluster of  103 atoms around atom type   3
     point #  20  energy = -22.920
     point #  40  energy =  -6.823
     point #  60  energy =  -5.208
New Fermi level:    mu=  -4.814 eV  Charge distance=  0.6665 (partial c.d.=  6.6777)
SCF ITERATION NUMBER  1
     point #   1  energy = -34.000
FMS for a cluster of  120 atoms around atom type   0
FMS for a cluster of  109 atoms around atom type   1
FMS for a cluster of  106 atoms around atom type   2
FMS for a cluster of  103 atoms around atom type   3
     point #  20  energy = -22.929
     point #  40  energy =  -4.814
     point #  60  energy =  -4.905
     point #  80  energy =  -9.092
     point # 100  energy = -10.976
New Fermi level:    mu= -11.208 eV  Charge distance=  0.1457 (partial c.d.=  3.2593)
SCF ITERATION NUMBER  1
     point #   1  energy = -34.000
FMS for a cluster of  120 atoms around atom type   0
FMS for a cluster of  109 atoms around atom type   1
FMS for a cluster of  106 atoms around atom type   2
FMS for a cluster of  103 atoms around atom type   3
     point #  20  energy = -23.100
     point #  40  energy = -11.208
     point #  60  energy = -10.649
     point #  80  energy =  -9.627
New Fermi level:    mu=  -9.739 eV  Charge distance=  0.1086 (partial c.d.=  0.6566)
SCF ITERATION NUMBER  2
     point #   1  energy = -34.000
     point #  20  energy = -22.880
     point #  40  energy =  -9.739
     point #  60  energy =  -9.502
New Fermi level:    mu=  -9.598 eV  Charge distance=  0.3302 (partial c.d.=  0.0572)
SCF ITERATION NUMBER  3
     point #   1  energy = -34.000
     point #  20  energy = -22.816
     point #  40  energy =  -9.598
     point #  60  energy =  -9.116
New Fermi level:    mu=  -9.045 eV  Charge distance=  0.0365 (partial c.d.=  0.1507)
SCF ITERATION NUMBER  4
     point #   1  energy = -34.000
     point #  20  energy = -23.020
     point #  40  energy =  -9.045
     point #  60  energy =  -9.282
New Fermi level:    mu=  -9.359 eV  Charge distance=  0.0347 (partial c.d.=  0.4701)
SCF ITERATION NUMBER  5
     point #   1  energy = -34.000
     point #  20  energy = -22.706
     point #  40  energy =  -9.359
New Fermi level:    mu=  -9.410 eV  Charge distance=  0.0071 (partial c.d.=  0.4425)
SCF ITERATION NUMBER  6
     point #   1  energy = -34.000
     point #  20  energy = -22.730
     point #  40  energy =  -9.410
New Fermi level:    mu=  -9.465 eV  Charge distance=  0.0104 (partial c.d.=  0.0371)
SCF ITERATION NUMBER  7
     point #   1  energy = -34.000
     point #  20  energy = -22.755
     point #  40  energy =  -9.465
New Fermi level:    mu=  -9.518 eV  Charge distance=  0.0013 (partial c.d.=  0.0740)
SCF ITERATION NUMBER  8
     point #   1  energy = -34.000
     point #  20  energy = -22.779
     point #  40  energy =  -9.518
New Fermi level:    mu=  -9.507 eV  Charge distance=  0.0010 (partial c.d.=  0.0094)
SCF ITERATION NUMBER  9
     point #   1  energy = -34.000
     point #  20  energy = -22.774
     point #  40  energy =  -9.507
New Fermi level:    mu=  -9.505 eV  Charge distance=  0.0027 (partial c.d.=  0.0025)
SCF ITERATION NUMBER 10
     point #   1  energy = -34.000
     point #  20  energy = -22.773
     point #  40  energy =  -9.505
New Fermi level:    mu=  -9.498 eV  Charge distance=  0.0001 (partial c.d.=  0.0040)
SCF ITERATION NUMBER 11
     point #   1  energy = -34.000
     point #  20  energy = -22.770
     point #  40  energy =  -9.498
New Fermi level:    mu=  -9.498 eV  Charge distance=  0.0001 (partial c.d.=  0.0003)
SCF ITERATION NUMBER 12
     point #   1  energy = -34.000
     point #  20  energy = -22.770
     point #  40  energy =  -9.498
New Fermi level:    mu=  -9.498 eV  Charge distance=  0.0001 (partial c.d.=  0.0002)
SCF ITERATION NUMBER 13
     point #   1  energy = -34.000
     point #  20  energy = -22.770
     point #  40  energy =  -9.498
New Fermi level:    mu=  -9.498 eV  Charge distance=  0.0000 (partial c.d.=  0.0001)
Electronic configuration
  type     l     N_el
     0     0    0.496
     0     1    0.632
     0     2    9.292
     0     3    0.000
     1     0    0.285
     1     1    6.390
     1     2    0.865
     1     3    0.000
     2     0    0.498
     2     1    0.636
     2     2    9.281
     2     3    0.000
     3     0    1.859
     3     1    4.502
     3     2    0.058
     3     3    0.000
Charge transfer:  type  charge
       0   -0.580
       1   -0.461
       2   -0.585
       3    0.419
Convergence reached in   13 iterations.
Done with module: potentials.

Calculating screened core-hole potential ...
FMS for a cluster of   22 atoms around iph =   0
    0% of energy integration
   20%
   40%
   60%
   80%
  100%
Preparing response function.
Computing (1 - K Chi0)^-1 v_ch
Done with module: screened core-hole potential.

Calculating cross-section and phases ...
    absorption cross section
 x0,dx,rnrm,inrm,jnrm   8.80000000000000       5.000000000000000E-002
   2.39163357099994              194         195
    phase shifts for unique potential    0
    phase shifts for unique potential    1
    phase shifts for unique potential    2
    phase shifts for unique potential    3
Done with module: cross-section and phases (XSPH).

FMS calculation of full Green's function ...
FEFF-serial using 1 thread.
Using   194 energy points.
xprep done
FMS for a cluster of  251 atoms
Energy point    1/ 194
Energy point   10/ 194
Energy point   20/ 194
Energy point   30/ 194
Energy point   40/ 194
Energy point   50/ 194
Energy point   60/ 194
Energy point   70/ 194
Energy point   80/ 194
Energy point   90/ 194
Energy point  100/ 194
Energy point  110/ 194
Energy point  120/ 194
Energy point  130/ 194
Energy point  140/ 194
Energy point  150/ 194
Energy point  160/ 194
Energy point  170/ 194
Energy point  180/ 194
Energy point  190/ 194
Done with module: FMS.

MKGTR: Tracing over Green's function ...
Done with module: MKGTR.

Pathfinder: finding scattering paths...
Preparing plane wave scattering amplitudes
Searching for paths
Eliminating path degeneracies
0 paths retained.
Done with module: pathfinder.

Calculating EXAFS parameters ...
Done with module: EXAFS parameters (GENFMT).

Calculating XAS spectra ...
Done with module: XAS spectra (FF2X: DW + final sum over paths).

 
### feff ends at Sun Aug 13 15:10:20 EDT 2023
 
