### feff starts at Sun Aug 13 09:26:08 EDT 2023
### Serial version
### FeffPath is /sdcc/u/mcarbone/software/JFEFF/hsw/feff90/linux
 
Launching FEFF version FEFF 9.9.1
Core hole lifetime is   1.729 eV.
Your calculation:
 comment: None given
 Source:
 Structure Summary:  Be12 Cu8 Si12 O48
 Reduced formula:  Be3Cu2(SiO4)3
 space group: (P1), space number:  (1)
 abc:  7.558856   8.012322  13.777218
 angles: 90.031427  89.960229  90.034948
 sites: 80
Cu K edge XANES using RPA corehole.
Using:     * Self-Consistent Field potentials
Using cards:   ATOMS CONTROL EXCHANGE TITLE RPATH POTENTIALS XANES EDGE SCF FMS S02 COREHOLE EGRID

Calculating atomic potentials ...
    overlapped atomic potential and density for unique potential    0
    overlapped atomic potential and density for unique potential    1
    overlapped atomic potential and density for unique potential    2
    overlapped atomic potential and density for unique potential    3
    overlapped atomic potential and density for unique potential    4
Done with module: atomic potentials.

Calculating SCF potentials ...
FEFF-serial using 1 thread.
Muffin tin radii and interstitial parameters [bohr]:
type, norman radius, muffin tin, overlap factor
    0  1.33933E+00  1.28080E+00  1.11937E+00
    1  1.10898E+00  9.59701E-01  1.15000E+00
    2  1.36192E+00  1.29850E+00  1.12864E+00
    3  1.22043E+00  1.01574E+00  1.15000E+00
    4  1.05725E+00  9.22076E-01  1.15000E+00
Core-valence separation energy:  ecv=   -40.000 eV
Initial Fermi level:              mu=     3.906 eV
SCF ITERATION NUMBER  1
     point #   1  energy = -40.000
FMS for a cluster of  141 atoms around atom type   0
FMS for a cluster of  138 atoms around atom type   1
FMS for a cluster of  129 atoms around atom type   2
FMS for a cluster of  131 atoms around atom type   3
FMS for a cluster of  139 atoms around atom type   4
     point #  20  energy = -28.794
     point #  40  energy =  -8.544
     point #  60  energy =  -4.550
     point #  80  energy =  -3.857
New Fermi level:    mu=  -3.843 eV  Charge distance=  0.8592 (partial c.d.=  5.9923)
SCF ITERATION NUMBER  1
     point #   1  energy = -40.000
FMS for a cluster of  141 atoms around atom type   0
FMS for a cluster of  138 atoms around atom type   1
FMS for a cluster of  129 atoms around atom type   2
FMS for a cluster of  131 atoms around atom type   3
FMS for a cluster of  139 atoms around atom type   4
     point #  20  energy = -28.952
     point #  40  energy =  -8.864
     point #  60  energy =  -3.843
     point #  80  energy =  -5.421
     point # 100  energy =  -9.274
     point # 120  energy =  -9.552
     point # 140  energy =  -9.802
New Fermi level:    mu=  -9.825 eV  Charge distance=  0.2330 (partial c.d.=  4.4533)
SCF ITERATION NUMBER  1
     point #   1  energy = -40.000
FMS for a cluster of  141 atoms around atom type   0
FMS for a cluster of  138 atoms around atom type   1
FMS for a cluster of  129 atoms around atom type   2
FMS for a cluster of  131 atoms around atom type   3
FMS for a cluster of  139 atoms around atom type   4
     point #  20  energy = -28.936
     point #  40  energy =  -9.825
     point #  60  energy =  -9.735
     point #  80  energy =  -8.713
     point # 100  energy =  -9.053
     point # 120  energy =  -9.303
New Fermi level:    mu=  -9.513 eV  Charge distance=  0.1146 (partial c.d.=  0.2308)
SCF ITERATION NUMBER  2
     point #   1  energy = -40.000
     point #  20  energy = -28.822
     point #  40  energy =  -9.513
     point #  60  energy =  -9.423
     point #  80  energy =  -7.432
     point # 100  energy =  -7.791
     point # 120  energy =  -8.041
New Fermi level:    mu=  -8.124 eV  Charge distance=  0.1229 (partial c.d.=  0.3835)
SCF ITERATION NUMBER  3
     point #   1  energy = -40.000
     point #  20  energy = -28.689
     point #  40  energy =  -8.124
New Fermi level:    mu=  -8.116 eV  Charge distance=  0.1319 (partial c.d.=  0.0596)
SCF ITERATION NUMBER  4
     point #   1  energy = -40.000
     point #  20  energy = -28.686
     point #  40  energy =  -8.116
     point #  60  energy =  -8.066
New Fermi level:    mu=  -7.877 eV  Charge distance=  0.0458 (partial c.d.=  0.2648)
SCF ITERATION NUMBER  5
     point #   1  energy = -40.000
     point #  20  energy = -28.958
     point #  40  energy =  -8.881
     point #  60  energy =  -7.861
     point #  80  energy =  -7.855
New Fermi level:    mu=  -8.084 eV  Charge distance=  0.0199 (partial c.d.=  0.3809)
SCF ITERATION NUMBER  6
     point #   1  energy = -40.000
     point #  20  energy = -29.029
     point #  40  energy =  -9.081
     point #  60  energy =  -8.121
New Fermi level:    mu=  -8.133 eV  Charge distance=  0.0061 (partial c.d.=  0.1284)
SCF ITERATION NUMBER  7
     point #   1  energy = -40.000
     point #  20  energy = -28.692
     point #  40  energy =  -8.133
New Fermi level:    mu=  -8.109 eV  Charge distance=  0.0029 (partial c.d.=  0.0633)
SCF ITERATION NUMBER  8
     point #   1  energy = -40.000
     point #  20  energy = -28.684
     point #  40  energy =  -8.109
New Fermi level:    mu=  -8.130 eV  Charge distance=  0.0025 (partial c.d.=  0.0186)
SCF ITERATION NUMBER  9
     point #   1  energy = -40.000
     point #  20  energy = -28.691
     point #  40  energy =  -8.130
New Fermi level:    mu=  -8.138 eV  Charge distance=  0.0034 (partial c.d.=  0.0013)
SCF ITERATION NUMBER 10
     point #   1  energy = -40.000
     point #  20  energy = -28.694
     point #  40  energy =  -8.138
New Fermi level:    mu=  -8.140 eV  Charge distance=  0.0009 (partial c.d.=  0.0045)
SCF ITERATION NUMBER 11
     point #   1  energy = -40.000
     point #  20  energy = -28.695
     point #  40  energy =  -8.140
New Fermi level:    mu=  -8.140 eV  Charge distance=  0.0007 (partial c.d.=  0.0110)
SCF ITERATION NUMBER 12
     point #   1  energy = -40.000
     point #  20  energy = -28.695
     point #  40  energy =  -8.140
New Fermi level:    mu=  -8.140 eV  Charge distance=  0.0004 (partial c.d.=  0.0049)
SCF ITERATION NUMBER 13
     point #   1  energy = -40.000
     point #  20  energy = -28.695
     point #  40  energy =  -8.140
New Fermi level:    mu=  -8.139 eV  Charge distance=  0.0001 (partial c.d.=  0.0023)
SCF ITERATION NUMBER 14
     point #   1  energy = -40.000
     point #  20  energy = -28.694
     point #  40  energy =  -8.139
New Fermi level:    mu=  -8.139 eV  Charge distance=  0.0001 (partial c.d.=  0.0008)
SCF ITERATION NUMBER 15
     point #   1  energy = -40.000
     point #  20  energy = -28.694
     point #  40  energy =  -8.139
New Fermi level:    mu=  -8.138 eV  Charge distance=  0.0000 (partial c.d.=  0.0001)
Electronic configuration
  type     l     N_el
     0     0    0.399
     0     1    0.554
     0     2    9.579
     0     3    0.000
     1     0    0.526
     1     1    1.111
     1     2    0.000
     1     3    0.000
     2     0    0.404
     2     1    0.552
     2     2    9.620
     2     3    0.000
     3     0    0.970
     3     1    1.610
     3     2    0.911
     3     3    0.000
     4     0    1.813
     4     1    4.425
     4     2    0.051
     4     3    0.000
Charge transfer:  type  charge
       0   -0.468
       1   -0.364
       2   -0.424
       3   -0.509
       4    0.289
Convergence reached in   15 iterations.
Done with module: potentials.

Calculating screened core-hole potential ...
FMS for a cluster of   28 atoms around iph =   0
    0% of energy integration
   20%
   40%
   60%
   80%
  100%
Preparing response function.
Computing (1 - K Chi0)^-1 v_ch
Done with module: screened core-hole potential.

Calculating cross-section and phases ...
    absorption cross section
 x0,dx,rnrm,inrm,jnrm   8.80000000000000       5.000000000000000E-002
   2.53097580899981              195         196
    phase shifts for unique potential    0
    phase shifts for unique potential    1
    phase shifts for unique potential    2
    phase shifts for unique potential    3
    phase shifts for unique potential    4
Done with module: cross-section and phases (XSPH).

FMS calculation of full Green's function ...
FEFF-serial using 1 thread.
Using   194 energy points.
xprep done
FMS for a cluster of  291 atoms
Energy point    1/ 194
Energy point   10/ 194
Energy point   20/ 194
Energy point   30/ 194
Energy point   40/ 194
Energy point   50/ 194
Energy point   60/ 194
Energy point   70/ 194
Energy point   80/ 194
Energy point   90/ 194
Energy point  100/ 194
Energy point  110/ 194
Energy point  120/ 194
Energy point  130/ 194
Energy point  140/ 194
Energy point  150/ 194
Energy point  160/ 194
Energy point  170/ 194
Energy point  180/ 194
Energy point  190/ 194
Done with module: FMS.

MKGTR: Tracing over Green's function ...
Done with module: MKGTR.

Pathfinder: finding scattering paths...
Preparing plane wave scattering amplitudes
Searching for paths
Eliminating path degeneracies
0 paths retained.
Done with module: pathfinder.

Calculating EXAFS parameters ...
Done with module: EXAFS parameters (GENFMT).

Calculating XAS spectra ...
Done with module: XAS spectra (FF2X: DW + final sum over paths).

 
### feff ends at Sun Aug 13 12:23:05 EDT 2023
 
