### feff starts at Mon Aug 14 07:25:47 EDT 2023
### Serial version
### FeffPath is /sdcc/u/mcarbone/software/JFEFF/hsw/feff90/linux
 
Launching FEFF version FEFF 9.9.1
Core hole lifetime is   1.729 eV.
Your calculation:
 comment: None given
 Source:
 Structure Summary:  Li12 Cr12 Cu8 O48
 Reduced formula:  Li3Cr3(CuO6)2
 space group: (P2_1/c), space number:  (14)
 abc:  9.178733   8.842220  15.039244
 angles: 56.611590  90.000000  90.000000
 sites: 80
Cu K edge XANES using RPA corehole.
Using:     * Self-Consistent Field potentials
Using cards:   ATOMS CONTROL EXCHANGE TITLE RPATH POTENTIALS XANES EDGE SCF FMS S02 COREHOLE EGRID

Calculating atomic potentials ...
    overlapped atomic potential and density for unique potential    0
    overlapped atomic potential and density for unique potential    1
    overlapped atomic potential and density for unique potential    2
    overlapped atomic potential and density for unique potential    3
    overlapped atomic potential and density for unique potential    4
Done with module: atomic potentials.

Calculating SCF potentials ...
FEFF-serial using 1 thread.
Muffin tin radii and interstitial parameters [bohr]:
type, norman radius, muffin tin, overlap factor
    0  1.35125E+00  1.29084E+00  1.12259E+00
    1  1.35359E+00  1.29040E+00  1.12901E+00
    2  1.24988E+00  1.03763E+00  1.15000E+00
    3  1.34721E+00  1.28307E+00  1.13204E+00
    4  1.07901E+00  9.18183E-01  1.15000E+00
Core-valence separation energy:  ecv=   -57.000 eV
Initial Fermi level:              mu=     2.811 eV
SCF ITERATION NUMBER  1
     point #   1  energy = -57.000
FMS for a cluster of  121 atoms around atom type   0
FMS for a cluster of  109 atoms around atom type   1
FMS for a cluster of  100 atoms around atom type   2
FMS for a cluster of   86 atoms around atom type   3
FMS for a cluster of  118 atoms around atom type   4
     point #  20  energy = -45.263
     point #  40  energy = -25.013
     point #  60  energy =  -8.710
     point #  80  energy =  -6.728
 Found bad counts.
  Occupation number in getorb is    10.000
  Will repeat this iteration.
 Found bad counts.
  Occupation number in getorb is    10.000
  Will repeat this iteration.
New Fermi level:    mu=  -6.738 eV  Charge distance=  1.8563 (partial c.d.=  7.2130)
SCF ITERATION NUMBER  1
     point #   1  energy = -57.000
FMS for a cluster of  121 atoms around atom type   0
FMS for a cluster of  109 atoms around atom type   1
FMS for a cluster of  100 atoms around atom type   2
FMS for a cluster of   86 atoms around atom type   3
FMS for a cluster of  118 atoms around atom type   4
     point #  20  energy = -45.942
     point #  40  energy = -25.838
     point #  60  energy =  -6.738
     point #  80  energy =  -6.835
New Fermi level:    mu=  -6.886 eV  Charge distance=  0.7010 (partial c.d.=  9.4922)
SCF ITERATION NUMBER  1
     point #   1  energy = -57.000
FMS for a cluster of  121 atoms around atom type   0
FMS for a cluster of  109 atoms around atom type   1
FMS for a cluster of  100 atoms around atom type   2
FMS for a cluster of   86 atoms around atom type   3
FMS for a cluster of  118 atoms around atom type   4
     point #  20  energy = -45.750
     point #  40  energy = -25.295
     point #  60  energy =  -6.886
     point #  80  energy =  -6.976
     point # 100  energy =  -9.214
New Fermi level:    mu=  -8.812 eV  Charge distance=  0.3228 (partial c.d.=  2.9875)
SCF ITERATION NUMBER  2
     point #   1  energy = -57.000
     point #  20  energy = -45.957
     point #  40  energy = -25.878
     point #  60  energy =  -8.812
     point #  80  energy =  -8.643
New Fermi level:    mu=  -8.149 eV  Charge distance=  0.2894 (partial c.d.=  0.8521)
SCF ITERATION NUMBER  3
     point #   1  energy = -57.000
     point #  20  energy = -45.805
     point #  40  energy = -25.451
     point #  60  energy =  -8.149
     point #  80  energy =  -8.303
New Fermi level:    mu=  -8.376 eV  Charge distance=  0.2134 (partial c.d.=  5.1566)
SCF ITERATION NUMBER  4
     point #   1  energy = -57.000
     point #  20  energy = -45.857
     point #  40  energy = -25.597
     point #  60  energy =  -8.376
     point #  80  energy =  -8.463
New Fermi level:    mu=  -8.456 eV  Charge distance=  0.0651 (partial c.d.=  5.0345)
SCF ITERATION NUMBER  5
     point #   1  energy = -57.000
     point #  20  energy = -45.875
     point #  40  energy = -25.649
     point #  60  energy =  -8.456
New Fermi level:    mu=  -8.449 eV  Charge distance=  0.1117 (partial c.d.=  0.1545)
SCF ITERATION NUMBER  6
     point #   1  energy = -57.000
     point #  20  energy = -45.874
     point #  40  energy = -25.644
     point #  60  energy =  -8.449
     point #  80  energy =  -8.537
New Fermi level:    mu=  -8.531 eV  Charge distance=  0.0201 (partial c.d.=  0.4399)
SCF ITERATION NUMBER  7
     point #   1  energy = -57.000
     point #  20  energy = -45.893
     point #  40  energy = -25.697
     point #  60  energy =  -8.531
New Fermi level:    mu=  -8.538 eV  Charge distance=  0.0263 (partial c.d.=  0.3039)
SCF ITERATION NUMBER  8
     point #   1  energy = -57.000
     point #  20  energy = -45.894
     point #  40  energy = -25.701
     point #  60  energy =  -8.538
New Fermi level:    mu=  -8.486 eV  Charge distance=  0.0045 (partial c.d.=  0.1836)
SCF ITERATION NUMBER  9
     point #   1  energy = -57.000
     point #  20  energy = -45.882
     point #  40  energy = -25.668
     point #  60  energy =  -8.486
New Fermi level:    mu=  -8.508 eV  Charge distance=  0.0043 (partial c.d.=  0.0712)
SCF ITERATION NUMBER 10
     point #   1  energy = -57.000
     point #  20  energy = -45.887
     point #  40  energy = -25.682
     point #  60  energy =  -8.508
New Fermi level:    mu=  -8.509 eV  Charge distance=  0.0017 (partial c.d.=  0.0276)
SCF ITERATION NUMBER 11
     point #   1  energy = -57.000
     point #  20  energy = -45.887
     point #  40  energy = -25.683
     point #  60  energy =  -8.509
New Fermi level:    mu=  -8.505 eV  Charge distance=  0.0014 (partial c.d.=  0.0104)
SCF ITERATION NUMBER 12
     point #   1  energy = -57.000
     point #  20  energy = -45.887
     point #  40  energy = -25.680
     point #  60  energy =  -8.505
New Fermi level:    mu=  -8.502 eV  Charge distance=  0.0018 (partial c.d.=  0.0029)
SCF ITERATION NUMBER 13
     point #   1  energy = -57.000
     point #  20  energy = -45.886
     point #  40  energy = -25.679
     point #  60  energy =  -8.502
New Fermi level:    mu=  -8.500 eV  Charge distance=  0.0001 (partial c.d.=  0.0029)
SCF ITERATION NUMBER 14
     point #   1  energy = -57.000
     point #  20  energy = -45.885
     point #  40  energy = -25.677
     point #  60  energy =  -8.500
New Fermi level:    mu=  -8.500 eV  Charge distance=  0.0003 (partial c.d.=  0.0006)
SCF ITERATION NUMBER 15
     point #   1  energy = -57.000
     point #  20  energy = -45.885
     point #  40  energy = -25.677
     point #  60  energy =  -8.500
New Fermi level:    mu=  -8.501 eV  Charge distance=  0.0001 (partial c.d.=  0.0015)
SCF ITERATION NUMBER 16
     point #   1  energy = -57.000
     point #  20  energy = -45.886
     point #  40  energy = -25.678
     point #  60  energy =  -8.501
New Fermi level:    mu=  -8.501 eV  Charge distance=  0.0000 (partial c.d.=  0.0003)
SCF ITERATION NUMBER 17
     point #   1  energy = -57.000
     point #  20  energy = -45.886
     point #  40  energy = -25.678
     point #  60  energy =  -8.501
New Fermi level:    mu=  -8.501 eV  Charge distance=  0.0000 (partial c.d.=  0.0001)
Electronic configuration
  type     l     N_el
     0     0    0.405
     0     1    0.521
     0     2    9.498
     0     3    0.000
     1     0    2.238
     1     1    0.472
     1     2    0.000
     1     3    0.000
     2     0    0.502
     2     1    6.686
     2     2    4.536
     2     3    0.000
     3     0    0.419
     3     1    0.527
     3     2    9.487
     3     3    0.000
     4     0    1.855
     4     1    4.262
     4     2    0.119
     4     3    0.000
Charge transfer:  type  charge
       0   -0.576
       1   -0.290
       2   -0.276
       3   -0.567
       4    0.236
Convergence reached in   17 iterations.
Done with module: potentials.

Calculating screened core-hole potential ...
FMS for a cluster of   21 atoms around iph =   0
    0% of energy integration
   20%
   40%
   60%
   80%
  100%
Preparing response function.
Computing (1 - K Chi0)^-1 v_ch
Done with module: screened core-hole potential.

Calculating cross-section and phases ...
    absorption cross section
 x0,dx,rnrm,inrm,jnrm   8.80000000000000       5.000000000000000E-002
   2.55349854800021              195         196
    phase shifts for unique potential    0
    phase shifts for unique potential    1
    phase shifts for unique potential    2
    phase shifts for unique potential    3
    phase shifts for unique potential    4
Done with module: cross-section and phases (XSPH).

FMS calculation of full Green's function ...
FEFF-serial using 1 thread.
Using   194 energy points.
xprep done
FMS for a cluster of  239 atoms
Energy point    1/ 194
Energy point   10/ 194
Energy point   20/ 194
Energy point   30/ 194
Energy point   40/ 194
Energy point   50/ 194
Energy point   60/ 194
Energy point   70/ 194
Energy point   80/ 194
Energy point   90/ 194
Energy point  100/ 194
Energy point  110/ 194
Energy point  120/ 194
Energy point  130/ 194
Energy point  140/ 194
Energy point  150/ 194
Energy point  160/ 194
Energy point  170/ 194
Energy point  180/ 194
Energy point  190/ 194
Done with module: FMS.

MKGTR: Tracing over Green's function ...
Done with module: MKGTR.

Pathfinder: finding scattering paths...
Preparing plane wave scattering amplitudes
Searching for paths
Eliminating path degeneracies
0 paths retained.
Done with module: pathfinder.

Calculating EXAFS parameters ...
Done with module: EXAFS parameters (GENFMT).

Calculating XAS spectra ...
Done with module: XAS spectra (FF2X: DW + final sum over paths).

 
### feff ends at Mon Aug 14 09:15:44 EDT 2023
 
