### feff starts at Sun Aug 13 23:46:20 EDT 2023
### Serial version
### FeffPath is /sdcc/u/mcarbone/software/JFEFF/hsw/feff90/linux
 
Launching FEFF version FEFF 9.9.1
Resetting lmaxsc to 2 for iph =    1.  Use  UNFREEZE to prevent this.
Core hole lifetime is   1.729 eV.
Your calculation:
 comment: None given
 Source:
 Structure Summary:  Ba28 Sr4 Cu32 O80
 Reduced formula:  Ba7Sr(Cu2O5)4
 space group: (P1), space number:  (1)
 abc: 11.356433  11.344137  18.781328
 angles:107.586138 107.611180  90.022309
 sites: 144
Cu K edge XANES using RPA corehole.
Using:     * Self-Consistent Field potentials
Using cards:   ATOMS CONTROL EXCHANGE TITLE RPATH POTENTIALS XANES EDGE SCF FMS S02 COREHOLE EGRID

Calculating atomic potentials ...
    overlapped atomic potential and density for unique potential    0
    overlapped atomic potential and density for unique potential    1
    overlapped atomic potential and density for unique potential    2
    overlapped atomic potential and density for unique potential    3
    overlapped atomic potential and density for unique potential    4
Done with module: atomic potentials.

Calculating SCF potentials ...
FEFF-serial using 1 thread.
Muffin tin radii and interstitial parameters [bohr]:
type, norman radius, muffin tin, overlap factor
    0  1.25405E+00  1.11483E+00  1.15000E+00
    1  1.99501E+00  1.93176E+00  1.08272E+00
    2  1.87749E+00  1.80728E+00  1.09969E+00
    3  1.25485E+00  1.11573E+00  1.15000E+00
    4  1.14358E+00  1.08810E+00  1.13505E+00
Core-valence separation energy:  ecv=   -48.000 eV
Initial Fermi level:              mu=    -1.320 eV
SCF ITERATION NUMBER  1
     point #   1  energy = -48.000
FMS for a cluster of  105 atoms around atom type   0
FMS for a cluster of   88 atoms around atom type   1
FMS for a cluster of   60 atoms around atom type   2
FMS for a cluster of   93 atoms around atom type   3
FMS for a cluster of   92 atoms around atom type   4
     point #  20  energy = -36.844
     point #  40  energy = -16.594
     point #  60  energy =  -6.057
     point #  80  energy =  -5.154
New Fermi level:    mu=  -5.139 eV  Charge distance=  0.8654 (partial c.d.=  6.4964)
SCF ITERATION NUMBER  1
     point #   1  energy = -48.000
FMS for a cluster of  105 atoms around atom type   0
FMS for a cluster of   88 atoms around atom type   1
FMS for a cluster of   60 atoms around atom type   2
FMS for a cluster of   93 atoms around atom type   3
FMS for a cluster of   92 atoms around atom type   4
     point #  20  energy = -36.775
     point #  40  energy = -16.365
     point #  60  energy =  -5.139
     point #  80  energy =  -5.774
     point # 100  energy = -10.439
     point # 120  energy = -11.061
New Fermi level:    mu= -11.093 eV  Charge distance=  0.2408 (partial c.d.=  4.4896)
SCF ITERATION NUMBER  1
     point #   1  energy = -48.000
FMS for a cluster of  105 atoms around atom type   0
FMS for a cluster of   88 atoms around atom type   1
FMS for a cluster of   60 atoms around atom type   2
FMS for a cluster of   93 atoms around atom type   3
FMS for a cluster of   92 atoms around atom type   4
     point #  20  energy = -36.723
     point #  40  energy = -16.219
     point #  60  energy = -11.093
     point #  80  energy =  -9.987
New Fermi level:    mu= -10.222 eV  Charge distance=  0.1391 (partial c.d.=  0.7035)
SCF ITERATION NUMBER  2
     point #   1  energy = -48.000
     point #  20  energy = -36.769
     point #  40  energy = -16.348
     point #  60  energy = -10.222
     point #  80  energy =  -9.528
New Fermi level:    mu=  -9.667 eV  Charge distance=  0.4311 (partial c.d.=  0.1608)
SCF ITERATION NUMBER  3
     point #   1  energy = -48.000
     point #  20  energy = -36.903
     point #  40  energy = -16.728
     point #  60  energy =  -9.667
     point #  80  energy =  -9.260
New Fermi level:    mu=  -9.331 eV  Charge distance=  0.0480 (partial c.d.=  0.2481)
SCF ITERATION NUMBER  4
     point #   1  energy = -48.000
     point #  20  energy = -36.806
     point #  40  energy = -16.454
     point #  60  energy =  -9.331
New Fermi level:    mu=  -9.368 eV  Charge distance=  0.0671 (partial c.d.=  0.5974)
SCF ITERATION NUMBER  5
     point #   1  energy = -48.000
     point #  20  energy = -36.817
     point #  40  energy = -16.484
     point #  60  energy =  -9.368
New Fermi level:    mu=  -9.467 eV  Charge distance=  0.0221 (partial c.d.=  0.6823)
SCF ITERATION NUMBER  6
     point #   1  energy = -48.000
     point #  20  energy = -36.846
     point #  40  energy = -16.565
     point #  60  energy =  -9.467
New Fermi level:    mu=  -9.548 eV  Charge distance=  0.0045 (partial c.d.=  0.2703)
SCF ITERATION NUMBER  7
     point #   1  energy = -48.000
     point #  20  energy = -36.869
     point #  40  energy = -16.631
     point #  60  energy =  -9.548
New Fermi level:    mu=  -9.560 eV  Charge distance=  0.0020 (partial c.d.=  0.0248)
SCF ITERATION NUMBER  8
     point #   1  energy = -48.000
     point #  20  energy = -36.873
     point #  40  energy = -16.641
     point #  60  energy =  -9.560
New Fermi level:    mu=  -9.577 eV  Charge distance=  0.0008 (partial c.d.=  0.0298)
SCF ITERATION NUMBER  9
     point #   1  energy = -48.000
     point #  20  energy = -36.878
     point #  40  energy = -16.655
     point #  60  energy =  -9.577
New Fermi level:    mu=  -9.574 eV  Charge distance=  0.0017 (partial c.d.=  0.0028)
SCF ITERATION NUMBER 10
     point #   1  energy = -48.000
     point #  20  energy = -36.877
     point #  40  energy = -16.652
     point #  60  energy =  -9.574
New Fermi level:    mu=  -9.570 eV  Charge distance=  0.0010 (partial c.d.=  0.0026)
SCF ITERATION NUMBER 11
     point #   1  energy = -48.000
     point #  20  energy = -36.875
     point #  40  energy = -16.649
     point #  60  energy =  -9.570
New Fermi level:    mu=  -9.569 eV  Charge distance=  0.0001 (partial c.d.=  0.0020)
SCF ITERATION NUMBER 12
     point #   1  energy = -48.000
     point #  20  energy = -36.875
     point #  40  energy = -16.649
     point #  60  energy =  -9.569
New Fermi level:    mu=  -9.570 eV  Charge distance=  0.0001 (partial c.d.=  0.0007)
SCF ITERATION NUMBER 13
     point #   1  energy = -48.000
     point #  20  energy = -36.875
     point #  40  energy = -16.649
     point #  60  energy =  -9.570
New Fermi level:    mu=  -9.570 eV  Charge distance=  0.0002 (partial c.d.=  0.0002)
SCF ITERATION NUMBER 14
     point #   1  energy = -48.000
     point #  20  energy = -36.875
     point #  40  energy = -16.649
     point #  60  energy =  -9.570
New Fermi level:    mu=  -9.570 eV  Charge distance=  0.0000 (partial c.d.=  0.0001)
Electronic configuration
  type     l     N_el
     0     0    0.510
     0     1    0.661
     0     2    9.234
     0     3    0.000
     1     0    2.255
     1     1    6.299
     1     2    1.003
     1     3    0.000
     2     0    2.294
     2     1    6.413
     2     2    0.852
     2     3    0.000
     3     0    0.510
     3     1    0.662
     3     2    9.235
     3     3    0.000
     4     0    1.870
     4     1    4.489
     4     2    0.055
     4     3    0.000
Charge transfer:  type  charge
       0   -0.594
       1   -0.443
       2   -0.441
       3   -0.593
       4    0.414
Convergence reached in   14 iterations.
Done with module: potentials.

Calculating screened core-hole potential ...
FMS for a cluster of   15 atoms around iph =   0
    0% of energy integration
   20%
   40%
   60%
   80%
  100%
Preparing response function.
Computing (1 - K Chi0)^-1 v_ch
Done with module: screened core-hole potential.

Calculating cross-section and phases ...
    absorption cross section
 x0,dx,rnrm,inrm,jnrm   8.80000000000000       5.000000000000000E-002
   2.36980204500008              194         195
    phase shifts for unique potential    0
    phase shifts for unique potential    1
    phase shifts for unique potential    2
    phase shifts for unique potential    3
    phase shifts for unique potential    4
Done with module: cross-section and phases (XSPH).

FMS calculation of full Green's function ...
FEFF-serial using 1 thread.
Using   194 energy points.
xprep done
FMS for a cluster of  206 atoms
Energy point    1/ 194
Energy point   10/ 194
Energy point   20/ 194
Energy point   30/ 194
Energy point   40/ 194
Energy point   50/ 194
Energy point   60/ 194
Energy point   70/ 194
Energy point   80/ 194
Energy point   90/ 194
Energy point  100/ 194
Energy point  110/ 194
Energy point  120/ 194
Energy point  130/ 194
Energy point  140/ 194
Energy point  150/ 194
Energy point  160/ 194
Energy point  170/ 194
Energy point  180/ 194
Energy point  190/ 194
Done with module: FMS.

MKGTR: Tracing over Green's function ...
Done with module: MKGTR.

Pathfinder: finding scattering paths...
Preparing plane wave scattering amplitudes
Searching for paths
Eliminating path degeneracies
0 paths retained.
Done with module: pathfinder.

Calculating EXAFS parameters ...
Done with module: EXAFS parameters (GENFMT).

Calculating XAS spectra ...
Done with module: XAS spectra (FF2X: DW + final sum over paths).

 
### feff ends at Mon Aug 14 01:01:05 EDT 2023
 
