### feff starts at Mon Aug 14 10:28:30 EDT 2023
### Serial version
### FeffPath is /sdcc/u/mcarbone/software/JFEFF/hsw/feff90/linux
 
Launching FEFF version FEFF 9.9.1
Resetting lmaxsc to 2 for iph =    1.  Use  UNFREEZE to prevent this.
Core hole lifetime is   1.729 eV.
Your calculation:
 comment: None given
 Source:
 Structure Summary:  Ba8 Cu12 O24
 Reduced formula:  Ba2(CuO2)3
 space group: (P2/m), space number:  (10)
 abc:  7.593112   8.271778  12.173242
 angles: 70.441968  90.000000  90.000000
 sites: 44
Cu K edge XANES using RPA corehole.
Using:     * Self-Consistent Field potentials
Using cards:   ATOMS CONTROL EXCHANGE TITLE RPATH POTENTIALS XANES EDGE SCF FMS S02 COREHOLE EGRID

Calculating atomic potentials ...
    overlapped atomic potential and density for unique potential    0
    overlapped atomic potential and density for unique potential    1
    overlapped atomic potential and density for unique potential    2
    overlapped atomic potential and density for unique potential    3
Done with module: atomic potentials.

Calculating SCF potentials ...
FEFF-serial using 1 thread.
Muffin tin radii and interstitial parameters [bohr]:
type, norman radius, muffin tin, overlap factor
    0  1.27171E+00  1.14925E+00  1.15000E+00
    1  2.02325E+00  1.94502E+00  1.10356E+00
    2  1.27171E+00  1.14925E+00  1.15000E+00
    3  1.11962E+00  1.05450E+00  1.15000E+00
Core-valence separation energy:  ecv=   -41.000 eV
Initial Fermi level:              mu=    -0.960 eV
SCF ITERATION NUMBER  1
     point #   1  energy = -41.000
FMS for a cluster of   87 atoms around atom type   0
FMS for a cluster of   80 atoms around atom type   1
FMS for a cluster of   85 atoms around atom type   2
FMS for a cluster of   85 atoms around atom type   3
     point #  20  energy = -29.955
     point #  40  energy =  -9.705
     point #  60  energy =  -4.592
     point #  80  energy =  -4.461
New Fermi level:    mu=  -4.473 eV  Charge distance=  0.7468 (partial c.d.=  6.5150)
SCF ITERATION NUMBER  1
     point #   1  energy = -41.000
FMS for a cluster of   87 atoms around atom type   0
FMS for a cluster of   80 atoms around atom type   1
FMS for a cluster of   85 atoms around atom type   2
FMS for a cluster of   85 atoms around atom type   3
     point #  20  energy = -29.839
     point #  40  energy =  -9.546
     point #  60  energy =  -4.473
     point #  80  energy =  -6.051
     point # 100  energy =  -9.691
New Fermi level:    mu= -10.188 eV  Charge distance=  0.2188 (partial c.d.=  3.9205)
SCF ITERATION NUMBER  1
     point #   1  energy = -41.000
FMS for a cluster of   87 atoms around atom type   0
FMS for a cluster of   80 atoms around atom type   1
FMS for a cluster of   85 atoms around atom type   2
FMS for a cluster of   85 atoms around atom type   3
     point #  20  energy = -29.702
     point #  40  energy = -10.188
     point #  60  energy = -10.098
     point #  80  energy =  -8.670
New Fermi level:    mu=  -8.771 eV  Charge distance=  0.1551 (partial c.d.=  0.6122)
SCF ITERATION NUMBER  2
     point #   1  energy = -41.000
     point #  20  energy = -29.921
     point #  40  energy =  -9.778
     point #  60  energy =  -8.730
     point #  80  energy =  -8.149
New Fermi level:    mu=  -8.162 eV  Charge distance=  0.4217 (partial c.d.=  0.1901)
SCF ITERATION NUMBER  3
     point #   1  energy = -41.000
     point #  20  energy = -29.712
     point #  40  energy =  -9.188
     point #  60  energy =  -8.121
New Fermi level:    mu=  -7.907 eV  Charge distance=  0.1233 (partial c.d.=  0.5329)
SCF ITERATION NUMBER  4
     point #   1  energy = -41.000
     point #  20  energy = -29.969
     point #  40  energy =  -9.913
     point #  60  energy =  -7.920
New Fermi level:    mu=  -8.060 eV  Charge distance=  0.0986 (partial c.d.=  1.6163)
SCF ITERATION NUMBER  5
     point #   1  energy = -41.000
     point #  20  energy = -30.020
     point #  40  energy = -10.057
     point #  60  energy =  -8.035
New Fermi level:    mu=  -8.026 eV  Charge distance=  0.0257 (partial c.d.=  1.5490)
SCF ITERATION NUMBER  6
     point #   1  energy = -41.000
     point #  20  energy = -30.009
     point #  40  energy = -10.024
     point #  60  energy =  -8.051
New Fermi level:    mu=  -8.105 eV  Charge distance=  0.0231 (partial c.d.=  0.2140)
SCF ITERATION NUMBER  7
     point #   1  energy = -41.000
     point #  20  energy = -29.692
     point #  40  energy =  -9.133
     point #  60  energy =  -8.068
New Fermi level:    mu=  -8.008 eV  Charge distance=  0.0074 (partial c.d.=  0.1480)
SCF ITERATION NUMBER  8
     point #   1  energy = -41.000
     point #  20  energy = -30.003
     point #  40  energy = -10.007
     point #  60  energy =  -8.033
New Fermi level:    mu=  -8.098 eV  Charge distance=  0.0053 (partial c.d.=  0.4790)
SCF ITERATION NUMBER  9
     point #   1  energy = -41.000
     point #  20  energy = -29.690
     point #  40  energy =  -9.127
New Fermi level:    mu=  -8.095 eV  Charge distance=  0.0035 (partial c.d.=  0.2318)
SCF ITERATION NUMBER 10
     point #   1  energy = -41.000
     point #  20  energy = -29.689
     point #  40  energy =  -9.123
New Fermi level:    mu=  -8.075 eV  Charge distance=  0.0016 (partial c.d.=  0.3042)
SCF ITERATION NUMBER 11
     point #   1  energy = -41.000
     point #  20  energy = -30.025
     point #  40  energy = -10.070
New Fermi level:    mu=  -8.083 eV  Charge distance=  0.0018 (partial c.d.=  0.0527)
SCF ITERATION NUMBER 12
     point #   1  energy = -41.000
     point #  20  energy = -30.028
     point #  40  energy = -10.078
New Fermi level:    mu=  -8.074 eV  Charge distance=  0.0017 (partial c.d.=  0.0111)
SCF ITERATION NUMBER 13
     point #   1  energy = -41.000
     point #  20  energy = -30.025
     point #  40  energy = -10.070
New Fermi level:    mu=  -8.077 eV  Charge distance=  0.0053 (partial c.d.=  0.0198)
SCF ITERATION NUMBER 14
     point #   1  energy = -41.000
     point #  20  energy = -30.026
     point #  40  energy = -10.072
New Fermi level:    mu=  -8.071 eV  Charge distance=  0.0006 (partial c.d.=  0.0772)
SCF ITERATION NUMBER 15
     point #   1  energy = -41.000
     point #  20  energy = -30.024
     point #  40  energy = -10.067
New Fermi level:    mu=  -8.073 eV  Charge distance=  0.0002 (partial c.d.=  0.0092)
SCF ITERATION NUMBER 16
     point #   1  energy = -41.000
     point #  20  energy = -30.024
     point #  40  energy = -10.068
New Fermi level:    mu=  -8.072 eV  Charge distance=  0.0001 (partial c.d.=  0.0036)
SCF ITERATION NUMBER 17
     point #   1  energy = -41.000
     point #  20  energy = -30.024
     point #  40  energy = -10.067
New Fermi level:    mu=  -8.072 eV  Charge distance=  0.0000 (partial c.d.=  0.0023)
SCF ITERATION NUMBER 18
     point #   1  energy = -41.000
     point #  20  energy = -30.024
     point #  40  energy = -10.067
New Fermi level:    mu=  -8.072 eV  Charge distance=  0.0001 (partial c.d.=  0.0001)
Electronic configuration
  type     l     N_el
     0     0    0.521
     0     1    0.642
     0     2    9.346
     0     3    0.000
     1     0    2.273
     1     1    6.325
     1     2    1.014
     1     3    0.000
     2     0    0.521
     2     1    0.642
     2     2    9.348
     2     3    0.000
     3     0    1.878
     3     1    4.420
     3     2    0.076
     3     3    0.000
Charge transfer:  type  charge
       0   -0.489
       1   -0.388
       2   -0.489
       3    0.374
Convergence reached in   18 iterations.
Done with module: potentials.

Calculating screened core-hole potential ...
FMS for a cluster of   13 atoms around iph =   0
    0% of energy integration
   20%
   40%
   60%
   80%
  100%
Preparing response function.
Computing (1 - K Chi0)^-1 v_ch
Done with module: screened core-hole potential.

Calculating cross-section and phases ...
    absorption cross section
 x0,dx,rnrm,inrm,jnrm   8.80000000000000       5.000000000000000E-002
   2.40318463700016              194         195
    phase shifts for unique potential    0
    phase shifts for unique potential    1
    phase shifts for unique potential    2
    phase shifts for unique potential    3
Done with module: cross-section and phases (XSPH).

FMS calculation of full Green's function ...
FEFF-serial using 1 thread.
Using   194 energy points.
xprep done
FMS for a cluster of  190 atoms
Energy point    1/ 194
Energy point   10/ 194
Energy point   20/ 194
Energy point   30/ 194
Energy point   40/ 194
Energy point   50/ 194
Energy point   60/ 194
Energy point   70/ 194
Energy point   80/ 194
Energy point   90/ 194
Energy point  100/ 194
Energy point  110/ 194
Energy point  120/ 194
Energy point  130/ 194
Energy point  140/ 194
Energy point  150/ 194
Energy point  160/ 194
Energy point  170/ 194
Energy point  180/ 194
Energy point  190/ 194
Done with module: FMS.

MKGTR: Tracing over Green's function ...
Done with module: MKGTR.

Pathfinder: finding scattering paths...
Preparing plane wave scattering amplitudes
Searching for paths
Eliminating path degeneracies
0 paths retained.
Done with module: pathfinder.

Calculating EXAFS parameters ...
Done with module: EXAFS parameters (GENFMT).

Calculating XAS spectra ...
Done with module: XAS spectra (FF2X: DW + final sum over paths).

 
### feff ends at Mon Aug 14 11:24:37 EDT 2023
 
