### feff starts at Mon Aug 14 05:34:17 EDT 2023
### Serial version
### FeffPath is /sdcc/u/mcarbone/software/JFEFF/hsw/feff90/linux
 
Launching FEFF version FEFF 9.9.1
Core hole lifetime is   1.729 eV.
Your calculation:
 comment: None given
 Source:
 Structure Summary:  Cu4 Te8 O20
 Reduced formula:  CuTe2O5
 space group: (P2_1/c), space number:  (14)
 abc:  9.502240   6.974619   7.652951
 angles: 72.289856  90.000000  90.000000
 sites: 32
Cu K edge XANES using RPA corehole.
Using:     * Self-Consistent Field potentials
Using cards:   ATOMS CONTROL EXCHANGE TITLE RPATH POTENTIALS XANES EDGE SCF FMS S02 COREHOLE EGRID

Calculating atomic potentials ...
    overlapped atomic potential and density for unique potential    0
    overlapped atomic potential and density for unique potential    1
    overlapped atomic potential and density for unique potential    2
    overlapped atomic potential and density for unique potential    3
Done with module: atomic potentials.

Calculating SCF potentials ...
FEFF-serial using 1 thread.
Muffin tin radii and interstitial parameters [bohr]:
type, norman radius, muffin tin, overlap factor
    0  1.34369E+00  1.24903E+00  1.15000E+00
    1  1.34369E+00  1.24903E+00  1.15000E+00
    2  1.51886E+00  1.29636E+00  1.15000E+00
    3  1.09561E+00  9.46503E-01  1.15000E+00
Core-valence separation energy:  ecv=   -31.500 eV
Initial Fermi level:              mu=     4.172 eV
SCF ITERATION NUMBER  1
     point #   1  energy = -31.500
FMS for a cluster of  102 atoms around atom type   0
FMS for a cluster of   93 atoms around atom type   1
FMS for a cluster of   92 atoms around atom type   2
FMS for a cluster of   93 atoms around atom type   3
     point #  20  energy = -20.309
     point #  40  energy =  -4.212
     point #  60  energy =  -3.496
New Fermi level:    mu=  -3.620 eV  Charge distance=  0.6940 (partial c.d.=  6.4449)
SCF ITERATION NUMBER  1
     point #   1  energy = -31.500
FMS for a cluster of  102 atoms around atom type   0
FMS for a cluster of   93 atoms around atom type   1
FMS for a cluster of   92 atoms around atom type   2
FMS for a cluster of   93 atoms around atom type   3
     point #  20  energy = -20.547
     point #  40  energy =  -3.620
     point #  60  energy =  -3.789
     point #  80  energy =  -5.170
New Fermi level:    mu=  -5.014 eV  Charge distance=  0.2562 (partial c.d.=  3.7961)
SCF ITERATION NUMBER  1
     point #   1  energy = -31.500
FMS for a cluster of  102 atoms around atom type   0
FMS for a cluster of   93 atoms around atom type   1
FMS for a cluster of   92 atoms around atom type   2
FMS for a cluster of   93 atoms around atom type   3
     point #  20  energy = -20.295
     point #  40  energy =  -5.014
New Fermi level:    mu=  -4.986 eV  Charge distance=  0.1362 (partial c.d.=  0.2359)
SCF ITERATION NUMBER  2
     point #   1  energy = -31.500
     point #  20  energy = -20.283
     point #  40  energy =  -4.986
     point #  60  energy =  -4.874
New Fermi level:    mu=  -4.873 eV  Charge distance=  0.2994 (partial c.d.=  0.2759)
SCF ITERATION NUMBER  3
     point #   1  energy = -31.500
     point #  20  energy = -20.235
     point #  40  energy =  -4.873
New Fermi level:    mu=  -4.790 eV  Charge distance=  0.0793 (partial c.d.=  0.1263)
SCF ITERATION NUMBER  4
     point #   1  energy = -31.500
     point #  20  energy = -20.200
     point #  40  energy =  -4.790
     point #  60  energy =  -4.903
New Fermi level:    mu=  -4.903 eV  Charge distance=  0.0200 (partial c.d.=  0.1370)
SCF ITERATION NUMBER  5
     point #   1  energy = -31.500
     point #  20  energy = -20.247
     point #  40  energy =  -4.903
New Fermi level:    mu=  -4.895 eV  Charge distance=  0.0139 (partial c.d.=  0.0833)
SCF ITERATION NUMBER  6
     point #   1  energy = -31.500
     point #  20  energy = -20.244
     point #  40  energy =  -4.895
New Fermi level:    mu=  -4.908 eV  Charge distance=  0.0057 (partial c.d.=  0.0340)
SCF ITERATION NUMBER  7
     point #   1  energy = -31.500
     point #  20  energy = -20.249
     point #  40  energy =  -4.908
New Fermi level:    mu=  -4.907 eV  Charge distance=  0.0077 (partial c.d.=  0.0052)
SCF ITERATION NUMBER  8
     point #   1  energy = -31.500
     point #  20  energy = -20.249
     point #  40  energy =  -4.907
New Fermi level:    mu=  -4.902 eV  Charge distance=  0.0017 (partial c.d.=  0.0053)
SCF ITERATION NUMBER  9
     point #   1  energy = -31.500
     point #  20  energy = -20.247
     point #  40  energy =  -4.902
New Fermi level:    mu=  -4.899 eV  Charge distance=  0.0009 (partial c.d.=  0.0004)
SCF ITERATION NUMBER 10
     point #   1  energy = -31.500
     point #  20  energy = -20.246
     point #  40  energy =  -4.899
New Fermi level:    mu=  -4.897 eV  Charge distance=  0.0001 (partial c.d.=  0.0005)
SCF ITERATION NUMBER 11
     point #   1  energy = -31.500
     point #  20  energy = -20.245
     point #  40  energy =  -4.897
New Fermi level:    mu=  -4.897 eV  Charge distance=  0.0001 (partial c.d.=  0.0003)
SCF ITERATION NUMBER 12
     point #   1  energy = -31.500
     point #  20  energy = -20.245
     point #  40  energy =  -4.897
New Fermi level:    mu=  -4.897 eV  Charge distance=  0.0000 (partial c.d.=  0.0002)
Electronic configuration
  type     l     N_el
     0     0    0.526
     0     1    0.666
     0     2    9.676
     0     3    0.000
     1     0    0.527
     1     1    0.666
     1     2    9.678
     1     3    0.000
     2     0    1.770
     2     1    2.616
     2     2    0.809
     2     3    0.000
     3     0    1.880
     3     1    4.394
     3     2    0.074
     3     3    0.000
Charge transfer:  type  charge
       0   -0.132
       1   -0.130
       2   -0.806
       3    0.348
Convergence reached in   12 iterations.
Done with module: potentials.

Calculating screened core-hole potential ...
FMS for a cluster of   18 atoms around iph =   0
    0% of energy integration
   20%
   40%
   60%
   80%
  100%
Preparing response function.
Computing (1 - K Chi0)^-1 v_ch
Done with module: screened core-hole potential.

Calculating cross-section and phases ...
    absorption cross section
 x0,dx,rnrm,inrm,jnrm   8.80000000000000       5.000000000000000E-002
   2.53920603000019              195         196
    phase shifts for unique potential    0
    phase shifts for unique potential    1
    phase shifts for unique potential    2
    phase shifts for unique potential    3
Done with module: cross-section and phases (XSPH).

FMS calculation of full Green's function ...
FEFF-serial using 1 thread.
Using   194 energy points.
xprep done
FMS for a cluster of  203 atoms
Energy point    1/ 194
Energy point   10/ 194
Energy point   20/ 194
Energy point   30/ 194
Energy point   40/ 194
Energy point   50/ 194
Energy point   60/ 194
Energy point   70/ 194
Energy point   80/ 194
Energy point   90/ 194
Energy point  100/ 194
Energy point  110/ 194
Energy point  120/ 194
Energy point  130/ 194
Energy point  140/ 194
Energy point  150/ 194
Energy point  160/ 194
Energy point  170/ 194
Energy point  180/ 194
Energy point  190/ 194
Done with module: FMS.

MKGTR: Tracing over Green's function ...
Done with module: MKGTR.

Pathfinder: finding scattering paths...
Preparing plane wave scattering amplitudes
Searching for paths
Eliminating path degeneracies
0 paths retained.
Done with module: pathfinder.

Calculating EXAFS parameters ...
Done with module: EXAFS parameters (GENFMT).

Calculating XAS spectra ...
Done with module: XAS spectra (FF2X: DW + final sum over paths).

 
### feff ends at Mon Aug 14 06:30:53 EDT 2023
 
