### feff starts at Mon Aug 14 06:30:32 EDT 2023
### Serial version
### FeffPath is /sdcc/u/mcarbone/software/JFEFF/hsw/feff90/linux
 
Launching FEFF version FEFF 9.9.1
Core hole lifetime is   1.729 eV.
Your calculation:
 comment: None given
 Source:
 Structure Summary:  Li4 Cu8 O8
 Reduced formula:  Li(CuO)2
 space group: (Pnma), space number:  (62)
 abc:  2.884334   5.730938  12.587073
 angles: 90.000000  90.000000  90.000000
 sites: 20
Cu K edge XANES using RPA corehole.
Using:     * Self-Consistent Field potentials
Using cards:   ATOMS CONTROL EXCHANGE TITLE RPATH POTENTIALS XANES EDGE SCF FMS S02 COREHOLE EGRID

Calculating atomic potentials ...
    overlapped atomic potential and density for unique potential    0
    overlapped atomic potential and density for unique potential    1
    overlapped atomic potential and density for unique potential    2
    overlapped atomic potential and density for unique potential    3
Done with module: atomic potentials.

Calculating SCF potentials ...
FEFF-serial using 1 thread.
Muffin tin radii and interstitial parameters [bohr]:
type, norman radius, muffin tin, overlap factor
    0  1.33437E+00  1.17711E+00  1.15000E+00
    1  1.32821E+00  1.27364E+00  1.11108E+00
    2  1.32255E+00  1.25182E+00  1.15000E+00
    3  1.10493E+00  1.02977E+00  1.15000E+00
Core-valence separation energy:  ecv=   -40.000 eV
Initial Fermi level:              mu=     0.195 eV
SCF ITERATION NUMBER  1
     point #   1  energy = -40.000
FMS for a cluster of  148 atoms around atom type   0
FMS for a cluster of  130 atoms around atom type   1
FMS for a cluster of  129 atoms around atom type   2
FMS for a cluster of  146 atoms around atom type   3
     point #  20  energy = -28.923
     point #  40  energy =  -8.673
     point #  60  energy =  -2.617
     point #  80  energy =  -3.273
New Fermi level:    mu=  -3.507 eV  Charge distance=  0.3652 (partial c.d.=  8.6409)
SCF ITERATION NUMBER  1
     point #   1  energy = -40.000
FMS for a cluster of  148 atoms around atom type   0
FMS for a cluster of  130 atoms around atom type   1
FMS for a cluster of  129 atoms around atom type   2
FMS for a cluster of  146 atoms around atom type   3
     point #  20  energy = -28.849
     point #  40  energy =  -8.575
     point #  60  energy =  -3.507
     point #  80  energy =  -5.407
     point # 100  energy =  -7.247
     point # 120  energy =  -7.579
New Fermi level:    mu=  -7.808 eV  Charge distance=  0.0913 (partial c.d.=  2.1416)
SCF ITERATION NUMBER  1
     point #   1  energy = -40.000
FMS for a cluster of  148 atoms around atom type   0
FMS for a cluster of  130 atoms around atom type   1
FMS for a cluster of  129 atoms around atom type   2
FMS for a cluster of  146 atoms around atom type   3
     point #  20  energy = -28.934
     point #  40  energy =  -8.814
     point #  60  energy =  -7.767
     point #  80  energy =  -6.445
     point # 100  energy =  -6.983
     point # 120  energy =  -7.233
New Fermi level:    mu=  -7.305 eV  Charge distance=  0.0337 (partial c.d.=  0.4601)
negative density   1  -22.667 - usually harmless precision error, but check DOS if it persists
SCF ITERATION NUMBER  2
     point #   1  energy = -40.000
     point #  20  energy = -28.761
     point #  40  energy =  -8.327
New Fermi level:    mu=  -7.298 eV  Charge distance=  0.1198 (partial c.d.=  0.0621)
negative density   1 -216.503 - usually harmless precision error, but check DOS if it persists
SCF ITERATION NUMBER  3
     point #   1  energy = -40.000
     point #  20  energy = -28.759
     point #  40  energy =  -8.320
     point #  60  energy =  -7.336
New Fermi level:    mu=  -7.373 eV  Charge distance=  0.0266 (partial c.d.=  0.1287)
negative density   1 -244.346 - usually harmless precision error, but check DOS if it persists
SCF ITERATION NUMBER  4
     point #   1  energy = -40.000
     point #  20  energy = -28.785
     point #  40  energy =  -8.393
     point #  60  energy =  -7.411
New Fermi level:    mu=  -7.443 eV  Charge distance=  0.0096 (partial c.d.=  0.1775)
negative density   1 -252.954 - usually harmless precision error, but check DOS if it persists
SCF ITERATION NUMBER  5
     point #   1  energy = -40.000
     point #  20  energy = -28.809
     point #  40  energy =  -8.461
New Fermi level:    mu=  -7.455 eV  Charge distance=  0.0042 (partial c.d.=  0.0496)
negative density   1 -269.079 - usually harmless precision error, but check DOS if it persists
SCF ITERATION NUMBER  6
     point #   1  energy = -40.000
     point #  20  energy = -28.813
     point #  40  energy =  -8.472
New Fermi level:    mu=  -7.460 eV  Charge distance=  0.0063 (partial c.d.=  0.0042)
negative density   1 -296.313 - usually harmless precision error, but check DOS if it persists
SCF ITERATION NUMBER  7
     point #   1  energy = -40.000
     point #  20  energy = -28.814
     point #  40  energy =  -8.477
New Fermi level:    mu=  -7.457 eV  Charge distance=  0.0009 (partial c.d.=  0.0036)
negative density   1 -301.566 - usually harmless precision error, but check DOS if it persists
SCF ITERATION NUMBER  8
     point #   1  energy = -40.000
     point #  20  energy = -28.813
     point #  40  energy =  -8.474
New Fermi level:    mu=  -7.447 eV  Charge distance=  0.0004 (partial c.d.=  0.0020)
negative density   1 -305.377 - usually harmless precision error, but check DOS if it persists
SCF ITERATION NUMBER  9
     point #   1  energy = -40.000
     point #  20  energy = -28.810
     point #  40  energy =  -8.465
New Fermi level:    mu=  -7.438 eV  Charge distance=  0.0001 (partial c.d.=  0.0021)
negative density   1 -306.330 - usually harmless precision error, but check DOS if it persists
SCF ITERATION NUMBER 10
     point #   1  energy = -40.000
     point #  20  energy = -28.807
     point #  40  energy =  -8.456
New Fermi level:    mu=  -7.439 eV  Charge distance=  0.0002 (partial c.d.=  0.0002)
negative density   1 -308.035 - usually harmless precision error, but check DOS if it persists
SCF ITERATION NUMBER 11
     point #   1  energy = -40.000
     point #  20  energy = -28.807
     point #  40  energy =  -8.456
New Fermi level:    mu=  -7.440 eV  Charge distance=  0.0000 (partial c.d.=  0.0003)
negative density   1 -308.790 - usually harmless precision error, but check DOS if it persists
SCF ITERATION NUMBER 12
     point #   1  energy = -40.000
     point #  20  energy = -28.807
     point #  40  energy =  -8.457
New Fermi level:    mu=  -7.439 eV  Charge distance=  0.0000 (partial c.d.=  0.0002)
Electronic configuration
  type     l     N_el
     0     0    0.595
     0     1    0.628
     0     2    9.470
     0     3    0.000
     1     0    0.257
     1     1    0.549
     1     2    0.000
     1     3    0.000
     2     0    0.496
     2     1    0.602
     2     2    9.591
     2     3    0.000
     3     0    1.858
     3     1    4.465
     3     2    0.084
     3     3    0.000
Charge transfer:  type  charge
       0   -0.307
       1   -0.194
       2   -0.311
       3    0.408
Convergence reached in   12 iterations.
Done with module: potentials.

Calculating screened core-hole potential ...
FMS for a cluster of   24 atoms around iph =   0
    0% of energy integration
   20%
   40%
   60%
   80%
  100%
Preparing response function.
Computing (1 - K Chi0)^-1 v_ch
Done with module: screened core-hole potential.

Calculating cross-section and phases ...
    absorption cross section
 x0,dx,rnrm,inrm,jnrm   8.80000000000000       5.000000000000000E-002
   2.52160123200004              195         196
    phase shifts for unique potential    0
    phase shifts for unique potential    1
    phase shifts for unique potential    2
    phase shifts for unique potential    3
Done with module: cross-section and phases (XSPH).

FMS calculation of full Green's function ...
FEFF-serial using 1 thread.
Using   194 energy points.
xprep done
FMS for a cluster of  291 atoms
Energy point    1/ 194
Energy point   10/ 194
Energy point   20/ 194
Energy point   30/ 194
Energy point   40/ 194
Energy point   50/ 194
Energy point   60/ 194
Energy point   70/ 194
Energy point   80/ 194
Energy point   90/ 194
Energy point  100/ 194
Energy point  110/ 194
Energy point  120/ 194
Energy point  130/ 194
Energy point  140/ 194
Energy point  150/ 194
Energy point  160/ 194
Energy point  170/ 194
Energy point  180/ 194
Energy point  190/ 194
Done with module: FMS.

MKGTR: Tracing over Green's function ...
Done with module: MKGTR.

Pathfinder: finding scattering paths...
Preparing plane wave scattering amplitudes
Searching for paths
Eliminating path degeneracies
0 paths retained.
Done with module: pathfinder.

Calculating EXAFS parameters ...
Done with module: EXAFS parameters (GENFMT).

Calculating XAS spectra ...
Done with module: XAS spectra (FF2X: DW + final sum over paths).

 
### feff ends at Mon Aug 14 08:31:15 EDT 2023
 
