### feff starts at Mon Aug 14 04:15:28 EDT 2023
### Serial version
### FeffPath is /sdcc/u/mcarbone/software/JFEFF/hsw/feff90/linux
 
Launching FEFF version FEFF 9.9.1
Core hole lifetime is   1.729 eV.
Your calculation:
 comment: None given
 Source:
 Structure Summary:  Cu16 Cl16 O16
 Reduced formula:  CuClO
 space group: (Pna2_1), space number:  (33)
 abc:  6.685727  10.973418  12.831709
 angles: 90.000000  90.000000  90.000000
 sites: 48
Cu K edge XANES using RPA corehole.
Using:     * Self-Consistent Field potentials
Using cards:   ATOMS CONTROL EXCHANGE TITLE RPATH POTENTIALS XANES EDGE SCF FMS S02 COREHOLE EGRID

Calculating atomic potentials ...
    overlapped atomic potential and density for unique potential    0
    overlapped atomic potential and density for unique potential    1
    overlapped atomic potential and density for unique potential    2
    overlapped atomic potential and density for unique potential    3
Done with module: atomic potentials.

Calculating SCF potentials ...
FEFF-serial using 1 thread.
Muffin tin radii and interstitial parameters [bohr]:
type, norman radius, muffin tin, overlap factor
    0  1.30965E+00  1.18000E+00  1.15000E+00
    1  1.29518E+00  1.15885E+00  1.15000E+00
    2  1.51173E+00  1.36733E+00  1.15000E+00
    3  1.11544E+00  9.99850E-01  1.15000E+00
Core-valence separation energy:  ecv=   -40.000 eV
Initial Fermi level:              mu=     1.469 eV
SCF ITERATION NUMBER  1
     point #   1  energy = -40.000
FMS for a cluster of   69 atoms around atom type   0
FMS for a cluster of   62 atoms around atom type   1
FMS for a cluster of   73 atoms around atom type   2
FMS for a cluster of   69 atoms around atom type   3
     point #  20  energy = -28.871
     point #  40  energy =  -8.621
     point #  60  energy =  -2.283
     point #  80  energy =  -2.527
New Fermi level:    mu=  -2.509 eV  Charge distance=  0.4107 (partial c.d.=  7.9202)
SCF ITERATION NUMBER  1
     point #   1  energy = -40.000
FMS for a cluster of   69 atoms around atom type   0
FMS for a cluster of   62 atoms around atom type   1
FMS for a cluster of   73 atoms around atom type   2
FMS for a cluster of   69 atoms around atom type   3
     point #  20  energy = -28.854
     point #  40  energy =  -8.589
     point #  60  energy =  -2.509
     point #  80  energy =  -4.022
     point # 100  energy =  -6.978
New Fermi level:    mu=  -7.090 eV  Charge distance=  0.0977 (partial c.d.=  2.1378)
SCF ITERATION NUMBER  1
     point #   1  energy = -40.000
FMS for a cluster of   69 atoms around atom type   0
FMS for a cluster of   62 atoms around atom type   1
FMS for a cluster of   73 atoms around atom type   2
FMS for a cluster of   69 atoms around atom type   3
     point #  20  energy = -29.030
     point #  40  energy =  -9.085
     point #  60  energy =  -7.077
     point #  80  energy =  -5.924
New Fermi level:    mu=  -5.967 eV  Charge distance=  0.0460 (partial c.d.=  0.4825)
SCF ITERATION NUMBER  2
     point #   1  energy = -40.000
     point #  20  energy = -28.989
     point #  40  energy =  -8.970
     point #  60  energy =  -5.980
New Fermi level:    mu=  -6.048 eV  Charge distance=  0.1224 (partial c.d.=  0.0607)
SCF ITERATION NUMBER  3
     point #   1  energy = -40.000
     point #  20  energy = -29.015
     point #  40  energy =  -9.043
     point #  60  energy =  -6.035
New Fermi level:    mu=  -6.030 eV  Charge distance=  0.0774 (partial c.d.=  0.3717)
SCF ITERATION NUMBER  4
     point #   1  energy = -40.000
     point #  20  energy = -29.010
     point #  40  energy =  -9.028
     point #  60  energy =  -6.043
New Fermi level:    mu=  -6.171 eV  Charge distance=  0.0397 (partial c.d.=  0.7153)
SCF ITERATION NUMBER  5
     point #   1  energy = -40.000
     point #  20  energy = -28.724
     point #  40  energy =  -8.222
New Fermi level:    mu=  -6.161 eV  Charge distance=  0.0093 (partial c.d.=  0.4630)
SCF ITERATION NUMBER  6
     point #   1  energy = -40.000
     point #  20  energy = -28.720
     point #  40  energy =  -8.212
New Fermi level:    mu=  -6.153 eV  Charge distance=  0.0059 (partial c.d.=  0.0489)
SCF ITERATION NUMBER  7
     point #   1  energy = -40.000
     point #  20  energy = -28.718
     point #  40  energy =  -8.204
New Fermi level:    mu=  -6.153 eV  Charge distance=  0.0040 (partial c.d.=  0.0153)
SCF ITERATION NUMBER  8
     point #   1  energy = -40.000
     point #  20  energy = -28.718
     point #  40  energy =  -8.205
New Fermi level:    mu=  -6.145 eV  Charge distance=  0.0023 (partial c.d.=  0.0017)
SCF ITERATION NUMBER  9
     point #   1  energy = -40.000
     point #  20  energy = -28.715
     point #  40  energy =  -8.197
New Fermi level:    mu=  -6.140 eV  Charge distance=  0.0002 (partial c.d.=  0.0027)
SCF ITERATION NUMBER 10
     point #   1  energy = -40.000
     point #  20  energy = -28.713
     point #  40  energy =  -8.192
New Fermi level:    mu=  -6.138 eV  Charge distance=  0.0003 (partial c.d.=  0.0009)
SCF ITERATION NUMBER 11
     point #   1  energy = -40.000
     point #  20  energy = -28.713
     point #  40  energy =  -8.190
New Fermi level:    mu=  -6.137 eV  Charge distance=  0.0000 (partial c.d.=  0.0008)
SCF ITERATION NUMBER 12
     point #   1  energy = -40.000
     point #  20  energy = -28.712
     point #  40  energy =  -8.189
New Fermi level:    mu=  -6.136 eV  Charge distance=  0.0001 (partial c.d.=  0.0001)
Electronic configuration
  type     l     N_el
     0     0    0.551
     0     1    0.649
     0     2    9.457
     0     3    0.000
     1     0    0.543
     1     1    0.643
     1     2    9.412
     1     3    0.000
     2     0    1.968
     2     1    4.825
     2     2    0.210
     2     3    0.000
     3     0    1.875
     3     1    4.428
     3     2    0.096
     3     3    0.000
Charge transfer:  type  charge
       0   -0.343
       1   -0.402
       2    0.003
       3    0.399
Convergence reached in   12 iterations.
Done with module: potentials.

Calculating screened core-hole potential ...
FMS for a cluster of   18 atoms around iph =   0
    0% of energy integration
   20%
   40%
   60%
   80%
  100%
Preparing response function.
Computing (1 - K Chi0)^-1 v_ch
Done with module: screened core-hole potential.

Calculating cross-section and phases ...
    absorption cross section
 x0,dx,rnrm,inrm,jnrm   8.80000000000000       5.000000000000000E-002
   2.47488138000016              195         196
    phase shifts for unique potential    0
    phase shifts for unique potential    1
    phase shifts for unique potential    2
    phase shifts for unique potential    3
Done with module: cross-section and phases (XSPH).

FMS calculation of full Green's function ...
FEFF-serial using 1 thread.
Using   194 energy points.
xprep done
FMS for a cluster of  162 atoms
Energy point    1/ 194
Energy point   10/ 194
Energy point   20/ 194
Energy point   30/ 194
Energy point   40/ 194
Energy point   50/ 194
Energy point   60/ 194
Energy point   70/ 194
Energy point   80/ 194
Energy point   90/ 194
Energy point  100/ 194
Energy point  110/ 194
Energy point  120/ 194
Energy point  130/ 194
Energy point  140/ 194
Energy point  150/ 194
Energy point  160/ 194
Energy point  170/ 194
Energy point  180/ 194
Energy point  190/ 194
Done with module: FMS.

MKGTR: Tracing over Green's function ...
Done with module: MKGTR.

Pathfinder: finding scattering paths...
Preparing plane wave scattering amplitudes
Searching for paths
Eliminating path degeneracies
0 paths retained.
Done with module: pathfinder.

Calculating EXAFS parameters ...
Done with module: EXAFS parameters (GENFMT).

Calculating XAS spectra ...
Done with module: XAS spectra (FF2X: DW + final sum over paths).

 
### feff ends at Mon Aug 14 04:44:35 EDT 2023
 
