### feff starts at Sun Aug 13 18:10:45 EDT 2023
### Serial version
### FeffPath is /sdcc/u/mcarbone/software/JFEFF/hsw/feff90/linux
 
Launching FEFF version FEFF 9.9.1
Core hole lifetime is   1.729 eV.
Your calculation:
 comment: None given
 Source:
 Structure Summary:  Mg3 Cu9 O12
 Reduced formula:  MgCu3O4
 space group: (Pmm2), space number:  (25)
 abc:  3.239326   4.028900  18.654740
 angles: 90.000000  90.000000  90.000000
 sites: 24
Cu K edge XANES using RPA corehole.
Using:     * Self-Consistent Field potentials
Using cards:   ATOMS CONTROL EXCHANGE TITLE RPATH POTENTIALS XANES EDGE SCF FMS S02 COREHOLE EGRID

Calculating atomic potentials ...
    overlapped atomic potential and density for unique potential    0
    overlapped atomic potential and density for unique potential    1
    overlapped atomic potential and density for unique potential    2
    overlapped atomic potential and density for unique potential    3
Done with module: atomic potentials.

Calculating SCF potentials ...
FEFF-serial using 1 thread.
Muffin tin radii and interstitial parameters [bohr]:
type, norman radius, muffin tin, overlap factor
    0  1.30926E+00  1.22952E+00  1.15000E+00
    1  1.44849E+00  1.37322E+00  1.14666E+00
    2  1.30931E+00  1.22949E+00  1.15000E+00
    3  1.10096E+00  1.01139E+00  1.15000E+00
Core-valence separation energy:  ecv=   -40.000 eV
Initial Fermi level:              mu=    -0.424 eV
SCF ITERATION NUMBER  1
     point #   1  energy = -40.000
FMS for a cluster of  145 atoms around atom type   0
FMS for a cluster of  143 atoms around atom type   1
FMS for a cluster of  140 atoms around atom type   2
FMS for a cluster of  149 atoms around atom type   3
     point #  20  energy = -28.844
     point #  40  energy =  -8.594
     point #  60  energy =  -3.569
     point #  80  energy =  -3.794
New Fermi level:    mu=  -3.792 eV  Charge distance=  0.3416 (partial c.d.=  8.1140)
SCF ITERATION NUMBER  1
     point #   1  energy = -40.000
FMS for a cluster of  145 atoms around atom type   0
FMS for a cluster of  143 atoms around atom type   1
FMS for a cluster of  140 atoms around atom type   2
FMS for a cluster of  149 atoms around atom type   3
     point #  20  energy = -28.937
     point #  40  energy =  -8.821
     point #  60  energy =  -3.792
     point #  80  energy =  -5.617
     point # 100  energy =  -9.105
New Fermi level:    mu=  -9.391 eV  Charge distance=  0.0377 (partial c.d.=  1.5051)
SCF ITERATION NUMBER  1
     point #   1  energy = -40.000
FMS for a cluster of  145 atoms around atom type   0
FMS for a cluster of  143 atoms around atom type   1
FMS for a cluster of  140 atoms around atom type   2
FMS for a cluster of  149 atoms around atom type   3
     point #  20  energy = -28.777
     point #  40  energy =  -9.391
     point #  60  energy =  -9.300
     point #  80  energy =  -8.185
New Fermi level:    mu=  -8.510 eV  Charge distance=  0.0350 (partial c.d.=  0.1617)
SCF ITERATION NUMBER  2
     point #   1  energy = -40.000
     point #  20  energy = -28.826
     point #  40  energy =  -8.510
     point #  60  energy =  -8.460
New Fermi level:    mu=  -8.421 eV  Charge distance=  0.3700 (partial c.d.=  0.5317)
SCF ITERATION NUMBER  3
     point #   1  energy = -40.000
     point #  20  energy = -28.795
     point #  40  energy =  -8.421
     point #  60  energy =  -8.381
     point #  80  energy =  -8.137
New Fermi level:    mu=  -8.163 eV  Charge distance=  0.0549 (partial c.d.=  1.0463)
SCF ITERATION NUMBER  4
     point #   1  energy = -40.000
     point #  20  energy = -28.703
     point #  40  energy =  -8.163
     point #  60  energy =  -8.232
New Fermi level:    mu=  -8.435 eV  Charge distance=  0.1247 (partial c.d.=  0.0947)
SCF ITERATION NUMBER  5
     point #   1  energy = -40.000
     point #  20  energy = -28.800
     point #  40  energy =  -8.435
     point #  60  energy =  -8.504
New Fermi level:    mu=  -8.581 eV  Charge distance=  0.1069 (partial c.d.=  0.2177)
SCF ITERATION NUMBER  6
     point #   1  energy = -40.000
     point #  20  energy = -28.851
     point #  40  energy =  -8.581
New Fermi level:    mu=  -8.613 eV  Charge distance=  0.0707 (partial c.d.=  1.0295)
SCF ITERATION NUMBER  7
     point #   1  energy = -40.000
     point #  20  energy = -28.863
     point #  40  energy =  -8.613
New Fermi level:    mu=  -8.606 eV  Charge distance=  0.0193 (partial c.d.=  0.9673)
SCF ITERATION NUMBER  8
     point #   1  energy = -40.000
     point #  20  energy = -28.860
     point #  40  energy =  -8.606
New Fermi level:    mu=  -8.611 eV  Charge distance=  0.0488 (partial c.d.=  0.0690)
SCF ITERATION NUMBER  9
     point #   1  energy = -40.000
     point #  20  energy = -28.862
     point #  40  energy =  -8.611
New Fermi level:    mu=  -8.589 eV  Charge distance=  0.0093 (partial c.d.=  0.2331)
SCF ITERATION NUMBER 10
     point #   1  energy = -40.000
     point #  20  energy = -28.854
     point #  40  energy =  -8.589
New Fermi level:    mu=  -8.591 eV  Charge distance=  0.0049 (partial c.d.=  0.0968)
SCF ITERATION NUMBER 11
     point #   1  energy = -40.000
     point #  20  energy = -28.855
     point #  40  energy =  -8.591
New Fermi level:    mu=  -8.589 eV  Charge distance=  0.0046 (partial c.d.=  0.0241)
SCF ITERATION NUMBER 12
     point #   1  energy = -40.000
     point #  20  energy = -28.854
     point #  40  energy =  -8.589
New Fermi level:    mu=  -8.585 eV  Charge distance=  0.0005 (partial c.d.=  0.0196)
SCF ITERATION NUMBER 13
     point #   1  energy = -40.000
     point #  20  energy = -28.853
     point #  40  energy =  -8.585
New Fermi level:    mu=  -8.583 eV  Charge distance=  0.0006 (partial c.d.=  0.0010)
SCF ITERATION NUMBER 14
     point #   1  energy = -40.000
     point #  20  energy = -28.852
     point #  40  energy =  -8.583
New Fermi level:    mu=  -8.581 eV  Charge distance=  0.0002 (partial c.d.=  0.0014)
SCF ITERATION NUMBER 15
     point #   1  energy = -40.000
     point #  20  energy = -28.851
     point #  40  energy =  -8.581
New Fermi level:    mu=  -8.581 eV  Charge distance=  0.0001 (partial c.d.=  0.0009)
SCF ITERATION NUMBER 16
     point #   1  energy = -40.000
     point #  20  energy = -28.851
     point #  40  energy =  -8.581
New Fermi level:    mu=  -8.581 eV  Charge distance=  0.0000 (partial c.d.=  0.0003)
SCF ITERATION NUMBER 17
     point #   1  energy = -40.000
     point #  20  energy = -28.851
     point #  40  energy =  -8.581
New Fermi level:    mu=  -8.581 eV  Charge distance=  0.0000 (partial c.d.=  0.0001)
Electronic configuration
  type     l     N_el
     0     0    0.494
     0     1    0.570
     0     2    9.458
     0     3    0.000
     1     0    0.485
     1     1    0.780
     1     2    0.559
     1     3    0.000
     2     0    0.495
     2     1    0.570
     2     2    9.458
     2     3    0.000
     3     0    1.848
     3     1    4.490
     3     2    0.065
     3     3    0.000
Charge transfer:  type  charge
       0   -0.477
       1   -0.176
       2   -0.477
       3    0.402
Convergence reached in   17 iterations.
Done with module: potentials.

Calculating screened core-hole potential ...
FMS for a cluster of   27 atoms around iph =   0
    0% of energy integration
   20%
   40%
   60%
   80%
  100%
Preparing response function.
Computing (1 - K Chi0)^-1 v_ch
Done with module: screened core-hole potential.

Calculating cross-section and phases ...
    absorption cross section
 x0,dx,rnrm,inrm,jnrm   8.80000000000000       5.000000000000000E-002
   2.47414333999990              195         196
    phase shifts for unique potential    0
    phase shifts for unique potential    1
    phase shifts for unique potential    2
    phase shifts for unique potential    3
Done with module: cross-section and phases (XSPH).

FMS calculation of full Green's function ...
FEFF-serial using 1 thread.
Using   194 energy points.
xprep done
FMS for a cluster of  302 atoms
Energy point    1/ 194
Energy point   10/ 194
Energy point   20/ 194
Energy point   30/ 194
Energy point   40/ 194
Energy point   50/ 194
Energy point   60/ 194
Energy point   70/ 194
Energy point   80/ 194
Energy point   90/ 194
Energy point  100/ 194
Energy point  110/ 194
Energy point  120/ 194
Energy point  130/ 194
Energy point  140/ 194
Energy point  150/ 194
Energy point  160/ 194
Energy point  170/ 194
Energy point  180/ 194
Energy point  190/ 194
Done with module: FMS.

MKGTR: Tracing over Green's function ...
Done with module: MKGTR.

Pathfinder: finding scattering paths...
Preparing plane wave scattering amplitudes
Searching for paths
Eliminating path degeneracies
0 paths retained.
Done with module: pathfinder.

Calculating EXAFS parameters ...
Done with module: EXAFS parameters (GENFMT).

Calculating XAS spectra ...
Done with module: XAS spectra (FF2X: DW + final sum over paths).

 
### feff ends at Sun Aug 13 21:11:02 EDT 2023
 
