### feff starts at Mon Aug 14 04:55:36 EDT 2023
### Serial version
### FeffPath is /sdcc/u/mcarbone/software/JFEFF/hsw/feff90/linux
 
Launching FEFF version FEFF 9.9.1
Resetting lmaxsc to 2 for iph =    1.  Use  UNFREEZE to prevent this.
Core hole lifetime is   1.729 eV.
Your calculation:
 comment: None given
 Source:
 Structure Summary:  La2 Mn8 Cu6 O24
 Reduced formula:  LaMn4(CuO4)3
 space group: (Im-3), space number:  (204)
 abc:  6.475412   6.475450  10.579300
 angles: 89.987278  90.012610 109.537582
 sites: 40
Cu K edge XANES using RPA corehole.
Using:     * Self-Consistent Field potentials
Using cards:   ATOMS CONTROL EXCHANGE TITLE RPATH POTENTIALS XANES EDGE SCF FMS S02 COREHOLE EGRID

Calculating atomic potentials ...
    overlapped atomic potential and density for unique potential    0
    overlapped atomic potential and density for unique potential    1
    overlapped atomic potential and density for unique potential    2
    overlapped atomic potential and density for unique potential    3
    overlapped atomic potential and density for unique potential    4
Done with module: atomic potentials.

Calculating SCF potentials ...
FEFF-serial using 1 thread.
Muffin tin radii and interstitial parameters [bohr]:
type, norman radius, muffin tin, overlap factor
    0  1.28597E+00  1.19273E+00  1.15000E+00
    1  1.81135E+00  1.76037E+00  1.07246E+00
    2  1.39826E+00  1.29303E+00  1.15000E+00
    3  1.28502E+00  1.19119E+00  1.15000E+00
    4  1.09850E+00  1.03043E+00  1.15000E+00
Core-valence separation energy:  ecv=   -47.500 eV
Initial Fermi level:              mu=    -0.291 eV
SCF ITERATION NUMBER  1
     point #   1  energy = -47.500
FMS for a cluster of  143 atoms around atom type   0
FMS for a cluster of  123 atoms around atom type   1
FMS for a cluster of  123 atoms around atom type   2
FMS for a cluster of  123 atoms around atom type   3
FMS for a cluster of  135 atoms around atom type   4
     point #  20  energy = -36.427
     point #  40  energy = -16.177
     point #  60  energy =  -8.011
     point #  80  energy =  -7.105
New Fermi level:    mu=  -7.116 eV  Charge distance=  1.7865 (partial c.d.=  9.7757)
SCF ITERATION NUMBER  1
     point #   1  energy = -47.500
FMS for a cluster of  143 atoms around atom type   0
FMS for a cluster of  123 atoms around atom type   1
FMS for a cluster of  123 atoms around atom type   2
FMS for a cluster of  123 atoms around atom type   3
FMS for a cluster of  135 atoms around atom type   4
     point #  20  energy = -36.394
     point #  40  energy = -16.203
     point #  60  energy =  -7.116
     point #  80  energy =  -8.004
     point # 100  energy = -12.848
     point # 120  energy = -12.969
 Found bad counts.
  Occupation number in getorb is     1.000
  Will repeat this iteration.
Core-valence separation energy:  ecv=   -51.000 eV
Initial Fermi level:              mu=    -7.116 eV
SCF ITERATION NUMBER  1
     point #   1  energy = -51.000
FMS for a cluster of  143 atoms around atom type   0
FMS for a cluster of  123 atoms around atom type   1
FMS for a cluster of  123 atoms around atom type   2
FMS for a cluster of  123 atoms around atom type   3
FMS for a cluster of  135 atoms around atom type   4
     point #  20  energy = -39.774
     point #  40  energy = -19.363
     point #  60  energy =  -7.116
     point #  80  energy =  -6.498
     point # 100  energy =  -5.394
New Fermi level:    mu=  -5.377 eV  Charge distance=  1.1053 (partial c.d.=  3.2273)
SCF ITERATION NUMBER  2
     point #   1  energy = -51.000
     point #  20  energy = -39.848
     point #  40  energy = -19.571
     point #  60  energy =  -5.377
     point #  80  energy =  -5.658
     point # 100  energy =  -8.396
 Found bad counts.
  Occupation number in getorb is     7.000
  Will repeat this iteration.
Core-valence separation energy:  ecv=   -66.000 eV
Initial Fermi level:              mu=    -5.377 eV
SCF ITERATION NUMBER  1
     point #   1  energy = -66.000
FMS for a cluster of  143 atoms around atom type   0
FMS for a cluster of  123 atoms around atom type   1
FMS for a cluster of  123 atoms around atom type   2
FMS for a cluster of  123 atoms around atom type   3
FMS for a cluster of  135 atoms around atom type   4
     point #  20  energy = -53.875
     point #  40  energy = -31.831
     point #  60  energy =  -9.786
     point #  80  energy =  -5.377
     point # 100  energy =  -6.955
     point # 120  energy = -11.299
New Fermi level:    mu= -11.580 eV  Charge distance=  0.1002 (partial c.d.=  5.8872)
SCF ITERATION NUMBER  2
     point #   1  energy = -66.000
     point #  20  energy = -54.914
     point #  40  energy = -34.759
     point #  60  energy = -14.603
     point #  80  energy = -11.567
New Fermi level:    mu= -11.081 eV  Charge distance=  0.1812 (partial c.d.=  1.5650)
SCF ITERATION NUMBER  3
     point #   1  energy = -66.000
     point #  20  energy = -54.813
     point #  40  energy = -34.473
     point #  60  energy = -14.132
     point #  80  energy = -11.069
     point # 100  energy = -10.322
New Fermi level:    mu= -10.285 eV  Charge distance=  0.4443 (partial c.d.=  0.9812)
SCF ITERATION NUMBER  4
     point #   1  energy = -66.000
     point #  20  energy = -54.857
     point #  40  energy = -34.597
     point #  60  energy = -14.337
     point #  80  energy = -10.285
     point # 100  energy =  -8.251
New Fermi level:    mu=  -7.789 eV  Charge distance=  0.0678 (partial c.d.=  6.1883)
SCF ITERATION NUMBER  5
     point #   1  energy = -66.000
     point #  20  energy = -54.358
     point #  40  energy = -33.190
     point #  60  energy = -12.023
     point #  80  energy =  -7.789
New Fermi level:    mu=  -7.864 eV  Charge distance=  0.1175 (partial c.d.=  2.3048)
SCF ITERATION NUMBER  6
     point #   1  energy = -66.000
     point #  20  energy = -54.373
     point #  40  energy = -33.233
     point #  60  energy = -12.092
     point #  80  energy =  -7.864
     point # 100  energy =  -8.511
New Fermi level:    mu=  -8.550 eV  Charge distance=  0.1461 (partial c.d.=  1.8334)
SCF ITERATION NUMBER  7
     point #   1  energy = -66.000
     point #  20  energy = -54.510
     point #  40  energy = -33.619
     point #  60  energy = -12.728
     point #  80  energy =  -8.550
New Fermi level:    mu=  -8.967 eV  Charge distance=  0.1285 (partial c.d.=  1.1064)
SCF ITERATION NUMBER  8
     point #   1  energy = -66.000
     point #  20  energy = -54.593
     point #  40  energy = -33.854
     point #  60  energy = -13.114
     point #  80  energy =  -8.967
New Fermi level:    mu=  -9.514 eV  Charge distance=  0.0918 (partial c.d.=  0.3911)
SCF ITERATION NUMBER  9
     point #   1  energy = -66.000
     point #  20  energy = -54.703
     point #  40  energy = -34.162
     point #  60  energy = -13.622
     point #  80  energy =  -9.514
     point # 100  energy = -10.104
New Fermi level:    mu= -10.092 eV  Charge distance=  0.0276 (partial c.d.=  0.2946)
SCF ITERATION NUMBER 10
     point #   1  energy = -66.000
     point #  20  energy = -54.818
     point #  40  energy = -34.488
     point #  60  energy = -14.158
     point #  80  energy = -10.092
New Fermi level:    mu= -10.269 eV  Charge distance=  0.0051 (partial c.d.=  0.1286)
SCF ITERATION NUMBER 11
     point #   1  energy = -66.000
     point #  20  energy = -54.854
     point #  40  energy = -34.588
     point #  60  energy = -14.322
     point #  80  energy = -10.269
New Fermi level:    mu= -10.270 eV  Charge distance=  0.0380 (partial c.d.=  0.0239)
SCF ITERATION NUMBER 12
     point #   1  energy = -66.000
     point #  20  energy = -54.854
     point #  40  energy = -34.588
     point #  60  energy = -14.323
     point #  80  energy = -10.270
New Fermi level:    mu= -10.229 eV  Charge distance=  0.0355 (partial c.d.=  0.0653)
SCF ITERATION NUMBER 13
     point #   1  energy = -66.000
     point #  20  energy = -54.846
     point #  40  energy = -34.565
     point #  60  energy = -14.285
     point #  80  energy = -10.229
New Fermi level:    mu= -10.237 eV  Charge distance=  0.0208 (partial c.d.=  0.0335)
SCF ITERATION NUMBER 14
     point #   1  energy = -66.000
     point #  20  energy = -54.847
     point #  40  energy = -34.570
     point #  60  energy = -14.293
     point #  80  energy = -10.237
New Fermi level:    mu= -10.285 eV  Charge distance=  0.0160 (partial c.d.=  0.0362)
SCF ITERATION NUMBER 15
     point #   1  energy = -66.000
     point #  20  energy = -54.857
     point #  40  energy = -34.597
     point #  60  energy = -14.337
     point #  80  energy = -10.285
New Fermi level:    mu= -10.324 eV  Charge distance=  0.0010 (partial c.d.=  0.0341)
SCF ITERATION NUMBER 16
     point #   1  energy = -66.000
     point #  20  energy = -54.865
     point #  40  energy = -34.619
     point #  60  energy = -14.373
     point #  80  energy = -10.324
New Fermi level:    mu= -10.319 eV  Charge distance=  0.0058 (partial c.d.=  0.0024)
SCF ITERATION NUMBER 17
     point #   1  energy = -66.000
     point #  20  energy = -54.864
     point #  40  energy = -34.616
     point #  60  energy = -14.369
     point #  80  energy = -10.319
New Fermi level:    mu= -10.286 eV  Charge distance=  0.0045 (partial c.d.=  0.0126)
SCF ITERATION NUMBER 18
     point #   1  energy = -66.000
     point #  20  energy = -54.857
     point #  40  energy = -34.598
     point #  60  energy = -14.338
     point #  80  energy = -10.286
New Fermi level:    mu= -10.280 eV  Charge distance=  0.0012 (partial c.d.=  0.0059)
SCF ITERATION NUMBER 19
     point #   1  energy = -66.000
     point #  20  energy = -54.856
     point #  40  energy = -34.594
     point #  60  energy = -14.332
     point #  80  energy = -10.280
New Fermi level:    mu= -10.282 eV  Charge distance=  0.0003 (partial c.d.=  0.0043)
SCF ITERATION NUMBER 20
     point #   1  energy = -66.000
     point #  20  energy = -54.856
     point #  40  energy = -34.596
     point #  60  energy = -14.335
     point #  80  energy = -10.282
New Fermi level:    mu= -10.286 eV  Charge distance=  0.0005 (partial c.d.=  0.0017)
SCF ITERATION NUMBER 21
     point #   1  energy = -66.000
     point #  20  energy = -54.857
     point #  40  energy = -34.598
     point #  60  energy = -14.338
     point #  80  energy = -10.286
New Fermi level:    mu= -10.289 eV  Charge distance=  0.0008 (partial c.d.=  0.0019)
SCF ITERATION NUMBER 22
     point #   1  energy = -66.000
     point #  20  energy = -54.858
     point #  40  energy = -34.599
     point #  60  energy = -14.340
     point #  80  energy = -10.289
New Fermi level:    mu= -10.291 eV  Charge distance=  0.0014 (partial c.d.=  0.0006)
SCF ITERATION NUMBER 23
     point #   1  energy = -66.000
     point #  20  energy = -54.858
     point #  40  energy = -34.600
     point #  60  energy = -14.342
     point #  80  energy = -10.291
New Fermi level:    mu= -10.294 eV  Charge distance=  0.0008 (partial c.d.=  0.0005)
SCF ITERATION NUMBER 24
     point #   1  energy = -66.000
     point #  20  energy = -54.859
     point #  40  energy = -34.602
     point #  60  energy = -14.345
     point #  80  energy = -10.294
New Fermi level:    mu= -10.297 eV  Charge distance=  0.0001 (partial c.d.=  0.0005)
SCF ITERATION NUMBER 25
     point #   1  energy = -66.000
     point #  20  energy = -54.859
     point #  40  energy = -34.604
     point #  60  energy = -14.348
     point #  80  energy = -10.297
New Fermi level:    mu= -10.297 eV  Charge distance=  0.0002 (partial c.d.=  0.0001)
Electronic configuration
  type     l     N_el
     0     0    0.472
     0     1    0.547
     0     2    9.236
     0     3    0.000
     1     0    2.263
     1     1    6.360
     1     2    1.481
     1     3    0.000
     2     0    0.486
     2     1    6.796
     2     2    5.674
     2     3    0.000
     3     0    0.472
     3     1    0.549
     3     2    9.233
     3     3    0.000
     4     0    1.843
     4     1    4.357
     4     2    0.076
     4     3    0.000
Charge transfer:  type  charge
       0   -0.745
       1   -0.897
       2   -0.044
       3   -0.745
       4    0.276
Convergence reached in   25 iterations.
Done with module: potentials.

Calculating screened core-hole potential ...
FMS for a cluster of   27 atoms around iph =   0
    0% of energy integration
   20%
   40%
   60%
   80%
  100%
Preparing response function.
Computing (1 - K Chi0)^-1 v_ch
Done with module: screened core-hole potential.

Calculating cross-section and phases ...
    absorption cross section
 x0,dx,rnrm,inrm,jnrm   8.80000000000000       5.000000000000000E-002
   2.43012573500016              194         195
    phase shifts for unique potential    0
    phase shifts for unique potential    1
    phase shifts for unique potential    2
    phase shifts for unique potential    3
    phase shifts for unique potential    4
Done with module: cross-section and phases (XSPH).

FMS calculation of full Green's function ...
FEFF-serial using 1 thread.
Using   194 energy points.
xprep done
FMS for a cluster of  277 atoms
Energy point    1/ 194
Energy point   10/ 194
Energy point   20/ 194
Energy point   30/ 194
Energy point   40/ 194
Energy point   50/ 194
Energy point   60/ 194
Energy point   70/ 194
Energy point   80/ 194
Energy point   90/ 194
Energy point  100/ 194
Energy point  110/ 194
Energy point  120/ 194
Energy point  130/ 194
Energy point  140/ 194
Energy point  150/ 194
Energy point  160/ 194
Energy point  170/ 194
Energy point  180/ 194
Energy point  190/ 194
Done with module: FMS.

MKGTR: Tracing over Green's function ...
Done with module: MKGTR.

Pathfinder: finding scattering paths...
Preparing plane wave scattering amplitudes
Searching for paths
Eliminating path degeneracies
0 paths retained.
Done with module: pathfinder.

Calculating EXAFS parameters ...
Done with module: EXAFS parameters (GENFMT).

Calculating XAS spectra ...
Done with module: XAS spectra (FF2X: DW + final sum over paths).

 
### feff ends at Mon Aug 14 09:16:50 EDT 2023
 
