### feff starts at Sun Aug 13 09:26:11 EDT 2023
### Serial version
### FeffPath is /sdcc/u/mcarbone/software/JFEFF/hsw/feff90/linux
 
Launching FEFF version FEFF 9.9.1
Core hole lifetime is   1.729 eV.
Your calculation:
 comment: None given
 Source:
 Structure Summary:  Al20 Cu10 O40
 Reduced formula:  Al2CuO4
 space group: (Cm), space number:  (8)
 abc:  5.773059   5.773059  23.711769
 angles: 83.453112  83.453112  59.722684
 sites: 70
Cu K edge XANES using RPA corehole.
Using:     * Self-Consistent Field potentials
Using cards:   ATOMS CONTROL EXCHANGE TITLE RPATH POTENTIALS XANES EDGE SCF FMS S02 COREHOLE EGRID

Calculating atomic potentials ...
    overlapped atomic potential and density for unique potential    0
    overlapped atomic potential and density for unique potential    1
    overlapped atomic potential and density for unique potential    2
    overlapped atomic potential and density for unique potential    3
Done with module: atomic potentials.

Calculating SCF potentials ...
FEFF-serial using 1 thread.
Muffin tin radii and interstitial parameters [bohr]:
type, norman radius, muffin tin, overlap factor
    0  1.32048E+00  1.23504E+00  1.15000E+00
    1  1.32143E+00  1.21544E+00  1.15000E+00
    2  1.29623E+00  1.23729E+00  1.12505E+00
    3  1.07887E+00  1.00041E+00  1.15000E+00
Core-valence separation energy:  ecv=   -40.000 eV
Initial Fermi level:              mu=     1.874 eV
SCF ITERATION NUMBER  1
     point #   1  energy = -40.000
FMS for a cluster of  149 atoms around atom type   0
FMS for a cluster of  143 atoms around atom type   1
FMS for a cluster of  143 atoms around atom type   2
FMS for a cluster of  148 atoms around atom type   3
     point #  20  energy = -28.792
     point #  40  energy =  -8.542
     point #  60  energy =  -4.258
     point #  80  energy =  -3.708
New Fermi level:    mu=  -3.681 eV  Charge distance=  0.6057 (partial c.d.=  7.0768)
SCF ITERATION NUMBER  1
     point #   1  energy = -40.000
FMS for a cluster of  149 atoms around atom type   0
FMS for a cluster of  143 atoms around atom type   1
FMS for a cluster of  143 atoms around atom type   2
FMS for a cluster of  148 atoms around atom type   3
     point #  20  energy = -28.902
     point #  40  energy =  -8.725
     point #  60  energy =  -3.681
     point #  80  energy =  -5.259
     point # 100  energy =  -9.140
     point # 120  energy =  -9.962
     point # 140  energy = -10.246
     point # 160  energy = -10.496
New Fermi level:    mu= -10.524 eV  Charge distance=  0.1815 (partial c.d.=  3.3299)
SCF ITERATION NUMBER  1
     point #   1  energy = -40.000
FMS for a cluster of  149 atoms around atom type   0
FMS for a cluster of  143 atoms around atom type   1
FMS for a cluster of  143 atoms around atom type   2
FMS for a cluster of  148 atoms around atom type   3
     point #  20  energy = -28.819
     point #  40  energy = -10.524
     point #  60  energy = -10.433
     point #  80  energy =  -7.792
     point # 100  energy =  -8.267
New Fermi level:    mu=  -8.454 eV  Charge distance=  0.0675 (partial c.d.=  0.4813)
SCF ITERATION NUMBER  2
     point #   1  energy = -40.000
     point #  20  energy = -28.806
     point #  40  energy =  -8.454
     point #  60  energy =  -8.413
     point #  80  energy =  -7.732
New Fermi level:    mu=  -8.011 eV  Charge distance=  0.1734 (partial c.d.=  0.2098)
SCF ITERATION NUMBER  3
     point #   1  energy = -40.000
     point #  20  energy = -29.004
     point #  40  energy =  -9.011
New Fermi level:    mu=  -8.019 eV  Charge distance=  0.0587 (partial c.d.=  0.1894)
SCF ITERATION NUMBER  4
     point #   1  energy = -40.000
     point #  20  energy = -29.006
     point #  40  energy =  -9.018
     point #  60  energy =  -7.981
New Fermi level:    mu=  -7.956 eV  Charge distance=  0.0163 (partial c.d.=  0.2048)
SCF ITERATION NUMBER  5
     point #   1  energy = -40.000
     point #  20  energy = -28.985
     point #  40  energy =  -8.957
     point #  60  energy =  -7.940
New Fermi level:    mu=  -8.079 eV  Charge distance=  0.0029 (partial c.d.=  0.0670)
SCF ITERATION NUMBER  6
     point #   1  energy = -40.000
     point #  20  energy = -29.027
     point #  40  energy =  -9.076
     point #  60  energy =  -8.116
New Fermi level:    mu=  -8.115 eV  Charge distance=  0.0035 (partial c.d.=  0.0094)
SCF ITERATION NUMBER  7
     point #   1  energy = -40.000
     point #  20  energy = -28.686
     point #  40  energy =  -8.115
New Fermi level:    mu=  -8.142 eV  Charge distance=  0.0012 (partial c.d.=  0.0026)
SCF ITERATION NUMBER  8
     point #   1  energy = -40.000
     point #  20  energy = -28.695
     point #  40  energy =  -8.142
New Fermi level:    mu=  -8.143 eV  Charge distance=  0.0022 (partial c.d.=  0.0010)
SCF ITERATION NUMBER  9
     point #   1  energy = -40.000
     point #  20  energy = -28.696
     point #  40  energy =  -8.143
New Fermi level:    mu=  -8.138 eV  Charge distance=  0.0015 (partial c.d.=  0.0005)
SCF ITERATION NUMBER 10
     point #   1  energy = -40.000
     point #  20  energy = -28.694
     point #  40  energy =  -8.138
New Fermi level:    mu=  -8.140 eV  Charge distance=  0.0001 (partial c.d.=  0.0005)
SCF ITERATION NUMBER 11
     point #   1  energy = -40.000
     point #  20  energy = -28.695
     point #  40  energy =  -8.140
New Fermi level:    mu=  -8.140 eV  Charge distance=  0.0000 (partial c.d.=  0.0003)
SCF ITERATION NUMBER 12
     point #   1  energy = -40.000
     point #  20  energy = -28.695
     point #  40  energy =  -8.140
New Fermi level:    mu=  -8.140 eV  Charge distance=  0.0001 (partial c.d.=  0.0001)
Electronic configuration
  type     l     N_el
     0     0    0.482
     0     1    0.711
     0     2    9.489
     0     3    0.000
     1     0    0.694
     1     1    1.131
     1     2    0.721
     1     3    0.000
     2     0    0.434
     2     1    0.588
     2     2    9.492
     2     3    0.000
     3     0    1.825
     3     1    4.456
     3     2    0.068
     3     3    0.000
Charge transfer:  type  charge
       0   -0.318
       1   -0.454
       2   -0.487
       3    0.349
Convergence reached in   12 iterations.
Done with module: potentials.

Calculating screened core-hole potential ...
FMS for a cluster of   33 atoms around iph =   0
    0% of energy integration
   20%
   40%
   60%
   80%
  100%
Preparing response function.
Computing (1 - K Chi0)^-1 v_ch
Done with module: screened core-hole potential.

Calculating cross-section and phases ...
    absorption cross section
 x0,dx,rnrm,inrm,jnrm   8.80000000000000       5.000000000000000E-002
   2.49534192100012              195         196
    phase shifts for unique potential    0
    phase shifts for unique potential    1
    phase shifts for unique potential    2
    phase shifts for unique potential    3
Done with module: cross-section and phases (XSPH).

FMS calculation of full Green's function ...
FEFF-serial using 1 thread.
Using   194 energy points.
xprep done
FMS for a cluster of  331 atoms
Energy point    1/ 194
Energy point   10/ 194
Energy point   20/ 194
Energy point   30/ 194
Energy point   40/ 194
Energy point   50/ 194
Energy point   60/ 194
Energy point   70/ 194
Energy point   80/ 194
Energy point   90/ 194
Energy point  100/ 194
Energy point  110/ 194
Energy point  120/ 194
Energy point  130/ 194
Energy point  140/ 194
Energy point  150/ 194
Energy point  160/ 194
Energy point  170/ 194
Energy point  180/ 194
Energy point  190/ 194
Done with module: FMS.

MKGTR: Tracing over Green's function ...
Done with module: MKGTR.

Pathfinder: finding scattering paths...
Preparing plane wave scattering amplitudes
Searching for paths
Eliminating path degeneracies
0 paths retained.
Done with module: pathfinder.

Calculating EXAFS parameters ...
Done with module: EXAFS parameters (GENFMT).

Calculating XAS spectra ...
Done with module: XAS spectra (FF2X: DW + final sum over paths).

 
### feff ends at Sun Aug 13 12:43:44 EDT 2023
 
