### feff starts at Mon Aug 14 01:54:41 EDT 2023
### Serial version
### FeffPath is /sdcc/u/mcarbone/software/JFEFF/hsw/feff90/linux
 
Launching FEFF version FEFF 9.9.1
Core hole lifetime is   1.729 eV.
Your calculation:
 comment: None given
 Source:
 Structure Summary:  Li8 Cu8 P16 O48
 Reduced formula:  LiCu(PO3)2
 space group: (P2_1/c), space number:  (14)
 abc:  5.189550  14.185806  14.280466
 angles: 74.649267  90.000000  90.000000
 sites: 80
Cu K edge XANES using RPA corehole.
Using:     * Self-Consistent Field potentials
Using cards:   ATOMS CONTROL EXCHANGE TITLE RPATH POTENTIALS XANES EDGE SCF FMS S02 COREHOLE EGRID

Calculating atomic potentials ...
    overlapped atomic potential and density for unique potential    0
    overlapped atomic potential and density for unique potential    1
    overlapped atomic potential and density for unique potential    2
    overlapped atomic potential and density for unique potential    3
    overlapped atomic potential and density for unique potential    4
Done with module: atomic potentials.

Calculating SCF potentials ...
FEFF-serial using 1 thread.
Muffin tin radii and interstitial parameters [bohr]:
type, norman radius, muffin tin, overlap factor
    0  1.48990E+00  1.42093E+00  1.12773E+00
    1  1.35948E+00  1.29669E+00  1.12738E+00
    2  1.48999E+00  1.42100E+00  1.12775E+00
    3  1.15563E+00  9.39422E-01  1.15000E+00
    4  1.04099E+00  8.99601E-01  1.15000E+00
Core-valence separation energy:  ecv=   -40.000 eV
Initial Fermi level:              mu=     6.205 eV
SCF ITERATION NUMBER  1
     point #   1  energy = -40.000
FMS for a cluster of  107 atoms around atom type   0
FMS for a cluster of  102 atoms around atom type   1
FMS for a cluster of   91 atoms around atom type   2
FMS for a cluster of  108 atoms around atom type   3
FMS for a cluster of  106 atoms around atom type   4
     point #  20  energy = -28.927
     point #  40  energy =  -8.677
     point #  60  energy =  -4.599
     point #  80  energy =  -3.664
New Fermi level:    mu=  -3.655 eV  Charge distance=  0.7921 (partial c.d.=  5.6455)
negative density   1 -262.154 - usually harmless precision error, but check DOS if it persists
SCF ITERATION NUMBER  1
     point #   1  energy = -40.000
FMS for a cluster of  107 atoms around atom type   0
FMS for a cluster of  102 atoms around atom type   1
FMS for a cluster of   91 atoms around atom type   2
FMS for a cluster of  108 atoms around atom type   3
FMS for a cluster of  106 atoms around atom type   4
     point #  20  energy = -28.895
     point #  40  energy =  -8.703
     point #  60  energy =  -3.655
     point #  80  energy =  -5.233
     point # 100  energy =  -7.812
     point # 120  energy =  -7.271
New Fermi level:    mu=  -7.240 eV  Charge distance=  0.3219 (partial c.d.=  4.6888)
negative density   1 -447.348 - usually harmless precision error, but check DOS if it persists
negative density   1  -13.399 - usually harmless precision error, but check DOS if it persists
SCF ITERATION NUMBER  1
     point #   1  energy = -40.000
FMS for a cluster of  107 atoms around atom type   0
FMS for a cluster of  102 atoms around atom type   1
FMS for a cluster of   91 atoms around atom type   2
FMS for a cluster of  108 atoms around atom type   3
FMS for a cluster of  106 atoms around atom type   4
     point #  20  energy = -28.739
     point #  40  energy =  -8.263
     point #  60  energy =  -7.199
New Fermi level:    mu=  -6.942 eV  Charge distance=  0.1544 (partial c.d.=  0.2116)
negative density   1 -614.118 - usually harmless precision error, but check DOS if it persists
negative density   1  -65.596 - usually harmless precision error, but check DOS if it persists
SCF ITERATION NUMBER  2
     point #   1  energy = -40.000
     point #  20  energy = -28.981
     point #  40  energy =  -8.946
     point #  60  energy =  -6.930
New Fermi level:    mu=  -6.590 eV  Charge distance=  0.1540 (partial c.d.=  0.3160)
negative density   1 -901.155 - usually harmless precision error, but check DOS if it persists
negative density   1 -154.377 - usually harmless precision error, but check DOS if it persists
SCF ITERATION NUMBER  3
     point #   1  energy = -40.000
     point #  20  energy = -28.863
     point #  40  energy =  -8.615
     point #  60  energy =  -6.565
New Fermi level:    mu=  -6.495 eV  Charge distance=  0.1965 (partial c.d.=  0.0583)
negative density   1-1360.068 - usually harmless precision error, but check DOS if it persists
negative density   1 -296.011 - usually harmless precision error, but check DOS if it persists
negative density   1  -24.790 - usually harmless precision error, but check DOS if it persists
SCF ITERATION NUMBER  4
     point #   1  energy = -40.000
     point #  20  energy = -28.832
     point #  40  energy =  -8.525
     point #  60  energy =  -6.520
New Fermi level:    mu=  -6.549 eV  Charge distance=  0.0207 (partial c.d.=  0.0528)
negative density   1-1447.478 - usually harmless precision error, but check DOS if it persists
negative density   1 -323.098 - usually harmless precision error, but check DOS if it persists
negative density   1  -36.289 - usually harmless precision error, but check DOS if it persists
SCF ITERATION NUMBER  5
     point #   1  energy = -40.000
     point #  20  energy = -28.850
     point #  40  energy =  -8.577
     point #  60  energy =  -6.574
New Fermi level:    mu=  -6.575 eV  Charge distance=  0.0162 (partial c.d.=  0.0608)
negative density   1-1450.564 - usually harmless precision error, but check DOS if it persists
negative density   1 -324.155 - usually harmless precision error, but check DOS if it persists
negative density   1  -36.760 - usually harmless precision error, but check DOS if it persists
SCF ITERATION NUMBER  6
     point #   1  energy = -40.000
     point #  20  energy = -28.858
     point #  40  energy =  -8.601
     point #  60  energy =  -6.600
New Fermi level:    mu=  -6.608 eV  Charge distance=  0.0045 (partial c.d.=  0.0307)
negative density   1-1470.765 - usually harmless precision error, but check DOS if it persists
negative density   1 -330.543 - usually harmless precision error, but check DOS if it persists
negative density   1  -39.500 - usually harmless precision error, but check DOS if it persists
SCF ITERATION NUMBER  7
     point #   1  energy = -40.000
     point #  20  energy = -28.869
     point #  40  energy =  -8.631
New Fermi level:    mu=  -6.617 eV  Charge distance=  0.0085 (partial c.d.=  0.0054)
negative density   1-1490.276 - usually harmless precision error, but check DOS if it persists
negative density   1 -336.833 - usually harmless precision error, but check DOS if it persists
negative density   1  -42.221 - usually harmless precision error, but check DOS if it persists
SCF ITERATION NUMBER  8
     point #   1  energy = -40.000
     point #  20  energy = -28.872
     point #  40  energy =  -8.640
New Fermi level:    mu=  -6.617 eV  Charge distance=  0.0045 (partial c.d.=  0.0032)
negative density   1-1495.978 - usually harmless precision error, but check DOS if it persists
negative density   1 -338.736 - usually harmless precision error, but check DOS if it persists
negative density   1  -43.057 - usually harmless precision error, but check DOS if it persists
SCF ITERATION NUMBER  9
     point #   1  energy = -40.000
     point #  20  energy = -28.872
     point #  40  energy =  -8.641
New Fermi level:    mu=  -6.612 eV  Charge distance=  0.0028 (partial c.d.=  0.0013)
negative density   1-1501.725 - usually harmless precision error, but check DOS if it persists
negative density   1 -340.608 - usually harmless precision error, but check DOS if it persists
negative density   1  -43.871 - usually harmless precision error, but check DOS if it persists
SCF ITERATION NUMBER 10
     point #   1  energy = -40.000
     point #  20  energy = -28.871
     point #  40  energy =  -8.636
New Fermi level:    mu=  -6.609 eV  Charge distance=  0.0001 (partial c.d.=  0.0015)
negative density   1-1503.556 - usually harmless precision error, but check DOS if it persists
negative density   1 -341.186 - usually harmless precision error, but check DOS if it persists
negative density   1  -44.119 - usually harmless precision error, but check DOS if it persists
SCF ITERATION NUMBER 11
     point #   1  energy = -40.000
     point #  20  energy = -28.870
     point #  40  energy =  -8.633
New Fermi level:    mu=  -6.609 eV  Charge distance=  0.0001 (partial c.d.=  0.0005)
negative density   1-1505.451 - usually harmless precision error, but check DOS if it persists
negative density   1 -341.785 - usually harmless precision error, but check DOS if it persists
negative density   1  -44.376 - usually harmless precision error, but check DOS if it persists
SCF ITERATION NUMBER 12
     point #   1  energy = -40.000
     point #  20  energy = -28.870
     point #  40  energy =  -8.633
New Fermi level:    mu=  -6.609 eV  Charge distance=  0.0001 (partial c.d.=  0.0002)
negative density   1-1508.285 - usually harmless precision error, but check DOS if it persists
negative density   1 -342.681 - usually harmless precision error, but check DOS if it persists
negative density   1  -44.760 - usually harmless precision error, but check DOS if it persists
SCF ITERATION NUMBER 13
     point #   1  energy = -40.000
     point #  20  energy = -28.870
     point #  40  energy =  -8.633
New Fermi level:    mu=  -6.609 eV  Charge distance=  0.0001 (partial c.d.=  0.0001)
Electronic configuration
  type     l     N_el
     0     0    0.561
     0     1    0.653
     0     2    9.648
     0     3    0.000
     1     0    0.277
     1     1    0.568
     1     2    0.000
     1     3    0.000
     2     0    0.563
     2     1    0.653
     2     2    9.650
     2     3    0.000
     3     0    1.177
     3     1    2.010
     3     2    1.014
     3     3    0.000
     4     0    1.847
     4     1    4.390
     4     2    0.078
     4     3    0.000
Charge transfer:  type  charge
       0   -0.137
       1   -0.155
       2   -0.134
       3   -0.799
       4    0.315
Convergence reached in   13 iterations.
Done with module: potentials.

Calculating screened core-hole potential ...
FMS for a cluster of   23 atoms around iph =   0
    0% of energy integration
   20%
   40%
   60%
   80%
  100%
Preparing response function.
Computing (1 - K Chi0)^-1 v_ch
Done with module: screened core-hole potential.

Calculating cross-section and phases ...
    absorption cross section
 x0,dx,rnrm,inrm,jnrm   8.80000000000000       5.000000000000000E-002
   2.81550268900007              197         198
    phase shifts for unique potential    0
    phase shifts for unique potential    1
    phase shifts for unique potential    2
    phase shifts for unique potential    3
    phase shifts for unique potential    4
Done with module: cross-section and phases (XSPH).

FMS calculation of full Green's function ...
FEFF-serial using 1 thread.
Using   194 energy points.
xprep done
FMS for a cluster of  245 atoms
Energy point    1/ 194
Energy point   10/ 194
Energy point   20/ 194
Energy point   30/ 194
Energy point   40/ 194
Energy point   50/ 194
Energy point   60/ 194
Energy point   70/ 194
Energy point   80/ 194
Energy point   90/ 194
Energy point  100/ 194
Energy point  110/ 194
Energy point  120/ 194
Energy point  130/ 194
Energy point  140/ 194
Energy point  150/ 194
Energy point  160/ 194
Energy point  170/ 194
Energy point  180/ 194
Energy point  190/ 194
Done with module: FMS.

MKGTR: Tracing over Green's function ...
Done with module: MKGTR.

Pathfinder: finding scattering paths...
Preparing plane wave scattering amplitudes
Searching for paths
Eliminating path degeneracies
0 paths retained.
Done with module: pathfinder.

Calculating EXAFS parameters ...
Done with module: EXAFS parameters (GENFMT).

Calculating XAS spectra ...
Done with module: XAS spectra (FF2X: DW + final sum over paths).

 
### feff ends at Mon Aug 14 03:23:24 EDT 2023
 
