### feff starts at Sun Aug 13 09:26:10 EDT 2023
### Serial version
### FeffPath is /sdcc/u/mcarbone/software/JFEFF/hsw/feff90/linux
 
Launching FEFF version FEFF 9.9.1
Resetting lmaxsc to 2 for iph =    1.  Use  UNFREEZE to prevent this.
Core hole lifetime is   1.729 eV.
Your calculation:
 comment: None given
 Source:
 Structure Summary:  Ba6 Sc8 Cu6 O24
 Reduced formula:  Ba3Sc4(CuO4)3
 space group: (I4/mcm), space number:  (140)
 abc:  9.503419   9.503419   9.503419
 angles:101.429909 101.429909 127.132618
 sites: 44
Cu K edge XANES using RPA corehole.
Using:     * Self-Consistent Field potentials
Using cards:   ATOMS CONTROL EXCHANGE TITLE RPATH POTENTIALS XANES EDGE SCF FMS S02 COREHOLE EGRID

Calculating atomic potentials ...
    overlapped atomic potential and density for unique potential    0
    overlapped atomic potential and density for unique potential    1
    overlapped atomic potential and density for unique potential    2
    overlapped atomic potential and density for unique potential    3
    overlapped atomic potential and density for unique potential    4
Done with module: atomic potentials.

Calculating SCF potentials ...
FEFF-serial using 1 thread.
Muffin tin radii and interstitial parameters [bohr]:
type, norman radius, muffin tin, overlap factor
    0  1.30830E+00  1.24413E+00  1.13684E+00
    1  1.97274E+00  1.91202E+00  1.08003E+00
    2  1.50882E+00  1.40472E+00  1.15000E+00
    3  1.30598E+00  1.23237E+00  1.15000E+00
    4  1.10879E+00  1.05432E+00  1.13707E+00
Core-valence separation energy:  ecv=   -43.000 eV
Initial Fermi level:              mu=    -2.742 eV
SCF ITERATION NUMBER  1
     point #   1  energy = -43.000
FMS for a cluster of  110 atoms around atom type   0
FMS for a cluster of   99 atoms around atom type   1
FMS for a cluster of  102 atoms around atom type   2
FMS for a cluster of  100 atoms around atom type   3
FMS for a cluster of  104 atoms around atom type   4
     point #  20  energy = -31.911
     point #  40  energy = -11.661
     point #  60  energy =  -7.998
     point #  80  energy =  -7.320
New Fermi level:    mu=  -7.322 eV  Charge distance=  1.6782 (partial c.d.=  6.6206)
SCF ITERATION NUMBER  1
     point #   1  energy = -43.000
FMS for a cluster of  110 atoms around atom type   0
FMS for a cluster of   99 atoms around atom type   1
FMS for a cluster of  102 atoms around atom type   2
FMS for a cluster of  100 atoms around atom type   3
FMS for a cluster of  104 atoms around atom type   4
     point #  20  energy = -31.787
     point #  40  energy = -11.399
     point #  60  energy =  -7.322
     point #  80  energy =  -9.475
     point # 100  energy = -11.612
New Fermi level:    mu= -11.492 eV  Charge distance=  0.5154 (partial c.d.=  8.7498)
SCF ITERATION NUMBER  1
     point #   1  energy = -43.000
FMS for a cluster of  110 atoms around atom type   0
FMS for a cluster of   99 atoms around atom type   1
FMS for a cluster of  102 atoms around atom type   2
FMS for a cluster of  100 atoms around atom type   3
FMS for a cluster of  104 atoms around atom type   4
     point #  20  energy = -31.820
     point #  40  energy = -11.492
     point #  60  energy = -11.451
New Fermi level:    mu= -11.039 eV  Charge distance=  0.3011 (partial c.d.=  0.2081)
SCF ITERATION NUMBER  2
     point #   1  energy = -43.000
     point #  20  energy = -32.014
     point #  40  energy = -12.038
     point #  60  energy = -10.999
     point #  80  energy = -10.311
New Fermi level:    mu= -10.134 eV  Charge distance=  0.4900 (partial c.d.=  0.2959)
SCF ITERATION NUMBER  3
     point #   1  energy = -43.000
     point #  20  energy = -31.702
     point #  40  energy = -11.161
     point #  60  energy = -10.094
     point #  80  energy =  -8.340
New Fermi level:    mu=  -8.067 eV  Charge distance=  0.5632 (partial c.d.=  7.6573)
SCF ITERATION NUMBER  4
     point #   1  energy = -43.000
     point #  20  energy = -32.021
     point #  40  energy = -12.059
     point #  60  energy =  -8.067
     point #  80  energy = -10.054
     point # 100  energy = -10.698
New Fermi level:    mu= -10.413 eV  Charge distance=  0.1020 (partial c.d.=  7.8074)
SCF ITERATION NUMBER  5
     point #   1  energy = -43.000
     point #  20  energy = -31.798
     point #  40  energy = -11.431
     point #  60  energy = -10.375
New Fermi level:    mu= -10.352 eV  Charge distance=  0.1006 (partial c.d.=  0.0365)
SCF ITERATION NUMBER  6
     point #   1  energy = -43.000
     point #  20  energy = -31.777
     point #  40  energy = -11.372
     point #  60  energy = -10.311
     point #  80  energy = -10.043
New Fermi level:    mu= -10.024 eV  Charge distance=  0.0558 (partial c.d.=  0.1526)
SCF ITERATION NUMBER  7
     point #   1  energy = -43.000
     point #  20  energy = -32.008
     point #  40  energy = -12.022
     point #  60  energy = -10.011
     point #  80  energy =  -9.936
New Fermi level:    mu=  -9.856 eV  Charge distance=  0.1495 (partial c.d.=  0.0814)
SCF ITERATION NUMBER  8
     point #   1  energy = -43.000
     point #  20  energy = -31.952
     point #  40  energy = -11.864
     point #  60  energy =  -9.843
     point #  80  energy =  -9.527
New Fermi level:    mu=  -9.527 eV  Charge distance=  0.0114 (partial c.d.=  0.2541)
SCF ITERATION NUMBER  9
     point #   1  energy = -43.000
     point #  20  energy = -31.842
     point #  40  energy = -11.555
     point #  60  energy =  -9.552
New Fermi level:    mu=  -9.596 eV  Charge distance=  0.0433 (partial c.d.=  0.0445)
SCF ITERATION NUMBER 10
     point #   1  energy = -43.000
     point #  20  energy = -31.865
     point #  40  energy = -11.620
     point #  60  energy =  -9.571
New Fermi level:    mu=  -9.576 eV  Charge distance=  0.0203 (partial c.d.=  0.0672)
SCF ITERATION NUMBER 11
     point #   1  energy = -43.000
     point #  20  energy = -31.859
     point #  40  energy = -11.601
New Fermi level:    mu=  -9.587 eV  Charge distance=  0.0031 (partial c.d.=  0.0403)
SCF ITERATION NUMBER 12
     point #   1  energy = -43.000
     point #  20  energy = -31.862
     point #  40  energy = -11.612
New Fermi level:    mu=  -9.576 eV  Charge distance=  0.0023 (partial c.d.=  0.0242)
SCF ITERATION NUMBER 13
     point #   1  energy = -43.000
     point #  20  energy = -31.859
     point #  40  energy = -11.602
New Fermi level:    mu=  -9.574 eV  Charge distance=  0.0019 (partial c.d.=  0.0086)
SCF ITERATION NUMBER 14
     point #   1  energy = -43.000
     point #  20  energy = -31.858
     point #  40  energy = -11.599
New Fermi level:    mu=  -9.568 eV  Charge distance=  0.0010 (partial c.d.=  0.0016)
SCF ITERATION NUMBER 15
     point #   1  energy = -43.000
     point #  20  energy = -31.856
     point #  40  energy = -11.594
New Fermi level:    mu=  -9.565 eV  Charge distance=  0.0002 (partial c.d.=  0.0008)
SCF ITERATION NUMBER 16
     point #   1  energy = -43.000
     point #  20  energy = -31.855
     point #  40  energy = -11.591
New Fermi level:    mu=  -9.565 eV  Charge distance=  0.0004 (partial c.d.=  0.0003)
SCF ITERATION NUMBER 17
     point #   1  energy = -43.000
     point #  20  energy = -31.855
     point #  40  energy = -11.591
New Fermi level:    mu=  -9.566 eV  Charge distance=  0.0000 (partial c.d.=  0.0005)
SCF ITERATION NUMBER 18
     point #   1  energy = -43.000
     point #  20  energy = -31.855
     point #  40  energy = -11.592
New Fermi level:    mu=  -9.566 eV  Charge distance=  0.0000 (partial c.d.=  0.0000)
Electronic configuration
  type     l     N_el
     0     0    0.468
     0     1    0.559
     0     2    9.499
     0     3    0.000
     1     0    2.221
     1     1    6.211
     1     2    0.915
     1     3    0.000
     2     0    0.410
     2     1    6.664
     2     2    1.651
     2     3    0.000
     3     0    0.453
     3     1    0.578
     3     2    9.443
     3     3    0.000
     4     0    1.851
     4     1    4.469
     4     2    0.067
     4     3    0.000
Charge transfer:  type  charge
       0   -0.474
       1   -0.653
       2   -0.275
       3   -0.526
       4    0.387
Convergence reached in   18 iterations.
Done with module: potentials.

Calculating screened core-hole potential ...
FMS for a cluster of   21 atoms around iph =   0
    0% of energy integration
   20%
   40%
   60%
   80%
  100%
Preparing response function.
Computing (1 - K Chi0)^-1 v_ch
Done with module: screened core-hole potential.

Calculating cross-section and phases ...
    absorption cross section
 x0,dx,rnrm,inrm,jnrm   8.80000000000000       5.000000000000000E-002
   2.47233639699986              195         196
    phase shifts for unique potential    0
    phase shifts for unique potential    1
    phase shifts for unique potential    2
    phase shifts for unique potential    3
    phase shifts for unique potential    4
Done with module: cross-section and phases (XSPH).

FMS calculation of full Green's function ...
FEFF-serial using 1 thread.
Using   194 energy points.
xprep done
FMS for a cluster of  220 atoms
Energy point    1/ 194
Energy point   10/ 194
Energy point   20/ 194
Energy point   30/ 194
Energy point   40/ 194
Energy point   50/ 194
Energy point   60/ 194
Energy point   70/ 194
Energy point   80/ 194
Energy point   90/ 194
Energy point  100/ 194
Energy point  110/ 194
Energy point  120/ 194
Energy point  130/ 194
Energy point  140/ 194
Energy point  150/ 194
Energy point  160/ 194
Energy point  170/ 194
Energy point  180/ 194
Energy point  190/ 194
Done with module: FMS.

MKGTR: Tracing over Green's function ...
Done with module: MKGTR.

Pathfinder: finding scattering paths...
Preparing plane wave scattering amplitudes
Searching for paths
Eliminating path degeneracies
0 paths retained.
Done with module: pathfinder.

Calculating EXAFS parameters ...
Done with module: EXAFS parameters (GENFMT).

Calculating XAS spectra ...
Done with module: XAS spectra (FF2X: DW + final sum over paths).

 
### feff ends at Sun Aug 13 11:07:38 EDT 2023
 
