### feff starts at Sun Aug 13 13:10:31 EDT 2023
### Serial version
### FeffPath is /sdcc/u/mcarbone/software/JFEFF/hsw/feff90/linux
 
Launching FEFF version FEFF 9.9.1
Resetting lmaxsc to 2 for iph =    2.  Use  UNFREEZE to prevent this.
Core hole lifetime is   1.729 eV.
Your calculation:
 comment: None given
 Source:
 Structure Summary:  Cu8 Pb16 I24 O16
 Reduced formula:  CuPb2I3O2
 space group: (Fddd), space number:  (70)
 abc: 15.257352  14.060105  13.662681
 angles: 66.764762  57.863932  55.371305
 sites: 64
Cu K edge XANES using RPA corehole.
Using:     * Self-Consistent Field potentials
Using cards:   ATOMS CONTROL EXCHANGE TITLE RPATH POTENTIALS XANES EDGE SCF FMS S02 COREHOLE EGRID

Calculating atomic potentials ...
    overlapped atomic potential and density for unique potential    0
    overlapped atomic potential and density for unique potential    1
    overlapped atomic potential and density for unique potential    2
    overlapped atomic potential and density for unique potential    3
    overlapped atomic potential and density for unique potential    4
Done with module: atomic potentials.

Calculating SCF potentials ...
FEFF-serial using 1 thread.
Muffin tin radii and interstitial parameters [bohr]:
type, norman radius, muffin tin, overlap factor
    0  1.44569E+00  1.27392E+00  1.15000E+00
    1  1.43311E+00  1.25906E+00  1.15000E+00
    2  1.73102E+00  1.57772E+00  1.15000E+00
    3  1.93743E+00  1.69235E+00  1.15000E+00
    4  1.15910E+00  1.05596E+00  1.15000E+00
Core-valence separation energy:  ecv=   -40.000 eV
Initial Fermi level:              mu=    -1.323 eV
SCF ITERATION NUMBER  1
     point #   1  energy = -40.000
FMS for a cluster of   47 atoms around atom type   0
FMS for a cluster of   42 atoms around atom type   1
FMS for a cluster of   37 atoms around atom type   2
FMS for a cluster of   45 atoms around atom type   3
FMS for a cluster of   42 atoms around atom type   4
     point #  20  energy = -28.820
     point #  40  energy =  -8.570
     point #  60  energy =  -4.014
New Fermi level:    mu=  -3.882 eV  Charge distance=  0.5882 (partial c.d.= 10.3560)
SCF ITERATION NUMBER  1
     point #   1  energy = -40.000
FMS for a cluster of   47 atoms around atom type   0
FMS for a cluster of   42 atoms around atom type   1
FMS for a cluster of   37 atoms around atom type   2
FMS for a cluster of   45 atoms around atom type   3
FMS for a cluster of   42 atoms around atom type   4
     point #  20  energy = -28.964
     point #  40  energy =  -8.898
     point #  60  energy =  -3.882
     point #  80  energy =  -5.541
     point # 100  energy =  -5.500
New Fermi level:    mu=  -5.391 eV  Charge distance=  0.2224 (partial c.d.=  3.2058)
SCF ITERATION NUMBER  1
     point #   1  energy = -40.000
FMS for a cluster of   47 atoms around atom type   0
FMS for a cluster of   42 atoms around atom type   1
FMS for a cluster of   37 atoms around atom type   2
FMS for a cluster of   45 atoms around atom type   3
FMS for a cluster of   42 atoms around atom type   4
     point #  20  energy = -28.803
     point #  40  energy =  -8.445
     point #  60  energy =  -5.378
New Fermi level:    mu=  -5.162 eV  Charge distance=  0.1017 (partial c.d.=  0.1964)
SCF ITERATION NUMBER  2
     point #   1  energy = -40.000
     point #  20  energy = -28.729
     point #  40  energy =  -8.236
     point #  60  energy =  -5.150
New Fermi level:    mu=  -5.054 eV  Charge distance=  0.1815 (partial c.d.=  0.1685)
SCF ITERATION NUMBER  3
     point #   1  energy = -40.000
     point #  20  energy = -29.017
     point #  40  energy =  -9.048
     point #  60  energy =  -5.054
New Fermi level:    mu=  -5.036 eV  Charge distance=  0.0305 (partial c.d.=  0.0828)
SCF ITERATION NUMBER  4
     point #   1  energy = -40.000
     point #  20  energy = -29.011
     point #  40  energy =  -9.032
     point #  60  energy =  -5.036
New Fermi level:    mu=  -5.080 eV  Charge distance=  0.0034 (partial c.d.=  0.0709)
SCF ITERATION NUMBER  5
     point #   1  energy = -40.000
     point #  20  energy = -28.702
     point #  40  energy =  -8.161
     point #  60  energy =  -5.067
New Fermi level:    mu=  -5.073 eV  Charge distance=  0.0050 (partial c.d.=  0.0156)
SCF ITERATION NUMBER  6
     point #   1  energy = -40.000
     point #  20  energy = -28.700
     point #  40  energy =  -8.155
     point #  60  energy =  -5.061
New Fermi level:    mu=  -5.072 eV  Charge distance=  0.0051 (partial c.d.=  0.0039)
SCF ITERATION NUMBER  7
     point #   1  energy = -40.000
     point #  20  energy = -28.700
     point #  40  energy =  -8.154
     point #  60  energy =  -5.059
New Fermi level:    mu=  -5.068 eV  Charge distance=  0.0070 (partial c.d.=  0.0026)
SCF ITERATION NUMBER  8
     point #   1  energy = -40.000
     point #  20  energy = -29.021
     point #  40  energy =  -9.060
     point #  60  energy =  -5.068
New Fermi level:    mu=  -5.062 eV  Charge distance=  0.0008 (partial c.d.=  0.0025)
SCF ITERATION NUMBER  9
     point #   1  energy = -40.000
     point #  20  energy = -29.020
     point #  40  energy =  -9.055
     point #  60  energy =  -5.062
New Fermi level:    mu=  -5.062 eV  Charge distance=  0.0011 (partial c.d.=  0.0006)
SCF ITERATION NUMBER 10
     point #   1  energy = -40.000
     point #  20  energy = -29.019
     point #  40  energy =  -9.055
     point #  60  energy =  -5.062
New Fermi level:    mu=  -5.062 eV  Charge distance=  0.0001 (partial c.d.=  0.0007)
SCF ITERATION NUMBER 11
     point #   1  energy = -40.000
     point #  20  energy = -29.020
     point #  40  energy =  -9.055
     point #  60  energy =  -5.062
New Fermi level:    mu=  -5.062 eV  Charge distance=  0.0001 (partial c.d.=  0.0001)
Electronic configuration
  type     l     N_el
     0     0    0.581
     0     1    0.586
     0     2    9.713
     0     3    0.000
     1     0    0.565
     1     1    0.578
     1     2    9.705
     1     3    0.000
     2     0    1.773
     2     1    1.399
     2     2   10.343
     2     3    0.000
     3     0    1.995
     3     1    4.845
     3     2    0.225
     3     3    0.000
     4     0    1.908
     4     1    4.508
     4     2    0.048
     4     3    0.000
Charge transfer:  type  charge
       0   -0.120
       1   -0.152
       2   -0.485
       3    0.065
       4    0.463
Convergence reached in   11 iterations.
Done with module: potentials.

Calculating screened core-hole potential ...
FMS for a cluster of    8 atoms around iph =   0
    0% of energy integration
   20%
   40%
   60%
   80%
  100%
Preparing response function.
Computing (1 - K Chi0)^-1 v_ch
Done with module: screened core-hole potential.

Calculating cross-section and phases ...
    absorption cross section
 x0,dx,rnrm,inrm,jnrm   8.80000000000000       5.000000000000000E-002
   2.73195596900001              197         198
    phase shifts for unique potential    0
    phase shifts for unique potential    1
    phase shifts for unique potential    2
    phase shifts for unique potential    3
    phase shifts for unique potential    4
Done with module: cross-section and phases (XSPH).

FMS calculation of full Green's function ...
FEFF-serial using 1 thread.
Using   194 energy points.
xprep done
FMS for a cluster of   97 atoms
Energy point    1/ 194
Energy point   10/ 194
Energy point   20/ 194
Energy point   30/ 194
Energy point   40/ 194
Energy point   50/ 194
Energy point   60/ 194
Energy point   70/ 194
Energy point   80/ 194
Energy point   90/ 194
Energy point  100/ 194
Energy point  110/ 194
Energy point  120/ 194
Energy point  130/ 194
Energy point  140/ 194
Energy point  150/ 194
Energy point  160/ 194
Energy point  170/ 194
Energy point  180/ 194
Energy point  190/ 194
Done with module: FMS.

MKGTR: Tracing over Green's function ...
Done with module: MKGTR.

Pathfinder: finding scattering paths...
Preparing plane wave scattering amplitudes
Searching for paths
Eliminating path degeneracies
0 paths retained.
Done with module: pathfinder.

Calculating EXAFS parameters ...
Done with module: EXAFS parameters (GENFMT).

Calculating XAS spectra ...
Done with module: XAS spectra (FF2X: DW + final sum over paths).

 
### feff ends at Sun Aug 13 13:20:21 EDT 2023
 
