### feff starts at Sun Aug 13 09:26:11 EDT 2023
### Serial version
### FeffPath is /sdcc/u/mcarbone/software/JFEFF/hsw/feff90/linux
 
Launching FEFF version FEFF 9.9.1
Core hole lifetime is   1.729 eV.
Your calculation:
 comment: None given
 Source:
 Structure Summary:  Ca4 Cu4 O8
 Reduced formula:  CaCuO2
 space group: (P-1), space number:  (2)
 abc:  3.600677   7.783586   8.216919
 angles:105.447264  98.230961  94.783042
 sites: 16
Cu K edge XANES using RPA corehole.
Using:     * Self-Consistent Field potentials
Using cards:   ATOMS CONTROL EXCHANGE TITLE RPATH POTENTIALS XANES EDGE SCF FMS S02 COREHOLE EGRID

Calculating atomic potentials ...
    overlapped atomic potential and density for unique potential    0
    overlapped atomic potential and density for unique potential    1
    overlapped atomic potential and density for unique potential    2
    overlapped atomic potential and density for unique potential    3
Done with module: atomic potentials.

Calculating SCF potentials ...
FEFF-serial using 1 thread.
Muffin tin radii and interstitial parameters [bohr]:
type, norman radius, muffin tin, overlap factor
    0  1.30747E+00  1.19956E+00  1.15000E+00
    1  1.71161E+00  1.63183E+00  1.12875E+00
    2  1.27426E+00  1.17576E+00  1.15000E+00
    3  1.09116E+00  1.00429E+00  1.15000E+00
Core-valence separation energy:  ecv=   -40.000 eV
Initial Fermi level:              mu=    -1.377 eV
SCF ITERATION NUMBER  1
     point #   1  energy = -40.000
FMS for a cluster of  110 atoms around atom type   0
FMS for a cluster of   99 atoms around atom type   1
FMS for a cluster of  109 atoms around atom type   2
FMS for a cluster of  102 atoms around atom type   3
     point #  20  energy = -28.831
     point #  40  energy =  -8.581
     point #  60  energy =  -6.713
New Fermi level:    mu=  -6.063 eV  Charge distance=  1.2149 (partial c.d.=  6.8011)
SCF ITERATION NUMBER  1
     point #   1  energy = -40.000
FMS for a cluster of  110 atoms around atom type   0
FMS for a cluster of   99 atoms around atom type   1
FMS for a cluster of  109 atoms around atom type   2
FMS for a cluster of  102 atoms around atom type   3
     point #  20  energy = -29.020
     point #  40  energy =  -9.057
     point #  60  energy =  -6.075
     point #  80  energy =  -8.397
     point # 100  energy = -11.044
New Fermi level:    mu= -10.877 eV  Charge distance=  0.3712 (partial c.d.=  6.4335)
SCF ITERATION NUMBER  1
     point #   1  energy = -40.000
FMS for a cluster of  110 atoms around atom type   0
FMS for a cluster of   99 atoms around atom type   1
FMS for a cluster of  109 atoms around atom type   2
FMS for a cluster of  102 atoms around atom type   3
     point #  20  energy = -28.953
     point #  40  energy = -10.877
     point #  60  energy = -11.002
New Fermi level:    mu= -11.219 eV  Charge distance=  0.2047 (partial c.d.=  0.3641)
SCF ITERATION NUMBER  2
     point #   1  energy = -40.000
     point #  20  energy = -28.693
     point #  40  energy = -11.219
     point #  60  energy = -11.050
     point #  80  energy =  -9.400
New Fermi level:    mu=  -9.524 eV  Charge distance=  0.2828 (partial c.d.=  0.5443)
SCF ITERATION NUMBER  3
     point #   1  energy = -40.000
     point #  20  energy = -28.826
     point #  40  energy =  -9.524
     point #  60  energy =  -9.433
New Fermi level:    mu=  -8.887 eV  Charge distance=  0.0787 (partial c.d.=  0.2560)
SCF ITERATION NUMBER  4
     point #   1  energy = -40.000
     point #  20  energy = -28.960
     point #  40  energy =  -8.887
     point #  60  energy =  -8.927
New Fermi level:    mu=  -9.376 eV  Charge distance=  0.0624 (partial c.d.=  0.2289)
SCF ITERATION NUMBER  5
     point #   1  energy = -40.000
     point #  20  energy = -28.771
     point #  40  energy =  -9.376
     point #  60  energy =  -9.280
New Fermi level:    mu=  -9.096 eV  Charge distance=  0.0375 (partial c.d.=  0.2532)
SCF ITERATION NUMBER  6
     point #   1  energy = -40.000
     point #  20  energy = -29.034
     point #  40  energy =  -9.096
     point #  60  energy =  -9.165
New Fermi level:    mu=  -9.366 eV  Charge distance=  0.0102 (partial c.d.=  0.1739)
SCF ITERATION NUMBER  7
     point #   1  energy = -40.000
     point #  20  energy = -28.767
     point #  40  energy =  -9.366
New Fermi level:    mu=  -9.333 eV  Charge distance=  0.0027 (partial c.d.=  0.0748)
SCF ITERATION NUMBER  8
     point #   1  energy = -40.000
     point #  20  energy = -28.755
     point #  40  energy =  -9.333
New Fermi level:    mu=  -9.319 eV  Charge distance=  0.0051 (partial c.d.=  0.0246)
SCF ITERATION NUMBER  9
     point #   1  energy = -40.000
     point #  20  energy = -28.750
     point #  40  energy =  -9.319
New Fermi level:    mu=  -9.308 eV  Charge distance=  0.0032 (partial c.d.=  0.0207)
SCF ITERATION NUMBER 10
     point #   1  energy = -40.000
     point #  20  energy = -28.746
     point #  40  energy =  -9.308
New Fermi level:    mu=  -9.302 eV  Charge distance=  0.0027 (partial c.d.=  0.0020)
SCF ITERATION NUMBER 11
     point #   1  energy = -40.000
     point #  20  energy = -28.744
     point #  40  energy =  -9.302
New Fermi level:    mu=  -9.297 eV  Charge distance=  0.0002 (partial c.d.=  0.0026)
SCF ITERATION NUMBER 12
     point #   1  energy = -40.000
     point #  20  energy = -28.742
     point #  40  energy =  -9.297
New Fermi level:    mu=  -9.297 eV  Charge distance=  0.0002 (partial c.d.=  0.0004)
SCF ITERATION NUMBER 13
     point #   1  energy = -40.000
     point #  20  energy = -28.742
     point #  40  energy =  -9.297
New Fermi level:    mu=  -9.297 eV  Charge distance=  0.0000 (partial c.d.=  0.0001)
Electronic configuration
  type     l     N_el
     0     0    0.535
     0     1    0.636
     0     2    9.471
     0     3    0.000
     1     0    0.381
     1     1    6.563
     1     2    1.078
     1     3    0.000
     2     0    0.503
     2     1    0.596
     2     2    9.362
     2     3    0.000
     3     0    1.851
     3     1    4.318
     3     2    0.090
     3     3    0.000
Charge transfer:  type  charge
       0   -0.357
       1    0.022
       2   -0.539
       3    0.258
Convergence reached in   13 iterations.
Done with module: potentials.

Calculating screened core-hole potential ...
FMS for a cluster of   20 atoms around iph =   0
    0% of energy integration
   20%
   40%
   60%
   80%
  100%
Preparing response function.
Computing (1 - K Chi0)^-1 v_ch
Done with module: screened core-hole potential.

Calculating cross-section and phases ...
    absorption cross section
 x0,dx,rnrm,inrm,jnrm   8.80000000000000       5.000000000000000E-002
   2.47075267600020              195         196
    phase shifts for unique potential    0
    phase shifts for unique potential    1
    phase shifts for unique potential    2
    phase shifts for unique potential    3
Done with module: cross-section and phases (XSPH).

FMS calculation of full Green's function ...
FEFF-serial using 1 thread.
Using   194 energy points.
xprep done
FMS for a cluster of  229 atoms
Energy point    1/ 194
Energy point   10/ 194
Energy point   20/ 194
Energy point   30/ 194
Energy point   40/ 194
Energy point   50/ 194
Energy point   60/ 194
Energy point   70/ 194
Energy point   80/ 194
Energy point   90/ 194
Energy point  100/ 194
Energy point  110/ 194
Energy point  120/ 194
Energy point  130/ 194
Energy point  140/ 194
Energy point  150/ 194
Energy point  160/ 194
Energy point  170/ 194
Energy point  180/ 194
Energy point  190/ 194
Done with module: FMS.

MKGTR: Tracing over Green's function ...
Done with module: MKGTR.

Pathfinder: finding scattering paths...
Preparing plane wave scattering amplitudes
Searching for paths
Eliminating path degeneracies
0 paths retained.
Done with module: pathfinder.

Calculating EXAFS parameters ...
Done with module: EXAFS parameters (GENFMT).

Calculating XAS spectra ...
Done with module: XAS spectra (FF2X: DW + final sum over paths).

 
### feff ends at Sun Aug 13 10:53:21 EDT 2023
 
