### feff starts at Mon Aug 14 11:20:13 EDT 2023
### Serial version
### FeffPath is /sdcc/u/mcarbone/software/JFEFF/hsw/feff90/linux
 
Launching FEFF version FEFF 9.9.1
Resetting lmaxsc to 2 for iph =    3.  Use  UNFREEZE to prevent this.
Core hole lifetime is   1.729 eV.
Your calculation:
 comment: None given
 Source:
 Structure Summary:  Mg8 Cu8 Bi8 O40
 Reduced formula:  MgCuBiO5
 space group: (Pbca), space number:  (61)
 abc:  5.146939  10.069294  15.660944
 angles: 90.000000  90.000000  90.000000
 sites: 64
Cu K edge XANES using RPA corehole.
Using:     * Self-Consistent Field potentials
Using cards:   ATOMS CONTROL EXCHANGE TITLE RPATH POTENTIALS XANES EDGE SCF FMS S02 COREHOLE EGRID

Calculating atomic potentials ...
    overlapped atomic potential and density for unique potential    0
    overlapped atomic potential and density for unique potential    1
    overlapped atomic potential and density for unique potential    2
    overlapped atomic potential and density for unique potential    3
    overlapped atomic potential and density for unique potential    4
Done with module: atomic potentials.

Calculating SCF potentials ...
FEFF-serial using 1 thread.
Muffin tin radii and interstitial parameters [bohr]:
type, norman radius, muffin tin, overlap factor
    0  1.25970E+00  1.14321E+00  1.15000E+00
    1  1.48671E+00  1.41025E+00  1.14482E+00
    2  1.25970E+00  1.14321E+00  1.15000E+00
    3  1.57888E+00  1.47824E+00  1.15000E+00
    4  1.09528E+00  1.00716E+00  1.15000E+00
Core-valence separation energy:  ecv=   -40.000 eV
Initial Fermi level:              mu=     1.039 eV
SCF ITERATION NUMBER  1
     point #   1  energy = -40.000
FMS for a cluster of  110 atoms around atom type   0
FMS for a cluster of  107 atoms around atom type   1
FMS for a cluster of  107 atoms around atom type   2
FMS for a cluster of  103 atoms around atom type   3
FMS for a cluster of  107 atoms around atom type   4
     point #  20  energy = -28.955
     point #  40  energy =  -8.705
     point #  60  energy =  -5.467
     point #  80  energy =  -4.555
New Fermi level:    mu=  -4.566 eV  Charge distance=  0.8676 (partial c.d.= 10.5516)
SCF ITERATION NUMBER  1
     point #   1  energy = -40.000
FMS for a cluster of  110 atoms around atom type   0
FMS for a cluster of  107 atoms around atom type   1
FMS for a cluster of  107 atoms around atom type   2
FMS for a cluster of  103 atoms around atom type   3
FMS for a cluster of  107 atoms around atom type   4
     point #  20  energy = -28.864
     point #  40  energy =  -8.616
     point #  60  energy =  -4.566
     point #  80  energy =  -6.523
     point # 100  energy =  -9.873
New Fermi level:    mu= -10.178 eV  Charge distance=  0.3298 (partial c.d.=  4.5797)
SCF ITERATION NUMBER  1
     point #   1  energy = -40.000
FMS for a cluster of  110 atoms around atom type   0
FMS for a cluster of  107 atoms around atom type   1
FMS for a cluster of  107 atoms around atom type   2
FMS for a cluster of  103 atoms around atom type   3
FMS for a cluster of  107 atoms around atom type   4
     point #  20  energy = -28.688
     point #  40  energy = -10.178
     point #  60  energy = -10.087
     point #  80  energy =  -8.865
New Fermi level:    mu=  -8.949 eV  Charge distance=  0.2078 (partial c.d.=  0.5323)
SCF ITERATION NUMBER  2
     point #   1  energy = -40.000
     point #  20  energy = -28.982
     point #  40  energy =  -8.949
     point #  60  energy =  -8.908
     point #  80  energy =  -8.174
New Fermi level:    mu=  -8.180 eV  Charge distance=  0.2200 (partial c.d.=  0.5979)
SCF ITERATION NUMBER  3
     point #   1  energy = -40.000
     point #  20  energy = -28.709
     point #  40  energy =  -8.180
     point #  60  energy =  -8.221
     point #  80  energy =  -9.033
New Fermi level:    mu=  -9.071 eV  Charge distance=  0.3055 (partial c.d.=  0.8005)
SCF ITERATION NUMBER  4
     point #   1  energy = -40.000
     point #  20  energy = -29.025
     point #  40  energy =  -9.071
     point #  60  energy =  -9.030
New Fermi level:    mu=  -8.524 eV  Charge distance=  0.0667 (partial c.d.=  0.6057)
SCF ITERATION NUMBER  5
     point #   1  energy = -40.000
     point #  20  energy = -28.831
     point #  40  energy =  -8.524
     point #  60  energy =  -8.574
New Fermi level:    mu=  -8.571 eV  Charge distance=  0.0175 (partial c.d.=  0.0924)
SCF ITERATION NUMBER  6
     point #   1  energy = -40.000
     point #  20  energy = -28.848
     point #  40  energy =  -8.571
     point #  60  energy =  -8.621
New Fermi level:    mu=  -8.613 eV  Charge distance=  0.0098 (partial c.d.=  0.1952)
SCF ITERATION NUMBER  7
     point #   1  energy = -40.000
     point #  20  energy = -28.863
     point #  40  energy =  -8.613
New Fermi level:    mu=  -8.596 eV  Charge distance=  0.0078 (partial c.d.=  0.1862)
SCF ITERATION NUMBER  8
     point #   1  energy = -40.000
     point #  20  energy = -28.857
     point #  40  energy =  -8.596
New Fermi level:    mu=  -8.602 eV  Charge distance=  0.0144 (partial c.d.=  0.0095)
SCF ITERATION NUMBER  9
     point #   1  energy = -40.000
     point #  20  energy = -28.859
     point #  40  energy =  -8.602
New Fermi level:    mu=  -8.600 eV  Charge distance=  0.0016 (partial c.d.=  0.0208)
SCF ITERATION NUMBER 10
     point #   1  energy = -40.000
     point #  20  energy = -28.858
     point #  40  energy =  -8.600
New Fermi level:    mu=  -8.595 eV  Charge distance=  0.0003 (partial c.d.=  0.0063)
SCF ITERATION NUMBER 11
     point #   1  energy = -40.000
     point #  20  energy = -28.856
     point #  40  energy =  -8.595
New Fermi level:    mu=  -8.591 eV  Charge distance=  0.0006 (partial c.d.=  0.0020)
SCF ITERATION NUMBER 12
     point #   1  energy = -40.000
     point #  20  energy = -28.855
     point #  40  energy =  -8.591
New Fermi level:    mu=  -8.590 eV  Charge distance=  0.0001 (partial c.d.=  0.0024)
SCF ITERATION NUMBER 13
     point #   1  energy = -40.000
     point #  20  energy = -28.855
     point #  40  energy =  -8.590
New Fermi level:    mu=  -8.591 eV  Charge distance=  0.0001 (partial c.d.=  0.0002)
SCF ITERATION NUMBER 14
     point #   1  energy = -40.000
     point #  20  energy = -28.855
     point #  40  energy =  -8.591
New Fermi level:    mu=  -8.591 eV  Charge distance=  0.0001 (partial c.d.=  0.0002)
Electronic configuration
  type     l     N_el
     0     0    0.498
     0     1    0.657
     0     2    9.267
     0     3    0.000
     1     0    0.497
     1     1    0.797
     1     2    0.566
     1     3    0.000
     2     0    0.498
     2     1    0.657
     2     2    9.268
     2     3    0.000
     3     0    1.742
     3     1    1.525
     3     2   10.572
     3     3    0.000
     4     0    1.854
     4     1    4.445
     4     2    0.077
     4     3    0.000
Charge transfer:  type  charge
       0   -0.577
       1   -0.141
       2   -0.577
       3   -1.161
       4    0.376
Convergence reached in   14 iterations.
Done with module: potentials.

Calculating screened core-hole potential ...
FMS for a cluster of   21 atoms around iph =   0
    0% of energy integration
   20%
   40%
   60%
   80%
  100%
Preparing response function.
Computing (1 - K Chi0)^-1 v_ch
Done with module: screened core-hole potential.

Calculating cross-section and phases ...
    absorption cross section
 x0,dx,rnrm,inrm,jnrm   8.80000000000000       5.000000000000000E-002
   2.38048830799991              194         195
    phase shifts for unique potential    0
    phase shifts for unique potential    1
    phase shifts for unique potential    2
    phase shifts for unique potential    3
    phase shifts for unique potential    4
Done with module: cross-section and phases (XSPH).

FMS calculation of full Green's function ...
FEFF-serial using 1 thread.
Using   194 energy points.
xprep done
FMS for a cluster of  240 atoms
Energy point    1/ 194
Energy point   10/ 194
Energy point   20/ 194
Energy point   30/ 194
Energy point   40/ 194
Energy point   50/ 194
Energy point   60/ 194
Energy point   70/ 194
Energy point   80/ 194
Energy point   90/ 194
Energy point  100/ 194
Energy point  110/ 194
Energy point  120/ 194
Energy point  130/ 194
Energy point  140/ 194
Energy point  150/ 194
Energy point  160/ 194
Energy point  170/ 194
Energy point  180/ 194
Energy point  190/ 194
Done with module: FMS.

MKGTR: Tracing over Green's function ...
Done with module: MKGTR.

Pathfinder: finding scattering paths...
Preparing plane wave scattering amplitudes
Searching for paths
Eliminating path degeneracies
0 paths retained.
Done with module: pathfinder.

Calculating EXAFS parameters ...
Done with module: EXAFS parameters (GENFMT).

Calculating XAS spectra ...
Done with module: XAS spectra (FF2X: DW + final sum over paths).

 
### feff ends at Mon Aug 14 13:02:44 EDT 2023
 
