### feff starts at Sun Aug 13 09:26:10 EDT 2023
### Serial version
### FeffPath is /sdcc/u/mcarbone/software/JFEFF/hsw/feff90/linux
 
Launching FEFF version FEFF 9.9.1
Resetting lmaxsc to 2 for iph =    1.  Use  UNFREEZE to prevent this.
Resetting lmaxsc to 2 for iph =    2.  Use  UNFREEZE to prevent this.
Core hole lifetime is   1.729 eV.
Your calculation:
 comment: None given
 Source:
 Structure Summary:  Ba2 Tl1 Cu1 O5
 Reduced formula:  Ba2TlCuO5
 space group: (P4/mmm), space number:  (123)
 abc:  3.817261   3.817261   9.866732
 angles: 90.000000  90.000000  90.000000
 sites: 9
Cu K edge XANES using RPA corehole.
Using:     * Self-Consistent Field potentials
Using cards:   ATOMS CONTROL EXCHANGE TITLE RPATH POTENTIALS XANES EDGE SCF FMS S02 COREHOLE EGRID

Calculating atomic potentials ...
    overlapped atomic potential and density for unique potential    0
    overlapped atomic potential and density for unique potential    1
    overlapped atomic potential and density for unique potential    2
    overlapped atomic potential and density for unique potential    3
    overlapped atomic potential and density for unique potential    4
Done with module: atomic potentials.

Calculating SCF potentials ...
FEFF-serial using 1 thread.
Muffin tin radii and interstitial parameters [bohr]:
type, norman radius, muffin tin, overlap factor
    0  1.27475E+00  1.17057E+00  1.15000E+00
    1  1.99008E+00  1.93865E+00  1.06599E+00
    2  1.60178E+00  1.42211E+00  1.15000E+00
    3  1.27475E+00  1.17057E+00  1.15000E+00
    4  1.11553E+00  1.06318E+00  1.12981E+00
Core-valence separation energy:  ecv=   -41.500 eV
Initial Fermi level:              mu=    -2.080 eV
SCF ITERATION NUMBER  1
     point #   1  energy = -41.500
FMS for a cluster of   93 atoms around atom type   0
FMS for a cluster of   85 atoms around atom type   1
FMS for a cluster of   72 atoms around atom type   2
FMS for a cluster of   82 atoms around atom type   3
FMS for a cluster of   89 atoms around atom type   4
     point #  20  energy = -30.376
     point #  40  energy = -10.126
     point #  60  energy =  -7.005
     point #  80  energy =  -6.133
New Fermi level:    mu=  -6.130 eV  Charge distance=  1.0961 (partial c.d.= 10.1503)
SCF ITERATION NUMBER  1
     point #   1  energy = -41.500
FMS for a cluster of   93 atoms around atom type   0
FMS for a cluster of   85 atoms around atom type   1
FMS for a cluster of   72 atoms around atom type   2
FMS for a cluster of   82 atoms around atom type   3
FMS for a cluster of   89 atoms around atom type   4
     point #  20  energy = -30.384
     point #  40  energy = -10.172
     point #  60  energy =  -6.130
     point #  80  energy =  -8.283
     point # 100  energy = -10.805
     point # 120  energy = -11.230
     point # 140  energy = -11.480
New Fermi level:    mu= -11.470 eV  Charge distance=  0.3158 (partial c.d.=  5.7176)
SCF ITERATION NUMBER  1
     point #   1  energy = -41.500
FMS for a cluster of   93 atoms around atom type   0
FMS for a cluster of   85 atoms around atom type   1
FMS for a cluster of   72 atoms around atom type   2
FMS for a cluster of   82 atoms around atom type   3
FMS for a cluster of   89 atoms around atom type   4
     point #  20  energy = -30.489
     point #  40  energy = -11.470
     point #  60  energy = -11.380
     point #  80  energy =  -9.895
New Fermi level:    mu=  -9.947 eV  Charge distance=  0.1751 (partial c.d.=  0.3021)
SCF ITERATION NUMBER  2
     point #   1  energy = -41.500
     point #  20  energy = -30.304
     point #  40  energy =  -9.947
     point #  60  energy =  -9.907
     point #  80  energy =  -9.004
New Fermi level:    mu=  -9.027 eV  Charge distance=  0.2794 (partial c.d.=  0.4605)
SCF ITERATION NUMBER  3
     point #   1  energy = -41.500
     point #  20  energy = -30.337
     point #  40  energy = -10.042
     point #  60  energy =  -8.986
New Fermi level:    mu=  -8.670 eV  Charge distance=  0.2218 (partial c.d.=  1.0568)
SCF ITERATION NUMBER  4
     point #   1  energy = -41.500
     point #  20  energy = -30.215
     point #  40  energy =  -9.696
     point #  60  energy =  -8.711
New Fermi level:    mu=  -9.080 eV  Charge distance=  0.1233 (partial c.d.=  1.4734)
SCF ITERATION NUMBER  5
     point #   1  energy = -41.500
     point #  20  energy = -30.356
     point #  40  energy = -10.093
     point #  60  energy =  -9.042
New Fermi level:    mu=  -9.017 eV  Charge distance=  0.0479 (partial c.d.=  0.3325)
SCF ITERATION NUMBER  6
     point #   1  energy = -41.500
     point #  20  energy = -30.334
     point #  40  energy = -10.032
     point #  60  energy =  -8.979
New Fermi level:    mu=  -8.947 eV  Charge distance=  0.0074 (partial c.d.=  0.2733)
SCF ITERATION NUMBER  7
     point #   1  energy = -41.500
     point #  20  energy = -30.310
     point #  40  energy =  -9.964
New Fermi level:    mu=  -8.969 eV  Charge distance=  0.0066 (partial c.d.=  0.0711)
SCF ITERATION NUMBER  8
     point #   1  energy = -41.500
     point #  20  energy = -30.317
     point #  40  energy =  -9.985
New Fermi level:    mu=  -8.973 eV  Charge distance=  0.0056 (partial c.d.=  0.0197)
SCF ITERATION NUMBER  9
     point #   1  energy = -41.500
     point #  20  energy = -30.319
     point #  40  energy =  -9.990
New Fermi level:    mu=  -8.972 eV  Charge distance=  0.0040 (partial c.d.=  0.0129)
SCF ITERATION NUMBER 10
     point #   1  energy = -41.500
     point #  20  energy = -30.319
     point #  40  energy =  -9.989
New Fermi level:    mu=  -8.974 eV  Charge distance=  0.0013 (partial c.d.=  0.0035)
SCF ITERATION NUMBER 11
     point #   1  energy = -41.500
     point #  20  energy = -30.319
     point #  40  energy =  -9.990
New Fermi level:    mu=  -8.969 eV  Charge distance=  0.0007 (partial c.d.=  0.0025)
SCF ITERATION NUMBER 12
     point #   1  energy = -41.500
     point #  20  energy = -30.317
     point #  40  energy =  -9.985
New Fermi level:    mu=  -8.969 eV  Charge distance=  0.0001 (partial c.d.=  0.0026)
SCF ITERATION NUMBER 13
     point #   1  energy = -41.500
     point #  20  energy = -30.318
     point #  40  energy =  -9.986
New Fermi level:    mu=  -8.969 eV  Charge distance=  0.0001 (partial c.d.=  0.0002)
Electronic configuration
  type     l     N_el
     0     0    0.523
     0     1    0.589
     0     2    9.421
     0     3    0.000
     1     0    2.256
     1     1    6.303
     1     2    0.972
     1     3    0.000
     2     0    1.228
     2     1    0.869
     2     2   10.133
     2     3    0.000
     3     0    0.521
     3     1    0.596
     3     2    9.400
     3     3    0.000
     4     0    1.857
     4     1    4.514
     4     2    0.067
     4     3    0.000
Charge transfer:  type  charge
       0   -0.466
       1   -0.469
       2   -0.770
       3   -0.483
       4    0.439
Convergence reached in   13 iterations.
Done with module: potentials.

Calculating screened core-hole potential ...
FMS for a cluster of   19 atoms around iph =   0
    0% of energy integration
   20%
   40%
   60%
   80%
  100%
Preparing response function.
Computing (1 - K Chi0)^-1 v_ch
Done with module: screened core-hole potential.

Calculating cross-section and phases ...
    absorption cross section
 x0,dx,rnrm,inrm,jnrm   8.80000000000000       5.000000000000000E-002
   2.40892618999998              194         195
    phase shifts for unique potential    0
    phase shifts for unique potential    1
    phase shifts for unique potential    2
    phase shifts for unique potential    3
    phase shifts for unique potential    4
Done with module: cross-section and phases (XSPH).

FMS calculation of full Green's function ...
FEFF-serial using 1 thread.
Using   194 energy points.
xprep done
FMS for a cluster of  195 atoms
Energy point    1/ 194
Energy point   10/ 194
Energy point   20/ 194
Energy point   30/ 194
Energy point   40/ 194
Energy point   50/ 194
Energy point   60/ 194
Energy point   70/ 194
Energy point   80/ 194
Energy point   90/ 194
Energy point  100/ 194
Energy point  110/ 194
Energy point  120/ 194
Energy point  130/ 194
Energy point  140/ 194
Energy point  150/ 194
Energy point  160/ 194
Energy point  170/ 194
Energy point  180/ 194
Energy point  190/ 194
Done with module: FMS.

MKGTR: Tracing over Green's function ...
Done with module: MKGTR.

Pathfinder: finding scattering paths...
Preparing plane wave scattering amplitudes
Searching for paths
Eliminating path degeneracies
0 paths retained.
Done with module: pathfinder.

Calculating EXAFS parameters ...
Done with module: EXAFS parameters (GENFMT).

Calculating XAS spectra ...
Done with module: XAS spectra (FF2X: DW + final sum over paths).

 
### feff ends at Sun Aug 13 10:15:21 EDT 2023
 
