### feff starts at Mon Aug 14 07:30:18 EDT 2023
### Serial version
### FeffPath is /sdcc/u/mcarbone/software/JFEFF/hsw/feff90/linux
 
Launching FEFF version FEFF 9.9.1
Core hole lifetime is   1.729 eV.
Your calculation:
 comment: None given
 Source:
 Structure Summary:  Cu8 Sb8 As16 O56
 Reduced formula:  CuSbAs2O7
 space group: (P-1), space number:  (2)
 abc: 11.273977  12.790094  12.803475
 angles: 78.804239  63.936168  63.856564
 sites: 88
Cu K edge XANES using RPA corehole.
Using:     * Self-Consistent Field potentials
Using cards:   ATOMS CONTROL EXCHANGE TITLE RPATH POTENTIALS XANES EDGE SCF FMS S02 COREHOLE EGRID

Calculating atomic potentials ...
    overlapped atomic potential and density for unique potential    0
    overlapped atomic potential and density for unique potential    1
    overlapped atomic potential and density for unique potential    2
    overlapped atomic potential and density for unique potential    3
    overlapped atomic potential and density for unique potential    4
Done with module: atomic potentials.

Calculating SCF potentials ...
FEFF-serial using 1 thread.
Muffin tin radii and interstitial parameters [bohr]:
type, norman radius, muffin tin, overlap factor
    0  1.33073E+00  1.23036E+00  1.15000E+00
    1  1.33075E+00  1.23038E+00  1.15000E+00
    2  1.47421E+00  1.29176E+00  1.15000E+00
    3  1.39575E+00  1.16773E+00  1.15000E+00
    4  1.11780E+00  9.77373E-01  1.15000E+00
Core-valence separation energy:  ecv=   -46.000 eV
Initial Fermi level:              mu=     4.350 eV
SCF ITERATION NUMBER  1
     point #   1  energy = -46.000
FMS for a cluster of   91 atoms around atom type   0
FMS for a cluster of   59 atoms around atom type   1
FMS for a cluster of   83 atoms around atom type   2
FMS for a cluster of   72 atoms around atom type   3
FMS for a cluster of   88 atoms around atom type   4
     point #  20  energy = -34.907
     point #  40  energy = -14.657
     point #  60  energy =  -5.028
     point #  80  energy =  -3.938
New Fermi level:    mu=  -3.947 eV  Charge distance=  1.1047 (partial c.d.= 10.7778)
SCF ITERATION NUMBER  1
     point #   1  energy = -46.000
FMS for a cluster of   91 atoms around atom type   0
FMS for a cluster of   59 atoms around atom type   1
FMS for a cluster of   83 atoms around atom type   2
FMS for a cluster of   72 atoms around atom type   3
FMS for a cluster of   88 atoms around atom type   4
     point #  20  energy = -34.986
     point #  40  energy = -14.961
     point #  60  energy =  -3.947
     point #  80  energy =  -4.581
     point # 100  energy =  -6.431
New Fermi level:    mu=  -6.330 eV  Charge distance=  0.3860 (partial c.d.=  5.8640)
SCF ITERATION NUMBER  1
     point #   1  energy = -46.000
FMS for a cluster of   91 atoms around atom type   0
FMS for a cluster of   59 atoms around atom type   1
FMS for a cluster of   83 atoms around atom type   2
FMS for a cluster of   72 atoms around atom type   3
FMS for a cluster of   88 atoms around atom type   4
     point #  20  energy = -34.811
     point #  40  energy = -14.467
     point #  60  energy =  -6.330
New Fermi level:    mu=  -6.511 eV  Charge distance=  0.2199 (partial c.d.=  0.1822)
SCF ITERATION NUMBER  2
     point #   1  energy = -46.000
     point #  20  energy = -34.862
     point #  40  energy = -14.611
     point #  60  energy =  -6.511
New Fermi level:    mu=  -6.394 eV  Charge distance=  0.3413 (partial c.d.=  0.3518)
SCF ITERATION NUMBER  3
     point #   1  energy = -46.000
     point #  20  energy = -34.829
     point #  40  energy = -14.518
     point #  60  energy =  -6.394
     point #  80  energy =  -5.522
New Fermi level:    mu=  -5.256 eV  Charge distance=  0.3190 (partial c.d.=  1.6631)
SCF ITERATION NUMBER  4
     point #   1  energy = -46.000
     point #  20  energy = -34.795
     point #  40  energy = -14.424
     point #  60  energy =  -5.256
     point #  80  energy =  -6.213
New Fermi level:    mu=  -6.472 eV  Charge distance=  0.0899 (partial c.d.=  1.9793)
SCF ITERATION NUMBER  5
     point #   1  energy = -46.000
     point #  20  energy = -34.851
     point #  40  energy = -14.581
     point #  60  energy =  -6.472
New Fermi level:    mu=  -6.496 eV  Charge distance=  0.1556 (partial c.d.=  0.0721)
SCF ITERATION NUMBER  6
     point #   1  energy = -46.000
     point #  20  energy = -34.858
     point #  40  energy = -14.599
     point #  60  energy =  -6.496
New Fermi level:    mu=  -6.381 eV  Charge distance=  0.0245 (partial c.d.=  0.3748)
SCF ITERATION NUMBER  7
     point #   1  energy = -46.000
     point #  20  energy = -34.825
     point #  40  energy = -14.508
     point #  60  energy =  -6.381
New Fermi level:    mu=  -6.362 eV  Charge distance=  0.0101 (partial c.d.=  0.1219)
SCF ITERATION NUMBER  8
     point #   1  energy = -46.000
     point #  20  energy = -34.820
     point #  40  energy = -14.493
     point #  60  energy =  -6.362
New Fermi level:    mu=  -6.357 eV  Charge distance=  0.0075 (partial c.d.=  0.0778)
SCF ITERATION NUMBER  9
     point #   1  energy = -46.000
     point #  20  energy = -34.819
     point #  40  energy = -14.489
     point #  60  energy =  -6.357
New Fermi level:    mu=  -6.360 eV  Charge distance=  0.0078 (partial c.d.=  0.0309)
SCF ITERATION NUMBER 10
     point #   1  energy = -46.000
     point #  20  energy = -34.819
     point #  40  energy = -14.491
     point #  60  energy =  -6.360
New Fermi level:    mu=  -6.354 eV  Charge distance=  0.0072 (partial c.d.=  0.0091)
SCF ITERATION NUMBER 11
     point #   1  energy = -46.000
     point #  20  energy = -34.818
     point #  40  energy = -14.487
     point #  60  energy =  -6.354
New Fermi level:    mu=  -6.351 eV  Charge distance=  0.0021 (partial c.d.=  0.0033)
SCF ITERATION NUMBER 12
     point #   1  energy = -46.000
     point #  20  energy = -34.817
     point #  40  energy = -14.484
     point #  60  energy =  -6.351
New Fermi level:    mu=  -6.347 eV  Charge distance=  0.0003 (partial c.d.=  0.0052)
SCF ITERATION NUMBER 13
     point #   1  energy = -46.000
     point #  20  energy = -34.816
     point #  40  energy = -14.481
     point #  60  energy =  -6.347
New Fermi level:    mu=  -6.347 eV  Charge distance=  0.0001 (partial c.d.=  0.0012)
SCF ITERATION NUMBER 14
     point #   1  energy = -46.000
     point #  20  energy = -34.816
     point #  40  energy = -14.481
     point #  60  energy =  -6.347
New Fermi level:    mu=  -6.347 eV  Charge distance=  0.0002 (partial c.d.=  0.0003)
SCF ITERATION NUMBER 15
     point #   1  energy = -46.000
     point #  20  energy = -34.816
     point #  40  energy = -14.481
     point #  60  energy =  -6.347
New Fermi level:    mu=  -6.346 eV  Charge distance=  0.0000 (partial c.d.=  0.0002)
SCF ITERATION NUMBER 16
     point #   1  energy = -46.000
     point #  20  energy = -34.816
     point #  40  energy = -14.480
     point #  60  energy =  -6.346
New Fermi level:    mu=  -6.346 eV  Charge distance=  0.0000 (partial c.d.=  0.0001)
Electronic configuration
  type     l     N_el
     0     0    0.484
     0     1    0.666
     0     2    9.572
     0     3    0.000
     1     0    0.483
     1     1    0.666
     1     2    9.573
     1     3    0.000
     2     0    1.388
     2     1    1.857
     2     2   10.762
     2     3    0.000
     3     0    1.689
     3     1    2.125
     3     2   10.633
     3     3    0.000
     4     0    1.895
     4     1    4.365
     4     2    0.079
     4     3    0.000
Charge transfer:  type  charge
       0   -0.278
       1   -0.277
       2   -0.993
       3   -0.553
       4    0.339
Convergence reached in   16 iterations.
Done with module: potentials.

Calculating screened core-hole potential ...
FMS for a cluster of   15 atoms around iph =   0
    0% of energy integration
   20%
   40%
   60%
   80%
  100%
Preparing response function.
Computing (1 - K Chi0)^-1 v_ch
Done with module: screened core-hole potential.

Calculating cross-section and phases ...
    absorption cross section
 x0,dx,rnrm,inrm,jnrm   8.80000000000000       5.000000000000000E-002
   2.51470745500002              195         196
    phase shifts for unique potential    0
    phase shifts for unique potential    1
    phase shifts for unique potential    2
    phase shifts for unique potential    3
    phase shifts for unique potential    4
Done with module: cross-section and phases (XSPH).

FMS calculation of full Green's function ...
FEFF-serial using 1 thread.
Using   194 energy points.
xprep done
FMS for a cluster of  176 atoms
Energy point    1/ 194
Energy point   10/ 194
Energy point   20/ 194
Energy point   30/ 194
Energy point   40/ 194
Energy point   50/ 194
Energy point   60/ 194
Energy point   70/ 194
Energy point   80/ 194
Energy point   90/ 194
Energy point  100/ 194
Energy point  110/ 194
Energy point  120/ 194
Energy point  130/ 194
Energy point  140/ 194
Energy point  150/ 194
Energy point  160/ 194
Energy point  170/ 194
Energy point  180/ 194
Energy point  190/ 194
Done with module: FMS.

MKGTR: Tracing over Green's function ...
Done with module: MKGTR.

Pathfinder: finding scattering paths...
Preparing plane wave scattering amplitudes
Searching for paths
Eliminating path degeneracies
0 paths retained.
Done with module: pathfinder.

Calculating EXAFS parameters ...
Done with module: EXAFS parameters (GENFMT).

Calculating XAS spectra ...
Done with module: XAS spectra (FF2X: DW + final sum over paths).

 
### feff ends at Mon Aug 14 08:26:20 EDT 2023
 
