### feff starts at Sun Aug 13 23:50:22 EDT 2023
### Serial version
### FeffPath is /sdcc/u/mcarbone/software/JFEFF/hsw/feff90/linux
 
Launching FEFF version FEFF 9.9.1
Core hole lifetime is   1.729 eV.
Your calculation:
 comment: None given
 Source:
 Structure Summary:  Y8 Cu8 O20
 Reduced formula:  Y2Cu2O5
 space group: (Pnma), space number:  (62)
 abc:  6.265589   7.193043  11.246125
 angles: 90.000000  90.000000  90.000000
 sites: 36
Cu K edge XANES using RPA corehole.
Using:     * Self-Consistent Field potentials
Using cards:   ATOMS CONTROL EXCHANGE TITLE RPATH POTENTIALS XANES EDGE SCF FMS S02 COREHOLE EGRID

Calculating atomic potentials ...
    overlapped atomic potential and density for unique potential    0
    overlapped atomic potential and density for unique potential    1
    overlapped atomic potential and density for unique potential    2
    overlapped atomic potential and density for unique potential    3
Done with module: atomic potentials.

Calculating SCF potentials ...
FEFF-serial using 1 thread.
Muffin tin radii and interstitial parameters [bohr]:
type, norman radius, muffin tin, overlap factor
    0  1.28914E+00  1.17685E+00  1.15000E+00
    1  1.67770E+00  1.59468E+00  1.13827E+00
    2  1.32823E+00  1.18658E+00  1.15000E+00
    3  1.10255E+00  1.02591E+00  1.15000E+00
Core-valence separation energy:  ecv=   -40.000 eV
Initial Fermi level:              mu=    -0.379 eV
SCF ITERATION NUMBER  1
     point #   1  energy = -40.000
FMS for a cluster of  104 atoms around atom type   0
FMS for a cluster of   95 atoms around atom type   1
FMS for a cluster of   98 atoms around atom type   2
FMS for a cluster of  101 atoms around atom type   3
     point #  20  energy = -28.835
     point #  40  energy =  -8.585
     point #  60  energy =  -4.523
New Fermi level:    mu=  -4.432 eV  Charge distance=  0.8767 (partial c.d.=  6.5524)
SCF ITERATION NUMBER  1
     point #   1  energy = -40.000
FMS for a cluster of  104 atoms around atom type   0
FMS for a cluster of   95 atoms around atom type   1
FMS for a cluster of   98 atoms around atom type   2
FMS for a cluster of  101 atoms around atom type   3
     point #  20  energy = -28.822
     point #  40  energy =  -8.497
     point #  60  energy =  -4.432
     point #  80  energy =  -6.388
     point # 100  energy = -10.229
     point # 120  energy = -10.879
     point # 140  energy = -11.116
New Fermi level:    mu= -11.338 eV  Charge distance=  0.2603 (partial c.d.=  4.7221)
SCF ITERATION NUMBER  1
     point #   1  energy = -40.000
FMS for a cluster of  104 atoms around atom type   0
FMS for a cluster of   95 atoms around atom type   1
FMS for a cluster of   98 atoms around atom type   2
FMS for a cluster of  101 atoms around atom type   3
     point #  20  energy = -28.740
     point #  40  energy = -11.338
     point #  60  energy = -11.169
     point #  80  energy =  -9.032
New Fermi level:    mu=  -8.987 eV  Charge distance=  0.1876 (partial c.d.=  0.5769)
SCF ITERATION NUMBER  2
     point #   1  energy = -40.000
     point #  20  energy = -28.995
     point #  40  energy =  -8.987
     point #  60  energy =  -8.946
     point #  80  energy =  -7.925
New Fermi level:    mu=  -7.928 eV  Charge distance=  0.4549 (partial c.d.=  0.2829)
SCF ITERATION NUMBER  3
     point #   1  energy = -40.000
     point #  20  energy = -28.975
     point #  40  energy =  -8.930
     point #  60  energy =  -7.887
New Fermi level:    mu=  -7.480 eV  Charge distance=  0.2621 (partial c.d.=  1.2306)
SCF ITERATION NUMBER  4
     point #   1  energy = -40.000
     point #  20  energy = -28.821
     point #  40  energy =  -8.497
     point #  60  energy =  -7.521
New Fermi level:    mu=  -7.693 eV  Charge distance=  0.1061 (partial c.d.=  1.7435)
SCF ITERATION NUMBER  5
     point #   1  energy = -40.000
     point #  20  energy = -28.895
     point #  40  energy =  -8.703
     point #  60  energy =  -7.734
New Fermi level:    mu=  -7.819 eV  Charge distance=  0.1105 (partial c.d.=  0.2387)
SCF ITERATION NUMBER  6
     point #   1  energy = -40.000
     point #  20  energy = -28.938
     point #  40  energy =  -8.825
     point #  60  energy =  -7.782
New Fermi level:    mu=  -7.776 eV  Charge distance=  0.0536 (partial c.d.=  0.8604)
SCF ITERATION NUMBER  7
     point #   1  energy = -40.000
     point #  20  energy = -28.923
     point #  40  energy =  -8.783
     point #  60  energy =  -7.813
New Fermi level:    mu=  -7.829 eV  Charge distance=  0.0153 (partial c.d.=  0.6190)
SCF ITERATION NUMBER  8
     point #   1  energy = -40.000
     point #  20  energy = -28.941
     point #  40  energy =  -8.834
New Fermi level:    mu=  -7.833 eV  Charge distance=  0.0124 (partial c.d.=  0.0821)
SCF ITERATION NUMBER  9
     point #   1  energy = -40.000
     point #  20  energy = -28.943
     point #  40  energy =  -8.838
New Fermi level:    mu=  -7.827 eV  Charge distance=  0.0070 (partial c.d.=  0.0371)
SCF ITERATION NUMBER 10
     point #   1  energy = -40.000
     point #  20  energy = -28.941
     point #  40  energy =  -8.833
New Fermi level:    mu=  -7.827 eV  Charge distance=  0.0059 (partial c.d.=  0.0081)
SCF ITERATION NUMBER 11
     point #   1  energy = -40.000
     point #  20  energy = -28.941
     point #  40  energy =  -8.833
New Fermi level:    mu=  -7.822 eV  Charge distance=  0.0003 (partial c.d.=  0.0085)
SCF ITERATION NUMBER 12
     point #   1  energy = -40.000
     point #  20  energy = -28.939
     point #  40  energy =  -8.827
New Fermi level:    mu=  -7.822 eV  Charge distance=  0.0003 (partial c.d.=  0.0006)
SCF ITERATION NUMBER 13
     point #   1  energy = -40.000
     point #  20  energy = -28.939
     point #  40  energy =  -8.828
New Fermi level:    mu=  -7.822 eV  Charge distance=  0.0002 (partial c.d.=  0.0003)
SCF ITERATION NUMBER 14
     point #   1  energy = -40.000
     point #  20  energy = -28.939
     point #  40  energy =  -8.827
New Fermi level:    mu=  -7.822 eV  Charge distance=  0.0002 (partial c.d.=  0.0001)
Electronic configuration
  type     l     N_el
     0     0    0.498
     0     1    0.648
     0     2    9.417
     0     3    0.000
     1     0    0.370
     1     1    6.546
     1     2    1.440
     1     3    0.000
     2     0    0.547
     2     1    0.673
     2     2    9.410
     2     3    0.000
     3     0    1.849
     3     1    4.491
     3     2    0.066
     3     3    0.000
Charge transfer:  type  charge
       0   -0.437
       1   -0.645
       2   -0.369
       3    0.406
Convergence reached in   14 iterations.
Done with module: potentials.

Calculating screened core-hole potential ...
FMS for a cluster of   21 atoms around iph =   0
    0% of energy integration
   20%
   40%
   60%
   80%
  100%
Preparing response function.
Computing (1 - K Chi0)^-1 v_ch
Done with module: screened core-hole potential.

Calculating cross-section and phases ...
    absorption cross section
 x0,dx,rnrm,inrm,jnrm   8.80000000000000       5.000000000000000E-002
   2.43611746900011              194         195
    phase shifts for unique potential    0
    phase shifts for unique potential    1
    phase shifts for unique potential    2
    phase shifts for unique potential    3
Done with module: cross-section and phases (XSPH).

FMS calculation of full Green's function ...
FEFF-serial using 1 thread.
Using   194 energy points.
xprep done
FMS for a cluster of  204 atoms
Energy point    1/ 194
Energy point   10/ 194
Energy point   20/ 194
Energy point   30/ 194
Energy point   40/ 194
Energy point   50/ 194
Energy point   60/ 194
Energy point   70/ 194
Energy point   80/ 194
Energy point   90/ 194
Energy point  100/ 194
Energy point  110/ 194
Energy point  120/ 194
Energy point  130/ 194
Energy point  140/ 194
Energy point  150/ 194
Energy point  160/ 194
Energy point  170/ 194
Energy point  180/ 194
Energy point  190/ 194
Done with module: FMS.

MKGTR: Tracing over Green's function ...
Done with module: MKGTR.

Pathfinder: finding scattering paths...
Preparing plane wave scattering amplitudes
Searching for paths
Eliminating path degeneracies
0 paths retained.
Done with module: pathfinder.

Calculating EXAFS parameters ...
Done with module: EXAFS parameters (GENFMT).

Calculating XAS spectra ...
Done with module: XAS spectra (FF2X: DW + final sum over paths).

 
### feff ends at Mon Aug 14 00:58:47 EDT 2023
 
