### feff starts at Sun Aug 13 09:26:08 EDT 2023
### Serial version
### FeffPath is /sdcc/u/mcarbone/software/JFEFF/hsw/feff90/linux
 
Launching FEFF version FEFF 9.9.1
Core hole lifetime is   1.729 eV.
Your calculation:
 comment: None given
 Source:
 Structure Summary:  Co4 Cu3 O12
 Reduced formula:  Co4(CuO4)3
 space group: (P1), space number:  (1)
 abc:  6.274353   6.163339   6.216369
 angles: 70.468465 110.098724  71.096943
 sites: 19
Cu K edge XANES using RPA corehole.
Using:     * Self-Consistent Field potentials
Using cards:   ATOMS CONTROL EXCHANGE TITLE RPATH POTENTIALS XANES EDGE SCF FMS S02 COREHOLE EGRID

Calculating atomic potentials ...
    overlapped atomic potential and density for unique potential    0
    overlapped atomic potential and density for unique potential    1
    overlapped atomic potential and density for unique potential    2
    overlapped atomic potential and density for unique potential    3
Done with module: atomic potentials.

Calculating SCF potentials ...
FEFF-serial using 1 thread.
Muffin tin radii and interstitial parameters [bohr]:
type, norman radius, muffin tin, overlap factor
    0  1.24214E+00  1.13193E+00  1.15000E+00
    1  1.30386E+00  1.17819E+00  1.15000E+00
    2  1.24604E+00  1.13823E+00  1.15000E+00
    3  1.08614E+00  9.85671E-01  1.15000E+00
Core-valence separation energy:  ecv=   -40.000 eV
Initial Fermi level:              mu=     1.610 eV
SCF ITERATION NUMBER  1
     point #   1  energy = -40.000
FMS for a cluster of  149 atoms around atom type   0
FMS for a cluster of  145 atoms around atom type   1
FMS for a cluster of  136 atoms around atom type   2
FMS for a cluster of  148 atoms around atom type   3
     point #  20  energy = -28.843
     point #  40  energy =  -8.593
     point #  60  energy =  -6.293
     point #  80  energy =  -5.768
New Fermi level:    mu=  -5.698 eV  Charge distance=  1.4829 (partial c.d.= 10.0852)
SCF ITERATION NUMBER  1
     point #   1  energy = -40.000
FMS for a cluster of  149 atoms around atom type   0
FMS for a cluster of  145 atoms around atom type   1
FMS for a cluster of  136 atoms around atom type   2
FMS for a cluster of  148 atoms around atom type   3
     point #  20  energy = -28.902
     point #  40  energy =  -8.724
     point #  60  energy =  -5.685
     point #  80  energy =  -4.607
New Fermi level:    mu=  -4.537 eV  Charge distance=  0.7744 (partial c.d.=  7.8400)
SCF ITERATION NUMBER  1
     point #   1  energy = -40.000
FMS for a cluster of  149 atoms around atom type   0
FMS for a cluster of  145 atoms around atom type   1
FMS for a cluster of  136 atoms around atom type   2
FMS for a cluster of  148 atoms around atom type   3
     point #  20  energy = -28.854
     point #  40  energy =  -8.590
     point #  60  energy =  -4.537
     point #  80  energy =  -6.115
     point # 100  energy = -10.937
New Fermi level:    mu= -10.917 eV  Charge distance=  0.4606 (partial c.d.=  5.2486)
SCF ITERATION NUMBER  2
     point #   1  energy = -40.000
     point #  20  energy = -28.969
     point #  40  energy = -10.917
     point #  60  energy = -10.827
     point #  80  energy =  -7.783
     point # 100  energy =  -7.955
New Fermi level:    mu=  -7.949 eV  Charge distance=  0.4350 (partial c.d.=  3.9639)
SCF ITERATION NUMBER  3
     point #   1  energy = -40.000
     point #  20  energy = -28.982
     point #  40  energy =  -8.951
     point #  60  energy =  -7.990
     point #  80  energy =  -9.824
New Fermi level:    mu= -10.075 eV  Charge distance=  0.1766 (partial c.d.=  4.1410)
SCF ITERATION NUMBER  4
     point #   1  energy = -40.000
     point #  20  energy = -29.028
     point #  40  energy = -10.075
     point #  60  energy = -10.166
     point #  80  energy = -10.931
New Fermi level:    mu= -10.993 eV  Charge distance=  0.1365 (partial c.d.=  2.9677)
SCF ITERATION NUMBER  5
     point #   1  energy = -40.000
     point #  20  energy = -28.997
     point #  40  energy = -10.993
     point #  60  energy = -10.902
New Fermi level:    mu= -10.314 eV  Charge distance=  0.0222 (partial c.d.=  2.2670)
SCF ITERATION NUMBER  6
     point #   1  energy = -40.000
     point #  20  energy = -28.740
     point #  40  energy = -10.314
     point #  60  energy = -10.439
New Fermi level:    mu= -10.469 eV  Charge distance=  0.0689 (partial c.d.=  1.0919)
SCF ITERATION NUMBER  7
     point #   1  energy = -40.000
     point #  20  energy = -28.799
     point #  40  energy = -10.469
     point #  60  energy = -10.344
New Fermi level:    mu= -10.231 eV  Charge distance=  0.0391 (partial c.d.=  2.3039)
SCF ITERATION NUMBER  8
     point #   1  energy = -40.000
     point #  20  energy = -28.708
     point #  40  energy = -10.231
     point #  60  energy = -10.356
New Fermi level:    mu= -10.434 eV  Charge distance=  0.1117 (partial c.d.=  0.6841)
SCF ITERATION NUMBER  9
     point #   1  energy = -40.000
     point #  20  energy = -28.785
     point #  40  energy = -10.434
     point #  60  energy = -10.500
New Fermi level:    mu= -10.656 eV  Charge distance=  0.0376 (partial c.d.=  1.3498)
SCF ITERATION NUMBER 10
     point #   1  energy = -40.000
     point #  20  energy = -28.870
     point #  40  energy = -10.656
     point #  60  energy = -10.531
     point #  80  energy = -10.322
New Fermi level:    mu= -10.434 eV  Charge distance=  0.0274 (partial c.d.=  0.3045)
SCF ITERATION NUMBER 11
     point #   1  energy = -40.000
     point #  20  energy = -28.785
     point #  40  energy = -10.434
New Fermi level:    mu= -10.426 eV  Charge distance=  0.0229 (partial c.d.=  0.1349)
SCF ITERATION NUMBER 12
     point #   1  energy = -40.000
     point #  20  energy = -28.782
     point #  40  energy = -10.426
     point #  60  energy = -10.501
New Fermi level:    mu= -10.501 eV  Charge distance=  0.0143 (partial c.d.=  0.0640)
SCF ITERATION NUMBER 13
     point #   1  energy = -40.000
     point #  20  energy = -28.811
     point #  40  energy = -10.501
New Fermi level:    mu= -10.502 eV  Charge distance=  0.0234 (partial c.d.=  0.0216)
SCF ITERATION NUMBER 14
     point #   1  energy = -40.000
     point #  20  energy = -28.811
     point #  40  energy = -10.502
New Fermi level:    mu= -10.511 eV  Charge distance=  0.0072 (partial c.d.=  0.0378)
SCF ITERATION NUMBER 15
     point #   1  energy = -40.000
     point #  20  energy = -28.814
     point #  40  energy = -10.511
New Fermi level:    mu= -10.523 eV  Charge distance=  0.0079 (partial c.d.=  0.0157)
SCF ITERATION NUMBER 16
     point #   1  energy = -40.000
     point #  20  energy = -28.819
     point #  40  energy = -10.523
New Fermi level:    mu= -10.532 eV  Charge distance=  0.0029 (partial c.d.=  0.0175)
SCF ITERATION NUMBER 17
     point #   1  energy = -40.000
     point #  20  energy = -28.823
     point #  40  energy = -10.532
New Fermi level:    mu= -10.534 eV  Charge distance=  0.0049 (partial c.d.=  0.0058)
SCF ITERATION NUMBER 18
     point #   1  energy = -40.000
     point #  20  energy = -28.823
     point #  40  energy = -10.534
New Fermi level:    mu= -10.534 eV  Charge distance=  0.0015 (partial c.d.=  0.0086)
SCF ITERATION NUMBER 19
     point #   1  energy = -40.000
     point #  20  energy = -28.823
     point #  40  energy = -10.534
New Fermi level:    mu= -10.534 eV  Charge distance=  0.0003 (partial c.d.=  0.0024)
SCF ITERATION NUMBER 20
     point #   1  energy = -40.000
     point #  20  energy = -28.823
     point #  40  energy = -10.534
New Fermi level:    mu= -10.534 eV  Charge distance=  0.0003 (partial c.d.=  0.0007)
SCF ITERATION NUMBER 21
     point #   1  energy = -40.000
     point #  20  energy = -28.823
     point #  40  energy = -10.534
New Fermi level:    mu= -10.533 eV  Charge distance=  0.0002 (partial c.d.=  0.0004)
SCF ITERATION NUMBER 22
     point #   1  energy = -40.000
     point #  20  energy = -28.823
     point #  40  energy = -10.533
New Fermi level:    mu= -10.533 eV  Charge distance=  0.0000 (partial c.d.=  0.0002)
SCF ITERATION NUMBER 23
     point #   1  energy = -40.000
     point #  20  energy = -28.823
     point #  40  energy = -10.533
New Fermi level:    mu= -10.533 eV  Charge distance=  0.0000 (partial c.d.=  0.0000)
Electronic configuration
  type     l     N_el
     0     0    0.492
     0     1    0.599
     0     2    9.121
     0     3    0.000
     1     0    0.530
     1     1    0.871
     1     2    7.559
     1     3    0.000
     2     0    0.488
     2     1    0.595
     2     2    9.129
     2     3    0.000
     3     0    1.839
     3     1    4.285
     3     2    0.087
     3     3    0.000
Charge transfer:  type  charge
       0   -0.789
       1   -0.040
       2   -0.787
       3    0.211
Convergence reached in   23 iterations.
Done with module: potentials.

Calculating screened core-hole potential ...
FMS for a cluster of   27 atoms around iph =   0
    0% of energy integration
   20%
   40%
   60%
   80%
  100%
Preparing response function.
Computing (1 - K Chi0)^-1 v_ch
Done with module: screened core-hole potential.

Calculating cross-section and phases ...
    absorption cross section
 x0,dx,rnrm,inrm,jnrm   8.80000000000000       5.000000000000000E-002
   2.34730087399981              194         195
    phase shifts for unique potential    0
    phase shifts for unique potential    1
    phase shifts for unique potential    2
    phase shifts for unique potential    3
Done with module: cross-section and phases (XSPH).

FMS calculation of full Green's function ...
FEFF-serial using 1 thread.
Using   194 energy points.
xprep done
FMS for a cluster of  307 atoms
Energy point    1/ 194
Energy point   10/ 194
Energy point   20/ 194
Energy point   30/ 194
Energy point   40/ 194
Energy point   50/ 194
Energy point   60/ 194
Energy point   70/ 194
Energy point   80/ 194
Energy point   90/ 194
Energy point  100/ 194
Energy point  110/ 194
Energy point  120/ 194
Energy point  130/ 194
Energy point  140/ 194
Energy point  150/ 194
Energy point  160/ 194
Energy point  170/ 194
Energy point  180/ 194
Energy point  190/ 194
Done with module: FMS.

MKGTR: Tracing over Green's function ...
Done with module: MKGTR.

Pathfinder: finding scattering paths...
Preparing plane wave scattering amplitudes
Searching for paths
Eliminating path degeneracies
0 paths retained.
Done with module: pathfinder.

Calculating EXAFS parameters ...
Done with module: EXAFS parameters (GENFMT).

Calculating XAS spectra ...
Done with module: XAS spectra (FF2X: DW + final sum over paths).

 
### feff ends at Sun Aug 13 13:20:59 EDT 2023
 
