### feff starts at Sun Aug 13 21:40:03 EDT 2023
### Serial version
### FeffPath is /sdcc/u/mcarbone/software/JFEFF/hsw/feff90/linux
 
Launching FEFF version FEFF 9.9.1
Core hole lifetime is   1.729 eV.
Your calculation:
 comment: None given
 Source:
 Structure Summary:  Li8 Cu4 P4 O16
 Reduced formula:  Li2CuPO4
 space group: (P1), space number:  (1)
 abc:  5.388547   6.245685  10.083899
 angles: 90.109279  90.177230  90.394535
 sites: 32
Cu K edge XANES using RPA corehole.
Using:     * Self-Consistent Field potentials
Using cards:   ATOMS CONTROL EXCHANGE TITLE RPATH POTENTIALS XANES EDGE SCF FMS S02 COREHOLE EGRID

Calculating atomic potentials ...
    overlapped atomic potential and density for unique potential    0
    overlapped atomic potential and density for unique potential    1
    overlapped atomic potential and density for unique potential    2
    overlapped atomic potential and density for unique potential    3
    overlapped atomic potential and density for unique potential    4
Done with module: atomic potentials.

Calculating SCF potentials ...
FEFF-serial using 1 thread.
Muffin tin radii and interstitial parameters [bohr]:
type, norman radius, muffin tin, overlap factor
    0  1.39387E+00  1.33487E+00  1.11498E+00
    1  1.29596E+00  1.23549E+00  1.12891E+00
    2  1.39759E+00  1.33781E+00  1.11640E+00
    3  1.15588E+00  9.45389E-01  1.15000E+00
    4  1.04309E+00  9.39774E-01  1.15000E+00
Core-valence separation energy:  ecv=   -40.000 eV
Initial Fermi level:              mu=     4.457 eV
SCF ITERATION NUMBER  1
     point #   1  energy = -40.000
FMS for a cluster of  139 atoms around atom type   0
FMS for a cluster of  132 atoms around atom type   1
FMS for a cluster of  133 atoms around atom type   2
FMS for a cluster of  130 atoms around atom type   3
FMS for a cluster of  139 atoms around atom type   4
     point #  20  energy = -28.879
     point #  40  energy =  -8.629
     point #  60  energy =  -4.345
New Fermi level:    mu=  -3.884 eV  Charge distance=  0.5761 (partial c.d.=  6.9888)
SCF ITERATION NUMBER  1
     point #   1  energy = -40.000
FMS for a cluster of  139 atoms around atom type   0
FMS for a cluster of  132 atoms around atom type   1
FMS for a cluster of  133 atoms around atom type   2
FMS for a cluster of  130 atoms around atom type   3
FMS for a cluster of  139 atoms around atom type   4
     point #  20  energy = -28.965
     point #  40  energy =  -8.900
     point #  60  energy =  -3.884
     point #  80  energy =  -5.462
     point # 100  energy =  -8.259
     point # 120  energy =  -7.478
New Fermi level:    mu=  -7.445 eV  Charge distance=  0.1723 (partial c.d.=  3.2745)
SCF ITERATION NUMBER  1
     point #   1  energy = -40.000
FMS for a cluster of  139 atoms around atom type   0
FMS for a cluster of  132 atoms around atom type   1
FMS for a cluster of  133 atoms around atom type   2
FMS for a cluster of  130 atoms around atom type   3
FMS for a cluster of  139 atoms around atom type   4
     point #  20  energy = -28.809
     point #  40  energy =  -8.463
     point #  60  energy =  -7.405
New Fermi level:    mu=  -7.006 eV  Charge distance=  0.1054 (partial c.d.=  0.3298)
SCF ITERATION NUMBER  2
     point #   1  energy = -40.000
     point #  20  energy = -29.002
     point #  40  energy =  -9.006
     point #  60  energy =  -6.993
New Fermi level:    mu=  -6.670 eV  Charge distance=  0.1984 (partial c.d.=  0.1859)
SCF ITERATION NUMBER  3
     point #   1  energy = -40.000
     point #  20  energy = -28.890
     point #  40  energy =  -8.690
     point #  60  energy =  -6.645
New Fermi level:    mu=  -6.645 eV  Charge distance=  0.1303 (partial c.d.=  0.0561)
SCF ITERATION NUMBER  4
     point #   1  energy = -40.000
     point #  20  energy = -28.882
     point #  40  energy =  -8.667
     point #  60  energy =  -6.620
New Fermi level:    mu=  -6.591 eV  Charge distance=  0.0257 (partial c.d.=  0.0570)
SCF ITERATION NUMBER  5
     point #   1  energy = -40.000
     point #  20  energy = -28.864
     point #  40  energy =  -8.615
     point #  60  energy =  -6.616
New Fermi level:    mu=  -6.654 eV  Charge distance=  0.0046 (partial c.d.=  0.0171)
SCF ITERATION NUMBER  6
     point #   1  energy = -40.000
     point #  20  energy = -28.885
     point #  40  energy =  -8.675
     point #  60  energy =  -6.679
New Fermi level:    mu=  -6.667 eV  Charge distance=  0.0075 (partial c.d.=  0.0049)
SCF ITERATION NUMBER  7
     point #   1  energy = -40.000
     point #  20  energy = -28.889
     point #  40  energy =  -8.688
New Fermi level:    mu=  -6.675 eV  Charge distance=  0.0038 (partial c.d.=  0.0044)
SCF ITERATION NUMBER  8
     point #   1  energy = -40.000
     point #  20  energy = -28.892
     point #  40  energy =  -8.695
New Fermi level:    mu=  -6.672 eV  Charge distance=  0.0070 (partial c.d.=  0.0010)
SCF ITERATION NUMBER  9
     point #   1  energy = -40.000
     point #  20  energy = -28.891
     point #  40  energy =  -8.692
New Fermi level:    mu=  -6.666 eV  Charge distance=  0.0001 (partial c.d.=  0.0017)
SCF ITERATION NUMBER 10
     point #   1  energy = -40.000
     point #  20  energy = -28.889
     point #  40  energy =  -8.686
New Fermi level:    mu=  -6.666 eV  Charge distance=  0.0002 (partial c.d.=  0.0005)
SCF ITERATION NUMBER 11
     point #   1  energy = -40.000
     point #  20  energy = -28.889
     point #  40  energy =  -8.687
New Fermi level:    mu=  -6.667 eV  Charge distance=  0.0001 (partial c.d.=  0.0005)
SCF ITERATION NUMBER 12
     point #   1  energy = -40.000
     point #  20  energy = -28.889
     point #  40  energy =  -8.687
New Fermi level:    mu=  -6.667 eV  Charge distance=  0.0000 (partial c.d.=  0.0003)
SCF ITERATION NUMBER 13
     point #   1  energy = -40.000
     point #  20  energy = -28.889
     point #  40  energy =  -8.687
New Fermi level:    mu=  -6.667 eV  Charge distance=  0.0000 (partial c.d.=  0.0000)
Electronic configuration
  type     l     N_el
     0     0    0.525
     0     1    0.630
     0     2    9.589
     0     3    0.000
     1     0    0.275
     1     1    0.579
     1     2    0.000
     1     3    0.000
     2     0    0.513
     2     1    0.625
     2     2    9.587
     2     3    0.000
     3     0    1.202
     3     1    2.047
     3     2    1.024
     3     3    0.000
     4     0    1.841
     4     1    4.415
     4     2    0.068
     4     3    0.000
Charge transfer:  type  charge
       0   -0.255
       1   -0.146
       2   -0.276
       3   -0.726
       4    0.324
Convergence reached in   13 iterations.
Done with module: potentials.

Calculating screened core-hole potential ...
FMS for a cluster of   26 atoms around iph =   0
    0% of energy integration
   20%
   40%
   60%
   80%
  100%
Preparing response function.
Computing (1 - K Chi0)^-1 v_ch
Done with module: screened core-hole potential.

Calculating cross-section and phases ...
    absorption cross section
 x0,dx,rnrm,inrm,jnrm   8.80000000000000       5.000000000000000E-002
   2.63402883899979              196         197
    phase shifts for unique potential    0
    phase shifts for unique potential    1
    phase shifts for unique potential    2
    phase shifts for unique potential    3
    phase shifts for unique potential    4
Done with module: cross-section and phases (XSPH).

FMS calculation of full Green's function ...
FEFF-serial using 1 thread.
Using   194 energy points.
xprep done
FMS for a cluster of  295 atoms
Energy point    1/ 194
Energy point   10/ 194
Energy point   20/ 194
Energy point   30/ 194
Energy point   40/ 194
Energy point   50/ 194
Energy point   60/ 194
Energy point   70/ 194
Energy point   80/ 194
Energy point   90/ 194
Energy point  100/ 194
Energy point  110/ 194
Energy point  120/ 194
Energy point  130/ 194
Energy point  140/ 194
Energy point  150/ 194
Energy point  160/ 194
Energy point  170/ 194
Energy point  180/ 194
Energy point  190/ 194
Done with module: FMS.

MKGTR: Tracing over Green's function ...
Done with module: MKGTR.

Pathfinder: finding scattering paths...
Preparing plane wave scattering amplitudes
Searching for paths
Eliminating path degeneracies
0 paths retained.
Done with module: pathfinder.

Calculating EXAFS parameters ...
Done with module: EXAFS parameters (GENFMT).

Calculating XAS spectra ...
Done with module: XAS spectra (FF2X: DW + final sum over paths).

 
### feff ends at Sun Aug 13 23:47:01 EDT 2023
 
