### feff starts at Mon Aug 14 02:06:19 EDT 2023
### Serial version
### FeffPath is /sdcc/u/mcarbone/software/JFEFF/hsw/feff90/linux
 
Launching FEFF version FEFF 9.9.1
Core hole lifetime is   1.729 eV.
Your calculation:
 comment: None given
 Source:
 Structure Summary:  Mg4 Cu8 O16
 Reduced formula:  Mg(CuO2)2
 space group: (Pmmn), space number:  (59)
 abc:  5.048481   5.753283  10.079954
 angles: 90.000000  90.000000  90.000000
 sites: 28
Cu K edge XANES using RPA corehole.
Using:     * Self-Consistent Field potentials
Using cards:   ATOMS CONTROL EXCHANGE TITLE RPATH POTENTIALS XANES EDGE SCF FMS S02 COREHOLE EGRID

Calculating atomic potentials ...
    overlapped atomic potential and density for unique potential    0
    overlapped atomic potential and density for unique potential    1
    overlapped atomic potential and density for unique potential    2
    overlapped atomic potential and density for unique potential    3
Done with module: atomic potentials.

Calculating SCF potentials ...
FEFF-serial using 1 thread.
Muffin tin radii and interstitial parameters [bohr]:
type, norman radius, muffin tin, overlap factor
    0  1.27925E+00  1.21392E+00  1.14361E+00
    1  1.47549E+00  1.39896E+00  1.14632E+00
    2  1.28941E+00  1.22625E+00  1.13659E+00
    3  1.10560E+00  1.02796E+00  1.15000E+00
Core-valence separation energy:  ecv=   -40.000 eV
Initial Fermi level:              mu=     0.841 eV
SCF ITERATION NUMBER  1
     point #   1  energy = -40.000
FMS for a cluster of  125 atoms around atom type   0
FMS for a cluster of  133 atoms around atom type   1
FMS for a cluster of  129 atoms around atom type   2
FMS for a cluster of  140 atoms around atom type   3
     point #  20  energy = -28.794
     point #  40  energy =  -8.544
     point #  60  energy =  -3.466
     point #  80  energy =  -3.904
New Fermi level:    mu=  -3.894 eV  Charge distance=  0.6399 (partial c.d.=  7.8670)
SCF ITERATION NUMBER  1
     point #   1  energy = -40.000
FMS for a cluster of  125 atoms around atom type   0
FMS for a cluster of  133 atoms around atom type   1
FMS for a cluster of  129 atoms around atom type   2
FMS for a cluster of  140 atoms around atom type   3
     point #  20  energy = -28.967
     point #  40  energy =  -8.908
     point #  60  energy =  -3.894
     point #  80  energy =  -5.472
     point # 100  energy =  -9.156
New Fermi level:    mu=  -9.463 eV  Charge distance=  0.1925 (partial c.d.=  3.2848)
SCF ITERATION NUMBER  1
     point #   1  energy = -40.000
FMS for a cluster of  125 atoms around atom type   0
FMS for a cluster of  133 atoms around atom type   1
FMS for a cluster of  129 atoms around atom type   2
FMS for a cluster of  140 atoms around atom type   3
     point #  20  energy = -28.803
     point #  40  energy =  -9.463
     point #  60  energy =  -9.373
     point #  80  energy =  -8.220
New Fermi level:    mu=  -8.392 eV  Charge distance=  0.1120 (partial c.d.=  1.2115)
SCF ITERATION NUMBER  2
     point #   1  energy = -40.000
     point #  20  energy = -28.784
     point #  40  energy =  -8.392
     point #  60  energy =  -8.342
New Fermi level:    mu=  -8.301 eV  Charge distance=  0.2062 (partial c.d.=  1.0686)
SCF ITERATION NUMBER  3
     point #   1  energy = -40.000
     point #  20  energy = -28.752
     point #  40  energy =  -8.301
     point #  60  energy =  -8.342
New Fermi level:    mu=  -8.858 eV  Charge distance=  0.1138 (partial c.d.=  8.5260)
SCF ITERATION NUMBER  4
     point #   1  energy = -40.000
     point #  20  energy = -28.950
     point #  40  energy =  -8.858
     point #  60  energy =  -8.908
New Fermi level:    mu=  -8.905 eV  Charge distance=  0.2616 (partial c.d.=  1.7463)
SCF ITERATION NUMBER  5
     point #   1  energy = -40.000
     point #  20  energy = -28.966
     point #  40  energy =  -8.905
     point #  60  energy =  -8.864
     point #  80  energy =  -7.239
New Fermi level:    mu=  -7.529 eV  Charge distance=  0.0903 (partial c.d.=  6.8761)
SCF ITERATION NUMBER  6
     point #   1  energy = -40.000
     point #  20  energy = -28.838
     point #  40  energy =  -8.543
     point #  60  energy =  -7.569
     point #  80  energy =  -8.747
New Fermi level:    mu=  -8.802 eV  Charge distance=  0.0463 (partial c.d.=  0.4020)
SCF ITERATION NUMBER  7
     point #   1  energy = -40.000
     point #  20  energy = -28.930
     point #  40  energy =  -8.802
     point #  60  energy =  -8.752
New Fermi level:    mu=  -8.686 eV  Charge distance=  0.1109 (partial c.d.=  0.1348)
SCF ITERATION NUMBER  8
     point #   1  energy = -40.000
     point #  20  energy = -28.889
     point #  40  energy =  -8.686
     point #  60  energy =  -8.636
New Fermi level:    mu=  -8.596 eV  Charge distance=  0.0828 (partial c.d.=  2.5221)
SCF ITERATION NUMBER  9
     point #   1  energy = -40.000
     point #  20  energy = -28.856
     point #  40  energy =  -8.596
     point #  60  energy =  -8.646
New Fermi level:    mu=  -8.671 eV  Charge distance=  0.0163 (partial c.d.=  2.4200)
SCF ITERATION NUMBER 10
     point #   1  energy = -40.000
     point #  20  energy = -28.883
     point #  40  energy =  -8.671
New Fermi level:    mu=  -8.638 eV  Charge distance=  0.0918 (partial c.d.=  0.0318)
SCF ITERATION NUMBER 11
     point #   1  energy = -40.000
     point #  20  energy = -28.871
     point #  40  energy =  -8.638
     point #  60  energy =  -8.588
New Fermi level:    mu=  -8.528 eV  Charge distance=  0.0386 (partial c.d.=  0.7178)
SCF ITERATION NUMBER 12
     point #   1  energy = -40.000
     point #  20  energy = -28.832
     point #  40  energy =  -8.528
New Fermi level:    mu=  -8.528 eV  Charge distance=  0.0127 (partial c.d.=  0.6044)
SCF ITERATION NUMBER 13
     point #   1  energy = -40.000
     point #  20  energy = -28.833
     point #  40  energy =  -8.528
New Fermi level:    mu=  -8.522 eV  Charge distance=  0.0102 (partial c.d.=  0.1448)
SCF ITERATION NUMBER 14
     point #   1  energy = -40.000
     point #  20  energy = -28.830
     point #  40  energy =  -8.522
New Fermi level:    mu=  -8.493 eV  Charge distance=  0.0064 (partial c.d.=  0.0698)
SCF ITERATION NUMBER 15
     point #   1  energy = -40.000
     point #  20  energy = -28.820
     point #  40  energy =  -8.493
New Fermi level:    mu=  -8.494 eV  Charge distance=  0.0044 (partial c.d.=  0.1532)
SCF ITERATION NUMBER 16
     point #   1  energy = -40.000
     point #  20  energy = -28.821
     point #  40  energy =  -8.494
New Fermi level:    mu=  -8.497 eV  Charge distance=  0.0004 (partial c.d.=  0.0824)
SCF ITERATION NUMBER 17
     point #   1  energy = -40.000
     point #  20  energy = -28.822
     point #  40  energy =  -8.497
New Fermi level:    mu=  -8.495 eV  Charge distance=  0.0004 (partial c.d.=  0.0149)
SCF ITERATION NUMBER 18
     point #   1  energy = -40.000
     point #  20  energy = -28.821
     point #  40  energy =  -8.495
New Fermi level:    mu=  -8.495 eV  Charge distance=  0.0004 (partial c.d.=  0.0056)
SCF ITERATION NUMBER 19
     point #   1  energy = -40.000
     point #  20  energy = -28.821
     point #  40  energy =  -8.495
New Fermi level:    mu=  -8.494 eV  Charge distance=  0.0007 (partial c.d.=  0.0009)
SCF ITERATION NUMBER 20
     point #   1  energy = -40.000
     point #  20  energy = -28.820
     point #  40  energy =  -8.494
New Fermi level:    mu=  -8.493 eV  Charge distance=  0.0001 (partial c.d.=  0.0003)
SCF ITERATION NUMBER 21
     point #   1  energy = -40.000
     point #  20  energy = -28.820
     point #  40  energy =  -8.493
New Fermi level:    mu=  -8.493 eV  Charge distance=  0.0001 (partial c.d.=  0.0010)
SCF ITERATION NUMBER 22
     point #   1  energy = -40.000
     point #  20  energy = -28.820
     point #  40  energy =  -8.493
New Fermi level:    mu=  -8.493 eV  Charge distance=  0.0000 (partial c.d.=  0.0001)
Electronic configuration
  type     l     N_el
     0     0    0.452
     0     1    0.620
     0     2    9.379
     0     3    0.000
     1     0    0.510
     1     1    0.791
     1     2    0.557
     1     3    0.000
     2     0    0.447
     2     1    0.607
     2     2    9.437
     2     3    0.000
     3     0    1.858
     3     1    4.357
     3     2    0.076
     3     3    0.000
Charge transfer:  type  charge
       0   -0.549
       1   -0.143
       2   -0.510
       3    0.291
Convergence reached in   22 iterations.
Done with module: potentials.

Calculating screened core-hole potential ...
FMS for a cluster of   25 atoms around iph =   0
    0% of energy integration
   20%
   40%
   60%
   80%
  100%
Preparing response function.
Computing (1 - K Chi0)^-1 v_ch
Done with module: screened core-hole potential.

Calculating cross-section and phases ...
    absorption cross section
 x0,dx,rnrm,inrm,jnrm   8.80000000000000       5.000000000000000E-002
   2.41742261300000              194         195
    phase shifts for unique potential    0
    phase shifts for unique potential    1
    phase shifts for unique potential    2
    phase shifts for unique potential    3
Done with module: cross-section and phases (XSPH).

FMS calculation of full Green's function ...
FEFF-serial using 1 thread.
Using   194 energy points.
xprep done
FMS for a cluster of  279 atoms
Energy point    1/ 194
Energy point   10/ 194
Energy point   20/ 194
Energy point   30/ 194
Energy point   40/ 194
Energy point   50/ 194
Energy point   60/ 194
Energy point   70/ 194
Energy point   80/ 194
Energy point   90/ 194
Energy point  100/ 194
Energy point  110/ 194
Energy point  120/ 194
Energy point  130/ 194
Energy point  140/ 194
Energy point  150/ 194
Energy point  160/ 194
Energy point  170/ 194
Energy point  180/ 194
Energy point  190/ 194
Done with module: FMS.

MKGTR: Tracing over Green's function ...
Done with module: MKGTR.

Pathfinder: finding scattering paths...
Preparing plane wave scattering amplitudes
Searching for paths
Eliminating path degeneracies
0 paths retained.
Done with module: pathfinder.

Calculating EXAFS parameters ...
Done with module: EXAFS parameters (GENFMT).

Calculating XAS spectra ...
Done with module: XAS spectra (FF2X: DW + final sum over paths).

 
### feff ends at Mon Aug 14 04:45:24 EDT 2023
 
