### feff starts at Mon Aug 14 07:20:18 EDT 2023
### Serial version
### FeffPath is /sdcc/u/mcarbone/software/JFEFF/hsw/feff90/linux
 
Launching FEFF version FEFF 9.9.1
Resetting lmaxsc to 2 for iph =    2.  Use  UNFREEZE to prevent this.
Core hole lifetime is   1.729 eV.
Your calculation:
 comment: None given
 Source:
 Structure Summary:  Li2 La28 Cu12 O56
 Reduced formula:  LiLa14(Cu3O14)2
 space group: (P-1), space number:  (2)
 abc:  7.085809  11.696503  17.108333
 angles: 77.009701  83.226922  74.925655
 sites: 98
Cu K edge XANES using RPA corehole.
Using:     * Self-Consistent Field potentials
Using cards:   ATOMS CONTROL EXCHANGE TITLE RPATH POTENTIALS XANES EDGE SCF FMS S02 COREHOLE EGRID

Calculating atomic potentials ...
    overlapped atomic potential and density for unique potential    0
    overlapped atomic potential and density for unique potential    1
    overlapped atomic potential and density for unique potential    2
    overlapped atomic potential and density for unique potential    3
    overlapped atomic potential and density for unique potential    4
Done with module: atomic potentials.

Calculating SCF potentials ...
FEFF-serial using 1 thread.
Muffin tin radii and interstitial parameters [bohr]:
type, norman radius, muffin tin, overlap factor
    0  1.25019E+00  1.16258E+00  1.15000E+00
    1  1.20673E+00  1.14699E+00  1.13834E+00
    2  1.82867E+00  1.75038E+00  1.11652E+00
    3  1.24402E+00  1.15187E+00  1.15000E+00
    4  1.09883E+00  1.05142E+00  1.11758E+00
Core-valence separation energy:  ecv=   -47.000 eV
Initial Fermi level:              mu=    -3.363 eV
SCF ITERATION NUMBER  1
     point #   1  energy = -47.000
FMS for a cluster of  101 atoms around atom type   0
FMS for a cluster of   91 atoms around atom type   1
FMS for a cluster of   98 atoms around atom type   2
FMS for a cluster of   91 atoms around atom type   3
FMS for a cluster of   99 atoms around atom type   4
     point #  20  energy = -35.844
     point #  40  energy = -15.594
     point #  60  energy =  -8.378
     point #  80  energy =  -6.819
New Fermi level:    mu=  -6.733 eV  Charge distance=  1.2305 (partial c.d.=  6.3894)
SCF ITERATION NUMBER  1
     point #   1  energy = -47.000
FMS for a cluster of  101 atoms around atom type   0
FMS for a cluster of   91 atoms around atom type   1
FMS for a cluster of   98 atoms around atom type   2
FMS for a cluster of   91 atoms around atom type   3
FMS for a cluster of   99 atoms around atom type   4
     point #  20  energy = -35.927
     point #  40  energy = -15.793
     point #  60  energy =  -6.733
     point #  80  energy =  -7.621
     point # 100  energy = -11.371
     point # 120  energy = -10.705
     point # 140  energy = -10.455
     point # 160  energy = -10.205
     point # 180  energy =  -9.955
New Fermi level:    mu=  -9.937 eV  Charge distance=  0.3487 (partial c.d.=  6.3499)
SCF ITERATION NUMBER  1
     point #   1  energy = -47.000
FMS for a cluster of  101 atoms around atom type   0
FMS for a cluster of   91 atoms around atom type   1
FMS for a cluster of   98 atoms around atom type   2
FMS for a cluster of   91 atoms around atom type   3
FMS for a cluster of   99 atoms around atom type   4
     point #  20  energy = -35.981
     point #  40  energy = -15.948
     point #  60  energy =  -9.937
     point #  80  energy =  -9.940
     point # 100  energy =  -9.690
New Fermi level:    mu=  -9.650 eV  Charge distance=  0.2162 (partial c.d.=  0.1824)
SCF ITERATION NUMBER  2
     point #   1  energy = -47.000
     point #  20  energy = -35.896
     point #  40  energy = -15.707
     point #  60  energy =  -9.650
     point #  80  energy =  -8.984
New Fermi level:    mu=  -8.899 eV  Charge distance=  0.2742 (partial c.d.=  0.4600)
negative density   1  -37.357 - usually harmless precision error, but check DOS if it persists
SCF ITERATION NUMBER  3
     point #   1  energy = -47.000
     point #  20  energy = -35.971
     point #  40  energy = -15.918
     point #  60  energy =  -8.899
     point #  80  energy =  -8.233
New Fermi level:    mu=  -8.174 eV  Charge distance=  0.2436 (partial c.d.=  1.2017)
negative density   1  -96.532 - usually harmless precision error, but check DOS if it persists
SCF ITERATION NUMBER  4
     point #   1  energy = -47.000
     point #  20  energy = -35.761
     point #  40  energy = -15.326
     point #  60  energy =  -8.174
     point #  80  energy =  -9.355
     point # 100  energy =  -9.477
New Fermi level:    mu=  -9.483 eV  Charge distance=  0.0809 (partial c.d.=  1.5211)
negative density   1 -143.252 - usually harmless precision error, but check DOS if it persists
SCF ITERATION NUMBER  5
     point #   1  energy = -47.000
     point #  20  energy = -35.846
     point #  40  energy = -15.567
     point #  60  energy =  -9.483
New Fermi level:    mu=  -9.260 eV  Charge distance=  0.1209 (partial c.d.=  0.1553)
negative density   1 -186.718 - usually harmless precision error, but check DOS if it persists
SCF ITERATION NUMBER  6
     point #   1  energy = -47.000
     point #  20  energy = -35.780
     point #  40  energy = -15.380
     point #  60  energy =  -9.260
     point #  80  energy =  -8.782
New Fermi level:    mu=  -8.686 eV  Charge distance=  0.0533 (partial c.d.=  0.5818)
negative density   1 -201.495 - usually harmless precision error, but check DOS if it persists
SCF ITERATION NUMBER  7
     point #   1  energy = -47.000
     point #  20  energy = -35.909
     point #  40  energy = -15.743
     point #  60  energy =  -8.686
New Fermi level:    mu=  -8.763 eV  Charge distance=  0.0208 (partial c.d.=  0.4190)
negative density   1 -209.871 - usually harmless precision error, but check DOS if it persists
SCF ITERATION NUMBER  8
     point #   1  energy = -47.000
     point #  20  energy = -35.931
     point #  40  energy = -15.807
     point #  60  energy =  -8.763
New Fermi level:    mu=  -8.774 eV  Charge distance=  0.0056 (partial c.d.=  0.1838)
negative density   1 -219.976 - usually harmless precision error, but check DOS if it persists
SCF ITERATION NUMBER  9
     point #   1  energy = -47.000
     point #  20  energy = -35.935
     point #  40  energy = -15.816
     point #  60  energy =  -8.774
New Fermi level:    mu=  -8.759 eV  Charge distance=  0.0010 (partial c.d.=  0.0433)
negative density   1 -229.818 - usually harmless precision error, but check DOS if it persists
SCF ITERATION NUMBER 10
     point #   1  energy = -47.000
     point #  20  energy = -35.930
     point #  40  energy = -15.804
     point #  60  energy =  -8.759
New Fermi level:    mu=  -8.760 eV  Charge distance=  0.0030 (partial c.d.=  0.0026)
negative density   1 -251.228 - usually harmless precision error, but check DOS if it persists
SCF ITERATION NUMBER 11
     point #   1  energy = -47.000
     point #  20  energy = -35.931
     point #  40  energy = -15.804
     point #  60  energy =  -8.760
New Fermi level:    mu=  -8.755 eV  Charge distance=  0.0013 (partial c.d.=  0.0019)
negative density   1 -263.701 - usually harmless precision error, but check DOS if it persists
SCF ITERATION NUMBER 12
     point #   1  energy = -47.000
     point #  20  energy = -35.929
     point #  40  energy = -15.800
     point #  60  energy =  -8.755
New Fermi level:    mu=  -8.754 eV  Charge distance=  0.0001 (partial c.d.=  0.0021)
negative density   1 -264.464 - usually harmless precision error, but check DOS if it persists
SCF ITERATION NUMBER 13
     point #   1  energy = -47.000
     point #  20  energy = -35.929
     point #  40  energy = -15.800
     point #  60  energy =  -8.754
New Fermi level:    mu=  -8.754 eV  Charge distance=  0.0002 (partial c.d.=  0.0002)
negative density   1 -265.479 - usually harmless precision error, but check DOS if it persists
SCF ITERATION NUMBER 14
     point #   1  energy = -47.000
     point #  20  energy = -35.929
     point #  40  energy = -15.799
     point #  60  energy =  -8.754
New Fermi level:    mu=  -8.754 eV  Charge distance=  0.0001 (partial c.d.=  0.0000)
Electronic configuration
  type     l     N_el
     0     0    0.479
     0     1    0.599
     0     2    9.431
     0     3    0.000
     1     0    0.245
     1     1    0.550
     1     2    0.000
     1     3    0.000
     2     0    2.291
     2     1    6.364
     2     2    1.648
     2     3    0.000
     3     0    0.480
     3     1    0.605
     3     2    9.418
     3     3    0.000
     4     0    1.850
     4     1    4.552
     4     2    0.061
     4     3    0.000
Charge transfer:  type  charge
       0   -0.492
       1   -0.205
       2   -0.697
       3   -0.497
       4    0.463
Convergence reached in   14 iterations.
Done with module: potentials.

Calculating screened core-hole potential ...
FMS for a cluster of   19 atoms around iph =   0
    0% of energy integration
   20%
   40%
   60%
   80%
  100%
Preparing response function.
Computing (1 - K Chi0)^-1 v_ch
Done with module: screened core-hole potential.

Calculating cross-section and phases ...
    absorption cross section
 x0,dx,rnrm,inrm,jnrm   8.80000000000000       5.000000000000000E-002
   2.36250811599992              194         195
    phase shifts for unique potential    0
    phase shifts for unique potential    1
    phase shifts for unique potential    2
    phase shifts for unique potential    3
    phase shifts for unique potential    4
Done with module: cross-section and phases (XSPH).

FMS calculation of full Green's function ...
FEFF-serial using 1 thread.
Using   194 energy points.
xprep done
FMS for a cluster of  231 atoms
Energy point    1/ 194
Energy point   10/ 194
Energy point   20/ 194
Energy point   30/ 194
Energy point   40/ 194
Energy point   50/ 194
Energy point   60/ 194
Energy point   70/ 194
Energy point   80/ 194
Energy point   90/ 194
Energy point  100/ 194
Energy point  110/ 194
Energy point  120/ 194
Energy point  130/ 194
Energy point  140/ 194
Energy point  150/ 194
Energy point  160/ 194
Energy point  170/ 194
Energy point  180/ 194
Energy point  190/ 194
Done with module: FMS.

MKGTR: Tracing over Green's function ...
Done with module: MKGTR.

Pathfinder: finding scattering paths...
Preparing plane wave scattering amplitudes
Searching for paths
Eliminating path degeneracies
0 paths retained.
Done with module: pathfinder.

Calculating EXAFS parameters ...
Done with module: EXAFS parameters (GENFMT).

Calculating XAS spectra ...
Done with module: XAS spectra (FF2X: DW + final sum over paths).

 
### feff ends at Mon Aug 14 08:58:16 EDT 2023
 
