### feff starts at Sun Aug 13 09:26:11 EDT 2023
### Serial version
### FeffPath is /sdcc/u/mcarbone/software/JFEFF/hsw/feff90/linux
 
Launching FEFF version FEFF 9.9.1
Core hole lifetime is   1.729 eV.
Your calculation:
 comment: None given
 Source:
 Structure Summary:  Zn4 Cu4 O8
 Reduced formula:  ZnCuO2
 space group: (P1), space number:  (1)
 abc:  2.945296   8.098521   8.184539
 angles: 90.919490  99.198491  93.600416
 sites: 16
Cu K edge XANES using RPA corehole.
Using:     * Self-Consistent Field potentials
Using cards:   ATOMS CONTROL EXCHANGE TITLE RPATH POTENTIALS XANES EDGE SCF FMS S02 COREHOLE EGRID

Calculating atomic potentials ...
    overlapped atomic potential and density for unique potential    0
    overlapped atomic potential and density for unique potential    1
    overlapped atomic potential and density for unique potential    2
    overlapped atomic potential and density for unique potential    3
Done with module: atomic potentials.

Calculating SCF potentials ...
FEFF-serial using 1 thread.
Muffin tin radii and interstitial parameters [bohr]:
type, norman radius, muffin tin, overlap factor
    0  1.34060E+00  1.24508E+00  1.15000E+00
    1  1.41268E+00  1.27806E+00  1.15000E+00
    2  1.34061E+00  1.24509E+00  1.15000E+00
    3  1.11674E+00  1.02731E+00  1.15000E+00
Core-valence separation energy:  ecv=   -40.000 eV
Initial Fermi level:              mu=     0.127 eV
SCF ITERATION NUMBER  1
     point #   1  energy = -40.000
FMS for a cluster of  120 atoms around atom type   0
FMS for a cluster of  116 atoms around atom type   1
FMS for a cluster of  113 atoms around atom type   2
FMS for a cluster of  120 atoms around atom type   3
     point #  20  energy = -28.937
     point #  40  energy =  -8.687
     point #  60  energy =  -4.275
     point #  80  energy =  -4.178
New Fermi level:    mu=  -4.210 eV  Charge distance=  0.5644 (partial c.d.= 10.2864)
SCF ITERATION NUMBER  1
     point #   1  energy = -40.000
FMS for a cluster of  120 atoms around atom type   0
FMS for a cluster of  116 atoms around atom type   1
FMS for a cluster of  113 atoms around atom type   2
FMS for a cluster of  120 atoms around atom type   3
     point #  20  energy = -28.752
     point #  40  energy =  -8.301
     point #  60  energy =  -4.210
     point #  80  energy =  -6.348
     point # 100  energy =  -8.982
     point # 120  energy =  -9.554
     point # 140  energy =  -9.804
New Fermi level:    mu=  -9.899 eV  Charge distance=  0.1570 (partial c.d.=  3.0458)
SCF ITERATION NUMBER  1
     point #   1  energy = -40.000
FMS for a cluster of  120 atoms around atom type   0
FMS for a cluster of  116 atoms around atom type   1
FMS for a cluster of  113 atoms around atom type   2
FMS for a cluster of  120 atoms around atom type   3
     point #  20  energy = -28.963
     point #  40  energy =  -9.899
     point #  60  energy =  -9.808
     point #  80  energy =  -8.324
     point # 100  energy =  -8.690
     point # 120  energy =  -8.940
New Fermi level:    mu=  -9.017 eV  Charge distance=  0.0334 (partial c.d.=  0.5558)
SCF ITERATION NUMBER  2
     point #   1  energy = -40.000
     point #  20  energy = -29.006
     point #  40  energy =  -9.017
     point #  60  energy =  -8.967
New Fermi level:    mu=  -8.826 eV  Charge distance=  0.0946 (partial c.d.=  0.0659)
SCF ITERATION NUMBER  3
     point #   1  energy = -40.000
     point #  20  energy = -28.938
     point #  40  energy =  -8.826
     point #  60  energy =  -8.811
     point #  80  energy =  -9.061
New Fermi level:    mu=  -9.155 eV  Charge distance=  0.0281 (partial c.d.=  0.0837)
SCF ITERATION NUMBER  4
     point #   1  energy = -40.000
     point #  20  energy = -28.690
     point #  40  energy =  -9.155
     point #  60  energy =  -9.092
New Fermi level:    mu=  -9.062 eV  Charge distance=  0.0267 (partial c.d.=  0.2374)
SCF ITERATION NUMBER  5
     point #   1  energy = -40.000
     point #  20  energy = -29.022
     point #  40  energy =  -9.062
New Fermi level:    mu=  -9.080 eV  Charge distance=  0.0083 (partial c.d.=  0.2333)
SCF ITERATION NUMBER  6
     point #   1  energy = -40.000
     point #  20  energy = -29.028
     point #  40  energy =  -9.080
New Fermi level:    mu=  -9.099 eV  Charge distance=  0.0032 (partial c.d.=  0.1117)
SCF ITERATION NUMBER  7
     point #   1  energy = -40.000
     point #  20  energy = -29.035
     point #  40  energy =  -9.099
New Fermi level:    mu=  -9.097 eV  Charge distance=  0.0029 (partial c.d.=  0.0209)
SCF ITERATION NUMBER  8
     point #   1  energy = -40.000
     point #  20  energy = -29.034
     point #  40  energy =  -9.097
New Fermi level:    mu=  -9.091 eV  Charge distance=  0.0026 (partial c.d.=  0.0068)
SCF ITERATION NUMBER  9
     point #   1  energy = -40.000
     point #  20  energy = -29.032
     point #  40  energy =  -9.091
New Fermi level:    mu=  -9.081 eV  Charge distance=  0.0004 (partial c.d.=  0.0029)
SCF ITERATION NUMBER 10
     point #   1  energy = -40.000
     point #  20  energy = -29.029
     point #  40  energy =  -9.081
New Fermi level:    mu=  -9.077 eV  Charge distance=  0.0002 (partial c.d.=  0.0024)
SCF ITERATION NUMBER 11
     point #   1  energy = -40.000
     point #  20  energy = -29.027
     point #  40  energy =  -9.077
New Fermi level:    mu=  -9.077 eV  Charge distance=  0.0002 (partial c.d.=  0.0007)
SCF ITERATION NUMBER 12
     point #   1  energy = -40.000
     point #  20  energy = -29.027
     point #  40  energy =  -9.077
New Fermi level:    mu=  -9.077 eV  Charge distance=  0.0000 (partial c.d.=  0.0004)
SCF ITERATION NUMBER 13
     point #   1  energy = -40.000
     point #  20  energy = -29.027
     point #  40  energy =  -9.077
New Fermi level:    mu=  -9.077 eV  Charge distance=  0.0001 (partial c.d.=  0.0000)
Electronic configuration
  type     l     N_el
     0     0    0.479
     0     1    0.563
     0     2    9.467
     0     3    0.000
     1     0    0.740
     1     1    0.907
     1     2   10.221
     1     3    0.000
     2     0    0.478
     2     1    0.564
     2     2    9.469
     2     3    0.000
     3     0    1.867
     3     1    4.371
     3     2    0.073
     3     3    0.000
Charge transfer:  type  charge
       0   -0.490
       1   -0.132
       2   -0.489
       3    0.311
Convergence reached in   13 iterations.
Done with module: potentials.

Calculating screened core-hole potential ...
FMS for a cluster of   23 atoms around iph =   0
    0% of energy integration
   20%
   40%
   60%
   80%
  100%
Preparing response function.
Computing (1 - K Chi0)^-1 v_ch
Done with module: screened core-hole potential.

Calculating cross-section and phases ...
    absorption cross section
 x0,dx,rnrm,inrm,jnrm   8.80000000000000       5.000000000000000E-002
   2.53336663599994              195         196
    phase shifts for unique potential    0
    phase shifts for unique potential    1
    phase shifts for unique potential    2
    phase shifts for unique potential    3
Done with module: cross-section and phases (XSPH).

FMS calculation of full Green's function ...
FEFF-serial using 1 thread.
Using   194 energy points.
xprep done
FMS for a cluster of  251 atoms
Energy point    1/ 194
Energy point   10/ 194
Energy point   20/ 194
Energy point   30/ 194
Energy point   40/ 194
Energy point   50/ 194
Energy point   60/ 194
Energy point   70/ 194
Energy point   80/ 194
Energy point   90/ 194
Energy point  100/ 194
Energy point  110/ 194
Energy point  120/ 194
Energy point  130/ 194
Energy point  140/ 194
Energy point  150/ 194
Energy point  160/ 194
Energy point  170/ 194
Energy point  180/ 194
Energy point  190/ 194
Done with module: FMS.

MKGTR: Tracing over Green's function ...
Done with module: MKGTR.

Pathfinder: finding scattering paths...
Preparing plane wave scattering amplitudes
Searching for paths
Eliminating path degeneracies
0 paths retained.
Done with module: pathfinder.

Calculating EXAFS parameters ...
Done with module: EXAFS parameters (GENFMT).

Calculating XAS spectra ...
Done with module: XAS spectra (FF2X: DW + final sum over paths).

 
### feff ends at Sun Aug 13 11:18:31 EDT 2023
 
