### feff starts at Mon Aug 14 10:28:30 EDT 2023
### Serial version
### FeffPath is /sdcc/u/mcarbone/software/JFEFF/hsw/feff90/linux
 
Launching FEFF version FEFF 9.9.1
Core hole lifetime is   1.729 eV.
Your calculation:
 comment: None given
 Source:
 Structure Summary:  Cu12 Mo3 S5 O36
 Reduced formula:  Cu12Mo3S5O36
 space group: (Pm), space number:  (6)
 abc:  6.827416   7.485745  13.694456
 angles: 89.979767  90.000000  90.000000
 sites: 56
Cu K edge XANES using RPA corehole.
Using:     * Self-Consistent Field potentials
Using cards:   ATOMS CONTROL EXCHANGE TITLE RPATH POTENTIALS XANES EDGE SCF FMS S02 COREHOLE EGRID

Calculating atomic potentials ...
    overlapped atomic potential and density for unique potential    0
    overlapped atomic potential and density for unique potential    1
    overlapped atomic potential and density for unique potential    2
    overlapped atomic potential and density for unique potential    3
    overlapped atomic potential and density for unique potential    4
Done with module: atomic potentials.

Calculating SCF potentials ...
FEFF-serial using 1 thread.
Muffin tin radii and interstitial parameters [bohr]:
type, norman radius, muffin tin, overlap factor
    0  1.33138E+00  1.24029E+00  1.15000E+00
    1  1.33702E+00  1.23384E+00  1.15000E+00
    2  1.35602E+00  1.14161E+00  1.15000E+00
    3  1.10441E+00  8.59641E-01  1.15000E+00
    4  1.09834E+00  9.97711E-01  1.15000E+00
Core-valence separation energy:  ecv=   -44.500 eV
Initial Fermi level:              mu=     4.664 eV
SCF ITERATION NUMBER  1
     point #   1  energy = -44.500
FMS for a cluster of  118 atoms around atom type   0
FMS for a cluster of  103 atoms around atom type   1
FMS for a cluster of   99 atoms around atom type   2
FMS for a cluster of  109 atoms around atom type   3
FMS for a cluster of  111 atoms around atom type   4
     point #  20  energy = -33.436
     point #  40  energy = -13.186
     point #  60  energy =  -2.823
     point #  80  energy =  -3.008
New Fermi level:    mu=  -2.913 eV  Charge distance=  0.5337 (partial c.d.=  8.1187)
SCF ITERATION NUMBER  1
     point #   1  energy = -44.500
FMS for a cluster of  118 atoms around atom type   0
FMS for a cluster of  103 atoms around atom type   1
FMS for a cluster of   99 atoms around atom type   2
FMS for a cluster of  109 atoms around atom type   3
FMS for a cluster of  111 atoms around atom type   4
     point #  20  energy = -33.343
     point #  40  energy = -13.056
     point #  60  energy =  -2.913
     point #  80  energy =  -3.548
     point # 100  energy =  -7.451
     point # 120  energy =  -8.254
New Fermi level:    mu=  -8.348 eV  Charge distance=  0.5619 (partial c.d.=  3.0830)
SCF ITERATION NUMBER  1
     point #   1  energy = -44.500
FMS for a cluster of  118 atoms around atom type   0
FMS for a cluster of  103 atoms around atom type   1
FMS for a cluster of   99 atoms around atom type   2
FMS for a cluster of  109 atoms around atom type   3
FMS for a cluster of  111 atoms around atom type   4
     point #  20  energy = -33.453
     point #  40  energy = -13.369
     point #  60  energy =  -8.348
     point #  80  energy =  -6.688
     point # 100  energy =  -6.985
New Fermi level:    mu=  -7.177 eV  Charge distance=  0.2882 (partial c.d.=  0.7505)
SCF ITERATION NUMBER  2
     point #   1  energy = -44.500
     point #  20  energy = -33.404
     point #  40  energy = -13.229
     point #  60  energy =  -7.177
     point #  80  energy =  -6.436
     point # 100  energy =  -6.630
New Fermi level:    mu=  -6.720 eV  Charge distance=  0.2249 (partial c.d.=  0.6198)
SCF ITERATION NUMBER  3
     point #   1  energy = -44.500
     point #  20  energy = -33.268
     point #  40  energy = -12.846
     point #  60  energy =  -6.720
New Fermi level:    mu=  -6.721 eV  Charge distance=  0.1737 (partial c.d.=  5.2415)
SCF ITERATION NUMBER  4
     point #   1  energy = -44.500
     point #  20  energy = -33.268
     point #  40  energy = -12.847
     point #  60  energy =  -6.721
     point #  80  energy =  -7.237
New Fermi level:    mu=  -7.385 eV  Charge distance=  0.1068 (partial c.d.=  4.9344)
SCF ITERATION NUMBER  5
     point #   1  energy = -44.500
     point #  20  energy = -33.466
     point #  40  energy = -13.404
     point #  60  energy =  -7.385
New Fermi level:    mu=  -7.188 eV  Charge distance=  0.0569 (partial c.d.=  0.2826)
SCF ITERATION NUMBER  6
     point #   1  energy = -44.500
     point #  20  energy = -33.407
     point #  40  energy = -13.238
     point #  60  energy =  -7.188
New Fermi level:    mu=  -7.255 eV  Charge distance=  0.0162 (partial c.d.=  0.0485)
SCF ITERATION NUMBER  7
     point #   1  energy = -44.500
     point #  20  energy = -33.427
     point #  40  energy = -13.295
     point #  60  energy =  -7.255
New Fermi level:    mu=  -7.160 eV  Charge distance=  0.0167 (partial c.d.=  0.0415)
SCF ITERATION NUMBER  8
     point #   1  energy = -44.500
     point #  20  energy = -33.399
     point #  40  energy = -13.215
     point #  60  energy =  -7.160
New Fermi level:    mu=  -7.177 eV  Charge distance=  0.0170 (partial c.d.=  0.0371)
SCF ITERATION NUMBER  9
     point #   1  energy = -44.500
     point #  20  energy = -33.404
     point #  40  energy = -13.229
     point #  60  energy =  -7.177
New Fermi level:    mu=  -7.150 eV  Charge distance=  0.0153 (partial c.d.=  0.0913)
SCF ITERATION NUMBER 10
     point #   1  energy = -44.500
     point #  20  energy = -33.396
     point #  40  energy = -13.207
     point #  60  energy =  -7.150
New Fermi level:    mu=  -7.107 eV  Charge distance=  0.0059 (partial c.d.=  0.0347)
SCF ITERATION NUMBER 11
     point #   1  energy = -44.500
     point #  20  energy = -33.383
     point #  40  energy = -13.171
     point #  60  energy =  -7.107
New Fermi level:    mu=  -7.109 eV  Charge distance=  0.0023 (partial c.d.=  0.0345)
SCF ITERATION NUMBER 12
     point #   1  energy = -44.500
     point #  20  energy = -33.384
     point #  40  energy = -13.173
     point #  60  energy =  -7.109
New Fermi level:    mu=  -7.112 eV  Charge distance=  0.0017 (partial c.d.=  0.0169)
SCF ITERATION NUMBER 13
     point #   1  energy = -44.500
     point #  20  energy = -33.385
     point #  40  energy = -13.175
     point #  60  energy =  -7.112
New Fermi level:    mu=  -7.111 eV  Charge distance=  0.0028 (partial c.d.=  0.0048)
SCF ITERATION NUMBER 14
     point #   1  energy = -44.500
     point #  20  energy = -33.384
     point #  40  energy = -13.174
     point #  60  energy =  -7.111
New Fermi level:    mu=  -7.111 eV  Charge distance=  0.0001 (partial c.d.=  0.0080)
SCF ITERATION NUMBER 15
     point #   1  energy = -44.500
     point #  20  energy = -33.384
     point #  40  energy = -13.174
     point #  60  energy =  -7.111
New Fermi level:    mu=  -7.112 eV  Charge distance=  0.0002 (partial c.d.=  0.0004)
SCF ITERATION NUMBER 16
     point #   1  energy = -44.500
     point #  20  energy = -33.385
     point #  40  energy = -13.175
     point #  60  energy =  -7.112
New Fermi level:    mu=  -7.113 eV  Charge distance=  0.0003 (partial c.d.=  0.0018)
SCF ITERATION NUMBER 17
     point #   1  energy = -44.500
     point #  20  energy = -33.385
     point #  40  energy = -13.176
     point #  60  energy =  -7.113
New Fermi level:    mu=  -7.113 eV  Charge distance=  0.0001 (partial c.d.=  0.0009)
SCF ITERATION NUMBER 18
     point #   1  energy = -44.500
     point #  20  energy = -33.385
     point #  40  energy = -13.176
     point #  60  energy =  -7.113
New Fermi level:    mu=  -7.112 eV  Charge distance=  0.0001 (partial c.d.=  0.0001)
Electronic configuration
  type     l     N_el
     0     0    0.502
     0     1    0.635
     0     2    9.517
     0     3    0.000
     1     0    0.502
     1     1    0.609
     1     2    9.537
     1     3    0.000
     2     0    0.466
     2     1    6.644
     2     2    3.734
     2     3    0.000
     3     0    1.399
     3     1    2.488
     3     2    1.067
     3     3    0.000
     4     0    1.841
     4     1    4.415
     4     2    0.103
     4     3    0.000
Charge transfer:  type  charge
       0   -0.346
       1   -0.353
       2   -1.156
       3   -1.046
       4    0.359
Convergence reached in   18 iterations.
Done with module: potentials.

Calculating screened core-hole potential ...
FMS for a cluster of   25 atoms around iph =   0
    0% of energy integration
   20%
   40%
   60%
   80%
  100%
Preparing response function.
Computing (1 - K Chi0)^-1 v_ch
Done with module: screened core-hole potential.

Calculating cross-section and phases ...
    absorption cross section
 x0,dx,rnrm,inrm,jnrm   8.80000000000000       5.000000000000000E-002
   2.51593799199995              195         196
    phase shifts for unique potential    0
    phase shifts for unique potential    1
    phase shifts for unique potential    2
    phase shifts for unique potential    3
    phase shifts for unique potential    4
Done with module: cross-section and phases (XSPH).

FMS calculation of full Green's function ...
FEFF-serial using 1 thread.
Using   194 energy points.
xprep done
FMS for a cluster of  243 atoms
Energy point    1/ 194
Energy point   10/ 194
Energy point   20/ 194
Energy point   30/ 194
Energy point   40/ 194
Energy point   50/ 194
Energy point   60/ 194
Energy point   70/ 194
Energy point   80/ 194
Energy point   90/ 194
Energy point  100/ 194
Energy point  110/ 194
Energy point  120/ 194
Energy point  130/ 194
Energy point  140/ 194
Energy point  150/ 194
Energy point  160/ 194
Energy point  170/ 194
Energy point  180/ 194
Energy point  190/ 194
Done with module: FMS.

MKGTR: Tracing over Green's function ...
Done with module: MKGTR.

Pathfinder: finding scattering paths...
Preparing plane wave scattering amplitudes
Searching for paths
Eliminating path degeneracies
0 paths retained.
Done with module: pathfinder.

Calculating EXAFS parameters ...
Done with module: EXAFS parameters (GENFMT).

Calculating XAS spectra ...
Done with module: XAS spectra (FF2X: DW + final sum over paths).

 
### feff ends at Mon Aug 14 12:32:13 EDT 2023
 
