### feff starts at Sun Aug 13 16:34:07 EDT 2023
### Serial version
### FeffPath is /sdcc/u/mcarbone/software/JFEFF/hsw/feff90/linux
 
Launching FEFF version FEFF 9.9.1
Resetting lmaxsc to 2 for iph =    2.  Use  UNFREEZE to prevent this.
Core hole lifetime is   1.729 eV.
Your calculation:
 comment: None given
 Source:
 Structure Summary:  Cu10 Bi25 O48
 Reduced formula:  Cu10Bi25O48
 space group: (P4), space number:  (75)
 abc:  8.512553   8.512548  18.134873
 angles: 89.999964  90.000144  89.999919
 sites: 83
Cu K edge XANES using RPA corehole.
Using:     * Self-Consistent Field potentials
Using cards:   ATOMS CONTROL EXCHANGE TITLE RPATH POTENTIALS XANES EDGE SCF FMS S02 COREHOLE EGRID

Calculating atomic potentials ...
    overlapped atomic potential and density for unique potential    0
    overlapped atomic potential and density for unique potential    1
    overlapped atomic potential and density for unique potential    2
    overlapped atomic potential and density for unique potential    3
Done with module: atomic potentials.

Calculating SCF potentials ...
FEFF-serial using 1 thread.
Muffin tin radii and interstitial parameters [bohr]:
type, norman radius, muffin tin, overlap factor
    0  1.32959E+00  1.21458E+00  1.15000E+00
    1  1.33752E+00  1.22453E+00  1.15000E+00
    2  1.68249E+00  1.55545E+00  1.15000E+00
    3  1.12721E+00  1.03746E+00  1.15000E+00
Core-valence separation energy:  ecv=   -40.000 eV
Initial Fermi level:              mu=     1.866 eV
SCF ITERATION NUMBER  1
     point #   1  energy = -40.000
FMS for a cluster of   92 atoms around atom type   0
FMS for a cluster of   84 atoms around atom type   1
FMS for a cluster of   86 atoms around atom type   2
FMS for a cluster of   89 atoms around atom type   3
     point #  20  energy = -28.793
     point #  40  energy =  -8.543
     point #  60  energy =  -3.775
     point #  80  energy =  -3.768
New Fermi level:    mu=  -3.829 eV  Charge distance=  0.7496 (partial c.d.= 10.5478)
SCF ITERATION NUMBER  1
     point #   1  energy = -40.000
FMS for a cluster of   92 atoms around atom type   0
FMS for a cluster of   84 atoms around atom type   1
FMS for a cluster of   86 atoms around atom type   2
FMS for a cluster of   89 atoms around atom type   3
     point #  20  energy = -28.948
     point #  40  energy =  -8.853
     point #  60  energy =  -3.829
     point #  80  energy =  -5.664
     point # 100  energy =  -5.667
New Fermi level:    mu=  -5.582 eV  Charge distance=  0.2778 (partial c.d.=  4.1960)
SCF ITERATION NUMBER  1
     point #   1  energy = -40.000
FMS for a cluster of   92 atoms around atom type   0
FMS for a cluster of   84 atoms around atom type   1
FMS for a cluster of   86 atoms around atom type   2
FMS for a cluster of   89 atoms around atom type   3
     point #  20  energy = -28.865
     point #  40  energy =  -8.619
     point #  60  energy =  -5.569
New Fermi level:    mu=  -5.501 eV  Charge distance=  0.1382 (partial c.d.=  0.2635)
SCF ITERATION NUMBER  2
     point #   1  energy = -40.000
     point #  20  energy = -28.838
     point #  40  energy =  -8.545
     point #  60  energy =  -5.488
New Fermi level:    mu=  -5.264 eV  Charge distance=  0.1860 (partial c.d.=  0.3721)
SCF ITERATION NUMBER  3
     point #   1  energy = -40.000
     point #  20  energy = -28.762
     point #  40  energy =  -8.329
     point #  60  energy =  -5.276
New Fermi level:    mu=  -5.344 eV  Charge distance=  0.1204 (partial c.d.=  0.0542)
SCF ITERATION NUMBER  4
     point #   1  energy = -40.000
     point #  20  energy = -28.788
     point #  40  energy =  -8.402
     point #  60  energy =  -5.356
New Fermi level:    mu=  -5.367 eV  Charge distance=  0.0220 (partial c.d.=  0.1039)
SCF ITERATION NUMBER  5
     point #   1  energy = -40.000
     point #  20  energy = -28.795
     point #  40  energy =  -8.423
     point #  60  energy =  -5.380
New Fermi level:    mu=  -5.427 eV  Charge distance=  0.0023 (partial c.d.=  0.0813)
SCF ITERATION NUMBER  6
     point #   1  energy = -40.000
     point #  20  energy = -28.815
     point #  40  energy =  -8.478
     point #  60  energy =  -5.414
New Fermi level:    mu=  -5.411 eV  Charge distance=  0.0052 (partial c.d.=  0.0274)
SCF ITERATION NUMBER  7
     point #   1  energy = -40.000
     point #  20  energy = -28.809
     point #  40  energy =  -8.463
     point #  60  energy =  -5.398
New Fermi level:    mu=  -5.406 eV  Charge distance=  0.0104 (partial c.d.=  0.0035)
SCF ITERATION NUMBER  8
     point #   1  energy = -40.000
     point #  20  energy = -28.808
     point #  40  energy =  -8.458
     point #  60  energy =  -5.393
New Fermi level:    mu=  -5.396 eV  Charge distance=  0.0027 (partial c.d.=  0.0079)
SCF ITERATION NUMBER  9
     point #   1  energy = -40.000
     point #  20  energy = -28.805
     point #  40  energy =  -8.449
     point #  60  energy =  -5.383
New Fermi level:    mu=  -5.392 eV  Charge distance=  0.0007 (partial c.d.=  0.0105)
SCF ITERATION NUMBER 10
     point #   1  energy = -40.000
     point #  20  energy = -28.803
     point #  40  energy =  -8.446
     point #  60  energy =  -5.405
New Fermi level:    mu=  -5.392 eV  Charge distance=  0.0000 (partial c.d.=  0.0051)
SCF ITERATION NUMBER 11
     point #   1  energy = -40.000
     point #  20  energy = -28.803
     point #  40  energy =  -8.446
     point #  60  energy =  -5.380
New Fermi level:    mu=  -5.392 eV  Charge distance=  0.0000 (partial c.d.=  0.0001)
Electronic configuration
  type     l     N_el
     0     0    0.555
     0     1    0.662
     0     2    9.587
     0     3    0.000
     1     0    0.557
     1     1    0.656
     1     2    9.594
     1     3    0.000
     2     0    1.909
     2     1    1.870
     2     2   10.547
     2     3    0.000
     3     0    1.897
     3     1    4.426
     3     2    0.069
     3     3    0.000
Charge transfer:  type  charge
       0   -0.197
       1   -0.194
       2   -0.675
       3    0.392
Convergence reached in   11 iterations.
Done with module: potentials.

Calculating screened core-hole potential ...
FMS for a cluster of   23 atoms around iph =   0
    0% of energy integration
   20%
   40%
   60%
   80%
  100%
Preparing response function.
Computing (1 - K Chi0)^-1 v_ch
Done with module: screened core-hole potential.

Calculating cross-section and phases ...
    absorption cross section
 x0,dx,rnrm,inrm,jnrm   8.80000000000000       5.000000000000000E-002
   2.51255312600019              195         196
    phase shifts for unique potential    0
    phase shifts for unique potential    1
    phase shifts for unique potential    2
    phase shifts for unique potential    3
Done with module: cross-section and phases (XSPH).

FMS calculation of full Green's function ...
FEFF-serial using 1 thread.
Using   194 energy points.
xprep done
FMS for a cluster of  193 atoms
Energy point    1/ 194
Energy point   10/ 194
Energy point   20/ 194
Energy point   30/ 194
Energy point   40/ 194
Energy point   50/ 194
Energy point   60/ 194
Energy point   70/ 194
Energy point   80/ 194
Energy point   90/ 194
Energy point  100/ 194
Energy point  110/ 194
Energy point  120/ 194
Energy point  130/ 194
Energy point  140/ 194
Energy point  150/ 194
Energy point  160/ 194
Energy point  170/ 194
Energy point  180/ 194
Energy point  190/ 194
Done with module: FMS.

MKGTR: Tracing over Green's function ...
Done with module: MKGTR.

Pathfinder: finding scattering paths...
Preparing plane wave scattering amplitudes
Searching for paths
Eliminating path degeneracies
0 paths retained.
Done with module: pathfinder.

Calculating EXAFS parameters ...
Done with module: EXAFS parameters (GENFMT).

Calculating XAS spectra ...
Done with module: XAS spectra (FF2X: DW + final sum over paths).

 
### feff ends at Sun Aug 13 17:23:59 EDT 2023
 
