### feff starts at Mon Aug 14 08:06:56 EDT 2023
### Serial version
### FeffPath is /sdcc/u/mcarbone/software/JFEFF/hsw/feff90/linux
 
Launching FEFF version FEFF 9.9.1
Core hole lifetime is   1.729 eV.
Your calculation:
 comment: None given
 Source:
 Structure Summary:  Cu16 O8 F16
 Reduced formula:  Cu2OF2
 space group: (P1), space number:  (1)
 abc:  8.440756   8.443558   8.393665
 angles:108.672349 108.711620 109.919156
 sites: 40
Cu K edge XANES using RPA corehole.
Using:     * Self-Consistent Field potentials
Using cards:   ATOMS CONTROL EXCHANGE TITLE RPATH POTENTIALS XANES EDGE SCF FMS S02 COREHOLE EGRID

Calculating atomic potentials ...
    overlapped atomic potential and density for unique potential    0
    overlapped atomic potential and density for unique potential    1
    overlapped atomic potential and density for unique potential    2
    overlapped atomic potential and density for unique potential    3
Done with module: atomic potentials.

Calculating SCF potentials ...
FEFF-serial using 1 thread.
Muffin tin radii and interstitial parameters [bohr]:
type, norman radius, muffin tin, overlap factor
    0  1.33289E+00  1.21929E+00  1.15000E+00
    1  1.36183E+00  1.27235E+00  1.15000E+00
    2  1.12256E+00  9.97906E-01  1.15000E+00
    3  1.13831E+00  1.08227E+00  1.13743E+00
Core-valence separation energy:  ecv=   -40.000 eV
Initial Fermi level:              mu=     2.177 eV
SCF ITERATION NUMBER  1
     point #   1  energy = -40.000
FMS for a cluster of  125 atoms around atom type   0
FMS for a cluster of  115 atoms around atom type   1
FMS for a cluster of  125 atoms around atom type   2
FMS for a cluster of  123 atoms around atom type   3
     point #  20  energy = -28.929
     point #  40  energy =  -8.679
     point #  60  energy =  -1.604
     point #  80  energy =  -2.326
New Fermi level:    mu=  -2.761 eV  Charge distance=  0.3985 (partial c.d.=  8.8064)
SCF ITERATION NUMBER  1
     point #   1  energy = -40.000
FMS for a cluster of  125 atoms around atom type   0
FMS for a cluster of  115 atoms around atom type   1
FMS for a cluster of  125 atoms around atom type   2
FMS for a cluster of  123 atoms around atom type   3
     point #  20  energy = -28.929
     point #  40  energy =  -8.799
     point #  60  energy =  -2.761
     point #  80  energy =  -4.407
     point # 100  energy =  -6.301
     point # 120  energy =  -6.739
New Fermi level:    mu=  -6.729 eV  Charge distance=  0.1276 (partial c.d.=  2.1351)
SCF ITERATION NUMBER  1
     point #   1  energy = -40.000
FMS for a cluster of  125 atoms around atom type   0
FMS for a cluster of  115 atoms around atom type   1
FMS for a cluster of  125 atoms around atom type   2
FMS for a cluster of  123 atoms around atom type   3
     point #  20  energy = -28.910
     point #  40  energy =  -8.745
     point #  60  energy =  -6.716
     point #  80  energy =  -6.507
New Fermi level:    mu=  -6.564 eV  Charge distance=  0.1888 (partial c.d.=  1.3861)
SCF ITERATION NUMBER  2
     point #   1  energy = -40.000
     point #  20  energy = -28.855
     point #  40  energy =  -8.591
     point #  60  energy =  -6.539
New Fermi level:    mu=  -6.477 eV  Charge distance=  0.1344 (partial c.d.=  1.3773)
SCF ITERATION NUMBER  3
     point #   1  energy = -40.000
     point #  20  energy = -28.826
     point #  40  energy =  -8.509
     point #  60  energy =  -6.489
New Fermi level:    mu=  -6.640 eV  Charge distance=  0.0426 (partial c.d.=  1.3342)
SCF ITERATION NUMBER  4
     point #   1  energy = -40.000
     point #  20  energy = -28.880
     point #  40  energy =  -8.662
     point #  60  energy =  -6.665
New Fermi level:    mu=  -6.683 eV  Charge distance=  0.0745 (partial c.d.=  0.2596)
SCF ITERATION NUMBER  5
     point #   1  energy = -40.000
     point #  20  energy = -28.894
     point #  40  energy =  -8.702
     point #  60  energy =  -6.708
New Fermi level:    mu=  -6.745 eV  Charge distance=  0.0053 (partial c.d.=  0.4772)
SCF ITERATION NUMBER  6
     point #   1  energy = -40.000
     point #  20  energy = -28.915
     point #  40  energy =  -8.760
     point #  60  energy =  -6.770
New Fermi level:    mu=  -6.802 eV  Charge distance=  0.0054 (partial c.d.=  0.0176)
SCF ITERATION NUMBER  7
     point #   1  energy = -40.000
     point #  20  energy = -28.934
     point #  40  energy =  -8.814
New Fermi level:    mu=  -6.798 eV  Charge distance=  0.0063 (partial c.d.=  0.0735)
SCF ITERATION NUMBER  8
     point #   1  energy = -40.000
     point #  20  energy = -28.933
     point #  40  energy =  -8.810
New Fermi level:    mu=  -6.794 eV  Charge distance=  0.0083 (partial c.d.=  0.0261)
SCF ITERATION NUMBER  9
     point #   1  energy = -40.000
     point #  20  energy = -28.931
     point #  40  energy =  -8.806
     point #  60  energy =  -6.769
New Fermi level:    mu=  -6.779 eV  Charge distance=  0.0004 (partial c.d.=  0.0282)
SCF ITERATION NUMBER 10
     point #   1  energy = -40.000
     point #  20  energy = -28.926
     point #  40  energy =  -8.792
New Fermi level:    mu=  -6.776 eV  Charge distance=  0.0004 (partial c.d.=  0.0025)
SCF ITERATION NUMBER 11
     point #   1  energy = -40.000
     point #  20  energy = -28.925
     point #  40  energy =  -8.789
New Fermi level:    mu=  -6.773 eV  Charge distance=  0.0004 (partial c.d.=  0.0004)
SCF ITERATION NUMBER 12
     point #   1  energy = -40.000
     point #  20  energy = -28.924
     point #  40  energy =  -8.787
New Fermi level:    mu=  -6.772 eV  Charge distance=  0.0001 (partial c.d.=  0.0006)
SCF ITERATION NUMBER 13
     point #   1  energy = -40.000
     point #  20  energy = -28.924
     point #  40  energy =  -8.785
New Fermi level:    mu=  -6.772 eV  Charge distance=  0.0001 (partial c.d.=  0.0004)
SCF ITERATION NUMBER 14
     point #   1  energy = -40.000
     point #  20  energy = -28.924
     point #  40  energy =  -8.786
New Fermi level:    mu=  -6.772 eV  Charge distance=  0.0000 (partial c.d.=  0.0005)
SCF ITERATION NUMBER 15
     point #   1  energy = -40.000
     point #  20  energy = -28.924
     point #  40  energy =  -8.786
New Fermi level:    mu=  -6.772 eV  Charge distance=  0.0000 (partial c.d.=  0.0002)
Electronic configuration
  type     l     N_el
     0     0    0.519
     0     1    0.603
     0     2    9.459
     0     3    0.000
     1     0    0.476
     1     1    0.567
     1     2    9.583
     1     3    0.000
     2     0    1.869
     2     1    4.390
     2     2    0.090
     2     3    0.000
     3     0    1.968
     3     1    5.179
     3     2    0.053
     3     3    0.000
Charge transfer:  type  charge
       0   -0.419
       1   -0.374
       2    0.349
       3    0.200
Convergence reached in   15 iterations.
Done with module: potentials.

Calculating screened core-hole potential ...
FMS for a cluster of   24 atoms around iph =   0
    0% of energy integration
   20%
   40%
   60%
   80%
  100%
Preparing response function.
Computing (1 - K Chi0)^-1 v_ch
Done with module: screened core-hole potential.

Calculating cross-section and phases ...
    absorption cross section
 x0,dx,rnrm,inrm,jnrm   8.80000000000000       5.000000000000000E-002
   2.51879111200010              195         196
    phase shifts for unique potential    0
    phase shifts for unique potential    1
    phase shifts for unique potential    2
    phase shifts for unique potential    3
Done with module: cross-section and phases (XSPH).

FMS calculation of full Green's function ...
FEFF-serial using 1 thread.
Using   194 energy points.
xprep done
FMS for a cluster of  248 atoms
Energy point    1/ 194
Energy point   10/ 194
Energy point   20/ 194
Energy point   30/ 194
Energy point   40/ 194
Energy point   50/ 194
Energy point   60/ 194
Energy point   70/ 194
Energy point   80/ 194
Energy point   90/ 194
Energy point  100/ 194
Energy point  110/ 194
Energy point  120/ 194
Energy point  130/ 194
Energy point  140/ 194
Energy point  150/ 194
Energy point  160/ 194
Energy point  170/ 194
Energy point  180/ 194
Energy point  190/ 194
Done with module: FMS.

MKGTR: Tracing over Green's function ...
Done with module: MKGTR.

Pathfinder: finding scattering paths...
Preparing plane wave scattering amplitudes
Searching for paths
Eliminating path degeneracies
0 paths retained.
Done with module: pathfinder.

Calculating EXAFS parameters ...
Done with module: EXAFS parameters (GENFMT).

Calculating XAS spectra ...
Done with module: XAS spectra (FF2X: DW + final sum over paths).

 
### feff ends at Mon Aug 14 10:02:20 EDT 2023
 
