### feff starts at Sun Aug 13 11:55:08 EDT 2023
### Serial version
### FeffPath is /sdcc/u/mcarbone/software/JFEFF/hsw/feff90/linux
 
Launching FEFF version FEFF 9.9.1
Core hole lifetime is   1.729 eV.
Your calculation:
 comment: None given
 Source:
 Structure Summary:  K4 Cu4 O4
 Reduced formula:  KCuO
 space group: (I4/mmm), space number:  (139)
 abc:  7.180019   7.180019   7.180019
 angles: 98.598964  98.598964 134.504482
 sites: 12
Cu K edge XANES using RPA corehole.
Using:     * Self-Consistent Field potentials
Using cards:   ATOMS CONTROL EXCHANGE TITLE RPATH POTENTIALS XANES EDGE SCF FMS S02 COREHOLE EGRID

Calculating atomic potentials ...
    overlapped atomic potential and density for unique potential    0
    overlapped atomic potential and density for unique potential    1
    overlapped atomic potential and density for unique potential    2
    overlapped atomic potential and density for unique potential    3
Done with module: atomic potentials.

Calculating SCF potentials ...
FEFF-serial using 1 thread.
Muffin tin radii and interstitial parameters [bohr]:
type, norman radius, muffin tin, overlap factor
    0  1.33761E+00  1.15874E+00  1.15000E+00
    1  1.89888E+00  1.85406E+00  1.05978E+00
    2  1.33761E+00  1.15874E+00  1.15000E+00
    3  1.12069E+00  1.02933E+00  1.15000E+00
Core-valence separation energy:  ecv=   -42.000 eV
Initial Fermi level:              mu=    -1.220 eV
SCF ITERATION NUMBER  1
     point #   1  energy = -42.000
FMS for a cluster of   74 atoms around atom type   0
FMS for a cluster of   62 atoms around atom type   1
FMS for a cluster of   73 atoms around atom type   2
FMS for a cluster of   69 atoms around atom type   3
     point #  20  energy = -30.806
     point #  40  energy = -10.556
     point #  60  energy =  -4.431
     point #  80  energy =  -4.197
New Fermi level:    mu=  -4.223 eV  Charge distance=  0.3735 (partial c.d.=  7.7230)
SCF ITERATION NUMBER  1
     point #   1  energy = -42.000
FMS for a cluster of   74 atoms around atom type   0
FMS for a cluster of   62 atoms around atom type   1
FMS for a cluster of   73 atoms around atom type   2
FMS for a cluster of   69 atoms around atom type   3
     point #  20  energy = -30.769
     point #  40  energy = -10.349
     point #  60  energy =  -4.223
     point #  80  energy =  -5.423
     point # 100  energy =  -8.904
     point # 120  energy =  -8.489
New Fermi level:    mu=  -8.433 eV  Charge distance=  0.0992 (partial c.d.=  2.1020)
SCF ITERATION NUMBER  1
     point #   1  energy = -42.000
FMS for a cluster of   74 atoms around atom type   0
FMS for a cluster of   62 atoms around atom type   1
FMS for a cluster of   73 atoms around atom type   2
FMS for a cluster of   69 atoms around atom type   3
     point #  20  energy = -30.811
     point #  40  energy = -10.468
     point #  60  energy =  -8.421
     point #  80  energy =  -7.327
New Fermi level:    mu=  -7.187 eV  Charge distance=  0.0496 (partial c.d.=  0.3765)
SCF ITERATION NUMBER  2
     point #   1  energy = -42.000
     point #  20  energy = -30.737
     point #  40  energy = -10.258
     point #  60  energy =  -7.174
New Fermi level:    mu=  -7.120 eV  Charge distance=  0.1439 (partial c.d.=  0.0388)
SCF ITERATION NUMBER  3
     point #   1  energy = -42.000
     point #  20  energy = -30.715
     point #  40  energy = -10.197
     point #  60  energy =  -7.107
New Fermi level:    mu=  -7.108 eV  Charge distance=  0.0093 (partial c.d.=  0.0582)
SCF ITERATION NUMBER  4
     point #   1  energy = -42.000
     point #  20  energy = -30.711
     point #  40  energy = -10.186
     point #  60  energy =  -7.120
New Fermi level:    mu=  -7.151 eV  Charge distance=  0.0048 (partial c.d.=  0.0239)
SCF ITERATION NUMBER  5
     point #   1  energy = -42.000
     point #  20  energy = -30.725
     point #  40  energy = -10.226
     point #  60  energy =  -7.163
New Fermi level:    mu=  -7.173 eV  Charge distance=  0.0016 (partial c.d.=  0.0117)
SCF ITERATION NUMBER  6
     point #   1  energy = -42.000
     point #  20  energy = -30.732
     point #  40  energy = -10.246
     point #  60  energy =  -7.160
New Fermi level:    mu=  -7.169 eV  Charge distance=  0.0021 (partial c.d.=  0.0014)
SCF ITERATION NUMBER  7
     point #   1  energy = -42.000
     point #  20  energy = -30.731
     point #  40  energy = -10.242
     point #  60  energy =  -7.156
New Fermi level:    mu=  -7.159 eV  Charge distance=  0.0016 (partial c.d.=  0.0009)
SCF ITERATION NUMBER  8
     point #   1  energy = -42.000
     point #  20  energy = -30.728
     point #  40  energy = -10.234
     point #  60  energy =  -7.147
New Fermi level:    mu=  -7.155 eV  Charge distance=  0.0003 (partial c.d.=  0.0009)
SCF ITERATION NUMBER  9
     point #   1  energy = -42.000
     point #  20  energy = -30.727
     point #  40  energy = -10.229
     point #  60  energy =  -7.167
New Fermi level:    mu=  -7.155 eV  Charge distance=  0.0001 (partial c.d.=  0.0001)
Electronic configuration
  type     l     N_el
     0     0    0.641
     0     1    0.631
     0     2    9.455
     0     3    0.000
     1     0    2.222
     1     1    6.240
     1     2    0.366
     1     3    0.000
     2     0    0.641
     2     1    0.631
     2     2    9.455
     2     3    0.000
     3     0    1.859
     3     1    4.513
     3     2    0.074
     3     3    0.000
Charge transfer:  type  charge
       0   -0.273
       1   -0.172
       2   -0.273
       3    0.446
Convergence reached in    9 iterations.
Done with module: potentials.

Calculating screened core-hole potential ...
FMS for a cluster of   12 atoms around iph =   0
    0% of energy integration
   20%
   40%
   60%
   80%
  100%
Preparing response function.
Computing (1 - K Chi0)^-1 v_ch
Done with module: screened core-hole potential.

Calculating cross-section and phases ...
    absorption cross section
 x0,dx,rnrm,inrm,jnrm   8.80000000000000       5.000000000000000E-002
   2.52771256799992              195         196
    phase shifts for unique potential    0
    phase shifts for unique potential    1
    phase shifts for unique potential    2
    phase shifts for unique potential    3
Done with module: cross-section and phases (XSPH).

FMS calculation of full Green's function ...
FEFF-serial using 1 thread.
Using   194 energy points.
xprep done
FMS for a cluster of  144 atoms
Energy point    1/ 194
Energy point   10/ 194
Energy point   20/ 194
Energy point   30/ 194
Energy point   40/ 194
Energy point   50/ 194
Energy point   60/ 194
Energy point   70/ 194
Energy point   80/ 194
Energy point   90/ 194
Energy point  100/ 194
Energy point  110/ 194
Energy point  120/ 194
Energy point  130/ 194
Energy point  140/ 194
Energy point  150/ 194
Energy point  160/ 194
Energy point  170/ 194
Energy point  180/ 194
Energy point  190/ 194
Done with module: FMS.

MKGTR: Tracing over Green's function ...
Done with module: MKGTR.

Pathfinder: finding scattering paths...
Preparing plane wave scattering amplitudes
Searching for paths
Eliminating path degeneracies
0 paths retained.
Done with module: pathfinder.

Calculating EXAFS parameters ...
Done with module: EXAFS parameters (GENFMT).

Calculating XAS spectra ...
Done with module: XAS spectra (FF2X: DW + final sum over paths).

 
### feff ends at Sun Aug 13 12:17:07 EDT 2023
 
