### feff starts at Mon Aug 14 07:13:14 EDT 2023
### Serial version
### FeffPath is /sdcc/u/mcarbone/software/JFEFF/hsw/feff90/linux
 
Launching FEFF version FEFF 9.9.1
Core hole lifetime is   1.729 eV.
Your calculation:
 comment: None given
 Source:
 Structure Summary:  Na7 Cu7 O13
 Reduced formula:  Na7Cu7O13
 space group: (P1), space number:  (1)
 abc:  6.760048   6.806480   7.689953
 angles: 99.255895  99.719174 101.250674
 sites: 27
Cu K edge XANES using RPA corehole.
Using:     * Self-Consistent Field potentials
Using cards:   ATOMS CONTROL EXCHANGE TITLE RPATH POTENTIALS XANES EDGE SCF FMS S02 COREHOLE EGRID

Calculating atomic potentials ...
    overlapped atomic potential and density for unique potential    0
    overlapped atomic potential and density for unique potential    1
    overlapped atomic potential and density for unique potential    2
    overlapped atomic potential and density for unique potential    3
Done with module: atomic potentials.

Calculating SCF potentials ...
FEFF-serial using 1 thread.
Muffin tin radii and interstitial parameters [bohr]:
type, norman radius, muffin tin, overlap factor
    0  1.26025E+00  1.12886E+00  1.15000E+00
    1  1.54786E+00  1.49643E+00  1.08719E+00
    2  1.26088E+00  1.12971E+00  1.15000E+00
    3  1.12294E+00  1.05744E+00  1.15000E+00
Core-valence separation energy:  ecv=   -40.000 eV
Initial Fermi level:              mu=     0.749 eV
SCF ITERATION NUMBER  1
     point #   1  energy = -40.000
FMS for a cluster of  122 atoms around atom type   0
FMS for a cluster of  115 atoms around atom type   1
FMS for a cluster of  118 atoms around atom type   2
FMS for a cluster of  119 atoms around atom type   3
     point #  20  energy = -28.813
     point #  40  energy =  -8.563
     point #  60  energy =  -3.913
     point #  80  energy =  -3.381
New Fermi level:    mu=  -3.357 eV  Charge distance=  0.5150 (partial c.d.=  7.2160)
SCF ITERATION NUMBER  1
     point #   1  energy = -40.000
FMS for a cluster of  122 atoms around atom type   0
FMS for a cluster of  115 atoms around atom type   1
FMS for a cluster of  118 atoms around atom type   2
FMS for a cluster of  119 atoms around atom type   3
     point #  20  energy = -28.804
     point #  40  energy =  -8.447
     point #  60  energy =  -3.357
     point #  80  energy =  -4.935
     point # 100  energy =  -8.801
New Fermi level:    mu=  -8.779 eV  Charge distance=  0.1051 (partial c.d.=  2.5634)
SCF ITERATION NUMBER  1
     point #   1  energy = -40.000
FMS for a cluster of  122 atoms around atom type   0
FMS for a cluster of  115 atoms around atom type   1
FMS for a cluster of  118 atoms around atom type   2
FMS for a cluster of  119 atoms around atom type   3
     point #  20  energy = -28.922
     point #  40  energy =  -8.779
     point #  60  energy =  -8.739
     point #  80  energy =  -7.654
New Fermi level:    mu=  -7.624 eV  Charge distance=  0.0686 (partial c.d.=  0.6816)
SCF ITERATION NUMBER  2
     point #   1  energy = -40.000
     point #  20  energy = -28.871
     point #  40  energy =  -8.636
     point #  60  energy =  -7.665
New Fermi level:    mu=  -7.890 eV  Charge distance=  0.1729 (partial c.d.=  1.2390)
SCF ITERATION NUMBER  3
     point #   1  energy = -40.000
     point #  20  energy = -28.962
     point #  40  energy =  -8.894
     point #  60  energy =  -7.849
New Fermi level:    mu=  -7.789 eV  Charge distance=  0.0411 (partial c.d.=  1.5083)
SCF ITERATION NUMBER  4
     point #   1  energy = -40.000
     point #  20  energy = -28.927
     point #  40  energy =  -8.795
     point #  60  energy =  -7.826
New Fermi level:    mu=  -7.855 eV  Charge distance=  0.0561 (partial c.d.=  0.0378)
SCF ITERATION NUMBER  5
     point #   1  energy = -40.000
     point #  20  energy = -28.950
     point #  40  energy =  -8.860
     point #  60  energy =  -7.817
New Fermi level:    mu=  -7.818 eV  Charge distance=  0.0178 (partial c.d.=  0.9041)
SCF ITERATION NUMBER  6
     point #   1  energy = -40.000
     point #  20  energy = -28.937
     point #  40  energy =  -8.824
     point #  60  energy =  -7.781
New Fermi level:    mu=  -7.768 eV  Charge distance=  0.0219 (partial c.d.=  0.7424)
SCF ITERATION NUMBER  7
     point #   1  energy = -40.000
     point #  20  energy = -28.920
     point #  40  energy =  -8.775
New Fermi level:    mu=  -7.777 eV  Charge distance=  0.0015 (partial c.d.=  0.6820)
SCF ITERATION NUMBER  8
     point #   1  energy = -40.000
     point #  20  energy = -28.923
     point #  40  energy =  -8.784
     point #  60  energy =  -7.814
New Fermi level:    mu=  -7.810 eV  Charge distance=  0.0032 (partial c.d.=  0.0321)
SCF ITERATION NUMBER  9
     point #   1  energy = -40.000
     point #  20  energy = -28.935
     point #  40  energy =  -8.816
New Fermi level:    mu=  -7.811 eV  Charge distance=  0.0200 (partial c.d.=  0.0346)
SCF ITERATION NUMBER 10
     point #   1  energy = -40.000
     point #  20  energy = -28.935
     point #  40  energy =  -8.817
New Fermi level:    mu=  -7.814 eV  Charge distance=  0.0032 (partial c.d.=  0.3176)
SCF ITERATION NUMBER 11
     point #   1  energy = -40.000
     point #  20  energy = -28.936
     point #  40  energy =  -8.820
New Fermi level:    mu=  -7.795 eV  Charge distance=  0.0006 (partial c.d.=  0.0898)
SCF ITERATION NUMBER 12
     point #   1  energy = -40.000
     point #  20  energy = -28.930
     point #  40  energy =  -8.801
New Fermi level:    mu=  -7.804 eV  Charge distance=  0.0005 (partial c.d.=  0.0666)
SCF ITERATION NUMBER 13
     point #   1  energy = -40.000
     point #  20  energy = -28.933
     point #  40  energy =  -8.810
New Fermi level:    mu=  -7.801 eV  Charge distance=  0.0005 (partial c.d.=  0.0217)
SCF ITERATION NUMBER 14
     point #   1  energy = -40.000
     point #  20  energy = -28.932
     point #  40  energy =  -8.807
New Fermi level:    mu=  -7.800 eV  Charge distance=  0.0009 (partial c.d.=  0.0011)
SCF ITERATION NUMBER 15
     point #   1  energy = -40.000
     point #  20  energy = -28.931
     point #  40  energy =  -8.806
New Fermi level:    mu=  -7.796 eV  Charge distance=  0.0003 (partial c.d.=  0.0064)
SCF ITERATION NUMBER 16
     point #   1  energy = -40.000
     point #  20  energy = -28.930
     point #  40  energy =  -8.802
New Fermi level:    mu=  -7.797 eV  Charge distance=  0.0002 (partial c.d.=  0.0038)
SCF ITERATION NUMBER 17
     point #   1  energy = -40.000
     point #  20  energy = -28.930
     point #  40  energy =  -8.803
New Fermi level:    mu=  -7.797 eV  Charge distance=  0.0008 (partial c.d.=  0.0020)
SCF ITERATION NUMBER 18
     point #   1  energy = -40.000
     point #  20  energy = -28.930
     point #  40  energy =  -8.803
New Fermi level:    mu=  -7.798 eV  Charge distance=  0.0002 (partial c.d.=  0.0130)
SCF ITERATION NUMBER 19
     point #   1  energy = -40.000
     point #  20  energy = -28.931
     point #  40  energy =  -8.804
New Fermi level:    mu=  -7.798 eV  Charge distance=  0.0000 (partial c.d.=  0.0036)
SCF ITERATION NUMBER 20
     point #   1  energy = -40.000
     point #  20  energy = -28.931
     point #  40  energy =  -8.804
New Fermi level:    mu=  -7.798 eV  Charge distance=  0.0000 (partial c.d.=  0.0007)
SCF ITERATION NUMBER 21
     point #   1  energy = -40.000
     point #  20  energy = -28.931
     point #  40  energy =  -8.805
New Fermi level:    mu=  -7.798 eV  Charge distance=  0.0000 (partial c.d.=  0.0006)
SCF ITERATION NUMBER 22
     point #   1  energy = -40.000
     point #  20  energy = -28.931
     point #  40  energy =  -8.805
New Fermi level:    mu=  -7.798 eV  Charge distance=  0.0000 (partial c.d.=  0.0001)
Electronic configuration
  type     l     N_el
     0     0    0.544
     0     1    0.664
     0     2    9.245
     0     3    0.000
     1     0    0.264
     1     1    6.347
     1     2    0.253
     1     3    0.000
     2     0    0.544
     2     1    0.662
     2     2    9.256
     2     3    0.000
     3     0    1.872
     3     1    4.422
     3     2    0.069
     3     3    0.000
Charge transfer:  type  charge
       0   -0.547
       1   -0.136
       2   -0.538
       3    0.363
Convergence reached in   22 iterations.
Done with module: potentials.

Calculating screened core-hole potential ...
FMS for a cluster of   21 atoms around iph =   0
    0% of energy integration
   20%
   40%
   60%
   80%
  100%
Preparing response function.
Computing (1 - K Chi0)^-1 v_ch
Done with module: screened core-hole potential.

Calculating cross-section and phases ...
    absorption cross section
 x0,dx,rnrm,inrm,jnrm   8.80000000000000       5.000000000000000E-002
   2.38152293999982              194         195
    phase shifts for unique potential    0
    phase shifts for unique potential    1
    phase shifts for unique potential    2
    phase shifts for unique potential    3
Done with module: cross-section and phases (XSPH).

FMS calculation of full Green's function ...
FEFF-serial using 1 thread.
Using   194 energy points.
xprep done
FMS for a cluster of  251 atoms
Energy point    1/ 194
Energy point   10/ 194
Energy point   20/ 194
Energy point   30/ 194
Energy point   40/ 194
Energy point   50/ 194
Energy point   60/ 194
Energy point   70/ 194
Energy point   80/ 194
Energy point   90/ 194
Energy point  100/ 194
Energy point  110/ 194
Energy point  120/ 194
Energy point  130/ 194
Energy point  140/ 194
Energy point  150/ 194
Energy point  160/ 194
Energy point  170/ 194
Energy point  180/ 194
Energy point  190/ 194
Done with module: FMS.

MKGTR: Tracing over Green's function ...
Done with module: MKGTR.

Pathfinder: finding scattering paths...
Preparing plane wave scattering amplitudes
Searching for paths
Eliminating path degeneracies
0 paths retained.
Done with module: pathfinder.

Calculating EXAFS parameters ...
Done with module: EXAFS parameters (GENFMT).

Calculating XAS spectra ...
Done with module: XAS spectra (FF2X: DW + final sum over paths).

 
### feff ends at Mon Aug 14 09:24:06 EDT 2023
 
