### feff starts at Mon Aug 14 02:37:26 EDT 2023
### Serial version
### FeffPath is /sdcc/u/mcarbone/software/JFEFF/hsw/feff90/linux
 
Launching FEFF version FEFF 9.9.1
Core hole lifetime is   1.729 eV.
Your calculation:
 comment: None given
 Source:
 Structure Summary:  Ca8 Cu16 O32
 Reduced formula:  Ca(CuO2)2
 space group: (Cm), space number:  (8)
 abc:  6.275222   6.275222  21.122645
 angles: 77.766948  77.766948  58.184025
 sites: 56
Cu K edge XANES using RPA corehole.
Using:     * Self-Consistent Field potentials
Using cards:   ATOMS CONTROL EXCHANGE TITLE RPATH POTENTIALS XANES EDGE SCF FMS S02 COREHOLE EGRID

Calculating atomic potentials ...
    overlapped atomic potential and density for unique potential    0
    overlapped atomic potential and density for unique potential    1
    overlapped atomic potential and density for unique potential    2
    overlapped atomic potential and density for unique potential    3
Done with module: atomic potentials.

Calculating SCF potentials ...
FEFF-serial using 1 thread.
Muffin tin radii and interstitial parameters [bohr]:
type, norman radius, muffin tin, overlap factor
    0  1.27434E+00  1.18587E+00  1.15000E+00
    1  1.65658E+00  1.55180E+00  1.15000E+00
    2  1.26763E+00  1.13095E+00  1.15000E+00
    3  1.16423E+00  1.06178E+00  1.15000E+00
Core-valence separation energy:  ecv=   -40.000 eV
Initial Fermi level:              mu=    -0.537 eV
SCF ITERATION NUMBER  1
     point #   1  energy = -40.000
FMS for a cluster of  120 atoms around atom type   0
FMS for a cluster of  118 atoms around atom type   1
FMS for a cluster of  114 atoms around atom type   2
FMS for a cluster of  120 atoms around atom type   3
     point #  20  energy = -28.868
     point #  40  energy =  -8.618
     point #  60  energy =  -5.305
     point #  80  energy =  -5.046
New Fermi level:    mu=  -5.055 eV  Charge distance=  0.8614 (partial c.d.=  6.6477)
SCF ITERATION NUMBER  1
     point #   1  energy = -40.000
FMS for a cluster of  120 atoms around atom type   0
FMS for a cluster of  118 atoms around atom type   1
FMS for a cluster of  114 atoms around atom type   2
FMS for a cluster of  120 atoms around atom type   3
     point #  20  energy = -29.017
     point #  40  energy =  -9.049
     point #  60  energy =  -5.055
     point #  80  energy =  -6.633
     point # 100  energy = -10.380
New Fermi level:    mu= -10.594 eV  Charge distance=  0.2613 (partial c.d.=  4.4061)
SCF ITERATION NUMBER  1
     point #   1  energy = -40.000
FMS for a cluster of  120 atoms around atom type   0
FMS for a cluster of  118 atoms around atom type   1
FMS for a cluster of  114 atoms around atom type   2
FMS for a cluster of  120 atoms around atom type   3
     point #  20  energy = -28.846
     point #  40  energy = -10.594
     point #  60  energy = -10.454
     point #  80  energy = -10.116
New Fermi level:    mu= -10.189 eV  Charge distance=  0.1164 (partial c.d.=  1.4339)
SCF ITERATION NUMBER  2
     point #   1  energy = -40.000
     point #  20  energy = -28.692
     point #  40  energy = -10.189
     point #  60  energy = -10.270
New Fermi level:    mu= -10.441 eV  Charge distance=  0.2236 (partial c.d.=  0.8017)
SCF ITERATION NUMBER  3
     point #   1  energy = -40.000
     point #  20  energy = -28.788
     point #  40  energy = -10.441
     point #  60  energy = -10.300
     point #  80  energy = -10.057
New Fermi level:    mu= -10.274 eV  Charge distance=  0.2668 (partial c.d.=  7.6392)
SCF ITERATION NUMBER  4
     point #   1  energy = -40.000
     point #  20  energy = -28.724
     point #  40  energy = -10.274
     point #  60  energy = -10.149
     point #  80  energy = -10.102
New Fermi level:    mu= -10.102 eV  Charge distance=  0.0520 (partial c.d.=  6.7317)
SCF ITERATION NUMBER  5
     point #   1  energy = -40.000
     point #  20  energy = -29.037
     point #  40  energy = -10.102
     point #  60  energy = -10.040
New Fermi level:    mu= -10.050 eV  Charge distance=  0.0207 (partial c.d.=  0.3279)
SCF ITERATION NUMBER  6
     point #   1  energy = -40.000
     point #  20  energy = -29.018
     point #  40  energy = -10.050
     point #  60  energy = -10.147
New Fermi level:    mu= -10.273 eV  Charge distance=  0.0145 (partial c.d.=  0.1281)
SCF ITERATION NUMBER  7
     point #   1  energy = -40.000
     point #  20  energy = -28.724
     point #  40  energy = -10.273
     point #  60  energy = -10.348
New Fermi level:    mu= -10.344 eV  Charge distance=  0.0029 (partial c.d.=  0.1582)
SCF ITERATION NUMBER  8
     point #   1  energy = -40.000
     point #  20  energy = -28.751
     point #  40  energy = -10.344
New Fermi level:    mu= -10.348 eV  Charge distance=  0.0014 (partial c.d.=  0.0289)
SCF ITERATION NUMBER  9
     point #   1  energy = -40.000
     point #  20  energy = -28.753
     point #  40  energy = -10.348
New Fermi level:    mu= -10.342 eV  Charge distance=  0.0052 (partial c.d.=  0.0012)
SCF ITERATION NUMBER 10
     point #   1  energy = -40.000
     point #  20  energy = -28.750
     point #  40  energy = -10.342
New Fermi level:    mu= -10.319 eV  Charge distance=  0.0016 (partial c.d.=  0.0078)
SCF ITERATION NUMBER 11
     point #   1  energy = -40.000
     point #  20  energy = -28.742
     point #  40  energy = -10.319
New Fermi level:    mu= -10.319 eV  Charge distance=  0.0033 (partial c.d.=  0.0028)
SCF ITERATION NUMBER 12
     point #   1  energy = -40.000
     point #  20  energy = -28.742
     point #  40  energy = -10.319
New Fermi level:    mu= -10.321 eV  Charge distance=  0.0011 (partial c.d.=  0.0048)
SCF ITERATION NUMBER 13
     point #   1  energy = -40.000
     point #  20  energy = -28.742
     point #  40  energy = -10.321
New Fermi level:    mu= -10.320 eV  Charge distance=  0.0002 (partial c.d.=  0.0019)
SCF ITERATION NUMBER 14
     point #   1  energy = -40.000
     point #  20  energy = -28.742
     point #  40  energy = -10.320
New Fermi level:    mu= -10.320 eV  Charge distance=  0.0003 (partial c.d.=  0.0002)
SCF ITERATION NUMBER 15
     point #   1  energy = -40.000
     point #  20  energy = -28.742
     point #  40  energy = -10.320
New Fermi level:    mu= -10.319 eV  Charge distance=  0.0000 (partial c.d.=  0.0003)
SCF ITERATION NUMBER 16
     point #   1  energy = -40.000
     point #  20  energy = -28.742
     point #  40  energy = -10.319
New Fermi level:    mu= -10.319 eV  Charge distance=  0.0000 (partial c.d.=  0.0001)
Electronic configuration
  type     l     N_el
     0     0    0.486
     0     1    0.655
     0     2    9.112
     0     3    0.000
     1     0    0.371
     1     1    6.571
     1     2    1.059
     1     3    0.000
     2     0    0.503
     2     1    0.628
     2     2    9.164
     2     3    0.000
     3     0    1.893
     3     1    4.406
     3     2    0.053
     3     3    0.000
Charge transfer:  type  charge
       0   -0.747
       1    0.001
       2   -0.705
       3    0.353
Convergence reached in   16 iterations.
Done with module: potentials.

Calculating screened core-hole potential ...
FMS for a cluster of   25 atoms around iph =   0
    0% of energy integration
   20%
   40%
   60%
   80%
  100%
Preparing response function.
Computing (1 - K Chi0)^-1 v_ch
Done with module: screened core-hole potential.

Calculating cross-section and phases ...
    absorption cross section
 x0,dx,rnrm,inrm,jnrm   8.80000000000000       5.000000000000000E-002
   2.40815719900004              194         195
    phase shifts for unique potential    0
    phase shifts for unique potential    1
    phase shifts for unique potential    2
    phase shifts for unique potential    3
Done with module: cross-section and phases (XSPH).

FMS calculation of full Green's function ...
FEFF-serial using 1 thread.
Using   194 energy points.
xprep done
FMS for a cluster of  235 atoms
Energy point    1/ 194
Energy point   10/ 194
Energy point   20/ 194
Energy point   30/ 194
Energy point   40/ 194
Energy point   50/ 194
Energy point   60/ 194
Energy point   70/ 194
Energy point   80/ 194
Energy point   90/ 194
Energy point  100/ 194
Energy point  110/ 194
Energy point  120/ 194
Energy point  130/ 194
Energy point  140/ 194
Energy point  150/ 194
Energy point  160/ 194
Energy point  170/ 194
Energy point  180/ 194
Energy point  190/ 194
Done with module: FMS.

MKGTR: Tracing over Green's function ...
Done with module: MKGTR.

Pathfinder: finding scattering paths...
Preparing plane wave scattering amplitudes
Searching for paths
Eliminating path degeneracies
0 paths retained.
Done with module: pathfinder.

Calculating EXAFS parameters ...
Done with module: EXAFS parameters (GENFMT).

Calculating XAS spectra ...
Done with module: XAS spectra (FF2X: DW + final sum over paths).

 
### feff ends at Mon Aug 14 04:23:19 EDT 2023
 
