### feff starts at Mon Aug 14 11:02:12 EDT 2023
### Serial version
### FeffPath is /sdcc/u/mcarbone/software/JFEFF/hsw/feff90/linux
 
Launching FEFF version FEFF 9.9.1
Resetting lmaxsc to 2 for iph =    1.  Use  UNFREEZE to prevent this.
Core hole lifetime is   1.729 eV.
Your calculation:
 comment: None given
 Source:
 Structure Summary:  Ho4 Cu2 O8
 Reduced formula:  Ho2CuO4
 space group: (Cmce), space number:  (64)
 abc:  6.520283   6.520283   5.478715
 angles: 90.000000  90.000000 130.266849
 sites: 14
Cu K edge XANES using RPA corehole.
Using:     * Self-Consistent Field potentials
Using cards:   ATOMS CONTROL EXCHANGE TITLE RPATH POTENTIALS XANES EDGE SCF FMS S02 COREHOLE EGRID

Calculating atomic potentials ...
    overlapped atomic potential and density for unique potential    0
    overlapped atomic potential and density for unique potential    1
    overlapped atomic potential and density for unique potential    2
    overlapped atomic potential and density for unique potential    3
Done with module: atomic potentials.

Calculating SCF potentials ...
FEFF-serial using 1 thread.
Muffin tin radii and interstitial parameters [bohr]:
type, norman radius, muffin tin, overlap factor
    0  1.31645E+00  1.23657E+00  1.15000E+00
    1  1.64837E+00  1.55648E+00  1.15000E+00
    2  1.31646E+00  1.23658E+00  1.15000E+00
    3  1.11239E+00  1.05793E+00  1.13651E+00
Core-valence separation energy:  ecv=   -40.000 eV
Initial Fermi level:              mu=     0.266 eV
SCF ITERATION NUMBER  1
     point #   1  energy = -40.000
FMS for a cluster of  119 atoms around atom type   0
FMS for a cluster of  113 atoms around atom type   1
FMS for a cluster of  106 atoms around atom type   2
FMS for a cluster of  119 atoms around atom type   3
     point #  20  energy = -28.909
     point #  40  energy =  -8.659
     point #  60  energy =  -5.906
     point #  80  energy =  -4.712
New Fermi level:    mu=  -4.630 eV  Charge distance=  0.9319 (partial c.d.=  6.5340)
SCF ITERATION NUMBER  1
     point #   1  energy = -40.000
FMS for a cluster of  119 atoms around atom type   0
FMS for a cluster of  113 atoms around atom type   1
FMS for a cluster of  106 atoms around atom type   2
FMS for a cluster of  119 atoms around atom type   3
     point #  20  energy = -28.884
     point #  40  energy =  -8.673
     point #  60  energy =  -4.630
     point #  80  energy =  -6.586
     point # 100  energy =  -9.458
     point # 120  energy =  -8.871
     point # 140  energy =  -8.621
New Fermi level:    mu=  -8.440 eV  Charge distance=  0.2778 (partial c.d.=  4.9921)
SCF ITERATION NUMBER  1
     point #   1  energy = -40.000
FMS for a cluster of  119 atoms around atom type   0
FMS for a cluster of  113 atoms around atom type   1
FMS for a cluster of  106 atoms around atom type   2
FMS for a cluster of  119 atoms around atom type   3
     point #  20  energy = -28.801
     point #  40  energy =  -8.440
     point #  60  energy =  -8.509
     point #  80  energy =  -8.677
New Fermi level:    mu=  -8.598 eV  Charge distance=  0.1369 (partial c.d.=  0.2606)
SCF ITERATION NUMBER  2
     point #   1  energy = -40.000
     point #  20  energy = -28.857
     point #  40  energy =  -8.598
     point #  60  energy =  -8.557
     point #  80  energy =  -7.667
New Fermi level:    mu=  -7.646 eV  Charge distance=  0.2024 (partial c.d.=  0.4155)
SCF ITERATION NUMBER  3
     point #   1  energy = -40.000
     point #  20  energy = -28.878
     point #  40  energy =  -8.657
     point #  60  energy =  -7.605
New Fermi level:    mu=  -7.452 eV  Charge distance=  0.1329 (partial c.d.=  0.0960)
SCF ITERATION NUMBER  4
     point #   1  energy = -40.000
     point #  20  energy = -28.811
     point #  40  energy =  -8.469
     point #  60  energy =  -7.492
New Fermi level:    mu=  -7.652 eV  Charge distance=  0.0119 (partial c.d.=  0.0633)
SCF ITERATION NUMBER  5
     point #   1  energy = -40.000
     point #  20  energy = -28.880
     point #  40  energy =  -8.663
     point #  60  energy =  -7.615
New Fermi level:    mu=  -7.616 eV  Charge distance=  0.0099 (partial c.d.=  0.0436)
SCF ITERATION NUMBER  6
     point #   1  energy = -40.000
     point #  20  energy = -28.868
     point #  40  energy =  -8.628
     point #  60  energy =  -7.654
New Fermi level:    mu=  -7.652 eV  Charge distance=  0.0045 (partial c.d.=  0.0199)
SCF ITERATION NUMBER  7
     point #   1  energy = -40.000
     point #  20  energy = -28.880
     point #  40  energy =  -8.663
New Fermi level:    mu=  -7.651 eV  Charge distance=  0.0050 (partial c.d.=  0.0110)
SCF ITERATION NUMBER  8
     point #   1  energy = -40.000
     point #  20  energy = -28.880
     point #  40  energy =  -8.662
New Fermi level:    mu=  -7.646 eV  Charge distance=  0.0059 (partial c.d.=  0.0056)
SCF ITERATION NUMBER  9
     point #   1  energy = -40.000
     point #  20  energy = -28.878
     point #  40  energy =  -8.657
New Fermi level:    mu=  -7.644 eV  Charge distance=  0.0014 (partial c.d.=  0.0121)
SCF ITERATION NUMBER 10
     point #   1  energy = -40.000
     point #  20  energy = -28.878
     point #  40  energy =  -8.655
New Fermi level:    mu=  -7.642 eV  Charge distance=  0.0009 (partial c.d.=  0.0064)
SCF ITERATION NUMBER 11
     point #   1  energy = -40.000
     point #  20  energy = -28.877
     point #  40  energy =  -8.654
New Fermi level:    mu=  -7.642 eV  Charge distance=  0.0000 (partial c.d.=  0.0002)
SCF ITERATION NUMBER 12
     point #   1  energy = -40.000
     point #  20  energy = -28.877
     point #  40  energy =  -8.653
New Fermi level:    mu=  -7.642 eV  Charge distance=  0.0000 (partial c.d.=  0.0000)
Electronic configuration
  type     l     N_el
     0     0    0.519
     0     1    0.624
     0     2    9.470
     0     3    0.000
     1     0    0.392
     1     1    6.492
     1     2    1.544
     1     3    0.000
     2     0    0.519
     2     1    0.618
     2     2    9.478
     2     3    0.000
     3     0    1.861
     3     1    4.454
     3     2    0.068
     3     3    0.000
Charge transfer:  type  charge
       0   -0.388
       1   -0.573
       2   -0.385
       3    0.383
Convergence reached in   12 iterations.
Done with module: potentials.

Calculating screened core-hole potential ...
FMS for a cluster of   29 atoms around iph =   0
    0% of energy integration
   20%
   40%
   60%
   80%
  100%
Preparing response function.
Computing (1 - K Chi0)^-1 v_ch
Done with module: screened core-hole potential.

Calculating cross-section and phases ...
    absorption cross section
 x0,dx,rnrm,inrm,jnrm   8.80000000000000       5.000000000000000E-002
   2.48773692200012              195         196
    phase shifts for unique potential    0
    phase shifts for unique potential    1
    phase shifts for unique potential    2
    phase shifts for unique potential    3
Done with module: cross-section and phases (XSPH).

FMS calculation of full Green's function ...
FEFF-serial using 1 thread.
Using   194 energy points.
xprep done
FMS for a cluster of  249 atoms
Energy point    1/ 194
Energy point   10/ 194
Energy point   20/ 194
Energy point   30/ 194
Energy point   40/ 194
Energy point   50/ 194
Energy point   60/ 194
Energy point   70/ 194
Energy point   80/ 194
Energy point   90/ 194
Energy point  100/ 194
Energy point  110/ 194
Energy point  120/ 194
Energy point  130/ 194
Energy point  140/ 194
Energy point  150/ 194
Energy point  160/ 194
Energy point  170/ 194
Energy point  180/ 194
Energy point  190/ 194
Done with module: FMS.

MKGTR: Tracing over Green's function ...
Done with module: MKGTR.

Pathfinder: finding scattering paths...
Preparing plane wave scattering amplitudes
Searching for paths
Eliminating path degeneracies
0 paths retained.
Done with module: pathfinder.

Calculating EXAFS parameters ...
Done with module: EXAFS parameters (GENFMT).

Calculating XAS spectra ...
Done with module: XAS spectra (FF2X: DW + final sum over paths).

 
### feff ends at Mon Aug 14 12:41:50 EDT 2023
 
