### feff starts at Mon Aug 14 04:00:24 EDT 2023
### Serial version
### FeffPath is /sdcc/u/mcarbone/software/JFEFF/hsw/feff90/linux
 
Launching FEFF version FEFF 9.9.1
Resetting lmaxsc to 2 for iph =    3.  Use  UNFREEZE to prevent this.
Core hole lifetime is   1.729 eV.
Your calculation:
 comment: None given
 Source:
 Structure Summary:  Ca1 Cu3 W4 O12
 Reduced formula:  CaCu3(WO3)4
 space group: (P-1), space number:  (2)
 abc:  6.713072   6.706642   6.694105
 angles:109.500374 109.435741 109.520888
 sites: 20
Cu K edge XANES using RPA corehole.
Using:     * Self-Consistent Field potentials
Using cards:   ATOMS CONTROL EXCHANGE TITLE RPATH POTENTIALS XANES EDGE SCF FMS S02 COREHOLE EGRID

Calculating atomic potentials ...
    overlapped atomic potential and density for unique potential    0
    overlapped atomic potential and density for unique potential    1
    overlapped atomic potential and density for unique potential    2
    overlapped atomic potential and density for unique potential    3
    overlapped atomic potential and density for unique potential    4
Done with module: atomic potentials.

Calculating SCF potentials ...
FEFF-serial using 1 thread.
Muffin tin radii and interstitial parameters [bohr]:
type, norman radius, muffin tin, overlap factor
    0  1.38182E+00  1.31595E+00  1.13224E+00
    1  1.78389E+00  1.74882E+00  1.04909E+00
    2  1.40335E+00  1.34029E+00  1.12332E+00
    3  1.50342E+00  1.38668E+00  1.15000E+00
    4  1.08136E+00  1.00743E+00  1.15000E+00
Core-valence separation energy:  ecv=   -36.000 eV
Initial Fermi level:              mu=     2.019 eV
SCF ITERATION NUMBER  1
     point #   1  energy = -36.000
FMS for a cluster of  135 atoms around atom type   0
FMS for a cluster of  123 atoms around atom type   1
FMS for a cluster of  115 atoms around atom type   2
FMS for a cluster of  122 atoms around atom type   3
FMS for a cluster of  129 atoms around atom type   4
     point #  20  energy = -24.958
     point #  40  energy =  -5.830
     point #  60  energy =  -5.021
New Fermi level:    mu=  -4.621 eV  Charge distance=  1.1858 (partial c.d.=  6.5114)
SCF ITERATION NUMBER  1
     point #   1  energy = -36.000
FMS for a cluster of  135 atoms around atom type   0
FMS for a cluster of  123 atoms around atom type   1
FMS for a cluster of  115 atoms around atom type   2
FMS for a cluster of  122 atoms around atom type   3
FMS for a cluster of  129 atoms around atom type   4
     point #  20  energy = -24.865
     point #  40  energy =  -4.621
     point #  60  energy =  -4.662
     point #  80  energy =  -6.902
     point # 100  energy =  -6.137
New Fermi level:    mu=  -6.133 eV  Charge distance=  0.5374 (partial c.d.=  6.3797)
SCF ITERATION NUMBER  1
     point #   1  energy = -36.000
FMS for a cluster of  135 atoms around atom type   0
FMS for a cluster of  123 atoms around atom type   1
FMS for a cluster of  115 atoms around atom type   2
FMS for a cluster of  122 atoms around atom type   3
FMS for a cluster of  129 atoms around atom type   4
     point #  20  energy = -24.671
     point #  40  energy =  -6.133
     point #  60  energy =  -6.223
     point #  80  energy =  -6.698
New Fermi level:    mu=  -6.692 eV  Charge distance=  0.1799 (partial c.d.=  1.4629)
SCF ITERATION NUMBER  2
     point #   1  energy = -36.000
     point #  20  energy = -24.883
     point #  40  energy =  -6.692
     point #  60  energy =  -6.767
New Fermi level:    mu=  -6.767 eV  Charge distance=  0.3690 (partial c.d.=  0.2977)
SCF ITERATION NUMBER  3
     point #   1  energy = -36.000
     point #  20  energy = -24.912
     point #  40  energy =  -6.767
     point #  60  energy =  -6.626
New Fermi level:    mu=  -6.365 eV  Charge distance=  0.3780 (partial c.d.=  2.0957)
SCF ITERATION NUMBER  4
     point #   1  energy = -36.000
     point #  20  energy = -24.759
     point #  40  energy =  -6.365
New Fermi level:    mu=  -6.345 eV  Charge distance=  0.0699 (partial c.d.=  2.3754)
SCF ITERATION NUMBER  5
     point #   1  energy = -36.000
     point #  20  energy = -24.751
     point #  40  energy =  -6.345
     point #  60  energy =  -6.420
New Fermi level:    mu=  -6.416 eV  Charge distance=  0.1253 (partial c.d.=  0.1494)
SCF ITERATION NUMBER  6
     point #   1  energy = -36.000
     point #  20  energy = -24.778
     point #  40  energy =  -6.416
     point #  60  energy =  -6.541
New Fermi level:    mu=  -6.576 eV  Charge distance=  0.0443 (partial c.d.=  0.2531)
SCF ITERATION NUMBER  7
     point #   1  energy = -36.000
     point #  20  energy = -24.839
     point #  40  energy =  -6.576
New Fermi level:    mu=  -6.633 eV  Charge distance=  0.0168 (partial c.d.=  0.1061)
SCF ITERATION NUMBER  8
     point #   1  energy = -36.000
     point #  20  energy = -24.861
     point #  40  energy =  -6.633
New Fermi level:    mu=  -6.658 eV  Charge distance=  0.0202 (partial c.d.=  0.0169)
SCF ITERATION NUMBER  9
     point #   1  energy = -36.000
     point #  20  energy = -24.870
     point #  40  energy =  -6.658
New Fermi level:    mu=  -6.681 eV  Charge distance=  0.0038 (partial c.d.=  0.0135)
SCF ITERATION NUMBER 10
     point #   1  energy = -36.000
     point #  20  energy = -24.879
     point #  40  energy =  -6.681
New Fermi level:    mu=  -6.680 eV  Charge distance=  0.0034 (partial c.d.=  0.0058)
SCF ITERATION NUMBER 11
     point #   1  energy = -36.000
     point #  20  energy = -24.879
     point #  40  energy =  -6.680
New Fermi level:    mu=  -6.679 eV  Charge distance=  0.0014 (partial c.d.=  0.0060)
SCF ITERATION NUMBER 12
     point #   1  energy = -36.000
     point #  20  energy = -24.878
     point #  40  energy =  -6.679
New Fermi level:    mu=  -6.675 eV  Charge distance=  0.0012 (partial c.d.=  0.0024)
SCF ITERATION NUMBER 13
     point #   1  energy = -36.000
     point #  20  energy = -24.877
     point #  40  energy =  -6.675
New Fermi level:    mu=  -6.672 eV  Charge distance=  0.0001 (partial c.d.=  0.0015)
SCF ITERATION NUMBER 14
     point #   1  energy = -36.000
     point #  20  energy = -24.876
     point #  40  energy =  -6.672
New Fermi level:    mu=  -6.672 eV  Charge distance=  0.0002 (partial c.d.=  0.0001)
Electronic configuration
  type     l     N_el
     0     0    0.485
     0     1    0.513
     0     2    9.618
     0     3    0.000
     1     0    0.307
     1     1    6.497
     1     2    0.993
     1     3    0.000
     2     0    0.475
     2     1    0.500
     2     2    9.649
     2     3    0.000
     3     0    0.547
     3     1    0.817
     3     2    4.133
     3     3    0.000
     4     0    1.820
     4     1    4.389
     4     2    0.070
     4     3    0.000
Charge transfer:  type  charge
       0   -0.384
       1   -0.204
       2   -0.376
       3   -0.503
       4    0.279
Convergence reached in   14 iterations.
Done with module: potentials.

Calculating screened core-hole potential ...
FMS for a cluster of   27 atoms around iph =   0
    0% of energy integration
   20%
   40%
   60%
   80%
  100%
Preparing response function.
Computing (1 - K Chi0)^-1 v_ch
Done with module: screened core-hole potential.

Calculating cross-section and phases ...
    absorption cross section
 x0,dx,rnrm,inrm,jnrm   8.80000000000000       5.000000000000000E-002
   2.61126028200015              196         197
    phase shifts for unique potential    0
    phase shifts for unique potential    1
    phase shifts for unique potential    2
    phase shifts for unique potential    3
    phase shifts for unique potential    4
Done with module: cross-section and phases (XSPH).

FMS calculation of full Green's function ...
FEFF-serial using 1 thread.
Using   194 energy points.
xprep done
FMS for a cluster of  265 atoms
Energy point    1/ 194
Energy point   10/ 194
Energy point   20/ 194
Energy point   30/ 194
Energy point   40/ 194
Energy point   50/ 194
Energy point   60/ 194
Energy point   70/ 194
Energy point   80/ 194
Energy point   90/ 194
Energy point  100/ 194
Energy point  110/ 194
Energy point  120/ 194
Energy point  130/ 194
Energy point  140/ 194
Energy point  150/ 194
Energy point  160/ 194
Energy point  170/ 194
Energy point  180/ 194
Energy point  190/ 194
Done with module: FMS.

MKGTR: Tracing over Green's function ...
Done with module: MKGTR.

Pathfinder: finding scattering paths...
Preparing plane wave scattering amplitudes
Searching for paths
Eliminating path degeneracies
0 paths retained.
Done with module: pathfinder.

Calculating EXAFS parameters ...
Done with module: EXAFS parameters (GENFMT).

Calculating XAS spectra ...
Done with module: XAS spectra (FF2X: DW + final sum over paths).

 
### feff ends at Mon Aug 14 06:10:30 EDT 2023
 
