### feff starts at Sun Aug 13 09:26:11 EDT 2023
### Serial version
### FeffPath is /sdcc/u/mcarbone/software/JFEFF/hsw/feff90/linux
 
Launching FEFF version FEFF 9.9.1
Core hole lifetime is   1.729 eV.
Your calculation:
 comment: None given
 Source:
 Structure Summary:  Ca6 Cu2 Rh2 O12
 Reduced formula:  Ca3CuRhO6
 space group: (C2/c), space number:  (15)
 abc:  6.531696   6.531696   6.464426
 angles: 89.751796  89.751796  91.508643
 sites: 22
Cu K edge XANES using RPA corehole.
Using:     * Self-Consistent Field potentials
Using cards:   ATOMS CONTROL EXCHANGE TITLE RPATH POTENTIALS XANES EDGE SCF FMS S02 COREHOLE EGRID

Calculating atomic potentials ...
    overlapped atomic potential and density for unique potential    0
    overlapped atomic potential and density for unique potential    1
    overlapped atomic potential and density for unique potential    2
    overlapped atomic potential and density for unique potential    3
    overlapped atomic potential and density for unique potential    4
Done with module: atomic potentials.

Calculating SCF potentials ...
FEFF-serial using 1 thread.
Muffin tin radii and interstitial parameters [bohr]:
type, norman radius, muffin tin, overlap factor
    0  1.28900E+00  1.21464E+00  1.15000E+00
    1  1.69558E+00  1.62668E+00  1.10968E+00
    2  1.28941E+00  1.21482E+00  1.15000E+00
    3  1.37024E+00  1.29871E+00  1.14746E+00
    4  1.09752E+00  1.04539E+00  1.13169E+00
Core-valence separation energy:  ecv=   -40.000 eV
Initial Fermi level:              mu=    -3.162 eV
SCF ITERATION NUMBER  1
     point #   1  energy = -40.000
FMS for a cluster of  117 atoms around atom type   0
FMS for a cluster of  108 atoms around atom type   1
FMS for a cluster of   87 atoms around atom type   2
FMS for a cluster of  113 atoms around atom type   3
FMS for a cluster of  114 atoms around atom type   4
     point #  20  energy = -28.776
     point #  40  energy = -10.661
     point #  60  energy =  -8.407
     point #  80  energy =  -7.495
New Fermi level:    mu=  -7.439 eV  Charge distance=  1.5867 (partial c.d.=  6.8583)
SCF ITERATION NUMBER  1
     point #   1  energy = -40.000
FMS for a cluster of  117 atoms around atom type   0
FMS for a cluster of  108 atoms around atom type   1
FMS for a cluster of   87 atoms around atom type   2
FMS for a cluster of  113 atoms around atom type   3
FMS for a cluster of  114 atoms around atom type   4
     point #  20  energy = -28.807
     point #  40  energy =  -8.456
     point #  60  energy =  -7.479
     point #  80  energy = -10.351
     point # 100  energy = -10.370
New Fermi level:    mu= -10.139 eV  Charge distance=  0.5034 (partial c.d.=  8.2615)
SCF ITERATION NUMBER  1
     point #   1  energy = -40.000
FMS for a cluster of  117 atoms around atom type   0
FMS for a cluster of  108 atoms around atom type   1
FMS for a cluster of   87 atoms around atom type   2
FMS for a cluster of  113 atoms around atom type   3
FMS for a cluster of  114 atoms around atom type   4
     point #  20  energy = -28.673
     point #  40  energy = -10.139
     point #  60  energy = -10.229
     point #  80  energy = -11.311
     point # 100  energy = -10.995
     point # 120  energy = -10.745
     point # 140  energy = -10.495
New Fermi level:    mu= -10.351 eV  Charge distance=  0.2752 (partial c.d.=  0.7605)
SCF ITERATION NUMBER  2
     point #   1  energy = -40.000
     point #  20  energy = -28.754
     point #  40  energy = -10.351
     point #  60  energy = -10.467
     point #  80  energy = -10.757
     point # 100  energy = -10.507
     point # 120  energy = -10.257
New Fermi level:    mu= -10.037 eV  Charge distance=  0.3825 (partial c.d.=  0.3096)
SCF ITERATION NUMBER  3
     point #   1  energy = -40.000
     point #  20  energy = -29.014
     point #  40  energy = -10.037
     point #  60  energy =  -9.946
New Fermi level:    mu=  -8.801 eV  Charge distance=  0.4377 (partial c.d.=  5.0620)
SCF ITERATION NUMBER  4
     point #   1  energy = -40.000
     point #  20  energy = -28.929
     point #  40  energy =  -8.801
     point #  60  energy =  -8.842
     point #  80  energy = -10.770
     point # 100  energy = -10.292
     point # 120  energy = -10.042
     point # 140  energy =  -9.792
New Fermi level:    mu=  -9.702 eV  Charge distance=  0.0473 (partial c.d.=  5.2208)
SCF ITERATION NUMBER  5
     point #   1  energy = -40.000
     point #  20  energy = -28.891
     point #  40  energy =  -9.702
New Fermi level:    mu=  -9.694 eV  Charge distance=  0.0973 (partial c.d.=  0.0659)
SCF ITERATION NUMBER  6
     point #   1  energy = -40.000
     point #  20  energy = -28.888
     point #  40  energy =  -9.694
New Fermi level:    mu=  -9.727 eV  Charge distance=  0.0640 (partial c.d.=  0.2127)
SCF ITERATION NUMBER  7
     point #   1  energy = -40.000
     point #  20  energy = -28.900
     point #  40  energy =  -9.727
New Fermi level:    mu=  -9.729 eV  Charge distance=  0.0963 (partial c.d.=  0.1205)
SCF ITERATION NUMBER  8
     point #   1  energy = -40.000
     point #  20  energy = -28.901
     point #  40  energy =  -9.729
New Fermi level:    mu=  -9.725 eV  Charge distance=  0.0109 (partial c.d.=  0.1983)
SCF ITERATION NUMBER  9
     point #   1  energy = -40.000
     point #  20  energy = -28.899
     point #  40  energy =  -9.725
New Fermi level:    mu=  -9.735 eV  Charge distance=  0.0359 (partial c.d.=  0.0355)
SCF ITERATION NUMBER 10
     point #   1  energy = -40.000
     point #  20  energy = -28.903
     point #  40  energy =  -9.735
New Fermi level:    mu=  -9.724 eV  Charge distance=  0.0243 (partial c.d.=  0.0445)
SCF ITERATION NUMBER 11
     point #   1  energy = -40.000
     point #  20  energy = -28.899
     point #  40  energy =  -9.724
New Fermi level:    mu=  -9.713 eV  Charge distance=  0.0007 (partial c.d.=  0.0159)
SCF ITERATION NUMBER 12
     point #   1  energy = -40.000
     point #  20  energy = -28.895
     point #  40  energy =  -9.713
New Fermi level:    mu=  -9.709 eV  Charge distance=  0.0015 (partial c.d.=  0.0017)
SCF ITERATION NUMBER 13
     point #   1  energy = -40.000
     point #  20  energy = -28.893
     point #  40  energy =  -9.709
New Fermi level:    mu=  -9.706 eV  Charge distance=  0.0003 (partial c.d.=  0.0029)
SCF ITERATION NUMBER 14
     point #   1  energy = -40.000
     point #  20  energy = -28.892
     point #  40  energy =  -9.706
New Fermi level:    mu=  -9.705 eV  Charge distance=  0.0003 (partial c.d.=  0.0023)
SCF ITERATION NUMBER 15
     point #   1  energy = -40.000
     point #  20  energy = -28.892
     point #  40  energy =  -9.705
New Fermi level:    mu=  -9.706 eV  Charge distance=  0.0001 (partial c.d.=  0.0012)
SCF ITERATION NUMBER 16
     point #   1  energy = -40.000
     point #  20  energy = -28.892
     point #  40  energy =  -9.706
New Fermi level:    mu=  -9.706 eV  Charge distance=  0.0000 (partial c.d.=  0.0006)
SCF ITERATION NUMBER 17
     point #   1  energy = -40.000
     point #  20  energy = -28.892
     point #  40  energy =  -9.706
New Fermi level:    mu=  -9.706 eV  Charge distance=  0.0000 (partial c.d.=  0.0000)
Electronic configuration
  type     l     N_el
     0     0    0.472
     0     1    0.545
     0     2    9.464
     0     3    0.000
     1     0    0.321
     1     1    6.489
     1     2    0.935
     1     3    0.000
     2     0    0.472
     2     1    0.548
     2     2    9.462
     2     3    0.000
     3     0    0.422
     3     1    0.632
     3     2    7.280
     3     3    0.000
     4     0    1.840
     4     1    4.418
     4     2    0.067
     4     3    0.000
Charge transfer:  type  charge
       0   -0.519
       1   -0.254
       2   -0.517
       3   -0.667
       4    0.325
Convergence reached in   17 iterations.
Done with module: potentials.

Calculating screened core-hole potential ...
FMS for a cluster of   22 atoms around iph =   0
    0% of energy integration
   20%
   40%
   60%
   80%
  100%
Preparing response function.
Computing (1 - K Chi0)^-1 v_ch
Done with module: screened core-hole potential.

Calculating cross-section and phases ...
    absorption cross section
 x0,dx,rnrm,inrm,jnrm   8.80000000000000       5.000000000000000E-002
   2.43585168299983              194         195
    phase shifts for unique potential    0
    phase shifts for unique potential    1
    phase shifts for unique potential    2
    phase shifts for unique potential    3
    phase shifts for unique potential    4
Done with module: cross-section and phases (XSPH).

FMS calculation of full Green's function ...
FEFF-serial using 1 thread.
Using   194 energy points.
xprep done
FMS for a cluster of  237 atoms
Energy point    1/ 194
Energy point   10/ 194
Energy point   20/ 194
Energy point   30/ 194
Energy point   40/ 194
Energy point   50/ 194
Energy point   60/ 194
Energy point   70/ 194
Energy point   80/ 194
Energy point   90/ 194
Energy point  100/ 194
Energy point  110/ 194
Energy point  120/ 194
Energy point  130/ 194
Energy point  140/ 194
Energy point  150/ 194
Energy point  160/ 194
Energy point  170/ 194
Energy point  180/ 194
Energy point  190/ 194
Done with module: FMS.

MKGTR: Tracing over Green's function ...
Done with module: MKGTR.

Pathfinder: finding scattering paths...
Preparing plane wave scattering amplitudes
Searching for paths
Eliminating path degeneracies
0 paths retained.
Done with module: pathfinder.

Calculating EXAFS parameters ...
Done with module: EXAFS parameters (GENFMT).

Calculating XAS spectra ...
Done with module: XAS spectra (FF2X: DW + final sum over paths).

 
### feff ends at Sun Aug 13 11:21:44 EDT 2023
 
