### feff starts at Sun Aug 13 16:07:28 EDT 2023
### Serial version
### FeffPath is /sdcc/u/mcarbone/software/JFEFF/hsw/feff90/linux
 
Launching FEFF version FEFF 9.9.1
Core hole lifetime is   1.729 eV.
Your calculation:
 comment: None given
 Source:
 Structure Summary:  Cu6 O2 F10
 Reduced formula:  Cu3OF5
 space group: (P-1), space number:  (2)
 abc:  7.555326   4.605099   5.965930
 angles: 87.400466  88.722540  90.882739
 sites: 18
Cu K edge XANES using RPA corehole.
Using:     * Self-Consistent Field potentials
Using cards:   ATOMS CONTROL EXCHANGE TITLE RPATH POTENTIALS XANES EDGE SCF FMS S02 COREHOLE EGRID

Calculating atomic potentials ...
    overlapped atomic potential and density for unique potential    0
    overlapped atomic potential and density for unique potential    1
    overlapped atomic potential and density for unique potential    2
    overlapped atomic potential and density for unique potential    3
Done with module: atomic potentials.

Calculating SCF potentials ...
FEFF-serial using 1 thread.
Muffin tin radii and interstitial parameters [bohr]:
type, norman radius, muffin tin, overlap factor
    0  1.32126E+00  1.19196E+00  1.15000E+00
    1  1.32021E+00  1.19002E+00  1.15000E+00
    2  1.12191E+00  9.99573E-01  1.15000E+00
    3  1.11813E+00  1.02440E+00  1.15000E+00
Core-valence separation energy:  ecv=   -40.000 eV
Initial Fermi level:              mu=     2.449 eV
SCF ITERATION NUMBER  1
     point #   1  energy = -40.000
FMS for a cluster of  127 atoms around atom type   0
FMS for a cluster of  116 atoms around atom type   1
FMS for a cluster of  108 atoms around atom type   2
FMS for a cluster of  118 atoms around atom type   3
     point #  20  energy = -28.877
     point #  40  energy =  -8.627
     point #  60  energy =  -1.108
     point #  80  energy =  -2.227
New Fermi level:    mu=  -2.310 eV  Charge distance=  0.2779 (partial c.d.=  8.5842)
SCF ITERATION NUMBER  1
     point #   1  energy = -40.000
FMS for a cluster of  127 atoms around atom type   0
FMS for a cluster of  116 atoms around atom type   1
FMS for a cluster of  108 atoms around atom type   2
FMS for a cluster of  118 atoms around atom type   3
     point #  20  energy = -28.795
     point #  40  energy =  -8.422
     point #  60  energy =  -2.310
     point #  80  energy =  -3.957
     point # 100  energy =  -6.491
New Fermi level:    mu=  -6.779 eV  Charge distance=  0.0380 (partial c.d.=  1.1938)
SCF ITERATION NUMBER  1
     point #   1  energy = -40.000
FMS for a cluster of  127 atoms around atom type   0
FMS for a cluster of  116 atoms around atom type   1
FMS for a cluster of  108 atoms around atom type   2
FMS for a cluster of  118 atoms around atom type   3
     point #  20  energy = -28.926
     point #  40  energy =  -8.792
     point #  60  energy =  -6.767
     point #  80  energy =  -6.329
New Fermi level:    mu=  -6.483 eV  Charge distance=  0.2599 (partial c.d.=  1.3220)
SCF ITERATION NUMBER  2
     point #   1  energy = -40.000
     point #  20  energy = -28.828
     point #  40  energy =  -8.514
     point #  60  energy =  -6.471
New Fermi level:    mu=  -6.364 eV  Charge distance=  0.1572 (partial c.d.=  1.6600)
SCF ITERATION NUMBER  3
     point #   1  energy = -40.000
     point #  20  energy = -28.788
     point #  40  energy =  -8.402
     point #  60  energy =  -6.376
New Fermi level:    mu=  -6.633 eV  Charge distance=  0.1236 (partial c.d.=  1.9760)
SCF ITERATION NUMBER  4
     point #   1  energy = -40.000
     point #  20  energy = -28.878
     point #  40  energy =  -8.655
     point #  60  energy =  -6.658
New Fermi level:    mu=  -6.699 eV  Charge distance=  0.1066 (partial c.d.=  0.7293)
SCF ITERATION NUMBER  5
     point #   1  energy = -40.000
     point #  20  energy = -28.900
     point #  40  energy =  -8.717
     point #  60  energy =  -6.686
     point #  80  energy =  -6.389
New Fermi level:    mu=  -6.475 eV  Charge distance=  0.0594 (partial c.d.=  1.1079)
SCF ITERATION NUMBER  6
     point #   1  energy = -40.000
     point #  20  energy = -28.825
     point #  40  energy =  -8.507
     point #  60  energy =  -6.487
New Fermi level:    mu=  -6.770 eV  Charge distance=  0.0217 (partial c.d.=  1.1542)
SCF ITERATION NUMBER  7
     point #   1  energy = -40.000
     point #  20  energy = -28.923
     point #  40  energy =  -8.784
New Fermi level:    mu=  -6.774 eV  Charge distance=  0.0180 (partial c.d.=  0.8855)
SCF ITERATION NUMBER  8
     point #   1  energy = -40.000
     point #  20  energy = -28.925
     point #  40  energy =  -8.787
New Fermi level:    mu=  -6.764 eV  Charge distance=  0.0124 (partial c.d.=  0.1902)
SCF ITERATION NUMBER  9
     point #   1  energy = -40.000
     point #  20  energy = -28.921
     point #  40  energy =  -8.778
New Fermi level:    mu=  -6.757 eV  Charge distance=  0.0032 (partial c.d.=  0.0957)
SCF ITERATION NUMBER 10
     point #   1  energy = -40.000
     point #  20  energy = -28.919
     point #  40  energy =  -8.772
New Fermi level:    mu=  -6.756 eV  Charge distance=  0.0280 (partial c.d.=  0.0091)
SCF ITERATION NUMBER 11
     point #   1  energy = -40.000
     point #  20  energy = -28.919
     point #  40  energy =  -8.771
     point #  60  energy =  -6.731
New Fermi level:    mu=  -6.742 eV  Charge distance=  0.0017 (partial c.d.=  0.1073)
SCF ITERATION NUMBER 12
     point #   1  energy = -40.000
     point #  20  energy = -28.914
     point #  40  energy =  -8.758
New Fermi level:    mu=  -6.744 eV  Charge distance=  0.0004 (partial c.d.=  0.0013)
SCF ITERATION NUMBER 13
     point #   1  energy = -40.000
     point #  20  energy = -28.915
     point #  40  energy =  -8.760
New Fermi level:    mu=  -6.743 eV  Charge distance=  0.0003 (partial c.d.=  0.0070)
SCF ITERATION NUMBER 14
     point #   1  energy = -40.000
     point #  20  energy = -28.914
     point #  40  energy =  -8.759
New Fermi level:    mu=  -6.743 eV  Charge distance=  0.0001 (partial c.d.=  0.0037)
SCF ITERATION NUMBER 15
     point #   1  energy = -40.000
     point #  20  energy = -28.914
     point #  40  energy =  -8.758
New Fermi level:    mu=  -6.742 eV  Charge distance=  0.0001 (partial c.d.=  0.0004)
SCF ITERATION NUMBER 16
     point #   1  energy = -40.000
     point #  20  energy = -28.914
     point #  40  energy =  -8.758
New Fermi level:    mu=  -6.741 eV  Charge distance=  0.0000 (partial c.d.=  0.0008)
SCF ITERATION NUMBER 17
     point #   1  energy = -40.000
     point #  20  energy = -28.914
     point #  40  energy =  -8.757
New Fermi level:    mu=  -6.742 eV  Charge distance=  0.0000 (partial c.d.=  0.0004)
SCF ITERATION NUMBER 18
     point #   1  energy = -40.000
     point #  20  energy = -28.914
     point #  40  energy =  -8.757
New Fermi level:    mu=  -6.741 eV  Charge distance=  0.0000 (partial c.d.=  0.0005)
SCF ITERATION NUMBER 19
     point #   1  energy = -40.000
     point #  20  energy = -28.914
     point #  40  energy =  -8.757
New Fermi level:    mu=  -6.741 eV  Charge distance=  0.0000 (partial c.d.=  0.0003)
SCF ITERATION NUMBER 20
     point #   1  energy = -40.000
     point #  20  energy = -28.914
     point #  40  energy =  -8.757
New Fermi level:    mu=  -6.741 eV  Charge distance=  0.0000 (partial c.d.=  0.0000)
Electronic configuration
  type     l     N_el
     0     0    0.440
     0     1    0.552
     0     2    9.502
     0     3    0.000
     1     0    0.478
     1     1    0.579
     1     2    9.477
     1     3    0.000
     2     0    1.861
     2     1    4.470
     2     2    0.094
     2     3    0.000
     3     0    1.958
     3     1    5.173
     3     2    0.064
     3     3    0.000
Charge transfer:  type  charge
       0   -0.505
       1   -0.466
       2    0.426
       3    0.195
Convergence reached in   20 iterations.
Done with module: potentials.

Calculating screened core-hole potential ...
FMS for a cluster of   25 atoms around iph =   0
    0% of energy integration
   20%
   40%
   60%
   80%
  100%
Preparing response function.
Computing (1 - K Chi0)^-1 v_ch
Done with module: screened core-hole potential.

Calculating cross-section and phases ...
    absorption cross section
 x0,dx,rnrm,inrm,jnrm   8.80000000000000       5.000000000000000E-002
   2.49681680400019              195         196
    phase shifts for unique potential    0
    phase shifts for unique potential    1
    phase shifts for unique potential    2
    phase shifts for unique potential    3
Done with module: cross-section and phases (XSPH).

FMS calculation of full Green's function ...
FEFF-serial using 1 thread.
Using   194 energy points.
xprep done
FMS for a cluster of  265 atoms
Energy point    1/ 194
Energy point   10/ 194
Energy point   20/ 194
Energy point   30/ 194
Energy point   40/ 194
Energy point   50/ 194
Energy point   60/ 194
Energy point   70/ 194
Energy point   80/ 194
Energy point   90/ 194
Energy point  100/ 194
Energy point  110/ 194
Energy point  120/ 194
Energy point  130/ 194
Energy point  140/ 194
Energy point  150/ 194
Energy point  160/ 194
Energy point  170/ 194
Energy point  180/ 194
Energy point  190/ 194
Done with module: FMS.

MKGTR: Tracing over Green's function ...
Done with module: MKGTR.

Pathfinder: finding scattering paths...
Preparing plane wave scattering amplitudes
Searching for paths
Eliminating path degeneracies
0 paths retained.
Done with module: pathfinder.

Calculating EXAFS parameters ...
Done with module: EXAFS parameters (GENFMT).

Calculating XAS spectra ...
Done with module: XAS spectra (FF2X: DW + final sum over paths).

 
### feff ends at Sun Aug 13 18:24:01 EDT 2023
 
