### feff starts at Mon Aug 14 02:36:56 EDT 2023
### Serial version
### FeffPath is /sdcc/u/mcarbone/software/JFEFF/hsw/feff90/linux
 
Launching FEFF version FEFF 9.9.1
Core hole lifetime is   1.729 eV.
Your calculation:
 comment: None given
 Source:
 Structure Summary:  Li4 Cu4 P4 O16
 Reduced formula:  LiCuPO4
 space group: (Pna2_1), space number:  (33)
 abc:  5.657044   7.594719   8.030250
 angles: 90.000000  90.000000  90.000000
 sites: 28
Cu K edge XANES using RPA corehole.
Using:     * Self-Consistent Field potentials
Using cards:   ATOMS CONTROL EXCHANGE TITLE RPATH POTENTIALS XANES EDGE SCF FMS S02 COREHOLE EGRID

Calculating atomic potentials ...
    overlapped atomic potential and density for unique potential    0
    overlapped atomic potential and density for unique potential    1
    overlapped atomic potential and density for unique potential    2
    overlapped atomic potential and density for unique potential    3
    overlapped atomic potential and density for unique potential    4
Done with module: atomic potentials.

Calculating SCF potentials ...
FEFF-serial using 1 thread.
Muffin tin radii and interstitial parameters [bohr]:
type, norman radius, muffin tin, overlap factor
    0  1.34071E+00  1.27038E+00  1.14833E+00
    1  1.39807E+00  1.29506E+00  1.15000E+00
    2  1.34074E+00  1.27041E+00  1.14834E+00
    3  1.15695E+00  9.40577E-01  1.15000E+00
    4  1.04887E+00  9.08993E-01  1.15000E+00
Core-valence separation energy:  ecv=   -40.000 eV
Initial Fermi level:              mu=     5.280 eV
SCF ITERATION NUMBER  1
     point #   1  energy = -40.000
FMS for a cluster of  119 atoms around atom type   0
FMS for a cluster of  111 atoms around atom type   1
FMS for a cluster of   98 atoms around atom type   2
FMS for a cluster of  116 atoms around atom type   3
FMS for a cluster of  116 atoms around atom type   4
     point #  20  energy = -28.913
     point #  40  energy =  -8.663
     point #  60  energy =  -3.816
New Fermi level:    mu=  -3.491 eV  Charge distance=  0.5968 (partial c.d.=  6.8714)
negative density   1 -214.527 - usually harmless precision error, but check DOS if it persists
SCF ITERATION NUMBER  1
     point #   1  energy = -40.000
FMS for a cluster of  119 atoms around atom type   0
FMS for a cluster of  111 atoms around atom type   1
FMS for a cluster of   98 atoms around atom type   2
FMS for a cluster of  116 atoms around atom type   3
FMS for a cluster of  116 atoms around atom type   4
     point #  20  energy = -28.845
     point #  40  energy =  -8.562
     point #  60  energy =  -3.491
     point #  80  energy =  -5.070
     point # 100  energy =  -7.854
New Fermi level:    mu=  -7.324 eV  Charge distance=  0.1818 (partial c.d.=  3.2763)
negative density   1 -359.557 - usually harmless precision error, but check DOS if it persists
SCF ITERATION NUMBER  1
     point #   1  energy = -40.000
FMS for a cluster of  119 atoms around atom type   0
FMS for a cluster of  111 atoms around atom type   1
FMS for a cluster of   98 atoms around atom type   2
FMS for a cluster of  116 atoms around atom type   3
FMS for a cluster of  116 atoms around atom type   4
     point #  20  energy = -28.768
     point #  40  energy =  -8.345
     point #  60  energy =  -7.283
New Fermi level:    mu=  -7.106 eV  Charge distance=  0.1043 (partial c.d.=  0.4052)
negative density   1 -484.995 - usually harmless precision error, but check DOS if it persists
negative density   1  -28.978 - usually harmless precision error, but check DOS if it persists
SCF ITERATION NUMBER  2
     point #   1  energy = -40.000
     point #  20  energy = -28.693
     point #  40  energy =  -8.134
     point #  60  energy =  -7.065
New Fermi level:    mu=  -6.833 eV  Charge distance=  0.2221 (partial c.d.=  0.2257)
negative density   1 -829.608 - usually harmless precision error, but check DOS if it persists
negative density   1 -138.557 - usually harmless precision error, but check DOS if it persists
SCF ITERATION NUMBER  3
     point #   1  energy = -40.000
     point #  20  energy = -28.944
     point #  40  energy =  -8.843
     point #  60  energy =  -6.858
New Fermi level:    mu=  -6.916 eV  Charge distance=  0.1403 (partial c.d.=  0.2034)
negative density   1-1088.414 - usually harmless precision error, but check DOS if it persists
negative density   1 -221.214 - usually harmless precision error, but check DOS if it persists
SCF ITERATION NUMBER  4
     point #   1  energy = -40.000
     point #  20  energy = -28.972
     point #  40  energy =  -8.921
     point #  60  energy =  -6.891
New Fermi level:    mu=  -6.775 eV  Charge distance=  0.0432 (partial c.d.=  0.1999)
negative density   1-1051.551 - usually harmless precision error, but check DOS if it persists
negative density   1 -209.475 - usually harmless precision error, but check DOS if it persists
SCF ITERATION NUMBER  5
     point #   1  energy = -40.000
     point #  20  energy = -28.925
     point #  40  energy =  -8.789
     point #  60  energy =  -6.800
New Fermi level:    mu=  -6.873 eV  Charge distance=  0.0057 (partial c.d.=  0.0591)
negative density   1-1061.947 - usually harmless precision error, but check DOS if it persists
negative density   1 -212.918 - usually harmless precision error, but check DOS if it persists
SCF ITERATION NUMBER  6
     point #   1  energy = -40.000
     point #  20  energy = -28.958
     point #  40  energy =  -8.881
New Fermi level:    mu=  -6.885 eV  Charge distance=  0.0105 (partial c.d.=  0.0051)
negative density   1-1070.980 - usually harmless precision error, but check DOS if it persists
negative density   1 -216.059 - usually harmless precision error, but check DOS if it persists
SCF ITERATION NUMBER  7
     point #   1  energy = -40.000
     point #  20  energy = -28.962
     point #  40  energy =  -8.892
     point #  60  energy =  -6.910
New Fermi level:    mu=  -6.898 eV  Charge distance=  0.0036 (partial c.d.=  0.0061)
negative density   1-1072.392 - usually harmless precision error, but check DOS if it persists
negative density   1 -216.651 - usually harmless precision error, but check DOS if it persists
SCF ITERATION NUMBER  8
     point #   1  energy = -40.000
     point #  20  energy = -28.966
     point #  40  energy =  -8.904
New Fermi level:    mu=  -6.893 eV  Charge distance=  0.0041 (partial c.d.=  0.0018)
negative density   1-1073.729 - usually harmless precision error, but check DOS if it persists
negative density   1 -217.246 - usually harmless precision error, but check DOS if it persists
SCF ITERATION NUMBER  9
     point #   1  energy = -40.000
     point #  20  energy = -28.964
     point #  40  energy =  -8.900
New Fermi level:    mu=  -6.887 eV  Charge distance=  0.0018 (partial c.d.=  0.0038)
negative density   1-1075.576 - usually harmless precision error, but check DOS if it persists
negative density   1 -217.906 - usually harmless precision error, but check DOS if it persists
SCF ITERATION NUMBER 10
     point #   1  energy = -40.000
     point #  20  energy = -28.962
     point #  40  energy =  -8.894
New Fermi level:    mu=  -6.884 eV  Charge distance=  0.0002 (partial c.d.=  0.0031)
negative density   1-1076.390 - usually harmless precision error, but check DOS if it persists
negative density   1 -218.161 - usually harmless precision error, but check DOS if it persists
SCF ITERATION NUMBER 11
     point #   1  energy = -40.000
     point #  20  energy = -28.961
     point #  40  energy =  -8.891
New Fermi level:    mu=  -6.885 eV  Charge distance=  0.0000 (partial c.d.=  0.0012)
negative density   1-1077.184 - usually harmless precision error, but check DOS if it persists
negative density   1 -218.416 - usually harmless precision error, but check DOS if it persists
SCF ITERATION NUMBER 12
     point #   1  energy = -40.000
     point #  20  energy = -28.962
     point #  40  energy =  -8.892
New Fermi level:    mu=  -6.885 eV  Charge distance=  0.0001 (partial c.d.=  0.0001)
Electronic configuration
  type     l     N_el
     0     0    0.485
     0     1    0.664
     0     2    9.527
     0     3    0.000
     1     0    0.318
     1     1    0.595
     1     2    0.000
     1     3    0.000
     2     0    0.485
     2     1    0.664
     2     2    9.525
     2     3    0.000
     3     0    1.201
     3     1    2.047
     3     2    1.021
     3     3    0.000
     4     0    1.834
     4     1    4.380
     4     2    0.072
     4     3    0.000
Charge transfer:  type  charge
       0   -0.325
       1   -0.087
       2   -0.325
       3   -0.731
       4    0.286
Convergence reached in   12 iterations.
Done with module: potentials.

Calculating screened core-hole potential ...
FMS for a cluster of   23 atoms around iph =   0
    0% of energy integration
   20%
   40%
   60%
   80%
  100%
Preparing response function.
Computing (1 - K Chi0)^-1 v_ch
Done with module: screened core-hole potential.

Calculating cross-section and phases ...
    absorption cross section
 x0,dx,rnrm,inrm,jnrm   8.80000000000000       5.000000000000000E-002
   2.53357560500016              195         196
    phase shifts for unique potential    0
    phase shifts for unique potential    1
    phase shifts for unique potential    2
    phase shifts for unique potential    3
    phase shifts for unique potential    4
Done with module: cross-section and phases (XSPH).

FMS calculation of full Green's function ...
FEFF-serial using 1 thread.
Using   194 energy points.
xprep done
FMS for a cluster of  248 atoms
Energy point    1/ 194
Energy point   10/ 194
Energy point   20/ 194
Energy point   30/ 194
Energy point   40/ 194
Energy point   50/ 194
Energy point   60/ 194
Energy point   70/ 194
Energy point   80/ 194
Energy point   90/ 194
Energy point  100/ 194
Energy point  110/ 194
Energy point  120/ 194
Energy point  130/ 194
Energy point  140/ 194
Energy point  150/ 194
Energy point  160/ 194
Energy point  170/ 194
Energy point  180/ 194
Energy point  190/ 194
Done with module: FMS.

MKGTR: Tracing over Green's function ...
Done with module: MKGTR.

Pathfinder: finding scattering paths...
Preparing plane wave scattering amplitudes
Searching for paths
Eliminating path degeneracies
0 paths retained.
Done with module: pathfinder.

Calculating EXAFS parameters ...
Done with module: EXAFS parameters (GENFMT).

Calculating XAS spectra ...
Done with module: XAS spectra (FF2X: DW + final sum over paths).

 
### feff ends at Mon Aug 14 04:08:04 EDT 2023
 
