### feff starts at Sun Aug 13 12:20:05 EDT 2023
### Serial version
### FeffPath is /sdcc/u/mcarbone/software/JFEFF/hsw/feff90/linux
 
Launching FEFF version FEFF 9.9.1
Core hole lifetime is   1.729 eV.
Your calculation:
 comment: None given
 Source:
 Structure Summary:  Zn4 Cu8 O16
 Reduced formula:  Zn(CuO2)2
 space group: (P1), space number:  (1)
 abc:  2.926283   8.904109  10.345260
 angles: 90.076097  89.996667  89.718581
 sites: 28
Cu K edge XANES using RPA corehole.
Using:     * Self-Consistent Field potentials
Using cards:   ATOMS CONTROL EXCHANGE TITLE RPATH POTENTIALS XANES EDGE SCF FMS S02 COREHOLE EGRID

Calculating atomic potentials ...
    overlapped atomic potential and density for unique potential    0
    overlapped atomic potential and density for unique potential    1
    overlapped atomic potential and density for unique potential    2
    overlapped atomic potential and density for unique potential    3
Done with module: atomic potentials.

Calculating SCF potentials ...
FEFF-serial using 1 thread.
Muffin tin radii and interstitial parameters [bohr]:
type, norman radius, muffin tin, overlap factor
    0  1.27910E+00  1.21320E+00  1.14514E+00
    1  1.49922E+00  1.43987E+00  1.10641E+00
    2  1.27910E+00  1.21320E+00  1.14514E+00
    3  1.10422E+00  1.04327E+00  1.15000E+00
Core-valence separation energy:  ecv=   -40.000 eV
Initial Fermi level:              mu=     1.592 eV
SCF ITERATION NUMBER  1
     point #   1  energy = -40.000
FMS for a cluster of  144 atoms around atom type   0
FMS for a cluster of  143 atoms around atom type   1
FMS for a cluster of  138 atoms around atom type   2
FMS for a cluster of  154 atoms around atom type   3
     point #  20  energy = -28.847
     point #  40  energy =  -8.597
     point #  60  energy =  -3.384
New Fermi level:    mu=  -3.430 eV  Charge distance=  0.5074 (partial c.d.= 10.2760)
SCF ITERATION NUMBER  1
     point #   1  energy = -40.000
FMS for a cluster of  144 atoms around atom type   0
FMS for a cluster of  143 atoms around atom type   1
FMS for a cluster of  138 atoms around atom type   2
FMS for a cluster of  154 atoms around atom type   3
     point #  20  energy = -28.826
     point #  40  energy =  -8.509
     point #  60  energy =  -3.430
     point #  80  energy =  -5.008
     point # 100  energy =  -8.845
New Fermi level:    mu=  -9.009 eV  Charge distance=  0.0920 (partial c.d.=  2.2750)
SCF ITERATION NUMBER  1
     point #   1  energy = -40.000
FMS for a cluster of  144 atoms around atom type   0
FMS for a cluster of  143 atoms around atom type   1
FMS for a cluster of  138 atoms around atom type   2
FMS for a cluster of  154 atoms around atom type   3
     point #  20  energy = -29.003
     point #  40  energy =  -9.009
     point #  60  energy =  -8.968
     point #  80  energy =  -7.837
New Fermi level:    mu=  -7.926 eV  Charge distance=  0.0590 (partial c.d.=  0.5815)
SCF ITERATION NUMBER  2
     point #   1  energy = -40.000
     point #  20  energy = -28.975
     point #  40  energy =  -8.929
     point #  60  energy =  -7.967
New Fermi level:    mu=  -8.185 eV  Charge distance=  0.1170 (partial c.d.=  0.1623)
SCF ITERATION NUMBER  3
     point #   1  energy = -40.000
     point #  20  energy = -28.711
     point #  40  energy =  -8.185
     point #  60  energy =  -8.145
New Fermi level:    mu=  -7.925 eV  Charge distance=  0.1784 (partial c.d.=  0.7965)
SCF ITERATION NUMBER  4
     point #   1  energy = -40.000
     point #  20  energy = -28.974
     point #  40  energy =  -8.927
     point #  60  energy =  -7.965
New Fermi level:    mu=  -8.281 eV  Charge distance=  0.0869 (partial c.d.=  1.5199)
SCF ITERATION NUMBER  5
     point #   1  energy = -40.000
     point #  20  energy = -28.745
     point #  40  energy =  -8.281
     point #  60  energy =  -8.331
New Fermi level:    mu=  -8.412 eV  Charge distance=  0.0440 (partial c.d.=  0.4917)
SCF ITERATION NUMBER  6
     point #   1  energy = -40.000
     point #  20  energy = -28.791
     point #  40  energy =  -8.412
     point #  60  energy =  -8.343
New Fermi level:    mu=  -8.215 eV  Charge distance=  0.0106 (partial c.d.=  0.1941)
SCF ITERATION NUMBER  7
     point #   1  energy = -40.000
     point #  20  energy = -28.721
     point #  40  energy =  -8.215
     point #  60  energy =  -8.265
New Fermi level:    mu=  -8.303 eV  Charge distance=  0.0115 (partial c.d.=  0.3979)
SCF ITERATION NUMBER  8
     point #   1  energy = -40.000
     point #  20  energy = -28.753
     point #  40  energy =  -8.303
New Fermi level:    mu=  -8.307 eV  Charge distance=  0.0037 (partial c.d.=  0.2758)
SCF ITERATION NUMBER  9
     point #   1  energy = -40.000
     point #  20  energy = -28.754
     point #  40  energy =  -8.307
New Fermi level:    mu=  -8.304 eV  Charge distance=  0.0017 (partial c.d.=  0.1006)
SCF ITERATION NUMBER 10
     point #   1  energy = -40.000
     point #  20  energy = -28.753
     point #  40  energy =  -8.304
New Fermi level:    mu=  -8.303 eV  Charge distance=  0.0084 (partial c.d.=  0.0092)
SCF ITERATION NUMBER 11
     point #   1  energy = -40.000
     point #  20  energy = -28.753
     point #  40  energy =  -8.303
New Fermi level:    mu=  -8.290 eV  Charge distance=  0.0029 (partial c.d.=  0.0255)
SCF ITERATION NUMBER 12
     point #   1  energy = -40.000
     point #  20  energy = -28.748
     point #  40  energy =  -8.290
New Fermi level:    mu=  -8.284 eV  Charge distance=  0.0013 (partial c.d.=  0.0231)
SCF ITERATION NUMBER 13
     point #   1  energy = -40.000
     point #  20  energy = -28.746
     point #  40  energy =  -8.284
New Fermi level:    mu=  -8.285 eV  Charge distance=  0.0004 (partial c.d.=  0.0056)
SCF ITERATION NUMBER 14
     point #   1  energy = -40.000
     point #  20  energy = -28.746
     point #  40  energy =  -8.285
New Fermi level:    mu=  -8.285 eV  Charge distance=  0.0000 (partial c.d.=  0.0020)
SCF ITERATION NUMBER 15
     point #   1  energy = -40.000
     point #  20  energy = -28.746
     point #  40  energy =  -8.285
New Fermi level:    mu=  -8.284 eV  Charge distance=  0.0001 (partial c.d.=  0.0005)
SCF ITERATION NUMBER 16
     point #   1  energy = -40.000
     point #  20  energy = -28.746
     point #  40  energy =  -8.284
New Fermi level:    mu=  -8.284 eV  Charge distance=  0.0000 (partial c.d.=  0.0004)
SCF ITERATION NUMBER 17
     point #   1  energy = -40.000
     point #  20  energy = -28.746
     point #  40  energy =  -8.284
New Fermi level:    mu=  -8.284 eV  Charge distance=  0.0000 (partial c.d.=  0.0001)
Electronic configuration
  type     l     N_el
     0     0    0.478
     0     1    0.661
     0     2    9.311
     0     3    0.000
     1     0    0.718
     1     1    0.849
     1     2   10.319
     1     3    0.000
     2     0    0.478
     2     1    0.660
     2     2    9.312
     2     3    0.000
     3     0    1.874
     3     1    4.343
     3     2    0.087
     3     3    0.000
Charge transfer:  type  charge
       0   -0.550
       1   -0.114
       2   -0.550
       3    0.304
Convergence reached in   17 iterations.
Done with module: potentials.

Calculating screened core-hole potential ...
FMS for a cluster of   29 atoms around iph =   0
    0% of energy integration
   20%
   40%
   60%
   80%
  100%
Preparing response function.
Computing (1 - K Chi0)^-1 v_ch
Done with module: screened core-hole potential.

Calculating cross-section and phases ...
    absorption cross section
 x0,dx,rnrm,inrm,jnrm   8.80000000000000       5.000000000000000E-002
   2.41715120999990              194         195
    phase shifts for unique potential    0
    phase shifts for unique potential    1
    phase shifts for unique potential    2
    phase shifts for unique potential    3
Done with module: cross-section and phases (XSPH).

FMS calculation of full Green's function ...
FEFF-serial using 1 thread.
Using   194 energy points.
xprep done
FMS for a cluster of  307 atoms
Energy point    1/ 194
Energy point   10/ 194
Energy point   20/ 194
Energy point   30/ 194
Energy point   40/ 194
Energy point   50/ 194
Energy point   60/ 194
Energy point   70/ 194
Energy point   80/ 194
Energy point   90/ 194
Energy point  100/ 194
Energy point  110/ 194
Energy point  120/ 194
Energy point  130/ 194
Energy point  140/ 194
Energy point  150/ 194
Energy point  160/ 194
Energy point  170/ 194
Energy point  180/ 194
Energy point  190/ 194
Done with module: FMS.

MKGTR: Tracing over Green's function ...
Done with module: MKGTR.

Pathfinder: finding scattering paths...
Preparing plane wave scattering amplitudes
Searching for paths
Eliminating path degeneracies
0 paths retained.
Done with module: pathfinder.

Calculating EXAFS parameters ...
Done with module: EXAFS parameters (GENFMT).

Calculating XAS spectra ...
Done with module: XAS spectra (FF2X: DW + final sum over paths).

 
### feff ends at Sun Aug 13 15:32:16 EDT 2023
 
