### feff starts at Mon Aug 14 05:05:09 EDT 2023
### Serial version
### FeffPath is /sdcc/u/mcarbone/software/JFEFF/hsw/feff90/linux
 
Launching FEFF version FEFF 9.9.1
Core hole lifetime is   1.729 eV.
Your calculation:
 comment: None given
 Source:
 Structure Summary:  Al1 Cu3 Mo4 O12
 Reduced formula:  AlCu3(MoO3)4
 space group: (Im-3), space number:  (204)
 abc:  6.639947   6.639947   6.639947
 angles:109.471221 109.471221 109.471221
 sites: 20
Cu K edge XANES using RPA corehole.
Using:     * Self-Consistent Field potentials
Using cards:   ATOMS CONTROL EXCHANGE TITLE RPATH POTENTIALS XANES EDGE SCF FMS S02 COREHOLE EGRID

Calculating atomic potentials ...
    overlapped atomic potential and density for unique potential    0
    overlapped atomic potential and density for unique potential    1
    overlapped atomic potential and density for unique potential    2
    overlapped atomic potential and density for unique potential    3
    overlapped atomic potential and density for unique potential    4
Done with module: atomic potentials.

Calculating SCF potentials ...
FEFF-serial using 1 thread.
Muffin tin radii and interstitial parameters [bohr]:
type, norman radius, muffin tin, overlap factor
    0  1.34297E+00  1.25866E+00  1.15000E+00
    1  1.68242E+00  1.66131E+00  1.03056E+00
    2  1.34297E+00  1.25866E+00  1.15000E+00
    3  1.45771E+00  1.34787E+00  1.15000E+00
    4  1.09834E+00  1.02355E+00  1.15000E+00
Core-valence separation energy:  ecv=   -44.500 eV
Initial Fermi level:              mu=     2.652 eV
SCF ITERATION NUMBER  1
     point #   1  energy = -44.500
FMS for a cluster of  135 atoms around atom type   0
FMS for a cluster of  123 atoms around atom type   1
FMS for a cluster of  115 atoms around atom type   2
FMS for a cluster of  122 atoms around atom type   3
FMS for a cluster of  129 atoms around atom type   4
     point #  20  energy = -33.437
     point #  40  energy = -13.187
     point #  60  energy =  -5.008
     point #  80  energy =  -4.096
New Fermi level:    mu=  -4.146 eV  Charge distance=  0.8277 (partial c.d.=  6.5828)
SCF ITERATION NUMBER  1
     point #   1  energy = -44.500
FMS for a cluster of  135 atoms around atom type   0
FMS for a cluster of  123 atoms around atom type   1
FMS for a cluster of  115 atoms around atom type   2
FMS for a cluster of  122 atoms around atom type   3
FMS for a cluster of  129 atoms around atom type   4
     point #  20  energy = -33.403
     point #  40  energy = -13.226
     point #  60  energy =  -4.146
     point #  80  energy =  -5.102
New Fermi level:    mu=  -5.004 eV  Charge distance=  0.4002 (partial c.d.=  4.5537)
SCF ITERATION NUMBER  1
     point #   1  energy = -44.500
FMS for a cluster of  135 atoms around atom type   0
FMS for a cluster of  123 atoms around atom type   1
FMS for a cluster of  115 atoms around atom type   2
FMS for a cluster of  122 atoms around atom type   3
FMS for a cluster of  129 atoms around atom type   4
     point #  20  energy = -33.360
     point #  40  energy = -13.106
     point #  60  energy =  -5.004
     point #  80  energy =  -6.204
New Fermi level:    mu=  -6.026 eV  Charge distance=  0.1315 (partial c.d.=  0.9210)
SCF ITERATION NUMBER  2
     point #   1  energy = -44.500
     point #  20  energy = -33.363
     point #  40  energy = -13.113
     point #  60  energy =  -6.026
     point #  80  energy =  -6.270
New Fermi level:    mu=  -6.259 eV  Charge distance=  0.1341 (partial c.d.=  0.5014)
SCF ITERATION NUMBER  3
     point #   1  energy = -44.500
     point #  20  energy = -33.430
     point #  40  energy = -13.303
     point #  60  energy =  -6.259
New Fermi level:    mu=  -6.188 eV  Charge distance=  0.2005 (partial c.d.=  0.4599)
SCF ITERATION NUMBER  4
     point #   1  energy = -44.500
     point #  20  energy = -33.410
     point #  40  energy = -13.245
     point #  60  energy =  -6.188
     point #  80  energy =  -6.594
New Fermi level:    mu=  -6.558 eV  Charge distance=  0.0584 (partial c.d.=  0.5906)
SCF ITERATION NUMBER  5
     point #   1  energy = -44.500
     point #  20  energy = -33.220
     point #  40  energy = -12.711
     point #  60  energy =  -6.558
New Fermi level:    mu=  -6.431 eV  Charge distance=  0.0154 (partial c.d.=  0.4260)
SCF ITERATION NUMBER  6
     point #   1  energy = -44.500
     point #  20  energy = -33.480
     point #  40  energy = -13.444
     point #  60  energy =  -6.431
New Fermi level:    mu=  -6.462 eV  Charge distance=  0.0029 (partial c.d.=  0.1149)
SCF ITERATION NUMBER  7
     point #   1  energy = -44.500
     point #  20  energy = -33.489
     point #  40  energy = -13.469
     point #  60  energy =  -6.462
New Fermi level:    mu=  -6.459 eV  Charge distance=  0.0033 (partial c.d.=  0.0300)
SCF ITERATION NUMBER  8
     point #   1  energy = -44.500
     point #  20  energy = -33.488
     point #  40  energy = -13.466
     point #  60  energy =  -6.459
New Fermi level:    mu=  -6.451 eV  Charge distance=  0.0047 (partial c.d.=  0.0098)
SCF ITERATION NUMBER  9
     point #   1  energy = -44.500
     point #  20  energy = -33.486
     point #  40  energy = -13.460
     point #  60  energy =  -6.451
New Fermi level:    mu=  -6.439 eV  Charge distance=  0.0028 (partial c.d.=  0.0038)
SCF ITERATION NUMBER 10
     point #   1  energy = -44.500
     point #  20  energy = -33.482
     point #  40  energy = -13.451
     point #  60  energy =  -6.439
New Fermi level:    mu=  -6.434 eV  Charge distance=  0.0006 (partial c.d.=  0.0051)
SCF ITERATION NUMBER 11
     point #   1  energy = -44.500
     point #  20  energy = -33.481
     point #  40  energy = -13.446
     point #  60  energy =  -6.434
New Fermi level:    mu=  -6.435 eV  Charge distance=  0.0002 (partial c.d.=  0.0043)
SCF ITERATION NUMBER 12
     point #   1  energy = -44.500
     point #  20  energy = -33.481
     point #  40  energy = -13.447
     point #  60  energy =  -6.435
New Fermi level:    mu=  -6.435 eV  Charge distance=  0.0003 (partial c.d.=  0.0014)
SCF ITERATION NUMBER 13
     point #   1  energy = -44.500
     point #  20  energy = -33.481
     point #  40  energy = -13.447
     point #  60  energy =  -6.435
New Fermi level:    mu=  -6.435 eV  Charge distance=  0.0005 (partial c.d.=  0.0001)
Electronic configuration
  type     l     N_el
     0     0    0.524
     0     1    0.586
     0     2    9.555
     0     3    0.000
     1     0    1.575
     1     1    0.720
     1     2    0.425
     1     3    0.000
     2     0    0.524
     2     1    0.587
     2     2    9.552
     2     3    0.000
     3     0    0.426
     3     1    6.668
     3     2    4.167
     3     3    0.000
     4     0    1.853
     4     1    4.402
     4     2    0.100
     4     3    0.000
Charge transfer:  type  charge
       0   -0.336
       1   -0.280
       2   -0.337
       3   -0.739
       4    0.354
Convergence reached in   13 iterations.
Done with module: potentials.

Calculating screened core-hole potential ...
FMS for a cluster of   27 atoms around iph =   0
    0% of energy integration
   20%
   40%
   60%
   80%
  100%
Preparing response function.
Computing (1 - K Chi0)^-1 v_ch
Done with module: screened core-hole potential.

Calculating cross-section and phases ...
    absorption cross section
 x0,dx,rnrm,inrm,jnrm   8.80000000000000       5.000000000000000E-002
   2.53785221499993              195         196
    phase shifts for unique potential    0
    phase shifts for unique potential    1
    phase shifts for unique potential    2
    phase shifts for unique potential    3
    phase shifts for unique potential    4
Done with module: cross-section and phases (XSPH).

FMS calculation of full Green's function ...
FEFF-serial using 1 thread.
Using   194 energy points.
xprep done
FMS for a cluster of  265 atoms
Energy point    1/ 194
Energy point   10/ 194
Energy point   20/ 194
Energy point   30/ 194
Energy point   40/ 194
Energy point   50/ 194
Energy point   60/ 194
Energy point   70/ 194
Energy point   80/ 194
Energy point   90/ 194
Energy point  100/ 194
Energy point  110/ 194
Energy point  120/ 194
Energy point  130/ 194
Energy point  140/ 194
Energy point  150/ 194
Energy point  160/ 194
Energy point  170/ 194
Energy point  180/ 194
Energy point  190/ 194
Done with module: FMS.

MKGTR: Tracing over Green's function ...
Done with module: MKGTR.

Pathfinder: finding scattering paths...
Preparing plane wave scattering amplitudes
Searching for paths
Eliminating path degeneracies
0 paths retained.
Done with module: pathfinder.

Calculating EXAFS parameters ...
Done with module: EXAFS parameters (GENFMT).

Calculating XAS spectra ...
Done with module: XAS spectra (FF2X: DW + final sum over paths).

 
### feff ends at Mon Aug 14 07:24:09 EDT 2023
 
