### feff starts at Mon Aug 14 05:00:08 EDT 2023
### Serial version
### FeffPath is /sdcc/u/mcarbone/software/JFEFF/hsw/feff90/linux
 
Launching FEFF version FEFF 9.9.1
Core hole lifetime is   1.729 eV.
Your calculation:
 comment: None given
 Source:
 Structure Summary:  Cu64 Se48 O160
 Reduced formula:  Cu4Se3O10
 space group: (P2_1/c), space number:  (14)
 abc: 13.682806  16.215000  18.018731
 angles: 90.879560  90.000000  90.000000
 sites: 272
Cu K edge XANES using RPA corehole.
Using:     * Self-Consistent Field potentials
Using cards:   ATOMS CONTROL EXCHANGE TITLE RPATH POTENTIALS XANES EDGE SCF FMS S02 COREHOLE EGRID

Calculating atomic potentials ...
    overlapped atomic potential and density for unique potential    0
    overlapped atomic potential and density for unique potential    1
    overlapped atomic potential and density for unique potential    2
    overlapped atomic potential and density for unique potential    3
Done with module: atomic potentials.

Calculating SCF potentials ...
FEFF-serial using 1 thread.
Muffin tin radii and interstitial parameters [bohr]:
type, norman radius, muffin tin, overlap factor
    0  1.32765E+00  1.21894E+00  1.15000E+00
    1  1.33199E+00  1.22550E+00  1.15000E+00
    2  1.33032E+00  1.09066E+00  1.15000E+00
    3  1.10364E+00  1.00869E+00  1.15000E+00
Core-valence separation energy:  ecv=   -40.000 eV
Initial Fermi level:              mu=     4.193 eV
SCF ITERATION NUMBER  1
     point #   1  energy = -40.000
FMS for a cluster of   92 atoms around atom type   0
FMS for a cluster of   90 atoms around atom type   1
FMS for a cluster of   95 atoms around atom type   2
FMS for a cluster of   93 atoms around atom type   3
     point #  20  energy = -28.927
     point #  40  energy =  -8.677
     point #  60  energy =  -2.637
     point #  80  energy =  -2.771
New Fermi level:    mu=  -2.771 eV  Charge distance=  0.5030 (partial c.d.=  7.2250)
SCF ITERATION NUMBER  1
     point #   1  energy = -40.000
FMS for a cluster of   92 atoms around atom type   0
FMS for a cluster of   90 atoms around atom type   1
FMS for a cluster of   95 atoms around atom type   2
FMS for a cluster of   93 atoms around atom type   3
     point #  20  energy = -28.932
     point #  40  energy =  -8.808
     point #  60  energy =  -2.771
     point #  80  energy =  -4.284
     point # 100  energy =  -7.646
     point # 120  energy =  -8.205
New Fermi level:    mu=  -8.432 eV  Charge distance=  0.2666 (partial c.d.=  2.8866)
SCF ITERATION NUMBER  1
     point #   1  energy = -40.000
FMS for a cluster of   92 atoms around atom type   0
FMS for a cluster of   90 atoms around atom type   1
FMS for a cluster of   95 atoms around atom type   2
FMS for a cluster of   93 atoms around atom type   3
     point #  20  energy = -28.798
     point #  40  energy =  -8.432
     point #  60  energy =  -8.391
     point #  80  energy =  -6.007
     point # 100  energy =  -6.663
New Fermi level:    mu=  -6.720 eV  Charge distance=  0.1621 (partial c.d.=  0.4654)
SCF ITERATION NUMBER  2
     point #   1  energy = -40.000
     point #  20  energy = -28.907
     point #  40  energy =  -8.737
     point #  60  energy =  -6.708
     point #  80  energy =  -6.192
New Fermi level:    mu=  -6.296 eV  Charge distance=  0.3655 (partial c.d.=  0.1257)
SCF ITERATION NUMBER  3
     point #   1  energy = -40.000
     point #  20  energy = -28.765
     point #  40  energy =  -8.339
     point #  60  energy =  -6.309
New Fermi level:    mu=  -6.620 eV  Charge distance=  0.1215 (partial c.d.=  0.1304)
SCF ITERATION NUMBER  4
     point #   1  energy = -40.000
     point #  20  energy = -28.873
     point #  40  energy =  -8.643
     point #  60  energy =  -6.608
New Fermi level:    mu=  -6.463 eV  Charge distance=  0.0574 (partial c.d.=  0.1318)
SCF ITERATION NUMBER  5
     point #   1  energy = -40.000
     point #  20  energy = -28.821
     point #  40  energy =  -8.495
     point #  60  energy =  -6.488
New Fermi level:    mu=  -6.582 eV  Charge distance=  0.0189 (partial c.d.=  0.1801)
SCF ITERATION NUMBER  6
     point #   1  energy = -40.000
     point #  20  energy = -28.861
     point #  40  energy =  -8.607
New Fermi level:    mu=  -6.578 eV  Charge distance=  0.0085 (partial c.d.=  0.2271)
SCF ITERATION NUMBER  7
     point #   1  energy = -40.000
     point #  20  energy = -28.859
     point #  40  energy =  -8.603
New Fermi level:    mu=  -6.580 eV  Charge distance=  0.0073 (partial c.d.=  0.0970)
SCF ITERATION NUMBER  8
     point #   1  energy = -40.000
     point #  20  energy = -28.860
     point #  40  energy =  -8.606
     point #  60  energy =  -6.555
New Fermi level:    mu=  -6.565 eV  Charge distance=  0.0077 (partial c.d.=  0.0134)
SCF ITERATION NUMBER  9
     point #   1  energy = -40.000
     point #  20  energy = -28.855
     point #  40  energy =  -8.591
New Fermi level:    mu=  -6.554 eV  Charge distance=  0.0022 (partial c.d.=  0.0044)
SCF ITERATION NUMBER 10
     point #   1  energy = -40.000
     point #  20  energy = -28.851
     point #  40  energy =  -8.581
New Fermi level:    mu=  -6.545 eV  Charge distance=  0.0015 (partial c.d.=  0.0122)
SCF ITERATION NUMBER 11
     point #   1  energy = -40.000
     point #  20  energy = -28.848
     point #  40  energy =  -8.573
New Fermi level:    mu=  -6.541 eV  Charge distance=  0.0004 (partial c.d.=  0.0004)
SCF ITERATION NUMBER 12
     point #   1  energy = -40.000
     point #  20  energy = -28.847
     point #  40  energy =  -8.569
New Fermi level:    mu=  -6.540 eV  Charge distance=  0.0001 (partial c.d.=  0.0030)
SCF ITERATION NUMBER 13
     point #   1  energy = -40.000
     point #  20  energy = -28.847
     point #  40  energy =  -8.568
New Fermi level:    mu=  -6.540 eV  Charge distance=  0.0001 (partial c.d.=  0.0000)
Electronic configuration
  type     l     N_el
     0     0    0.556
     0     1    0.643
     0     2    9.497
     0     3    0.000
     1     0    0.548
     1     1    0.641
     1     2    9.513
     1     3    0.000
     2     0    1.711
     2     1    2.715
     2     2    0.686
     2     3    0.000
     3     0    1.860
     3     1    4.424
     3     2    0.101
     3     3    0.000
Charge transfer:  type  charge
       0   -0.304
       1   -0.299
       2   -0.888
       3    0.386
Convergence reached in   13 iterations.
Done with module: potentials.

Calculating screened core-hole potential ...
FMS for a cluster of   21 atoms around iph =   0
    0% of energy integration
   20%
   40%
   60%
   80%
  100%
Preparing response function.
Computing (1 - K Chi0)^-1 v_ch
Done with module: screened core-hole potential.

Calculating cross-section and phases ...
    absorption cross section
 x0,dx,rnrm,inrm,jnrm   8.80000000000000       5.000000000000000E-002
   2.50889843500010              195         196
    phase shifts for unique potential    0
    phase shifts for unique potential    1
    phase shifts for unique potential    2
    phase shifts for unique potential    3
Done with module: cross-section and phases (XSPH).

FMS calculation of full Green's function ...
FEFF-serial using 1 thread.
Using   194 energy points.
xprep done
FMS for a cluster of  190 atoms
Energy point    1/ 194
Energy point   10/ 194
Energy point   20/ 194
Energy point   30/ 194
Energy point   40/ 194
Energy point   50/ 194
Energy point   60/ 194
Energy point   70/ 194
Energy point   80/ 194
Energy point   90/ 194
Energy point  100/ 194
Energy point  110/ 194
Energy point  120/ 194
Energy point  130/ 194
Energy point  140/ 194
Energy point  150/ 194
Energy point  160/ 194
Energy point  170/ 194
Energy point  180/ 194
Energy point  190/ 194
Done with module: FMS.

MKGTR: Tracing over Green's function ...
Done with module: MKGTR.

Pathfinder: finding scattering paths...
Preparing plane wave scattering amplitudes
Searching for paths
Eliminating path degeneracies
0 paths retained.
Done with module: pathfinder.

Calculating EXAFS parameters ...
Done with module: EXAFS parameters (GENFMT).

Calculating XAS spectra ...
Done with module: XAS spectra (FF2X: DW + final sum over paths).

 
### feff ends at Mon Aug 14 05:58:08 EDT 2023
 
