### feff starts at Sun Aug 13 11:55:07 EDT 2023
### Serial version
### FeffPath is /sdcc/u/mcarbone/software/JFEFF/hsw/feff90/linux
 
Launching FEFF version FEFF 9.9.1
Core hole lifetime is   1.729 eV.
Your calculation:
 comment: None given
 Source:
 Structure Summary:  Fe9 Cu3 O16
 Reduced formula:  Fe9Cu3O16
 space group: (Pmm2), space number:  (25)
 abc:  5.857024   5.879239   8.339286
 angles: 90.000000  90.000000  90.000000
 sites: 28
Cu K edge XANES using RPA corehole.
Using:     * Self-Consistent Field potentials
Using cards:   ATOMS CONTROL EXCHANGE TITLE RPATH POTENTIALS XANES EDGE SCF FMS S02 COREHOLE EGRID

Calculating atomic potentials ...
    overlapped atomic potential and density for unique potential    0
    overlapped atomic potential and density for unique potential    1
    overlapped atomic potential and density for unique potential    2
    overlapped atomic potential and density for unique potential    3
Done with module: atomic potentials.

Calculating SCF potentials ...
FEFF-serial using 1 thread.
Muffin tin radii and interstitial parameters [bohr]:
type, norman radius, muffin tin, overlap factor
    0  1.32815E+00  1.25695E+00  1.15000E+00
    1  1.35894E+00  1.26477E+00  1.15000E+00
    2  1.33710E+00  1.26708E+00  1.14805E+00
    3  1.08322E+00  1.01347E+00  1.15000E+00
Core-valence separation energy:  ecv=   -40.000 eV
Initial Fermi level:              mu=    -0.056 eV
SCF ITERATION NUMBER  1
     point #   1  energy = -40.000
FMS for a cluster of  149 atoms around atom type   0
FMS for a cluster of  134 atoms around atom type   1
FMS for a cluster of  133 atoms around atom type   2
FMS for a cluster of  143 atoms around atom type   3
     point #  20  energy = -28.769
     point #  40  energy =  -8.519
     point #  60  energy =  -8.910
 Found bad counts.
  Occupation number in getorb is    10.000
  Will repeat this iteration.
 Found bad counts.
  Occupation number in getorb is    10.000
  Will repeat this iteration.
New Fermi level:    mu=  -9.374 eV  Charge distance=  1.9243 (partial c.d.=  8.7659)
SCF ITERATION NUMBER  1
     point #   1  energy = -40.000
FMS for a cluster of  149 atoms around atom type   0
FMS for a cluster of  134 atoms around atom type   1
FMS for a cluster of  133 atoms around atom type   2
FMS for a cluster of  143 atoms around atom type   3
     point #  20  energy = -28.770
     point #  40  energy =  -9.374
     point #  60  energy =  -9.283
     point #  80  energy =  -6.865
New Fermi level:    mu=  -6.272 eV  Charge distance=  0.8261 (partial c.d.=  9.9140)
SCF ITERATION NUMBER  1
     point #   1  energy = -40.000
FMS for a cluster of  149 atoms around atom type   0
FMS for a cluster of  134 atoms around atom type   1
FMS for a cluster of  133 atoms around atom type   2
FMS for a cluster of  143 atoms around atom type   3
     point #  20  energy = -28.757
     point #  40  energy =  -8.317
     point #  60  energy =  -6.285
     point #  80  energy =  -8.301
     point # 100  energy = -11.913
New Fermi level:    mu= -12.395 eV  Charge distance=  0.2743 (partial c.d.=  3.0872)
SCF ITERATION NUMBER  2
     point #   1  energy = -40.000
     point #  20  energy = -28.754
     point #  40  energy = -12.395
     point #  60  energy = -12.227
     point #  80  energy =  -9.630
New Fermi level:    mu= -10.027 eV  Charge distance=  0.2290 (partial c.d.=  1.5946)
SCF ITERATION NUMBER  3
     point #   1  energy = -40.000
     point #  20  energy = -29.010
     point #  40  energy = -10.027
     point #  60  energy = -10.118
     point #  80  energy = -10.921
New Fermi level:    mu= -10.930 eV  Charge distance=  0.1789 (partial c.d.=  5.9800)
SCF ITERATION NUMBER  4
     point #   1  energy = -40.000
     point #  20  energy = -28.973
     point #  40  energy = -10.930
     point #  60  energy = -11.020
New Fermi level:    mu= -11.694 eV  Charge distance=  0.0701 (partial c.d.=  5.7050)
SCF ITERATION NUMBER  5
     point #   1  energy = -40.000
     point #  20  energy = -28.880
     point #  40  energy = -11.694
     point #  60  energy = -11.541
New Fermi level:    mu= -11.549 eV  Charge distance=  0.0478 (partial c.d.=  0.8862)
SCF ITERATION NUMBER  6
     point #   1  energy = -40.000
     point #  20  energy = -28.823
     point #  40  energy = -11.549
     point #  60  energy = -11.395
New Fermi level:    mu= -11.374 eV  Charge distance=  0.0863 (partial c.d.=  0.8472)
SCF ITERATION NUMBER  7
     point #   1  energy = -40.000
     point #  20  energy = -28.754
     point #  40  energy = -11.374
     point #  60  energy = -11.221
New Fermi level:    mu= -11.160 eV  Charge distance=  0.0329 (partial c.d.=  2.1900)
SCF ITERATION NUMBER  8
     point #   1  energy = -40.000
     point #  20  energy = -28.670
     point #  40  energy = -11.160
     point #  60  energy = -11.313
New Fermi level:    mu= -11.409 eV  Charge distance=  0.0365 (partial c.d.=  1.2064)
SCF ITERATION NUMBER  9
     point #   1  energy = -40.000
     point #  20  energy = -28.768
     point #  40  energy = -11.409
     point #  60  energy = -11.256
New Fermi level:    mu= -11.235 eV  Charge distance=  0.0102 (partial c.d.=  0.5795)
SCF ITERATION NUMBER 10
     point #   1  energy = -40.000
     point #  20  energy = -28.700
     point #  40  energy = -11.235
     point #  60  energy = -11.148
New Fermi level:    mu= -11.153 eV  Charge distance=  0.0554 (partial c.d.=  0.5046)
SCF ITERATION NUMBER 11
     point #   1  energy = -40.000
     point #  20  energy = -28.667
     point #  40  energy = -11.153
     point #  60  energy = -11.231
New Fermi level:    mu= -11.266 eV  Charge distance=  0.0131 (partial c.d.=  2.2589)
SCF ITERATION NUMBER 12
     point #   1  energy = -40.000
     point #  20  energy = -28.712
     point #  40  energy = -11.266
New Fermi level:    mu= -11.299 eV  Charge distance=  0.0031 (partial c.d.=  0.0504)
SCF ITERATION NUMBER 13
     point #   1  energy = -40.000
     point #  20  energy = -28.725
     point #  40  energy = -11.299
New Fermi level:    mu= -11.293 eV  Charge distance=  0.0027 (partial c.d.=  0.0266)
SCF ITERATION NUMBER 14
     point #   1  energy = -40.000
     point #  20  energy = -28.722
     point #  40  energy = -11.293
New Fermi level:    mu= -11.291 eV  Charge distance=  0.0022 (partial c.d.=  0.0183)
SCF ITERATION NUMBER 15
     point #   1  energy = -40.000
     point #  20  energy = -28.721
     point #  40  energy = -11.291
New Fermi level:    mu= -11.289 eV  Charge distance=  0.0048 (partial c.d.=  0.0062)
SCF ITERATION NUMBER 16
     point #   1  energy = -40.000
     point #  20  energy = -28.721
     point #  40  energy = -11.289
New Fermi level:    mu= -11.288 eV  Charge distance=  0.0003 (partial c.d.=  0.0180)
SCF ITERATION NUMBER 17
     point #   1  energy = -40.000
     point #  20  energy = -28.720
     point #  40  energy = -11.288
New Fermi level:    mu= -11.289 eV  Charge distance=  0.0008 (partial c.d.=  0.0008)
SCF ITERATION NUMBER 18
     point #   1  energy = -40.000
     point #  20  energy = -28.721
     point #  40  energy = -11.289
New Fermi level:    mu= -11.291 eV  Charge distance=  0.0005 (partial c.d.=  0.0023)
SCF ITERATION NUMBER 19
     point #   1  energy = -40.000
     point #  20  energy = -28.721
     point #  40  energy = -11.291
New Fermi level:    mu= -11.291 eV  Charge distance=  0.0002 (partial c.d.=  0.0012)
SCF ITERATION NUMBER 20
     point #   1  energy = -40.000
     point #  20  energy = -28.721
     point #  40  energy = -11.291
New Fermi level:    mu= -11.291 eV  Charge distance=  0.0001 (partial c.d.=  0.0004)
SCF ITERATION NUMBER 21
     point #   1  energy = -40.000
     point #  20  energy = -28.721
     point #  40  energy = -11.291
New Fermi level:    mu= -11.291 eV  Charge distance=  0.0000 (partial c.d.=  0.0002)
Electronic configuration
  type     l     N_el
     0     0    0.431
     0     1    0.559
     0     2    9.279
     0     3    0.000
     1     0    0.493
     1     1    0.772
     1     2    6.666
     1     3    0.000
     2     0    0.429
     2     1    0.549
     2     2    9.289
     2     3    0.000
     3     0    1.824
     3     1    4.272
     3     2    0.080
     3     3    0.000
Charge transfer:  type  charge
       0   -0.730
       1   -0.069
       2   -0.733
       3    0.176
Convergence reached in   21 iterations.
Done with module: potentials.

Calculating screened core-hole potential ...
FMS for a cluster of   33 atoms around iph =   0
    0% of energy integration
   20%
   40%
   60%
   80%
  100%
Preparing response function.
Computing (1 - K Chi0)^-1 v_ch
Done with module: screened core-hole potential.

Calculating cross-section and phases ...
    absorption cross section
 x0,dx,rnrm,inrm,jnrm   8.80000000000000       5.000000000000000E-002
   2.50983434099991              195         196
    phase shifts for unique potential    0
    phase shifts for unique potential    1
    phase shifts for unique potential    2
    phase shifts for unique potential    3
Done with module: cross-section and phases (XSPH).

FMS calculation of full Green's function ...
FEFF-serial using 1 thread.
Using   194 energy points.
xprep done
FMS for a cluster of  293 atoms
Energy point    1/ 194
Energy point   10/ 194
Energy point   20/ 194
Energy point   30/ 194
Energy point   40/ 194
Energy point   50/ 194
Energy point   60/ 194
Energy point   70/ 194
Energy point   80/ 194
Energy point   90/ 194
Energy point  100/ 194
Energy point  110/ 194
Energy point  120/ 194
Energy point  130/ 194
Energy point  140/ 194
Energy point  150/ 194
Energy point  160/ 194
Energy point  170/ 194
Energy point  180/ 194
Energy point  190/ 194
Done with module: FMS.

MKGTR: Tracing over Green's function ...
Done with module: MKGTR.

Pathfinder: finding scattering paths...
Preparing plane wave scattering amplitudes
Searching for paths
Eliminating path degeneracies
0 paths retained.
Done with module: pathfinder.

Calculating EXAFS parameters ...
Done with module: EXAFS parameters (GENFMT).

Calculating XAS spectra ...
Done with module: XAS spectra (FF2X: DW + final sum over paths).

 
### feff ends at Sun Aug 13 15:02:05 EDT 2023
 
