### feff starts at Sun Aug 13 23:55:23 EDT 2023
### Serial version
### FeffPath is /sdcc/u/mcarbone/software/JFEFF/hsw/feff90/linux
 
Launching FEFF version FEFF 9.9.1
Resetting lmaxsc to 2 for iph =    1.  Use  UNFREEZE to prevent this.
Core hole lifetime is   1.729 eV.
Your calculation:
 comment: None given
 Source:
 Structure Summary:  Tl4 Cu4 P12 O36
 Reduced formula:  TlCu(PO3)3
 space group: (P2_1/c), space number:  (14)
 abc: 11.556800   5.389225  13.263550
 angles: 80.589816  90.000000  90.000000
 sites: 56
Cu K edge XANES using RPA corehole.
Using:     * Self-Consistent Field potentials
Using cards:   ATOMS CONTROL EXCHANGE TITLE RPATH POTENTIALS XANES EDGE SCF FMS S02 COREHOLE EGRID

Calculating atomic potentials ...
    overlapped atomic potential and density for unique potential    0
    overlapped atomic potential and density for unique potential    1
    overlapped atomic potential and density for unique potential    2
    overlapped atomic potential and density for unique potential    3
    overlapped atomic potential and density for unique potential    4
Done with module: atomic potentials.

Calculating SCF potentials ...
FEFF-serial using 1 thread.
Muffin tin radii and interstitial parameters [bohr]:
type, norman radius, muffin tin, overlap factor
    0  1.34711E+00  1.27515E+00  1.15000E+00
    1  2.03626E+00  1.98599E+00  1.06277E+00
    2  1.34713E+00  1.27517E+00  1.15000E+00
    3  1.15425E+00  9.37490E-01  1.15000E+00
    4  1.03925E+00  8.79798E-01  1.15000E+00
Core-valence separation energy:  ecv=   -40.000 eV
Initial Fermi level:              mu=     7.018 eV
SCF ITERATION NUMBER  1
     point #   1  energy = -40.000
FMS for a cluster of   99 atoms around atom type   0
FMS for a cluster of   88 atoms around atom type   1
FMS for a cluster of   68 atoms around atom type   2
FMS for a cluster of   97 atoms around atom type   3
FMS for a cluster of   97 atoms around atom type   4
     point #  20  energy = -28.785
     point #  40  energy =  -8.535
     point #  60  energy =  -4.770
     point #  80  energy =  -4.160
New Fermi level:    mu=  -4.153 eV  Charge distance=  1.0130 (partial c.d.= 10.3327)
SCF ITERATION NUMBER  1
     point #   1  energy = -40.000
FMS for a cluster of   99 atoms around atom type   0
FMS for a cluster of   88 atoms around atom type   1
FMS for a cluster of   68 atoms around atom type   2
FMS for a cluster of   97 atoms around atom type   3
FMS for a cluster of   97 atoms around atom type   4
     point #  20  energy = -28.734
     point #  40  energy =  -8.250
     point #  60  energy =  -4.153
     point #  80  energy =  -6.306
     point # 100  energy =  -6.622
New Fermi level:    mu=  -6.467 eV  Charge distance=  0.3249 (partial c.d.=  5.4441)
SCF ITERATION NUMBER  1
     point #   1  energy = -40.000
FMS for a cluster of   99 atoms around atom type   0
FMS for a cluster of   88 atoms around atom type   1
FMS for a cluster of   68 atoms around atom type   2
FMS for a cluster of   97 atoms around atom type   3
FMS for a cluster of   97 atoms around atom type   4
     point #  20  energy = -28.822
     point #  40  energy =  -8.499
     point #  60  energy =  -6.492
New Fermi level:    mu=  -6.546 eV  Charge distance=  0.1780 (partial c.d.=  0.2034)
SCF ITERATION NUMBER  2
     point #   1  energy = -40.000
     point #  20  energy = -28.849
     point #  40  energy =  -8.573
     point #  60  energy =  -6.521
New Fermi level:    mu=  -6.481 eV  Charge distance=  0.1365 (partial c.d.=  0.3232)
SCF ITERATION NUMBER  3
     point #   1  energy = -40.000
     point #  20  energy = -28.827
     point #  40  energy =  -8.513
     point #  60  energy =  -6.456
New Fermi level:    mu=  -6.317 eV  Charge distance=  0.0747 (partial c.d.=  0.3377)
SCF ITERATION NUMBER  4
     point #   1  energy = -40.000
     point #  20  energy = -28.772
     point #  40  energy =  -8.359
     point #  60  energy =  -6.330
New Fermi level:    mu=  -6.548 eV  Charge distance=  0.0947 (partial c.d.=  0.3928)
SCF ITERATION NUMBER  5
     point #   1  energy = -40.000
     point #  20  energy = -28.849
     point #  40  energy =  -8.575
New Fermi level:    mu=  -6.556 eV  Charge distance=  0.0192 (partial c.d.=  0.1293)
SCF ITERATION NUMBER  6
     point #   1  energy = -40.000
     point #  20  energy = -28.852
     point #  40  energy =  -8.583
New Fermi level:    mu=  -6.555 eV  Charge distance=  0.0066 (partial c.d.=  0.0732)
SCF ITERATION NUMBER  7
     point #   1  energy = -40.000
     point #  20  energy = -28.852
     point #  40  energy =  -8.582
     point #  60  energy =  -6.580
New Fermi level:    mu=  -6.568 eV  Charge distance=  0.0063 (partial c.d.=  0.0144)
SCF ITERATION NUMBER  8
     point #   1  energy = -40.000
     point #  20  energy = -28.856
     point #  40  energy =  -8.594
New Fermi level:    mu=  -6.570 eV  Charge distance=  0.0049 (partial c.d.=  0.0040)
SCF ITERATION NUMBER  9
     point #   1  energy = -40.000
     point #  20  energy = -28.857
     point #  40  energy =  -8.596
New Fermi level:    mu=  -6.565 eV  Charge distance=  0.0022 (partial c.d.=  0.0032)
SCF ITERATION NUMBER 10
     point #   1  energy = -40.000
     point #  20  energy = -28.855
     point #  40  energy =  -8.591
New Fermi level:    mu=  -6.559 eV  Charge distance=  0.0005 (partial c.d.=  0.0039)
SCF ITERATION NUMBER 11
     point #   1  energy = -40.000
     point #  20  energy = -28.853
     point #  40  energy =  -8.585
New Fermi level:    mu=  -6.559 eV  Charge distance=  0.0001 (partial c.d.=  0.0019)
SCF ITERATION NUMBER 12
     point #   1  energy = -40.000
     point #  20  energy = -28.853
     point #  40  energy =  -8.585
New Fermi level:    mu=  -6.558 eV  Charge distance=  0.0001 (partial c.d.=  0.0005)
SCF ITERATION NUMBER 13
     point #   1  energy = -40.000
     point #  20  energy = -28.853
     point #  40  energy =  -8.585
New Fermi level:    mu=  -6.558 eV  Charge distance=  0.0001 (partial c.d.=  0.0001)
Electronic configuration
  type     l     N_el
     0     0    0.467
     0     1    0.586
     0     2    9.616
     0     3    0.000
     1     0    1.804
     1     1    0.905
     1     2   10.174
     1     3    0.000
     2     0    0.472
     2     1    0.591
     2     2    9.602
     2     3    0.000
     3     0    1.183
     3     1    2.036
     3     2    1.037
     3     3    0.000
     4     0    1.835
     4     1    4.380
     4     2    0.083
     4     3    0.000
Charge transfer:  type  charge
       0   -0.331
       1   -0.116
       2   -0.335
       3   -0.744
       4    0.298
Convergence reached in   13 iterations.
Done with module: potentials.

Calculating screened core-hole potential ...
FMS for a cluster of   21 atoms around iph =   0
    0% of energy integration
   20%
   40%
   60%
   80%
  100%
Preparing response function.
Computing (1 - K Chi0)^-1 v_ch
Done with module: screened core-hole potential.

Calculating cross-section and phases ...
    absorption cross section
 x0,dx,rnrm,inrm,jnrm   8.80000000000000       5.000000000000000E-002
   2.54566411100009              195         196
    phase shifts for unique potential    0
    phase shifts for unique potential    1
    phase shifts for unique potential    2
    phase shifts for unique potential    3
    phase shifts for unique potential    4
Done with module: cross-section and phases (XSPH).

FMS calculation of full Green's function ...
FEFF-serial using 1 thread.
Using   194 energy points.
xprep done
FMS for a cluster of  217 atoms
Energy point    1/ 194
Energy point   10/ 194
Energy point   20/ 194
Energy point   30/ 194
Energy point   40/ 194
Energy point   50/ 194
Energy point   60/ 194
Energy point   70/ 194
Energy point   80/ 194
Energy point   90/ 194
Energy point  100/ 194
Energy point  110/ 194
Energy point  120/ 194
Energy point  130/ 194
Energy point  140/ 194
Energy point  150/ 194
Energy point  160/ 194
Energy point  170/ 194
Energy point  180/ 194
Energy point  190/ 194
Done with module: FMS.

MKGTR: Tracing over Green's function ...
Done with module: MKGTR.

Pathfinder: finding scattering paths...
Preparing plane wave scattering amplitudes
Searching for paths
Eliminating path degeneracies
0 paths retained.
Done with module: pathfinder.

Calculating EXAFS parameters ...
Done with module: EXAFS parameters (GENFMT).

Calculating XAS spectra ...
Done with module: XAS spectra (FF2X: DW + final sum over paths).

 
### feff ends at Mon Aug 14 01:04:52 EDT 2023
 
