### feff starts at Sun Aug 13 21:50:07 EDT 2023
### Serial version
### FeffPath is /sdcc/u/mcarbone/software/JFEFF/hsw/feff90/linux
 
Launching FEFF version FEFF 9.9.1
Core hole lifetime is   1.729 eV.
Your calculation:
 comment: None given
 Source:
 Structure Summary:  Mg7 Cu17 O24
 Reduced formula:  Mg7Cu17O24
 space group: (Pmm2), space number:  (25)
 abc:  8.088461   9.427526   6.472541
 angles: 90.012657  90.008147  90.000555
 sites: 48
Cu K edge XANES using RPA corehole.
Using:     * Self-Consistent Field potentials
Using cards:   ATOMS CONTROL EXCHANGE TITLE RPATH POTENTIALS XANES EDGE SCF FMS S02 COREHOLE EGRID

Calculating atomic potentials ...
    overlapped atomic potential and density for unique potential    0
    overlapped atomic potential and density for unique potential    1
    overlapped atomic potential and density for unique potential    2
    overlapped atomic potential and density for unique potential    3
Done with module: atomic potentials.

Calculating SCF potentials ...
FEFF-serial using 1 thread.
Muffin tin radii and interstitial parameters [bohr]:
type, norman radius, muffin tin, overlap factor
    0  1.36769E+00  1.30530E+00  1.12553E+00
    1  1.45799E+00  1.38226E+00  1.14657E+00
    2  1.31662E+00  1.23383E+00  1.15000E+00
    3  1.10192E+00  1.01928E+00  1.15000E+00
Core-valence separation energy:  ecv=   -40.000 eV
Initial Fermi level:              mu=     0.462 eV
SCF ITERATION NUMBER  1
     point #   1  energy = -40.000
FMS for a cluster of  149 atoms around atom type   0
FMS for a cluster of  142 atoms around atom type   1
FMS for a cluster of  137 atoms around atom type   2
FMS for a cluster of  149 atoms around atom type   3
     point #  20  energy = -28.870
     point #  40  energy =  -8.620
     point #  60  energy =  -3.408
     point #  80  energy =  -3.564
New Fermi level:    mu=  -3.582 eV  Charge distance=  0.3437 (partial c.d.=  8.5206)
SCF ITERATION NUMBER  1
     point #   1  energy = -40.000
FMS for a cluster of  149 atoms around atom type   0
FMS for a cluster of  142 atoms around atom type   1
FMS for a cluster of  137 atoms around atom type   2
FMS for a cluster of  149 atoms around atom type   3
     point #  20  energy = -28.872
     point #  40  energy =  -8.640
     point #  60  energy =  -3.582
     point #  80  energy =  -5.407
     point # 100  energy =  -8.438
New Fermi level:    mu=  -8.841 eV  Charge distance=  0.0695 (partial c.d.=  1.6592)
SCF ITERATION NUMBER  1
     point #   1  energy = -40.000
FMS for a cluster of  149 atoms around atom type   0
FMS for a cluster of  142 atoms around atom type   1
FMS for a cluster of  137 atoms around atom type   2
FMS for a cluster of  149 atoms around atom type   3
     point #  20  energy = -28.943
     point #  40  energy =  -8.841
     point #  60  energy =  -8.800
     point #  80  energy =  -7.556
New Fermi level:    mu=  -7.836 eV  Charge distance=  0.0550 (partial c.d.=  0.5631)
SCF ITERATION NUMBER  2
     point #   1  energy = -40.000
     point #  20  energy = -28.944
     point #  40  energy =  -8.841
     point #  60  energy =  -7.873
New Fermi level:    mu=  -7.910 eV  Charge distance=  0.2776 (partial c.d.=  1.8866)
SCF ITERATION NUMBER  3
     point #   1  energy = -40.000
     point #  20  energy = -28.969
     point #  40  energy =  -8.913
     point #  60  energy =  -7.872
New Fermi level:    mu=  -7.857 eV  Charge distance=  0.1107 (partial c.d.=  2.0319)
SCF ITERATION NUMBER  4
     point #   1  energy = -40.000
     point #  20  energy = -28.951
     point #  40  energy =  -8.861
New Fermi level:    mu=  -7.867 eV  Charge distance=  0.0947 (partial c.d.=  0.0264)
SCF ITERATION NUMBER  5
     point #   1  energy = -40.000
     point #  20  energy = -28.954
     point #  40  energy =  -8.871
     point #  60  energy =  -7.905
New Fermi level:    mu=  -7.964 eV  Charge distance=  0.0941 (partial c.d.=  0.0190)
SCF ITERATION NUMBER  6
     point #   1  energy = -40.000
     point #  20  energy = -28.988
     point #  40  energy =  -8.965
     point #  60  energy =  -8.002
New Fermi level:    mu=  -8.030 eV  Charge distance=  0.2470 (partial c.d.=  0.0677)
SCF ITERATION NUMBER  7
     point #   1  energy = -40.000
     point #  20  energy = -29.010
     point #  40  energy =  -9.029
     point #  60  energy =  -8.068
New Fermi level:    mu=  -8.071 eV  Charge distance=  0.1859 (partial c.d.=  2.2597)
SCF ITERATION NUMBER  8
     point #   1  energy = -40.000
     point #  20  energy = -29.024
     point #  40  energy =  -9.069
New Fermi level:    mu=  -8.075 eV  Charge distance=  0.0352 (partial c.d.=  2.2121)
SCF ITERATION NUMBER  9
     point #   1  energy = -40.000
     point #  20  energy = -29.026
     point #  40  energy =  -9.073
New Fermi level:    mu=  -8.080 eV  Charge distance=  0.2983 (partial c.d.=  0.0210)
SCF ITERATION NUMBER 10
     point #   1  energy = -40.000
     point #  20  energy = -29.027
     point #  40  energy =  -9.077
     point #  60  energy =  -8.042
New Fermi level:    mu=  -8.032 eV  Charge distance=  0.2528 (partial c.d.=  3.2939)
SCF ITERATION NUMBER 11
     point #   1  energy = -40.000
     point #  20  energy = -29.011
     point #  40  energy =  -9.031
     point #  60  energy =  -8.069
New Fermi level:    mu=  -8.099 eV  Charge distance=  0.0340 (partial c.d.=  3.2648)
SCF ITERATION NUMBER 12
     point #   1  energy = -40.000
     point #  20  energy = -29.034
     point #  40  energy =  -9.096
New Fermi level:    mu=  -8.098 eV  Charge distance=  0.1862 (partial c.d.=  0.0300)
SCF ITERATION NUMBER 13
     point #   1  energy = -40.000
     point #  20  energy = -29.034
     point #  40  energy =  -9.095
     point #  60  energy =  -8.060
New Fermi level:    mu=  -8.031 eV  Charge distance=  0.1514 (partial c.d.=  2.0006)
SCF ITERATION NUMBER 14
     point #   1  energy = -40.000
     point #  20  energy = -29.011
     point #  40  energy =  -9.030
     point #  60  energy =  -8.068
New Fermi level:    mu=  -8.087 eV  Charge distance=  0.0231 (partial c.d.=  1.9594)
SCF ITERATION NUMBER 15
     point #   1  energy = -40.000
     point #  20  energy = -29.030
     point #  40  energy =  -9.085
New Fermi level:    mu=  -8.082 eV  Charge distance=  0.0866 (partial c.d.=  0.0388)
SCF ITERATION NUMBER 16
     point #   1  energy = -40.000
     point #  20  energy = -29.028
     point #  40  energy =  -9.080
     point #  60  energy =  -8.045
New Fermi level:    mu=  -8.024 eV  Charge distance=  0.0604 (partial c.d.=  0.7595)
SCF ITERATION NUMBER 17
     point #   1  energy = -40.000
     point #  20  energy = -29.008
     point #  40  energy =  -9.023
     point #  60  energy =  -8.061
New Fermi level:    mu=  -8.061 eV  Charge distance=  0.0132 (partial c.d.=  0.6997)
SCF ITERATION NUMBER 18
     point #   1  energy = -40.000
     point #  20  energy = -29.021
     point #  40  energy =  -9.059
New Fermi level:    mu=  -8.054 eV  Charge distance=  0.0224 (partial c.d.=  0.0465)
SCF ITERATION NUMBER 19
     point #   1  energy = -40.000
     point #  20  energy = -29.019
     point #  40  energy =  -9.052
New Fermi level:    mu=  -8.032 eV  Charge distance=  0.0064 (partial c.d.=  0.1221)
SCF ITERATION NUMBER 20
     point #   1  energy = -40.000
     point #  20  energy = -29.011
     point #  40  energy =  -9.031
New Fermi level:    mu=  -8.039 eV  Charge distance=  0.0017 (partial c.d.=  0.0492)
SCF ITERATION NUMBER 21
     point #   1  energy = -40.000
     point #  20  energy = -29.013
     point #  40  energy =  -9.037
New Fermi level:    mu=  -8.037 eV  Charge distance=  0.0010 (partial c.d.=  0.0084)
SCF ITERATION NUMBER 22
     point #   1  energy = -40.000
     point #  20  energy = -29.013
     point #  40  energy =  -9.036
New Fermi level:    mu=  -8.037 eV  Charge distance=  0.0014 (partial c.d.=  0.0020)
SCF ITERATION NUMBER 23
     point #   1  energy = -40.000
     point #  20  energy = -29.013
     point #  40  energy =  -9.036
New Fermi level:    mu=  -8.037 eV  Charge distance=  0.0004 (partial c.d.=  0.0016)
SCF ITERATION NUMBER 24
     point #   1  energy = -40.000
     point #  20  energy = -29.013
     point #  40  energy =  -9.035
New Fermi level:    mu=  -8.036 eV  Charge distance=  0.0001 (partial c.d.=  0.0003)
SCF ITERATION NUMBER 25
     point #   1  energy = -40.000
     point #  20  energy = -29.012
     point #  40  energy =  -9.035
New Fermi level:    mu=  -8.036 eV  Charge distance=  0.0000 (partial c.d.=  0.0002)
SCF ITERATION NUMBER 26
     point #   1  energy = -40.000
     point #  20  energy = -29.012
     point #  40  energy =  -9.035
New Fermi level:    mu=  -8.036 eV  Charge distance=  0.0000 (partial c.d.=  0.0000)
Electronic configuration
  type     l     N_el
     0     0    0.448
     0     1    0.552
     0     2    9.613
     0     3    0.000
     1     0    0.502
     1     1    0.801
     1     2    0.574
     1     3    0.000
     2     0    0.509
     2     1    0.580
     2     2    9.477
     2     3    0.000
     3     0    1.851
     3     1    4.413
     3     2    0.080
     3     3    0.000
Charge transfer:  type  charge
       0   -0.388
       1   -0.123
       2   -0.434
       3    0.343
Convergence reached in   26 iterations.
Done with module: potentials.

Calculating screened core-hole potential ...
FMS for a cluster of   25 atoms around iph =   0
    0% of energy integration
   20%
   40%
   60%
   80%
  100%
Preparing response function.
Computing (1 - K Chi0)^-1 v_ch
Done with module: screened core-hole potential.

Calculating cross-section and phases ...
    absorption cross section
 x0,dx,rnrm,inrm,jnrm   8.80000000000000       5.000000000000000E-002
   2.58455449100005              195         196
    phase shifts for unique potential    0
    phase shifts for unique potential    1
    phase shifts for unique potential    2
    phase shifts for unique potential    3
Done with module: cross-section and phases (XSPH).

FMS calculation of full Green's function ...
FEFF-serial using 1 thread.
Using   194 energy points.
xprep done
FMS for a cluster of  297 atoms
Energy point    1/ 194
Energy point   10/ 194
Energy point   20/ 194
Energy point   30/ 194
Energy point   40/ 194
Energy point   50/ 194
Energy point   60/ 194
Energy point   70/ 194
Energy point   80/ 194
Energy point   90/ 194
Energy point  100/ 194
Energy point  110/ 194
Energy point  120/ 194
Energy point  130/ 194
Energy point  140/ 194
Energy point  150/ 194
Energy point  160/ 194
Energy point  170/ 194
Energy point  180/ 194
Energy point  190/ 194
Done with module: FMS.

MKGTR: Tracing over Green's function ...
Done with module: MKGTR.

Pathfinder: finding scattering paths...
Preparing plane wave scattering amplitudes
Searching for paths
Eliminating path degeneracies
0 paths retained.
Done with module: pathfinder.

Calculating EXAFS parameters ...
Done with module: EXAFS parameters (GENFMT).

Calculating XAS spectra ...
Done with module: XAS spectra (FF2X: DW + final sum over paths).

 
### feff ends at Mon Aug 14 01:28:28 EDT 2023
 
