### feff starts at Sun Aug 13 20:21:22 EDT 2023
### Serial version
### FeffPath is /sdcc/u/mcarbone/software/JFEFF/hsw/feff90/linux
 
Launching FEFF version FEFF 9.9.1
Core hole lifetime is   1.729 eV.
Your calculation:
 comment: None given
 Source:
 Structure Summary:  Cu8 O1
 Reduced formula:  Cu8O
 space group: (Amm2), space number:  (38)
 abc:  4.574817   4.574817   5.363335
 angles: 90.000000  90.000000 105.860613
 sites: 9
Cu K edge XANES using RPA corehole.
Using:     * Self-Consistent Field potentials
Using cards:   ATOMS CONTROL EXCHANGE TITLE RPATH POTENTIALS XANES EDGE SCF FMS S02 COREHOLE EGRID

Calculating atomic potentials ...
    overlapped atomic potential and density for unique potential    0
    overlapped atomic potential and density for unique potential    1
    overlapped atomic potential and density for unique potential    2
Done with module: atomic potentials.

Calculating SCF potentials ...
FEFF-serial using 1 thread.
Muffin tin radii and interstitial parameters [bohr]:
type, norman radius, muffin tin, overlap factor
    0  1.43949E+00  1.40605E+00  1.05876E+00
    1  1.35297E+00  1.29398E+00  1.11904E+00
    2  1.06233E+00  9.46626E-01  1.15000E+00
Core-valence separation energy:  ecv=   -40.000 eV
Initial Fermi level:              mu=    -0.067 eV
SCF ITERATION NUMBER  1
     point #   1  energy = -40.000
FMS for a cluster of  115 atoms around atom type   0
FMS for a cluster of  119 atoms around atom type   1
FMS for a cluster of  106 atoms around atom type   2
     point #  20  energy = -28.771
     point #  40  energy =  -8.521
     point #  60  energy =  -0.693
     point #  80  energy =  -2.365
     point # 100  energy =  -2.759
New Fermi level:    mu=  -2.910 eV  Charge distance=  0.2493 (partial c.d.=  9.1584)
SCF ITERATION NUMBER  1
     point #   1  energy = -40.000
FMS for a cluster of  115 atoms around atom type   0
FMS for a cluster of  119 atoms around atom type   1
FMS for a cluster of  106 atoms around atom type   2
     point #  20  energy = -28.973
     point #  40  energy =  -8.925
     point #  60  energy =  -2.910
     point #  80  energy =  -4.544
     point # 100  energy =  -5.791
     point # 120  energy =  -6.060
New Fermi level:    mu=  -6.101 eV  Charge distance=  0.0475 (partial c.d.=  0.7404)
SCF ITERATION NUMBER  1
     point #   1  energy = -40.000
FMS for a cluster of  115 atoms around atom type   0
FMS for a cluster of  119 atoms around atom type   1
FMS for a cluster of  106 atoms around atom type   2
     point #  20  energy = -28.700
     point #  40  energy =  -8.155
     point #  60  energy =  -6.113
     point #  80  energy =  -6.507
New Fermi level:    mu=  -6.645 eV  Charge distance=  0.0096 (partial c.d.=  0.1067)
SCF ITERATION NUMBER  2
     point #   1  energy = -40.000
     point #  20  energy = -28.882
     point #  40  energy =  -8.666
     point #  60  energy =  -6.657
     point #  80  energy =  -6.732
New Fermi level:    mu=  -6.824 eV  Charge distance=  0.0533 (partial c.d.=  0.0482)
SCF ITERATION NUMBER  3
     point #   1  energy = -40.000
     point #  20  energy = -28.941
     point #  40  energy =  -8.835
     point #  60  energy =  -6.837
     point #  80  energy =  -7.121
New Fermi level:    mu=  -7.161 eV  Charge distance=  0.0112 (partial c.d.=  0.0350)
SCF ITERATION NUMBER  4
     point #   1  energy = -40.000
     point #  20  energy = -28.711
     point #  40  energy =  -8.187
     point #  60  energy =  -7.198
New Fermi level:    mu=  -7.203 eV  Charge distance=  0.0030 (partial c.d.=  0.0593)
SCF ITERATION NUMBER  5
     point #   1  energy = -40.000
     point #  20  energy = -28.726
     point #  40  energy =  -8.228
     point #  60  energy =  -7.165
New Fermi level:    mu=  -7.171 eV  Charge distance=  0.0010 (partial c.d.=  0.0260)
SCF ITERATION NUMBER  6
     point #   1  energy = -40.000
     point #  20  energy = -28.715
     point #  40  energy =  -8.197
New Fermi level:    mu=  -7.168 eV  Charge distance=  0.0016 (partial c.d.=  0.0054)
SCF ITERATION NUMBER  7
     point #   1  energy = -40.000
     point #  20  energy = -28.714
     point #  40  energy =  -8.194
New Fermi level:    mu=  -7.162 eV  Charge distance=  0.0011 (partial c.d.=  0.0016)
SCF ITERATION NUMBER  8
     point #   1  energy = -40.000
     point #  20  energy = -28.712
     point #  40  energy =  -8.188
New Fermi level:    mu=  -7.159 eV  Charge distance=  0.0003 (partial c.d.=  0.0016)
SCF ITERATION NUMBER  9
     point #   1  energy = -40.000
     point #  20  energy = -28.711
     point #  40  energy =  -8.185
New Fermi level:    mu=  -7.158 eV  Charge distance=  0.0000 (partial c.d.=  0.0005)
SCF ITERATION NUMBER 10
     point #   1  energy = -40.000
     point #  20  energy = -28.711
     point #  40  energy =  -8.185
New Fermi level:    mu=  -7.158 eV  Charge distance=  0.0001 (partial c.d.=  0.0000)
Electronic configuration
  type     l     N_el
     0     0    0.733
     0     1    0.814
     0     2    9.600
     0     3    0.000
     1     0    0.658
     1     1    0.770
     1     2    9.535
     1     3    0.000
     2     0    1.846
     2     1    4.334
     2     2    0.120
     2     3    0.000
Charge transfer:  type  charge
       0    0.146
       1   -0.038
       2    0.300
Convergence reached in   10 iterations.
Done with module: potentials.

Calculating screened core-hole potential ...
FMS for a cluster of   21 atoms around iph =   0
    0% of energy integration
   20%
   40%
   60%
   80%
  100%
Preparing response function.
Computing (1 - K Chi0)^-1 v_ch
Done with module: screened core-hole potential.

Calculating cross-section and phases ...
    absorption cross section
 x0,dx,rnrm,inrm,jnrm   8.80000000000000       5.000000000000000E-002
   2.72024879699994              197         198
    phase shifts for unique potential    0
    phase shifts for unique potential    1
    phase shifts for unique potential    2
Done with module: cross-section and phases (XSPH).

FMS calculation of full Green's function ...
FEFF-serial using 1 thread.
Using   194 energy points.
xprep done
FMS for a cluster of  249 atoms
Energy point    1/ 194
Energy point   10/ 194
Energy point   20/ 194
Energy point   30/ 194
Energy point   40/ 194
Energy point   50/ 194
Energy point   60/ 194
Energy point   70/ 194
Energy point   80/ 194
Energy point   90/ 194
Energy point  100/ 194
Energy point  110/ 194
Energy point  120/ 194
Energy point  130/ 194
Energy point  140/ 194
Energy point  150/ 194
Energy point  160/ 194
Energy point  170/ 194
Energy point  180/ 194
Energy point  190/ 194
Done with module: FMS.

MKGTR: Tracing over Green's function ...
Done with module: MKGTR.

Pathfinder: finding scattering paths...
Preparing plane wave scattering amplitudes
Searching for paths
Eliminating path degeneracies
0 paths retained.
Done with module: pathfinder.

Calculating EXAFS parameters ...
Done with module: EXAFS parameters (GENFMT).

Calculating XAS spectra ...
Done with module: XAS spectra (FF2X: DW + final sum over paths).

 
### feff ends at Sun Aug 13 21:42:01 EDT 2023
 
