### feff starts at Mon Aug 14 01:35:03 EDT 2023
### Serial version
### FeffPath is /sdcc/u/mcarbone/software/JFEFF/hsw/feff90/linux
 
Launching FEFF version FEFF 9.9.1
Core hole lifetime is   1.729 eV.
Your calculation:
 comment: None given
 Source:
 Structure Summary:  Sr16 Cu8 B16 O48
 Reduced formula:  Sr2Cu(BO3)2
 space group: (Pnma), space number:  (62)
 abc:  7.817445  10.840986  13.703433
 angles: 90.000000  90.000000  90.000000
 sites: 88
Cu K edge XANES using RPA corehole.
Using:     * Self-Consistent Field potentials
Using cards:   ATOMS CONTROL EXCHANGE TITLE RPATH POTENTIALS XANES EDGE SCF FMS S02 COREHOLE EGRID

Calculating atomic potentials ...
    overlapped atomic potential and density for unique potential    0
    overlapped atomic potential and density for unique potential    1
    overlapped atomic potential and density for unique potential    2
    overlapped atomic potential and density for unique potential    3
    overlapped atomic potential and density for unique potential    4
Done with module: atomic potentials.

Calculating SCF potentials ...
FEFF-serial using 1 thread.
Muffin tin radii and interstitial parameters [bohr]:
type, norman radius, muffin tin, overlap factor
    0  1.31199E+00  1.24381E+00  1.14665E+00
    1  1.86620E+00  1.80031E+00  1.09337E+00
    2  1.31221E+00  1.24399E+00  1.14673E+00
    3  9.89773E-01  7.75402E-01  1.15000E+00
    4  1.05170E+00  9.49087E-01  1.15000E+00
Core-valence separation energy:  ecv=   -34.500 eV
Initial Fermi level:              mu=     1.825 eV
SCF ITERATION NUMBER  1
     point #   1  energy = -34.500
FMS for a cluster of  108 atoms around atom type   0
FMS for a cluster of  101 atoms around atom type   1
FMS for a cluster of   95 atoms around atom type   2
FMS for a cluster of  108 atoms around atom type   3
FMS for a cluster of  112 atoms around atom type   4
     point #  20  energy = -23.390
     point #  40  energy =  -8.409
     point #  60  energy =  -5.537
New Fermi level:    mu=  -5.160 eV  Charge distance=  1.2587 (partial c.d.=  6.5157)
SCF ITERATION NUMBER  1
     point #   1  energy = -34.500
FMS for a cluster of  108 atoms around atom type   0
FMS for a cluster of  101 atoms around atom type   1
FMS for a cluster of   95 atoms around atom type   2
FMS for a cluster of  108 atoms around atom type   3
FMS for a cluster of  112 atoms around atom type   4
     point #  20  energy = -23.371
     point #  40  energy =  -5.160
     point #  60  energy =  -5.251
     point #  80  energy =  -9.173
     point # 100  energy =  -9.138
     point # 120  energy =  -8.691
New Fermi level:    mu=  -8.588 eV  Charge distance=  0.4004 (partial c.d.=  6.6604)
SCF ITERATION NUMBER  1
     point #   1  energy = -34.500
FMS for a cluster of  108 atoms around atom type   0
FMS for a cluster of  101 atoms around atom type   1
FMS for a cluster of   95 atoms around atom type   2
FMS for a cluster of  108 atoms around atom type   3
FMS for a cluster of  112 atoms around atom type   4
     point #  20  energy = -23.537
     point #  40  energy =  -8.588
     point #  60  energy =  -8.407
New Fermi level:    mu=  -8.215 eV  Charge distance=  0.2303 (partial c.d.=  0.1889)
SCF ITERATION NUMBER  2
     point #   1  energy = -34.500
     point #  20  energy = -23.379
     point #  40  energy =  -8.215
     point #  60  energy =  -7.924
New Fermi level:    mu=  -7.689 eV  Charge distance=  0.3190 (partial c.d.=  0.3528)
SCF ITERATION NUMBER  3
     point #   1  energy = -34.500
     point #  20  energy = -23.157
     point #  40  energy =  -7.689
     point #  60  energy =  -7.408
     point #  80  energy =  -6.255
New Fermi level:    mu=  -6.200 eV  Charge distance=  0.3196 (partial c.d.=  1.7397)
SCF ITERATION NUMBER  4
     point #   1  energy = -34.500
     point #  20  energy = -23.382
     point #  40  energy =  -6.200
     point #  60  energy =  -6.369
     point #  80  energy =  -8.665
     point # 100  energy =  -7.906
New Fermi level:    mu=  -7.756 eV  Charge distance=  0.0800 (partial c.d.=  2.0179)
SCF ITERATION NUMBER  5
     point #   1  energy = -34.500
     point #  20  energy = -23.185
     point #  40  energy =  -7.756
     point #  60  energy =  -7.643
New Fermi level:    mu=  -7.655 eV  Charge distance=  0.1530 (partial c.d.=  0.0903)
SCF ITERATION NUMBER  6
     point #   1  energy = -34.500
     point #  20  energy = -23.563
     point #  40  energy =  -7.655
     point #  60  energy =  -7.474
New Fermi level:    mu=  -7.315 eV  Charge distance=  0.0104 (partial c.d.=  0.3771)
SCF ITERATION NUMBER  7
     point #   1  energy = -34.500
     point #  20  energy = -23.425
     point #  40  energy =  -7.315
New Fermi level:    mu=  -7.329 eV  Charge distance=  0.0111 (partial c.d.=  0.0139)
SCF ITERATION NUMBER  8
     point #   1  energy = -34.500
     point #  20  energy = -23.430
     point #  40  energy =  -7.329
New Fermi level:    mu=  -7.327 eV  Charge distance=  0.0184 (partial c.d.=  0.0109)
SCF ITERATION NUMBER  9
     point #   1  energy = -34.500
     point #  20  energy = -23.429
     point #  40  energy =  -7.327
New Fermi level:    mu=  -7.334 eV  Charge distance=  0.0029 (partial c.d.=  0.0068)
SCF ITERATION NUMBER 10
     point #   1  energy = -34.500
     point #  20  energy = -23.432
     point #  40  energy =  -7.334
New Fermi level:    mu=  -7.326 eV  Charge distance=  0.0011 (partial c.d.=  0.0048)
SCF ITERATION NUMBER 11
     point #   1  energy = -34.500
     point #  20  energy = -23.429
     point #  40  energy =  -7.326
New Fermi level:    mu=  -7.325 eV  Charge distance=  0.0003 (partial c.d.=  0.0036)
SCF ITERATION NUMBER 12
     point #   1  energy = -34.500
     point #  20  energy = -23.429
     point #  40  energy =  -7.325
New Fermi level:    mu=  -7.323 eV  Charge distance=  0.0002 (partial c.d.=  0.0015)
SCF ITERATION NUMBER 13
     point #   1  energy = -34.500
     point #  20  energy = -23.428
     point #  40  energy =  -7.323
New Fermi level:    mu=  -7.323 eV  Charge distance=  0.0001 (partial c.d.=  0.0007)
SCF ITERATION NUMBER 14
     point #   1  energy = -34.500
     point #  20  energy = -23.428
     point #  40  energy =  -7.323
New Fermi level:    mu=  -7.323 eV  Charge distance=  0.0001 (partial c.d.=  0.0002)
Electronic configuration
  type     l     N_el
     0     0    0.480
     0     1    0.655
     0     2    9.512
     0     3    0.000
     1     0    0.311
     1     1    6.411
     1     2    0.870
     1     3    0.000
     2     0    0.480
     2     1    0.660
     2     2    9.511
     2     3    0.000
     3     0    0.842
     3     1    1.658
     3     2    0.000
     3     3    0.000
     4     0    1.827
     4     1    4.461
     4     2    0.073
     4     3    0.000
Charge transfer:  type  charge
       0   -0.353
       1   -0.409
       2   -0.349
       3   -0.500
       4    0.361
Convergence reached in   14 iterations.
Done with module: potentials.

Calculating screened core-hole potential ...
FMS for a cluster of   21 atoms around iph =   0
    0% of energy integration
   20%
   40%
   60%
   80%
  100%
Preparing response function.
Computing (1 - K Chi0)^-1 v_ch
Done with module: screened core-hole potential.

Calculating cross-section and phases ...
    absorption cross section
 x0,dx,rnrm,inrm,jnrm   8.80000000000000       5.000000000000000E-002
   2.47929310299983              195         196
    phase shifts for unique potential    0
    phase shifts for unique potential    1
    phase shifts for unique potential    2
    phase shifts for unique potential    3
    phase shifts for unique potential    4
Done with module: cross-section and phases (XSPH).

FMS calculation of full Green's function ...
FEFF-serial using 1 thread.
Using   194 energy points.
xprep done
FMS for a cluster of  222 atoms
Energy point    1/ 194
Energy point   10/ 194
Energy point   20/ 194
Energy point   30/ 194
Energy point   40/ 194
Energy point   50/ 194
Energy point   60/ 194
Energy point   70/ 194
Energy point   80/ 194
Energy point   90/ 194
Energy point  100/ 194
Energy point  110/ 194
Energy point  120/ 194
Energy point  130/ 194
Energy point  140/ 194
Energy point  150/ 194
Energy point  160/ 194
Energy point  170/ 194
Energy point  180/ 194
Energy point  190/ 194
Done with module: FMS.

MKGTR: Tracing over Green's function ...
Done with module: MKGTR.

Pathfinder: finding scattering paths...
Preparing plane wave scattering amplitudes
Searching for paths
Eliminating path degeneracies
0 paths retained.
Done with module: pathfinder.

Calculating EXAFS parameters ...
Done with module: EXAFS parameters (GENFMT).

Calculating XAS spectra ...
Done with module: XAS spectra (FF2X: DW + final sum over paths).

 
### feff ends at Mon Aug 14 02:52:44 EDT 2023
 
