### feff starts at Sun Aug 13 20:29:28 EDT 2023
### Serial version
### FeffPath is /sdcc/u/mcarbone/software/JFEFF/hsw/feff90/linux
 
Launching FEFF version FEFF 9.9.1
Core hole lifetime is   1.729 eV.
Your calculation:
 comment: None given
 Source:
 Structure Summary:  Na1 Cu1 O2
 Reduced formula:  NaCuO2
 space group: (C2/m), space number:  (12)
 abc:  3.580947   3.580947   6.122465
 angles: 62.106769  62.106769  45.619828
 sites: 4
Cu K edge XANES using RPA corehole.
Using:     * Self-Consistent Field potentials
Using cards:   ATOMS CONTROL EXCHANGE TITLE RPATH POTENTIALS XANES EDGE SCF FMS S02 COREHOLE EGRID

Calculating atomic potentials ...
    overlapped atomic potential and density for unique potential    0
    overlapped atomic potential and density for unique potential    1
    overlapped atomic potential and density for unique potential    2
    overlapped atomic potential and density for unique potential    3
Done with module: atomic potentials.

Calculating SCF potentials ...
FEFF-serial using 1 thread.
Muffin tin radii and interstitial parameters [bohr]:
type, norman radius, muffin tin, overlap factor
    0  1.25942E+00  1.12900E+00  1.15000E+00
    1  1.55053E+00  1.50372E+00  1.07831E+00
    2  1.25942E+00  1.12900E+00  1.15000E+00
    3  1.11956E+00  1.05078E+00  1.15000E+00
Core-valence separation energy:  ecv=   -40.000 eV
Initial Fermi level:              mu=     0.800 eV
SCF ITERATION NUMBER  1
     point #   1  energy = -40.000
FMS for a cluster of  127 atoms around atom type   0
FMS for a cluster of  118 atoms around atom type   1
FMS for a cluster of  123 atoms around atom type   2
FMS for a cluster of  124 atoms around atom type   3
     point #  20  energy = -28.802
     point #  40  energy =  -8.552
     point #  60  energy =  -3.902
     point #  80  energy =  -3.374
New Fermi level:    mu=  -3.345 eV  Charge distance=  0.5197 (partial c.d.=  7.1788)
SCF ITERATION NUMBER  1
     point #   1  energy = -40.000
FMS for a cluster of  127 atoms around atom type   0
FMS for a cluster of  118 atoms around atom type   1
FMS for a cluster of  123 atoms around atom type   2
FMS for a cluster of  124 atoms around atom type   3
     point #  20  energy = -28.800
     point #  40  energy =  -8.436
     point #  60  energy =  -3.345
     point #  80  energy =  -4.923
     point # 100  energy =  -8.701
New Fermi level:    mu=  -8.816 eV  Charge distance=  0.0995 (partial c.d.=  2.5451)
SCF ITERATION NUMBER  1
     point #   1  energy = -40.000
FMS for a cluster of  127 atoms around atom type   0
FMS for a cluster of  118 atoms around atom type   1
FMS for a cluster of  123 atoms around atom type   2
FMS for a cluster of  124 atoms around atom type   3
     point #  20  energy = -28.935
     point #  40  energy =  -8.816
     point #  60  energy =  -8.776
     point #  80  energy =  -7.691
New Fermi level:    mu=  -7.642 eV  Charge distance=  0.0555 (partial c.d.=  0.5968)
SCF ITERATION NUMBER  2
     point #   1  energy = -40.000
     point #  20  energy = -28.877
     point #  40  energy =  -8.653
     point #  60  energy =  -7.683
New Fermi level:    mu=  -7.823 eV  Charge distance=  0.2315 (partial c.d.=  0.1503)
SCF ITERATION NUMBER  3
     point #   1  energy = -40.000
     point #  20  energy = -28.939
     point #  40  energy =  -8.828
     point #  60  energy =  -7.782
New Fermi level:    mu=  -7.271 eV  Charge distance=  0.1225 (partial c.d.=  0.9745)
SCF ITERATION NUMBER  4
     point #   1  energy = -40.000
     point #  20  energy = -28.750
     point #  40  energy =  -8.294
     point #  60  energy =  -7.312
     point #  80  energy =  -7.821
New Fermi level:    mu=  -7.833 eV  Charge distance=  0.0265 (partial c.d.=  1.1393)
SCF ITERATION NUMBER  5
     point #   1  energy = -40.000
     point #  20  energy = -28.943
     point #  40  energy =  -8.838
     point #  60  energy =  -7.870
New Fermi level:    mu=  -7.866 eV  Charge distance=  0.0298 (partial c.d.=  0.8864)
SCF ITERATION NUMBER  6
     point #   1  energy = -40.000
     point #  20  energy = -28.954
     point #  40  energy =  -8.870
     point #  60  energy =  -7.828
New Fermi level:    mu=  -7.830 eV  Charge distance=  0.0020 (partial c.d.=  0.6846)
SCF ITERATION NUMBER  7
     point #   1  energy = -40.000
     point #  20  energy = -28.942
     point #  40  energy =  -8.836
     point #  60  energy =  -7.868
New Fermi level:    mu=  -7.858 eV  Charge distance=  0.0058 (partial c.d.=  0.1200)
SCF ITERATION NUMBER  8
     point #   1  energy = -40.000
     point #  20  energy = -28.951
     point #  40  energy =  -8.863
New Fermi level:    mu=  -7.859 eV  Charge distance=  0.0036 (partial c.d.=  0.0275)
SCF ITERATION NUMBER  9
     point #   1  energy = -40.000
     point #  20  energy = -28.952
     point #  40  energy =  -8.864
New Fermi level:    mu=  -7.867 eV  Charge distance=  0.0067 (partial c.d.=  0.0169)
SCF ITERATION NUMBER 10
     point #   1  energy = -40.000
     point #  20  energy = -28.954
     point #  40  energy =  -8.871
New Fermi level:    mu=  -7.868 eV  Charge distance=  0.0020 (partial c.d.=  0.0224)
SCF ITERATION NUMBER 11
     point #   1  energy = -40.000
     point #  20  energy = -28.955
     point #  40  energy =  -8.872
New Fermi level:    mu=  -7.863 eV  Charge distance=  0.0006 (partial c.d.=  0.0017)
SCF ITERATION NUMBER 12
     point #   1  energy = -40.000
     point #  20  energy = -28.953
     point #  40  energy =  -8.868
New Fermi level:    mu=  -7.862 eV  Charge distance=  0.0010 (partial c.d.=  0.0104)
SCF ITERATION NUMBER 13
     point #   1  energy = -40.000
     point #  20  energy = -28.953
     point #  40  energy =  -8.866
New Fermi level:    mu=  -7.859 eV  Charge distance=  0.0000 (partial c.d.=  0.0112)
SCF ITERATION NUMBER 14
     point #   1  energy = -40.000
     point #  20  energy = -28.951
     point #  40  energy =  -8.863
New Fermi level:    mu=  -7.859 eV  Charge distance=  0.0000 (partial c.d.=  0.0019)
SCF ITERATION NUMBER 15
     point #   1  energy = -40.000
     point #  20  energy = -28.951
     point #  40  energy =  -8.863
New Fermi level:    mu=  -7.859 eV  Charge distance=  0.0000 (partial c.d.=  0.0007)
SCF ITERATION NUMBER 16
     point #   1  energy = -40.000
     point #  20  energy = -28.951
     point #  40  energy =  -8.863
New Fermi level:    mu=  -7.859 eV  Charge distance=  0.0000 (partial c.d.=  0.0000)
Electronic configuration
  type     l     N_el
     0     0    0.544
     0     1    0.664
     0     2    9.236
     0     3    0.000
     1     0    0.250
     1     1    6.346
     1     2    0.258
     1     3    0.000
     2     0    0.544
     2     1    0.664
     2     2    9.237
     2     3    0.000
     3     0    1.865
     3     1    4.419
     3     2    0.070
     3     3    0.000
Charge transfer:  type  charge
       0   -0.555
       1   -0.146
       2   -0.555
       3    0.353
Convergence reached in   16 iterations.
Done with module: potentials.

Calculating screened core-hole potential ...
FMS for a cluster of   21 atoms around iph =   0
    0% of energy integration
   20%
   40%
   60%
   80%
  100%
Preparing response function.
Computing (1 - K Chi0)^-1 v_ch
Done with module: screened core-hole potential.

Calculating cross-section and phases ...
    absorption cross section
 x0,dx,rnrm,inrm,jnrm   8.80000000000000       5.000000000000000E-002
   2.37995192700015              194         195
    phase shifts for unique potential    0
    phase shifts for unique potential    1
    phase shifts for unique potential    2
    phase shifts for unique potential    3
Done with module: cross-section and phases (XSPH).

FMS calculation of full Green's function ...
FEFF-serial using 1 thread.
Using   194 energy points.
xprep done
FMS for a cluster of  257 atoms
Energy point    1/ 194
Energy point   10/ 194
Energy point   20/ 194
Energy point   30/ 194
Energy point   40/ 194
Energy point   50/ 194
Energy point   60/ 194
Energy point   70/ 194
Energy point   80/ 194
Energy point   90/ 194
Energy point  100/ 194
Energy point  110/ 194
Energy point  120/ 194
Energy point  130/ 194
Energy point  140/ 194
Energy point  150/ 194
Energy point  160/ 194
Energy point  170/ 194
Energy point  180/ 194
Energy point  190/ 194
Done with module: FMS.

MKGTR: Tracing over Green's function ...
Done with module: MKGTR.

Pathfinder: finding scattering paths...
Preparing plane wave scattering amplitudes
Searching for paths
Eliminating path degeneracies
0 paths retained.
Done with module: pathfinder.

Calculating EXAFS parameters ...
Done with module: EXAFS parameters (GENFMT).

Calculating XAS spectra ...
Done with module: XAS spectra (FF2X: DW + final sum over paths).

 
### feff ends at Sun Aug 13 22:24:27 EDT 2023
 
