### feff starts at Sun Aug 13 21:35:28 EDT 2023
### Serial version
### FeffPath is /sdcc/u/mcarbone/software/JFEFF/hsw/feff90/linux
 
Launching FEFF version FEFF 9.9.1
Core hole lifetime is   1.729 eV.
Your calculation:
 comment: None given
 Source:
 Structure Summary:  Li2 Cu2 B2 O6
 Reduced formula:  LiCuBO3
 space group: (P-1), space number:  (2)
 abc:  5.190754   5.208149   5.560809
 angles: 91.045656 114.559890 119.286619
 sites: 12
Cu K edge XANES using RPA corehole.
Using:     * Self-Consistent Field potentials
Using cards:   ATOMS CONTROL EXCHANGE TITLE RPATH POTENTIALS XANES EDGE SCF FMS S02 COREHOLE EGRID

Calculating atomic potentials ...
    overlapped atomic potential and density for unique potential    0
    overlapped atomic potential and density for unique potential    1
    overlapped atomic potential and density for unique potential    2
    overlapped atomic potential and density for unique potential    3
    overlapped atomic potential and density for unique potential    4
Done with module: atomic potentials.

Calculating SCF potentials ...
FEFF-serial using 1 thread.
Muffin tin radii and interstitial parameters [bohr]:
type, norman radius, muffin tin, overlap factor
    0  1.34350E+00  1.28388E+00  1.12151E+00
    1  1.28439E+00  1.22163E+00  1.13619E+00
    2  1.34350E+00  1.28388E+00  1.12151E+00
    3  9.88502E-01  7.72993E-01  1.15000E+00
    4  1.05295E+00  9.36674E-01  1.15000E+00
Core-valence separation energy:  ecv=   -40.000 eV
Initial Fermi level:              mu=     3.831 eV
SCF ITERATION NUMBER  1
     point #   1  energy = -40.000
FMS for a cluster of  141 atoms around atom type   0
FMS for a cluster of  144 atoms around atom type   1
FMS for a cluster of  137 atoms around atom type   2
FMS for a cluster of  148 atoms around atom type   3
FMS for a cluster of  151 atoms around atom type   4
     point #  20  energy = -28.808
     point #  40  energy =  -8.558
     point #  60  energy =  -3.686
     point #  80  energy =  -3.689
New Fermi level:    mu=  -3.704 eV  Charge distance=  0.5804 (partial c.d.=  6.8718)
SCF ITERATION NUMBER  1
     point #   1  energy = -40.000
FMS for a cluster of  141 atoms around atom type   0
FMS for a cluster of  144 atoms around atom type   1
FMS for a cluster of  137 atoms around atom type   2
FMS for a cluster of  148 atoms around atom type   3
FMS for a cluster of  151 atoms around atom type   4
     point #  20  energy = -28.910
     point #  40  energy =  -8.745
     point #  60  energy =  -3.704
     point #  80  energy =  -5.529
     point # 100  energy =  -8.873
     point # 120  energy =  -9.101
New Fermi level:    mu=  -9.290 eV  Charge distance=  0.1544 (partial c.d.=  3.2113)
SCF ITERATION NUMBER  1
     point #   1  energy = -40.000
FMS for a cluster of  141 atoms around atom type   0
FMS for a cluster of  144 atoms around atom type   1
FMS for a cluster of  137 atoms around atom type   2
FMS for a cluster of  148 atoms around atom type   3
FMS for a cluster of  151 atoms around atom type   4
     point #  20  energy = -28.740
     point #  40  energy =  -9.290
     point #  60  energy =  -9.199
     point #  80  energy =  -7.799
New Fermi level:    mu=  -7.777 eV  Charge distance=  0.0796 (partial c.d.=  0.3236)
SCF ITERATION NUMBER  2
     point #   1  energy = -40.000
     point #  20  energy = -28.923
     point #  40  energy =  -8.784
     point #  60  energy =  -7.736
     point #  80  energy =  -7.111
New Fermi level:    mu=  -7.241 eV  Charge distance=  0.1719 (partial c.d.=  0.2004)
SCF ITERATION NUMBER  3
     point #   1  energy = -40.000
     point #  20  energy = -28.739
     point #  40  energy =  -8.265
New Fermi level:    mu=  -7.228 eV  Charge distance=  0.1008 (partial c.d.=  0.0879)
SCF ITERATION NUMBER  4
     point #   1  energy = -40.000
     point #  20  energy = -28.735
     point #  40  energy =  -8.252
     point #  60  energy =  -7.190
New Fermi level:    mu=  -7.105 eV  Charge distance=  0.0194 (partial c.d.=  0.0763)
SCF ITERATION NUMBER  5
     point #   1  energy = -40.000
     point #  20  energy = -28.692
     point #  40  energy =  -8.133
     point #  60  energy =  -7.142
New Fermi level:    mu=  -7.189 eV  Charge distance=  0.0024 (partial c.d.=  0.0185)
SCF ITERATION NUMBER  6
     point #   1  energy = -40.000
     point #  20  energy = -28.721
     point #  40  energy =  -8.214
New Fermi level:    mu=  -7.207 eV  Charge distance=  0.0044 (partial c.d.=  0.0034)
SCF ITERATION NUMBER  7
     point #   1  energy = -40.000
     point #  20  energy = -28.727
     point #  40  energy =  -8.232
New Fermi level:    mu=  -7.222 eV  Charge distance=  0.0019 (partial c.d.=  0.0036)
SCF ITERATION NUMBER  8
     point #   1  energy = -40.000
     point #  20  energy = -28.733
     point #  40  energy =  -8.246
New Fermi level:    mu=  -7.221 eV  Charge distance=  0.0051 (partial c.d.=  0.0006)
SCF ITERATION NUMBER  9
     point #   1  energy = -40.000
     point #  20  energy = -28.732
     point #  40  energy =  -8.245
New Fermi level:    mu=  -7.214 eV  Charge distance=  0.0001 (partial c.d.=  0.0014)
SCF ITERATION NUMBER 10
     point #   1  energy = -40.000
     point #  20  energy = -28.730
     point #  40  energy =  -8.239
New Fermi level:    mu=  -7.215 eV  Charge distance=  0.0001 (partial c.d.=  0.0001)
Electronic configuration
  type     l     N_el
     0     0    0.459
     0     1    0.598
     0     2    9.588
     0     3    0.000
     1     0    0.273
     1     1    0.574
     1     2    0.000
     1     3    0.000
     2     0    0.459
     2     1    0.598
     2     2    9.589
     2     3    0.000
     3     0    0.852
     3     1    1.676
     3     2    0.000
     3     3    0.000
     4     0    1.821
     4     1    4.433
     4     2    0.073
     4     3    0.000
Charge transfer:  type  charge
       0   -0.355
       1   -0.154
       2   -0.355
       3   -0.471
       4    0.327
Convergence reached in   10 iterations.
Done with module: potentials.

Calculating screened core-hole potential ...
FMS for a cluster of   26 atoms around iph =   0
    0% of energy integration
   20%
   40%
   60%
   80%
  100%
Preparing response function.
Computing (1 - K Chi0)^-1 v_ch
Done with module: screened core-hole potential.

Calculating cross-section and phases ...
    absorption cross section
 x0,dx,rnrm,inrm,jnrm   8.80000000000000       5.000000000000000E-002
   2.53884414000007              195         196
    phase shifts for unique potential    0
    phase shifts for unique potential    1
    phase shifts for unique potential    2
    phase shifts for unique potential    3
    phase shifts for unique potential    4
Done with module: cross-section and phases (XSPH).

FMS calculation of full Green's function ...
FEFF-serial using 1 thread.
Using   194 energy points.
xprep done
FMS for a cluster of  315 atoms
Energy point    1/ 194
Energy point   10/ 194
Energy point   20/ 194
Energy point   30/ 194
Energy point   40/ 194
Energy point   50/ 194
Energy point   60/ 194
Energy point   70/ 194
Energy point   80/ 194
Energy point   90/ 194
Energy point  100/ 194
Energy point  110/ 194
Energy point  120/ 194
Energy point  130/ 194
Energy point  140/ 194
Energy point  150/ 194
Energy point  160/ 194
Energy point  170/ 194
Energy point  180/ 194
Energy point  190/ 194
Done with module: FMS.

MKGTR: Tracing over Green's function ...
Done with module: MKGTR.

Pathfinder: finding scattering paths...
Preparing plane wave scattering amplitudes
Searching for paths
Eliminating path degeneracies
0 paths retained.
Done with module: pathfinder.

Calculating EXAFS parameters ...
Done with module: EXAFS parameters (GENFMT).

Calculating XAS spectra ...
Done with module: XAS spectra (FF2X: DW + final sum over paths).

 
### feff ends at Sun Aug 13 23:48:07 EDT 2023
 
