### feff starts at Sun Aug 13 09:26:11 EDT 2023
### Serial version
### FeffPath is /sdcc/u/mcarbone/software/JFEFF/hsw/feff90/linux
 
Launching FEFF version FEFF 9.9.1
Core hole lifetime is   1.729 eV.
Your calculation:
 comment: None given
 Source:
 Structure Summary:  Mg2 Cu4 O8
 Reduced formula:  Mg(CuO2)2
 space group: (Fd-3m), space number:  (227)
 abc:  5.939662   5.939662   5.939662
 angles: 60.000000  60.000000  60.000000
 sites: 14
Cu K edge XANES using RPA corehole.
Using:     * Self-Consistent Field potentials
Using cards:   ATOMS CONTROL EXCHANGE TITLE RPATH POTENTIALS XANES EDGE SCF FMS S02 COREHOLE EGRID

Calculating atomic potentials ...
    overlapped atomic potential and density for unique potential    0
    overlapped atomic potential and density for unique potential    1
    overlapped atomic potential and density for unique potential    2
    overlapped atomic potential and density for unique potential    3
Done with module: atomic potentials.

Calculating SCF potentials ...
FEFF-serial using 1 thread.
Muffin tin radii and interstitial parameters [bohr]:
type, norman radius, muffin tin, overlap factor
    0  1.29759E+00  1.23150E+00  1.14313E+00
    1  1.43444E+00  1.27550E+00  1.15000E+00
    2  1.29759E+00  1.23151E+00  1.14312E+00
    3  1.12527E+00  1.04457E+00  1.15000E+00
Core-valence separation energy:  ecv=   -40.000 eV
Initial Fermi level:              mu=     0.239 eV
SCF ITERATION NUMBER  1
     point #   1  energy = -40.000
FMS for a cluster of  149 atoms around atom type   0
FMS for a cluster of  132 atoms around atom type   1
FMS for a cluster of  144 atoms around atom type   2
FMS for a cluster of  143 atoms around atom type   3
     point #  20  energy = -28.915
     point #  40  energy =  -8.665
     point #  60  energy =  -3.436
     point #  80  energy =  -3.505
New Fermi level:    mu=  -3.516 eV  Charge distance=  0.5579 (partial c.d.=  7.2808)
SCF ITERATION NUMBER  1
     point #   1  energy = -40.000
FMS for a cluster of  149 atoms around atom type   0
FMS for a cluster of  132 atoms around atom type   1
FMS for a cluster of  144 atoms around atom type   2
FMS for a cluster of  143 atoms around atom type   3
     point #  20  energy = -28.852
     point #  40  energy =  -8.584
     point #  60  energy =  -3.516
     point #  80  energy =  -5.095
     point # 100  energy =  -9.538
New Fermi level:    mu=  -9.960 eV  Charge distance=  0.1092 (partial c.d.=  2.5597)
SCF ITERATION NUMBER  1
     point #   1  energy = -40.000
FMS for a cluster of  149 atoms around atom type   0
FMS for a cluster of  132 atoms around atom type   1
FMS for a cluster of  144 atoms around atom type   2
FMS for a cluster of  143 atoms around atom type   3
     point #  20  energy = -28.985
     point #  40  energy =  -9.960
     point #  60  energy =  -9.870
     point #  80  energy =  -8.604
New Fermi level:    mu=  -8.752 eV  Charge distance=  0.0700 (partial c.d.=  0.6794)
SCF ITERATION NUMBER  2
     point #   1  energy = -40.000
     point #  20  energy = -28.912
     point #  40  energy =  -8.752
     point #  60  energy =  -8.793
New Fermi level:    mu=  -9.086 eV  Charge distance=  0.1699 (partial c.d.=  1.4789)
SCF ITERATION NUMBER  3
     point #   1  energy = -40.000
     point #  20  energy = -29.031
     point #  40  energy =  -9.086
     point #  60  energy =  -9.036
New Fermi level:    mu=  -8.976 eV  Charge distance=  0.1063 (partial c.d.=  2.2638)
SCF ITERATION NUMBER  4
     point #   1  energy = -40.000
     point #  20  energy = -28.991
     point #  40  energy =  -8.976
     point #  60  energy =  -9.026
New Fermi level:    mu=  -9.047 eV  Charge distance=  0.1272 (partial c.d.=  0.0337)
SCF ITERATION NUMBER  5
     point #   1  energy = -40.000
     point #  20  energy = -29.017
     point #  40  energy =  -9.047
New Fermi level:    mu=  -9.082 eV  Charge distance=  0.0576 (partial c.d.=  0.0137)
SCF ITERATION NUMBER  6
     point #   1  energy = -40.000
     point #  20  energy = -29.029
     point #  40  energy =  -9.082
     point #  60  energy =  -9.132
New Fermi level:    mu=  -9.183 eV  Charge distance=  0.3415 (partial c.d.=  0.0379)
SCF ITERATION NUMBER  7
     point #   1  energy = -40.000
     point #  20  energy = -28.700
     point #  40  energy =  -9.183
     point #  60  energy =  -9.245
New Fermi level:    mu=  -9.290 eV  Charge distance=  0.2921 (partial c.d.=  8.0288)
SCF ITERATION NUMBER  8
     point #   1  energy = -40.000
     point #  20  energy = -28.740
     point #  40  energy =  -9.290
     point #  60  energy =  -9.353
New Fermi level:    mu=  -9.376 eV  Charge distance=  0.0219 (partial c.d.=  7.9271)
SCF ITERATION NUMBER  9
     point #   1  energy = -40.000
     point #  20  energy = -28.771
     point #  40  energy =  -9.376
     point #  60  energy =  -9.313
New Fermi level:    mu=  -9.321 eV  Charge distance=  0.2038 (partial c.d.=  0.0240)
SCF ITERATION NUMBER 10
     point #   1  energy = -40.000
     point #  20  energy = -28.751
     point #  40  energy =  -9.321
     point #  60  energy =  -9.384
New Fermi level:    mu=  -9.376 eV  Charge distance=  0.1478 (partial c.d.=  2.8333)
SCF ITERATION NUMBER 11
     point #   1  energy = -40.000
     point #  20  energy = -28.771
     point #  40  energy =  -9.376
     point #  60  energy =  -9.313
New Fermi level:    mu=  -9.278 eV  Charge distance=  0.0333 (partial c.d.=  2.7486)
SCF ITERATION NUMBER 12
     point #   1  energy = -40.000
     point #  20  energy = -28.735
     point #  40  energy =  -9.278
New Fermi level:    mu=  -9.271 eV  Charge distance=  0.0564 (partial c.d.=  0.2146)
SCF ITERATION NUMBER 13
     point #   1  energy = -40.000
     point #  20  energy = -28.733
     point #  40  energy =  -9.271
     point #  60  energy =  -9.208
New Fermi level:    mu=  -9.156 eV  Charge distance=  0.0331 (partial c.d.=  0.7230)
SCF ITERATION NUMBER 14
     point #   1  energy = -40.000
     point #  20  energy = -28.690
     point #  40  energy =  -9.156
     point #  60  energy =  -9.218
New Fermi level:    mu=  -9.218 eV  Charge distance=  0.0094 (partial c.d.=  0.6918)
SCF ITERATION NUMBER 15
     point #   1  energy = -40.000
     point #  20  energy = -28.713
     point #  40  energy =  -9.218
New Fermi level:    mu=  -9.219 eV  Charge distance=  0.0179 (partial c.d.=  0.1264)
SCF ITERATION NUMBER 16
     point #   1  energy = -40.000
     point #  20  energy = -28.714
     point #  40  energy =  -9.219
New Fermi level:    mu=  -9.192 eV  Charge distance=  0.0015 (partial c.d.=  0.1937)
SCF ITERATION NUMBER 17
     point #   1  energy = -40.000
     point #  20  energy = -28.704
     point #  40  energy =  -9.192
New Fermi level:    mu=  -9.199 eV  Charge distance=  0.0018 (partial c.d.=  0.0515)
SCF ITERATION NUMBER 18
     point #   1  energy = -40.000
     point #  20  energy = -28.706
     point #  40  energy =  -9.199
New Fermi level:    mu=  -9.201 eV  Charge distance=  0.0003 (partial c.d.=  0.0527)
SCF ITERATION NUMBER 19
     point #   1  energy = -40.000
     point #  20  energy = -28.707
     point #  40  energy =  -9.201
New Fermi level:    mu=  -9.201 eV  Charge distance=  0.0026 (partial c.d.=  0.0002)
SCF ITERATION NUMBER 20
     point #   1  energy = -40.000
     point #  20  energy = -28.707
     point #  40  energy =  -9.201
New Fermi level:    mu=  -9.199 eV  Charge distance=  0.0012 (partial c.d.=  0.0363)
SCF ITERATION NUMBER 21
     point #   1  energy = -40.000
     point #  20  energy = -28.706
     point #  40  energy =  -9.199
New Fermi level:    mu=  -9.198 eV  Charge distance=  0.0001 (partial c.d.=  0.0135)
SCF ITERATION NUMBER 22
     point #   1  energy = -40.000
     point #  20  energy = -28.706
     point #  40  energy =  -9.198
New Fermi level:    mu=  -9.198 eV  Charge distance=  0.0001 (partial c.d.=  0.0011)
SCF ITERATION NUMBER 23
     point #   1  energy = -40.000
     point #  20  energy = -28.706
     point #  40  energy =  -9.198
New Fermi level:    mu=  -9.198 eV  Charge distance=  0.0003 (partial c.d.=  0.0027)
SCF ITERATION NUMBER 24
     point #   1  energy = -40.000
     point #  20  energy = -28.706
     point #  40  energy =  -9.198
New Fermi level:    mu=  -9.198 eV  Charge distance=  0.0001 (partial c.d.=  0.0038)
SCF ITERATION NUMBER 25
     point #   1  energy = -40.000
     point #  20  energy = -28.706
     point #  40  energy =  -9.198
New Fermi level:    mu=  -9.198 eV  Charge distance=  0.0000 (partial c.d.=  0.0031)
SCF ITERATION NUMBER 26
     point #   1  energy = -40.000
     point #  20  energy = -28.706
     point #  40  energy =  -9.198
New Fermi level:    mu=  -9.198 eV  Charge distance=  0.0000 (partial c.d.=  0.0014)
SCF ITERATION NUMBER 27
     point #   1  energy = -40.000
     point #  20  energy = -28.706
     point #  40  energy =  -9.198
New Fermi level:    mu=  -9.198 eV  Charge distance=  0.0000 (partial c.d.=  0.0001)
Electronic configuration
  type     l     N_el
     0     0    0.460
     0     1    0.624
     0     2    9.297
     0     3    0.000
     1     0    0.554
     1     1    0.855
     1     2    0.553
     1     3    0.000
     2     0    0.460
     2     1    0.624
     2     2    9.298
     2     3    0.000
     3     0    1.878
     3     1    4.380
     3     2    0.061
     3     3    0.000
Charge transfer:  type  charge
       0   -0.617
       1   -0.038
       2   -0.617
       3    0.319
Convergence reached in   27 iterations.
Done with module: potentials.

Calculating screened core-hole potential ...
FMS for a cluster of   27 atoms around iph =   0
    0% of energy integration
   20%
   40%
   60%
   80%
  100%
Preparing response function.
Computing (1 - K Chi0)^-1 v_ch
Done with module: screened core-hole potential.

Calculating cross-section and phases ...
    absorption cross section
 x0,dx,rnrm,inrm,jnrm   8.80000000000000       5.000000000000000E-002
   2.45208375899990              194         195
    phase shifts for unique potential    0
    phase shifts for unique potential    1
    phase shifts for unique potential    2
    phase shifts for unique potential    3
Done with module: cross-section and phases (XSPH).

FMS calculation of full Green's function ...
FEFF-serial using 1 thread.
Using   194 energy points.
xprep done
FMS for a cluster of  293 atoms
Energy point    1/ 194
Energy point   10/ 194
Energy point   20/ 194
Energy point   30/ 194
Energy point   40/ 194
Energy point   50/ 194
Energy point   60/ 194
Energy point   70/ 194
Energy point   80/ 194
Energy point   90/ 194
Energy point  100/ 194
Energy point  110/ 194
Energy point  120/ 194
Energy point  130/ 194
Energy point  140/ 194
Energy point  150/ 194
Energy point  160/ 194
Energy point  170/ 194
Energy point  180/ 194
Energy point  190/ 194
Done with module: FMS.

MKGTR: Tracing over Green's function ...
Done with module: MKGTR.

Pathfinder: finding scattering paths...
Preparing plane wave scattering amplitudes
Searching for paths
Eliminating path degeneracies
0 paths retained.
Done with module: pathfinder.

Calculating EXAFS parameters ...
Done with module: EXAFS parameters (GENFMT).

Calculating XAS spectra ...
Done with module: XAS spectra (FF2X: DW + final sum over paths).

 
### feff ends at Sun Aug 13 12:52:06 EDT 2023
 
