### feff starts at Mon Aug 14 06:40:38 EDT 2023
### Serial version
### FeffPath is /sdcc/u/mcarbone/software/JFEFF/hsw/feff90/linux
 
Launching FEFF version FEFF 9.9.1
Core hole lifetime is   1.729 eV.
Your calculation:
 comment: None given
 Source:
 Structure Summary:  Na8 Cu8 As8 O32
 Reduced formula:  NaCuAsO4
 space group: (P2_1/c), space number:  (14)
 abc: 10.907963   6.139597  10.582810
 angles: 88.515108  90.000000  90.000000
 sites: 56
Cu K edge XANES using RPA corehole.
Using:     * Self-Consistent Field potentials
Using cards:   ATOMS CONTROL EXCHANGE TITLE RPATH POTENTIALS XANES EDGE SCF FMS S02 COREHOLE EGRID

Calculating atomic potentials ...
    overlapped atomic potential and density for unique potential    0
    overlapped atomic potential and density for unique potential    1
    overlapped atomic potential and density for unique potential    2
    overlapped atomic potential and density for unique potential    3
    overlapped atomic potential and density for unique potential    4
Done with module: atomic potentials.

Calculating SCF potentials ...
FEFF-serial using 1 thread.
Muffin tin radii and interstitial parameters [bohr]:
type, norman radius, muffin tin, overlap factor
    0  1.33708E+00  1.25006E+00  1.15000E+00
    1  1.61378E+00  1.57181E+00  1.06644E+00
    2  1.33708E+00  1.25006E+00  1.15000E+00
    3  1.28824E+00  1.08451E+00  1.15000E+00
    4  1.07656E+00  9.70849E-01  1.15000E+00
Core-valence separation energy:  ecv=   -34.000 eV
Initial Fermi level:              mu=     3.960 eV
SCF ITERATION NUMBER  1
     point #   1  energy = -34.000
FMS for a cluster of  109 atoms around atom type   0
FMS for a cluster of  110 atoms around atom type   1
FMS for a cluster of  100 atoms around atom type   2
FMS for a cluster of  109 atoms around atom type   3
FMS for a cluster of  112 atoms around atom type   4
     point #  20  energy = -22.755
     point #  40  energy =  -6.446
     point #  60  energy =  -3.964
New Fermi level:    mu=  -3.693 eV  Charge distance=  0.6817 (partial c.d.=  6.4896)
SCF ITERATION NUMBER  1
     point #   1  energy = -34.000
FMS for a cluster of  109 atoms around atom type   0
FMS for a cluster of  110 atoms around atom type   1
FMS for a cluster of  100 atoms around atom type   2
FMS for a cluster of  109 atoms around atom type   3
FMS for a cluster of  112 atoms around atom type   4
     point #  20  energy = -22.887
     point #  40  energy =  -3.693
     point #  60  energy =  -3.784
     point #  80  energy =  -7.112
     point # 100  energy =  -7.052
     point # 120  energy =  -6.702
New Fermi level:    mu=  -6.491 eV  Charge distance=  0.2133 (partial c.d.=  3.6887)
SCF ITERATION NUMBER  1
     point #   1  energy = -34.000
FMS for a cluster of  109 atoms around atom type   0
FMS for a cluster of  110 atoms around atom type   1
FMS for a cluster of  100 atoms around atom type   2
FMS for a cluster of  109 atoms around atom type   3
FMS for a cluster of  112 atoms around atom type   4
     point #  20  energy = -22.793
     point #  40  energy =  -6.491
     point #  60  energy =  -6.353
New Fermi level:    mu=  -6.177 eV  Charge distance=  0.1368 (partial c.d.=  0.2746)
SCF ITERATION NUMBER  2
     point #   1  energy = -34.000
     point #  20  energy = -22.665
     point #  40  energy =  -6.177
     point #  60  energy =  -5.937
New Fermi level:    mu=  -5.748 eV  Charge distance=  0.2514 (partial c.d.=  0.2533)
SCF ITERATION NUMBER  3
     point #   1  energy = -34.000
     point #  20  energy = -22.901
     point #  40  energy =  -5.748
     point #  60  energy =  -5.661
New Fermi level:    mu=  -5.663 eV  Charge distance=  0.1663 (partial c.d.=  0.0649)
SCF ITERATION NUMBER  4
     point #   1  energy = -34.000
     point #  20  energy = -22.868
     point #  40  energy =  -5.663
New Fermi level:    mu=  -5.735 eV  Charge distance=  0.0093 (partial c.d.=  0.0270)
SCF ITERATION NUMBER  5
     point #   1  energy = -34.000
     point #  20  energy = -22.896
     point #  40  energy =  -5.735
New Fermi level:    mu=  -5.782 eV  Charge distance=  0.0161 (partial c.d.=  0.0133)
SCF ITERATION NUMBER  6
     point #   1  energy = -34.000
     point #  20  energy = -22.914
     point #  40  energy =  -5.782
New Fermi level:    mu=  -5.812 eV  Charge distance=  0.0070 (partial c.d.=  0.0120)
SCF ITERATION NUMBER  7
     point #   1  energy = -34.000
     point #  20  energy = -22.926
     point #  40  energy =  -5.812
New Fermi level:    mu=  -5.806 eV  Charge distance=  0.0068 (partial c.d.=  0.0030)
SCF ITERATION NUMBER  8
     point #   1  energy = -34.000
     point #  20  energy = -22.924
     point #  40  energy =  -5.806
New Fermi level:    mu=  -5.793 eV  Charge distance=  0.0039 (partial c.d.=  0.0014)
SCF ITERATION NUMBER  9
     point #   1  energy = -34.000
     point #  20  energy = -22.919
     point #  40  energy =  -5.793
New Fermi level:    mu=  -5.789 eV  Charge distance=  0.0007 (partial c.d.=  0.0016)
SCF ITERATION NUMBER 10
     point #   1  energy = -34.000
     point #  20  energy = -22.917
     point #  40  energy =  -5.789
New Fermi level:    mu=  -5.790 eV  Charge distance=  0.0000 (partial c.d.=  0.0002)
SCF ITERATION NUMBER 11
     point #   1  energy = -34.000
     point #  20  energy = -22.917
     point #  40  energy =  -5.790
New Fermi level:    mu=  -5.790 eV  Charge distance=  0.0001 (partial c.d.=  0.0001)
Electronic configuration
  type     l     N_el
     0     0    0.495
     0     1    0.603
     0     2    9.626
     0     3    0.000
     1     0    0.281
     1     1    6.365
     1     2    0.275
     1     3    0.000
     2     0    0.495
     2     1    0.603
     2     2    9.626
     2     3    0.000
     3     0    1.372
     3     1    2.015
     3     2    0.775
     3     3    0.000
     4     0    1.839
     4     1    4.395
     4     2    0.064
     4     3    0.000
Charge transfer:  type  charge
       0   -0.277
       1   -0.079
       2   -0.275
       3   -0.838
       4    0.298
Convergence reached in   11 iterations.
Done with module: potentials.

Calculating screened core-hole potential ...
FMS for a cluster of   23 atoms around iph =   0
    0% of energy integration
   20%
   40%
   60%
   80%
  100%
Preparing response function.
Computing (1 - K Chi0)^-1 v_ch
Done with module: screened core-hole potential.

Calculating cross-section and phases ...
    absorption cross section
 x0,dx,rnrm,inrm,jnrm   8.80000000000000       5.000000000000000E-002
   2.52671187800005              195         196
    phase shifts for unique potential    0
    phase shifts for unique potential    1
    phase shifts for unique potential    2
    phase shifts for unique potential    3
    phase shifts for unique potential    4
Done with module: cross-section and phases (XSPH).

FMS calculation of full Green's function ...
FEFF-serial using 1 thread.
Using   194 energy points.
xprep done
FMS for a cluster of  250 atoms
Energy point    1/ 194
Energy point   10/ 194
Energy point   20/ 194
Energy point   30/ 194
Energy point   40/ 194
Energy point   50/ 194
Energy point   60/ 194
Energy point   70/ 194
Energy point   80/ 194
Energy point   90/ 194
Energy point  100/ 194
Energy point  110/ 194
Energy point  120/ 194
Energy point  130/ 194
Energy point  140/ 194
Energy point  150/ 194
Energy point  160/ 194
Energy point  170/ 194
Energy point  180/ 194
Energy point  190/ 194
Done with module: FMS.

MKGTR: Tracing over Green's function ...
Done with module: MKGTR.

Pathfinder: finding scattering paths...
Preparing plane wave scattering amplitudes
Searching for paths
Eliminating path degeneracies
0 paths retained.
Done with module: pathfinder.

Calculating EXAFS parameters ...
Done with module: EXAFS parameters (GENFMT).

Calculating XAS spectra ...
Done with module: XAS spectra (FF2X: DW + final sum over paths).

 
### feff ends at Mon Aug 14 08:14:39 EDT 2023
 
