### feff starts at Mon Aug 14 06:28:33 EDT 2023
### Serial version
### FeffPath is /sdcc/u/mcarbone/software/JFEFF/hsw/feff90/linux
 
Launching FEFF version FEFF 9.9.1
Core hole lifetime is   1.729 eV.
Your calculation:
 comment: None given
 Source:
 Structure Summary:  Cr12 Cd2 Cu4 O24
 Reduced formula:  Cr6Cd(CuO6)2
 space group: (C2), space number:  (5)
 abc:  6.115386   8.435510  10.537074
 angles: 66.404465  73.140667  90.000000
 sites: 42
Cu K edge XANES using RPA corehole.
Using:     * Self-Consistent Field potentials
Using cards:   ATOMS CONTROL EXCHANGE TITLE RPATH POTENTIALS XANES EDGE SCF FMS S02 COREHOLE EGRID

Calculating atomic potentials ...
    overlapped atomic potential and density for unique potential    0
    overlapped atomic potential and density for unique potential    1
    overlapped atomic potential and density for unique potential    2
    overlapped atomic potential and density for unique potential    3
    overlapped atomic potential and density for unique potential    4
Done with module: atomic potentials.

Calculating SCF potentials ...
FEFF-serial using 1 thread.
Muffin tin radii and interstitial parameters [bohr]:
type, norman radius, muffin tin, overlap factor
    0  1.34332E+00  1.27078E+00  1.15000E+00
    1  1.41405E+00  1.31450E+00  1.15000E+00
    2  1.51905E+00  1.42940E+00  1.15000E+00
    3  1.36798E+00  1.29852E+00  1.14260E+00
    4  1.09629E+00  1.02619E+00  1.15000E+00
Core-valence separation energy:  ecv=   -57.500 eV
Initial Fermi level:              mu=    -0.561 eV
SCF ITERATION NUMBER  1
     point #   1  energy = -57.500
FMS for a cluster of  115 atoms around atom type   0
FMS for a cluster of  119 atoms around atom type   1
FMS for a cluster of   78 atoms around atom type   2
FMS for a cluster of  105 atoms around atom type   3
FMS for a cluster of  130 atoms around atom type   4
     point #  20  energy = -46.181
     point #  40  energy = -25.931
     point #  60  energy =  -9.834
     point #  80  energy =  -8.671
 Found bad counts.
  Occupation number in getorb is    10.000
  Will repeat this iteration.
 Found bad counts.
  Occupation number in getorb is    10.000
  Will repeat this iteration.
New Fermi level:    mu=  -8.767 eV  Charge distance=  1.9290 (partial c.d.=  9.6698)
SCF ITERATION NUMBER  1
     point #   1  energy = -57.500
FMS for a cluster of  115 atoms around atom type   0
FMS for a cluster of  119 atoms around atom type   1
FMS for a cluster of   78 atoms around atom type   2
FMS for a cluster of  105 atoms around atom type   3
FMS for a cluster of  130 atoms around atom type   4
     point #  20  energy = -46.332
     point #  40  energy = -26.027
     point #  60  energy =  -8.767
     point #  80  energy =  -8.599
     point # 100  energy =  -7.192
New Fermi level:    mu=  -7.016 eV  Charge distance=  0.8287 (partial c.d.=  9.8997)
SCF ITERATION NUMBER  1
     point #   1  energy = -57.500
FMS for a cluster of  115 atoms around atom type   0
FMS for a cluster of  119 atoms around atom type   1
FMS for a cluster of   78 atoms around atom type   2
FMS for a cluster of  105 atoms around atom type   3
FMS for a cluster of  130 atoms around atom type   4
     point #  20  energy = -46.394
     point #  40  energy = -26.200
     point #  60  energy =  -7.016
     point #  80  energy =  -7.107
     point # 100  energy = -10.863
     point # 120  energy = -11.207
New Fermi level:    mu= -11.171 eV  Charge distance=  0.2988 (partial c.d.=  2.4958)
SCF ITERATION NUMBER  2
     point #   1  energy = -57.500
     point #  20  energy = -46.421
     point #  40  energy = -26.278
     point #  60  energy = -11.171
     point #  80  energy = -10.890
New Fermi level:    mu= -10.093 eV  Charge distance=  0.2865 (partial c.d.=  0.7743)
SCF ITERATION NUMBER  3
     point #   1  energy = -57.500
     point #  20  energy = -46.405
     point #  40  energy = -26.231
     point #  60  energy = -10.093
New Fermi level:    mu= -10.069 eV  Charge distance=  0.2275 (partial c.d.=  8.7766)
SCF ITERATION NUMBER  4
     point #   1  energy = -57.500
     point #  20  energy = -46.399
     point #  40  energy = -26.216
     point #  60  energy = -10.069
     point #  80  energy = -10.316
New Fermi level:    mu= -10.665 eV  Charge distance=  0.0972 (partial c.d.=  8.5277)
SCF ITERATION NUMBER  5
     point #   1  energy = -57.500
     point #  20  energy = -46.300
     point #  40  energy = -25.937
     point #  60  energy = -10.665
     point #  80  energy = -10.553
New Fermi level:    mu= -10.556 eV  Charge distance=  0.1088 (partial c.d.=  0.2151)
SCF ITERATION NUMBER  6
     point #   1  energy = -57.500
     point #  20  energy = -46.274
     point #  40  energy = -25.864
     point #  60  energy = -10.556
New Fermi level:    mu= -10.541 eV  Charge distance=  0.0122 (partial c.d.=  0.0978)
SCF ITERATION NUMBER  7
     point #   1  energy = -57.500
     point #  20  energy = -46.271
     point #  40  energy = -25.853
     point #  60  energy = -10.541
New Fermi level:    mu= -10.554 eV  Charge distance=  0.0126 (partial c.d.=  0.1238)
SCF ITERATION NUMBER  8
     point #   1  energy = -57.500
     point #  20  energy = -46.274
     point #  40  energy = -25.863
     point #  60  energy = -10.554
New Fermi level:    mu= -10.539 eV  Charge distance=  0.0067 (partial c.d.=  0.1086)
SCF ITERATION NUMBER  9
     point #   1  energy = -57.500
     point #  20  energy = -46.270
     point #  40  energy = -25.852
     point #  60  energy = -10.539
New Fermi level:    mu= -10.548 eV  Charge distance=  0.0025 (partial c.d.=  0.0709)
SCF ITERATION NUMBER 10
     point #   1  energy = -57.500
     point #  20  energy = -46.272
     point #  40  energy = -25.859
     point #  60  energy = -10.548
New Fermi level:    mu= -10.542 eV  Charge distance=  0.0073 (partial c.d.=  0.0017)
SCF ITERATION NUMBER 11
     point #   1  energy = -57.500
     point #  20  energy = -46.271
     point #  40  energy = -25.854
     point #  60  energy = -10.542
New Fermi level:    mu= -10.532 eV  Charge distance=  0.0005 (partial c.d.=  0.0079)
SCF ITERATION NUMBER 12
     point #   1  energy = -57.500
     point #  20  energy = -46.269
     point #  40  energy = -25.848
     point #  60  energy = -10.532
New Fermi level:    mu= -10.532 eV  Charge distance=  0.0005 (partial c.d.=  0.0017)
SCF ITERATION NUMBER 13
     point #   1  energy = -57.500
     point #  20  energy = -46.268
     point #  40  energy = -25.847
     point #  60  energy = -10.532
New Fermi level:    mu= -10.533 eV  Charge distance=  0.0001 (partial c.d.=  0.0005)
SCF ITERATION NUMBER 14
     point #   1  energy = -57.500
     point #  20  energy = -46.269
     point #  40  energy = -25.848
     point #  60  energy = -10.533
New Fermi level:    mu= -10.533 eV  Charge distance=  0.0001 (partial c.d.=  0.0000)
Electronic configuration
  type     l     N_el
     0     0    0.427
     0     1    0.547
     0     2    9.358
     0     3    0.000
     1     0    0.465
     1     1    6.741
     1     2    4.641
     1     3    0.000
     2     0    0.557
     2     1    0.678
     2     2    9.963
     2     3    0.000
     3     0    0.426
     3     1    0.535
     3     2    9.381
     3     3    0.000
     4     0    1.836
     4     1    4.335
     4     2    0.083
     4     3    0.000
Charge transfer:  type  charge
       0   -0.668
       1   -0.154
       2   -0.802
       3   -0.657
       4    0.254
Convergence reached in   14 iterations.
Done with module: potentials.

Calculating screened core-hole potential ...
FMS for a cluster of   33 atoms around iph =   0
    0% of energy integration
   20%
   40%
   60%
   80%
  100%
Preparing response function.
Computing (1 - K Chi0)^-1 v_ch
Done with module: screened core-hole potential.

Calculating cross-section and phases ...
    absorption cross section
 x0,dx,rnrm,inrm,jnrm   8.80000000000000       5.000000000000000E-002
   2.53851607899988              195         196
    phase shifts for unique potential    0
    phase shifts for unique potential    1
    phase shifts for unique potential    2
    phase shifts for unique potential    3
    phase shifts for unique potential    4
Done with module: cross-section and phases (XSPH).

FMS calculation of full Green's function ...
FEFF-serial using 1 thread.
Using   194 energy points.
xprep done
FMS for a cluster of  263 atoms
Energy point    1/ 194
Energy point   10/ 194
Energy point   20/ 194
Energy point   30/ 194
Energy point   40/ 194
Energy point   50/ 194
Energy point   60/ 194
Energy point   70/ 194
Energy point   80/ 194
Energy point   90/ 194
Energy point  100/ 194
Energy point  110/ 194
Energy point  120/ 194
Energy point  130/ 194
Energy point  140/ 194
Energy point  150/ 194
Energy point  160/ 194
Energy point  170/ 194
Energy point  180/ 194
Energy point  190/ 194
Done with module: FMS.

MKGTR: Tracing over Green's function ...
Done with module: MKGTR.

Pathfinder: finding scattering paths...
Preparing plane wave scattering amplitudes
Searching for paths
Eliminating path degeneracies
0 paths retained.
Done with module: pathfinder.

Calculating EXAFS parameters ...
Done with module: EXAFS parameters (GENFMT).

Calculating XAS spectra ...
Done with module: XAS spectra (FF2X: DW + final sum over paths).

 
### feff ends at Mon Aug 14 08:44:02 EDT 2023
 
