### feff starts at Sun Aug 13 12:45:28 EDT 2023
### Serial version
### FeffPath is /sdcc/u/mcarbone/software/JFEFF/hsw/feff90/linux
 
Launching FEFF version FEFF 9.9.1
Core hole lifetime is   1.729 eV.
Your calculation:
 comment: None given
 Source:
 Structure Summary:  Cu4 C8 O24
 Reduced formula:  Cu(CO3)2
 space group: (P2_1/c), space number:  (14)
 abc:  8.353128   7.876950  10.753535
 angles: 76.770550  90.000000  90.000000
 sites: 36
Cu K edge XANES using RPA corehole.
Using:     * Self-Consistent Field potentials
Using cards:   ATOMS CONTROL EXCHANGE TITLE RPATH POTENTIALS XANES EDGE SCF FMS S02 COREHOLE EGRID

Calculating atomic potentials ...
    overlapped atomic potential and density for unique potential    0
    overlapped atomic potential and density for unique potential    1
    overlapped atomic potential and density for unique potential    2
    overlapped atomic potential and density for unique potential    3
Done with module: atomic potentials.

Calculating SCF potentials ...
FEFF-serial using 1 thread.
Muffin tin radii and interstitial parameters [bohr]:
type, norman radius, muffin tin, overlap factor
    0  1.26759E+00  1.15198E+00  1.15000E+00
    1  1.42229E+00  1.28525E+00  1.15000E+00
    2  9.12561E-01  6.27441E-01  1.15000E+00
    3  1.05191E+00  8.80198E-01  1.15000E+00
Core-valence separation energy:  ecv=   -40.000 eV
Initial Fermi level:              mu=     8.885 eV
SCF ITERATION NUMBER  1
     point #   1  energy = -40.000
FMS for a cluster of   85 atoms around atom type   0
FMS for a cluster of   52 atoms around atom type   1
FMS for a cluster of   68 atoms around atom type   2
FMS for a cluster of   77 atoms around atom type   3
     point #  20  energy = -28.815
     point #  40  energy =  -8.565
     point #  60  energy =  -4.121
New Fermi level:    mu=  -3.764 eV  Charge distance=  0.8746 (partial c.d.=  5.9298)
SCF ITERATION NUMBER  1
     point #   1  energy = -40.000
FMS for a cluster of   85 atoms around atom type   0
FMS for a cluster of   52 atoms around atom type   1
FMS for a cluster of   68 atoms around atom type   2
FMS for a cluster of   77 atoms around atom type   3
     point #  20  energy = -28.928
     point #  40  energy =  -8.796
     point #  60  energy =  -3.764
     point #  80  energy =  -5.598
New Fermi level:    mu=  -5.740 eV  Charge distance=  0.3146 (partial c.d.=  4.8744)
SCF ITERATION NUMBER  1
     point #   1  energy = -40.000
FMS for a cluster of   85 atoms around atom type   0
FMS for a cluster of   52 atoms around atom type   1
FMS for a cluster of   68 atoms around atom type   2
FMS for a cluster of   77 atoms around atom type   3
     point #  20  energy = -28.916
     point #  40  energy =  -8.763
     point #  60  energy =  -5.752
New Fermi level:    mu=  -5.758 eV  Charge distance=  0.1319 (partial c.d.=  0.3936)
SCF ITERATION NUMBER  2
     point #   1  energy = -40.000
     point #  20  energy = -28.922
     point #  40  energy =  -8.780
     point #  60  energy =  -5.746
New Fermi level:    mu=  -5.630 eV  Charge distance=  0.0414 (partial c.d.=  0.5626)
SCF ITERATION NUMBER  3
     point #   1  energy = -40.000
     point #  20  energy = -28.880
     point #  40  energy =  -8.662
     point #  60  energy =  -5.642
New Fermi level:    mu=  -5.672 eV  Charge distance=  0.0836 (partial c.d.=  0.2559)
SCF ITERATION NUMBER  4
     point #   1  energy = -40.000
     point #  20  energy = -28.894
     point #  40  energy =  -8.701
     point #  60  energy =  -5.684
New Fermi level:    mu=  -5.697 eV  Charge distance=  0.0283 (partial c.d.=  0.3354)
SCF ITERATION NUMBER  5
     point #   1  energy = -40.000
     point #  20  energy = -28.902
     point #  40  energy =  -8.724
     point #  60  energy =  -5.709
New Fermi level:    mu=  -5.753 eV  Charge distance=  0.0093 (partial c.d.=  0.2578)
SCF ITERATION NUMBER  6
     point #   1  energy = -40.000
     point #  20  energy = -28.920
     point #  40  energy =  -8.775
     point #  60  energy =  -5.740
New Fermi level:    mu=  -5.750 eV  Charge distance=  0.0051 (partial c.d.=  0.0456)
SCF ITERATION NUMBER  7
     point #   1  energy = -40.000
     point #  20  energy = -28.919
     point #  40  energy =  -8.772
     point #  60  energy =  -5.737
New Fermi level:    mu=  -5.747 eV  Charge distance=  0.0080 (partial c.d.=  0.0051)
SCF ITERATION NUMBER  8
     point #   1  energy = -40.000
     point #  20  energy = -28.918
     point #  40  energy =  -8.770
     point #  60  energy =  -5.735
New Fermi level:    mu=  -5.741 eV  Charge distance=  0.0015 (partial c.d.=  0.0047)
SCF ITERATION NUMBER  9
     point #   1  energy = -40.000
     point #  20  energy = -28.916
     point #  40  energy =  -8.763
     point #  60  energy =  -5.728
New Fermi level:    mu=  -5.737 eV  Charge distance=  0.0004 (partial c.d.=  0.0006)
SCF ITERATION NUMBER 10
     point #   1  energy = -40.000
     point #  20  energy = -28.915
     point #  40  energy =  -8.760
     point #  60  energy =  -5.724
New Fermi level:    mu=  -5.735 eV  Charge distance=  0.0003 (partial c.d.=  0.0011)
SCF ITERATION NUMBER 11
     point #   1  energy = -40.000
     point #  20  energy = -28.914
     point #  40  energy =  -8.759
     point #  60  energy =  -5.723
New Fermi level:    mu=  -5.735 eV  Charge distance=  0.0001 (partial c.d.=  0.0004)
SCF ITERATION NUMBER 12
     point #   1  energy = -40.000
     point #  20  energy = -28.914
     point #  40  energy =  -8.758
     point #  60  energy =  -5.722
New Fermi level:    mu=  -5.735 eV  Charge distance=  0.0000 (partial c.d.=  0.0002)
SCF ITERATION NUMBER 13
     point #   1  energy = -40.000
     point #  20  energy = -28.914
     point #  40  energy =  -8.758
     point #  60  energy =  -5.747
New Fermi level:    mu=  -5.735 eV  Charge distance=  0.0000 (partial c.d.=  0.0001)
Electronic configuration
  type     l     N_el
     0     0    0.537
     0     1    0.677
     0     2    9.406
     0     3    0.000
     1     0    0.531
     1     1    0.570
     1     2    9.653
     1     3    0.000
     2     0    1.179
     2     1    2.131
     2     2    0.423
     2     3    0.000
     3     0    1.850
     3     1    4.115
     3     2    0.165
     3     3    0.000
Charge transfer:  type  charge
       0   -0.380
       1   -0.246
       2   -0.267
       3    0.130
Convergence reached in   13 iterations.
Done with module: potentials.

Calculating screened core-hole potential ...
FMS for a cluster of   17 atoms around iph =   0
    0% of energy integration
   20%
   40%
   60%
   80%
  100%
Preparing response function.
Computing (1 - K Chi0)^-1 v_ch
Done with module: screened core-hole potential.

Calculating cross-section and phases ...
    absorption cross section
 x0,dx,rnrm,inrm,jnrm   8.80000000000000       5.000000000000000E-002
   2.39540082999994              194         195
    phase shifts for unique potential    0
    phase shifts for unique potential    1
    phase shifts for unique potential    2
    phase shifts for unique potential    3
Done with module: cross-section and phases (XSPH).

FMS calculation of full Green's function ...
FEFF-serial using 1 thread.
Using   194 energy points.
xprep done
FMS for a cluster of  159 atoms
Energy point    1/ 194
Energy point   10/ 194
Energy point   20/ 194
Energy point   30/ 194
Energy point   40/ 194
Energy point   50/ 194
Energy point   60/ 194
Energy point   70/ 194
Energy point   80/ 194
Energy point   90/ 194
Energy point  100/ 194
Energy point  110/ 194
Energy point  120/ 194
Energy point  130/ 194
Energy point  140/ 194
Energy point  150/ 194
Energy point  160/ 194
Energy point  170/ 194
Energy point  180/ 194
Energy point  190/ 194
Done with module: FMS.

MKGTR: Tracing over Green's function ...
Done with module: MKGTR.

Pathfinder: finding scattering paths...
Preparing plane wave scattering amplitudes
Searching for paths
Eliminating path degeneracies
0 paths retained.
Done with module: pathfinder.

Calculating EXAFS parameters ...
Done with module: EXAFS parameters (GENFMT).

Calculating XAS spectra ...
Done with module: XAS spectra (FF2X: DW + final sum over paths).

 
### feff ends at Sun Aug 13 13:17:08 EDT 2023
 
