### feff starts at Mon Aug 14 02:05:15 EDT 2023
### Serial version
### FeffPath is /sdcc/u/mcarbone/software/JFEFF/hsw/feff90/linux
 
Launching FEFF version FEFF 9.9.1
Core hole lifetime is   1.729 eV.
Your calculation:
 comment: None given
 Source:
 Structure Summary:  Cu4 H48 Br8 O48
 Reduced formula:  CuH12(BrO6)2
 space group: (Pa-3), space number:  (205)
 abc: 10.565873  10.565873  10.565873
 angles: 90.000000  90.000000  90.000000
 sites: 108
Cu K edge XANES using RPA corehole.
Using:     * Self-Consistent Field potentials
Using cards:   ATOMS CONTROL EXCHANGE TITLE RPATH POTENTIALS XANES EDGE SCF FMS S02 COREHOLE EGRID

Calculating atomic potentials ...
    overlapped atomic potential and density for unique potential    0
    overlapped atomic potential and density for unique potential    1
    overlapped atomic potential and density for unique potential    2
    overlapped atomic potential and density for unique potential    3
    overlapped atomic potential and density for unique potential    4
Done with module: atomic potentials.

Calculating SCF potentials ...
FEFF-serial using 1 thread.
Muffin tin radii and interstitial parameters [bohr]:
type, norman radius, muffin tin, overlap factor
    0  1.23743E+00  1.12376E+00  1.15000E+00
    1  1.23832E+00  1.12415E+00  1.15000E+00
    2  9.74173E-01  8.90326E-01  1.15000E+00
    3  1.79240E+00  1.73977E+00  1.07595E+00
    4  1.14157E+00  1.08723E+00  1.13203E+00
Core-valence separation energy:  ecv=   -40.000 eV
Initial Fermi level:              mu=     2.658 eV
SCF ITERATION NUMBER  1
     point #   1  energy = -40.000
FMS for a cluster of  129 atoms around atom type   0
FMS for a cluster of   65 atoms around atom type   1
FMS for a cluster of  128 atoms around atom type   2
FMS for a cluster of  107 atoms around atom type   3
FMS for a cluster of  133 atoms around atom type   4
     point #  20  energy = -28.837
     point #  40  energy =  -8.587
     point #  60  energy =  -6.456
New Fermi level:    mu=  -6.365 eV  Charge distance=  1.7635 (partial c.d.=  5.1971)
negative density   2   -9.560 - usually harmless precision error, but check DOS if it persists
negative density   2   -0.974 - usually harmless precision error, but check DOS if it persists
SCF ITERATION NUMBER  1
     point #   1  energy = -40.000
FMS for a cluster of  129 atoms around atom type   0
FMS for a cluster of   65 atoms around atom type   1
FMS for a cluster of  128 atoms around atom type   2
FMS for a cluster of  107 atoms around atom type   3
FMS for a cluster of  133 atoms around atom type   4
     point #  20  energy = -28.788
     point #  40  energy =  -8.404
     point #  60  energy =  -6.353
New Fermi level:    mu=  -6.021 eV  Charge distance=  0.6071 (partial c.d.=  9.2311)
negative density   2   -9.727 - usually harmless precision error, but check DOS if it persists
negative density   2   -1.132 - usually harmless precision error, but check DOS if it persists
SCF ITERATION NUMBER  1
     point #   1  energy = -40.000
FMS for a cluster of  129 atoms around atom type   0
FMS for a cluster of   65 atoms around atom type   1
FMS for a cluster of  128 atoms around atom type   2
FMS for a cluster of  107 atoms around atom type   3
FMS for a cluster of  133 atoms around atom type   4
     point #  20  energy = -29.007
     point #  40  energy =  -9.019
     point #  60  energy =  -6.034
New Fermi level:    mu=  -6.352 eV  Charge distance=  0.3603 (partial c.d.=  0.3325)
negative density   2  -11.838 - usually harmless precision error, but check DOS if it persists
negative density   2   -2.031 - usually harmless precision error, but check DOS if it persists
SCF ITERATION NUMBER  2
     point #   1  energy = -40.000
     point #  20  energy = -28.784
     point #  40  energy =  -8.392
     point #  60  energy =  -6.327
New Fermi level:    mu=  -6.247 eV  Charge distance=  0.1784 (partial c.d.=  0.7864)
negative density   2  -15.118 - usually harmless precision error, but check DOS if it persists
negative density   2   -3.338 - usually harmless precision error, but check DOS if it persists
SCF ITERATION NUMBER  3
     point #   1  energy = -40.000
     point #  20  energy = -28.749
     point #  40  energy =  -8.293
     point #  60  energy =  -6.222
New Fermi level:    mu=  -6.194 eV  Charge distance=  0.1852 (partial c.d.=  1.3148)
negative density   2  -15.194 - usually harmless precision error, but check DOS if it persists
negative density   2   -3.346 - usually harmless precision error, but check DOS if it persists
SCF ITERATION NUMBER  4
     point #   1  energy = -40.000
     point #  20  energy = -28.731
     point #  40  energy =  -8.243
New Fermi level:    mu=  -6.197 eV  Charge distance=  0.0479 (partial c.d.=  1.6311)
negative density   2  -16.337 - usually harmless precision error, but check DOS if it persists
negative density   2   -3.775 - usually harmless precision error, but check DOS if it persists
negative density   2   -0.256 - usually harmless precision error, but check DOS if it persists
SCF ITERATION NUMBER  5
     point #   1  energy = -40.000
     point #  20  energy = -28.732
     point #  40  energy =  -8.246
New Fermi level:    mu=  -6.194 eV  Charge distance=  0.2032 (partial c.d.=  0.0825)
negative density   2  -15.754 - usually harmless precision error, but check DOS if it persists
negative density   2   -3.750 - usually harmless precision error, but check DOS if it persists
negative density   2   -0.405 - usually harmless precision error, but check DOS if it persists
SCF ITERATION NUMBER  6
     point #   1  energy = -40.000
     point #  20  energy = -28.731
     point #  40  energy =  -8.243
     point #  60  energy =  -6.219
New Fermi level:    mu=  -6.207 eV  Charge distance=  0.0420 (partial c.d.=  0.9951)
negative density   2  -13.023 - usually harmless precision error, but check DOS if it persists
negative density   2   -2.789 - usually harmless precision error, but check DOS if it persists
SCF ITERATION NUMBER  7
     point #   1  energy = -40.000
     point #  20  energy = -28.736
     point #  40  energy =  -8.255
     point #  60  energy =  -6.232
New Fermi level:    mu=  -6.235 eV  Charge distance=  0.0297 (partial c.d.=  0.3944)
negative density   2  -11.557 - usually harmless precision error, but check DOS if it persists
negative density   2   -2.245 - usually harmless precision error, but check DOS if it persists
SCF ITERATION NUMBER  8
     point #   1  energy = -40.000
     point #  20  energy = -28.745
     point #  40  energy =  -8.282
New Fermi level:    mu=  -6.233 eV  Charge distance=  0.0069 (partial c.d.=  0.2253)
negative density   2   -9.912 - usually harmless precision error, but check DOS if it persists
negative density   2   -1.641 - usually harmless precision error, but check DOS if it persists
SCF ITERATION NUMBER  9
     point #   1  energy = -40.000
     point #  20  energy = -28.744
     point #  40  energy =  -8.280
New Fermi level:    mu=  -6.238 eV  Charge distance=  0.0058 (partial c.d.=  0.0782)
negative density   2   -8.288 - usually harmless precision error, but check DOS if it persists
negative density   2   -1.035 - usually harmless precision error, but check DOS if it persists
SCF ITERATION NUMBER 10
     point #   1  energy = -40.000
     point #  20  energy = -28.746
     point #  40  energy =  -8.284
New Fermi level:    mu=  -6.240 eV  Charge distance=  0.0085 (partial c.d.=  0.0157)
negative density   2   -4.747 - usually harmless precision error, but check DOS if it persists
SCF ITERATION NUMBER 11
     point #   1  energy = -40.000
     point #  20  energy = -28.747
     point #  40  energy =  -8.286
New Fermi level:    mu=  -6.241 eV  Charge distance=  0.0034 (partial c.d.=  0.0038)
negative density   2   -3.074 - usually harmless precision error, but check DOS if it persists
SCF ITERATION NUMBER 12
     point #   1  energy = -40.000
     point #  20  energy = -28.747
     point #  40  energy =  -8.287
New Fermi level:    mu=  -6.238 eV  Charge distance=  0.0003 (partial c.d.=  0.0015)
negative density   2   -2.905 - usually harmless precision error, but check DOS if it persists
SCF ITERATION NUMBER 13
     point #   1  energy = -40.000
     point #  20  energy = -28.746
     point #  40  energy =  -8.284
New Fermi level:    mu=  -6.236 eV  Charge distance=  0.0006 (partial c.d.=  0.0005)
negative density   2   -2.800 - usually harmless precision error, but check DOS if it persists
SCF ITERATION NUMBER 14
     point #   1  energy = -40.000
     point #  20  energy = -28.745
     point #  40  energy =  -8.282
New Fermi level:    mu=  -6.235 eV  Charge distance=  0.0003 (partial c.d.=  0.0009)
negative density   2   -2.773 - usually harmless precision error, but check DOS if it persists
SCF ITERATION NUMBER 15
     point #   1  energy = -40.000
     point #  20  energy = -28.745
     point #  40  energy =  -8.281
New Fermi level:    mu=  -6.235 eV  Charge distance=  0.0002 (partial c.d.=  0.0004)
negative density   2   -2.767 - usually harmless precision error, but check DOS if it persists
SCF ITERATION NUMBER 16
     point #   1  energy = -40.000
     point #  20  energy = -28.745
     point #  40  energy =  -8.281
New Fermi level:    mu=  -6.235 eV  Charge distance=  0.0001 (partial c.d.=  0.0002)
negative density   2   -2.741 - usually harmless precision error, but check DOS if it persists
SCF ITERATION NUMBER 17
     point #   1  energy = -40.000
     point #  20  energy = -28.745
     point #  40  energy =  -8.281
New Fermi level:    mu=  -6.235 eV  Charge distance=  0.0000 (partial c.d.=  0.0001)
Electronic configuration
  type     l     N_el
     0     0    0.502
     0     1    0.680
     0     2    9.190
     0     3    0.000
     1     0    0.502
     1     1    0.679
     1     2    9.222
     1     3    0.000
     2     0    0.636
     2     1    0.171
     2     2    0.000
     2     3    0.000
     3     0    2.051
     3     1    4.836
     3     2    0.251
     3     3    0.000
     4     0    1.943
     4     1    4.169
     4     2    0.107
     4     3    0.000
Charge transfer:  type  charge
       0   -0.629
       1   -0.597
       2   -0.192
       3    0.137
       4    0.219
Convergence reached in   17 iterations.
Done with module: potentials.

Calculating screened core-hole potential ...
FMS for a cluster of   19 atoms around iph =   0
    0% of energy integration
   20%
   40%
   60%
   80%
  100%
Preparing response function.
Computing (1 - K Chi0)^-1 v_ch
Done with module: screened core-hole potential.

Calculating cross-section and phases ...
    absorption cross section
 x0,dx,rnrm,inrm,jnrm   8.80000000000000       5.000000000000000E-002
   2.33840044100014              193         194
    phase shifts for unique potential    0
    phase shifts for unique potential    1
    phase shifts for unique potential    2
    phase shifts for unique potential    3
    phase shifts for unique potential    4
Done with module: cross-section and phases (XSPH).

FMS calculation of full Green's function ...
FEFF-serial using 1 thread.
Using   194 energy points.
xprep done
FMS for a cluster of  273 atoms
Energy point    1/ 194
Energy point   10/ 194
Energy point   20/ 194
Energy point   30/ 194
Energy point   40/ 194
Energy point   50/ 194
Energy point   60/ 194
Energy point   70/ 194
Energy point   80/ 194
Energy point   90/ 194
Energy point  100/ 194
Energy point  110/ 194
Energy point  120/ 194
Energy point  130/ 194
Energy point  140/ 194
Energy point  150/ 194
Energy point  160/ 194
Energy point  170/ 194
Energy point  180/ 194
Energy point  190/ 194
Done with module: FMS.

MKGTR: Tracing over Green's function ...
Done with module: MKGTR.

Pathfinder: finding scattering paths...
Preparing plane wave scattering amplitudes
Searching for paths
Eliminating path degeneracies
0 paths retained.
Done with module: pathfinder.

Calculating EXAFS parameters ...
Done with module: EXAFS parameters (GENFMT).

Calculating XAS spectra ...
Done with module: XAS spectra (FF2X: DW + final sum over paths).

 
### feff ends at Mon Aug 14 03:36:03 EDT 2023
 
