### feff starts at Sun Aug 13 23:15:37 EDT 2023
### Serial version
### FeffPath is /sdcc/u/mcarbone/software/JFEFF/hsw/feff90/linux
 
Launching FEFF version FEFF 9.9.1
Core hole lifetime is   1.729 eV.
Your calculation:
 comment: None given
 Source:
 Structure Summary:  Cu28 Se8 Cl24 O32
 Reduced formula:  Cu7Se2(Cl3O4)2
 space group: (P2_1/c), space number:  (14)
 abc: 10.585288  11.112727  14.637628
 angles: 89.984466  90.007220 113.677791
 sites: 92
Cu K edge XANES using RPA corehole.
Using:     * Self-Consistent Field potentials
Using cards:   ATOMS CONTROL EXCHANGE TITLE RPATH POTENTIALS XANES EDGE SCF FMS S02 COREHOLE EGRID

Calculating atomic potentials ...
    overlapped atomic potential and density for unique potential    0
    overlapped atomic potential and density for unique potential    1
    overlapped atomic potential and density for unique potential    2
    overlapped atomic potential and density for unique potential    3
    overlapped atomic potential and density for unique potential    4
Done with module: atomic potentials.

Calculating SCF potentials ...
FEFF-serial using 1 thread.
Muffin tin radii and interstitial parameters [bohr]:
type, norman radius, muffin tin, overlap factor
    0  1.38364E+00  1.26183E+00  1.15000E+00
    1  1.32919E+00  1.23572E+00  1.15000E+00
    2  1.33601E+00  1.09897E+00  1.15000E+00
    3  1.55607E+00  1.41159E+00  1.15000E+00
    4  1.10379E+00  1.00423E+00  1.15000E+00
Core-valence separation energy:  ecv=   -40.000 eV
Initial Fermi level:              mu=     2.172 eV
SCF ITERATION NUMBER  1
     point #   1  energy = -40.000
FMS for a cluster of   84 atoms around atom type   0
FMS for a cluster of   76 atoms around atom type   1
FMS for a cluster of   80 atoms around atom type   2
FMS for a cluster of   85 atoms around atom type   3
FMS for a cluster of   79 atoms around atom type   4
     point #  20  energy = -28.930
     point #  40  energy =  -8.680
     point #  60  energy =  -2.342
     point #  80  energy =  -2.636
New Fermi level:    mu=  -2.598 eV  Charge distance=  0.4097 (partial c.d.=  8.3098)
SCF ITERATION NUMBER  1
     point #   1  energy = -40.000
FMS for a cluster of   84 atoms around atom type   0
FMS for a cluster of   76 atoms around atom type   1
FMS for a cluster of   80 atoms around atom type   2
FMS for a cluster of   85 atoms around atom type   3
FMS for a cluster of   79 atoms around atom type   4
     point #  20  energy = -28.880
     point #  40  energy =  -8.663
     point #  60  energy =  -2.598
     point #  80  energy =  -4.110
     point # 100  energy =  -6.942
     point # 120  energy =  -7.567
New Fermi level:    mu=  -7.702 eV  Charge distance=  0.2431 (partial c.d.=  2.1454)
SCF ITERATION NUMBER  1
     point #   1  energy = -40.000
FMS for a cluster of   84 atoms around atom type   0
FMS for a cluster of   76 atoms around atom type   1
FMS for a cluster of   80 atoms around atom type   2
FMS for a cluster of   85 atoms around atom type   3
FMS for a cluster of   79 atoms around atom type   4
     point #  20  energy = -28.897
     point #  40  energy =  -8.711
     point #  60  energy =  -7.661
     point #  80  energy =  -5.430
     point # 100  energy =  -5.983
New Fermi level:    mu=  -6.010 eV  Charge distance=  0.1468 (partial c.d.=  0.3775)
SCF ITERATION NUMBER  2
     point #   1  energy = -40.000
     point #  20  energy = -29.003
     point #  40  energy =  -9.009
     point #  60  energy =  -5.998
     point #  80  energy =  -5.735
New Fermi level:    mu=  -5.792 eV  Charge distance=  0.4158 (partial c.d.=  0.0864)
SCF ITERATION NUMBER  3
     point #   1  energy = -40.000
     point #  20  energy = -28.933
     point #  40  energy =  -8.810
     point #  60  energy =  -5.804
     point #  80  energy =  -6.217
New Fermi level:    mu=  -6.211 eV  Charge distance=  0.0443 (partial c.d.=  0.1498)
SCF ITERATION NUMBER  4
     point #   1  energy = -40.000
     point #  20  energy = -28.737
     point #  40  energy =  -8.259
     point #  60  energy =  -6.199
     point #  80  energy =  -5.989
New Fermi level:    mu=  -6.021 eV  Charge distance=  0.0394 (partial c.d.=  0.0805)
SCF ITERATION NUMBER  5
     point #   1  energy = -40.000
     point #  20  energy = -29.007
     point #  40  energy =  -9.019
     point #  60  energy =  -6.034
New Fermi level:    mu=  -6.074 eV  Charge distance=  0.0152 (partial c.d.=  0.0308)
SCF ITERATION NUMBER  6
     point #   1  energy = -40.000
     point #  20  energy = -29.024
     point #  40  energy =  -9.068
     point #  60  energy =  -6.062
New Fermi level:    mu=  -6.056 eV  Charge distance=  0.0142 (partial c.d.=  0.0147)
SCF ITERATION NUMBER  7
     point #   1  energy = -40.000
     point #  20  energy = -29.018
     point #  40  energy =  -9.051
     point #  60  energy =  -6.044
New Fermi level:    mu=  -6.037 eV  Charge distance=  0.0033 (partial c.d.=  0.0101)
SCF ITERATION NUMBER  8
     point #   1  energy = -40.000
     point #  20  energy = -29.012
     point #  40  energy =  -9.034
     point #  60  energy =  -6.025
New Fermi level:    mu=  -6.028 eV  Charge distance=  0.0014 (partial c.d.=  0.0061)
SCF ITERATION NUMBER  9
     point #   1  energy = -40.000
     point #  20  energy = -29.009
     point #  40  energy =  -9.025
     point #  60  energy =  -6.015
New Fermi level:    mu=  -6.023 eV  Charge distance=  0.0010 (partial c.d.=  0.0053)
SCF ITERATION NUMBER 10
     point #   1  energy = -40.000
     point #  20  energy = -29.007
     point #  40  energy =  -9.021
     point #  60  energy =  -6.010
New Fermi level:    mu=  -6.019 eV  Charge distance=  0.0003 (partial c.d.=  0.0022)
SCF ITERATION NUMBER 11
     point #   1  energy = -40.000
     point #  20  energy = -29.006
     point #  40  energy =  -9.017
     point #  60  energy =  -6.031
New Fermi level:    mu=  -6.019 eV  Charge distance=  0.0002 (partial c.d.=  0.0003)
SCF ITERATION NUMBER 12
     point #   1  energy = -40.000
     point #  20  energy = -29.006
     point #  40  energy =  -9.018
     point #  60  energy =  -6.032
New Fermi level:    mu=  -6.020 eV  Charge distance=  0.0000 (partial c.d.=  0.0001)
Electronic configuration
  type     l     N_el
     0     0    0.534
     0     1    0.571
     0     2    9.659
     0     3    0.000
     1     0    0.524
     1     1    0.623
     1     2    9.571
     1     3    0.000
     2     0    1.736
     2     1    2.744
     2     2    0.670
     2     3    0.000
     3     0    1.980
     3     1    4.849
     3     2    0.214
     3     3    0.000
     4     0    1.855
     4     1    4.473
     4     2    0.099
     4     3    0.000
Charge transfer:  type  charge
       0   -0.236
       1   -0.282
       2   -0.850
       3    0.043
       4    0.427
Convergence reached in   12 iterations.
Done with module: potentials.

Calculating screened core-hole potential ...
FMS for a cluster of   16 atoms around iph =   0
    0% of energy integration
   20%
   40%
   60%
   80%
  100%
Preparing response function.
Computing (1 - K Chi0)^-1 v_ch
Done with module: screened core-hole potential.

Calculating cross-section and phases ...
    absorption cross section
 x0,dx,rnrm,inrm,jnrm   8.80000000000000       5.000000000000000E-002
   2.61470783000015              196         197
    phase shifts for unique potential    0
    phase shifts for unique potential    1
    phase shifts for unique potential    2
    phase shifts for unique potential    3
    phase shifts for unique potential    4
Done with module: cross-section and phases (XSPH).

FMS calculation of full Green's function ...
FEFF-serial using 1 thread.
Using   194 energy points.
xprep done
FMS for a cluster of  183 atoms
Energy point    1/ 194
Energy point   10/ 194
Energy point   20/ 194
Energy point   30/ 194
Energy point   40/ 194
Energy point   50/ 194
Energy point   60/ 194
Energy point   70/ 194
Energy point   80/ 194
Energy point   90/ 194
Energy point  100/ 194
Energy point  110/ 194
Energy point  120/ 194
Energy point  130/ 194
Energy point  140/ 194
Energy point  150/ 194
Energy point  160/ 194
Energy point  170/ 194
Energy point  180/ 194
Energy point  190/ 194
Done with module: FMS.

MKGTR: Tracing over Green's function ...
Done with module: MKGTR.

Pathfinder: finding scattering paths...
Preparing plane wave scattering amplitudes
Searching for paths
Eliminating path degeneracies
0 paths retained.
Done with module: pathfinder.

Calculating EXAFS parameters ...
Done with module: EXAFS parameters (GENFMT).

Calculating XAS spectra ...
Done with module: XAS spectra (FF2X: DW + final sum over paths).

 
### feff ends at Mon Aug 14 00:05:30 EDT 2023
 
