### feff starts at Mon Aug 14 09:46:19 EDT 2023
### Serial version
### FeffPath is /sdcc/u/mcarbone/software/JFEFF/hsw/feff90/linux
 
Launching FEFF version FEFF 9.9.1
Core hole lifetime is   1.729 eV.
Your calculation:
 comment: None given
 Source:
 Structure Summary:  Cu8 O6
 Reduced formula:  Cu4O3
 space group: (P4/nmm), space number:  (129)
 abc:  4.048405   4.048405   9.386470
 angles: 90.000000  90.000000  90.000000
 sites: 14
Cu K edge XANES using RPA corehole.
Using:     * Self-Consistent Field potentials
Using cards:   ATOMS CONTROL EXCHANGE TITLE RPATH POTENTIALS XANES EDGE SCF FMS S02 COREHOLE EGRID

Calculating atomic potentials ...
    overlapped atomic potential and density for unique potential    0
    overlapped atomic potential and density for unique potential    1
    overlapped atomic potential and density for unique potential    2
Done with module: atomic potentials.

Calculating SCF potentials ...
FEFF-serial using 1 thread.
Muffin tin radii and interstitial parameters [bohr]:
type, norman radius, muffin tin, overlap factor
    0  1.36191E+00  1.27469E+00  1.15000E+00
    1  1.36191E+00  1.27469E+00  1.15000E+00
    2  1.12695E+00  1.05677E+00  1.15000E+00
Core-valence separation energy:  ecv=   -40.000 eV
Initial Fermi level:              mu=     1.398 eV
SCF ITERATION NUMBER  1
     point #   1  energy = -40.000
FMS for a cluster of  135 atoms around atom type   0
FMS for a cluster of  127 atoms around atom type   1
FMS for a cluster of  145 atoms around atom type   2
     point #  20  energy = -28.885
     point #  40  energy =  -8.635
     point #  60  energy =  -0.897
     point #  80  energy =  -2.410
New Fermi level:    mu=  -2.643 eV  Charge distance=  0.2690 (partial c.d.=  8.7691)
SCF ITERATION NUMBER  1
     point #   1  energy = -40.000
FMS for a cluster of  135 atoms around atom type   0
FMS for a cluster of  127 atoms around atom type   1
FMS for a cluster of  145 atoms around atom type   2
     point #  20  energy = -28.894
     point #  40  energy =  -8.701
     point #  60  energy =  -2.643
     point #  80  energy =  -4.278
     point # 100  energy =  -6.190
New Fermi level:    mu=  -6.372 eV  Charge distance=  0.0036 (partial c.d.=  0.9097)
SCF ITERATION NUMBER  1
     point #   1  energy = -40.000
FMS for a cluster of  135 atoms around atom type   0
FMS for a cluster of  127 atoms around atom type   1
FMS for a cluster of  145 atoms around atom type   2
     point #  20  energy = -28.791
     point #  40  energy =  -8.410
     point #  60  energy =  -6.360
     point #  80  energy =  -5.985
New Fermi level:    mu=  -6.071 eV  Charge distance=  0.0271 (partial c.d.=  0.1340)
SCF ITERATION NUMBER  2
     point #   1  energy = -40.000
     point #  20  energy = -29.023
     point #  40  energy =  -9.064
     point #  60  energy =  -6.083
New Fermi level:    mu=  -6.143 eV  Charge distance=  0.1054 (partial c.d.=  0.0155)
SCF ITERATION NUMBER  3
     point #   1  energy = -40.000
     point #  20  energy = -28.714
     point #  40  energy =  -8.195
     point #  60  energy =  -6.155
New Fermi level:    mu=  -6.475 eV  Charge distance=  0.0202 (partial c.d.=  0.0899)
SCF ITERATION NUMBER  4
     point #   1  energy = -40.000
     point #  20  energy = -28.825
     point #  40  energy =  -8.507
New Fermi level:    mu=  -6.486 eV  Charge distance=  0.0116 (partial c.d.=  0.2073)
SCF ITERATION NUMBER  5
     point #   1  energy = -40.000
     point #  20  energy = -28.829
     point #  40  energy =  -8.517
New Fermi level:    mu=  -6.480 eV  Charge distance=  0.0035 (partial c.d.=  0.0923)
SCF ITERATION NUMBER  6
     point #   1  energy = -40.000
     point #  20  energy = -28.827
     point #  40  energy =  -8.511
New Fermi level:    mu=  -6.469 eV  Charge distance=  0.0049 (partial c.d.=  0.0133)
SCF ITERATION NUMBER  7
     point #   1  energy = -40.000
     point #  20  energy = -28.823
     point #  40  energy =  -8.501
     point #  60  energy =  -6.444
New Fermi level:    mu=  -6.444 eV  Charge distance=  0.0016 (partial c.d.=  0.0044)
SCF ITERATION NUMBER  8
     point #   1  energy = -40.000
     point #  20  energy = -28.815
     point #  40  energy =  -8.478
New Fermi level:    mu=  -6.432 eV  Charge distance=  0.0003 (partial c.d.=  0.0048)
SCF ITERATION NUMBER  9
     point #   1  energy = -40.000
     point #  20  energy = -28.811
     point #  40  energy =  -8.466
New Fermi level:    mu=  -6.432 eV  Charge distance=  0.0002 (partial c.d.=  0.0003)
SCF ITERATION NUMBER 10
     point #   1  energy = -40.000
     point #  20  energy = -28.811
     point #  40  energy =  -8.466
New Fermi level:    mu=  -6.431 eV  Charge distance=  0.0001 (partial c.d.=  0.0006)
SCF ITERATION NUMBER 11
     point #   1  energy = -40.000
     point #  20  energy = -28.810
     point #  40  energy =  -8.465
New Fermi level:    mu=  -6.431 eV  Charge distance=  0.0000 (partial c.d.=  0.0001)
Electronic configuration
  type     l     N_el
     0     0    0.531
     0     1    0.580
     0     2    9.598
     0     3    0.000
     1     0    0.531
     1     1    0.580
     1     2    9.599
     1     3    0.000
     2     0    1.892
     2     1    4.404
     2     2    0.091
     2     3    0.000
Charge transfer:  type  charge
       0   -0.291
       1   -0.290
       2    0.387
Convergence reached in   11 iterations.
Done with module: potentials.

Calculating screened core-hole potential ...
FMS for a cluster of   27 atoms around iph =   0
    0% of energy integration
   20%
   40%
   60%
   80%
  100%
Preparing response function.
Computing (1 - K Chi0)^-1 v_ch
Done with module: screened core-hole potential.

Calculating cross-section and phases ...
    absorption cross section
 x0,dx,rnrm,inrm,jnrm   8.80000000000000       5.000000000000000E-002
   2.57363365599986              195         196
    phase shifts for unique potential    0
    phase shifts for unique potential    1
    phase shifts for unique potential    2
Done with module: cross-section and phases (XSPH).

FMS calculation of full Green's function ...
FEFF-serial using 1 thread.
Using   194 energy points.
xprep done
FMS for a cluster of  271 atoms
Energy point    1/ 194
Energy point   10/ 194
Energy point   20/ 194
Energy point   30/ 194
Energy point   40/ 194
Energy point   50/ 194
Energy point   60/ 194
Energy point   70/ 194
Energy point   80/ 194
Energy point   90/ 194
Energy point  100/ 194
Energy point  110/ 194
Energy point  120/ 194
Energy point  130/ 194
Energy point  140/ 194
Energy point  150/ 194
Energy point  160/ 194
Energy point  170/ 194
Energy point  180/ 194
Energy point  190/ 194
Done with module: FMS.

MKGTR: Tracing over Green's function ...
Done with module: MKGTR.

Pathfinder: finding scattering paths...
Preparing plane wave scattering amplitudes
Searching for paths
Eliminating path degeneracies
0 paths retained.
Done with module: pathfinder.

Calculating EXAFS parameters ...
Done with module: EXAFS parameters (GENFMT).

Calculating XAS spectra ...
Done with module: XAS spectra (FF2X: DW + final sum over paths).

 
### feff ends at Mon Aug 14 11:37:06 EDT 2023
 
