### feff starts at Mon Aug 14 12:11:57 EDT 2023
### Serial version
### FeffPath is /sdcc/u/mcarbone/software/JFEFF/hsw/feff90/linux
 
Launching FEFF version FEFF 9.9.1
Resetting lmaxsc to 2 for iph =    3.  Use  UNFREEZE to prevent this.
Core hole lifetime is   1.729 eV.
Your calculation:
 comment: None given
 Source:
 Structure Summary:  Y2 Cu3 W6 O24
 Reduced formula:  Y2Cu3(WO4)6
 space group: (P-1), space number:  (2)
 abc:  6.059665   6.202115  13.675560
 angles: 99.268233  91.504625 109.042106
 sites: 35
Cu K edge XANES using RPA corehole.
Using:     * Self-Consistent Field potentials
Using cards:   ATOMS CONTROL EXCHANGE TITLE RPATH POTENTIALS XANES EDGE SCF FMS S02 COREHOLE EGRID

Calculating atomic potentials ...
    overlapped atomic potential and density for unique potential    0
    overlapped atomic potential and density for unique potential    1
    overlapped atomic potential and density for unique potential    2
    overlapped atomic potential and density for unique potential    3
    overlapped atomic potential and density for unique potential    4
Done with module: atomic potentials.

Calculating SCF potentials ...
FEFF-serial using 1 thread.
Muffin tin radii and interstitial parameters [bohr]:
type, norman radius, muffin tin, overlap factor
    0  1.34859E+00  1.20028E+00  1.15000E+00
    1  1.70589E+00  1.61728E+00  1.14658E+00
    2  1.33050E+00  1.20385E+00  1.15000E+00
    3  1.41888E+00  1.24980E+00  1.15000E+00
    4  1.07390E+00  9.80584E-01  1.15000E+00
Core-valence separation energy:  ecv=   -34.500 eV
Initial Fermi level:              mu=     3.348 eV
SCF ITERATION NUMBER  1
     point #   1  energy = -34.500
FMS for a cluster of  107 atoms around atom type   0
FMS for a cluster of   92 atoms around atom type   1
FMS for a cluster of   67 atoms around atom type   2
FMS for a cluster of   98 atoms around atom type   3
FMS for a cluster of  104 atoms around atom type   4
     point #  20  energy = -23.279
     point #  40  energy =  -7.182
     point #  60  energy =  -5.295
New Fermi level:    mu=  -4.804 eV  Charge distance=  1.4390 (partial c.d.=  6.6141)
SCF ITERATION NUMBER  1
     point #   1  energy = -34.500
FMS for a cluster of  107 atoms around atom type   0
FMS for a cluster of   92 atoms around atom type   1
FMS for a cluster of   67 atoms around atom type   2
FMS for a cluster of   98 atoms around atom type   3
FMS for a cluster of  104 atoms around atom type   4
     point #  20  energy = -23.236
     point #  40  energy =  -4.804
     point #  60  energy =  -4.894
     point #  80  energy =  -6.504
     point # 100  energy =  -6.104
New Fermi level:    mu=  -6.066 eV  Charge distance=  0.6000 (partial c.d.=  7.7911)
SCF ITERATION NUMBER  1
     point #   1  energy = -34.500
FMS for a cluster of  107 atoms around atom type   0
FMS for a cluster of   92 atoms around atom type   1
FMS for a cluster of   67 atoms around atom type   2
FMS for a cluster of   98 atoms around atom type   3
FMS for a cluster of  104 atoms around atom type   4
     point #  20  energy = -23.329
     point #  40  energy =  -6.066
New Fermi level:    mu=  -6.083 eV  Charge distance=  0.3091 (partial c.d.=  0.8927)
SCF ITERATION NUMBER  2
     point #   1  energy = -34.500
     point #  20  energy = -23.336
     point #  40  energy =  -6.083
     point #  60  energy =  -6.236
New Fermi level:    mu=  -6.238 eV  Charge distance=  0.3670 (partial c.d.=  0.3961)
SCF ITERATION NUMBER  3
     point #   1  energy = -34.500
     point #  20  energy = -23.397
     point #  40  energy =  -6.238
     point #  60  energy =  -6.085
New Fermi level:    mu=  -6.043 eV  Charge distance=  0.4264 (partial c.d.=  2.5980)
SCF ITERATION NUMBER  4
     point #   1  energy = -34.500
     point #  20  energy = -23.320
     point #  40  energy =  -6.043
New Fermi level:    mu=  -6.103 eV  Charge distance=  0.0750 (partial c.d.=  2.9106)
SCF ITERATION NUMBER  5
     point #   1  energy = -34.500
     point #  20  energy = -23.344
     point #  40  energy =  -6.103
New Fermi level:    mu=  -6.139 eV  Charge distance=  0.1776 (partial c.d.=  0.0759)
SCF ITERATION NUMBER  6
     point #   1  energy = -34.500
     point #  20  energy = -23.358
     point #  40  energy =  -6.139
     point #  60  energy =  -6.226
New Fermi level:    mu=  -6.231 eV  Charge distance=  0.0520 (partial c.d.=  0.3145)
SCF ITERATION NUMBER  7
     point #   1  energy = -34.500
     point #  20  energy = -23.394
     point #  40  energy =  -6.231
New Fermi level:    mu=  -6.244 eV  Charge distance=  0.0221 (partial c.d.=  0.1660)
SCF ITERATION NUMBER  8
     point #   1  energy = -34.500
     point #  20  energy = -23.399
     point #  40  energy =  -6.244
New Fermi level:    mu=  -6.252 eV  Charge distance=  0.0244 (partial c.d.=  0.0368)
SCF ITERATION NUMBER  9
     point #   1  energy = -34.500
     point #  20  energy = -23.403
     point #  40  energy =  -6.252
New Fermi level:    mu=  -6.260 eV  Charge distance=  0.0130 (partial c.d.=  0.0227)
SCF ITERATION NUMBER 10
     point #   1  energy = -34.500
     point #  20  energy = -23.406
     point #  40  energy =  -6.260
New Fermi level:    mu=  -6.263 eV  Charge distance=  0.0040 (partial c.d.=  0.0134)
SCF ITERATION NUMBER 11
     point #   1  energy = -34.500
     point #  20  energy = -23.407
     point #  40  energy =  -6.263
New Fermi level:    mu=  -6.261 eV  Charge distance=  0.0012 (partial c.d.=  0.0091)
SCF ITERATION NUMBER 12
     point #   1  energy = -34.500
     point #  20  energy = -23.406
     point #  40  energy =  -6.261
New Fermi level:    mu=  -6.260 eV  Charge distance=  0.0005 (partial c.d.=  0.0029)
SCF ITERATION NUMBER 13
     point #   1  energy = -34.500
     point #  20  energy = -23.406
     point #  40  energy =  -6.260
New Fermi level:    mu=  -6.258 eV  Charge distance=  0.0004 (partial c.d.=  0.0006)
SCF ITERATION NUMBER 14
     point #   1  energy = -34.500
     point #  20  energy = -23.405
     point #  40  energy =  -6.258
New Fermi level:    mu=  -6.257 eV  Charge distance=  0.0001 (partial c.d.=  0.0002)
Electronic configuration
  type     l     N_el
     0     0    0.601
     0     1    0.612
     0     2    9.539
     0     3    0.000
     1     0    0.414
     1     1    6.587
     1     2    1.637
     1     3    0.000
     2     0    0.585
     2     1    0.678
     2     2    9.498
     2     3    0.000
     3     0    0.577
     3     1    0.832
     3     2    3.805
     3     3    0.000
     4     0    1.822
     4     1    4.358
     4     2    0.077
     4     3    0.000
Charge transfer:  type  charge
       0   -0.248
       1   -0.363
       2   -0.239
       3   -0.786
       4    0.257
Convergence reached in   14 iterations.
Done with module: potentials.

Calculating screened core-hole potential ...
FMS for a cluster of   23 atoms around iph =   0
    0% of energy integration
   20%
   40%
   60%
   80%
  100%
Preparing response function.
Computing (1 - K Chi0)^-1 v_ch
Done with module: screened core-hole potential.

Calculating cross-section and phases ...
    absorption cross section
 x0,dx,rnrm,inrm,jnrm   8.80000000000000       5.000000000000000E-002
   2.54846362000005              195         196
    phase shifts for unique potential    0
    phase shifts for unique potential    1
    phase shifts for unique potential    2
    phase shifts for unique potential    3
    phase shifts for unique potential    4
Done with module: cross-section and phases (XSPH).

FMS calculation of full Green's function ...
FEFF-serial using 1 thread.
Using   194 energy points.
xprep done
FMS for a cluster of  221 atoms
Energy point    1/ 194
Energy point   10/ 194
Energy point   20/ 194
Energy point   30/ 194
Energy point   40/ 194
Energy point   50/ 194
Energy point   60/ 194
Energy point   70/ 194
Energy point   80/ 194
Energy point   90/ 194
Energy point  100/ 194
Energy point  110/ 194
Energy point  120/ 194
Energy point  130/ 194
Energy point  140/ 194
Energy point  150/ 194
Energy point  160/ 194
Energy point  170/ 194
Energy point  180/ 194
Energy point  190/ 194
Done with module: FMS.

MKGTR: Tracing over Green's function ...
Done with module: MKGTR.

Pathfinder: finding scattering paths...
Preparing plane wave scattering amplitudes
Searching for paths
Eliminating path degeneracies
0 paths retained.
Done with module: pathfinder.

Calculating EXAFS parameters ...
Done with module: EXAFS parameters (GENFMT).

Calculating XAS spectra ...
Done with module: XAS spectra (FF2X: DW + final sum over paths).

 
### feff ends at Mon Aug 14 13:23:05 EDT 2023
 
