### feff starts at Mon Aug 14 12:52:18 EDT 2023
### Serial version
### FeffPath is /sdcc/u/mcarbone/software/JFEFF/hsw/feff90/linux
 
Launching FEFF version FEFF 9.9.1
Core hole lifetime is   1.729 eV.
Your calculation:
 comment: None given
 Source:
 Structure Summary:  Cu3 C3 O9
 Reduced formula:  CuCO3
 space group: (Pm), space number:  (6)
 abc:  8.105772   8.104706   3.258269
 angles: 90.000000  90.000000 119.919384
 sites: 15
Cu K edge XANES using RPA corehole.
Using:     * Self-Consistent Field potentials
Using cards:   ATOMS CONTROL EXCHANGE TITLE RPATH POTENTIALS XANES EDGE SCF FMS S02 COREHOLE EGRID

Calculating atomic potentials ...
    overlapped atomic potential and density for unique potential    0
    overlapped atomic potential and density for unique potential    1
    overlapped atomic potential and density for unique potential    2
    overlapped atomic potential and density for unique potential    3
Done with module: atomic potentials.

Calculating SCF potentials ...
FEFF-serial using 1 thread.
Muffin tin radii and interstitial parameters [bohr]:
type, norman radius, muffin tin, overlap factor
    0  1.35651E+00  1.28569E+00  1.14750E+00
    1  1.35652E+00  1.28569E+00  1.14750E+00
    2  9.23712E-01  7.07379E-01  1.15000E+00
    3  1.01614E+00  8.40957E-01  1.15000E+00
Core-valence separation energy:  ecv=   -40.000 eV
Initial Fermi level:              mu=     8.336 eV
SCF ITERATION NUMBER  1
     point #   1  energy = -40.000
FMS for a cluster of  110 atoms around atom type   0
FMS for a cluster of  106 atoms around atom type   1
FMS for a cluster of  114 atoms around atom type   2
FMS for a cluster of  119 atoms around atom type   3
     point #  20  energy = -28.906
     point #  40  energy =  -8.656
     point #  60  energy =  -3.150
     point #  80  energy =  -3.163
New Fermi level:    mu=  -3.151 eV  Charge distance=  0.5434 (partial c.d.=  6.9280)
SCF ITERATION NUMBER  1
     point #   1  energy = -40.000
FMS for a cluster of  110 atoms around atom type   0
FMS for a cluster of  106 atoms around atom type   1
FMS for a cluster of  114 atoms around atom type   2
FMS for a cluster of  119 atoms around atom type   3
     point #  20  energy = -28.741
     point #  40  energy =  -8.269
     point #  60  energy =  -3.151
     point #  80  energy =  -4.729
     point # 100  energy =  -7.520
New Fermi level:    mu=  -7.233 eV  Charge distance=  0.1732 (partial c.d.=  3.1464)
SCF ITERATION NUMBER  1
     point #   1  energy = -40.000
FMS for a cluster of  110 atoms around atom type   0
FMS for a cluster of  106 atoms around atom type   1
FMS for a cluster of  114 atoms around atom type   2
FMS for a cluster of  119 atoms around atom type   3
     point #  20  energy = -28.736
     point #  40  energy =  -8.257
     point #  60  energy =  -7.192
New Fermi level:    mu=  -6.922 eV  Charge distance=  0.0545 (partial c.d.=  0.4402)
SCF ITERATION NUMBER  2
     point #   1  energy = -40.000
     point #  20  energy = -28.974
     point #  40  energy =  -8.926
     point #  60  energy =  -6.909
New Fermi level:    mu=  -6.715 eV  Charge distance=  0.1009 (partial c.d.=  0.1546)
SCF ITERATION NUMBER  3
     point #   1  energy = -40.000
     point #  20  energy = -28.905
     point #  40  energy =  -8.732
     point #  60  energy =  -6.727
New Fermi level:    mu=  -6.898 eV  Charge distance=  0.0784 (partial c.d.=  0.1158)
SCF ITERATION NUMBER  4
     point #   1  energy = -40.000
     point #  20  energy = -28.966
     point #  40  energy =  -8.904
     point #  60  energy =  -6.873
New Fermi level:    mu=  -6.856 eV  Charge distance=  0.0191 (partial c.d.=  0.0967)
SCF ITERATION NUMBER  5
     point #   1  energy = -40.000
     point #  20  energy = -28.952
     point #  40  energy =  -8.865
     point #  60  energy =  -6.881
New Fermi level:    mu=  -6.896 eV  Charge distance=  0.0021 (partial c.d.=  0.0220)
SCF ITERATION NUMBER  6
     point #   1  energy = -40.000
     point #  20  energy = -28.965
     point #  40  energy =  -8.902
New Fermi level:    mu=  -6.902 eV  Charge distance=  0.0043 (partial c.d.=  0.0039)
SCF ITERATION NUMBER  7
     point #   1  energy = -40.000
     point #  20  energy = -28.967
     point #  40  energy =  -8.908
New Fermi level:    mu=  -6.905 eV  Charge distance=  0.0011 (partial c.d.=  0.0054)
SCF ITERATION NUMBER  8
     point #   1  energy = -40.000
     point #  20  energy = -28.968
     point #  40  energy =  -8.911
New Fermi level:    mu=  -6.899 eV  Charge distance=  0.0014 (partial c.d.=  0.0008)
SCF ITERATION NUMBER  9
     point #   1  energy = -40.000
     point #  20  energy = -28.966
     point #  40  energy =  -8.905
New Fermi level:    mu=  -6.890 eV  Charge distance=  0.0001 (partial c.d.=  0.0008)
SCF ITERATION NUMBER 10
     point #   1  energy = -40.000
     point #  20  energy = -28.963
     point #  40  energy =  -8.896
New Fermi level:    mu=  -6.889 eV  Charge distance=  0.0000 (partial c.d.=  0.0005)
SCF ITERATION NUMBER 11
     point #   1  energy = -40.000
     point #  20  energy = -28.963
     point #  40  energy =  -8.896
New Fermi level:    mu=  -6.889 eV  Charge distance=  0.0000 (partial c.d.=  0.0002)
Electronic configuration
  type     l     N_el
     0     0    0.481
     0     1    0.677
     0     2    9.517
     0     3    0.000
     1     0    0.481
     1     1    0.677
     1     2    9.517
     1     3    0.000
     2     0    1.097
     2     1    2.216
     2     2    0.413
     2     3    0.000
     3     0    1.811
     3     1    4.270
     3     2    0.119
     3     3    0.000
Charge transfer:  type  charge
       0   -0.326
       1   -0.325
       2   -0.274
       3    0.200
Convergence reached in   11 iterations.
Done with module: potentials.

Calculating screened core-hole potential ...
FMS for a cluster of   22 atoms around iph =   0
    0% of energy integration
   20%
   40%
   60%
   80%
  100%
Preparing response function.
Computing (1 - K Chi0)^-1 v_ch
Done with module: screened core-hole potential.

Calculating cross-section and phases ...
    absorption cross section
 x0,dx,rnrm,inrm,jnrm   8.80000000000000       5.000000000000000E-002
   2.56344085499990              195         196
    phase shifts for unique potential    0
    phase shifts for unique potential    1
    phase shifts for unique potential    2
    phase shifts for unique potential    3
Done with module: cross-section and phases (XSPH).

FMS calculation of full Green's function ...
FEFF-serial using 1 thread.
Using   194 energy points.
xprep done
FMS for a cluster of  255 atoms
Energy point    1/ 194
Energy point   10/ 194
Energy point   20/ 194
Energy point   30/ 194
Energy point   40/ 194
Energy point   50/ 194
Energy point   60/ 194
Energy point   70/ 194
Energy point   80/ 194
Energy point   90/ 194
Energy point  100/ 194
Energy point  110/ 194
Energy point  120/ 194
Energy point  130/ 194
Energy point  140/ 194
Energy point  150/ 194
Energy point  160/ 194
Energy point  170/ 194
Energy point  180/ 194
Energy point  190/ 194
Done with module: FMS.

MKGTR: Tracing over Green's function ...
Done with module: MKGTR.

Pathfinder: finding scattering paths...
Preparing plane wave scattering amplitudes
Searching for paths
Eliminating path degeneracies
0 paths retained.
Done with module: pathfinder.

Calculating EXAFS parameters ...
Done with module: EXAFS parameters (GENFMT).

Calculating XAS spectra ...
Done with module: XAS spectra (FF2X: DW + final sum over paths).

 
### feff ends at Mon Aug 14 14:26:01 EDT 2023
 
