### feff starts at Mon Aug 14 10:40:32 EDT 2023
### Serial version
### FeffPath is /sdcc/u/mcarbone/software/JFEFF/hsw/feff90/linux
 
Launching FEFF version FEFF 9.9.1
Core hole lifetime is   1.729 eV.
Your calculation:
 comment: None given
 Source:
 Structure Summary:  Cu4 P12 N4 O36
 Reduced formula:  CuP3NO9
 space group: (P2_1/c), space number:  (14)
 abc: 11.490092   5.166661  13.236160
 angles: 79.542721  90.000000  90.000000
 sites: 56
Cu K edge XANES using RPA corehole.
Using:     * Self-Consistent Field potentials
Using cards:   ATOMS CONTROL EXCHANGE TITLE RPATH POTENTIALS XANES EDGE SCF FMS S02 COREHOLE EGRID

Calculating atomic potentials ...
    overlapped atomic potential and density for unique potential    0
    overlapped atomic potential and density for unique potential    1
    overlapped atomic potential and density for unique potential    2
    overlapped atomic potential and density for unique potential    3
    overlapped atomic potential and density for unique potential    4
Done with module: atomic potentials.

Calculating SCF potentials ...
FEFF-serial using 1 thread.
Muffin tin radii and interstitial parameters [bohr]:
 WARNING: NO ATOMS CLOSE ENOUGH TO OVERLAP ATOM   22,  UNIQUE POT    3!!  Rmt set to Rnorman.  May be error in input file.
type, norman radius, muffin tin, overlap factor
    0  1.29459E+00  1.21247E+00  1.15000E+00
    1  1.29461E+00  1.21248E+00  1.15000E+00
    2  1.15729E+00  9.37887E-01  1.15000E+00
    3  1.66775E+00  1.66775E+00  1.00000E+00
    4  1.04494E+00  8.80680E-01  1.15000E+00
Core-valence separation energy:  ecv=   -40.000 eV
Initial Fermi level:              mu=     8.589 eV
SCF ITERATION NUMBER  1
     point #   1  energy = -40.000
FMS for a cluster of  101 atoms around atom type   0
FMS for a cluster of   77 atoms around atom type   1
FMS for a cluster of  103 atoms around atom type   2
FMS for a cluster of   81 atoms around atom type   3
FMS for a cluster of  106 atoms around atom type   4
     point #  20  energy = -28.864
     point #  40  energy =  -8.614
     point #  60  energy =  -5.030
New Fermi level:    mu=  -4.200 eV  Charge distance=  1.1759 (partial c.d.=  5.2333)
SCF ITERATION NUMBER  1
     point #   1  energy = -40.000
FMS for a cluster of  101 atoms around atom type   0
FMS for a cluster of   77 atoms around atom type   1
FMS for a cluster of  103 atoms around atom type   2
FMS for a cluster of   81 atoms around atom type   3
FMS for a cluster of  106 atoms around atom type   4
     point #  20  energy = -28.749
     point #  40  energy =  -8.291
     point #  60  energy =  -4.200
     point #  80  energy =  -6.353
     point # 100  energy =  -6.375
New Fermi level:    mu=  -6.304 eV  Charge distance=  0.3661 (partial c.d.=  6.1042)
SCF ITERATION NUMBER  1
     point #   1  energy = -40.000
FMS for a cluster of  101 atoms around atom type   0
FMS for a cluster of   77 atoms around atom type   1
FMS for a cluster of  103 atoms around atom type   2
FMS for a cluster of   81 atoms around atom type   3
FMS for a cluster of  106 atoms around atom type   4
     point #  20  energy = -28.768
     point #  40  energy =  -8.346
     point #  60  energy =  -6.316
     point #  80  energy =  -7.985
New Fermi level:    mu=  -8.155 eV  Charge distance=  0.2156 (partial c.d.=  0.7348)
SCF ITERATION NUMBER  2
     point #   1  energy = -40.000
     point #  20  energy = -28.700
     point #  40  energy =  -8.155
     point #  60  energy =  -8.115
     point #  80  energy =  -7.430
New Fermi level:    mu=  -7.406 eV  Charge distance=  0.1909 (partial c.d.=  1.7012)
SCF ITERATION NUMBER  3
     point #   1  energy = -40.000
     point #  20  energy = -28.796
     point #  40  energy =  -8.424
     point #  60  energy =  -7.446
New Fermi level:    mu=  -7.704 eV  Charge distance=  0.0708 (partial c.d.=  1.8292)
SCF ITERATION NUMBER  4
     point #   1  energy = -40.000
     point #  20  energy = -28.898
     point #  40  energy =  -8.713
     point #  60  energy =  -7.666
New Fermi level:    mu=  -7.618 eV  Charge distance=  0.0984 (partial c.d.=  0.6363)
SCF ITERATION NUMBER  5
     point #   1  energy = -40.000
     point #  20  energy = -28.869
     point #  40  energy =  -8.630
New Fermi level:    mu=  -7.604 eV  Charge distance=  0.0937 (partial c.d.=  1.2940)
SCF ITERATION NUMBER  6
     point #   1  energy = -40.000
     point #  20  energy = -28.864
     point #  40  energy =  -8.616
     point #  60  energy =  -7.563
New Fermi level:    mu=  -7.411 eV  Charge distance=  0.0366 (partial c.d.=  1.5744)
SCF ITERATION NUMBER  7
     point #   1  energy = -40.000
     point #  20  energy = -28.797
     point #  40  energy =  -8.429
     point #  60  energy =  -7.451
New Fermi level:    mu=  -7.768 eV  Charge distance=  0.0830 (partial c.d.=  0.4702)
SCF ITERATION NUMBER  8
     point #   1  energy = -40.000
     point #  20  energy = -28.920
     point #  40  energy =  -8.776
New Fermi level:    mu=  -7.767 eV  Charge distance=  0.0501 (partial c.d.=  0.0874)
SCF ITERATION NUMBER  9
     point #   1  energy = -40.000
     point #  20  energy = -28.920
     point #  40  energy =  -8.775
     point #  60  energy =  -7.805
New Fermi level:    mu=  -7.827 eV  Charge distance=  0.0323 (partial c.d.=  1.1800)
SCF ITERATION NUMBER 10
     point #   1  energy = -40.000
     point #  20  energy = -28.940
     point #  40  energy =  -8.832
New Fermi level:    mu=  -7.841 eV  Charge distance=  0.0156 (partial c.d.=  0.7295)
SCF ITERATION NUMBER 11
     point #   1  energy = -40.000
     point #  20  energy = -28.945
     point #  40  energy =  -8.846
     point #  60  energy =  -7.800
New Fermi level:    mu=  -7.723 eV  Charge distance=  0.0061 (partial c.d.=  0.3399)
SCF ITERATION NUMBER 12
     point #   1  energy = -40.000
     point #  20  energy = -28.905
     point #  40  energy =  -8.731
     point #  60  energy =  -7.760
New Fermi level:    mu=  -7.759 eV  Charge distance=  0.0039 (partial c.d.=  0.1570)
SCF ITERATION NUMBER 13
     point #   1  energy = -40.000
     point #  20  energy = -28.917
     point #  40  energy =  -8.766
New Fermi level:    mu=  -7.755 eV  Charge distance=  0.0091 (partial c.d.=  0.0132)
SCF ITERATION NUMBER 14
     point #   1  energy = -40.000
     point #  20  energy = -28.916
     point #  40  energy =  -8.763
New Fermi level:    mu=  -7.758 eV  Charge distance=  0.0022 (partial c.d.=  0.0230)
SCF ITERATION NUMBER 15
     point #   1  energy = -40.000
     point #  20  energy = -28.917
     point #  40  energy =  -8.766
New Fermi level:    mu=  -7.757 eV  Charge distance=  0.0024 (partial c.d.=  0.0076)
SCF ITERATION NUMBER 16
     point #   1  energy = -40.000
     point #  20  energy = -28.916
     point #  40  energy =  -8.764
New Fermi level:    mu=  -7.756 eV  Charge distance=  0.0024 (partial c.d.=  0.0011)
SCF ITERATION NUMBER 17
     point #   1  energy = -40.000
     point #  20  energy = -28.916
     point #  40  energy =  -8.763
New Fermi level:    mu=  -7.755 eV  Charge distance=  0.0009 (partial c.d.=  0.0035)
SCF ITERATION NUMBER 18
     point #   1  energy = -40.000
     point #  20  energy = -28.916
     point #  40  energy =  -8.763
New Fermi level:    mu=  -7.755 eV  Charge distance=  0.0007 (partial c.d.=  0.0010)
SCF ITERATION NUMBER 19
     point #   1  energy = -40.000
     point #  20  energy = -28.916
     point #  40  energy =  -8.763
New Fermi level:    mu=  -7.756 eV  Charge distance=  0.0001 (partial c.d.=  0.0029)
SCF ITERATION NUMBER 20
     point #   1  energy = -40.000
     point #  20  energy = -28.916
     point #  40  energy =  -8.764
New Fermi level:    mu=  -7.756 eV  Charge distance=  0.0001 (partial c.d.=  0.0008)
SCF ITERATION NUMBER 21
     point #   1  energy = -40.000
     point #  20  energy = -28.916
     point #  40  energy =  -8.764
New Fermi level:    mu=  -7.756 eV  Charge distance=  0.0000 (partial c.d.=  0.0001)
Electronic configuration
  type     l     N_el
     0     0    0.455
     0     1    0.616
     0     2    9.381
     0     3    0.000
     1     0    0.455
     1     1    0.617
     1     2    9.379
     1     3    0.000
     2     0    1.184
     2     1    2.009
     2     2    1.010
     2     3    0.000
     3     0    1.997
     3     1    3.646
     3     2    0.085
     3     3    0.000
     4     0    1.816
     4     1    4.356
     4     2    0.074
     4     3    0.000
Charge transfer:  type  charge
       0   -0.549
       1   -0.549
       2   -0.797
       3    0.728
       4    0.246
Convergence reached in   21 iterations.
Done with module: potentials.

Calculating screened core-hole potential ...
FMS for a cluster of   19 atoms around iph =   0
    0% of energy integration
   20%
   40%
   60%
   80%
  100%
Preparing response function.
Computing (1 - K Chi0)^-1 v_ch
Done with module: screened core-hole potential.

Calculating cross-section and phases ...
    absorption cross section
 x0,dx,rnrm,inrm,jnrm   8.80000000000000       5.000000000000000E-002
   2.44641271699984              194         195
    phase shifts for unique potential    0
    phase shifts for unique potential    1
    phase shifts for unique potential    2
    phase shifts for unique potential    3
    phase shifts for unique potential    4
Done with module: cross-section and phases (XSPH).

FMS calculation of full Green's function ...
FEFF-serial using 1 thread.
Using   194 energy points.
xprep done
FMS for a cluster of  227 atoms
Energy point    1/ 194
Energy point   10/ 194
Energy point   20/ 194
Energy point   30/ 194
Energy point   40/ 194
Energy point   50/ 194
Energy point   60/ 194
Energy point   70/ 194
Energy point   80/ 194
Energy point   90/ 194
Energy point  100/ 194
Energy point  110/ 194
Energy point  120/ 194
Energy point  130/ 194
Energy point  140/ 194
Energy point  150/ 194
Energy point  160/ 194
Energy point  170/ 194
Energy point  180/ 194
Energy point  190/ 194
Done with module: FMS.

MKGTR: Tracing over Green's function ...
Done with module: MKGTR.

Pathfinder: finding scattering paths...
Preparing plane wave scattering amplitudes
Searching for paths
Eliminating path degeneracies
0 paths retained.
Done with module: pathfinder.

Calculating EXAFS parameters ...
Done with module: EXAFS parameters (GENFMT).

Calculating XAS spectra ...
Done with module: XAS spectra (FF2X: DW + final sum over paths).

 
### feff ends at Mon Aug 14 12:17:52 EDT 2023
 
