### feff starts at Sun Aug 13 21:32:33 EDT 2023
### Serial version
### FeffPath is /sdcc/u/mcarbone/software/JFEFF/hsw/feff90/linux
 
Launching FEFF version FEFF 9.9.1
Core hole lifetime is   1.729 eV.
Your calculation:
 comment: None given
 Source:
 Structure Summary:  Cu3 Sb1 P4 O16
 Reduced formula:  Cu3Sb(PO4)4
 space group: (Pm), space number:  (6)
 abc:  4.889276   9.859415   5.978339
 angles: 90.000000  90.000000  88.785348
 sites: 24
Cu K edge XANES using RPA corehole.
Using:     * Self-Consistent Field potentials
Using cards:   ATOMS CONTROL EXCHANGE TITLE RPATH POTENTIALS XANES EDGE SCF FMS S02 COREHOLE EGRID

Calculating atomic potentials ...
    overlapped atomic potential and density for unique potential    0
    overlapped atomic potential and density for unique potential    1
    overlapped atomic potential and density for unique potential    2
    overlapped atomic potential and density for unique potential    3
    overlapped atomic potential and density for unique potential    4
Done with module: atomic potentials.

Calculating SCF potentials ...
FEFF-serial using 1 thread.
Muffin tin radii and interstitial parameters [bohr]:
type, norman radius, muffin tin, overlap factor
    0  1.34456E+00  1.27733E+00  1.14000E+00
    1  1.34390E+00  1.28575E+00  1.11796E+00
    2  1.48017E+00  1.37181E+00  1.15000E+00
    3  1.15818E+00  9.44666E-01  1.15000E+00
    4  1.03706E+00  8.62655E-01  1.15000E+00
Core-valence separation energy:  ecv=   -40.000 eV
Initial Fermi level:              mu=     7.121 eV
SCF ITERATION NUMBER  1
     point #   1  energy = -40.000
FMS for a cluster of  120 atoms around atom type   0
FMS for a cluster of  106 atoms around atom type   1
FMS for a cluster of   90 atoms around atom type   2
FMS for a cluster of  119 atoms around atom type   3
FMS for a cluster of  121 atoms around atom type   4
     point #  20  energy = -28.942
     point #  40  energy =  -8.692
     point #  60  energy =  -3.742
     point #  80  energy =  -3.148
New Fermi level:    mu=  -3.140 eV  Charge distance=  0.6419 (partial c.d.= 10.7679)
SCF ITERATION NUMBER  1
     point #   1  energy = -40.000
FMS for a cluster of  120 atoms around atom type   0
FMS for a cluster of  106 atoms around atom type   1
FMS for a cluster of   90 atoms around atom type   2
FMS for a cluster of  119 atoms around atom type   3
FMS for a cluster of  121 atoms around atom type   4
     point #  20  energy = -28.737
     point #  40  energy =  -8.260
     point #  60  energy =  -3.140
     point #  80  energy =  -4.965
     point # 100  energy =  -6.737
New Fermi level:    mu=  -6.606 eV  Charge distance=  0.2723 (partial c.d.=  3.3627)
SCF ITERATION NUMBER  1
     point #   1  energy = -40.000
FMS for a cluster of  120 atoms around atom type   0
FMS for a cluster of  106 atoms around atom type   1
FMS for a cluster of   90 atoms around atom type   2
FMS for a cluster of  119 atoms around atom type   3
FMS for a cluster of  121 atoms around atom type   4
     point #  20  energy = -28.869
     point #  40  energy =  -8.630
     point #  60  energy =  -6.594
New Fermi level:    mu=  -6.424 eV  Charge distance=  0.1825 (partial c.d.=  0.2778)
SCF ITERATION NUMBER  2
     point #   1  energy = -40.000
     point #  20  energy = -28.808
     point #  40  energy =  -8.459
     point #  60  energy =  -6.412
     point #  80  energy =  -6.080
New Fermi level:    mu=  -6.148 eV  Charge distance=  0.4008 (partial c.d.=  0.2293)
SCF ITERATION NUMBER  3
     point #   1  energy = -40.000
     point #  20  energy = -28.716
     point #  40  energy =  -8.200
New Fermi level:    mu=  -6.137 eV  Charge distance=  0.0637 (partial c.d.=  0.1249)
SCF ITERATION NUMBER  4
     point #   1  energy = -40.000
     point #  20  energy = -28.712
     point #  40  energy =  -8.189
     point #  60  energy =  -6.162
New Fermi level:    mu=  -6.251 eV  Charge distance=  0.0246 (partial c.d.=  0.0702)
SCF ITERATION NUMBER  5
     point #   1  energy = -40.000
     point #  20  energy = -28.750
     point #  40  energy =  -8.296
     point #  60  energy =  -6.276
New Fermi level:    mu=  -6.273 eV  Charge distance=  0.0191 (partial c.d.=  0.0452)
SCF ITERATION NUMBER  6
     point #   1  energy = -40.000
     point #  20  energy = -28.758
     point #  40  energy =  -8.317
     point #  60  energy =  -6.298
New Fermi level:    mu=  -6.298 eV  Charge distance=  0.0068 (partial c.d.=  0.0342)
SCF ITERATION NUMBER  7
     point #   1  energy = -40.000
     point #  20  energy = -28.766
     point #  40  energy =  -8.340
New Fermi level:    mu=  -6.293 eV  Charge distance=  0.0020 (partial c.d.=  0.0261)
SCF ITERATION NUMBER  8
     point #   1  energy = -40.000
     point #  20  energy = -28.764
     point #  40  energy =  -8.336
New Fermi level:    mu=  -6.288 eV  Charge distance=  0.0029 (partial c.d.=  0.0055)
SCF ITERATION NUMBER  9
     point #   1  energy = -40.000
     point #  20  energy = -28.763
     point #  40  energy =  -8.332
New Fermi level:    mu=  -6.282 eV  Charge distance=  0.0008 (partial c.d.=  0.0014)
SCF ITERATION NUMBER 10
     point #   1  energy = -40.000
     point #  20  energy = -28.761
     point #  40  energy =  -8.326
New Fermi level:    mu=  -6.280 eV  Charge distance=  0.0001 (partial c.d.=  0.0002)
SCF ITERATION NUMBER 11
     point #   1  energy = -40.000
     point #  20  energy = -28.760
     point #  40  energy =  -8.324
New Fermi level:    mu=  -6.280 eV  Charge distance=  0.0001 (partial c.d.=  0.0001)
Electronic configuration
  type     l     N_el
     0     0    0.447
     0     1    0.613
     0     2    9.656
     0     3    0.000
     1     0    0.428
     1     1    0.609
     1     2    9.670
     1     3    0.000
     2     0    1.481
     2     1    1.758
     2     2   10.765
     2     3    0.000
     3     0    1.192
     3     1    2.039
     3     2    1.021
     3     3    0.000
     4     0    1.835
     4     1    4.381
     4     2    0.088
     4     3    0.000
Charge transfer:  type  charge
       0   -0.284
       1   -0.294
       2   -0.996
       3   -0.748
       4    0.305
Convergence reached in   11 iterations.
Done with module: potentials.

Calculating screened core-hole potential ...
FMS for a cluster of   24 atoms around iph =   0
    0% of energy integration
   20%
   40%
   60%
   80%
  100%
Preparing response function.
Computing (1 - K Chi0)^-1 v_ch
Done with module: screened core-hole potential.

Calculating cross-section and phases ...
    absorption cross section
 x0,dx,rnrm,inrm,jnrm   8.80000000000000       5.000000000000000E-002
   2.54084761499980              195         196
    phase shifts for unique potential    0
    phase shifts for unique potential    1
    phase shifts for unique potential    2
    phase shifts for unique potential    3
    phase shifts for unique potential    4
Done with module: cross-section and phases (XSPH).

FMS calculation of full Green's function ...
FEFF-serial using 1 thread.
Using   194 energy points.
xprep done
FMS for a cluster of  251 atoms
Energy point    1/ 194
Energy point   10/ 194
Energy point   20/ 194
Energy point   30/ 194
Energy point   40/ 194
Energy point   50/ 194
Energy point   60/ 194
Energy point   70/ 194
Energy point   80/ 194
Energy point   90/ 194
Energy point  100/ 194
Energy point  110/ 194
Energy point  120/ 194
Energy point  130/ 194
Energy point  140/ 194
Energy point  150/ 194
Energy point  160/ 194
Energy point  170/ 194
Energy point  180/ 194
Energy point  190/ 194
Done with module: FMS.

MKGTR: Tracing over Green's function ...
Done with module: MKGTR.

Pathfinder: finding scattering paths...
Preparing plane wave scattering amplitudes
Searching for paths
Eliminating path degeneracies
0 paths retained.
Done with module: pathfinder.

Calculating EXAFS parameters ...
Done with module: EXAFS parameters (GENFMT).

Calculating XAS spectra ...
Done with module: XAS spectra (FF2X: DW + final sum over paths).

 
### feff ends at Sun Aug 13 23:14:03 EDT 2023
 
