### feff starts at Mon Aug 14 05:34:17 EDT 2023
### Serial version
### FeffPath is /sdcc/u/mcarbone/software/JFEFF/hsw/feff90/linux
 
Launching FEFF version FEFF 9.9.1
Core hole lifetime is   1.729 eV.
Your calculation:
 comment: None given
 Source:
 Structure Summary:  Li4 Cu6 P8 O28
 Reduced formula:  Li2Cu3(P2O7)2
 space group: (P2_1/c), space number:  (14)
 abc:  8.042863   7.241313   9.291916
 angles: 72.343352  90.000000  90.000000
 sites: 46
Cu K edge XANES using RPA corehole.
Using:     * Self-Consistent Field potentials
Using cards:   ATOMS CONTROL EXCHANGE TITLE RPATH POTENTIALS XANES EDGE SCF FMS S02 COREHOLE EGRID

Calculating atomic potentials ...
    overlapped atomic potential and density for unique potential    0
    overlapped atomic potential and density for unique potential    1
    overlapped atomic potential and density for unique potential    2
    overlapped atomic potential and density for unique potential    3
    overlapped atomic potential and density for unique potential    4
Done with module: atomic potentials.

Calculating SCF potentials ...
FEFF-serial using 1 thread.
Muffin tin radii and interstitial parameters [bohr]:
type, norman radius, muffin tin, overlap factor
    0  1.36312E+00  1.30285E+00  1.12099E+00
    1  1.38179E+00  1.31999E+00  1.12263E+00
    2  1.35325E+00  1.28862E+00  1.13254E+00
    3  1.15224E+00  9.37097E-01  1.15000E+00
    4  1.03909E+00  9.04940E-01  1.15000E+00
Core-valence separation energy:  ecv=   -40.000 eV
Initial Fermi level:              mu=     6.005 eV
SCF ITERATION NUMBER  1
     point #   1  energy = -40.000
FMS for a cluster of  135 atoms around atom type   0
FMS for a cluster of  118 atoms around atom type   1
FMS for a cluster of  114 atoms around atom type   2
FMS for a cluster of  118 atoms around atom type   3
FMS for a cluster of  130 atoms around atom type   4
     point #  20  energy = -28.784
     point #  40  energy =  -8.534
     point #  60  energy =  -4.284
     point #  80  energy =  -3.368
New Fermi level:    mu=  -3.319 eV  Charge distance=  0.5985 (partial c.d.=  7.6951)
SCF ITERATION NUMBER  1
     point #   1  energy = -40.000
FMS for a cluster of  135 atoms around atom type   0
FMS for a cluster of  118 atoms around atom type   1
FMS for a cluster of  114 atoms around atom type   2
FMS for a cluster of  118 atoms around atom type   3
FMS for a cluster of  130 atoms around atom type   4
     point #  20  energy = -28.792
     point #  40  energy =  -8.413
     point #  60  energy =  -3.319
     point #  80  energy =  -4.897
     point # 100  energy =  -8.272
New Fermi level:    mu=  -7.978 eV  Charge distance=  0.1630 (partial c.d.=  3.2528)
SCF ITERATION NUMBER  1
     point #   1  energy = -40.000
FMS for a cluster of  135 atoms around atom type   0
FMS for a cluster of  118 atoms around atom type   1
FMS for a cluster of  114 atoms around atom type   2
FMS for a cluster of  118 atoms around atom type   3
FMS for a cluster of  130 atoms around atom type   4
     point #  20  energy = -28.993
     point #  40  energy =  -8.979
     point #  60  energy =  -7.938
     point #  80  energy =  -7.400
New Fermi level:    mu=  -7.553 eV  Charge distance=  0.1062 (partial c.d.=  0.2856)
SCF ITERATION NUMBER  2
     point #   1  energy = -40.000
     point #  20  energy = -28.846
     point #  40  energy =  -8.567
     point #  60  energy =  -7.512
     point #  80  energy =  -6.612
     point # 100  energy =  -6.912
New Fermi level:    mu=  -6.938 eV  Charge distance=  0.2644 (partial c.d.=  0.1942)
SCF ITERATION NUMBER  3
     point #   1  energy = -40.000
     point #  20  energy = -28.979
     point #  40  energy =  -8.942
     point #  60  energy =  -6.913
New Fermi level:    mu=  -6.838 eV  Charge distance=  0.0759 (partial c.d.=  0.0601)
SCF ITERATION NUMBER  4
     point #   1  energy = -40.000
     point #  20  energy = -28.946
     point #  40  energy =  -8.848
     point #  60  energy =  -6.863
New Fermi level:    mu=  -6.891 eV  Charge distance=  0.0169 (partial c.d.=  0.0427)
SCF ITERATION NUMBER  5
     point #   1  energy = -40.000
     point #  20  energy = -28.964
     point #  40  energy =  -8.898
     point #  60  energy =  -6.916
New Fermi level:    mu=  -6.990 eV  Charge distance=  0.0108 (partial c.d.=  0.0115)
SCF ITERATION NUMBER  6
     point #   1  energy = -40.000
     point #  20  energy = -28.997
     point #  40  energy =  -8.991
     point #  60  energy =  -7.015
New Fermi level:    mu=  -7.047 eV  Charge distance=  0.0049 (partial c.d.=  0.0086)
SCF ITERATION NUMBER  7
     point #   1  energy = -40.000
     point #  20  energy = -29.016
     point #  40  energy =  -9.044
New Fermi level:    mu=  -7.047 eV  Charge distance=  0.0056 (partial c.d.=  0.0020)
SCF ITERATION NUMBER  8
     point #   1  energy = -40.000
     point #  20  energy = -29.016
     point #  40  energy =  -9.044
     point #  60  energy =  -7.022
New Fermi level:    mu=  -7.031 eV  Charge distance=  0.0027 (partial c.d.=  0.0014)
SCF ITERATION NUMBER  9
     point #   1  energy = -40.000
     point #  20  energy = -29.010
     point #  40  energy =  -9.029
New Fermi level:    mu=  -7.027 eV  Charge distance=  0.0003 (partial c.d.=  0.0008)
SCF ITERATION NUMBER 10
     point #   1  energy = -40.000
     point #  20  energy = -29.009
     point #  40  energy =  -9.025
New Fermi level:    mu=  -7.027 eV  Charge distance=  0.0001 (partial c.d.=  0.0002)
Electronic configuration
  type     l     N_el
     0     0    0.420
     0     1    0.546
     0     2    9.673
     0     3    0.000
     1     0    0.257
     1     1    0.545
     1     2    0.000
     1     3    0.000
     2     0    0.441
     2     1    0.574
     2     2    9.643
     2     3    0.000
     3     0    1.180
     3     1    2.039
     3     2    1.045
     3     3    0.000
     4     0    1.823
     4     1    4.413
     4     2    0.076
     4     3    0.000
Charge transfer:  type  charge
       0   -0.360
       1   -0.198
       2   -0.342
       3   -0.736
       4    0.312
Convergence reached in   10 iterations.
Done with module: potentials.

Calculating screened core-hole potential ...
FMS for a cluster of   23 atoms around iph =   0
    0% of energy integration
   20%
   40%
   60%
   80%
  100%
Preparing response function.
Computing (1 - K Chi0)^-1 v_ch
Done with module: screened core-hole potential.

Calculating cross-section and phases ...
    absorption cross section
 x0,dx,rnrm,inrm,jnrm   8.80000000000000       5.000000000000000E-002
   2.57591609299998              195         196
    phase shifts for unique potential    0
    phase shifts for unique potential    1
    phase shifts for unique potential    2
    phase shifts for unique potential    3
    phase shifts for unique potential    4
Done with module: cross-section and phases (XSPH).

FMS calculation of full Green's function ...
FEFF-serial using 1 thread.
Using   194 energy points.
xprep done
FMS for a cluster of  261 atoms
Energy point    1/ 194
Energy point   10/ 194
Energy point   20/ 194
Energy point   30/ 194
Energy point   40/ 194
Energy point   50/ 194
Energy point   60/ 194
Energy point   70/ 194
Energy point   80/ 194
Energy point   90/ 194
Energy point  100/ 194
Energy point  110/ 194
Energy point  120/ 194
Energy point  130/ 194
Energy point  140/ 194
Energy point  150/ 194
Energy point  160/ 194
Energy point  170/ 194
Energy point  180/ 194
Energy point  190/ 194
Done with module: FMS.

MKGTR: Tracing over Green's function ...
Done with module: MKGTR.

Pathfinder: finding scattering paths...
Preparing plane wave scattering amplitudes
Searching for paths
Eliminating path degeneracies
0 paths retained.
Done with module: pathfinder.

Calculating EXAFS parameters ...
Done with module: EXAFS parameters (GENFMT).

Calculating XAS spectra ...
Done with module: XAS spectra (FF2X: DW + final sum over paths).

 
### feff ends at Mon Aug 14 07:26:54 EDT 2023
 
