### feff starts at Mon Aug 14 01:35:03 EDT 2023
### Serial version
### FeffPath is /sdcc/u/mcarbone/software/JFEFF/hsw/feff90/linux
 
Launching FEFF version FEFF 9.9.1
Core hole lifetime is   1.729 eV.
Your calculation:
 comment: None given
 Source:
 Structure Summary:  Sr1 Cu2 O3
 Reduced formula:  SrCu2O3
 space group: (Cmmm), space number:  (65)
 abc:  6.122571   6.122571   3.559786
 angles: 90.000000  90.000000 142.115464
 sites: 6
Cu K edge XANES using RPA corehole.
Using:     * Self-Consistent Field potentials
Using cards:   ATOMS CONTROL EXCHANGE TITLE RPATH POTENTIALS XANES EDGE SCF FMS S02 COREHOLE EGRID

Calculating atomic potentials ...
    overlapped atomic potential and density for unique potential    0
    overlapped atomic potential and density for unique potential    1
    overlapped atomic potential and density for unique potential    2
    overlapped atomic potential and density for unique potential    3
Done with module: atomic potentials.

Calculating SCF potentials ...
FEFF-serial using 1 thread.
Muffin tin radii and interstitial parameters [bohr]:
type, norman radius, muffin tin, overlap factor
    0  1.30524E+00  1.20494E+00  1.15000E+00
    1  1.85638E+00  1.80111E+00  1.07712E+00
    2  1.30524E+00  1.20494E+00  1.15000E+00
    3  1.11486E+00  1.05838E+00  1.14224E+00
Core-valence separation energy:  ecv=   -33.000 eV
Initial Fermi level:              mu=    -0.265 eV
SCF ITERATION NUMBER  1
     point #   1  energy = -33.000
FMS for a cluster of  100 atoms around atom type   0
FMS for a cluster of  101 atoms around atom type   1
FMS for a cluster of   95 atoms around atom type   2
FMS for a cluster of  102 atoms around atom type   3
     point #  20  energy = -21.779
     point #  40  energy =  -5.469
     point #  60  energy =  -3.844
New Fermi level:    mu=  -3.960 eV  Charge distance=  0.4746 (partial c.d.=  7.4828)
SCF ITERATION NUMBER  1
     point #   1  energy = -33.000
FMS for a cluster of  100 atoms around atom type   0
FMS for a cluster of  101 atoms around atom type   1
FMS for a cluster of   95 atoms around atom type   2
FMS for a cluster of  102 atoms around atom type   3
     point #  20  energy = -21.985
     point #  40  energy =  -3.960
     point #  60  energy =  -4.051
     point #  80  energy =  -8.185
     point # 100  energy =  -9.048
New Fermi level:    mu=  -9.080 eV  Charge distance=  0.1528 (partial c.d.=  2.4098)
SCF ITERATION NUMBER  1
     point #   1  energy = -33.000
FMS for a cluster of  100 atoms around atom type   0
FMS for a cluster of  101 atoms around atom type   1
FMS for a cluster of   95 atoms around atom type   2
FMS for a cluster of  102 atoms around atom type   3
     point #  20  energy = -22.037
     point #  40  energy =  -9.080
     point #  60  energy =  -8.574
     point #  80  energy =  -7.599
New Fermi level:    mu=  -7.609 eV  Charge distance=  0.1012 (partial c.d.=  0.4684)
SCF ITERATION NUMBER  2
     point #   1  energy = -33.000
     point #  20  energy = -21.828
     point #  40  energy =  -7.609
New Fermi level:    mu=  -7.533 eV  Charge distance=  0.3356 (partial c.d.=  0.0406)
SCF ITERATION NUMBER  3
     point #   1  energy = -33.000
     point #  20  energy = -21.794
     point #  40  energy =  -7.533
     point #  60  energy =  -7.405
New Fermi level:    mu=  -7.394 eV  Charge distance=  0.0441 (partial c.d.=  0.1868)
SCF ITERATION NUMBER  4
     point #   1  energy = -33.000
     point #  20  energy = -21.733
     point #  40  energy =  -7.394
New Fermi level:    mu=  -7.539 eV  Charge distance=  0.0268 (partial c.d.=  0.4217)
SCF ITERATION NUMBER  5
     point #   1  energy = -33.000
     point #  20  energy = -21.797
     point #  40  energy =  -7.539
New Fermi level:    mu=  -7.555 eV  Charge distance=  0.0069 (partial c.d.=  0.3313)
SCF ITERATION NUMBER  6
     point #   1  energy = -33.000
     point #  20  energy = -21.804
     point #  40  energy =  -7.555
New Fermi level:    mu=  -7.576 eV  Charge distance=  0.0064 (partial c.d.=  0.0344)
SCF ITERATION NUMBER  7
     point #   1  energy = -33.000
     point #  20  energy = -21.813
     point #  40  energy =  -7.576
New Fermi level:    mu=  -7.589 eV  Charge distance=  0.0010 (partial c.d.=  0.0327)
SCF ITERATION NUMBER  8
     point #   1  energy = -33.000
     point #  20  energy = -21.819
     point #  40  energy =  -7.589
New Fermi level:    mu=  -7.584 eV  Charge distance=  0.0029 (partial c.d.=  0.0024)
SCF ITERATION NUMBER  9
     point #   1  energy = -33.000
     point #  20  energy = -21.817
     point #  40  energy =  -7.584
New Fermi level:    mu=  -7.577 eV  Charge distance=  0.0003 (partial c.d.=  0.0039)
SCF ITERATION NUMBER 10
     point #   1  energy = -33.000
     point #  20  energy = -21.814
     point #  40  energy =  -7.577
New Fermi level:    mu=  -7.574 eV  Charge distance=  0.0001 (partial c.d.=  0.0010)
SCF ITERATION NUMBER 11
     point #   1  energy = -33.000
     point #  20  energy = -21.813
     point #  40  energy =  -7.574
New Fermi level:    mu=  -7.575 eV  Charge distance=  0.0001 (partial c.d.=  0.0002)
Electronic configuration
  type     l     N_el
     0     0    0.536
     0     1    0.627
     0     2    9.443
     0     3    0.000
     1     0    0.309
     1     1    6.424
     1     2    0.964
     1     3    0.000
     2     0    0.537
     2     1    0.629
     2     2    9.442
     2     3    0.000
     3     0    1.872
     3     1    4.410
     3     2    0.082
     3     3    0.000
Charge transfer:  type  charge
       0   -0.393
       1   -0.304
       2   -0.393
       3    0.365
Convergence reached in   11 iterations.
Done with module: potentials.

Calculating screened core-hole potential ...
FMS for a cluster of   16 atoms around iph =   0
    0% of energy integration
   20%
   40%
   60%
   80%
  100%
Preparing response function.
Computing (1 - K Chi0)^-1 v_ch
Done with module: screened core-hole potential.

Calculating cross-section and phases ...
    absorption cross section
 x0,dx,rnrm,inrm,jnrm   8.80000000000000       5.000000000000000E-002
   2.46654953799993              195         196
    phase shifts for unique potential    0
    phase shifts for unique potential    1
    phase shifts for unique potential    2
    phase shifts for unique potential    3
Done with module: cross-section and phases (XSPH).

FMS calculation of full Green's function ...
FEFF-serial using 1 thread.
Using   194 energy points.
xprep done
FMS for a cluster of  225 atoms
Energy point    1/ 194
Energy point   10/ 194
Energy point   20/ 194
Energy point   30/ 194
Energy point   40/ 194
Energy point   50/ 194
Energy point   60/ 194
Energy point   70/ 194
Energy point   80/ 194
Energy point   90/ 194
Energy point  100/ 194
Energy point  110/ 194
Energy point  120/ 194
Energy point  130/ 194
Energy point  140/ 194
Energy point  150/ 194
Energy point  160/ 194
Energy point  170/ 194
Energy point  180/ 194
Energy point  190/ 194
Done with module: FMS.

MKGTR: Tracing over Green's function ...
Done with module: MKGTR.

Pathfinder: finding scattering paths...
Preparing plane wave scattering amplitudes
Searching for paths
Eliminating path degeneracies
0 paths retained.
Done with module: pathfinder.

Calculating EXAFS parameters ...
Done with module: EXAFS parameters (GENFMT).

Calculating XAS spectra ...
Done with module: XAS spectra (FF2X: DW + final sum over paths).

 
### feff ends at Mon Aug 14 02:35:38 EDT 2023
 
