### feff starts at Mon Aug 14 02:37:26 EDT 2023
### Serial version
### FeffPath is /sdcc/u/mcarbone/software/JFEFF/hsw/feff90/linux
 
Launching FEFF version FEFF 9.9.1
Core hole lifetime is   1.729 eV.
Your calculation:
 comment: None given
 Source:
 Structure Summary:  Ca8 Cu16 O32
 Reduced formula:  Ca(CuO2)2
 space group: (Cm), space number:  (8)
 abc:  6.275222   6.275222  21.122645
 angles: 77.766948  77.766948  58.184025
 sites: 56
Cu K edge XANES using RPA corehole.
Using:     * Self-Consistent Field potentials
Using cards:   ATOMS CONTROL EXCHANGE TITLE RPATH POTENTIALS XANES EDGE SCF FMS S02 COREHOLE EGRID

Calculating atomic potentials ...
    overlapped atomic potential and density for unique potential    0
    overlapped atomic potential and density for unique potential    1
    overlapped atomic potential and density for unique potential    2
    overlapped atomic potential and density for unique potential    3
Done with module: atomic potentials.

Calculating SCF potentials ...
FEFF-serial using 1 thread.
Muffin tin radii and interstitial parameters [bohr]:
type, norman radius, muffin tin, overlap factor
    0  1.26763E+00  1.15692E+00  1.15000E+00
    1  1.65678E+00  1.57264E+00  1.14265E+00
    2  1.27697E+00  1.17647E+00  1.15000E+00
    3  1.10811E+00  1.01671E+00  1.15000E+00
Core-valence separation energy:  ecv=   -40.000 eV
Initial Fermi level:              mu=    -1.201 eV
SCF ITERATION NUMBER  1
     point #   1  energy = -40.000
FMS for a cluster of  122 atoms around atom type   0
FMS for a cluster of  120 atoms around atom type   1
FMS for a cluster of  114 atoms around atom type   2
FMS for a cluster of  121 atoms around atom type   3
     point #  20  energy = -28.794
     point #  40  energy =  -8.544
     point #  60  energy =  -5.275
     point #  80  energy =  -5.029
New Fermi level:    mu=  -5.068 eV  Charge distance=  0.7880 (partial c.d.=  6.6759)
SCF ITERATION NUMBER  1
     point #   1  energy = -40.000
FMS for a cluster of  122 atoms around atom type   0
FMS for a cluster of  120 atoms around atom type   1
FMS for a cluster of  114 atoms around atom type   2
FMS for a cluster of  121 atoms around atom type   3
     point #  20  energy = -29.021
     point #  40  energy =  -9.060
     point #  60  energy =  -5.068
     point #  80  energy =  -6.646
     point # 100  energy = -11.568
     point # 120  energy = -12.133
New Fermi level:    mu= -12.176 eV  Charge distance=  0.1834 (partial c.d.=  3.8999)
SCF ITERATION NUMBER  1
     point #   1  energy = -40.000
FMS for a cluster of  122 atoms around atom type   0
FMS for a cluster of  120 atoms around atom type   1
FMS for a cluster of  114 atoms around atom type   2
FMS for a cluster of  121 atoms around atom type   3
     point #  20  energy = -28.664
     point #  40  energy = -12.176
     point #  60  energy = -12.007
     point #  80  energy = -10.639
New Fermi level:    mu= -10.624 eV  Charge distance=  0.1434 (partial c.d.=  0.9384)
SCF ITERATION NUMBER  2
     point #   1  energy = -40.000
     point #  20  energy = -28.857
     point #  40  energy = -10.624
     point #  60  energy = -10.699
New Fermi level:    mu= -10.722 eV  Charge distance=  0.3904 (partial c.d.=  0.2051)
SCF ITERATION NUMBER  3
     point #   1  energy = -40.000
     point #  20  energy = -28.894
     point #  40  energy = -10.722
     point #  60  energy = -10.631
     point #  80  energy =  -9.787
New Fermi level:    mu=  -9.775 eV  Charge distance=  0.0662 (partial c.d.=  0.2939)
SCF ITERATION NUMBER  4
     point #   1  energy = -40.000
     point #  20  energy = -28.918
     point #  40  energy =  -9.775
     point #  60  energy =  -9.866
New Fermi level:    mu= -10.331 eV  Charge distance=  0.0466 (partial c.d.=  0.4874)
SCF ITERATION NUMBER  5
     point #   1  energy = -40.000
     point #  20  energy = -28.746
     point #  40  energy = -10.331
     point #  60  energy = -10.406
New Fermi level:    mu= -10.451 eV  Charge distance=  0.0122 (partial c.d.=  0.4052)
SCF ITERATION NUMBER  6
     point #   1  energy = -40.000
     point #  20  energy = -28.792
     point #  40  energy = -10.451
New Fermi level:    mu= -10.497 eV  Charge distance=  0.0085 (partial c.d.=  0.0988)
SCF ITERATION NUMBER  7
     point #   1  energy = -40.000
     point #  20  energy = -28.809
     point #  40  energy = -10.497
New Fermi level:    mu= -10.525 eV  Charge distance=  0.0024 (partial c.d.=  0.0914)
SCF ITERATION NUMBER  8
     point #   1  energy = -40.000
     point #  20  energy = -28.820
     point #  40  energy = -10.525
New Fermi level:    mu= -10.538 eV  Charge distance=  0.0020 (partial c.d.=  0.0185)
SCF ITERATION NUMBER  9
     point #   1  energy = -40.000
     point #  20  energy = -28.825
     point #  40  energy = -10.538
New Fermi level:    mu= -10.537 eV  Charge distance=  0.0019 (partial c.d.=  0.0071)
SCF ITERATION NUMBER 10
     point #   1  energy = -40.000
     point #  20  energy = -28.825
     point #  40  energy = -10.537
New Fermi level:    mu= -10.533 eV  Charge distance=  0.0011 (partial c.d.=  0.0012)
SCF ITERATION NUMBER 11
     point #   1  energy = -40.000
     point #  20  energy = -28.823
     point #  40  energy = -10.533
New Fermi level:    mu= -10.529 eV  Charge distance=  0.0003 (partial c.d.=  0.0044)
SCF ITERATION NUMBER 12
     point #   1  energy = -40.000
     point #  20  energy = -28.821
     point #  40  energy = -10.529
New Fermi level:    mu= -10.528 eV  Charge distance=  0.0001 (partial c.d.=  0.0010)
SCF ITERATION NUMBER 13
     point #   1  energy = -40.000
     point #  20  energy = -28.821
     point #  40  energy = -10.528
New Fermi level:    mu= -10.529 eV  Charge distance=  0.0001 (partial c.d.=  0.0000)
Electronic configuration
  type     l     N_el
     0     0    0.485
     0     1    0.626
     0     2    9.146
     0     3    0.000
     1     0    0.356
     1     1    6.555
     1     2    0.997
     1     3    0.000
     2     0    0.476
     2     1    0.619
     2     2    9.161
     2     3    0.000
     3     0    1.860
     3     1    4.466
     3     2    0.070
     3     3    0.000
Charge transfer:  type  charge
       0   -0.743
       1   -0.092
       2   -0.744
       3    0.395
Convergence reached in   13 iterations.
Done with module: potentials.

Calculating screened core-hole potential ...
FMS for a cluster of   24 atoms around iph =   0
    0% of energy integration
   20%
   40%
   60%
   80%
  100%
Preparing response function.
Computing (1 - K Chi0)^-1 v_ch
Done with module: screened core-hole potential.

Calculating cross-section and phases ...
    absorption cross section
 x0,dx,rnrm,inrm,jnrm   8.80000000000000       5.000000000000000E-002
   2.39547359100007              194         195
    phase shifts for unique potential    0
    phase shifts for unique potential    1
    phase shifts for unique potential    2
    phase shifts for unique potential    3
Done with module: cross-section and phases (XSPH).

FMS calculation of full Green's function ...
FEFF-serial using 1 thread.
Using   194 energy points.
xprep done
FMS for a cluster of  244 atoms
Energy point    1/ 194
Energy point   10/ 194
Energy point   20/ 194
Energy point   30/ 194
Energy point   40/ 194
Energy point   50/ 194
Energy point   60/ 194
Energy point   70/ 194
Energy point   80/ 194
Energy point   90/ 194
Energy point  100/ 194
Energy point  110/ 194
Energy point  120/ 194
Energy point  130/ 194
Energy point  140/ 194
Energy point  150/ 194
Energy point  160/ 194
Energy point  170/ 194
Energy point  180/ 194
Energy point  190/ 194
Done with module: FMS.

MKGTR: Tracing over Green's function ...
Done with module: MKGTR.

Pathfinder: finding scattering paths...
Preparing plane wave scattering amplitudes
Searching for paths
Eliminating path degeneracies
0 paths retained.
Done with module: pathfinder.

Calculating EXAFS parameters ...
Done with module: EXAFS parameters (GENFMT).

Calculating XAS spectra ...
Done with module: XAS spectra (FF2X: DW + final sum over paths).

 
### feff ends at Mon Aug 14 04:20:49 EDT 2023
 
