### feff starts at Sun Aug 13 17:05:17 EDT 2023
### Serial version
### FeffPath is /sdcc/u/mcarbone/software/JFEFF/hsw/feff90/linux
 
Launching FEFF version FEFF 9.9.1
Core hole lifetime is   1.729 eV.
Your calculation:
 comment: None given
 Source:
 Structure Summary:  Ca2 Cu9 O13
 Reduced formula:  Ca2Cu9O13
 space group: (C2/m), space number:  (12)
 abc:  5.185581   5.185581  16.398129
 angles: 81.889362  81.889362  34.517112
 sites: 24
Cu K edge XANES using RPA corehole.
Using:     * Self-Consistent Field potentials
Using cards:   ATOMS CONTROL EXCHANGE TITLE RPATH POTENTIALS XANES EDGE SCF FMS S02 COREHOLE EGRID

Calculating atomic potentials ...
    overlapped atomic potential and density for unique potential    0
    overlapped atomic potential and density for unique potential    1
    overlapped atomic potential and density for unique potential    2
    overlapped atomic potential and density for unique potential    3
Done with module: atomic potentials.

Calculating SCF potentials ...
FEFF-serial using 1 thread.
Muffin tin radii and interstitial parameters [bohr]:
type, norman radius, muffin tin, overlap factor
    0  1.33178E+00  1.26486E+00  1.14082E+00
    1  1.68085E+00  1.60433E+00  1.12522E+00
    2  1.32010E+00  1.24550E+00  1.15000E+00
    3  1.12430E+00  1.03537E+00  1.15000E+00
Core-valence separation energy:  ecv=   -40.000 eV
Initial Fermi level:              mu=    -1.111 eV
SCF ITERATION NUMBER  1
     point #   1  energy = -40.000
FMS for a cluster of  144 atoms around atom type   0
FMS for a cluster of  143 atoms around atom type   1
FMS for a cluster of  133 atoms around atom type   2
FMS for a cluster of  147 atoms around atom type   3
     point #  20  energy = -28.775
     point #  40  energy =  -8.525
     point #  60  energy =  -4.325
     point #  80  energy =  -4.378
New Fermi level:    mu=  -4.374 eV  Charge distance=  1.3225 (partial c.d.=  8.0378)
SCF ITERATION NUMBER  1
     point #   1  energy = -40.000
FMS for a cluster of  144 atoms around atom type   0
FMS for a cluster of  143 atoms around atom type   1
FMS for a cluster of  133 atoms around atom type   2
FMS for a cluster of  147 atoms around atom type   3
     point #  20  energy = -28.803
     point #  40  energy =  -8.445
     point #  60  energy =  -4.374
     point #  80  energy =  -5.952
     point # 100  energy = -10.815
New Fermi level:    mu= -11.527 eV  Charge distance=  0.3692 (partial c.d.=  6.5512)
SCF ITERATION NUMBER  1
     point #   1  energy = -40.000
FMS for a cluster of  144 atoms around atom type   0
FMS for a cluster of  143 atoms around atom type   1
FMS for a cluster of  133 atoms around atom type   2
FMS for a cluster of  147 atoms around atom type   3
     point #  20  energy = -28.814
     point #  40  energy = -11.527
     point #  60  energy = -11.358
     point #  80  energy =  -9.714
New Fermi level:    mu= -10.016 eV  Charge distance=  0.2768 (partial c.d.=  2.4129)
SCF ITERATION NUMBER  2
     point #   1  energy = -40.000
     point #  20  energy = -29.006
     point #  40  energy = -10.016
     point #  60  energy = -10.079
New Fermi level:    mu= -10.097 eV  Charge distance=  0.4384 (partial c.d.=  1.0203)
SCF ITERATION NUMBER  3
     point #   1  energy = -40.000
     point #  20  energy = -29.036
     point #  40  energy = -10.097
     point #  60  energy = -10.006
     point #  80  energy =  -9.556
New Fermi level:    mu=  -9.566 eV  Charge distance=  0.3964 (partial c.d.=  0.8853)
SCF ITERATION NUMBER  4
     point #   1  energy = -40.000
     point #  20  energy = -28.841
     point #  40  energy =  -9.566
New Fermi level:    mu=  -9.542 eV  Charge distance=  0.2512 (partial c.d.=  7.4987)
SCF ITERATION NUMBER  5
     point #   1  energy = -40.000
     point #  20  energy = -28.832
     point #  40  energy =  -9.542
     point #  60  energy =  -9.639
New Fermi level:    mu=  -9.738 eV  Charge distance=  0.0559 (partial c.d.=  7.4709)
SCF ITERATION NUMBER  6
     point #   1  energy = -40.000
     point #  20  energy = -28.904
     point #  40  energy =  -9.738
     point #  60  energy =  -9.800
New Fermi level:    mu=  -9.867 eV  Charge distance=  0.0650 (partial c.d.=  0.0751)
SCF ITERATION NUMBER  7
     point #   1  energy = -40.000
     point #  20  energy = -28.951
     point #  40  energy =  -9.867
     point #  60  energy =  -9.929
New Fermi level:    mu= -10.090 eV  Charge distance=  0.0057 (partial c.d.=  0.6558)
SCF ITERATION NUMBER  8
     point #   1  energy = -40.000
     point #  20  energy = -29.033
     point #  40  energy = -10.090
     point #  60  energy = -10.027
New Fermi level:    mu=  -9.994 eV  Charge distance=  0.0061 (partial c.d.=  0.4018)
SCF ITERATION NUMBER  9
     point #   1  energy = -40.000
     point #  20  energy = -28.998
     point #  40  energy =  -9.994
New Fermi level:    mu=  -9.992 eV  Charge distance=  0.0511 (partial c.d.=  0.0325)
SCF ITERATION NUMBER 10
     point #   1  energy = -40.000
     point #  20  energy = -28.997
     point #  40  energy =  -9.992
New Fermi level:    mu=  -9.943 eV  Charge distance=  0.0053 (partial c.d.=  0.2885)
SCF ITERATION NUMBER 11
     point #   1  energy = -40.000
     point #  20  energy = -28.979
     point #  40  energy =  -9.943
New Fermi level:    mu=  -9.943 eV  Charge distance=  0.0029 (partial c.d.=  0.0583)
SCF ITERATION NUMBER 12
     point #   1  energy = -40.000
     point #  20  energy = -28.979
     point #  40  energy =  -9.943
New Fermi level:    mu=  -9.941 eV  Charge distance=  0.0071 (partial c.d.=  0.0176)
SCF ITERATION NUMBER 13
     point #   1  energy = -40.000
     point #  20  energy = -28.978
     point #  40  energy =  -9.941
New Fermi level:    mu=  -9.940 eV  Charge distance=  0.0007 (partial c.d.=  0.0380)
SCF ITERATION NUMBER 14
     point #   1  energy = -40.000
     point #  20  energy = -28.978
     point #  40  energy =  -9.940
New Fermi level:    mu=  -9.942 eV  Charge distance=  0.0019 (partial c.d.=  0.0012)
SCF ITERATION NUMBER 15
     point #   1  energy = -40.000
     point #  20  energy = -28.979
     point #  40  energy =  -9.942
New Fermi level:    mu=  -9.945 eV  Charge distance=  0.0002 (partial c.d.=  0.0020)
SCF ITERATION NUMBER 16
     point #   1  energy = -40.000
     point #  20  energy = -28.980
     point #  40  energy =  -9.945
New Fermi level:    mu=  -9.945 eV  Charge distance=  0.0003 (partial c.d.=  0.0013)
SCF ITERATION NUMBER 17
     point #   1  energy = -40.000
     point #  20  energy = -28.980
     point #  40  energy =  -9.945
New Fermi level:    mu=  -9.945 eV  Charge distance=  0.0001 (partial c.d.=  0.0006)
SCF ITERATION NUMBER 18
     point #   1  energy = -40.000
     point #  20  energy = -28.980
     point #  40  energy =  -9.945
New Fermi level:    mu=  -9.944 eV  Charge distance=  0.0000 (partial c.d.=  0.0001)
Electronic configuration
  type     l     N_el
     0     0    0.455
     0     1    0.595
     0     2    9.370
     0     3    0.000
     1     0    0.362
     1     1    6.568
     1     2    1.087
     1     3    0.000
     2     0    0.459
     2     1    0.594
     2     2    9.275
     2     3    0.000
     3     0    1.862
     3     1    4.533
     3     2    0.068
     3     3    0.000
Charge transfer:  type  charge
       0   -0.580
       1    0.017
       2   -0.672
       3    0.463
Convergence reached in   18 iterations.
Done with module: potentials.

Calculating screened core-hole potential ...
FMS for a cluster of   27 atoms around iph =   0
    0% of energy integration
   20%
   40%
   60%
   80%
  100%
Preparing response function.
Computing (1 - K Chi0)^-1 v_ch
Done with module: screened core-hole potential.

Calculating cross-section and phases ...
    absorption cross section
 x0,dx,rnrm,inrm,jnrm   8.80000000000000       5.000000000000000E-002
   2.51669269900014              195         196
    phase shifts for unique potential    0
    phase shifts for unique potential    1
    phase shifts for unique potential    2
    phase shifts for unique potential    3
Done with module: cross-section and phases (XSPH).

FMS calculation of full Green's function ...
FEFF-serial using 1 thread.
Using   194 energy points.
xprep done
FMS for a cluster of  300 atoms
Energy point    1/ 194
Energy point   10/ 194
Energy point   20/ 194
Energy point   30/ 194
Energy point   40/ 194
Energy point   50/ 194
Energy point   60/ 194
Energy point   70/ 194
Energy point   80/ 194
Energy point   90/ 194
Energy point  100/ 194
Energy point  110/ 194
Energy point  120/ 194
Energy point  130/ 194
Energy point  140/ 194
Energy point  150/ 194
Energy point  160/ 194
Energy point  170/ 194
Energy point  180/ 194
Energy point  190/ 194
Done with module: FMS.

MKGTR: Tracing over Green's function ...
Done with module: MKGTR.

Pathfinder: finding scattering paths...
Preparing plane wave scattering amplitudes
Searching for paths
Eliminating path degeneracies
0 paths retained.
Done with module: pathfinder.

Calculating EXAFS parameters ...
Done with module: EXAFS parameters (GENFMT).

Calculating XAS spectra ...
Done with module: XAS spectra (FF2X: DW + final sum over paths).

 
### feff ends at Sun Aug 13 20:13:19 EDT 2023
 
