### feff starts at Sun Aug 13 09:26:08 EDT 2023
### Serial version
### FeffPath is /sdcc/u/mcarbone/software/JFEFF/hsw/feff90/linux
 
Launching FEFF version FEFF 9.9.1
Core hole lifetime is   1.729 eV.
Your calculation:
 comment: None given
 Source:
 Structure Summary:  V4 Cu4 O12
 Reduced formula:  VCuO3
 space group: (Im-3), space number:  (204)
 abc:  6.347573   6.347573   6.347573
 angles:109.471221 109.471221 109.471221
 sites: 20
Cu K edge XANES using RPA corehole.
Using:     * Self-Consistent Field potentials
Using cards:   ATOMS CONTROL EXCHANGE TITLE RPATH POTENTIALS XANES EDGE SCF FMS S02 COREHOLE EGRID

Calculating atomic potentials ...
    overlapped atomic potential and density for unique potential    0
    overlapped atomic potential and density for unique potential    1
    overlapped atomic potential and density for unique potential    2
    overlapped atomic potential and density for unique potential    3
Done with module: atomic potentials.

Calculating SCF potentials ...
FEFF-serial using 1 thread.
Muffin tin radii and interstitial parameters [bohr]:
type, norman radius, muffin tin, overlap factor
    0  1.30071E+00  1.22355E+00  1.15000E+00
    1  1.37248E+00  1.24085E+00  1.15000E+00
    2  1.30084E+00  1.22360E+00  1.15000E+00
    3  1.09566E+00  1.00070E+00  1.15000E+00
Core-valence separation energy:  ecv=   -52.000 eV
Initial Fermi level:              mu=     0.179 eV
SCF ITERATION NUMBER  1
     point #   1  energy = -52.000
FMS for a cluster of  143 atoms around atom type   0
FMS for a cluster of  136 atoms around atom type   1
FMS for a cluster of  129 atoms around atom type   2
FMS for a cluster of  147 atoms around atom type   3
     point #  20  energy = -40.935
     point #  40  energy = -20.685
     point #  60  energy =  -7.529
     point #  80  energy =  -6.363
New Fermi level:    mu=  -6.084 eV  Charge distance=  1.3468 (partial c.d.=  7.2297)
SCF ITERATION NUMBER  1
     point #   1  energy = -52.000
FMS for a cluster of  143 atoms around atom type   0
FMS for a cluster of  136 atoms around atom type   1
FMS for a cluster of  129 atoms around atom type   2
FMS for a cluster of  147 atoms around atom type   3
     point #  20  energy = -40.776
     point #  40  energy = -20.369
     point #  60  energy =  -6.084
     point #  80  energy =  -6.365
     point # 100  energy =  -9.212
     point # 120  energy =  -7.868
     point # 140  energy =  -7.449
New Fermi level:    mu=  -7.265 eV  Charge distance=  0.6609 (partial c.d.=  7.0337)
SCF ITERATION NUMBER  1
     point #   1  energy = -52.000
FMS for a cluster of  143 atoms around atom type   0
FMS for a cluster of  136 atoms around atom type   1
FMS for a cluster of  129 atoms around atom type   2
FMS for a cluster of  147 atoms around atom type   3
     point #  20  energy = -40.816
     point #  40  energy = -20.482
     point #  60  energy =  -7.265
     point #  80  energy =  -7.772
     point # 100  energy =  -8.956
     point # 120  energy =  -8.484
New Fermi level:    mu=  -8.382 eV  Charge distance=  0.2695 (partial c.d.=  1.1685)
SCF ITERATION NUMBER  2
     point #   1  energy = -52.000
     point #  20  energy = -40.842
     point #  40  energy = -20.554
     point #  60  energy =  -8.382
     point #  80  energy =  -8.816
     point # 100  energy = -10.204
New Fermi level:    mu= -10.187 eV  Charge distance=  0.1274 (partial c.d.=  1.6670)
SCF ITERATION NUMBER  3
     point #   1  energy = -52.000
     point #  20  energy = -40.782
     point #  40  energy = -20.385
     point #  60  energy = -10.187
     point #  80  energy =  -9.549
New Fermi level:    mu=  -9.344 eV  Charge distance=  0.1398 (partial c.d.=  1.2956)
SCF ITERATION NUMBER  4
     point #   1  energy = -52.000
     point #  20  energy = -40.828
     point #  40  energy = -20.516
     point #  60  energy =  -9.344
     point #  80  energy =  -9.835
New Fermi level:    mu=  -9.999 eV  Charge distance=  0.0783 (partial c.d.=  1.3780)
SCF ITERATION NUMBER  5
     point #   1  energy = -52.000
     point #  20  energy = -40.731
     point #  40  energy = -20.243
     point #  60  energy =  -9.999
     point #  80  energy = -10.199
New Fermi level:    mu= -10.198 eV  Charge distance=  0.0231 (partial c.d.=  0.9592)
SCF ITERATION NUMBER  6
     point #   1  energy = -52.000
     point #  20  energy = -40.785
     point #  40  energy = -20.393
     point #  60  energy = -10.198
New Fermi level:    mu= -10.226 eV  Charge distance=  0.0120 (partial c.d.=  0.2056)
SCF ITERATION NUMBER  7
     point #   1  energy = -52.000
     point #  20  energy = -40.792
     point #  40  energy = -20.415
     point #  60  energy = -10.226
New Fermi level:    mu= -10.188 eV  Charge distance=  0.0097 (partial c.d.=  0.0910)
SCF ITERATION NUMBER  8
     point #   1  energy = -52.000
     point #  20  energy = -40.782
     point #  40  energy = -20.386
     point #  60  energy = -10.188
New Fermi level:    mu= -10.145 eV  Charge distance=  0.0080 (partial c.d.=  0.0795)
SCF ITERATION NUMBER  9
     point #   1  energy = -52.000
     point #  20  energy = -40.771
     point #  40  energy = -20.354
     point #  60  energy = -10.145
New Fermi level:    mu= -10.150 eV  Charge distance=  0.0018 (partial c.d.=  0.0563)
SCF ITERATION NUMBER 10
     point #   1  energy = -52.000
     point #  20  energy = -40.772
     point #  40  energy = -20.357
     point #  60  energy = -10.150
New Fermi level:    mu= -10.135 eV  Charge distance=  0.0037 (partial c.d.=  0.0069)
SCF ITERATION NUMBER 11
     point #   1  energy = -52.000
     point #  20  energy = -40.768
     point #  40  energy = -20.346
     point #  60  energy = -10.135
New Fermi level:    mu= -10.110 eV  Charge distance=  0.0008 (partial c.d.=  0.0094)
SCF ITERATION NUMBER 12
     point #   1  energy = -52.000
     point #  20  energy = -40.761
     point #  40  energy = -20.327
     point #  60  energy = -10.110
New Fermi level:    mu= -10.109 eV  Charge distance=  0.0009 (partial c.d.=  0.0020)
SCF ITERATION NUMBER 13
     point #   1  energy = -52.000
     point #  20  energy = -40.761
     point #  40  energy = -20.326
     point #  60  energy = -10.109
New Fermi level:    mu= -10.110 eV  Charge distance=  0.0002 (partial c.d.=  0.0032)
SCF ITERATION NUMBER 14
     point #   1  energy = -52.000
     point #  20  energy = -40.761
     point #  40  energy = -20.327
     point #  60  energy = -10.110
New Fermi level:    mu= -10.111 eV  Charge distance=  0.0000 (partial c.d.=  0.0004)
SCF ITERATION NUMBER 15
     point #   1  energy = -52.000
     point #  20  energy = -40.761
     point #  40  energy = -20.328
     point #  60  energy = -10.111
New Fermi level:    mu= -10.111 eV  Charge distance=  0.0000 (partial c.d.=  0.0002)
Electronic configuration
  type     l     N_el
     0     0    0.450
     0     1    0.520
     0     2    9.365
     0     3    0.000
     1     0    0.456
     1     1    6.789
     1     2    3.476
     1     3    0.000
     2     0    0.450
     2     1    0.519
     2     2    9.367
     2     3    0.000
     3     0    1.848
     3     1    4.386
     3     2    0.080
     3     3    0.000
Charge transfer:  type  charge
       0   -0.665
       1   -0.279
       2   -0.664
       3    0.315
Convergence reached in   15 iterations.
Done with module: potentials.

Calculating screened core-hole potential ...
FMS for a cluster of   27 atoms around iph =   0
    0% of energy integration
   20%
   40%
   60%
   80%
  100%
Preparing response function.
Computing (1 - K Chi0)^-1 v_ch
Done with module: screened core-hole potential.

Calculating cross-section and phases ...
    absorption cross section
 x0,dx,rnrm,inrm,jnrm   8.80000000000000       5.000000000000000E-002
   2.45798784500004              194         195
    phase shifts for unique potential    0
    phase shifts for unique potential    1
    phase shifts for unique potential    2
    phase shifts for unique potential    3
Done with module: cross-section and phases (XSPH).

FMS calculation of full Green's function ...
FEFF-serial using 1 thread.
Using   194 energy points.
xprep done
FMS for a cluster of  313 atoms
Energy point    1/ 194
Energy point   10/ 194
Energy point   20/ 194
Energy point   30/ 194
Energy point   40/ 194
Energy point   50/ 194
Energy point   60/ 194
Energy point   70/ 194
Energy point   80/ 194
Energy point   90/ 194
Energy point  100/ 194
Energy point  110/ 194
Energy point  120/ 194
Energy point  130/ 194
Energy point  140/ 194
Energy point  150/ 194
Energy point  160/ 194
Energy point  170/ 194
Energy point  180/ 194
Energy point  190/ 194
Done with module: FMS.

MKGTR: Tracing over Green's function ...
Done with module: MKGTR.

Pathfinder: finding scattering paths...
Preparing plane wave scattering amplitudes
Searching for paths
Eliminating path degeneracies
0 paths retained.
Done with module: pathfinder.

Calculating EXAFS parameters ...
Done with module: EXAFS parameters (GENFMT).

Calculating XAS spectra ...
Done with module: XAS spectra (FF2X: DW + final sum over paths).

 
### feff ends at Sun Aug 13 12:44:47 EDT 2023
 
