### feff starts at Sun Aug 13 20:25:57 EDT 2023
### Serial version
### FeffPath is /sdcc/u/mcarbone/software/JFEFF/hsw/feff90/linux
 
Launching FEFF version FEFF 9.9.1
Resetting lmaxsc to 2 for iph =    2.  Use  UNFREEZE to prevent this.
Core hole lifetime is   1.729 eV.
Your calculation:
 comment: None given
 Source:
 Structure Summary:  Cu8 W4 O16
 Reduced formula:  Cu2WO4
 space group: (P-1), space number:  (2)
 abc:  5.933540   8.113525   8.297372
 angles:109.779703  95.240757  92.214258
 sites: 28
Cu K edge XANES using RPA corehole.
Using:     * Self-Consistent Field potentials
Using cards:   ATOMS CONTROL EXCHANGE TITLE RPATH POTENTIALS XANES EDGE SCF FMS S02 COREHOLE EGRID

Calculating atomic potentials ...
    overlapped atomic potential and density for unique potential    0
    overlapped atomic potential and density for unique potential    1
    overlapped atomic potential and density for unique potential    2
    overlapped atomic potential and density for unique potential    3
Done with module: atomic potentials.

Calculating SCF potentials ...
FEFF-serial using 1 thread.
Muffin tin radii and interstitial parameters [bohr]:
type, norman radius, muffin tin, overlap factor
    0  1.36114E+00  1.22614E+00  1.15000E+00
    1  1.35402E+00  1.19391E+00  1.15000E+00
    2  1.42328E+00  1.24608E+00  1.15000E+00
    3  1.06659E+00  9.10173E-01  1.15000E+00
Core-valence separation energy:  ecv=   -32.500 eV
Initial Fermi level:              mu=     3.426 eV
SCF ITERATION NUMBER  1
     point #   1  energy = -32.500
FMS for a cluster of  115 atoms around atom type   0
FMS for a cluster of  105 atoms around atom type   1
FMS for a cluster of  101 atoms around atom type   2
FMS for a cluster of  110 atoms around atom type   3
     point #  20  energy = -21.251
     point #  40  energy =  -3.929
     point #  60  energy =  -3.485
New Fermi level:    mu=  -3.622 eV  Charge distance=  0.5789 (partial c.d.=  6.7217)
SCF ITERATION NUMBER  1
     point #   1  energy = -32.500
FMS for a cluster of  115 atoms around atom type   0
FMS for a cluster of  105 atoms around atom type   1
FMS for a cluster of  101 atoms around atom type   2
FMS for a cluster of  110 atoms around atom type   3
     point #  20  energy = -21.546
     point #  40  energy =  -3.622
     point #  60  energy =  -3.713
     point #  80  energy =  -6.304
     point # 100  energy =  -5.694
New Fermi level:    mu=  -5.675 eV  Charge distance=  0.4929 (partial c.d.=  3.5302)
SCF ITERATION NUMBER  1
     point #   1  energy = -32.500
FMS for a cluster of  115 atoms around atom type   0
FMS for a cluster of  105 atoms around atom type   1
FMS for a cluster of  101 atoms around atom type   2
FMS for a cluster of  110 atoms around atom type   3
     point #  20  energy = -21.151
     point #  40  energy =  -5.675
     point #  60  energy =  -5.385
New Fermi level:    mu=  -5.296 eV  Charge distance=  0.2166 (partial c.d.=  0.8703)
SCF ITERATION NUMBER  2
     point #   1  energy = -32.500
     point #  20  energy = -21.417
     point #  40  energy =  -5.296
New Fermi level:    mu=  -5.342 eV  Charge distance=  0.0888 (partial c.d.=  0.6544)
SCF ITERATION NUMBER  3
     point #   1  energy = -32.500
     point #  20  energy = -21.435
     point #  40  energy =  -5.342
     point #  60  energy =  -5.523
New Fermi level:    mu=  -5.504 eV  Charge distance=  0.2365 (partial c.d.=  0.2708)
SCF ITERATION NUMBER  4
     point #   1  energy = -32.500
     point #  20  energy = -21.502
     point #  40  energy =  -5.504
     point #  60  energy =  -5.685
New Fermi level:    mu=  -5.653 eV  Charge distance=  0.0487 (partial c.d.=  0.3528)
SCF ITERATION NUMBER  5
     point #   1  energy = -32.500
     point #  20  energy = -21.562
     point #  40  energy =  -5.653
New Fermi level:    mu=  -5.579 eV  Charge distance=  0.0030 (partial c.d.=  0.1319)
SCF ITERATION NUMBER  6
     point #   1  energy = -32.500
     point #  20  energy = -21.532
     point #  40  energy =  -5.579
New Fermi level:    mu=  -5.547 eV  Charge distance=  0.0114 (partial c.d.=  0.0089)
SCF ITERATION NUMBER  7
     point #   1  energy = -32.500
     point #  20  energy = -21.519
     point #  40  energy =  -5.547
New Fermi level:    mu=  -5.495 eV  Charge distance=  0.0016 (partial c.d.=  0.0109)
SCF ITERATION NUMBER  8
     point #   1  energy = -32.500
     point #  20  energy = -21.498
     point #  40  energy =  -5.495
New Fermi level:    mu=  -5.488 eV  Charge distance=  0.0004 (partial c.d.=  0.0013)
SCF ITERATION NUMBER  9
     point #   1  energy = -32.500
     point #  20  energy = -21.495
     point #  40  energy =  -5.488
New Fermi level:    mu=  -5.488 eV  Charge distance=  0.0005 (partial c.d.=  0.0008)
SCF ITERATION NUMBER 10
     point #   1  energy = -32.500
     point #  20  energy = -21.495
     point #  40  energy =  -5.488
New Fermi level:    mu=  -5.489 eV  Charge distance=  0.0002 (partial c.d.=  0.0012)
SCF ITERATION NUMBER 11
     point #   1  energy = -32.500
     point #  20  energy = -21.496
     point #  40  energy =  -5.489
New Fermi level:    mu=  -5.490 eV  Charge distance=  0.0001 (partial c.d.=  0.0007)
SCF ITERATION NUMBER 12
     point #   1  energy = -32.500
     point #  20  energy = -21.496
     point #  40  energy =  -5.490
New Fermi level:    mu=  -5.490 eV  Charge distance=  0.0000 (partial c.d.=  0.0002)
Electronic configuration
  type     l     N_el
     0     0    0.609
     0     1    0.683
     0     2    9.568
     0     3    0.000
     1     0    0.613
     1     1    0.718
     1     2    9.560
     1     3    0.000
     2     0    0.577
     2     1    0.801
     2     2    3.955
     2     3    0.000
     3     0    1.828
     3     1    4.299
     3     2    0.094
     3     3    0.000
Charge transfer:  type  charge
       0   -0.140
       1   -0.109
       2   -0.668
       3    0.221
Convergence reached in   12 iterations.
Done with module: potentials.

Calculating screened core-hole potential ...
FMS for a cluster of   20 atoms around iph =   0
    0% of energy integration
   20%
   40%
   60%
   80%
  100%
Preparing response function.
Computing (1 - K Chi0)^-1 v_ch
Done with module: screened core-hole potential.

Calculating cross-section and phases ...
    absorption cross section
 x0,dx,rnrm,inrm,jnrm   8.80000000000000       5.000000000000000E-002
   2.57219048700002              195         196
    phase shifts for unique potential    0
    phase shifts for unique potential    1
    phase shifts for unique potential    2
    phase shifts for unique potential    3
Done with module: cross-section and phases (XSPH).

FMS calculation of full Green's function ...
FEFF-serial using 1 thread.
Using   194 energy points.
xprep done
FMS for a cluster of  227 atoms
Energy point    1/ 194
Energy point   10/ 194
Energy point   20/ 194
Energy point   30/ 194
Energy point   40/ 194
Energy point   50/ 194
Energy point   60/ 194
Energy point   70/ 194
Energy point   80/ 194
Energy point   90/ 194
Energy point  100/ 194
Energy point  110/ 194
Energy point  120/ 194
Energy point  130/ 194
Energy point  140/ 194
Energy point  150/ 194
Energy point  160/ 194
Energy point  170/ 194
Energy point  180/ 194
Energy point  190/ 194
Done with module: FMS.

MKGTR: Tracing over Green's function ...
Done with module: MKGTR.

Pathfinder: finding scattering paths...
Preparing plane wave scattering amplitudes
Searching for paths
Eliminating path degeneracies
0 paths retained.
Done with module: pathfinder.

Calculating EXAFS parameters ...
Done with module: EXAFS parameters (GENFMT).

Calculating XAS spectra ...
Done with module: XAS spectra (FF2X: DW + final sum over paths).

 
### feff ends at Sun Aug 13 21:43:07 EDT 2023
 
