### feff starts at Mon Aug 14 11:41:51 EDT 2023
### Serial version
### FeffPath is /sdcc/u/mcarbone/software/JFEFF/hsw/feff90/linux
 
Launching FEFF version FEFF 9.9.1
Core hole lifetime is   1.729 eV.
Your calculation:
 comment: None given
 Source:
 Structure Summary:  Sc13 Cu13 O33
 Reduced formula:  Sc13Cu13O33
 space group: (Cm), space number:  (8)
 abc:  5.964044   5.964044  36.258679
 angles: 87.867821  87.867821  33.365060
 sites: 59
Cu K edge XANES using RPA corehole.
Using:     * Self-Consistent Field potentials
Using cards:   ATOMS CONTROL EXCHANGE TITLE RPATH POTENTIALS XANES EDGE SCF FMS S02 COREHOLE EGRID

Calculating atomic potentials ...
    overlapped atomic potential and density for unique potential    0
    overlapped atomic potential and density for unique potential    1
    overlapped atomic potential and density for unique potential    2
    overlapped atomic potential and density for unique potential    3
Done with module: atomic potentials.

Calculating SCF potentials ...
FEFF-serial using 1 thread.
Muffin tin radii and interstitial parameters [bohr]:
type, norman radius, muffin tin, overlap factor
    0  1.31885E+00  1.13977E+00  1.15000E+00
    1  1.52199E+00  1.42728E+00  1.15000E+00
    2  1.31188E+00  1.18174E+00  1.15000E+00
    3  1.09809E+00  1.00611E+00  1.15000E+00
Core-valence separation energy:  ecv=   -42.500 eV
Initial Fermi level:              mu=    -1.729 eV
SCF ITERATION NUMBER  1
     point #   1  energy = -42.500
FMS for a cluster of  121 atoms around atom type   0
FMS for a cluster of  110 atoms around atom type   1
FMS for a cluster of  120 atoms around atom type   2
FMS for a cluster of  122 atoms around atom type   3
     point #  20  energy = -31.308
     point #  40  energy = -11.058
     point #  60  energy =  -6.671
     point #  80  energy =  -5.968
New Fermi level:    mu=  -5.890 eV  Charge distance=  1.4718 (partial c.d.=  6.6370)
SCF ITERATION NUMBER  1
     point #   1  energy = -42.500
FMS for a cluster of  121 atoms around atom type   0
FMS for a cluster of  110 atoms around atom type   1
FMS for a cluster of  120 atoms around atom type   2
FMS for a cluster of  122 atoms around atom type   3
     point #  20  energy = -31.314
     point #  40  energy = -10.975
     point #  60  energy =  -5.890
     point #  80  energy =  -7.468
     point # 100  energy = -11.899
New Fermi level:    mu= -11.804 eV  Charge distance=  0.4418 (partial c.d.=  7.7095)
SCF ITERATION NUMBER  1
     point #   1  energy = -42.500
FMS for a cluster of  121 atoms around atom type   0
FMS for a cluster of  110 atoms around atom type   1
FMS for a cluster of  120 atoms around atom type   2
FMS for a cluster of  122 atoms around atom type   3
     point #  20  energy = -31.245
     point #  40  energy = -11.804
     point #  60  energy = -11.714
New Fermi level:    mu= -11.177 eV  Charge distance=  0.2973 (partial c.d.=  0.2594)
SCF ITERATION NUMBER  2
     point #   1  energy = -42.500
     point #  20  energy = -31.386
     point #  40  energy = -11.177
     point #  60  energy = -11.137
     point #  80  energy =  -9.996
New Fermi level:    mu=  -9.920 eV  Charge distance=  0.3558 (partial c.d.=  0.5589)
SCF ITERATION NUMBER  3
     point #   1  energy = -42.500
     point #  20  energy = -31.301
     point #  40  energy = -10.939
     point #  60  energy =  -9.880
     point #  80  energy =  -9.192
New Fermi level:    mu=  -9.160 eV  Charge distance=  0.1094 (partial c.d.=  0.6208)
SCF ITERATION NUMBER  4
     point #   1  energy = -42.500
     point #  20  energy = -31.387
     point #  40  energy = -11.180
     point #  60  energy =  -9.172
     point #  80  energy = -10.410
New Fermi level:    mu= -10.082 eV  Charge distance=  0.1282 (partial c.d.=  0.5478)
SCF ITERATION NUMBER  5
     point #   1  energy = -42.500
     point #  20  energy = -31.356
     point #  40  energy = -11.096
     point #  60  energy = -10.042
New Fermi level:    mu=  -9.894 eV  Charge distance=  0.0698 (partial c.d.=  0.7236)
SCF ITERATION NUMBER  6
     point #   1  energy = -42.500
     point #  20  energy = -31.292
     point #  40  energy = -10.913
     point #  60  energy =  -9.857
New Fermi level:    mu=  -9.851 eV  Charge distance=  0.0497 (partial c.d.=  0.4230)
SCF ITERATION NUMBER  7
     point #   1  energy = -42.500
     point #  20  energy = -31.277
     point #  40  energy = -10.872
New Fermi level:    mu=  -9.831 eV  Charge distance=  0.0018 (partial c.d.=  0.1481)
SCF ITERATION NUMBER  8
     point #   1  energy = -42.500
     point #  20  energy = -31.270
     point #  40  energy = -10.852
     point #  60  energy =  -9.794
New Fermi level:    mu=  -9.783 eV  Charge distance=  0.0074 (partial c.d.=  0.0359)
SCF ITERATION NUMBER  9
     point #   1  energy = -42.500
     point #  20  energy = -31.254
     point #  40  energy = -10.806
     point #  60  energy =  -9.746
New Fermi level:    mu=  -9.741 eV  Charge distance=  0.0037 (partial c.d.=  0.0088)
SCF ITERATION NUMBER 10
     point #   1  energy = -42.500
     point #  20  energy = -31.239
     point #  40  energy = -10.764
New Fermi level:    mu=  -9.727 eV  Charge distance=  0.0006 (partial c.d.=  0.0066)
SCF ITERATION NUMBER 11
     point #   1  energy = -42.500
     point #  20  energy = -31.234
     point #  40  energy = -10.751
New Fermi level:    mu=  -9.724 eV  Charge distance=  0.0005 (partial c.d.=  0.0005)
SCF ITERATION NUMBER 12
     point #   1  energy = -42.500
     point #  20  energy = -31.233
     point #  40  energy = -10.749
New Fermi level:    mu=  -9.724 eV  Charge distance=  0.0009 (partial c.d.=  0.0005)
SCF ITERATION NUMBER 13
     point #   1  energy = -42.500
     point #  20  energy = -31.233
     point #  40  energy = -10.748
New Fermi level:    mu=  -9.723 eV  Charge distance=  0.0001 (partial c.d.=  0.0007)
SCF ITERATION NUMBER 14
     point #   1  energy = -42.500
     point #  20  energy = -31.233
     point #  40  energy = -10.747
New Fermi level:    mu=  -9.723 eV  Charge distance=  0.0000 (partial c.d.=  0.0001)
Electronic configuration
  type     l     N_el
     0     0    0.554
     0     1    0.634
     0     2    9.294
     0     3    0.000
     1     0    0.378
     1     1    6.632
     1     2    1.625
     1     3    0.000
     2     0    0.503
     2     1    0.620
     2     2    9.320
     2     3    0.000
     3     0    1.843
     3     1    4.451
     3     2    0.069
     3     3    0.000
Charge transfer:  type  charge
       0   -0.519
       1   -0.365
       2   -0.557
       3    0.363
Convergence reached in   14 iterations.
Done with module: potentials.

Calculating screened core-hole potential ...
FMS for a cluster of   28 atoms around iph =   0
    0% of energy integration
   20%
   40%
   60%
   80%
  100%
Preparing response function.
Computing (1 - K Chi0)^-1 v_ch
Done with module: screened core-hole potential.

Calculating cross-section and phases ...
    absorption cross section
 x0,dx,rnrm,inrm,jnrm   8.80000000000000       5.000000000000000E-002
   2.49226936400006              195         196
    phase shifts for unique potential    0
    phase shifts for unique potential    1
    phase shifts for unique potential    2
    phase shifts for unique potential    3
Done with module: cross-section and phases (XSPH).

FMS calculation of full Green's function ...
FEFF-serial using 1 thread.
Using   194 energy points.
xprep done
FMS for a cluster of  249 atoms
Energy point    1/ 194
Energy point   10/ 194
Energy point   20/ 194
Energy point   30/ 194
Energy point   40/ 194
Energy point   50/ 194
Energy point   60/ 194
Energy point   70/ 194
Energy point   80/ 194
Energy point   90/ 194
Energy point  100/ 194
Energy point  110/ 194
Energy point  120/ 194
Energy point  130/ 194
Energy point  140/ 194
Energy point  150/ 194
Energy point  160/ 194
Energy point  170/ 194
Energy point  180/ 194
Energy point  190/ 194
Done with module: FMS.

MKGTR: Tracing over Green's function ...
Done with module: MKGTR.

Pathfinder: finding scattering paths...
Preparing plane wave scattering amplitudes
Searching for paths
Eliminating path degeneracies
0 paths retained.
Done with module: pathfinder.

Calculating EXAFS parameters ...
Done with module: EXAFS parameters (GENFMT).

Calculating XAS spectra ...
Done with module: XAS spectra (FF2X: DW + final sum over paths).

 
### feff ends at Mon Aug 14 13:33:04 EDT 2023
 
