### feff starts at Sun Aug 13 13:08:01 EDT 2023
### Serial version
### FeffPath is /sdcc/u/mcarbone/software/JFEFF/hsw/feff90/linux
 
Launching FEFF version FEFF 9.9.1
Resetting lmaxsc to 2 for iph =    2.  Use  UNFREEZE to prevent this.
Core hole lifetime is   1.729 eV.
Your calculation:
 comment: None given
 Source:
 Structure Summary:  Ca4 Eu2 Cu4 O12
 Reduced formula:  Ca2Eu(CuO3)2
 space group: (Cc), space number:  (9)
 abc:  8.223876   8.223876   6.326789
 angles: 74.435231  74.435231  44.067423
 sites: 22
Cu K edge XANES using RPA corehole.
Using:     * Self-Consistent Field potentials
Using cards:   ATOMS CONTROL EXCHANGE TITLE RPATH POTENTIALS XANES EDGE SCF FMS S02 COREHOLE EGRID

Calculating atomic potentials ...
    overlapped atomic potential and density for unique potential    0
    overlapped atomic potential and density for unique potential    1
    overlapped atomic potential and density for unique potential    2
    overlapped atomic potential and density for unique potential    3
    overlapped atomic potential and density for unique potential    4
Done with module: atomic potentials.

Calculating SCF potentials ...
FEFF-serial using 1 thread.
Muffin tin radii and interstitial parameters [bohr]:
type, norman radius, muffin tin, overlap factor
    0  1.26954E+00  1.16310E+00  1.15000E+00
    1  1.70625E+00  1.62965E+00  1.12317E+00
    2  1.75802E+00  1.68401E+00  1.11427E+00
    3  1.26770E+00  1.16031E+00  1.15000E+00
    4  1.11709E+00  1.06176E+00  1.13844E+00
Core-valence separation energy:  ecv=   -40.000 eV
Initial Fermi level:              mu=    -2.837 eV
SCF ITERATION NUMBER  1
     point #   1  energy = -40.000
FMS for a cluster of  113 atoms around atom type   0
FMS for a cluster of  105 atoms around atom type   1
FMS for a cluster of  101 atoms around atom type   2
FMS for a cluster of  110 atoms around atom type   3
FMS for a cluster of  112 atoms around atom type   4
     point #  20  energy = -28.927
     point #  40  energy =  -9.690
     point #  60  energy =  -7.371
New Fermi level:    mu=  -6.513 eV  Charge distance=  1.4201 (partial c.d.=  6.6413)
SCF ITERATION NUMBER  1
     point #   1  energy = -40.000
FMS for a cluster of  113 atoms around atom type   0
FMS for a cluster of  105 atoms around atom type   1
FMS for a cluster of  101 atoms around atom type   2
FMS for a cluster of  110 atoms around atom type   3
FMS for a cluster of  112 atoms around atom type   4
     point #  20  energy = -28.838
     point #  40  energy =  -8.542
     point #  60  energy =  -6.525
     point #  80  energy =  -9.225
     point # 100  energy = -12.185
     point # 120  energy = -12.813
New Fermi level:    mu= -12.895 eV  Charge distance=  0.4172 (partial c.d.=  7.4015)
SCF ITERATION NUMBER  1
     point #   1  energy = -40.000
FMS for a cluster of  113 atoms around atom type   0
FMS for a cluster of  105 atoms around atom type   1
FMS for a cluster of  101 atoms around atom type   2
FMS for a cluster of  110 atoms around atom type   3
FMS for a cluster of  112 atoms around atom type   4
     point #  20  energy = -28.957
     point #  40  energy = -12.895
     point #  60  energy = -12.648
     point #  80  energy = -12.310
New Fermi level:    mu= -12.343 eV  Charge distance=  0.2401 (partial c.d.=  0.4045)
SCF ITERATION NUMBER  2
     point #   1  energy = -40.000
     point #  20  energy = -28.732
     point #  40  energy = -12.343
     point #  60  energy = -12.174
     point #  80  energy = -10.462
New Fermi level:    mu= -10.523 eV  Charge distance=  0.4213 (partial c.d.=  0.7859)
SCF ITERATION NUMBER  3
     point #   1  energy = -40.000
     point #  20  energy = -28.819
     point #  40  energy = -10.523
     point #  60  energy = -10.432
     point #  80  energy =  -7.813
New Fermi level:    mu=  -7.499 eV  Charge distance=  0.4565 (partial c.d.=  2.9233)
SCF ITERATION NUMBER  4
     point #   1  energy = -40.000
     point #  20  energy = -28.828
     point #  40  energy =  -8.515
     point #  60  energy =  -7.540
     point #  80  energy = -10.412
     point # 100  energy = -10.959
New Fermi level:    mu= -10.899 eV  Charge distance=  0.2548 (partial c.d.=  3.2560)
SCF ITERATION NUMBER  5
     point #   1  energy = -40.000
     point #  20  energy = -28.962
     point #  40  energy = -10.899
     point #  60  energy = -10.990
New Fermi level:    mu= -11.520 eV  Charge distance=  0.2307 (partial c.d.=  3.2086)
SCF ITERATION NUMBER  6
     point #   1  energy = -40.000
     point #  20  energy = -28.811
     point #  40  energy = -11.520
     point #  60  energy = -11.351
     point #  80  energy = -10.748
New Fermi level:    mu= -10.863 eV  Charge distance=  0.0693 (partial c.d.=  1.6737)
SCF ITERATION NUMBER  7
     point #   1  energy = -40.000
     point #  20  energy = -28.948
     point #  40  energy = -10.863
     point #  60  energy = -10.772
New Fermi level:    mu= -10.027 eV  Charge distance=  0.0960 (partial c.d.=  0.1676)
SCF ITERATION NUMBER  8
     point #   1  energy = -40.000
     point #  20  energy = -29.010
     point #  40  energy = -10.027
     point #  60  energy =  -9.936
New Fermi level:    mu=  -9.396 eV  Charge distance=  0.0330 (partial c.d.=  1.4437)
SCF ITERATION NUMBER  9
     point #   1  energy = -40.000
     point #  20  energy = -28.779
     point #  40  energy =  -9.396
     point #  60  energy =  -9.487
New Fermi level:    mu=  -9.741 eV  Charge distance=  0.0609 (partial c.d.=  0.1286)
SCF ITERATION NUMBER 10
     point #   1  energy = -40.000
     point #  20  energy = -28.905
     point #  40  energy =  -9.741
     point #  60  energy =  -9.644
New Fermi level:    mu=  -9.539 eV  Charge distance=  0.0079 (partial c.d.=  0.3812)
SCF ITERATION NUMBER 11
     point #   1  energy = -40.000
     point #  20  energy = -28.831
     point #  40  energy =  -9.539
     point #  60  energy =  -9.607
New Fermi level:    mu=  -9.645 eV  Charge distance=  0.0088 (partial c.d.=  0.1575)
SCF ITERATION NUMBER 12
     point #   1  energy = -40.000
     point #  20  energy = -28.870
     point #  40  energy =  -9.645
New Fermi level:    mu=  -9.614 eV  Charge distance=  0.0344 (partial c.d.=  0.0115)
SCF ITERATION NUMBER 13
     point #   1  energy = -40.000
     point #  20  energy = -28.859
     point #  40  energy =  -9.614
     point #  60  energy =  -9.552
New Fermi level:    mu=  -9.562 eV  Charge distance=  0.0091 (partial c.d.=  0.2586)
SCF ITERATION NUMBER 14
     point #   1  energy = -40.000
     point #  20  energy = -28.840
     point #  40  energy =  -9.562
New Fermi level:    mu=  -9.575 eV  Charge distance=  0.0019 (partial c.d.=  0.2318)
SCF ITERATION NUMBER 15
     point #   1  energy = -40.000
     point #  20  energy = -28.844
     point #  40  energy =  -9.575
New Fermi level:    mu=  -9.581 eV  Charge distance=  0.0016 (partial c.d.=  0.0117)
SCF ITERATION NUMBER 16
     point #   1  energy = -40.000
     point #  20  energy = -28.846
     point #  40  energy =  -9.581
New Fermi level:    mu=  -9.573 eV  Charge distance=  0.0006 (partial c.d.=  0.0042)
SCF ITERATION NUMBER 17
     point #   1  energy = -40.000
     point #  20  energy = -28.843
     point #  40  energy =  -9.573
New Fermi level:    mu=  -9.575 eV  Charge distance=  0.0009 (partial c.d.=  0.0070)
SCF ITERATION NUMBER 18
     point #   1  energy = -40.000
     point #  20  energy = -28.844
     point #  40  energy =  -9.575
New Fermi level:    mu=  -9.577 eV  Charge distance=  0.0001 (partial c.d.=  0.0069)
SCF ITERATION NUMBER 19
     point #   1  energy = -40.000
     point #  20  energy = -28.845
     point #  40  energy =  -9.577
New Fermi level:    mu=  -9.577 eV  Charge distance=  0.0001 (partial c.d.=  0.0002)
SCF ITERATION NUMBER 20
     point #   1  energy = -40.000
     point #  20  energy = -28.845
     point #  40  energy =  -9.577
New Fermi level:    mu=  -9.577 eV  Charge distance=  0.0001 (partial c.d.=  0.0007)
SCF ITERATION NUMBER 21
     point #   1  energy = -40.000
     point #  20  energy = -28.845
     point #  40  energy =  -9.577
New Fermi level:    mu=  -9.577 eV  Charge distance=  0.0000 (partial c.d.=  0.0002)
Electronic configuration
  type     l     N_el
     0     0    0.478
     0     1    0.572
     0     2    9.397
     0     3    0.000
     1     0    0.336
     1     1    6.516
     1     2    0.967
     1     3    0.000
     2     0    0.349
     2     1    6.449
     2     2    1.401
     2     3    0.000
     3     0    0.484
     3     1    0.579
     3     2    9.416
     3     3    0.000
     4     0    1.857
     4     1    4.457
     4     2    0.054
     4     3    0.000
Charge transfer:  type  charge
       0   -0.552
       1   -0.181
       2   -0.800
       3   -0.522
       4    0.368
Convergence reached in   21 iterations.
Done with module: potentials.

Calculating screened core-hole potential ...
FMS for a cluster of   19 atoms around iph =   0
    0% of energy integration
   20%
   40%
   60%
   80%
  100%
Preparing response function.
Computing (1 - K Chi0)^-1 v_ch
Done with module: screened core-hole potential.

Calculating cross-section and phases ...
    absorption cross section
 x0,dx,rnrm,inrm,jnrm   8.80000000000000       5.000000000000000E-002
   2.39908486200015              194         195
    phase shifts for unique potential    0
    phase shifts for unique potential    1
    phase shifts for unique potential    2
    phase shifts for unique potential    3
    phase shifts for unique potential    4
Done with module: cross-section and phases (XSPH).

FMS calculation of full Green's function ...
FEFF-serial using 1 thread.
Using   194 energy points.
xprep done
FMS for a cluster of  237 atoms
Energy point    1/ 194
Energy point   10/ 194
Energy point   20/ 194
Energy point   30/ 194
Energy point   40/ 194
Energy point   50/ 194
Energy point   60/ 194
Energy point   70/ 194
Energy point   80/ 194
Energy point   90/ 194
Energy point  100/ 194
Energy point  110/ 194
Energy point  120/ 194
Energy point  130/ 194
Energy point  140/ 194
Energy point  150/ 194
Energy point  160/ 194
Energy point  170/ 194
Energy point  180/ 194
Energy point  190/ 194
Done with module: FMS.

MKGTR: Tracing over Green's function ...
Done with module: MKGTR.

Pathfinder: finding scattering paths...
Preparing plane wave scattering amplitudes
Searching for paths
Eliminating path degeneracies
0 paths retained.
Done with module: pathfinder.

Calculating EXAFS parameters ...
Done with module: EXAFS parameters (GENFMT).

Calculating XAS spectra ...
Done with module: XAS spectra (FF2X: DW + final sum over paths).

 
### feff ends at Sun Aug 13 15:17:00 EDT 2023
 
