### feff starts at Mon Aug 14 04:46:34 EDT 2023
### Serial version
### FeffPath is /sdcc/u/mcarbone/software/JFEFF/hsw/feff90/linux
 
Launching FEFF version FEFF 9.9.1
Core hole lifetime is   1.729 eV.
Your calculation:
 comment: None given
 Source:
 Structure Summary:  Cu16 P12 O48
 Reduced formula:  Cu4(PO4)3
 space group: (Pnma), space number:  (62)
 abc:  6.032088  14.518136  10.166051
 angles: 90.000000  90.000000  90.000000
 sites: 76
Cu K edge XANES using RPA corehole.
Using:     * Self-Consistent Field potentials
Using cards:   ATOMS CONTROL EXCHANGE TITLE RPATH POTENTIALS XANES EDGE SCF FMS S02 COREHOLE EGRID

Calculating atomic potentials ...
    overlapped atomic potential and density for unique potential    0
    overlapped atomic potential and density for unique potential    1
    overlapped atomic potential and density for unique potential    2
    overlapped atomic potential and density for unique potential    3
Done with module: atomic potentials.

Calculating SCF potentials ...
FEFF-serial using 1 thread.
Muffin tin radii and interstitial parameters [bohr]:
type, norman radius, muffin tin, overlap factor
    0  1.36489E+00  1.28149E+00  1.15000E+00
    1  1.32001E+00  1.23494E+00  1.15000E+00
    2  1.15760E+00  9.39954E-01  1.15000E+00
    3  1.04800E+00  8.95635E-01  1.15000E+00
Core-valence separation energy:  ecv=   -40.000 eV
Initial Fermi level:              mu=     6.343 eV
SCF ITERATION NUMBER  1
     point #   1  energy = -40.000
FMS for a cluster of  123 atoms around atom type   0
FMS for a cluster of  113 atoms around atom type   1
FMS for a cluster of  122 atoms around atom type   2
FMS for a cluster of  122 atoms around atom type   3
     point #  20  energy = -28.903
     point #  40  energy =  -8.653
     point #  60  energy =  -2.612
     point #  80  energy =  -2.665
New Fermi level:    mu=  -2.639 eV  Charge distance=  0.4391 (partial c.d.=  8.0214)
SCF ITERATION NUMBER  1
     point #   1  energy = -40.000
FMS for a cluster of  123 atoms around atom type   0
FMS for a cluster of  113 atoms around atom type   1
FMS for a cluster of  122 atoms around atom type   2
FMS for a cluster of  122 atoms around atom type   3
     point #  20  energy = -28.893
     point #  40  energy =  -8.698
     point #  60  energy =  -2.639
     point #  80  energy =  -4.152
     point # 100  energy =  -7.230
     point # 120  energy =  -7.567
New Fermi level:    mu=  -7.585 eV  Charge distance=  0.1442 (partial c.d.=  2.5420)
SCF ITERATION NUMBER  1
     point #   1  energy = -40.000
FMS for a cluster of  123 atoms around atom type   0
FMS for a cluster of  113 atoms around atom type   1
FMS for a cluster of  122 atoms around atom type   2
FMS for a cluster of  122 atoms around atom type   3
     point #  20  energy = -28.857
     point #  40  energy =  -8.598
     point #  60  energy =  -7.544
     point #  80  energy =  -6.031
New Fermi level:    mu=  -6.287 eV  Charge distance=  0.1000 (partial c.d.=  0.3961)
SCF ITERATION NUMBER  2
     point #   1  energy = -40.000
     point #  20  energy = -28.762
     point #  40  energy =  -8.330
     point #  60  energy =  -6.274
     point #  80  energy =  -6.024
New Fermi level:    mu=  -6.081 eV  Charge distance=  0.2838 (partial c.d.=  0.0752)
SCF ITERATION NUMBER  3
     point #   1  energy = -40.000
     point #  20  energy = -29.026
     point #  40  energy =  -9.074
     point #  60  energy =  -6.093
New Fermi level:    mu=  -6.225 eV  Charge distance=  0.0606 (partial c.d.=  0.0539)
SCF ITERATION NUMBER  4
     point #   1  energy = -40.000
     point #  20  energy = -28.742
     point #  40  energy =  -8.272
New Fermi level:    mu=  -6.237 eV  Charge distance=  0.0203 (partial c.d.=  0.0403)
SCF ITERATION NUMBER  5
     point #   1  energy = -40.000
     point #  20  energy = -28.746
     point #  40  energy =  -8.284
     point #  60  energy =  -6.262
New Fermi level:    mu=  -6.283 eV  Charge distance=  0.0078 (partial c.d.=  0.0096)
SCF ITERATION NUMBER  6
     point #   1  energy = -40.000
     point #  20  energy = -28.761
     point #  40  energy =  -8.326
     point #  60  energy =  -6.308
New Fermi level:    mu=  -6.300 eV  Charge distance=  0.0088 (partial c.d.=  0.0054)
SCF ITERATION NUMBER  7
     point #   1  energy = -40.000
     point #  20  energy = -28.767
     point #  40  energy =  -8.342
New Fermi level:    mu=  -6.300 eV  Charge distance=  0.0039 (partial c.d.=  0.0037)
SCF ITERATION NUMBER  8
     point #   1  energy = -40.000
     point #  20  energy = -28.767
     point #  40  energy =  -8.342
New Fermi level:    mu=  -6.289 eV  Charge distance=  0.0036 (partial c.d.=  0.0009)
SCF ITERATION NUMBER  9
     point #   1  energy = -40.000
     point #  20  energy = -28.763
     point #  40  energy =  -8.332
New Fermi level:    mu=  -6.279 eV  Charge distance=  0.0001 (partial c.d.=  0.0008)
SCF ITERATION NUMBER 10
     point #   1  energy = -40.000
     point #  20  energy = -28.760
     point #  40  energy =  -8.323
New Fermi level:    mu=  -6.279 eV  Charge distance=  0.0002 (partial c.d.=  0.0001)
Electronic configuration
  type     l     N_el
     0     0    0.482
     0     1    0.603
     0     2    9.633
     0     3    0.000
     1     0    0.505
     1     1    0.649
     1     2    9.544
     1     3    0.000
     2     0    1.199
     2     1    2.060
     2     2    1.031
     2     3    0.000
     3     0    1.821
     3     1    4.379
     3     2    0.078
     3     3    0.000
Charge transfer:  type  charge
       0   -0.282
       1   -0.302
       2   -0.709
       3    0.278
Convergence reached in   10 iterations.
Done with module: potentials.

Calculating screened core-hole potential ...
FMS for a cluster of   22 atoms around iph =   0
    0% of energy integration
   20%
   40%
   60%
   80%
  100%
Preparing response function.
Computing (1 - K Chi0)^-1 v_ch
Done with module: screened core-hole potential.

Calculating cross-section and phases ...
    absorption cross section
 x0,dx,rnrm,inrm,jnrm   8.80000000000000       5.000000000000000E-002
   2.57927452800008              195         196
    phase shifts for unique potential    0
    phase shifts for unique potential    1
    phase shifts for unique potential    2
    phase shifts for unique potential    3
Done with module: cross-section and phases (XSPH).

FMS calculation of full Green's function ...
FEFF-serial using 1 thread.
Using   194 energy points.
xprep done
FMS for a cluster of  268 atoms
Energy point    1/ 194
Energy point   10/ 194
Energy point   20/ 194
Energy point   30/ 194
Energy point   40/ 194
Energy point   50/ 194
Energy point   60/ 194
Energy point   70/ 194
Energy point   80/ 194
Energy point   90/ 194
Energy point  100/ 194
Energy point  110/ 194
Energy point  120/ 194
Energy point  130/ 194
Energy point  140/ 194
Energy point  150/ 194
Energy point  160/ 194
Energy point  170/ 194
Energy point  180/ 194
Energy point  190/ 194
Done with module: FMS.

MKGTR: Tracing over Green's function ...
Done with module: MKGTR.

Pathfinder: finding scattering paths...
Preparing plane wave scattering amplitudes
Searching for paths
Eliminating path degeneracies
0 paths retained.
Done with module: pathfinder.

Calculating EXAFS parameters ...
Done with module: EXAFS parameters (GENFMT).

Calculating XAS spectra ...
Done with module: XAS spectra (FF2X: DW + final sum over paths).

 
### feff ends at Mon Aug 14 06:34:14 EDT 2023
 
