### feff starts at Sun Aug 13 11:15:08 EDT 2023
### Serial version
### FeffPath is /sdcc/u/mcarbone/software/JFEFF/hsw/feff90/linux
 
Launching FEFF version FEFF 9.9.1
Core hole lifetime is   1.729 eV.
Your calculation:
 comment: None given
 Source:
 Structure Summary:  Fe5 Cu1 P6 O24
 Reduced formula:  Fe5Cu(PO4)6
 space group: (R3), space number:  (146)
 abc:  8.388175   8.388175   8.388175
 angles: 62.119500  62.119500  62.119499
 sites: 36
Cu K edge XANES using RPA corehole.
Using:     * Self-Consistent Field potentials
Using cards:   ATOMS CONTROL EXCHANGE TITLE RPATH POTENTIALS XANES EDGE SCF FMS S02 COREHOLE EGRID

Calculating atomic potentials ...
    overlapped atomic potential and density for unique potential    0
    overlapped atomic potential and density for unique potential    1
    overlapped atomic potential and density for unique potential    2
    overlapped atomic potential and density for unique potential    3
    overlapped atomic potential and density for unique potential    4
Done with module: atomic potentials.

Calculating SCF potentials ...
FEFF-serial using 1 thread.
Muffin tin radii and interstitial parameters [bohr]:
type, norman radius, muffin tin, overlap factor
    0  1.31373E+00  1.25100E+00  1.13250E+00
    1  1.46076E+00  1.38674E+00  1.14225E+00
    2  1.41124E+00  1.34017E+00  1.14121E+00
    3  1.14967E+00  9.33421E-01  1.15000E+00
    4  1.04048E+00  8.77074E-01  1.15000E+00
Core-valence separation energy:  ecv=   -40.000 eV
Initial Fermi level:              mu=     6.450 eV
SCF ITERATION NUMBER  1
     point #   1  energy = -40.000
FMS for a cluster of  124 atoms around atom type   0
FMS for a cluster of  111 atoms around atom type   1
FMS for a cluster of   49 atoms around atom type   2
FMS for a cluster of  109 atoms around atom type   3
FMS for a cluster of  122 atoms around atom type   4
     point #  20  energy = -28.884
     point #  40  energy =  -8.634
     point #  60  energy =  -8.612
 Found bad counts.
  Occupation number in getorb is    10.000
  Will repeat this iteration.
 Found bad counts.
  Occupation number in getorb is    10.000
  Will repeat this iteration.
New Fermi level:    mu=  -8.476 eV  Charge distance=  1.9092 (partial c.d.=  8.2251)
SCF ITERATION NUMBER  1
     point #   1  energy = -40.000
FMS for a cluster of  124 atoms around atom type   0
FMS for a cluster of  111 atoms around atom type   1
FMS for a cluster of   49 atoms around atom type   2
FMS for a cluster of  109 atoms around atom type   3
FMS for a cluster of  122 atoms around atom type   4
     point #  20  energy = -28.814
     point #  40  energy =  -8.476
     point #  60  energy =  -8.435
     point #  80  energy =  -6.370
New Fermi level:    mu=  -6.142 eV  Charge distance=  0.8362 (partial c.d.=  9.8825)
SCF ITERATION NUMBER  1
     point #   1  energy = -40.000
FMS for a cluster of  124 atoms around atom type   0
FMS for a cluster of  111 atoms around atom type   1
FMS for a cluster of   49 atoms around atom type   2
FMS for a cluster of  109 atoms around atom type   3
FMS for a cluster of  122 atoms around atom type   4
     point #  20  energy = -28.714
     point #  40  energy =  -8.194
     point #  60  energy =  -6.154
     point #  80  energy =  -8.854
     point # 100  energy = -10.179
     point # 120  energy = -10.451
New Fermi level:    mu= -10.453 eV  Charge distance=  0.3478 (partial c.d.=  2.1057)
SCF ITERATION NUMBER  2
     point #   1  energy = -40.000
     point #  20  energy = -28.792
     point #  40  energy = -10.453
     point #  60  energy = -10.362
     point #  80  energy =  -8.259
New Fermi level:    mu=  -8.418 eV  Charge distance=  0.4071 (partial c.d.=  0.8986)
SCF ITERATION NUMBER  3
     point #   1  energy = -40.000
     point #  20  energy = -28.794
     point #  40  energy =  -8.418
     point #  60  energy =  -8.459
     point #  80  energy =  -9.225
New Fermi level:    mu=  -9.221 eV  Charge distance=  0.2450 (partial c.d.=  9.1007)
SCF ITERATION NUMBER  4
     point #   1  energy = -40.000
     point #  20  energy = -28.715
     point #  40  energy =  -9.221
     point #  60  energy =  -9.159
New Fermi level:    mu=  -9.111 eV  Charge distance=  0.1339 (partial c.d.=  8.6064)
SCF ITERATION NUMBER  5
     point #   1  energy = -40.000
     point #  20  energy = -29.039
     point #  40  energy =  -9.111
     point #  60  energy =  -9.070
New Fermi level:    mu=  -8.721 eV  Charge distance=  0.1686 (partial c.d.=  1.1130)
SCF ITERATION NUMBER  6
     point #   1  energy = -40.000
     point #  20  energy = -28.901
     point #  40  energy =  -8.721
     point #  60  energy =  -8.681
New Fermi level:    mu=  -8.343 eV  Charge distance=  0.0552 (partial c.d.=  7.5632)
SCF ITERATION NUMBER  7
     point #   1  energy = -40.000
     point #  20  energy = -28.767
     point #  40  energy =  -8.343
     point #  60  energy =  -8.393
New Fermi level:    mu=  -8.556 eV  Charge distance=  0.0712 (partial c.d.=  4.5980)
SCF ITERATION NUMBER  8
     point #   1  energy = -40.000
     point #  20  energy = -28.843
     point #  40  energy =  -8.556
     point #  60  energy =  -8.487
New Fermi level:    mu=  -8.419 eV  Charge distance=  0.1014 (partial c.d.=  0.3102)
SCF ITERATION NUMBER  9
     point #   1  energy = -40.000
     point #  20  energy = -28.794
     point #  40  energy =  -8.419
     point #  60  energy =  -8.488
New Fermi level:    mu=  -8.787 eV  Charge distance=  0.0509 (partial c.d.=  2.8983)
SCF ITERATION NUMBER 10
     point #   1  energy = -40.000
     point #  20  energy = -28.924
     point #  40  energy =  -8.787
     point #  60  energy =  -8.856
New Fermi level:    mu=  -8.918 eV  Charge distance=  0.0028 (partial c.d.=  0.6984)
SCF ITERATION NUMBER 11
     point #   1  energy = -40.000
     point #  20  energy = -28.971
     point #  40  energy =  -8.918
     point #  60  energy =  -8.868
New Fermi level:    mu=  -8.822 eV  Charge distance=  0.0057 (partial c.d.=  0.3384)
SCF ITERATION NUMBER 12
     point #   1  energy = -40.000
     point #  20  energy = -28.937
     point #  40  energy =  -8.822
New Fermi level:    mu=  -8.789 eV  Charge distance=  0.0207 (partial c.d.=  0.2286)
SCF ITERATION NUMBER 13
     point #   1  energy = -40.000
     point #  20  energy = -28.925
     point #  40  energy =  -8.789
New Fermi level:    mu=  -8.821 eV  Charge distance=  0.0442 (partial c.d.=  0.2345)
SCF ITERATION NUMBER 14
     point #   1  energy = -40.000
     point #  20  energy = -28.937
     point #  40  energy =  -8.821
     point #  60  energy =  -8.871
New Fermi level:    mu=  -8.892 eV  Charge distance=  0.0074 (partial c.d.=  0.4410)
SCF ITERATION NUMBER 15
     point #   1  energy = -40.000
     point #  20  energy = -28.962
     point #  40  energy =  -8.892
New Fermi level:    mu=  -8.892 eV  Charge distance=  0.0037 (partial c.d.=  0.1049)
SCF ITERATION NUMBER 16
     point #   1  energy = -40.000
     point #  20  energy = -28.962
     point #  40  energy =  -8.892
New Fermi level:    mu=  -8.896 eV  Charge distance=  0.0110 (partial c.d.=  0.0078)
SCF ITERATION NUMBER 17
     point #   1  energy = -40.000
     point #  20  energy = -28.963
     point #  40  energy =  -8.896
New Fermi level:    mu=  -8.908 eV  Charge distance=  0.0006 (partial c.d.=  0.0229)
SCF ITERATION NUMBER 18
     point #   1  energy = -40.000
     point #  20  energy = -28.967
     point #  40  energy =  -8.908
New Fermi level:    mu=  -8.909 eV  Charge distance=  0.0003 (partial c.d.=  0.0059)
SCF ITERATION NUMBER 19
     point #   1  energy = -40.000
     point #  20  energy = -28.968
     point #  40  energy =  -8.909
New Fermi level:    mu=  -8.909 eV  Charge distance=  0.0005 (partial c.d.=  0.0009)
SCF ITERATION NUMBER 20
     point #   1  energy = -40.000
     point #  20  energy = -28.968
     point #  40  energy =  -8.909
New Fermi level:    mu=  -8.910 eV  Charge distance=  0.0001 (partial c.d.=  0.0025)
SCF ITERATION NUMBER 21
     point #   1  energy = -40.000
     point #  20  energy = -28.968
     point #  40  energy =  -8.910
New Fermi level:    mu=  -8.910 eV  Charge distance=  0.0002 (partial c.d.=  0.0003)
SCF ITERATION NUMBER 22
     point #   1  energy = -40.000
     point #  20  energy = -28.968
     point #  40  energy =  -8.910
New Fermi level:    mu=  -8.910 eV  Charge distance=  0.0001 (partial c.d.=  0.0002)
Electronic configuration
  type     l     N_el
     0     0    0.406
     0     1    0.588
     0     2    9.403
     0     3    0.000
     1     0    0.492
     1     1    0.787
     1     2    6.821
     1     3    0.000
     2     0    0.504
     2     1    0.625
     2     2    9.424
     2     3    0.000
     3     0    1.177
     3     1    2.009
     3     2    1.012
     3     3    0.000
     4     0    1.817
     4     1    4.304
     4     2    0.077
     4     3    0.000
Charge transfer:  type  charge
       0   -0.604
       1    0.100
       2   -0.446
       3   -0.802
       4    0.198
Convergence reached in   22 iterations.
Done with module: potentials.

Calculating screened core-hole potential ...
FMS for a cluster of   23 atoms around iph =   0
    0% of energy integration
   20%
   40%
   60%
   80%
  100%
Preparing response function.
Computing (1 - K Chi0)^-1 v_ch
Done with module: screened core-hole potential.

Calculating cross-section and phases ...
    absorption cross section
 x0,dx,rnrm,inrm,jnrm   8.80000000000000       5.000000000000000E-002
   2.48258305400014              195         196
    phase shifts for unique potential    0
    phase shifts for unique potential    1
    phase shifts for unique potential    2
    phase shifts for unique potential    3
    phase shifts for unique potential    4
Done with module: cross-section and phases (XSPH).

FMS calculation of full Green's function ...
FEFF-serial using 1 thread.
Using   194 energy points.
xprep done
FMS for a cluster of  245 atoms
Energy point    1/ 194
Energy point   10/ 194
Energy point   20/ 194
Energy point   30/ 194
Energy point   40/ 194
Energy point   50/ 194
Energy point   60/ 194
Energy point   70/ 194
Energy point   80/ 194
Energy point   90/ 194
Energy point  100/ 194
Energy point  110/ 194
Energy point  120/ 194
Energy point  130/ 194
Energy point  140/ 194
Energy point  150/ 194
Energy point  160/ 194
Energy point  170/ 194
Energy point  180/ 194
Energy point  190/ 194
Done with module: FMS.

MKGTR: Tracing over Green's function ...
Done with module: MKGTR.

Pathfinder: finding scattering paths...
Preparing plane wave scattering amplitudes
Searching for paths
Eliminating path degeneracies
0 paths retained.
Done with module: pathfinder.

Calculating EXAFS parameters ...
Done with module: EXAFS parameters (GENFMT).

Calculating XAS spectra ...
Done with module: XAS spectra (FF2X: DW + final sum over paths).

 
### feff ends at Sun Aug 13 13:35:36 EDT 2023
 
