### feff starts at Mon Aug 14 10:05:23 EDT 2023
### Serial version
### FeffPath is /sdcc/u/mcarbone/software/JFEFF/hsw/feff90/linux
 
Launching FEFF version FEFF 9.9.1
Core hole lifetime is   1.729 eV.
Your calculation:
 comment: None given
 Source:
 Structure Summary:  Cu12 Te4 O32
 Reduced formula:  Cu3TeO8
 space group: (P2_1/c), space number:  (14)
 abc:  7.775172   9.235055   9.142166
 angles: 90.000000 101.456617  90.000000
 sites: 48
Cu K edge XANES using RPA corehole.
Using:     * Self-Consistent Field potentials
Using cards:   ATOMS CONTROL EXCHANGE TITLE RPATH POTENTIALS XANES EDGE SCF FMS S02 COREHOLE EGRID

Calculating atomic potentials ...
    overlapped atomic potential and density for unique potential    0
    overlapped atomic potential and density for unique potential    1
    overlapped atomic potential and density for unique potential    2
    overlapped atomic potential and density for unique potential    3
Done with module: atomic potentials.

Calculating SCF potentials ...
FEFF-serial using 1 thread.
Muffin tin radii and interstitial parameters [bohr]:
type, norman radius, muffin tin, overlap factor
    0  1.34266E+00  1.25602E+00  1.15000E+00
    1  1.34266E+00  1.25602E+00  1.15000E+00
    2  1.44411E+00  1.29292E+00  1.15000E+00
    3  1.09444E+00  9.94794E-01  1.15000E+00
Core-valence separation energy:  ecv=   -31.500 eV
Initial Fermi level:              mu=     3.641 eV
SCF ITERATION NUMBER  1
     point #   1  energy = -31.500
FMS for a cluster of  104 atoms around atom type   0
FMS for a cluster of   97 atoms around atom type   1
FMS for a cluster of   99 atoms around atom type   2
FMS for a cluster of  104 atoms around atom type   3
     point #  20  energy = -20.430
     point #  40  energy =  -4.121
     point #  60  energy =  -2.961
New Fermi level:    mu=  -2.858 eV  Charge distance=  0.4743 (partial c.d.=  7.4950)
SCF ITERATION NUMBER  1
     point #   1  energy = -31.500
FMS for a cluster of  104 atoms around atom type   0
FMS for a cluster of   97 atoms around atom type   1
FMS for a cluster of   99 atoms around atom type   2
FMS for a cluster of  104 atoms around atom type   3
     point #  20  energy = -20.248
     point #  40  energy =  -2.858
     point #  60  energy =  -3.027
     point #  80  energy =  -6.870
     point # 100  energy =  -7.783
     point # 120  energy =  -8.067
New Fermi level:    mu=  -8.099 eV  Charge distance=  0.2818 (partial c.d.=  2.5956)
SCF ITERATION NUMBER  1
     point #   1  energy = -31.500
FMS for a cluster of  104 atoms around atom type   0
FMS for a cluster of   97 atoms around atom type   1
FMS for a cluster of   99 atoms around atom type   2
FMS for a cluster of  104 atoms around atom type   3
     point #  20  energy = -20.308
     point #  40  energy =  -8.099
     point #  60  energy =  -7.511
     point #  80  energy =  -6.342
New Fermi level:    mu=  -6.497 eV  Charge distance=  0.2031 (partial c.d.=  0.3971)
SCF ITERATION NUMBER  2
     point #   1  energy = -31.500
     point #  20  energy = -20.499
     point #  40  energy =  -6.497
     point #  60  energy =  -6.157
New Fermi level:    mu=  -6.127 eV  Charge distance=  0.6294 (partial c.d.=  0.1204)
SCF ITERATION NUMBER  3
     point #   1  energy = -31.500
     point #  20  energy = -20.336
     point #  40  energy =  -6.127
     point #  60  energy =  -6.336
New Fermi level:    mu=  -6.436 eV  Charge distance=  0.0378 (partial c.d.=  0.1999)
SCF ITERATION NUMBER  4
     point #   1  energy = -31.500
     point #  20  energy = -20.472
     point #  40  energy =  -6.436
     point #  60  energy =  -6.199
New Fermi level:    mu=  -6.194 eV  Charge distance=  0.0513 (partial c.d.=  0.2487)
SCF ITERATION NUMBER  5
     point #   1  energy = -31.500
     point #  20  energy = -20.365
     point #  40  energy =  -6.194
     point #  60  energy =  -6.319
New Fermi level:    mu=  -6.307 eV  Charge distance=  0.0206 (partial c.d.=  0.2128)
SCF ITERATION NUMBER  6
     point #   1  energy = -31.500
     point #  20  energy = -20.415
     point #  40  energy =  -6.307
New Fermi level:    mu=  -6.323 eV  Charge distance=  0.0170 (partial c.d.=  0.1540)
SCF ITERATION NUMBER  7
     point #   1  energy = -31.500
     point #  20  energy = -20.422
     point #  40  energy =  -6.323
New Fermi level:    mu=  -6.319 eV  Charge distance=  0.0085 (partial c.d.=  0.0927)
SCF ITERATION NUMBER  8
     point #   1  energy = -31.500
     point #  20  energy = -20.420
     point #  40  energy =  -6.319
New Fermi level:    mu=  -6.315 eV  Charge distance=  0.0070 (partial c.d.=  0.0237)
SCF ITERATION NUMBER  9
     point #   1  energy = -31.500
     point #  20  energy = -20.419
     point #  40  energy =  -6.315
New Fermi level:    mu=  -6.306 eV  Charge distance=  0.0016 (partial c.d.=  0.0125)
SCF ITERATION NUMBER 10
     point #   1  energy = -31.500
     point #  20  energy = -20.414
     point #  40  energy =  -6.306
New Fermi level:    mu=  -6.299 eV  Charge distance=  0.0012 (partial c.d.=  0.0006)
SCF ITERATION NUMBER 11
     point #   1  energy = -31.500
     point #  20  energy = -20.412
     point #  40  energy =  -6.299
New Fermi level:    mu=  -6.294 eV  Charge distance=  0.0003 (partial c.d.=  0.0023)
SCF ITERATION NUMBER 12
     point #   1  energy = -31.500
     point #  20  energy = -20.409
     point #  40  energy =  -6.294
New Fermi level:    mu=  -6.295 eV  Charge distance=  0.0001 (partial c.d.=  0.0003)
SCF ITERATION NUMBER 13
     point #   1  energy = -31.500
     point #  20  energy = -20.410
     point #  40  energy =  -6.295
New Fermi level:    mu=  -6.295 eV  Charge distance=  0.0001 (partial c.d.=  0.0002)
Electronic configuration
  type     l     N_el
     0     0    0.509
     0     1    0.605
     0     2    9.584
     0     3    0.000
     1     0    0.509
     1     1    0.605
     1     2    9.584
     1     3    0.000
     2     0    1.565
     2     1    2.255
     2     2    0.946
     2     3    0.000
     3     0    1.862
     3     1    4.328
     3     2    0.078
     3     3    0.000
Charge transfer:  type  charge
       0   -0.302
       1   -0.302
       2   -1.235
       3    0.267
Convergence reached in   13 iterations.
Done with module: potentials.

Calculating screened core-hole potential ...
FMS for a cluster of   23 atoms around iph =   0
    0% of energy integration
   20%
   40%
   60%
   80%
  100%
Preparing response function.
Computing (1 - K Chi0)^-1 v_ch
Done with module: screened core-hole potential.

Calculating cross-section and phases ...
    absorption cross section
 x0,dx,rnrm,inrm,jnrm   8.80000000000000       5.000000000000000E-002
   2.53725815200015              195         196
    phase shifts for unique potential    0
    phase shifts for unique potential    1
    phase shifts for unique potential    2
    phase shifts for unique potential    3
Done with module: cross-section and phases (XSPH).

FMS calculation of full Green's function ...
FEFF-serial using 1 thread.
Using   194 energy points.
xprep done
FMS for a cluster of  228 atoms
Energy point    1/ 194
Energy point   10/ 194
Energy point   20/ 194
Energy point   30/ 194
Energy point   40/ 194
Energy point   50/ 194
Energy point   60/ 194
Energy point   70/ 194
Energy point   80/ 194
Energy point   90/ 194
Energy point  100/ 194
Energy point  110/ 194
Energy point  120/ 194
Energy point  130/ 194
Energy point  140/ 194
Energy point  150/ 194
Energy point  160/ 194
Energy point  170/ 194
Energy point  180/ 194
Energy point  190/ 194
Done with module: FMS.

MKGTR: Tracing over Green's function ...
Done with module: MKGTR.

Pathfinder: finding scattering paths...
Preparing plane wave scattering amplitudes
Searching for paths
Eliminating path degeneracies
0 paths retained.
Done with module: pathfinder.

Calculating EXAFS parameters ...
Done with module: EXAFS parameters (GENFMT).

Calculating XAS spectra ...
Done with module: XAS spectra (FF2X: DW + final sum over paths).

 
### feff ends at Mon Aug 14 11:21:00 EDT 2023
 
