### feff starts at Mon Aug 14 00:15:28 EDT 2023
### Serial version
### FeffPath is /sdcc/u/mcarbone/software/JFEFF/hsw/feff90/linux
 
Launching FEFF version FEFF 9.9.1
Core hole lifetime is   1.729 eV.
Your calculation:
 comment: None given
 Source:
 Structure Summary:  Al2 Cu4 O8
 Reduced formula:  Al(CuO2)2
 space group: (I4_1/a), space number:  (88)
 abc:  6.115858   6.115858   6.115858
 angles:129.599436 129.599436  74.047949
 sites: 14
Cu K edge XANES using RPA corehole.
Using:     * Self-Consistent Field potentials
Using cards:   ATOMS CONTROL EXCHANGE TITLE RPATH POTENTIALS XANES EDGE SCF FMS S02 COREHOLE EGRID

Calculating atomic potentials ...
    overlapped atomic potential and density for unique potential    0
    overlapped atomic potential and density for unique potential    1
    overlapped atomic potential and density for unique potential    2
    overlapped atomic potential and density for unique potential    3
Done with module: atomic potentials.

Calculating SCF potentials ...
FEFF-serial using 1 thread.
Muffin tin radii and interstitial parameters [bohr]:
type, norman radius, muffin tin, overlap factor
    0  1.27683E+00  1.17669E+00  1.15000E+00
    1  1.38032E+00  1.22651E+00  1.15000E+00
    2  1.27683E+00  1.17669E+00  1.15000E+00
    3  1.09205E+00  9.91200E-01  1.15000E+00
Core-valence separation energy:  ecv=   -40.000 eV
Initial Fermi level:              mu=     1.839 eV
SCF ITERATION NUMBER  1
     point #   1  energy = -40.000
FMS for a cluster of  143 atoms around atom type   0
FMS for a cluster of  141 atoms around atom type   1
FMS for a cluster of  142 atoms around atom type   2
FMS for a cluster of  153 atoms around atom type   3
     point #  20  energy = -28.799
     point #  40  energy =  -8.549
     point #  60  energy =  -3.336
     point #  80  energy =  -2.914
New Fermi level:    mu=  -2.878 eV  Charge distance=  0.4133 (partial c.d.=  7.6895)
SCF ITERATION NUMBER  1
     point #   1  energy = -40.000
FMS for a cluster of  143 atoms around atom type   0
FMS for a cluster of  141 atoms around atom type   1
FMS for a cluster of  142 atoms around atom type   2
FMS for a cluster of  153 atoms around atom type   3
     point #  20  energy = -28.964
     point #  40  energy =  -8.897
     point #  60  energy =  -2.878
     point #  80  energy =  -4.078
     point # 100  energy =  -8.159
New Fermi level:    mu=  -8.480 eV  Charge distance=  0.0992 (partial c.d.=  1.9422)
SCF ITERATION NUMBER  1
     point #   1  energy = -40.000
FMS for a cluster of  143 atoms around atom type   0
FMS for a cluster of  141 atoms around atom type   1
FMS for a cluster of  142 atoms around atom type   2
FMS for a cluster of  153 atoms around atom type   3
     point #  20  energy = -28.816
     point #  40  energy =  -8.480
     point #  60  energy =  -8.440
     point #  80  energy =  -7.233
New Fermi level:    mu=  -7.422 eV  Charge distance=  0.0756 (partial c.d.=  0.3237)
SCF ITERATION NUMBER  2
     point #   1  energy = -40.000
     point #  20  energy = -28.801
     point #  40  energy =  -8.440
New Fermi level:    mu=  -7.412 eV  Charge distance=  0.2584 (partial c.d.=  0.0335)
SCF ITERATION NUMBER  3
     point #   1  energy = -40.000
     point #  20  energy = -28.798
     point #  40  energy =  -8.430
     point #  60  energy =  -7.371
New Fermi level:    mu=  -7.286 eV  Charge distance=  0.0173 (partial c.d.=  0.1037)
SCF ITERATION NUMBER  4
     point #   1  energy = -40.000
     point #  20  energy = -28.755
     point #  40  energy =  -8.308
     point #  60  energy =  -7.326
New Fermi level:    mu=  -7.428 eV  Charge distance=  0.0262 (partial c.d.=  0.4237)
SCF ITERATION NUMBER  5
     point #   1  energy = -40.000
     point #  20  energy = -28.803
     point #  40  energy =  -8.446
New Fermi level:    mu=  -7.430 eV  Charge distance=  0.0046 (partial c.d.=  0.4767)
SCF ITERATION NUMBER  6
     point #   1  energy = -40.000
     point #  20  energy = -28.804
     point #  40  energy =  -8.448
     point #  60  energy =  -7.467
New Fermi level:    mu=  -7.475 eV  Charge distance=  0.0050 (partial c.d.=  0.1169)
SCF ITERATION NUMBER  7
     point #   1  energy = -40.000
     point #  20  energy = -28.820
     point #  40  energy =  -8.491
New Fermi level:    mu=  -7.497 eV  Charge distance=  0.0021 (partial c.d.=  0.0491)
SCF ITERATION NUMBER  8
     point #   1  energy = -40.000
     point #  20  energy = -28.827
     point #  40  energy =  -8.512
New Fermi level:    mu=  -7.501 eV  Charge distance=  0.0035 (partial c.d.=  0.0038)
SCF ITERATION NUMBER  9
     point #   1  energy = -40.000
     point #  20  energy = -28.829
     point #  40  energy =  -8.517
New Fermi level:    mu=  -7.501 eV  Charge distance=  0.0004 (partial c.d.=  0.0208)
SCF ITERATION NUMBER 10
     point #   1  energy = -40.000
     point #  20  energy = -28.829
     point #  40  energy =  -8.517
New Fermi level:    mu=  -7.497 eV  Charge distance=  0.0012 (partial c.d.=  0.0079)
SCF ITERATION NUMBER 11
     point #   1  energy = -40.000
     point #  20  energy = -28.827
     point #  40  energy =  -8.512
New Fermi level:    mu=  -7.491 eV  Charge distance=  0.0001 (partial c.d.=  0.0141)
SCF ITERATION NUMBER 12
     point #   1  energy = -40.000
     point #  20  energy = -28.825
     point #  40  energy =  -8.507
New Fermi level:    mu=  -7.492 eV  Charge distance=  0.0001 (partial c.d.=  0.0007)
SCF ITERATION NUMBER 13
     point #   1  energy = -40.000
     point #  20  energy = -28.825
     point #  40  energy =  -8.508
New Fermi level:    mu=  -7.492 eV  Charge distance=  0.0001 (partial c.d.=  0.0006)
SCF ITERATION NUMBER 14
     point #   1  energy = -40.000
     point #  20  energy = -28.825
     point #  40  energy =  -8.508
New Fermi level:    mu=  -7.492 eV  Charge distance=  0.0001 (partial c.d.=  0.0002)
Electronic configuration
  type     l     N_el
     0     0    0.523
     0     1    0.640
     0     2    9.347
     0     3    0.000
     1     0    0.753
     1     1    1.130
     1     2    0.695
     1     3    0.000
     2     0    0.523
     2     1    0.640
     2     2    9.347
     2     3    0.000
     3     0    1.851
     3     1    4.430
     3     2    0.071
     3     3    0.000
Charge transfer:  type  charge
       0   -0.490
       1   -0.421
       2   -0.491
       3    0.351
Convergence reached in   14 iterations.
Done with module: potentials.

Calculating screened core-hole potential ...
FMS for a cluster of   29 atoms around iph =   0
    0% of energy integration
   20%
   40%
   60%
   80%
  100%
Preparing response function.
Computing (1 - K Chi0)^-1 v_ch
Done with module: screened core-hole potential.

Calculating cross-section and phases ...
    absorption cross section
 x0,dx,rnrm,inrm,jnrm   8.80000000000000       5.000000000000000E-002
   2.41285420499986              194         195
    phase shifts for unique potential    0
    phase shifts for unique potential    1
    phase shifts for unique potential    2
    phase shifts for unique potential    3
Done with module: cross-section and phases (XSPH).

FMS calculation of full Green's function ...
FEFF-serial using 1 thread.
Using   194 energy points.
xprep done
FMS for a cluster of  317 atoms
Energy point    1/ 194
Energy point   10/ 194
Energy point   20/ 194
Energy point   30/ 194
Energy point   40/ 194
Energy point   50/ 194
Energy point   60/ 194
Energy point   70/ 194
Energy point   80/ 194
Energy point   90/ 194
Energy point  100/ 194
Energy point  110/ 194
Energy point  120/ 194
Energy point  130/ 194
Energy point  140/ 194
Energy point  150/ 194
Energy point  160/ 194
Energy point  170/ 194
Energy point  180/ 194
Energy point  190/ 194
Done with module: FMS.

MKGTR: Tracing over Green's function ...
Done with module: MKGTR.

Pathfinder: finding scattering paths...
Preparing plane wave scattering amplitudes
Searching for paths
Eliminating path degeneracies
0 paths retained.
Done with module: pathfinder.

Calculating EXAFS parameters ...
Done with module: EXAFS parameters (GENFMT).

Calculating XAS spectra ...
Done with module: XAS spectra (FF2X: DW + final sum over paths).

 
### feff ends at Mon Aug 14 03:14:48 EDT 2023
 
