### feff starts at Mon Aug 14 01:35:03 EDT 2023
### Serial version
### FeffPath is /sdcc/u/mcarbone/software/JFEFF/hsw/feff90/linux
 
Launching FEFF version FEFF 9.9.1
Core hole lifetime is   1.729 eV.
Your calculation:
 comment: None given
 Source:
 Structure Summary:  Zn2 Cu1 As2 O8
 Reduced formula:  Zn2Cu(AsO4)2
 space group: (P-1), space number:  (2)
 abc:  5.157782   5.417543   6.856961
 angles:110.106579  87.296061 112.306243
 sites: 13
Cu K edge XANES using RPA corehole.
Using:     * Self-Consistent Field potentials
Using cards:   ATOMS CONTROL EXCHANGE TITLE RPATH POTENTIALS XANES EDGE SCF FMS S02 COREHOLE EGRID

Calculating atomic potentials ...
    overlapped atomic potential and density for unique potential    0
    overlapped atomic potential and density for unique potential    1
    overlapped atomic potential and density for unique potential    2
    overlapped atomic potential and density for unique potential    3
    overlapped atomic potential and density for unique potential    4
Done with module: atomic potentials.

Calculating SCF potentials ...
FEFF-serial using 1 thread.
Muffin tin radii and interstitial parameters [bohr]:
type, norman radius, muffin tin, overlap factor
    0  1.34159E+00  1.25648E+00  1.15000E+00
    1  1.45037E+00  1.36065E+00  1.15000E+00
    2  1.34168E+00  1.25652E+00  1.15000E+00
    3  1.28623E+00  1.08569E+00  1.15000E+00
    4  1.07051E+00  9.61254E-01  1.15000E+00
Core-valence separation energy:  ecv=   -32.500 eV
Initial Fermi level:              mu=     4.227 eV
SCF ITERATION NUMBER  1
     point #   1  energy = -32.500
FMS for a cluster of  119 atoms around atom type   0
FMS for a cluster of  104 atoms around atom type   1
FMS for a cluster of   89 atoms around atom type   2
FMS for a cluster of  113 atoms around atom type   3
FMS for a cluster of  114 atoms around atom type   4
     point #  20  energy = -21.301
     point #  40  energy =  -6.010
     point #  60  energy =  -4.323
New Fermi level:    mu=  -4.282 eV  Charge distance=  0.9961 (partial c.d.= 10.2368)
SCF ITERATION NUMBER  1
     point #   1  energy = -32.500
FMS for a cluster of  119 atoms around atom type   0
FMS for a cluster of  104 atoms around atom type   1
FMS for a cluster of   89 atoms around atom type   2
FMS for a cluster of  113 atoms around atom type   3
FMS for a cluster of  114 atoms around atom type   4
     point #  20  energy = -21.415
     point #  40  energy =  -4.282
     point #  60  energy =  -4.451
     point #  80  energy =  -6.964
New Fermi level:    mu=  -6.725 eV  Charge distance=  0.3736 (partial c.d.=  5.4842)
SCF ITERATION NUMBER  1
     point #   1  energy = -32.500
FMS for a cluster of  119 atoms around atom type   0
FMS for a cluster of  104 atoms around atom type   1
FMS for a cluster of   89 atoms around atom type   2
FMS for a cluster of  113 atoms around atom type   3
FMS for a cluster of  114 atoms around atom type   4
     point #  20  energy = -21.159
     point #  40  energy =  -6.725
     point #  60  energy =  -6.487
New Fermi level:    mu=  -6.410 eV  Charge distance=  0.1982 (partial c.d.=  0.2286)
SCF ITERATION NUMBER  2
     point #   1  energy = -32.500
     point #  20  energy = -21.462
     point #  40  energy =  -6.410
     point #  60  energy =  -6.200
New Fermi level:    mu=  -6.011 eV  Charge distance=  0.2108 (partial c.d.=  0.3897)
SCF ITERATION NUMBER  3
     point #   1  energy = -32.500
     point #  20  energy = -21.293
     point #  40  energy =  -6.011
     point #  60  energy =  -5.846
New Fermi level:    mu=  -5.794 eV  Charge distance=  0.1532 (partial c.d.=  0.2418)
SCF ITERATION NUMBER  4
     point #   1  energy = -32.500
     point #  20  energy = -21.201
     point #  40  energy =  -5.794
     point #  60  energy =  -6.084
New Fermi level:    mu=  -6.086 eV  Charge distance=  0.0894 (partial c.d.=  0.2973)
SCF ITERATION NUMBER  5
     point #   1  energy = -32.500
     point #  20  energy = -21.325
     point #  40  energy =  -6.086
     point #  60  energy =  -5.968
New Fermi level:    mu=  -5.950 eV  Charge distance=  0.0406 (partial c.d.=  0.2240)
SCF ITERATION NUMBER  6
     point #   1  energy = -32.500
     point #  20  energy = -21.267
     point #  40  energy =  -5.950
New Fermi level:    mu=  -6.011 eV  Charge distance=  0.0078 (partial c.d.=  0.0746)
SCF ITERATION NUMBER  7
     point #   1  energy = -32.500
     point #  20  energy = -21.293
     point #  40  energy =  -6.011
New Fermi level:    mu=  -6.010 eV  Charge distance=  0.0184 (partial c.d.=  0.0052)
SCF ITERATION NUMBER  8
     point #   1  energy = -32.500
     point #  20  energy = -21.292
     point #  40  energy =  -6.010
New Fermi level:    mu=  -6.009 eV  Charge distance=  0.0032 (partial c.d.=  0.0089)
SCF ITERATION NUMBER  9
     point #   1  energy = -32.500
     point #  20  energy = -21.292
     point #  40  energy =  -6.009
New Fermi level:    mu=  -5.999 eV  Charge distance=  0.0011 (partial c.d.=  0.0039)
SCF ITERATION NUMBER 10
     point #   1  energy = -32.500
     point #  20  energy = -21.288
     point #  40  energy =  -5.999
New Fermi level:    mu=  -5.996 eV  Charge distance=  0.0005 (partial c.d.=  0.0032)
SCF ITERATION NUMBER 11
     point #   1  energy = -32.500
     point #  20  energy = -21.287
     point #  40  energy =  -5.996
New Fermi level:    mu=  -5.994 eV  Charge distance=  0.0001 (partial c.d.=  0.0015)
SCF ITERATION NUMBER 12
     point #   1  energy = -32.500
     point #  20  energy = -21.286
     point #  40  energy =  -5.994
New Fermi level:    mu=  -5.994 eV  Charge distance=  0.0001 (partial c.d.=  0.0007)
SCF ITERATION NUMBER 13
     point #   1  energy = -32.500
     point #  20  energy = -21.286
     point #  40  energy =  -5.994
New Fermi level:    mu=  -5.993 eV  Charge distance=  0.0001 (partial c.d.=  0.0001)
Electronic configuration
  type     l     N_el
     0     0    0.526
     0     1    0.703
     0     2    9.553
     0     3    0.000
     1     0    0.760
     1     1    0.948
     1     2   10.266
     1     3    0.000
     2     0    0.534
     2     1    0.711
     2     2    9.552
     2     3    0.000
     3     0    1.367
     3     1    1.998
     3     2    0.750
     3     3    0.000
     4     0    1.844
     4     1    4.339
     4     2    0.071
     4     3    0.000
Charge transfer:  type  charge
       0   -0.217
       1   -0.027
       2   -0.202
       3   -0.885
       4    0.253
Convergence reached in   13 iterations.
Done with module: potentials.

Calculating screened core-hole potential ...
FMS for a cluster of   23 atoms around iph =   0
    0% of energy integration
   20%
   40%
   60%
   80%
  100%
Preparing response function.
Computing (1 - K Chi0)^-1 v_ch
Done with module: screened core-hole potential.

Calculating cross-section and phases ...
    absorption cross section
 x0,dx,rnrm,inrm,jnrm   8.80000000000000       5.000000000000000E-002
   2.53523367300018              195         196
    phase shifts for unique potential    0
    phase shifts for unique potential    1
    phase shifts for unique potential    2
    phase shifts for unique potential    3
    phase shifts for unique potential    4
Done with module: cross-section and phases (XSPH).

FMS calculation of full Green's function ...
FEFF-serial using 1 thread.
Using   194 energy points.
xprep done
FMS for a cluster of  247 atoms
Energy point    1/ 194
Energy point   10/ 194
Energy point   20/ 194
Energy point   30/ 194
Energy point   40/ 194
Energy point   50/ 194
Energy point   60/ 194
Energy point   70/ 194
Energy point   80/ 194
Energy point   90/ 194
Energy point  100/ 194
Energy point  110/ 194
Energy point  120/ 194
Energy point  130/ 194
Energy point  140/ 194
Energy point  150/ 194
Energy point  160/ 194
Energy point  170/ 194
Energy point  180/ 194
Energy point  190/ 194
Done with module: FMS.

MKGTR: Tracing over Green's function ...
Done with module: MKGTR.

Pathfinder: finding scattering paths...
Preparing plane wave scattering amplitudes
Searching for paths
Eliminating path degeneracies
0 paths retained.
Done with module: pathfinder.

Calculating EXAFS parameters ...
Done with module: EXAFS parameters (GENFMT).

Calculating XAS spectra ...
Done with module: XAS spectra (FF2X: DW + final sum over paths).

 
### feff ends at Mon Aug 14 03:11:20 EDT 2023
 
