### feff starts at Sun Aug 13 22:26:23 EDT 2023
### Serial version
### FeffPath is /sdcc/u/mcarbone/software/JFEFF/hsw/feff90/linux
 
Launching FEFF version FEFF 9.9.1
Resetting lmaxsc to 2 for iph =    3.  Use  UNFREEZE to prevent this.
Core hole lifetime is   1.729 eV.
Your calculation:
 comment: None given
 Source:
 Structure Summary:  Y1 Cu3 W4 O12
 Reduced formula:  YCu3(WO3)4
 space group: (P-1), space number:  (2)
 abc:  6.659394   6.722545   6.764781
 angles:109.567915 109.242615 108.909140
 sites: 20
Cu K edge XANES using RPA corehole.
Using:     * Self-Consistent Field potentials
Using cards:   ATOMS CONTROL EXCHANGE TITLE RPATH POTENTIALS XANES EDGE SCF FMS S02 COREHOLE EGRID

Calculating atomic potentials ...
    overlapped atomic potential and density for unique potential    0
    overlapped atomic potential and density for unique potential    1
    overlapped atomic potential and density for unique potential    2
    overlapped atomic potential and density for unique potential    3
    overlapped atomic potential and density for unique potential    4
Done with module: atomic potentials.

Calculating SCF potentials ...
FEFF-serial using 1 thread.
Muffin tin radii and interstitial parameters [bohr]:
type, norman radius, muffin tin, overlap factor
    0  1.39358E+00  1.32706E+00  1.13245E+00
    1  1.77148E+00  1.72877E+00  1.06118E+00
    2  1.40076E+00  1.33190E+00  1.13719E+00
    3  1.50364E+00  1.38504E+00  1.15000E+00
    4  1.08411E+00  1.01549E+00  1.15000E+00
Core-valence separation energy:  ecv=   -35.000 eV
Initial Fermi level:              mu=     2.349 eV
SCF ITERATION NUMBER  1
     point #   1  energy = -35.000
FMS for a cluster of  133 atoms around atom type   0
FMS for a cluster of  123 atoms around atom type   1
FMS for a cluster of  115 atoms around atom type   2
FMS for a cluster of  122 atoms around atom type   3
FMS for a cluster of  126 atoms around atom type   4
     point #  20  energy = -23.887
     point #  40  energy =  -6.565
     point #  60  energy =  -4.503
New Fermi level:    mu=  -4.301 eV  Charge distance=  1.0121 (partial c.d.=  6.4627)
SCF ITERATION NUMBER  1
     point #   1  energy = -35.000
FMS for a cluster of  133 atoms around atom type   0
FMS for a cluster of  123 atoms around atom type   1
FMS for a cluster of  115 atoms around atom type   2
FMS for a cluster of  122 atoms around atom type   3
FMS for a cluster of  126 atoms around atom type   4
     point #  20  energy = -23.744
     point #  40  energy =  -4.301
     point #  60  energy =  -4.392
     point #  80  energy =  -6.195
New Fermi level:    mu=  -5.743 eV  Charge distance=  0.4747 (partial c.d.=  5.5561)
SCF ITERATION NUMBER  1
     point #   1  energy = -35.000
FMS for a cluster of  133 atoms around atom type   0
FMS for a cluster of  123 atoms around atom type   1
FMS for a cluster of  115 atoms around atom type   2
FMS for a cluster of  122 atoms around atom type   3
FMS for a cluster of  126 atoms around atom type   4
     point #  20  energy = -23.903
     point #  40  energy =  -5.743
     point #  60  energy =  -5.834
New Fermi level:    mu=  -6.303 eV  Charge distance=  0.1549 (partial c.d.=  1.4130)
SCF ITERATION NUMBER  2
     point #   1  energy = -35.000
     point #  20  energy = -23.726
     point #  40  energy =  -6.303
New Fermi level:    mu=  -6.370 eV  Charge distance=  0.3727 (partial c.d.=  0.3365)
SCF ITERATION NUMBER  3
     point #   1  energy = -35.000
     point #  20  energy = -23.752
     point #  40  energy =  -6.370
     point #  60  energy =  -6.282
New Fermi level:    mu=  -6.277 eV  Charge distance=  0.1008 (partial c.d.=  0.4768)
SCF ITERATION NUMBER  4
     point #   1  energy = -35.000
     point #  20  energy = -23.716
     point #  40  energy =  -6.277
New Fermi level:    mu=  -6.319 eV  Charge distance=  0.0534 (partial c.d.=  0.6084)
SCF ITERATION NUMBER  5
     point #   1  energy = -35.000
     point #  20  energy = -23.732
     point #  40  energy =  -6.319
New Fermi level:    mu=  -6.366 eV  Charge distance=  0.0221 (partial c.d.=  0.2225)
SCF ITERATION NUMBER  6
     point #   1  energy = -35.000
     point #  20  energy = -23.751
     point #  40  energy =  -6.366
New Fermi level:    mu=  -6.364 eV  Charge distance=  0.0088 (partial c.d.=  0.0311)
SCF ITERATION NUMBER  7
     point #   1  energy = -35.000
     point #  20  energy = -23.750
     point #  40  energy =  -6.364
New Fermi level:    mu=  -6.363 eV  Charge distance=  0.0099 (partial c.d.=  0.0112)
SCF ITERATION NUMBER  8
     point #   1  energy = -35.000
     point #  20  energy = -23.750
     point #  40  energy =  -6.363
New Fermi level:    mu=  -6.359 eV  Charge distance=  0.0032 (partial c.d.=  0.0107)
SCF ITERATION NUMBER  9
     point #   1  energy = -35.000
     point #  20  energy = -23.748
     point #  40  energy =  -6.359
New Fermi level:    mu=  -6.355 eV  Charge distance=  0.0006 (partial c.d.=  0.0018)
SCF ITERATION NUMBER 10
     point #   1  energy = -35.000
     point #  20  energy = -23.746
     point #  40  energy =  -6.355
New Fermi level:    mu=  -6.353 eV  Charge distance=  0.0004 (partial c.d.=  0.0012)
SCF ITERATION NUMBER 11
     point #   1  energy = -35.000
     point #  20  energy = -23.746
     point #  40  energy =  -6.353
New Fermi level:    mu=  -6.353 eV  Charge distance=  0.0001 (partial c.d.=  0.0009)
SCF ITERATION NUMBER 12
     point #   1  energy = -35.000
     point #  20  energy = -23.746
     point #  40  energy =  -6.353
New Fermi level:    mu=  -6.353 eV  Charge distance=  0.0001 (partial c.d.=  0.0003)
SCF ITERATION NUMBER 13
     point #   1  energy = -35.000
     point #  20  energy = -23.746
     point #  40  energy =  -6.353
New Fermi level:    mu=  -6.354 eV  Charge distance=  0.0001 (partial c.d.=  0.0002)
Electronic configuration
  type     l     N_el
     0     0    0.507
     0     1    0.544
     0     2    9.621
     0     3    0.000
     1     0    0.334
     1     1    6.494
     1     2    1.514
     1     3    0.000
     2     0    0.519
     2     1    0.542
     2     2    9.623
     2     3    0.000
     3     0    0.553
     3     1    0.822
     3     2    4.150
     3     3    0.000
     4     0    1.821
     4     1    4.385
     4     2    0.085
     4     3    0.000
Charge transfer:  type  charge
       0   -0.328
       1   -0.658
       2   -0.316
       3   -0.475
       4    0.292
Convergence reached in   13 iterations.
Done with module: potentials.

Calculating screened core-hole potential ...
FMS for a cluster of   27 atoms around iph =   0
    0% of energy integration
   20%
   40%
   60%
   80%
  100%
Preparing response function.
Computing (1 - K Chi0)^-1 v_ch
Done with module: screened core-hole potential.

Calculating cross-section and phases ...
    absorption cross section
 x0,dx,rnrm,inrm,jnrm   8.80000000000000       5.000000000000000E-002
   2.63349008600014              196         197
    phase shifts for unique potential    0
    phase shifts for unique potential    1
    phase shifts for unique potential    2
    phase shifts for unique potential    3
    phase shifts for unique potential    4
Done with module: cross-section and phases (XSPH).

FMS calculation of full Green's function ...
FEFF-serial using 1 thread.
Using   194 energy points.
xprep done
FMS for a cluster of  265 atoms
Energy point    1/ 194
Energy point   10/ 194
Energy point   20/ 194
Energy point   30/ 194
Energy point   40/ 194
Energy point   50/ 194
Energy point   60/ 194
Energy point   70/ 194
Energy point   80/ 194
Energy point   90/ 194
Energy point  100/ 194
Energy point  110/ 194
Energy point  120/ 194
Energy point  130/ 194
Energy point  140/ 194
Energy point  150/ 194
Energy point  160/ 194
Energy point  170/ 194
Energy point  180/ 194
Energy point  190/ 194
Done with module: FMS.

MKGTR: Tracing over Green's function ...
Done with module: MKGTR.

Pathfinder: finding scattering paths...
Preparing plane wave scattering amplitudes
Searching for paths
Eliminating path degeneracies
0 paths retained.
Done with module: pathfinder.

Calculating EXAFS parameters ...
Done with module: EXAFS parameters (GENFMT).

Calculating XAS spectra ...
Done with module: XAS spectra (FF2X: DW + final sum over paths).

 
### feff ends at Mon Aug 14 00:34:00 EDT 2023
 
