### feff starts at Mon Aug 14 10:58:39 EDT 2023
### Serial version
### FeffPath is /sdcc/u/mcarbone/software/JFEFF/hsw/feff90/linux
 
Launching FEFF version FEFF 9.9.1
Core hole lifetime is   1.729 eV.
Your calculation:
 comment: None given
 Source:
 Structure Summary:  Zn8 Cu10 Te6 O36
 Reduced formula:  Zn4Cu5(TeO6)3
 space group: (C2/c), space number:  (15)
 abc:  8.753173   8.753173  10.522924
 angles: 84.621322  84.621322  61.110090
 sites: 60
Cu K edge XANES using RPA corehole.
Using:     * Self-Consistent Field potentials
Using cards:   ATOMS CONTROL EXCHANGE TITLE RPATH POTENTIALS XANES EDGE SCF FMS S02 COREHOLE EGRID

Calculating atomic potentials ...
    overlapped atomic potential and density for unique potential    0
    overlapped atomic potential and density for unique potential    1
    overlapped atomic potential and density for unique potential    2
    overlapped atomic potential and density for unique potential    3
    overlapped atomic potential and density for unique potential    4
Done with module: atomic potentials.

Calculating SCF potentials ...
FEFF-serial using 1 thread.
Muffin tin radii and interstitial parameters [bohr]:
type, norman radius, muffin tin, overlap factor
    0  1.36520E+00  1.30669E+00  1.11666E+00
    1  1.41850E+00  1.29133E+00  1.15000E+00
    2  1.35607E+00  1.28778E+00  1.14122E+00
    3  1.43508E+00  1.29300E+00  1.15000E+00
    4  1.08015E+00  1.00223E+00  1.15000E+00
Core-valence separation energy:  ecv=   -33.000 eV
Initial Fermi level:              mu=     2.602 eV
SCF ITERATION NUMBER  1
     point #   1  energy = -33.000
FMS for a cluster of  123 atoms around atom type   0
FMS for a cluster of  117 atoms around atom type   1
FMS for a cluster of  114 atoms around atom type   2
FMS for a cluster of  124 atoms around atom type   3
FMS for a cluster of  120 atoms around atom type   4
     point #  20  energy = -21.825
     point #  40  energy =  -5.516
     point #  60  energy =  -3.753
New Fermi level:    mu=  -3.782 eV  Charge distance=  0.8097 (partial c.d.= 10.3088)
SCF ITERATION NUMBER  1
     point #   1  energy = -33.000
FMS for a cluster of  123 atoms around atom type   0
FMS for a cluster of  117 atoms around atom type   1
FMS for a cluster of  114 atoms around atom type   2
FMS for a cluster of  124 atoms around atom type   3
FMS for a cluster of  120 atoms around atom type   4
     point #  20  energy = -21.917
     point #  40  energy =  -3.782
     point #  60  energy =  -3.872
     point #  80  energy =  -7.200
     point # 100  energy =  -6.363
New Fermi level:    mu=  -6.221 eV  Charge distance=  0.2966 (partial c.d.=  4.2209)
SCF ITERATION NUMBER  1
     point #   1  energy = -33.000
FMS for a cluster of  123 atoms around atom type   0
FMS for a cluster of  117 atoms around atom type   1
FMS for a cluster of  114 atoms around atom type   2
FMS for a cluster of  124 atoms around atom type   3
FMS for a cluster of  120 atoms around atom type   4
     point #  20  energy = -21.670
     point #  40  energy =  -6.221
New Fermi level:    mu=  -6.257 eV  Charge distance=  0.2120 (partial c.d.=  0.2507)
SCF ITERATION NUMBER  2
     point #   1  energy = -33.000
     point #  20  energy = -21.686
     point #  40  energy =  -6.257
     point #  60  energy =  -6.144
New Fermi level:    mu=  -6.138 eV  Charge distance=  0.4451 (partial c.d.=  0.2465)
SCF ITERATION NUMBER  3
     point #   1  energy = -33.000
     point #  20  energy = -22.056
     point #  40  energy =  -6.138
New Fermi level:    mu=  -6.173 eV  Charge distance=  0.1435 (partial c.d.=  0.7024)
SCF ITERATION NUMBER  4
     point #   1  energy = -33.000
     point #  20  energy = -21.650
     point #  40  energy =  -6.173
     point #  60  energy =  -6.339
New Fermi level:    mu=  -6.331 eV  Charge distance=  0.0774 (partial c.d.=  0.8983)
SCF ITERATION NUMBER  5
     point #   1  energy = -33.000
     point #  20  energy = -21.717
     point #  40  energy =  -6.331
New Fermi level:    mu=  -6.362 eV  Charge distance=  0.0343 (partial c.d.=  0.1645)
SCF ITERATION NUMBER  6
     point #   1  energy = -33.000
     point #  20  energy = -21.730
     point #  40  energy =  -6.362
New Fermi level:    mu=  -6.346 eV  Charge distance=  0.0148 (partial c.d.=  0.1237)
SCF ITERATION NUMBER  7
     point #   1  energy = -33.000
     point #  20  energy = -21.723
     point #  40  energy =  -6.346
New Fermi level:    mu=  -6.339 eV  Charge distance=  0.0187 (partial c.d.=  0.0092)
SCF ITERATION NUMBER  8
     point #   1  energy = -33.000
     point #  20  energy = -21.720
     point #  40  energy =  -6.339
New Fermi level:    mu=  -6.324 eV  Charge distance=  0.0034 (partial c.d.=  0.0122)
SCF ITERATION NUMBER  9
     point #   1  energy = -33.000
     point #  20  energy = -21.714
     point #  40  energy =  -6.324
New Fermi level:    mu=  -6.315 eV  Charge distance=  0.0003 (partial c.d.=  0.0064)
SCF ITERATION NUMBER 10
     point #   1  energy = -33.000
     point #  20  energy = -21.710
     point #  40  energy =  -6.315
New Fermi level:    mu=  -6.313 eV  Charge distance=  0.0011 (partial c.d.=  0.0012)
SCF ITERATION NUMBER 11
     point #   1  energy = -33.000
     point #  20  energy = -21.709
     point #  40  energy =  -6.313
New Fermi level:    mu=  -6.309 eV  Charge distance=  0.0002 (partial c.d.=  0.0015)
SCF ITERATION NUMBER 12
     point #   1  energy = -33.000
     point #  20  energy = -21.708
     point #  40  energy =  -6.309
New Fermi level:    mu=  -6.310 eV  Charge distance=  0.0003 (partial c.d.=  0.0001)
Electronic configuration
  type     l     N_el
     0     0    0.441
     0     1    0.577
     0     2    9.690
     0     3    0.000
     1     0    0.792
     1     1    1.006
     1     2   10.236
     1     3    0.000
     2     0    0.473
     2     1    0.586
     2     2    9.655
     2     3    0.000
     3     0    1.600
     3     1    2.169
     3     2    0.951
     3     3    0.000
     4     0    1.867
     4     1    4.352
     4     2    0.067
     4     3    0.000
Charge transfer:  type  charge
       0   -0.291
       1    0.034
       2   -0.286
       3   -1.279
       4    0.285
Convergence reached in   12 iterations.
Done with module: potentials.

Calculating screened core-hole potential ...
FMS for a cluster of   25 atoms around iph =   0
    0% of energy integration
   20%
   40%
   60%
   80%
  100%
Preparing response function.
Computing (1 - K Chi0)^-1 v_ch
Done with module: screened core-hole potential.

Calculating cross-section and phases ...
    absorption cross section
 x0,dx,rnrm,inrm,jnrm   8.80000000000000       5.000000000000000E-002
   2.57984927700012              195         196
    phase shifts for unique potential    0
    phase shifts for unique potential    1
    phase shifts for unique potential    2
    phase shifts for unique potential    3
    phase shifts for unique potential    4
Done with module: cross-section and phases (XSPH).

FMS calculation of full Green's function ...
FEFF-serial using 1 thread.
Using   194 energy points.
xprep done
FMS for a cluster of  265 atoms
Energy point    1/ 194
Energy point   10/ 194
Energy point   20/ 194
Energy point   30/ 194
Energy point   40/ 194
Energy point   50/ 194
Energy point   60/ 194
Energy point   70/ 194
Energy point   80/ 194
Energy point   90/ 194
Energy point  100/ 194
Energy point  110/ 194
Energy point  120/ 194
Energy point  130/ 194
Energy point  140/ 194
Energy point  150/ 194
Energy point  160/ 194
Energy point  170/ 194
Energy point  180/ 194
Energy point  190/ 194
Done with module: FMS.

MKGTR: Tracing over Green's function ...
Done with module: MKGTR.

Pathfinder: finding scattering paths...
Preparing plane wave scattering amplitudes
Searching for paths
Eliminating path degeneracies
0 paths retained.
Done with module: pathfinder.

Calculating EXAFS parameters ...
Done with module: EXAFS parameters (GENFMT).

Calculating XAS spectra ...
Done with module: XAS spectra (FF2X: DW + final sum over paths).

 
### feff ends at Mon Aug 14 12:51:17 EDT 2023
 
