### feff starts at Mon Aug 14 07:50:22 EDT 2023
### Serial version
### FeffPath is /sdcc/u/mcarbone/software/JFEFF/hsw/feff90/linux
 
Launching FEFF version FEFF 9.9.1
Core hole lifetime is   1.729 eV.
Your calculation:
 comment: None given
 Source:
 Structure Summary:  Al10 Cu6 O21
 Reduced formula:  Al10(Cu2O7)3
 space group: (Cm), space number:  (8)
 abc:  6.004951   6.004951  14.353509
 angles: 85.643859  85.643859  58.299172
 sites: 37
Cu K edge XANES using RPA corehole.
Using:     * Self-Consistent Field potentials
Using cards:   ATOMS CONTROL EXCHANGE TITLE RPATH POTENTIALS XANES EDGE SCF FMS S02 COREHOLE EGRID

Calculating atomic potentials ...
    overlapped atomic potential and density for unique potential    0
    overlapped atomic potential and density for unique potential    1
    overlapped atomic potential and density for unique potential    2
    overlapped atomic potential and density for unique potential    3
Done with module: atomic potentials.

Calculating SCF potentials ...
FEFF-serial using 1 thread.
Muffin tin radii and interstitial parameters [bohr]:
type, norman radius, muffin tin, overlap factor
    0  1.28619E+00  1.18492E+00  1.15000E+00
    1  1.30135E+00  1.10370E+00  1.15000E+00
    2  1.53474E+00  1.39872E+00  1.15000E+00
    3  1.11645E+00  9.49198E-01  1.15000E+00
Core-valence separation energy:  ecv=   -40.000 eV
Initial Fermi level:              mu=     1.580 eV
SCF ITERATION NUMBER  1
     point #   1  energy = -40.000
FMS for a cluster of  126 atoms around atom type   0
FMS for a cluster of  117 atoms around atom type   1
FMS for a cluster of  111 atoms around atom type   2
FMS for a cluster of  118 atoms around atom type   3
     point #  20  energy = -28.849
     point #  40  energy =  -8.599
     point #  60  energy =  -4.315
     point #  80  energy =  -4.209
New Fermi level:    mu=  -4.236 eV  Charge distance=  0.8995 (partial c.d.=  6.4035)
SCF ITERATION NUMBER  1
     point #   1  energy = -40.000
FMS for a cluster of  126 atoms around atom type   0
FMS for a cluster of  117 atoms around atom type   1
FMS for a cluster of  111 atoms around atom type   2
FMS for a cluster of  118 atoms around atom type   3
     point #  20  energy = -28.760
     point #  40  energy =  -8.323
     point #  60  energy =  -4.236
     point #  80  energy =  -5.814
     point # 100  energy =  -9.561
     point # 120  energy = -10.083
New Fermi level:    mu= -10.133 eV  Charge distance=  0.2773 (partial c.d.=  4.6376)
SCF ITERATION NUMBER  1
     point #   1  energy = -40.000
FMS for a cluster of  126 atoms around atom type   0
FMS for a cluster of  117 atoms around atom type   1
FMS for a cluster of  111 atoms around atom type   2
FMS for a cluster of  118 atoms around atom type   3
     point #  20  energy = -28.671
     point #  40  energy = -10.133
     point #  60  energy = -10.043
     point #  80  energy =  -9.021
New Fermi level:    mu=  -9.130 eV  Charge distance=  0.0601 (partial c.d.=  0.9849)
SCF ITERATION NUMBER  2
     point #   1  energy = -40.000
     point #  20  energy = -28.681
     point #  40  energy =  -9.130
     point #  60  energy =  -9.067
New Fermi level:    mu=  -8.934 eV  Charge distance=  0.1428 (partial c.d.=  0.1731)
SCF ITERATION NUMBER  3
     point #   1  energy = -40.000
     point #  20  energy = -28.977
     point #  40  energy =  -8.934
     point #  60  energy =  -8.894
     point #  80  energy =  -8.178
     point # 100  energy =  -8.463
New Fermi level:    mu=  -8.483 eV  Charge distance=  0.0611 (partial c.d.=  0.1990)
SCF ITERATION NUMBER  4
     point #   1  energy = -40.000
     point #  20  energy = -28.817
     point #  40  energy =  -8.483
     point #  60  energy =  -8.552
     point #  80  energy =  -8.868
New Fermi level:    mu=  -8.897 eV  Charge distance=  0.0482 (partial c.d.=  0.3840)
SCF ITERATION NUMBER  5
     point #   1  energy = -40.000
     point #  20  energy = -28.963
     point #  40  energy =  -8.897
     point #  60  energy =  -8.847
New Fermi level:    mu=  -8.695 eV  Charge distance=  0.0266 (partial c.d.=  0.4927)
SCF ITERATION NUMBER  6
     point #   1  energy = -40.000
     point #  20  energy = -28.892
     point #  40  energy =  -8.695
     point #  60  energy =  -8.745
New Fermi level:    mu=  -8.765 eV  Charge distance=  0.0087 (partial c.d.=  0.3427)
SCF ITERATION NUMBER  7
     point #   1  energy = -40.000
     point #  20  energy = -28.916
     point #  40  energy =  -8.765
New Fermi level:    mu=  -8.758 eV  Charge distance=  0.0011 (partial c.d.=  0.0691)
SCF ITERATION NUMBER  8
     point #   1  energy = -40.000
     point #  20  energy = -28.914
     point #  40  energy =  -8.758
New Fermi level:    mu=  -8.764 eV  Charge distance=  0.0019 (partial c.d.=  0.0135)
SCF ITERATION NUMBER  9
     point #   1  energy = -40.000
     point #  20  energy = -28.916
     point #  40  energy =  -8.764
New Fermi level:    mu=  -8.768 eV  Charge distance=  0.0025 (partial c.d.=  0.0061)
SCF ITERATION NUMBER 10
     point #   1  energy = -40.000
     point #  20  energy = -28.918
     point #  40  energy =  -8.768
New Fermi level:    mu=  -8.774 eV  Charge distance=  0.0010 (partial c.d.=  0.0017)
SCF ITERATION NUMBER 11
     point #   1  energy = -40.000
     point #  20  energy = -28.920
     point #  40  energy =  -8.774
New Fermi level:    mu=  -8.772 eV  Charge distance=  0.0006 (partial c.d.=  0.0002)
Electronic configuration
  type     l     N_el
     0     0    0.477
     0     1    0.645
     0     2    9.234
     0     3    0.000
     1     0    0.742
     1     1    1.140
     1     2    0.678
     1     3    0.000
     2     0    0.439
     2     1    0.372
     2     2    9.737
     2     3    0.000
     3     0    1.859
     3     1    4.432
     3     2    0.047
     3     3    0.000
Charge transfer:  type  charge
       0   -0.648
       1   -0.440
       2   -0.452
       3    0.339
Convergence reached in   11 iterations.
Done with module: potentials.

Calculating screened core-hole potential ...
FMS for a cluster of   23 atoms around iph =   0
    0% of energy integration
   20%
   40%
   60%
   80%
  100%
Preparing response function.
Computing (1 - K Chi0)^-1 v_ch
Done with module: screened core-hole potential.

Calculating cross-section and phases ...
    absorption cross section
 x0,dx,rnrm,inrm,jnrm   8.80000000000000       5.000000000000000E-002
   2.43054736299984              194         195
    phase shifts for unique potential    0
    phase shifts for unique potential    1
    phase shifts for unique potential    2
    phase shifts for unique potential    3
Done with module: cross-section and phases (XSPH).

FMS calculation of full Green's function ...
FEFF-serial using 1 thread.
Using   194 energy points.
xprep done
FMS for a cluster of  267 atoms
Energy point    1/ 194
Energy point   10/ 194
Energy point   20/ 194
Energy point   30/ 194
Energy point   40/ 194
Energy point   50/ 194
Energy point   60/ 194
Energy point   70/ 194
Energy point   80/ 194
Energy point   90/ 194
Energy point  100/ 194
Energy point  110/ 194
Energy point  120/ 194
Energy point  130/ 194
Energy point  140/ 194
Energy point  150/ 194
Energy point  160/ 194
Energy point  170/ 194
Energy point  180/ 194
Energy point  190/ 194
Done with module: FMS.

MKGTR: Tracing over Green's function ...
Done with module: MKGTR.

Pathfinder: finding scattering paths...
Preparing plane wave scattering amplitudes
Searching for paths
Eliminating path degeneracies
0 paths retained.
Done with module: pathfinder.

Calculating EXAFS parameters ...
Done with module: EXAFS parameters (GENFMT).

Calculating XAS spectra ...
Done with module: XAS spectra (FF2X: DW + final sum over paths).

 
### feff ends at Mon Aug 14 09:38:56 EDT 2023
 
