### feff starts at Mon Aug 14 09:41:19 EDT 2023
### Serial version
### FeffPath is /sdcc/u/mcarbone/software/JFEFF/hsw/feff90/linux
 
Launching FEFF version FEFF 9.9.1
Core hole lifetime is   1.729 eV.
Your calculation:
 comment: None given
 Source:
 Structure Summary:  Mg4 Mn8 Cu8 O32
 Reduced formula:  MgMn2(CuO4)2
 space group: (P2_1/c), space number:  (14)
 abc:  6.424372   8.279897  11.899270
 angles: 90.000000  90.165623  90.000000
 sites: 52
Cu K edge XANES using RPA corehole.
Using:     * Self-Consistent Field potentials
Using cards:   ATOMS CONTROL EXCHANGE TITLE RPATH POTENTIALS XANES EDGE SCF FMS S02 COREHOLE EGRID

Calculating atomic potentials ...
    overlapped atomic potential and density for unique potential    0
    overlapped atomic potential and density for unique potential    1
    overlapped atomic potential and density for unique potential    2
    overlapped atomic potential and density for unique potential    3
    overlapped atomic potential and density for unique potential    4
Done with module: atomic potentials.

Calculating SCF potentials ...
FEFF-serial using 1 thread.
Muffin tin radii and interstitial parameters [bohr]:
type, norman radius, muffin tin, overlap factor
    0  1.30968E+00  1.23475E+00  1.15000E+00
    1  1.45506E+00  1.37867E+00  1.14850E+00
    2  1.27433E+00  1.06839E+00  1.15000E+00
    3  1.32057E+00  1.23060E+00  1.15000E+00
    4  1.09113E+00  9.38188E-01  1.15000E+00
Core-valence separation energy:  ecv=   -40.000 eV
Initial Fermi level:              mu=     2.167 eV
SCF ITERATION NUMBER  1
     point #   1  energy = -40.000
FMS for a cluster of  122 atoms around atom type   0
FMS for a cluster of  115 atoms around atom type   1
FMS for a cluster of  112 atoms around atom type   2
FMS for a cluster of  112 atoms around atom type   3
FMS for a cluster of  119 atoms around atom type   4
     point #  20  energy = -28.931
     point #  40  energy =  -8.681
     point #  60  energy =  -6.334
     point #  80  energy =  -5.703
New Fermi level:    mu=  -5.659 eV  Charge distance=  1.6470 (partial c.d.=  9.4177)
SCF ITERATION NUMBER  1
     point #   1  energy = -40.000
FMS for a cluster of  122 atoms around atom type   0
FMS for a cluster of  115 atoms around atom type   1
FMS for a cluster of  112 atoms around atom type   2
FMS for a cluster of  112 atoms around atom type   3
FMS for a cluster of  119 atoms around atom type   4
     point #  20  energy = -28.890
     point #  40  energy =  -8.689
     point #  60  energy =  -5.647
New Fermi level:    mu=  -5.434 eV  Charge distance=  0.9953 (partial c.d.=  8.6521)
SCF ITERATION NUMBER  1
     point #   1  energy = -40.000
FMS for a cluster of  122 atoms around atom type   0
FMS for a cluster of  115 atoms around atom type   1
FMS for a cluster of  112 atoms around atom type   2
FMS for a cluster of  112 atoms around atom type   3
FMS for a cluster of  119 atoms around atom type   4
     point #  20  energy = -28.817
     point #  40  energy =  -8.484
     point #  60  energy =  -5.446
     point #  80  energy =  -7.768
     point # 100  energy =  -9.484
New Fermi level:    mu=  -9.405 eV  Charge distance=  0.2813 (partial c.d.=  4.9115)
SCF ITERATION NUMBER  2
     point #   1  energy = -40.000
     point #  20  energy = -28.782
     point #  40  energy =  -9.405
     point #  60  energy =  -9.315
     point #  80  energy =  -8.008
New Fermi level:    mu=  -7.991 eV  Charge distance=  0.3048 (partial c.d.=  1.7445)
SCF ITERATION NUMBER  3
     point #   1  energy = -40.000
     point #  20  energy = -28.997
     point #  40  energy =  -8.992
     point #  60  energy =  -8.032
     point #  80  energy =  -9.004
New Fermi level:    mu=  -9.015 eV  Charge distance=  0.1819 (partial c.d.=  4.1012)
SCF ITERATION NUMBER  4
     point #   1  energy = -40.000
     point #  20  energy = -29.005
     point #  40  energy =  -9.015
     point #  60  energy =  -9.083
New Fermi level:    mu=  -9.185 eV  Charge distance=  0.0972 (partial c.d.=  3.9541)
SCF ITERATION NUMBER  5
     point #   1  energy = -40.000
     point #  20  energy = -28.701
     point #  40  energy =  -9.185
New Fermi level:    mu=  -9.142 eV  Charge distance=  0.0569 (partial c.d.=  0.6409)
SCF ITERATION NUMBER  6
     point #   1  energy = -40.000
     point #  20  energy = -28.686
     point #  40  energy =  -9.142
     point #  60  energy =  -9.046
New Fermi level:    mu=  -8.954 eV  Charge distance=  0.0302 (partial c.d.=  0.1874)
SCF ITERATION NUMBER  7
     point #   1  energy = -40.000
     point #  20  energy = -28.984
     point #  40  energy =  -8.954
     point #  60  energy =  -8.904
New Fermi level:    mu=  -8.898 eV  Charge distance=  0.0171 (partial c.d.=  0.4234)
SCF ITERATION NUMBER  8
     point #   1  energy = -40.000
     point #  20  energy = -28.964
     point #  40  energy =  -8.898
New Fermi level:    mu=  -8.924 eV  Charge distance=  0.0175 (partial c.d.=  0.1756)
SCF ITERATION NUMBER  9
     point #   1  energy = -40.000
     point #  20  energy = -28.973
     point #  40  energy =  -8.924
     point #  60  energy =  -8.874
New Fermi level:    mu=  -8.859 eV  Charge distance=  0.0079 (partial c.d.=  0.1525)
SCF ITERATION NUMBER 10
     point #   1  energy = -40.000
     point #  20  energy = -28.950
     point #  40  energy =  -8.859
New Fermi level:    mu=  -8.867 eV  Charge distance=  0.0017 (partial c.d.=  0.0504)
SCF ITERATION NUMBER 11
     point #   1  energy = -40.000
     point #  20  energy = -28.953
     point #  40  energy =  -8.867
New Fermi level:    mu=  -8.858 eV  Charge distance=  0.0042 (partial c.d.=  0.0050)
SCF ITERATION NUMBER 12
     point #   1  energy = -40.000
     point #  20  energy = -28.950
     point #  40  energy =  -8.858
New Fermi level:    mu=  -8.840 eV  Charge distance=  0.0001 (partial c.d.=  0.0146)
SCF ITERATION NUMBER 13
     point #   1  energy = -40.000
     point #  20  energy = -28.943
     point #  40  energy =  -8.840
New Fermi level:    mu=  -8.842 eV  Charge distance=  0.0005 (partial c.d.=  0.0007)
SCF ITERATION NUMBER 14
     point #   1  energy = -40.000
     point #  20  energy = -28.944
     point #  40  energy =  -8.842
New Fermi level:    mu=  -8.844 eV  Charge distance=  0.0002 (partial c.d.=  0.0024)
SCF ITERATION NUMBER 15
     point #   1  energy = -40.000
     point #  20  energy = -28.945
     point #  40  energy =  -8.844
New Fermi level:    mu=  -8.845 eV  Charge distance=  0.0001 (partial c.d.=  0.0009)
SCF ITERATION NUMBER 16
     point #   1  energy = -40.000
     point #  20  energy = -28.945
     point #  40  energy =  -8.845
New Fermi level:    mu=  -8.845 eV  Charge distance=  0.0001 (partial c.d.=  0.0004)
SCF ITERATION NUMBER 17
     point #   1  energy = -40.000
     point #  20  energy = -28.945
     point #  40  energy =  -8.845
New Fermi level:    mu=  -8.845 eV  Charge distance=  0.0000 (partial c.d.=  0.0001)
Electronic configuration
  type     l     N_el
     0     0    0.460
     0     1    0.580
     0     2    9.395
     0     3    0.000
     1     0    0.476
     1     1    0.743
     1     2    0.522
     1     3    0.000
     2     0    0.540
     2     1    0.750
     2     2    5.576
     2     3    0.000
     3     0    0.483
     3     1    0.559
     3     2    9.386
     3     3    0.000
     4     0    1.838
     4     1    4.279
     4     2    0.091
     4     3    0.000
Charge transfer:  type  charge
       0   -0.566
       1   -0.259
       2   -0.134
       3   -0.572
       4    0.209
Convergence reached in   17 iterations.
Done with module: potentials.

Calculating screened core-hole potential ...
FMS for a cluster of   24 atoms around iph =   0
    0% of energy integration
   20%
   40%
   60%
   80%
  100%
Preparing response function.
Computing (1 - K Chi0)^-1 v_ch
Done with module: screened core-hole potential.

Calculating cross-section and phases ...
    absorption cross section
 x0,dx,rnrm,inrm,jnrm   8.80000000000000       5.000000000000000E-002
   2.47493417399987              195         196
    phase shifts for unique potential    0
    phase shifts for unique potential    1
    phase shifts for unique potential    2
    phase shifts for unique potential    3
    phase shifts for unique potential    4
Done with module: cross-section and phases (XSPH).

FMS calculation of full Green's function ...
FEFF-serial using 1 thread.
Using   194 energy points.
xprep done
FMS for a cluster of  250 atoms
Energy point    1/ 194
Energy point   10/ 194
Energy point   20/ 194
Energy point   30/ 194
Energy point   40/ 194
Energy point   50/ 194
Energy point   60/ 194
Energy point   70/ 194
Energy point   80/ 194
Energy point   90/ 194
Energy point  100/ 194
Energy point  110/ 194
Energy point  120/ 194
Energy point  130/ 194
Energy point  140/ 194
Energy point  150/ 194
Energy point  160/ 194
Energy point  170/ 194
Energy point  180/ 194
Energy point  190/ 194
Done with module: FMS.

MKGTR: Tracing over Green's function ...
Done with module: MKGTR.

Pathfinder: finding scattering paths...
Preparing plane wave scattering amplitudes
Searching for paths
Eliminating path degeneracies
0 paths retained.
Done with module: pathfinder.

Calculating EXAFS parameters ...
Done with module: EXAFS parameters (GENFMT).

Calculating XAS spectra ...
Done with module: XAS spectra (FF2X: DW + final sum over paths).

 
### feff ends at Mon Aug 14 11:50:29 EDT 2023
 
