### feff starts at Sun Aug 13 20:58:39 EDT 2023
### Serial version
### FeffPath is /sdcc/u/mcarbone/software/JFEFF/hsw/feff90/linux
 
Launching FEFF version FEFF 9.9.1
Core hole lifetime is   1.729 eV.
Your calculation:
 comment: None given
 Source:
 Structure Summary:  Cu2 H2 O4
 Reduced formula:  CuHO2
 space group: (Pmn2_1), space number:  (31)
 abc:  2.788733   4.411048   5.967421
 angles: 90.000000  90.000000  90.000000
 sites: 8
Cu K edge XANES using RPA corehole.
Using:     * Self-Consistent Field potentials
Using cards:   ATOMS CONTROL EXCHANGE TITLE RPATH POTENTIALS XANES EDGE SCF FMS S02 COREHOLE EGRID

Calculating atomic potentials ...
    overlapped atomic potential and density for unique potential    0
    overlapped atomic potential and density for unique potential    1
    overlapped atomic potential and density for unique potential    2
    overlapped atomic potential and density for unique potential    3
Done with module: atomic potentials.

Calculating SCF potentials ...
FEFF-serial using 1 thread.
Muffin tin radii and interstitial parameters [bohr]:
type, norman radius, muffin tin, overlap factor
    0  1.27560E+00  1.15698E+00  1.15000E+00
    1  1.27560E+00  1.15698E+00  1.15000E+00
    2  7.39113E-01  5.84649E-01  1.15000E+00
    3  1.08876E+00  9.47579E-01  1.15000E+00
Core-valence separation energy:  ecv=   -40.000 eV
Initial Fermi level:              mu=     3.659 eV
SCF ITERATION NUMBER  1
     point #   1  energy = -40.000
FMS for a cluster of  159 atoms around atom type   0
FMS for a cluster of  155 atoms around atom type   1
FMS for a cluster of  154 atoms around atom type   2
FMS for a cluster of  161 atoms around atom type   3
     point #  20  energy = -28.840
     point #  40  energy =  -8.590
     point #  60  energy =  -1.987
     point #  80  energy =  -2.331
New Fermi level:    mu=  -2.328 eV  Charge distance=  0.4101 (partial c.d.=  7.7167)
negative density   2  -21.865 - usually harmless precision error, but check DOS if it persists
negative density   2   -9.864 - usually harmless precision error, but check DOS if it persists
negative density   2   -2.734 - usually harmless precision error, but check DOS if it persists
SCF ITERATION NUMBER  1
     point #   1  energy = -40.000
FMS for a cluster of  159 atoms around atom type   0
FMS for a cluster of  155 atoms around atom type   1
FMS for a cluster of  154 atoms around atom type   2
FMS for a cluster of  161 atoms around atom type   3
     point #  20  energy = -28.800
     point #  40  energy =  -8.437
     point #  60  energy =  -2.328
     point #  80  energy =  -3.528
     point # 100  energy =  -7.590
New Fermi level:    mu=  -7.771 eV  Charge distance=  0.0674 (partial c.d.=  1.9831)
negative density   2  -23.375 - usually harmless precision error, but check DOS if it persists
negative density   2  -36.742 - usually harmless precision error, but check DOS if it persists
negative density   2  -17.262 - usually harmless precision error, but check DOS if it persists
negative density   2   -6.365 - usually harmless precision error, but check DOS if it persists
negative density   2   -0.981 - usually harmless precision error, but check DOS if it persists
SCF ITERATION NUMBER  1
     point #   1  energy = -40.000
FMS for a cluster of  159 atoms around atom type   0
FMS for a cluster of  155 atoms around atom type   1
FMS for a cluster of  154 atoms around atom type   2
FMS for a cluster of  161 atoms around atom type   3
     point #  20  energy = -28.921
     point #  40  energy =  -8.778
     point #  60  energy =  -7.731
     point #  80  energy =  -6.568
New Fermi level:    mu=  -6.671 eV  Charge distance=  0.0622 (partial c.d.=  0.5304)
negative density   2  -42.620 - usually harmless precision error, but check DOS if it persists
negative density   2  -50.698 - usually harmless precision error, but check DOS if it persists
negative density   2  -24.325 - usually harmless precision error, but check DOS if it persists
negative density   2   -9.840 - usually harmless precision error, but check DOS if it persists
negative density   2   -2.696 - usually harmless precision error, but check DOS if it persists
SCF ITERATION NUMBER  2
     point #   1  energy = -40.000
     point #  20  energy = -28.890
     point #  40  energy =  -8.691
     point #  60  energy =  -6.684
New Fermi level:    mu=  -6.847 eV  Charge distance=  0.1235 (partial c.d.=  0.6148)
negative density   2  -69.154 - usually harmless precision error, but check DOS if it persists
negative density   2  -68.792 - usually harmless precision error, but check DOS if it persists
negative density   2  -33.439 - usually harmless precision error, but check DOS if it persists
negative density   2  -14.321 - usually harmless precision error, but check DOS if it persists
negative density   2   -4.904 - usually harmless precision error, but check DOS if it persists
negative density   2   -0.361 - usually harmless precision error, but check DOS if it persists
SCF ITERATION NUMBER  3
     point #   1  energy = -40.000
     point #  20  energy = -28.949
     point #  40  energy =  -8.857
     point #  60  energy =  -6.860
New Fermi level:    mu=  -7.049 eV  Charge distance=  0.0629 (partial c.d.=  3.4466)
negative density   2  -81.861 - usually harmless precision error, but check DOS if it persists
negative density   2  -77.343 - usually harmless precision error, but check DOS if it persists
negative density   2  -37.742 - usually harmless precision error, but check DOS if it persists
negative density   2  -16.435 - usually harmless precision error, but check DOS if it persists
negative density   2   -5.946 - usually harmless precision error, but check DOS if it persists
negative density   2   -0.884 - usually harmless precision error, but check DOS if it persists
SCF ITERATION NUMBER  4
     point #   1  energy = -40.000
     point #  20  energy = -29.016
     point #  40  energy =  -9.046
     point #  60  energy =  -7.074
New Fermi level:    mu=  -7.111 eV  Charge distance=  0.0216 (partial c.d.=  1.9726)
negative density   2 -109.048 - usually harmless precision error, but check DOS if it persists
negative density   2  -94.672 - usually harmless precision error, but check DOS if it persists
negative density   2  -46.423 - usually harmless precision error, but check DOS if it persists
negative density   2  -20.698 - usually harmless precision error, but check DOS if it persists
negative density   2   -8.043 - usually harmless precision error, but check DOS if it persists
negative density   2   -1.933 - usually harmless precision error, but check DOS if it persists
SCF ITERATION NUMBER  5
     point #   1  energy = -40.000
     point #  20  energy = -28.695
     point #  40  energy =  -8.139
     point #  60  energy =  -7.071
New Fermi level:    mu=  -7.004 eV  Charge distance=  0.0163 (partial c.d.=  0.0642)
negative density   2 -131.552 - usually harmless precision error, but check DOS if it persists
negative density   2 -108.736 - usually harmless precision error, but check DOS if it persists
negative density   2  -53.460 - usually harmless precision error, but check DOS if it persists
negative density   2  -24.153 - usually harmless precision error, but check DOS if it persists
negative density   2   -9.742 - usually harmless precision error, but check DOS if it persists
negative density   2   -2.781 - usually harmless precision error, but check DOS if it persists
SCF ITERATION NUMBER  6
     point #   1  energy = -40.000
     point #  20  energy = -29.001
     point #  40  energy =  -9.004
     point #  60  energy =  -7.029
New Fermi level:    mu=  -7.042 eV  Charge distance=  0.0463 (partial c.d.=  0.2533)
negative density   2 -141.660 - usually harmless precision error, but check DOS if it persists
negative density   2 -113.909 - usually harmless precision error, but check DOS if it persists
negative density   2  -56.006 - usually harmless precision error, but check DOS if it persists
negative density   2  -25.404 - usually harmless precision error, but check DOS if it persists
negative density   2  -10.356 - usually harmless precision error, but check DOS if it persists
negative density   2   -3.085 - usually harmless precision error, but check DOS if it persists
SCF ITERATION NUMBER  7
     point #   1  energy = -40.000
     point #  20  energy = -29.014
     point #  40  energy =  -9.040
     point #  60  energy =  -7.030
New Fermi level:    mu=  -6.892 eV  Charge distance=  0.0258 (partial c.d.=  0.6309)
negative density   2 -136.213 - usually harmless precision error, but check DOS if it persists
negative density   2 -110.378 - usually harmless precision error, but check DOS if it persists
negative density   2  -54.238 - usually harmless precision error, but check DOS if it persists
negative density   2  -24.538 - usually harmless precision error, but check DOS if it persists
negative density   2   -9.931 - usually harmless precision error, but check DOS if it persists
negative density   2   -2.873 - usually harmless precision error, but check DOS if it persists
SCF ITERATION NUMBER  8
     point #   1  energy = -40.000
     point #  20  energy = -28.964
     point #  40  energy =  -8.898
     point #  60  energy =  -6.904
New Fermi level:    mu=  -6.995 eV  Charge distance=  0.0010 (partial c.d.=  0.1547)
negative density   2 -136.320 - usually harmless precision error, but check DOS if it persists
negative density   2 -110.431 - usually harmless precision error, but check DOS if it persists
negative density   2  -54.264 - usually harmless precision error, but check DOS if it persists
negative density   2  -24.551 - usually harmless precision error, but check DOS if it persists
negative density   2   -9.938 - usually harmless precision error, but check DOS if it persists
negative density   2   -2.876 - usually harmless precision error, but check DOS if it persists
SCF ITERATION NUMBER  9
     point #   1  energy = -40.000
     point #  20  energy = -28.998
     point #  40  energy =  -8.995
New Fermi level:    mu=  -6.992 eV  Charge distance=  0.0547 (partial c.d.=  0.0072)
negative density   2 -139.956 - usually harmless precision error, but check DOS if it persists
negative density   2 -112.247 - usually harmless precision error, but check DOS if it persists
negative density   2  -55.159 - usually harmless precision error, but check DOS if it persists
negative density   2  -24.991 - usually harmless precision error, but check DOS if it persists
negative density   2  -10.154 - usually harmless precision error, but check DOS if it persists
negative density   2   -2.982 - usually harmless precision error, but check DOS if it persists
SCF ITERATION NUMBER 10
     point #   1  energy = -40.000
     point #  20  energy = -28.997
     point #  40  energy =  -8.992
     point #  60  energy =  -7.017
New Fermi level:    mu=  -7.045 eV  Charge distance=  0.0124 (partial c.d.=  0.5393)
negative density   2 -137.761 - usually harmless precision error, but check DOS if it persists
negative density   2 -110.725 - usually harmless precision error, but check DOS if it persists
negative density   2  -54.390 - usually harmless precision error, but check DOS if it persists
negative density   2  -24.612 - usually harmless precision error, but check DOS if it persists
negative density   2   -9.967 - usually harmless precision error, but check DOS if it persists
negative density   2   -2.888 - usually harmless precision error, but check DOS if it persists
SCF ITERATION NUMBER 11
     point #   1  energy = -40.000
     point #  20  energy = -29.015
     point #  40  energy =  -9.042
     point #  60  energy =  -7.020
New Fermi level:    mu=  -6.972 eV  Charge distance=  0.0044 (partial c.d.=  0.1823)
negative density   2 -137.552 - usually harmless precision error, but check DOS if it persists
negative density   2 -110.484 - usually harmless precision error, but check DOS if it persists
negative density   2  -54.265 - usually harmless precision error, but check DOS if it persists
negative density   2  -24.551 - usually harmless precision error, but check DOS if it persists
negative density   2   -9.936 - usually harmless precision error, but check DOS if it persists
negative density   2   -2.872 - usually harmless precision error, but check DOS if it persists
SCF ITERATION NUMBER 12
     point #   1  energy = -40.000
     point #  20  energy = -28.991
     point #  40  energy =  -8.974
New Fermi level:    mu=  -6.981 eV  Charge distance=  0.0033 (partial c.d.=  0.1347)
negative density   2 -137.822 - usually harmless precision error, but check DOS if it persists
negative density   2 -110.608 - usually harmless precision error, but check DOS if it persists
negative density   2  -54.325 - usually harmless precision error, but check DOS if it persists
negative density   2  -24.580 - usually harmless precision error, but check DOS if it persists
negative density   2   -9.951 - usually harmless precision error, but check DOS if it persists
negative density   2   -2.879 - usually harmless precision error, but check DOS if it persists
SCF ITERATION NUMBER 13
     point #   1  energy = -40.000
     point #  20  energy = -28.994
     point #  40  energy =  -8.982
New Fermi level:    mu=  -6.980 eV  Charge distance=  0.0074 (partial c.d.=  0.0525)
negative density   2 -138.262 - usually harmless precision error, but check DOS if it persists
negative density   2 -110.738 - usually harmless precision error, but check DOS if it persists
negative density   2  -54.384 - usually harmless precision error, but check DOS if it persists
negative density   2  -24.609 - usually harmless precision error, but check DOS if it persists
negative density   2   -9.964 - usually harmless precision error, but check DOS if it persists
negative density   2   -2.885 - usually harmless precision error, but check DOS if it persists
SCF ITERATION NUMBER 14
     point #   1  energy = -40.000
     point #  20  energy = -28.993
     point #  40  energy =  -8.981
New Fermi level:    mu=  -6.983 eV  Charge distance=  0.0065 (partial c.d.=  0.0335)
negative density   2 -138.652 - usually harmless precision error, but check DOS if it persists
negative density   2 -110.824 - usually harmless precision error, but check DOS if it persists
negative density   2  -54.421 - usually harmless precision error, but check DOS if it persists
negative density   2  -24.626 - usually harmless precision error, but check DOS if it persists
negative density   2   -9.972 - usually harmless precision error, but check DOS if it persists
negative density   2   -2.888 - usually harmless precision error, but check DOS if it persists
SCF ITERATION NUMBER 15
     point #   1  energy = -40.000
     point #  20  energy = -28.994
     point #  40  energy =  -8.984
New Fermi level:    mu=  -6.982 eV  Charge distance=  0.0003 (partial c.d.=  0.0315)
negative density   2 -138.653 - usually harmless precision error, but check DOS if it persists
negative density   2 -110.818 - usually harmless precision error, but check DOS if it persists
negative density   2  -54.418 - usually harmless precision error, but check DOS if it persists
negative density   2  -24.624 - usually harmless precision error, but check DOS if it persists
negative density   2   -9.971 - usually harmless precision error, but check DOS if it persists
negative density   2   -2.888 - usually harmless precision error, but check DOS if it persists
SCF ITERATION NUMBER 16
     point #   1  energy = -40.000
     point #  20  energy = -28.994
     point #  40  energy =  -8.983
New Fermi level:    mu=  -6.983 eV  Charge distance=  0.0018 (partial c.d.=  0.0114)
negative density   2 -138.823 - usually harmless precision error, but check DOS if it persists
negative density   2 -110.866 - usually harmless precision error, but check DOS if it persists
negative density   2  -54.439 - usually harmless precision error, but check DOS if it persists
negative density   2  -24.635 - usually harmless precision error, but check DOS if it persists
negative density   2   -9.976 - usually harmless precision error, but check DOS if it persists
negative density   2   -2.890 - usually harmless precision error, but check DOS if it persists
SCF ITERATION NUMBER 17
     point #   1  energy = -40.000
     point #  20  energy = -28.994
     point #  40  energy =  -8.984
New Fermi level:    mu=  -6.983 eV  Charge distance=  0.0036 (partial c.d.=  0.0004)
negative density   2 -139.229 - usually harmless precision error, but check DOS if it persists
negative density   2 -110.988 - usually harmless precision error, but check DOS if it persists
negative density   2  -54.495 - usually harmless precision error, but check DOS if it persists
negative density   2  -24.661 - usually harmless precision error, but check DOS if it persists
negative density   2   -9.989 - usually harmless precision error, but check DOS if it persists
negative density   2   -2.896 - usually harmless precision error, but check DOS if it persists
SCF ITERATION NUMBER 18
     point #   1  energy = -40.000
     point #  20  energy = -28.994
     point #  40  energy =  -8.984
New Fermi level:    mu=  -6.985 eV  Charge distance=  0.0001 (partial c.d.=  0.0037)
negative density   2 -139.278 - usually harmless precision error, but check DOS if it persists
negative density   2 -111.002 - usually harmless precision error, but check DOS if it persists
negative density   2  -54.501 - usually harmless precision error, but check DOS if it persists
negative density   2  -24.664 - usually harmless precision error, but check DOS if it persists
negative density   2   -9.990 - usually harmless precision error, but check DOS if it persists
negative density   2   -2.896 - usually harmless precision error, but check DOS if it persists
SCF ITERATION NUMBER 19
     point #   1  energy = -40.000
     point #  20  energy = -28.995
     point #  40  energy =  -8.986
New Fermi level:    mu=  -6.985 eV  Charge distance=  0.0003 (partial c.d.=  0.0023)
negative density   2 -139.283 - usually harmless precision error, but check DOS if it persists
negative density   2 -110.999 - usually harmless precision error, but check DOS if it persists
negative density   2  -54.499 - usually harmless precision error, but check DOS if it persists
negative density   2  -24.664 - usually harmless precision error, but check DOS if it persists
negative density   2   -9.990 - usually harmless precision error, but check DOS if it persists
negative density   2   -2.896 - usually harmless precision error, but check DOS if it persists
SCF ITERATION NUMBER 20
     point #   1  energy = -40.000
     point #  20  energy = -28.995
     point #  40  energy =  -8.986
New Fermi level:    mu=  -6.985 eV  Charge distance=  0.0000 (partial c.d.=  0.0033)
negative density   2 -139.279 - usually harmless precision error, but check DOS if it persists
negative density   2 -110.994 - usually harmless precision error, but check DOS if it persists
negative density   2  -54.497 - usually harmless precision error, but check DOS if it persists
negative density   2  -24.663 - usually harmless precision error, but check DOS if it persists
negative density   2   -9.989 - usually harmless precision error, but check DOS if it persists
negative density   2   -2.896 - usually harmless precision error, but check DOS if it persists
SCF ITERATION NUMBER 21
     point #   1  energy = -40.000
     point #  20  energy = -28.995
     point #  40  energy =  -8.986
New Fermi level:    mu=  -6.985 eV  Charge distance=  0.0000 (partial c.d.=  0.0009)
negative density   2 -139.279 - usually harmless precision error, but check DOS if it persists
negative density   2 -110.992 - usually harmless precision error, but check DOS if it persists
negative density   2  -54.496 - usually harmless precision error, but check DOS if it persists
negative density   2  -24.662 - usually harmless precision error, but check DOS if it persists
negative density   2   -9.989 - usually harmless precision error, but check DOS if it persists
negative density   2   -2.896 - usually harmless precision error, but check DOS if it persists
SCF ITERATION NUMBER 22
     point #   1  energy = -40.000
     point #  20  energy = -28.995
     point #  40  energy =  -8.986
New Fermi level:    mu=  -6.985 eV  Charge distance=  0.0000 (partial c.d.=  0.0003)
negative density   2 -139.273 - usually harmless precision error, but check DOS if it persists
negative density   2 -110.985 - usually harmless precision error, but check DOS if it persists
negative density   2  -54.492 - usually harmless precision error, but check DOS if it persists
negative density   2  -24.660 - usually harmless precision error, but check DOS if it persists
negative density   2   -9.988 - usually harmless precision error, but check DOS if it persists
negative density   2   -2.896 - usually harmless precision error, but check DOS if it persists
SCF ITERATION NUMBER 23
     point #   1  energy = -40.000
     point #  20  energy = -28.995
     point #  40  energy =  -8.986
New Fermi level:    mu=  -6.985 eV  Charge distance=  0.0000 (partial c.d.=  0.0004)
negative density   2 -139.270 - usually harmless precision error, but check DOS if it persists
negative density   2 -110.983 - usually harmless precision error, but check DOS if it persists
negative density   2  -54.491 - usually harmless precision error, but check DOS if it persists
negative density   2  -24.660 - usually harmless precision error, but check DOS if it persists
negative density   2   -9.988 - usually harmless precision error, but check DOS if it persists
negative density   2   -2.895 - usually harmless precision error, but check DOS if it persists
SCF ITERATION NUMBER 24
     point #   1  energy = -40.000
     point #  20  energy = -28.995
     point #  40  energy =  -8.986
New Fermi level:    mu=  -6.985 eV  Charge distance=  0.0000 (partial c.d.=  0.0000)
Electronic configuration
  type     l     N_el
     0     0    0.534
     0     1    0.673
     0     2    9.322
     0     3    0.000
     1     0    0.534
     1     1    0.672
     1     2    9.323
     1     3    0.000
     2     0    0.640
     2     1    0.261
     2     2    0.000
     2     3    0.000
     3     0    1.852
     3     1    4.352
     3     2    0.083
     3     3    0.000
Charge transfer:  type  charge
       0   -0.471
       1   -0.471
       2   -0.100
       3    0.286
Convergence reached in   24 iterations.
Done with module: potentials.

Calculating screened core-hole potential ...
FMS for a cluster of   29 atoms around iph =   0
    0% of energy integration
   20%
   40%
   60%
   80%
  100%
Preparing response function.
Computing (1 - K Chi0)^-1 v_ch
Done with module: screened core-hole potential.

Calculating cross-section and phases ...
    absorption cross section
 x0,dx,rnrm,inrm,jnrm   8.80000000000000       5.000000000000000E-002
   2.41053687799984              194         195
    phase shifts for unique potential    0
    phase shifts for unique potential    1
    phase shifts for unique potential    2
    phase shifts for unique potential    3
Done with module: cross-section and phases (XSPH).

FMS calculation of full Green's function ...
FEFF-serial using 1 thread.
Using   194 energy points.
xprep done
FMS for a cluster of  330 atoms
Energy point    1/ 194
Energy point   10/ 194
Energy point   20/ 194
Energy point   30/ 194
Energy point   40/ 194
Energy point   50/ 194
Energy point   60/ 194
Energy point   70/ 194
Energy point   80/ 194
Energy point   90/ 194
Energy point  100/ 194
Energy point  110/ 194
Energy point  120/ 194
Energy point  130/ 194
Energy point  140/ 194
Energy point  150/ 194
Energy point  160/ 194
Energy point  170/ 194
Energy point  180/ 194
Energy point  190/ 194
Done with module: FMS.

MKGTR: Tracing over Green's function ...
Done with module: MKGTR.

Pathfinder: finding scattering paths...
Preparing plane wave scattering amplitudes
Searching for paths
Eliminating path degeneracies
0 paths retained.
Done with module: pathfinder.

Calculating EXAFS parameters ...
Done with module: EXAFS parameters (GENFMT).

Calculating XAS spectra ...
Done with module: XAS spectra (FF2X: DW + final sum over paths).

 
### feff ends at Mon Aug 14 00:11:12 EDT 2023
 
