### feff starts at Mon Aug 14 10:05:23 EDT 2023
### Serial version
### FeffPath is /sdcc/u/mcarbone/software/JFEFF/hsw/feff90/linux
 
Launching FEFF version FEFF 9.9.1
Core hole lifetime is   1.729 eV.
Your calculation:
 comment: None given
 Source:
 Structure Summary:  Zn2 Cu2 C8 O24
 Reduced formula:  ZnCu(CO3)4
 space group: (P2_1/c), space number:  (14)
 abc:  8.143539   9.228235   9.241267
 angles: 88.640189  90.000000  90.000000
 sites: 36
Cu K edge XANES using RPA corehole.
Using:     * Self-Consistent Field potentials
Using cards:   ATOMS CONTROL EXCHANGE TITLE RPATH POTENTIALS XANES EDGE SCF FMS S02 COREHOLE EGRID

Calculating atomic potentials ...
    overlapped atomic potential and density for unique potential    0
    overlapped atomic potential and density for unique potential    1
    overlapped atomic potential and density for unique potential    2
    overlapped atomic potential and density for unique potential    3
    overlapped atomic potential and density for unique potential    4
Done with module: atomic potentials.

Calculating SCF potentials ...
FEFF-serial using 1 thread.
Muffin tin radii and interstitial parameters [bohr]:
type, norman radius, muffin tin, overlap factor
    0  1.46534E+00  1.42140E+00  1.07773E+00
    1  1.39662E+00  1.29273E+00  1.15000E+00
    2  1.46626E+00  1.42214E+00  1.07802E+00
    3  9.16504E-01  6.53073E-01  1.15000E+00
    4  9.89961E-01  7.55057E-01  1.15000E+00
Core-valence separation energy:  ecv=   -40.000 eV
Initial Fermi level:              mu=    10.396 eV
SCF ITERATION NUMBER  1
     point #   1  energy = -40.000
FMS for a cluster of   75 atoms around atom type   0
FMS for a cluster of   52 atoms around atom type   1
FMS for a cluster of   46 atoms around atom type   2
FMS for a cluster of   68 atoms around atom type   3
FMS for a cluster of   80 atoms around atom type   4
     point #  20  energy = -28.899
     point #  40  energy =  -8.649
     point #  60  energy =  -5.599
     point #  80  energy =  -4.887
New Fermi level:    mu=  -4.852 eV  Charge distance=  1.6463 (partial c.d.= 10.2469)
SCF ITERATION NUMBER  1
     point #   1  energy = -40.000
FMS for a cluster of   75 atoms around atom type   0
FMS for a cluster of   52 atoms around atom type   1
FMS for a cluster of   46 atoms around atom type   2
FMS for a cluster of   68 atoms around atom type   3
FMS for a cluster of   80 atoms around atom type   4
     point #  20  energy = -28.953
     point #  40  energy =  -8.869
     point #  60  energy =  -4.852
     point #  80  energy =  -7.005
     point # 100  energy =  -7.615
New Fermi level:    mu=  -7.535 eV  Charge distance=  0.6588 (partial c.d.=  8.5187)
SCF ITERATION NUMBER  1
     point #   1  energy = -40.000
FMS for a cluster of   75 atoms around atom type   0
FMS for a cluster of   52 atoms around atom type   1
FMS for a cluster of   46 atoms around atom type   2
FMS for a cluster of   68 atoms around atom type   3
FMS for a cluster of   80 atoms around atom type   4
     point #  20  energy = -28.840
     point #  40  energy =  -8.549
     point #  60  energy =  -7.494
New Fermi level:    mu=  -7.187 eV  Charge distance=  0.2722 (partial c.d.=  0.9406)
SCF ITERATION NUMBER  2
     point #   1  energy = -40.000
     point #  20  energy = -28.721
     point #  40  energy =  -8.212
     point #  60  energy =  -7.150
New Fermi level:    mu=  -7.110 eV  Charge distance=  0.3046 (partial c.d.=  0.2635)
SCF ITERATION NUMBER  3
     point #   1  energy = -40.000
     point #  20  energy = -28.694
     point #  40  energy =  -8.138
     point #  60  energy =  -7.069
     point #  80  energy =  -6.154
New Fermi level:    mu=  -6.145 eV  Charge distance=  0.3516 (partial c.d.=  3.3216)
SCF ITERATION NUMBER  4
     point #   1  energy = -40.000
     point #  20  energy = -28.715
     point #  40  energy =  -8.197
     point #  60  energy =  -6.157
     point #  80  energy =  -7.585
     point # 100  energy =  -7.148
New Fermi level:    mu=  -7.149 eV  Charge distance=  0.0305 (partial c.d.=  3.3768)
SCF ITERATION NUMBER  5
     point #   1  energy = -40.000
     point #  20  energy = -28.707
     point #  40  energy =  -8.175
     point #  60  energy =  -7.186
New Fermi level:    mu=  -7.178 eV  Charge distance=  0.1050 (partial c.d.=  0.0389)
negative density   3 -114.996 - usually harmless precision error, but check DOS if it persists
negative density   3 -137.971 - usually harmless precision error, but check DOS if it persists
SCF ITERATION NUMBER  6
     point #   1  energy = -40.000
     point #  20  energy = -28.717
     point #  40  energy =  -8.204
     point #  60  energy =  -7.215
New Fermi level:    mu=  -7.266 eV  Charge distance=  0.0464 (partial c.d.=  0.1648)
negative density   3 -110.082 - usually harmless precision error, but check DOS if it persists
negative density   3 -129.794 - usually harmless precision error, but check DOS if it persists
SCF ITERATION NUMBER  7
     point #   1  energy = -40.000
     point #  20  energy = -28.748
     point #  40  energy =  -8.289
New Fermi level:    mu=  -7.263 eV  Charge distance=  0.0737 (partial c.d.=  0.0697)
negative density   3 -108.192 - usually harmless precision error, but check DOS if it persists
negative density   3 -116.627 - usually harmless precision error, but check DOS if it persists
SCF ITERATION NUMBER  8
     point #   1  energy = -40.000
     point #  20  energy = -28.747
     point #  40  energy =  -8.286
New Fermi level:    mu=  -7.252 eV  Charge distance=  0.0183 (partial c.d.=  0.0988)
negative density   3 -111.380 - usually harmless precision error, but check DOS if it persists
negative density   3 -112.571 - usually harmless precision error, but check DOS if it persists
SCF ITERATION NUMBER  9
     point #   1  energy = -40.000
     point #  20  energy = -28.743
     point #  40  energy =  -8.275
New Fermi level:    mu=  -7.246 eV  Charge distance=  0.0331 (partial c.d.=  0.0018)
negative density   3 -122.489 - usually harmless precision error, but check DOS if it persists
negative density   3 -113.273 - usually harmless precision error, but check DOS if it persists
SCF ITERATION NUMBER 10
     point #   1  energy = -40.000
     point #  20  energy = -28.741
     point #  40  energy =  -8.269
New Fermi level:    mu=  -7.232 eV  Charge distance=  0.0059 (partial c.d.=  0.0302)
negative density   3 -121.355 - usually harmless precision error, but check DOS if it persists
negative density   3 -112.568 - usually harmless precision error, but check DOS if it persists
SCF ITERATION NUMBER 11
     point #   1  energy = -40.000
     point #  20  energy = -28.736
     point #  40  energy =  -8.256
New Fermi level:    mu=  -7.233 eV  Charge distance=  0.0009 (partial c.d.=  0.0099)
negative density   3 -121.589 - usually harmless precision error, but check DOS if it persists
negative density   3 -112.065 - usually harmless precision error, but check DOS if it persists
SCF ITERATION NUMBER 12
     point #   1  energy = -40.000
     point #  20  energy = -28.736
     point #  40  energy =  -8.257
New Fermi level:    mu=  -7.231 eV  Charge distance=  0.0008 (partial c.d.=  0.0015)
negative density   3 -122.065 - usually harmless precision error, but check DOS if it persists
negative density   3 -111.888 - usually harmless precision error, but check DOS if it persists
SCF ITERATION NUMBER 13
     point #   1  energy = -40.000
     point #  20  energy = -28.736
     point #  40  energy =  -8.255
New Fermi level:    mu=  -7.230 eV  Charge distance=  0.0004 (partial c.d.=  0.0008)
negative density   3 -122.341 - usually harmless precision error, but check DOS if it persists
negative density   3 -111.818 - usually harmless precision error, but check DOS if it persists
SCF ITERATION NUMBER 14
     point #   1  energy = -40.000
     point #  20  energy = -28.735
     point #  40  energy =  -8.255
New Fermi level:    mu=  -7.230 eV  Charge distance=  0.0001 (partial c.d.=  0.0002)
Electronic configuration
  type     l     N_el
     0     0    0.318
     0     1    0.462
     0     2    9.688
     0     3    0.000
     1     0    0.762
     1     1    0.986
     1     2   10.233
     1     3    0.000
     2     0    0.344
     2     1    0.486
     2     2    9.691
     2     3    0.000
     3     0    1.154
     3     1    2.106
     3     2    0.402
     3     3    0.000
     4     0    1.818
     4     1    4.198
     4     2    0.139
     4     3    0.000
Charge transfer:  type  charge
       0   -0.532
       1   -0.020
       2   -0.479
       3   -0.339
       4    0.155
Convergence reached in   14 iterations.
Done with module: potentials.

Calculating screened core-hole potential ...
FMS for a cluster of   13 atoms around iph =   0
    0% of energy integration
   20%
   40%
   60%
   80%
  100%
Preparing response function.
Computing (1 - K Chi0)^-1 v_ch
Done with module: screened core-hole potential.

Calculating cross-section and phases ...
    absorption cross section
 x0,dx,rnrm,inrm,jnrm   8.80000000000000       5.000000000000000E-002
   2.76908429900006              197         198
    phase shifts for unique potential    0
    phase shifts for unique potential    1
    phase shifts for unique potential    2
    phase shifts for unique potential    3
    phase shifts for unique potential    4
Done with module: cross-section and phases (XSPH).

FMS calculation of full Green's function ...
FEFF-serial using 1 thread.
Using   194 energy points.
xprep done
FMS for a cluster of  151 atoms
Energy point    1/ 194
Energy point   10/ 194
Energy point   20/ 194
Energy point   30/ 194
Energy point   40/ 194
Energy point   50/ 194
Energy point   60/ 194
Energy point   70/ 194
Energy point   80/ 194
Energy point   90/ 194
Energy point  100/ 194
Energy point  110/ 194
Energy point  120/ 194
Energy point  130/ 194
Energy point  140/ 194
Energy point  150/ 194
Energy point  160/ 194
Energy point  170/ 194
Energy point  180/ 194
Energy point  190/ 194
Done with module: FMS.

MKGTR: Tracing over Green's function ...
Done with module: MKGTR.

Pathfinder: finding scattering paths...
Preparing plane wave scattering amplitudes
Searching for paths
Eliminating path degeneracies
0 paths retained.
Done with module: pathfinder.

Calculating EXAFS parameters ...
Done with module: EXAFS parameters (GENFMT).

Calculating XAS spectra ...
Done with module: XAS spectra (FF2X: DW + final sum over paths).

 
### feff ends at Mon Aug 14 10:37:25 EDT 2023
 
