### feff starts at Sun Aug 13 16:13:33 EDT 2023
### Serial version
### FeffPath is /sdcc/u/mcarbone/software/JFEFF/hsw/feff90/linux
 
Launching FEFF version FEFF 9.9.1
Core hole lifetime is   1.729 eV.
Your calculation:
 comment: None given
 Source:
 Structure Summary:  Na4 Cu4 P4 O16
 Reduced formula:  NaCuPO4
 space group: (P2_1/c), space number:  (14)
 abc:  5.081010   7.086117   8.999955
 angles: 90.000000  90.000000  98.492175
 sites: 28
Cu K edge XANES using RPA corehole.
Using:     * Self-Consistent Field potentials
Using cards:   ATOMS CONTROL EXCHANGE TITLE RPATH POTENTIALS XANES EDGE SCF FMS S02 COREHOLE EGRID

Calculating atomic potentials ...
    overlapped atomic potential and density for unique potential    0
    overlapped atomic potential and density for unique potential    1
    overlapped atomic potential and density for unique potential    2
    overlapped atomic potential and density for unique potential    3
    overlapped atomic potential and density for unique potential    4
Done with module: atomic potentials.

Calculating SCF potentials ...
FEFF-serial using 1 thread.
Muffin tin radii and interstitial parameters [bohr]:
type, norman radius, muffin tin, overlap factor
    0  1.34208E+00  1.27244E+00  1.14640E+00
    1  1.57473E+00  1.53442E+00  1.06530E+00
    2  1.34508E+00  1.27727E+00  1.14141E+00
    3  1.15498E+00  9.41017E-01  1.15000E+00
    4  1.04279E+00  9.12672E-01  1.15000E+00
Core-valence separation energy:  ecv=   -40.000 eV
Initial Fermi level:              mu=     5.529 eV
SCF ITERATION NUMBER  1
     point #   1  energy = -40.000
FMS for a cluster of  133 atoms around atom type   0
FMS for a cluster of  116 atoms around atom type   1
FMS for a cluster of  115 atoms around atom type   2
FMS for a cluster of  113 atoms around atom type   3
FMS for a cluster of  124 atoms around atom type   4
     point #  20  energy = -28.868
     point #  40  energy =  -8.618
     point #  60  energy =  -4.368
     point #  80  energy =  -3.368
New Fermi level:    mu=  -3.300 eV  Charge distance=  0.5700 (partial c.d.=  7.0074)
SCF ITERATION NUMBER  1
     point #   1  energy = -40.000
FMS for a cluster of  133 atoms around atom type   0
FMS for a cluster of  116 atoms around atom type   1
FMS for a cluster of  115 atoms around atom type   2
FMS for a cluster of  113 atoms around atom type   3
FMS for a cluster of  124 atoms around atom type   4
     point #  20  energy = -28.786
     point #  40  energy =  -8.397
     point #  60  energy =  -3.300
     point #  80  energy =  -4.878
     point # 100  energy =  -8.618
     point # 120  energy =  -8.368
New Fermi level:    mu=  -8.303 eV  Charge distance=  0.1523 (partial c.d.=  3.1077)
SCF ITERATION NUMBER  1
     point #   1  energy = -40.000
FMS for a cluster of  133 atoms around atom type   0
FMS for a cluster of  116 atoms around atom type   1
FMS for a cluster of  115 atoms around atom type   2
FMS for a cluster of  113 atoms around atom type   3
FMS for a cluster of  124 atoms around atom type   4
     point #  20  energy = -28.753
     point #  40  energy =  -8.303
     point #  60  energy =  -8.263
     point #  80  energy =  -7.019
     point # 100  energy =  -6.735
New Fermi level:    mu=  -6.743 eV  Charge distance=  0.1008 (partial c.d.=  0.3351)
SCF ITERATION NUMBER  2
     point #   1  energy = -40.000
     point #  20  energy = -28.914
     point #  40  energy =  -8.759
     point #  60  energy =  -6.730
New Fermi level:    mu=  -6.295 eV  Charge distance=  0.1883 (partial c.d.=  0.1848)
SCF ITERATION NUMBER  3
     point #   1  energy = -40.000
     point #  20  energy = -28.765
     point #  40  energy =  -8.338
     point #  60  energy =  -6.270
New Fermi level:    mu=  -6.178 eV  Charge distance=  0.1132 (partial c.d.=  0.0454)
SCF ITERATION NUMBER  4
     point #   1  energy = -40.000
     point #  20  energy = -28.726
     point #  40  energy =  -8.228
     point #  60  energy =  -6.203
New Fermi level:    mu=  -6.202 eV  Charge distance=  0.0070 (partial c.d.=  0.0400)
SCF ITERATION NUMBER  5
     point #   1  energy = -40.000
     point #  20  energy = -28.734
     point #  40  energy =  -8.251
     point #  60  energy =  -6.227
New Fermi level:    mu=  -6.248 eV  Charge distance=  0.0046 (partial c.d.=  0.0239)
SCF ITERATION NUMBER  6
     point #   1  energy = -40.000
     point #  20  energy = -28.749
     point #  40  energy =  -8.294
     point #  60  energy =  -6.273
New Fermi level:    mu=  -6.277 eV  Charge distance=  0.0045 (partial c.d.=  0.0100)
SCF ITERATION NUMBER  7
     point #   1  energy = -40.000
     point #  20  energy = -28.759
     point #  40  energy =  -8.321
New Fermi level:    mu=  -6.277 eV  Charge distance=  0.0034 (partial c.d.=  0.0067)
SCF ITERATION NUMBER  8
     point #   1  energy = -40.000
     point #  20  energy = -28.759
     point #  40  energy =  -8.321
New Fermi level:    mu=  -6.274 eV  Charge distance=  0.0052 (partial c.d.=  0.0019)
SCF ITERATION NUMBER  9
     point #   1  energy = -40.000
     point #  20  energy = -28.758
     point #  40  energy =  -8.318
New Fermi level:    mu=  -6.271 eV  Charge distance=  0.0001 (partial c.d.=  0.0015)
SCF ITERATION NUMBER 10
     point #   1  energy = -40.000
     point #  20  energy = -28.757
     point #  40  energy =  -8.315
New Fermi level:    mu=  -6.271 eV  Charge distance=  0.0001 (partial c.d.=  0.0001)
Electronic configuration
  type     l     N_el
     0     0    0.508
     0     1    0.603
     0     2    9.582
     0     3    0.000
     1     0    0.226
     1     1    6.310
     1     2    0.254
     1     3    0.000
     2     0    0.454
     2     1    0.563
     2     2    9.671
     2     3    0.000
     3     0    1.196
     3     1    2.061
     3     2    1.039
     3     3    0.000
     4     0    1.820
     4     1    4.417
     4     2    0.070
     4     3    0.000
Charge transfer:  type  charge
       0   -0.306
       1   -0.209
       2   -0.312
       3   -0.704
       4    0.307
Convergence reached in   10 iterations.
Done with module: potentials.

Calculating screened core-hole potential ...
FMS for a cluster of   27 atoms around iph =   0
    0% of energy integration
   20%
   40%
   60%
   80%
  100%
Preparing response function.
Computing (1 - K Chi0)^-1 v_ch
Done with module: screened core-hole potential.

Calculating cross-section and phases ...
    absorption cross section
 x0,dx,rnrm,inrm,jnrm   8.80000000000000       5.000000000000000E-002
   2.53617235900003              195         196
    phase shifts for unique potential    0
    phase shifts for unique potential    1
    phase shifts for unique potential    2
    phase shifts for unique potential    3
    phase shifts for unique potential    4
Done with module: cross-section and phases (XSPH).

FMS calculation of full Green's function ...
FEFF-serial using 1 thread.
Using   194 energy points.
xprep done
FMS for a cluster of  265 atoms
Energy point    1/ 194
Energy point   10/ 194
Energy point   20/ 194
Energy point   30/ 194
Energy point   40/ 194
Energy point   50/ 194
Energy point   60/ 194
Energy point   70/ 194
Energy point   80/ 194
Energy point   90/ 194
Energy point  100/ 194
Energy point  110/ 194
Energy point  120/ 194
Energy point  130/ 194
Energy point  140/ 194
Energy point  150/ 194
Energy point  160/ 194
Energy point  170/ 194
Energy point  180/ 194
Energy point  190/ 194
Done with module: FMS.

MKGTR: Tracing over Green's function ...
Done with module: MKGTR.

Pathfinder: finding scattering paths...
Preparing plane wave scattering amplitudes
Searching for paths
Eliminating path degeneracies
0 paths retained.
Done with module: pathfinder.

Calculating EXAFS parameters ...
Done with module: EXAFS parameters (GENFMT).

Calculating XAS spectra ...
Done with module: XAS spectra (FF2X: DW + final sum over paths).

 
### feff ends at Sun Aug 13 18:11:42 EDT 2023
 
