### feff starts at Mon Aug 14 07:02:11 EDT 2023
### Serial version
### FeffPath is /sdcc/u/mcarbone/software/JFEFF/hsw/feff90/linux
 
Launching FEFF version FEFF 9.9.1
Core hole lifetime is   1.729 eV.
Your calculation:
 comment: None given
 Source:
 Structure Summary:  Na5 Cu7 O13
 Reduced formula:  Na5Cu7O13
 space group: (P1), space number:  (1)
 abc:  6.812871   6.867508   7.609018
 angles: 98.488968  99.747514 103.824310
 sites: 25
Cu K edge XANES using RPA corehole.
Using:     * Self-Consistent Field potentials
Using cards:   ATOMS CONTROL EXCHANGE TITLE RPATH POTENTIALS XANES EDGE SCF FMS S02 COREHOLE EGRID

Calculating atomic potentials ...
    overlapped atomic potential and density for unique potential    0
    overlapped atomic potential and density for unique potential    1
    overlapped atomic potential and density for unique potential    2
    overlapped atomic potential and density for unique potential    3
Done with module: atomic potentials.

Calculating SCF potentials ...
FEFF-serial using 1 thread.
Muffin tin radii and interstitial parameters [bohr]:
type, norman radius, muffin tin, overlap factor
    0  1.25188E+00  1.11596E+00  1.15000E+00
    1  1.56275E+00  1.51462E+00  1.08007E+00
    2  1.24942E+00  1.11036E+00  1.15000E+00
    3  1.12021E+00  1.02476E+00  1.15000E+00
Core-valence separation energy:  ecv=   -40.000 eV
Initial Fermi level:              mu=     1.916 eV
SCF ITERATION NUMBER  1
     point #   1  energy = -40.000
FMS for a cluster of  118 atoms around atom type   0
FMS for a cluster of  101 atoms around atom type   1
FMS for a cluster of  116 atoms around atom type   2
FMS for a cluster of  116 atoms around atom type   3
     point #  20  energy = -28.784
     point #  40  energy =  -8.534
     point #  60  energy =  -3.509
     point #  80  energy =  -2.971
New Fermi level:    mu=  -2.947 eV  Charge distance=  0.4926 (partial c.d.=  7.4415)
SCF ITERATION NUMBER  1
     point #   1  energy = -40.000
FMS for a cluster of  118 atoms around atom type   0
FMS for a cluster of  101 atoms around atom type   1
FMS for a cluster of  116 atoms around atom type   2
FMS for a cluster of  116 atoms around atom type   3
     point #  20  energy = -28.984
     point #  40  energy =  -8.955
     point #  60  energy =  -2.947
     point #  80  energy =  -4.147
     point # 100  energy =  -8.159
New Fermi level:    mu=  -8.038 eV  Charge distance=  0.0915 (partial c.d.=  2.3947)
SCF ITERATION NUMBER  1
     point #   1  energy = -40.000
FMS for a cluster of  118 atoms around atom type   0
FMS for a cluster of  101 atoms around atom type   1
FMS for a cluster of  116 atoms around atom type   2
FMS for a cluster of  116 atoms around atom type   3
     point #  20  energy = -29.013
     point #  40  energy =  -9.037
     point #  60  energy =  -7.998
     point #  80  energy =  -7.026
New Fermi level:    mu=  -6.972 eV  Charge distance=  0.0587 (partial c.d.=  0.5862)
SCF ITERATION NUMBER  2
     point #   1  energy = -40.000
     point #  20  energy = -28.991
     point #  40  energy =  -8.973
     point #  60  energy =  -6.984
New Fermi level:    mu=  -7.186 eV  Charge distance=  0.1573 (partial c.d.=  0.1383)
SCF ITERATION NUMBER  3
     point #   1  energy = -40.000
     point #  20  energy = -28.720
     point #  40  energy =  -8.211
     point #  60  energy =  -7.145
New Fermi level:    mu=  -6.910 eV  Charge distance=  0.1159 (partial c.d.=  0.7128)
SCF ITERATION NUMBER  4
     point #   1  energy = -40.000
     point #  20  energy = -28.970
     point #  40  energy =  -8.916
     point #  60  energy =  -6.923
New Fermi level:    mu=  -7.373 eV  Charge distance=  0.0673 (partial c.d.=  1.3070)
SCF ITERATION NUMBER  5
     point #   1  energy = -40.000
     point #  20  energy = -28.784
     point #  40  energy =  -8.392
     point #  60  energy =  -7.335
New Fermi level:    mu=  -7.294 eV  Charge distance=  0.0233 (partial c.d.=  0.5212)
SCF ITERATION NUMBER  6
     point #   1  energy = -40.000
     point #  20  energy = -28.757
     point #  40  energy =  -8.316
     point #  60  energy =  -7.256
New Fermi level:    mu=  -7.205 eV  Charge distance=  0.0082 (partial c.d.=  0.2486)
SCF ITERATION NUMBER  7
     point #   1  energy = -40.000
     point #  20  energy = -28.727
     point #  40  energy =  -8.230
     point #  60  energy =  -7.242
New Fermi level:    mu=  -7.233 eV  Charge distance=  0.0026 (partial c.d.=  0.1492)
SCF ITERATION NUMBER  8
     point #   1  energy = -40.000
     point #  20  energy = -28.736
     point #  40  energy =  -8.257
New Fermi level:    mu=  -7.237 eV  Charge distance=  0.0048 (partial c.d.=  0.0263)
SCF ITERATION NUMBER  9
     point #   1  energy = -40.000
     point #  20  energy = -28.738
     point #  40  energy =  -8.261
New Fermi level:    mu=  -7.237 eV  Charge distance=  0.0020 (partial c.d.=  0.0225)
SCF ITERATION NUMBER 10
     point #   1  energy = -40.000
     point #  20  energy = -28.738
     point #  40  energy =  -8.261
New Fermi level:    mu=  -7.234 eV  Charge distance=  0.0028 (partial c.d.=  0.0023)
SCF ITERATION NUMBER 11
     point #   1  energy = -40.000
     point #  20  energy = -28.737
     point #  40  energy =  -8.258
New Fermi level:    mu=  -7.228 eV  Charge distance=  0.0002 (partial c.d.=  0.0018)
SCF ITERATION NUMBER 12
     point #   1  energy = -40.000
     point #  20  energy = -28.735
     point #  40  energy =  -8.252
New Fermi level:    mu=  -7.227 eV  Charge distance=  0.0002 (partial c.d.=  0.0022)
SCF ITERATION NUMBER 13
     point #   1  energy = -40.000
     point #  20  energy = -28.734
     point #  40  energy =  -8.251
New Fermi level:    mu=  -7.226 eV  Charge distance=  0.0000 (partial c.d.=  0.0007)
SCF ITERATION NUMBER 14
     point #   1  energy = -40.000
     point #  20  energy = -28.734
     point #  40  energy =  -8.250
New Fermi level:    mu=  -7.226 eV  Charge distance=  0.0001 (partial c.d.=  0.0000)
Electronic configuration
  type     l     N_el
     0     0    0.536
     0     1    0.661
     0     2    9.265
     0     3    0.000
     1     0    0.263
     1     1    6.366
     1     2    0.274
     1     3    0.000
     2     0    0.541
     2     1    0.668
     2     2    9.242
     2     3    0.000
     3     0    1.868
     3     1    4.392
     3     2    0.074
     3     3    0.000
Charge transfer:  type  charge
       0   -0.538
       1   -0.098
       2   -0.549
       3    0.334
Convergence reached in   14 iterations.
Done with module: potentials.

Calculating screened core-hole potential ...
FMS for a cluster of   19 atoms around iph =   0
    0% of energy integration
   20%
   40%
   60%
   80%
  100%
Preparing response function.
Computing (1 - K Chi0)^-1 v_ch
Done with module: screened core-hole potential.

Calculating cross-section and phases ...
    absorption cross section
 x0,dx,rnrm,inrm,jnrm   8.80000000000000       5.000000000000000E-002
   2.36570664300020              194         195
    phase shifts for unique potential    0
    phase shifts for unique potential    1
    phase shifts for unique potential    2
    phase shifts for unique potential    3
Done with module: cross-section and phases (XSPH).

FMS calculation of full Green's function ...
FEFF-serial using 1 thread.
Using   194 energy points.
xprep done
FMS for a cluster of  233 atoms
Energy point    1/ 194
Energy point   10/ 194
Energy point   20/ 194
Energy point   30/ 194
Energy point   40/ 194
Energy point   50/ 194
Energy point   60/ 194
Energy point   70/ 194
Energy point   80/ 194
Energy point   90/ 194
Energy point  100/ 194
Energy point  110/ 194
Energy point  120/ 194
Energy point  130/ 194
Energy point  140/ 194
Energy point  150/ 194
Energy point  160/ 194
Energy point  170/ 194
Energy point  180/ 194
Energy point  190/ 194
Done with module: FMS.

MKGTR: Tracing over Green's function ...
Done with module: MKGTR.

Pathfinder: finding scattering paths...
Preparing plane wave scattering amplitudes
Searching for paths
Eliminating path degeneracies
0 paths retained.
Done with module: pathfinder.

Calculating EXAFS parameters ...
Done with module: EXAFS parameters (GENFMT).

Calculating XAS spectra ...
Done with module: XAS spectra (FF2X: DW + final sum over paths).

 
### feff ends at Mon Aug 14 08:37:35 EDT 2023
 
