### feff starts at Sun Aug 13 09:26:07 EDT 2023
### Serial version
### FeffPath is /sdcc/u/mcarbone/software/JFEFF/hsw/feff90/linux
 
Launching FEFF version FEFF 9.9.1
Core hole lifetime is   1.729 eV.
Your calculation:
 comment: None given
 Source:
 Structure Summary:  Mg4 Cu4 O10
 Reduced formula:  Mg2Cu2O5
 space group: (Ima2), space number:  (46)
 abc:  7.824678   7.824678   7.824678
 angles:141.387519 140.802993  56.195419
 sites: 18
Cu K edge XANES using RPA corehole.
Using:     * Self-Consistent Field potentials
Using cards:   ATOMS CONTROL EXCHANGE TITLE RPATH POTENTIALS XANES EDGE SCF FMS S02 COREHOLE EGRID

Calculating atomic potentials ...
    overlapped atomic potential and density for unique potential    0
    overlapped atomic potential and density for unique potential    1
    overlapped atomic potential and density for unique potential    2
    overlapped atomic potential and density for unique potential    3
Done with module: atomic potentials.

Calculating SCF potentials ...
FEFF-serial using 1 thread.
Muffin tin radii and interstitial parameters [bohr]:
type, norman radius, muffin tin, overlap factor
    0  1.25285E+00  1.18756E+00  1.14716E+00
    1  1.45329E+00  1.34751E+00  1.15000E+00
    2  1.29306E+00  1.19230E+00  1.15000E+00
    3  1.10901E+00  1.04052E+00  1.15000E+00
Core-valence separation energy:  ecv=   -40.000 eV
Initial Fermi level:              mu=    -0.507 eV
SCF ITERATION NUMBER  1
     point #   1  energy = -40.000
FMS for a cluster of  139 atoms around atom type   0
FMS for a cluster of  135 atoms around atom type   1
FMS for a cluster of  127 atoms around atom type   2
FMS for a cluster of  136 atoms around atom type   3
     point #  20  energy = -28.861
     point #  40  energy =  -8.611
     point #  60  energy =  -4.674
New Fermi level:    mu=  -4.840 eV  Charge distance=  0.8008 (partial c.d.=  6.9822)
SCF ITERATION NUMBER  1
     point #   1  energy = -40.000
FMS for a cluster of  139 atoms around atom type   0
FMS for a cluster of  135 atoms around atom type   1
FMS for a cluster of  127 atoms around atom type   2
FMS for a cluster of  136 atoms around atom type   3
     point #  20  energy = -28.950
     point #  40  energy =  -8.859
     point #  60  energy =  -4.840
     point #  80  energy =  -6.419
     point # 100  energy = -10.762
     point # 120  energy = -11.287
New Fermi level:    mu= -11.334 eV  Charge distance=  0.1985 (partial c.d.=  3.9499)
SCF ITERATION NUMBER  1
     point #   1  energy = -40.000
FMS for a cluster of  139 atoms around atom type   0
FMS for a cluster of  135 atoms around atom type   1
FMS for a cluster of  127 atoms around atom type   2
FMS for a cluster of  136 atoms around atom type   3
     point #  20  energy = -28.738
     point #  40  energy = -11.334
     point #  60  energy = -11.166
     point #  80  energy =  -9.553
     point # 100  energy = -10.022
New Fermi level:    mu= -10.036 eV  Charge distance=  0.0912 (partial c.d.=  0.9468)
SCF ITERATION NUMBER  2
     point #   1  energy = -40.000
     point #  20  energy = -29.013
     point #  40  energy = -10.036
     point #  60  energy = -10.127
     point #  80  energy = -10.483
New Fermi level:    mu= -10.572 eV  Charge distance=  0.2481 (partial c.d.=  1.7758)
SCF ITERATION NUMBER  3
     point #   1  energy = -40.000
     point #  20  energy = -28.838
     point #  40  energy = -10.572
     point #  60  energy = -10.431
     point #  80  energy = -10.250
New Fermi level:    mu= -10.326 eV  Charge distance=  0.0850 (partial c.d.=  2.3007)
SCF ITERATION NUMBER  4
     point #   1  energy = -40.000
     point #  20  energy = -28.744
     point #  40  energy = -10.326
New Fermi level:    mu= -10.347 eV  Charge distance=  0.0712 (partial c.d.=  0.0351)
SCF ITERATION NUMBER  5
     point #   1  energy = -40.000
     point #  20  energy = -28.752
     point #  40  energy = -10.347
     point #  60  energy = -10.422
New Fermi level:    mu= -10.430 eV  Charge distance=  0.0947 (partial c.d.=  0.0818)
SCF ITERATION NUMBER  6
     point #   1  energy = -40.000
     point #  20  energy = -28.784
     point #  40  energy = -10.430
New Fermi level:    mu= -10.426 eV  Charge distance=  0.1350 (partial c.d.=  0.2882)
SCF ITERATION NUMBER  7
     point #   1  energy = -40.000
     point #  20  energy = -28.782
     point #  40  energy = -10.426
     point #  60  energy = -10.351
New Fermi level:    mu= -10.298 eV  Charge distance=  0.0769 (partial c.d.=  1.2332)
SCF ITERATION NUMBER  8
     point #   1  energy = -40.000
     point #  20  energy = -28.734
     point #  40  energy = -10.298
     point #  60  energy = -10.267
New Fermi level:    mu= -10.438 eV  Charge distance=  0.0188 (partial c.d.=  0.9184)
SCF ITERATION NUMBER  9
     point #   1  energy = -40.000
     point #  20  energy = -28.787
     point #  40  energy = -10.438
New Fermi level:    mu= -10.397 eV  Charge distance=  0.0525 (partial c.d.=  0.0295)
SCF ITERATION NUMBER 10
     point #   1  energy = -40.000
     point #  20  energy = -28.771
     point #  40  energy = -10.397
New Fermi level:    mu= -10.441 eV  Charge distance=  0.0119 (partial c.d.=  0.3195)
SCF ITERATION NUMBER 11
     point #   1  energy = -40.000
     point #  20  energy = -28.788
     point #  40  energy = -10.441
New Fermi level:    mu= -10.384 eV  Charge distance=  0.0061 (partial c.d.=  0.1777)
SCF ITERATION NUMBER 12
     point #   1  energy = -40.000
     point #  20  energy = -28.766
     point #  40  energy = -10.384
New Fermi level:    mu= -10.382 eV  Charge distance=  0.0022 (partial c.d.=  0.0224)
SCF ITERATION NUMBER 13
     point #   1  energy = -40.000
     point #  20  energy = -28.766
     point #  40  energy = -10.382
New Fermi level:    mu= -10.378 eV  Charge distance=  0.0002 (partial c.d.=  0.0056)
SCF ITERATION NUMBER 14
     point #   1  energy = -40.000
     point #  20  energy = -28.764
     point #  40  energy = -10.378
New Fermi level:    mu= -10.377 eV  Charge distance=  0.0010 (partial c.d.=  0.0001)
Electronic configuration
  type     l     N_el
     0     0    0.459
     0     1    0.633
     0     2    9.175
     0     3    0.000
     1     0    0.486
     1     1    0.759
     1     2    0.526
     1     3    0.000
     2     0    0.488
     2     1    0.635
     2     2    9.307
     2     3    0.000
     3     0    1.854
     3     1    4.411
     3     2    0.054
     3     3    0.000
Charge transfer:  type  charge
       0   -0.729
       1   -0.229
       2   -0.572
       3    0.321
Convergence reached in   14 iterations.
Done with module: potentials.

Calculating screened core-hole potential ...
FMS for a cluster of   27 atoms around iph =   0
    0% of energy integration
   20%
   40%
   60%
   80%
  100%
Preparing response function.
Computing (1 - K Chi0)^-1 v_ch
Done with module: screened core-hole potential.

Calculating cross-section and phases ...
    absorption cross section
 x0,dx,rnrm,inrm,jnrm   8.80000000000000       5.000000000000000E-002
   2.36754436599986              194         195
    phase shifts for unique potential    0
    phase shifts for unique potential    1
    phase shifts for unique potential    2
    phase shifts for unique potential    3
Done with module: cross-section and phases (XSPH).

FMS calculation of full Green's function ...
FEFF-serial using 1 thread.
Using   194 energy points.
xprep done
FMS for a cluster of  291 atoms
Energy point    1/ 194
Energy point   10/ 194
Energy point   20/ 194
Energy point   30/ 194
Energy point   40/ 194
Energy point   50/ 194
Energy point   60/ 194
Energy point   70/ 194
Energy point   80/ 194
Energy point   90/ 194
Energy point  100/ 194
Energy point  110/ 194
Energy point  120/ 194
Energy point  130/ 194
Energy point  140/ 194
Energy point  150/ 194
Energy point  160/ 194
Energy point  170/ 194
Energy point  180/ 194
Energy point  190/ 194
Done with module: FMS.

MKGTR: Tracing over Green's function ...
Done with module: MKGTR.

Pathfinder: finding scattering paths...
Preparing plane wave scattering amplitudes
Searching for paths
Eliminating path degeneracies
0 paths retained.
Done with module: pathfinder.

Calculating EXAFS parameters ...
Done with module: EXAFS parameters (GENFMT).

Calculating XAS spectra ...
Done with module: XAS spectra (FF2X: DW + final sum over paths).

 
### feff ends at Sun Aug 13 11:52:20 EDT 2023
 
