### feff starts at Sun Aug 13 11:05:08 EDT 2023
### Serial version
### FeffPath is /sdcc/u/mcarbone/software/JFEFF/hsw/feff90/linux
 
Launching FEFF version FEFF 9.9.1
Core hole lifetime is   1.729 eV.
Your calculation:
 comment: None given
 Source:
 Structure Summary:  Mn12 Cu6 O24
 Reduced formula:  Mn2CuO4
 space group: (Cm), space number:  (8)
 abc:  6.113196   6.113196  14.742573
 angles: 87.059480  87.059480  58.126996
 sites: 42
Cu K edge XANES using RPA corehole.
Using:     * Self-Consistent Field potentials
Using cards:   ATOMS CONTROL EXCHANGE TITLE RPATH POTENTIALS XANES EDGE SCF FMS S02 COREHOLE EGRID

Calculating atomic potentials ...
    overlapped atomic potential and density for unique potential    0
    overlapped atomic potential and density for unique potential    1
    overlapped atomic potential and density for unique potential    2
    overlapped atomic potential and density for unique potential    3
Done with module: atomic potentials.

Calculating SCF potentials ...
FEFF-serial using 1 thread.
Muffin tin radii and interstitial parameters [bohr]:
type, norman radius, muffin tin, overlap factor
    0  1.32205E+00  1.26275E+00  1.12307E+00
    1  1.41613E+00  1.30417E+00  1.15000E+00
    2  1.35279E+00  1.28046E+00  1.15000E+00
    3  1.09566E+00  1.01726E+00  1.15000E+00
Core-valence separation energy:  ecv=   -40.000 eV
Initial Fermi level:              mu=    -0.359 eV
SCF ITERATION NUMBER  1
     point #   1  energy = -40.000
FMS for a cluster of  135 atoms around atom type   0
FMS for a cluster of  130 atoms around atom type   1
FMS for a cluster of  118 atoms around atom type   2
FMS for a cluster of  133 atoms around atom type   3
     point #  20  energy = -28.831
     point #  40  energy =  -8.581
     point #  60  energy =  -7.944
     point #  80  energy =  -8.175
 Found bad counts.
  Occupation number in getorb is    10.000
  Will repeat this iteration.
 Found bad counts.
  Occupation number in getorb is    10.000
  Will repeat this iteration.
New Fermi level:    mu=  -8.172 eV  Charge distance=  1.9337 (partial c.d.=  8.7606)
SCF ITERATION NUMBER  1
     point #   1  energy = -40.000
FMS for a cluster of  135 atoms around atom type   0
FMS for a cluster of  130 atoms around atom type   1
FMS for a cluster of  118 atoms around atom type   2
FMS for a cluster of  133 atoms around atom type   3
     point #  20  energy = -28.706
     point #  40  energy =  -8.172
     point #  60  energy =  -8.131
     point #  80  energy =  -5.965
     point # 100  energy =  -5.003
New Fermi level:    mu=  -4.927 eV  Charge distance=  0.8928 (partial c.d.=  9.8774)
SCF ITERATION NUMBER  1
     point #   1  energy = -40.000
FMS for a cluster of  135 atoms around atom type   0
FMS for a cluster of  130 atoms around atom type   1
FMS for a cluster of  118 atoms around atom type   2
FMS for a cluster of  133 atoms around atom type   3
     point #  20  energy = -28.977
     point #  40  energy =  -8.935
     point #  60  energy =  -4.927
     point #  80  energy =  -6.505
     point # 100  energy = -11.627
     point # 120  energy = -11.777
New Fermi level:    mu= -11.777 eV  Charge distance=  0.2805 (partial c.d.=  4.4082)
SCF ITERATION NUMBER  2
     point #   1  energy = -40.000
     point #  20  energy = -28.913
     point #  40  energy = -11.777
     point #  60  energy = -11.609
     point #  80  energy =  -9.068
New Fermi level:    mu=  -8.883 eV  Charge distance=  0.3015 (partial c.d.=  2.3231)
SCF ITERATION NUMBER  3
     point #   1  energy = -40.000
     point #  20  energy = -28.958
     point #  40  energy =  -8.883
     point #  60  energy =  -8.923
     point #  80  energy = -10.676
New Fermi level:    mu= -10.696 eV  Charge distance=  0.1962 (partial c.d.=  5.8178)
SCF ITERATION NUMBER  4
     point #   1  energy = -40.000
     point #  20  energy = -28.885
     point #  40  energy = -10.696
     point #  60  energy = -10.821
New Fermi level:    mu= -10.942 eV  Charge distance=  0.1043 (partial c.d.=  5.6938)
SCF ITERATION NUMBER  5
     point #   1  energy = -40.000
     point #  20  energy = -28.978
     point #  40  energy = -10.942
New Fermi level:    mu= -10.996 eV  Charge distance=  0.0398 (partial c.d.=  1.7552)
SCF ITERATION NUMBER  6
     point #   1  energy = -40.000
     point #  20  energy = -28.999
     point #  40  energy = -10.996
     point #  60  energy = -10.871
New Fermi level:    mu= -10.818 eV  Charge distance=  0.0575 (partial c.d.=  1.3212)
SCF ITERATION NUMBER  7
     point #   1  energy = -40.000
     point #  20  energy = -28.931
     point #  40  energy = -10.818
     point #  60  energy = -10.893
New Fermi level:    mu= -10.916 eV  Charge distance=  0.0126 (partial c.d.=  1.8273)
SCF ITERATION NUMBER  8
     point #   1  energy = -40.000
     point #  20  energy = -28.968
     point #  40  energy = -10.916
New Fermi level:    mu= -10.906 eV  Charge distance=  0.0271 (partial c.d.=  0.4697)
SCF ITERATION NUMBER  9
     point #   1  energy = -40.000
     point #  20  energy = -28.964
     point #  40  energy = -10.906
     point #  60  energy = -10.781
New Fermi level:    mu= -10.668 eV  Charge distance=  0.0264 (partial c.d.=  0.6451)
SCF ITERATION NUMBER 10
     point #   1  energy = -40.000
     point #  20  energy = -28.874
     point #  40  energy = -10.668
     point #  60  energy = -10.543
New Fermi level:    mu= -10.469 eV  Charge distance=  0.0078 (partial c.d.=  1.0567)
SCF ITERATION NUMBER 11
     point #   1  energy = -40.000
     point #  20  energy = -28.799
     point #  40  energy = -10.469
     point #  60  energy = -10.544
New Fermi level:    mu= -10.554 eV  Charge distance=  0.0029 (partial c.d.=  0.0922)
SCF ITERATION NUMBER 12
     point #   1  energy = -40.000
     point #  20  energy = -28.831
     point #  40  energy = -10.554
New Fermi level:    mu= -10.557 eV  Charge distance=  0.0014 (partial c.d.=  0.0659)
SCF ITERATION NUMBER 13
     point #   1  energy = -40.000
     point #  20  energy = -28.832
     point #  40  energy = -10.557
New Fermi level:    mu= -10.546 eV  Charge distance=  0.0013 (partial c.d.=  0.0119)
SCF ITERATION NUMBER 14
     point #   1  energy = -40.000
     point #  20  energy = -28.828
     point #  40  energy = -10.546
New Fermi level:    mu= -10.543 eV  Charge distance=  0.0030 (partial c.d.=  0.0021)
SCF ITERATION NUMBER 15
     point #   1  energy = -40.000
     point #  20  energy = -28.827
     point #  40  energy = -10.543
New Fermi level:    mu= -10.543 eV  Charge distance=  0.0007 (partial c.d.=  0.0069)
SCF ITERATION NUMBER 16
     point #   1  energy = -40.000
     point #  20  energy = -28.827
     point #  40  energy = -10.543
New Fermi level:    mu= -10.545 eV  Charge distance=  0.0006 (partial c.d.=  0.0035)
SCF ITERATION NUMBER 17
     point #   1  energy = -40.000
     point #  20  energy = -28.827
     point #  40  energy = -10.545
New Fermi level:    mu= -10.547 eV  Charge distance=  0.0000 (partial c.d.=  0.0034)
SCF ITERATION NUMBER 18
     point #   1  energy = -40.000
     point #  20  energy = -28.828
     point #  40  energy = -10.547
New Fermi level:    mu= -10.547 eV  Charge distance=  0.0000 (partial c.d.=  0.0002)
SCF ITERATION NUMBER 19
     point #   1  energy = -40.000
     point #  20  energy = -28.828
     point #  40  energy = -10.547
New Fermi level:    mu= -10.547 eV  Charge distance=  0.0001 (partial c.d.=  0.0000)
Electronic configuration
  type     l     N_el
     0     0    0.389
     0     1    0.492
     0     2    9.379
     0     3    0.000
     1     0    0.470
     1     1    0.755
     1     2    5.674
     1     3    0.000
     2     0    0.429
     2     1    0.552
     2     2    9.350
     2     3    0.000
     3     0    1.835
     3     1    4.298
     3     2    0.085
     3     3    0.000
Charge transfer:  type  charge
       0   -0.740
       1   -0.101
       2   -0.670
       3    0.218
Convergence reached in   19 iterations.
Done with module: potentials.

Calculating screened core-hole potential ...
FMS for a cluster of   27 atoms around iph =   0
    0% of energy integration
   20%
   40%
   60%
   80%
  100%
Preparing response function.
Computing (1 - K Chi0)^-1 v_ch
Done with module: screened core-hole potential.

Calculating cross-section and phases ...
    absorption cross section
 x0,dx,rnrm,inrm,jnrm   8.80000000000000       5.000000000000000E-002
   2.49831646200007              195         196
    phase shifts for unique potential    0
    phase shifts for unique potential    1
    phase shifts for unique potential    2
    phase shifts for unique potential    3
Done with module: cross-section and phases (XSPH).

FMS calculation of full Green's function ...
FEFF-serial using 1 thread.
Using   194 energy points.
xprep done
FMS for a cluster of  281 atoms
Energy point    1/ 194
Energy point   10/ 194
Energy point   20/ 194
Energy point   30/ 194
Energy point   40/ 194
Energy point   50/ 194
Energy point   60/ 194
Energy point   70/ 194
Energy point   80/ 194
Energy point   90/ 194
Energy point  100/ 194
Energy point  110/ 194
Energy point  120/ 194
Energy point  130/ 194
Energy point  140/ 194
Energy point  150/ 194
Energy point  160/ 194
Energy point  170/ 194
Energy point  180/ 194
Energy point  190/ 194
Done with module: FMS.

MKGTR: Tracing over Green's function ...
Done with module: MKGTR.

Pathfinder: finding scattering paths...
Preparing plane wave scattering amplitudes
Searching for paths
Eliminating path degeneracies
0 paths retained.
Done with module: pathfinder.

Calculating EXAFS parameters ...
Done with module: EXAFS parameters (GENFMT).

Calculating XAS spectra ...
Done with module: XAS spectra (FF2X: DW + final sum over paths).

 
### feff ends at Sun Aug 13 13:50:49 EDT 2023
 
