### feff starts at Mon Aug 14 09:51:51 EDT 2023
### Serial version
### FeffPath is /sdcc/u/mcarbone/software/JFEFF/hsw/feff90/linux
 
Launching FEFF version FEFF 9.9.1
Core hole lifetime is   1.729 eV.
Your calculation:
 comment: None given
 Source:
 Structure Summary:  Na36 Cu12 O36
 Reduced formula:  Na3CuO3
 space group: (Cmce), space number:  (64)
 abc:  8.225571   8.225571  16.498229
 angles: 90.000000  90.000000  95.730511
 sites: 84
Cu K edge XANES using RPA corehole.
Using:     * Self-Consistent Field potentials
Using cards:   ATOMS CONTROL EXCHANGE TITLE RPATH POTENTIALS XANES EDGE SCF FMS S02 COREHOLE EGRID

Calculating atomic potentials ...
    overlapped atomic potential and density for unique potential    0
    overlapped atomic potential and density for unique potential    1
    overlapped atomic potential and density for unique potential    2
    overlapped atomic potential and density for unique potential    3
Done with module: atomic potentials.

Calculating SCF potentials ...
FEFF-serial using 1 thread.
Muffin tin radii and interstitial parameters [bohr]:
type, norman radius, muffin tin, overlap factor
    0  1.25903E+00  1.11826E+00  1.15000E+00
    1  1.55455E+00  1.49899E+00  1.09467E+00
    2  1.25903E+00  1.11826E+00  1.15000E+00
    3  1.14594E+00  1.08660E+00  1.14603E+00
Core-valence separation energy:  ecv=   -40.000 eV
Initial Fermi level:              mu=    -2.492 eV
SCF ITERATION NUMBER  1
     point #   1  energy = -40.000
FMS for a cluster of  101 atoms around atom type   0
FMS for a cluster of  109 atoms around atom type   1
FMS for a cluster of   99 atoms around atom type   2
FMS for a cluster of  107 atoms around atom type   3
     point #  20  energy = -28.853
     point #  40  energy =  -8.603
     point #  60  energy =  -5.478
New Fermi level:    mu=  -4.629 eV  Charge distance=  0.7605 (partial c.d.=  6.3950)
SCF ITERATION NUMBER  1
     point #   1  energy = -40.000
FMS for a cluster of  101 atoms around atom type   0
FMS for a cluster of  109 atoms around atom type   1
FMS for a cluster of   99 atoms around atom type   2
FMS for a cluster of  107 atoms around atom type   3
     point #  20  energy = -28.883
     point #  40  energy =  -8.671
     point #  60  energy =  -4.629
     point #  80  energy =  -6.207
     point # 100  energy = -10.300
New Fermi level:    mu= -10.408 eV  Charge distance=  0.1840 (partial c.d.=  3.7828)
SCF ITERATION NUMBER  1
     point #   1  energy = -40.000
FMS for a cluster of  101 atoms around atom type   0
FMS for a cluster of  109 atoms around atom type   1
FMS for a cluster of   99 atoms around atom type   2
FMS for a cluster of  107 atoms around atom type   3
     point #  20  energy = -28.776
     point #  40  energy = -10.408
     point #  60  energy = -10.318
     point #  80  energy =  -9.018
New Fermi level:    mu=  -8.845 eV  Charge distance=  0.0560 (partial c.d.=  0.7404)
SCF ITERATION NUMBER  2
     point #   1  energy = -40.000
     point #  20  energy = -28.945
     point #  40  energy =  -8.845
     point #  60  energy =  -8.777
New Fermi level:    mu=  -8.664 eV  Charge distance=  0.1504 (partial c.d.=  0.0397)
SCF ITERATION NUMBER  3
     point #   1  energy = -40.000
     point #  20  energy = -28.881
     point #  40  energy =  -8.664
     point #  60  energy =  -8.623
New Fermi level:    mu=  -8.244 eV  Charge distance=  0.0135 (partial c.d.=  0.0730)
SCF ITERATION NUMBER  4
     point #   1  energy = -40.000
     point #  20  energy = -28.732
     point #  40  energy =  -8.244
     point #  60  energy =  -8.285
     point #  80  energy =  -8.544
New Fermi level:    mu=  -8.501 eV  Charge distance=  0.0171 (partial c.d.=  0.1349)
SCF ITERATION NUMBER  5
     point #   1  energy = -40.000
     point #  20  energy = -28.823
     point #  40  energy =  -8.501
New Fermi level:    mu=  -8.526 eV  Charge distance=  0.0088 (partial c.d.=  0.2066)
SCF ITERATION NUMBER  6
     point #   1  energy = -40.000
     point #  20  energy = -28.832
     point #  40  energy =  -8.526
     point #  60  energy =  -8.576
New Fermi level:    mu=  -8.572 eV  Charge distance=  0.0022 (partial c.d.=  0.1364)
SCF ITERATION NUMBER  7
     point #   1  energy = -40.000
     point #  20  energy = -28.848
     point #  40  energy =  -8.572
New Fermi level:    mu=  -8.591 eV  Charge distance=  0.0017 (partial c.d.=  0.0033)
SCF ITERATION NUMBER  8
     point #   1  energy = -40.000
     point #  20  energy = -28.855
     point #  40  energy =  -8.591
New Fermi level:    mu=  -8.600 eV  Charge distance=  0.0009 (partial c.d.=  0.0050)
SCF ITERATION NUMBER  9
     point #   1  energy = -40.000
     point #  20  energy = -28.858
     point #  40  energy =  -8.600
New Fermi level:    mu=  -8.595 eV  Charge distance=  0.0011 (partial c.d.=  0.0019)
SCF ITERATION NUMBER 10
     point #   1  energy = -40.000
     point #  20  energy = -28.856
     point #  40  energy =  -8.595
New Fermi level:    mu=  -8.593 eV  Charge distance=  0.0011 (partial c.d.=  0.0085)
SCF ITERATION NUMBER 11
     point #   1  energy = -40.000
     point #  20  energy = -28.856
     point #  40  energy =  -8.593
New Fermi level:    mu=  -8.591 eV  Charge distance=  0.0002 (partial c.d.=  0.0011)
SCF ITERATION NUMBER 12
     point #   1  energy = -40.000
     point #  20  energy = -28.855
     point #  40  energy =  -8.591
New Fermi level:    mu=  -8.590 eV  Charge distance=  0.0000 (partial c.d.=  0.0007)
SCF ITERATION NUMBER 13
     point #   1  energy = -40.000
     point #  20  energy = -28.855
     point #  40  energy =  -8.590
New Fermi level:    mu=  -8.591 eV  Charge distance=  0.0000 (partial c.d.=  0.0003)
SCF ITERATION NUMBER 14
     point #   1  energy = -40.000
     point #  20  energy = -28.855
     point #  40  energy =  -8.591
New Fermi level:    mu=  -8.591 eV  Charge distance=  0.0000 (partial c.d.=  0.0001)
Electronic configuration
  type     l     N_el
     0     0    0.531
     0     1    0.659
     0     2    9.178
     0     3    0.000
     1     0    0.237
     1     1    6.304
     1     2    0.210
     1     3    0.000
     2     0    0.531
     2     1    0.659
     2     2    9.179
     2     3    0.000
     3     0    1.870
     3     1    4.544
     3     2    0.045
     3     3    0.000
Charge transfer:  type  charge
       0   -0.631
       1   -0.249
       2   -0.631
       3    0.460
Convergence reached in   14 iterations.
Done with module: potentials.

Calculating screened core-hole potential ...
FMS for a cluster of   17 atoms around iph =   0
    0% of energy integration
   20%
   40%
   60%
   80%
  100%
Preparing response function.
Computing (1 - K Chi0)^-1 v_ch
Done with module: screened core-hole potential.

Calculating cross-section and phases ...
    absorption cross section
 x0,dx,rnrm,inrm,jnrm   8.80000000000000       5.000000000000000E-002
   2.37922197900007              194         195
    phase shifts for unique potential    0
    phase shifts for unique potential    1
    phase shifts for unique potential    2
    phase shifts for unique potential    3
Done with module: cross-section and phases (XSPH).

FMS calculation of full Green's function ...
FEFF-serial using 1 thread.
Using   194 energy points.
xprep done
FMS for a cluster of  237 atoms
Energy point    1/ 194
Energy point   10/ 194
Energy point   20/ 194
Energy point   30/ 194
Energy point   40/ 194
Energy point   50/ 194
Energy point   60/ 194
Energy point   70/ 194
Energy point   80/ 194
Energy point   90/ 194
Energy point  100/ 194
Energy point  110/ 194
Energy point  120/ 194
Energy point  130/ 194
Energy point  140/ 194
Energy point  150/ 194
Energy point  160/ 194
Energy point  170/ 194
Energy point  180/ 194
Energy point  190/ 194
Done with module: FMS.

MKGTR: Tracing over Green's function ...
Done with module: MKGTR.

Pathfinder: finding scattering paths...
Preparing plane wave scattering amplitudes
Searching for paths
Eliminating path degeneracies
0 paths retained.
Done with module: pathfinder.

Calculating EXAFS parameters ...
Done with module: EXAFS parameters (GENFMT).

Calculating XAS spectra ...
Done with module: XAS spectra (FF2X: DW + final sum over paths).

 
### feff ends at Mon Aug 14 11:17:26 EDT 2023
 
