### feff starts at Sun Aug 13 22:50:00 EDT 2023
### Serial version
### FeffPath is /sdcc/u/mcarbone/software/JFEFF/hsw/feff90/linux
 
Launching FEFF version FEFF 9.9.1
Core hole lifetime is   1.729 eV.
Your calculation:
 comment: None given
 Source:
 Structure Summary:  Mg1 Cu3 Mo4 O12
 Reduced formula:  MgCu3(MoO3)4
 space group: (P-1), space number:  (2)
 abc:  6.658247   6.624790   6.632295
 angles:109.346902 109.597373 109.619931
 sites: 20
Cu K edge XANES using RPA corehole.
Using:     * Self-Consistent Field potentials
Using cards:   ATOMS CONTROL EXCHANGE TITLE RPATH POTENTIALS XANES EDGE SCF FMS S02 COREHOLE EGRID

Calculating atomic potentials ...
    overlapped atomic potential and density for unique potential    0
    overlapped atomic potential and density for unique potential    1
    overlapped atomic potential and density for unique potential    2
    overlapped atomic potential and density for unique potential    3
    overlapped atomic potential and density for unique potential    4
Done with module: atomic potentials.

Calculating SCF potentials ...
FEFF-serial using 1 thread.
Muffin tin radii and interstitial parameters [bohr]:
type, norman radius, muffin tin, overlap factor
    0  1.34183E+00  1.26023E+00  1.15000E+00
    1  1.70369E+00  1.67807E+00  1.03694E+00
    2  1.34184E+00  1.26035E+00  1.15000E+00
    3  1.45288E+00  1.34281E+00  1.15000E+00
    4  1.09633E+00  1.02293E+00  1.15000E+00
Core-valence separation energy:  ecv=   -54.500 eV
Initial Fermi level:              mu=     2.371 eV
SCF ITERATION NUMBER  1
     point #   1  energy = -54.500
FMS for a cluster of  135 atoms around atom type   0
FMS for a cluster of  123 atoms around atom type   1
FMS for a cluster of  115 atoms around atom type   2
FMS for a cluster of  122 atoms around atom type   3
FMS for a cluster of  129 atoms around atom type   4
     point #  20  energy = -43.190
     point #  40  energy = -22.940
     point #  60  energy =  -4.825
     point #  80  energy =  -4.347
New Fermi level:    mu=  -4.319 eV  Charge distance=  0.8816 (partial c.d.=  6.6271)
SCF ITERATION NUMBER  1
     point #   1  energy = -54.500
FMS for a cluster of  135 atoms around atom type   0
FMS for a cluster of  123 atoms around atom type   1
FMS for a cluster of  115 atoms around atom type   2
FMS for a cluster of  122 atoms around atom type   3
FMS for a cluster of  129 atoms around atom type   4
     point #  20  energy = -43.460
     point #  40  energy = -23.388
     point #  60  energy =  -4.319
     point #  80  energy =  -4.410
     point # 100  energy =  -5.329
New Fermi level:    mu=  -5.214 eV  Charge distance=  0.4033 (partial c.d.=  4.8348)
SCF ITERATION NUMBER  1
     point #   1  energy = -54.500
FMS for a cluster of  135 atoms around atom type   0
FMS for a cluster of  123 atoms around atom type   1
FMS for a cluster of  115 atoms around atom type   2
FMS for a cluster of  122 atoms around atom type   3
FMS for a cluster of  129 atoms around atom type   4
     point #  20  energy = -43.436
     point #  40  energy = -23.319
     point #  60  energy =  -5.214
     point #  80  energy =  -5.305
     point # 100  energy =  -6.411
New Fermi level:    mu=  -6.210 eV  Charge distance=  0.1367 (partial c.d.=  1.0002)
SCF ITERATION NUMBER  2
     point #   1  energy = -54.500
     point #  20  energy = -43.434
     point #  40  energy = -23.313
     point #  60  energy =  -6.210
     point #  80  energy =  -6.363
New Fermi level:    mu=  -6.390 eV  Charge distance=  0.2155 (partial c.d.=  0.4602)
SCF ITERATION NUMBER  3
     point #   1  energy = -54.500
     point #  20  energy = -43.475
     point #  40  energy = -23.429
     point #  60  energy =  -6.390
New Fermi level:    mu=  -6.384 eV  Charge distance=  0.1861 (partial c.d.=  0.2678)
SCF ITERATION NUMBER  4
     point #   1  energy = -54.500
     point #  20  energy = -43.473
     point #  40  energy = -23.425
     point #  60  energy =  -6.384
     point #  80  energy =  -6.537
New Fermi level:    mu=  -6.625 eV  Charge distance=  0.0629 (partial c.d.=  0.4906)
SCF ITERATION NUMBER  5
     point #   1  energy = -54.500
     point #  20  energy = -43.295
     point #  40  energy = -22.923
     point #  60  energy =  -6.625
     point #  80  energy =  -6.525
New Fermi level:    mu=  -6.521 eV  Charge distance=  0.0176 (partial c.d.=  0.4450)
SCF ITERATION NUMBER  6
     point #   1  energy = -54.500
     point #  20  energy = -43.271
     point #  40  energy = -22.854
     point #  60  energy =  -6.521
New Fermi level:    mu=  -6.557 eV  Charge distance=  0.0067 (partial c.d.=  0.1161)
SCF ITERATION NUMBER  7
     point #   1  energy = -54.500
     point #  20  energy = -43.279
     point #  40  energy = -22.878
     point #  60  energy =  -6.557
New Fermi level:    mu=  -6.562 eV  Charge distance=  0.0033 (partial c.d.=  0.0437)
SCF ITERATION NUMBER  8
     point #   1  energy = -54.500
     point #  20  energy = -43.281
     point #  40  energy = -22.881
     point #  60  energy =  -6.562
New Fermi level:    mu=  -6.557 eV  Charge distance=  0.0059 (partial c.d.=  0.0153)
SCF ITERATION NUMBER  9
     point #   1  energy = -54.500
     point #  20  energy = -43.279
     point #  40  energy = -22.878
     point #  60  energy =  -6.557
New Fermi level:    mu=  -6.552 eV  Charge distance=  0.0059 (partial c.d.=  0.0070)
SCF ITERATION NUMBER 10
     point #   1  energy = -54.500
     point #  20  energy = -43.278
     point #  40  energy = -22.874
     point #  60  energy =  -6.552
New Fermi level:    mu=  -6.546 eV  Charge distance=  0.0011 (partial c.d.=  0.0078)
SCF ITERATION NUMBER 11
     point #   1  energy = -54.500
     point #  20  energy = -43.277
     point #  40  energy = -22.870
     point #  60  energy =  -6.546
New Fermi level:    mu=  -6.546 eV  Charge distance=  0.0003 (partial c.d.=  0.0068)
SCF ITERATION NUMBER 12
     point #   1  energy = -54.500
     point #  20  energy = -43.277
     point #  40  energy = -22.870
     point #  60  energy =  -6.546
New Fermi level:    mu=  -6.546 eV  Charge distance=  0.0001 (partial c.d.=  0.0014)
SCF ITERATION NUMBER 13
     point #   1  energy = -54.500
     point #  20  energy = -43.277
     point #  40  energy = -22.871
     point #  60  energy =  -6.546
New Fermi level:    mu=  -6.546 eV  Charge distance=  0.0002 (partial c.d.=  0.0001)
Electronic configuration
  type     l     N_el
     0     0    0.522
     0     1    0.580
     0     2    9.557
     0     3    0.000
     1     0    0.503
     1     1    6.617
     1     2    0.447
     1     3    0.000
     2     0    0.523
     2     1    0.580
     2     2    9.554
     2     3    0.000
     3     0    0.424
     3     1    6.657
     3     2    4.203
     3     3    0.000
     4     0    1.848
     4     1    4.413
     4     2    0.100
     4     3    0.000
Charge transfer:  type  charge
       0   -0.342
       1   -0.434
       2   -0.343
       3   -0.715
       4    0.361
Convergence reached in   13 iterations.
Done with module: potentials.

Calculating screened core-hole potential ...
FMS for a cluster of   27 atoms around iph =   0
    0% of energy integration
   20%
   40%
   60%
   80%
  100%
Preparing response function.
Computing (1 - K Chi0)^-1 v_ch
Done with module: screened core-hole potential.

Calculating cross-section and phases ...
    absorption cross section
 x0,dx,rnrm,inrm,jnrm   8.80000000000000       5.000000000000000E-002
   2.53568677699981              195         196
    phase shifts for unique potential    0
    phase shifts for unique potential    1
    phase shifts for unique potential    2
    phase shifts for unique potential    3
    phase shifts for unique potential    4
Done with module: cross-section and phases (XSPH).

FMS calculation of full Green's function ...
FEFF-serial using 1 thread.
Using   194 energy points.
xprep done
FMS for a cluster of  265 atoms
Energy point    1/ 194
Energy point   10/ 194
Energy point   20/ 194
Energy point   30/ 194
Energy point   40/ 194
Energy point   50/ 194
Energy point   60/ 194
Energy point   70/ 194
Energy point   80/ 194
Energy point   90/ 194
Energy point  100/ 194
Energy point  110/ 194
Energy point  120/ 194
Energy point  130/ 194
Energy point  140/ 194
Energy point  150/ 194
Energy point  160/ 194
Energy point  170/ 194
Energy point  180/ 194
Energy point  190/ 194
Done with module: FMS.

MKGTR: Tracing over Green's function ...
Done with module: MKGTR.

Pathfinder: finding scattering paths...
Preparing plane wave scattering amplitudes
Searching for paths
Eliminating path degeneracies
0 paths retained.
Done with module: pathfinder.

Calculating EXAFS parameters ...
Done with module: EXAFS parameters (GENFMT).

Calculating XAS spectra ...
Done with module: XAS spectra (FF2X: DW + final sum over paths).

 
### feff ends at Mon Aug 14 01:22:50 EDT 2023
 
