### feff starts at Sun Aug 13 11:55:08 EDT 2023
### Serial version
### FeffPath is /sdcc/u/mcarbone/software/JFEFF/hsw/feff90/linux
 
Launching FEFF version FEFF 9.9.1
Core hole lifetime is   1.729 eV.
Your calculation:
 comment: None given
 Source:
 Structure Summary:  Li18 Cu4 H8 O16
 Reduced formula:  Li9Cu2(HO2)4
 space group: (Pmn2_1), space number:  (31)
 abc:  5.482162   7.516795  10.836889
 angles: 90.000000  90.000000  90.000000
 sites: 46
Cu K edge XANES using RPA corehole.
Using:     * Self-Consistent Field potentials
Using cards:   ATOMS CONTROL EXCHANGE TITLE RPATH POTENTIALS XANES EDGE SCF FMS S02 COREHOLE EGRID

Calculating atomic potentials ...
    overlapped atomic potential and density for unique potential    0
    overlapped atomic potential and density for unique potential    1
    overlapped atomic potential and density for unique potential    2
    overlapped atomic potential and density for unique potential    3
    overlapped atomic potential and density for unique potential    4
Done with module: atomic potentials.

Calculating SCF potentials ...
FEFF-serial using 1 thread.
Muffin tin radii and interstitial parameters [bohr]:
type, norman radius, muffin tin, overlap factor
    0  1.27062E+00  1.12222E+00  1.15000E+00
    1  1.32762E+00  1.25958E+00  1.14421E+00
    2  1.28062E+00  1.13159E+00  1.15000E+00
    3  9.33946E-01  8.63090E-01  1.15000E+00
    4  1.10666E+00  1.01276E+00  1.15000E+00
Core-valence separation energy:  ecv=   -40.000 eV
Initial Fermi level:              mu=    -1.245 eV
SCF ITERATION NUMBER  1
     point #   1  energy = -40.000
FMS for a cluster of  147 atoms around atom type   0
FMS for a cluster of  135 atoms around atom type   1
FMS for a cluster of  121 atoms around atom type   2
FMS for a cluster of  152 atoms around atom type   3
FMS for a cluster of  157 atoms around atom type   4
     point #  20  energy = -28.804
     point #  40  energy =  -8.554
     point #  60  energy =  -6.110
     point #  80  energy =  -5.422
New Fermi level:    mu=  -5.418 eV  Charge distance=  1.0425 (partial c.d.=  5.2195)
negative density   3  -27.342 - usually harmless precision error, but check DOS if it persists
SCF ITERATION NUMBER  1
     point #   1  energy = -40.000
FMS for a cluster of  147 atoms around atom type   0
FMS for a cluster of  135 atoms around atom type   1
FMS for a cluster of  121 atoms around atom type   2
FMS for a cluster of  152 atoms around atom type   3
FMS for a cluster of  157 atoms around atom type   4
     point #  20  energy = -28.812
     point #  40  energy =  -8.470
     point #  60  energy =  -5.431
     point #  80  energy =  -7.446
     point # 100  energy = -10.143
New Fermi level:    mu=  -9.862 eV  Charge distance=  0.3027 (partial c.d.=  5.6275)
negative density   3  -12.067 - usually harmless precision error, but check DOS if it persists
SCF ITERATION NUMBER  1
     point #   1  energy = -40.000
FMS for a cluster of  147 atoms around atom type   0
FMS for a cluster of  135 atoms around atom type   1
FMS for a cluster of  121 atoms around atom type   2
FMS for a cluster of  152 atoms around atom type   3
FMS for a cluster of  157 atoms around atom type   4
     point #  20  energy = -28.949
     point #  40  energy =  -9.862
     point #  60  energy =  -9.771
New Fermi level:    mu=  -9.332 eV  Charge distance=  0.1397 (partial c.d.=  0.3879)
negative density   3   -0.560 - usually harmless precision error, but check DOS if it persists
SCF ITERATION NUMBER  2
     point #   1  energy = -40.000
     point #  20  energy = -28.755
     point #  40  energy =  -9.332
     point #  60  energy =  -9.241
New Fermi level:    mu=  -8.769 eV  Charge distance=  0.0619 (partial c.d.=  0.5989)
negative density   1   -1.807 - usually harmless precision error, but check DOS if it persists
SCF ITERATION NUMBER  3
     point #   1  energy = -40.000
     point #  20  energy = -28.918
     point #  40  energy =  -8.769
New Fermi level:    mu=  -8.764 eV  Charge distance=  0.1011 (partial c.d.=  0.2399)
negative density   1  -84.097 - usually harmless precision error, but check DOS if it persists
SCF ITERATION NUMBER  4
     point #   1  energy = -40.000
     point #  20  energy = -28.916
     point #  40  energy =  -8.764
     point #  60  energy =  -8.695
New Fermi level:    mu=  -8.491 eV  Charge distance=  0.0165 (partial c.d.=  0.3109)
negative density   1 -116.602 - usually harmless precision error, but check DOS if it persists
SCF ITERATION NUMBER  5
     point #   1  energy = -40.000
     point #  20  energy = -28.819
     point #  40  energy =  -8.491
     point #  60  energy =  -8.541
New Fermi level:    mu=  -8.590 eV  Charge distance=  0.0132 (partial c.d.=  0.2342)
negative density   1 -124.535 - usually harmless precision error, but check DOS if it persists
SCF ITERATION NUMBER  6
     point #   1  energy = -40.000
     point #  20  energy = -28.855
     point #  40  energy =  -8.590
New Fermi level:    mu=  -8.610 eV  Charge distance=  0.0045 (partial c.d.=  0.1067)
negative density   1 -130.582 - usually harmless precision error, but check DOS if it persists
SCF ITERATION NUMBER  7
     point #   1  energy = -40.000
     point #  20  energy = -28.862
     point #  40  energy =  -8.610
New Fermi level:    mu=  -8.622 eV  Charge distance=  0.0026 (partial c.d.=  0.0398)
negative density   1 -138.500 - usually harmless precision error, but check DOS if it persists
SCF ITERATION NUMBER  8
     point #   1  energy = -40.000
     point #  20  energy = -28.866
     point #  40  energy =  -8.622
New Fermi level:    mu=  -8.633 eV  Charge distance=  0.0017 (partial c.d.=  0.0085)
negative density   1 -143.964 - usually harmless precision error, but check DOS if it persists
SCF ITERATION NUMBER  9
     point #   1  energy = -40.000
     point #  20  energy = -28.870
     point #  40  energy =  -8.633
New Fermi level:    mu=  -8.635 eV  Charge distance=  0.0008 (partial c.d.=  0.0051)
negative density   1 -146.728 - usually harmless precision error, but check DOS if it persists
SCF ITERATION NUMBER 10
     point #   1  energy = -40.000
     point #  20  energy = -28.870
     point #  40  energy =  -8.635
New Fermi level:    mu=  -8.633 eV  Charge distance=  0.0021 (partial c.d.=  0.0008)
negative density   1 -154.975 - usually harmless precision error, but check DOS if it persists
SCF ITERATION NUMBER 11
     point #   1  energy = -40.000
     point #  20  energy = -28.870
     point #  40  energy =  -8.633
New Fermi level:    mu=  -8.631 eV  Charge distance=  0.0000 (partial c.d.=  0.0008)
negative density   1 -155.454 - usually harmless precision error, but check DOS if it persists
SCF ITERATION NUMBER 12
     point #   1  energy = -40.000
     point #  20  energy = -28.869
     point #  40  energy =  -8.631
New Fermi level:    mu=  -8.631 eV  Charge distance=  0.0001 (partial c.d.=  0.0000)
Electronic configuration
  type     l     N_el
     0     0    0.573
     0     1    0.628
     0     2    9.280
     0     3    0.000
     1     0    0.248
     1     1    0.506
     1     2    0.000
     1     3    0.000
     2     0    0.584
     2     1    0.618
     2     2    9.287
     2     3    0.000
     3     0    0.699
     3     1    0.153
     3     2    0.000
     3     3    0.000
     4     0    1.851
     4     1    4.575
     4     2    0.053
     4     3    0.000
Charge transfer:  type  charge
       0   -0.519
       1   -0.246
       2   -0.511
       3   -0.148
       4    0.479
Convergence reached in   12 iterations.
Done with module: potentials.

Calculating screened core-hole potential ...
FMS for a cluster of   22 atoms around iph =   0
    0% of energy integration
   20%
   40%
   60%
   80%
  100%
Preparing response function.
Computing (1 - K Chi0)^-1 v_ch
Done with module: screened core-hole potential.

Calculating cross-section and phases ...
    absorption cross section
 x0,dx,rnrm,inrm,jnrm   8.80000000000000       5.000000000000000E-002
   2.40111762600008              194         195
    phase shifts for unique potential    0
    phase shifts for unique potential    1
    phase shifts for unique potential    2
    phase shifts for unique potential    3
    phase shifts for unique potential    4
Done with module: cross-section and phases (XSPH).

FMS calculation of full Green's function ...
FEFF-serial using 1 thread.
Using   194 energy points.
xprep done
FMS for a cluster of  298 atoms
Energy point    1/ 194
Energy point   10/ 194
Energy point   20/ 194
Energy point   30/ 194
Energy point   40/ 194
Energy point   50/ 194
Energy point   60/ 194
Energy point   70/ 194
Energy point   80/ 194
Energy point   90/ 194
Energy point  100/ 194
Energy point  110/ 194
Energy point  120/ 194
Energy point  130/ 194
Energy point  140/ 194
Energy point  150/ 194
Energy point  160/ 194
Energy point  170/ 194
Energy point  180/ 194
Energy point  190/ 194
Done with module: FMS.

MKGTR: Tracing over Green's function ...
Done with module: MKGTR.

Pathfinder: finding scattering paths...
Preparing plane wave scattering amplitudes
Searching for paths
Eliminating path degeneracies
0 paths retained.
Done with module: pathfinder.

Calculating EXAFS parameters ...
Done with module: EXAFS parameters (GENFMT).

Calculating XAS spectra ...
Done with module: XAS spectra (FF2X: DW + final sum over paths).

 
### feff ends at Sun Aug 13 13:34:28 EDT 2023
 
