### feff starts at Sun Aug 13 14:32:15 EDT 2023
### Serial version
### FeffPath is /sdcc/u/mcarbone/software/JFEFF/hsw/feff90/linux
 
Launching FEFF version FEFF 9.9.1
Resetting lmaxsc to 2 for iph =    1.  Use  UNFREEZE to prevent this.
Core hole lifetime is   1.729 eV.
Your calculation:
 comment: None given
 Source:
 Structure Summary:  Tl4 Cu4 P4 O16
 Reduced formula:  TlCuPO4
 space group: (C2/c), space number:  (15)
 abc:  4.932427   4.932427  18.264611
 angles: 86.677287  86.677287  90.079247
 sites: 28
Cu K edge XANES using RPA corehole.
Using:     * Self-Consistent Field potentials
Using cards:   ATOMS CONTROL EXCHANGE TITLE RPATH POTENTIALS XANES EDGE SCF FMS S02 COREHOLE EGRID

Calculating atomic potentials ...
    overlapped atomic potential and density for unique potential    0
    overlapped atomic potential and density for unique potential    1
    overlapped atomic potential and density for unique potential    2
    overlapped atomic potential and density for unique potential    3
    overlapped atomic potential and density for unique potential    4
Done with module: atomic potentials.

Calculating SCF potentials ...
FEFF-serial using 1 thread.
Muffin tin radii and interstitial parameters [bohr]:
type, norman radius, muffin tin, overlap factor
    0  1.34104E+00  1.26432E+00  1.15000E+00
    1  1.94803E+00  1.89247E+00  1.07354E+00
    2  1.34104E+00  1.26432E+00  1.15000E+00
    3  1.15975E+00  9.40963E-01  1.15000E+00
    4  1.05117E+00  8.95013E-01  1.15000E+00
Core-valence separation energy:  ecv=   -40.000 eV
Initial Fermi level:              mu=     5.649 eV
SCF ITERATION NUMBER  1
     point #   1  energy = -40.000
FMS for a cluster of   95 atoms around atom type   0
FMS for a cluster of   77 atoms around atom type   1
FMS for a cluster of   85 atoms around atom type   2
FMS for a cluster of   88 atoms around atom type   3
FMS for a cluster of   96 atoms around atom type   4
     point #  20  energy = -28.847
     point #  40  energy =  -8.597
     point #  60  energy =  -3.647
     point #  80  energy =  -3.447
New Fermi level:    mu=  -3.449 eV  Charge distance=  0.6764 (partial c.d.= 10.3411)
SCF ITERATION NUMBER  1
     point #   1  energy = -40.000
FMS for a cluster of   95 atoms around atom type   0
FMS for a cluster of   77 atoms around atom type   1
FMS for a cluster of   85 atoms around atom type   2
FMS for a cluster of   88 atoms around atom type   3
FMS for a cluster of   96 atoms around atom type   4
     point #  20  energy = -28.832
     point #  40  energy =  -8.526
     point #  60  energy =  -3.449
     point #  80  energy =  -5.274
     point # 100  energy =  -7.271
New Fermi level:    mu=  -7.218 eV  Charge distance=  0.2223 (partial c.d.=  3.7558)
SCF ITERATION NUMBER  1
     point #   1  energy = -40.000
FMS for a cluster of   95 atoms around atom type   0
FMS for a cluster of   77 atoms around atom type   1
FMS for a cluster of   85 atoms around atom type   2
FMS for a cluster of   88 atoms around atom type   3
FMS for a cluster of   96 atoms around atom type   4
     point #  20  energy = -28.731
     point #  40  energy =  -8.242
     point #  60  energy =  -7.177
New Fermi level:    mu=  -6.942 eV  Charge distance=  0.1101 (partial c.d.=  0.2902)
SCF ITERATION NUMBER  2
     point #   1  energy = -40.000
     point #  20  energy = -28.981
     point #  40  energy =  -8.945
     point #  60  energy =  -6.929
     point #  80  energy =  -6.289
New Fermi level:    mu=  -6.343 eV  Charge distance=  0.1391 (partial c.d.=  0.4707)
SCF ITERATION NUMBER  3
     point #   1  energy = -40.000
     point #  20  energy = -28.781
     point #  40  energy =  -8.383
     point #  60  energy =  -6.356
New Fermi level:    mu=  -6.879 eV  Charge distance=  0.1778 (partial c.d.=  0.4102)
SCF ITERATION NUMBER  4
     point #   1  energy = -40.000
     point #  20  energy = -28.960
     point #  40  energy =  -8.887
     point #  60  energy =  -6.867
     point #  80  energy =  -6.445
New Fermi level:    mu=  -6.451 eV  Charge distance=  0.0344 (partial c.d.=  0.4483)
SCF ITERATION NUMBER  5
     point #   1  energy = -40.000
     point #  20  energy = -28.817
     point #  40  energy =  -8.484
     point #  60  energy =  -6.463
New Fermi level:    mu=  -6.700 eV  Charge distance=  0.0103 (partial c.d.=  0.2510)
SCF ITERATION NUMBER  6
     point #   1  energy = -40.000
     point #  20  energy = -28.900
     point #  40  energy =  -8.718
     point #  60  energy =  -6.675
New Fermi level:    mu=  -6.664 eV  Charge distance=  0.0075 (partial c.d.=  0.0974)
SCF ITERATION NUMBER  7
     point #   1  energy = -40.000
     point #  20  energy = -28.888
     point #  40  energy =  -8.685
     point #  60  energy =  -6.639
New Fermi level:    mu=  -6.637 eV  Charge distance=  0.0043 (partial c.d.=  0.1000)
SCF ITERATION NUMBER  8
     point #   1  energy = -40.000
     point #  20  energy = -28.879
     point #  40  energy =  -8.659
     point #  60  energy =  -6.662
New Fermi level:    mu=  -6.651 eV  Charge distance=  0.0045 (partial c.d.=  0.0504)
SCF ITERATION NUMBER  9
     point #   1  energy = -40.000
     point #  20  energy = -28.884
     point #  40  energy =  -8.672
New Fermi level:    mu=  -6.643 eV  Charge distance=  0.0055 (partial c.d.=  0.0091)
SCF ITERATION NUMBER 10
     point #   1  energy = -40.000
     point #  20  energy = -28.881
     point #  40  energy =  -8.665
New Fermi level:    mu=  -6.632 eV  Charge distance=  0.0006 (partial c.d.=  0.0222)
SCF ITERATION NUMBER 11
     point #   1  energy = -40.000
     point #  20  energy = -28.877
     point #  40  energy =  -8.654
New Fermi level:    mu=  -6.632 eV  Charge distance=  0.0001 (partial c.d.=  0.0010)
SCF ITERATION NUMBER 12
     point #   1  energy = -40.000
     point #  20  energy = -28.877
     point #  40  energy =  -8.655
New Fermi level:    mu=  -6.632 eV  Charge distance=  0.0002 (partial c.d.=  0.0013)
SCF ITERATION NUMBER 13
     point #   1  energy = -40.000
     point #  20  energy = -28.877
     point #  40  energy =  -8.654
New Fermi level:    mu=  -6.632 eV  Charge distance=  0.0001 (partial c.d.=  0.0004)
SCF ITERATION NUMBER 14
     point #   1  energy = -40.000
     point #  20  energy = -28.877
     point #  40  energy =  -8.654
New Fermi level:    mu=  -6.632 eV  Charge distance=  0.0000 (partial c.d.=  0.0004)
SCF ITERATION NUMBER 15
     point #   1  energy = -40.000
     point #  20  energy = -28.877
     point #  40  energy =  -8.654
New Fermi level:    mu=  -6.632 eV  Charge distance=  0.0000 (partial c.d.=  0.0001)
Electronic configuration
  type     l     N_el
     0     0    0.512
     0     1    0.629
     0     2    9.559
     0     3    0.000
     1     0    1.708
     1     1    0.885
     1     2   10.154
     1     3    0.000
     2     0    0.512
     2     1    0.631
     2     2    9.558
     2     3    0.000
     3     0    1.209
     3     1    2.077
     3     2    1.039
     3     3    0.000
     4     0    1.830
     4     1    4.402
     4     2    0.074
     4     3    0.000
Charge transfer:  type  charge
       0   -0.299
       1   -0.252
       2   -0.298
       3   -0.675
       4    0.307
Convergence reached in   15 iterations.
Done with module: potentials.

Calculating screened core-hole potential ...
FMS for a cluster of   21 atoms around iph =   0
    0% of energy integration
   20%
   40%
   60%
   80%
  100%
Preparing response function.
Computing (1 - K Chi0)^-1 v_ch
Done with module: screened core-hole potential.

Calculating cross-section and phases ...
    absorption cross section
 x0,dx,rnrm,inrm,jnrm   8.80000000000000       5.000000000000000E-002
   2.53419417100006              195         196
    phase shifts for unique potential    0
    phase shifts for unique potential    1
    phase shifts for unique potential    2
    phase shifts for unique potential    3
    phase shifts for unique potential    4
Done with module: cross-section and phases (XSPH).

FMS calculation of full Green's function ...
FEFF-serial using 1 thread.
Using   194 energy points.
xprep done
FMS for a cluster of  177 atoms
Energy point    1/ 194
Energy point   10/ 194
Energy point   20/ 194
Energy point   30/ 194
Energy point   40/ 194
Energy point   50/ 194
Energy point   60/ 194
Energy point   70/ 194
Energy point   80/ 194
Energy point   90/ 194
Energy point  100/ 194
Energy point  110/ 194
Energy point  120/ 194
Energy point  130/ 194
Energy point  140/ 194
Energy point  150/ 194
Energy point  160/ 194
Energy point  170/ 194
Energy point  180/ 194
Energy point  190/ 194
Done with module: FMS.

MKGTR: Tracing over Green's function ...
Done with module: MKGTR.

Pathfinder: finding scattering paths...
Preparing plane wave scattering amplitudes
Searching for paths
Eliminating path degeneracies
0 paths retained.
Done with module: pathfinder.

Calculating EXAFS parameters ...
Done with module: EXAFS parameters (GENFMT).

Calculating XAS spectra ...
Done with module: XAS spectra (FF2X: DW + final sum over paths).

 
### feff ends at Sun Aug 13 15:29:41 EDT 2023
 
