### feff starts at Mon Aug 14 09:46:19 EDT 2023
### Serial version
### FeffPath is /sdcc/u/mcarbone/software/JFEFF/hsw/feff90/linux
 
Launching FEFF version FEFF 9.9.1
Core hole lifetime is   1.729 eV.
Your calculation:
 comment: None given
 Source:
 Structure Summary:  Mg14 Zn1 Cu1 O16
 Reduced formula:  Mg14ZnCuO16
 space group: (Pmmm), space number:  (47)
 abc:  4.250577   8.529275   8.539505
 angles: 90.000000  90.000000  90.000000
 sites: 32
Cu K edge XANES using RPA corehole.
Using:     * Self-Consistent Field potentials
Using cards:   ATOMS CONTROL EXCHANGE TITLE RPATH POTENTIALS XANES EDGE SCF FMS S02 COREHOLE EGRID

Calculating atomic potentials ...
    overlapped atomic potential and density for unique potential    0
    overlapped atomic potential and density for unique potential    1
    overlapped atomic potential and density for unique potential    2
    overlapped atomic potential and density for unique potential    3
    overlapped atomic potential and density for unique potential    4
Done with module: atomic potentials.

Calculating SCF potentials ...
FEFF-serial using 1 thread.
Muffin tin radii and interstitial parameters [bohr]:
type, norman radius, muffin tin, overlap factor
    0  1.31891E+00  1.27377E+00  1.09014E+00
    1  1.41628E+00  1.35081E+00  1.12752E+00
    2  1.39682E+00  1.33624E+00  1.11829E+00
    3  1.31959E+00  1.27433E+00  1.09036E+00
    4  1.09945E+00  1.05084E+00  1.12099E+00
Core-valence separation energy:  ecv=   -40.000 eV
Initial Fermi level:              mu=    -3.771 eV
SCF ITERATION NUMBER  1
     point #   1  energy = -40.000
FMS for a cluster of  147 atoms around atom type   0
FMS for a cluster of  138 atoms around atom type   1
FMS for a cluster of  122 atoms around atom type   2
FMS for a cluster of  122 atoms around atom type   3
FMS for a cluster of  147 atoms around atom type   4
     point #  20  energy = -28.912
     point #  40  energy = -13.621
     point #  60  energy =  -9.412
     point #  80  energy =  -7.821
New Fermi level:    mu=  -7.656 eV  Charge distance=  1.3437 (partial c.d.= 10.0664)
SCF ITERATION NUMBER  1
     point #   1  energy = -40.000
FMS for a cluster of  147 atoms around atom type   0
FMS for a cluster of  138 atoms around atom type   1
FMS for a cluster of  122 atoms around atom type   2
FMS for a cluster of  122 atoms around atom type   3
FMS for a cluster of  147 atoms around atom type   4
     point #  20  energy = -28.882
     point #  40  energy =  -8.667
     point #  60  energy =  -7.697
     point #  80  energy = -10.747
     point # 100  energy = -11.866
     point # 120  energy = -10.775
     point # 140  energy = -10.241
     point # 160  energy =  -9.956
     point # 180  energy =  -9.706
New Fermi level:    mu=  -9.638 eV  Charge distance=  0.3929 (partial c.d.=  6.7483)
SCF ITERATION NUMBER  1
     point #   1  energy = -40.000
FMS for a cluster of  147 atoms around atom type   0
FMS for a cluster of  138 atoms around atom type   1
FMS for a cluster of  122 atoms around atom type   2
FMS for a cluster of  122 atoms around atom type   3
FMS for a cluster of  147 atoms around atom type   4
     point #  20  energy = -28.867
     point #  40  energy =  -9.638
     point #  60  energy =  -9.729
     point #  80  energy = -12.351
     point # 100  energy = -11.742
     point # 120  energy = -11.410
     point # 140  energy = -11.160
     point # 160  energy = -10.910
     point # 180  energy = -10.660
     point # 200  energy = -10.410
     point # 220  energy = -10.160
     point # 240  energy =  -9.910
New Fermi level:    mu=  -9.850 eV  Charge distance=  0.2037 (partial c.d.=  0.3200)
SCF ITERATION NUMBER  2
     point #   1  energy = -40.000
     point #  20  energy = -28.945
     point #  40  energy =  -9.850
     point #  60  energy =  -9.940
     point #  80  energy = -11.618
New Fermi level:    mu= -11.774 eV  Charge distance=  0.2088 (partial c.d.=  0.2415)
SCF ITERATION NUMBER  3
     point #   1  energy = -40.000
     point #  20  energy = -28.911
     point #  40  energy = -11.774
     point #  60  energy = -11.605
     point #  80  energy =  -9.634
New Fermi level:    mu=  -9.447 eV  Charge distance=  0.1279 (partial c.d.=  0.7674)
SCF ITERATION NUMBER  4
     point #   1  energy = -40.000
     point #  20  energy = -28.797
     point #  40  energy =  -9.447
     point #  60  energy =  -9.538
     point #  80  energy = -11.641
New Fermi level:    mu= -11.594 eV  Charge distance=  0.0488 (partial c.d.=  0.7538)
SCF ITERATION NUMBER  5
     point #   1  energy = -40.000
     point #  20  energy = -28.841
     point #  40  energy = -11.594
     point #  60  energy = -11.507
New Fermi level:    mu= -11.323 eV  Charge distance=  0.0828 (partial c.d.=  0.0655)
SCF ITERATION NUMBER  6
     point #   1  energy = -40.000
     point #  20  energy = -28.734
     point #  40  energy = -11.323
     point #  60  energy = -11.154
New Fermi level:    mu= -10.659 eV  Charge distance=  0.0107 (partial c.d.=  0.2114)
SCF ITERATION NUMBER  7
     point #   1  energy = -40.000
     point #  20  energy = -28.871
     point #  40  energy = -10.659
     point #  60  energy = -10.784
New Fermi level:    mu= -10.816 eV  Charge distance=  0.0022 (partial c.d.=  0.0356)
SCF ITERATION NUMBER  8
     point #   1  energy = -40.000
     point #  20  energy = -28.930
     point #  40  energy = -10.816
New Fermi level:    mu= -10.835 eV  Charge distance=  0.0029 (partial c.d.=  0.0033)
SCF ITERATION NUMBER  9
     point #   1  energy = -40.000
     point #  20  energy = -28.937
     point #  40  energy = -10.835
New Fermi level:    mu= -10.844 eV  Charge distance=  0.0031 (partial c.d.=  0.0026)
SCF ITERATION NUMBER 10
     point #   1  energy = -40.000
     point #  20  energy = -28.941
     point #  40  energy = -10.844
New Fermi level:    mu= -10.850 eV  Charge distance=  0.0032 (partial c.d.=  0.0032)
SCF ITERATION NUMBER 11
     point #   1  energy = -40.000
     point #  20  energy = -28.943
     point #  40  energy = -10.850
New Fermi level:    mu= -10.852 eV  Charge distance=  0.0006 (partial c.d.=  0.0099)
SCF ITERATION NUMBER 12
     point #   1  energy = -40.000
     point #  20  energy = -28.944
     point #  40  energy = -10.852
New Fermi level:    mu= -10.851 eV  Charge distance=  0.0001 (partial c.d.=  0.0054)
SCF ITERATION NUMBER 13
     point #   1  energy = -40.000
     point #  20  energy = -28.943
     point #  40  energy = -10.851
New Fermi level:    mu= -10.850 eV  Charge distance=  0.0002 (partial c.d.=  0.0003)
SCF ITERATION NUMBER 14
     point #   1  energy = -40.000
     point #  20  energy = -28.943
     point #  40  energy = -10.850
New Fermi level:    mu= -10.850 eV  Charge distance=  0.0001 (partial c.d.=  0.0003)
SCF ITERATION NUMBER 15
     point #   1  energy = -40.000
     point #  20  energy = -28.943
     point #  40  energy = -10.850
New Fermi level:    mu= -10.850 eV  Charge distance=  0.0000 (partial c.d.=  0.0001)
Electronic configuration
  type     l     N_el
     0     0    0.388
     0     1    0.488
     0     2    9.565
     0     3    0.000
     1     0    0.450
     1     1    0.715
     1     2    0.488
     1     3    0.000
     2     0    0.656
     2     1    0.806
     2     2   10.212
     2     3    0.000
     3     0    0.387
     3     1    0.487
     3     2    9.574
     3     3    0.000
     4     0    1.836
     4     1    4.483
     4     2    0.040
     4     3    0.000
Charge transfer:  type  charge
       0   -0.560
       1   -0.347
       2   -0.326
       3   -0.553
       4    0.359
Convergence reached in   15 iterations.
Done with module: potentials.

Calculating screened core-hole potential ...
FMS for a cluster of   27 atoms around iph =   0
    0% of energy integration
   20%
   40%
   60%
   80%
  100%
Preparing response function.
Computing (1 - K Chi0)^-1 v_ch
Done with module: screened core-hole potential.

Calculating cross-section and phases ...
    absorption cross section
 x0,dx,rnrm,inrm,jnrm   8.80000000000000       5.000000000000000E-002
   2.49237887399981              195         196
    phase shifts for unique potential    0
    phase shifts for unique potential    1
    phase shifts for unique potential    2
    phase shifts for unique potential    3
    phase shifts for unique potential    4
Done with module: cross-section and phases (XSPH).

FMS calculation of full Green's function ...
FEFF-serial using 1 thread.
Using   194 energy points.
xprep done
FMS for a cluster of  305 atoms
Energy point    1/ 194
Energy point   10/ 194
Energy point   20/ 194
Energy point   30/ 194
Energy point   40/ 194
Energy point   50/ 194
Energy point   60/ 194
Energy point   70/ 194
Energy point   80/ 194
Energy point   90/ 194
Energy point  100/ 194
Energy point  110/ 194
Energy point  120/ 194
Energy point  130/ 194
Energy point  140/ 194
Energy point  150/ 194
Energy point  160/ 194
Energy point  170/ 194
Energy point  180/ 194
Energy point  190/ 194
Done with module: FMS.

MKGTR: Tracing over Green's function ...
Done with module: MKGTR.

Pathfinder: finding scattering paths...
Preparing plane wave scattering amplitudes
Searching for paths
Eliminating path degeneracies
0 paths retained.
Done with module: pathfinder.

Calculating EXAFS parameters ...
Done with module: EXAFS parameters (GENFMT).

Calculating XAS spectra ...
Done with module: XAS spectra (FF2X: DW + final sum over paths).

 
### feff ends at Mon Aug 14 13:13:18 EDT 2023
 
