### feff starts at Sun Aug 13 13:44:07 EDT 2023
### Serial version
### FeffPath is /sdcc/u/mcarbone/software/JFEFF/hsw/feff90/linux
 
Launching FEFF version FEFF 9.9.1
Resetting lmaxsc to 2 for iph =    1.  Use  UNFREEZE to prevent this.
Resetting lmaxsc to 2 for iph =    2.  Use  UNFREEZE to prevent this.
Core hole lifetime is   1.729 eV.
Your calculation:
 comment: None given
 Source:
 Structure Summary:  La5 Dy3 Cu4 O16
 Reduced formula:  La5Dy3(CuO4)4
 space group: (P4mm), space number:  (99)
 abc:  3.868272   3.868272  24.995763
 angles: 90.000000  90.000000  90.000000
 sites: 28
Cu K edge XANES using RPA corehole.
Using:     * Self-Consistent Field potentials
Using cards:   ATOMS CONTROL EXCHANGE TITLE RPATH POTENTIALS XANES EDGE SCF FMS S02 COREHOLE EGRID

Calculating atomic potentials ...
    overlapped atomic potential and density for unique potential    0
    overlapped atomic potential and density for unique potential    1
    overlapped atomic potential and density for unique potential    2
    overlapped atomic potential and density for unique potential    3
    overlapped atomic potential and density for unique potential    4
Done with module: atomic potentials.

Calculating SCF potentials ...
FEFF-serial using 1 thread.
Muffin tin radii and interstitial parameters [bohr]:
type, norman radius, muffin tin, overlap factor
    0  1.27630E+00  1.19603E+00  1.15000E+00
    1  1.84123E+00  1.75746E+00  1.12513E+00
    2  1.65923E+00  1.56799E+00  1.15000E+00
    3  1.27634E+00  1.19605E+00  1.15000E+00
    4  1.09724E+00  1.04818E+00  1.12261E+00
Core-valence separation energy:  ecv=   -47.000 eV
Initial Fermi level:              mu=    -1.492 eV
SCF ITERATION NUMBER  1
     point #   1  energy = -47.000
FMS for a cluster of  112 atoms around atom type   0
FMS for a cluster of  105 atoms around atom type   1
FMS for a cluster of   96 atoms around atom type   2
FMS for a cluster of   99 atoms around atom type   3
FMS for a cluster of  106 atoms around atom type   4
     point #  20  energy = -35.872
     point #  40  energy = -15.622
     point #  60  energy =  -6.744
     point #  80  energy =  -5.819
New Fermi level:    mu=  -5.784 eV  Charge distance=  1.0652 (partial c.d.=  6.4689)
SCF ITERATION NUMBER  1
     point #   1  energy = -47.000
FMS for a cluster of  112 atoms around atom type   0
FMS for a cluster of  105 atoms around atom type   1
FMS for a cluster of   96 atoms around atom type   2
FMS for a cluster of   99 atoms around atom type   3
FMS for a cluster of  106 atoms around atom type   4
     point #  20  energy = -35.942
     point #  40  energy = -15.837
     point #  60  energy =  -5.784
     point #  80  energy =  -6.418
     point # 100  energy =  -9.862
     point # 120  energy =  -9.018
     point # 140  energy =  -8.703
New Fermi level:    mu=  -8.467 eV  Charge distance=  0.3167 (partial c.d.=  5.5518)
SCF ITERATION NUMBER  1
     point #   1  energy = -47.000
FMS for a cluster of  112 atoms around atom type   0
FMS for a cluster of  105 atoms around atom type   1
FMS for a cluster of   96 atoms around atom type   2
FMS for a cluster of   99 atoms around atom type   3
FMS for a cluster of  106 atoms around atom type   4
     point #  20  energy = -35.846
     point #  40  energy = -15.565
     point #  60  energy =  -8.467
     point #  80  energy =  -8.686
     point # 100  energy =  -8.436
New Fermi level:    mu=  -8.339 eV  Charge distance=  0.1893 (partial c.d.=  0.2233)
SCF ITERATION NUMBER  2
     point #   1  energy = -47.000
     point #  20  energy = -35.809
     point #  40  energy = -15.461
     point #  60  energy =  -8.339
     point #  80  energy =  -7.867
New Fermi level:    mu=  -7.797 eV  Charge distance=  0.3086 (partial c.d.=  0.4386)
SCF ITERATION NUMBER  3
     point #   1  energy = -47.000
     point #  20  energy = -35.943
     point #  40  energy = -15.838
     point #  60  energy =  -7.797
     point #  80  energy =  -7.412
New Fermi level:    mu=  -7.355 eV  Charge distance=  0.0808 (partial c.d.=  0.5363)
SCF ITERATION NUMBER  4
     point #   1  energy = -47.000
     point #  20  energy = -35.818
     point #  40  energy = -15.487
     point #  60  energy =  -7.355
     point #  80  energy =  -8.226
     point # 100  energy =  -8.126
New Fermi level:    mu=  -8.118 eV  Charge distance=  0.0987 (partial c.d.=  0.6981)
SCF ITERATION NUMBER  5
     point #   1  energy = -47.000
     point #  20  energy = -35.745
     point #  40  energy = -15.280
     point #  60  energy =  -8.118
     point #  80  energy =  -7.743
New Fermi level:    mu=  -7.691 eV  Charge distance=  0.0252 (partial c.d.=  0.3415)
SCF ITERATION NUMBER  6
     point #   1  energy = -47.000
     point #  20  energy = -35.913
     point #  40  energy = -15.755
     point #  60  energy =  -7.691
New Fermi level:    mu=  -7.756 eV  Charge distance=  0.0040 (partial c.d.=  0.0606)
SCF ITERATION NUMBER  7
     point #   1  energy = -47.000
     point #  20  energy = -35.931
     point #  40  energy = -15.806
     point #  60  energy =  -7.756
New Fermi level:    mu=  -7.748 eV  Charge distance=  0.0082 (partial c.d.=  0.0044)
SCF ITERATION NUMBER  8
     point #   1  energy = -47.000
     point #  20  energy = -35.929
     point #  40  energy = -15.800
     point #  60  energy =  -7.748
New Fermi level:    mu=  -7.746 eV  Charge distance=  0.0050 (partial c.d.=  0.0052)
SCF ITERATION NUMBER  9
     point #   1  energy = -47.000
     point #  20  energy = -35.928
     point #  40  energy = -15.798
     point #  60  energy =  -7.746
New Fermi level:    mu=  -7.741 eV  Charge distance=  0.0006 (partial c.d.=  0.0077)
SCF ITERATION NUMBER 10
     point #   1  energy = -47.000
     point #  20  energy = -35.927
     point #  40  energy = -15.795
     point #  60  energy =  -7.741
New Fermi level:    mu=  -7.740 eV  Charge distance=  0.0002 (partial c.d.=  0.0064)
SCF ITERATION NUMBER 11
     point #   1  energy = -47.000
     point #  20  energy = -35.927
     point #  40  energy = -15.794
     point #  60  energy =  -7.740
New Fermi level:    mu=  -7.740 eV  Charge distance=  0.0001 (partial c.d.=  0.0027)
SCF ITERATION NUMBER 12
     point #   1  energy = -47.000
     point #  20  energy = -35.927
     point #  40  energy = -15.793
     point #  60  energy =  -7.740
New Fermi level:    mu=  -7.740 eV  Charge distance=  0.0001 (partial c.d.=  0.0002)
SCF ITERATION NUMBER 13
     point #   1  energy = -47.000
     point #  20  energy = -35.927
     point #  40  energy = -15.793
     point #  60  energy =  -7.740
New Fermi level:    mu=  -7.740 eV  Charge distance=  0.0000 (partial c.d.=  0.0002)
Electronic configuration
  type     l     N_el
     0     0    0.506
     0     1    0.620
     0     2    9.448
     0     3    0.000
     1     0    2.303
     1     1    6.378
     1     2    1.731
     1     3    0.000
     2     0    0.384
     2     1    6.473
     2     2    1.557
     2     3    0.000
     3     0    0.505
     3     1    0.617
     3     2    9.465
     3     3    0.000
     4     0    1.855
     4     1    4.466
     4     2    0.076
     4     3    0.000
Charge transfer:  type  charge
       0   -0.426
       1   -0.587
       2   -0.585
       3   -0.413
       4    0.397
Convergence reached in   13 iterations.
Done with module: potentials.

Calculating screened core-hole potential ...
FMS for a cluster of   22 atoms around iph =   0
    0% of energy integration
   20%
   40%
   60%
   80%
  100%
Preparing response function.
Computing (1 - K Chi0)^-1 v_ch
Done with module: screened core-hole potential.

Calculating cross-section and phases ...
    absorption cross section
 x0,dx,rnrm,inrm,jnrm   8.80000000000000       5.000000000000000E-002
   2.41185243300009              194         195
    phase shifts for unique potential    0
    phase shifts for unique potential    1
    phase shifts for unique potential    2
    phase shifts for unique potential    3
    phase shifts for unique potential    4
Done with module: cross-section and phases (XSPH).

FMS calculation of full Green's function ...
FEFF-serial using 1 thread.
Using   194 energy points.
xprep done
FMS for a cluster of  238 atoms
Energy point    1/ 194
Energy point   10/ 194
Energy point   20/ 194
Energy point   30/ 194
Energy point   40/ 194
Energy point   50/ 194
Energy point   60/ 194
Energy point   70/ 194
Energy point   80/ 194
Energy point   90/ 194
Energy point  100/ 194
Energy point  110/ 194
Energy point  120/ 194
Energy point  130/ 194
Energy point  140/ 194
Energy point  150/ 194
Energy point  160/ 194
Energy point  170/ 194
Energy point  180/ 194
Energy point  190/ 194
Done with module: FMS.

MKGTR: Tracing over Green's function ...
Done with module: MKGTR.

Pathfinder: finding scattering paths...
Preparing plane wave scattering amplitudes
Searching for paths
Eliminating path degeneracies
0 paths retained.
Done with module: pathfinder.

Calculating EXAFS parameters ...
Done with module: EXAFS parameters (GENFMT).

Calculating XAS spectra ...
Done with module: XAS spectra (FF2X: DW + final sum over paths).

 
### feff ends at Sun Aug 13 15:21:09 EDT 2023
 
