### feff starts at Sun Aug 13 18:01:44 EDT 2023
### Serial version
### FeffPath is /sdcc/u/mcarbone/software/JFEFF/hsw/feff90/linux
 
Launching FEFF version FEFF 9.9.1
Resetting lmaxsc to 2 for iph =    1.  Use  UNFREEZE to prevent this.
Core hole lifetime is   1.729 eV.
Your calculation:
 comment: None given
 Source:
 Structure Summary:  Ho2 Ti12 Cu9 O36
 Reduced formula:  Ho2Ti12(CuO4)9
 space group: (P-3), space number:  (147)
 abc:  6.445955  10.503998  10.503998
 angles:120.000000  90.000000  90.000000
 sites: 59
Cu K edge XANES using RPA corehole.
Using:     * Self-Consistent Field potentials
Using cards:   ATOMS CONTROL EXCHANGE TITLE RPATH POTENTIALS XANES EDGE SCF FMS S02 COREHOLE EGRID

Calculating atomic potentials ...
    overlapped atomic potential and density for unique potential    0
    overlapped atomic potential and density for unique potential    1
    overlapped atomic potential and density for unique potential    2
    overlapped atomic potential and density for unique potential    3
    overlapped atomic potential and density for unique potential    4
Done with module: atomic potentials.

Calculating SCF potentials ...
FEFF-serial using 1 thread.
Muffin tin radii and interstitial parameters [bohr]:
type, norman radius, muffin tin, overlap factor
    0  1.30080E+00  1.22583E+00  1.15000E+00
    1  1.70600E+00  1.66149E+00  1.06667E+00
    2  1.40372E+00  1.27124E+00  1.15000E+00
    3  1.30093E+00  1.22589E+00  1.15000E+00
    4  1.09502E+00  1.01976E+00  1.15000E+00
Core-valence separation energy:  ecv=   -47.000 eV
Initial Fermi level:              mu=    -0.863 eV
SCF ITERATION NUMBER  1
     point #   1  energy = -47.000
FMS for a cluster of  141 atoms around atom type   0
FMS for a cluster of  124 atoms around atom type   1
FMS for a cluster of  128 atoms around atom type   2
FMS for a cluster of  121 atoms around atom type   3
FMS for a cluster of  140 atoms around atom type   4
     point #  20  energy = -35.939
     point #  40  energy = -15.689
     point #  60  energy =  -8.110
     point #  80  energy =  -6.932
     point # 100  energy =  -6.607
New Fermi level:    mu=  -6.610 eV  Charge distance=  1.5979 (partial c.d.=  6.6864)
SCF ITERATION NUMBER  1
     point #   1  energy = -47.000
FMS for a cluster of  141 atoms around atom type   0
FMS for a cluster of  124 atoms around atom type   1
FMS for a cluster of  128 atoms around atom type   2
FMS for a cluster of  121 atoms around atom type   3
FMS for a cluster of  140 atoms around atom type   4
     point #  20  energy = -35.893
     point #  40  energy = -15.698
     point #  60  energy =  -6.610
     point #  80  energy =  -7.497
     point # 100  energy = -11.354
New Fermi level:    mu= -11.220 eV  Charge distance=  0.4668 (partial c.d.=  8.3113)
SCF ITERATION NUMBER  1
     point #   1  energy = -47.000
FMS for a cluster of  141 atoms around atom type   0
FMS for a cluster of  124 atoms around atom type   1
FMS for a cluster of  128 atoms around atom type   2
FMS for a cluster of  121 atoms around atom type   3
FMS for a cluster of  140 atoms around atom type   4
     point #  20  energy = -35.755
     point #  40  energy = -15.310
     point #  60  energy = -11.220
     point #  80  energy = -10.886
New Fermi level:    mu= -10.801 eV  Charge distance=  0.2889 (partial c.d.=  0.3414)
SCF ITERATION NUMBER  2
     point #   1  energy = -47.000
     point #  20  energy = -35.939
     point #  40  energy = -15.829
     point #  60  energy = -10.801
     point #  80  energy = -10.326
     point # 100  energy = -10.076
New Fermi level:    mu=  -9.992 eV  Charge distance=  0.4013 (partial c.d.=  0.4646)
SCF ITERATION NUMBER  3
     point #   1  energy = -47.000
     point #  20  energy = -35.998
     point #  40  energy = -15.993
     point #  60  energy =  -9.992
     point #  80  energy =  -9.042
New Fermi level:    mu=  -8.776 eV  Charge distance=  0.3712 (partial c.d.=  8.0223)
SCF ITERATION NUMBER  4
     point #   1  energy = -47.000
     point #  20  energy = -35.935
     point #  40  energy = -15.818
     point #  60  energy =  -8.776
     point #  80  energy =  -9.726
     point # 100  energy = -10.639
New Fermi level:    mu= -10.437 eV  Charge distance=  0.1074 (partial c.d.=  8.0000)
SCF ITERATION NUMBER  5
     point #   1  energy = -47.000
     point #  20  energy = -35.828
     point #  40  energy = -15.515
     point #  60  energy = -10.437
New Fermi level:    mu= -10.548 eV  Charge distance=  0.1072 (partial c.d.=  0.0641)
SCF ITERATION NUMBER  6
     point #   1  energy = -47.000
     point #  20  energy = -35.862
     point #  40  energy = -15.611
     point #  60  energy = -10.548
New Fermi level:    mu= -10.454 eV  Charge distance=  0.0162 (partial c.d.=  0.1389)
SCF ITERATION NUMBER  7
     point #   1  energy = -47.000
     point #  20  energy = -35.833
     point #  40  energy = -15.530
     point #  60  energy = -10.454
New Fermi level:    mu= -10.400 eV  Charge distance=  0.0626 (partial c.d.=  0.0376)
SCF ITERATION NUMBER  8
     point #   1  energy = -47.000
     point #  20  energy = -35.817
     point #  40  energy = -15.483
     point #  60  energy = -10.400
New Fermi level:    mu= -10.294 eV  Charge distance=  0.0066 (partial c.d.=  0.1607)
SCF ITERATION NUMBER  9
     point #   1  energy = -47.000
     point #  20  energy = -35.784
     point #  40  energy = -15.392
     point #  60  energy = -10.294
New Fermi level:    mu= -10.306 eV  Charge distance=  0.0129 (partial c.d.=  0.0164)
SCF ITERATION NUMBER 10
     point #   1  energy = -47.000
     point #  20  energy = -35.788
     point #  40  energy = -15.402
     point #  60  energy = -10.306
New Fermi level:    mu= -10.305 eV  Charge distance=  0.0068 (partial c.d.=  0.0307)
SCF ITERATION NUMBER 11
     point #   1  energy = -47.000
     point #  20  energy = -35.788
     point #  40  energy = -15.402
     point #  60  energy = -10.305
New Fermi level:    mu= -10.304 eV  Charge distance=  0.0022 (partial c.d.=  0.0138)
SCF ITERATION NUMBER 12
     point #   1  energy = -47.000
     point #  20  energy = -35.787
     point #  40  energy = -15.401
     point #  60  energy = -10.304
New Fermi level:    mu= -10.307 eV  Charge distance=  0.0014 (partial c.d.=  0.0079)
SCF ITERATION NUMBER 13
     point #   1  energy = -47.000
     point #  20  energy = -35.788
     point #  40  energy = -15.403
     point #  60  energy = -10.307
New Fermi level:    mu= -10.305 eV  Charge distance=  0.0014 (partial c.d.=  0.0054)
SCF ITERATION NUMBER 14
     point #   1  energy = -47.000
     point #  20  energy = -35.788
     point #  40  energy = -15.402
     point #  60  energy = -10.305
New Fermi level:    mu= -10.306 eV  Charge distance=  0.0009 (partial c.d.=  0.0008)
SCF ITERATION NUMBER 15
     point #   1  energy = -47.000
     point #  20  energy = -35.788
     point #  40  energy = -15.402
     point #  60  energy = -10.306
New Fermi level:    mu= -10.306 eV  Charge distance=  0.0001 (partial c.d.=  0.0005)
SCF ITERATION NUMBER 16
     point #   1  energy = -47.000
     point #  20  energy = -35.788
     point #  40  energy = -15.402
     point #  60  energy = -10.306
New Fermi level:    mu= -10.306 eV  Charge distance=  0.0002 (partial c.d.=  0.0002)
Electronic configuration
  type     l     N_el
     0     0    0.445
     0     1    0.514
     0     2    9.401
     0     3    0.000
     1     0    0.326
     1     1    6.443
     1     2    1.265
     1     3    0.000
     2     0    0.432
     2     1    6.733
     2     2    2.423
     2     3    0.000
     3     0    0.445
     3     1    0.514
     3     2    9.401
     3     3    0.000
     4     0    1.846
     4     1    4.437
     4     2    0.069
     4     3    0.000
Charge transfer:  type  charge
       0   -0.640
       1   -0.967
       2   -0.412
       3   -0.641
       4    0.351
Convergence reached in   16 iterations.
Done with module: potentials.

Calculating screened core-hole potential ...
FMS for a cluster of   26 atoms around iph =   0
    0% of energy integration
   20%
   40%
   60%
   80%
  100%
Preparing response function.
Computing (1 - K Chi0)^-1 v_ch
Done with module: screened core-hole potential.

Calculating cross-section and phases ...
    absorption cross section
 x0,dx,rnrm,inrm,jnrm   8.80000000000000       5.000000000000000E-002
   2.45815021699994              194         195
    phase shifts for unique potential    0
    phase shifts for unique potential    1
    phase shifts for unique potential    2
    phase shifts for unique potential    3
    phase shifts for unique potential    4
Done with module: cross-section and phases (XSPH).

FMS calculation of full Green's function ...
FEFF-serial using 1 thread.
Using   194 energy points.
xprep done
FMS for a cluster of  275 atoms
Energy point    1/ 194
Energy point   10/ 194
Energy point   20/ 194
Energy point   30/ 194
Energy point   40/ 194
Energy point   50/ 194
Energy point   60/ 194
Energy point   70/ 194
Energy point   80/ 194
Energy point   90/ 194
Energy point  100/ 194
Energy point  110/ 194
Energy point  120/ 194
Energy point  130/ 194
Energy point  140/ 194
Energy point  150/ 194
Energy point  160/ 194
Energy point  170/ 194
Energy point  180/ 194
Energy point  190/ 194
Done with module: FMS.

MKGTR: Tracing over Green's function ...
Done with module: MKGTR.

Pathfinder: finding scattering paths...
Preparing plane wave scattering amplitudes
Searching for paths
Eliminating path degeneracies
0 paths retained.
Done with module: pathfinder.

Calculating EXAFS parameters ...
Done with module: EXAFS parameters (GENFMT).

Calculating XAS spectra ...
Done with module: XAS spectra (FF2X: DW + final sum over paths).

 
### feff ends at Sun Aug 13 20:48:26 EDT 2023
 
