### feff starts at Sun Aug 13 21:31:29 EDT 2023
### Serial version
### FeffPath is /sdcc/u/mcarbone/software/JFEFF/hsw/feff90/linux
 
Launching FEFF version FEFF 9.9.1
Core hole lifetime is   1.729 eV.
Your calculation:
 comment: None given
 Source:
 Structure Summary:  Li12 Cu12 P12 O48
 Reduced formula:  LiCuPO4
 space group: (P2_1/c), space number:  (14)
 abc:  7.577950   8.576758  17.287169
 angles: 61.028171  90.000000  90.000000
 sites: 84
Cu K edge XANES using RPA corehole.
Using:     * Self-Consistent Field potentials
Using cards:   ATOMS CONTROL EXCHANGE TITLE RPATH POTENTIALS XANES EDGE SCF FMS S02 COREHOLE EGRID

Calculating atomic potentials ...
    overlapped atomic potential and density for unique potential    0
    overlapped atomic potential and density for unique potential    1
    overlapped atomic potential and density for unique potential    2
    overlapped atomic potential and density for unique potential    3
    overlapped atomic potential and density for unique potential    4
Done with module: atomic potentials.

Calculating SCF potentials ...
FEFF-serial using 1 thread.
Muffin tin radii and interstitial parameters [bohr]:
type, norman radius, muffin tin, overlap factor
    0  1.34436E+00  1.27604E+00  1.14275E+00
    1  1.41545E+00  1.35408E+00  1.11824E+00
    2  1.34159E+00  1.27259E+00  1.14481E+00
    3  1.15418E+00  9.39563E-01  1.15000E+00
    4  1.04319E+00  8.99309E-01  1.15000E+00
Core-valence separation energy:  ecv=   -40.000 eV
Initial Fermi level:              mu=     5.774 eV
SCF ITERATION NUMBER  1
     point #   1  energy = -40.000
FMS for a cluster of  124 atoms around atom type   0
FMS for a cluster of  118 atoms around atom type   1
FMS for a cluster of   98 atoms around atom type   2
FMS for a cluster of  116 atoms around atom type   3
FMS for a cluster of  118 atoms around atom type   4
     point #  20  energy = -28.825
     point #  40  energy =  -8.575
     point #  60  energy =  -3.812
New Fermi level:    mu=  -3.431 eV  Charge distance=  0.5853 (partial c.d.=  6.8931)
SCF ITERATION NUMBER  1
     point #   1  energy = -40.000
FMS for a cluster of  124 atoms around atom type   0
FMS for a cluster of  118 atoms around atom type   1
FMS for a cluster of   98 atoms around atom type   2
FMS for a cluster of  116 atoms around atom type   3
FMS for a cluster of  118 atoms around atom type   4
     point #  20  energy = -28.826
     point #  40  energy =  -8.510
     point #  60  energy =  -3.431
     point #  80  energy =  -5.256
     point # 100  energy =  -7.193
     point # 120  energy =  -6.737
New Fermi level:    mu=  -6.637 eV  Charge distance=  0.1839 (partial c.d.=  3.2793)
SCF ITERATION NUMBER  1
     point #   1  energy = -40.000
FMS for a cluster of  124 atoms around atom type   0
FMS for a cluster of  118 atoms around atom type   1
FMS for a cluster of   98 atoms around atom type   2
FMS for a cluster of  116 atoms around atom type   3
FMS for a cluster of  118 atoms around atom type   4
     point #  20  energy = -28.879
     point #  40  energy =  -8.659
     point #  60  energy =  -6.625
New Fermi level:    mu=  -6.197 eV  Charge distance=  0.1029 (partial c.d.=  0.3410)
SCF ITERATION NUMBER  2
     point #   1  energy = -40.000
     point #  20  energy = -28.732
     point #  40  energy =  -8.246
     point #  60  energy =  -6.184
New Fermi level:    mu=  -5.849 eV  Charge distance=  0.2168 (partial c.d.=  0.1972)
SCF ITERATION NUMBER  3
     point #   1  energy = -40.000
     point #  20  energy = -28.951
     point #  40  energy =  -8.862
     point #  60  energy =  -5.837
New Fermi level:    mu=  -5.830 eV  Charge distance=  0.1190 (partial c.d.=  0.0604)
SCF ITERATION NUMBER  4
     point #   1  energy = -40.000
     point #  20  energy = -28.945
     point #  40  energy =  -8.845
     point #  60  energy =  -5.817
New Fermi level:    mu=  -5.792 eV  Charge distance=  0.0245 (partial c.d.=  0.0593)
SCF ITERATION NUMBER  5
     point #   1  energy = -40.000
     point #  20  energy = -28.933
     point #  40  energy =  -8.810
     point #  60  energy =  -5.804
New Fermi level:    mu=  -5.862 eV  Charge distance=  0.0063 (partial c.d.=  0.0159)
SCF ITERATION NUMBER  6
     point #   1  energy = -40.000
     point #  20  energy = -28.955
     point #  40  energy =  -8.874
     point #  60  energy =  -5.875
New Fermi level:    mu=  -5.882 eV  Charge distance=  0.0085 (partial c.d.=  0.0054)
SCF ITERATION NUMBER  7
     point #   1  energy = -40.000
     point #  20  energy = -28.962
     point #  40  energy =  -8.892
     point #  60  energy =  -5.894
New Fermi level:    mu=  -5.894 eV  Charge distance=  0.0029 (partial c.d.=  0.0048)
SCF ITERATION NUMBER  8
     point #   1  energy = -40.000
     point #  20  energy = -28.966
     point #  40  energy =  -8.904
     point #  60  energy =  -5.882
New Fermi level:    mu=  -5.890 eV  Charge distance=  0.0055 (partial c.d.=  0.0006)
SCF ITERATION NUMBER  9
     point #   1  energy = -40.000
     point #  20  energy = -28.964
     point #  40  energy =  -8.900
     point #  60  energy =  -5.878
New Fermi level:    mu=  -5.882 eV  Charge distance=  0.0001 (partial c.d.=  0.0011)
SCF ITERATION NUMBER 10
     point #   1  energy = -40.000
     point #  20  energy = -28.962
     point #  40  energy =  -8.892
     point #  60  energy =  -5.894
New Fermi level:    mu=  -5.882 eV  Charge distance=  0.0001 (partial c.d.=  0.0004)
SCF ITERATION NUMBER 11
     point #   1  energy = -40.000
     point #  20  energy = -28.962
     point #  40  energy =  -8.892
     point #  60  energy =  -5.894
New Fermi level:    mu=  -5.882 eV  Charge distance=  0.0001 (partial c.d.=  0.0002)
SCF ITERATION NUMBER 12
     point #   1  energy = -40.000
     point #  20  energy = -28.962
     point #  40  energy =  -8.892
     point #  60  energy =  -5.894
New Fermi level:    mu=  -5.882 eV  Charge distance=  0.0000 (partial c.d.=  0.0001)
Electronic configuration
  type     l     N_el
     0     0    0.489
     0     1    0.678
     0     2    9.574
     0     3    0.000
     1     0    0.265
     1     1    0.536
     1     2    0.000
     1     3    0.000
     2     0    0.486
     2     1    0.674
     2     2    9.572
     2     3    0.000
     3     0    1.194
     3     1    2.051
     3     2    1.040
     3     3    0.000
     4     0    1.826
     4     1    4.395
     4     2    0.074
     4     3    0.000
Charge transfer:  type  charge
       0   -0.259
       1   -0.199
       2   -0.268
       3   -0.715
       4    0.295
Convergence reached in   12 iterations.
Done with module: potentials.

Calculating screened core-hole potential ...
FMS for a cluster of   23 atoms around iph =   0
    0% of energy integration
   20%
   40%
   60%
   80%
  100%
Preparing response function.
Computing (1 - K Chi0)^-1 v_ch
Done with module: screened core-hole potential.

Calculating cross-section and phases ...
    absorption cross section
 x0,dx,rnrm,inrm,jnrm   8.80000000000000       5.000000000000000E-002
   2.54047079299991              195         196
    phase shifts for unique potential    0
    phase shifts for unique potential    1
    phase shifts for unique potential    2
    phase shifts for unique potential    3
    phase shifts for unique potential    4
Done with module: cross-section and phases (XSPH).

FMS calculation of full Green's function ...
FEFF-serial using 1 thread.
Using   194 energy points.
xprep done
FMS for a cluster of  259 atoms
Energy point    1/ 194
Energy point   10/ 194
Energy point   20/ 194
Energy point   30/ 194
Energy point   40/ 194
Energy point   50/ 194
Energy point   60/ 194
Energy point   70/ 194
Energy point   80/ 194
Energy point   90/ 194
Energy point  100/ 194
Energy point  110/ 194
Energy point  120/ 194
Energy point  130/ 194
Energy point  140/ 194
Energy point  150/ 194
Energy point  160/ 194
Energy point  170/ 194
Energy point  180/ 194
Energy point  190/ 194
Done with module: FMS.

MKGTR: Tracing over Green's function ...
Done with module: MKGTR.

Pathfinder: finding scattering paths...
Preparing plane wave scattering amplitudes
Searching for paths
Eliminating path degeneracies
0 paths retained.
Done with module: pathfinder.

Calculating EXAFS parameters ...
Done with module: EXAFS parameters (GENFMT).

Calculating XAS spectra ...
Done with module: XAS spectra (FF2X: DW + final sum over paths).

 
### feff ends at Sun Aug 13 23:12:34 EDT 2023
 
