### feff starts at Mon Aug 14 04:15:25 EDT 2023
### Serial version
### FeffPath is /sdcc/u/mcarbone/software/JFEFF/hsw/feff90/linux
 
Launching FEFF version FEFF 9.9.1
Core hole lifetime is   1.729 eV.
Your calculation:
 comment: None given
 Source:
 Structure Summary:  Cu2 Ag1 O4
 Reduced formula:  Cu2AgO4
 space group: (P-1), space number:  (2)
 abc:  3.736742   4.788301   5.264423
 angles: 82.634287  88.315632  80.911880
 sites: 7
Cu K edge XANES using RPA corehole.
Using:     * Self-Consistent Field potentials
Using cards:   ATOMS CONTROL EXCHANGE TITLE RPATH POTENTIALS XANES EDGE SCF FMS S02 COREHOLE EGRID

Calculating atomic potentials ...
    overlapped atomic potential and density for unique potential    0
    overlapped atomic potential and density for unique potential    1
    overlapped atomic potential and density for unique potential    2
    overlapped atomic potential and density for unique potential    3
Done with module: atomic potentials.

Calculating SCF potentials ...
FEFF-serial using 1 thread.
Muffin tin radii and interstitial parameters [bohr]:
type, norman radius, muffin tin, overlap factor
    0  1.27685E+00  1.14635E+00  1.15000E+00
    1  1.25849E+00  1.12377E+00  1.15000E+00
    2  1.49819E+00  1.40367E+00  1.15000E+00
    3  1.11409E+00  1.01126E+00  1.15000E+00
Core-valence separation energy:  ecv=   -40.000 eV
Initial Fermi level:              mu=     2.763 eV
SCF ITERATION NUMBER  1
     point #   1  energy = -40.000
FMS for a cluster of  109 atoms around atom type   0
FMS for a cluster of  110 atoms around atom type   1
FMS for a cluster of  105 atoms around atom type   2
FMS for a cluster of  111 atoms around atom type   3
     point #  20  energy = -28.817
     point #  40  energy =  -8.567
     point #  60  energy =  -2.492
     point #  80  energy =  -2.686
New Fermi level:    mu=  -2.746 eV  Charge distance=  0.4905 (partial c.d.=  9.6595)
SCF ITERATION NUMBER  1
     point #   1  energy = -40.000
FMS for a cluster of  109 atoms around atom type   0
FMS for a cluster of  110 atoms around atom type   1
FMS for a cluster of  105 atoms around atom type   2
FMS for a cluster of  111 atoms around atom type   3
     point #  20  energy = -28.924
     point #  40  energy =  -8.787
     point #  60  energy =  -2.746
     point #  80  energy =  -4.258
     point # 100  energy =  -6.574
     point # 120  energy =  -6.893
New Fermi level:    mu=  -7.015 eV  Charge distance=  0.3303 (partial c.d.=  2.7243)
SCF ITERATION NUMBER  1
     point #   1  energy = -40.000
FMS for a cluster of  109 atoms around atom type   0
FMS for a cluster of  110 atoms around atom type   1
FMS for a cluster of  105 atoms around atom type   2
FMS for a cluster of  111 atoms around atom type   3
     point #  20  energy = -29.005
     point #  40  energy =  -9.014
     point #  60  energy =  -7.003
     point #  80  energy =  -5.878
New Fermi level:    mu=  -5.954 eV  Charge distance=  0.0740 (partial c.d.=  1.5666)
SCF ITERATION NUMBER  2
     point #   1  energy = -40.000
     point #  20  energy = -28.985
     point #  40  energy =  -8.958
     point #  60  energy =  -5.967
     point #  80  energy =  -6.573
New Fermi level:    mu=  -6.563 eV  Charge distance=  0.0467 (partial c.d.=  0.3399)
SCF ITERATION NUMBER  3
     point #   1  energy = -40.000
     point #  20  energy = -28.854
     point #  40  energy =  -8.590
     point #  60  energy =  -6.551
     point #  80  energy =  -6.223
New Fermi level:    mu=  -6.213 eV  Charge distance=  0.1157 (partial c.d.=  0.4727)
SCF ITERATION NUMBER  4
     point #   1  energy = -40.000
     point #  20  energy = -28.738
     point #  40  energy =  -8.261
     point #  60  energy =  -6.226
     point #  80  energy =  -6.885
New Fermi level:    mu=  -6.892 eV  Charge distance=  0.0956 (partial c.d.=  1.4263)
SCF ITERATION NUMBER  5
     point #   1  energy = -40.000
     point #  20  energy = -28.964
     point #  40  energy =  -8.899
     point #  60  energy =  -6.867
New Fermi level:    mu=  -6.819 eV  Charge distance=  0.0246 (partial c.d.=  0.8439)
SCF ITERATION NUMBER  6
     point #   1  energy = -40.000
     point #  20  energy = -28.940
     point #  40  energy =  -8.830
     point #  60  energy =  -6.807
New Fermi level:    mu=  -6.651 eV  Charge distance=  0.0115 (partial c.d.=  0.1588)
SCF ITERATION NUMBER  7
     point #   1  energy = -40.000
     point #  20  energy = -28.884
     point #  40  energy =  -8.672
New Fermi level:    mu=  -6.662 eV  Charge distance=  0.0058 (partial c.d.=  0.1441)
SCF ITERATION NUMBER  8
     point #   1  energy = -40.000
     point #  20  energy = -28.887
     point #  40  energy =  -8.683
New Fermi level:    mu=  -6.659 eV  Charge distance=  0.0026 (partial c.d.=  0.0526)
SCF ITERATION NUMBER  9
     point #   1  energy = -40.000
     point #  20  energy = -28.886
     point #  40  energy =  -8.680
New Fermi level:    mu=  -6.651 eV  Charge distance=  0.0057 (partial c.d.=  0.0040)
SCF ITERATION NUMBER 10
     point #   1  energy = -40.000
     point #  20  energy = -28.884
     point #  40  energy =  -8.672
     point #  60  energy =  -6.626
New Fermi level:    mu=  -6.634 eV  Charge distance=  0.0003 (partial c.d.=  0.0052)
SCF ITERATION NUMBER 11
     point #   1  energy = -40.000
     point #  20  energy = -28.878
     point #  40  energy =  -8.656
New Fermi level:    mu=  -6.632 eV  Charge distance=  0.0001 (partial c.d.=  0.0005)
SCF ITERATION NUMBER 12
     point #   1  energy = -40.000
     point #  20  energy = -28.877
     point #  40  energy =  -8.654
New Fermi level:    mu=  -6.631 eV  Charge distance=  0.0002 (partial c.d.=  0.0002)
SCF ITERATION NUMBER 13
     point #   1  energy = -40.000
     point #  20  energy = -28.877
     point #  40  energy =  -8.653
New Fermi level:    mu=  -6.630 eV  Charge distance=  0.0001 (partial c.d.=  0.0001)
Electronic configuration
  type     l     N_el
     0     0    0.553
     0     1    0.669
     0     2    9.345
     0     3    0.000
     1     0    0.548
     1     1    0.670
     1     2    9.323
     1     3    0.000
     2     0    0.546
     2     1    0.610
     2     2    9.512
     2     3    0.000
     3     0    1.881
     3     1    4.337
     3     2    0.095
     3     3    0.000
Charge transfer:  type  charge
       0   -0.433
       1   -0.458
       2   -0.332
       3    0.313
Convergence reached in   13 iterations.
Done with module: potentials.

Calculating screened core-hole potential ...
FMS for a cluster of   21 atoms around iph =   0
    0% of energy integration
   20%
   40%
   60%
   80%
  100%
Preparing response function.
Computing (1 - K Chi0)^-1 v_ch
Done with module: screened core-hole potential.

Calculating cross-section and phases ...
    absorption cross section
 x0,dx,rnrm,inrm,jnrm   8.80000000000000       5.000000000000000E-002
   2.41290550899995              194         195
    phase shifts for unique potential    0
    phase shifts for unique potential    1
    phase shifts for unique potential    2
    phase shifts for unique potential    3
Done with module: cross-section and phases (XSPH).

FMS calculation of full Green's function ...
FEFF-serial using 1 thread.
Using   194 energy points.
xprep done
FMS for a cluster of  231 atoms
Energy point    1/ 194
Energy point   10/ 194
Energy point   20/ 194
Energy point   30/ 194
Energy point   40/ 194
Energy point   50/ 194
Energy point   60/ 194
Energy point   70/ 194
Energy point   80/ 194
Energy point   90/ 194
Energy point  100/ 194
Energy point  110/ 194
Energy point  120/ 194
Energy point  130/ 194
Energy point  140/ 194
Energy point  150/ 194
Energy point  160/ 194
Energy point  170/ 194
Energy point  180/ 194
Energy point  190/ 194
Done with module: FMS.

MKGTR: Tracing over Green's function ...
Done with module: MKGTR.

Pathfinder: finding scattering paths...
Preparing plane wave scattering amplitudes
Searching for paths
Eliminating path degeneracies
0 paths retained.
Done with module: pathfinder.

Calculating EXAFS parameters ...
Done with module: EXAFS parameters (GENFMT).

Calculating XAS spectra ...
Done with module: XAS spectra (FF2X: DW + final sum over paths).

 
### feff ends at Mon Aug 14 05:44:25 EDT 2023
 
