### feff starts at Mon Aug 14 01:54:41 EDT 2023
### Serial version
### FeffPath is /sdcc/u/mcarbone/software/JFEFF/hsw/feff90/linux
 
Launching FEFF version FEFF 9.9.1
Core hole lifetime is   1.729 eV.
Your calculation:
 comment: None given
 Source:
 Structure Summary:  K8 Cu12 S12 O52
 Reduced formula:  K2Cu3S3O13
 space group: (C2/c), space number:  (15)
 abc: 10.788442  10.788442  14.482704
 angles: 71.378065  71.378065  53.411403
 sites: 84
Cu K edge XANES using RPA corehole.
Using:     * Self-Consistent Field potentials
Using cards:   ATOMS CONTROL EXCHANGE TITLE RPATH POTENTIALS XANES EDGE SCF FMS S02 COREHOLE EGRID

Calculating atomic potentials ...
    overlapped atomic potential and density for unique potential    0
    overlapped atomic potential and density for unique potential    1
    overlapped atomic potential and density for unique potential    2
    overlapped atomic potential and density for unique potential    3
    overlapped atomic potential and density for unique potential    4
Done with module: atomic potentials.

Calculating SCF potentials ...
FEFF-serial using 1 thread.
Muffin tin radii and interstitial parameters [bohr]:
type, norman radius, muffin tin, overlap factor
    0  1.34079E+00  1.23912E+00  1.15000E+00
    1  2.03155E+00  1.97090E+00  1.07735E+00
    2  1.34079E+00  1.23912E+00  1.15000E+00
    3  1.10438E+00  8.56375E-01  1.15000E+00
    4  1.10944E+00  1.01741E+00  1.15000E+00
Core-valence separation energy:  ecv=   -41.000 eV
Initial Fermi level:              mu=     4.938 eV
SCF ITERATION NUMBER  1
     point #   1  energy = -41.000
FMS for a cluster of   99 atoms around atom type   0
FMS for a cluster of   78 atoms around atom type   1
FMS for a cluster of   95 atoms around atom type   2
FMS for a cluster of   91 atoms around atom type   3
FMS for a cluster of   91 atoms around atom type   4
     point #  20  energy = -29.796
     point #  40  energy =  -9.546
     point #  60  energy =  -4.483
     point #  80  energy =  -3.652
New Fermi level:    mu=  -3.673 eV  Charge distance=  0.6814 (partial c.d.=  6.5964)
SCF ITERATION NUMBER  1
     point #   1  energy = -41.000
FMS for a cluster of   99 atoms around atom type   0
FMS for a cluster of   78 atoms around atom type   1
FMS for a cluster of   95 atoms around atom type   2
FMS for a cluster of   91 atoms around atom type   3
FMS for a cluster of   91 atoms around atom type   4
     point #  20  energy = -29.903
     point #  40  energy =  -9.726
     point #  60  energy =  -3.673
     point #  80  energy =  -4.873
     point # 100  energy =  -8.576
     point # 120  energy =  -9.135
New Fermi level:    mu=  -9.345 eV  Charge distance=  0.2227 (partial c.d.=  3.7421)
SCF ITERATION NUMBER  1
     point #   1  energy = -41.000
FMS for a cluster of   99 atoms around atom type   0
FMS for a cluster of   78 atoms around atom type   1
FMS for a cluster of   95 atoms around atom type   2
FMS for a cluster of   91 atoms around atom type   3
FMS for a cluster of   91 atoms around atom type   4
     point #  20  energy = -29.768
     point #  40  energy =  -9.345
     point #  60  energy =  -9.305
     point #  80  energy =  -7.605
New Fermi level:    mu=  -7.798 eV  Charge distance=  0.1418 (partial c.d.=  0.4287)
SCF ITERATION NUMBER  2
     point #   1  energy = -41.000
     point #  20  energy = -29.933
     point #  40  energy =  -9.811
     point #  60  energy =  -7.786
     point #  80  energy =  -6.936
New Fermi level:    mu=  -6.973 eV  Charge distance=  0.2331 (partial c.d.=  0.3945)
SCF ITERATION NUMBER  3
     point #   1  energy = -41.000
     point #  20  energy = -29.991
     point #  40  energy =  -9.976
     point #  60  energy =  -6.986
     point #  80  energy =  -7.708
New Fermi level:    mu=  -7.753 eV  Charge distance=  0.2718 (partial c.d.=  0.4293)
SCF ITERATION NUMBER  4
     point #   1  energy = -41.000
     point #  20  energy = -29.918
     point #  40  energy =  -9.768
     point #  60  energy =  -7.741
     point #  80  energy =  -7.044
New Fermi level:    mu=  -7.090 eV  Charge distance=  0.0789 (partial c.d.=  0.5922)
SCF ITERATION NUMBER  5
     point #   1  energy = -41.000
     point #  20  energy = -29.697
     point #  40  energy =  -9.145
     point #  60  energy =  -7.102
New Fermi level:    mu=  -7.548 eV  Charge distance=  0.0715 (partial c.d.=  1.2413)
SCF ITERATION NUMBER  6
     point #   1  energy = -41.000
     point #  20  energy = -29.849
     point #  40  energy =  -9.575
     point #  60  energy =  -7.523
New Fermi level:    mu=  -7.446 eV  Charge distance=  0.0285 (partial c.d.=  1.1725)
SCF ITERATION NUMBER  7
     point #   1  energy = -41.000
     point #  20  energy = -29.815
     point #  40  energy =  -9.480
New Fermi level:    mu=  -7.435 eV  Charge distance=  0.0084 (partial c.d.=  0.4636)
SCF ITERATION NUMBER  8
     point #   1  energy = -41.000
     point #  20  energy = -29.812
     point #  40  energy =  -9.469
     point #  60  energy =  -7.410
New Fermi level:    mu=  -7.382 eV  Charge distance=  0.0106 (partial c.d.=  0.1349)
SCF ITERATION NUMBER  9
     point #   1  energy = -41.000
     point #  20  energy = -29.794
     point #  40  energy =  -9.419
New Fermi level:    mu=  -7.375 eV  Charge distance=  0.0142 (partial c.d.=  0.0054)
SCF ITERATION NUMBER 10
     point #   1  energy = -41.000
     point #  20  energy = -29.792
     point #  40  energy =  -9.413
New Fermi level:    mu=  -7.364 eV  Charge distance=  0.0020 (partial c.d.=  0.0218)
SCF ITERATION NUMBER 11
     point #   1  energy = -41.000
     point #  20  energy = -29.788
     point #  40  energy =  -9.403
     point #  60  energy =  -7.339
New Fermi level:    mu=  -7.348 eV  Charge distance=  0.0014 (partial c.d.=  0.0381)
SCF ITERATION NUMBER 12
     point #   1  energy = -41.000
     point #  20  energy = -29.783
     point #  40  energy =  -9.387
New Fermi level:    mu=  -7.348 eV  Charge distance=  0.0004 (partial c.d.=  0.0031)
SCF ITERATION NUMBER 13
     point #   1  energy = -41.000
     point #  20  energy = -29.783
     point #  40  energy =  -9.388
New Fermi level:    mu=  -7.346 eV  Charge distance=  0.0003 (partial c.d.=  0.0018)
SCF ITERATION NUMBER 14
     point #   1  energy = -41.000
     point #  20  energy = -29.782
     point #  40  energy =  -9.385
New Fermi level:    mu=  -7.346 eV  Charge distance=  0.0002 (partial c.d.=  0.0010)
SCF ITERATION NUMBER 15
     point #   1  energy = -41.000
     point #  20  energy = -29.782
     point #  40  energy =  -9.386
New Fermi level:    mu=  -7.346 eV  Charge distance=  0.0002 (partial c.d.=  0.0004)
SCF ITERATION NUMBER 16
     point #   1  energy = -41.000
     point #  20  energy = -29.782
     point #  40  energy =  -9.386
New Fermi level:    mu=  -7.347 eV  Charge distance=  0.0000 (partial c.d.=  0.0007)
SCF ITERATION NUMBER 17
     point #   1  energy = -41.000
     point #  20  energy = -29.782
     point #  40  energy =  -9.386
New Fermi level:    mu=  -7.347 eV  Charge distance=  0.0000 (partial c.d.=  0.0002)
SCF ITERATION NUMBER 18
     point #   1  energy = -41.000
     point #  20  energy = -29.782
     point #  40  energy =  -9.386
New Fermi level:    mu=  -7.347 eV  Charge distance=  0.0000 (partial c.d.=  0.0001)
Electronic configuration
  type     l     N_el
     0     0    0.529
     0     1    0.638
     0     2    9.459
     0     3    0.000
     1     0    2.238
     1     1    6.297
     1     2    0.376
     1     3    0.000
     2     0    0.529
     2     1    0.638
     2     2    9.459
     2     3    0.000
     3     0    1.412
     3     1    2.505
     3     2    1.074
     3     3    0.000
     4     0    1.860
     4     1    4.376
     4     2    0.097
     4     3    0.000
Charge transfer:  type  charge
       0   -0.374
       1   -0.089
       2   -0.374
       3   -1.009
       4    0.333
Convergence reached in   18 iterations.
Done with module: potentials.

Calculating screened core-hole potential ...
FMS for a cluster of   22 atoms around iph =   0
    0% of energy integration
   20%
   40%
   60%
   80%
  100%
Preparing response function.
Computing (1 - K Chi0)^-1 v_ch
Done with module: screened core-hole potential.

Calculating cross-section and phases ...
    absorption cross section
 x0,dx,rnrm,inrm,jnrm   8.80000000000000       5.000000000000000E-002
   2.53372133900011              195         196
    phase shifts for unique potential    0
    phase shifts for unique potential    1
    phase shifts for unique potential    2
    phase shifts for unique potential    3
    phase shifts for unique potential    4
Done with module: cross-section and phases (XSPH).

FMS calculation of full Green's function ...
FEFF-serial using 1 thread.
Using   194 energy points.
xprep done
FMS for a cluster of  200 atoms
Energy point    1/ 194
Energy point   10/ 194
Energy point   20/ 194
Energy point   30/ 194
Energy point   40/ 194
Energy point   50/ 194
Energy point   60/ 194
Energy point   70/ 194
Energy point   80/ 194
Energy point   90/ 194
Energy point  100/ 194
Energy point  110/ 194
Energy point  120/ 194
Energy point  130/ 194
Energy point  140/ 194
Energy point  150/ 194
Energy point  160/ 194
Energy point  170/ 194
Energy point  180/ 194
Energy point  190/ 194
Done with module: FMS.

MKGTR: Tracing over Green's function ...
Done with module: MKGTR.

Pathfinder: finding scattering paths...
Preparing plane wave scattering amplitudes
Searching for paths
Eliminating path degeneracies
0 paths retained.
Done with module: pathfinder.

Calculating EXAFS parameters ...
Done with module: EXAFS parameters (GENFMT).

Calculating XAS spectra ...
Done with module: XAS spectra (FF2X: DW + final sum over paths).

 
### feff ends at Mon Aug 14 03:12:41 EDT 2023
 
