### feff starts at Sun Aug 13 20:21:22 EDT 2023
### Serial version
### FeffPath is /sdcc/u/mcarbone/software/JFEFF/hsw/feff90/linux
 
Launching FEFF version FEFF 9.9.1
Resetting lmaxsc to 2 for iph =    1.  Use  UNFREEZE to prevent this.
Core hole lifetime is   1.729 eV.
Your calculation:
 comment: None given
 Source:
 Structure Summary:  Er8 Cu8 Mo16 O64
 Reduced formula:  ErCu(MoO4)2
 space group: (Pbca), space number:  (61)
 abc:  9.686245   9.961034  13.772892
 angles: 90.000000  90.000000  90.000000
 sites: 96
Cu K edge XANES using RPA corehole.
Using:     * Self-Consistent Field potentials
Using cards:   ATOMS CONTROL EXCHANGE TITLE RPATH POTENTIALS XANES EDGE SCF FMS S02 COREHOLE EGRID

Calculating atomic potentials ...
    overlapped atomic potential and density for unique potential    0
    overlapped atomic potential and density for unique potential    1
    overlapped atomic potential and density for unique potential    2
    overlapped atomic potential and density for unique potential    3
    overlapped atomic potential and density for unique potential    4
Done with module: atomic potentials.

Calculating SCF potentials ...
FEFF-serial using 1 thread.
Muffin tin radii and interstitial parameters [bohr]:
type, norman radius, muffin tin, overlap factor
    0  1.36122E+00  1.27018E+00  1.15000E+00
    1  1.69416E+00  1.61033E+00  1.13826E+00
    2  1.36126E+00  1.27020E+00  1.15000E+00
    3  1.36352E+00  1.16870E+00  1.15000E+00
    4  1.07267E+00  9.26627E-01  1.15000E+00
Core-valence separation energy:  ecv=   -44.500 eV
Initial Fermi level:              mu=     4.087 eV
SCF ITERATION NUMBER  1
     point #   1  energy = -44.500
FMS for a cluster of   99 atoms around atom type   0
FMS for a cluster of   88 atoms around atom type   1
FMS for a cluster of   83 atoms around atom type   2
FMS for a cluster of   99 atoms around atom type   3
FMS for a cluster of  100 atoms around atom type   4
     point #  20  energy = -33.365
     point #  40  energy = -13.115
     point #  60  energy =  -5.062
     point #  80  energy =  -4.105
New Fermi level:    mu=  -4.060 eV  Charge distance=  0.8595 (partial c.d.=  6.5552)
SCF ITERATION NUMBER  1
     point #   1  energy = -44.500
FMS for a cluster of   99 atoms around atom type   0
FMS for a cluster of   88 atoms around atom type   1
FMS for a cluster of   83 atoms around atom type   2
FMS for a cluster of   99 atoms around atom type   3
FMS for a cluster of  100 atoms around atom type   4
     point #  20  energy = -33.379
     point #  40  energy = -13.159
     point #  60  energy =  -4.060
     point #  80  energy =  -5.107
     point # 100  energy =  -5.195
New Fermi level:    mu=  -5.079 eV  Charge distance=  0.3641 (partial c.d.=  4.7812)
SCF ITERATION NUMBER  1
     point #   1  energy = -44.500
FMS for a cluster of   99 atoms around atom type   0
FMS for a cluster of   88 atoms around atom type   1
FMS for a cluster of   83 atoms around atom type   2
FMS for a cluster of   99 atoms around atom type   3
FMS for a cluster of  100 atoms around atom type   4
     point #  20  energy = -33.381
     point #  40  energy = -13.165
     point #  60  energy =  -5.079
     point #  80  energy =  -5.592
New Fermi level:    mu=  -5.448 eV  Charge distance=  0.1636 (partial c.d.=  0.7248)
SCF ITERATION NUMBER  2
     point #   1  energy = -44.500
     point #  20  energy = -33.485
     point #  40  energy = -13.459
     point #  60  energy =  -5.448
New Fermi level:    mu=  -5.349 eV  Charge distance=  0.1910 (partial c.d.=  0.3458)
SCF ITERATION NUMBER  3
     point #   1  energy = -44.500
     point #  20  energy = -33.457
     point #  40  energy = -13.380
     point #  60  energy =  -5.349
New Fermi level:    mu=  -5.329 eV  Charge distance=  0.0737 (partial c.d.=  0.1481)
SCF ITERATION NUMBER  4
     point #   1  energy = -44.500
     point #  20  energy = -33.452
     point #  40  energy = -13.364
     point #  60  energy =  -5.329
New Fermi level:    mu=  -5.381 eV  Charge distance=  0.0157 (partial c.d.=  0.1621)
SCF ITERATION NUMBER  5
     point #   1  energy = -44.500
     point #  20  energy = -33.466
     point #  40  energy = -13.405
     point #  60  energy =  -5.381
New Fermi level:    mu=  -5.386 eV  Charge distance=  0.0113 (partial c.d.=  0.0877)
SCF ITERATION NUMBER  6
     point #   1  energy = -44.500
     point #  20  energy = -33.468
     point #  40  energy = -13.409
     point #  60  energy =  -5.386
New Fermi level:    mu=  -5.381 eV  Charge distance=  0.0045 (partial c.d.=  0.0324)
SCF ITERATION NUMBER  7
     point #   1  energy = -44.500
     point #  20  energy = -33.467
     point #  40  energy = -13.406
     point #  60  energy =  -5.381
New Fermi level:    mu=  -5.382 eV  Charge distance=  0.0114 (partial c.d.=  0.0039)
SCF ITERATION NUMBER  8
     point #   1  energy = -44.500
     point #  20  energy = -33.467
     point #  40  energy = -13.407
     point #  60  energy =  -5.382
New Fermi level:    mu=  -5.380 eV  Charge distance=  0.0010 (partial c.d.=  0.0058)
SCF ITERATION NUMBER  9
     point #   1  energy = -44.500
     point #  20  energy = -33.466
     point #  40  energy = -13.404
     point #  60  energy =  -5.380
New Fermi level:    mu=  -5.379 eV  Charge distance=  0.0010 (partial c.d.=  0.0013)
SCF ITERATION NUMBER 10
     point #   1  energy = -44.500
     point #  20  energy = -33.466
     point #  40  energy = -13.404
     point #  60  energy =  -5.379
New Fermi level:    mu=  -5.378 eV  Charge distance=  0.0003 (partial c.d.=  0.0013)
SCF ITERATION NUMBER 11
     point #   1  energy = -44.500
     point #  20  energy = -33.466
     point #  40  energy = -13.403
     point #  60  energy =  -5.378
New Fermi level:    mu=  -5.378 eV  Charge distance=  0.0001 (partial c.d.=  0.0003)
SCF ITERATION NUMBER 12
     point #   1  energy = -44.500
     point #  20  energy = -33.466
     point #  40  energy = -13.403
     point #  60  energy =  -5.378
New Fermi level:    mu=  -5.378 eV  Charge distance=  0.0001 (partial c.d.=  0.0001)
Electronic configuration
  type     l     N_el
     0     0    0.554
     0     1    0.663
     0     2    9.616
     0     3    0.000
     1     0    0.426
     1     1    6.564
     1     2    1.626
     1     3    0.000
     2     0    0.557
     2     1    0.663
     2     2    9.613
     2     3    0.000
     3     0    0.437
     3     1    6.531
     3     2    4.126
     3     3    0.000
     4     0    1.870
     4     1    4.296
     4     2    0.129
     4     3    0.000
Charge transfer:  type  charge
       0   -0.168
       1   -0.385
       2   -0.166
       3   -0.905
       4    0.295
Convergence reached in   12 iterations.
Done with module: potentials.

Calculating screened core-hole potential ...
FMS for a cluster of   21 atoms around iph =   0
    0% of energy integration
   20%
   40%
   60%
   80%
  100%
Preparing response function.
Computing (1 - K Chi0)^-1 v_ch
Done with module: screened core-hole potential.

Calculating cross-section and phases ...
    absorption cross section
 x0,dx,rnrm,inrm,jnrm   8.80000000000000       5.000000000000000E-002
   2.57233357000014              195         196
    phase shifts for unique potential    0
    phase shifts for unique potential    1
    phase shifts for unique potential    2
    phase shifts for unique potential    3
    phase shifts for unique potential    4
Done with module: cross-section and phases (XSPH).

FMS calculation of full Green's function ...
FEFF-serial using 1 thread.
Using   194 energy points.
xprep done
FMS for a cluster of  218 atoms
Energy point    1/ 194
Energy point   10/ 194
Energy point   20/ 194
Energy point   30/ 194
Energy point   40/ 194
Energy point   50/ 194
Energy point   60/ 194
Energy point   70/ 194
Energy point   80/ 194
Energy point   90/ 194
Energy point  100/ 194
Energy point  110/ 194
Energy point  120/ 194
Energy point  130/ 194
Energy point  140/ 194
Energy point  150/ 194
Energy point  160/ 194
Energy point  170/ 194
Energy point  180/ 194
Energy point  190/ 194
Done with module: FMS.

MKGTR: Tracing over Green's function ...
Done with module: MKGTR.

Pathfinder: finding scattering paths...
Preparing plane wave scattering amplitudes
Searching for paths
Eliminating path degeneracies
0 paths retained.
Done with module: pathfinder.

Calculating EXAFS parameters ...
Done with module: EXAFS parameters (GENFMT).

Calculating XAS spectra ...
Done with module: XAS spectra (FF2X: DW + final sum over paths).

 
### feff ends at Sun Aug 13 21:36:23 EDT 2023
 
