### feff starts at Sun Aug 13 21:32:33 EDT 2023
### Serial version
### FeffPath is /sdcc/u/mcarbone/software/JFEFF/hsw/feff90/linux
 
Launching FEFF version FEFF 9.9.1
Core hole lifetime is   1.729 eV.
Your calculation:
 comment: None given
 Source:
 Structure Summary:  Li8 Cu4 P4 O16
 Reduced formula:  Li2CuPO4
 space group: (P1), space number:  (1)
 abc:  5.385370   6.219144  10.094058
 angles: 89.637787  89.869618  89.291360
 sites: 32
Cu K edge XANES using RPA corehole.
Using:     * Self-Consistent Field potentials
Using cards:   ATOMS CONTROL EXCHANGE TITLE RPATH POTENTIALS XANES EDGE SCF FMS S02 COREHOLE EGRID

Calculating atomic potentials ...
    overlapped atomic potential and density for unique potential    0
    overlapped atomic potential and density for unique potential    1
    overlapped atomic potential and density for unique potential    2
    overlapped atomic potential and density for unique potential    3
    overlapped atomic potential and density for unique potential    4
Done with module: atomic potentials.

Calculating SCF potentials ...
FEFF-serial using 1 thread.
Muffin tin radii and interstitial parameters [bohr]:
type, norman radius, muffin tin, overlap factor
    0  1.39856E+00  1.33934E+00  1.11505E+00
    1  1.30532E+00  1.24587E+00  1.12530E+00
    2  1.40525E+00  1.34454E+00  1.11777E+00
    3  1.15291E+00  9.43547E-01  1.15000E+00
    4  1.03671E+00  9.39127E-01  1.15000E+00
Core-valence separation energy:  ecv=   -40.000 eV
Initial Fermi level:              mu=     4.502 eV
SCF ITERATION NUMBER  1
     point #   1  energy = -40.000
FMS for a cluster of  138 atoms around atom type   0
FMS for a cluster of  132 atoms around atom type   1
FMS for a cluster of  130 atoms around atom type   2
FMS for a cluster of  128 atoms around atom type   3
FMS for a cluster of  140 atoms around atom type   4
     point #  20  energy = -28.871
     point #  40  energy =  -8.621
     point #  60  energy =  -4.337
New Fermi level:    mu=  -3.860 eV  Charge distance=  0.5821 (partial c.d.=  6.7993)
negative density   1 -132.245 - usually harmless precision error, but check DOS if it persists
SCF ITERATION NUMBER  1
     point #   1  energy = -40.000
FMS for a cluster of  138 atoms around atom type   0
FMS for a cluster of  132 atoms around atom type   1
FMS for a cluster of  130 atoms around atom type   2
FMS for a cluster of  128 atoms around atom type   3
FMS for a cluster of  140 atoms around atom type   4
     point #  20  energy = -28.957
     point #  40  energy =  -8.879
     point #  60  energy =  -3.860
     point #  80  energy =  -5.438
     point # 100  energy =  -8.022
     point # 120  energy =  -7.297
New Fermi level:    mu=  -7.301 eV  Charge distance=  0.1885 (partial c.d.=  3.3191)
negative density   1 -265.849 - usually harmless precision error, but check DOS if it persists
SCF ITERATION NUMBER  1
     point #   1  energy = -40.000
FMS for a cluster of  138 atoms around atom type   0
FMS for a cluster of  132 atoms around atom type   1
FMS for a cluster of  130 atoms around atom type   2
FMS for a cluster of  128 atoms around atom type   3
FMS for a cluster of  140 atoms around atom type   4
     point #  20  energy = -28.760
     point #  40  energy =  -8.323
     point #  60  energy =  -7.261
New Fermi level:    mu=  -6.840 eV  Charge distance=  0.1002 (partial c.d.=  0.3218)
negative density   1 -392.573 - usually harmless precision error, but check DOS if it persists
SCF ITERATION NUMBER  2
     point #   1  energy = -40.000
     point #  20  energy = -28.947
     point #  40  energy =  -8.850
     point #  60  energy =  -6.827
New Fermi level:    mu=  -6.530 eV  Charge distance=  0.1962 (partial c.d.=  0.2004)
negative density   1 -725.233 - usually harmless precision error, but check DOS if it persists
negative density   1 -102.301 - usually harmless precision error, but check DOS if it persists
SCF ITERATION NUMBER  3
     point #   1  energy = -40.000
     point #  20  energy = -28.843
     point #  40  energy =  -8.558
     point #  60  energy =  -6.505
New Fermi level:    mu=  -6.481 eV  Charge distance=  0.1194 (partial c.d.=  0.0650)
negative density   1-1000.510 - usually harmless precision error, but check DOS if it persists
negative density   1 -187.685 - usually harmless precision error, but check DOS if it persists
SCF ITERATION NUMBER  4
     point #   1  energy = -40.000
     point #  20  energy = -28.827
     point #  40  energy =  -8.513
     point #  60  energy =  -6.456
New Fermi level:    mu=  -6.406 eV  Charge distance=  0.0258 (partial c.d.=  0.0670)
negative density   1-1005.301 - usually harmless precision error, but check DOS if it persists
negative density   1 -189.187 - usually harmless precision error, but check DOS if it persists
SCF ITERATION NUMBER  5
     point #   1  energy = -40.000
     point #  20  energy = -28.802
     point #  40  energy =  -8.442
     point #  60  energy =  -6.431
New Fermi level:    mu=  -6.468 eV  Charge distance=  0.0052 (partial c.d.=  0.0206)
negative density   1-1028.670 - usually harmless precision error, but check DOS if it persists
negative density   1 -196.516 - usually harmless precision error, but check DOS if it persists
SCF ITERATION NUMBER  6
     point #   1  energy = -40.000
     point #  20  energy = -28.823
     point #  40  energy =  -8.500
New Fermi level:    mu=  -6.479 eV  Charge distance=  0.0081 (partial c.d.=  0.0046)
negative density   1-1051.816 - usually harmless precision error, but check DOS if it persists
negative density   1 -203.839 - usually harmless precision error, but check DOS if it persists
SCF ITERATION NUMBER  7
     point #   1  energy = -40.000
     point #  20  energy = -28.826
     point #  40  energy =  -8.510
New Fermi level:    mu=  -6.487 eV  Charge distance=  0.0039 (partial c.d.=  0.0045)
negative density   1-1061.997 - usually harmless precision error, but check DOS if it persists
negative density   1 -207.104 - usually harmless precision error, but check DOS if it persists
SCF ITERATION NUMBER  8
     point #   1  energy = -40.000
     point #  20  energy = -28.829
     point #  40  energy =  -8.518
New Fermi level:    mu=  -6.484 eV  Charge distance=  0.0067 (partial c.d.=  0.0010)
negative density   1-1082.971 - usually harmless precision error, but check DOS if it persists
negative density   1 -213.823 - usually harmless precision error, but check DOS if it persists
SCF ITERATION NUMBER  9
     point #   1  energy = -40.000
     point #  20  energy = -28.828
     point #  40  energy =  -8.515
New Fermi level:    mu=  -6.480 eV  Charge distance=  0.0003 (partial c.d.=  0.0017)
negative density   1-1086.191 - usually harmless precision error, but check DOS if it persists
negative density   1 -214.847 - usually harmless precision error, but check DOS if it persists
SCF ITERATION NUMBER 10
     point #   1  energy = -40.000
     point #  20  energy = -28.827
     point #  40  energy =  -8.511
New Fermi level:    mu=  -6.480 eV  Charge distance=  0.0002 (partial c.d.=  0.0009)
negative density   1-1088.957 - usually harmless precision error, but check DOS if it persists
negative density   1 -215.725 - usually harmless precision error, but check DOS if it persists
SCF ITERATION NUMBER 11
     point #   1  energy = -40.000
     point #  20  energy = -28.827
     point #  40  energy =  -8.511
New Fermi level:    mu=  -6.480 eV  Charge distance=  0.0001 (partial c.d.=  0.0006)
negative density   1-1093.352 - usually harmless precision error, but check DOS if it persists
negative density   1 -217.123 - usually harmless precision error, but check DOS if it persists
SCF ITERATION NUMBER 12
     point #   1  energy = -40.000
     point #  20  energy = -28.827
     point #  40  energy =  -8.512
New Fermi level:    mu=  -6.480 eV  Charge distance=  0.0000 (partial c.d.=  0.0003)
negative density   1-1093.950 - usually harmless precision error, but check DOS if it persists
negative density   1 -217.316 - usually harmless precision error, but check DOS if it persists
SCF ITERATION NUMBER 13
     point #   1  energy = -40.000
     point #  20  energy = -28.827
     point #  40  energy =  -8.512
New Fermi level:    mu=  -6.480 eV  Charge distance=  0.0000 (partial c.d.=  0.0000)
Electronic configuration
  type     l     N_el
     0     0    0.530
     0     1    0.645
     0     2    9.601
     0     3    0.000
     1     0    0.273
     1     1    0.572
     1     2    0.000
     1     3    0.000
     2     0    0.569
     2     1    0.629
     2     2    9.590
     2     3    0.000
     3     0    1.202
     3     1    2.066
     3     2    1.043
     3     3    0.000
     4     0    1.840
     4     1    4.386
     4     2    0.077
     4     3    0.000
Charge transfer:  type  charge
       0   -0.225
       1   -0.155
       2   -0.212
       3   -0.689
       4    0.303
Convergence reached in   13 iterations.
Done with module: potentials.

Calculating screened core-hole potential ...
FMS for a cluster of   26 atoms around iph =   0
    0% of energy integration
   20%
   40%
   60%
   80%
  100%
Preparing response function.
Computing (1 - K Chi0)^-1 v_ch
Done with module: screened core-hole potential.

Calculating cross-section and phases ...
    absorption cross section
 x0,dx,rnrm,inrm,jnrm   8.80000000000000       5.000000000000000E-002
   2.64290291099984              196         197
    phase shifts for unique potential    0
    phase shifts for unique potential    1
    phase shifts for unique potential    2
    phase shifts for unique potential    3
    phase shifts for unique potential    4
Done with module: cross-section and phases (XSPH).

FMS calculation of full Green's function ...
FEFF-serial using 1 thread.
Using   194 energy points.
xprep done
FMS for a cluster of  294 atoms
Energy point    1/ 194
Energy point   10/ 194
Energy point   20/ 194
Energy point   30/ 194
Energy point   40/ 194
Energy point   50/ 194
Energy point   60/ 194
Energy point   70/ 194
Energy point   80/ 194
Energy point   90/ 194
Energy point  100/ 194
Energy point  110/ 194
Energy point  120/ 194
Energy point  130/ 194
Energy point  140/ 194
Energy point  150/ 194
Energy point  160/ 194
Energy point  170/ 194
Energy point  180/ 194
Energy point  190/ 194
Done with module: FMS.

MKGTR: Tracing over Green's function ...
Done with module: MKGTR.

Pathfinder: finding scattering paths...
Preparing plane wave scattering amplitudes
Searching for paths
Eliminating path degeneracies
0 paths retained.
Done with module: pathfinder.

Calculating EXAFS parameters ...
Done with module: EXAFS parameters (GENFMT).

Calculating XAS spectra ...
Done with module: XAS spectra (FF2X: DW + final sum over paths).

 
### feff ends at Sun Aug 13 23:41:42 EDT 2023
 
