### feff starts at Mon Aug 14 12:24:31 EDT 2023
### Serial version
### FeffPath is /sdcc/u/mcarbone/software/JFEFF/hsw/feff90/linux
 
Launching FEFF version FEFF 9.9.1
Core hole lifetime is   1.729 eV.
Your calculation:
 comment: None given
 Source:
 Structure Summary:  Y16 Cu24 O60
 Reduced formula:  Y4(Cu2O5)3
 space group: (P2_12_12_1), space number:  (19)
 abc:  6.282499  11.561326  21.752568
 angles: 90.000000  90.000000  90.000000
 sites: 100
Cu K edge XANES using RPA corehole.
Using:     * Self-Consistent Field potentials
Using cards:   ATOMS CONTROL EXCHANGE TITLE RPATH POTENTIALS XANES EDGE SCF FMS S02 COREHOLE EGRID

Calculating atomic potentials ...
    overlapped atomic potential and density for unique potential    0
    overlapped atomic potential and density for unique potential    1
    overlapped atomic potential and density for unique potential    2
    overlapped atomic potential and density for unique potential    3
Done with module: atomic potentials.

Calculating SCF potentials ...
FEFF-serial using 1 thread.
Muffin tin radii and interstitial parameters [bohr]:
type, norman radius, muffin tin, overlap factor
    0  1.27104E+00  1.13239E+00  1.15000E+00
    1  1.68233E+00  1.58011E+00  1.15000E+00
    2  1.27771E+00  1.10348E+00  1.15000E+00
    3  1.12385E+00  1.02146E+00  1.15000E+00
Core-valence separation energy:  ecv=   -40.000 eV
Initial Fermi level:              mu=     1.140 eV
SCF ITERATION NUMBER  1
     point #   1  energy = -40.000
FMS for a cluster of   89 atoms around atom type   0
FMS for a cluster of   84 atoms around atom type   1
FMS for a cluster of   90 atoms around atom type   2
FMS for a cluster of   90 atoms around atom type   3
     point #  20  energy = -28.935
     point #  40  energy =  -8.685
     point #  60  energy =  -4.060
     point #  80  energy =  -4.085
New Fermi level:    mu=  -4.086 eV  Charge distance=  0.8219 (partial c.d.=  6.5844)
SCF ITERATION NUMBER  1
     point #   1  energy = -40.000
FMS for a cluster of   89 atoms around atom type   0
FMS for a cluster of   84 atoms around atom type   1
FMS for a cluster of   90 atoms around atom type   2
FMS for a cluster of   90 atoms around atom type   3
     point #  20  energy = -28.713
     point #  40  energy =  -8.191
     point #  60  energy =  -4.086
     point #  80  energy =  -6.042
     point # 100  energy =  -9.658
New Fermi level:    mu= -10.128 eV  Charge distance=  0.2455 (partial c.d.=  4.3896)
SCF ITERATION NUMBER  1
     point #   1  energy = -40.000
FMS for a cluster of   89 atoms around atom type   0
FMS for a cluster of   84 atoms around atom type   1
FMS for a cluster of   90 atoms around atom type   2
FMS for a cluster of   90 atoms around atom type   3
     point #  20  energy = -29.047
     point #  40  energy = -10.128
     point #  60  energy = -10.037
     point #  80  energy =  -8.844
New Fermi level:    mu=  -9.039 eV  Charge distance=  0.1706 (partial c.d.=  0.8654)
SCF ITERATION NUMBER  2
     point #   1  energy = -40.000
     point #  20  energy = -29.014
     point #  40  energy =  -9.039
     point #  60  energy =  -8.999
     point #  80  energy =  -8.402
New Fermi level:    mu=  -8.523 eV  Charge distance=  0.4878 (partial c.d.=  0.3562)
SCF ITERATION NUMBER  3
     point #   1  energy = -40.000
     point #  20  energy = -28.831
     point #  40  energy =  -8.523
New Fermi level:    mu=  -8.509 eV  Charge distance=  0.5376 (partial c.d.=  8.2748)
SCF ITERATION NUMBER  4
     point #   1  energy = -40.000
     point #  20  energy = -28.826
     point #  40  energy =  -8.509
     point #  60  energy =  -8.578
     point #  80  energy =  -8.878
New Fermi level:    mu=  -8.870 eV  Charge distance=  0.0421 (partial c.d.=  8.6882)
SCF ITERATION NUMBER  5
     point #   1  energy = -40.000
     point #  20  energy = -28.954
     point #  40  energy =  -8.870
     point #  60  energy =  -8.829
     point #  80  energy =  -8.429
New Fermi level:    mu=  -8.574 eV  Charge distance=  0.0673 (partial c.d.=  0.1867)
SCF ITERATION NUMBER  6
     point #   1  energy = -40.000
     point #  20  energy = -28.849
     point #  40  energy =  -8.574
     point #  60  energy =  -8.624
New Fermi level:    mu=  -8.667 eV  Charge distance=  0.0845 (partial c.d.=  0.2685)
SCF ITERATION NUMBER  7
     point #   1  energy = -40.000
     point #  20  energy = -28.882
     point #  40  energy =  -8.667
     point #  60  energy =  -8.598
New Fermi level:    mu=  -8.507 eV  Charge distance=  0.0126 (partial c.d.=  0.5167)
SCF ITERATION NUMBER  8
     point #   1  energy = -40.000
     point #  20  energy = -28.825
     point #  40  energy =  -8.507
     point #  60  energy =  -8.557
New Fermi level:    mu=  -8.561 eV  Charge distance=  0.0144 (partial c.d.=  0.3308)
SCF ITERATION NUMBER  9
     point #   1  energy = -40.000
     point #  20  energy = -28.844
     point #  40  energy =  -8.561
New Fermi level:    mu=  -8.548 eV  Charge distance=  0.0592 (partial c.d.=  0.0429)
SCF ITERATION NUMBER 10
     point #   1  energy = -40.000
     point #  20  energy = -28.840
     point #  40  energy =  -8.548
     point #  60  energy =  -8.498
New Fermi level:    mu=  -8.491 eV  Charge distance=  0.0075 (partial c.d.=  0.1487)
SCF ITERATION NUMBER 11
     point #   1  energy = -40.000
     point #  20  energy = -28.819
     point #  40  energy =  -8.491
New Fermi level:    mu=  -8.486 eV  Charge distance=  0.0038 (partial c.d.=  0.0111)
SCF ITERATION NUMBER 12
     point #   1  energy = -40.000
     point #  20  energy = -28.818
     point #  40  energy =  -8.486
New Fermi level:    mu=  -8.483 eV  Charge distance=  0.0008 (partial c.d.=  0.0086)
SCF ITERATION NUMBER 13
     point #   1  energy = -40.000
     point #  20  energy = -28.816
     point #  40  energy =  -8.483
New Fermi level:    mu=  -8.485 eV  Charge distance=  0.0012 (partial c.d.=  0.0037)
SCF ITERATION NUMBER 14
     point #   1  energy = -40.000
     point #  20  energy = -28.817
     point #  40  energy =  -8.485
New Fermi level:    mu=  -8.485 eV  Charge distance=  0.0006 (partial c.d.=  0.0011)
SCF ITERATION NUMBER 15
     point #   1  energy = -40.000
     point #  20  energy = -28.817
     point #  40  energy =  -8.485
New Fermi level:    mu=  -8.486 eV  Charge distance=  0.0002 (partial c.d.=  0.0003)
SCF ITERATION NUMBER 16
     point #   1  energy = -40.000
     point #  20  energy = -28.818
     point #  40  energy =  -8.486
New Fermi level:    mu=  -8.486 eV  Charge distance=  0.0002 (partial c.d.=  0.0001)
Electronic configuration
  type     l     N_el
     0     0    0.520
     0     1    0.664
     0     2    9.249
     0     3    0.000
     1     0    0.393
     1     1    6.583
     1     2    1.474
     1     3    0.000
     2     0    0.552
     2     1    0.648
     2     2    9.271
     2     3    0.000
     3     0    1.860
     3     1    4.433
     3     2    0.066
     3     3    0.000
Charge transfer:  type  charge
       0   -0.567
       1   -0.551
       2   -0.529
       3    0.358
Convergence reached in   16 iterations.
Done with module: potentials.

Calculating screened core-hole potential ...
FMS for a cluster of   20 atoms around iph =   0
    0% of energy integration
   20%
   40%
   60%
   80%
  100%
Preparing response function.
Computing (1 - K Chi0)^-1 v_ch
Done with module: screened core-hole potential.

Calculating cross-section and phases ...
    absorption cross section
 x0,dx,rnrm,inrm,jnrm   8.80000000000000       5.000000000000000E-002
   2.40192405500015              194         195
    phase shifts for unique potential    0
    phase shifts for unique potential    1
    phase shifts for unique potential    2
    phase shifts for unique potential    3
Done with module: cross-section and phases (XSPH).

FMS calculation of full Green's function ...
FEFF-serial using 1 thread.
Using   194 energy points.
xprep done
FMS for a cluster of  187 atoms
Energy point    1/ 194
Energy point   10/ 194
Energy point   20/ 194
Energy point   30/ 194
Energy point   40/ 194
Energy point   50/ 194
Energy point   60/ 194
Energy point   70/ 194
Energy point   80/ 194
Energy point   90/ 194
Energy point  100/ 194
Energy point  110/ 194
Energy point  120/ 194
Energy point  130/ 194
Energy point  140/ 194
Energy point  150/ 194
Energy point  160/ 194
Energy point  170/ 194
Energy point  180/ 194
Energy point  190/ 194
Done with module: FMS.

MKGTR: Tracing over Green's function ...
Done with module: MKGTR.

Pathfinder: finding scattering paths...
Preparing plane wave scattering amplitudes
Searching for paths
Eliminating path degeneracies
0 paths retained.
Done with module: pathfinder.

Calculating EXAFS parameters ...
Done with module: EXAFS parameters (GENFMT).

Calculating XAS spectra ...
Done with module: XAS spectra (FF2X: DW + final sum over paths).

 
### feff ends at Mon Aug 14 13:22:06 EDT 2023
 
