### feff starts at Sun Aug 13 14:46:18 EDT 2023
### Serial version
### FeffPath is /sdcc/u/mcarbone/software/JFEFF/hsw/feff90/linux
 
Launching FEFF version FEFF 9.9.1
Core hole lifetime is   1.729 eV.
Your calculation:
 comment: None given
 Source:
 Structure Summary:  Zn8 Cu16 O32
 Reduced formula:  Zn(CuO2)2
 space group: (Cm), space number:  (8)
 abc:  5.940354   5.940354  19.680244
 angles: 81.180767  81.180767  60.198652
 sites: 56
Cu K edge XANES using RPA corehole.
Using:     * Self-Consistent Field potentials
Using cards:   ATOMS CONTROL EXCHANGE TITLE RPATH POTENTIALS XANES EDGE SCF FMS S02 COREHOLE EGRID

Calculating atomic potentials ...
    overlapped atomic potential and density for unique potential    0
    overlapped atomic potential and density for unique potential    1
    overlapped atomic potential and density for unique potential    2
    overlapped atomic potential and density for unique potential    3
Done with module: atomic potentials.

Calculating SCF potentials ...
FEFF-serial using 1 thread.
Muffin tin radii and interstitial parameters [bohr]:
type, norman radius, muffin tin, overlap factor
    0  1.32883E+00  1.21348E+00  1.15000E+00
    1  1.42572E+00  1.34339E+00  1.15000E+00
    2  1.29040E+00  1.22113E+00  1.15000E+00
    3  1.12723E+00  1.05900E+00  1.15000E+00
Core-valence separation energy:  ecv=   -40.000 eV
Initial Fermi level:              mu=     1.950 eV
SCF ITERATION NUMBER  1
     point #   1  energy = -40.000
FMS for a cluster of  144 atoms around atom type   0
FMS for a cluster of  127 atoms around atom type   1
FMS for a cluster of  128 atoms around atom type   2
FMS for a cluster of  142 atoms around atom type   3
     point #  20  energy = -28.777
     point #  40  energy =  -8.527
     point #  60  energy =  -3.315
     point #  80  energy =  -3.437
New Fermi level:    mu=  -3.449 eV  Charge distance=  0.4952 (partial c.d.= 10.3204)
SCF ITERATION NUMBER  1
     point #   1  energy = -40.000
FMS for a cluster of  144 atoms around atom type   0
FMS for a cluster of  127 atoms around atom type   1
FMS for a cluster of  128 atoms around atom type   2
FMS for a cluster of  142 atoms around atom type   3
     point #  20  energy = -28.832
     point #  40  energy =  -8.526
     point #  60  energy =  -3.449
     point #  80  energy =  -5.028
     point # 100  energy =  -8.446
New Fermi level:    mu=  -8.764 eV  Charge distance=  0.1405 (partial c.d.=  2.4502)
SCF ITERATION NUMBER  1
     point #   1  energy = -40.000
FMS for a cluster of  144 atoms around atom type   0
FMS for a cluster of  127 atoms around atom type   1
FMS for a cluster of  128 atoms around atom type   2
FMS for a cluster of  142 atoms around atom type   3
     point #  20  energy = -28.916
     point #  40  energy =  -8.764
     point #  60  energy =  -8.724
     point #  80  energy =  -7.755
New Fermi level:    mu=  -7.834 eV  Charge distance=  0.0706 (partial c.d.=  0.7578)
SCF ITERATION NUMBER  2
     point #   1  energy = -40.000
     point #  20  energy = -28.943
     point #  40  energy =  -8.839
     point #  60  energy =  -7.874
New Fermi level:    mu=  -8.262 eV  Charge distance=  0.0606 (partial c.d.=  0.2697)
SCF ITERATION NUMBER  3
     point #   1  energy = -40.000
     point #  20  energy = -28.738
     point #  40  energy =  -8.262
     point #  60  energy =  -8.193
New Fermi level:    mu=  -8.032 eV  Charge distance=  0.2432 (partial c.d.=  2.3731)
SCF ITERATION NUMBER  4
     point #   1  energy = -40.000
     point #  20  energy = -29.011
     point #  40  energy =  -9.031
     point #  60  energy =  -8.073
New Fermi level:    mu=  -8.143 eV  Charge distance=  0.0701 (partial c.d.=  2.8839)
SCF ITERATION NUMBER  5
     point #   1  energy = -40.000
     point #  20  energy = -28.696
     point #  40  energy =  -8.143
     point #  60  energy =  -8.184
New Fermi level:    mu=  -8.672 eV  Charge distance=  0.0434 (partial c.d.=  0.4368)
SCF ITERATION NUMBER  6
     point #   1  energy = -40.000
     point #  20  energy = -28.883
     point #  40  energy =  -8.672
     point #  60  energy =  -8.631
New Fermi level:    mu=  -8.400 eV  Charge distance=  0.0437 (partial c.d.=  0.1737)
SCF ITERATION NUMBER  7
     point #   1  energy = -40.000
     point #  20  energy = -28.787
     point #  40  energy =  -8.400
New Fermi level:    mu=  -8.409 eV  Charge distance=  0.0117 (partial c.d.=  0.2820)
SCF ITERATION NUMBER  8
     point #   1  energy = -40.000
     point #  20  energy = -28.790
     point #  40  energy =  -8.409
New Fermi level:    mu=  -8.439 eV  Charge distance=  0.0111 (partial c.d.=  0.0480)
SCF ITERATION NUMBER  9
     point #   1  energy = -40.000
     point #  20  energy = -28.801
     point #  40  energy =  -8.439
New Fermi level:    mu=  -8.434 eV  Charge distance=  0.0124 (partial c.d.=  0.0106)
SCF ITERATION NUMBER 10
     point #   1  energy = -40.000
     point #  20  energy = -28.799
     point #  40  energy =  -8.434
New Fermi level:    mu=  -8.419 eV  Charge distance=  0.0003 (partial c.d.=  0.0148)
SCF ITERATION NUMBER 11
     point #   1  energy = -40.000
     point #  20  energy = -28.794
     point #  40  energy =  -8.419
New Fermi level:    mu=  -8.420 eV  Charge distance=  0.0009 (partial c.d.=  0.0034)
SCF ITERATION NUMBER 12
     point #   1  energy = -40.000
     point #  20  energy = -28.794
     point #  40  energy =  -8.420
New Fermi level:    mu=  -8.419 eV  Charge distance=  0.0001 (partial c.d.=  0.0022)
SCF ITERATION NUMBER 13
     point #   1  energy = -40.000
     point #  20  energy = -28.794
     point #  40  energy =  -8.419
New Fermi level:    mu=  -8.419 eV  Charge distance=  0.0002 (partial c.d.=  0.0002)
Electronic configuration
  type     l     N_el
     0     0    0.531
     0     1    0.673
     0     2    9.372
     0     3    0.000
     1     0    0.722
     1     1    0.930
     1     2   10.334
     1     3    0.000
     2     0    0.489
     2     1    0.656
     2     2    9.290
     2     3    0.000
     3     0    1.882
     3     1    4.319
     3     2    0.085
     3     3    0.000
Charge transfer:  type  charge
       0   -0.423
       1   -0.013
       2   -0.566
       3    0.286
Convergence reached in   13 iterations.
Done with module: potentials.

Calculating screened core-hole potential ...
FMS for a cluster of   33 atoms around iph =   0
    0% of energy integration
   20%
   40%
   60%
   80%
  100%
Preparing response function.
Computing (1 - K Chi0)^-1 v_ch
Done with module: screened core-hole potential.

Calculating cross-section and phases ...
    absorption cross section
 x0,dx,rnrm,inrm,jnrm   8.80000000000000       5.000000000000000E-002
   2.51112158799984              195         196
    phase shifts for unique potential    0
    phase shifts for unique potential    1
    phase shifts for unique potential    2
    phase shifts for unique potential    3
Done with module: cross-section and phases (XSPH).

FMS calculation of full Green's function ...
FEFF-serial using 1 thread.
Using   194 energy points.
xprep done
FMS for a cluster of  269 atoms
Energy point    1/ 194
Energy point   10/ 194
Energy point   20/ 194
Energy point   30/ 194
Energy point   40/ 194
Energy point   50/ 194
Energy point   60/ 194
Energy point   70/ 194
Energy point   80/ 194
Energy point   90/ 194
Energy point  100/ 194
Energy point  110/ 194
Energy point  120/ 194
Energy point  130/ 194
Energy point  140/ 194
Energy point  150/ 194
Energy point  160/ 194
Energy point  170/ 194
Energy point  180/ 194
Energy point  190/ 194
Done with module: FMS.

MKGTR: Tracing over Green's function ...
Done with module: MKGTR.

Pathfinder: finding scattering paths...
Preparing plane wave scattering amplitudes
Searching for paths
Eliminating path degeneracies
0 paths retained.
Done with module: pathfinder.

Calculating EXAFS parameters ...
Done with module: EXAFS parameters (GENFMT).

Calculating XAS spectra ...
Done with module: XAS spectra (FF2X: DW + final sum over paths).

 
### feff ends at Sun Aug 13 17:06:14 EDT 2023
 
