### feff starts at Sun Aug 13 20:38:02 EDT 2023
### Serial version
### FeffPath is /sdcc/u/mcarbone/software/JFEFF/hsw/feff90/linux
 
Launching FEFF version FEFF 9.9.1
Resetting lmaxsc to 2 for iph =    2.  Use  UNFREEZE to prevent this.
Core hole lifetime is   1.729 eV.
Your calculation:
 comment: None given
 Source:
 Structure Summary:  Cu8 Re8 O32
 Reduced formula:  CuReO4
 space group: (P1), space number:  (1)
 abc:  7.804416  10.553013  10.552171
 angles: 82.204309  68.263832  68.352731
 sites: 48
Cu K edge XANES using RPA corehole.
Using:     * Self-Consistent Field potentials
Using cards:   ATOMS CONTROL EXCHANGE TITLE RPATH POTENTIALS XANES EDGE SCF FMS S02 COREHOLE EGRID

Calculating atomic potentials ...
    overlapped atomic potential and density for unique potential    0
    overlapped atomic potential and density for unique potential    1
    overlapped atomic potential and density for unique potential    2
    overlapped atomic potential and density for unique potential    3
Done with module: atomic potentials.

Calculating SCF potentials ...
FEFF-serial using 1 thread.
Muffin tin radii and interstitial parameters [bohr]:
type, norman radius, muffin tin, overlap factor
    0  1.36872E+00  1.28134E+00  1.15000E+00
    1  1.37004E+00  1.28399E+00  1.15000E+00
    2  1.36473E+00  1.14456E+00  1.15000E+00
    3  1.05971E+00  9.16226E-01  1.15000E+00
Core-valence separation energy:  ecv=   -40.000 eV
Initial Fermi level:              mu=     5.864 eV
SCF ITERATION NUMBER  1
     point #   1  energy = -40.000
FMS for a cluster of   87 atoms around atom type   0
FMS for a cluster of   80 atoms around atom type   1
FMS for a cluster of   83 atoms around atom type   2
FMS for a cluster of   91 atoms around atom type   3
     point #  20  energy = -28.809
     point #  40  energy =  -8.559
     point #  60  energy =  -3.481
New Fermi level:    mu=  -3.627 eV  Charge distance=  0.8862 (partial c.d.=  5.8692)
SCF ITERATION NUMBER  1
     point #   1  energy = -40.000
FMS for a cluster of   87 atoms around atom type   0
FMS for a cluster of   80 atoms around atom type   1
FMS for a cluster of   83 atoms around atom type   2
FMS for a cluster of   91 atoms around atom type   3
     point #  20  energy = -28.886
     point #  40  energy =  -8.679
     point #  60  energy =  -3.627
     point #  80  energy =  -4.921
New Fermi level:    mu=  -4.502 eV  Charge distance=  0.4047 (partial c.d.=  4.9836)
SCF ITERATION NUMBER  1
     point #   1  energy = -40.000
FMS for a cluster of   87 atoms around atom type   0
FMS for a cluster of   80 atoms around atom type   1
FMS for a cluster of   83 atoms around atom type   2
FMS for a cluster of   91 atoms around atom type   3
     point #  20  energy = -28.844
     point #  40  energy =  -8.559
     point #  60  energy =  -4.502
     point #  80  energy =  -4.946
New Fermi level:    mu=  -4.900 eV  Charge distance=  0.1848 (partial c.d.=  1.0106)
SCF ITERATION NUMBER  2
     point #   1  energy = -40.000
     point #  20  energy = -28.968
     point #  40  energy =  -8.911
     point #  60  energy =  -4.900
New Fermi level:    mu=  -4.921 eV  Charge distance=  0.1077 (partial c.d.=  0.3755)
SCF ITERATION NUMBER  3
     point #   1  energy = -40.000
     point #  20  energy = -28.975
     point #  40  energy =  -8.930
     point #  60  energy =  -4.921
New Fermi level:    mu=  -4.859 eV  Charge distance=  0.1574 (partial c.d.=  0.0766)
SCF ITERATION NUMBER  4
     point #   1  energy = -40.000
     point #  20  energy = -28.956
     point #  40  energy =  -8.875
     point #  60  energy =  -4.859
New Fermi level:    mu=  -4.861 eV  Charge distance=  0.0240 (partial c.d.=  0.0798)
SCF ITERATION NUMBER  5
     point #   1  energy = -40.000
     point #  20  energy = -28.956
     point #  40  energy =  -8.877
     point #  60  energy =  -4.861
New Fermi level:    mu=  -4.840 eV  Charge distance=  0.0131 (partial c.d.=  0.0662)
SCF ITERATION NUMBER  6
     point #   1  energy = -40.000
     point #  20  energy = -28.950
     point #  40  energy =  -8.859
     point #  60  energy =  -4.840
New Fermi level:    mu=  -4.831 eV  Charge distance=  0.0038 (partial c.d.=  0.0253)
SCF ITERATION NUMBER  7
     point #   1  energy = -40.000
     point #  20  energy = -28.947
     point #  40  energy =  -8.851
     point #  60  energy =  -4.831
New Fermi level:    mu=  -4.822 eV  Charge distance=  0.0078 (partial c.d.=  0.0020)
SCF ITERATION NUMBER  8
     point #   1  energy = -40.000
     point #  20  energy = -28.944
     point #  40  energy =  -8.842
     point #  60  energy =  -4.822
New Fermi level:    mu=  -4.807 eV  Charge distance=  0.0003 (partial c.d.=  0.0024)
SCF ITERATION NUMBER  9
     point #   1  energy = -40.000
     point #  20  energy = -28.939
     point #  40  energy =  -8.829
     point #  60  energy =  -4.807
New Fermi level:    mu=  -4.807 eV  Charge distance=  0.0001 (partial c.d.=  0.0003)
SCF ITERATION NUMBER 10
     point #   1  energy = -40.000
     point #  20  energy = -28.939
     point #  40  energy =  -8.829
     point #  60  energy =  -4.807
New Fermi level:    mu=  -4.808 eV  Charge distance=  0.0001 (partial c.d.=  0.0003)
SCF ITERATION NUMBER 11
     point #   1  energy = -40.000
     point #  20  energy = -28.940
     point #  40  energy =  -8.830
     point #  60  energy =  -4.808
New Fermi level:    mu=  -4.809 eV  Charge distance=  0.0001 (partial c.d.=  0.0001)
Electronic configuration
  type     l     N_el
     0     0    0.562
     0     1    0.706
     0     2    9.627
     0     3    0.000
     1     0    0.560
     1     1    0.704
     1     2    9.631
     1     3    0.000
     2     0    0.609
     2     1    0.748
     2     2    4.953
     2     3    0.000
     3     0    1.843
     3     1    4.249
     3     2    0.107
     3     3    0.000
Charge transfer:  type  charge
       0   -0.106
       1   -0.106
       2   -0.690
       3    0.199
Convergence reached in   11 iterations.
Done with module: potentials.

Calculating screened core-hole potential ...
FMS for a cluster of   16 atoms around iph =   0
    0% of energy integration
   20%
   40%
   60%
   80%
  100%
Preparing response function.
Computing (1 - K Chi0)^-1 v_ch
Done with module: screened core-hole potential.

Calculating cross-section and phases ...
    absorption cross section
 x0,dx,rnrm,inrm,jnrm   8.80000000000000       5.000000000000000E-002
   2.58650832699982              196         197
    phase shifts for unique potential    0
    phase shifts for unique potential    1
    phase shifts for unique potential    2
    phase shifts for unique potential    3
Done with module: cross-section and phases (XSPH).

FMS calculation of full Green's function ...
FEFF-serial using 1 thread.
Using   194 energy points.
xprep done
FMS for a cluster of  197 atoms
Energy point    1/ 194
Energy point   10/ 194
Energy point   20/ 194
Energy point   30/ 194
Energy point   40/ 194
Energy point   50/ 194
Energy point   60/ 194
Energy point   70/ 194
Energy point   80/ 194
Energy point   90/ 194
Energy point  100/ 194
Energy point  110/ 194
Energy point  120/ 194
Energy point  130/ 194
Energy point  140/ 194
Energy point  150/ 194
Energy point  160/ 194
Energy point  170/ 194
Energy point  180/ 194
Energy point  190/ 194
Done with module: FMS.

MKGTR: Tracing over Green's function ...
Done with module: MKGTR.

Pathfinder: finding scattering paths...
Preparing plane wave scattering amplitudes
Searching for paths
Eliminating path degeneracies
0 paths retained.
Done with module: pathfinder.

Calculating EXAFS parameters ...
Done with module: EXAFS parameters (GENFMT).

Calculating XAS spectra ...
Done with module: XAS spectra (FF2X: DW + final sum over paths).

 
### feff ends at Sun Aug 13 21:26:02 EDT 2023
 
