### feff starts at Mon Aug 14 10:35:31 EDT 2023
### Serial version
### FeffPath is /sdcc/u/mcarbone/software/JFEFF/hsw/feff90/linux
 
Launching FEFF version FEFF 9.9.1
Resetting lmaxsc to 2 for iph =    1.  Use  UNFREEZE to prevent this.
Core hole lifetime is   1.729 eV.
Your calculation:
 comment: None given
 Source:
 Structure Summary:  Ba4 Li2 Cu6 O12
 Reduced formula:  Ba2Li(CuO2)3
 space group: (Fmmm), space number:  (69)
 abc:  9.170944   8.248571   7.127838
 angles: 72.816944  59.235759  47.947296
 sites: 24
Cu K edge XANES using RPA corehole.
Using:     * Self-Consistent Field potentials
Using cards:   ATOMS CONTROL EXCHANGE TITLE RPATH POTENTIALS XANES EDGE SCF FMS S02 COREHOLE EGRID

Calculating atomic potentials ...
    overlapped atomic potential and density for unique potential    0
    overlapped atomic potential and density for unique potential    1
    overlapped atomic potential and density for unique potential    2
    overlapped atomic potential and density for unique potential    3
    overlapped atomic potential and density for unique potential    4
Done with module: atomic potentials.

Calculating SCF potentials ...
FEFF-serial using 1 thread.
Muffin tin radii and interstitial parameters [bohr]:
type, norman radius, muffin tin, overlap factor
    0  1.29700E+00  1.20170E+00  1.15000E+00
    1  1.96787E+00  1.90216E+00  1.08767E+00
    2  1.41602E+00  1.37213E+00  1.08066E+00
    3  1.25293E+00  1.13314E+00  1.15000E+00
    4  1.12743E+00  1.07427E+00  1.13054E+00
Core-valence separation energy:  ecv=   -41.500 eV
Initial Fermi level:              mu=    -1.432 eV
SCF ITERATION NUMBER  1
     point #   1  energy = -41.500
FMS for a cluster of   93 atoms around atom type   0
FMS for a cluster of  102 atoms around atom type   1
FMS for a cluster of  100 atoms around atom type   2
FMS for a cluster of   97 atoms around atom type   3
FMS for a cluster of   95 atoms around atom type   4
     point #  20  energy = -30.449
     point #  40  energy = -10.199
     point #  60  energy =  -5.086
     point #  80  energy =  -4.868
New Fermi level:    mu=  -4.859 eV  Charge distance=  0.7044 (partial c.d.=  6.4627)
negative density   2 -103.643 - usually harmless precision error, but check DOS if it persists
SCF ITERATION NUMBER  1
     point #   1  energy = -41.500
FMS for a cluster of   93 atoms around atom type   0
FMS for a cluster of  102 atoms around atom type   1
FMS for a cluster of  100 atoms around atom type   2
FMS for a cluster of   97 atoms around atom type   3
FMS for a cluster of   95 atoms around atom type   4
     point #  20  energy = -30.304
     point #  40  energy =  -9.948
     point #  60  energy =  -4.859
     point #  80  energy =  -6.437
     point # 100  energy = -10.319
     point # 120  energy = -10.906
New Fermi level:    mu= -10.927 eV  Charge distance=  0.1936 (partial c.d.=  3.6487)
negative density   2 -146.478 - usually harmless precision error, but check DOS if it persists
SCF ITERATION NUMBER  1
     point #   1  energy = -41.500
FMS for a cluster of   93 atoms around atom type   0
FMS for a cluster of  102 atoms around atom type   1
FMS for a cluster of  100 atoms around atom type   2
FMS for a cluster of   97 atoms around atom type   3
FMS for a cluster of   95 atoms around atom type   4
     point #  20  energy = -30.290
     point #  40  energy = -10.927
     point #  60  energy = -10.836
     point #  80  energy =  -9.186
New Fermi level:    mu=  -9.390 eV  Charge distance=  0.1306 (partial c.d.=  0.4650)
negative density   2 -231.131 - usually harmless precision error, but check DOS if it persists
SCF ITERATION NUMBER  2
     point #   1  energy = -41.500
     point #  20  energy = -30.462
     point #  40  energy = -10.393
     point #  60  energy =  -9.349
     point #  80  energy =  -8.840
New Fermi level:    mu=  -8.839 eV  Charge distance=  0.6596 (partial c.d.=  1.2632)
negative density   2 -536.676 - usually harmless precision error, but check DOS if it persists
negative density   2  -55.038 - usually harmless precision error, but check DOS if it persists
SCF ITERATION NUMBER  3
     point #   1  energy = -41.500
     point #  20  energy = -30.273
     point #  40  energy =  -9.860
     point #  60  energy =  -8.799
     point #  80  energy =  -6.983
New Fermi level:    mu=  -6.907 eV  Charge distance=  0.2007 (partial c.d.=  1.8495)
negative density   2 -760.772 - usually harmless precision error, but check DOS if it persists
negative density   2 -125.261 - usually harmless precision error, but check DOS if it persists
SCF ITERATION NUMBER  4
     point #   1  energy = -41.500
     point #  20  energy = -30.308
     point #  40  energy =  -9.959
     point #  60  energy =  -6.920
     point #  80  energy =  -8.526
New Fermi level:    mu=  -8.581 eV  Charge distance=  0.2139 (partial c.d.=  0.6237)
negative density   2 -825.519 - usually harmless precision error, but check DOS if it persists
negative density   2 -147.027 - usually harmless precision error, but check DOS if it persists
SCF ITERATION NUMBER  5
     point #   1  energy = -41.500
     point #  20  energy = -30.527
     point #  40  energy = -10.576
     point #  60  energy =  -8.569
New Fermi level:    mu=  -8.253 eV  Charge distance=  0.1192 (partial c.d.=  0.2205)
negative density   2 -823.096 - usually harmless precision error, but check DOS if it persists
negative density   2 -146.173 - usually harmless precision error, but check DOS if it persists
SCF ITERATION NUMBER  6
     point #   1  energy = -41.500
     point #  20  energy = -30.418
     point #  40  energy = -10.268
     point #  60  energy =  -8.265
New Fermi level:    mu=  -8.548 eV  Charge distance=  0.0978 (partial c.d.=  0.2169)
negative density   2 -843.737 - usually harmless precision error, but check DOS if it persists
negative density   2 -153.113 - usually harmless precision error, but check DOS if it persists
SCF ITERATION NUMBER  7
     point #   1  energy = -41.500
     point #  20  energy = -30.516
     point #  40  energy = -10.545
     point #  60  energy =  -8.560
New Fermi level:    mu=  -8.681 eV  Charge distance=  0.0828 (partial c.d.=  1.2656)
negative density   2 -838.297 - usually harmless precision error, but check DOS if it persists
negative density   2 -151.269 - usually harmless precision error, but check DOS if it persists
SCF ITERATION NUMBER  8
     point #   1  energy = -41.500
     point #  20  energy = -30.218
     point #  40  energy =  -9.707
     point #  60  energy =  -8.643
New Fermi level:    mu=  -8.635 eV  Charge distance=  0.0177 (partial c.d.=  1.3258)
negative density   2 -849.159 - usually harmless precision error, but check DOS if it persists
negative density   2 -154.969 - usually harmless precision error, but check DOS if it persists
SCF ITERATION NUMBER  9
     point #   1  energy = -41.500
     point #  20  energy = -30.203
     point #  40  energy =  -9.662
New Fermi level:    mu=  -8.650 eV  Charge distance=  0.1051 (partial c.d.=  0.0049)
negative density   2 -901.083 - usually harmless precision error, but check DOS if it persists
negative density   2 -172.748 - usually harmless precision error, but check DOS if it persists
SCF ITERATION NUMBER 10
     point #   1  energy = -41.500
     point #  20  energy = -30.208
     point #  40  energy =  -9.676
     point #  60  energy =  -8.687
New Fermi level:    mu=  -8.727 eV  Charge distance=  0.0202 (partial c.d.=  0.1594)
negative density   2 -903.127 - usually harmless precision error, but check DOS if it persists
negative density   2 -173.549 - usually harmless precision error, but check DOS if it persists
SCF ITERATION NUMBER 11
     point #   1  energy = -41.500
     point #  20  energy = -30.234
     point #  40  energy =  -9.751
New Fermi level:    mu=  -8.732 eV  Charge distance=  0.0300 (partial c.d.=  0.6280)
negative density   2 -892.925 - usually harmless precision error, but check DOS if it persists
negative density   2 -170.032 - usually harmless precision error, but check DOS if it persists
SCF ITERATION NUMBER 12
     point #   1  energy = -41.500
     point #  20  energy = -30.236
     point #  40  energy =  -9.756
New Fermi level:    mu=  -8.724 eV  Charge distance=  0.0040 (partial c.d.=  0.6005)
negative density   2 -893.780 - usually harmless precision error, but check DOS if it persists
negative density   2 -170.368 - usually harmless precision error, but check DOS if it persists
SCF ITERATION NUMBER 13
     point #   1  energy = -41.500
     point #  20  energy = -30.233
     point #  40  energy =  -9.748
New Fermi level:    mu=  -8.730 eV  Charge distance=  0.0094 (partial c.d.=  0.0428)
negative density   2 -896.058 - usually harmless precision error, but check DOS if it persists
negative density   2 -171.255 - usually harmless precision error, but check DOS if it persists
SCF ITERATION NUMBER 14
     point #   1  energy = -41.500
     point #  20  energy = -30.235
     point #  40  energy =  -9.754
New Fermi level:    mu=  -8.739 eV  Charge distance=  0.0043 (partial c.d.=  0.1490)
negative density   2 -894.730 - usually harmless precision error, but check DOS if it persists
negative density   2 -170.778 - usually harmless precision error, but check DOS if it persists
SCF ITERATION NUMBER 15
     point #   1  energy = -41.500
     point #  20  energy = -30.238
     point #  40  energy =  -9.763
New Fermi level:    mu=  -8.737 eV  Charge distance=  0.0009 (partial c.d.=  0.0873)
negative density   2 -894.644 - usually harmless precision error, but check DOS if it persists
negative density   2 -170.779 - usually harmless precision error, but check DOS if it persists
SCF ITERATION NUMBER 16
     point #   1  energy = -41.500
     point #  20  energy = -30.238
     point #  40  energy =  -9.761
New Fermi level:    mu=  -8.739 eV  Charge distance=  0.0003 (partial c.d.=  0.0144)
negative density   2 -894.325 - usually harmless precision error, but check DOS if it persists
negative density   2 -170.691 - usually harmless precision error, but check DOS if it persists
SCF ITERATION NUMBER 17
     point #   1  energy = -41.500
     point #  20  energy = -30.238
     point #  40  energy =  -9.762
New Fermi level:    mu=  -8.739 eV  Charge distance=  0.0012 (partial c.d.=  0.0002)
negative density   2 -892.821 - usually harmless precision error, but check DOS if it persists
negative density   2 -170.266 - usually harmless precision error, but check DOS if it persists
SCF ITERATION NUMBER 18
     point #   1  energy = -41.500
     point #  20  energy = -30.238
     point #  40  energy =  -9.763
New Fermi level:    mu=  -8.741 eV  Charge distance=  0.0001 (partial c.d.=  0.0022)
negative density   2 -892.635 - usually harmless precision error, but check DOS if it persists
negative density   2 -170.207 - usually harmless precision error, but check DOS if it persists
SCF ITERATION NUMBER 19
     point #   1  energy = -41.500
     point #  20  energy = -30.239
     point #  40  energy =  -9.765
New Fermi level:    mu=  -8.741 eV  Charge distance=  0.0000 (partial c.d.=  0.0018)
negative density   2 -892.585 - usually harmless precision error, but check DOS if it persists
negative density   2 -170.193 - usually harmless precision error, but check DOS if it persists
SCF ITERATION NUMBER 20
     point #   1  energy = -41.500
     point #  20  energy = -30.239
     point #  40  energy =  -9.765
New Fermi level:    mu=  -8.741 eV  Charge distance=  0.0000 (partial c.d.=  0.0005)
negative density   2 -892.548 - usually harmless precision error, but check DOS if it persists
negative density   2 -170.179 - usually harmless precision error, but check DOS if it persists
SCF ITERATION NUMBER 21
     point #   1  energy = -41.500
     point #  20  energy = -30.239
     point #  40  energy =  -9.765
New Fermi level:    mu=  -8.741 eV  Charge distance=  0.0000 (partial c.d.=  0.0003)
negative density   2 -892.482 - usually harmless precision error, but check DOS if it persists
negative density   2 -170.157 - usually harmless precision error, but check DOS if it persists
SCF ITERATION NUMBER 22
     point #   1  energy = -41.500
     point #  20  energy = -30.239
     point #  40  energy =  -9.765
New Fermi level:    mu=  -8.741 eV  Charge distance=  0.0000 (partial c.d.=  0.0002)
Electronic configuration
  type     l     N_el
     0     0    0.516
     0     1    0.618
     0     2    9.444
     0     3    0.000
     1     0    2.265
     1     1    6.301
     1     2    1.084
     1     3    0.000
     2     0    0.221
     2     1    0.452
     2     2    0.000
     2     3    0.000
     3     0    0.517
     3     1    0.651
     3     2    9.291
     3     3    0.000
     4     0    1.867
     4     1    4.506
     4     2    0.069
     4     3    0.000
Charge transfer:  type  charge
       0   -0.422
       1   -0.350
       2   -0.327
       3   -0.541
       4    0.442
Convergence reached in   22 iterations.
Done with module: potentials.

Calculating screened core-hole potential ...
FMS for a cluster of   20 atoms around iph =   0
    0% of energy integration
   20%
   40%
   60%
   80%
  100%
Preparing response function.
Computing (1 - K Chi0)^-1 v_ch
Done with module: screened core-hole potential.

Calculating cross-section and phases ...
    absorption cross section
 x0,dx,rnrm,inrm,jnrm   8.80000000000000       5.000000000000000E-002
   2.45097578399985              194         195
    phase shifts for unique potential    0
    phase shifts for unique potential    1
    phase shifts for unique potential    2
    phase shifts for unique potential    3
    phase shifts for unique potential    4
Done with module: cross-section and phases (XSPH).

FMS calculation of full Green's function ...
FEFF-serial using 1 thread.
Using   194 energy points.
xprep done
FMS for a cluster of  215 atoms
Energy point    1/ 194
Energy point   10/ 194
Energy point   20/ 194
Energy point   30/ 194
Energy point   40/ 194
Energy point   50/ 194
Energy point   60/ 194
Energy point   70/ 194
Energy point   80/ 194
Energy point   90/ 194
Energy point  100/ 194
Energy point  110/ 194
Energy point  120/ 194
Energy point  130/ 194
Energy point  140/ 194
Energy point  150/ 194
Energy point  160/ 194
Energy point  170/ 194
Energy point  180/ 194
Energy point  190/ 194
Done with module: FMS.

MKGTR: Tracing over Green's function ...
Done with module: MKGTR.

Pathfinder: finding scattering paths...
Preparing plane wave scattering amplitudes
Searching for paths
Eliminating path degeneracies
0 paths retained.
Done with module: pathfinder.

Calculating EXAFS parameters ...
Done with module: EXAFS parameters (GENFMT).

Calculating XAS spectra ...
Done with module: XAS spectra (FF2X: DW + final sum over paths).

 
### feff ends at Mon Aug 14 12:07:56 EDT 2023
 
