### feff starts at Mon Aug 14 02:52:32 EDT 2023
### Serial version
### FeffPath is /sdcc/u/mcarbone/software/JFEFF/hsw/feff90/linux
 
Launching FEFF version FEFF 9.9.1
Core hole lifetime is   1.729 eV.
Your calculation:
 comment: None given
 Source:
 Structure Summary:  Li10 V12 Cu12 O48
 Reduced formula:  Li5V6(CuO4)6
 space group: (P2_1/c), space number:  (14)
 abc:  8.969846   8.149353  12.798134
 angles: 72.710111  90.000000  90.000000
 sites: 82
Cu K edge XANES using RPA corehole.
Using:     * Self-Consistent Field potentials
Using cards:   ATOMS CONTROL EXCHANGE TITLE RPATH POTENTIALS XANES EDGE SCF FMS S02 COREHOLE EGRID

Calculating atomic potentials ...
    overlapped atomic potential and density for unique potential    0
    overlapped atomic potential and density for unique potential    1
    overlapped atomic potential and density for unique potential    2
    overlapped atomic potential and density for unique potential    3
    overlapped atomic potential and density for unique potential    4
Done with module: atomic potentials.

Calculating SCF potentials ...
FEFF-serial using 1 thread.
Muffin tin radii and interstitial parameters [bohr]:
type, norman radius, muffin tin, overlap factor
    0  1.30778E+00  1.22326E+00  1.15000E+00
    1  1.34393E+00  1.29111E+00  1.10554E+00
    2  1.30679E+00  1.09074E+00  1.15000E+00
    3  1.30681E+00  1.22213E+00  1.15000E+00
    4  1.09881E+00  1.01616E+00  1.15000E+00
Core-valence separation energy:  ecv=   -57.000 eV
Initial Fermi level:              mu=     0.993 eV
SCF ITERATION NUMBER  1
     point #   1  energy = -57.000
FMS for a cluster of  141 atoms around atom type   0
FMS for a cluster of  130 atoms around atom type   1
FMS for a cluster of  125 atoms around atom type   2
FMS for a cluster of  135 atoms around atom type   3
FMS for a cluster of  132 atoms around atom type   4
     point #  20  energy = -45.527
     point #  40  energy = -25.277
     point #  60  energy =  -7.162
     point #  80  energy =  -6.358
New Fermi level:    mu=  -5.847 eV  Charge distance=  1.6352 (partial c.d.=  7.9241)
SCF ITERATION NUMBER  1
     point #   1  energy = -57.000
FMS for a cluster of  141 atoms around atom type   0
FMS for a cluster of  130 atoms around atom type   1
FMS for a cluster of  125 atoms around atom type   2
FMS for a cluster of  135 atoms around atom type   3
FMS for a cluster of  132 atoms around atom type   4
     point #  20  energy = -45.967
     point #  40  energy = -25.907
     point #  60  energy =  -5.847
     point #  80  energy =  -5.888
     point # 100  energy =  -8.681
     point # 120  energy =  -7.994
     point # 140  energy =  -7.381
     point # 160  energy =  -7.131
New Fermi level:    mu=  -7.075 eV  Charge distance=  0.6720 (partial c.d.=  8.4691)
SCF ITERATION NUMBER  1
     point #   1  energy = -57.000
FMS for a cluster of  141 atoms around atom type   0
FMS for a cluster of  130 atoms around atom type   1
FMS for a cluster of  125 atoms around atom type   2
FMS for a cluster of  135 atoms around atom type   3
FMS for a cluster of  132 atoms around atom type   4
     point #  20  energy = -45.792
     point #  40  energy = -25.415
     point #  60  energy =  -7.075
     point #  80  energy =  -7.165
     point # 100  energy =  -9.653
     point # 120  energy =  -8.846
     point # 140  energy =  -8.500
     point # 160  energy =  -8.250
     point # 180  energy =  -8.000
     point # 200  energy =  -7.750
     point # 220  energy =  -7.500
New Fermi level:    mu=  -7.377 eV  Charge distance=  0.3675 (partial c.d.=  0.7641)
negative density   1  -31.273 - usually harmless precision error, but check DOS if it persists
SCF ITERATION NUMBER  2
     point #   1  energy = -57.000
     point #  20  energy = -45.860
     point #  40  energy = -25.606
     point #  60  energy =  -7.377
     point #  80  energy =  -7.468
     point # 100  energy =  -9.536
New Fermi level:    mu=  -9.677 eV  Charge distance=  0.2192 (partial c.d.=  1.1295)
SCF ITERATION NUMBER  3
     point #   1  energy = -57.000
     point #  20  energy = -45.924
     point #  40  energy = -25.787
     point #  60  energy =  -9.677
     point #  80  energy =  -9.430
New Fermi level:    mu=  -8.846 eV  Charge distance=  0.2474 (partial c.d.=  2.0501)
SCF ITERATION NUMBER  4
     point #   1  energy = -57.000
     point #  20  energy = -45.965
     point #  40  energy = -25.901
     point #  60  energy =  -8.846
     point #  80  energy =  -9.015
     point # 100  energy = -10.050
     point # 120  energy = -10.300
     point # 140  energy = -10.550
New Fermi level:    mu= -10.672 eV  Charge distance=  0.0367 (partial c.d.=  2.6627)
SCF ITERATION NUMBER  5
     point #   1  energy = -57.000
     point #  20  energy = -45.921
     point #  40  energy = -25.779
     point #  60  energy = -10.672
New Fermi level:    mu= -10.724 eV  Charge distance=  0.1774 (partial c.d.=  0.0495)
SCF ITERATION NUMBER  6
     point #   1  energy = -57.000
     point #  20  energy = -45.934
     point #  40  energy = -25.814
     point #  60  energy = -10.724
     point #  80  energy = -10.442
     point # 100  energy =  -9.792
New Fermi level:    mu=  -9.951 eV  Charge distance=  0.0544 (partial c.d.=  0.5054)
SCF ITERATION NUMBER  7
     point #   1  energy = -57.000
     point #  20  energy = -45.749
     point #  40  energy = -25.293
     point #  60  energy =  -9.951
     point #  80  energy =  -9.626
New Fermi level:    mu=  -9.400 eV  Charge distance=  0.0271 (partial c.d.=  0.2713)
SCF ITERATION NUMBER  8
     point #   1  energy = -57.000
     point #  20  energy = -45.860
     point #  40  energy = -25.604
     point #  60  energy =  -9.400
     point #  80  energy =  -9.300
New Fermi level:    mu=  -9.246 eV  Charge distance=  0.0078 (partial c.d.=  0.1338)
SCF ITERATION NUMBER  9
     point #   1  energy = -57.000
     point #  20  energy = -45.824
     point #  40  energy = -25.503
     point #  60  energy =  -9.246
New Fermi level:    mu=  -9.279 eV  Charge distance=  0.0069 (partial c.d.=  0.0640)
SCF ITERATION NUMBER 10
     point #   1  energy = -57.000
     point #  20  energy = -45.831
     point #  40  energy = -25.524
     point #  60  energy =  -9.279
New Fermi level:    mu=  -9.259 eV  Charge distance=  0.0139 (partial c.d.=  0.0272)
SCF ITERATION NUMBER 11
     point #   1  energy = -57.000
     point #  20  energy = -45.826
     point #  40  energy = -25.511
     point #  60  energy =  -9.259
New Fermi level:    mu=  -9.239 eV  Charge distance=  0.0030 (partial c.d.=  0.0241)
SCF ITERATION NUMBER 12
     point #   1  energy = -57.000
     point #  20  energy = -45.822
     point #  40  energy = -25.498
     point #  60  energy =  -9.239
New Fermi level:    mu=  -9.225 eV  Charge distance=  0.0011 (partial c.d.=  0.0126)
SCF ITERATION NUMBER 13
     point #   1  energy = -57.000
     point #  20  energy = -45.819
     point #  40  energy = -25.489
     point #  60  energy =  -9.225
New Fermi level:    mu=  -9.229 eV  Charge distance=  0.0004 (partial c.d.=  0.0082)
SCF ITERATION NUMBER 14
     point #   1  energy = -57.000
     point #  20  energy = -45.820
     point #  40  energy = -25.491
     point #  60  energy =  -9.229
New Fermi level:    mu=  -9.227 eV  Charge distance=  0.0008 (partial c.d.=  0.0005)
SCF ITERATION NUMBER 15
     point #   1  energy = -57.000
     point #  20  energy = -45.819
     point #  40  energy = -25.490
     point #  60  energy =  -9.227
New Fermi level:    mu=  -9.223 eV  Charge distance=  0.0002 (partial c.d.=  0.0012)
SCF ITERATION NUMBER 16
     point #   1  energy = -57.000
     point #  20  energy = -45.818
     point #  40  energy = -25.488
     point #  60  energy =  -9.223
New Fermi level:    mu=  -9.223 eV  Charge distance=  0.0000 (partial c.d.=  0.0007)
SCF ITERATION NUMBER 17
     point #   1  energy = -57.000
     point #  20  energy = -45.818
     point #  40  energy = -25.488
     point #  60  energy =  -9.223
New Fermi level:    mu=  -9.224 eV  Charge distance=  0.0000 (partial c.d.=  0.0002)
Electronic configuration
  type     l     N_el
     0     0    0.445
     0     1    0.542
     0     2    9.442
     0     3    0.000
     1     0    2.210
     1     1    0.457
     1     2    0.000
     1     3    0.000
     2     0    0.487
     2     1    6.685
     2     2    3.517
     2     3    0.000
     3     0    0.445
     3     1    0.543
     3     2    9.439
     3     3    0.000
     4     0    1.847
     4     1    4.363
     4     2    0.081
     4     3    0.000
Charge transfer:  type  charge
       0   -0.571
       1   -0.333
       2   -0.311
       3   -0.573
       4    0.291
Convergence reached in   17 iterations.
Done with module: potentials.

Calculating screened core-hole potential ...
FMS for a cluster of   26 atoms around iph =   0
    0% of energy integration
   20%
   40%
   60%
   80%
  100%
Preparing response function.
Computing (1 - K Chi0)^-1 v_ch
Done with module: screened core-hole potential.

Calculating cross-section and phases ...
    absorption cross section
 x0,dx,rnrm,inrm,jnrm   8.80000000000000       5.000000000000000E-002
   2.47134350499993              195         196
    phase shifts for unique potential    0
    phase shifts for unique potential    1
    phase shifts for unique potential    2
    phase shifts for unique potential    3
    phase shifts for unique potential    4
Done with module: cross-section and phases (XSPH).

FMS calculation of full Green's function ...
FEFF-serial using 1 thread.
Using   194 energy points.
xprep done
FMS for a cluster of  278 atoms
Energy point    1/ 194
Energy point   10/ 194
Energy point   20/ 194
Energy point   30/ 194
Energy point   40/ 194
Energy point   50/ 194
Energy point   60/ 194
Energy point   70/ 194
Energy point   80/ 194
Energy point   90/ 194
Energy point  100/ 194
Energy point  110/ 194
Energy point  120/ 194
Energy point  130/ 194
Energy point  140/ 194
Energy point  150/ 194
Energy point  160/ 194
Energy point  170/ 194
Energy point  180/ 194
Energy point  190/ 194
Done with module: FMS.

MKGTR: Tracing over Green's function ...
Done with module: MKGTR.

Pathfinder: finding scattering paths...
Preparing plane wave scattering amplitudes
Searching for paths
Eliminating path degeneracies
0 paths retained.
Done with module: pathfinder.

Calculating EXAFS parameters ...
Done with module: EXAFS parameters (GENFMT).

Calculating XAS spectra ...
Done with module: XAS spectra (FF2X: DW + final sum over paths).

 
### feff ends at Mon Aug 14 06:06:45 EDT 2023
 
