### feff starts at Mon Aug 14 11:22:44 EDT 2023
### Serial version
### FeffPath is /sdcc/u/mcarbone/software/JFEFF/hsw/feff90/linux
 
Launching FEFF version FEFF 9.9.1
Core hole lifetime is   1.729 eV.
Your calculation:
 comment: None given
 Source:
 Structure Summary:  Mg8 Cu22 O30
 Reduced formula:  Mg4Cu11O15
 space group: (Pmm2), space number:  (25)
 abc:  4.039514   9.444129  16.241090
 angles: 90.000000  90.000000  90.000000
 sites: 60
Cu K edge XANES using RPA corehole.
Using:     * Self-Consistent Field potentials
Using cards:   ATOMS CONTROL EXCHANGE TITLE RPATH POTENTIALS XANES EDGE SCF FMS S02 COREHOLE EGRID

Calculating atomic potentials ...
    overlapped atomic potential and density for unique potential    0
    overlapped atomic potential and density for unique potential    1
    overlapped atomic potential and density for unique potential    2
    overlapped atomic potential and density for unique potential    3
Done with module: atomic potentials.

Calculating SCF potentials ...
FEFF-serial using 1 thread.
Muffin tin radii and interstitial parameters [bohr]:
type, norman radius, muffin tin, overlap factor
    0  1.31216E+00  1.22940E+00  1.15000E+00
    1  1.45496E+00  1.37971E+00  1.14583E+00
    2  1.31950E+00  1.23332E+00  1.15000E+00
    3  1.10055E+00  1.00832E+00  1.15000E+00
Core-valence separation energy:  ecv=   -40.000 eV
Initial Fermi level:              mu=    -0.140 eV
SCF ITERATION NUMBER  1
     point #   1  energy = -40.000
FMS for a cluster of  143 atoms around atom type   0
FMS for a cluster of  142 atoms around atom type   1
FMS for a cluster of  138 atoms around atom type   2
FMS for a cluster of  149 atoms around atom type   3
     point #  20  energy = -28.786
     point #  40  energy =  -8.536
     point #  60  energy =  -3.324
     point #  80  energy =  -3.421
New Fermi level:    mu=  -3.421 eV  Charge distance=  0.3685 (partial c.d.=  8.5165)
SCF ITERATION NUMBER  1
     point #   1  energy = -40.000
FMS for a cluster of  143 atoms around atom type   0
FMS for a cluster of  142 atoms around atom type   1
FMS for a cluster of  138 atoms around atom type   2
FMS for a cluster of  149 atoms around atom type   3
     point #  20  energy = -28.823
     point #  40  energy =  -8.502
     point #  60  energy =  -3.421
     point #  80  energy =  -5.000
     point # 100  energy =  -8.921
New Fermi level:    mu=  -9.409 eV  Charge distance=  0.2011 (partial c.d.=  1.6906)
SCF ITERATION NUMBER  1
     point #   1  energy = -40.000
FMS for a cluster of  143 atoms around atom type   0
FMS for a cluster of  142 atoms around atom type   1
FMS for a cluster of  138 atoms around atom type   2
FMS for a cluster of  149 atoms around atom type   3
     point #  20  energy = -28.783
     point #  40  energy =  -9.409
     point #  60  energy =  -9.318
     point #  80  energy =  -8.012
New Fermi level:    mu=  -8.354 eV  Charge distance=  0.1023 (partial c.d.=  1.2744)
SCF ITERATION NUMBER  2
     point #   1  energy = -40.000
     point #  20  energy = -28.771
     point #  40  energy =  -8.354
New Fermi level:    mu=  -8.370 eV  Charge distance=  0.2325 (partial c.d.=  1.1906)
SCF ITERATION NUMBER  3
     point #   1  energy = -40.000
     point #  20  energy = -28.777
     point #  40  energy =  -8.370
     point #  60  energy =  -8.302
New Fermi level:    mu=  -8.185 eV  Charge distance=  0.0509 (partial c.d.=  1.2297)
SCF ITERATION NUMBER  4
     point #   1  energy = -40.000
     point #  20  energy = -28.711
     point #  40  energy =  -8.185
     point #  60  energy =  -8.235
New Fermi level:    mu=  -8.283 eV  Charge distance=  0.0714 (partial c.d.=  0.0522)
SCF ITERATION NUMBER  5
     point #   1  energy = -40.000
     point #  20  energy = -28.746
     point #  40  energy =  -8.283
     point #  60  energy =  -8.352
New Fermi level:    mu=  -8.473 eV  Charge distance=  0.0336 (partial c.d.=  0.3988)
SCF ITERATION NUMBER  6
     point #   1  energy = -40.000
     point #  20  energy = -28.813
     point #  40  energy =  -8.473
New Fermi level:    mu=  -8.482 eV  Charge distance=  0.0075 (partial c.d.=  0.2445)
SCF ITERATION NUMBER  7
     point #   1  energy = -40.000
     point #  20  energy = -28.816
     point #  40  energy =  -8.482
New Fermi level:    mu=  -8.483 eV  Charge distance=  0.0114 (partial c.d.=  0.2012)
SCF ITERATION NUMBER  8
     point #   1  energy = -40.000
     point #  20  energy = -28.817
     point #  40  energy =  -8.483
New Fermi level:    mu=  -8.490 eV  Charge distance=  0.0295 (partial c.d.=  0.0156)
SCF ITERATION NUMBER  9
     point #   1  energy = -40.000
     point #  20  energy = -28.819
     point #  40  energy =  -8.490
New Fermi level:    mu=  -8.494 eV  Charge distance=  0.0007 (partial c.d.=  0.0455)
SCF ITERATION NUMBER 10
     point #   1  energy = -40.000
     point #  20  energy = -28.820
     point #  40  energy =  -8.494
New Fermi level:    mu=  -8.487 eV  Charge distance=  0.0013 (partial c.d.=  0.0005)
SCF ITERATION NUMBER 11
     point #   1  energy = -40.000
     point #  20  energy = -28.818
     point #  40  energy =  -8.487
New Fermi level:    mu=  -8.480 eV  Charge distance=  0.0004 (partial c.d.=  0.0056)
SCF ITERATION NUMBER 12
     point #   1  energy = -40.000
     point #  20  energy = -28.816
     point #  40  energy =  -8.480
New Fermi level:    mu=  -8.480 eV  Charge distance=  0.0001 (partial c.d.=  0.0006)
SCF ITERATION NUMBER 13
     point #   1  energy = -40.000
     point #  20  energy = -28.815
     point #  40  energy =  -8.480
New Fermi level:    mu=  -8.480 eV  Charge distance=  0.0001 (partial c.d.=  0.0004)
SCF ITERATION NUMBER 14
     point #   1  energy = -40.000
     point #  20  energy = -28.815
     point #  40  energy =  -8.480
New Fermi level:    mu=  -8.480 eV  Charge distance=  0.0000 (partial c.d.=  0.0004)
SCF ITERATION NUMBER 15
     point #   1  energy = -40.000
     point #  20  energy = -28.815
     point #  40  energy =  -8.480
New Fermi level:    mu=  -8.480 eV  Charge distance=  0.0000 (partial c.d.=  0.0000)
Electronic configuration
  type     l     N_el
     0     0    0.503
     0     1    0.575
     0     2    9.451
     0     3    0.000
     1     0    0.488
     1     1    0.781
     1     2    0.558
     1     3    0.000
     2     0    0.499
     2     1    0.574
     2     2    9.431
     2     3    0.000
     3     0    1.847
     3     1    4.499
     3     2    0.064
     3     3    0.000
Charge transfer:  type  charge
       0   -0.472
       1   -0.173
       2   -0.496
       3    0.410
Convergence reached in   15 iterations.
Done with module: potentials.

Calculating screened core-hole potential ...
FMS for a cluster of   25 atoms around iph =   0
    0% of energy integration
   20%
   40%
   60%
   80%
  100%
Preparing response function.
Computing (1 - K Chi0)^-1 v_ch
Done with module: screened core-hole potential.

Calculating cross-section and phases ...
    absorption cross section
 x0,dx,rnrm,inrm,jnrm   8.80000000000000       5.000000000000000E-002
   2.47961433499987              195         196
    phase shifts for unique potential    0
    phase shifts for unique potential    1
    phase shifts for unique potential    2
    phase shifts for unique potential    3
Done with module: cross-section and phases (XSPH).

FMS calculation of full Green's function ...
FEFF-serial using 1 thread.
Using   194 energy points.
xprep done
FMS for a cluster of  295 atoms
Energy point    1/ 194
Energy point   10/ 194
Energy point   20/ 194
Energy point   30/ 194
Energy point   40/ 194
Energy point   50/ 194
Energy point   60/ 194
Energy point   70/ 194
Energy point   80/ 194
Energy point   90/ 194
Energy point  100/ 194
Energy point  110/ 194
Energy point  120/ 194
Energy point  130/ 194
Energy point  140/ 194
Energy point  150/ 194
Energy point  160/ 194
Energy point  170/ 194
Energy point  180/ 194
Energy point  190/ 194
Done with module: FMS.

MKGTR: Tracing over Green's function ...
Done with module: MKGTR.

Pathfinder: finding scattering paths...
Preparing plane wave scattering amplitudes
Searching for paths
Eliminating path degeneracies
0 paths retained.
Done with module: pathfinder.

Calculating EXAFS parameters ...
Done with module: EXAFS parameters (GENFMT).

Calculating XAS spectra ...
Done with module: XAS spectra (FF2X: DW + final sum over paths).

 
### feff ends at Mon Aug 14 14:07:43 EDT 2023
 
