### feff starts at Mon Aug 14 01:44:07 EDT 2023
### Serial version
### FeffPath is /sdcc/u/mcarbone/software/JFEFF/hsw/feff90/linux
 
Launching FEFF version FEFF 9.9.1
Core hole lifetime is   1.729 eV.
Your calculation:
 comment: None given
 Source:
 Structure Summary:  V4 Cu6 Ni2 O12
 Reduced formula:  V2Cu3NiO6
 space group: (C2), space number:  (5)
 abc:  5.253618   5.253015  11.675961
 angles: 94.545863  85.462429  60.494018
 sites: 24
Cu K edge XANES using RPA corehole.
Using:     * Self-Consistent Field potentials
Using cards:   ATOMS CONTROL EXCHANGE TITLE RPATH POTENTIALS XANES EDGE SCF FMS S02 COREHOLE EGRID

Calculating atomic potentials ...
    overlapped atomic potential and density for unique potential    0
    overlapped atomic potential and density for unique potential    1
    overlapped atomic potential and density for unique potential    2
    overlapped atomic potential and density for unique potential    3
    overlapped atomic potential and density for unique potential    4
Done with module: atomic potentials.

Calculating SCF potentials ...
FEFF-serial using 1 thread.
Muffin tin radii and interstitial parameters [bohr]:
type, norman radius, muffin tin, overlap factor
    0  1.33379E+00  1.17315E+00  1.15000E+00
    1  1.38893E+00  1.27899E+00  1.15000E+00
    2  1.33426E+00  1.17385E+00  1.15000E+00
    3  1.41653E+00  1.34752E+00  1.13571E+00
    4  1.08140E+00  9.95800E-01  1.15000E+00
Core-valence separation energy:  ecv=   -52.500 eV
Initial Fermi level:              mu=    -0.812 eV
SCF ITERATION NUMBER  1
     point #   1  energy = -52.500
FMS for a cluster of  129 atoms around atom type   0
FMS for a cluster of  117 atoms around atom type   1
FMS for a cluster of  122 atoms around atom type   2
FMS for a cluster of  117 atoms around atom type   3
FMS for a cluster of  124 atoms around atom type   4
     point #  20  energy = -41.355
     point #  40  energy = -21.105
     point #  60  energy =  -6.233
     point #  80  energy =  -5.923
New Fermi level:    mu=  -5.795 eV  Charge distance=  1.3350 (partial c.d.= 10.1605)
SCF ITERATION NUMBER  1
     point #   1  energy = -52.500
FMS for a cluster of  129 atoms around atom type   0
FMS for a cluster of  117 atoms around atom type   1
FMS for a cluster of  122 atoms around atom type   2
FMS for a cluster of  117 atoms around atom type   3
FMS for a cluster of  124 atoms around atom type   4
     point #  20  energy = -41.331
     point #  40  energy = -21.025
     point #  60  energy =  -5.795
     point #  80  energy =  -6.076
     point # 100  energy =  -7.401
     point # 120  energy =  -7.088
New Fermi level:    mu=  -7.082 eV  Charge distance=  0.8033 (partial c.d.=  8.3018)
SCF ITERATION NUMBER  1
     point #   1  energy = -52.500
FMS for a cluster of  129 atoms around atom type   0
FMS for a cluster of  117 atoms around atom type   1
FMS for a cluster of  122 atoms around atom type   2
FMS for a cluster of  117 atoms around atom type   3
FMS for a cluster of  124 atoms around atom type   4
     point #  20  energy = -41.398
     point #  40  energy = -21.212
     point #  60  energy =  -7.082
     point #  80  energy =  -7.363
     point # 100  energy =  -9.723
New Fermi level:    mu=  -9.665 eV  Charge distance=  0.5294 (partial c.d.=  3.7551)
SCF ITERATION NUMBER  2
     point #   1  energy = -52.500
     point #  20  energy = -41.281
     point #  40  energy = -20.884
     point #  60  energy =  -9.665
New Fermi level:    mu=  -9.685 eV  Charge distance=  0.4445 (partial c.d.=  6.7127)
SCF ITERATION NUMBER  3
     point #   1  energy = -52.500
     point #  20  energy = -41.287
     point #  40  energy = -20.899
     point #  60  energy =  -9.685
     point #  80  energy =  -9.048
New Fermi level:    mu=  -8.812 eV  Charge distance=  0.0928 (partial c.d.=  6.7108)
SCF ITERATION NUMBER  4
     point #   1  energy = -52.500
     point #  20  energy = -41.324
     point #  40  energy = -21.004
     point #  60  energy =  -8.812
     point #  80  energy =  -9.253
New Fermi level:    mu=  -9.180 eV  Charge distance=  0.3163 (partial c.d.=  0.5570)
SCF ITERATION NUMBER  5
     point #   1  energy = -52.500
     point #  20  energy = -41.418
     point #  40  energy = -21.269
     point #  60  energy =  -9.180
     point #  80  energy =  -8.977
New Fermi level:    mu=  -8.981 eV  Charge distance=  0.1813 (partial c.d.=  4.6178)
SCF ITERATION NUMBER  6
     point #   1  energy = -52.500
     point #  20  energy = -41.367
     point #  40  energy = -21.126
     point #  60  energy =  -8.981
     point #  80  energy =  -9.600
New Fermi level:    mu= -10.012 eV  Charge distance=  0.0512 (partial c.d.=  4.1584)
SCF ITERATION NUMBER  7
     point #   1  energy = -52.500
     point #  20  energy = -41.372
     point #  40  energy = -21.140
     point #  60  energy = -10.012
New Fermi level:    mu=  -9.986 eV  Charge distance=  0.0534 (partial c.d.=  0.4477)
SCF ITERATION NUMBER  8
     point #   1  energy = -52.500
     point #  20  energy = -41.366
     point #  40  energy = -21.121
     point #  60  energy =  -9.986
     point #  80  energy =  -9.774
New Fermi level:    mu=  -9.768 eV  Charge distance=  0.0398 (partial c.d.=  0.3255)
SCF ITERATION NUMBER  9
     point #   1  energy = -52.500
     point #  20  energy = -41.308
     point #  40  energy = -20.960
     point #  60  energy =  -9.768
New Fermi level:    mu=  -9.789 eV  Charge distance=  0.0141 (partial c.d.=  0.3889)
SCF ITERATION NUMBER 10
     point #   1  energy = -52.500
     point #  20  energy = -41.314
     point #  40  energy = -20.975
     point #  60  energy =  -9.789
New Fermi level:    mu=  -9.756 eV  Charge distance=  0.0141 (partial c.d.=  0.1240)
SCF ITERATION NUMBER 11
     point #   1  energy = -52.500
     point #  20  energy = -41.305
     point #  40  energy = -20.951
     point #  60  energy =  -9.756
New Fermi level:    mu=  -9.772 eV  Charge distance=  0.0627 (partial c.d.=  0.0863)
SCF ITERATION NUMBER 12
     point #   1  energy = -52.500
     point #  20  energy = -41.309
     point #  40  energy = -20.963
     point #  60  energy =  -9.772
New Fermi level:    mu=  -9.692 eV  Charge distance=  0.0154 (partial c.d.=  0.5848)
SCF ITERATION NUMBER 13
     point #   1  energy = -52.500
     point #  20  energy = -41.288
     point #  40  energy = -20.904
     point #  60  energy =  -9.692
New Fermi level:    mu=  -9.728 eV  Charge distance=  0.0055 (partial c.d.=  0.2041)
SCF ITERATION NUMBER 14
     point #   1  energy = -52.500
     point #  20  energy = -41.298
     point #  40  energy = -20.930
     point #  60  energy =  -9.728
New Fermi level:    mu=  -9.717 eV  Charge distance=  0.0008 (partial c.d.=  0.0467)
SCF ITERATION NUMBER 15
     point #   1  energy = -52.500
     point #  20  energy = -41.295
     point #  40  energy = -20.922
     point #  60  energy =  -9.717
New Fermi level:    mu=  -9.719 eV  Charge distance=  0.0002 (partial c.d.=  0.0061)
SCF ITERATION NUMBER 16
     point #   1  energy = -52.500
     point #  20  energy = -41.295
     point #  40  energy = -20.924
     point #  60  energy =  -9.719
New Fermi level:    mu=  -9.719 eV  Charge distance=  0.0005 (partial c.d.=  0.0016)
SCF ITERATION NUMBER 17
     point #   1  energy = -52.500
     point #  20  energy = -41.295
     point #  40  energy = -20.923
     point #  60  energy =  -9.719
New Fermi level:    mu=  -9.720 eV  Charge distance=  0.0006 (partial c.d.=  0.0052)
SCF ITERATION NUMBER 18
     point #   1  energy = -52.500
     point #  20  energy = -41.296
     point #  40  energy = -20.924
     point #  60  energy =  -9.720
New Fermi level:    mu=  -9.722 eV  Charge distance=  0.0002 (partial c.d.=  0.0072)
SCF ITERATION NUMBER 19
     point #   1  energy = -52.500
     point #  20  energy = -41.296
     point #  40  energy = -20.925
     point #  60  energy =  -9.722
New Fermi level:    mu=  -9.721 eV  Charge distance=  0.0001 (partial c.d.=  0.0005)
SCF ITERATION NUMBER 20
     point #   1  energy = -52.500
     point #  20  energy = -41.296
     point #  40  energy = -20.925
     point #  60  energy =  -9.721
New Fermi level:    mu=  -9.721 eV  Charge distance=  0.0001 (partial c.d.=  0.0001)
Electronic configuration
  type     l     N_el
     0     0    0.585
     0     1    0.571
     0     2    9.325
     0     3    0.000
     1     0    0.445
     1     1    6.741
     1     2    3.635
     1     3    0.000
     2     0    0.583
     2     1    0.572
     2     2    9.326
     2     3    0.000
     3     0    0.503
     3     1    0.722
     3     2    8.933
     3     3    0.000
     4     0    1.836
     4     1    4.365
     4     2    0.092
     4     3    0.000
Charge transfer:  type  charge
       0   -0.519
       1   -0.179
       2   -0.519
       3    0.159
       4    0.293
Convergence reached in   20 iterations.
Done with module: potentials.

Calculating screened core-hole potential ...
FMS for a cluster of   27 atoms around iph =   0
    0% of energy integration
   20%
   40%
   60%
   80%
  100%
Preparing response function.
Computing (1 - K Chi0)^-1 v_ch
Done with module: screened core-hole potential.

Calculating cross-section and phases ...
    absorption cross section
 x0,dx,rnrm,inrm,jnrm   8.80000000000000       5.000000000000000E-002
   2.52049736299984              195         196
    phase shifts for unique potential    0
    phase shifts for unique potential    1
    phase shifts for unique potential    2
    phase shifts for unique potential    3
    phase shifts for unique potential    4
Done with module: cross-section and phases (XSPH).

FMS calculation of full Green's function ...
FEFF-serial using 1 thread.
Using   194 energy points.
xprep done
FMS for a cluster of  263 atoms
Energy point    1/ 194
Energy point   10/ 194
Energy point   20/ 194
Energy point   30/ 194
Energy point   40/ 194
Energy point   50/ 194
Energy point   60/ 194
Energy point   70/ 194
Energy point   80/ 194
Energy point   90/ 194
Energy point  100/ 194
Energy point  110/ 194
Energy point  120/ 194
Energy point  130/ 194
Energy point  140/ 194
Energy point  150/ 194
Energy point  160/ 194
Energy point  170/ 194
Energy point  180/ 194
Energy point  190/ 194
Done with module: FMS.

MKGTR: Tracing over Green's function ...
Done with module: MKGTR.

Pathfinder: finding scattering paths...
Preparing plane wave scattering amplitudes
Searching for paths
Eliminating path degeneracies
0 paths retained.
Done with module: pathfinder.

Calculating EXAFS parameters ...
Done with module: EXAFS parameters (GENFMT).

Calculating XAS spectra ...
Done with module: XAS spectra (FF2X: DW + final sum over paths).

 
### feff ends at Mon Aug 14 04:40:26 EDT 2023
 
