### feff starts at Sun Aug 13 09:26:10 EDT 2023
### Serial version
### FeffPath is /sdcc/u/mcarbone/software/JFEFF/hsw/feff90/linux
 
Launching FEFF version FEFF 9.9.1
Resetting lmaxsc to 2 for iph =    1.  Use  UNFREEZE to prevent this.
Core hole lifetime is   1.729 eV.
Your calculation:
 comment: None given
 Source:
 Structure Summary:  Ba14 Y7 Cu20 O42
 Reduced formula:  Ba14Y7(Cu10O21)2
 space group: (P1), space number:  (1)
 abc:  8.671257  12.244409  12.727892
 angles: 95.472045 105.795436  98.273461
 sites: 83
Cu K edge XANES using RPA corehole.
Using:     * Self-Consistent Field potentials
Using cards:   ATOMS CONTROL EXCHANGE TITLE RPATH POTENTIALS XANES EDGE SCF FMS S02 COREHOLE EGRID

Calculating atomic potentials ...
    overlapped atomic potential and density for unique potential    0
    overlapped atomic potential and density for unique potential    1
    overlapped atomic potential and density for unique potential    2
    overlapped atomic potential and density for unique potential    3
    overlapped atomic potential and density for unique potential    4
Done with module: atomic potentials.

Calculating SCF potentials ...
FEFF-serial using 1 thread.
Muffin tin radii and interstitial parameters [bohr]:
type, norman radius, muffin tin, overlap factor
    0  1.26891E+00  1.16787E+00  1.15000E+00
    1  2.02308E+00  1.97171E+00  1.06473E+00
    2  1.69612E+00  1.62521E+00  1.11335E+00
    3  1.28828E+00  1.19920E+00  1.15000E+00
    4  1.11466E+00  1.05713E+00  1.14546E+00
Core-valence separation energy:  ecv=   -41.500 eV
Initial Fermi level:              mu=    -2.112 eV
SCF ITERATION NUMBER  1
     point #   1  energy = -41.500
FMS for a cluster of   98 atoms around atom type   0
FMS for a cluster of   88 atoms around atom type   1
FMS for a cluster of   93 atoms around atom type   2
FMS for a cluster of   99 atoms around atom type   3
FMS for a cluster of   99 atoms around atom type   4
     point #  20  energy = -30.383
     point #  40  energy = -10.133
     point #  60  energy =  -5.577
     point #  80  energy =  -5.242
New Fermi level:    mu=  -5.229 eV  Charge distance=  0.7409 (partial c.d.=  6.4926)
SCF ITERATION NUMBER  1
     point #   1  energy = -41.500
FMS for a cluster of   98 atoms around atom type   0
FMS for a cluster of   88 atoms around atom type   1
FMS for a cluster of   93 atoms around atom type   2
FMS for a cluster of   99 atoms around atom type   3
FMS for a cluster of   99 atoms around atom type   4
     point #  20  energy = -30.417
     point #  40  energy = -10.267
     point #  60  energy =  -5.229
     point #  80  energy =  -7.054
     point # 100  energy = -10.651
     point # 120  energy = -11.139
New Fermi level:    mu= -11.129 eV  Charge distance=  0.2362 (partial c.d.=  3.8693)
SCF ITERATION NUMBER  1
     point #   1  energy = -41.500
FMS for a cluster of   98 atoms around atom type   0
FMS for a cluster of   88 atoms around atom type   1
FMS for a cluster of   93 atoms around atom type   2
FMS for a cluster of   99 atoms around atom type   3
FMS for a cluster of   99 atoms around atom type   4
     point #  20  energy = -30.364
     point #  40  energy = -11.129
     point #  60  energy = -11.038
     point #  80  energy =  -9.160
New Fermi level:    mu=  -9.212 eV  Charge distance=  0.1568 (partial c.d.=  0.3945)
SCF ITERATION NUMBER  2
     point #   1  energy = -41.500
     point #  20  energy = -30.401
     point #  40  energy = -10.221
     point #  60  energy =  -9.172
     point #  80  energy =  -8.228
New Fermi level:    mu=  -8.134 eV  Charge distance=  0.3950 (partial c.d.=  0.1928)
SCF ITERATION NUMBER  3
     point #   1  energy = -41.500
     point #  20  energy = -30.378
     point #  40  energy = -10.156
     point #  60  energy =  -8.122
New Fermi level:    mu=  -7.694 eV  Charge distance=  0.0570 (partial c.d.=  0.3225)
SCF ITERATION NUMBER  4
     point #   1  energy = -41.500
     point #  20  energy = -30.231
     point #  40  energy =  -9.743
     point #  60  energy =  -7.706
     point #  80  energy =  -8.113
New Fermi level:    mu=  -8.057 eV  Charge distance=  0.0530 (partial c.d.=  0.4511)
SCF ITERATION NUMBER  5
     point #   1  energy = -41.500
     point #  20  energy = -30.352
     point #  40  energy = -10.084
     point #  60  energy =  -8.032
New Fermi level:    mu=  -8.009 eV  Charge distance=  0.0279 (partial c.d.=  0.3824)
SCF ITERATION NUMBER  6
     point #   1  energy = -41.500
     point #  20  energy = -30.336
     point #  40  energy = -10.039
     point #  60  energy =  -8.034
New Fermi level:    mu=  -8.046 eV  Charge distance=  0.0064 (partial c.d.=  0.2547)
SCF ITERATION NUMBER  7
     point #   1  energy = -41.500
     point #  20  energy = -30.349
     point #  40  energy = -10.074
New Fermi level:    mu=  -8.049 eV  Charge distance=  0.0041 (partial c.d.=  0.0493)
SCF ITERATION NUMBER  8
     point #   1  energy = -41.500
     point #  20  energy = -30.350
     point #  40  energy = -10.076
New Fermi level:    mu=  -8.046 eV  Charge distance=  0.0049 (partial c.d.=  0.0044)
SCF ITERATION NUMBER  9
     point #   1  energy = -41.500
     point #  20  energy = -30.349
     point #  40  energy = -10.074
New Fermi level:    mu=  -8.043 eV  Charge distance=  0.0035 (partial c.d.=  0.0041)
SCF ITERATION NUMBER 10
     point #   1  energy = -41.500
     point #  20  energy = -30.348
     point #  40  energy = -10.071
New Fermi level:    mu=  -8.039 eV  Charge distance=  0.0002 (partial c.d.=  0.0012)
SCF ITERATION NUMBER 11
     point #   1  energy = -41.500
     point #  20  energy = -30.346
     point #  40  energy = -10.067
New Fermi level:    mu=  -8.038 eV  Charge distance=  0.0001 (partial c.d.=  0.0006)
SCF ITERATION NUMBER 12
     point #   1  energy = -41.500
     point #  20  energy = -30.346
     point #  40  energy = -10.066
New Fermi level:    mu=  -8.039 eV  Charge distance=  0.0001 (partial c.d.=  0.0003)
SCF ITERATION NUMBER 13
     point #   1  energy = -41.500
     point #  20  energy = -30.346
     point #  40  energy = -10.067
New Fermi level:    mu=  -8.039 eV  Charge distance=  0.0001 (partial c.d.=  0.0002)
SCF ITERATION NUMBER 14
     point #   1  energy = -41.500
     point #  20  energy = -30.346
     point #  40  energy = -10.067
New Fermi level:    mu=  -8.039 eV  Charge distance=  0.0000 (partial c.d.=  0.0001)
Electronic configuration
  type     l     N_el
     0     0    0.508
     0     1    0.598
     0     2    9.443
     0     3    0.000
     1     0    2.258
     1     1    6.309
     1     2    1.035
     1     3    0.000
     2     0    0.363
     2     1    6.545
     2     2    1.436
     2     3    0.000
     3     0    0.511
     3     1    0.598
     3     2    9.471
     3     3    0.000
     4     0    1.859
     4     1    4.519
     4     2    0.063
     4     3    0.000
Charge transfer:  type  charge
       0   -0.451
       1   -0.398
       2   -0.657
       3   -0.420
       4    0.442
Convergence reached in   14 iterations.
Done with module: potentials.

Calculating screened core-hole potential ...
FMS for a cluster of   22 atoms around iph =   0
    0% of energy integration
   20%
   40%
   60%
   80%
  100%
Preparing response function.
Computing (1 - K Chi0)^-1 v_ch
Done with module: screened core-hole potential.

Calculating cross-section and phases ...
    absorption cross section
 x0,dx,rnrm,inrm,jnrm   8.80000000000000       5.000000000000000E-002
   2.39789959199986              194         195
    phase shifts for unique potential    0
    phase shifts for unique potential    1
    phase shifts for unique potential    2
    phase shifts for unique potential    3
    phase shifts for unique potential    4
Done with module: cross-section and phases (XSPH).

FMS calculation of full Green's function ...
FEFF-serial using 1 thread.
Using   194 energy points.
xprep done
FMS for a cluster of  193 atoms
Energy point    1/ 194
Energy point   10/ 194
Energy point   20/ 194
Energy point   30/ 194
Energy point   40/ 194
Energy point   50/ 194
Energy point   60/ 194
Energy point   70/ 194
Energy point   80/ 194
Energy point   90/ 194
Energy point  100/ 194
Energy point  110/ 194
Energy point  120/ 194
Energy point  130/ 194
Energy point  140/ 194
Energy point  150/ 194
Energy point  160/ 194
Energy point  170/ 194
Energy point  180/ 194
Energy point  190/ 194
Done with module: FMS.

MKGTR: Tracing over Green's function ...
Done with module: MKGTR.

Pathfinder: finding scattering paths...
Preparing plane wave scattering amplitudes
Searching for paths
Eliminating path degeneracies
0 paths retained.
Done with module: pathfinder.

Calculating EXAFS parameters ...
Done with module: EXAFS parameters (GENFMT).

Calculating XAS spectra ...
Done with module: XAS spectra (FF2X: DW + final sum over paths).

 
### feff ends at Sun Aug 13 10:38:06 EDT 2023
 
