### feff starts at Mon Aug 14 10:58:39 EDT 2023
### Serial version
### FeffPath is /sdcc/u/mcarbone/software/JFEFF/hsw/feff90/linux
 
Launching FEFF version FEFF 9.9.1
Core hole lifetime is   1.729 eV.
Your calculation:
 comment: None given
 Source:
 Structure Summary:  Cu6 Se4 Cl4 O12
 Reduced formula:  Cu3Se2(ClO3)2
 space group: (P-1), space number:  (2)
 abc:  6.171008   8.054406   8.679008
 angles: 91.082564  94.858781  91.844539
 sites: 26
Cu K edge XANES using RPA corehole.
Using:     * Self-Consistent Field potentials
Using cards:   ATOMS CONTROL EXCHANGE TITLE RPATH POTENTIALS XANES EDGE SCF FMS S02 COREHOLE EGRID

Calculating atomic potentials ...
    overlapped atomic potential and density for unique potential    0
    overlapped atomic potential and density for unique potential    1
    overlapped atomic potential and density for unique potential    2
    overlapped atomic potential and density for unique potential    3
    overlapped atomic potential and density for unique potential    4
Done with module: atomic potentials.

Calculating SCF potentials ...
FEFF-serial using 1 thread.
Muffin tin radii and interstitial parameters [bohr]:
type, norman radius, muffin tin, overlap factor
    0  1.35546E+00  1.27267E+00  1.15000E+00
    1  1.35546E+00  1.27267E+00  1.15000E+00
    2  1.34430E+00  1.12687E+00  1.15000E+00
    3  1.58189E+00  1.40117E+00  1.15000E+00
    4  1.07253E+00  9.16244E-01  1.15000E+00
Core-valence separation energy:  ecv=   -40.000 eV
Initial Fermi level:              mu=     3.482 eV
SCF ITERATION NUMBER  1
     point #   1  energy = -40.000
FMS for a cluster of   87 atoms around atom type   0
FMS for a cluster of   85 atoms around atom type   1
FMS for a cluster of   79 atoms around atom type   2
FMS for a cluster of   82 atoms around atom type   3
FMS for a cluster of   80 atoms around atom type   4
     point #  20  energy = -28.873
     point #  40  energy =  -8.623
     point #  60  energy =  -2.654
     point #  80  energy =  -2.954
New Fermi level:    mu=  -2.957 eV  Charge distance=  0.4580 (partial c.d.=  7.5550)
SCF ITERATION NUMBER  1
     point #   1  energy = -40.000
FMS for a cluster of   87 atoms around atom type   0
FMS for a cluster of   85 atoms around atom type   1
FMS for a cluster of   79 atoms around atom type   2
FMS for a cluster of   82 atoms around atom type   3
FMS for a cluster of   80 atoms around atom type   4
     point #  20  energy = -28.987
     point #  40  energy =  -8.964
     point #  60  energy =  -2.957
     point #  80  energy =  -4.591
     point # 100  energy =  -5.713
New Fermi level:    mu=  -5.498 eV  Charge distance=  0.2063 (partial c.d.=  2.5539)
SCF ITERATION NUMBER  1
     point #   1  energy = -40.000
FMS for a cluster of   87 atoms around atom type   0
FMS for a cluster of   85 atoms around atom type   1
FMS for a cluster of   79 atoms around atom type   2
FMS for a cluster of   82 atoms around atom type   3
FMS for a cluster of   80 atoms around atom type   4
     point #  20  energy = -28.838
     point #  40  energy =  -8.542
     point #  60  energy =  -5.485
New Fermi level:    mu=  -5.238 eV  Charge distance=  0.1351 (partial c.d.=  0.2936)
SCF ITERATION NUMBER  2
     point #   1  energy = -40.000
     point #  20  energy = -28.753
     point #  40  energy =  -8.305
     point #  60  energy =  -5.225
New Fermi level:    mu=  -5.046 eV  Charge distance=  0.2982 (partial c.d.=  0.1548)
SCF ITERATION NUMBER  3
     point #   1  energy = -40.000
     point #  20  energy = -29.014
     point #  40  energy =  -9.040
     point #  60  energy =  -5.046
New Fermi level:    mu=  -5.178 eV  Charge distance=  0.1231 (partial c.d.=  0.1008)
SCF ITERATION NUMBER  4
     point #   1  energy = -40.000
     point #  20  energy = -28.734
     point #  40  energy =  -8.251
     point #  60  energy =  -5.191
New Fermi level:    mu=  -5.179 eV  Charge distance=  0.0385 (partial c.d.=  0.0642)
SCF ITERATION NUMBER  5
     point #   1  energy = -40.000
     point #  20  energy = -28.734
     point #  40  energy =  -8.252
     point #  60  energy =  -5.192
New Fermi level:    mu=  -5.205 eV  Charge distance=  0.0108 (partial c.d.=  0.0324)
SCF ITERATION NUMBER  6
     point #   1  energy = -40.000
     point #  20  energy = -28.743
     point #  40  energy =  -8.275
     point #  60  energy =  -5.193
New Fermi level:    mu=  -5.203 eV  Charge distance=  0.0144 (partial c.d.=  0.0120)
SCF ITERATION NUMBER  7
     point #   1  energy = -40.000
     point #  20  energy = -28.742
     point #  40  energy =  -8.273
     point #  60  energy =  -5.190
New Fermi level:    mu=  -5.194 eV  Charge distance=  0.0029 (partial c.d.=  0.0111)
SCF ITERATION NUMBER  8
     point #   1  energy = -40.000
     point #  20  energy = -28.739
     point #  40  energy =  -8.265
     point #  60  energy =  -5.182
New Fermi level:    mu=  -5.187 eV  Charge distance=  0.0028 (partial c.d.=  0.0005)
SCF ITERATION NUMBER  9
     point #   1  energy = -40.000
     point #  20  energy = -28.737
     point #  40  energy =  -8.259
     point #  60  energy =  -5.174
New Fermi level:    mu=  -5.179 eV  Charge distance=  0.0001 (partial c.d.=  0.0005)
SCF ITERATION NUMBER 10
     point #   1  energy = -40.000
     point #  20  energy = -28.734
     point #  40  energy =  -8.251
     point #  60  energy =  -5.166
New Fermi level:    mu=  -5.179 eV  Charge distance=  0.0002 (partial c.d.=  0.0002)
Electronic configuration
  type     l     N_el
     0     0    0.514
     0     1    0.606
     0     2    9.673
     0     3    0.000
     1     0    0.514
     1     1    0.606
     1     2    9.673
     1     3    0.000
     2     0    1.757
     2     1    2.780
     2     2    0.689
     2     3    0.000
     3     0    2.029
     3     1    4.933
     3     2    0.278
     3     3    0.000
     4     0    1.853
     4     1    4.342
     4     2    0.087
     4     3    0.000
Charge transfer:  type  charge
       0   -0.207
       1   -0.207
       2   -0.774
       3    0.240
       4    0.282
Convergence reached in   10 iterations.
Done with module: potentials.

Calculating screened core-hole potential ...
FMS for a cluster of   19 atoms around iph =   0
    0% of energy integration
   20%
   40%
   60%
   80%
  100%
Preparing response function.
Computing (1 - K Chi0)^-1 v_ch
Done with module: screened core-hole potential.

Calculating cross-section and phases ...
    absorption cross section
 x0,dx,rnrm,inrm,jnrm   8.80000000000000       5.000000000000000E-002
   2.56144083599998              195         196
    phase shifts for unique potential    0
    phase shifts for unique potential    1
    phase shifts for unique potential    2
    phase shifts for unique potential    3
    phase shifts for unique potential    4
Done with module: cross-section and phases (XSPH).

FMS calculation of full Green's function ...
FEFF-serial using 1 thread.
Using   194 energy points.
xprep done
FMS for a cluster of  176 atoms
Energy point    1/ 194
Energy point   10/ 194
Energy point   20/ 194
Energy point   30/ 194
Energy point   40/ 194
Energy point   50/ 194
Energy point   60/ 194
Energy point   70/ 194
Energy point   80/ 194
Energy point   90/ 194
Energy point  100/ 194
Energy point  110/ 194
Energy point  120/ 194
Energy point  130/ 194
Energy point  140/ 194
Energy point  150/ 194
Energy point  160/ 194
Energy point  170/ 194
Energy point  180/ 194
Energy point  190/ 194
Done with module: FMS.

MKGTR: Tracing over Green's function ...
Done with module: MKGTR.

Pathfinder: finding scattering paths...
Preparing plane wave scattering amplitudes
Searching for paths
Eliminating path degeneracies
0 paths retained.
Done with module: pathfinder.

Calculating EXAFS parameters ...
Done with module: EXAFS parameters (GENFMT).

Calculating XAS spectra ...
Done with module: XAS spectra (FF2X: DW + final sum over paths).

 
### feff ends at Mon Aug 14 11:43:32 EDT 2023
 
