### feff starts at Mon Aug 14 01:44:07 EDT 2023
### Serial version
### FeffPath is /sdcc/u/mcarbone/software/JFEFF/hsw/feff90/linux
 
Launching FEFF version FEFF 9.9.1
Core hole lifetime is   1.729 eV.
Your calculation:
 comment: None given
 Source:
 Structure Summary:  V4 Cu6 Ni2 O12
 Reduced formula:  V2Cu3NiO6
 space group: (C2), space number:  (5)
 abc:  5.253618   5.253015  11.675961
 angles: 94.545863  85.462429  60.494018
 sites: 24
Cu K edge XANES using RPA corehole.
Using:     * Self-Consistent Field potentials
Using cards:   ATOMS CONTROL EXCHANGE TITLE RPATH POTENTIALS XANES EDGE SCF FMS S02 COREHOLE EGRID

Calculating atomic potentials ...
    overlapped atomic potential and density for unique potential    0
    overlapped atomic potential and density for unique potential    1
    overlapped atomic potential and density for unique potential    2
    overlapped atomic potential and density for unique potential    3
    overlapped atomic potential and density for unique potential    4
Done with module: atomic potentials.

Calculating SCF potentials ...
FEFF-serial using 1 thread.
Muffin tin radii and interstitial parameters [bohr]:
type, norman radius, muffin tin, overlap factor
    0  1.33359E+00  1.17302E+00  1.15000E+00
    1  1.43589E+00  1.34322E+00  1.15000E+00
    2  1.33426E+00  1.17404E+00  1.15000E+00
    3  1.41652E+00  1.34757E+00  1.13557E+00
    4  1.08100E+00  9.87135E-01  1.15000E+00
Core-valence separation energy:  ecv=   -52.500 eV
Initial Fermi level:              mu=    -0.987 eV
SCF ITERATION NUMBER  1
     point #   1  energy = -52.500
FMS for a cluster of  129 atoms around atom type   0
FMS for a cluster of  117 atoms around atom type   1
FMS for a cluster of  122 atoms around atom type   2
FMS for a cluster of  117 atoms around atom type   3
FMS for a cluster of  125 atoms around atom type   4
     point #  20  energy = -41.382
     point #  40  energy = -21.132
     point #  60  energy =  -6.260
     point #  80  energy =  -6.051
New Fermi level:    mu=  -5.876 eV  Charge distance=  1.3507 (partial c.d.= 10.1625)
SCF ITERATION NUMBER  1
     point #   1  energy = -52.500
FMS for a cluster of  129 atoms around atom type   0
FMS for a cluster of  117 atoms around atom type   1
FMS for a cluster of  122 atoms around atom type   2
FMS for a cluster of  117 atoms around atom type   3
FMS for a cluster of  125 atoms around atom type   4
     point #  20  energy = -41.351
     point #  40  energy = -21.079
     point #  60  energy =  -5.876
     point #  80  energy =  -6.157
     point # 100  energy =  -7.285
New Fermi level:    mu=  -7.051 eV  Charge distance=  0.8311 (partial c.d.=  8.5788)
SCF ITERATION NUMBER  1
     point #   1  energy = -52.500
FMS for a cluster of  129 atoms around atom type   0
FMS for a cluster of  117 atoms around atom type   1
FMS for a cluster of  122 atoms around atom type   2
FMS for a cluster of  117 atoms around atom type   3
FMS for a cluster of  125 atoms around atom type   4
     point #  20  energy = -41.390
     point #  40  energy = -21.191
     point #  60  energy =  -7.051
     point #  80  energy =  -7.332
     point # 100  energy =  -9.595
New Fermi level:    mu=  -9.542 eV  Charge distance=  0.5590 (partial c.d.=  3.7003)
SCF ITERATION NUMBER  2
     point #   1  energy = -52.500
     point #  20  energy = -41.249
     point #  40  energy = -20.793
     point #  60  energy =  -9.542
New Fermi level:    mu=  -9.670 eV  Charge distance=  0.4526 (partial c.d.=  7.3318)
SCF ITERATION NUMBER  3
     point #   1  energy = -52.500
     point #  20  energy = -41.283
     point #  40  energy = -20.887
     point #  60  energy =  -9.670
     point #  80  energy =  -9.032
New Fermi level:    mu=  -8.836 eV  Charge distance=  0.0765 (partial c.d.=  7.3300)
SCF ITERATION NUMBER  4
     point #   1  energy = -52.500
     point #  20  energy = -41.330
     point #  40  energy = -21.021
     point #  60  energy =  -8.836
     point #  80  energy =  -9.276
New Fermi level:    mu=  -9.242 eV  Charge distance=  0.3274 (partial c.d.=  0.5081)
SCF ITERATION NUMBER  5
     point #   1  energy = -52.500
     point #  20  energy = -41.434
     point #  40  energy = -21.314
     point #  60  energy =  -9.242
     point #  80  energy =  -8.948
New Fermi level:    mu=  -8.896 eV  Charge distance=  0.2110 (partial c.d.=  6.0925)
SCF ITERATION NUMBER  6
     point #   1  energy = -52.500
     point #  20  energy = -41.345
     point #  40  energy = -21.064
     point #  60  energy =  -8.896
     point #  80  energy =  -9.514
New Fermi level:    mu=  -9.817 eV  Charge distance=  0.0469 (partial c.d.=  5.7306)
SCF ITERATION NUMBER  7
     point #   1  energy = -52.500
     point #  20  energy = -41.321
     point #  40  energy = -20.996
     point #  60  energy =  -9.817
New Fermi level:    mu=  -9.923 eV  Charge distance=  0.0605 (partial c.d.=  0.4162)
SCF ITERATION NUMBER  8
     point #   1  energy = -52.500
     point #  20  energy = -41.349
     point #  40  energy = -21.074
     point #  60  energy =  -9.923
     point #  80  energy =  -9.751
New Fermi level:    mu=  -9.739 eV  Charge distance=  0.0541 (partial c.d.=  0.2385)
SCF ITERATION NUMBER  9
     point #   1  energy = -52.500
     point #  20  energy = -41.301
     point #  40  energy = -20.938
     point #  60  energy =  -9.739
New Fermi level:    mu=  -9.808 eV  Charge distance=  0.0150 (partial c.d.=  0.5808)
SCF ITERATION NUMBER 10
     point #   1  energy = -52.500
     point #  20  energy = -41.319
     point #  40  energy = -20.989
     point #  60  energy =  -9.808
New Fermi level:    mu=  -9.751 eV  Charge distance=  0.0036 (partial c.d.=  0.4412)
SCF ITERATION NUMBER 11
     point #   1  energy = -52.500
     point #  20  energy = -41.304
     point #  40  energy = -20.947
     point #  60  energy =  -9.751
New Fermi level:    mu=  -9.746 eV  Charge distance=  0.0551 (partial c.d.=  0.0207)
SCF ITERATION NUMBER 12
     point #   1  energy = -52.500
     point #  20  energy = -41.302
     point #  40  energy = -20.943
     point #  60  energy =  -9.746
New Fermi level:    mu=  -9.710 eV  Charge distance=  0.0206 (partial c.d.=  0.6984)
SCF ITERATION NUMBER 13
     point #   1  energy = -52.500
     point #  20  energy = -41.293
     point #  40  energy = -20.917
     point #  60  energy =  -9.710
New Fermi level:    mu=  -9.724 eV  Charge distance=  0.0055 (partial c.d.=  0.3713)
SCF ITERATION NUMBER 14
     point #   1  energy = -52.500
     point #  20  energy = -41.297
     point #  40  energy = -20.928
     point #  60  energy =  -9.724
New Fermi level:    mu=  -9.725 eV  Charge distance=  0.0012 (partial c.d.=  0.0718)
SCF ITERATION NUMBER 15
     point #   1  energy = -52.500
     point #  20  energy = -41.297
     point #  40  energy = -20.928
     point #  60  energy =  -9.725
New Fermi level:    mu=  -9.725 eV  Charge distance=  0.0002 (partial c.d.=  0.0074)
SCF ITERATION NUMBER 16
     point #   1  energy = -52.500
     point #  20  energy = -41.297
     point #  40  energy = -20.928
     point #  60  energy =  -9.725
New Fermi level:    mu=  -9.726 eV  Charge distance=  0.0007 (partial c.d.=  0.0017)
SCF ITERATION NUMBER 17
     point #   1  energy = -52.500
     point #  20  energy = -41.297
     point #  40  energy = -20.929
     point #  60  energy =  -9.726
New Fermi level:    mu=  -9.726 eV  Charge distance=  0.0004 (partial c.d.=  0.0036)
SCF ITERATION NUMBER 18
     point #   1  energy = -52.500
     point #  20  energy = -41.297
     point #  40  energy = -20.929
     point #  60  energy =  -9.726
New Fermi level:    mu=  -9.728 eV  Charge distance=  0.0001 (partial c.d.=  0.0026)
SCF ITERATION NUMBER 19
     point #   1  energy = -52.500
     point #  20  energy = -41.298
     point #  40  energy = -20.930
     point #  60  energy =  -9.728
New Fermi level:    mu=  -9.727 eV  Charge distance=  0.0001 (partial c.d.=  0.0008)
SCF ITERATION NUMBER 20
     point #   1  energy = -52.500
     point #  20  energy = -41.298
     point #  40  energy = -20.929
     point #  60  energy =  -9.727
New Fermi level:    mu=  -9.727 eV  Charge distance=  0.0001 (partial c.d.=  0.0003)
SCF ITERATION NUMBER 21
     point #   1  energy = -52.500
     point #  20  energy = -41.297
     point #  40  energy = -20.929
     point #  60  energy =  -9.727
New Fermi level:    mu=  -9.727 eV  Charge distance=  0.0000 (partial c.d.=  0.0002)
Electronic configuration
  type     l     N_el
     0     0    0.577
     0     1    0.560
     0     2    9.327
     0     3    0.000
     1     0    0.440
     1     1    6.723
     1     2    3.688
     1     3    0.000
     2     0    0.577
     2     1    0.560
     2     2    9.330
     2     3    0.000
     3     0    0.500
     3     1    0.721
     3     2    8.934
     3     3    0.000
     4     0    1.835
     4     1    4.368
     4     2    0.089
     4     3    0.000
Charge transfer:  type  charge
       0   -0.535
       1   -0.149
       2   -0.533
       3    0.155
       4    0.291
Convergence reached in   21 iterations.
Done with module: potentials.

Calculating screened core-hole potential ...
FMS for a cluster of   27 atoms around iph =   0
    0% of energy integration
   20%
   40%
   60%
   80%
  100%
Preparing response function.
Computing (1 - K Chi0)^-1 v_ch
Done with module: screened core-hole potential.

Calculating cross-section and phases ...
    absorption cross section
 x0,dx,rnrm,inrm,jnrm   8.80000000000000       5.000000000000000E-002
   2.52012336299984              195         196
    phase shifts for unique potential    0
    phase shifts for unique potential    1
    phase shifts for unique potential    2
    phase shifts for unique potential    3
    phase shifts for unique potential    4
Done with module: cross-section and phases (XSPH).

FMS calculation of full Green's function ...
FEFF-serial using 1 thread.
Using   194 energy points.
xprep done
FMS for a cluster of  263 atoms
Energy point    1/ 194
Energy point   10/ 194
Energy point   20/ 194
Energy point   30/ 194
Energy point   40/ 194
Energy point   50/ 194
Energy point   60/ 194
Energy point   70/ 194
Energy point   80/ 194
Energy point   90/ 194
Energy point  100/ 194
Energy point  110/ 194
Energy point  120/ 194
Energy point  130/ 194
Energy point  140/ 194
Energy point  150/ 194
Energy point  160/ 194
Energy point  170/ 194
Energy point  180/ 194
Energy point  190/ 194
Done with module: FMS.

MKGTR: Tracing over Green's function ...
Done with module: MKGTR.

Pathfinder: finding scattering paths...
Preparing plane wave scattering amplitudes
Searching for paths
Eliminating path degeneracies
0 paths retained.
Done with module: pathfinder.

Calculating EXAFS parameters ...
Done with module: EXAFS parameters (GENFMT).

Calculating XAS spectra ...
Done with module: XAS spectra (FF2X: DW + final sum over paths).

 
### feff ends at Mon Aug 14 04:43:58 EDT 2023
 
