### feff starts at Sun Aug 13 09:26:11 EDT 2023
### Serial version
### FeffPath is /sdcc/u/mcarbone/software/JFEFF/hsw/feff90/linux
 
Launching FEFF version FEFF 9.9.1
Core hole lifetime is   1.729 eV.
Your calculation:
 comment: None given
 Source:
 Structure Summary:  Co1 Cu4 O8
 Reduced formula:  Co(CuO2)4
 space group: (P-1), space number:  (2)
 abc:  5.466302   5.696467   6.087222
 angles:117.708472 106.771088  90.205086
 sites: 13
Cu K edge XANES using RPA corehole.
Using:     * Self-Consistent Field potentials
Using cards:   ATOMS CONTROL EXCHANGE TITLE RPATH POTENTIALS XANES EDGE SCF FMS S02 COREHOLE EGRID

Calculating atomic potentials ...
    overlapped atomic potential and density for unique potential    0
    overlapped atomic potential and density for unique potential    1
    overlapped atomic potential and density for unique potential    2
    overlapped atomic potential and density for unique potential    3
Done with module: atomic potentials.

Calculating SCF potentials ...
FEFF-serial using 1 thread.
Muffin tin radii and interstitial parameters [bohr]:
type, norman radius, muffin tin, overlap factor
    0  1.26963E+00  1.15065E+00  1.15000E+00
    1  1.28569E+00  1.14673E+00  1.15000E+00
    2  1.27373E+00  1.15839E+00  1.15000E+00
    3  1.10547E+00  1.00200E+00  1.15000E+00
Core-valence separation energy:  ecv=   -40.000 eV
Initial Fermi level:              mu=     2.650 eV
SCF ITERATION NUMBER  1
     point #   1  energy = -40.000
FMS for a cluster of  129 atoms around atom type   0
FMS for a cluster of  121 atoms around atom type   1
FMS for a cluster of  125 atoms around atom type   2
FMS for a cluster of  123 atoms around atom type   3
     point #  20  energy = -28.839
     point #  40  energy =  -8.589
     point #  60  energy =  -2.876
     point #  80  energy =  -3.670
New Fermi level:    mu=  -3.904 eV  Charge distance=  0.5553 (partial c.d.= 10.2717)
SCF ITERATION NUMBER  1
     point #   1  energy = -40.000
FMS for a cluster of  129 atoms around atom type   0
FMS for a cluster of  121 atoms around atom type   1
FMS for a cluster of  125 atoms around atom type   2
FMS for a cluster of  123 atoms around atom type   3
     point #  20  energy = -28.971
     point #  40  energy =  -8.917
     point #  60  energy =  -3.904
     point #  80  energy =  -5.563
New Fermi level:    mu=  -6.289 eV  Charge distance=  1.3135 (partial c.d.=  8.6775)
SCF ITERATION NUMBER  1
     point #   1  energy = -40.000
FMS for a cluster of  129 atoms around atom type   0
FMS for a cluster of  121 atoms around atom type   1
FMS for a cluster of  125 atoms around atom type   2
FMS for a cluster of  123 atoms around atom type   3
     point #  20  energy = -28.763
     point #  40  energy =  -8.332
     point #  60  energy =  -6.301
     point #  80  energy =  -6.986
New Fermi level:    mu=  -7.018 eV  Charge distance=  0.8274 (partial c.d.=  8.9187)
SCF ITERATION NUMBER  2
     point #   1  energy = -40.000
     point #  20  energy = -29.006
     point #  40  energy =  -9.017
     point #  60  energy =  -7.031
New Fermi level:    mu=  -7.450 eV  Charge distance=  0.3302 (partial c.d.=  5.5149)
SCF ITERATION NUMBER  3
     point #   1  energy = -40.000
     point #  20  energy = -28.811
     point #  40  energy =  -8.468
     point #  60  energy =  -7.491
New Fermi level:    mu=  -7.634 eV  Charge distance=  0.1675 (partial c.d.=  4.8142)
SCF ITERATION NUMBER  4
     point #   1  energy = -40.000
     point #  20  energy = -28.874
     point #  40  energy =  -8.646
     point #  60  energy =  -7.597
New Fermi level:    mu=  -7.546 eV  Charge distance=  0.1547 (partial c.d.=  1.2420)
SCF ITERATION NUMBER  5
     point #   1  energy = -40.000
     point #  20  energy = -28.844
     point #  40  energy =  -8.560
     point #  60  energy =  -7.583
New Fermi level:    mu=  -7.588 eV  Charge distance=  0.1003 (partial c.d.=  0.6640)
SCF ITERATION NUMBER  6
     point #   1  energy = -40.000
     point #  20  energy = -28.858
     point #  40  energy =  -8.601
     point #  60  energy =  -7.629
New Fermi level:    mu=  -7.789 eV  Charge distance=  0.1194 (partial c.d.=  0.5111)
SCF ITERATION NUMBER  7
     point #   1  energy = -40.000
     point #  20  energy = -28.928
     point #  40  energy =  -8.796
New Fermi level:    mu=  -7.801 eV  Charge distance=  0.0429 (partial c.d.=  1.0339)
SCF ITERATION NUMBER  8
     point #   1  energy = -40.000
     point #  20  energy = -28.932
     point #  40  energy =  -8.807
New Fermi level:    mu=  -7.803 eV  Charge distance=  0.0115 (partial c.d.=  0.4844)
SCF ITERATION NUMBER  9
     point #   1  energy = -40.000
     point #  20  energy = -28.932
     point #  40  energy =  -8.809
     point #  60  energy =  -7.766
New Fermi level:    mu=  -7.719 eV  Charge distance=  0.0067 (partial c.d.=  0.0809)
SCF ITERATION NUMBER 10
     point #   1  energy = -40.000
     point #  20  energy = -28.904
     point #  40  energy =  -8.728
New Fermi level:    mu=  -7.730 eV  Charge distance=  0.0025 (partial c.d.=  0.0755)
SCF ITERATION NUMBER 11
     point #   1  energy = -40.000
     point #  20  energy = -28.907
     point #  40  energy =  -8.738
New Fermi level:    mu=  -7.727 eV  Charge distance=  0.0031 (partial c.d.=  0.0353)
SCF ITERATION NUMBER 12
     point #   1  energy = -40.000
     point #  20  energy = -28.906
     point #  40  energy =  -8.735
New Fermi level:    mu=  -7.718 eV  Charge distance=  0.0036 (partial c.d.=  0.0048)
SCF ITERATION NUMBER 13
     point #   1  energy = -40.000
     point #  20  energy = -28.903
     point #  40  energy =  -8.727
New Fermi level:    mu=  -7.709 eV  Charge distance=  0.0002 (partial c.d.=  0.0063)
SCF ITERATION NUMBER 14
     point #   1  energy = -40.000
     point #  20  energy = -28.900
     point #  40  energy =  -8.718
New Fermi level:    mu=  -7.709 eV  Charge distance=  0.0004 (partial c.d.=  0.0013)
SCF ITERATION NUMBER 15
     point #   1  energy = -40.000
     point #  20  energy = -28.900
     point #  40  energy =  -8.718
New Fermi level:    mu=  -7.710 eV  Charge distance=  0.0004 (partial c.d.=  0.0003)
SCF ITERATION NUMBER 16
     point #   1  energy = -40.000
     point #  20  energy = -28.900
     point #  40  energy =  -8.719
New Fermi level:    mu=  -7.711 eV  Charge distance=  0.0001 (partial c.d.=  0.0004)
SCF ITERATION NUMBER 17
     point #   1  energy = -40.000
     point #  20  energy = -28.901
     point #  40  energy =  -8.720
New Fermi level:    mu=  -7.711 eV  Charge distance=  0.0001 (partial c.d.=  0.0001)
Electronic configuration
  type     l     N_el
     0     0    0.524
     0     1    0.647
     0     2    9.280
     0     3    0.000
     1     0    0.556
     1     1    0.909
     1     2    7.741
     1     3    0.000
     2     0    0.516
     2     1    0.643
     2     2    9.297
     2     3    0.000
     3     0    1.866
     3     1    4.292
     3     2    0.089
     3     3    0.000
Charge transfer:  type  charge
       0   -0.548
       1    0.205
       2   -0.544
       3    0.247
Convergence reached in   17 iterations.
Done with module: potentials.

Calculating screened core-hole potential ...
FMS for a cluster of   21 atoms around iph =   0
    0% of energy integration
   20%
   40%
   60%
   80%
  100%
Preparing response function.
Computing (1 - K Chi0)^-1 v_ch
Done with module: screened core-hole potential.

Calculating cross-section and phases ...
    absorption cross section
 x0,dx,rnrm,inrm,jnrm   8.80000000000000       5.000000000000000E-002
   2.39925072899992              194         195
    phase shifts for unique potential    0
    phase shifts for unique potential    1
    phase shifts for unique potential    2
    phase shifts for unique potential    3
Done with module: cross-section and phases (XSPH).

FMS calculation of full Green's function ...
FEFF-serial using 1 thread.
Using   194 energy points.
xprep done
FMS for a cluster of  251 atoms
Energy point    1/ 194
Energy point   10/ 194
Energy point   20/ 194
Energy point   30/ 194
Energy point   40/ 194
Energy point   50/ 194
Energy point   60/ 194
Energy point   70/ 194
Energy point   80/ 194
Energy point   90/ 194
Energy point  100/ 194
Energy point  110/ 194
Energy point  120/ 194
Energy point  130/ 194
Energy point  140/ 194
Energy point  150/ 194
Energy point  160/ 194
Energy point  170/ 194
Energy point  180/ 194
Energy point  190/ 194
Done with module: FMS.

MKGTR: Tracing over Green's function ...
Done with module: MKGTR.

Pathfinder: finding scattering paths...
Preparing plane wave scattering amplitudes
Searching for paths
Eliminating path degeneracies
0 paths retained.
Done with module: pathfinder.

Calculating EXAFS parameters ...
Done with module: EXAFS parameters (GENFMT).

Calculating XAS spectra ...
Done with module: XAS spectra (FF2X: DW + final sum over paths).

 
### feff ends at Sun Aug 13 11:31:54 EDT 2023
 
