### feff starts at Mon Aug 14 11:50:20 EDT 2023
### Serial version
### FeffPath is /sdcc/u/mcarbone/software/JFEFF/hsw/feff90/linux
 
Launching FEFF version FEFF 9.9.1
Resetting lmaxsc to 2 for iph =    1.  Use  UNFREEZE to prevent this.
Core hole lifetime is   1.729 eV.
Your calculation:
 comment: None given
 Source:
 Structure Summary:  La16 Cu14 O38
 Reduced formula:  La8Cu7O19
 space group: (P1), space number:  (1)
 abc:  3.775025   7.156722  34.246983
 angles: 87.119698  86.889061  74.837545
 sites: 68
Cu K edge XANES using RPA corehole.
Using:     * Self-Consistent Field potentials
Using cards:   ATOMS CONTROL EXCHANGE TITLE RPATH POTENTIALS XANES EDGE SCF FMS S02 COREHOLE EGRID

Calculating atomic potentials ...
    overlapped atomic potential and density for unique potential    0
    overlapped atomic potential and density for unique potential    1
    overlapped atomic potential and density for unique potential    2
    overlapped atomic potential and density for unique potential    3
Done with module: atomic potentials.

Calculating SCF potentials ...
FEFF-serial using 1 thread.
Muffin tin radii and interstitial parameters [bohr]:
type, norman radius, muffin tin, overlap factor
    0  1.31159E+00  1.23388E+00  1.15000E+00
    1  1.81777E+00  1.73378E+00  1.12744E+00
    2  1.31038E+00  1.23241E+00  1.15000E+00
    3  1.09726E+00  1.04628E+00  1.12829E+00
Core-valence separation energy:  ecv=   -46.500 eV
Initial Fermi level:              mu=    -1.563 eV
SCF ITERATION NUMBER  1
     point #   1  energy = -46.500
FMS for a cluster of  105 atoms around atom type   0
FMS for a cluster of  102 atoms around atom type   1
FMS for a cluster of  101 atoms around atom type   2
FMS for a cluster of  105 atoms around atom type   3
     point #  20  energy = -35.292
     point #  40  energy = -15.042
     point #  60  energy =  -6.251
     point #  80  energy =  -5.183
New Fermi level:    mu=  -5.081 eV  Charge distance=  1.0673 (partial c.d.=  6.4672)
SCF ITERATION NUMBER  1
     point #   1  energy = -46.500
FMS for a cluster of  105 atoms around atom type   0
FMS for a cluster of  102 atoms around atom type   1
FMS for a cluster of  101 atoms around atom type   2
FMS for a cluster of  105 atoms around atom type   3
     point #  20  energy = -35.388
     point #  40  energy = -15.183
     point #  60  energy =  -5.081
     point #  80  energy =  -5.715
     point # 100  energy = -10.403
     point # 120  energy = -11.246
     point # 140  energy = -11.546
     point # 160  energy = -11.796
New Fermi level:    mu= -11.801 eV  Charge distance=  0.3223 (partial c.d.=  5.6276)
SCF ITERATION NUMBER  1
     point #   1  energy = -46.500
FMS for a cluster of  105 atoms around atom type   0
FMS for a cluster of  102 atoms around atom type   1
FMS for a cluster of  101 atoms around atom type   2
FMS for a cluster of  105 atoms around atom type   3
     point #  20  energy = -35.274
     point #  40  energy = -14.863
     point #  60  energy = -11.789
     point #  80  energy = -10.170
     point # 100  energy = -10.292
New Fermi level:    mu= -10.322 eV  Charge distance=  0.2302 (partial c.d.=  0.2140)
SCF ITERATION NUMBER  2
     point #   1  energy = -46.500
     point #  20  energy = -35.446
     point #  40  energy = -15.347
     point #  60  energy = -10.322
     point #  80  energy =  -8.916
New Fermi level:    mu=  -8.445 eV  Charge distance=  0.4225 (partial c.d.=  0.3261)
SCF ITERATION NUMBER  3
     point #   1  energy = -46.500
     point #  20  energy = -35.484
     point #  40  energy = -15.455
     point #  60  energy =  -8.445
     point #  80  energy =  -7.495
New Fermi level:    mu=  -7.302 eV  Charge distance=  0.1253 (partial c.d.=  0.7375)
SCF ITERATION NUMBER  4
     point #   1  energy = -46.500
     point #  20  energy = -35.444
     point #  40  energy = -15.342
     point #  60  energy =  -7.302
     point #  80  energy =  -8.370
New Fermi level:    mu=  -8.862 eV  Charge distance=  0.0931 (partial c.d.=  0.8478)
SCF ITERATION NUMBER  5
     point #   1  energy = -46.500
     point #  20  energy = -35.310
     point #  40  energy = -14.966
     point #  60  energy =  -8.862
     point #  80  energy =  -8.509
New Fermi level:    mu=  -8.500 eV  Charge distance=  0.0469 (partial c.d.=  0.1239)
SCF ITERATION NUMBER  6
     point #   1  energy = -46.500
     point #  20  energy = -35.500
     point #  40  energy = -15.500
     point #  60  energy =  -8.500
     point #  80  energy =  -8.175
New Fermi level:    mu=  -8.184 eV  Charge distance=  0.0068 (partial c.d.=  0.1659)
SCF ITERATION NUMBER  7
     point #   1  energy = -46.500
     point #  20  energy = -35.409
     point #  40  energy = -15.242
     point #  60  energy =  -8.184
New Fermi level:    mu=  -8.205 eV  Charge distance=  0.0031 (partial c.d.=  0.0194)
SCF ITERATION NUMBER  8
     point #   1  energy = -46.500
     point #  20  energy = -35.415
     point #  40  energy = -15.259
     point #  60  energy =  -8.205
New Fermi level:    mu=  -8.208 eV  Charge distance=  0.0023 (partial c.d.=  0.0044)
SCF ITERATION NUMBER  9
     point #   1  energy = -46.500
     point #  20  energy = -35.415
     point #  40  energy = -15.262
     point #  60  energy =  -8.208
New Fermi level:    mu=  -8.202 eV  Charge distance=  0.0011 (partial c.d.=  0.0082)
SCF ITERATION NUMBER 10
     point #   1  energy = -46.500
     point #  20  energy = -35.414
     point #  40  energy = -15.257
     point #  60  energy =  -8.202
New Fermi level:    mu=  -8.201 eV  Charge distance=  0.0005 (partial c.d.=  0.0052)
SCF ITERATION NUMBER 11
     point #   1  energy = -46.500
     point #  20  energy = -35.414
     point #  40  energy = -15.256
     point #  60  energy =  -8.201
New Fermi level:    mu=  -8.200 eV  Charge distance=  0.0001 (partial c.d.=  0.0004)
SCF ITERATION NUMBER 12
     point #   1  energy = -46.500
     point #  20  energy = -35.413
     point #  40  energy = -15.255
     point #  60  energy =  -8.200
New Fermi level:    mu=  -8.199 eV  Charge distance=  0.0002 (partial c.d.=  0.0001)
Electronic configuration
  type     l     N_el
     0     0    0.477
     0     1    0.592
     0     2    9.526
     0     3    0.000
     1     0    2.303
     1     1    6.381
     1     2    1.671
     1     3    0.000
     2     0    0.477
     2     1    0.593
     2     2    9.520
     2     3    0.000
     3     0    1.851
     3     1    4.497
     3     2    0.074
     3     3    0.000
Charge transfer:  type  charge
       0   -0.405
       1   -0.644
       2   -0.410
       3    0.422
Convergence reached in   12 iterations.
Done with module: potentials.

Calculating screened core-hole potential ...
FMS for a cluster of   21 atoms around iph =   0
    0% of energy integration
   20%
   40%
   60%
   80%
  100%
Preparing response function.
Computing (1 - K Chi0)^-1 v_ch
Done with module: screened core-hole potential.

Calculating cross-section and phases ...
    absorption cross section
 x0,dx,rnrm,inrm,jnrm   8.80000000000000       5.000000000000000E-002
   2.47855357000014              195         196
    phase shifts for unique potential    0
    phase shifts for unique potential    1
    phase shifts for unique potential    2
    phase shifts for unique potential    3
Done with module: cross-section and phases (XSPH).

FMS calculation of full Green's function ...
FEFF-serial using 1 thread.
Using   194 energy points.
xprep done
FMS for a cluster of  235 atoms
Energy point    1/ 194
Energy point   10/ 194
Energy point   20/ 194
Energy point   30/ 194
Energy point   40/ 194
Energy point   50/ 194
Energy point   60/ 194
Energy point   70/ 194
Energy point   80/ 194
Energy point   90/ 194
Energy point  100/ 194
Energy point  110/ 194
Energy point  120/ 194
Energy point  130/ 194
Energy point  140/ 194
Energy point  150/ 194
Energy point  160/ 194
Energy point  170/ 194
Energy point  180/ 194
Energy point  190/ 194
Done with module: FMS.

MKGTR: Tracing over Green's function ...
Done with module: MKGTR.

Pathfinder: finding scattering paths...
Preparing plane wave scattering amplitudes
Searching for paths
Eliminating path degeneracies
0 paths retained.
Done with module: pathfinder.

Calculating EXAFS parameters ...
Done with module: EXAFS parameters (GENFMT).

Calculating XAS spectra ...
Done with module: XAS spectra (FF2X: DW + final sum over paths).

 
### feff ends at Mon Aug 14 13:18:57 EDT 2023
 
