### feff starts at Sun Aug 13 16:13:32 EDT 2023
### Serial version
### FeffPath is /sdcc/u/mcarbone/software/JFEFF/hsw/feff90/linux
 
Launching FEFF version FEFF 9.9.1
Core hole lifetime is   1.729 eV.
Your calculation:
 comment: None given
 Source:
 Structure Summary:  Cu2 B8 O14
 Reduced formula:  CuB4O7
 space group: (Cmcm), space number:  (63)
 abc:  6.351349   6.351349   5.156318
 angles: 90.000000  90.000000 117.856129
 sites: 24
Cu K edge XANES using RPA corehole.
Using:     * Self-Consistent Field potentials
Using cards:   ATOMS CONTROL EXCHANGE TITLE RPATH POTENTIALS XANES EDGE SCF FMS S02 COREHOLE EGRID

Calculating atomic potentials ...
    overlapped atomic potential and density for unique potential    0
    overlapped atomic potential and density for unique potential    1
    overlapped atomic potential and density for unique potential    2
    overlapped atomic potential and density for unique potential    3
Done with module: atomic potentials.

Calculating SCF potentials ...
FEFF-serial using 1 thread.
Muffin tin radii and interstitial parameters [bohr]:
type, norman radius, muffin tin, overlap factor
    0  1.34016E+00  1.27716E+00  1.13006E+00
    1  1.34016E+00  1.27716E+00  1.13006E+00
    2  1.00606E+00  8.44332E-01  1.15000E+00
    3  1.01236E+00  8.70759E-01  1.15000E+00
Core-valence separation energy:  ecv=   -40.000 eV
Initial Fermi level:              mu=     6.538 eV
SCF ITERATION NUMBER  1
     point #   1  energy = -40.000
FMS for a cluster of  197 atoms around atom type   0
FMS for a cluster of  167 atoms around atom type   1
FMS for a cluster of  180 atoms around atom type   2
FMS for a cluster of  193 atoms around atom type   3
     point #  20  energy = -28.869
     point #  40  energy =  -8.619
     point #  60  energy =  -3.725
     point #  80  energy =  -2.831
New Fermi level:    mu=  -2.757 eV  Charge distance=  0.4617 (partial c.d.=  7.3725)
SCF ITERATION NUMBER  1
     point #   1  energy = -40.000
FMS for a cluster of  197 atoms around atom type   0
FMS for a cluster of  167 atoms around atom type   1
FMS for a cluster of  180 atoms around atom type   2
FMS for a cluster of  193 atoms around atom type   3
     point #  20  energy = -28.928
     point #  40  energy =  -8.797
     point #  60  energy =  -2.757
     point #  80  energy =  -4.270
     point # 100  energy =  -5.998
New Fermi level:    mu=  -5.672 eV  Charge distance=  0.1624 (partial c.d.=  2.7875)
SCF ITERATION NUMBER  1
     point #   1  energy = -40.000
FMS for a cluster of  197 atoms around atom type   0
FMS for a cluster of  167 atoms around atom type   1
FMS for a cluster of  180 atoms around atom type   2
FMS for a cluster of  193 atoms around atom type   3
     point #  20  energy = -28.894
     point #  40  energy =  -8.701
     point #  60  energy =  -5.659
New Fermi level:    mu=  -5.002 eV  Charge distance=  0.0689 (partial c.d.=  0.2859)
SCF ITERATION NUMBER  2
     point #   1  energy = -40.000
     point #  20  energy = -29.001
     point #  40  energy =  -9.001
     point #  60  energy =  -5.002
New Fermi level:    mu=  -4.647 eV  Charge distance=  0.1408 (partial c.d.=  0.1387)
SCF ITERATION NUMBER  3
     point #   1  energy = -40.000
     point #  20  energy = -28.889
     point #  40  energy =  -8.687
     point #  60  energy =  -4.647
New Fermi level:    mu=  -4.478 eV  Charge distance=  0.0644 (partial c.d.=  0.0347)
SCF ITERATION NUMBER  4
     point #   1  energy = -40.000
     point #  20  energy = -28.836
     point #  40  energy =  -8.537
     point #  60  energy =  -4.478
New Fermi level:    mu=  -4.478 eV  Charge distance=  0.0048 (partial c.d.=  0.0155)
SCF ITERATION NUMBER  5
     point #   1  energy = -40.000
     point #  20  energy = -28.836
     point #  40  energy =  -8.538
     point #  60  energy =  -4.478
New Fermi level:    mu=  -4.518 eV  Charge distance=  0.0030 (partial c.d.=  0.0084)
SCF ITERATION NUMBER  6
     point #   1  energy = -40.000
     point #  20  energy = -28.849
     point #  40  energy =  -8.573
     point #  60  energy =  -4.518
New Fermi level:    mu=  -4.538 eV  Charge distance=  0.0009 (partial c.d.=  0.0047)
SCF ITERATION NUMBER  7
     point #   1  energy = -40.000
     point #  20  energy = -28.855
     point #  40  energy =  -8.590
     point #  60  energy =  -4.538
New Fermi level:    mu=  -4.538 eV  Charge distance=  0.0023 (partial c.d.=  0.0011)
SCF ITERATION NUMBER  8
     point #   1  energy = -40.000
     point #  20  energy = -28.855
     point #  40  energy =  -8.591
     point #  60  energy =  -4.538
New Fermi level:    mu=  -4.539 eV  Charge distance=  0.0014 (partial c.d.=  0.0013)
SCF ITERATION NUMBER  9
     point #   1  energy = -40.000
     point #  20  energy = -28.855
     point #  40  energy =  -8.592
     point #  60  energy =  -4.539
New Fermi level:    mu=  -4.540 eV  Charge distance=  0.0002 (partial c.d.=  0.0012)
SCF ITERATION NUMBER 10
     point #   1  energy = -40.000
     point #  20  energy = -28.855
     point #  40  energy =  -8.592
     point #  60  energy =  -4.540
New Fermi level:    mu=  -4.540 eV  Charge distance=  0.0000 (partial c.d.=  0.0002)
Electronic configuration
  type     l     N_el
     0     0    0.494
     0     1    0.765
     0     2    9.668
     0     3    0.000
     1     0    0.495
     1     1    0.759
     1     2    9.670
     1     3    0.000
     2     0    0.809
     2     1    1.725
     2     2    0.000
     2     3    0.000
     3     0    1.781
     3     1    4.403
     3     2    0.093
     3     3    0.000
Charge transfer:  type  charge
       0   -0.073
       1   -0.076
       2   -0.466
       3    0.277
Convergence reached in   10 iterations.
Done with module: potentials.

Calculating screened core-hole potential ...
FMS for a cluster of   38 atoms around iph =   0
    0% of energy integration
   20%
   40%
   60%
   80%
  100%
Preparing response function.
Computing (1 - K Chi0)^-1 v_ch
Done with module: screened core-hole potential.

Calculating cross-section and phases ...
    absorption cross section
 x0,dx,rnrm,inrm,jnrm   8.80000000000000       5.000000000000000E-002
   2.53252980300019              195         196
    phase shifts for unique potential    0
    phase shifts for unique potential    1
    phase shifts for unique potential    2
    phase shifts for unique potential    3
Done with module: cross-section and phases (XSPH).

FMS calculation of full Green's function ...
FEFF-serial using 1 thread.
Using   194 energy points.
xprep done
FMS for a cluster of  380 atoms
Energy point    1/ 194
Energy point   10/ 194
Energy point   20/ 194
Energy point   30/ 194
Energy point   40/ 194
Energy point   50/ 194
Energy point   60/ 194
Energy point   70/ 194
Energy point   80/ 194
Energy point   90/ 194
Energy point  100/ 194
Energy point  110/ 194
Energy point  120/ 194
Energy point  130/ 194
Energy point  140/ 194
Energy point  150/ 194
Energy point  160/ 194
Energy point  170/ 194
Energy point  180/ 194
Energy point  190/ 194
Done with module: FMS.

MKGTR: Tracing over Green's function ...
Done with module: MKGTR.

Pathfinder: finding scattering paths...
Preparing plane wave scattering amplitudes
Searching for paths
Eliminating path degeneracies
0 paths retained.
Done with module: pathfinder.

Calculating EXAFS parameters ...
Done with module: EXAFS parameters (GENFMT).

Calculating XAS spectra ...
Done with module: XAS spectra (FF2X: DW + final sum over paths).

 
### feff ends at Sun Aug 13 19:16:12 EDT 2023
 
