### feff starts at Sun Aug 13 13:50:07 EDT 2023
### Serial version
### FeffPath is /sdcc/u/mcarbone/software/JFEFF/hsw/feff90/linux
 
Launching FEFF version FEFF 9.9.1
Resetting lmaxsc to 2 for iph =    1.  Use  UNFREEZE to prevent this.
Core hole lifetime is   1.729 eV.
Your calculation:
 comment: None given
 Source:
 Structure Summary:  La8 Cu12 Mo18 O72
 Reduced formula:  La4Cu6(MoO4)9
 space group: (R3c), space number:  (161)
 abc: 12.972300  12.972300  12.972299
 angles:109.484116 109.484116 109.484114
 sites: 110
Cu K edge XANES using RPA corehole.
Using:     * Self-Consistent Field potentials
Using cards:   ATOMS CONTROL EXCHANGE TITLE RPATH POTENTIALS XANES EDGE SCF FMS S02 COREHOLE EGRID

Calculating atomic potentials ...
    overlapped atomic potential and density for unique potential    0
    overlapped atomic potential and density for unique potential    1
    overlapped atomic potential and density for unique potential    2
    overlapped atomic potential and density for unique potential    3
    overlapped atomic potential and density for unique potential    4
Done with module: atomic potentials.

Calculating SCF potentials ...
FEFF-serial using 1 thread.
Muffin tin radii and interstitial parameters [bohr]:
type, norman radius, muffin tin, overlap factor
    0  1.36064E+00  1.22608E+00  1.15000E+00
    1  1.87429E+00  1.79749E+00  1.11074E+00
    2  1.36029E+00  1.23897E+00  1.15000E+00
    3  1.35787E+00  1.15399E+00  1.15000E+00
    4  1.08497E+00  9.79792E-01  1.15000E+00
Core-valence separation energy:  ecv=   -46.000 eV
Initial Fermi level:              mu=     2.967 eV
SCF ITERATION NUMBER  1
     point #   1  energy = -46.000
FMS for a cluster of   93 atoms around atom type   0
FMS for a cluster of   84 atoms around atom type   1
FMS for a cluster of   88 atoms around atom type   2
FMS for a cluster of   92 atoms around atom type   3
FMS for a cluster of   92 atoms around atom type   4
     point #  20  energy = -34.801
     point #  40  energy = -14.551
     point #  60  energy =  -5.761
     point #  80  energy =  -4.495
New Fermi level:    mu=  -4.349 eV  Charge distance=  0.8290 (partial c.d.=  6.5929)
SCF ITERATION NUMBER  1
     point #   1  energy = -46.000
FMS for a cluster of   93 atoms around atom type   0
FMS for a cluster of   84 atoms around atom type   1
FMS for a cluster of   88 atoms around atom type   2
FMS for a cluster of   92 atoms around atom type   3
FMS for a cluster of   92 atoms around atom type   4
     point #  20  energy = -34.825
     point #  40  energy = -14.508
     point #  60  energy =  -4.349
     point #  80  energy =  -5.243
     point # 100  energy =  -6.027
New Fermi level:    mu=  -5.775 eV  Charge distance=  0.3688 (partial c.d.=  4.7272)
SCF ITERATION NUMBER  1
     point #   1  energy = -46.000
FMS for a cluster of   93 atoms around atom type   0
FMS for a cluster of   84 atoms around atom type   1
FMS for a cluster of   88 atoms around atom type   2
FMS for a cluster of   92 atoms around atom type   3
FMS for a cluster of   92 atoms around atom type   4
     point #  20  energy = -34.938
     point #  40  energy = -14.826
     point #  60  energy =  -5.775
     point #  80  energy =  -6.238
New Fermi level:    mu=  -6.069 eV  Charge distance=  0.1530 (partial c.d.=  1.0489)
SCF ITERATION NUMBER  2
     point #   1  energy = -46.000
     point #  20  energy = -34.737
     point #  40  energy = -14.260
     point #  60  energy =  -6.069
New Fermi level:    mu=  -5.971 eV  Charge distance=  0.3068 (partial c.d.=  0.4166)
SCF ITERATION NUMBER  3
     point #   1  energy = -46.000
     point #  20  energy = -34.992
     point #  40  energy = -14.977
     point #  60  energy =  -5.971
New Fermi level:    mu=  -5.821 eV  Charge distance=  0.1707 (partial c.d.=  0.5636)
SCF ITERATION NUMBER  4
     point #   1  energy = -46.000
     point #  20  energy = -34.951
     point #  40  energy = -14.861
     point #  60  energy =  -5.821
     point #  80  energy =  -6.171
New Fermi level:    mu=  -6.075 eV  Charge distance=  0.0549 (partial c.d.=  0.7330)
SCF ITERATION NUMBER  5
     point #   1  energy = -46.000
     point #  20  energy = -34.739
     point #  40  energy = -14.265
     point #  60  energy =  -6.075
New Fermi level:    mu=  -5.975 eV  Charge distance=  0.0089 (partial c.d.=  0.3117)
SCF ITERATION NUMBER  6
     point #   1  energy = -46.000
     point #  20  energy = -34.993
     point #  40  energy = -14.981
     point #  60  energy =  -5.975
New Fermi level:    mu=  -5.995 eV  Charge distance=  0.0053 (partial c.d.=  0.0718)
SCF ITERATION NUMBER  7
     point #   1  energy = -46.000
     point #  20  energy = -34.999
     point #  40  energy = -14.996
     point #  60  energy =  -5.995
New Fermi level:    mu=  -5.995 eV  Charge distance=  0.0103 (partial c.d.=  0.0054)
SCF ITERATION NUMBER  8
     point #   1  energy = -46.000
     point #  20  energy = -34.999
     point #  40  energy = -14.996
     point #  60  energy =  -5.995
New Fermi level:    mu=  -5.989 eV  Charge distance=  0.0019 (partial c.d.=  0.0090)
SCF ITERATION NUMBER  9
     point #   1  energy = -46.000
     point #  20  energy = -34.997
     point #  40  energy = -14.992
     point #  60  energy =  -5.989
New Fermi level:    mu=  -5.988 eV  Charge distance=  0.0013 (partial c.d.=  0.0021)
SCF ITERATION NUMBER 10
     point #   1  energy = -46.000
     point #  20  energy = -34.997
     point #  40  energy = -14.991
     point #  60  energy =  -5.988
New Fermi level:    mu=  -5.987 eV  Charge distance=  0.0006 (partial c.d.=  0.0017)
SCF ITERATION NUMBER 11
     point #   1  energy = -46.000
     point #  20  energy = -34.997
     point #  40  energy = -14.990
     point #  60  energy =  -5.987
New Fermi level:    mu=  -5.987 eV  Charge distance=  0.0001 (partial c.d.=  0.0008)
SCF ITERATION NUMBER 12
     point #   1  energy = -46.000
     point #  20  energy = -34.996
     point #  40  energy = -14.990
     point #  60  energy =  -5.987
New Fermi level:    mu=  -5.987 eV  Charge distance=  0.0002 (partial c.d.=  0.0002)
Electronic configuration
  type     l     N_el
     0     0    0.606
     0     1    0.677
     0     2    9.545
     0     3    0.000
     1     0    2.326
     1     1    6.474
     1     2    1.765
     1     3    0.000
     2     0    0.581
     2     1    0.680
     2     2    9.554
     2     3    0.000
     3     0    0.446
     3     1    6.550
     3     2    4.006
     3     3    0.000
     4     0    1.870
     4     1    4.354
     4     2    0.104
     4     3    0.000
Charge transfer:  type  charge
       0   -0.173
       1   -0.435
       2   -0.186
       3   -0.998
       4    0.329
Convergence reached in   12 iterations.
Done with module: potentials.

Calculating screened core-hole potential ...
FMS for a cluster of   20 atoms around iph =   0
    0% of energy integration
   20%
   40%
   60%
   80%
  100%
Preparing response function.
Computing (1 - K Chi0)^-1 v_ch
Done with module: screened core-hole potential.

Calculating cross-section and phases ...
    absorption cross section
 x0,dx,rnrm,inrm,jnrm   8.80000000000000       5.000000000000000E-002
   2.57122733500008              195         196
    phase shifts for unique potential    0
    phase shifts for unique potential    1
    phase shifts for unique potential    2
    phase shifts for unique potential    3
    phase shifts for unique potential    4
Done with module: cross-section and phases (XSPH).

FMS calculation of full Green's function ...
FEFF-serial using 1 thread.
Using   194 energy points.
xprep done
FMS for a cluster of  201 atoms
Energy point    1/ 194
Energy point   10/ 194
Energy point   20/ 194
Energy point   30/ 194
Energy point   40/ 194
Energy point   50/ 194
Energy point   60/ 194
Energy point   70/ 194
Energy point   80/ 194
Energy point   90/ 194
Energy point  100/ 194
Energy point  110/ 194
Energy point  120/ 194
Energy point  130/ 194
Energy point  140/ 194
Energy point  150/ 194
Energy point  160/ 194
Energy point  170/ 194
Energy point  180/ 194
Energy point  190/ 194
Done with module: FMS.

MKGTR: Tracing over Green's function ...
Done with module: MKGTR.

Pathfinder: finding scattering paths...
Preparing plane wave scattering amplitudes
Searching for paths
Eliminating path degeneracies
0 paths retained.
Done with module: pathfinder.

Calculating EXAFS parameters ...
Done with module: EXAFS parameters (GENFMT).

Calculating XAS spectra ...
Done with module: XAS spectra (FF2X: DW + final sum over paths).

 
### feff ends at Sun Aug 13 14:55:37 EDT 2023
 
