### feff starts at Mon Aug 14 12:32:33 EDT 2023
### Serial version
### FeffPath is /sdcc/u/mcarbone/software/JFEFF/hsw/feff90/linux
 
Launching FEFF version FEFF 9.9.1
Core hole lifetime is   1.729 eV.
Your calculation:
 comment: None given
 Source:
 Structure Summary:  Co10 Cu2 O16
 Reduced formula:  Co5CuO8
 space group: (P1), space number:  (1)
 abc:  5.768819  10.086791   5.767470
 angles: 73.463123 119.961410  90.035371
 sites: 28
Cu K edge XANES using RPA corehole.
Using:     * Self-Consistent Field potentials
Using cards:   ATOMS CONTROL EXCHANGE TITLE RPATH POTENTIALS XANES EDGE SCF FMS S02 COREHOLE EGRID

Calculating atomic potentials ...
    overlapped atomic potential and density for unique potential    0
    overlapped atomic potential and density for unique potential    1
    overlapped atomic potential and density for unique potential    2
    overlapped atomic potential and density for unique potential    3
Done with module: atomic potentials.

Calculating SCF potentials ...
FEFF-serial using 1 thread.
Muffin tin radii and interstitial parameters [bohr]:
type, norman radius, muffin tin, overlap factor
    0  1.27012E+00  1.21560E+00  1.11688E+00
    1  1.31884E+00  1.22572E+00  1.15000E+00
    2  1.27077E+00  1.21613E+00  1.11711E+00
    3  1.06970E+00  1.00199E+00  1.15000E+00
Core-valence separation energy:  ecv=   -40.000 eV
Initial Fermi level:              mu=     0.194 eV
SCF ITERATION NUMBER  1
     point #   1  energy = -40.000
FMS for a cluster of  154 atoms around atom type   0
FMS for a cluster of  150 atoms around atom type   1
FMS for a cluster of  106 atoms around atom type   2
FMS for a cluster of  147 atoms around atom type   3
     point #  20  energy = -28.924
     point #  40  energy =  -8.674
     point #  60  energy =  -9.467
 Found bad counts.
  Occupation number in getorb is    10.000
  Will repeat this iteration.
 Found bad counts.
  Occupation number in getorb is    10.000
  Will repeat this iteration.
New Fermi level:    mu=  -9.890 eV  Charge distance=  1.9208 (partial c.d.=  8.7196)
SCF ITERATION NUMBER  1
     point #   1  energy = -40.000
FMS for a cluster of  154 atoms around atom type   0
FMS for a cluster of  150 atoms around atom type   1
FMS for a cluster of  106 atoms around atom type   2
FMS for a cluster of  147 atoms around atom type   3
     point #  20  energy = -28.960
     point #  40  energy =  -9.890
     point #  60  energy =  -9.799
     point #  80  energy =  -8.315
     point # 100  energy =  -8.662
New Fermi level:    mu=  -8.711 eV  Charge distance=  0.6136 (partial c.d.=  9.7404)
SCF ITERATION NUMBER  1
     point #   1  energy = -40.000
FMS for a cluster of  154 atoms around atom type   0
FMS for a cluster of  150 atoms around atom type   1
FMS for a cluster of  106 atoms around atom type   2
FMS for a cluster of  147 atoms around atom type   3
     point #  20  energy = -28.897
     point #  40  energy =  -8.711
     point #  60  energy =  -8.751
     point #  80  energy = -11.220
     point # 100  energy = -11.883
New Fermi level:    mu= -11.956 eV  Charge distance=  0.3314 (partial c.d.=  0.9961)
SCF ITERATION NUMBER  2
     point #   1  energy = -40.000
     point #  20  energy = -28.983
     point #  40  energy = -11.956
     point #  60  energy = -11.803
New Fermi level:    mu= -11.703 eV  Charge distance=  0.3118 (partial c.d.=  0.3940)
SCF ITERATION NUMBER  3
     point #   1  energy = -40.000
     point #  20  energy = -28.883
     point #  40  energy = -11.703
     point #  60  energy = -11.534
     point #  80  energy = -10.834
New Fermi level:    mu= -10.830 eV  Charge distance=  0.2603 (partial c.d.=  8.4598)
SCF ITERATION NUMBER  4
     point #   1  energy = -40.000
     point #  20  energy = -28.935
     point #  40  energy = -10.830
     point #  60  energy = -10.920
New Fermi level:    mu= -11.578 eV  Charge distance=  0.0257 (partial c.d.=  8.1442)
SCF ITERATION NUMBER  5
     point #   1  energy = -40.000
     point #  20  energy = -28.834
     point #  40  energy = -11.578
New Fermi level:    mu= -11.548 eV  Charge distance=  0.0652 (partial c.d.=  0.2398)
SCF ITERATION NUMBER  6
     point #   1  energy = -40.000
     point #  20  energy = -28.823
     point #  40  energy = -11.548
New Fermi level:    mu= -11.499 eV  Charge distance=  0.0963 (partial c.d.=  0.7898)
SCF ITERATION NUMBER  7
     point #   1  energy = -40.000
     point #  20  energy = -28.803
     point #  40  energy = -11.499
     point #  60  energy = -11.577
New Fermi level:    mu= -11.687 eV  Charge distance=  0.0639 (partial c.d.=  2.2162)
SCF ITERATION NUMBER  8
     point #   1  energy = -40.000
     point #  20  energy = -28.877
     point #  40  energy = -11.687
New Fermi level:    mu= -11.635 eV  Charge distance=  0.0213 (partial c.d.=  1.3558)
SCF ITERATION NUMBER  9
     point #   1  energy = -40.000
     point #  20  energy = -28.856
     point #  40  energy = -11.635
     point #  60  energy = -11.482
New Fermi level:    mu= -11.504 eV  Charge distance=  0.0083 (partial c.d.=  0.3724)
SCF ITERATION NUMBER 10
     point #   1  energy = -40.000
     point #  20  energy = -28.805
     point #  40  energy = -11.504
New Fermi level:    mu= -11.530 eV  Charge distance=  0.0068 (partial c.d.=  0.3250)
SCF ITERATION NUMBER 11
     point #   1  energy = -40.000
     point #  20  energy = -28.815
     point #  40  energy = -11.530
New Fermi level:    mu= -11.537 eV  Charge distance=  0.0017 (partial c.d.=  0.1878)
SCF ITERATION NUMBER 12
     point #   1  energy = -40.000
     point #  20  energy = -28.818
     point #  40  energy = -11.537
New Fermi level:    mu= -11.535 eV  Charge distance=  0.0006 (partial c.d.=  0.0267)
SCF ITERATION NUMBER 13
     point #   1  energy = -40.000
     point #  20  energy = -28.817
     point #  40  energy = -11.535
New Fermi level:    mu= -11.534 eV  Charge distance=  0.0047 (partial c.d.=  0.0047)
SCF ITERATION NUMBER 14
     point #   1  energy = -40.000
     point #  20  energy = -28.817
     point #  40  energy = -11.534
New Fermi level:    mu= -11.527 eV  Charge distance=  0.0027 (partial c.d.=  0.0231)
SCF ITERATION NUMBER 15
     point #   1  energy = -40.000
     point #  20  energy = -28.814
     point #  40  energy = -11.527
New Fermi level:    mu= -11.523 eV  Charge distance=  0.0003 (partial c.d.=  0.0185)
SCF ITERATION NUMBER 16
     point #   1  energy = -40.000
     point #  20  energy = -28.813
     point #  40  energy = -11.523
New Fermi level:    mu= -11.524 eV  Charge distance=  0.0003 (partial c.d.=  0.0003)
SCF ITERATION NUMBER 17
     point #   1  energy = -40.000
     point #  20  energy = -28.813
     point #  40  energy = -11.524
New Fermi level:    mu= -11.524 eV  Charge distance=  0.0001 (partial c.d.=  0.0023)
SCF ITERATION NUMBER 18
     point #   1  energy = -40.000
     point #  20  energy = -28.813
     point #  40  energy = -11.524
New Fermi level:    mu= -11.525 eV  Charge distance=  0.0001 (partial c.d.=  0.0016)
SCF ITERATION NUMBER 19
     point #   1  energy = -40.000
     point #  20  energy = -28.813
     point #  40  energy = -11.525
New Fermi level:    mu= -11.525 eV  Charge distance=  0.0000 (partial c.d.=  0.0006)
SCF ITERATION NUMBER 20
     point #   1  energy = -40.000
     point #  20  energy = -28.813
     point #  40  energy = -11.525
New Fermi level:    mu= -11.525 eV  Charge distance=  0.0000 (partial c.d.=  0.0001)
Electronic configuration
  type     l     N_el
     0     0    0.408
     0     1    0.538
     0     2    9.198
     0     3    0.000
     1     0    0.509
     1     1    0.799
     1     2    7.598
     1     3    0.000
     2     0    0.410
     2     1    0.536
     2     2    9.204
     2     3    0.000
     3     0    1.823
     3     1    4.250
     3     2    0.093
     3     3    0.000
Charge transfer:  type  charge
       0   -0.856
       1   -0.095
       2   -0.851
       3    0.166
Convergence reached in   20 iterations.
Done with module: potentials.

Calculating screened core-hole potential ...
FMS for a cluster of   27 atoms around iph =   0
    0% of energy integration
   20%
   40%
   60%
   80%
  100%
Preparing response function.
Computing (1 - K Chi0)^-1 v_ch
Done with module: screened core-hole potential.

Calculating cross-section and phases ...
    absorption cross section
 x0,dx,rnrm,inrm,jnrm   8.80000000000000       5.000000000000000E-002
   2.40017783900000              194         195
    phase shifts for unique potential    0
    phase shifts for unique potential    1
    phase shifts for unique potential    2
    phase shifts for unique potential    3
Done with module: cross-section and phases (XSPH).

FMS calculation of full Green's function ...
FEFF-serial using 1 thread.
Using   194 energy points.
xprep done
FMS for a cluster of  325 atoms
Energy point    1/ 194
Energy point   10/ 194
Energy point   20/ 194
Energy point   30/ 194
Energy point   40/ 194
Energy point   50/ 194
Energy point   60/ 194
Energy point   70/ 194
Energy point   80/ 194
Energy point   90/ 194
Energy point  100/ 194
Energy point  110/ 194
Energy point  120/ 194
Energy point  130/ 194
Energy point  140/ 194
Energy point  150/ 194
Energy point  160/ 194
Energy point  170/ 194
Energy point  180/ 194
Energy point  190/ 194
Done with module: FMS.

MKGTR: Tracing over Green's function ...
Done with module: MKGTR.

Pathfinder: finding scattering paths...
Preparing plane wave scattering amplitudes
Searching for paths
Eliminating path degeneracies
0 paths retained.
Done with module: pathfinder.

Calculating EXAFS parameters ...
Done with module: EXAFS parameters (GENFMT).

Calculating XAS spectra ...
Done with module: XAS spectra (FF2X: DW + final sum over paths).

 
### feff ends at Mon Aug 14 15:59:32 EDT 2023
 
