### feff starts at Mon Aug 14 05:00:08 EDT 2023
### Serial version
### FeffPath is /sdcc/u/mcarbone/software/JFEFF/hsw/feff90/linux
 
Launching FEFF version FEFF 9.9.1
Core hole lifetime is   1.729 eV.
Your calculation:
 comment: None given
 Source:
 Structure Summary:  Cu64 Se48 O160
 Reduced formula:  Cu4Se3O10
 space group: (P2_1/c), space number:  (14)
 abc: 13.682806  16.215000  18.018731
 angles: 90.879560  90.000000  90.000000
 sites: 272
Cu K edge XANES using RPA corehole.
Using:     * Self-Consistent Field potentials
Using cards:   ATOMS CONTROL EXCHANGE TITLE RPATH POTENTIALS XANES EDGE SCF FMS S02 COREHOLE EGRID

Calculating atomic potentials ...
    overlapped atomic potential and density for unique potential    0
    overlapped atomic potential and density for unique potential    1
    overlapped atomic potential and density for unique potential    2
    overlapped atomic potential and density for unique potential    3
Done with module: atomic potentials.

Calculating SCF potentials ...
FEFF-serial using 1 thread.
Muffin tin radii and interstitial parameters [bohr]:
type, norman radius, muffin tin, overlap factor
    0  1.34639E+00  1.26430E+00  1.15000E+00
    1  1.35116E+00  1.26981E+00  1.15000E+00
    2  1.32680E+00  1.09881E+00  1.15000E+00
    3  1.07571E+00  9.32315E-01  1.15000E+00
Core-valence separation energy:  ecv=   -40.000 eV
Initial Fermi level:              mu=     5.386 eV
SCF ITERATION NUMBER  1
     point #   1  energy = -40.000
FMS for a cluster of   90 atoms around atom type   0
FMS for a cluster of   92 atoms around atom type   1
FMS for a cluster of   93 atoms around atom type   2
FMS for a cluster of   92 atoms around atom type   3
     point #  20  energy = -28.894
     point #  40  energy =  -8.644
     point #  60  energy =  -2.391
     point #  80  energy =  -2.747
New Fermi level:    mu=  -2.748 eV  Charge distance=  0.4347 (partial c.d.=  7.6732)
SCF ITERATION NUMBER  1
     point #   1  energy = -40.000
FMS for a cluster of   90 atoms around atom type   0
FMS for a cluster of   92 atoms around atom type   1
FMS for a cluster of   93 atoms around atom type   2
FMS for a cluster of   92 atoms around atom type   3
     point #  20  energy = -28.925
     point #  40  energy =  -8.789
     point #  60  energy =  -2.748
     point #  80  energy =  -4.395
     point # 100  energy =  -5.786
New Fermi level:    mu=  -5.753 eV  Charge distance=  0.2126 (partial c.d.=  2.4448)
SCF ITERATION NUMBER  1
     point #   1  energy = -40.000
FMS for a cluster of   90 atoms around atom type   0
FMS for a cluster of   92 atoms around atom type   1
FMS for a cluster of   93 atoms around atom type   2
FMS for a cluster of   92 atoms around atom type   3
     point #  20  energy = -28.920
     point #  40  energy =  -8.775
     point #  60  energy =  -5.741
     point #  80  energy =  -5.338
New Fermi level:    mu=  -5.397 eV  Charge distance=  0.1368 (partial c.d.=  0.3422)
SCF ITERATION NUMBER  2
     point #   1  energy = -40.000
     point #  20  energy = -28.805
     point #  40  energy =  -8.450
     point #  60  energy =  -5.384
     point #  80  energy =  -5.162
New Fermi level:    mu=  -5.185 eV  Charge distance=  0.3136 (partial c.d.=  0.1385)
SCF ITERATION NUMBER  3
     point #   1  energy = -40.000
     point #  20  energy = -28.736
     point #  40  energy =  -8.257
     point #  60  energy =  -5.198
New Fermi level:    mu=  -5.315 eV  Charge distance=  0.1106 (partial c.d.=  0.1058)
SCF ITERATION NUMBER  4
     point #   1  energy = -40.000
     point #  20  energy = -28.778
     point #  40  energy =  -8.376
     point #  60  energy =  -5.303
New Fermi level:    mu=  -5.292 eV  Charge distance=  0.0432 (partial c.d.=  0.0944)
SCF ITERATION NUMBER  5
     point #   1  energy = -40.000
     point #  20  energy = -28.771
     point #  40  energy =  -8.354
     point #  60  energy =  -5.304
New Fermi level:    mu=  -5.349 eV  Charge distance=  0.0076 (partial c.d.=  0.0345)
SCF ITERATION NUMBER  6
     point #   1  energy = -40.000
     point #  20  energy = -28.789
     point #  40  energy =  -8.406
     point #  60  energy =  -5.362
New Fermi level:    mu=  -5.352 eV  Charge distance=  0.0102 (partial c.d.=  0.0104)
SCF ITERATION NUMBER  7
     point #   1  energy = -40.000
     point #  20  energy = -28.790
     point #  40  energy =  -8.410
     point #  60  energy =  -5.340
New Fermi level:    mu=  -5.348 eV  Charge distance=  0.0033 (partial c.d.=  0.0088)
SCF ITERATION NUMBER  8
     point #   1  energy = -40.000
     point #  20  energy = -28.789
     point #  40  energy =  -8.405
     point #  60  energy =  -5.335
New Fermi level:    mu=  -5.339 eV  Charge distance=  0.0034 (partial c.d.=  0.0013)
SCF ITERATION NUMBER  9
     point #   1  energy = -40.000
     point #  20  energy = -28.786
     point #  40  energy =  -8.397
     point #  60  energy =  -5.327
New Fermi level:    mu=  -5.330 eV  Charge distance=  0.0002 (partial c.d.=  0.0015)
SCF ITERATION NUMBER 10
     point #   1  energy = -40.000
     point #  20  energy = -28.783
     point #  40  energy =  -8.389
     point #  60  energy =  -5.317
New Fermi level:    mu=  -5.329 eV  Charge distance=  0.0001 (partial c.d.=  0.0013)
SCF ITERATION NUMBER 11
     point #   1  energy = -40.000
     point #  20  energy = -28.783
     point #  40  energy =  -8.388
     point #  60  energy =  -5.342
New Fermi level:    mu=  -5.329 eV  Charge distance=  0.0001 (partial c.d.=  0.0005)
SCF ITERATION NUMBER 12
     point #   1  energy = -40.000
     point #  20  energy = -28.783
     point #  40  energy =  -8.388
     point #  60  energy =  -5.342
New Fermi level:    mu=  -5.329 eV  Charge distance=  0.0001 (partial c.d.=  0.0000)
Electronic configuration
  type     l     N_el
     0     0    0.505
     0     1    0.637
     0     2    9.670
     0     3    0.000
     1     0    0.536
     1     1    0.668
     1     2    9.646
     1     3    0.000
     2     0    1.736
     2     1    2.736
     2     2    0.743
     2     3    0.000
     3     0    1.868
     3     1    4.342
     3     2    0.085
     3     3    0.000
Charge transfer:  type  charge
       0   -0.188
       1   -0.150
       2   -0.785
       3    0.296
Convergence reached in   12 iterations.
Done with module: potentials.

Calculating screened core-hole potential ...
FMS for a cluster of   17 atoms around iph =   0
    0% of energy integration
   20%
   40%
   60%
   80%
  100%
Preparing response function.
Computing (1 - K Chi0)^-1 v_ch
Done with module: screened core-hole potential.

Calculating cross-section and phases ...
    absorption cross section
 x0,dx,rnrm,inrm,jnrm   8.80000000000000       5.000000000000000E-002
   2.54431708799994              195         196
    phase shifts for unique potential    0
    phase shifts for unique potential    1
    phase shifts for unique potential    2
    phase shifts for unique potential    3
Done with module: cross-section and phases (XSPH).

FMS calculation of full Green's function ...
FEFF-serial using 1 thread.
Using   194 energy points.
xprep done
FMS for a cluster of  201 atoms
Energy point    1/ 194
Energy point   10/ 194
Energy point   20/ 194
Energy point   30/ 194
Energy point   40/ 194
Energy point   50/ 194
Energy point   60/ 194
Energy point   70/ 194
Energy point   80/ 194
Energy point   90/ 194
Energy point  100/ 194
Energy point  110/ 194
Energy point  120/ 194
Energy point  130/ 194
Energy point  140/ 194
Energy point  150/ 194
Energy point  160/ 194
Energy point  170/ 194
Energy point  180/ 194
Energy point  190/ 194
Done with module: FMS.

MKGTR: Tracing over Green's function ...
Done with module: MKGTR.

Pathfinder: finding scattering paths...
Preparing plane wave scattering amplitudes
Searching for paths
Eliminating path degeneracies
0 paths retained.
Done with module: pathfinder.

Calculating EXAFS parameters ...
Done with module: EXAFS parameters (GENFMT).

Calculating XAS spectra ...
Done with module: XAS spectra (FF2X: DW + final sum over paths).

 
### feff ends at Mon Aug 14 05:57:01 EDT 2023
 
