### feff starts at Sun Aug 13 17:45:32 EDT 2023
### Serial version
### FeffPath is /sdcc/u/mcarbone/software/JFEFF/hsw/feff90/linux
 
Launching FEFF version FEFF 9.9.1
Resetting lmaxsc to 2 for iph =    1.  Use  UNFREEZE to prevent this.
Core hole lifetime is   1.729 eV.
Your calculation:
 comment: None given
 Source:
 Structure Summary:  Ce2 Cu12 P6 O42
 Reduced formula:  CeCu6(PO7)3
 space group: (P6_3/m), space number:  (176)
 abc: 13.247519  13.247519   5.748974
 angles: 90.000000  90.000000 120.000004
 sites: 62
Cu K edge XANES using RPA corehole.
Using:     * Self-Consistent Field potentials
Using cards:   ATOMS CONTROL EXCHANGE TITLE RPATH POTENTIALS XANES EDGE SCF FMS S02 COREHOLE EGRID

Calculating atomic potentials ...
    overlapped atomic potential and density for unique potential    0
    overlapped atomic potential and density for unique potential    1
    overlapped atomic potential and density for unique potential    2
    overlapped atomic potential and density for unique potential    3
    overlapped atomic potential and density for unique potential    4
Done with module: atomic potentials.

Calculating SCF potentials ...
FEFF-serial using 1 thread.
Muffin tin radii and interstitial parameters [bohr]:
type, norman radius, muffin tin, overlap factor
    0  1.28965E+00  1.15190E+00  1.15000E+00
    1  1.77228E+00  1.68425E+00  1.13888E+00
    2  1.28966E+00  1.15190E+00  1.15000E+00
    3  1.15405E+00  9.00667E-01  1.15000E+00
    4  1.13299E+00  9.79670E-01  1.15000E+00
Core-valence separation energy:  ecv=   -31.000 eV
Initial Fermi level:              mu=     4.396 eV
SCF ITERATION NUMBER  1
     point #   1  energy = -31.000
FMS for a cluster of  103 atoms around atom type   0
FMS for a cluster of   89 atoms around atom type   1
FMS for a cluster of  101 atoms around atom type   2
FMS for a cluster of   99 atoms around atom type   3
FMS for a cluster of   97 atoms around atom type   4
     point #  20  energy = -19.872
     point #  40  energy =  -3.988
     point #  60  energy =  -3.475
New Fermi level:    mu=  -3.710 eV  Charge distance=  0.6711 (partial c.d.=  6.5221)
SCF ITERATION NUMBER  1
     point #   1  energy = -31.000
FMS for a cluster of  103 atoms around atom type   0
FMS for a cluster of   89 atoms around atom type   1
FMS for a cluster of  101 atoms around atom type   2
FMS for a cluster of   99 atoms around atom type   3
FMS for a cluster of   97 atoms around atom type   4
     point #  20  energy = -19.882
     point #  40  energy =  -3.710
     point #  60  energy =  -3.879
     point #  80  energy =  -7.869
     point # 100  energy =  -8.263
New Fermi level:    mu=  -8.275 eV  Charge distance=  0.2091 (partial c.d.=  3.5385)
SCF ITERATION NUMBER  1
     point #   1  energy = -31.000
FMS for a cluster of  103 atoms around atom type   0
FMS for a cluster of   89 atoms around atom type   1
FMS for a cluster of  101 atoms around atom type   2
FMS for a cluster of   99 atoms around atom type   3
FMS for a cluster of   97 atoms around atom type   4
     point #  20  energy = -19.637
     point #  40  energy =  -8.275
     point #  60  energy =  -7.543
New Fermi level:    mu=  -7.388 eV  Charge distance=  0.1064 (partial c.d.=  0.7885)
SCF ITERATION NUMBER  2
     point #   1  energy = -31.000
     point #  20  energy = -19.707
     point #  40  energy =  -7.388
New Fermi level:    mu=  -7.391 eV  Charge distance=  0.3934 (partial c.d.=  0.0186)
SCF ITERATION NUMBER  3
     point #   1  energy = -31.000
     point #  20  energy = -19.709
     point #  40  energy =  -7.391
New Fermi level:    mu=  -7.500 eV  Charge distance=  0.0630 (partial c.d.=  0.2971)
SCF ITERATION NUMBER  4
     point #   1  energy = -31.000
     point #  20  energy = -19.761
     point #  40  energy =  -7.500
New Fermi level:    mu=  -7.573 eV  Charge distance=  0.0393 (partial c.d.=  0.7513)
SCF ITERATION NUMBER  5
     point #   1  energy = -31.000
     point #  20  energy = -19.796
     point #  40  energy =  -7.573
New Fermi level:    mu=  -7.535 eV  Charge distance=  0.0132 (partial c.d.=  0.4165)
SCF ITERATION NUMBER  6
     point #   1  energy = -31.000
     point #  20  energy = -19.778
     point #  40  energy =  -7.535
New Fermi level:    mu=  -7.503 eV  Charge distance=  0.0044 (partial c.d.=  0.1384)
SCF ITERATION NUMBER  7
     point #   1  energy = -31.000
     point #  20  energy = -19.763
     point #  40  energy =  -7.503
New Fermi level:    mu=  -7.526 eV  Charge distance=  0.0074 (partial c.d.=  0.0746)
SCF ITERATION NUMBER  8
     point #   1  energy = -31.000
     point #  20  energy = -19.773
     point #  40  energy =  -7.526
New Fermi level:    mu=  -7.522 eV  Charge distance=  0.0152 (partial c.d.=  0.0052)
SCF ITERATION NUMBER  9
     point #   1  energy = -31.000
     point #  20  energy = -19.772
     point #  40  energy =  -7.522
New Fermi level:    mu=  -7.517 eV  Charge distance=  0.0008 (partial c.d.=  0.0050)
SCF ITERATION NUMBER 10
     point #   1  energy = -31.000
     point #  20  energy = -19.769
     point #  40  energy =  -7.517
New Fermi level:    mu=  -7.510 eV  Charge distance=  0.0012 (partial c.d.=  0.0022)
SCF ITERATION NUMBER 11
     point #   1  energy = -31.000
     point #  20  energy = -19.766
     point #  40  energy =  -7.510
New Fermi level:    mu=  -7.509 eV  Charge distance=  0.0004 (partial c.d.=  0.0036)
SCF ITERATION NUMBER 12
     point #   1  energy = -31.000
     point #  20  energy = -19.765
     point #  40  energy =  -7.509
New Fermi level:    mu=  -7.506 eV  Charge distance=  0.0002 (partial c.d.=  0.0012)
SCF ITERATION NUMBER 13
     point #   1  energy = -31.000
     point #  20  energy = -19.764
     point #  40  energy =  -7.506
New Fermi level:    mu=  -7.507 eV  Charge distance=  0.0002 (partial c.d.=  0.0005)
SCF ITERATION NUMBER 14
     point #   1  energy = -31.000
     point #  20  energy = -19.764
     point #  40  energy =  -7.507
New Fermi level:    mu=  -7.508 eV  Charge distance=  0.0000 (partial c.d.=  0.0002)
Electronic configuration
  type     l     N_el
     0     0    0.533
     0     1    0.657
     0     2    9.279
     0     3    0.000
     1     0    0.350
     1     1    6.493
     1     2    1.744
     1     3    0.000
     2     0    0.533
     2     1    0.657
     2     2    9.280
     2     3    0.000
     3     0    1.211
     3     1    2.022
     3     2    0.996
     3     3    0.000
     4     0    1.871
     4     1    4.326
     4     2    0.084
     4     3    0.000
Charge transfer:  type  charge
       0   -0.532
       1   -0.412
       2   -0.531
       3   -0.771
       4    0.282
Convergence reached in   14 iterations.
Done with module: potentials.

Calculating screened core-hole potential ...
FMS for a cluster of   18 atoms around iph =   0
    0% of energy integration
   20%
   40%
   60%
   80%
  100%
Preparing response function.
Computing (1 - K Chi0)^-1 v_ch
Done with module: screened core-hole potential.

Calculating cross-section and phases ...
    absorption cross section
 x0,dx,rnrm,inrm,jnrm   8.80000000000000       5.000000000000000E-002
   2.43709180399998              194         195
    phase shifts for unique potential    0
    phase shifts for unique potential    1
    phase shifts for unique potential    2
    phase shifts for unique potential    3
    phase shifts for unique potential    4
Done with module: cross-section and phases (XSPH).

FMS calculation of full Green's function ...
FEFF-serial using 1 thread.
Using   194 energy points.
xprep done
FMS for a cluster of  213 atoms
Energy point    1/ 194
Energy point   10/ 194
Energy point   20/ 194
Energy point   30/ 194
Energy point   40/ 194
Energy point   50/ 194
Energy point   60/ 194
Energy point   70/ 194
Energy point   80/ 194
Energy point   90/ 194
Energy point  100/ 194
Energy point  110/ 194
Energy point  120/ 194
Energy point  130/ 194
Energy point  140/ 194
Energy point  150/ 194
Energy point  160/ 194
Energy point  170/ 194
Energy point  180/ 194
Energy point  190/ 194
Done with module: FMS.

MKGTR: Tracing over Green's function ...
Done with module: MKGTR.

Pathfinder: finding scattering paths...
Preparing plane wave scattering amplitudes
Searching for paths
Eliminating path degeneracies
0 paths retained.
Done with module: pathfinder.

Calculating EXAFS parameters ...
Done with module: EXAFS parameters (GENFMT).

Calculating XAS spectra ...
Done with module: XAS spectra (FF2X: DW + final sum over paths).

 
### feff ends at Sun Aug 13 18:55:22 EDT 2023
 
