### feff starts at Mon Aug 14 03:05:36 EDT 2023
### Serial version
### FeffPath is /sdcc/u/mcarbone/software/JFEFF/hsw/feff90/linux
 
Launching FEFF version FEFF 9.9.1
Core hole lifetime is   1.729 eV.
Your calculation:
 comment: None given
 Source:
 Structure Summary:  Mg4 Cu4 O8
 Reduced formula:  MgCuO2
 space group: (P-1), space number:  (2)
 abc:  2.860032   8.073731   8.325746
 angles: 89.482691  98.991572  99.872048
 sites: 16
Cu K edge XANES using RPA corehole.
Using:     * Self-Consistent Field potentials
Using cards:   ATOMS CONTROL EXCHANGE TITLE RPATH POTENTIALS XANES EDGE SCF FMS S02 COREHOLE EGRID

Calculating atomic potentials ...
    overlapped atomic potential and density for unique potential    0
    overlapped atomic potential and density for unique potential    1
    overlapped atomic potential and density for unique potential    2
    overlapped atomic potential and density for unique potential    3
Done with module: atomic potentials.

Calculating SCF potentials ...
FEFF-serial using 1 thread.
Muffin tin radii and interstitial parameters [bohr]:
type, norman radius, muffin tin, overlap factor
    0  1.30396E+00  1.21174E+00  1.15000E+00
    1  1.42647E+00  1.31056E+00  1.15000E+00
    2  1.30396E+00  1.21174E+00  1.15000E+00
    3  1.10697E+00  1.01540E+00  1.15000E+00
Core-valence separation energy:  ecv=   -40.000 eV
Initial Fermi level:              mu=    -1.006 eV
SCF ITERATION NUMBER  1
     point #   1  energy = -40.000
FMS for a cluster of  123 atoms around atom type   0
FMS for a cluster of  122 atoms around atom type   1
FMS for a cluster of  118 atoms around atom type   2
FMS for a cluster of  121 atoms around atom type   3
     point #  20  energy = -28.964
     point #  40  energy =  -8.714
     point #  60  energy =  -4.158
     point #  80  energy =  -4.276
New Fermi level:    mu=  -4.307 eV  Charge distance=  0.5869 (partial c.d.=  6.8546)
SCF ITERATION NUMBER  1
     point #   1  energy = -40.000
FMS for a cluster of  123 atoms around atom type   0
FMS for a cluster of  122 atoms around atom type   1
FMS for a cluster of  118 atoms around atom type   2
FMS for a cluster of  121 atoms around atom type   3
     point #  20  energy = -28.782
     point #  40  energy =  -8.386
     point #  60  energy =  -4.307
     point #  80  energy =  -5.885
     point # 100  energy = -10.467
     point # 120  energy = -11.170
New Fermi level:    mu= -11.209 eV  Charge distance=  0.1339 (partial c.d.=  3.1134)
SCF ITERATION NUMBER  1
     point #   1  energy = -40.000
FMS for a cluster of  123 atoms around atom type   0
FMS for a cluster of  122 atoms around atom type   1
FMS for a cluster of  118 atoms around atom type   2
FMS for a cluster of  121 atoms around atom type   3
     point #  20  energy = -28.689
     point #  40  energy = -11.209
     point #  60  energy = -11.041
     point #  80  energy =  -8.906
     point # 100  energy =  -9.394
New Fermi level:    mu=  -9.393 eV  Charge distance=  0.0483 (partial c.d.=  0.5243)
SCF ITERATION NUMBER  2
     point #   1  energy = -40.000
     point #  20  energy = -28.778
     point #  40  energy =  -9.393
     point #  60  energy =  -9.303
     point #  80  energy =  -9.043
New Fermi level:    mu=  -9.090 eV  Charge distance=  0.1441 (partial c.d.=  0.0732)
SCF ITERATION NUMBER  3
     point #   1  energy = -40.000
     point #  20  energy = -29.032
     point #  40  energy =  -9.090
     point #  60  energy =  -9.040
New Fermi level:    mu=  -8.969 eV  Charge distance=  0.0594 (partial c.d.=  0.3062)
SCF ITERATION NUMBER  4
     point #   1  energy = -40.000
     point #  20  energy = -28.989
     point #  40  energy =  -8.969
     point #  60  energy =  -8.953
New Fermi level:    mu=  -9.109 eV  Charge distance=  0.0533 (partial c.d.=  1.4084)
SCF ITERATION NUMBER  5
     point #   1  energy = -40.000
     point #  20  energy = -29.039
     point #  40  energy =  -9.109
New Fermi level:    mu=  -9.116 eV  Charge distance=  0.0086 (partial c.d.=  1.2927)
SCF ITERATION NUMBER  6
     point #   1  energy = -40.000
     point #  20  energy = -29.041
     point #  40  energy =  -9.116
New Fermi level:    mu=  -9.124 eV  Charge distance=  0.0141 (partial c.d.=  0.0591)
SCF ITERATION NUMBER  7
     point #   1  energy = -40.000
     point #  20  energy = -28.679
     point #  40  energy =  -9.124
New Fermi level:    mu=  -9.147 eV  Charge distance=  0.0031 (partial c.d.=  0.1388)
SCF ITERATION NUMBER  8
     point #   1  energy = -40.000
     point #  20  energy = -28.687
     point #  40  energy =  -9.147
New Fermi level:    mu=  -9.137 eV  Charge distance=  0.0020 (partial c.d.=  0.0892)
SCF ITERATION NUMBER  9
     point #   1  energy = -40.000
     point #  20  energy = -28.684
     point #  40  energy =  -9.137
New Fermi level:    mu=  -9.140 eV  Charge distance=  0.0034 (partial c.d.=  0.0159)
SCF ITERATION NUMBER 10
     point #   1  energy = -40.000
     point #  20  energy = -28.685
     point #  40  energy =  -9.140
New Fermi level:    mu=  -9.136 eV  Charge distance=  0.0022 (partial c.d.=  0.0139)
SCF ITERATION NUMBER 11
     point #   1  energy = -40.000
     point #  20  energy = -28.683
     point #  40  energy =  -9.136
New Fermi level:    mu=  -9.131 eV  Charge distance=  0.0006 (partial c.d.=  0.0157)
SCF ITERATION NUMBER 12
     point #   1  energy = -40.000
     point #  20  energy = -28.681
     point #  40  energy =  -9.131
New Fermi level:    mu=  -9.130 eV  Charge distance=  0.0000 (partial c.d.=  0.0033)
SCF ITERATION NUMBER 13
     point #   1  energy = -40.000
     point #  20  energy = -28.681
     point #  40  energy =  -9.130
New Fermi level:    mu=  -9.130 eV  Charge distance=  0.0001 (partial c.d.=  0.0007)
SCF ITERATION NUMBER 14
     point #   1  energy = -40.000
     point #  20  energy = -28.681
     point #  40  energy =  -9.130
New Fermi level:    mu=  -9.129 eV  Charge distance=  0.0000 (partial c.d.=  0.0002)
SCF ITERATION NUMBER 15
     point #   1  energy = -40.000
     point #  20  energy = -28.681
     point #  40  energy =  -9.129
New Fermi level:    mu=  -9.130 eV  Charge distance=  0.0000 (partial c.d.=  0.0004)
SCF ITERATION NUMBER 16
     point #   1  energy = -40.000
     point #  20  energy = -28.681
     point #  40  energy =  -9.130
New Fermi level:    mu=  -9.130 eV  Charge distance=  0.0000 (partial c.d.=  0.0000)
Electronic configuration
  type     l     N_el
     0     0    0.488
     0     1    0.565
     0     2    9.415
     0     3    0.000
     1     0    0.506
     1     1    0.782
     1     2    0.529
     1     3    0.000
     2     0    0.488
     2     1    0.565
     2     2    9.415
     2     3    0.000
     3     0    1.855
     3     1    4.444
     3     2    0.059
     3     3    0.000
Charge transfer:  type  charge
       0   -0.532
       1   -0.183
       2   -0.532
       3    0.358
Convergence reached in   16 iterations.
Done with module: potentials.

Calculating screened core-hole potential ...
FMS for a cluster of   25 atoms around iph =   0
    0% of energy integration
   20%
   40%
   60%
   80%
  100%
Preparing response function.
Computing (1 - K Chi0)^-1 v_ch
Done with module: screened core-hole potential.

Calculating cross-section and phases ...
    absorption cross section
 x0,dx,rnrm,inrm,jnrm   8.80000000000000       5.000000000000000E-002
   2.46412198599991              195         196
    phase shifts for unique potential    0
    phase shifts for unique potential    1
    phase shifts for unique potential    2
    phase shifts for unique potential    3
Done with module: cross-section and phases (XSPH).

FMS calculation of full Green's function ...
FEFF-serial using 1 thread.
Using   194 energy points.
xprep done
FMS for a cluster of  253 atoms
Energy point    1/ 194
Energy point   10/ 194
Energy point   20/ 194
Energy point   30/ 194
Energy point   40/ 194
Energy point   50/ 194
Energy point   60/ 194
Energy point   70/ 194
Energy point   80/ 194
Energy point   90/ 194
Energy point  100/ 194
Energy point  110/ 194
Energy point  120/ 194
Energy point  130/ 194
Energy point  140/ 194
Energy point  150/ 194
Energy point  160/ 194
Energy point  170/ 194
Energy point  180/ 194
Energy point  190/ 194
Done with module: FMS.

MKGTR: Tracing over Green's function ...
Done with module: MKGTR.

Pathfinder: finding scattering paths...
Preparing plane wave scattering amplitudes
Searching for paths
Eliminating path degeneracies
0 paths retained.
Done with module: pathfinder.

Calculating EXAFS parameters ...
Done with module: EXAFS parameters (GENFMT).

Calculating XAS spectra ...
Done with module: XAS spectra (FF2X: DW + final sum over paths).

 
### feff ends at Mon Aug 14 05:00:57 EDT 2023
 
