### feff starts at Mon Aug 14 00:38:09 EDT 2023
### Serial version
### FeffPath is /sdcc/u/mcarbone/software/JFEFF/hsw/feff90/linux
 
Launching FEFF version FEFF 9.9.1
Core hole lifetime is   1.729 eV.
Your calculation:
 comment: None given
 Source:
 Structure Summary:  Cu6 P6 O24
 Reduced formula:  CuPO4
 space group: (R3), space number:  (146)
 abc:  8.755284   8.755284   8.755284
 angles:108.622505 108.622505 108.622499
 sites: 36
Cu K edge XANES using RPA corehole.
Using:     * Self-Consistent Field potentials
Using cards:   ATOMS CONTROL EXCHANGE TITLE RPATH POTENTIALS XANES EDGE SCF FMS S02 COREHOLE EGRID

Calculating atomic potentials ...
    overlapped atomic potential and density for unique potential    0
    overlapped atomic potential and density for unique potential    1
    overlapped atomic potential and density for unique potential    2
    overlapped atomic potential and density for unique potential    3
Done with module: atomic potentials.

Calculating SCF potentials ...
FEFF-serial using 1 thread.
Muffin tin radii and interstitial parameters [bohr]:
type, norman radius, muffin tin, overlap factor
    0  1.30720E+00  1.21298E+00  1.15000E+00
    1  1.30994E+00  1.21675E+00  1.15000E+00
    2  1.15071E+00  9.30100E-01  1.15000E+00
    3  1.04650E+00  8.85671E-01  1.15000E+00
Core-valence separation energy:  ecv=   -40.000 eV
Initial Fermi level:              mu=     6.928 eV
SCF ITERATION NUMBER  1
     point #   1  energy = -40.000
FMS for a cluster of   99 atoms around atom type   0
FMS for a cluster of   79 atoms around atom type   1
FMS for a cluster of   93 atoms around atom type   2
FMS for a cluster of   95 atoms around atom type   3
     point #  20  energy = -28.801
     point #  40  energy =  -8.551
     point #  60  energy =  -3.439
New Fermi level:    mu=  -3.043 eV  Charge distance=  0.6133 (partial c.d.=  6.7323)
SCF ITERATION NUMBER  1
     point #   1  energy = -40.000
FMS for a cluster of   99 atoms around atom type   0
FMS for a cluster of   79 atoms around atom type   1
FMS for a cluster of   93 atoms around atom type   2
FMS for a cluster of   95 atoms around atom type   3
     point #  20  energy = -29.013
     point #  40  energy =  -9.036
     point #  60  energy =  -3.043
     point #  80  energy =  -4.243
     point # 100  energy =  -7.315
New Fermi level:    mu=  -7.080 eV  Charge distance=  0.1963 (partial c.d.=  3.3907)
SCF ITERATION NUMBER  1
     point #   1  energy = -40.000
FMS for a cluster of   99 atoms around atom type   0
FMS for a cluster of   79 atoms around atom type   1
FMS for a cluster of   93 atoms around atom type   2
FMS for a cluster of   95 atoms around atom type   3
     point #  20  energy = -29.027
     point #  40  energy =  -9.075
     point #  60  energy =  -7.067
New Fermi level:    mu=  -6.937 eV  Charge distance=  0.1017 (partial c.d.=  0.4884)
SCF ITERATION NUMBER  2
     point #   1  energy = -40.000
     point #  20  energy = -28.979
     point #  40  energy =  -8.941
     point #  60  energy =  -6.925
New Fermi level:    mu=  -6.722 eV  Charge distance=  0.1977 (partial c.d.=  0.2327)
SCF ITERATION NUMBER  3
     point #   1  energy = -40.000
     point #  20  energy = -28.907
     point #  40  energy =  -8.739
     point #  60  energy =  -6.734
New Fermi level:    mu=  -6.913 eV  Charge distance=  0.1813 (partial c.d.=  0.2320)
SCF ITERATION NUMBER  4
     point #   1  energy = -40.000
     point #  20  energy = -28.971
     point #  40  energy =  -8.918
     point #  60  energy =  -6.888
New Fermi level:    mu=  -6.822 eV  Charge distance=  0.0484 (partial c.d.=  0.2047)
SCF ITERATION NUMBER  5
     point #   1  energy = -40.000
     point #  20  energy = -28.941
     point #  40  energy =  -8.833
     point #  60  energy =  -6.847
New Fermi level:    mu=  -6.899 eV  Charge distance=  0.0080 (partial c.d.=  0.0467)
SCF ITERATION NUMBER  6
     point #   1  energy = -40.000
     point #  20  energy = -28.966
     point #  40  energy =  -8.905
     point #  60  energy =  -6.924
New Fermi level:    mu=  -6.914 eV  Charge distance=  0.0123 (partial c.d.=  0.0051)
SCF ITERATION NUMBER  7
     point #   1  energy = -40.000
     point #  20  energy = -28.971
     point #  40  energy =  -8.919
     point #  60  energy =  -6.939
New Fermi level:    mu=  -6.936 eV  Charge distance=  0.0023 (partial c.d.=  0.0064)
SCF ITERATION NUMBER  8
     point #   1  energy = -40.000
     point #  20  energy = -28.979
     point #  40  energy =  -8.940
New Fermi level:    mu=  -6.926 eV  Charge distance=  0.0011 (partial c.d.=  0.0050)
SCF ITERATION NUMBER  9
     point #   1  energy = -40.000
     point #  20  energy = -28.975
     point #  40  energy =  -8.931
New Fermi level:    mu=  -6.922 eV  Charge distance=  0.0018 (partial c.d.=  0.0048)
SCF ITERATION NUMBER 10
     point #   1  energy = -40.000
     point #  20  energy = -28.974
     point #  40  energy =  -8.927
New Fermi level:    mu=  -6.915 eV  Charge distance=  0.0002 (partial c.d.=  0.0015)
SCF ITERATION NUMBER 11
     point #   1  energy = -40.000
     point #  20  energy = -28.972
     point #  40  energy =  -8.920
New Fermi level:    mu=  -6.914 eV  Charge distance=  0.0000 (partial c.d.=  0.0001)
Electronic configuration
  type     l     N_el
     0     0    0.468
     0     1    0.707
     0     2    9.472
     0     3    0.000
     1     0    0.472
     1     1    0.706
     1     2    9.465
     1     3    0.000
     2     0    1.190
     2     1    2.052
     2     2    1.052
     2     3    0.000
     3     0    1.834
     3     1    4.347
     3     2    0.085
     3     3    0.000
Charge transfer:  type  charge
       0   -0.353
       1   -0.357
       2   -0.706
       3    0.266
Convergence reached in   11 iterations.
Done with module: potentials.

Calculating screened core-hole potential ...
FMS for a cluster of   17 atoms around iph =   0
    0% of energy integration
   20%
   40%
   60%
   80%
  100%
Preparing response function.
Computing (1 - K Chi0)^-1 v_ch
Done with module: screened core-hole potential.

Calculating cross-section and phases ...
    absorption cross section
 x0,dx,rnrm,inrm,jnrm   8.80000000000000       5.000000000000000E-002
   2.47025347900018              195         196
    phase shifts for unique potential    0
    phase shifts for unique potential    1
    phase shifts for unique potential    2
    phase shifts for unique potential    3
Done with module: cross-section and phases (XSPH).

FMS calculation of full Green's function ...
FEFF-serial using 1 thread.
Using   194 energy points.
xprep done
FMS for a cluster of  213 atoms
Energy point    1/ 194
Energy point   10/ 194
Energy point   20/ 194
Energy point   30/ 194
Energy point   40/ 194
Energy point   50/ 194
Energy point   60/ 194
Energy point   70/ 194
Energy point   80/ 194
Energy point   90/ 194
Energy point  100/ 194
Energy point  110/ 194
Energy point  120/ 194
Energy point  130/ 194
Energy point  140/ 194
Energy point  150/ 194
Energy point  160/ 194
Energy point  170/ 194
Energy point  180/ 194
Energy point  190/ 194
Done with module: FMS.

MKGTR: Tracing over Green's function ...
Done with module: MKGTR.

Pathfinder: finding scattering paths...
Preparing plane wave scattering amplitudes
Searching for paths
Eliminating path degeneracies
0 paths retained.
Done with module: pathfinder.

Calculating EXAFS parameters ...
Done with module: EXAFS parameters (GENFMT).

Calculating XAS spectra ...
Done with module: XAS spectra (FF2X: DW + final sum over paths).

 
### feff ends at Mon Aug 14 01:38:31 EDT 2023
 
