### feff starts at Mon Aug 14 12:11:57 EDT 2023
### Serial version
### FeffPath is /sdcc/u/mcarbone/software/JFEFF/hsw/feff90/linux
 
Launching FEFF version FEFF 9.9.1
Core hole lifetime is   1.729 eV.
Your calculation:
 comment: None given
 Source:
 Structure Summary:  Li6 Cu4 Sb2 O12
 Reduced formula:  Li3Cu2SbO6
 space group: (C2/c), space number:  (15)
 abc:  5.175448   5.175448   9.902535
 angles: 88.221803  91.778197  65.175417
 sites: 24
Cu K edge XANES using RPA corehole.
Using:     * Self-Consistent Field potentials
Using cards:   ATOMS CONTROL EXCHANGE TITLE RPATH POTENTIALS XANES EDGE SCF FMS S02 COREHOLE EGRID

Calculating atomic potentials ...
    overlapped atomic potential and density for unique potential    0
    overlapped atomic potential and density for unique potential    1
    overlapped atomic potential and density for unique potential    2
    overlapped atomic potential and density for unique potential    3
    overlapped atomic potential and density for unique potential    4
Done with module: atomic potentials.

Calculating SCF potentials ...
FEFF-serial using 1 thread.
Muffin tin radii and interstitial parameters [bohr]:
type, norman radius, muffin tin, overlap factor
    0  1.32805E+00  1.25439E+00  1.15000E+00
    1  1.34643E+00  1.29454E+00  1.10319E+00
    2  1.32782E+00  1.26012E+00  1.14332E+00
    3  1.45261E+00  1.32426E+00  1.15000E+00
    4  1.09240E+00  1.02972E+00  1.15000E+00
Core-valence separation energy:  ecv=   -40.500 eV
Initial Fermi level:              mu=     1.147 eV
SCF ITERATION NUMBER  1
     point #   1  energy = -40.500
FMS for a cluster of  155 atoms around atom type   0
FMS for a cluster of  140 atoms around atom type   1
FMS for a cluster of  144 atoms around atom type   2
FMS for a cluster of  145 atoms around atom type   3
FMS for a cluster of  151 atoms around atom type   4
     point #  20  energy = -29.336
     point #  40  energy =  -9.086
     point #  60  energy =  -4.136
New Fermi level:    mu=  -4.139 eV  Charge distance=  0.5271 (partial c.d.= 10.7563)
negative density   1  -36.886 - usually harmless precision error, but check DOS if it persists
SCF ITERATION NUMBER  1
     point #   1  energy = -40.500
FMS for a cluster of  155 atoms around atom type   0
FMS for a cluster of  140 atoms around atom type   1
FMS for a cluster of  144 atoms around atom type   2
FMS for a cluster of  145 atoms around atom type   3
FMS for a cluster of  151 atoms around atom type   4
     point #  20  energy = -29.390
     point #  40  energy =  -9.189
     point #  60  energy =  -4.139
     point #  80  energy =  -6.039
     point # 100  energy =  -8.074
     point # 120  energy =  -7.611
     point # 140  energy =  -7.361
     point # 160  energy =  -7.111
New Fermi level:    mu=  -7.099 eV  Charge distance=  0.2449 (partial c.d.=  2.7931)
negative density   1 -137.047 - usually harmless precision error, but check DOS if it persists
SCF ITERATION NUMBER  1
     point #   1  energy = -40.500
FMS for a cluster of  155 atoms around atom type   0
FMS for a cluster of  140 atoms around atom type   1
FMS for a cluster of  144 atoms around atom type   2
FMS for a cluster of  145 atoms around atom type   3
FMS for a cluster of  151 atoms around atom type   4
     point #  20  energy = -29.366
     point #  40  energy =  -9.123
     point #  60  energy =  -7.087
     point #  80  energy =  -6.602
New Fermi level:    mu=  -6.568 eV  Charge distance=  0.1670 (partial c.d.=  0.2854)
negative density   1 -232.404 - usually harmless precision error, but check DOS if it persists
SCF ITERATION NUMBER  2
     point #   1  energy = -40.500
     point #  20  energy = -29.522
     point #  40  energy =  -9.562
     point #  60  energy =  -6.556
New Fermi level:    mu=  -6.362 eV  Charge distance=  0.4406 (partial c.d.=  0.1467)
negative density   1 -578.672 - usually harmless precision error, but check DOS if it persists
negative density   1  -58.803 - usually harmless precision error, but check DOS if it persists
SCF ITERATION NUMBER  3
     point #   1  energy = -40.500
     point #  20  energy = -29.455
     point #  40  energy =  -9.375
     point #  60  energy =  -6.350
New Fermi level:    mu=  -6.323 eV  Charge distance=  0.0184 (partial c.d.=  0.1285)
negative density   1 -658.978 - usually harmless precision error, but check DOS if it persists
negative density   1  -83.909 - usually harmless precision error, but check DOS if it persists
SCF ITERATION NUMBER  4
     point #   1  energy = -40.500
     point #  20  energy = -29.443
     point #  40  energy =  -9.338
     point #  60  energy =  -6.335
New Fermi level:    mu=  -6.423 eV  Charge distance=  0.0257 (partial c.d.=  0.0373)
negative density   1 -680.436 - usually harmless precision error, but check DOS if it persists
negative density   1  -90.815 - usually harmless precision error, but check DOS if it persists
SCF ITERATION NUMBER  5
     point #   1  energy = -40.500
     point #  20  energy = -29.475
     point #  40  energy =  -9.430
     point #  60  energy =  -6.435
New Fermi level:    mu=  -6.444 eV  Charge distance=  0.0215 (partial c.d.=  0.0202)
negative density   1 -695.532 - usually harmless precision error, but check DOS if it persists
negative density   1  -95.794 - usually harmless precision error, but check DOS if it persists
SCF ITERATION NUMBER  6
     point #   1  energy = -40.500
     point #  20  energy = -29.482
     point #  40  energy =  -9.449
     point #  60  energy =  -6.456
New Fermi level:    mu=  -6.453 eV  Charge distance=  0.0094 (partial c.d.=  0.0112)
negative density   1 -707.025 - usually harmless precision error, but check DOS if it persists
negative density   1  -99.613 - usually harmless precision error, but check DOS if it persists
SCF ITERATION NUMBER  7
     point #   1  energy = -40.500
     point #  20  energy = -29.485
     point #  40  energy =  -9.458
     point #  60  energy =  -6.441
New Fermi level:    mu=  -6.447 eV  Charge distance=  0.0035 (partial c.d.=  0.0039)
negative density   1 -714.392 - usually harmless precision error, but check DOS if it persists
negative density   1 -102.070 - usually harmless precision error, but check DOS if it persists
SCF ITERATION NUMBER  8
     point #   1  energy = -40.500
     point #  20  energy = -29.483
     point #  40  energy =  -9.451
     point #  60  energy =  -6.434
New Fermi level:    mu=  -6.440 eV  Charge distance=  0.0038 (partial c.d.=  0.0021)
negative density   1 -722.842 - usually harmless precision error, but check DOS if it persists
negative density   1 -104.862 - usually harmless precision error, but check DOS if it persists
SCF ITERATION NUMBER  9
     point #   1  energy = -40.500
     point #  20  energy = -29.481
     point #  40  energy =  -9.446
     point #  60  energy =  -6.428
New Fermi level:    mu=  -6.436 eV  Charge distance=  0.0004 (partial c.d.=  0.0009)
negative density   1 -723.930 - usually harmless precision error, but check DOS if it persists
negative density   1 -105.208 - usually harmless precision error, but check DOS if it persists
SCF ITERATION NUMBER 10
     point #   1  energy = -40.500
     point #  20  energy = -29.479
     point #  40  energy =  -9.442
     point #  60  energy =  -6.448
New Fermi level:    mu=  -6.437 eV  Charge distance=  0.0003 (partial c.d.=  0.0003)
negative density   1 -725.969 - usually harmless precision error, but check DOS if it persists
negative density   1 -105.867 - usually harmless precision error, but check DOS if it persists
SCF ITERATION NUMBER 11
     point #   1  energy = -40.500
     point #  20  energy = -29.480
     point #  40  energy =  -9.442
     point #  60  energy =  -6.449
New Fermi level:    mu=  -6.437 eV  Charge distance=  0.0001 (partial c.d.=  0.0001)
Electronic configuration
  type     l     N_el
     0     0    0.515
     0     1    0.551
     0     2    9.625
     0     3    0.000
     1     0    0.249
     1     1    0.513
     1     2    0.000
     1     3    0.000
     2     0    0.477
     2     1    0.565
     2     2    9.675
     2     3    0.000
     3     0    1.366
     3     1    1.831
     3     2   10.829
     3     3    0.000
     4     0    1.855
     4     1    4.462
     4     2    0.060
     4     3    0.000
Charge transfer:  type  charge
       0   -0.309
       1   -0.238
       2   -0.282
       3   -0.975
       4    0.376
Convergence reached in   11 iterations.
Done with module: potentials.

Calculating screened core-hole potential ...
FMS for a cluster of   27 atoms around iph =   0
    0% of energy integration
   20%
   40%
   60%
   80%
  100%
Preparing response function.
Computing (1 - K Chi0)^-1 v_ch
Done with module: screened core-hole potential.

Calculating cross-section and phases ...
    absorption cross section
 x0,dx,rnrm,inrm,jnrm   8.80000000000000       5.000000000000000E-002
   2.50964212500018              195         196
    phase shifts for unique potential    0
    phase shifts for unique potential    1
    phase shifts for unique potential    2
    phase shifts for unique potential    3
    phase shifts for unique potential    4
Done with module: cross-section and phases (XSPH).

FMS calculation of full Green's function ...
FEFF-serial using 1 thread.
Using   194 energy points.
xprep done
FMS for a cluster of  313 atoms
Energy point    1/ 194
Energy point   10/ 194
Energy point   20/ 194
Energy point   30/ 194
Energy point   40/ 194
Energy point   50/ 194
Energy point   60/ 194
Energy point   70/ 194
Energy point   80/ 194
Energy point   90/ 194
Energy point  100/ 194
Energy point  110/ 194
Energy point  120/ 194
Energy point  130/ 194
Energy point  140/ 194
Energy point  150/ 194
Energy point  160/ 194
Energy point  170/ 194
Energy point  180/ 194
Energy point  190/ 194
Done with module: FMS.

MKGTR: Tracing over Green's function ...
Done with module: MKGTR.

Pathfinder: finding scattering paths...
Preparing plane wave scattering amplitudes
Searching for paths
Eliminating path degeneracies
0 paths retained.
Done with module: pathfinder.

Calculating EXAFS parameters ...
Done with module: EXAFS parameters (GENFMT).

Calculating XAS spectra ...
Done with module: XAS spectra (FF2X: DW + final sum over paths).

 
### feff ends at Mon Aug 14 14:39:39 EDT 2023
 
