### feff starts at Mon Aug 14 01:35:03 EDT 2023
### Serial version
### FeffPath is /sdcc/u/mcarbone/software/JFEFF/hsw/feff90/linux
 
Launching FEFF version FEFF 9.9.1
Core hole lifetime is   1.729 eV.
Your calculation:
 comment: None given
 Source:
 Structure Summary:  Ca1 Cu3 Ru4 O12
 Reduced formula:  CaCu3(RuO3)4
 space group: (Im-3), space number:  (204)
 abc:  6.494603   6.494603   6.494603
 angles:109.471221 109.471221 109.471221
 sites: 20
Cu K edge XANES using RPA corehole.
Using:     * Self-Consistent Field potentials
Using cards:   ATOMS CONTROL EXCHANGE TITLE RPATH POTENTIALS XANES EDGE SCF FMS S02 COREHOLE EGRID

Calculating atomic potentials ...
    overlapped atomic potential and density for unique potential    0
    overlapped atomic potential and density for unique potential    1
    overlapped atomic potential and density for unique potential    2
    overlapped atomic potential and density for unique potential    3
    overlapped atomic potential and density for unique potential    4
Done with module: atomic potentials.

Calculating SCF potentials ...
FEFF-serial using 1 thread.
Muffin tin radii and interstitial parameters [bohr]:
type, norman radius, muffin tin, overlap factor
    0  1.31105E+00  1.22426E+00  1.15000E+00
    1  1.77067E+00  1.73020E+00  1.05773E+00
    2  1.31106E+00  1.22427E+00  1.15000E+00
    3  1.39574E+00  1.30067E+00  1.15000E+00
    4  1.08265E+00  1.02051E+00  1.15000E+00
Core-valence separation energy:  ecv=   -40.000 eV
Initial Fermi level:              mu=     2.547 eV
SCF ITERATION NUMBER  1
     point #   1  energy = -40.000
FMS for a cluster of  143 atoms around atom type   0
FMS for a cluster of  123 atoms around atom type   1
FMS for a cluster of  125 atoms around atom type   2
FMS for a cluster of  123 atoms around atom type   3
FMS for a cluster of  131 atoms around atom type   4
     point #  20  energy = -28.858
     point #  40  energy =  -8.608
     point #  60  energy =  -4.971
     point #  80  energy =  -4.505
New Fermi level:    mu=  -4.495 eV  Charge distance=  0.7788 (partial c.d.=  6.5440)
SCF ITERATION NUMBER  1
     point #   1  energy = -40.000
FMS for a cluster of  143 atoms around atom type   0
FMS for a cluster of  123 atoms around atom type   1
FMS for a cluster of  125 atoms around atom type   2
FMS for a cluster of  123 atoms around atom type   3
FMS for a cluster of  131 atoms around atom type   4
     point #  20  energy = -28.841
     point #  40  energy =  -8.553
     point #  60  energy =  -4.495
     point #  80  energy =  -6.529
New Fermi level:    mu=  -6.667 eV  Charge distance=  0.2824 (partial c.d.=  4.2043)
SCF ITERATION NUMBER  1
     point #   1  energy = -40.000
FMS for a cluster of  143 atoms around atom type   0
FMS for a cluster of  123 atoms around atom type   1
FMS for a cluster of  125 atoms around atom type   2
FMS for a cluster of  123 atoms around atom type   3
FMS for a cluster of  131 atoms around atom type   4
     point #  20  energy = -28.889
     point #  40  energy =  -8.687
     point #  60  energy =  -6.679
     point #  80  energy =  -7.695
New Fermi level:    mu=  -7.721 eV  Charge distance=  0.1249 (partial c.d.=  0.7616)
SCF ITERATION NUMBER  2
     point #   1  energy = -40.000
     point #  20  energy = -28.904
     point #  40  energy =  -8.730
     point #  60  energy =  -7.684
New Fermi level:    mu=  -7.582 eV  Charge distance=  0.3201 (partial c.d.=  0.9625)
SCF ITERATION NUMBER  3
     point #   1  energy = -40.000
     point #  20  energy = -28.856
     point #  40  energy =  -8.595
     point #  60  energy =  -7.542
     point #  80  energy =  -6.570
New Fermi level:    mu=  -6.651 eV  Charge distance=  0.1652 (partial c.d.=  1.4068)
SCF ITERATION NUMBER  4
     point #   1  energy = -40.000
     point #  20  energy = -28.884
     point #  40  energy =  -8.672
     point #  60  energy =  -6.664
New Fermi level:    mu=  -7.140 eV  Charge distance=  0.1356 (partial c.d.=  0.2836)
SCF ITERATION NUMBER  5
     point #   1  energy = -40.000
     point #  20  energy = -28.704
     point #  40  energy =  -8.167
     point #  60  energy =  -7.180
New Fermi level:    mu=  -7.558 eV  Charge distance=  0.1170 (partial c.d.=  0.3729)
SCF ITERATION NUMBER  6
     point #   1  energy = -40.000
     point #  20  energy = -28.848
     point #  40  energy =  -8.572
     point #  60  energy =  -7.595
New Fermi level:    mu=  -7.583 eV  Charge distance=  0.0663 (partial c.d.=  0.9621)
SCF ITERATION NUMBER  7
     point #   1  energy = -40.000
     point #  20  energy = -28.857
     point #  40  energy =  -8.596
New Fermi level:    mu=  -7.605 eV  Charge distance=  0.0197 (partial c.d.=  0.7596)
SCF ITERATION NUMBER  8
     point #   1  energy = -40.000
     point #  20  energy = -28.864
     point #  40  energy =  -8.617
New Fermi level:    mu=  -7.607 eV  Charge distance=  0.0206 (partial c.d.=  0.1091)
SCF ITERATION NUMBER  9
     point #   1  energy = -40.000
     point #  20  energy = -28.865
     point #  40  energy =  -8.619
New Fermi level:    mu=  -7.606 eV  Charge distance=  0.0140 (partial c.d.=  0.1111)
SCF ITERATION NUMBER 10
     point #   1  energy = -40.000
     point #  20  energy = -28.865
     point #  40  energy =  -8.618
New Fermi level:    mu=  -7.606 eV  Charge distance=  0.0063 (partial c.d.=  0.1169)
SCF ITERATION NUMBER 11
     point #   1  energy = -40.000
     point #  20  energy = -28.865
     point #  40  energy =  -8.619
New Fermi level:    mu=  -7.605 eV  Charge distance=  0.0044 (partial c.d.=  0.0239)
SCF ITERATION NUMBER 12
     point #   1  energy = -40.000
     point #  20  energy = -28.864
     point #  40  energy =  -8.618
New Fermi level:    mu=  -7.600 eV  Charge distance=  0.0009 (partial c.d.=  0.0171)
SCF ITERATION NUMBER 13
     point #   1  energy = -40.000
     point #  20  energy = -28.862
     point #  40  energy =  -8.612
New Fermi level:    mu=  -7.597 eV  Charge distance=  0.0012 (partial c.d.=  0.0009)
SCF ITERATION NUMBER 14
     point #   1  energy = -40.000
     point #  20  energy = -28.861
     point #  40  energy =  -8.609
New Fermi level:    mu=  -7.592 eV  Charge distance=  0.0002 (partial c.d.=  0.0015)
SCF ITERATION NUMBER 15
     point #   1  energy = -40.000
     point #  20  energy = -28.860
     point #  40  energy =  -8.605
New Fermi level:    mu=  -7.593 eV  Charge distance=  0.0002 (partial c.d.=  0.0004)
SCF ITERATION NUMBER 16
     point #   1  energy = -40.000
     point #  20  energy = -28.860
     point #  40  energy =  -8.605
New Fermi level:    mu=  -7.593 eV  Charge distance=  0.0001 (partial c.d.=  0.0004)
SCF ITERATION NUMBER 17
     point #   1  energy = -40.000
     point #  20  energy = -28.860
     point #  40  energy =  -8.606
New Fermi level:    mu=  -7.593 eV  Charge distance=  0.0000 (partial c.d.=  0.0003)
SCF ITERATION NUMBER 18
     point #   1  energy = -40.000
     point #  20  energy = -28.860
     point #  40  energy =  -8.606
New Fermi level:    mu=  -7.593 eV  Charge distance=  0.0000 (partial c.d.=  0.0001)
Electronic configuration
  type     l     N_el
     0     0    0.524
     0     1    0.597
     0     2    9.421
     0     3    0.000
     1     0    0.318
     1     1    6.534
     1     2    1.021
     1     3    0.000
     2     0    0.527
     2     1    0.600
     2     2    9.410
     2     3    0.000
     3     0    0.432
     3     1    0.697
     3     2    6.358
     3     3    0.000
     4     0    1.822
     4     1    4.378
     4     2    0.097
     4     3    0.000
Charge transfer:  type  charge
       0   -0.459
       1   -0.126
       2   -0.463
       3   -0.513
       4    0.298
Convergence reached in   18 iterations.
Done with module: potentials.

Calculating screened core-hole potential ...
FMS for a cluster of   27 atoms around iph =   0
    0% of energy integration
   20%
   40%
   60%
   80%
  100%
Preparing response function.
Computing (1 - K Chi0)^-1 v_ch
Done with module: screened core-hole potential.

Calculating cross-section and phases ...
    absorption cross section
 x0,dx,rnrm,inrm,jnrm   8.80000000000000       5.000000000000000E-002
   2.47752234099991              195         196
    phase shifts for unique potential    0
    phase shifts for unique potential    1
    phase shifts for unique potential    2
    phase shifts for unique potential    3
    phase shifts for unique potential    4
Done with module: cross-section and phases (XSPH).

FMS calculation of full Green's function ...
FEFF-serial using 1 thread.
Using   194 energy points.
xprep done
FMS for a cluster of  277 atoms
Energy point    1/ 194
Energy point   10/ 194
Energy point   20/ 194
Energy point   30/ 194
Energy point   40/ 194
Energy point   50/ 194
Energy point   60/ 194
Energy point   70/ 194
Energy point   80/ 194
Energy point   90/ 194
Energy point  100/ 194
Energy point  110/ 194
Energy point  120/ 194
Energy point  130/ 194
Energy point  140/ 194
Energy point  150/ 194
Energy point  160/ 194
Energy point  170/ 194
Energy point  180/ 194
Energy point  190/ 194
Done with module: FMS.

MKGTR: Tracing over Green's function ...
Done with module: MKGTR.

Pathfinder: finding scattering paths...
Preparing plane wave scattering amplitudes
Searching for paths
Eliminating path degeneracies
0 paths retained.
Done with module: pathfinder.

Calculating EXAFS parameters ...
Done with module: EXAFS parameters (GENFMT).

Calculating XAS spectra ...
Done with module: XAS spectra (FF2X: DW + final sum over paths).

 
### feff ends at Mon Aug 14 04:06:58 EDT 2023
 
