### feff starts at Mon Aug 14 06:28:33 EDT 2023
### Serial version
### FeffPath is /sdcc/u/mcarbone/software/JFEFF/hsw/feff90/linux
 
Launching FEFF version FEFF 9.9.1
Core hole lifetime is   1.729 eV.
Your calculation:
 comment: None given
 Source:
 Structure Summary:  Cu20 Sn4 B8 O40
 Reduced formula:  Cu5Sn(BO5)2
 space group: (P2_1/c), space number:  (14)
 abc:  6.474025   9.639499  12.286779
 angles: 90.000000  94.588991  90.000000
 sites: 72
Cu K edge XANES using RPA corehole.
Using:     * Self-Consistent Field potentials
Using cards:   ATOMS CONTROL EXCHANGE TITLE RPATH POTENTIALS XANES EDGE SCF FMS S02 COREHOLE EGRID

Calculating atomic potentials ...
    overlapped atomic potential and density for unique potential    0
    overlapped atomic potential and density for unique potential    1
    overlapped atomic potential and density for unique potential    2
    overlapped atomic potential and density for unique potential    3
    overlapped atomic potential and density for unique potential    4
Done with module: atomic potentials.

Calculating SCF potentials ...
FEFF-serial using 1 thread.
Muffin tin radii and interstitial parameters [bohr]:
type, norman radius, muffin tin, overlap factor
    0  1.36118E+00  1.28993E+00  1.14793E+00
    1  1.33040E+00  1.23387E+00  1.15000E+00
    2  1.50358E+00  1.38382E+00  1.15000E+00
    3  9.93367E-01  7.57090E-01  1.15000E+00
    4  1.10343E+00  1.02902E+00  1.15000E+00
Core-valence separation energy:  ecv=   -40.000 eV
Initial Fermi level:              mu=     3.415 eV
SCF ITERATION NUMBER  1
     point #   1  energy = -40.000
FMS for a cluster of  134 atoms around atom type   0
FMS for a cluster of  135 atoms around atom type   1
FMS for a cluster of  126 atoms around atom type   2
FMS for a cluster of  129 atoms around atom type   3
FMS for a cluster of  138 atoms around atom type   4
     point #  20  energy = -28.885
     point #  40  energy =  -8.635
     point #  60  energy =  -2.382
     point #  80  energy =  -2.842
New Fermi level:    mu=  -2.816 eV  Charge distance=  0.4191 (partial c.d.= 10.6571)
SCF ITERATION NUMBER  1
     point #   1  energy = -40.000
FMS for a cluster of  134 atoms around atom type   0
FMS for a cluster of  135 atoms around atom type   1
FMS for a cluster of  126 atoms around atom type   2
FMS for a cluster of  129 atoms around atom type   3
FMS for a cluster of  138 atoms around atom type   4
     point #  20  energy = -28.945
     point #  40  energy =  -8.846
     point #  60  energy =  -2.816
     point #  80  energy =  -4.328
     point # 100  energy =  -8.016
     point # 120  energy =  -8.453
New Fermi level:    mu=  -8.516 eV  Charge distance=  0.1877 (partial c.d.=  2.3219)
SCF ITERATION NUMBER  1
     point #   1  energy = -40.000
FMS for a cluster of  134 atoms around atom type   0
FMS for a cluster of  135 atoms around atom type   1
FMS for a cluster of  126 atoms around atom type   2
FMS for a cluster of  129 atoms around atom type   3
FMS for a cluster of  138 atoms around atom type   4
     point #  20  energy = -28.828
     point #  40  energy =  -8.516
     point #  60  energy =  -8.475
     point #  80  energy =  -6.131
     point # 100  energy =  -6.991
New Fermi level:    mu=  -7.042 eV  Charge distance=  0.1406 (partial c.d.=  1.0192)
SCF ITERATION NUMBER  2
     point #   1  energy = -40.000
     point #  20  energy = -29.014
     point #  40  energy =  -9.039
     point #  60  energy =  -7.067
New Fermi level:    mu=  -7.114 eV  Charge distance=  0.3133 (partial c.d.=  1.3432)
SCF ITERATION NUMBER  3
     point #   1  energy = -40.000
     point #  20  energy = -28.695
     point #  40  energy =  -8.142
     point #  60  energy =  -7.073
     point #  80  energy =  -6.492
New Fermi level:    mu=  -6.702 eV  Charge distance=  0.1980 (partial c.d.=  1.4534)
SCF ITERATION NUMBER  4
     point #   1  energy = -40.000
     point #  20  energy = -28.901
     point #  40  energy =  -8.720
     point #  60  energy =  -6.715
New Fermi level:    mu=  -6.833 eV  Charge distance=  0.1081 (partial c.d.=  0.0402)
SCF ITERATION NUMBER  5
     point #   1  energy = -40.000
     point #  20  energy = -28.944
     point #  40  energy =  -8.843
     point #  60  energy =  -6.845
New Fermi level:    mu=  -7.068 eV  Charge distance=  0.1350 (partial c.d.=  0.1222)
SCF ITERATION NUMBER  6
     point #   1  energy = -40.000
     point #  20  energy = -29.023
     point #  40  energy =  -9.064
     point #  60  energy =  -7.081
New Fermi level:    mu=  -7.205 eV  Charge distance=  0.0100 (partial c.d.=  0.4522)
SCF ITERATION NUMBER  7
     point #   1  energy = -40.000
     point #  20  energy = -28.727
     point #  40  energy =  -8.230
New Fermi level:    mu=  -7.185 eV  Charge distance=  0.0213 (partial c.d.=  0.1990)
SCF ITERATION NUMBER  8
     point #   1  energy = -40.000
     point #  20  energy = -28.720
     point #  40  energy =  -8.210
New Fermi level:    mu=  -7.197 eV  Charge distance=  0.0251 (partial c.d.=  0.1217)
SCF ITERATION NUMBER  9
     point #   1  energy = -40.000
     point #  20  energy = -28.724
     point #  40  energy =  -8.222
New Fermi level:    mu=  -7.199 eV  Charge distance=  0.0361 (partial c.d.=  0.0109)
SCF ITERATION NUMBER 10
     point #   1  energy = -40.000
     point #  20  energy = -28.725
     point #  40  energy =  -8.224
New Fermi level:    mu=  -7.199 eV  Charge distance=  0.0060 (partial c.d.=  0.0959)
SCF ITERATION NUMBER 11
     point #   1  energy = -40.000
     point #  20  energy = -28.725
     point #  40  energy =  -8.224
New Fermi level:    mu=  -7.200 eV  Charge distance=  0.0014 (partial c.d.=  0.0639)
SCF ITERATION NUMBER 12
     point #   1  energy = -40.000
     point #  20  energy = -28.725
     point #  40  energy =  -8.225
New Fermi level:    mu=  -7.198 eV  Charge distance=  0.0004 (partial c.d.=  0.0106)
SCF ITERATION NUMBER 13
     point #   1  energy = -40.000
     point #  20  energy = -28.724
     point #  40  energy =  -8.223
New Fermi level:    mu=  -7.196 eV  Charge distance=  0.0001 (partial c.d.=  0.0042)
SCF ITERATION NUMBER 14
     point #   1  energy = -40.000
     point #  20  energy = -28.724
     point #  40  energy =  -8.222
New Fermi level:    mu=  -7.196 eV  Charge distance=  0.0003 (partial c.d.=  0.0001)
Electronic configuration
  type     l     N_el
     0     0    0.492
     0     1    0.607
     0     2    9.579
     0     3    0.000
     1     0    0.525
     1     1    0.622
     1     2    9.486
     1     3    0.000
     2     0    1.130
     2     1    1.475
     2     2   10.652
     2     3    0.000
     3     0    0.871
     3     1    1.726
     3     2    0.000
     3     3    0.000
     4     0    1.856
     4     1    4.400
     4     2    0.083
     4     3    0.000
Charge transfer:  type  charge
       0   -0.321
       1   -0.367
       2   -0.743
       3   -0.403
       4    0.339
Convergence reached in   14 iterations.
Done with module: potentials.

Calculating screened core-hole potential ...
FMS for a cluster of   24 atoms around iph =   0
    0% of energy integration
   20%
   40%
   60%
   80%
  100%
Preparing response function.
Computing (1 - K Chi0)^-1 v_ch
Done with module: screened core-hole potential.

Calculating cross-section and phases ...
    absorption cross section
 x0,dx,rnrm,inrm,jnrm   8.80000000000000       5.000000000000000E-002
   2.57224904600009              195         196
    phase shifts for unique potential    0
    phase shifts for unique potential    1
    phase shifts for unique potential    2
    phase shifts for unique potential    3
    phase shifts for unique potential    4
Done with module: cross-section and phases (XSPH).

FMS calculation of full Green's function ...
FEFF-serial using 1 thread.
Using   194 energy points.
xprep done
FMS for a cluster of  289 atoms
Energy point    1/ 194
Energy point   10/ 194
Energy point   20/ 194
Energy point   30/ 194
Energy point   40/ 194
Energy point   50/ 194
Energy point   60/ 194
Energy point   70/ 194
Energy point   80/ 194
Energy point   90/ 194
Energy point  100/ 194
Energy point  110/ 194
Energy point  120/ 194
Energy point  130/ 194
Energy point  140/ 194
Energy point  150/ 194
Energy point  160/ 194
Energy point  170/ 194
Energy point  180/ 194
Energy point  190/ 194
Done with module: FMS.

MKGTR: Tracing over Green's function ...
Done with module: MKGTR.

Pathfinder: finding scattering paths...
Preparing plane wave scattering amplitudes
Searching for paths
Eliminating path degeneracies
0 paths retained.
Done with module: pathfinder.

Calculating EXAFS parameters ...
Done with module: EXAFS parameters (GENFMT).

Calculating XAS spectra ...
Done with module: XAS spectra (FF2X: DW + final sum over paths).

 
### feff ends at Mon Aug 14 09:04:46 EDT 2023
 
