### feff starts at Mon Aug 14 07:02:11 EDT 2023
### Serial version
### FeffPath is /sdcc/u/mcarbone/software/JFEFF/hsw/feff90/linux
 
Launching FEFF version FEFF 9.9.1
Resetting lmaxsc to 2 for iph =    2.  Use  UNFREEZE to prevent this.
Core hole lifetime is   1.729 eV.
Your calculation:
 comment: None given
 Source:
 Structure Summary:  Cu6 W12 O42
 Reduced formula:  CuW2O7
 space group: (P2/c), space number:  (13)
 abc:  9.325025  10.686638  11.817289
 angles: 86.853677  90.000000  90.000000
 sites: 60
Cu K edge XANES using RPA corehole.
Using:     * Self-Consistent Field potentials
Using cards:   ATOMS CONTROL EXCHANGE TITLE RPATH POTENTIALS XANES EDGE SCF FMS S02 COREHOLE EGRID

Calculating atomic potentials ...
    overlapped atomic potential and density for unique potential    0
    overlapped atomic potential and density for unique potential    1
    overlapped atomic potential and density for unique potential    2
    overlapped atomic potential and density for unique potential    3
Done with module: atomic potentials.

Calculating SCF potentials ...
FEFF-serial using 1 thread.
Muffin tin radii and interstitial parameters [bohr]:
type, norman radius, muffin tin, overlap factor
    0  1.31513E+00  1.21084E+00  1.15000E+00
    1  1.31516E+00  1.21086E+00  1.15000E+00
    2  1.40521E+00  1.17968E+00  1.15000E+00
    3  1.07976E+00  9.35849E-01  1.15000E+00
Core-valence separation energy:  ecv=   -32.500 eV
Initial Fermi level:              mu=     5.101 eV
SCF ITERATION NUMBER  1
     point #   1  energy = -32.500
FMS for a cluster of   71 atoms around atom type   0
FMS for a cluster of   50 atoms around atom type   1
FMS for a cluster of   65 atoms around atom type   2
FMS for a cluster of   74 atoms around atom type   3
     point #  20  energy = -21.332
     point #  40  energy =  -5.448
     point #  60  energy =  -4.479
New Fermi level:    mu=  -4.225 eV  Charge distance=  1.2365 (partial c.d.=  4.9302)
SCF ITERATION NUMBER  1
     point #   1  energy = -32.500
FMS for a cluster of   71 atoms around atom type   0
FMS for a cluster of   50 atoms around atom type   1
FMS for a cluster of   65 atoms around atom type   2
FMS for a cluster of   74 atoms around atom type   3
     point #  20  energy = -21.392
     point #  40  energy =  -4.225
     point #  60  energy =  -4.394
     point #  80  energy =  -5.763
New Fermi level:    mu=  -5.533 eV  Charge distance=  0.4805 (partial c.d.=  6.6969)
SCF ITERATION NUMBER  1
     point #   1  energy = -32.500
FMS for a cluster of   71 atoms around atom type   0
FMS for a cluster of   50 atoms around atom type   1
FMS for a cluster of   65 atoms around atom type   2
FMS for a cluster of   74 atoms around atom type   3
     point #  20  energy = -21.513
     point #  40  energy =  -5.533
New Fermi level:    mu=  -5.581 eV  Charge distance=  0.2690 (partial c.d.=  0.4947)
SCF ITERATION NUMBER  2
     point #   1  energy = -32.500
     point #  20  energy = -21.533
     point #  40  energy =  -5.581
New Fermi level:    mu=  -5.601 eV  Charge distance=  0.2179 (partial c.d.=  0.4300)
SCF ITERATION NUMBER  3
     point #   1  energy = -32.500
     point #  20  energy = -21.541
     point #  40  energy =  -5.601
     point #  60  energy =  -5.501
New Fermi level:    mu=  -5.473 eV  Charge distance=  0.1705 (partial c.d.=  0.9165)
SCF ITERATION NUMBER  4
     point #   1  energy = -32.500
     point #  20  energy = -21.489
     point #  40  energy =  -5.473
     point #  60  energy =  -5.654
New Fermi level:    mu=  -5.642 eV  Charge distance=  0.0838 (partial c.d.=  1.1666)
SCF ITERATION NUMBER  5
     point #   1  energy = -32.500
     point #  20  energy = -21.558
     point #  40  energy =  -5.642
New Fermi level:    mu=  -5.647 eV  Charge distance=  0.1303 (partial c.d.=  0.0859)
SCF ITERATION NUMBER  6
     point #   1  energy = -32.500
     point #  20  energy = -21.560
     point #  40  energy =  -5.647
New Fermi level:    mu=  -5.598 eV  Charge distance=  0.0063 (partial c.d.=  0.3898)
SCF ITERATION NUMBER  7
     point #   1  energy = -32.500
     point #  20  energy = -21.540
     point #  40  energy =  -5.598
New Fermi level:    mu=  -5.596 eV  Charge distance=  0.0014 (partial c.d.=  0.0285)
SCF ITERATION NUMBER  8
     point #   1  energy = -32.500
     point #  20  energy = -21.539
     point #  40  energy =  -5.596
New Fermi level:    mu=  -5.590 eV  Charge distance=  0.0020 (partial c.d.=  0.0088)
SCF ITERATION NUMBER  9
     point #   1  energy = -32.500
     point #  20  energy = -21.537
     point #  40  energy =  -5.590
New Fermi level:    mu=  -5.582 eV  Charge distance=  0.0013 (partial c.d.=  0.0053)
SCF ITERATION NUMBER 10
     point #   1  energy = -32.500
     point #  20  energy = -21.533
     point #  40  energy =  -5.582
New Fermi level:    mu=  -5.576 eV  Charge distance=  0.0006 (partial c.d.=  0.0053)
SCF ITERATION NUMBER 11
     point #   1  energy = -32.500
     point #  20  energy = -21.531
     point #  40  energy =  -5.576
New Fermi level:    mu=  -5.576 eV  Charge distance=  0.0001 (partial c.d.=  0.0040)
SCF ITERATION NUMBER 12
     point #   1  energy = -32.500
     point #  20  energy = -21.531
     point #  40  energy =  -5.576
New Fermi level:    mu=  -5.576 eV  Charge distance=  0.0001 (partial c.d.=  0.0008)
SCF ITERATION NUMBER 13
     point #   1  energy = -32.500
     point #  20  energy = -21.531
     point #  40  energy =  -5.576
New Fermi level:    mu=  -5.577 eV  Charge distance=  0.0002 (partial c.d.=  0.0001)
Electronic configuration
  type     l     N_el
     0     0    0.519
     0     1    0.719
     0     2    9.521
     0     3    0.000
     1     0    0.536
     1     1    0.720
     1     2    9.514
     1     3    0.000
     2     0    0.602
     2     1    0.758
     2     2    3.883
     2     3    0.000
     3     0    1.844
     3     1    4.315
     3     2    0.090
     3     3    0.000
Charge transfer:  type  charge
       0   -0.241
       1   -0.229
       2   -0.757
       3    0.249
Convergence reached in   13 iterations.
Done with module: potentials.

Calculating screened core-hole potential ...
FMS for a cluster of   13 atoms around iph =   0
    0% of energy integration
   20%
   40%
   60%
   80%
  100%
Preparing response function.
Computing (1 - K Chi0)^-1 v_ch
Done with module: screened core-hole potential.

Calculating cross-section and phases ...
    absorption cross section
 x0,dx,rnrm,inrm,jnrm   8.80000000000000       5.000000000000000E-002
   2.48524060000013              195         196
    phase shifts for unique potential    0
    phase shifts for unique potential    1
    phase shifts for unique potential    2
    phase shifts for unique potential    3
Done with module: cross-section and phases (XSPH).

FMS calculation of full Green's function ...
FEFF-serial using 1 thread.
Using   194 energy points.
xprep done
FMS for a cluster of  145 atoms
Energy point    1/ 194
Energy point   10/ 194
Energy point   20/ 194
Energy point   30/ 194
Energy point   40/ 194
Energy point   50/ 194
Energy point   60/ 194
Energy point   70/ 194
Energy point   80/ 194
Energy point   90/ 194
Energy point  100/ 194
Energy point  110/ 194
Energy point  120/ 194
Energy point  130/ 194
Energy point  140/ 194
Energy point  150/ 194
Energy point  160/ 194
Energy point  170/ 194
Energy point  180/ 194
Energy point  190/ 194
Done with module: FMS.

MKGTR: Tracing over Green's function ...
Done with module: MKGTR.

Pathfinder: finding scattering paths...
Preparing plane wave scattering amplitudes
Searching for paths
Eliminating path degeneracies
0 paths retained.
Done with module: pathfinder.

Calculating EXAFS parameters ...
Done with module: EXAFS parameters (GENFMT).

Calculating XAS spectra ...
Done with module: XAS spectra (FF2X: DW + final sum over paths).

 
### feff ends at Mon Aug 14 07:25:22 EDT 2023
 
