### feff starts at Sun Aug 13 23:28:15 EDT 2023
### Serial version
### FeffPath is /sdcc/u/mcarbone/software/JFEFF/hsw/feff90/linux
 
Launching FEFF version FEFF 9.9.1
Core hole lifetime is   1.729 eV.
Your calculation:
 comment: None given
 Source:
 Structure Summary:  Li2 Cu2 Si8 O19
 Reduced formula:  Li2Cu2Si8O19
 space group: (C2), space number:  (5)
 abc:  7.212611   7.212611  12.427891
 angles: 72.598601  72.598601  39.986574
 sites: 31
Cu K edge XANES using RPA corehole.
Using:     * Self-Consistent Field potentials
Using cards:   ATOMS CONTROL EXCHANGE TITLE RPATH POTENTIALS XANES EDGE SCF FMS S02 COREHOLE EGRID

Calculating atomic potentials ...
    overlapped atomic potential and density for unique potential    0
    overlapped atomic potential and density for unique potential    1
    overlapped atomic potential and density for unique potential    2
    overlapped atomic potential and density for unique potential    3
    overlapped atomic potential and density for unique potential    4
Done with module: atomic potentials.

Calculating SCF potentials ...
FEFF-serial using 1 thread.
Muffin tin radii and interstitial parameters [bohr]:
type, norman radius, muffin tin, overlap factor
    0  1.34003E+00  1.25122E+00  1.15000E+00
    1  1.45397E+00  1.38120E+00  1.14016E+00
    2  1.34003E+00  1.25122E+00  1.15000E+00
    3  1.21896E+00  1.00188E+00  1.15000E+00
    4  1.08417E+00  9.16197E-01  1.15000E+00
Core-valence separation energy:  ecv=   -40.000 eV
Initial Fermi level:              mu=     4.494 eV
SCF ITERATION NUMBER  1
     point #   1  energy = -40.000
FMS for a cluster of  110 atoms around atom type   0
FMS for a cluster of  106 atoms around atom type   1
FMS for a cluster of   99 atoms around atom type   2
FMS for a cluster of  106 atoms around atom type   3
FMS for a cluster of  105 atoms around atom type   4
     point #  20  energy = -28.873
     point #  40  energy =  -8.623
     point #  60  energy =  -5.276
     point #  80  energy =  -4.470
New Fermi level:    mu=  -4.468 eV  Charge distance=  1.1698 (partial c.d.=  4.9242)
negative density   1 -308.242 - usually harmless precision error, but check DOS if it persists
SCF ITERATION NUMBER  1
     point #   1  energy = -40.000
FMS for a cluster of  110 atoms around atom type   0
FMS for a cluster of  106 atoms around atom type   1
FMS for a cluster of   99 atoms around atom type   2
FMS for a cluster of  106 atoms around atom type   3
FMS for a cluster of  105 atoms around atom type   4
     point #  20  energy = -28.833
     point #  40  energy =  -8.529
     point #  60  energy =  -4.468
     point #  80  energy =  -6.606
     point # 100  energy =  -7.665
New Fermi level:    mu=  -7.362 eV  Charge distance=  0.3799 (partial c.d.=  6.2509)
negative density   1 -516.444 - usually harmless precision error, but check DOS if it persists
negative density   1  -37.650 - usually harmless precision error, but check DOS if it persists
SCF ITERATION NUMBER  1
     point #   1  energy = -40.000
FMS for a cluster of  110 atoms around atom type   0
FMS for a cluster of  106 atoms around atom type   1
FMS for a cluster of   99 atoms around atom type   2
FMS for a cluster of  106 atoms around atom type   3
FMS for a cluster of  105 atoms around atom type   4
     point #  20  energy = -28.781
     point #  40  energy =  -8.382
     point #  60  energy =  -7.403
     point #  80  energy =  -7.691
New Fermi level:    mu=  -7.644 eV  Charge distance=  0.2115 (partial c.d.=  0.1952)
negative density   1 -680.343 - usually harmless precision error, but check DOS if it persists
negative density   1  -90.329 - usually harmless precision error, but check DOS if it persists
SCF ITERATION NUMBER  2
     point #   1  energy = -40.000
     point #  20  energy = -28.878
     point #  40  energy =  -8.655
New Fermi level:    mu=  -7.624 eV  Charge distance=  0.1542 (partial c.d.=  0.3936)
negative density   1 -960.916 - usually harmless precision error, but check DOS if it persists
negative density   1 -180.289 - usually harmless precision error, but check DOS if it persists
SCF ITERATION NUMBER  3
     point #   1  energy = -40.000
     point #  20  energy = -28.871
     point #  40  energy =  -8.635
     point #  60  energy =  -7.583
New Fermi level:    mu=  -7.339 eV  Charge distance=  0.0649 (partial c.d.=  0.4878)
negative density   1-1181.224 - usually harmless precision error, but check DOS if it persists
negative density   1 -249.922 - usually harmless precision error, but check DOS if it persists
negative density   1   -7.208 - usually harmless precision error, but check DOS if it persists
SCF ITERATION NUMBER  4
     point #   1  energy = -40.000
     point #  20  energy = -28.773
     point #  40  energy =  -8.359
     point #  60  energy =  -7.379
New Fermi level:    mu=  -7.583 eV  Charge distance=  0.0948 (partial c.d.=  0.6304)
negative density   1-1409.212 - usually harmless precision error, but check DOS if it persists
negative density   1 -322.705 - usually harmless precision error, but check DOS if it persists
negative density   1  -38.532 - usually harmless precision error, but check DOS if it persists
SCF ITERATION NUMBER  5
     point #   1  energy = -40.000
     point #  20  energy = -28.857
     point #  40  energy =  -8.596
New Fermi level:    mu=  -7.570 eV  Charge distance=  0.0391 (partial c.d.=  0.1625)
negative density   1-1476.708 - usually harmless precision error, but check DOS if it persists
negative density   1 -344.427 - usually harmless precision error, but check DOS if it persists
negative density   1  -47.913 - usually harmless precision error, but check DOS if it persists
SCF ITERATION NUMBER  6
     point #   1  energy = -40.000
     point #  20  energy = -28.852
     point #  40  energy =  -8.584
New Fermi level:    mu=  -7.550 eV  Charge distance=  0.0067 (partial c.d.=  0.1689)
negative density   1-1488.712 - usually harmless precision error, but check DOS if it persists
negative density   1 -348.360 - usually harmless precision error, but check DOS if it persists
negative density   1  -49.625 - usually harmless precision error, but check DOS if it persists
SCF ITERATION NUMBER  7
     point #   1  energy = -40.000
     point #  20  energy = -28.845
     point #  40  energy =  -8.564
     point #  60  energy =  -7.588
New Fermi level:    mu=  -7.576 eV  Charge distance=  0.0032 (partial c.d.=  0.0266)
negative density   1-1498.949 - usually harmless precision error, but check DOS if it persists
negative density   1 -351.788 - usually harmless precision error, but check DOS if it persists
negative density   1  -51.130 - usually harmless precision error, but check DOS if it persists
SCF ITERATION NUMBER  8
     point #   1  energy = -40.000
     point #  20  energy = -28.854
     point #  40  energy =  -8.590
New Fermi level:    mu=  -7.583 eV  Charge distance=  0.0056 (partial c.d.=  0.0023)
negative density   1-1516.409 - usually harmless precision error, but check DOS if it persists
negative density   1 -357.730 - usually harmless precision error, but check DOS if it persists
negative density   1  -53.756 - usually harmless precision error, but check DOS if it persists
SCF ITERATION NUMBER  9
     point #   1  energy = -40.000
     point #  20  energy = -28.857
     point #  40  energy =  -8.596
New Fermi level:    mu=  -7.592 eV  Charge distance=  0.0021 (partial c.d.=  0.0047)
negative density   1-1521.059 - usually harmless precision error, but check DOS if it persists
negative density   1 -359.372 - usually harmless precision error, but check DOS if it persists
negative density   1  -54.492 - usually harmless precision error, but check DOS if it persists
SCF ITERATION NUMBER 10
     point #   1  energy = -40.000
     point #  20  energy = -28.860
     point #  40  energy =  -8.604
New Fermi level:    mu=  -7.585 eV  Charge distance=  0.0004 (partial c.d.=  0.0041)
negative density   1-1522.334 - usually harmless precision error, but check DOS if it persists
negative density   1 -359.832 - usually harmless precision error, but check DOS if it persists
negative density   1  -54.700 - usually harmless precision error, but check DOS if it persists
SCF ITERATION NUMBER 11
     point #   1  energy = -40.000
     point #  20  energy = -28.857
     point #  40  energy =  -8.598
New Fermi level:    mu=  -7.583 eV  Charge distance=  0.0006 (partial c.d.=  0.0034)
negative density   1-1525.304 - usually harmless precision error, but check DOS if it persists
negative density   1 -360.849 - usually harmless precision error, but check DOS if it persists
negative density   1  -55.151 - usually harmless precision error, but check DOS if it persists
SCF ITERATION NUMBER 12
     point #   1  energy = -40.000
     point #  20  energy = -28.857
     point #  40  energy =  -8.596
New Fermi level:    mu=  -7.582 eV  Charge distance=  0.0001 (partial c.d.=  0.0009)
negative density   1-1526.785 - usually harmless precision error, but check DOS if it persists
negative density   1 -361.343 - usually harmless precision error, but check DOS if it persists
negative density   1  -55.367 - usually harmless precision error, but check DOS if it persists
SCF ITERATION NUMBER 13
     point #   1  energy = -40.000
     point #  20  energy = -28.856
     point #  40  energy =  -8.595
New Fermi level:    mu=  -7.582 eV  Charge distance=  0.0001 (partial c.d.=  0.0001)
Electronic configuration
  type     l     N_el
     0     0    0.480
     0     1    0.648
     0     2    9.501
     0     3    0.000
     1     0    0.293
     1     1    0.514
     1     2    0.000
     1     3    0.000
     2     0    0.480
     2     1    0.648
     2     2    9.501
     2     3    0.000
     3     0    0.962
     3     1    1.569
     3     2    0.882
     3     3    0.000
     4     0    1.848
     4     1    4.401
     4     2    0.057
     4     3    0.000
Charge transfer:  type  charge
       0   -0.372
       1   -0.193
       2   -0.371
       3   -0.587
       4    0.307
Convergence reached in   13 iterations.
Done with module: potentials.

Calculating screened core-hole potential ...
FMS for a cluster of   21 atoms around iph =   0
    0% of energy integration
   20%
   40%
   60%
   80%
  100%
Preparing response function.
Computing (1 - K Chi0)^-1 v_ch
Done with module: screened core-hole potential.

Calculating cross-section and phases ...
    absorption cross section
 x0,dx,rnrm,inrm,jnrm   8.80000000000000       5.000000000000000E-002
   2.53229394099983              195         196
    phase shifts for unique potential    0
    phase shifts for unique potential    1
    phase shifts for unique potential    2
    phase shifts for unique potential    3
    phase shifts for unique potential    4
Done with module: cross-section and phases (XSPH).

FMS calculation of full Green's function ...
FEFF-serial using 1 thread.
Using   194 energy points.
xprep done
FMS for a cluster of  239 atoms
Energy point    1/ 194
Energy point   10/ 194
Energy point   20/ 194
Energy point   30/ 194
Energy point   40/ 194
Energy point   50/ 194
Energy point   60/ 194
Energy point   70/ 194
Energy point   80/ 194
Energy point   90/ 194
Energy point  100/ 194
Energy point  110/ 194
Energy point  120/ 194
Energy point  130/ 194
Energy point  140/ 194
Energy point  150/ 194
Energy point  160/ 194
Energy point  170/ 194
Energy point  180/ 194
Energy point  190/ 194
Done with module: FMS.

MKGTR: Tracing over Green's function ...
Done with module: MKGTR.

Pathfinder: finding scattering paths...
Preparing plane wave scattering amplitudes
Searching for paths
Eliminating path degeneracies
0 paths retained.
Done with module: pathfinder.

Calculating EXAFS parameters ...
Done with module: EXAFS parameters (GENFMT).

Calculating XAS spectra ...
Done with module: XAS spectra (FF2X: DW + final sum over paths).

 
### feff ends at Mon Aug 14 00:59:29 EDT 2023
 
