### feff starts at Mon Aug 14 03:15:09 EDT 2023
### Serial version
### FeffPath is /sdcc/u/mcarbone/software/JFEFF/hsw/feff90/linux
 
Launching FEFF version FEFF 9.9.1
Core hole lifetime is   1.729 eV.
Your calculation:
 comment: None given
 Source:
 Structure Summary:  Mg4 Cu8 P8 O36
 Reduced formula:  MgCu2P2O9
 space group: (Pnma), space number:  (62)
 abc:  6.234854   7.141817  14.294439
 angles: 90.000000  90.000000  90.000000
 sites: 56
Cu K edge XANES using RPA corehole.
Using:     * Self-Consistent Field potentials
Using cards:   ATOMS CONTROL EXCHANGE TITLE RPATH POTENTIALS XANES EDGE SCF FMS S02 COREHOLE EGRID

Calculating atomic potentials ...
    overlapped atomic potential and density for unique potential    0
    overlapped atomic potential and density for unique potential    1
    overlapped atomic potential and density for unique potential    2
    overlapped atomic potential and density for unique potential    3
    overlapped atomic potential and density for unique potential    4
Done with module: atomic potentials.

Calculating SCF potentials ...
FEFF-serial using 1 thread.
Muffin tin radii and interstitial parameters [bohr]:
type, norman radius, muffin tin, overlap factor
    0  1.31787E+00  1.23803E+00  1.15000E+00
    1  1.55614E+00  1.47250E+00  1.15000E+00
    2  1.31788E+00  1.23803E+00  1.15000E+00
    3  1.14705E+00  8.94726E-01  1.15000E+00
    4  1.12580E+00  1.02102E+00  1.15000E+00
Core-valence separation energy:  ecv=   -40.000 eV
Initial Fermi level:              mu=     4.880 eV
SCF ITERATION NUMBER  1
     point #   1  energy = -40.000
FMS for a cluster of  129 atoms around atom type   0
FMS for a cluster of  105 atoms around atom type   1
FMS for a cluster of  119 atoms around atom type   2
FMS for a cluster of  120 atoms around atom type   3
FMS for a cluster of  127 atoms around atom type   4
     point #  20  energy = -28.803
     point #  40  energy =  -8.553
     point #  60  energy =  -4.303
     point #  80  energy =  -3.553
New Fermi level:    mu=  -3.490 eV  Charge distance=  0.7577 (partial c.d.=  6.2208)
SCF ITERATION NUMBER  1
     point #   1  energy = -40.000
FMS for a cluster of  129 atoms around atom type   0
FMS for a cluster of  105 atoms around atom type   1
FMS for a cluster of  119 atoms around atom type   2
FMS for a cluster of  120 atoms around atom type   3
FMS for a cluster of  127 atoms around atom type   4
     point #  20  energy = -28.844
     point #  40  energy =  -8.561
     point #  60  energy =  -3.490
     point #  80  energy =  -5.068
     point # 100  energy =  -8.696
New Fermi level:    mu=  -9.155 eV  Charge distance=  0.2480 (partial c.d.=  3.9854)
SCF ITERATION NUMBER  1
     point #   1  energy = -40.000
FMS for a cluster of  129 atoms around atom type   0
FMS for a cluster of  105 atoms around atom type   1
FMS for a cluster of  119 atoms around atom type   2
FMS for a cluster of  120 atoms around atom type   3
FMS for a cluster of  127 atoms around atom type   4
     point #  20  energy = -28.690
     point #  40  energy =  -9.155
     point #  60  energy =  -9.064
     point #  80  energy =  -7.995
New Fermi level:    mu=  -7.968 eV  Charge distance=  0.0984 (partial c.d.=  0.6643)
SCF ITERATION NUMBER  2
     point #   1  energy = -40.000
     point #  20  energy = -28.989
     point #  40  energy =  -8.969
     point #  60  energy =  -7.927
New Fermi level:    mu=  -7.624 eV  Charge distance=  0.3023 (partial c.d.=  0.2495)
SCF ITERATION NUMBER  3
     point #   1  energy = -40.000
     point #  20  energy = -28.871
     point #  40  energy =  -8.635
     point #  60  energy =  -7.664
New Fermi level:    mu=  -8.158 eV  Charge distance=  0.0921 (partial c.d.=  0.4467)
SCF ITERATION NUMBER  4
     point #   1  energy = -40.000
     point #  20  energy = -28.701
     point #  40  energy =  -8.158
     point #  60  energy =  -8.117
New Fermi level:    mu=  -7.649 eV  Charge distance=  0.0567 (partial c.d.=  0.5891)
SCF ITERATION NUMBER  5
     point #   1  energy = -40.000
     point #  20  energy = -28.879
     point #  40  energy =  -8.660
     point #  60  energy =  -7.687
New Fermi level:    mu=  -7.895 eV  Charge distance=  0.0420 (partial c.d.=  0.7704)
SCF ITERATION NUMBER  6
     point #   1  energy = -40.000
     point #  20  energy = -28.964
     point #  40  energy =  -8.899
     point #  60  energy =  -7.858
New Fermi level:    mu=  -7.833 eV  Charge distance=  0.0117 (partial c.d.=  0.5020)
SCF ITERATION NUMBER  7
     point #   1  energy = -40.000
     point #  20  energy = -28.942
     point #  40  energy =  -8.838
New Fermi level:    mu=  -7.827 eV  Charge distance=  0.0070 (partial c.d.=  0.1114)
SCF ITERATION NUMBER  8
     point #   1  energy = -40.000
     point #  20  energy = -28.941
     point #  40  energy =  -8.832
New Fermi level:    mu=  -7.829 eV  Charge distance=  0.0127 (partial c.d.=  0.0035)
SCF ITERATION NUMBER  9
     point #   1  energy = -40.000
     point #  20  energy = -28.941
     point #  40  energy =  -8.834
New Fermi level:    mu=  -7.832 eV  Charge distance=  0.0019 (partial c.d.=  0.0042)
SCF ITERATION NUMBER 10
     point #   1  energy = -40.000
     point #  20  energy = -28.942
     point #  40  energy =  -8.837
New Fermi level:    mu=  -7.825 eV  Charge distance=  0.0002 (partial c.d.=  0.0024)
SCF ITERATION NUMBER 11
     point #   1  energy = -40.000
     point #  20  energy = -28.940
     point #  40  energy =  -8.831
New Fermi level:    mu=  -7.821 eV  Charge distance=  0.0005 (partial c.d.=  0.0009)
SCF ITERATION NUMBER 12
     point #   1  energy = -40.000
     point #  20  energy = -28.938
     point #  40  energy =  -8.826
New Fermi level:    mu=  -7.820 eV  Charge distance=  0.0001 (partial c.d.=  0.0053)
SCF ITERATION NUMBER 13
     point #   1  energy = -40.000
     point #  20  energy = -28.938
     point #  40  energy =  -8.826
New Fermi level:    mu=  -7.821 eV  Charge distance=  0.0002 (partial c.d.=  0.0006)
SCF ITERATION NUMBER 14
     point #   1  energy = -40.000
     point #  20  energy = -28.938
     point #  40  energy =  -8.826
New Fermi level:    mu=  -7.821 eV  Charge distance=  0.0001 (partial c.d.=  0.0006)
SCF ITERATION NUMBER 15
     point #   1  energy = -40.000
     point #  20  energy = -28.939
     point #  40  energy =  -8.827
New Fermi level:    mu=  -7.822 eV  Charge distance=  0.0000 (partial c.d.=  0.0001)
Electronic configuration
  type     l     N_el
     0     0    0.474
     0     1    0.649
     0     2    9.377
     0     3    0.000
     1     0    0.505
     1     1    0.778
     1     2    0.528
     1     3    0.000
     2     0    0.474
     2     1    0.648
     2     2    9.378
     2     3    0.000
     3     0    1.199
     3     1    2.039
     3     2    1.030
     3     3    0.000
     4     0    1.878
     4     1    4.328
     4     2    0.089
     4     3    0.000
Charge transfer:  type  charge
       0   -0.499
       1   -0.189
       2   -0.500
       3   -0.732
       4    0.295
Convergence reached in   15 iterations.
Done with module: potentials.

Calculating screened core-hole potential ...
FMS for a cluster of   25 atoms around iph =   0
    0% of energy integration
   20%
   40%
   60%
   80%
  100%
Preparing response function.
Computing (1 - K Chi0)^-1 v_ch
Done with module: screened core-hole potential.

Calculating cross-section and phases ...
    absorption cross section
 x0,dx,rnrm,inrm,jnrm   8.80000000000000       5.000000000000000E-002
   2.49042062100005              195         196
    phase shifts for unique potential    0
    phase shifts for unique potential    1
    phase shifts for unique potential    2
    phase shifts for unique potential    3
    phase shifts for unique potential    4
Done with module: cross-section and phases (XSPH).

FMS calculation of full Green's function ...
FEFF-serial using 1 thread.
Using   194 energy points.
xprep done
FMS for a cluster of  273 atoms
Energy point    1/ 194
Energy point   10/ 194
Energy point   20/ 194
Energy point   30/ 194
Energy point   40/ 194
Energy point   50/ 194
Energy point   60/ 194
Energy point   70/ 194
Energy point   80/ 194
Energy point   90/ 194
Energy point  100/ 194
Energy point  110/ 194
Energy point  120/ 194
Energy point  130/ 194
Energy point  140/ 194
Energy point  150/ 194
Energy point  160/ 194
Energy point  170/ 194
Energy point  180/ 194
Energy point  190/ 194
Done with module: FMS.

MKGTR: Tracing over Green's function ...
Done with module: MKGTR.

Pathfinder: finding scattering paths...
Preparing plane wave scattering amplitudes
Searching for paths
Eliminating path degeneracies
0 paths retained.
Done with module: pathfinder.

Calculating EXAFS parameters ...
Done with module: EXAFS parameters (GENFMT).

Calculating XAS spectra ...
Done with module: XAS spectra (FF2X: DW + final sum over paths).

 
### feff ends at Mon Aug 14 05:39:03 EDT 2023
 
