### feff starts at Mon Aug 14 04:05:22 EDT 2023
### Serial version
### FeffPath is /sdcc/u/mcarbone/software/JFEFF/hsw/feff90/linux
 
Launching FEFF version FEFF 9.9.1
Resetting lmaxsc to 2 for iph =    1.  Use  UNFREEZE to prevent this.
Core hole lifetime is   1.729 eV.
Your calculation:
 comment: None given
 Source:
 Structure Summary:  Ba2 Y2 Cu8 O14
 Reduced formula:  BaYCu4O7
 space group: (P6_3mc), space number:  (186)
 abc:  6.310763   6.310763  10.456356
 angles: 90.000000  90.000000 120.000007
 sites: 26
Cu K edge XANES using RPA corehole.
Using:     * Self-Consistent Field potentials
Using cards:   ATOMS CONTROL EXCHANGE TITLE RPATH POTENTIALS XANES EDGE SCF FMS S02 COREHOLE EGRID

Calculating atomic potentials ...
    overlapped atomic potential and density for unique potential    0
    overlapped atomic potential and density for unique potential    1
    overlapped atomic potential and density for unique potential    2
    overlapped atomic potential and density for unique potential    3
    overlapped atomic potential and density for unique potential    4
Done with module: atomic potentials.

Calculating SCF potentials ...
FEFF-serial using 1 thread.
Muffin tin radii and interstitial parameters [bohr]:
type, norman radius, muffin tin, overlap factor
    0  1.30737E+00  1.19817E+00  1.15000E+00
    1  2.12319E+00  2.05338E+00  1.08616E+00
    2  1.66525E+00  1.55909E+00  1.15000E+00
    3  1.30737E+00  1.19817E+00  1.15000E+00
    4  1.12159E+00  1.03560E+00  1.15000E+00
Core-valence separation energy:  ecv=   -41.000 eV
Initial Fermi level:              mu=    -0.069 eV
SCF ITERATION NUMBER  1
     point #   1  energy = -41.000
FMS for a cluster of  102 atoms around atom type   0
FMS for a cluster of   97 atoms around atom type   1
FMS for a cluster of   95 atoms around atom type   2
FMS for a cluster of   97 atoms around atom type   3
FMS for a cluster of  101 atoms around atom type   4
     point #  20  energy = -29.776
     point #  40  energy =  -9.526
     point #  60  energy =  -4.501
     point #  80  energy =  -4.067
New Fermi level:    mu=  -4.046 eV  Charge distance=  0.6997 (partial c.d.=  6.6054)
SCF ITERATION NUMBER  1
     point #   1  energy = -41.000
FMS for a cluster of  102 atoms around atom type   0
FMS for a cluster of   97 atoms around atom type   1
FMS for a cluster of   95 atoms around atom type   2
FMS for a cluster of   97 atoms around atom type   3
FMS for a cluster of  101 atoms around atom type   4
     point #  20  energy = -29.709
     point #  40  energy =  -9.179
     point #  60  energy =  -4.046
     point #  80  energy =  -5.871
     point # 100  energy =  -9.921
     point # 120  energy = -10.627
New Fermi level:    mu= -10.713 eV  Charge distance=  0.2792 (partial c.d.=  3.7146)
SCF ITERATION NUMBER  1
     point #   1  energy = -41.000
FMS for a cluster of  102 atoms around atom type   0
FMS for a cluster of   97 atoms around atom type   1
FMS for a cluster of   95 atoms around atom type   2
FMS for a cluster of   97 atoms around atom type   3
FMS for a cluster of  101 atoms around atom type   4
     point #  20  energy = -29.895
     point #  40  energy = -10.713
     point #  60  energy = -10.622
     point #  80  energy =  -8.288
     point # 100  energy =  -9.247
New Fermi level:    mu=  -9.364 eV  Charge distance=  0.2230 (partial c.d.=  0.5512)
SCF ITERATION NUMBER  2
     point #   1  energy = -41.000
     point #  20  energy = -29.774
     point #  40  energy =  -9.364
     point #  60  energy =  -9.323
     point #  80  energy =  -8.330
New Fermi level:    mu=  -8.686 eV  Charge distance=  0.6980 (partial c.d.=  0.1196)
SCF ITERATION NUMBER  3
     point #   1  energy = -41.000
     point #  20  energy = -29.892
     point #  40  energy =  -9.696
     point #  60  energy =  -8.645
     point #  80  energy =  -7.823
New Fermi level:    mu=  -8.141 eV  Charge distance=  0.0501 (partial c.d.=  0.3699)
SCF ITERATION NUMBER  4
     point #   1  energy = -41.000
     point #  20  energy = -29.705
     point #  40  energy =  -9.168
     point #  60  energy =  -8.182
New Fermi level:    mu=  -8.364 eV  Charge distance=  0.0789 (partial c.d.=  0.7537)
SCF ITERATION NUMBER  5
     point #   1  energy = -41.000
     point #  20  energy = -29.781
     point #  40  energy =  -9.384
     point #  60  energy =  -8.401
New Fermi level:    mu=  -8.441 eV  Charge distance=  0.0159 (partial c.d.=  0.9387)
SCF ITERATION NUMBER  6
     point #   1  energy = -41.000
     point #  20  energy = -29.808
     point #  40  energy =  -9.459
     point #  60  energy =  -8.479
New Fermi level:    mu=  -8.554 eV  Charge distance=  0.0369 (partial c.d.=  0.0772)
SCF ITERATION NUMBER  7
     point #   1  energy = -41.000
     point #  20  energy = -29.847
     point #  40  energy =  -9.568
     point #  60  energy =  -8.591
New Fermi level:    mu=  -8.600 eV  Charge distance=  0.0093 (partial c.d.=  0.3805)
SCF ITERATION NUMBER  8
     point #   1  energy = -41.000
     point #  20  energy = -29.862
     point #  40  energy =  -9.612
New Fermi level:    mu=  -8.584 eV  Charge distance=  0.0037 (partial c.d.=  0.1589)
SCF ITERATION NUMBER  9
     point #   1  energy = -41.000
     point #  20  energy = -29.857
     point #  40  energy =  -9.597
New Fermi level:    mu=  -8.582 eV  Charge distance=  0.0033 (partial c.d.=  0.0317)
SCF ITERATION NUMBER 10
     point #   1  energy = -41.000
     point #  20  energy = -29.856
     point #  40  energy =  -9.595
New Fermi level:    mu=  -8.578 eV  Charge distance=  0.0022 (partial c.d.=  0.0150)
SCF ITERATION NUMBER 11
     point #   1  energy = -41.000
     point #  20  energy = -29.855
     point #  40  energy =  -9.591
New Fermi level:    mu=  -8.575 eV  Charge distance=  0.0013 (partial c.d.=  0.0044)
SCF ITERATION NUMBER 12
     point #   1  energy = -41.000
     point #  20  energy = -29.854
     point #  40  energy =  -9.588
New Fermi level:    mu=  -8.573 eV  Charge distance=  0.0002 (partial c.d.=  0.0026)
SCF ITERATION NUMBER 13
     point #   1  energy = -41.000
     point #  20  energy = -29.853
     point #  40  energy =  -9.586
New Fermi level:    mu=  -8.573 eV  Charge distance=  0.0005 (partial c.d.=  0.0001)
Electronic configuration
  type     l     N_el
     0     0    0.494
     0     1    0.668
     0     2    9.423
     0     3    0.000
     1     0    2.225
     1     1    6.279
     1     2    0.799
     1     3    0.000
     2     0    0.411
     2     1    6.596
     2     2    1.572
     2     3    0.000
     3     0    0.494
     3     1    0.668
     3     2    9.424
     3     3    0.000
     4     0    1.853
     4     1    4.466
     4     2    0.077
     4     3    0.000
Charge transfer:  type  charge
       0   -0.414
       1   -0.697
       2   -0.421
       3   -0.414
       4    0.396
Convergence reached in   13 iterations.
Done with module: potentials.

Calculating screened core-hole potential ...
FMS for a cluster of   26 atoms around iph =   0
    0% of energy integration
   20%
   40%
   60%
   80%
  100%
Preparing response function.
Computing (1 - K Chi0)^-1 v_ch
Done with module: screened core-hole potential.

Calculating cross-section and phases ...
    absorption cross section
 x0,dx,rnrm,inrm,jnrm   8.80000000000000       5.000000000000000E-002
   2.47056601200008              195         196
    phase shifts for unique potential    0
    phase shifts for unique potential    1
    phase shifts for unique potential    2
    phase shifts for unique potential    3
    phase shifts for unique potential    4
Done with module: cross-section and phases (XSPH).

FMS calculation of full Green's function ...
FEFF-serial using 1 thread.
Using   194 energy points.
xprep done
FMS for a cluster of  228 atoms
Energy point    1/ 194
Energy point   10/ 194
Energy point   20/ 194
Energy point   30/ 194
Energy point   40/ 194
Energy point   50/ 194
Energy point   60/ 194
Energy point   70/ 194
Energy point   80/ 194
Energy point   90/ 194
Energy point  100/ 194
Energy point  110/ 194
Energy point  120/ 194
Energy point  130/ 194
Energy point  140/ 194
Energy point  150/ 194
Energy point  160/ 194
Energy point  170/ 194
Energy point  180/ 194
Energy point  190/ 194
Done with module: FMS.

MKGTR: Tracing over Green's function ...
Done with module: MKGTR.

Pathfinder: finding scattering paths...
Preparing plane wave scattering amplitudes
Searching for paths
Eliminating path degeneracies
0 paths retained.
Done with module: pathfinder.

Calculating EXAFS parameters ...
Done with module: EXAFS parameters (GENFMT).

Calculating XAS spectra ...
Done with module: XAS spectra (FF2X: DW + final sum over paths).

 
### feff ends at Mon Aug 14 05:31:15 EDT 2023
 
