### feff starts at Sun Aug 13 12:20:06 EDT 2023
### Serial version
### FeffPath is /sdcc/u/mcarbone/software/JFEFF/hsw/feff90/linux
 
Launching FEFF version FEFF 9.9.1
Core hole lifetime is   1.729 eV.
Your calculation:
 comment: None given
 Source:
 Structure Summary:  Mg2 Cu4 O8
 Reduced formula:  Mg(CuO2)2
 space group: (Cmcm), space number:  (63)
 abc:  5.044624   5.044624   9.321325
 angles: 90.000000  90.000000 146.092565
 sites: 14
Cu K edge XANES using RPA corehole.
Using:     * Self-Consistent Field potentials
Using cards:   ATOMS CONTROL EXCHANGE TITLE RPATH POTENTIALS XANES EDGE SCF FMS S02 COREHOLE EGRID

Calculating atomic potentials ...
    overlapped atomic potential and density for unique potential    0
    overlapped atomic potential and density for unique potential    1
    overlapped atomic potential and density for unique potential    2
    overlapped atomic potential and density for unique potential    3
Done with module: atomic potentials.

Calculating SCF potentials ...
FEFF-serial using 1 thread.
Muffin tin radii and interstitial parameters [bohr]:
type, norman radius, muffin tin, overlap factor
    0  1.28569E+00  1.22011E+00  1.14340E+00
    1  1.46852E+00  1.39375E+00  1.14308E+00
    2  1.28569E+00  1.22011E+00  1.14340E+00
    3  1.10282E+00  1.00893E+00  1.15000E+00
Core-valence separation energy:  ecv=   -40.000 eV
Initial Fermi level:              mu=    -0.156 eV
SCF ITERATION NUMBER  1
     point #   1  energy = -40.000
FMS for a cluster of  155 atoms around atom type   0
FMS for a cluster of  159 atoms around atom type   1
FMS for a cluster of  152 atoms around atom type   2
FMS for a cluster of  153 atoms around atom type   3
     point #  20  energy = -28.789
     point #  40  energy =  -8.539
     point #  60  energy =  -3.889
     point #  80  energy =  -3.821
New Fermi level:    mu=  -3.804 eV  Charge distance=  0.4386 (partial c.d.=  7.8513)
SCF ITERATION NUMBER  1
     point #   1  energy = -40.000
FMS for a cluster of  155 atoms around atom type   0
FMS for a cluster of  159 atoms around atom type   1
FMS for a cluster of  152 atoms around atom type   2
FMS for a cluster of  153 atoms around atom type   3
     point #  20  energy = -28.940
     point #  40  energy =  -8.831
     point #  60  energy =  -3.804
     point #  80  energy =  -5.382
     point # 100  energy =  -9.376
New Fermi level:    mu=  -9.842 eV  Charge distance=  0.0390 (partial c.d.=  1.5540)
SCF ITERATION NUMBER  1
     point #   1  energy = -40.000
FMS for a cluster of  155 atoms around atom type   0
FMS for a cluster of  159 atoms around atom type   1
FMS for a cluster of  152 atoms around atom type   2
FMS for a cluster of  153 atoms around atom type   3
     point #  20  energy = -28.942
     point #  40  energy =  -9.842
     point #  60  energy =  -9.752
     point #  80  energy =  -9.227
New Fermi level:    mu=  -9.233 eV  Charge distance=  0.0533 (partial c.d.=  0.1823)
SCF ITERATION NUMBER  2
     point #   1  energy = -40.000
     point #  20  energy = -28.719
     point #  40  energy =  -9.233
New Fermi level:    mu=  -9.280 eV  Charge distance=  0.3021 (partial c.d.=  0.1713)
SCF ITERATION NUMBER  3
     point #   1  energy = -40.000
     point #  20  energy = -28.736
     point #  40  energy =  -9.280
New Fermi level:    mu=  -9.261 eV  Charge distance=  0.1495 (partial c.d.=  0.9694)
SCF ITERATION NUMBER  4
     point #   1  energy = -40.000
     point #  20  energy = -28.729
     point #  40  energy =  -9.261
     point #  60  energy =  -9.358
New Fermi level:    mu=  -9.583 eV  Charge distance=  0.0757 (partial c.d.=  1.7926)
SCF ITERATION NUMBER  5
     point #   1  energy = -40.000
     point #  20  energy = -28.847
     point #  40  energy =  -9.583
New Fermi level:    mu=  -9.581 eV  Charge distance=  0.0364 (partial c.d.=  1.4431)
SCF ITERATION NUMBER  6
     point #   1  energy = -40.000
     point #  20  energy = -28.846
     point #  40  energy =  -9.581
     point #  60  energy =  -9.518
New Fermi level:    mu=  -9.515 eV  Charge distance=  0.0401 (partial c.d.=  0.2345)
SCF ITERATION NUMBER  7
     point #   1  energy = -40.000
     point #  20  energy = -28.822
     point #  40  energy =  -9.515
     point #  60  energy =  -9.452
New Fermi level:    mu=  -9.439 eV  Charge distance=  0.0017 (partial c.d.=  0.2451)
SCF ITERATION NUMBER  8
     point #   1  energy = -40.000
     point #  20  energy = -28.794
     point #  40  energy =  -9.439
New Fermi level:    mu=  -9.465 eV  Charge distance=  0.0048 (partial c.d.=  0.0495)
SCF ITERATION NUMBER  9
     point #   1  energy = -40.000
     point #  20  energy = -28.804
     point #  40  energy =  -9.465
New Fermi level:    mu=  -9.460 eV  Charge distance=  0.0122 (partial c.d.=  0.0018)
SCF ITERATION NUMBER 10
     point #   1  energy = -40.000
     point #  20  energy = -28.802
     point #  40  energy =  -9.460
New Fermi level:    mu=  -9.451 eV  Charge distance=  0.0007 (partial c.d.=  0.0238)
SCF ITERATION NUMBER 11
     point #   1  energy = -40.000
     point #  20  energy = -28.799
     point #  40  energy =  -9.451
New Fermi level:    mu=  -9.447 eV  Charge distance=  0.0001 (partial c.d.=  0.0134)
SCF ITERATION NUMBER 12
     point #   1  energy = -40.000
     point #  20  energy = -28.797
     point #  40  energy =  -9.447
New Fermi level:    mu=  -9.446 eV  Charge distance=  0.0001 (partial c.d.=  0.0037)
SCF ITERATION NUMBER 13
     point #   1  energy = -40.000
     point #  20  energy = -28.797
     point #  40  energy =  -9.446
New Fermi level:    mu=  -9.445 eV  Charge distance=  0.0001 (partial c.d.=  0.0007)
SCF ITERATION NUMBER 14
     point #   1  energy = -40.000
     point #  20  energy = -28.796
     point #  40  energy =  -9.445
New Fermi level:    mu=  -9.444 eV  Charge distance=  0.0000 (partial c.d.=  0.0009)
SCF ITERATION NUMBER 15
     point #   1  energy = -40.000
     point #  20  energy = -28.796
     point #  40  energy =  -9.444
New Fermi level:    mu=  -9.444 eV  Charge distance=  0.0001 (partial c.d.=  0.0003)
SCF ITERATION NUMBER 16
     point #   1  energy = -40.000
     point #  20  energy = -28.796
     point #  40  energy =  -9.444
New Fermi level:    mu=  -9.444 eV  Charge distance=  0.0000 (partial c.d.=  0.0002)
SCF ITERATION NUMBER 17
     point #   1  energy = -40.000
     point #  20  energy = -28.796
     point #  40  energy =  -9.444
New Fermi level:    mu=  -9.444 eV  Charge distance=  0.0000 (partial c.d.=  0.0001)
Electronic configuration
  type     l     N_el
     0     0    0.464
     0     1    0.624
     0     2    9.274
     0     3    0.000
     1     0    0.484
     1     1    0.770
     1     2    0.551
     1     3    0.000
     2     0    0.464
     2     1    0.624
     2     2    9.275
     2     3    0.000
     3     0    1.843
     3     1    4.461
     3     2    0.064
     3     3    0.000
Charge transfer:  type  charge
       0   -0.637
       1   -0.195
       2   -0.636
       3    0.368
Convergence reached in   17 iterations.
Done with module: potentials.

Calculating screened core-hole potential ...
FMS for a cluster of   27 atoms around iph =   0
    0% of energy integration
   20%
   40%
   60%
   80%
  100%
Preparing response function.
Computing (1 - K Chi0)^-1 v_ch
Done with module: screened core-hole potential.

Calculating cross-section and phases ...
    absorption cross section
 x0,dx,rnrm,inrm,jnrm   8.80000000000000       5.000000000000000E-002
   2.42959990999984              194         195
    phase shifts for unique potential    0
    phase shifts for unique potential    1
    phase shifts for unique potential    2
    phase shifts for unique potential    3
Done with module: cross-section and phases (XSPH).

FMS calculation of full Green's function ...
FEFF-serial using 1 thread.
Using   194 energy points.
xprep done
FMS for a cluster of  330 atoms
Energy point    1/ 194
Energy point   10/ 194
Energy point   20/ 194
Energy point   30/ 194
Energy point   40/ 194
Energy point   50/ 194
Energy point   60/ 194
Energy point   70/ 194
Energy point   80/ 194
Energy point   90/ 194
Energy point  100/ 194
Energy point  110/ 194
Energy point  120/ 194
Energy point  130/ 194
Energy point  140/ 194
Energy point  150/ 194
Energy point  160/ 194
Energy point  170/ 194
Energy point  180/ 194
Energy point  190/ 194
Done with module: FMS.

MKGTR: Tracing over Green's function ...
Done with module: MKGTR.

Pathfinder: finding scattering paths...
Preparing plane wave scattering amplitudes
Searching for paths
Eliminating path degeneracies
0 paths retained.
Done with module: pathfinder.

Calculating EXAFS parameters ...
Done with module: EXAFS parameters (GENFMT).

Calculating XAS spectra ...
Done with module: XAS spectra (FF2X: DW + final sum over paths).

 
### feff ends at Sun Aug 13 15:54:26 EDT 2023
 
