### feff starts at Sun Aug 13 17:45:32 EDT 2023
### Serial version
### FeffPath is /sdcc/u/mcarbone/software/JFEFF/hsw/feff90/linux
 
Launching FEFF version FEFF 9.9.1
Core hole lifetime is   1.729 eV.
Your calculation:
 comment: None given
 Source:
 Structure Summary:  Co4 Cu4 C4 O20
 Reduced formula:  CoCuCO5
 space group: (P-1), space number:  (2)
 abc:  2.979123   9.139867  11.887989
 angles: 89.978081  95.622759  90.544871
 sites: 32
Cu K edge XANES using RPA corehole.
Using:     * Self-Consistent Field potentials
Using cards:   ATOMS CONTROL EXCHANGE TITLE RPATH POTENTIALS XANES EDGE SCF FMS S02 COREHOLE EGRID

Calculating atomic potentials ...
    overlapped atomic potential and density for unique potential    0
    overlapped atomic potential and density for unique potential    1
    overlapped atomic potential and density for unique potential    2
    overlapped atomic potential and density for unique potential    3
    overlapped atomic potential and density for unique potential    4
Done with module: atomic potentials.

Calculating SCF potentials ...
FEFF-serial using 1 thread.
Muffin tin radii and interstitial parameters [bohr]:
type, norman radius, muffin tin, overlap factor
    0  1.28954E+00  1.18439E+00  1.15000E+00
    1  1.33535E+00  1.21416E+00  1.15000E+00
    2  1.28954E+00  1.18440E+00  1.15000E+00
    3  9.24866E-01  6.80758E-01  1.15000E+00
    4  1.09905E+00  9.87855E-01  1.15000E+00
Core-valence separation energy:  ecv=   -40.000 eV
Initial Fermi level:              mu=     3.525 eV
SCF ITERATION NUMBER  1
     point #   1  energy = -40.000
FMS for a cluster of  136 atoms around atom type   0
FMS for a cluster of  146 atoms around atom type   1
FMS for a cluster of  133 atoms around atom type   2
FMS for a cluster of  144 atoms around atom type   3
FMS for a cluster of  145 atoms around atom type   4
     point #  20  energy = -28.865
     point #  40  energy =  -8.615
     point #  60  energy =  -6.359
     point #  80  energy =  -5.365
New Fermi level:    mu=  -5.299 eV  Charge distance=  1.4805 (partial c.d.= 10.1028)
SCF ITERATION NUMBER  1
     point #   1  energy = -40.000
FMS for a cluster of  136 atoms around atom type   0
FMS for a cluster of  146 atoms around atom type   1
FMS for a cluster of  133 atoms around atom type   2
FMS for a cluster of  144 atoms around atom type   3
FMS for a cluster of  145 atoms around atom type   4
     point #  20  energy = -28.773
     point #  40  energy =  -8.361
     point #  60  energy =  -5.286
New Fermi level:    mu=  -5.067 eV  Charge distance=  1.0270 (partial c.d.=  7.7482)
SCF ITERATION NUMBER  1
     point #   1  energy = -40.000
FMS for a cluster of  136 atoms around atom type   0
FMS for a cluster of  146 atoms around atom type   1
FMS for a cluster of  133 atoms around atom type   2
FMS for a cluster of  144 atoms around atom type   3
FMS for a cluster of  145 atoms around atom type   4
     point #  20  energy = -29.021
     point #  40  energy =  -9.059
     point #  60  energy =  -5.067
     point #  80  energy =  -6.645
     point # 100  energy = -10.714
New Fermi level:    mu= -10.950 eV  Charge distance=  0.6481 (partial c.d.=  7.0385)
SCF ITERATION NUMBER  2
     point #   1  energy = -40.000
     point #  20  energy = -28.981
     point #  40  energy = -10.950
     point #  60  energy = -10.859
     point #  80  energy =  -7.984
New Fermi level:    mu=  -7.967 eV  Charge distance=  0.4015 (partial c.d.=  4.7961)
SCF ITERATION NUMBER  3
     point #   1  energy = -40.000
     point #  20  energy = -28.988
     point #  40  energy =  -8.968
     point #  60  energy =  -8.007
     point #  80  energy =  -9.642
New Fermi level:    mu=  -9.878 eV  Charge distance=  0.1823 (partial c.d.=  4.6013)
SCF ITERATION NUMBER  4
     point #   1  energy = -40.000
     point #  20  energy = -28.955
     point #  40  energy =  -9.878
     point #  60  energy =  -9.968
New Fermi level:    mu= -10.386 eV  Charge distance=  0.1051 (partial c.d.=  2.8106)
SCF ITERATION NUMBER  5
     point #   1  energy = -40.000
     point #  20  energy = -28.767
     point #  40  energy = -10.386
     point #  60  energy = -10.245
New Fermi level:    mu=  -9.850 eV  Charge distance=  0.0331 (partial c.d.=  0.9256)
SCF ITERATION NUMBER  6
     point #   1  energy = -40.000
     point #  20  energy = -28.945
     point #  40  energy =  -9.850
     point #  60  energy =  -9.913
New Fermi level:    mu=  -9.914 eV  Charge distance=  0.0997 (partial c.d.=  0.0453)
SCF ITERATION NUMBER  7
     point #   1  energy = -40.000
     point #  20  energy = -28.968
     point #  40  energy =  -9.914
New Fermi level:    mu=  -9.962 eV  Charge distance=  0.0551 (partial c.d.=  0.5529)
SCF ITERATION NUMBER  8
     point #   1  energy = -40.000
     point #  20  energy = -28.986
     point #  40  energy =  -9.962
     point #  60  energy = -10.059
New Fermi level:    mu= -10.185 eV  Charge distance=  0.0421 (partial c.d.=  0.4886)
SCF ITERATION NUMBER  9
     point #   1  energy = -40.000
     point #  20  energy = -28.691
     point #  40  energy = -10.185
     point #  60  energy = -10.060
New Fermi level:    mu= -10.043 eV  Charge distance=  0.0098 (partial c.d.=  0.4689)
SCF ITERATION NUMBER 10
     point #   1  energy = -40.000
     point #  20  energy = -29.016
     point #  40  energy = -10.043
New Fermi level:    mu= -10.016 eV  Charge distance=  0.0096 (partial c.d.=  0.0937)
SCF ITERATION NUMBER 11
     point #   1  energy = -40.000
     point #  20  energy = -29.006
     point #  40  energy = -10.016
New Fermi level:    mu= -10.040 eV  Charge distance=  0.0061 (partial c.d.=  0.0766)
SCF ITERATION NUMBER 12
     point #   1  energy = -40.000
     point #  20  energy = -29.014
     point #  40  energy = -10.040
New Fermi level:    mu= -10.033 eV  Charge distance=  0.0060 (partial c.d.=  0.0393)
SCF ITERATION NUMBER 13
     point #   1  energy = -40.000
     point #  20  energy = -29.012
     point #  40  energy = -10.033
New Fermi level:    mu= -10.027 eV  Charge distance=  0.0045 (partial c.d.=  0.0019)
SCF ITERATION NUMBER 14
     point #   1  energy = -40.000
     point #  20  energy = -29.010
     point #  40  energy = -10.027
New Fermi level:    mu= -10.017 eV  Charge distance=  0.0010 (partial c.d.=  0.0151)
SCF ITERATION NUMBER 15
     point #   1  energy = -40.000
     point #  20  energy = -29.006
     point #  40  energy = -10.017
New Fermi level:    mu= -10.020 eV  Charge distance=  0.0003 (partial c.d.=  0.0118)
SCF ITERATION NUMBER 16
     point #   1  energy = -40.000
     point #  20  energy = -29.007
     point #  40  energy = -10.020
New Fermi level:    mu= -10.021 eV  Charge distance=  0.0001 (partial c.d.=  0.0037)
SCF ITERATION NUMBER 17
     point #   1  energy = -40.000
     point #  20  energy = -29.008
     point #  40  energy = -10.021
New Fermi level:    mu= -10.021 eV  Charge distance=  0.0003 (partial c.d.=  0.0011)
SCF ITERATION NUMBER 18
     point #   1  energy = -40.000
     point #  20  energy = -29.008
     point #  40  energy = -10.021
New Fermi level:    mu= -10.021 eV  Charge distance=  0.0001 (partial c.d.=  0.0010)
SCF ITERATION NUMBER 19
     point #   1  energy = -40.000
     point #  20  energy = -29.008
     point #  40  energy = -10.021
New Fermi level:    mu= -10.020 eV  Charge distance=  0.0001 (partial c.d.=  0.0003)
SCF ITERATION NUMBER 20
     point #   1  energy = -40.000
     point #  20  energy = -29.007
     point #  40  energy = -10.020
New Fermi level:    mu= -10.020 eV  Charge distance=  0.0000 (partial c.d.=  0.0003)
SCF ITERATION NUMBER 21
     point #   1  energy = -40.000
     point #  20  energy = -29.007
     point #  40  energy = -10.020
New Fermi level:    mu= -10.020 eV  Charge distance=  0.0000 (partial c.d.=  0.0001)
Electronic configuration
  type     l     N_el
     0     0    0.455
     0     1    0.580
     0     2    9.196
     0     3    0.000
     1     0    0.538
     1     1    0.865
     1     2    7.601
     1     3    0.000
     2     0    0.455
     2     1    0.580
     2     2    9.197
     2     3    0.000
     3     0    1.111
     3     1    2.130
     3     2    0.431
     3     3    0.000
     4     0    1.836
     4     1    4.294
     4     2    0.090
     4     3    0.000
Charge transfer:  type  charge
       0   -0.769
       1    0.004
       2   -0.768
       3   -0.328
       4    0.219
Convergence reached in   21 iterations.
Done with module: potentials.

Calculating screened core-hole potential ...
FMS for a cluster of   28 atoms around iph =   0
    0% of energy integration
   20%
   40%
   60%
   80%
  100%
Preparing response function.
Computing (1 - K Chi0)^-1 v_ch
Done with module: screened core-hole potential.

Calculating cross-section and phases ...
    absorption cross section
 x0,dx,rnrm,inrm,jnrm   8.80000000000000       5.000000000000000E-002
   2.43687777000018              194         195
    phase shifts for unique potential    0
    phase shifts for unique potential    1
    phase shifts for unique potential    2
    phase shifts for unique potential    3
    phase shifts for unique potential    4
Done with module: cross-section and phases (XSPH).

FMS calculation of full Green's function ...
FEFF-serial using 1 thread.
Using   194 energy points.
xprep done
FMS for a cluster of  314 atoms
Energy point    1/ 194
Energy point   10/ 194
Energy point   20/ 194
Energy point   30/ 194
Energy point   40/ 194
Energy point   50/ 194
Energy point   60/ 194
Energy point   70/ 194
Energy point   80/ 194
Energy point   90/ 194
Energy point  100/ 194
Energy point  110/ 194
Energy point  120/ 194
Energy point  130/ 194
Energy point  140/ 194
Energy point  150/ 194
Energy point  160/ 194
Energy point  170/ 194
Energy point  180/ 194
Energy point  190/ 194
Done with module: FMS.

MKGTR: Tracing over Green's function ...
Done with module: MKGTR.

Pathfinder: finding scattering paths...
Preparing plane wave scattering amplitudes
Searching for paths
Eliminating path degeneracies
0 paths retained.
Done with module: pathfinder.

Calculating EXAFS parameters ...
Done with module: EXAFS parameters (GENFMT).

Calculating XAS spectra ...
Done with module: XAS spectra (FF2X: DW + final sum over paths).

 
### feff ends at Sun Aug 13 21:26:18 EDT 2023
 
