### feff starts at Mon Aug 14 12:08:26 EDT 2023
### Serial version
### FeffPath is /sdcc/u/mcarbone/software/JFEFF/hsw/feff90/linux
 
Launching FEFF version FEFF 9.9.1
Core hole lifetime is   1.729 eV.
Your calculation:
 comment: None given
 Source:
 Structure Summary:  Co4 Cu2 O8
 Reduced formula:  Co2CuO4
 space group: (Fd-3m), space number:  (227)
 abc:  5.865000   5.865000   5.865000
 angles: 60.000000  60.000000  60.000000
 sites: 14
Cu K edge XANES using RPA corehole.
Using:     * Self-Consistent Field potentials
Using cards:   ATOMS CONTROL EXCHANGE TITLE RPATH POTENTIALS XANES EDGE SCF FMS S02 COREHOLE EGRID

Calculating atomic potentials ...
    overlapped atomic potential and density for unique potential    0
    overlapped atomic potential and density for unique potential    1
    overlapped atomic potential and density for unique potential    2
    overlapped atomic potential and density for unique potential    3
Done with module: atomic potentials.

Calculating SCF potentials ...
FEFF-serial using 1 thread.
Muffin tin radii and interstitial parameters [bohr]:
type, norman radius, muffin tin, overlap factor
    0  1.31477E+00  1.23091E+00  1.15000E+00
    1  1.35961E+00  1.26932E+00  1.15000E+00
    2  1.31478E+00  1.23091E+00  1.15000E+00
    3  1.08665E+00  1.01517E+00  1.15000E+00
Core-valence separation energy:  ecv=   -40.000 eV
Initial Fermi level:              mu=     0.217 eV
SCF ITERATION NUMBER  1
     point #   1  energy = -40.000
FMS for a cluster of  149 atoms around atom type   0
FMS for a cluster of  136 atoms around atom type   1
FMS for a cluster of  140 atoms around atom type   2
FMS for a cluster of  143 atoms around atom type   3
     point #  20  energy = -28.919
     point #  40  energy =  -8.669
     point #  60  energy =  -7.128
New Fermi level:    mu=  -7.135 eV  Charge distance=  1.7342 (partial c.d.= 10.0622)
SCF ITERATION NUMBER  1
     point #   1  energy = -40.000
FMS for a cluster of  149 atoms around atom type   0
FMS for a cluster of  136 atoms around atom type   1
FMS for a cluster of  140 atoms around atom type   2
FMS for a cluster of  143 atoms around atom type   3
     point #  20  energy = -28.703
     point #  40  energy =  -8.162
     point #  60  energy =  -7.095
     point #  80  energy =  -5.342
New Fermi level:    mu=  -5.181 eV  Charge distance=  0.7569 (partial c.d.=  9.2057)
SCF ITERATION NUMBER  1
     point #   1  energy = -40.000
FMS for a cluster of  149 atoms around atom type   0
FMS for a cluster of  136 atoms around atom type   1
FMS for a cluster of  140 atoms around atom type   2
FMS for a cluster of  143 atoms around atom type   3
     point #  20  energy = -28.735
     point #  40  energy =  -8.253
     point #  60  energy =  -5.193
     point #  80  energy =  -7.209
     point # 100  energy = -11.628
     point # 120  energy = -12.056
New Fermi level:    mu= -12.050 eV  Charge distance=  0.3396 (partial c.d.=  4.0819)
SCF ITERATION NUMBER  2
     point #   1  energy = -40.000
     point #  20  energy = -29.020
     point #  40  energy = -12.050
     point #  60  energy = -11.882
     point #  80  energy =  -8.916
     point # 100  energy =  -9.094
New Fermi level:    mu=  -9.298 eV  Charge distance=  0.2787 (partial c.d.=  2.2990)
SCF ITERATION NUMBER  3
     point #   1  energy = -40.000
     point #  20  energy = -28.742
     point #  40  energy =  -9.298
     point #  60  energy =  -9.388
     point #  80  energy = -10.526
New Fermi level:    mu= -10.523 eV  Charge distance=  0.1746 (partial c.d.=  4.9450)
SCF ITERATION NUMBER  4
     point #   1  energy = -40.000
     point #  20  energy = -28.819
     point #  40  energy = -10.523
     point #  60  energy = -10.663
     point #  80  energy = -11.273
New Fermi level:    mu= -11.458 eV  Charge distance=  0.0593 (partial c.d.=  4.7223)
SCF ITERATION NUMBER  5
     point #   1  energy = -40.000
     point #  20  energy = -28.787
     point #  40  energy = -11.458
     point #  60  energy = -11.304
     point #  80  energy = -11.217
New Fermi level:    mu= -11.250 eV  Charge distance=  0.0530 (partial c.d.=  0.5822)
SCF ITERATION NUMBER  6
     point #   1  energy = -40.000
     point #  20  energy = -28.705
     point #  40  energy = -11.250
     point #  60  energy = -11.059
     point #  80  energy = -10.831
New Fermi level:    mu= -10.841 eV  Charge distance=  0.0215 (partial c.d.=  0.4539)
SCF ITERATION NUMBER  7
     point #   1  energy = -40.000
     point #  20  energy = -28.940
     point #  40  energy = -10.841
     point #  60  energy = -10.923
New Fermi level:    mu= -11.093 eV  Charge distance=  0.0069 (partial c.d.=  0.4803)
SCF ITERATION NUMBER  8
     point #   1  energy = -40.000
     point #  20  energy = -29.035
     point #  40  energy = -11.093
New Fermi level:    mu= -11.118 eV  Charge distance=  0.0088 (partial c.d.=  0.1385)
SCF ITERATION NUMBER  9
     point #   1  energy = -40.000
     point #  20  energy = -29.045
     point #  40  energy = -11.118
New Fermi level:    mu= -11.114 eV  Charge distance=  0.0238 (partial c.d.=  0.1748)
SCF ITERATION NUMBER 10
     point #   1  energy = -40.000
     point #  20  energy = -29.043
     point #  40  energy = -11.114
New Fermi level:    mu= -11.060 eV  Charge distance=  0.0118 (partial c.d.=  0.2733)
SCF ITERATION NUMBER 11
     point #   1  energy = -40.000
     point #  20  energy = -29.023
     point #  40  energy = -11.060
New Fermi level:    mu= -11.094 eV  Charge distance=  0.0027 (partial c.d.=  0.1443)
SCF ITERATION NUMBER 12
     point #   1  energy = -40.000
     point #  20  energy = -29.036
     point #  40  energy = -11.094
New Fermi level:    mu= -11.092 eV  Charge distance=  0.0062 (partial c.d.=  0.0072)
SCF ITERATION NUMBER 13
     point #   1  energy = -40.000
     point #  20  energy = -29.035
     point #  40  energy = -11.092
New Fermi level:    mu= -11.088 eV  Charge distance=  0.0016 (partial c.d.=  0.0319)
SCF ITERATION NUMBER 14
     point #   1  energy = -40.000
     point #  20  energy = -29.033
     point #  40  energy = -11.088
New Fermi level:    mu= -11.089 eV  Charge distance=  0.0004 (partial c.d.=  0.0051)
SCF ITERATION NUMBER 15
     point #   1  energy = -40.000
     point #  20  energy = -29.034
     point #  40  energy = -11.089
New Fermi level:    mu= -11.092 eV  Charge distance=  0.0007 (partial c.d.=  0.0006)
SCF ITERATION NUMBER 16
     point #   1  energy = -40.000
     point #  20  energy = -29.035
     point #  40  energy = -11.092
New Fermi level:    mu= -11.094 eV  Charge distance=  0.0001 (partial c.d.=  0.0009)
SCF ITERATION NUMBER 17
     point #   1  energy = -40.000
     point #  20  energy = -29.036
     point #  40  energy = -11.094
New Fermi level:    mu= -11.094 eV  Charge distance=  0.0001 (partial c.d.=  0.0000)
Electronic configuration
  type     l     N_el
     0     0    0.439
     0     1    0.587
     0     2    9.285
     0     3    0.000
     1     0    0.522
     1     1    0.801
     1     2    7.656
     1     3    0.000
     2     0    0.439
     2     1    0.587
     2     2    9.284
     2     3    0.000
     3     0    1.829
     3     1    4.274
     3     2    0.081
     3     3    0.000
Charge transfer:  type  charge
       0   -0.689
       1   -0.021
       2   -0.690
       3    0.184
Convergence reached in   17 iterations.
Done with module: potentials.

Calculating screened core-hole potential ...
FMS for a cluster of   33 atoms around iph =   0
    0% of energy integration
   20%
   40%
   60%
   80%
  100%
Preparing response function.
Computing (1 - K Chi0)^-1 v_ch
Done with module: screened core-hole potential.

Calculating cross-section and phases ...
    absorption cross section
 x0,dx,rnrm,inrm,jnrm   8.80000000000000       5.000000000000000E-002
   2.48454597199982              195         196
    phase shifts for unique potential    0
    phase shifts for unique potential    1
    phase shifts for unique potential    2
    phase shifts for unique potential    3
Done with module: cross-section and phases (XSPH).

FMS calculation of full Green's function ...
FEFF-serial using 1 thread.
Using   194 energy points.
xprep done
FMS for a cluster of  319 atoms
Energy point    1/ 194
Energy point   10/ 194
Energy point   20/ 194
Energy point   30/ 194
Energy point   40/ 194
Energy point   50/ 194
Energy point   60/ 194
Energy point   70/ 194
Energy point   80/ 194
Energy point   90/ 194
Energy point  100/ 194
Energy point  110/ 194
Energy point  120/ 194
Energy point  130/ 194
Energy point  140/ 194
Energy point  150/ 194
Energy point  160/ 194
Energy point  170/ 194
Energy point  180/ 194
Energy point  190/ 194
Done with module: FMS.

MKGTR: Tracing over Green's function ...
Done with module: MKGTR.

Pathfinder: finding scattering paths...
Preparing plane wave scattering amplitudes
Searching for paths
Eliminating path degeneracies
0 paths retained.
Done with module: pathfinder.

Calculating EXAFS parameters ...
Done with module: EXAFS parameters (GENFMT).

Calculating XAS spectra ...
Done with module: XAS spectra (FF2X: DW + final sum over paths).

 
### feff ends at Mon Aug 14 15:14:36 EDT 2023
 
