### feff starts at Sun Aug 13 09:26:08 EDT 2023
### Serial version
### FeffPath is /sdcc/u/mcarbone/software/JFEFF/hsw/feff90/linux
 
Launching FEFF version FEFF 9.9.1
Core hole lifetime is   1.729 eV.
Your calculation:
 comment: None given
 Source:
 Structure Summary:  Zn4 Fe8 Cu8 O32
 Reduced formula:  ZnFe2(CuO4)2
 space group: (P2_1/c), space number:  (14)
 abc:  6.414671   8.303060  11.932307
 angles: 90.000000  92.512672  90.000000
 sites: 52
Cu K edge XANES using RPA corehole.
Using:     * Self-Consistent Field potentials
Using cards:   ATOMS CONTROL EXCHANGE TITLE RPATH POTENTIALS XANES EDGE SCF FMS S02 COREHOLE EGRID

Calculating atomic potentials ...
    overlapped atomic potential and density for unique potential    0
    overlapped atomic potential and density for unique potential    1
    overlapped atomic potential and density for unique potential    2
    overlapped atomic potential and density for unique potential    3
    overlapped atomic potential and density for unique potential    4
Done with module: atomic potentials.

Calculating SCF potentials ...
FEFF-serial using 1 thread.
Muffin tin radii and interstitial parameters [bohr]:
type, norman radius, muffin tin, overlap factor
    0  1.25512E+00  1.12349E+00  1.15000E+00
    1  1.41411E+00  1.32892E+00  1.15000E+00
    2  1.38062E+00  1.19796E+00  1.15000E+00
    3  1.25437E+00  1.14065E+00  1.15000E+00
    4  1.11261E+00  9.49370E-01  1.15000E+00
Core-valence separation energy:  ecv=   -40.000 eV
Initial Fermi level:              mu=     1.648 eV
SCF ITERATION NUMBER  1
     point #   1  energy = -40.000
FMS for a cluster of  124 atoms around atom type   0
FMS for a cluster of  114 atoms around atom type   1
FMS for a cluster of  109 atoms around atom type   2
FMS for a cluster of  115 atoms around atom type   3
FMS for a cluster of  117 atoms around atom type   4
     point #  20  energy = -28.836
     point #  40  energy =  -8.586
     point #  60  energy =  -5.786
     point #  80  energy =  -5.227
New Fermi level:    mu=  -5.149 eV  Charge distance=  1.5033 (partial c.d.= 10.2668)
SCF ITERATION NUMBER  1
     point #   1  energy = -40.000
FMS for a cluster of  124 atoms around atom type   0
FMS for a cluster of  114 atoms around atom type   1
FMS for a cluster of  109 atoms around atom type   2
FMS for a cluster of  115 atoms around atom type   3
FMS for a cluster of  117 atoms around atom type   4
     point #  20  energy = -28.725
     point #  40  energy =  -8.224
     point #  60  energy =  -5.137
     point #  80  energy =  -4.227
New Fermi level:    mu=  -4.101 eV  Charge distance=  1.0424 (partial c.d.=  7.9621)
SCF ITERATION NUMBER  1
     point #   1  energy = -40.000
FMS for a cluster of  124 atoms around atom type   0
FMS for a cluster of  114 atoms around atom type   1
FMS for a cluster of  109 atoms around atom type   2
FMS for a cluster of  115 atoms around atom type   3
FMS for a cluster of  117 atoms around atom type   4
     point #  20  energy = -28.717
     point #  40  energy =  -8.203
     point #  60  energy =  -4.101
     point #  80  energy =  -5.679
     point # 100  energy =  -9.873
New Fermi level:    mu= -10.160 eV  Charge distance=  0.7441 (partial c.d.=  7.8354)
SCF ITERATION NUMBER  2
     point #   1  energy = -40.000
     point #  20  energy = -28.681
     point #  40  energy = -10.160
     point #  60  energy = -10.070
     point #  80  energy =  -6.148
     point # 100  energy =  -5.354
New Fermi level:    mu=  -5.324 eV  Charge distance=  0.6148 (partial c.d.=  6.9982)
SCF ITERATION NUMBER  3
     point #   1  energy = -40.000
     point #  20  energy = -28.781
     point #  40  energy =  -8.383
     point #  60  energy =  -5.336
     point #  80  energy =  -7.658
     point # 100  energy =  -9.311
New Fermi level:    mu=  -9.329 eV  Charge distance=  0.1996 (partial c.d.=  6.8769)
SCF ITERATION NUMBER  4
     point #   1  energy = -40.000
     point #  20  energy = -28.754
     point #  40  energy =  -9.329
     point #  60  energy =  -9.426
New Fermi level:    mu=  -9.550 eV  Charge distance=  0.1678 (partial c.d.=  2.9887)
SCF ITERATION NUMBER  5
     point #   1  energy = -40.000
     point #  20  energy = -28.835
     point #  40  energy =  -9.550
New Fermi level:    mu=  -9.585 eV  Charge distance=  0.0214 (partial c.d.=  2.3266)
SCF ITERATION NUMBER  6
     point #   1  energy = -40.000
     point #  20  energy = -28.848
     point #  40  energy =  -9.585
New Fermi level:    mu=  -9.577 eV  Charge distance=  0.0804 (partial c.d.=  0.8565)
SCF ITERATION NUMBER  7
     point #   1  energy = -40.000
     point #  20  energy = -28.845
     point #  40  energy =  -9.577
     point #  60  energy =  -9.514
New Fermi level:    mu=  -9.470 eV  Charge distance=  0.0542 (partial c.d.=  1.8821)
SCF ITERATION NUMBER  8
     point #   1  energy = -40.000
     point #  20  energy = -28.806
     point #  40  energy =  -9.470
     point #  60  energy =  -9.567
New Fermi level:    mu=  -9.732 eV  Charge distance=  0.1275 (partial c.d.=  1.4556)
SCF ITERATION NUMBER  9
     point #   1  energy = -40.000
     point #  20  energy = -28.902
     point #  40  energy =  -9.732
     point #  60  energy =  -9.641
     point #  80  energy =  -8.785
New Fermi level:    mu=  -8.794 eV  Charge distance=  0.0072 (partial c.d.=  3.6051)
SCF ITERATION NUMBER 10
     point #   1  energy = -40.000
     point #  20  energy = -28.927
     point #  40  energy =  -8.794
     point #  60  energy =  -8.744
New Fermi level:    mu=  -8.714 eV  Charge distance=  0.2755 (partial c.d.=  0.2158)
SCF ITERATION NUMBER 11
     point #   1  energy = -40.000
     point #  20  energy = -28.899
     point #  40  energy =  -8.714
     point #  60  energy =  -8.674
     point #  80  energy =  -7.711
New Fermi level:    mu=  -7.746 eV  Charge distance=  0.1550 (partial c.d.=  2.7336)
SCF ITERATION NUMBER 12
     point #   1  energy = -40.000
     point #  20  energy = -28.913
     point #  40  energy =  -8.754
     point #  60  energy =  -7.706
New Fermi level:    mu=  -7.491 eV  Charge distance=  0.1046 (partial c.d.=  2.9281)
SCF ITERATION NUMBER 13
     point #   1  energy = -40.000
     point #  20  energy = -28.825
     point #  40  energy =  -8.507
     point #  60  energy =  -7.531
New Fermi level:    mu=  -8.243 eV  Charge distance=  0.1338 (partial c.d.=  0.6760)
SCF ITERATION NUMBER 14
     point #   1  energy = -40.000
     point #  20  energy = -28.731
     point #  40  energy =  -8.243
     point #  60  energy =  -8.283
     point #  80  energy =  -9.261
New Fermi level:    mu=  -9.260 eV  Charge distance=  0.0235 (partial c.d.=  1.2307)
SCF ITERATION NUMBER 15
     point #   1  energy = -40.000
     point #  20  energy = -28.729
     point #  40  energy =  -9.260
New Fermi level:    mu=  -9.213 eV  Charge distance=  0.0106 (partial c.d.=  0.1112)
SCF ITERATION NUMBER 16
     point #   1  energy = -40.000
     point #  20  energy = -28.711
     point #  40  energy =  -9.213
New Fermi level:    mu=  -9.243 eV  Charge distance=  0.0060 (partial c.d.=  0.0939)
SCF ITERATION NUMBER 17
     point #   1  energy = -40.000
     point #  20  energy = -28.722
     point #  40  energy =  -9.243
New Fermi level:    mu=  -9.230 eV  Charge distance=  0.0173 (partial c.d.=  0.0252)
SCF ITERATION NUMBER 18
     point #   1  energy = -40.000
     point #  20  energy = -28.718
     point #  40  energy =  -9.230
New Fermi level:    mu=  -9.226 eV  Charge distance=  0.0133 (partial c.d.=  0.0688)
SCF ITERATION NUMBER 19
     point #   1  energy = -40.000
     point #  20  energy = -28.716
     point #  40  energy =  -9.226
New Fermi level:    mu=  -9.223 eV  Charge distance=  0.0025 (partial c.d.=  0.0401)
SCF ITERATION NUMBER 20
     point #   1  energy = -40.000
     point #  20  energy = -28.715
     point #  40  energy =  -9.223
New Fermi level:    mu=  -9.225 eV  Charge distance=  0.0056 (partial c.d.=  0.0013)
SCF ITERATION NUMBER 21
     point #   1  energy = -40.000
     point #  20  energy = -28.716
     point #  40  energy =  -9.225
New Fermi level:    mu=  -9.227 eV  Charge distance=  0.0005 (partial c.d.=  0.0066)
SCF ITERATION NUMBER 22
     point #   1  energy = -40.000
     point #  20  energy = -28.717
     point #  40  energy =  -9.227
New Fermi level:    mu=  -9.227 eV  Charge distance=  0.0006 (partial c.d.=  0.0012)
SCF ITERATION NUMBER 23
     point #   1  energy = -40.000
     point #  20  energy = -28.717
     point #  40  energy =  -9.227
New Fermi level:    mu=  -9.227 eV  Charge distance=  0.0003 (partial c.d.=  0.0008)
SCF ITERATION NUMBER 24
     point #   1  energy = -40.000
     point #  20  energy = -28.717
     point #  40  energy =  -9.227
New Fermi level:    mu=  -9.227 eV  Charge distance=  0.0000 (partial c.d.=  0.0004)
SCF ITERATION NUMBER 25
     point #   1  energy = -40.000
     point #  20  energy = -28.717
     point #  40  energy =  -9.227
New Fermi level:    mu=  -9.227 eV  Charge distance=  0.0001 (partial c.d.=  0.0001)
Electronic configuration
  type     l     N_el
     0     0    0.494
     0     1    0.602
     0     2    9.197
     0     3    0.000
     1     0    0.680
     1     1    0.845
     1     2   10.243
     1     3    0.000
     2     0    0.574
     2     1    0.756
     2     2    6.668
     2     3    0.000
     3     0    0.475
     3     1    0.614
     3     2    9.206
     3     3    0.000
     4     0    1.858
     4     1    4.264
     4     2    0.084
     4     3    0.000
Charge transfer:  type  charge
       0   -0.706
       1   -0.232
       2   -0.002
       3   -0.705
       4    0.206
Convergence reached in   25 iterations.
Done with module: potentials.

Calculating screened core-hole potential ...
FMS for a cluster of   23 atoms around iph =   0
    0% of energy integration
   20%
   40%
   60%
   80%
  100%
Preparing response function.
Computing (1 - K Chi0)^-1 v_ch
Done with module: screened core-hole potential.

Calculating cross-section and phases ...
    absorption cross section
 x0,dx,rnrm,inrm,jnrm   8.80000000000000       5.000000000000000E-002
   2.37183790799982              194         195
    phase shifts for unique potential    0
    phase shifts for unique potential    1
    phase shifts for unique potential    2
    phase shifts for unique potential    3
    phase shifts for unique potential    4
Done with module: cross-section and phases (XSPH).

FMS calculation of full Green's function ...
FEFF-serial using 1 thread.
Using   194 energy points.
xprep done
FMS for a cluster of  250 atoms
Energy point    1/ 194
Energy point   10/ 194
Energy point   20/ 194
Energy point   30/ 194
Energy point   40/ 194
Energy point   50/ 194
Energy point   60/ 194
Energy point   70/ 194
Energy point   80/ 194
Energy point   90/ 194
Energy point  100/ 194
Energy point  110/ 194
Energy point  120/ 194
Energy point  130/ 194
Energy point  140/ 194
Energy point  150/ 194
Energy point  160/ 194
Energy point  170/ 194
Energy point  180/ 194
Energy point  190/ 194
Done with module: FMS.

MKGTR: Tracing over Green's function ...
Done with module: MKGTR.

Pathfinder: finding scattering paths...
Preparing plane wave scattering amplitudes
Searching for paths
Eliminating path degeneracies
0 paths retained.
Done with module: pathfinder.

Calculating EXAFS parameters ...
Done with module: EXAFS parameters (GENFMT).

Calculating XAS spectra ...
Done with module: XAS spectra (FF2X: DW + final sum over paths).

 
### feff ends at Sun Aug 13 12:11:26 EDT 2023
 
