### feff starts at Sun Aug 13 09:26:10 EDT 2023
### Serial version
### FeffPath is /sdcc/u/mcarbone/software/JFEFF/hsw/feff90/linux
 
Launching FEFF version FEFF 9.9.1
Resetting lmaxsc to 2 for iph =    1.  Use  UNFREEZE to prevent this.
Core hole lifetime is   1.729 eV.
Your calculation:
 comment: None given
 Source:
 Structure Summary:  Ba2 Cu7 As6 O24
 Reduced formula:  Ba2Cu7(AsO4)6
 space group: (P-1), space number:  (2)
 abc:  5.314128   8.582944  11.578838
 angles: 89.503548  89.118046  85.940232
 sites: 39
Cu K edge XANES using RPA corehole.
Using:     * Self-Consistent Field potentials
Using cards:   ATOMS CONTROL EXCHANGE TITLE RPATH POTENTIALS XANES EDGE SCF FMS S02 COREHOLE EGRID

Calculating atomic potentials ...
    overlapped atomic potential and density for unique potential    0
    overlapped atomic potential and density for unique potential    1
    overlapped atomic potential and density for unique potential    2
    overlapped atomic potential and density for unique potential    3
    overlapped atomic potential and density for unique potential    4
Done with module: atomic potentials.

Calculating SCF potentials ...
FEFF-serial using 1 thread.
Muffin tin radii and interstitial parameters [bohr]:
type, norman radius, muffin tin, overlap factor
    0  1.35300E+00  1.27588E+00  1.15000E+00
    1  2.04141E+00  1.96416E+00  1.10105E+00
    2  1.35528E+00  1.27135E+00  1.15000E+00
    3  1.29705E+00  1.09526E+00  1.15000E+00
    4  1.07686E+00  9.68164E-01  1.15000E+00
Core-valence separation energy:  ecv=   -46.500 eV
Initial Fermi level:              mu=     3.579 eV
SCF ITERATION NUMBER  1
     point #   1  energy = -46.500
FMS for a cluster of  108 atoms around atom type   0
FMS for a cluster of   91 atoms around atom type   1
FMS for a cluster of  114 atoms around atom type   2
FMS for a cluster of  100 atoms around atom type   3
FMS for a cluster of  107 atoms around atom type   4
     point #  20  energy = -35.286
     point #  40  energy = -15.036
     point #  60  energy =  -4.305
     point #  80  energy =  -3.652
New Fermi level:    mu=  -3.625 eV  Charge distance=  0.7297 (partial c.d.= 10.7906)
SCF ITERATION NUMBER  1
     point #   1  energy = -46.500
FMS for a cluster of  108 atoms around atom type   0
FMS for a cluster of   91 atoms around atom type   1
FMS for a cluster of  114 atoms around atom type   2
FMS for a cluster of  100 atoms around atom type   3
FMS for a cluster of  107 atoms around atom type   4
     point #  20  energy = -35.271
     point #  40  energy = -14.854
     point #  60  energy =  -3.625
     point #  80  energy =  -4.260
     point # 100  energy =  -7.657
     point # 120  energy =  -6.897
     point # 140  energy =  -6.597
New Fermi level:    mu=  -6.421 eV  Charge distance=  0.2336 (partial c.d.=  4.0634)
SCF ITERATION NUMBER  1
     point #   1  energy = -46.500
FMS for a cluster of  108 atoms around atom type   0
FMS for a cluster of   91 atoms around atom type   1
FMS for a cluster of  114 atoms around atom type   2
FMS for a cluster of  100 atoms around atom type   3
FMS for a cluster of  107 atoms around atom type   4
     point #  20  energy = -35.478
     point #  40  energy = -15.439
     point #  60  energy =  -6.421
     point #  80  energy =  -6.227
New Fermi level:    mu=  -6.164 eV  Charge distance=  0.1409 (partial c.d.=  0.2912)
SCF ITERATION NUMBER  2
     point #   1  energy = -46.500
     point #  20  energy = -35.408
     point #  40  energy = -15.239
     point #  60  energy =  -6.164
New Fermi level:    mu=  -5.890 eV  Charge distance=  0.3829 (partial c.d.=  0.2875)
SCF ITERATION NUMBER  3
     point #   1  energy = -46.500
     point #  20  energy = -35.332
     point #  40  energy = -15.027
     point #  60  energy =  -5.890
New Fermi level:    mu=  -5.851 eV  Charge distance=  0.0354 (partial c.d.=  0.1227)
SCF ITERATION NUMBER  4
     point #   1  energy = -46.500
     point #  20  energy = -35.321
     point #  40  energy = -14.997
     point #  60  energy =  -5.851
New Fermi level:    mu=  -5.939 eV  Charge distance=  0.0221 (partial c.d.=  0.0630)
SCF ITERATION NUMBER  5
     point #   1  energy = -46.500
     point #  20  energy = -35.346
     point #  40  energy = -15.065
     point #  60  energy =  -5.939
New Fermi level:    mu=  -5.942 eV  Charge distance=  0.0145 (partial c.d.=  0.0310)
SCF ITERATION NUMBER  6
     point #   1  energy = -46.500
     point #  20  energy = -35.347
     point #  40  energy = -15.067
     point #  60  energy =  -5.942
New Fermi level:    mu=  -5.951 eV  Charge distance=  0.0151 (partial c.d.=  0.0136)
SCF ITERATION NUMBER  7
     point #   1  energy = -46.500
     point #  20  energy = -35.349
     point #  40  energy = -15.075
     point #  60  energy =  -5.951
New Fermi level:    mu=  -5.949 eV  Charge distance=  0.0055 (partial c.d.=  0.0090)
SCF ITERATION NUMBER  8
     point #   1  energy = -46.500
     point #  20  energy = -35.348
     point #  40  energy = -15.073
     point #  60  energy =  -5.949
New Fermi level:    mu=  -5.944 eV  Charge distance=  0.0013 (partial c.d.=  0.0029)
SCF ITERATION NUMBER  9
     point #   1  energy = -46.500
     point #  20  energy = -35.347
     point #  40  energy = -15.069
     point #  60  energy =  -5.944
New Fermi level:    mu=  -5.942 eV  Charge distance=  0.0004 (partial c.d.=  0.0012)
SCF ITERATION NUMBER 10
     point #   1  energy = -46.500
     point #  20  energy = -35.346
     point #  40  energy = -15.067
     point #  60  energy =  -5.942
New Fermi level:    mu=  -5.941 eV  Charge distance=  0.0002 (partial c.d.=  0.0008)
SCF ITERATION NUMBER 11
     point #   1  energy = -46.500
     point #  20  energy = -35.346
     point #  40  energy = -15.067
     point #  60  energy =  -5.941
New Fermi level:    mu=  -5.941 eV  Charge distance=  0.0001 (partial c.d.=  0.0003)
SCF ITERATION NUMBER 12
     point #   1  energy = -46.500
     point #  20  energy = -35.346
     point #  40  energy = -15.067
     point #  60  energy =  -5.941
New Fermi level:    mu=  -5.941 eV  Charge distance=  0.0001 (partial c.d.=  0.0003)
SCF ITERATION NUMBER 13
     point #   1  energy = -46.500
     point #  20  energy = -35.346
     point #  40  energy = -15.067
     point #  60  energy =  -5.941
New Fermi level:    mu=  -5.941 eV  Charge distance=  0.0001 (partial c.d.=  0.0000)
Electronic configuration
  type     l     N_el
     0     0    0.490
     0     1    0.613
     0     2    9.620
     0     3    0.000
     1     0    2.324
     1     1    6.361
     1     2    1.126
     1     3    0.000
     2     0    0.491
     2     1    0.590
     2     2    9.623
     2     3    0.000
     3     0    1.400
     3     1    2.014
     3     2   10.769
     3     3    0.000
     4     0    1.859
     4     1    4.371
     4     2    0.075
     4     3    0.000
Charge transfer:  type  charge
       0   -0.277
       1   -0.189
       2   -0.295
       3   -0.816
       4    0.306
Convergence reached in   13 iterations.
Done with module: potentials.

Calculating screened core-hole potential ...
FMS for a cluster of   23 atoms around iph =   0
    0% of energy integration
   20%
   40%
   60%
   80%
  100%
Preparing response function.
Computing (1 - K Chi0)^-1 v_ch
Done with module: screened core-hole potential.

Calculating cross-section and phases ...
    absorption cross section
 x0,dx,rnrm,inrm,jnrm   8.80000000000000       5.000000000000000E-002
   2.55680113599984              195         196
    phase shifts for unique potential    0
    phase shifts for unique potential    1
    phase shifts for unique potential    2
    phase shifts for unique potential    3
    phase shifts for unique potential    4
Done with module: cross-section and phases (XSPH).

FMS calculation of full Green's function ...
FEFF-serial using 1 thread.
Using   194 energy points.
xprep done
FMS for a cluster of  233 atoms
Energy point    1/ 194
Energy point   10/ 194
Energy point   20/ 194
Energy point   30/ 194
Energy point   40/ 194
Energy point   50/ 194
Energy point   60/ 194
Energy point   70/ 194
Energy point   80/ 194
Energy point   90/ 194
Energy point  100/ 194
Energy point  110/ 194
Energy point  120/ 194
Energy point  130/ 194
Energy point  140/ 194
Energy point  150/ 194
Energy point  160/ 194
Energy point  170/ 194
Energy point  180/ 194
Energy point  190/ 194
Done with module: FMS.

MKGTR: Tracing over Green's function ...
Done with module: MKGTR.

Pathfinder: finding scattering paths...
Preparing plane wave scattering amplitudes
Searching for paths
Eliminating path degeneracies
0 paths retained.
Done with module: pathfinder.

Calculating EXAFS parameters ...
Done with module: EXAFS parameters (GENFMT).

Calculating XAS spectra ...
Done with module: XAS spectra (FF2X: DW + final sum over paths).

 
### feff ends at Sun Aug 13 11:02:51 EDT 2023
 
