### feff starts at Sun Aug 13 12:25:06 EDT 2023
### Serial version
### FeffPath is /sdcc/u/mcarbone/software/JFEFF/hsw/feff90/linux
 
Launching FEFF version FEFF 9.9.1
Core hole lifetime is   1.729 eV.
Your calculation:
 comment: None given
 Source:
 Structure Summary:  Sr19 Cu19 O41
 Reduced formula:  Sr19Cu19O41
 space group: (Cmmm), space number:  (65)
 abc:  3.569489  74.882108   5.568808
 angles: 45.046640  90.000000  90.000000
 sites: 79
Cu K edge XANES using RPA corehole.
Using:     * Self-Consistent Field potentials
Using cards:   ATOMS CONTROL EXCHANGE TITLE RPATH POTENTIALS XANES EDGE SCF FMS S02 COREHOLE EGRID

Calculating atomic potentials ...
    overlapped atomic potential and density for unique potential    0
    overlapped atomic potential and density for unique potential    1
    overlapped atomic potential and density for unique potential    2
    overlapped atomic potential and density for unique potential    3
Done with module: atomic potentials.

Calculating SCF potentials ...
FEFF-serial using 1 thread.
Muffin tin radii and interstitial parameters [bohr]:
type, norman radius, muffin tin, overlap factor
    0  1.30798E+00  1.21914E+00  1.15000E+00
    1  1.84299E+00  1.78758E+00  1.07796E+00
    2  1.30815E+00  1.21921E+00  1.15000E+00
    3  1.12378E+00  1.07473E+00  1.11919E+00
Core-valence separation energy:  ecv=   -34.000 eV
Initial Fermi level:              mu=    -2.317 eV
SCF ITERATION NUMBER  1
     point #   1  energy = -34.000
FMS for a cluster of  107 atoms around atom type   0
FMS for a cluster of  107 atoms around atom type   1
FMS for a cluster of   95 atoms around atom type   2
FMS for a cluster of   99 atoms around atom type   3
     point #  20  energy = -22.786
     point #  40  energy =  -6.689
     point #  60  energy =  -5.158
New Fermi level:    mu=  -4.810 eV  Charge distance=  0.6246 (partial c.d.=  6.8105)
SCF ITERATION NUMBER  1
     point #   1  energy = -34.000
FMS for a cluster of  107 atoms around atom type   0
FMS for a cluster of  107 atoms around atom type   1
FMS for a cluster of   95 atoms around atom type   2
FMS for a cluster of   99 atoms around atom type   3
     point #  20  energy = -22.928
     point #  40  energy =  -4.810
     point #  60  energy =  -4.901
     point #  80  energy =  -9.088
     point # 100  energy = -10.669
New Fermi level:    mu= -10.835 eV  Charge distance=  0.1503 (partial c.d.=  3.1982)
SCF ITERATION NUMBER  1
     point #   1  energy = -34.000
FMS for a cluster of  107 atoms around atom type   0
FMS for a cluster of  107 atoms around atom type   1
FMS for a cluster of   95 atoms around atom type   2
FMS for a cluster of   99 atoms around atom type   3
     point #  20  energy = -22.921
     point #  40  energy = -10.835
     point #  60  energy = -10.216
New Fermi level:    mu=  -9.158 eV  Charge distance=  0.1082 (partial c.d.=  0.5012)
SCF ITERATION NUMBER  2
     point #   1  energy = -34.000
     point #  20  energy = -23.070
     point #  40  energy =  -9.158
     point #  60  energy =  -8.818
New Fermi level:    mu=  -8.759 eV  Charge distance=  0.2850 (partial c.d.=  0.0798)
SCF ITERATION NUMBER  3
     point #   1  energy = -34.000
     point #  20  energy = -22.894
     point #  40  energy =  -8.759
New Fermi level:    mu=  -8.670 eV  Charge distance=  0.0335 (partial c.d.=  0.0791)
SCF ITERATION NUMBER  4
     point #   1  energy = -34.000
     point #  20  energy = -22.855
     point #  40  energy =  -8.670
New Fermi level:    mu=  -8.681 eV  Charge distance=  0.0224 (partial c.d.=  0.1006)
SCF ITERATION NUMBER  5
     point #   1  energy = -34.000
     point #  20  energy = -22.860
     point #  40  energy =  -8.681
New Fermi level:    mu=  -8.775 eV  Charge distance=  0.0121 (partial c.d.=  0.1935)
SCF ITERATION NUMBER  6
     point #   1  energy = -34.000
     point #  20  energy = -22.901
     point #  40  energy =  -8.775
New Fermi level:    mu=  -8.783 eV  Charge distance=  0.0021 (partial c.d.=  0.1357)
SCF ITERATION NUMBER  7
     point #   1  energy = -34.000
     point #  20  energy = -22.905
     point #  40  energy =  -8.783
New Fermi level:    mu=  -8.790 eV  Charge distance=  0.0009 (partial c.d.=  0.0038)
SCF ITERATION NUMBER  8
     point #   1  energy = -34.000
     point #  20  energy = -22.907
     point #  40  energy =  -8.790
New Fermi level:    mu=  -8.789 eV  Charge distance=  0.0015 (partial c.d.=  0.0030)
SCF ITERATION NUMBER  9
     point #   1  energy = -34.000
     point #  20  energy = -22.907
     point #  40  energy =  -8.789
New Fermi level:    mu=  -8.784 eV  Charge distance=  0.0003 (partial c.d.=  0.0025)
SCF ITERATION NUMBER 10
     point #   1  energy = -34.000
     point #  20  energy = -22.905
     point #  40  energy =  -8.784
New Fermi level:    mu=  -8.783 eV  Charge distance=  0.0001 (partial c.d.=  0.0008)
SCF ITERATION NUMBER 11
     point #   1  energy = -34.000
     point #  20  energy = -22.904
     point #  40  energy =  -8.783
New Fermi level:    mu=  -8.782 eV  Charge distance=  0.0001 (partial c.d.=  0.0003)
SCF ITERATION NUMBER 12
     point #   1  energy = -34.000
     point #  20  energy = -22.904
     point #  40  energy =  -8.782
New Fermi level:    mu=  -8.783 eV  Charge distance=  0.0001 (partial c.d.=  0.0000)
Electronic configuration
  type     l     N_el
     0     0    0.532
     0     1    0.604
     0     2    9.406
     0     3    0.000
     1     0    0.288
     1     1    6.395
     1     2    0.886
     1     3    0.000
     2     0    0.532
     2     1    0.607
     2     2    9.404
     2     3    0.000
     3     0    1.867
     3     1    4.482
     3     2    0.063
     3     3    0.000
Charge transfer:  type  charge
       0   -0.458
       1   -0.431
       2   -0.457
       3    0.412
Convergence reached in   12 iterations.
Done with module: potentials.

Calculating screened core-hole potential ...
FMS for a cluster of   19 atoms around iph =   0
    0% of energy integration
   20%
   40%
   60%
   80%
  100%
Preparing response function.
Computing (1 - K Chi0)^-1 v_ch
Done with module: screened core-hole potential.

Calculating cross-section and phases ...
    absorption cross section
 x0,dx,rnrm,inrm,jnrm   8.80000000000000       5.000000000000000E-002
   2.47173098699992              195         196
    phase shifts for unique potential    0
    phase shifts for unique potential    1
    phase shifts for unique potential    2
    phase shifts for unique potential    3
Done with module: cross-section and phases (XSPH).

FMS calculation of full Green's function ...
FEFF-serial using 1 thread.
Using   194 energy points.
xprep done
FMS for a cluster of  233 atoms
Energy point    1/ 194
Energy point   10/ 194
Energy point   20/ 194
Energy point   30/ 194
Energy point   40/ 194
Energy point   50/ 194
Energy point   60/ 194
Energy point   70/ 194
Energy point   80/ 194
Energy point   90/ 194
Energy point  100/ 194
Energy point  110/ 194
Energy point  120/ 194
Energy point  130/ 194
Energy point  140/ 194
Energy point  150/ 194
Energy point  160/ 194
Energy point  170/ 194
Energy point  180/ 194
Energy point  190/ 194
Done with module: FMS.

MKGTR: Tracing over Green's function ...
Done with module: MKGTR.

Pathfinder: finding scattering paths...
Preparing plane wave scattering amplitudes
Searching for paths
Eliminating path degeneracies
0 paths retained.
Done with module: pathfinder.

Calculating EXAFS parameters ...
Done with module: EXAFS parameters (GENFMT).

Calculating XAS spectra ...
Done with module: XAS spectra (FF2X: DW + final sum over paths).

 
### feff ends at Sun Aug 13 13:38:21 EDT 2023
 
