### feff starts at Sun Aug 13 20:49:38 EDT 2023
### Serial version
### FeffPath is /sdcc/u/mcarbone/software/JFEFF/hsw/feff90/linux
 
Launching FEFF version FEFF 9.9.1
Core hole lifetime is   1.729 eV.
Your calculation:
 comment: None given
 Source:
 Structure Summary:  Cu4 Te4 Cl4 O10
 Reduced formula:  Cu2Te2Cl2O5
 space group: (P-4), space number:  (81)
 abc:  7.752373   7.752373   6.391903
 angles: 90.000000  90.000000  90.000000
 sites: 22
Cu K edge XANES using RPA corehole.
Using:     * Self-Consistent Field potentials
Using cards:   ATOMS CONTROL EXCHANGE TITLE RPATH POTENTIALS XANES EDGE SCF FMS S02 COREHOLE EGRID

Calculating atomic potentials ...
    overlapped atomic potential and density for unique potential    0
    overlapped atomic potential and density for unique potential    1
    overlapped atomic potential and density for unique potential    2
    overlapped atomic potential and density for unique potential    3
    overlapped atomic potential and density for unique potential    4
Done with module: atomic potentials.

Calculating SCF potentials ...
FEFF-serial using 1 thread.
Muffin tin radii and interstitial parameters [bohr]:
type, norman radius, muffin tin, overlap factor
    0  1.35452E+00  1.22472E+00  1.15000E+00
    1  1.35453E+00  1.22473E+00  1.15000E+00
    2  1.51997E+00  1.30109E+00  1.15000E+00
    3  1.58792E+00  1.39339E+00  1.15000E+00
    4  1.09299E+00  9.51621E-01  1.15000E+00
Core-valence separation energy:  ecv=   -31.000 eV
Initial Fermi level:              mu=     2.288 eV
SCF ITERATION NUMBER  1
     point #   1  energy = -31.000
FMS for a cluster of   79 atoms around atom type   0
FMS for a cluster of   75 atoms around atom type   1
FMS for a cluster of   75 atoms around atom type   2
FMS for a cluster of   84 atoms around atom type   3
FMS for a cluster of   81 atoms around atom type   4
     point #  20  energy = -19.893
     point #  40  energy =  -3.796
     point #  60  energy =  -3.311
New Fermi level:    mu=  -3.270 eV  Charge distance=  0.5905 (partial c.d.=  6.8612)
SCF ITERATION NUMBER  1
     point #   1  energy = -31.000
FMS for a cluster of   79 atoms around atom type   0
FMS for a cluster of   75 atoms around atom type   1
FMS for a cluster of   75 atoms around atom type   2
FMS for a cluster of   84 atoms around atom type   3
FMS for a cluster of   81 atoms around atom type   4
     point #  20  energy = -19.703
     point #  40  energy =  -3.270
     point #  60  energy =  -3.439
     point #  80  energy =  -5.358
     point # 100  energy =  -4.852
New Fermi level:    mu=  -4.798 eV  Charge distance=  0.2301 (partial c.d.=  3.3200)
SCF ITERATION NUMBER  1
     point #   1  energy = -31.000
FMS for a cluster of   79 atoms around atom type   0
FMS for a cluster of   75 atoms around atom type   1
FMS for a cluster of   75 atoms around atom type   2
FMS for a cluster of   84 atoms around atom type   3
FMS for a cluster of   81 atoms around atom type   4
     point #  20  energy = -19.914
     point #  40  energy =  -4.798
     point #  60  energy =  -4.679
New Fermi level:    mu=  -4.656 eV  Charge distance=  0.1535 (partial c.d.=  0.2683)
SCF ITERATION NUMBER  2
     point #   1  energy = -31.000
     point #  20  energy = -19.854
     point #  40  energy =  -4.656
     point #  60  energy =  -4.543
New Fermi level:    mu=  -4.530 eV  Charge distance=  0.3495 (partial c.d.=  0.2405)
SCF ITERATION NUMBER  3
     point #   1  energy = -31.000
     point #  20  energy = -19.801
     point #  40  energy =  -4.530
New Fermi level:    mu=  -4.581 eV  Charge distance=  0.0981 (partial c.d.=  0.1094)
SCF ITERATION NUMBER  4
     point #   1  energy = -31.000
     point #  20  energy = -19.823
     point #  40  energy =  -4.581
New Fermi level:    mu=  -4.611 eV  Charge distance=  0.0256 (partial c.d.=  0.0369)
SCF ITERATION NUMBER  5
     point #   1  energy = -31.000
     point #  20  energy = -19.835
     point #  40  energy =  -4.611
New Fermi level:    mu=  -4.614 eV  Charge distance=  0.0139 (partial c.d.=  0.0262)
SCF ITERATION NUMBER  6
     point #   1  energy = -31.000
     point #  20  energy = -19.837
     point #  40  energy =  -4.614
New Fermi level:    mu=  -4.605 eV  Charge distance=  0.0117 (partial c.d.=  0.0128)
SCF ITERATION NUMBER  7
     point #   1  energy = -31.000
     point #  20  energy = -19.833
     point #  40  energy =  -4.605
New Fermi level:    mu=  -4.595 eV  Charge distance=  0.0014 (partial c.d.=  0.0077)
SCF ITERATION NUMBER  8
     point #   1  energy = -31.000
     point #  20  energy = -19.829
     point #  40  energy =  -4.595
New Fermi level:    mu=  -4.590 eV  Charge distance=  0.0015 (partial c.d.=  0.0012)
SCF ITERATION NUMBER  9
     point #   1  energy = -31.000
     point #  20  energy = -19.827
     point #  40  energy =  -4.590
New Fermi level:    mu=  -4.586 eV  Charge distance=  0.0002 (partial c.d.=  0.0005)
SCF ITERATION NUMBER 10
     point #   1  energy = -31.000
     point #  20  energy = -19.825
     point #  40  energy =  -4.586
New Fermi level:    mu=  -4.587 eV  Charge distance=  0.0001 (partial c.d.=  0.0001)
Electronic configuration
  type     l     N_el
     0     0    0.546
     0     1    0.625
     0     2    9.667
     0     3    0.000
     1     0    0.546
     1     1    0.625
     1     2    9.669
     1     3    0.000
     2     0    1.762
     2     1    2.625
     2     2    0.745
     2     3    0.000
     3     0    2.042
     3     1    4.955
     3     2    0.261
     3     3    0.000
     4     0    1.883
     4     1    4.357
     4     2    0.069
     4     3    0.000
Charge transfer:  type  charge
       0   -0.161
       1   -0.161
       2   -0.868
       3    0.257
       4    0.309
Convergence reached in   10 iterations.
Done with module: potentials.

Calculating screened core-hole potential ...
FMS for a cluster of   18 atoms around iph =   0
    0% of energy integration
   20%
   40%
   60%
   80%
  100%
Preparing response function.
Computing (1 - K Chi0)^-1 v_ch
Done with module: screened core-hole potential.

Calculating cross-section and phases ...
    absorption cross section
 x0,dx,rnrm,inrm,jnrm   8.80000000000000       5.000000000000000E-002
   2.55967938299997              195         196
    phase shifts for unique potential    0
    phase shifts for unique potential    1
    phase shifts for unique potential    2
    phase shifts for unique potential    3
    phase shifts for unique potential    4
Done with module: cross-section and phases (XSPH).

FMS calculation of full Green's function ...
FEFF-serial using 1 thread.
Using   194 energy points.
xprep done
FMS for a cluster of  171 atoms
Energy point    1/ 194
Energy point   10/ 194
Energy point   20/ 194
Energy point   30/ 194
Energy point   40/ 194
Energy point   50/ 194
Energy point   60/ 194
Energy point   70/ 194
Energy point   80/ 194
Energy point   90/ 194
Energy point  100/ 194
Energy point  110/ 194
Energy point  120/ 194
Energy point  130/ 194
Energy point  140/ 194
Energy point  150/ 194
Energy point  160/ 194
Energy point  170/ 194
Energy point  180/ 194
Energy point  190/ 194
Done with module: FMS.

MKGTR: Tracing over Green's function ...
Done with module: MKGTR.

Pathfinder: finding scattering paths...
Preparing plane wave scattering amplitudes
Searching for paths
Eliminating path degeneracies
0 paths retained.
Done with module: pathfinder.

Calculating EXAFS parameters ...
Done with module: EXAFS parameters (GENFMT).

Calculating XAS spectra ...
Done with module: XAS spectra (FF2X: DW + final sum over paths).

 
### feff ends at Sun Aug 13 21:26:28 EDT 2023
 
