### feff starts at Sun Aug 13 11:20:05 EDT 2023
### Serial version
### FeffPath is /sdcc/u/mcarbone/software/JFEFF/hsw/feff90/linux
 
Launching FEFF version FEFF 9.9.1
Core hole lifetime is   1.729 eV.
Your calculation:
 comment: None given
 Source:
 Structure Summary:  Cu2 H20 S2 O18
 Reduced formula:  CuH10SO9
 space group: (P-1), space number:  (2)
 abc:  5.880200   6.801093  11.860918
 angles:100.523741 100.200390  97.311710
 sites: 42
Cu K edge XANES using RPA corehole.
Using:     * Self-Consistent Field potentials
Using cards:   ATOMS CONTROL EXCHANGE TITLE RPATH POTENTIALS XANES EDGE SCF FMS S02 COREHOLE EGRID

Calculating atomic potentials ...
    overlapped atomic potential and density for unique potential    0
    overlapped atomic potential and density for unique potential    1
    overlapped atomic potential and density for unique potential    2
    overlapped atomic potential and density for unique potential    3
    overlapped atomic potential and density for unique potential    4
Done with module: atomic potentials.

Calculating SCF potentials ...
FEFF-serial using 1 thread.
Muffin tin radii and interstitial parameters [bohr]:
type, norman radius, muffin tin, overlap factor
    0  1.38012E+00  1.24094E+00  1.15000E+00
    1  1.38025E+00  1.24100E+00  1.15000E+00
    2  1.01345E+00  8.92113E-01  1.15000E+00
    3  1.10950E+00  8.45780E-01  1.15000E+00
    4  1.14262E+00  8.97785E-01  1.15000E+00
Core-valence separation energy:  ecv=   -40.000 eV
Initial Fermi level:              mu=     4.463 eV
SCF ITERATION NUMBER  1
     point #   1  energy = -40.000
FMS for a cluster of  139 atoms around atom type   0
FMS for a cluster of   91 atoms around atom type   1
FMS for a cluster of  127 atoms around atom type   2
FMS for a cluster of  122 atoms around atom type   3
FMS for a cluster of  124 atoms around atom type   4
     point #  20  energy = -28.878
     point #  40  energy =  -8.628
     point #  60  energy =  -5.878
     point #  80  energy =  -4.372
New Fermi level:    mu=  -4.160 eV  Charge distance=  1.6483 (partial c.d.=  4.9482)
negative density   2  -35.498 - usually harmless precision error, but check DOS if it persists
negative density   2   -7.337 - usually harmless precision error, but check DOS if it persists
negative density   2   -1.121 - usually harmless precision error, but check DOS if it persists
SCF ITERATION NUMBER  1
     point #   1  energy = -40.000
FMS for a cluster of  139 atoms around atom type   0
FMS for a cluster of   91 atoms around atom type   1
FMS for a cluster of  127 atoms around atom type   2
FMS for a cluster of  122 atoms around atom type   3
FMS for a cluster of  124 atoms around atom type   4
     point #  20  energy = -28.736
     point #  40  energy =  -8.256
     point #  60  energy =  -4.160
     point #  80  energy =  -6.313
     point # 100  energy =  -6.529
New Fermi level:    mu=  -6.524 eV  Charge distance=  0.6148 (partial c.d.=  8.5589)
negative density   2  -40.507 - usually harmless precision error, but check DOS if it persists
negative density   2   -9.918 - usually harmless precision error, but check DOS if it persists
negative density   2   -2.524 - usually harmless precision error, but check DOS if it persists
SCF ITERATION NUMBER  1
     point #   1  energy = -40.000
FMS for a cluster of  139 atoms around atom type   0
FMS for a cluster of   91 atoms around atom type   1
FMS for a cluster of  127 atoms around atom type   2
FMS for a cluster of  122 atoms around atom type   3
FMS for a cluster of  124 atoms around atom type   4
     point #  20  energy = -28.841
     point #  40  energy =  -8.552
     point #  60  energy =  -6.536
New Fermi level:    mu=  -6.883 eV  Charge distance=  0.3378 (partial c.d.=  0.3544)
negative density   2  -46.241 - usually harmless precision error, but check DOS if it persists
negative density   2  -12.774 - usually harmless precision error, but check DOS if it persists
negative density   2   -4.058 - usually harmless precision error, but check DOS if it persists
negative density   2   -0.217 - usually harmless precision error, but check DOS if it persists
SCF ITERATION NUMBER  2
     point #   1  energy = -40.000
     point #  20  energy = -28.961
     point #  40  energy =  -8.890
     point #  60  energy =  -6.858
New Fermi level:    mu=  -6.841 eV  Charge distance=  0.3539 (partial c.d.=  0.2169)
negative density   2  -56.244 - usually harmless precision error, but check DOS if it persists
negative density   2  -17.532 - usually harmless precision error, but check DOS if it persists
negative density   2   -6.551 - usually harmless precision error, but check DOS if it persists
negative density   2   -1.618 - usually harmless precision error, but check DOS if it persists
SCF ITERATION NUMBER  3
     point #   1  energy = -40.000
     point #  20  energy = -28.947
     point #  40  energy =  -8.850
     point #  60  energy =  -6.828
     point #  80  energy =  -5.687
New Fermi level:    mu=  -5.733 eV  Charge distance=  0.2699 (partial c.d.=  3.1868)
negative density   2  -55.898 - usually harmless precision error, but check DOS if it persists
negative density   2  -17.010 - usually harmless precision error, but check DOS if it persists
negative density   2   -6.222 - usually harmless precision error, but check DOS if it persists
negative density   2   -1.400 - usually harmless precision error, but check DOS if it persists
SCF ITERATION NUMBER  4
     point #   1  energy = -40.000
     point #  20  energy = -28.913
     point #  40  energy =  -8.756
     point #  60  energy =  -5.745
     point #  80  energy =  -6.823
New Fermi level:    mu=  -6.757 eV  Charge distance=  0.0755 (partial c.d.=  3.1681)
negative density   2  -60.636 - usually harmless precision error, but check DOS if it persists
negative density   2  -19.119 - usually harmless precision error, but check DOS if it persists
negative density   2   -7.297 - usually harmless precision error, but check DOS if it persists
negative density   2   -1.983 - usually harmless precision error, but check DOS if it persists
SCF ITERATION NUMBER  5
     point #   1  energy = -40.000
     point #  20  energy = -28.919
     point #  40  energy =  -8.772
New Fermi level:    mu=  -6.753 eV  Charge distance=  0.2414 (partial c.d.=  0.0439)
negative density   2  -74.329 - usually harmless precision error, but check DOS if it persists
negative density   2  -25.494 - usually harmless precision error, but check DOS if it persists
negative density   2  -10.563 - usually harmless precision error, but check DOS if it persists
negative density   2   -3.758 - usually harmless precision error, but check DOS if it persists
negative density   2   -0.407 - usually harmless precision error, but check DOS if it persists
SCF ITERATION NUMBER  6
     point #   1  energy = -40.000
     point #  20  energy = -28.918
     point #  40  energy =  -8.768
     point #  60  energy =  -6.728
New Fermi level:    mu=  -6.635 eV  Charge distance=  0.0541 (partial c.d.=  0.8663)
negative density   2  -71.028 - usually harmless precision error, but check DOS if it persists
negative density   2  -24.232 - usually harmless precision error, but check DOS if it persists
negative density   2   -9.933 - usually harmless precision error, but check DOS if it persists
negative density   2   -3.417 - usually harmless precision error, but check DOS if it persists
negative density   2   -0.208 - usually harmless precision error, but check DOS if it persists
SCF ITERATION NUMBER  7
     point #   1  energy = -40.000
     point #  20  energy = -28.878
     point #  40  energy =  -8.657
     point #  60  energy =  -6.648
New Fermi level:    mu=  -6.767 eV  Charge distance=  0.0322 (partial c.d.=  0.6651)
negative density   2  -70.179 - usually harmless precision error, but check DOS if it persists
negative density   2  -24.013 - usually harmless precision error, but check DOS if it persists
negative density   2   -9.833 - usually harmless precision error, but check DOS if it persists
negative density   2   -3.366 - usually harmless precision error, but check DOS if it persists
negative density   2   -0.181 - usually harmless precision error, but check DOS if it persists
SCF ITERATION NUMBER  8
     point #   1  energy = -40.000
     point #  20  energy = -28.922
     point #  40  energy =  -8.781
     point #  60  energy =  -6.742
New Fermi level:    mu=  -6.750 eV  Charge distance=  0.0246 (partial c.d.=  0.4142)
negative density   2  -69.280 - usually harmless precision error, but check DOS if it persists
negative density   2  -23.761 - usually harmless precision error, but check DOS if it persists
negative density   2   -9.719 - usually harmless precision error, but check DOS if it persists
negative density   2   -3.309 - usually harmless precision error, but check DOS if it persists
negative density   2   -0.153 - usually harmless precision error, but check DOS if it persists
SCF ITERATION NUMBER  9
     point #   1  energy = -40.000
     point #  20  energy = -28.917
     point #  40  energy =  -8.765
New Fermi level:    mu=  -6.762 eV  Charge distance=  0.0055 (partial c.d.=  0.3277)
negative density   2  -68.106 - usually harmless precision error, but check DOS if it persists
negative density   2  -23.386 - usually harmless precision error, but check DOS if it persists
negative density   2   -9.541 - usually harmless precision error, but check DOS if it persists
negative density   2   -3.217 - usually harmless precision error, but check DOS if it persists
negative density   2   -0.103 - usually harmless precision error, but check DOS if it persists
SCF ITERATION NUMBER 10
     point #   1  energy = -40.000
     point #  20  energy = -28.921
     point #  40  energy =  -8.777
New Fermi level:    mu=  -6.761 eV  Charge distance=  0.0049 (partial c.d.=  0.0927)
negative density   2  -66.424 - usually harmless precision error, but check DOS if it persists
negative density   2  -22.848 - usually harmless precision error, but check DOS if it persists
negative density   2   -9.286 - usually harmless precision error, but check DOS if it persists
negative density   2   -3.086 - usually harmless precision error, but check DOS if it persists
negative density   2   -0.033 - usually harmless precision error, but check DOS if it persists
SCF ITERATION NUMBER 11
     point #   1  energy = -40.000
     point #  20  energy = -28.920
     point #  40  energy =  -8.775
New Fermi level:    mu=  -6.750 eV  Charge distance=  0.0003 (partial c.d.=  0.0844)
negative density   2  -66.343 - usually harmless precision error, but check DOS if it persists
negative density   2  -22.822 - usually harmless precision error, but check DOS if it persists
negative density   2   -9.274 - usually harmless precision error, but check DOS if it persists
negative density   2   -3.080 - usually harmless precision error, but check DOS if it persists
negative density   2   -0.029 - usually harmless precision error, but check DOS if it persists
SCF ITERATION NUMBER 12
     point #   1  energy = -40.000
     point #  20  energy = -28.917
     point #  40  energy =  -8.766
New Fermi level:    mu=  -6.750 eV  Charge distance=  0.0056 (partial c.d.=  0.0058)
negative density   2  -64.056 - usually harmless precision error, but check DOS if it persists
negative density   2  -22.096 - usually harmless precision error, but check DOS if it persists
negative density   2   -8.931 - usually harmless precision error, but check DOS if it persists
negative density   2   -2.904 - usually harmless precision error, but check DOS if it persists
SCF ITERATION NUMBER 13
     point #   1  energy = -40.000
     point #  20  energy = -28.917
     point #  40  energy =  -8.766
New Fermi level:    mu=  -6.745 eV  Charge distance=  0.0014 (partial c.d.=  0.0736)
negative density   2  -63.170 - usually harmless precision error, but check DOS if it persists
negative density   2  -21.811 - usually harmless precision error, but check DOS if it persists
negative density   2   -8.797 - usually harmless precision error, but check DOS if it persists
negative density   2   -2.835 - usually harmless precision error, but check DOS if it persists
SCF ITERATION NUMBER 14
     point #   1  energy = -40.000
     point #  20  energy = -28.915
     point #  40  energy =  -8.761
New Fermi level:    mu=  -6.742 eV  Charge distance=  0.0003 (partial c.d.=  0.0152)
negative density   2  -62.809 - usually harmless precision error, but check DOS if it persists
negative density   2  -21.693 - usually harmless precision error, but check DOS if it persists
negative density   2   -8.741 - usually harmless precision error, but check DOS if it persists
negative density   2   -2.807 - usually harmless precision error, but check DOS if it persists
SCF ITERATION NUMBER 15
     point #   1  energy = -40.000
     point #  20  energy = -28.914
     point #  40  energy =  -8.758
New Fermi level:    mu=  -6.741 eV  Charge distance=  0.0009 (partial c.d.=  0.0008)
negative density   2  -61.928 - usually harmless precision error, but check DOS if it persists
negative density   2  -21.414 - usually harmless precision error, but check DOS if it persists
negative density   2   -8.610 - usually harmless precision error, but check DOS if it persists
negative density   2   -2.741 - usually harmless precision error, but check DOS if it persists
SCF ITERATION NUMBER 16
     point #   1  energy = -40.000
     point #  20  energy = -28.914
     point #  40  energy =  -8.757
New Fermi level:    mu=  -6.738 eV  Charge distance=  0.0001 (partial c.d.=  0.0030)
negative density   2  -61.876 - usually harmless precision error, but check DOS if it persists
negative density   2  -21.399 - usually harmless precision error, but check DOS if it persists
negative density   2   -8.603 - usually harmless precision error, but check DOS if it persists
negative density   2   -2.737 - usually harmless precision error, but check DOS if it persists
SCF ITERATION NUMBER 17
     point #   1  energy = -40.000
     point #  20  energy = -28.913
     point #  40  energy =  -8.754
New Fermi level:    mu=  -6.738 eV  Charge distance=  0.0001 (partial c.d.=  0.0015)
negative density   2  -61.915 - usually harmless precision error, but check DOS if it persists
negative density   2  -21.412 - usually harmless precision error, but check DOS if it persists
negative density   2   -8.609 - usually harmless precision error, but check DOS if it persists
negative density   2   -2.740 - usually harmless precision error, but check DOS if it persists
SCF ITERATION NUMBER 18
     point #   1  energy = -40.000
     point #  20  energy = -28.913
     point #  40  energy =  -8.754
New Fermi level:    mu=  -6.738 eV  Charge distance=  0.0001 (partial c.d.=  0.0002)
negative density   2  -61.922 - usually harmless precision error, but check DOS if it persists
negative density   2  -21.417 - usually harmless precision error, but check DOS if it persists
negative density   2   -8.612 - usually harmless precision error, but check DOS if it persists
negative density   2   -2.742 - usually harmless precision error, but check DOS if it persists
SCF ITERATION NUMBER 19
     point #   1  energy = -40.000
     point #  20  energy = -28.913
     point #  40  energy =  -8.754
New Fermi level:    mu=  -6.738 eV  Charge distance=  0.0001 (partial c.d.=  0.0003)
negative density   2  -61.925 - usually harmless precision error, but check DOS if it persists
negative density   2  -21.421 - usually harmless precision error, but check DOS if it persists
negative density   2   -8.615 - usually harmless precision error, but check DOS if it persists
negative density   2   -2.744 - usually harmless precision error, but check DOS if it persists
SCF ITERATION NUMBER 20
     point #   1  energy = -40.000
     point #  20  energy = -28.913
     point #  40  energy =  -8.754
New Fermi level:    mu=  -6.739 eV  Charge distance=  0.0000 (partial c.d.=  0.0005)
negative density   2  -61.929 - usually harmless precision error, but check DOS if it persists
negative density   2  -21.420 - usually harmless precision error, but check DOS if it persists
negative density   2   -8.614 - usually harmless precision error, but check DOS if it persists
negative density   2   -2.743 - usually harmless precision error, but check DOS if it persists
SCF ITERATION NUMBER 21
     point #   1  energy = -40.000
     point #  20  energy = -28.913
     point #  40  energy =  -8.754
New Fermi level:    mu=  -6.739 eV  Charge distance=  0.0000 (partial c.d.=  0.0001)
Electronic configuration
  type     l     N_el
     0     0    0.559
     0     1    0.598
     0     2    9.518
     0     3    0.000
     1     0    0.547
     1     1    0.605
     1     2    9.518
     1     3    0.000
     2     0    0.740
     2     1    0.142
     2     2    0.000
     2     3    0.000
     3     0    1.427
     3     1    2.467
     3     2    1.034
     3     3    0.000
     4     0    1.894
     4     1    4.334
     4     2    0.060
     4     3    0.000
Charge transfer:  type  charge
       0   -0.324
       1   -0.330
       2   -0.118
       3   -1.072
       4    0.288
Convergence reached in   21 iterations.
Done with module: potentials.

Calculating screened core-hole potential ...
FMS for a cluster of   27 atoms around iph =   0
    0% of energy integration
   20%
   40%
   60%
   80%
  100%
Preparing response function.
Computing (1 - K Chi0)^-1 v_ch
Done with module: screened core-hole potential.

Calculating cross-section and phases ...
    absorption cross section
 x0,dx,rnrm,inrm,jnrm   8.80000000000000       5.000000000000000E-002
   2.60805409900001              196         197
    phase shifts for unique potential    0
    phase shifts for unique potential    1
    phase shifts for unique potential    2
    phase shifts for unique potential    3
    phase shifts for unique potential    4
Done with module: cross-section and phases (XSPH).

FMS calculation of full Green's function ...
FEFF-serial using 1 thread.
Using   194 energy points.
xprep done
FMS for a cluster of  273 atoms
Energy point    1/ 194
Energy point   10/ 194
Energy point   20/ 194
Energy point   30/ 194
Energy point   40/ 194
Energy point   50/ 194
Energy point   60/ 194
Energy point   70/ 194
Energy point   80/ 194
Energy point   90/ 194
Energy point  100/ 194
Energy point  110/ 194
Energy point  120/ 194
Energy point  130/ 194
Energy point  140/ 194
Energy point  150/ 194
Energy point  160/ 194
Energy point  170/ 194
Energy point  180/ 194
Energy point  190/ 194
Done with module: FMS.

MKGTR: Tracing over Green's function ...
Done with module: MKGTR.

Pathfinder: finding scattering paths...
Preparing plane wave scattering amplitudes
Searching for paths
Eliminating path degeneracies
0 paths retained.
Done with module: pathfinder.

Calculating EXAFS parameters ...
Done with module: EXAFS parameters (GENFMT).

Calculating XAS spectra ...
Done with module: XAS spectra (FF2X: DW + final sum over paths).

 
### feff ends at Sun Aug 13 13:01:06 EDT 2023
 
