### feff starts at Mon Aug 14 04:32:31 EDT 2023
### Serial version
### FeffPath is /sdcc/u/mcarbone/software/JFEFF/hsw/feff90/linux
 
Launching FEFF version FEFF 9.9.1
Core hole lifetime is   1.729 eV.
Your calculation:
 comment: None given
 Source:
 Structure Summary:  Cu1 Ag1 O2
 Reduced formula:  CuAgO2
 space group: (C2/m), space number:  (12)
 abc:  3.577639   3.577639   6.026544
 angles: 68.792791  68.792791  46.612174
 sites: 4
Cu K edge XANES using RPA corehole.
Using:     * Self-Consistent Field potentials
Using cards:   ATOMS CONTROL EXCHANGE TITLE RPATH POTENTIALS XANES EDGE SCF FMS S02 COREHOLE EGRID

Calculating atomic potentials ...
    overlapped atomic potential and density for unique potential    0
    overlapped atomic potential and density for unique potential    1
    overlapped atomic potential and density for unique potential    2
    overlapped atomic potential and density for unique potential    3
Done with module: atomic potentials.

Calculating SCF potentials ...
FEFF-serial using 1 thread.
Muffin tin radii and interstitial parameters [bohr]:
type, norman radius, muffin tin, overlap factor
    0  1.28263E+00  1.15410E+00  1.15000E+00
    1  1.28263E+00  1.15410E+00  1.15000E+00
    2  1.56773E+00  1.49041E+00  1.13772E+00
    3  1.11911E+00  1.01790E+00  1.15000E+00
Core-valence separation energy:  ecv=   -40.000 eV
Initial Fermi level:              mu=     1.863 eV
SCF ITERATION NUMBER  1
     point #   1  energy = -40.000
FMS for a cluster of  107 atoms around atom type   0
FMS for a cluster of  101 atoms around atom type   1
FMS for a cluster of  104 atoms around atom type   2
FMS for a cluster of  105 atoms around atom type   3
     point #  20  energy = -28.794
     point #  40  energy =  -8.544
     point #  60  energy =  -2.657
     point #  80  energy =  -3.100
New Fermi level:    mu=  -3.211 eV  Charge distance=  0.5251 (partial c.d.=  9.6627)
SCF ITERATION NUMBER  1
     point #   1  energy = -40.000
FMS for a cluster of  107 atoms around atom type   0
FMS for a cluster of  101 atoms around atom type   1
FMS for a cluster of  104 atoms around atom type   2
FMS for a cluster of  105 atoms around atom type   3
     point #  20  energy = -28.759
     point #  40  energy =  -8.320
     point #  60  energy =  -3.211
     point #  80  energy =  -5.111
     point # 100  energy =  -6.761
New Fermi level:    mu=  -6.998 eV  Charge distance=  0.2036 (partial c.d.=  2.8753)
SCF ITERATION NUMBER  1
     point #   1  energy = -40.000
FMS for a cluster of  107 atoms around atom type   0
FMS for a cluster of  101 atoms around atom type   1
FMS for a cluster of  104 atoms around atom type   2
FMS for a cluster of  105 atoms around atom type   3
     point #  20  energy = -28.999
     point #  40  energy =  -8.998
     point #  60  energy =  -6.985
     point #  80  energy =  -6.051
New Fermi level:    mu=  -6.165 eV  Charge distance=  0.0412 (partial c.d.=  0.8407)
SCF ITERATION NUMBER  2
     point #   1  energy = -40.000
     point #  20  energy = -28.722
     point #  40  energy =  -8.215
     point #  60  energy =  -6.177
New Fermi level:    mu=  -6.557 eV  Charge distance=  0.0865 (partial c.d.=  0.1303)
SCF ITERATION NUMBER  3
     point #   1  energy = -40.000
     point #  20  energy = -28.852
     point #  40  energy =  -8.584
New Fermi level:    mu=  -6.561 eV  Charge distance=  0.1006 (partial c.d.=  0.5654)
SCF ITERATION NUMBER  4
     point #   1  energy = -40.000
     point #  20  energy = -28.854
     point #  40  energy =  -8.588
     point #  60  energy =  -6.574
New Fermi level:    mu=  -6.927 eV  Charge distance=  0.0676 (partial c.d.=  1.3204)
SCF ITERATION NUMBER  5
     point #   1  energy = -40.000
     point #  20  energy = -28.976
     point #  40  energy =  -8.932
     point #  60  energy =  -6.902
New Fermi level:    mu=  -6.849 eV  Charge distance=  0.0268 (partial c.d.=  0.4946)
SCF ITERATION NUMBER  6
     point #   1  energy = -40.000
     point #  20  energy = -28.950
     point #  40  energy =  -8.858
     point #  60  energy =  -6.837
New Fermi level:    mu=  -6.691 eV  Charge distance=  0.0182 (partial c.d.=  0.6887)
SCF ITERATION NUMBER  7
     point #   1  energy = -40.000
     point #  20  energy = -28.897
     point #  40  energy =  -8.710
     point #  60  energy =  -6.716
New Fermi level:    mu=  -6.751 eV  Charge distance=  0.0011 (partial c.d.=  0.4183)
SCF ITERATION NUMBER  8
     point #   1  energy = -40.000
     point #  20  energy = -28.917
     point #  40  energy =  -8.766
New Fermi level:    mu=  -6.749 eV  Charge distance=  0.0033 (partial c.d.=  0.0204)
SCF ITERATION NUMBER  9
     point #   1  energy = -40.000
     point #  20  energy = -28.916
     point #  40  energy =  -8.764
New Fermi level:    mu=  -6.736 eV  Charge distance=  0.0014 (partial c.d.=  0.0332)
SCF ITERATION NUMBER 10
     point #   1  energy = -40.000
     point #  20  energy = -28.912
     point #  40  energy =  -8.752
New Fermi level:    mu=  -6.735 eV  Charge distance=  0.0012 (partial c.d.=  0.0207)
SCF ITERATION NUMBER 11
     point #   1  energy = -40.000
     point #  20  energy = -28.912
     point #  40  energy =  -8.751
New Fermi level:    mu=  -6.731 eV  Charge distance=  0.0014 (partial c.d.=  0.0006)
SCF ITERATION NUMBER 12
     point #   1  energy = -40.000
     point #  20  energy = -28.910
     point #  40  energy =  -8.747
New Fermi level:    mu=  -6.726 eV  Charge distance=  0.0001 (partial c.d.=  0.0024)
SCF ITERATION NUMBER 13
     point #   1  energy = -40.000
     point #  20  energy = -28.909
     point #  40  energy =  -8.742
New Fermi level:    mu=  -6.726 eV  Charge distance=  0.0001 (partial c.d.=  0.0004)
SCF ITERATION NUMBER 14
     point #   1  energy = -40.000
     point #  20  energy = -28.909
     point #  40  energy =  -8.742
New Fermi level:    mu=  -6.726 eV  Charge distance=  0.0003 (partial c.d.=  0.0003)
SCF ITERATION NUMBER 15
     point #   1  energy = -40.000
     point #  20  energy = -28.909
     point #  40  energy =  -8.742
New Fermi level:    mu=  -6.726 eV  Charge distance=  0.0000 (partial c.d.=  0.0008)
SCF ITERATION NUMBER 16
     point #   1  energy = -40.000
     point #  20  energy = -28.909
     point #  40  energy =  -8.742
New Fermi level:    mu=  -6.726 eV  Charge distance=  0.0000 (partial c.d.=  0.0003)
SCF ITERATION NUMBER 17
     point #   1  energy = -40.000
     point #  20  energy = -28.909
     point #  40  energy =  -8.742
New Fermi level:    mu=  -6.726 eV  Charge distance=  0.0000 (partial c.d.=  0.0001)
Electronic configuration
  type     l     N_el
     0     0    0.555
     0     1    0.661
     0     2    9.344
     0     3    0.000
     1     0    0.555
     1     1    0.661
     1     2    9.344
     1     3    0.000
     2     0    0.564
     2     1    0.538
     2     2    9.666
     2     3    0.000
     3     0    1.880
     3     1    4.371
     3     2    0.087
     3     3    0.000
Charge transfer:  type  charge
       0   -0.441
       1   -0.440
       2   -0.232
       3    0.339
Convergence reached in   17 iterations.
Done with module: potentials.

Calculating screened core-hole potential ...
FMS for a cluster of   21 atoms around iph =   0
    0% of energy integration
   20%
   40%
   60%
   80%
  100%
Preparing response function.
Computing (1 - K Chi0)^-1 v_ch
Done with module: screened core-hole potential.

Calculating cross-section and phases ...
    absorption cross section
 x0,dx,rnrm,inrm,jnrm   8.80000000000000       5.000000000000000E-002
   2.42381545599982              194         195
    phase shifts for unique potential    0
    phase shifts for unique potential    1
    phase shifts for unique potential    2
    phase shifts for unique potential    3
Done with module: cross-section and phases (XSPH).

FMS calculation of full Green's function ...
FEFF-serial using 1 thread.
Using   194 energy points.
xprep done
FMS for a cluster of  233 atoms
Energy point    1/ 194
Energy point   10/ 194
Energy point   20/ 194
Energy point   30/ 194
Energy point   40/ 194
Energy point   50/ 194
Energy point   60/ 194
Energy point   70/ 194
Energy point   80/ 194
Energy point   90/ 194
Energy point  100/ 194
Energy point  110/ 194
Energy point  120/ 194
Energy point  130/ 194
Energy point  140/ 194
Energy point  150/ 194
Energy point  160/ 194
Energy point  170/ 194
Energy point  180/ 194
Energy point  190/ 194
Done with module: FMS.

MKGTR: Tracing over Green's function ...
Done with module: MKGTR.

Pathfinder: finding scattering paths...
Preparing plane wave scattering amplitudes
Searching for paths
Eliminating path degeneracies
0 paths retained.
Done with module: pathfinder.

Calculating EXAFS parameters ...
Done with module: EXAFS parameters (GENFMT).

Calculating XAS spectra ...
Done with module: XAS spectra (FF2X: DW + final sum over paths).

 
### feff ends at Mon Aug 14 05:59:12 EDT 2023
 
