### feff starts at Mon Aug 14 10:25:29 EDT 2023
### Serial version
### FeffPath is /sdcc/u/mcarbone/software/JFEFF/hsw/feff90/linux
 
Launching FEFF version FEFF 9.9.1
Resetting lmaxsc to 2 for iph =    1.  Use  UNFREEZE to prevent this.
Resetting lmaxsc to 2 for iph =    2.  Use  UNFREEZE to prevent this.
Core hole lifetime is   1.729 eV.
Your calculation:
 comment: None given
 Source:
 Structure Summary:  Ba2 La1 Cu3 O6
 Reduced formula:  Ba2La(CuO2)3
 space group: (P4/mmm), space number:  (123)
 abc:  3.953775   3.953775  12.051671
 angles: 90.000000  90.000000  90.000000
 sites: 12
Cu K edge XANES using RPA corehole.
Using:     * Self-Consistent Field potentials
Using cards:   ATOMS CONTROL EXCHANGE TITLE RPATH POTENTIALS XANES EDGE SCF FMS S02 COREHOLE EGRID

Calculating atomic potentials ...
    overlapped atomic potential and density for unique potential    0
    overlapped atomic potential and density for unique potential    1
    overlapped atomic potential and density for unique potential    2
    overlapped atomic potential and density for unique potential    3
    overlapped atomic potential and density for unique potential    4
Done with module: atomic potentials.

Calculating SCF potentials ...
FEFF-serial using 1 thread.
Muffin tin radii and interstitial parameters [bohr]:
type, norman radius, muffin tin, overlap factor
    0  1.30693E+00  1.23460E+00  1.15000E+00
    1  2.02345E+00  1.97513E+00  1.06054E+00
    2  1.81888E+00  1.74698E+00  1.10624E+00
    3  1.30694E+00  1.23461E+00  1.15000E+00
    4  1.11277E+00  1.06446E+00  1.11845E+00
Core-valence separation energy:  ecv=   -47.000 eV
Initial Fermi level:              mu=    -2.656 eV
SCF ITERATION NUMBER  1
     point #   1  energy = -47.000
FMS for a cluster of   94 atoms around atom type   0
FMS for a cluster of   89 atoms around atom type   1
FMS for a cluster of   95 atoms around atom type   2
FMS for a cluster of   93 atoms around atom type   3
FMS for a cluster of   90 atoms around atom type   4
     point #  20  energy = -35.900
     point #  40  energy = -15.650
     point #  60  energy =  -6.647
     point #  80  energy =  -5.513
New Fermi level:    mu=  -5.413 eV  Charge distance=  0.6871 (partial c.d.=  6.5139)
SCF ITERATION NUMBER  1
     point #   1  energy = -47.000
FMS for a cluster of   94 atoms around atom type   0
FMS for a cluster of   89 atoms around atom type   1
FMS for a cluster of   95 atoms around atom type   2
FMS for a cluster of   93 atoms around atom type   3
FMS for a cluster of   90 atoms around atom type   4
     point #  20  energy = -35.842
     point #  40  energy = -15.556
     point #  60  energy =  -5.413
     point #  80  energy =  -6.047
     point # 100  energy = -10.622
     point # 120  energy = -11.275
New Fermi level:    mu= -11.444 eV  Charge distance=  0.2476 (partial c.d.=  3.5892)
SCF ITERATION NUMBER  1
     point #   1  energy = -47.000
FMS for a cluster of   94 atoms around atom type   0
FMS for a cluster of   89 atoms around atom type   1
FMS for a cluster of   95 atoms around atom type   2
FMS for a cluster of   93 atoms around atom type   3
FMS for a cluster of   90 atoms around atom type   4
     point #  20  energy = -35.825
     point #  40  energy = -15.507
     point #  60  energy = -11.444
     point #  80  energy =  -9.925
     point # 100  energy =  -9.491
New Fermi level:    mu=  -9.482 eV  Charge distance=  0.1725 (partial c.d.=  0.3221)
SCF ITERATION NUMBER  2
     point #   1  energy = -47.000
     point #  20  energy = -35.846
     point #  40  energy = -15.566
     point #  60  energy =  -9.482
     point #  80  energy =  -8.454
New Fermi level:    mu=  -8.462 eV  Charge distance=  0.3721 (partial c.d.=  0.2400)
SCF ITERATION NUMBER  3
     point #   1  energy = -47.000
     point #  20  energy = -35.844
     point #  40  energy = -15.561
     point #  60  energy =  -8.462
New Fermi level:    mu=  -8.437 eV  Charge distance=  0.0564 (partial c.d.=  0.1793)
SCF ITERATION NUMBER  4
     point #   1  energy = -47.000
     point #  20  energy = -35.837
     point #  40  energy = -15.540
     point #  60  energy =  -8.437
New Fermi level:    mu=  -8.447 eV  Charge distance=  0.0185 (partial c.d.=  0.0379)
SCF ITERATION NUMBER  5
     point #   1  energy = -47.000
     point #  20  energy = -35.840
     point #  40  energy = -15.549
     point #  60  energy =  -8.447
New Fermi level:    mu=  -8.520 eV  Charge distance=  0.0079 (partial c.d.=  0.0443)
SCF ITERATION NUMBER  6
     point #   1  energy = -47.000
     point #  20  energy = -35.861
     point #  40  energy = -15.609
     point #  60  energy =  -8.520
New Fermi level:    mu=  -8.515 eV  Charge distance=  0.0051 (partial c.d.=  0.0587)
SCF ITERATION NUMBER  7
     point #   1  energy = -47.000
     point #  20  energy = -35.860
     point #  40  energy = -15.605
     point #  60  energy =  -8.515
New Fermi level:    mu=  -8.521 eV  Charge distance=  0.0028 (partial c.d.=  0.0493)
SCF ITERATION NUMBER  8
     point #   1  energy = -47.000
     point #  20  energy = -35.861
     point #  40  energy = -15.609
     point #  60  energy =  -8.521
New Fermi level:    mu=  -8.517 eV  Charge distance=  0.0019 (partial c.d.=  0.0180)
SCF ITERATION NUMBER  9
     point #   1  energy = -47.000
     point #  20  energy = -35.860
     point #  40  energy = -15.606
     point #  60  energy =  -8.517
New Fermi level:    mu=  -8.515 eV  Charge distance=  0.0038 (partial c.d.=  0.0044)
SCF ITERATION NUMBER 10
     point #   1  energy = -47.000
     point #  20  energy = -35.860
     point #  40  energy = -15.605
     point #  60  energy =  -8.515
New Fermi level:    mu=  -8.512 eV  Charge distance=  0.0011 (partial c.d.=  0.0012)
SCF ITERATION NUMBER 11
     point #   1  energy = -47.000
     point #  20  energy = -35.859
     point #  40  energy = -15.602
     point #  60  energy =  -8.512
New Fermi level:    mu=  -8.511 eV  Charge distance=  0.0001 (partial c.d.=  0.0003)
SCF ITERATION NUMBER 12
     point #   1  energy = -47.000
     point #  20  energy = -35.858
     point #  40  energy = -15.601
     point #  60  energy =  -8.511
New Fermi level:    mu=  -8.511 eV  Charge distance=  0.0003 (partial c.d.=  0.0001)
Electronic configuration
  type     l     N_el
     0     0    0.506
     0     1    0.578
     0     2    9.528
     0     3    0.000
     1     0    2.253
     1     1    6.305
     1     2    1.007
     1     3    0.000
     2     0    2.303
     2     1    6.416
     2     2    1.625
     2     3    0.000
     3     0    0.507
     3     1    0.582
     3     2    9.527
     3     3    0.000
     4     0    1.866
     4     1    4.511
     4     2    0.070
     4     3    0.000
Charge transfer:  type  charge
       0   -0.388
       1   -0.435
       2   -0.656
       3   -0.384
       4    0.447
Convergence reached in   12 iterations.
Done with module: potentials.

Calculating screened core-hole potential ...
FMS for a cluster of   23 atoms around iph =   0
    0% of energy integration
   20%
   40%
   60%
   80%
  100%
Preparing response function.
Computing (1 - K Chi0)^-1 v_ch
Done with module: screened core-hole potential.

Calculating cross-section and phases ...
    absorption cross section
 x0,dx,rnrm,inrm,jnrm   8.80000000000000       5.000000000000000E-002
   2.46974878899989              195         196
    phase shifts for unique potential    0
    phase shifts for unique potential    1
    phase shifts for unique potential    2
    phase shifts for unique potential    3
    phase shifts for unique potential    4
Done with module: cross-section and phases (XSPH).

FMS calculation of full Green's function ...
FEFF-serial using 1 thread.
Using   194 energy points.
xprep done
FMS for a cluster of  200 atoms
Energy point    1/ 194
Energy point   10/ 194
Energy point   20/ 194
Energy point   30/ 194
Energy point   40/ 194
Energy point   50/ 194
Energy point   60/ 194
Energy point   70/ 194
Energy point   80/ 194
Energy point   90/ 194
Energy point  100/ 194
Energy point  110/ 194
Energy point  120/ 194
Energy point  130/ 194
Energy point  140/ 194
Energy point  150/ 194
Energy point  160/ 194
Energy point  170/ 194
Energy point  180/ 194
Energy point  190/ 194
Done with module: FMS.

MKGTR: Tracing over Green's function ...
Done with module: MKGTR.

Pathfinder: finding scattering paths...
Preparing plane wave scattering amplitudes
Searching for paths
Eliminating path degeneracies
0 paths retained.
Done with module: pathfinder.

Calculating EXAFS parameters ...
Done with module: EXAFS parameters (GENFMT).

Calculating XAS spectra ...
Done with module: XAS spectra (FF2X: DW + final sum over paths).

 
### feff ends at Mon Aug 14 11:29:05 EDT 2023
 
