### feff starts at Sun Aug 13 09:26:08 EDT 2023
### Serial version
### FeffPath is /sdcc/u/mcarbone/software/JFEFF/hsw/feff90/linux
 
Launching FEFF version FEFF 9.9.1
Core hole lifetime is   1.729 eV.
Your calculation:
 comment: None given
 Source:
 Structure Summary:  Y1 Cr4 Cu3 O12
 Reduced formula:  YCr4(CuO4)3
 space group: (Immm), space number:  (71)
 abc:  6.399118   6.399168   6.399110
 angles: 70.423331  70.530237 109.367820
 sites: 20
Cu K edge XANES using RPA corehole.
Using:     * Self-Consistent Field potentials
Using cards:   ATOMS CONTROL EXCHANGE TITLE RPATH POTENTIALS XANES EDGE SCF FMS S02 COREHOLE EGRID

Calculating atomic potentials ...
    overlapped atomic potential and density for unique potential    0
    overlapped atomic potential and density for unique potential    1
    overlapped atomic potential and density for unique potential    2
    overlapped atomic potential and density for unique potential    3
    overlapped atomic potential and density for unique potential    4
Done with module: atomic potentials.

Calculating SCF potentials ...
FEFF-serial using 1 thread.
Muffin tin radii and interstitial parameters [bohr]:
type, norman radius, muffin tin, overlap factor
    0  1.26500E+00  1.16810E+00  1.15000E+00
    1  1.72033E+00  1.67808E+00  1.06241E+00
    2  1.39384E+00  1.28415E+00  1.15000E+00
    3  1.26620E+00  1.16986E+00  1.15000E+00
    4  1.08975E+00  1.01704E+00  1.15000E+00
Core-valence separation energy:  ecv=   -57.000 eV
Initial Fermi level:              mu=    -0.142 eV
SCF ITERATION NUMBER  1
     point #   1  energy = -57.000
FMS for a cluster of  143 atoms around atom type   0
FMS for a cluster of  129 atoms around atom type   1
FMS for a cluster of  128 atoms around atom type   2
FMS for a cluster of  123 atoms around atom type   3
FMS for a cluster of  145 atoms around atom type   4
     point #  20  energy = -45.692
     point #  40  energy = -25.442
     point #  60  energy =  -9.133
     point #  80  energy =  -6.970
New Fermi level:    mu=  -6.877 eV  Charge distance=  1.6759 (partial c.d.=  8.5203)
SCF ITERATION NUMBER  1
     point #   1  energy = -57.000
FMS for a cluster of  143 atoms around atom type   0
FMS for a cluster of  129 atoms around atom type   1
FMS for a cluster of  128 atoms around atom type   2
FMS for a cluster of  123 atoms around atom type   3
FMS for a cluster of  145 atoms around atom type   4
     point #  20  energy = -45.973
     point #  40  energy = -25.924
     point #  60  energy =  -6.877
     point #  80  energy =  -6.786
     point # 100  energy =  -6.289
New Fermi level:    mu=  -6.194 eV  Charge distance=  0.8875 (partial c.d.=  8.8037)
SCF ITERATION NUMBER  1
     point #   1  energy = -57.000
FMS for a cluster of  143 atoms around atom type   0
FMS for a cluster of  129 atoms around atom type   1
FMS for a cluster of  128 atoms around atom type   2
FMS for a cluster of  123 atoms around atom type   3
FMS for a cluster of  145 atoms around atom type   4
     point #  20  energy = -45.823
     point #  40  energy = -25.500
     point #  60  energy =  -6.194
     point #  80  energy =  -6.284
     point # 100  energy = -10.041
     point # 120  energy = -10.087
New Fermi level:    mu= -10.030 eV  Charge distance=  0.2517 (partial c.d.=  3.3943)
SCF ITERATION NUMBER  2
     point #   1  energy = -57.000
     point #  20  energy = -45.768
     point #  40  energy = -25.346
     point #  60  energy = -10.030
New Fermi level:    mu= -10.091 eV  Charge distance=  0.3279 (partial c.d.=  0.7942)
SCF ITERATION NUMBER  3
     point #   1  energy = -57.000
     point #  20  energy = -45.783
     point #  40  energy = -25.387
     point #  60  energy = -10.091
     point #  80  energy =  -9.810
New Fermi level:    mu=  -9.058 eV  Charge distance=  0.2797 (partial c.d.=  0.9787)
SCF ITERATION NUMBER  4
     point #   1  energy = -57.000
     point #  20  energy = -45.780
     point #  40  energy = -25.379
     point #  60  energy =  -9.058
     point #  80  energy =  -9.227
     point # 100  energy = -10.442
New Fermi level:    mu= -10.511 eV  Charge distance=  0.2282 (partial c.d.=  5.4427)
SCF ITERATION NUMBER  5
     point #   1  energy = -57.000
     point #  20  energy = -45.883
     point #  40  energy = -25.671
     point #  60  energy = -10.511
     point #  80  energy = -10.302
New Fermi level:    mu= -10.207 eV  Charge distance=  0.0524 (partial c.d.=  5.4939)
SCF ITERATION NUMBER  6
     point #   1  energy = -57.000
     point #  20  energy = -45.810
     point #  40  energy = -25.465
     point #  60  energy = -10.207
     point #  80  energy =  -9.916
New Fermi level:    mu=  -9.768 eV  Charge distance=  0.0331 (partial c.d.=  0.4535)
SCF ITERATION NUMBER  7
     point #   1  energy = -57.000
     point #  20  energy = -45.946
     point #  40  energy = -25.847
     point #  60  energy =  -9.768
     point #  80  energy =  -9.950
New Fermi level:    mu=  -9.961 eV  Charge distance=  0.0232 (partial c.d.=  0.2977)
SCF ITERATION NUMBER  8
     point #   1  energy = -57.000
     point #  20  energy = -45.751
     point #  40  energy = -25.299
     point #  60  energy =  -9.961
New Fermi level:    mu=  -9.896 eV  Charge distance=  0.0117 (partial c.d.=  0.1655)
SCF ITERATION NUMBER  9
     point #   1  energy = -57.000
     point #  20  energy = -45.976
     point #  40  energy = -25.931
     point #  60  energy =  -9.896
New Fermi level:    mu=  -9.929 eV  Charge distance=  0.0091 (partial c.d.=  0.0830)
SCF ITERATION NUMBER 10
     point #   1  energy = -57.000
     point #  20  energy = -45.744
     point #  40  energy = -25.279
     point #  60  energy =  -9.929
New Fermi level:    mu=  -9.935 eV  Charge distance=  0.0051 (partial c.d.=  0.0164)
SCF ITERATION NUMBER 11
     point #   1  energy = -57.000
     point #  20  energy = -45.745
     point #  40  energy = -25.282
     point #  60  energy =  -9.935
New Fermi level:    mu=  -9.937 eV  Charge distance=  0.0044 (partial c.d.=  0.0077)
SCF ITERATION NUMBER 12
     point #   1  energy = -57.000
     point #  20  energy = -45.746
     point #  40  energy = -25.284
     point #  60  energy =  -9.937
New Fermi level:    mu=  -9.932 eV  Charge distance=  0.0029 (partial c.d.=  0.0061)
SCF ITERATION NUMBER 13
     point #   1  energy = -57.000
     point #  20  energy = -45.745
     point #  40  energy = -25.280
     point #  60  energy =  -9.932
New Fermi level:    mu=  -9.930 eV  Charge distance=  0.0008 (partial c.d.=  0.0040)
SCF ITERATION NUMBER 14
     point #   1  energy = -57.000
     point #  20  energy = -45.744
     point #  40  energy = -25.279
     point #  60  energy =  -9.930
New Fermi level:    mu=  -9.931 eV  Charge distance=  0.0009 (partial c.d.=  0.0012)
SCF ITERATION NUMBER 15
     point #   1  energy = -57.000
     point #  20  energy = -45.744
     point #  40  energy = -25.279
     point #  60  energy =  -9.931
New Fermi level:    mu=  -9.931 eV  Charge distance=  0.0001 (partial c.d.=  0.0010)
SCF ITERATION NUMBER 16
     point #   1  energy = -57.000
     point #  20  energy = -45.744
     point #  40  energy = -25.280
     point #  60  energy =  -9.931
New Fermi level:    mu=  -9.931 eV  Charge distance=  0.0001 (partial c.d.=  0.0001)
Electronic configuration
  type     l     N_el
     0     0    0.475
     0     1    0.560
     0     2    9.258
     0     3    0.000
     1     0    2.300
     1     1    6.456
     1     2    1.332
     1     3    0.000
     2     0    0.469
     2     1    6.788
     2     2    4.627
     2     3    0.000
     3     0    0.475
     3     1    0.560
     3     2    9.259
     3     3    0.000
     4     0    1.838
     4     1    4.371
     4     2    0.083
     4     3    0.000
Charge transfer:  type  charge
       0   -0.707
       1   -0.912
       2   -0.116
       3   -0.706
       4    0.292
Convergence reached in   16 iterations.
Done with module: potentials.

Calculating screened core-hole potential ...
FMS for a cluster of   27 atoms around iph =   0
    0% of energy integration
   20%
   40%
   60%
   80%
  100%
Preparing response function.
Computing (1 - K Chi0)^-1 v_ch
Done with module: screened core-hole potential.

Calculating cross-section and phases ...
    absorption cross section
 x0,dx,rnrm,inrm,jnrm   8.80000000000000       5.000000000000000E-002
   2.39050061599981              194         195
    phase shifts for unique potential    0
    phase shifts for unique potential    1
    phase shifts for unique potential    2
    phase shifts for unique potential    3
    phase shifts for unique potential    4
Done with module: cross-section and phases (XSPH).

FMS calculation of full Green's function ...
FEFF-serial using 1 thread.
Using   194 energy points.
xprep done
FMS for a cluster of  289 atoms
Energy point    1/ 194
Energy point   10/ 194
Energy point   20/ 194
Energy point   30/ 194
Energy point   40/ 194
Energy point   50/ 194
Energy point   60/ 194
Energy point   70/ 194
Energy point   80/ 194
Energy point   90/ 194
Energy point  100/ 194
Energy point  110/ 194
Energy point  120/ 194
Energy point  130/ 194
Energy point  140/ 194
Energy point  150/ 194
Energy point  160/ 194
Energy point  170/ 194
Energy point  180/ 194
Energy point  190/ 194
Done with module: FMS.

MKGTR: Tracing over Green's function ...
Done with module: MKGTR.

Pathfinder: finding scattering paths...
Preparing plane wave scattering amplitudes
Searching for paths
Eliminating path degeneracies
0 paths retained.
Done with module: pathfinder.

Calculating EXAFS parameters ...
Done with module: EXAFS parameters (GENFMT).

Calculating XAS spectra ...
Done with module: XAS spectra (FF2X: DW + final sum over paths).

 
### feff ends at Sun Aug 13 12:54:42 EDT 2023
 
