### feff starts at Mon Aug 14 03:15:09 EDT 2023
### Serial version
### FeffPath is /sdcc/u/mcarbone/software/JFEFF/hsw/feff90/linux
 
Launching FEFF version FEFF 9.9.1
Core hole lifetime is   1.729 eV.
Your calculation:
 comment: None given
 Source:
 Structure Summary:  Zn6 Cu12 O24
 Reduced formula:  Zn(CuO2)2
 space group: (P3m1), space number:  (156)
 abc:  5.919602   5.919630  17.738115
 angles: 59.963001  59.962677  60.045975
 sites: 42
Cu K edge XANES using RPA corehole.
Using:     * Self-Consistent Field potentials
Using cards:   ATOMS CONTROL EXCHANGE TITLE RPATH POTENTIALS XANES EDGE SCF FMS S02 COREHOLE EGRID

Calculating atomic potentials ...
    overlapped atomic potential and density for unique potential    0
    overlapped atomic potential and density for unique potential    1
    overlapped atomic potential and density for unique potential    2
    overlapped atomic potential and density for unique potential    3
Done with module: atomic potentials.

Calculating SCF potentials ...
FEFF-serial using 1 thread.
Muffin tin radii and interstitial parameters [bohr]:
type, norman radius, muffin tin, overlap factor
    0  1.30960E+00  1.19117E+00  1.15000E+00
    1  1.41516E+00  1.33305E+00  1.15000E+00
    2  1.29355E+00  1.22684E+00  1.14532E+00
    3  1.12164E+00  1.05834E+00  1.15000E+00
Core-valence separation energy:  ecv=   -40.000 eV
Initial Fermi level:              mu=     2.077 eV
SCF ITERATION NUMBER  1
     point #   1  energy = -40.000
FMS for a cluster of  149 atoms around atom type   0
FMS for a cluster of  130 atoms around atom type   1
FMS for a cluster of  129 atoms around atom type   2
FMS for a cluster of  145 atoms around atom type   3
     point #  20  energy = -28.948
     point #  40  energy =  -8.698
     point #  60  energy =  -3.273
     point #  80  energy =  -3.320
New Fermi level:    mu=  -3.298 eV  Charge distance=  0.5002 (partial c.d.= 10.3223)
SCF ITERATION NUMBER  1
     point #   1  energy = -40.000
FMS for a cluster of  149 atoms around atom type   0
FMS for a cluster of  130 atoms around atom type   1
FMS for a cluster of  129 atoms around atom type   2
FMS for a cluster of  145 atoms around atom type   3
     point #  20  energy = -28.785
     point #  40  energy =  -8.395
     point #  60  energy =  -3.298
     point #  80  energy =  -4.876
     point # 100  energy =  -8.448
New Fermi level:    mu=  -8.762 eV  Charge distance=  0.1176 (partial c.d.=  2.3631)
SCF ITERATION NUMBER  1
     point #   1  energy = -40.000
FMS for a cluster of  149 atoms around atom type   0
FMS for a cluster of  130 atoms around atom type   1
FMS for a cluster of  129 atoms around atom type   2
FMS for a cluster of  145 atoms around atom type   3
     point #  20  energy = -28.916
     point #  40  energy =  -8.762
     point #  60  energy =  -8.722
     point #  80  energy =  -7.440
New Fermi level:    mu=  -7.708 eV  Charge distance=  0.0636 (partial c.d.=  0.6685)
SCF ITERATION NUMBER  2
     point #   1  energy = -40.000
     point #  20  energy = -28.900
     point #  40  energy =  -8.717
     point #  60  energy =  -7.749
New Fermi level:    mu=  -8.112 eV  Charge distance=  0.0591 (partial c.d.=  0.1709)
SCF ITERATION NUMBER  3
     point #   1  energy = -40.000
     point #  20  energy = -28.685
     point #  40  energy =  -8.112
     point #  60  energy =  -8.043
New Fermi level:    mu=  -7.916 eV  Charge distance=  0.1043 (partial c.d.=  0.3948)
SCF ITERATION NUMBER  4
     point #   1  energy = -40.000
     point #  20  energy = -28.971
     point #  40  energy =  -8.918
     point #  60  energy =  -7.956
New Fermi level:    mu=  -8.389 eV  Charge distance=  0.0541 (partial c.d.=  0.7111)
SCF ITERATION NUMBER  5
     point #   1  energy = -40.000
     point #  20  energy = -28.783
     point #  40  energy =  -8.389
New Fermi level:    mu=  -8.405 eV  Charge distance=  0.0231 (partial c.d.=  0.5680)
SCF ITERATION NUMBER  6
     point #   1  energy = -40.000
     point #  20  energy = -28.789
     point #  40  energy =  -8.405
     point #  60  energy =  -8.336
New Fermi level:    mu=  -8.282 eV  Charge distance=  0.0110 (partial c.d.=  0.4071)
SCF ITERATION NUMBER  7
     point #   1  energy = -40.000
     point #  20  energy = -28.745
     point #  40  energy =  -8.282
New Fermi level:    mu=  -8.292 eV  Charge distance=  0.0104 (partial c.d.=  0.1024)
SCF ITERATION NUMBER  8
     point #   1  energy = -40.000
     point #  20  energy = -28.749
     point #  40  energy =  -8.292
New Fermi level:    mu=  -8.283 eV  Charge distance=  0.0017 (partial c.d.=  0.0775)
SCF ITERATION NUMBER  9
     point #   1  energy = -40.000
     point #  20  energy = -28.746
     point #  40  energy =  -8.283
New Fermi level:    mu=  -8.282 eV  Charge distance=  0.0051 (partial c.d.=  0.0016)
SCF ITERATION NUMBER 10
     point #   1  energy = -40.000
     point #  20  energy = -28.745
     point #  40  energy =  -8.282
New Fermi level:    mu=  -8.265 eV  Charge distance=  0.0011 (partial c.d.=  0.0070)
SCF ITERATION NUMBER 11
     point #   1  energy = -40.000
     point #  20  energy = -28.739
     point #  40  energy =  -8.265
New Fermi level:    mu=  -8.267 eV  Charge distance=  0.0007 (partial c.d.=  0.0143)
SCF ITERATION NUMBER 12
     point #   1  energy = -40.000
     point #  20  energy = -28.740
     point #  40  energy =  -8.267
New Fermi level:    mu=  -8.268 eV  Charge distance=  0.0001 (partial c.d.=  0.0024)
SCF ITERATION NUMBER 13
     point #   1  energy = -40.000
     point #  20  energy = -28.740
     point #  40  energy =  -8.268
New Fermi level:    mu=  -8.268 eV  Charge distance=  0.0001 (partial c.d.=  0.0004)
SCF ITERATION NUMBER 14
     point #   1  energy = -40.000
     point #  20  energy = -28.740
     point #  40  energy =  -8.268
New Fermi level:    mu=  -8.268 eV  Charge distance=  0.0001 (partial c.d.=  0.0002)
SCF ITERATION NUMBER 15
     point #   1  energy = -40.000
     point #  20  energy = -28.740
     point #  40  energy =  -8.268
New Fermi level:    mu=  -8.268 eV  Charge distance=  0.0000 (partial c.d.=  0.0001)
Electronic configuration
  type     l     N_el
     0     0    0.526
     0     1    0.689
     0     2    9.361
     0     3    0.000
     1     0    0.714
     1     1    0.930
     1     2   10.337
     1     3    0.000
     2     0    0.476
     2     1    0.643
     2     2    9.341
     2     3    0.000
     3     0    1.881
     3     1    4.305
     3     2    0.088
     3     3    0.000
Charge transfer:  type  charge
       0   -0.424
       1   -0.018
       2   -0.539
       3    0.274
Convergence reached in   15 iterations.
Done with module: potentials.

Calculating screened core-hole potential ...
FMS for a cluster of   33 atoms around iph =   0
    0% of energy integration
   20%
   40%
   60%
   80%
  100%
Preparing response function.
Computing (1 - K Chi0)^-1 v_ch
Done with module: screened core-hole potential.

Calculating cross-section and phases ...
    absorption cross section
 x0,dx,rnrm,inrm,jnrm   8.80000000000000       5.000000000000000E-002
   2.47479454600019              195         196
    phase shifts for unique potential    0
    phase shifts for unique potential    1
    phase shifts for unique potential    2
    phase shifts for unique potential    3
Done with module: cross-section and phases (XSPH).

FMS calculation of full Green's function ...
FEFF-serial using 1 thread.
Using   194 energy points.
xprep done
FMS for a cluster of  273 atoms
Energy point    1/ 194
Energy point   10/ 194
Energy point   20/ 194
Energy point   30/ 194
Energy point   40/ 194
Energy point   50/ 194
Energy point   60/ 194
Energy point   70/ 194
Energy point   80/ 194
Energy point   90/ 194
Energy point  100/ 194
Energy point  110/ 194
Energy point  120/ 194
Energy point  130/ 194
Energy point  140/ 194
Energy point  150/ 194
Energy point  160/ 194
Energy point  170/ 194
Energy point  180/ 194
Energy point  190/ 194
Done with module: FMS.

MKGTR: Tracing over Green's function ...
Done with module: MKGTR.

Pathfinder: finding scattering paths...
Preparing plane wave scattering amplitudes
Searching for paths
Eliminating path degeneracies
0 paths retained.
Done with module: pathfinder.

Calculating EXAFS parameters ...
Done with module: EXAFS parameters (GENFMT).

Calculating XAS spectra ...
Done with module: XAS spectra (FF2X: DW + final sum over paths).

 
### feff ends at Mon Aug 14 05:45:07 EDT 2023
 
