### feff starts at Sun Aug 13 14:51:19 EDT 2023
### Serial version
### FeffPath is /sdcc/u/mcarbone/software/JFEFF/hsw/feff90/linux
 
Launching FEFF version FEFF 9.9.1
Resetting lmaxsc to 2 for iph =    3.  Use  UNFREEZE to prevent this.
Core hole lifetime is   1.729 eV.
Your calculation:
 comment: None given
 Source:
 Structure Summary:  Ca6 Cu2 Ir2 O12
 Reduced formula:  Ca3CuIrO6
 space group: (C2/c), space number:  (15)
 abc:  6.538677   6.538677   6.510878
 angles: 89.972414  89.972414  91.189807
 sites: 22
Cu K edge XANES using RPA corehole.
Using:     * Self-Consistent Field potentials
Using cards:   ATOMS CONTROL EXCHANGE TITLE RPATH POTENTIALS XANES EDGE SCF FMS S02 COREHOLE EGRID

Calculating atomic potentials ...
    overlapped atomic potential and density for unique potential    0
    overlapped atomic potential and density for unique potential    1
    overlapped atomic potential and density for unique potential    2
    overlapped atomic potential and density for unique potential    3
    overlapped atomic potential and density for unique potential    4
Done with module: atomic potentials.

Calculating SCF potentials ...
FEFF-serial using 1 thread.
Muffin tin radii and interstitial parameters [bohr]:
type, norman radius, muffin tin, overlap factor
    0  1.31360E+00  1.24986E+00  1.13506E+00
    1  1.69730E+00  1.63144E+00  1.10398E+00
    2  1.31405E+00  1.25023E+00  1.13522E+00
    3  1.41612E+00  1.31975E+00  1.15000E+00
    4  1.08724E+00  1.03580E+00  1.13107E+00
Core-valence separation energy:  ecv=   -40.000 eV
Initial Fermi level:              mu=    -2.739 eV
SCF ITERATION NUMBER  1
     point #   1  energy = -40.000
FMS for a cluster of  117 atoms around atom type   0
FMS for a cluster of  111 atoms around atom type   1
FMS for a cluster of   88 atoms around atom type   2
FMS for a cluster of  113 atoms around atom type   3
FMS for a cluster of  114 atoms around atom type   4
     point #  20  energy = -28.906
     point #  40  energy = -10.790
     point #  60  energy =  -8.862
     point #  80  energy =  -7.615
New Fermi level:    mu=  -7.537 eV  Charge distance=  1.6432 (partial c.d.=  7.7587)
SCF ITERATION NUMBER  1
     point #   1  energy = -40.000
FMS for a cluster of  117 atoms around atom type   0
FMS for a cluster of  111 atoms around atom type   1
FMS for a cluster of   88 atoms around atom type   2
FMS for a cluster of  113 atoms around atom type   3
FMS for a cluster of  114 atoms around atom type   4
     point #  20  energy = -28.841
     point #  40  energy =  -8.552
     point #  60  energy =  -7.578
     point #  80  energy = -10.450
     point # 100  energy = -10.268
New Fermi level:    mu= -10.198 eV  Charge distance=  0.5660 (partial c.d.=  8.5325)
SCF ITERATION NUMBER  1
     point #   1  energy = -40.000
FMS for a cluster of  117 atoms around atom type   0
FMS for a cluster of  111 atoms around atom type   1
FMS for a cluster of   88 atoms around atom type   2
FMS for a cluster of  113 atoms around atom type   3
FMS for a cluster of  114 atoms around atom type   4
     point #  20  energy = -28.696
     point #  40  energy = -10.198
     point #  60  energy = -10.123
New Fermi level:    mu= -10.100 eV  Charge distance=  0.2799 (partial c.d.=  1.1301)
SCF ITERATION NUMBER  2
     point #   1  energy = -40.000
     point #  20  energy = -29.037
     point #  40  energy = -10.100
     point #  60  energy = -10.172
     point #  80  energy = -10.300
     point # 100  energy = -10.050
New Fermi level:    mu=  -9.820 eV  Charge distance=  0.4119 (partial c.d.=  0.2729)
SCF ITERATION NUMBER  3
     point #   1  energy = -40.000
     point #  20  energy = -28.934
     point #  40  energy =  -9.820
     point #  60  energy =  -9.730
     point #  80  energy =  -8.273
New Fermi level:    mu=  -8.244 eV  Charge distance=  0.4521 (partial c.d.=  4.3720)
SCF ITERATION NUMBER  4
     point #   1  energy = -40.000
     point #  20  energy = -28.732
     point #  40  energy =  -8.244
     point #  60  energy =  -8.284
     point #  80  energy = -11.078
     point # 100  energy = -10.206
     point # 120  energy =  -9.953
     point # 140  energy =  -9.703
New Fermi level:    mu=  -9.703 eV  Charge distance=  0.0449 (partial c.d.=  4.4990)
SCF ITERATION NUMBER  5
     point #   1  energy = -40.000
     point #  20  energy = -28.891
     point #  40  energy =  -9.703
New Fermi level:    mu=  -9.660 eV  Charge distance=  0.1222 (partial c.d.=  0.0315)
SCF ITERATION NUMBER  6
     point #   1  energy = -40.000
     point #  20  energy = -28.875
     point #  40  energy =  -9.660
     point #  60  energy =  -9.598
New Fermi level:    mu=  -9.580 eV  Charge distance=  0.0550 (partial c.d.=  0.1814)
SCF ITERATION NUMBER  7
     point #   1  energy = -40.000
     point #  20  energy = -28.846
     point #  40  energy =  -9.580
New Fermi level:    mu=  -9.551 eV  Charge distance=  0.0730 (partial c.d.=  0.1048)
SCF ITERATION NUMBER  8
     point #   1  energy = -40.000
     point #  20  energy = -28.835
     point #  40  energy =  -9.551
New Fermi level:    mu=  -9.514 eV  Charge distance=  0.0153 (partial c.d.=  0.1288)
SCF ITERATION NUMBER  9
     point #   1  energy = -40.000
     point #  20  energy = -28.822
     point #  40  energy =  -9.514
New Fermi level:    mu=  -9.519 eV  Charge distance=  0.0417 (partial c.d.=  0.0095)
SCF ITERATION NUMBER 10
     point #   1  energy = -40.000
     point #  20  energy = -28.824
     point #  40  energy =  -9.519
New Fermi level:    mu=  -9.504 eV  Charge distance=  0.0014 (partial c.d.=  0.0389)
SCF ITERATION NUMBER 11
     point #   1  energy = -40.000
     point #  20  energy = -28.818
     point #  40  energy =  -9.504
New Fermi level:    mu=  -9.504 eV  Charge distance=  0.0009 (partial c.d.=  0.0084)
SCF ITERATION NUMBER 12
     point #   1  energy = -40.000
     point #  20  energy = -28.818
     point #  40  energy =  -9.504
New Fermi level:    mu=  -9.502 eV  Charge distance=  0.0005 (partial c.d.=  0.0018)
SCF ITERATION NUMBER 13
     point #   1  energy = -40.000
     point #  20  energy = -28.817
     point #  40  energy =  -9.502
New Fermi level:    mu=  -9.501 eV  Charge distance=  0.0002 (partial c.d.=  0.0004)
SCF ITERATION NUMBER 14
     point #   1  energy = -40.000
     point #  20  energy = -28.817
     point #  40  energy =  -9.501
New Fermi level:    mu=  -9.500 eV  Charge distance=  0.0001 (partial c.d.=  0.0005)
SCF ITERATION NUMBER 15
     point #   1  energy = -40.000
     point #  20  energy = -28.817
     point #  40  energy =  -9.500
New Fermi level:    mu=  -9.500 eV  Charge distance=  0.0001 (partial c.d.=  0.0007)
SCF ITERATION NUMBER 16
     point #   1  energy = -40.000
     point #  20  energy = -28.817
     point #  40  energy =  -9.500
New Fermi level:    mu=  -9.500 eV  Charge distance=  0.0000 (partial c.d.=  0.0003)
SCF ITERATION NUMBER 17
     point #   1  energy = -40.000
     point #  20  energy = -28.817
     point #  40  energy =  -9.500
New Fermi level:    mu=  -9.500 eV  Charge distance=  0.0000 (partial c.d.=  0.0001)
Electronic configuration
  type     l     N_el
     0     0    0.470
     0     1    0.528
     0     2    9.503
     0     3    0.000
     1     0    0.318
     1     1    6.480
     1     2    0.928
     1     3    0.000
     2     0    0.471
     2     1    0.534
     2     2    9.501
     2     3    0.000
     3     0    0.593
     3     1    0.790
     3     2    7.095
     3     3    0.000
     4     0    1.835
     4     1    4.403
     4     2    0.069
     4     3    0.000
Charge transfer:  type  charge
       0   -0.499
       1   -0.275
       2   -0.494
       3   -0.521
       4    0.307
Convergence reached in   17 iterations.
Done with module: potentials.

Calculating screened core-hole potential ...
FMS for a cluster of   20 atoms around iph =   0
    0% of energy integration
   20%
   40%
   60%
   80%
  100%
Preparing response function.
Computing (1 - K Chi0)^-1 v_ch
Done with module: screened core-hole potential.

Calculating cross-section and phases ...
    absorption cross section
 x0,dx,rnrm,inrm,jnrm   8.80000000000000       5.000000000000000E-002
   2.48234223599986              195         196
    phase shifts for unique potential    0
    phase shifts for unique potential    1
    phase shifts for unique potential    2
    phase shifts for unique potential    3
    phase shifts for unique potential    4
Done with module: cross-section and phases (XSPH).

FMS calculation of full Green's function ...
FEFF-serial using 1 thread.
Using   194 energy points.
xprep done
FMS for a cluster of  239 atoms
Energy point    1/ 194
Energy point   10/ 194
Energy point   20/ 194
Energy point   30/ 194
Energy point   40/ 194
Energy point   50/ 194
Energy point   60/ 194
Energy point   70/ 194
Energy point   80/ 194
Energy point   90/ 194
Energy point  100/ 194
Energy point  110/ 194
Energy point  120/ 194
Energy point  130/ 194
Energy point  140/ 194
Energy point  150/ 194
Energy point  160/ 194
Energy point  170/ 194
Energy point  180/ 194
Energy point  190/ 194
Done with module: FMS.

MKGTR: Tracing over Green's function ...
Done with module: MKGTR.

Pathfinder: finding scattering paths...
Preparing plane wave scattering amplitudes
Searching for paths
Eliminating path degeneracies
0 paths retained.
Done with module: pathfinder.

Calculating EXAFS parameters ...
Done with module: EXAFS parameters (GENFMT).

Calculating XAS spectra ...
Done with module: XAS spectra (FF2X: DW + final sum over paths).

 
### feff ends at Sun Aug 13 16:43:05 EDT 2023
 
