### feff starts at Mon Aug 14 04:46:34 EDT 2023
### Serial version
### FeffPath is /sdcc/u/mcarbone/software/JFEFF/hsw/feff90/linux
 
Launching FEFF version FEFF 9.9.1
Core hole lifetime is   1.729 eV.
Your calculation:
 comment: None given
 Source:
 Structure Summary:  Ti1 Cu3 P4 O16
 Reduced formula:  TiCu3(PO4)4
 space group: (Pm), space number:  (6)
 abc:  6.018369   5.087425   9.873453
 angles: 89.182363  90.000000  90.000000
 sites: 24
Cu K edge XANES using RPA corehole.
Using:     * Self-Consistent Field potentials
Using cards:   ATOMS CONTROL EXCHANGE TITLE RPATH POTENTIALS XANES EDGE SCF FMS S02 COREHOLE EGRID

Calculating atomic potentials ...
    overlapped atomic potential and density for unique potential    0
    overlapped atomic potential and density for unique potential    1
    overlapped atomic potential and density for unique potential    2
    overlapped atomic potential and density for unique potential    3
    overlapped atomic potential and density for unique potential    4
Done with module: atomic potentials.

Calculating SCF potentials ...
FEFF-serial using 1 thread.
Muffin tin radii and interstitial parameters [bohr]:
type, norman radius, muffin tin, overlap factor
    0  1.28497E+00  1.18913E+00  1.15000E+00
    1  1.42672E+00  1.30952E+00  1.15000E+00
    2  1.28872E+00  1.19419E+00  1.15000E+00
    3  1.15364E+00  9.36041E-01  1.15000E+00
    4  1.04348E+00  8.85422E-01  1.15000E+00
Core-valence separation energy:  ecv=   -46.500 eV
Initial Fermi level:              mu=     6.639 eV
SCF ITERATION NUMBER  1
     point #   1  energy = -46.500
FMS for a cluster of  124 atoms around atom type   0
FMS for a cluster of   90 atoms around atom type   1
FMS for a cluster of  101 atoms around atom type   2
FMS for a cluster of  113 atoms around atom type   3
FMS for a cluster of  110 atoms around atom type   4
     point #  20  energy = -35.287
     point #  40  energy = -15.037
     point #  60  energy =  -4.706
     point #  80  energy =  -4.022
New Fermi level:    mu=  -4.096 eV  Charge distance=  1.0447 (partial c.d.=  7.9877)
SCF ITERATION NUMBER  1
     point #   1  energy = -46.500
FMS for a cluster of  124 atoms around atom type   0
FMS for a cluster of   90 atoms around atom type   1
FMS for a cluster of  101 atoms around atom type   2
FMS for a cluster of  113 atoms around atom type   3
FMS for a cluster of  110 atoms around atom type   4
     point #  20  energy = -35.394
     point #  40  energy = -15.202
     point #  60  energy =  -4.096
     point #  80  energy =  -4.730
     point # 100  energy =  -7.808
New Fermi level:    mu=  -7.496 eV  Charge distance=  0.5816 (partial c.d.=  6.8599)
SCF ITERATION NUMBER  1
     point #   1  energy = -46.500
FMS for a cluster of  124 atoms around atom type   0
FMS for a cluster of   90 atoms around atom type   1
FMS for a cluster of  101 atoms around atom type   2
FMS for a cluster of  113 atoms around atom type   3
FMS for a cluster of  110 atoms around atom type   4
     point #  20  energy = -35.499
     point #  40  energy = -15.497
     point #  60  energy =  -7.496
     point #  80  energy =  -7.280
New Fermi level:    mu=  -7.298 eV  Charge distance=  0.3863 (partial c.d.=  0.3011)
SCF ITERATION NUMBER  2
     point #   1  energy = -46.500
     point #  20  energy = -35.443
     point #  40  energy = -15.339
     point #  60  energy =  -7.298
     point #  80  energy =  -6.504
New Fermi level:    mu=  -6.674 eV  Charge distance=  0.2978 (partial c.d.=  0.6906)
SCF ITERATION NUMBER  3
     point #   1  energy = -46.500
     point #  20  energy = -35.267
     point #  40  energy = -14.844
     point #  60  energy =  -6.674
     point #  80  energy =  -7.262
New Fermi level:    mu=  -7.282 eV  Charge distance=  0.2758 (partial c.d.=  3.9539)
SCF ITERATION NUMBER  4
     point #   1  energy = -46.500
     point #  20  energy = -35.439
     point #  40  energy = -15.327
     point #  60  energy =  -7.282
     point #  80  energy =  -7.067
New Fermi level:    mu=  -7.101 eV  Charge distance=  0.0742 (partial c.d.=  4.0537)
SCF ITERATION NUMBER  5
     point #   1  energy = -46.500
     point #  20  energy = -35.387
     point #  40  energy = -15.183
     point #  60  energy =  -7.101
New Fermi level:    mu=  -7.063 eV  Charge distance=  0.1206 (partial c.d.=  0.1122)
SCF ITERATION NUMBER  6
     point #   1  energy = -46.500
     point #  20  energy = -35.377
     point #  40  energy = -15.153
     point #  60  energy =  -7.063
New Fermi level:    mu=  -7.082 eV  Charge distance=  0.0160 (partial c.d.=  0.5018)
SCF ITERATION NUMBER  7
     point #   1  energy = -46.500
     point #  20  energy = -35.382
     point #  40  energy = -15.167
     point #  60  energy =  -7.082
New Fermi level:    mu=  -7.081 eV  Charge distance=  0.0099 (partial c.d.=  0.1740)
SCF ITERATION NUMBER  8
     point #   1  energy = -46.500
     point #  20  energy = -35.382
     point #  40  energy = -15.167
     point #  60  energy =  -7.081
New Fermi level:    mu=  -7.101 eV  Charge distance=  0.0044 (partial c.d.=  0.1453)
SCF ITERATION NUMBER  9
     point #   1  energy = -46.500
     point #  20  energy = -35.388
     point #  40  energy = -15.183
     point #  60  energy =  -7.101
New Fermi level:    mu=  -7.099 eV  Charge distance=  0.0021 (partial c.d.=  0.0359)
SCF ITERATION NUMBER 10
     point #   1  energy = -46.500
     point #  20  energy = -35.387
     point #  40  energy = -15.181
     point #  60  energy =  -7.099
New Fermi level:    mu=  -7.098 eV  Charge distance=  0.0021 (partial c.d.=  0.0090)
SCF ITERATION NUMBER 11
     point #   1  energy = -46.500
     point #  20  energy = -35.387
     point #  40  energy = -15.181
     point #  60  energy =  -7.098
New Fermi level:    mu=  -7.098 eV  Charge distance=  0.0094 (partial c.d.=  0.0067)
SCF ITERATION NUMBER 12
     point #   1  energy = -46.500
     point #  20  energy = -35.387
     point #  40  energy = -15.181
     point #  60  energy =  -7.098
New Fermi level:    mu=  -7.096 eV  Charge distance=  0.0023 (partial c.d.=  0.0202)
SCF ITERATION NUMBER 13
     point #   1  energy = -46.500
     point #  20  energy = -35.386
     point #  40  energy = -15.179
     point #  60  energy =  -7.096
New Fermi level:    mu=  -7.094 eV  Charge distance=  0.0004 (partial c.d.=  0.0046)
SCF ITERATION NUMBER 14
     point #   1  energy = -46.500
     point #  20  energy = -35.385
     point #  40  energy = -15.177
     point #  60  energy =  -7.094
New Fermi level:    mu=  -7.094 eV  Charge distance=  0.0003 (partial c.d.=  0.0046)
SCF ITERATION NUMBER 15
     point #   1  energy = -46.500
     point #  20  energy = -35.385
     point #  40  energy = -15.177
     point #  60  energy =  -7.094
New Fermi level:    mu=  -7.094 eV  Charge distance=  0.0001 (partial c.d.=  0.0016)
SCF ITERATION NUMBER 16
     point #   1  energy = -46.500
     point #  20  energy = -35.385
     point #  40  energy = -15.177
     point #  60  energy =  -7.094
New Fermi level:    mu=  -7.094 eV  Charge distance=  0.0001 (partial c.d.=  0.0004)
SCF ITERATION NUMBER 17
     point #   1  energy = -46.500
     point #  20  energy = -35.385
     point #  40  energy = -15.177
     point #  60  energy =  -7.094
New Fermi level:    mu=  -7.094 eV  Charge distance=  0.0001 (partial c.d.=  0.0001)
Electronic configuration
  type     l     N_el
     0     0    0.486
     0     1    0.657
     0     2    9.443
     0     3    0.000
     1     0    0.447
     1     1    6.757
     1     2    2.716
     1     3    0.000
     2     0    0.484
     2     1    0.657
     2     2    9.453
     2     3    0.000
     3     0    1.186
     3     1    2.050
     3     2    1.041
     3     3    0.000
     4     0    1.824
     4     1    4.358
     4     2    0.080
     4     3    0.000
Charge transfer:  type  charge
       0   -0.414
       1   -0.080
       2   -0.405
       3   -0.722
       4    0.262
Convergence reached in   17 iterations.
Done with module: potentials.

Calculating screened core-hole potential ...
FMS for a cluster of   19 atoms around iph =   0
    0% of energy integration
   20%
   40%
   60%
   80%
  100%
Preparing response function.
Computing (1 - K Chi0)^-1 v_ch
Done with module: screened core-hole potential.

Calculating cross-section and phases ...
    absorption cross section
 x0,dx,rnrm,inrm,jnrm   8.80000000000000       5.000000000000000E-002
   2.42823944800019              194         195
    phase shifts for unique potential    0
    phase shifts for unique potential    1
    phase shifts for unique potential    2
    phase shifts for unique potential    3
    phase shifts for unique potential    4
Done with module: cross-section and phases (XSPH).

FMS calculation of full Green's function ...
FEFF-serial using 1 thread.
Using   194 energy points.
xprep done
FMS for a cluster of  236 atoms
Energy point    1/ 194
Energy point   10/ 194
Energy point   20/ 194
Energy point   30/ 194
Energy point   40/ 194
Energy point   50/ 194
Energy point   60/ 194
Energy point   70/ 194
Energy point   80/ 194
Energy point   90/ 194
Energy point  100/ 194
Energy point  110/ 194
Energy point  120/ 194
Energy point  130/ 194
Energy point  140/ 194
Energy point  150/ 194
Energy point  160/ 194
Energy point  170/ 194
Energy point  180/ 194
Energy point  190/ 194
Done with module: FMS.

MKGTR: Tracing over Green's function ...
Done with module: MKGTR.

Pathfinder: finding scattering paths...
Preparing plane wave scattering amplitudes
Searching for paths
Eliminating path degeneracies
0 paths retained.
Done with module: pathfinder.

Calculating EXAFS parameters ...
Done with module: EXAFS parameters (GENFMT).

Calculating XAS spectra ...
Done with module: XAS spectra (FF2X: DW + final sum over paths).

 
### feff ends at Mon Aug 14 06:41:07 EDT 2023
 
