### feff starts at Sun Aug 13 17:05:17 EDT 2023
### Serial version
### FeffPath is /sdcc/u/mcarbone/software/JFEFF/hsw/feff90/linux
 
Launching FEFF version FEFF 9.9.1
Core hole lifetime is   1.729 eV.
Your calculation:
 comment: None given
 Source:
 Structure Summary:  Ca2 Cu9 O13
 Reduced formula:  Ca2Cu9O13
 space group: (C2/m), space number:  (12)
 abc:  5.185581   5.185581  16.398129
 angles: 81.889362  81.889362  34.517112
 sites: 24
Cu K edge XANES using RPA corehole.
Using:     * Self-Consistent Field potentials
Using cards:   ATOMS CONTROL EXCHANGE TITLE RPATH POTENTIALS XANES EDGE SCF FMS S02 COREHOLE EGRID

Calculating atomic potentials ...
    overlapped atomic potential and density for unique potential    0
    overlapped atomic potential and density for unique potential    1
    overlapped atomic potential and density for unique potential    2
    overlapped atomic potential and density for unique potential    3
Done with module: atomic potentials.

Calculating SCF potentials ...
FEFF-serial using 1 thread.
Muffin tin radii and interstitial parameters [bohr]:
type, norman radius, muffin tin, overlap factor
    0  1.30957E+00  1.24009E+00  1.15000E+00
    1  1.68086E+00  1.60577E+00  1.12247E+00
    2  1.30957E+00  1.24009E+00  1.15000E+00
    3  1.11432E+00  1.05750E+00  1.14333E+00
Core-valence separation energy:  ecv=   -40.000 eV
Initial Fermi level:              mu=    -0.173 eV
SCF ITERATION NUMBER  1
     point #   1  energy = -40.000
FMS for a cluster of  140 atoms around atom type   0
FMS for a cluster of  137 atoms around atom type   1
FMS for a cluster of  132 atoms around atom type   2
FMS for a cluster of  139 atoms around atom type   3
     point #  20  energy = -28.793
     point #  40  energy =  -8.543
     point #  60  energy =  -4.343
     point #  80  energy =  -4.327
New Fermi level:    mu=  -4.396 eV  Charge distance=  1.3008 (partial c.d.=  7.2238)
SCF ITERATION NUMBER  1
     point #   1  energy = -40.000
FMS for a cluster of  140 atoms around atom type   0
FMS for a cluster of  137 atoms around atom type   1
FMS for a cluster of  132 atoms around atom type   2
FMS for a cluster of  139 atoms around atom type   3
     point #  20  energy = -28.810
     point #  40  energy =  -8.465
     point #  60  energy =  -4.396
     point #  80  energy =  -5.974
     point # 100  energy = -10.477
New Fermi level:    mu= -11.168 eV  Charge distance=  0.3437 (partial c.d.=  6.4136)
SCF ITERATION NUMBER  1
     point #   1  energy = -40.000
FMS for a cluster of  140 atoms around atom type   0
FMS for a cluster of  137 atoms around atom type   1
FMS for a cluster of  132 atoms around atom type   2
FMS for a cluster of  139 atoms around atom type   3
     point #  20  energy = -28.673
     point #  40  energy = -11.168
     point #  60  energy = -10.999
     point #  80  energy =  -9.356
New Fermi level:    mu=  -9.606 eV  Charge distance=  0.2603 (partial c.d.=  0.6372)
SCF ITERATION NUMBER  2
     point #   1  energy = -40.000
     point #  20  energy = -28.855
     point #  40  energy =  -9.606
     point #  60  energy =  -9.543
New Fermi level:    mu=  -9.494 eV  Charge distance=  0.7807 (partial c.d.=  0.0934)
SCF ITERATION NUMBER  3
     point #   1  energy = -40.000
     point #  20  energy = -28.815
     point #  40  energy =  -9.494
     point #  60  energy =  -9.404
     point #  80  energy =  -8.916
New Fermi level:    mu=  -8.930 eV  Charge distance=  0.1224 (partial c.d.=  0.5713)
SCF ITERATION NUMBER  4
     point #   1  energy = -40.000
     point #  20  energy = -28.975
     point #  40  energy =  -8.930
     point #  60  energy =  -8.970
New Fermi level:    mu=  -9.301 eV  Charge distance=  0.1019 (partial c.d.=  2.6296)
SCF ITERATION NUMBER  5
     point #   1  energy = -40.000
     point #  20  energy = -28.744
     point #  40  energy =  -9.301
New Fermi level:    mu=  -9.321 eV  Charge distance=  0.0266 (partial c.d.=  2.1771)
SCF ITERATION NUMBER  6
     point #   1  energy = -40.000
     point #  20  energy = -28.751
     point #  40  energy =  -9.321
New Fermi level:    mu=  -9.368 eV  Charge distance=  0.0280 (partial c.d.=  0.0498)
SCF ITERATION NUMBER  7
     point #   1  energy = -40.000
     point #  20  energy = -28.768
     point #  40  energy =  -9.368
     point #  60  energy =  -9.430
New Fermi level:    mu=  -9.475 eV  Charge distance=  0.0086 (partial c.d.=  0.1604)
SCF ITERATION NUMBER  8
     point #   1  energy = -40.000
     point #  20  energy = -28.808
     point #  40  energy =  -9.475
New Fermi level:    mu=  -9.461 eV  Charge distance=  0.0020 (partial c.d.=  0.0876)
SCF ITERATION NUMBER  9
     point #   1  energy = -40.000
     point #  20  energy = -28.802
     point #  40  energy =  -9.461
New Fermi level:    mu=  -9.456 eV  Charge distance=  0.0058 (partial c.d.=  0.0041)
SCF ITERATION NUMBER 10
     point #   1  energy = -40.000
     point #  20  energy = -28.800
     point #  40  energy =  -9.456
New Fermi level:    mu=  -9.432 eV  Charge distance=  0.0013 (partial c.d.=  0.0060)
SCF ITERATION NUMBER 11
     point #   1  energy = -40.000
     point #  20  energy = -28.792
     point #  40  energy =  -9.432
New Fermi level:    mu=  -9.430 eV  Charge distance=  0.0013 (partial c.d.=  0.0143)
SCF ITERATION NUMBER 12
     point #   1  energy = -40.000
     point #  20  energy = -28.791
     point #  40  energy =  -9.430
New Fermi level:    mu=  -9.432 eV  Charge distance=  0.0004 (partial c.d.=  0.0040)
SCF ITERATION NUMBER 13
     point #   1  energy = -40.000
     point #  20  energy = -28.792
     point #  40  energy =  -9.432
New Fermi level:    mu=  -9.432 eV  Charge distance=  0.0003 (partial c.d.=  0.0008)
SCF ITERATION NUMBER 14
     point #   1  energy = -40.000
     point #  20  energy = -28.792
     point #  40  energy =  -9.432
New Fermi level:    mu=  -9.432 eV  Charge distance=  0.0001 (partial c.d.=  0.0001)
Electronic configuration
  type     l     N_el
     0     0    0.469
     0     1    0.604
     0     2    9.311
     0     3    0.000
     1     0    0.371
     1     1    6.580
     1     2    1.127
     1     3    0.000
     2     0    0.468
     2     1    0.604
     2     2    9.312
     2     3    0.000
     3     0    1.859
     3     1    4.485
     3     2    0.071
     3     3    0.000
Charge transfer:  type  charge
       0   -0.615
       1    0.078
       2   -0.615
       3    0.415
Convergence reached in   14 iterations.
Done with module: potentials.

Calculating screened core-hole potential ...
FMS for a cluster of   27 atoms around iph =   0
    0% of energy integration
   20%
   40%
   60%
   80%
  100%
Preparing response function.
Computing (1 - K Chi0)^-1 v_ch
Done with module: screened core-hole potential.

Calculating cross-section and phases ...
    absorption cross section
 x0,dx,rnrm,inrm,jnrm   8.80000000000000       5.000000000000000E-002
   2.47472886600018              195         196
    phase shifts for unique potential    0
    phase shifts for unique potential    1
    phase shifts for unique potential    2
    phase shifts for unique potential    3
Done with module: cross-section and phases (XSPH).

FMS calculation of full Green's function ...
FEFF-serial using 1 thread.
Using   194 energy points.
xprep done
FMS for a cluster of  290 atoms
Energy point    1/ 194
Energy point   10/ 194
Energy point   20/ 194
Energy point   30/ 194
Energy point   40/ 194
Energy point   50/ 194
Energy point   60/ 194
Energy point   70/ 194
Energy point   80/ 194
Energy point   90/ 194
Energy point  100/ 194
Energy point  110/ 194
Energy point  120/ 194
Energy point  130/ 194
Energy point  140/ 194
Energy point  150/ 194
Energy point  160/ 194
Energy point  170/ 194
Energy point  180/ 194
Energy point  190/ 194
Done with module: FMS.

MKGTR: Tracing over Green's function ...
Done with module: MKGTR.

Pathfinder: finding scattering paths...
Preparing plane wave scattering amplitudes
Searching for paths
Eliminating path degeneracies
0 paths retained.
Done with module: pathfinder.

Calculating EXAFS parameters ...
Done with module: EXAFS parameters (GENFMT).

Calculating XAS spectra ...
Done with module: XAS spectra (FF2X: DW + final sum over paths).

 
### feff ends at Sun Aug 13 19:45:14 EDT 2023
 
