### feff starts at Sun Aug 13 09:26:11 EDT 2023
### Serial version
### FeffPath is /sdcc/u/mcarbone/software/JFEFF/hsw/feff90/linux
 
Launching FEFF version FEFF 9.9.1
Core hole lifetime is   1.729 eV.
Your calculation:
 comment: None given
 Source:
 Structure Summary:  Mn12 Cu6 O24
 Reduced formula:  Mn2CuO4
 space group: (P3m1), space number:  (156)
 abc:  6.059051   6.059052  18.130236
 angles: 59.914360  59.914356  59.999995
 sites: 42
Cu K edge XANES using RPA corehole.
Using:     * Self-Consistent Field potentials
Using cards:   ATOMS CONTROL EXCHANGE TITLE RPATH POTENTIALS XANES EDGE SCF FMS S02 COREHOLE EGRID

Calculating atomic potentials ...
    overlapped atomic potential and density for unique potential    0
    overlapped atomic potential and density for unique potential    1
    overlapped atomic potential and density for unique potential    2
    overlapped atomic potential and density for unique potential    3
Done with module: atomic potentials.

Calculating SCF potentials ...
FEFF-serial using 1 thread.
Muffin tin radii and interstitial parameters [bohr]:
type, norman radius, muffin tin, overlap factor
    0  1.33075E+00  1.27489E+00  1.11389E+00
    1  1.41078E+00  1.30833E+00  1.15000E+00
    2  1.35152E+00  1.26996E+00  1.15000E+00
    3  1.10775E+00  1.03260E+00  1.15000E+00
Core-valence separation energy:  ecv=   -40.000 eV
Initial Fermi level:              mu=     0.051 eV
SCF ITERATION NUMBER  1
     point #   1  energy = -40.000
FMS for a cluster of  125 atoms around atom type   0
FMS for a cluster of  123 atoms around atom type   1
FMS for a cluster of  107 atoms around atom type   2
FMS for a cluster of  134 atoms around atom type   3
     point #  20  energy = -28.952
     point #  40  energy =  -8.702
     point #  60  energy =  -8.046
     point #  80  energy =  -8.280
 Found bad counts.
  Occupation number in getorb is    10.000
  Will repeat this iteration.
 Found bad counts.
  Occupation number in getorb is    10.000
  Will repeat this iteration.
New Fermi level:    mu=  -8.281 eV  Charge distance=  1.9283 (partial c.d.=  9.0766)
SCF ITERATION NUMBER  1
     point #   1  energy = -40.000
FMS for a cluster of  125 atoms around atom type   0
FMS for a cluster of  123 atoms around atom type   1
FMS for a cluster of  107 atoms around atom type   2
FMS for a cluster of  134 atoms around atom type   3
     point #  20  energy = -28.745
     point #  40  energy =  -8.281
     point #  60  energy =  -8.241
     point #  80  energy =  -5.369
     point # 100  energy =  -4.462
New Fermi level:    mu=  -4.348 eV  Charge distance=  0.9086 (partial c.d.=  9.8867)
SCF ITERATION NUMBER  1
     point #   1  energy = -40.000
FMS for a cluster of  125 atoms around atom type   0
FMS for a cluster of  123 atoms around atom type   1
FMS for a cluster of  107 atoms around atom type   2
FMS for a cluster of  134 atoms around atom type   3
     point #  20  energy = -28.795
     point #  40  energy =  -8.422
     point #  60  energy =  -4.348
     point #  80  energy =  -5.926
     point # 100  energy = -11.048
     point # 120  energy = -11.298
New Fermi level:    mu= -11.294 eV  Charge distance=  0.2744 (partial c.d.=  4.4821)
SCF ITERATION NUMBER  2
     point #   1  energy = -40.000
     point #  20  energy = -28.723
     point #  40  energy = -11.294
     point #  60  energy = -11.125
     point #  80  energy =  -8.781
New Fermi level:    mu=  -8.695 eV  Charge distance=  0.3094 (partial c.d.=  2.2159)
SCF ITERATION NUMBER  3
     point #   1  energy = -40.000
     point #  20  energy = -28.892
     point #  40  energy =  -8.695
     point #  60  energy =  -8.736
     point #  80  energy = -10.208
New Fermi level:    mu= -10.233 eV  Charge distance=  0.1894 (partial c.d.=  5.8684)
SCF ITERATION NUMBER  4
     point #   1  energy = -40.000
     point #  20  energy = -28.709
     point #  40  energy = -10.233
     point #  60  energy = -10.324
New Fermi level:    mu= -10.830 eV  Charge distance=  0.1169 (partial c.d.=  5.6018)
SCF ITERATION NUMBER  5
     point #   1  energy = -40.000
     point #  20  energy = -28.935
     point #  40  energy = -10.830
     point #  60  energy = -10.755
New Fermi level:    mu= -10.693 eV  Charge distance=  0.0323 (partial c.d.=  2.8228)
SCF ITERATION NUMBER  6
     point #   1  energy = -40.000
     point #  20  energy = -28.884
     point #  40  energy = -10.693
     point #  60  energy = -10.768
New Fermi level:    mu= -10.760 eV  Charge distance=  0.2101 (partial c.d.=  1.0051)
SCF ITERATION NUMBER  7
     point #   1  energy = -40.000
     point #  20  energy = -28.909
     point #  40  energy = -10.760
     point #  60  energy = -10.670
     point #  80  energy =  -9.714
New Fermi level:    mu=  -9.725 eV  Charge distance=  0.0121 (partial c.d.=  5.3437)
SCF ITERATION NUMBER  8
     point #   1  energy = -40.000
     point #  20  energy = -28.899
     point #  40  energy =  -9.725
New Fermi level:    mu=  -9.708 eV  Charge distance=  0.6927 (partial c.d.=  0.0746)
SCF ITERATION NUMBER  9
     point #   1  energy = -40.000
     point #  20  energy = -28.893
     point #  40  energy =  -9.708
     point #  60  energy =  -9.799
New Fermi level:    mu= -10.154 eV  Charge distance=  0.3969 (partial c.d.=  3.1567)
SCF ITERATION NUMBER 10
     point #   1  energy = -40.000
     point #  20  energy = -28.679
     point #  40  energy = -10.154
     point #  60  energy = -10.064
New Fermi level:    mu=  -9.602 eV  Charge distance=  0.3323 (partial c.d.=  4.3339)
SCF ITERATION NUMBER 11
     point #   1  energy = -40.000
     point #  20  energy = -28.854
     point #  40  energy =  -9.602
     point #  60  energy =  -9.664
New Fermi level:    mu=  -9.657 eV  Charge distance=  0.8621 (partial c.d.=  0.1463)
SCF ITERATION NUMBER 12
     point #   1  energy = -40.000
     point #  20  energy = -28.874
     point #  40  energy =  -9.657
     point #  60  energy =  -9.748
New Fermi level:    mu= -10.247 eV  Charge distance=  0.1925 (partial c.d.=  1.4454)
SCF ITERATION NUMBER 13
     point #   1  energy = -40.000
     point #  20  energy = -28.715
     point #  40  energy = -10.247
New Fermi level:    mu= -10.293 eV  Charge distance=  0.1008 (partial c.d.=  1.2247)
SCF ITERATION NUMBER 14
     point #   1  energy = -40.000
     point #  20  energy = -28.732
     point #  40  energy = -10.293
     point #  60  energy = -10.418
New Fermi level:    mu= -10.429 eV  Charge distance=  0.1654 (partial c.d.=  0.1617)
SCF ITERATION NUMBER 15
     point #   1  energy = -40.000
     point #  20  energy = -28.783
     point #  40  energy = -10.429
     point #  60  energy = -10.554
New Fermi level:    mu= -10.585 eV  Charge distance=  0.1450 (partial c.d.=  1.7361)
SCF ITERATION NUMBER 16
     point #   1  energy = -40.000
     point #  20  energy = -28.843
     point #  40  energy = -10.585
New Fermi level:    mu= -10.528 eV  Charge distance=  0.0233 (partial c.d.=  1.7111)
SCF ITERATION NUMBER 17
     point #   1  energy = -40.000
     point #  20  energy = -28.821
     point #  40  energy = -10.528
New Fermi level:    mu= -10.532 eV  Charge distance=  0.0726 (partial c.d.=  0.0931)
SCF ITERATION NUMBER 18
     point #   1  energy = -40.000
     point #  20  energy = -28.823
     point #  40  energy = -10.532
New Fermi level:    mu= -10.496 eV  Charge distance=  0.0029 (partial c.d.=  0.4658)
SCF ITERATION NUMBER 19
     point #   1  energy = -40.000
     point #  20  energy = -28.809
     point #  40  energy = -10.496
New Fermi level:    mu= -10.506 eV  Charge distance=  0.0018 (partial c.d.=  0.0561)
SCF ITERATION NUMBER 20
     point #   1  energy = -40.000
     point #  20  energy = -28.813
     point #  40  energy = -10.506
New Fermi level:    mu= -10.494 eV  Charge distance=  0.0033 (partial c.d.=  0.0457)
SCF ITERATION NUMBER 21
     point #   1  energy = -40.000
     point #  20  energy = -28.808
     point #  40  energy = -10.494
New Fermi level:    mu= -10.495 eV  Charge distance=  0.0008 (partial c.d.=  0.0300)
SCF ITERATION NUMBER 22
     point #   1  energy = -40.000
     point #  20  energy = -28.808
     point #  40  energy = -10.495
New Fermi level:    mu= -10.493 eV  Charge distance=  0.0035 (partial c.d.=  0.0027)
SCF ITERATION NUMBER 23
     point #   1  energy = -40.000
     point #  20  energy = -28.808
     point #  40  energy = -10.493
New Fermi level:    mu= -10.489 eV  Charge distance=  0.0004 (partial c.d.=  0.0174)
SCF ITERATION NUMBER 24
     point #   1  energy = -40.000
     point #  20  energy = -28.806
     point #  40  energy = -10.489
New Fermi level:    mu= -10.490 eV  Charge distance=  0.0001 (partial c.d.=  0.0016)
SCF ITERATION NUMBER 25
     point #   1  energy = -40.000
     point #  20  energy = -28.807
     point #  40  energy = -10.490
New Fermi level:    mu= -10.490 eV  Charge distance=  0.0001 (partial c.d.=  0.0011)
SCF ITERATION NUMBER 26
     point #   1  energy = -40.000
     point #  20  energy = -28.807
     point #  40  energy = -10.490
New Fermi level:    mu= -10.490 eV  Charge distance=  0.0001 (partial c.d.=  0.0002)
SCF ITERATION NUMBER 27
     point #   1  energy = -40.000
     point #  20  energy = -28.807
     point #  40  energy = -10.490
New Fermi level:    mu= -10.490 eV  Charge distance=  0.0001 (partial c.d.=  0.0004)
SCF ITERATION NUMBER 28
     point #   1  energy = -40.000
     point #  20  energy = -28.807
     point #  40  energy = -10.490
New Fermi level:    mu= -10.490 eV  Charge distance=  0.0001 (partial c.d.=  0.0001)
Electronic configuration
  type     l     N_el
     0     0    0.402
     0     1    0.501
     0     2    9.360
     0     3    0.000
     1     0    0.497
     1     1    0.785
     1     2    5.654
     1     3    0.000
     2     0    0.447
     2     1    0.559
     2     2    9.324
     2     3    0.000
     3     0    1.847
     3     1    4.279
     3     2    0.074
     3     3    0.000
Charge transfer:  type  charge
       0   -0.738
       1   -0.064
       2   -0.670
       3    0.200
Convergence reached in   28 iterations.
Done with module: potentials.

Calculating screened core-hole potential ...
FMS for a cluster of   27 atoms around iph =   0
    0% of energy integration
   20%
   40%
   60%
   80%
  100%
Preparing response function.
Computing (1 - K Chi0)^-1 v_ch
Done with module: screened core-hole potential.

Calculating cross-section and phases ...
    absorption cross section
 x0,dx,rnrm,inrm,jnrm   8.80000000000000       5.000000000000000E-002
   2.51475580500020              195         196
    phase shifts for unique potential    0
    phase shifts for unique potential    1
    phase shifts for unique potential    2
    phase shifts for unique potential    3
Done with module: cross-section and phases (XSPH).

FMS calculation of full Green's function ...
FEFF-serial using 1 thread.
Using   194 energy points.
xprep done
FMS for a cluster of  272 atoms
Energy point    1/ 194
Energy point   10/ 194
Energy point   20/ 194
Energy point   30/ 194
Energy point   40/ 194
Energy point   50/ 194
Energy point   60/ 194
Energy point   70/ 194
Energy point   80/ 194
Energy point   90/ 194
Energy point  100/ 194
Energy point  110/ 194
Energy point  120/ 194
Energy point  130/ 194
Energy point  140/ 194
Energy point  150/ 194
Energy point  160/ 194
Energy point  170/ 194
Energy point  180/ 194
Energy point  190/ 194
Done with module: FMS.

MKGTR: Tracing over Green's function ...
Done with module: MKGTR.

Pathfinder: finding scattering paths...
Preparing plane wave scattering amplitudes
Searching for paths
Eliminating path degeneracies
0 paths retained.
Done with module: pathfinder.

Calculating EXAFS parameters ...
Done with module: EXAFS parameters (GENFMT).

Calculating XAS spectra ...
Done with module: XAS spectra (FF2X: DW + final sum over paths).

 
### feff ends at Sun Aug 13 12:18:29 EDT 2023
 
