### feff starts at Sun Aug 13 23:46:20 EDT 2023
### Serial version
### FeffPath is /sdcc/u/mcarbone/software/JFEFF/hsw/feff90/linux
 
Launching FEFF version FEFF 9.9.1
Resetting lmaxsc to 2 for iph =    1.  Use  UNFREEZE to prevent this.
Core hole lifetime is   1.729 eV.
Your calculation:
 comment: None given
 Source:
 Structure Summary:  Ba28 Sr4 Cu32 O80
 Reduced formula:  Ba7Sr(Cu2O5)4
 space group: (P1), space number:  (1)
 abc: 11.356433  11.344137  18.781328
 angles:107.586138 107.611180  90.022309
 sites: 144
Cu K edge XANES using RPA corehole.
Using:     * Self-Consistent Field potentials
Using cards:   ATOMS CONTROL EXCHANGE TITLE RPATH POTENTIALS XANES EDGE SCF FMS S02 COREHOLE EGRID

Calculating atomic potentials ...
    overlapped atomic potential and density for unique potential    0
    overlapped atomic potential and density for unique potential    1
    overlapped atomic potential and density for unique potential    2
    overlapped atomic potential and density for unique potential    3
    overlapped atomic potential and density for unique potential    4
Done with module: atomic potentials.

Calculating SCF potentials ...
FEFF-serial using 1 thread.
Muffin tin radii and interstitial parameters [bohr]:
type, norman radius, muffin tin, overlap factor
    0  1.32037E+00  1.25068E+00  1.14945E+00
    1  1.98120E+00  1.91597E+00  1.08629E+00
    2  1.86470E+00  1.79808E+00  1.09463E+00
    3  1.32083E+00  1.24164E+00  1.15000E+00
    4  1.13313E+00  1.08528E+00  1.11469E+00
Core-valence separation energy:  ecv=   -48.000 eV
Initial Fermi level:              mu=    -3.365 eV
SCF ITERATION NUMBER  1
     point #   1  energy = -48.000
FMS for a cluster of   95 atoms around atom type   0
FMS for a cluster of   90 atoms around atom type   1
FMS for a cluster of   90 atoms around atom type   2
FMS for a cluster of   82 atoms around atom type   3
FMS for a cluster of   92 atoms around atom type   4
     point #  20  energy = -36.847
     point #  40  energy = -16.597
     point #  60  energy =  -6.266
     point #  80  energy =  -5.669
New Fermi level:    mu=  -5.621 eV  Charge distance=  0.7216 (partial c.d.=  6.5563)
SCF ITERATION NUMBER  1
     point #   1  energy = -48.000
FMS for a cluster of   95 atoms around atom type   0
FMS for a cluster of   90 atoms around atom type   1
FMS for a cluster of   90 atoms around atom type   2
FMS for a cluster of   82 atoms around atom type   3
FMS for a cluster of   92 atoms around atom type   4
     point #  20  energy = -36.901
     point #  40  energy = -16.721
     point #  60  energy =  -5.621
     point #  80  energy =  -6.256
     point # 100  energy = -10.921
     point # 120  energy = -11.796
New Fermi level:    mu= -11.959 eV  Charge distance=  0.1764 (partial c.d.=  3.6261)
SCF ITERATION NUMBER  1
     point #   1  energy = -48.000
FMS for a cluster of   95 atoms around atom type   0
FMS for a cluster of   90 atoms around atom type   1
FMS for a cluster of   90 atoms around atom type   2
FMS for a cluster of   82 atoms around atom type   3
FMS for a cluster of   92 atoms around atom type   4
     point #  20  energy = -36.987
     point #  40  energy = -16.965
     point #  60  energy = -11.959
     point #  80  energy = -10.853
     point # 100  energy = -10.749
New Fermi level:    mu= -10.918 eV  Charge distance=  0.1304 (partial c.d.=  0.5748)
SCF ITERATION NUMBER  2
     point #   1  energy = -48.000
     point #  20  energy = -36.976
     point #  40  energy = -16.932
     point #  60  energy = -10.918
     point #  80  energy = -10.097
     point # 100  energy = -10.459
New Fermi level:    mu= -10.480 eV  Charge distance=  0.4014 (partial c.d.=  0.2105)
SCF ITERATION NUMBER  3
     point #   1  energy = -48.000
     point #  20  energy = -36.845
     point #  40  energy = -16.564
     point #  60  energy = -10.480
     point #  80  energy =  -9.739
     point # 100  energy =  -9.995
New Fermi level:    mu= -10.020 eV  Charge distance=  0.1291 (partial c.d.=  0.5718)
SCF ITERATION NUMBER  4
     point #   1  energy = -48.000
     point #  20  energy = -37.006
     point #  40  energy = -17.016
     point #  60  energy = -10.020
     point #  80  energy = -10.270
New Fermi level:    mu= -10.296 eV  Charge distance=  0.0778 (partial c.d.=  1.1470)
SCF ITERATION NUMBER  5
     point #   1  energy = -48.000
     point #  20  energy = -36.791
     point #  40  energy = -16.410
     point #  60  energy = -10.296
New Fermi level:    mu= -10.356 eV  Charge distance=  0.0228 (partial c.d.=  0.9091)
SCF ITERATION NUMBER  6
     point #   1  energy = -48.000
     point #  20  energy = -36.809
     point #  40  energy = -16.460
     point #  60  energy = -10.356
New Fermi level:    mu= -10.386 eV  Charge distance=  0.0224 (partial c.d.=  0.1271)
SCF ITERATION NUMBER  7
     point #   1  energy = -48.000
     point #  20  energy = -36.817
     point #  40  energy = -16.485
     point #  60  energy = -10.386
New Fermi level:    mu= -10.400 eV  Charge distance=  0.0005 (partial c.d.=  0.1189)
SCF ITERATION NUMBER  8
     point #   1  energy = -48.000
     point #  20  energy = -36.822
     point #  40  energy = -16.498
     point #  60  energy = -10.400
New Fermi level:    mu= -10.406 eV  Charge distance=  0.0030 (partial c.d.=  0.0170)
SCF ITERATION NUMBER  9
     point #   1  energy = -48.000
     point #  20  energy = -36.823
     point #  40  energy = -16.502
     point #  60  energy = -10.406
New Fermi level:    mu= -10.405 eV  Charge distance=  0.0050 (partial c.d.=  0.0019)
SCF ITERATION NUMBER 10
     point #   1  energy = -48.000
     point #  20  energy = -36.823
     point #  40  energy = -16.502
     point #  60  energy = -10.405
New Fermi level:    mu= -10.402 eV  Charge distance=  0.0005 (partial c.d.=  0.0047)
SCF ITERATION NUMBER 11
     point #   1  energy = -48.000
     point #  20  energy = -36.822
     point #  40  energy = -16.499
     point #  60  energy = -10.402
New Fermi level:    mu= -10.399 eV  Charge distance=  0.0002 (partial c.d.=  0.0008)
SCF ITERATION NUMBER 12
     point #   1  energy = -48.000
     point #  20  energy = -36.821
     point #  40  energy = -16.497
     point #  60  energy = -10.399
New Fermi level:    mu= -10.399 eV  Charge distance=  0.0001 (partial c.d.=  0.0009)
SCF ITERATION NUMBER 13
     point #   1  energy = -48.000
     point #  20  energy = -36.821
     point #  40  energy = -16.496
     point #  60  energy = -10.399
New Fermi level:    mu= -10.399 eV  Charge distance=  0.0001 (partial c.d.=  0.0005)
SCF ITERATION NUMBER 14
     point #   1  energy = -48.000
     point #  20  energy = -36.821
     point #  40  energy = -16.496
     point #  60  energy = -10.399
New Fermi level:    mu= -10.399 eV  Charge distance=  0.0001 (partial c.d.=  0.0001)
Electronic configuration
  type     l     N_el
     0     0    0.482
     0     1    0.558
     0     2    9.395
     0     3    0.000
     1     0    2.243
     1     1    6.277
     1     2    0.958
     1     3    0.000
     2     0    2.276
     2     1    6.383
     2     2    0.815
     2     3    0.000
     3     0    0.491
     3     1    0.564
     3     2    9.387
     3     3    0.000
     4     0    1.863
     4     1    4.517
     4     2    0.052
     4     3    0.000
Charge transfer:  type  charge
       0   -0.565
       1   -0.521
       2   -0.527
       3   -0.558
       4    0.432
Convergence reached in   14 iterations.
Done with module: potentials.

Calculating screened core-hole potential ...
FMS for a cluster of   15 atoms around iph =   0
    0% of energy integration
   20%
   40%
   60%
   80%
  100%
Preparing response function.
Computing (1 - K Chi0)^-1 v_ch
Done with module: screened core-hole potential.

Calculating cross-section and phases ...
    absorption cross section
 x0,dx,rnrm,inrm,jnrm   8.80000000000000       5.000000000000000E-002
   2.49514500599983              195         196
    phase shifts for unique potential    0
    phase shifts for unique potential    1
    phase shifts for unique potential    2
    phase shifts for unique potential    3
    phase shifts for unique potential    4
Done with module: cross-section and phases (XSPH).

FMS calculation of full Green's function ...
FEFF-serial using 1 thread.
Using   194 energy points.
xprep done
FMS for a cluster of  196 atoms
Energy point    1/ 194
Energy point   10/ 194
Energy point   20/ 194
Energy point   30/ 194
Energy point   40/ 194
Energy point   50/ 194
Energy point   60/ 194
Energy point   70/ 194
Energy point   80/ 194
Energy point   90/ 194
Energy point  100/ 194
Energy point  110/ 194
Energy point  120/ 194
Energy point  130/ 194
Energy point  140/ 194
Energy point  150/ 194
Energy point  160/ 194
Energy point  170/ 194
Energy point  180/ 194
Energy point  190/ 194
Done with module: FMS.

MKGTR: Tracing over Green's function ...
Done with module: MKGTR.

Pathfinder: finding scattering paths...
Preparing plane wave scattering amplitudes
Searching for paths
Eliminating path degeneracies
0 paths retained.
Done with module: pathfinder.

Calculating EXAFS parameters ...
Done with module: EXAFS parameters (GENFMT).

Calculating XAS spectra ...
Done with module: XAS spectra (FF2X: DW + final sum over paths).

 
### feff ends at Mon Aug 14 00:59:59 EDT 2023
 
