### feff starts at Sun Aug 13 21:31:26 EDT 2023
### Serial version
### FeffPath is /sdcc/u/mcarbone/software/JFEFF/hsw/feff90/linux
 
Launching FEFF version FEFF 9.9.1
Core hole lifetime is   1.729 eV.
Your calculation:
 comment: None given
 Source:
 Structure Summary:  K2 Cu3 Se4 O12
 Reduced formula:  K2Cu3(SeO3)4
 space group: (P-1), space number:  (2)
 abc:  5.500647   7.483468   8.575860
 angles: 96.210501 108.392397  93.188586
 sites: 21
Cu K edge XANES using RPA corehole.
Using:     * Self-Consistent Field potentials
Using cards:   ATOMS CONTROL EXCHANGE TITLE RPATH POTENTIALS XANES EDGE SCF FMS S02 COREHOLE EGRID

Calculating atomic potentials ...
    overlapped atomic potential and density for unique potential    0
    overlapped atomic potential and density for unique potential    1
    overlapped atomic potential and density for unique potential    2
    overlapped atomic potential and density for unique potential    3
    overlapped atomic potential and density for unique potential    4
Done with module: atomic potentials.

Calculating SCF potentials ...
FEFF-serial using 1 thread.
Muffin tin radii and interstitial parameters [bohr]:
type, norman radius, muffin tin, overlap factor
    0  1.34230E+00  1.25695E+00  1.15000E+00
    1  1.99543E+00  1.95052E+00  1.05676E+00
    2  1.36714E+00  1.29501E+00  1.14938E+00
    3  1.33139E+00  1.10802E+00  1.15000E+00
    4  1.07534E+00  9.48538E-01  1.15000E+00
Core-valence separation energy:  ecv=   -41.000 eV
Initial Fermi level:              mu=     4.550 eV
SCF ITERATION NUMBER  1
     point #   1  energy = -41.000
FMS for a cluster of   94 atoms around atom type   0
FMS for a cluster of   81 atoms around atom type   1
FMS for a cluster of   86 atoms around atom type   2
FMS for a cluster of   90 atoms around atom type   3
FMS for a cluster of   91 atoms around atom type   4
     point #  20  energy = -29.865
     point #  40  energy =  -9.615
     point #  60  energy =  -3.974
     point #  80  energy =  -3.668
New Fermi level:    mu=  -3.656 eV  Charge distance=  0.6925 (partial c.d.=  6.6017)
SCF ITERATION NUMBER  1
     point #   1  energy = -41.000
FMS for a cluster of   94 atoms around atom type   0
FMS for a cluster of   81 atoms around atom type   1
FMS for a cluster of   86 atoms around atom type   2
FMS for a cluster of   90 atoms around atom type   3
FMS for a cluster of   91 atoms around atom type   4
     point #  20  energy = -29.898
     point #  40  energy =  -9.712
     point #  60  energy =  -3.656
     point #  80  energy =  -5.303
     point # 100  energy =  -6.091
     point # 120  energy =  -5.728
New Fermi level:    mu=  -5.689 eV  Charge distance=  0.2381 (partial c.d.=  3.7536)
SCF ITERATION NUMBER  1
     point #   1  energy = -41.000
FMS for a cluster of   94 atoms around atom type   0
FMS for a cluster of   81 atoms around atom type   1
FMS for a cluster of   86 atoms around atom type   2
FMS for a cluster of   90 atoms around atom type   3
FMS for a cluster of   91 atoms around atom type   4
     point #  20  energy = -29.902
     point #  40  energy =  -9.725
     point #  60  energy =  -5.689
New Fermi level:    mu=  -5.512 eV  Charge distance=  0.1523 (partial c.d.=  0.2950)
SCF ITERATION NUMBER  2
     point #   1  energy = -41.000
     point #  20  energy = -29.847
     point #  40  energy =  -9.568
     point #  60  energy =  -5.512
New Fermi level:    mu=  -5.333 eV  Charge distance=  0.2759 (partial c.d.=  0.2804)
SCF ITERATION NUMBER  3
     point #   1  energy = -41.000
     point #  20  energy = -29.790
     point #  40  energy =  -9.409
     point #  60  energy =  -5.333
New Fermi level:    mu=  -5.319 eV  Charge distance=  0.1172 (partial c.d.=  0.1161)
SCF ITERATION NUMBER  4
     point #   1  energy = -41.000
     point #  20  energy = -29.786
     point #  40  energy =  -9.397
     point #  60  energy =  -5.319
New Fermi level:    mu=  -5.461 eV  Charge distance=  0.0177 (partial c.d.=  0.1441)
SCF ITERATION NUMBER  5
     point #   1  energy = -41.000
     point #  20  energy = -29.830
     point #  40  energy =  -9.522
     point #  60  energy =  -5.461
New Fermi level:    mu=  -5.435 eV  Charge distance=  0.0102 (partial c.d.=  0.1117)
SCF ITERATION NUMBER  6
     point #   1  energy = -41.000
     point #  20  energy = -29.823
     point #  40  energy =  -9.500
     point #  60  energy =  -5.435
New Fermi level:    mu=  -5.442 eV  Charge distance=  0.0093 (partial c.d.=  0.0481)
SCF ITERATION NUMBER  7
     point #   1  energy = -41.000
     point #  20  energy = -29.825
     point #  40  energy =  -9.506
     point #  60  energy =  -5.442
New Fermi level:    mu=  -5.434 eV  Charge distance=  0.0097 (partial c.d.=  0.0111)
SCF ITERATION NUMBER  8
     point #   1  energy = -41.000
     point #  20  energy = -29.822
     point #  40  energy =  -9.498
     point #  60  energy =  -5.434
New Fermi level:    mu=  -5.419 eV  Charge distance=  0.0016 (partial c.d.=  0.0054)
SCF ITERATION NUMBER  9
     point #   1  energy = -41.000
     point #  20  energy = -29.817
     point #  40  energy =  -9.485
     point #  60  energy =  -5.419
New Fermi level:    mu=  -5.417 eV  Charge distance=  0.0004 (partial c.d.=  0.0019)
SCF ITERATION NUMBER 10
     point #   1  energy = -41.000
     point #  20  energy = -29.817
     point #  40  energy =  -9.483
     point #  60  energy =  -5.417
New Fermi level:    mu=  -5.415 eV  Charge distance=  0.0002 (partial c.d.=  0.0017)
SCF ITERATION NUMBER 11
     point #   1  energy = -41.000
     point #  20  energy = -29.816
     point #  40  energy =  -9.482
     point #  60  energy =  -5.415
New Fermi level:    mu=  -5.415 eV  Charge distance=  0.0001 (partial c.d.=  0.0002)
SCF ITERATION NUMBER 12
     point #   1  energy = -41.000
     point #  20  energy = -29.816
     point #  40  energy =  -9.482
     point #  60  energy =  -5.415
New Fermi level:    mu=  -5.415 eV  Charge distance=  0.0002 (partial c.d.=  0.0001)
Electronic configuration
  type     l     N_el
     0     0    0.539
     0     1    0.636
     0     2    9.611
     0     3    0.000
     1     0    2.273
     1     1    6.349
     1     2    0.458
     1     3    0.000
     2     0    0.503
     2     1    0.617
     2     2    9.687
     2     3    0.000
     3     0    1.743
     3     1    2.722
     3     2    0.705
     3     3    0.000
     4     0    1.865
     4     1    4.365
     4     2    0.082
     4     3    0.000
Charge transfer:  type  charge
       0   -0.214
       1    0.080
       2   -0.193
       3   -0.830
       4    0.312
Convergence reached in   12 iterations.
Done with module: potentials.

Calculating screened core-hole potential ...
FMS for a cluster of   18 atoms around iph =   0
    0% of energy integration
   20%
   40%
   60%
   80%
  100%
Preparing response function.
Computing (1 - K Chi0)^-1 v_ch
Done with module: screened core-hole potential.

Calculating cross-section and phases ...
    absorption cross section
 x0,dx,rnrm,inrm,jnrm   8.80000000000000       5.000000000000000E-002
   2.53657034000011              195         196
    phase shifts for unique potential    0
    phase shifts for unique potential    1
    phase shifts for unique potential    2
    phase shifts for unique potential    3
    phase shifts for unique potential    4
Done with module: cross-section and phases (XSPH).

FMS calculation of full Green's function ...
FEFF-serial using 1 thread.
Using   194 energy points.
xprep done
FMS for a cluster of  194 atoms
Energy point    1/ 194
Energy point   10/ 194
Energy point   20/ 194
Energy point   30/ 194
Energy point   40/ 194
Energy point   50/ 194
Energy point   60/ 194
Energy point   70/ 194
Energy point   80/ 194
Energy point   90/ 194
Energy point  100/ 194
Energy point  110/ 194
Energy point  120/ 194
Energy point  130/ 194
Energy point  140/ 194
Energy point  150/ 194
Energy point  160/ 194
Energy point  170/ 194
Energy point  180/ 194
Energy point  190/ 194
Done with module: FMS.

MKGTR: Tracing over Green's function ...
Done with module: MKGTR.

Pathfinder: finding scattering paths...
Preparing plane wave scattering amplitudes
Searching for paths
Eliminating path degeneracies
0 paths retained.
Done with module: pathfinder.

Calculating EXAFS parameters ...
Done with module: EXAFS parameters (GENFMT).

Calculating XAS spectra ...
Done with module: XAS spectra (FF2X: DW + final sum over paths).

 
### feff ends at Sun Aug 13 22:29:43 EDT 2023
 
