### feff starts at Sun Aug 13 16:22:03 EDT 2023
### Serial version
### FeffPath is /sdcc/u/mcarbone/software/JFEFF/hsw/feff90/linux
 
Launching FEFF version FEFF 9.9.1
Core hole lifetime is   1.729 eV.
Your calculation:
 comment: None given
 Source:
 Structure Summary:  Li2 Cu10 P4 O16
 Reduced formula:  LiCu5(PO4)2
 space group: (P1), space number:  (1)
 abc:  5.614063   6.229556  10.365144
 angles: 89.731706  89.764457  88.930767
 sites: 32
Cu K edge XANES using RPA corehole.
Using:     * Self-Consistent Field potentials
Using cards:   ATOMS CONTROL EXCHANGE TITLE RPATH POTENTIALS XANES EDGE SCF FMS S02 COREHOLE EGRID

Calculating atomic potentials ...
    overlapped atomic potential and density for unique potential    0
    overlapped atomic potential and density for unique potential    1
    overlapped atomic potential and density for unique potential    2
    overlapped atomic potential and density for unique potential    3
    overlapped atomic potential and density for unique potential    4
Done with module: atomic potentials.

Calculating SCF potentials ...
FEFF-serial using 1 thread.
Muffin tin radii and interstitial parameters [bohr]:
type, norman radius, muffin tin, overlap factor
    0  1.39734E+00  1.29436E+00  1.15000E+00
    1  1.34465E+00  1.28360E+00  1.12484E+00
    2  1.42430E+00  1.36535E+00  1.11202E+00
    3  1.15667E+00  9.46213E-01  1.15000E+00
    4  1.03516E+00  9.24099E-01  1.15000E+00
Core-valence separation energy:  ecv=   -40.000 eV
Initial Fermi level:              mu=     5.256 eV
SCF ITERATION NUMBER  1
     point #   1  energy = -40.000
FMS for a cluster of  127 atoms around atom type   0
FMS for a cluster of  105 atoms around atom type   1
FMS for a cluster of  128 atoms around atom type   2
FMS for a cluster of  122 atoms around atom type   3
FMS for a cluster of  128 atoms around atom type   4
     point #  20  energy = -28.917
     point #  40  energy =  -8.667
     point #  60  energy =  -2.251
     point #  80  energy =  -2.845
New Fermi level:    mu=  -2.908 eV  Charge distance=  0.2664 (partial c.d.=  8.3451)
negative density   1 -160.028 - usually harmless precision error, but check DOS if it persists
SCF ITERATION NUMBER  1
     point #   1  energy = -40.000
FMS for a cluster of  127 atoms around atom type   0
FMS for a cluster of  105 atoms around atom type   1
FMS for a cluster of  128 atoms around atom type   2
FMS for a cluster of  122 atoms around atom type   3
FMS for a cluster of  128 atoms around atom type   4
     point #  20  energy = -28.973
     point #  40  energy =  -8.923
     point #  60  energy =  -2.908
     point #  80  energy =  -4.420
     point # 100  energy =  -6.536
New Fermi level:    mu=  -6.475 eV  Charge distance=  0.1326 (partial c.d.=  1.6892)
negative density   1 -308.811 - usually harmless precision error, but check DOS if it persists
SCF ITERATION NUMBER  1
     point #   1  energy = -40.000
FMS for a cluster of  127 atoms around atom type   0
FMS for a cluster of  105 atoms around atom type   1
FMS for a cluster of  128 atoms around atom type   2
FMS for a cluster of  122 atoms around atom type   3
FMS for a cluster of  128 atoms around atom type   4
     point #  20  energy = -28.825
     point #  40  energy =  -8.507
     point #  60  energy =  -6.463
     point #  80  energy =  -5.766
New Fermi level:    mu=  -5.813 eV  Charge distance=  0.0909 (partial c.d.=  0.2809)
negative density   1 -453.765 - usually harmless precision error, but check DOS if it persists
negative density   1  -16.526 - usually harmless precision error, but check DOS if it persists
SCF ITERATION NUMBER  2
     point #   1  energy = -40.000
     point #  20  energy = -28.940
     point #  40  energy =  -8.830
     point #  60  energy =  -5.801
New Fermi level:    mu=  -5.778 eV  Charge distance=  0.3124 (partial c.d.=  0.0224)
negative density   1-1036.322 - usually harmless precision error, but check DOS if it persists
negative density   1 -196.820 - usually harmless precision error, but check DOS if it persists
SCF ITERATION NUMBER  3
     point #   1  energy = -40.000
     point #  20  energy = -28.928
     point #  40  energy =  -8.798
     point #  60  energy =  -5.791
New Fermi level:    mu=  -5.819 eV  Charge distance=  0.0103 (partial c.d.=  0.0586)
negative density   1-1073.828 - usually harmless precision error, but check DOS if it persists
negative density   1 -208.643 - usually harmless precision error, but check DOS if it persists
SCF ITERATION NUMBER  4
     point #   1  energy = -40.000
     point #  20  energy = -28.941
     point #  40  energy =  -8.835
     point #  60  energy =  -5.831
New Fermi level:    mu=  -5.872 eV  Charge distance=  0.0128 (partial c.d.=  0.0197)
negative density   1-1102.321 - usually harmless precision error, but check DOS if it persists
negative density   1 -217.843 - usually harmless precision error, but check DOS if it persists
SCF ITERATION NUMBER  5
     point #   1  energy = -40.000
     point #  20  energy = -28.959
     point #  40  energy =  -8.884
     point #  60  energy =  -5.885
New Fermi level:    mu=  -5.906 eV  Charge distance=  0.0058 (partial c.d.=  0.0143)
negative density   1-1112.110 - usually harmless precision error, but check DOS if it persists
negative density   1 -221.153 - usually harmless precision error, but check DOS if it persists
SCF ITERATION NUMBER  6
     point #   1  energy = -40.000
     point #  20  energy = -28.969
     point #  40  energy =  -8.914
     point #  60  energy =  -5.893
New Fermi level:    mu=  -5.904 eV  Charge distance=  0.0037 (partial c.d.=  0.0140)
negative density   1-1117.355 - usually harmless precision error, but check DOS if it persists
negative density   1 -223.015 - usually harmless precision error, but check DOS if it persists
SCF ITERATION NUMBER  7
     point #   1  energy = -40.000
     point #  20  energy = -28.969
     point #  40  energy =  -8.912
     point #  60  energy =  -5.891
New Fermi level:    mu=  -5.894 eV  Charge distance=  0.0064 (partial c.d.=  0.0102)
negative density   1-1129.584 - usually harmless precision error, but check DOS if it persists
negative density   1 -227.167 - usually harmless precision error, but check DOS if it persists
SCF ITERATION NUMBER  8
     point #   1  energy = -40.000
     point #  20  energy = -28.966
     point #  40  energy =  -8.903
     point #  60  energy =  -5.881
New Fermi level:    mu=  -5.886 eV  Charge distance=  0.0005 (partial c.d.=  0.0034)
negative density   1-1132.988 - usually harmless precision error, but check DOS if it persists
negative density   1 -228.269 - usually harmless precision error, but check DOS if it persists
SCF ITERATION NUMBER  9
     point #   1  energy = -40.000
     point #  20  energy = -28.963
     point #  40  energy =  -8.896
     point #  60  energy =  -5.874
New Fermi level:    mu=  -5.886 eV  Charge distance=  0.0001 (partial c.d.=  0.0002)
Electronic configuration
  type     l     N_el
     0     0    0.574
     0     1    0.646
     0     2    9.613
     0     3    0.000
     1     0    0.291
     1     1    0.607
     1     2    0.000
     1     3    0.000
     2     0    0.541
     2     1    0.633
     2     2    9.654
     2     3    0.000
     3     0    1.209
     3     1    2.078
     3     2    1.049
     3     3    0.000
     4     0    1.838
     4     1    4.365
     4     2    0.084
     4     3    0.000
Charge transfer:  type  charge
       0   -0.168
       1   -0.102
       2   -0.173
       3   -0.663
       4    0.287
Convergence reached in    9 iterations.
Done with module: potentials.

Calculating screened core-hole potential ...
FMS for a cluster of   27 atoms around iph =   0
    0% of energy integration
   20%
   40%
   60%
   80%
  100%
Preparing response function.
Computing (1 - K Chi0)^-1 v_ch
Done with module: screened core-hole potential.

Calculating cross-section and phases ...
    absorption cross section
 x0,dx,rnrm,inrm,jnrm   8.80000000000000       5.000000000000000E-002
   2.64059527300010              196         197
    phase shifts for unique potential    0
    phase shifts for unique potential    1
    phase shifts for unique potential    2
    phase shifts for unique potential    3
    phase shifts for unique potential    4
Done with module: cross-section and phases (XSPH).

FMS calculation of full Green's function ...
FEFF-serial using 1 thread.
Using   194 energy points.
xprep done
FMS for a cluster of  271 atoms
Energy point    1/ 194
Energy point   10/ 194
Energy point   20/ 194
Energy point   30/ 194
Energy point   40/ 194
Energy point   50/ 194
Energy point   60/ 194
Energy point   70/ 194
Energy point   80/ 194
Energy point   90/ 194
Energy point  100/ 194
Energy point  110/ 194
Energy point  120/ 194
Energy point  130/ 194
Energy point  140/ 194
Energy point  150/ 194
Energy point  160/ 194
Energy point  170/ 194
Energy point  180/ 194
Energy point  190/ 194
Done with module: FMS.

MKGTR: Tracing over Green's function ...
Done with module: MKGTR.

Pathfinder: finding scattering paths...
Preparing plane wave scattering amplitudes
Searching for paths
Eliminating path degeneracies
0 paths retained.
Done with module: pathfinder.

Calculating EXAFS parameters ...
Done with module: EXAFS parameters (GENFMT).

Calculating XAS spectra ...
Done with module: XAS spectra (FF2X: DW + final sum over paths).

 
### feff ends at Sun Aug 13 18:15:12 EDT 2023
 
