### feff starts at Sun Aug 13 09:26:11 EDT 2023
### Serial version
### FeffPath is /sdcc/u/mcarbone/software/JFEFF/hsw/feff90/linux
 
Launching FEFF version FEFF 9.9.1
Resetting lmaxsc to 2 for iph =    2.  Use  UNFREEZE to prevent this.
Core hole lifetime is   1.729 eV.
Your calculation:
 comment: None given
 Source:
 Structure Summary:  Cu4 Pb2 O4
 Reduced formula:  Cu2PbO2
 space group: (C2/c), space number:  (15)
 abc:  5.882676   5.882676   6.086870
 angles: 61.754167  61.754167  90.992463
 sites: 10
Cu K edge XANES using RPA corehole.
Using:     * Self-Consistent Field potentials
Using cards:   ATOMS CONTROL EXCHANGE TITLE RPATH POTENTIALS XANES EDGE SCF FMS S02 COREHOLE EGRID

Calculating atomic potentials ...
    overlapped atomic potential and density for unique potential    0
    overlapped atomic potential and density for unique potential    1
    overlapped atomic potential and density for unique potential    2
    overlapped atomic potential and density for unique potential    3
Done with module: atomic potentials.

Calculating SCF potentials ...
FEFF-serial using 1 thread.
Muffin tin radii and interstitial parameters [bohr]:
type, norman radius, muffin tin, overlap factor
    0  1.36155E+00  1.18386E+00  1.15000E+00
    1  1.35929E+00  1.18060E+00  1.15000E+00
    2  1.73563E+00  1.64923E+00  1.13926E+00
    3  1.10479E+00  9.97275E-01  1.15000E+00
Core-valence separation energy:  ecv=   -40.000 eV
Initial Fermi level:              mu=     0.871 eV
SCF ITERATION NUMBER  1
     point #   1  energy = -40.000
FMS for a cluster of   95 atoms around atom type   0
FMS for a cluster of   97 atoms around atom type   1
FMS for a cluster of   92 atoms around atom type   2
FMS for a cluster of   97 atoms around atom type   3
     point #  20  energy = -28.788
     point #  40  energy =  -8.538
     point #  60  energy =  -2.642
     point #  80  energy =  -2.695
New Fermi level:    mu=  -2.783 eV  Charge distance=  0.2786 (partial c.d.= 10.4794)
SCF ITERATION NUMBER  1
     point #   1  energy = -40.000
FMS for a cluster of   95 atoms around atom type   0
FMS for a cluster of   97 atoms around atom type   1
FMS for a cluster of   92 atoms around atom type   2
FMS for a cluster of   97 atoms around atom type   3
     point #  20  energy = -28.935
     point #  40  energy =  -8.818
     point #  60  energy =  -2.783
     point #  80  energy =  -4.430
     point # 100  energy =  -5.874
New Fermi level:    mu=  -5.860 eV  Charge distance=  0.1543 (partial c.d.=  1.7006)
SCF ITERATION NUMBER  1
     point #   1  energy = -40.000
FMS for a cluster of   95 atoms around atom type   0
FMS for a cluster of   97 atoms around atom type   1
FMS for a cluster of   92 atoms around atom type   2
FMS for a cluster of   97 atoms around atom type   3
     point #  20  energy = -28.955
     point #  40  energy =  -8.872
     point #  60  energy =  -5.847
New Fermi level:    mu=  -5.294 eV  Charge distance=  0.0712 (partial c.d.=  0.3448)
SCF ITERATION NUMBER  2
     point #   1  energy = -40.000
     point #  20  energy = -28.772
     point #  40  energy =  -8.357
     point #  60  energy =  -5.307
New Fermi level:    mu=  -5.352 eV  Charge distance=  0.2624 (partial c.d.=  0.0380)
SCF ITERATION NUMBER  3
     point #   1  energy = -40.000
     point #  20  energy = -28.790
     point #  40  energy =  -8.409
     point #  60  energy =  -5.365
New Fermi level:    mu=  -5.481 eV  Charge distance=  0.0218 (partial c.d.=  0.0603)
SCF ITERATION NUMBER  4
     point #   1  energy = -40.000
     point #  20  energy = -28.832
     point #  40  energy =  -8.527
     point #  60  energy =  -5.493
New Fermi level:    mu=  -5.526 eV  Charge distance=  0.0027 (partial c.d.=  0.0308)
SCF ITERATION NUMBER  5
     point #   1  energy = -40.000
     point #  20  energy = -28.847
     point #  40  energy =  -8.568
     point #  60  energy =  -5.513
New Fermi level:    mu=  -5.517 eV  Charge distance=  0.0120 (partial c.d.=  0.0048)
SCF ITERATION NUMBER  6
     point #   1  energy = -40.000
     point #  20  energy = -28.844
     point #  40  energy =  -8.560
     point #  60  energy =  -5.505
New Fermi level:    mu=  -5.490 eV  Charge distance=  0.0036 (partial c.d.=  0.0093)
SCF ITERATION NUMBER  7
     point #   1  energy = -40.000
     point #  20  energy = -28.835
     point #  40  energy =  -8.535
     point #  60  energy =  -5.478
New Fermi level:    mu=  -5.473 eV  Charge distance=  0.0001 (partial c.d.=  0.0014)
SCF ITERATION NUMBER  8
     point #   1  energy = -40.000
     point #  20  energy = -28.829
     point #  40  energy =  -8.519
     point #  60  energy =  -5.460
New Fermi level:    mu=  -5.470 eV  Charge distance=  0.0002 (partial c.d.=  0.0011)
SCF ITERATION NUMBER  9
     point #   1  energy = -40.000
     point #  20  energy = -28.828
     point #  40  energy =  -8.516
     point #  60  energy =  -5.482
New Fermi level:    mu=  -5.470 eV  Charge distance=  0.0001 (partial c.d.=  0.0003)
SCF ITERATION NUMBER 10
     point #   1  energy = -40.000
     point #  20  energy = -28.828
     point #  40  energy =  -8.516
     point #  60  energy =  -5.482
New Fermi level:    mu=  -5.470 eV  Charge distance=  0.0001 (partial c.d.=  0.0003)
SCF ITERATION NUMBER 11
     point #   1  energy = -40.000
     point #  20  energy = -28.829
     point #  40  energy =  -8.517
     point #  60  energy =  -5.483
New Fermi level:    mu=  -5.470 eV  Charge distance=  0.0000 (partial c.d.=  0.0002)
SCF ITERATION NUMBER 12
     point #   1  energy = -40.000
     point #  20  energy = -28.829
     point #  40  energy =  -8.517
     point #  60  energy =  -5.483
New Fermi level:    mu=  -5.470 eV  Charge distance=  0.0000 (partial c.d.=  0.0001)
Electronic configuration
  type     l     N_el
     0     0    0.666
     0     1    0.653
     0     2    9.527
     0     3    0.000
     1     0    0.659
     1     1    0.650
     1     2    9.533
     1     3    0.000
     2     0    1.764
     2     1    1.494
     2     2   10.362
     2     3    0.000
     3     0    1.887
     3     1    4.376
     3     2    0.085
     3     3    0.000
Charge transfer:  type  charge
       0   -0.154
       1   -0.158
       2   -0.380
       3    0.348
Convergence reached in   12 iterations.
Done with module: potentials.

Calculating screened core-hole potential ...
FMS for a cluster of   21 atoms around iph =   0
    0% of energy integration
   20%
   40%
   60%
   80%
  100%
Preparing response function.
Computing (1 - K Chi0)^-1 v_ch
Done with module: screened core-hole potential.

Calculating cross-section and phases ...
    absorption cross section
 x0,dx,rnrm,inrm,jnrm   8.80000000000000       5.000000000000000E-002
   2.57295994200004              195         196
    phase shifts for unique potential    0
    phase shifts for unique potential    1
    phase shifts for unique potential    2
    phase shifts for unique potential    3
Done with module: cross-section and phases (XSPH).

FMS calculation of full Green's function ...
FEFF-serial using 1 thread.
Using   194 energy points.
xprep done
FMS for a cluster of  203 atoms
Energy point    1/ 194
Energy point   10/ 194
Energy point   20/ 194
Energy point   30/ 194
Energy point   40/ 194
Energy point   50/ 194
Energy point   60/ 194
Energy point   70/ 194
Energy point   80/ 194
Energy point   90/ 194
Energy point  100/ 194
Energy point  110/ 194
Energy point  120/ 194
Energy point  130/ 194
Energy point  140/ 194
Energy point  150/ 194
Energy point  160/ 194
Energy point  170/ 194
Energy point  180/ 194
Energy point  190/ 194
Done with module: FMS.

MKGTR: Tracing over Green's function ...
Done with module: MKGTR.

Pathfinder: finding scattering paths...
Preparing plane wave scattering amplitudes
Searching for paths
Eliminating path degeneracies
0 paths retained.
Done with module: pathfinder.

Calculating EXAFS parameters ...
Done with module: EXAFS parameters (GENFMT).

Calculating XAS spectra ...
Done with module: XAS spectra (FF2X: DW + final sum over paths).

 
### feff ends at Sun Aug 13 10:24:10 EDT 2023
 
