### feff starts at Sun Aug 13 20:38:02 EDT 2023
### Serial version
### FeffPath is /sdcc/u/mcarbone/software/JFEFF/hsw/feff90/linux
 
Launching FEFF version FEFF 9.9.1
Resetting lmaxsc to 2 for iph =    2.  Use  UNFREEZE to prevent this.
Core hole lifetime is   1.729 eV.
Your calculation:
 comment: None given
 Source:
 Structure Summary:  Cu8 Re8 O32
 Reduced formula:  CuReO4
 space group: (P1), space number:  (1)
 abc:  7.804416  10.553013  10.552171
 angles: 82.204309  68.263832  68.352731
 sites: 48
Cu K edge XANES using RPA corehole.
Using:     * Self-Consistent Field potentials
Using cards:   ATOMS CONTROL EXCHANGE TITLE RPATH POTENTIALS XANES EDGE SCF FMS S02 COREHOLE EGRID

Calculating atomic potentials ...
    overlapped atomic potential and density for unique potential    0
    overlapped atomic potential and density for unique potential    1
    overlapped atomic potential and density for unique potential    2
    overlapped atomic potential and density for unique potential    3
Done with module: atomic potentials.

Calculating SCF potentials ...
FEFF-serial using 1 thread.
Muffin tin radii and interstitial parameters [bohr]:
type, norman radius, muffin tin, overlap factor
    0  1.37003E+00  1.28402E+00  1.15000E+00
    1  1.36872E+00  1.28137E+00  1.15000E+00
    2  1.36445E+00  1.14419E+00  1.15000E+00
    3  1.05965E+00  9.16139E-01  1.15000E+00
Core-valence separation energy:  ecv=   -40.000 eV
Initial Fermi level:              mu=     5.841 eV
SCF ITERATION NUMBER  1
     point #   1  energy = -40.000
FMS for a cluster of   89 atoms around atom type   0
FMS for a cluster of   80 atoms around atom type   1
FMS for a cluster of   82 atoms around atom type   2
FMS for a cluster of   91 atoms around atom type   3
     point #  20  energy = -28.813
     point #  40  energy =  -8.563
     point #  60  energy =  -3.485
New Fermi level:    mu=  -3.616 eV  Charge distance=  0.8725 (partial c.d.=  5.8864)
SCF ITERATION NUMBER  1
     point #   1  energy = -40.000
FMS for a cluster of   89 atoms around atom type   0
FMS for a cluster of   80 atoms around atom type   1
FMS for a cluster of   82 atoms around atom type   2
FMS for a cluster of   91 atoms around atom type   3
     point #  20  energy = -28.883
     point #  40  energy =  -8.670
     point #  60  energy =  -3.616
     point #  80  energy =  -4.910
New Fermi level:    mu=  -4.502 eV  Charge distance=  0.4088 (partial c.d.=  4.9159)
SCF ITERATION NUMBER  1
     point #   1  energy = -40.000
FMS for a cluster of   89 atoms around atom type   0
FMS for a cluster of   80 atoms around atom type   1
FMS for a cluster of   82 atoms around atom type   2
FMS for a cluster of   91 atoms around atom type   3
     point #  20  energy = -28.843
     point #  40  energy =  -8.559
     point #  60  energy =  -4.502
     point #  80  energy =  -4.946
New Fermi level:    mu=  -4.906 eV  Charge distance=  0.1813 (partial c.d.=  1.0288)
SCF ITERATION NUMBER  2
     point #   1  energy = -40.000
     point #  20  energy = -28.970
     point #  40  energy =  -8.917
     point #  60  energy =  -4.906
New Fermi level:    mu=  -4.928 eV  Charge distance=  0.1031 (partial c.d.=  0.3760)
SCF ITERATION NUMBER  3
     point #   1  energy = -40.000
     point #  20  energy = -28.977
     point #  40  energy =  -8.936
     point #  60  energy =  -4.928
New Fermi level:    mu=  -4.867 eV  Charge distance=  0.1602 (partial c.d.=  0.0599)
SCF ITERATION NUMBER  4
     point #   1  energy = -40.000
     point #  20  energy = -28.958
     point #  40  energy =  -8.882
     point #  60  energy =  -4.867
New Fermi level:    mu=  -4.869 eV  Charge distance=  0.0207 (partial c.d.=  0.0565)
SCF ITERATION NUMBER  5
     point #   1  energy = -40.000
     point #  20  energy = -28.959
     point #  40  energy =  -8.884
     point #  60  energy =  -4.869
New Fermi level:    mu=  -4.849 eV  Charge distance=  0.0111 (partial c.d.=  0.0469)
SCF ITERATION NUMBER  6
     point #   1  energy = -40.000
     point #  20  energy = -28.953
     point #  40  energy =  -8.867
     point #  60  energy =  -4.849
New Fermi level:    mu=  -4.840 eV  Charge distance=  0.0041 (partial c.d.=  0.0182)
SCF ITERATION NUMBER  7
     point #   1  energy = -40.000
     point #  20  energy = -28.950
     point #  40  energy =  -8.858
     point #  60  energy =  -4.840
New Fermi level:    mu=  -4.829 eV  Charge distance=  0.0075 (partial c.d.=  0.0013)
SCF ITERATION NUMBER  8
     point #   1  energy = -40.000
     point #  20  energy = -28.946
     point #  40  energy =  -8.849
     point #  60  energy =  -4.829
New Fermi level:    mu=  -4.815 eV  Charge distance=  0.0001 (partial c.d.=  0.0025)
SCF ITERATION NUMBER  9
     point #   1  energy = -40.000
     point #  20  energy = -28.942
     point #  40  energy =  -8.836
     point #  60  energy =  -4.815
New Fermi level:    mu=  -4.816 eV  Charge distance=  0.0001 (partial c.d.=  0.0001)
Electronic configuration
  type     l     N_el
     0     0    0.562
     0     1    0.705
     0     2    9.629
     0     3    0.000
     1     0    0.561
     1     1    0.705
     1     2    9.627
     1     3    0.000
     2     0    0.609
     2     1    0.748
     2     2    4.952
     2     3    0.000
     3     0    1.842
     3     1    4.249
     3     2    0.108
     3     3    0.000
Charge transfer:  type  charge
       0   -0.105
       1   -0.107
       2   -0.690
       3    0.199
Convergence reached in    9 iterations.
Done with module: potentials.

Calculating screened core-hole potential ...
FMS for a cluster of   16 atoms around iph =   0
    0% of energy integration
   20%
   40%
   60%
   80%
  100%
Preparing response function.
Computing (1 - K Chi0)^-1 v_ch
Done with module: screened core-hole potential.

Calculating cross-section and phases ...
    absorption cross section
 x0,dx,rnrm,inrm,jnrm   8.80000000000000       5.000000000000000E-002
   2.58898034000011              196         197
    phase shifts for unique potential    0
    phase shifts for unique potential    1
    phase shifts for unique potential    2
    phase shifts for unique potential    3
Done with module: cross-section and phases (XSPH).

FMS calculation of full Green's function ...
FEFF-serial using 1 thread.
Using   194 energy points.
xprep done
FMS for a cluster of  196 atoms
Energy point    1/ 194
Energy point   10/ 194
Energy point   20/ 194
Energy point   30/ 194
Energy point   40/ 194
Energy point   50/ 194
Energy point   60/ 194
Energy point   70/ 194
Energy point   80/ 194
Energy point   90/ 194
Energy point  100/ 194
Energy point  110/ 194
Energy point  120/ 194
Energy point  130/ 194
Energy point  140/ 194
Energy point  150/ 194
Energy point  160/ 194
Energy point  170/ 194
Energy point  180/ 194
Energy point  190/ 194
Done with module: FMS.

MKGTR: Tracing over Green's function ...
Done with module: MKGTR.

Pathfinder: finding scattering paths...
Preparing plane wave scattering amplitudes
Searching for paths
Eliminating path degeneracies
0 paths retained.
Done with module: pathfinder.

Calculating EXAFS parameters ...
Done with module: EXAFS parameters (GENFMT).

Calculating XAS spectra ...
Done with module: XAS spectra (FF2X: DW + final sum over paths).

 
### feff ends at Sun Aug 13 21:22:22 EDT 2023
 
