### feff starts at Mon Aug 14 01:35:03 EDT 2023
### Serial version
### FeffPath is /sdcc/u/mcarbone/software/JFEFF/hsw/feff90/linux
 
Launching FEFF version FEFF 9.9.1
Core hole lifetime is   1.729 eV.
Your calculation:
 comment: None given
 Source:
 Structure Summary:  Mn11 Cu7 O24
 Reduced formula:  Mn11Cu7O24
 space group: (P1), space number:  (1)
 abc:  6.064007   8.356046  10.367975
 angles:113.755361 105.045847  89.803449
 sites: 42
Cu K edge XANES using RPA corehole.
Using:     * Self-Consistent Field potentials
Using cards:   ATOMS CONTROL EXCHANGE TITLE RPATH POTENTIALS XANES EDGE SCF FMS S02 COREHOLE EGRID

Calculating atomic potentials ...
    overlapped atomic potential and density for unique potential    0
    overlapped atomic potential and density for unique potential    1
    overlapped atomic potential and density for unique potential    2
    overlapped atomic potential and density for unique potential    3
Done with module: atomic potentials.

Calculating SCF potentials ...
FEFF-serial using 1 thread.
Muffin tin radii and interstitial parameters [bohr]:
type, norman radius, muffin tin, overlap factor
    0  1.35390E+00  1.27882E+00  1.15000E+00
    1  1.41144E+00  1.30824E+00  1.15000E+00
    2  1.32633E+00  1.26962E+00  1.11635E+00
    3  1.09878E+00  1.01996E+00  1.15000E+00
Core-valence separation energy:  ecv=   -40.000 eV
Initial Fermi level:              mu=    -0.505 eV
SCF ITERATION NUMBER  1
     point #   1  energy = -40.000
FMS for a cluster of  135 atoms around atom type   0
FMS for a cluster of  120 atoms around atom type   1
FMS for a cluster of  120 atoms around atom type   2
FMS for a cluster of  135 atoms around atom type   3
     point #  20  energy = -28.861
     point #  40  energy =  -8.611
     point #  60  energy =  -7.739
 Found bad counts.
  Occupation number in getorb is    10.000
  Will repeat this iteration.
New Fermi level:    mu=  -7.340 eV  Charge distance=  1.9189 (partial c.d.=  9.6585)
SCF ITERATION NUMBER  1
     point #   1  energy = -40.000
FMS for a cluster of  135 atoms around atom type   0
FMS for a cluster of  120 atoms around atom type   1
FMS for a cluster of  120 atoms around atom type   2
FMS for a cluster of  135 atoms around atom type   3
     point #  20  energy = -28.773
     point #  40  energy =  -8.360
     point #  60  energy =  -7.299
     point #  80  energy =  -4.952
     point # 100  energy =  -4.296
New Fermi level:    mu=  -4.226 eV  Charge distance=  0.9078 (partial c.d.=  9.8315)
SCF ITERATION NUMBER  1
     point #   1  energy = -40.000
FMS for a cluster of  135 atoms around atom type   0
FMS for a cluster of  120 atoms around atom type   1
FMS for a cluster of  120 atoms around atom type   2
FMS for a cluster of  135 atoms around atom type   3
     point #  20  energy = -28.757
     point #  40  energy =  -8.315
     point #  60  energy =  -4.226
     point #  80  energy =  -5.805
     point # 100  energy = -10.926
New Fermi level:    mu= -11.079 eV  Charge distance=  0.2836 (partial c.d.=  4.4601)
SCF ITERATION NUMBER  2
     point #   1  energy = -40.000
     point #  20  energy = -29.030
     point #  40  energy = -11.079
     point #  60  energy = -10.988
     point #  80  energy =  -9.451
New Fermi level:    mu=  -9.392 eV  Charge distance=  0.2441 (partial c.d.=  1.4569)
SCF ITERATION NUMBER  3
     point #   1  energy = -40.000
     point #  20  energy = -28.777
     point #  40  energy =  -9.392
     point #  60  energy =  -9.482
New Fermi level:    mu=  -9.797 eV  Charge distance=  0.2120 (partial c.d.=  6.9316)
SCF ITERATION NUMBER  4
     point #   1  energy = -40.000
     point #  20  energy = -28.926
     point #  40  energy =  -9.797
     point #  60  energy =  -9.888
     point #  80  energy = -10.610
New Fermi level:    mu= -10.601 eV  Charge distance=  0.0856 (partial c.d.=  6.7059)
SCF ITERATION NUMBER  5
     point #   1  energy = -40.000
     point #  20  energy = -28.849
     point #  40  energy = -10.601
New Fermi level:    mu= -10.559 eV  Charge distance=  0.0726 (partial c.d.=  2.2149)
SCF ITERATION NUMBER  6
     point #   1  energy = -40.000
     point #  20  energy = -28.833
     point #  40  energy = -10.559
New Fermi level:    mu= -10.539 eV  Charge distance=  0.1713 (partial c.d.=  2.0773)
SCF ITERATION NUMBER  7
     point #   1  energy = -40.000
     point #  20  energy = -28.825
     point #  40  energy = -10.539
     point #  60  energy = -10.464
New Fermi level:    mu= -10.461 eV  Charge distance=  0.0453 (partial c.d.=  2.3935)
SCF ITERATION NUMBER  8
     point #   1  energy = -40.000
     point #  20  energy = -28.796
     point #  40  energy = -10.461
New Fermi level:    mu= -10.457 eV  Charge distance=  0.1339 (partial c.d.=  0.0521)
SCF ITERATION NUMBER  9
     point #   1  energy = -40.000
     point #  20  energy = -28.794
     point #  40  energy = -10.457
New Fermi level:    mu= -10.425 eV  Charge distance=  0.0343 (partial c.d.=  0.2829)
SCF ITERATION NUMBER 10
     point #   1  energy = -40.000
     point #  20  energy = -28.782
     point #  40  energy = -10.425
     point #  60  energy = -10.350
New Fermi level:    mu= -10.358 eV  Charge distance=  0.1631 (partial c.d.=  1.3205)
SCF ITERATION NUMBER 11
     point #   1  energy = -40.000
     point #  20  energy = -28.757
     point #  40  energy = -10.358
New Fermi level:    mu= -10.414 eV  Charge distance=  0.0402 (partial c.d.=  0.6223)
SCF ITERATION NUMBER 12
     point #   1  energy = -40.000
     point #  20  energy = -28.778
     point #  40  energy = -10.414
New Fermi level:    mu= -10.378 eV  Charge distance=  0.0337 (partial c.d.=  0.1192)
SCF ITERATION NUMBER 13
     point #   1  energy = -40.000
     point #  20  energy = -28.764
     point #  40  energy = -10.378
New Fermi level:    mu= -10.373 eV  Charge distance=  0.1078 (partial c.d.=  0.0536)
SCF ITERATION NUMBER 14
     point #   1  energy = -40.000
     point #  20  energy = -28.762
     point #  40  energy = -10.373
New Fermi level:    mu= -10.384 eV  Charge distance=  0.0490 (partial c.d.=  0.3439)
SCF ITERATION NUMBER 15
     point #   1  energy = -40.000
     point #  20  energy = -28.766
     point #  40  energy = -10.384
New Fermi level:    mu= -10.362 eV  Charge distance=  0.0124 (partial c.d.=  0.2972)
SCF ITERATION NUMBER 16
     point #   1  energy = -40.000
     point #  20  energy = -28.758
     point #  40  energy = -10.362
New Fermi level:    mu= -10.369 eV  Charge distance=  0.0027 (partial c.d.=  0.0639)
SCF ITERATION NUMBER 17
     point #   1  energy = -40.000
     point #  20  energy = -28.761
     point #  40  energy = -10.369
New Fermi level:    mu= -10.368 eV  Charge distance=  0.0008 (partial c.d.=  0.0117)
SCF ITERATION NUMBER 18
     point #   1  energy = -40.000
     point #  20  energy = -28.760
     point #  40  energy = -10.368
New Fermi level:    mu= -10.369 eV  Charge distance=  0.0016 (partial c.d.=  0.0030)
SCF ITERATION NUMBER 19
     point #   1  energy = -40.000
     point #  20  energy = -28.761
     point #  40  energy = -10.369
New Fermi level:    mu= -10.368 eV  Charge distance=  0.0001 (partial c.d.=  0.0090)
SCF ITERATION NUMBER 20
     point #   1  energy = -40.000
     point #  20  energy = -28.760
     point #  40  energy = -10.368
New Fermi level:    mu= -10.368 eV  Charge distance=  0.0002 (partial c.d.=  0.0021)
SCF ITERATION NUMBER 21
     point #   1  energy = -40.000
     point #  20  energy = -28.760
     point #  40  energy = -10.368
New Fermi level:    mu= -10.368 eV  Charge distance=  0.0001 (partial c.d.=  0.0009)
SCF ITERATION NUMBER 22
     point #   1  energy = -40.000
     point #  20  energy = -28.760
     point #  40  energy = -10.368
New Fermi level:    mu= -10.368 eV  Charge distance=  0.0000 (partial c.d.=  0.0005)
SCF ITERATION NUMBER 23
     point #   1  energy = -40.000
     point #  20  energy = -28.760
     point #  40  energy = -10.368
New Fermi level:    mu= -10.368 eV  Charge distance=  0.0001 (partial c.d.=  0.0001)
Electronic configuration
  type     l     N_el
     0     0    0.436
     0     1    0.564
     0     2    9.367
     0     3    0.000
     1     0    0.486
     1     1    0.778
     1     2    5.686
     1     3    0.000
     2     0    0.396
     2     1    0.510
     2     2    9.381
     2     3    0.000
     3     0    1.834
     3     1    4.321
     3     2    0.077
     3     3    0.000
Charge transfer:  type  charge
       0   -0.634
       1   -0.050
       2   -0.713
       3    0.231
Convergence reached in   23 iterations.
Done with module: potentials.

Calculating screened core-hole potential ...
FMS for a cluster of   33 atoms around iph =   0
    0% of energy integration
   20%
   40%
   60%
   80%
  100%
Preparing response function.
Computing (1 - K Chi0)^-1 v_ch
Done with module: screened core-hole potential.

Calculating cross-section and phases ...
    absorption cross section
 x0,dx,rnrm,inrm,jnrm   8.80000000000000       5.000000000000000E-002
   2.55849883700020              195         196
    phase shifts for unique potential    0
    phase shifts for unique potential    1
    phase shifts for unique potential    2
    phase shifts for unique potential    3
Done with module: cross-section and phases (XSPH).

FMS calculation of full Green's function ...
FEFF-serial using 1 thread.
Using   194 energy points.
xprep done
FMS for a cluster of  263 atoms
Energy point    1/ 194
Energy point   10/ 194
Energy point   20/ 194
Energy point   30/ 194
Energy point   40/ 194
Energy point   50/ 194
Energy point   60/ 194
Energy point   70/ 194
Energy point   80/ 194
Energy point   90/ 194
Energy point  100/ 194
Energy point  110/ 194
Energy point  120/ 194
Energy point  130/ 194
Energy point  140/ 194
Energy point  150/ 194
Energy point  160/ 194
Energy point  170/ 194
Energy point  180/ 194
Energy point  190/ 194
Done with module: FMS.

MKGTR: Tracing over Green's function ...
Done with module: MKGTR.

Pathfinder: finding scattering paths...
Preparing plane wave scattering amplitudes
Searching for paths
Eliminating path degeneracies
0 paths retained.
Done with module: pathfinder.

Calculating EXAFS parameters ...
Done with module: EXAFS parameters (GENFMT).

Calculating XAS spectra ...
Done with module: XAS spectra (FF2X: DW + final sum over paths).

 
### feff ends at Mon Aug 14 04:16:33 EDT 2023
 
