### feff starts at Sun Aug 13 20:40:03 EDT 2023
### Serial version
### FeffPath is /sdcc/u/mcarbone/software/JFEFF/hsw/feff90/linux
 
Launching FEFF version FEFF 9.9.1
Resetting lmaxsc to 2 for iph =    3.  Use  UNFREEZE to prevent this.
Core hole lifetime is   1.729 eV.
Your calculation:
 comment: None given
 Source:
 Structure Summary:  Ca5 Cu2 Ir2 O12
 Reduced formula:  Ca5Cu2(IrO6)2
 space group: (P1), space number:  (1)
 abc:  6.537223   6.548190   6.568973
 angles: 90.758942  91.881896  91.111215
 sites: 21
Cu K edge XANES using RPA corehole.
Using:     * Self-Consistent Field potentials
Using cards:   ATOMS CONTROL EXCHANGE TITLE RPATH POTENTIALS XANES EDGE SCF FMS S02 COREHOLE EGRID

Calculating atomic potentials ...
    overlapped atomic potential and density for unique potential    0
    overlapped atomic potential and density for unique potential    1
    overlapped atomic potential and density for unique potential    2
    overlapped atomic potential and density for unique potential    3
    overlapped atomic potential and density for unique potential    4
Done with module: atomic potentials.

Calculating SCF potentials ...
FEFF-serial using 1 thread.
Muffin tin radii and interstitial parameters [bohr]:
type, norman radius, muffin tin, overlap factor
    0  1.31403E+00  1.24545E+00  1.14744E+00
    1  1.72277E+00  1.65271E+00  1.10977E+00
    2  1.32043E+00  1.25295E+00  1.14373E+00
    3  1.40787E+00  1.29364E+00  1.15000E+00
    4  1.09439E+00  1.04001E+00  1.13898E+00
Core-valence separation energy:  ecv=   -40.000 eV
Initial Fermi level:              mu=    -0.793 eV
SCF ITERATION NUMBER  1
     point #   1  energy = -40.000
FMS for a cluster of  112 atoms around atom type   0
FMS for a cluster of  102 atoms around atom type   1
FMS for a cluster of   84 atoms around atom type   2
FMS for a cluster of  109 atoms around atom type   3
FMS for a cluster of  109 atoms around atom type   4
     point #  20  energy = -28.920
     point #  40  energy =  -9.792
     point #  60  energy =  -7.870
     point #  80  energy =  -6.773
New Fermi level:    mu=  -6.670 eV  Charge distance=  1.5592 (partial c.d.=  7.5306)
SCF ITERATION NUMBER  1
     point #   1  energy = -40.000
FMS for a cluster of  112 atoms around atom type   0
FMS for a cluster of  102 atoms around atom type   1
FMS for a cluster of   84 atoms around atom type   2
FMS for a cluster of  109 atoms around atom type   3
FMS for a cluster of  109 atoms around atom type   4
     point #  20  energy = -28.890
     point #  40  energy =  -8.690
     point #  60  energy =  -6.683
     point #  80  energy =  -9.433
     point # 100  energy =  -9.561
New Fermi level:    mu=  -9.586 eV  Charge distance=  0.5175 (partial c.d.=  8.1428)
SCF ITERATION NUMBER  1
     point #   1  energy = -40.000
FMS for a cluster of  112 atoms around atom type   0
FMS for a cluster of  102 atoms around atom type   1
FMS for a cluster of   84 atoms around atom type   2
FMS for a cluster of  109 atoms around atom type   3
FMS for a cluster of  109 atoms around atom type   4
     point #  20  energy = -28.848
     point #  40  energy =  -9.586
     point #  60  energy =  -9.676
     point #  80  energy = -10.533
New Fermi level:    mu= -10.600 eV  Charge distance=  0.2729 (partial c.d.=  0.7826)
SCF ITERATION NUMBER  2
     point #   1  energy = -40.000
     point #  20  energy = -28.848
     point #  40  energy = -10.600
New Fermi level:    mu= -10.632 eV  Charge distance=  0.3801 (partial c.d.=  0.3093)
SCF ITERATION NUMBER  3
     point #   1  energy = -40.000
     point #  20  energy = -28.860
     point #  40  energy = -10.632
     point #  60  energy = -10.541
     point #  80  energy =  -8.179
New Fermi level:    mu=  -7.675 eV  Charge distance=  0.4200 (partial c.d.=  3.2880)
SCF ITERATION NUMBER  4
     point #   1  energy = -40.000
     point #  20  energy = -28.888
     point #  40  energy =  -8.685
     point #  60  energy =  -7.716
     point #  80  energy = -10.310
     point # 100  energy = -10.253
New Fermi level:    mu= -10.283 eV  Charge distance=  0.0458 (partial c.d.=  3.4565)
SCF ITERATION NUMBER  5
     point #   1  energy = -40.000
     point #  20  energy = -28.728
     point #  40  energy = -10.283
New Fermi level:    mu= -10.274 eV  Charge distance=  0.1459 (partial c.d.=  0.0397)
SCF ITERATION NUMBER  6
     point #   1  energy = -40.000
     point #  20  energy = -28.725
     point #  40  energy = -10.274
     point #  60  energy = -10.199
New Fermi level:    mu= -10.180 eV  Charge distance=  0.0439 (partial c.d.=  0.2825)
SCF ITERATION NUMBER  7
     point #   1  energy = -40.000
     point #  20  energy = -28.689
     point #  40  energy = -10.180
     point #  60  energy = -10.055
New Fermi level:    mu=  -9.988 eV  Charge distance=  0.0271 (partial c.d.=  0.1393)
SCF ITERATION NUMBER  8
     point #   1  energy = -40.000
     point #  20  energy = -28.996
     point #  40  energy =  -9.988
     point #  60  energy =  -9.926
New Fermi level:    mu=  -9.919 eV  Charge distance=  0.0331 (partial c.d.=  0.0511)
SCF ITERATION NUMBER  9
     point #   1  energy = -40.000
     point #  20  energy = -28.970
     point #  40  energy =  -9.919
     point #  60  energy =  -9.856
New Fermi level:    mu=  -9.845 eV  Charge distance=  0.0140 (partial c.d.=  0.0924)
SCF ITERATION NUMBER 10
     point #   1  energy = -40.000
     point #  20  energy = -28.943
     point #  40  energy =  -9.845
New Fermi level:    mu=  -9.859 eV  Charge distance=  0.0049 (partial c.d.=  0.1332)
SCF ITERATION NUMBER 11
     point #   1  energy = -40.000
     point #  20  energy = -28.948
     point #  40  energy =  -9.859
New Fermi level:    mu=  -9.868 eV  Charge distance=  0.0075 (partial c.d.=  0.0803)
SCF ITERATION NUMBER 12
     point #   1  energy = -40.000
     point #  20  energy = -28.952
     point #  40  energy =  -9.868
New Fermi level:    mu=  -9.846 eV  Charge distance=  0.0015 (partial c.d.=  0.0137)
SCF ITERATION NUMBER 13
     point #   1  energy = -40.000
     point #  20  energy = -28.944
     point #  40  energy =  -9.846
New Fermi level:    mu=  -9.846 eV  Charge distance=  0.0014 (partial c.d.=  0.0135)
SCF ITERATION NUMBER 14
     point #   1  energy = -40.000
     point #  20  energy = -28.943
     point #  40  energy =  -9.846
New Fermi level:    mu=  -9.849 eV  Charge distance=  0.0003 (partial c.d.=  0.0044)
SCF ITERATION NUMBER 15
     point #   1  energy = -40.000
     point #  20  energy = -28.945
     point #  40  energy =  -9.849
New Fermi level:    mu=  -9.848 eV  Charge distance=  0.0005 (partial c.d.=  0.0006)
SCF ITERATION NUMBER 16
     point #   1  energy = -40.000
     point #  20  energy = -28.944
     point #  40  energy =  -9.848
New Fermi level:    mu=  -9.847 eV  Charge distance=  0.0003 (partial c.d.=  0.0008)
SCF ITERATION NUMBER 17
     point #   1  energy = -40.000
     point #  20  energy = -28.944
     point #  40  energy =  -9.847
New Fermi level:    mu=  -9.847 eV  Charge distance=  0.0000 (partial c.d.=  0.0005)
SCF ITERATION NUMBER 18
     point #   1  energy = -40.000
     point #  20  energy = -28.944
     point #  40  energy =  -9.847
New Fermi level:    mu=  -9.847 eV  Charge distance=  0.0000 (partial c.d.=  0.0001)
Electronic configuration
  type     l     N_el
     0     0    0.484
     0     1    0.544
     0     2    9.463
     0     3    0.000
     1     0    0.325
     1     1    6.509
     1     2    0.938
     1     3    0.000
     2     0    0.479
     2     1    0.535
     2     2    9.480
     2     3    0.000
     3     0    0.589
     3     1    0.793
     3     2    7.082
     3     3    0.000
     4     0    1.839
     4     1    4.359
     4     2    0.071
     4     3    0.000
Charge transfer:  type  charge
       0   -0.509
       1   -0.228
       2   -0.506
       3   -0.536
       4    0.269
Convergence reached in   18 iterations.
Done with module: potentials.

Calculating screened core-hole potential ...
FMS for a cluster of   21 atoms around iph =   0
    0% of energy integration
   20%
   40%
   60%
   80%
  100%
Preparing response function.
Computing (1 - K Chi0)^-1 v_ch
Done with module: screened core-hole potential.

Calculating cross-section and phases ...
    absorption cross section
 x0,dx,rnrm,inrm,jnrm   8.80000000000000       5.000000000000000E-002
   2.48316501900012              195         196
    phase shifts for unique potential    0
    phase shifts for unique potential    1
    phase shifts for unique potential    2
    phase shifts for unique potential    3
    phase shifts for unique potential    4
Done with module: cross-section and phases (XSPH).

FMS calculation of full Green's function ...
FEFF-serial using 1 thread.
Using   194 energy points.
xprep done
FMS for a cluster of  225 atoms
Energy point    1/ 194
Energy point   10/ 194
Energy point   20/ 194
Energy point   30/ 194
Energy point   40/ 194
Energy point   50/ 194
Energy point   60/ 194
Energy point   70/ 194
Energy point   80/ 194
Energy point   90/ 194
Energy point  100/ 194
Energy point  110/ 194
Energy point  120/ 194
Energy point  130/ 194
Energy point  140/ 194
Energy point  150/ 194
Energy point  160/ 194
Energy point  170/ 194
Energy point  180/ 194
Energy point  190/ 194
Done with module: FMS.

MKGTR: Tracing over Green's function ...
Done with module: MKGTR.

Pathfinder: finding scattering paths...
Preparing plane wave scattering amplitudes
Searching for paths
Eliminating path degeneracies
0 paths retained.
Done with module: pathfinder.

Calculating EXAFS parameters ...
Done with module: EXAFS parameters (GENFMT).

Calculating XAS spectra ...
Done with module: XAS spectra (FF2X: DW + final sum over paths).

 
### feff ends at Sun Aug 13 22:22:59 EDT 2023
 
