### feff starts at Sun Aug 13 09:26:10 EDT 2023
### Serial version
### FeffPath is /sdcc/u/mcarbone/software/JFEFF/hsw/feff90/linux
 
Launching FEFF version FEFF 9.9.1
Resetting lmaxsc to 2 for iph =    1.  Use  UNFREEZE to prevent this.
Resetting lmaxsc to 2 for iph =    3.  Use  UNFREEZE to prevent this.
Core hole lifetime is   1.729 eV.
Your calculation:
 comment: None given
 Source:
 Structure Summary:  Yb2 Cu2 W4 O16
 Reduced formula:  YbCu(WO4)2
 space group: (P2/c), space number:  (13)
 abc:  6.034567   5.062207  10.831941
 angles: 65.507432  90.000000  90.000000
 sites: 24
Cu K edge XANES using RPA corehole.
Using:     * Self-Consistent Field potentials
Using cards:   ATOMS CONTROL EXCHANGE TITLE RPATH POTENTIALS XANES EDGE SCF FMS S02 COREHOLE EGRID

Calculating atomic potentials ...
    overlapped atomic potential and density for unique potential    0
    overlapped atomic potential and density for unique potential    1
    overlapped atomic potential and density for unique potential    2
    overlapped atomic potential and density for unique potential    3
    overlapped atomic potential and density for unique potential    4
Done with module: atomic potentials.

Calculating SCF potentials ...
FEFF-serial using 1 thread.
Muffin tin radii and interstitial parameters [bohr]:
type, norman radius, muffin tin, overlap factor
    0  1.35974E+00  1.28099E+00  1.15000E+00
    1  1.69549E+00  1.61039E+00  1.14065E+00
    2  1.35977E+00  1.28101E+00  1.15000E+00
    3  1.42044E+00  1.25746E+00  1.15000E+00
    4  1.07663E+00  9.73675E-01  1.15000E+00
Core-valence separation energy:  ecv=   -37.000 eV
Initial Fermi level:              mu=     3.424 eV
SCF ITERATION NUMBER  1
     point #   1  energy = -37.000
FMS for a cluster of  119 atoms around atom type   0
FMS for a cluster of  103 atoms around atom type   1
FMS for a cluster of   86 atoms around atom type   2
FMS for a cluster of  104 atoms around atom type   3
FMS for a cluster of  112 atoms around atom type   4
     point #  20  energy = -25.878
     point #  40  energy =  -6.640
     point #  60  energy =  -5.097
New Fermi level:    mu=  -4.808 eV  Charge distance=  1.5213 (partial c.d.=  6.5992)
SCF ITERATION NUMBER  1
     point #   1  energy = -37.000
FMS for a cluster of  119 atoms around atom type   0
FMS for a cluster of  103 atoms around atom type   1
FMS for a cluster of   86 atoms around atom type   2
FMS for a cluster of  104 atoms around atom type   3
FMS for a cluster of  112 atoms around atom type   4
     point #  20  energy = -25.934
     point #  40  energy =  -5.814
     point #  60  energy =  -4.849
     point #  80  energy =  -5.358
New Fermi level:    mu=  -5.136 eV  Charge distance=  0.6268 (partial c.d.=  7.9681)
SCF ITERATION NUMBER  1
     point #   1  energy = -37.000
FMS for a cluster of  119 atoms around atom type   0
FMS for a cluster of  103 atoms around atom type   1
FMS for a cluster of   86 atoms around atom type   2
FMS for a cluster of  104 atoms around atom type   3
FMS for a cluster of  112 atoms around atom type   4
     point #  20  energy = -25.693
     point #  40  energy =  -5.136
     point #  60  energy =  -5.177
     point #  80  energy =  -5.667
New Fermi level:    mu=  -5.591 eV  Charge distance=  0.3015 (partial c.d.=  0.8415)
SCF ITERATION NUMBER  2
     point #   1  energy = -37.000
     point #  20  energy = -25.855
     point #  40  energy =  -5.591
     point #  60  energy =  -5.659
New Fermi level:    mu=  -5.766 eV  Charge distance=  0.4715 (partial c.d.=  0.2635)
SCF ITERATION NUMBER  3
     point #   1  energy = -37.000
     point #  20  energy = -25.917
     point #  40  energy =  -5.766
     point #  60  energy =  -5.726
     point #  80  energy =  -5.032
New Fermi level:    mu=  -5.025 eV  Charge distance=  0.5226 (partial c.d.=  7.0414)
SCF ITERATION NUMBER  4
     point #   1  energy = -37.000
     point #  20  energy = -26.009
     point #  40  energy =  -6.024
     point #  60  energy =  -5.065
     point #  80  energy =  -5.669
New Fermi level:    mu=  -5.545 eV  Charge distance=  0.0610 (partial c.d.=  7.1790)
SCF ITERATION NUMBER  5
     point #   1  energy = -37.000
     point #  20  energy = -25.839
     point #  40  energy =  -5.545
New Fermi level:    mu=  -5.536 eV  Charge distance=  0.0910 (partial c.d.=  0.0188)
SCF ITERATION NUMBER  6
     point #   1  energy = -37.000
     point #  20  energy = -25.836
     point #  40  energy =  -5.536
     point #  60  energy =  -5.586
New Fermi level:    mu=  -5.617 eV  Charge distance=  0.0567 (partial c.d.=  0.1047)
SCF ITERATION NUMBER  7
     point #   1  energy = -37.000
     point #  20  energy = -25.864
     point #  40  energy =  -5.617
     point #  60  energy =  -5.667
New Fermi level:    mu=  -5.669 eV  Charge distance=  0.1288 (partial c.d.=  0.0769)
SCF ITERATION NUMBER  8
     point #   1  energy = -37.000
     point #  20  energy = -25.883
     point #  40  energy =  -5.669
     point #  60  energy =  -5.719
New Fermi level:    mu=  -5.766 eV  Charge distance=  0.0160 (partial c.d.=  0.2058)
SCF ITERATION NUMBER  9
     point #   1  energy = -37.000
     point #  20  energy = -25.917
     point #  40  energy =  -5.766
New Fermi level:    mu=  -5.768 eV  Charge distance=  0.0570 (partial c.d.=  0.0335)
SCF ITERATION NUMBER 10
     point #   1  energy = -37.000
     point #  20  energy = -25.918
     point #  40  energy =  -5.768
New Fermi level:    mu=  -5.796 eV  Charge distance=  0.0259 (partial c.d.=  0.0639)
SCF ITERATION NUMBER 11
     point #   1  energy = -37.000
     point #  20  energy = -25.928
     point #  40  energy =  -5.796
New Fermi level:    mu=  -5.802 eV  Charge distance=  0.0009 (partial c.d.=  0.0159)
SCF ITERATION NUMBER 12
     point #   1  energy = -37.000
     point #  20  energy = -25.930
     point #  40  energy =  -5.802
New Fermi level:    mu=  -5.799 eV  Charge distance=  0.0014 (partial c.d.=  0.0020)
SCF ITERATION NUMBER 13
     point #   1  energy = -37.000
     point #  20  energy = -25.929
     point #  40  energy =  -5.799
New Fermi level:    mu=  -5.795 eV  Charge distance=  0.0004 (partial c.d.=  0.0011)
SCF ITERATION NUMBER 14
     point #   1  energy = -37.000
     point #  20  energy = -25.927
     point #  40  energy =  -5.795
New Fermi level:    mu=  -5.793 eV  Charge distance=  0.0002 (partial c.d.=  0.0013)
SCF ITERATION NUMBER 15
     point #   1  energy = -37.000
     point #  20  energy = -25.927
     point #  40  energy =  -5.793
New Fermi level:    mu=  -5.794 eV  Charge distance=  0.0002 (partial c.d.=  0.0005)
SCF ITERATION NUMBER 16
     point #   1  energy = -37.000
     point #  20  energy = -25.927
     point #  40  energy =  -5.794
New Fermi level:    mu=  -5.794 eV  Charge distance=  0.0000 (partial c.d.=  0.0006)
SCF ITERATION NUMBER 17
     point #   1  energy = -37.000
     point #  20  energy = -25.927
     point #  40  energy =  -5.794
New Fermi level:    mu=  -5.794 eV  Charge distance=  0.0000 (partial c.d.=  0.0001)
Electronic configuration
  type     l     N_el
     0     0    0.523
     0     1    0.604
     0     2    9.611
     0     3    0.000
     1     0    0.466
     1     1    6.575
     1     2    1.487
     1     3    0.000
     2     0    0.528
     2     1    0.612
     2     2    9.613
     2     3    0.000
     3     0    0.564
     3     1    0.835
     3     2    3.895
     3     3    0.000
     4     0    1.815
     4     1    4.365
     4     2    0.087
     4     3    0.000
Charge transfer:  type  charge
       0   -0.262
       1   -0.472
       2   -0.247
       3   -0.706
       4    0.266
Convergence reached in   17 iterations.
Done with module: potentials.

Calculating screened core-hole potential ...
FMS for a cluster of   21 atoms around iph =   0
    0% of energy integration
   20%
   40%
   60%
   80%
  100%
Preparing response function.
Computing (1 - K Chi0)^-1 v_ch
Done with module: screened core-hole potential.

Calculating cross-section and phases ...
    absorption cross section
 x0,dx,rnrm,inrm,jnrm   8.80000000000000       5.000000000000000E-002
   2.56952699499997              195         196
    phase shifts for unique potential    0
    phase shifts for unique potential    1
    phase shifts for unique potential    2
    phase shifts for unique potential    3
    phase shifts for unique potential    4
Done with module: cross-section and phases (XSPH).

FMS calculation of full Green's function ...
FEFF-serial using 1 thread.
Using   194 energy points.
xprep done
FMS for a cluster of  231 atoms
Energy point    1/ 194
Energy point   10/ 194
Energy point   20/ 194
Energy point   30/ 194
Energy point   40/ 194
Energy point   50/ 194
Energy point   60/ 194
Energy point   70/ 194
Energy point   80/ 194
Energy point   90/ 194
Energy point  100/ 194
Energy point  110/ 194
Energy point  120/ 194
Energy point  130/ 194
Energy point  140/ 194
Energy point  150/ 194
Energy point  160/ 194
Energy point  170/ 194
Energy point  180/ 194
Energy point  190/ 194
Done with module: FMS.

MKGTR: Tracing over Green's function ...
Done with module: MKGTR.

Pathfinder: finding scattering paths...
Preparing plane wave scattering amplitudes
Searching for paths
Eliminating path degeneracies
0 paths retained.
Done with module: pathfinder.

Calculating EXAFS parameters ...
Done with module: EXAFS parameters (GENFMT).

Calculating XAS spectra ...
Done with module: XAS spectra (FF2X: DW + final sum over paths).

 
### feff ends at Sun Aug 13 11:08:40 EDT 2023
 
