### feff starts at Mon Aug 14 07:30:18 EDT 2023
### Serial version
### FeffPath is /sdcc/u/mcarbone/software/JFEFF/hsw/feff90/linux
 
Launching FEFF version FEFF 9.9.1
Core hole lifetime is   1.729 eV.
Your calculation:
 comment: None given
 Source:
 Structure Summary:  Cu8 Sb8 As16 O56
 Reduced formula:  CuSbAs2O7
 space group: (P-1), space number:  (2)
 abc: 11.273977  12.790094  12.803475
 angles: 78.804239  63.936168  63.856564
 sites: 88
Cu K edge XANES using RPA corehole.
Using:     * Self-Consistent Field potentials
Using cards:   ATOMS CONTROL EXCHANGE TITLE RPATH POTENTIALS XANES EDGE SCF FMS S02 COREHOLE EGRID

Calculating atomic potentials ...
    overlapped atomic potential and density for unique potential    0
    overlapped atomic potential and density for unique potential    1
    overlapped atomic potential and density for unique potential    2
    overlapped atomic potential and density for unique potential    3
    overlapped atomic potential and density for unique potential    4
Done with module: atomic potentials.

Calculating SCF potentials ...
FEFF-serial using 1 thread.
Muffin tin radii and interstitial parameters [bohr]:
type, norman radius, muffin tin, overlap factor
    0  1.33046E+00  1.22860E+00  1.15000E+00
    1  1.33048E+00  1.22861E+00  1.15000E+00
    2  1.47350E+00  1.28936E+00  1.15000E+00
    3  1.39356E+00  1.16464E+00  1.15000E+00
    4  1.12047E+00  9.82153E-01  1.15000E+00
Core-valence separation energy:  ecv=   -46.000 eV
Initial Fermi level:              mu=     4.360 eV
SCF ITERATION NUMBER  1
     point #   1  energy = -46.000
FMS for a cluster of   91 atoms around atom type   0
FMS for a cluster of   59 atoms around atom type   1
FMS for a cluster of   83 atoms around atom type   2
FMS for a cluster of   72 atoms around atom type   3
FMS for a cluster of   88 atoms around atom type   4
     point #  20  energy = -34.905
     point #  40  energy = -14.655
     point #  60  energy =  -5.027
     point #  80  energy =  -3.936
New Fermi level:    mu=  -3.944 eV  Charge distance=  1.1085 (partial c.d.= 10.7782)
SCF ITERATION NUMBER  1
     point #   1  energy = -46.000
FMS for a cluster of   91 atoms around atom type   0
FMS for a cluster of   59 atoms around atom type   1
FMS for a cluster of   83 atoms around atom type   2
FMS for a cluster of   72 atoms around atom type   3
FMS for a cluster of   88 atoms around atom type   4
     point #  20  energy = -34.985
     point #  40  energy = -14.959
     point #  60  energy =  -3.944
     point #  80  energy =  -4.578
     point # 100  energy =  -6.428
New Fermi level:    mu=  -6.326 eV  Charge distance=  0.3885 (partial c.d.=  5.8836)
SCF ITERATION NUMBER  1
     point #   1  energy = -46.000
FMS for a cluster of   91 atoms around atom type   0
FMS for a cluster of   59 atoms around atom type   1
FMS for a cluster of   83 atoms around atom type   2
FMS for a cluster of   72 atoms around atom type   3
FMS for a cluster of   88 atoms around atom type   4
     point #  20  energy = -34.810
     point #  40  energy = -14.464
     point #  60  energy =  -6.326
New Fermi level:    mu=  -6.515 eV  Charge distance=  0.2212 (partial c.d.=  0.1811)
SCF ITERATION NUMBER  2
     point #   1  energy = -46.000
     point #  20  energy = -34.863
     point #  40  energy = -14.614
     point #  60  energy =  -6.515
New Fermi level:    mu=  -6.405 eV  Charge distance=  0.3451 (partial c.d.=  0.3483)
SCF ITERATION NUMBER  3
     point #   1  energy = -46.000
     point #  20  energy = -34.832
     point #  40  energy = -14.527
     point #  60  energy =  -6.405
     point #  80  energy =  -5.337
New Fermi level:    mu=  -5.230 eV  Charge distance=  0.3273 (partial c.d.=  1.7385)
SCF ITERATION NUMBER  4
     point #   1  energy = -46.000
     point #  20  energy = -34.788
     point #  40  energy = -14.403
     point #  60  energy =  -5.230
     point #  80  energy =  -6.186
New Fermi level:    mu=  -6.478 eV  Charge distance=  0.0906 (partial c.d.=  2.0524)
SCF ITERATION NUMBER  5
     point #   1  energy = -46.000
     point #  20  energy = -34.853
     point #  40  energy = -14.585
     point #  60  energy =  -6.478
New Fermi level:    mu=  -6.505 eV  Charge distance=  0.1564 (partial c.d.=  0.0651)
SCF ITERATION NUMBER  6
     point #   1  energy = -46.000
     point #  20  energy = -34.860
     point #  40  energy = -14.606
     point #  60  energy =  -6.505
New Fermi level:    mu=  -6.406 eV  Charge distance=  0.0271 (partial c.d.=  0.3652)
SCF ITERATION NUMBER  7
     point #   1  energy = -46.000
     point #  20  energy = -34.833
     point #  40  energy = -14.528
     point #  60  energy =  -6.406
New Fermi level:    mu=  -6.374 eV  Charge distance=  0.0097 (partial c.d.=  0.1273)
SCF ITERATION NUMBER  8
     point #   1  energy = -46.000
     point #  20  energy = -34.823
     point #  40  energy = -14.502
     point #  60  energy =  -6.374
New Fermi level:    mu=  -6.373 eV  Charge distance=  0.0084 (partial c.d.=  0.0615)
SCF ITERATION NUMBER  9
     point #   1  energy = -46.000
     point #  20  energy = -34.823
     point #  40  energy = -14.501
     point #  60  energy =  -6.373
New Fermi level:    mu=  -6.375 eV  Charge distance=  0.0076 (partial c.d.=  0.0349)
SCF ITERATION NUMBER 10
     point #   1  energy = -46.000
     point #  20  energy = -34.824
     point #  40  energy = -14.503
     point #  60  energy =  -6.375
New Fermi level:    mu=  -6.369 eV  Charge distance=  0.0074 (partial c.d.=  0.0077)
SCF ITERATION NUMBER 11
     point #   1  energy = -46.000
     point #  20  energy = -34.822
     point #  40  energy = -14.498
     point #  60  energy =  -6.369
New Fermi level:    mu=  -6.366 eV  Charge distance=  0.0024 (partial c.d.=  0.0015)
SCF ITERATION NUMBER 12
     point #   1  energy = -46.000
     point #  20  energy = -34.821
     point #  40  energy = -14.496
     point #  60  energy =  -6.366
New Fermi level:    mu=  -6.361 eV  Charge distance=  0.0004 (partial c.d.=  0.0069)
SCF ITERATION NUMBER 13
     point #   1  energy = -46.000
     point #  20  energy = -34.820
     point #  40  energy = -14.492
     point #  60  energy =  -6.361
New Fermi level:    mu=  -6.361 eV  Charge distance=  0.0001 (partial c.d.=  0.0017)
SCF ITERATION NUMBER 14
     point #   1  energy = -46.000
     point #  20  energy = -34.820
     point #  40  energy = -14.492
     point #  60  energy =  -6.361
New Fermi level:    mu=  -6.361 eV  Charge distance=  0.0002 (partial c.d.=  0.0001)
Electronic configuration
  type     l     N_el
     0     0    0.483
     0     1    0.669
     0     2    9.573
     0     3    0.000
     1     0    0.483
     1     1    0.669
     1     2    9.574
     1     3    0.000
     2     0    1.386
     2     1    1.858
     2     2   10.762
     2     3    0.000
     3     0    1.685
     3     1    2.126
     3     2   10.636
     3     3    0.000
     4     0    1.897
     4     1    4.364
     4     2    0.078
     4     3    0.000
Charge transfer:  type  charge
       0   -0.276
       1   -0.275
       2   -0.993
       3   -0.553
       4    0.339
Convergence reached in   14 iterations.
Done with module: potentials.

Calculating screened core-hole potential ...
FMS for a cluster of   15 atoms around iph =   0
    0% of energy integration
   20%
   40%
   60%
   80%
  100%
Preparing response function.
Computing (1 - K Chi0)^-1 v_ch
Done with module: screened core-hole potential.

Calculating cross-section and phases ...
    absorption cross section
 x0,dx,rnrm,inrm,jnrm   8.80000000000000       5.000000000000000E-002
   2.51420233899990              195         196
    phase shifts for unique potential    0
    phase shifts for unique potential    1
    phase shifts for unique potential    2
    phase shifts for unique potential    3
    phase shifts for unique potential    4
Done with module: cross-section and phases (XSPH).

FMS calculation of full Green's function ...
FEFF-serial using 1 thread.
Using   194 energy points.
xprep done
FMS for a cluster of  176 atoms
Energy point    1/ 194
Energy point   10/ 194
Energy point   20/ 194
Energy point   30/ 194
Energy point   40/ 194
Energy point   50/ 194
Energy point   60/ 194
Energy point   70/ 194
Energy point   80/ 194
Energy point   90/ 194
Energy point  100/ 194
Energy point  110/ 194
Energy point  120/ 194
Energy point  130/ 194
Energy point  140/ 194
Energy point  150/ 194
Energy point  160/ 194
Energy point  170/ 194
Energy point  180/ 194
Energy point  190/ 194
Done with module: FMS.

MKGTR: Tracing over Green's function ...
Done with module: MKGTR.

Pathfinder: finding scattering paths...
Preparing plane wave scattering amplitudes
Searching for paths
Eliminating path degeneracies
0 paths retained.
Done with module: pathfinder.

Calculating EXAFS parameters ...
Done with module: EXAFS parameters (GENFMT).

Calculating XAS spectra ...
Done with module: XAS spectra (FF2X: DW + final sum over paths).

 
### feff ends at Mon Aug 14 08:23:01 EDT 2023
 
