### feff starts at Mon Aug 14 09:41:19 EDT 2023
### Serial version
### FeffPath is /sdcc/u/mcarbone/software/JFEFF/hsw/feff90/linux
 
Launching FEFF version FEFF 9.9.1
Core hole lifetime is   1.729 eV.
Your calculation:
 comment: None given
 Source:
 Structure Summary:  Mg4 Mn8 Cu8 O32
 Reduced formula:  MgMn2(CuO4)2
 space group: (P2_1/c), space number:  (14)
 abc:  6.424372   8.279897  11.899270
 angles: 90.000000  90.165623  90.000000
 sites: 52
Cu K edge XANES using RPA corehole.
Using:     * Self-Consistent Field potentials
Using cards:   ATOMS CONTROL EXCHANGE TITLE RPATH POTENTIALS XANES EDGE SCF FMS S02 COREHOLE EGRID

Calculating atomic potentials ...
    overlapped atomic potential and density for unique potential    0
    overlapped atomic potential and density for unique potential    1
    overlapped atomic potential and density for unique potential    2
    overlapped atomic potential and density for unique potential    3
    overlapped atomic potential and density for unique potential    4
Done with module: atomic potentials.

Calculating SCF potentials ...
FEFF-serial using 1 thread.
Muffin tin radii and interstitial parameters [bohr]:
type, norman radius, muffin tin, overlap factor
    0  1.32057E+00  1.22821E+00  1.15000E+00
    1  1.45508E+00  1.37801E+00  1.15000E+00
    2  1.28160E+00  1.07631E+00  1.15000E+00
    3  1.30969E+00  1.23260E+00  1.15000E+00
    4  1.09585E+00  9.39274E-01  1.15000E+00
Core-valence separation energy:  ecv=   -40.000 eV
Initial Fermi level:              mu=     2.166 eV
SCF ITERATION NUMBER  1
     point #   1  energy = -40.000
FMS for a cluster of  124 atoms around atom type   0
FMS for a cluster of  115 atoms around atom type   1
FMS for a cluster of  114 atoms around atom type   2
FMS for a cluster of  114 atoms around atom type   3
FMS for a cluster of  121 atoms around atom type   4
     point #  20  energy = -28.931
     point #  40  energy =  -8.681
     point #  60  energy =  -6.453
     point #  80  energy =  -5.693
New Fermi level:    mu=  -5.581 eV  Charge distance=  1.6352 (partial c.d.=  9.3718)
SCF ITERATION NUMBER  1
     point #   1  energy = -40.000
FMS for a cluster of  124 atoms around atom type   0
FMS for a cluster of  115 atoms around atom type   1
FMS for a cluster of  114 atoms around atom type   2
FMS for a cluster of  114 atoms around atom type   3
FMS for a cluster of  121 atoms around atom type   4
     point #  20  energy = -28.864
     point #  40  energy =  -8.618
     point #  60  energy =  -5.568
New Fermi level:    mu=  -5.283 eV  Charge distance=  0.9787 (partial c.d.=  8.6026)
SCF ITERATION NUMBER  1
     point #   1  energy = -40.000
FMS for a cluster of  124 atoms around atom type   0
FMS for a cluster of  115 atoms around atom type   1
FMS for a cluster of  114 atoms around atom type   2
FMS for a cluster of  114 atoms around atom type   3
FMS for a cluster of  121 atoms around atom type   4
     point #  20  energy = -28.768
     point #  40  energy =  -8.347
     point #  60  energy =  -5.296
     point #  80  energy =  -7.618
     point # 100  energy =  -9.408
New Fermi level:    mu=  -9.363 eV  Charge distance=  0.2800 (partial c.d.=  5.1301)
SCF ITERATION NUMBER  2
     point #   1  energy = -40.000
     point #  20  energy = -28.767
     point #  40  energy =  -9.363
     point #  60  energy =  -9.273
     point #  80  energy =  -7.691
New Fermi level:    mu=  -7.545 eV  Charge distance=  0.3157 (partial c.d.=  2.1022)
SCF ITERATION NUMBER  3
     point #   1  energy = -40.000
     point #  20  energy = -28.844
     point #  40  energy =  -8.560
     point #  60  energy =  -7.586
     point #  80  energy =  -8.914
New Fermi level:    mu=  -8.903 eV  Charge distance=  0.1500 (partial c.d.=  3.7845)
SCF ITERATION NUMBER  4
     point #   1  energy = -40.000
     point #  20  energy = -28.966
     point #  40  energy =  -8.903
     point #  60  energy =  -8.853
New Fermi level:    mu=  -8.829 eV  Charge distance=  0.0901 (partial c.d.=  2.7564)
SCF ITERATION NUMBER  5
     point #   1  energy = -40.000
     point #  20  energy = -28.939
     point #  40  energy =  -8.829
     point #  60  energy =  -8.879
New Fermi level:    mu=  -8.947 eV  Charge distance=  0.0482 (partial c.d.=  0.7001)
SCF ITERATION NUMBER  6
     point #   1  energy = -40.000
     point #  20  energy = -28.981
     point #  40  energy =  -8.947
     point #  60  energy =  -8.897
New Fermi level:    mu=  -8.879 eV  Charge distance=  0.0604 (partial c.d.=  0.1946)
SCF ITERATION NUMBER  7
     point #   1  energy = -40.000
     point #  20  energy = -28.957
     point #  40  energy =  -8.879
     point #  60  energy =  -8.829
New Fermi level:    mu=  -8.782 eV  Charge distance=  0.0565 (partial c.d.=  0.6935)
SCF ITERATION NUMBER  8
     point #   1  energy = -40.000
     point #  20  energy = -28.923
     point #  40  energy =  -8.782
     point #  60  energy =  -8.732
New Fermi level:    mu=  -8.644 eV  Charge distance=  0.0303 (partial c.d.=  0.5067)
SCF ITERATION NUMBER  9
     point #   1  energy = -40.000
     point #  20  energy = -28.874
     point #  40  energy =  -8.644
New Fermi level:    mu=  -8.655 eV  Charge distance=  0.0012 (partial c.d.=  0.3061)
SCF ITERATION NUMBER 10
     point #   1  energy = -40.000
     point #  20  energy = -28.878
     point #  40  energy =  -8.655
New Fermi level:    mu=  -8.641 eV  Charge distance=  0.0038 (partial c.d.=  0.0103)
SCF ITERATION NUMBER 11
     point #   1  energy = -40.000
     point #  20  energy = -28.873
     point #  40  energy =  -8.641
New Fermi level:    mu=  -8.624 eV  Charge distance=  0.0009 (partial c.d.=  0.0129)
SCF ITERATION NUMBER 12
     point #   1  energy = -40.000
     point #  20  energy = -28.867
     point #  40  energy =  -8.624
New Fermi level:    mu=  -8.620 eV  Charge distance=  0.0009 (partial c.d.=  0.0046)
SCF ITERATION NUMBER 13
     point #   1  energy = -40.000
     point #  20  energy = -28.865
     point #  40  energy =  -8.620
New Fermi level:    mu=  -8.618 eV  Charge distance=  0.0003 (partial c.d.=  0.0011)
SCF ITERATION NUMBER 14
     point #   1  energy = -40.000
     point #  20  energy = -28.864
     point #  40  energy =  -8.618
New Fermi level:    mu=  -8.620 eV  Charge distance=  0.0004 (partial c.d.=  0.0024)
SCF ITERATION NUMBER 15
     point #   1  energy = -40.000
     point #  20  energy = -28.865
     point #  40  energy =  -8.620
New Fermi level:    mu=  -8.624 eV  Charge distance=  0.0001 (partial c.d.=  0.0027)
SCF ITERATION NUMBER 16
     point #   1  energy = -40.000
     point #  20  energy = -28.867
     point #  40  energy =  -8.624
New Fermi level:    mu=  -8.624 eV  Charge distance=  0.0000 (partial c.d.=  0.0004)
SCF ITERATION NUMBER 17
     point #   1  energy = -40.000
     point #  20  energy = -28.867
     point #  40  energy =  -8.624
New Fermi level:    mu=  -8.624 eV  Charge distance=  0.0001 (partial c.d.=  0.0000)
Electronic configuration
  type     l     N_el
     0     0    0.484
     0     1    0.559
     0     2    9.405
     0     3    0.000
     1     0    0.479
     1     1    0.746
     1     2    0.524
     1     3    0.000
     2     0    0.536
     2     1    0.747
     2     2    5.614
     2     3    0.000
     3     0    0.461
     3     1    0.581
     3     2    9.412
     3     3    0.000
     4     0    1.846
     4     1    4.262
     4     2    0.087
     4     3    0.000
Charge transfer:  type  charge
       0   -0.552
       1   -0.251
       2   -0.104
       3   -0.546
       4    0.194
Convergence reached in   17 iterations.
Done with module: potentials.

Calculating screened core-hole potential ...
FMS for a cluster of   23 atoms around iph =   0
    0% of energy integration
   20%
   40%
   60%
   80%
  100%
Preparing response function.
Computing (1 - K Chi0)^-1 v_ch
Done with module: screened core-hole potential.

Calculating cross-section and phases ...
    absorption cross section
 x0,dx,rnrm,inrm,jnrm   8.80000000000000       5.000000000000000E-002
   2.49551265200004              195         196
    phase shifts for unique potential    0
    phase shifts for unique potential    1
    phase shifts for unique potential    2
    phase shifts for unique potential    3
    phase shifts for unique potential    4
Done with module: cross-section and phases (XSPH).

FMS calculation of full Green's function ...
FEFF-serial using 1 thread.
Using   194 energy points.
xprep done
FMS for a cluster of  250 atoms
Energy point    1/ 194
Energy point   10/ 194
Energy point   20/ 194
Energy point   30/ 194
Energy point   40/ 194
Energy point   50/ 194
Energy point   60/ 194
Energy point   70/ 194
Energy point   80/ 194
Energy point   90/ 194
Energy point  100/ 194
Energy point  110/ 194
Energy point  120/ 194
Energy point  130/ 194
Energy point  140/ 194
Energy point  150/ 194
Energy point  160/ 194
Energy point  170/ 194
Energy point  180/ 194
Energy point  190/ 194
Done with module: FMS.

MKGTR: Tracing over Green's function ...
Done with module: MKGTR.

Pathfinder: finding scattering paths...
Preparing plane wave scattering amplitudes
Searching for paths
Eliminating path degeneracies
0 paths retained.
Done with module: pathfinder.

Calculating EXAFS parameters ...
Done with module: EXAFS parameters (GENFMT).

Calculating XAS spectra ...
Done with module: XAS spectra (FF2X: DW + final sum over paths).

 
### feff ends at Mon Aug 14 11:54:39 EDT 2023
 
