### feff starts at Sun Aug 13 11:50:09 EDT 2023
### Serial version
### FeffPath is /sdcc/u/mcarbone/software/JFEFF/hsw/feff90/linux
 
Launching FEFF version FEFF 9.9.1
Core hole lifetime is   1.729 eV.
Your calculation:
 comment: None given
 Source:
 Structure Summary:  Ti3 Cu3 Te2 O16
 Reduced formula:  Ti3Cu3(TeO8)2
 space group: (Cm), space number:  (8)
 abc:  5.974203   5.974203   9.301705
 angles: 88.707631  88.707631  60.365865
 sites: 24
Cu K edge XANES using RPA corehole.
Using:     * Self-Consistent Field potentials
Using cards:   ATOMS CONTROL EXCHANGE TITLE RPATH POTENTIALS XANES EDGE SCF FMS S02 COREHOLE EGRID

Calculating atomic potentials ...
    overlapped atomic potential and density for unique potential    0
    overlapped atomic potential and density for unique potential    1
    overlapped atomic potential and density for unique potential    2
    overlapped atomic potential and density for unique potential    3
    overlapped atomic potential and density for unique potential    4
Done with module: atomic potentials.

Calculating SCF potentials ...
FEFF-serial using 1 thread.
Muffin tin radii and interstitial parameters [bohr]:
type, norman radius, muffin tin, overlap factor
    0  1.30885E+00  1.24036E+00  1.14790E+00
    1  1.42242E+00  1.27104E+00  1.15000E+00
    2  1.30885E+00  1.24036E+00  1.14790E+00
    3  1.43058E+00  1.26356E+00  1.15000E+00
    4  1.12789E+00  1.02222E+00  1.15000E+00
Core-valence separation energy:  ecv=   -48.500 eV
Initial Fermi level:              mu=     2.043 eV
SCF ITERATION NUMBER  1
     point #   1  energy = -48.500
FMS for a cluster of  125 atoms around atom type   0
FMS for a cluster of  118 atoms around atom type   1
FMS for a cluster of  122 atoms around atom type   2
FMS for a cluster of  116 atoms around atom type   3
FMS for a cluster of  124 atoms around atom type   4
     point #  20  energy = -37.376
     point #  40  energy = -17.126
     point #  60  energy =  -7.123
     point #  80  energy =  -5.435
New Fermi level:    mu=  -5.219 eV  Charge distance=  1.6273 (partial c.d.= 10.8509)
SCF ITERATION NUMBER  1
     point #   1  energy = -48.500
FMS for a cluster of  125 atoms around atom type   0
FMS for a cluster of  118 atoms around atom type   1
FMS for a cluster of  122 atoms around atom type   2
FMS for a cluster of  116 atoms around atom type   3
FMS for a cluster of  124 atoms around atom type   4
     point #  20  energy = -37.428
     point #  40  energy = -17.298
     point #  60  energy =  -5.219
     point #  80  energy =  -5.654
     point # 100  energy =  -9.379
     point # 120  energy = -10.160
     point # 140  energy = -10.476
New Fermi level:    mu= -10.617 eV  Charge distance=  0.5326 (partial c.d.=  8.3907)
SCF ITERATION NUMBER  1
     point #   1  energy = -48.500
FMS for a cluster of  125 atoms around atom type   0
FMS for a cluster of  118 atoms around atom type   1
FMS for a cluster of  122 atoms around atom type   2
FMS for a cluster of  116 atoms around atom type   3
FMS for a cluster of  124 atoms around atom type   4
     point #  20  energy = -37.237
     point #  40  energy = -16.760
     point #  60  energy = -10.617
New Fermi level:    mu= -10.684 eV  Charge distance=  0.3141 (partial c.d.=  0.3485)
SCF ITERATION NUMBER  2
     point #   1  energy = -48.500
     point #  20  energy = -37.257
     point #  40  energy = -16.817
     point #  60  energy = -10.684
     point #  80  energy =  -9.178
     point # 100  energy =  -9.450
New Fermi level:    mu=  -9.461 eV  Charge distance=  0.3545 (partial c.d.=  0.4846)
SCF ITERATION NUMBER  3
     point #   1  energy = -48.500
     point #  20  energy = -37.489
     point #  40  energy = -17.469
     point #  60  energy =  -9.461
     point #  80  energy =  -8.261
New Fermi level:    mu=  -7.927 eV  Charge distance=  0.3404 (partial c.d.=  5.4257)
SCF ITERATION NUMBER  4
     point #   1  energy = -48.500
     point #  20  energy = -37.342
     point #  40  energy = -17.056
     point #  60  energy =  -7.927
     point #  80  energy =  -8.974
     point # 100  energy =  -9.746
New Fermi level:    mu=  -9.759 eV  Charge distance=  0.1335 (partial c.d.=  5.7203)
SCF ITERATION NUMBER  5
     point #   1  energy = -48.500
     point #  20  energy = -37.286
     point #  40  energy = -16.896
     point #  60  energy =  -9.759
New Fermi level:    mu=  -9.897 eV  Charge distance=  0.1795 (partial c.d.=  0.5627)
SCF ITERATION NUMBER  6
     point #   1  energy = -48.500
     point #  20  energy = -37.325
     point #  40  energy = -17.008
     point #  60  energy =  -9.897
New Fermi level:    mu=  -9.818 eV  Charge distance=  0.1590 (partial c.d.=  3.1204)
SCF ITERATION NUMBER  7
     point #   1  energy = -48.500
     point #  20  energy = -37.303
     point #  40  energy = -16.944
     point #  60  energy =  -9.818
New Fermi level:    mu=  -9.767 eV  Charge distance=  0.0346 (partial c.d.=  3.0895)
SCF ITERATION NUMBER  8
     point #   1  energy = -48.500
     point #  20  energy = -37.288
     point #  40  energy = -16.902
     point #  60  energy =  -9.767
     point #  80  energy =  -9.482
New Fermi level:    mu=  -9.533 eV  Charge distance=  0.0288 (partial c.d.=  0.1843)
SCF ITERATION NUMBER  9
     point #   1  energy = -48.500
     point #  20  energy = -37.220
     point #  40  energy = -16.711
     point #  60  energy =  -9.533
New Fermi level:    mu=  -9.457 eV  Charge distance=  0.0755 (partial c.d.=  0.1688)
SCF ITERATION NUMBER 10
     point #   1  energy = -48.500
     point #  20  energy = -37.488
     point #  40  energy = -17.466
     point #  60  energy =  -9.457
     point #  80  energy =  -9.073
New Fermi level:    mu=  -9.084 eV  Charge distance=  0.0220 (partial c.d.=  0.7063)
SCF ITERATION NUMBER 11
     point #   1  energy = -48.500
     point #  20  energy = -37.383
     point #  40  energy = -17.169
     point #  60  energy =  -9.084
New Fermi level:    mu=  -9.163 eV  Charge distance=  0.0131 (partial c.d.=  0.5428)
SCF ITERATION NUMBER 12
     point #   1  energy = -48.500
     point #  20  energy = -37.405
     point #  40  energy = -17.232
     point #  60  energy =  -9.163
New Fermi level:    mu=  -9.160 eV  Charge distance=  0.0117 (partial c.d.=  0.1588)
SCF ITERATION NUMBER 13
     point #   1  energy = -48.500
     point #  20  energy = -37.404
     point #  40  energy = -17.230
     point #  60  energy =  -9.160
New Fermi level:    mu=  -9.138 eV  Charge distance=  0.0195 (partial c.d.=  0.0364)
SCF ITERATION NUMBER 14
     point #   1  energy = -48.500
     point #  20  energy = -37.398
     point #  40  energy = -17.212
     point #  60  energy =  -9.138
New Fermi level:    mu=  -9.101 eV  Charge distance=  0.0008 (partial c.d.=  0.0709)
SCF ITERATION NUMBER 15
     point #   1  energy = -48.500
     point #  20  energy = -37.388
     point #  40  energy = -17.183
     point #  60  energy =  -9.101
New Fermi level:    mu=  -9.104 eV  Charge distance=  0.0010 (partial c.d.=  0.0047)
SCF ITERATION NUMBER 16
     point #   1  energy = -48.500
     point #  20  energy = -37.388
     point #  40  energy = -17.185
     point #  60  energy =  -9.104
New Fermi level:    mu=  -9.099 eV  Charge distance=  0.0010 (partial c.d.=  0.0033)
SCF ITERATION NUMBER 17
     point #   1  energy = -48.500
     point #  20  energy = -37.387
     point #  40  energy = -17.182
     point #  60  energy =  -9.099
New Fermi level:    mu=  -9.097 eV  Charge distance=  0.0003 (partial c.d.=  0.0047)
SCF ITERATION NUMBER 18
     point #   1  energy = -48.500
     point #  20  energy = -37.386
     point #  40  energy = -17.180
     point #  60  energy =  -9.097
New Fermi level:    mu=  -9.097 eV  Charge distance=  0.0001 (partial c.d.=  0.0031)
SCF ITERATION NUMBER 19
     point #   1  energy = -48.500
     point #  20  energy = -37.386
     point #  40  energy = -17.180
     point #  60  energy =  -9.097
New Fermi level:    mu=  -9.098 eV  Charge distance=  0.0001 (partial c.d.=  0.0004)
SCF ITERATION NUMBER 20
     point #   1  energy = -48.500
     point #  20  energy = -37.387
     point #  40  energy = -17.181
     point #  60  energy =  -9.098
New Fermi level:    mu=  -9.099 eV  Charge distance=  0.0000 (partial c.d.=  0.0009)
SCF ITERATION NUMBER 21
     point #   1  energy = -48.500
     point #  20  energy = -37.387
     point #  40  energy = -17.181
     point #  60  energy =  -9.099
New Fermi level:    mu=  -9.099 eV  Charge distance=  0.0000 (partial c.d.=  0.0001)
Electronic configuration
  type     l     N_el
     0     0    0.452
     0     1    0.607
     0     2    9.344
     0     3    0.000
     1     0    0.453
     1     1    6.773
     1     2    2.479
     1     3    0.000
     2     0    0.452
     2     1    0.607
     2     2    9.345
     2     3    0.000
     3     0    1.490
     3     1    2.182
     3     2   10.961
     3     3    0.000
     4     0    1.868
     4     1    4.395
     4     2    0.076
     4     3    0.000
Charge transfer:  type  charge
       0   -0.596
       1   -0.295
       2   -0.596
       3   -1.367
       4    0.338
Convergence reached in   21 iterations.
Done with module: potentials.

Calculating screened core-hole potential ...
FMS for a cluster of   23 atoms around iph =   0
    0% of energy integration
   20%
   40%
   60%
   80%
  100%
Preparing response function.
Computing (1 - K Chi0)^-1 v_ch
Done with module: screened core-hole potential.

Calculating cross-section and phases ...
    absorption cross section
 x0,dx,rnrm,inrm,jnrm   8.80000000000000       5.000000000000000E-002
   2.47336341199995              195         196
    phase shifts for unique potential    0
    phase shifts for unique potential    1
    phase shifts for unique potential    2
    phase shifts for unique potential    3
    phase shifts for unique potential    4
Done with module: cross-section and phases (XSPH).

FMS calculation of full Green's function ...
FEFF-serial using 1 thread.
Using   194 energy points.
xprep done
FMS for a cluster of  255 atoms
Energy point    1/ 194
Energy point   10/ 194
Energy point   20/ 194
Energy point   30/ 194
Energy point   40/ 194
Energy point   50/ 194
Energy point   60/ 194
Energy point   70/ 194
Energy point   80/ 194
Energy point   90/ 194
Energy point  100/ 194
Energy point  110/ 194
Energy point  120/ 194
Energy point  130/ 194
Energy point  140/ 194
Energy point  150/ 194
Energy point  160/ 194
Energy point  170/ 194
Energy point  180/ 194
Energy point  190/ 194
Done with module: FMS.

MKGTR: Tracing over Green's function ...
Done with module: MKGTR.

Pathfinder: finding scattering paths...
Preparing plane wave scattering amplitudes
Searching for paths
Eliminating path degeneracies
0 paths retained.
Done with module: pathfinder.

Calculating EXAFS parameters ...
Done with module: EXAFS parameters (GENFMT).

Calculating XAS spectra ...
Done with module: XAS spectra (FF2X: DW + final sum over paths).

 
### feff ends at Sun Aug 13 14:36:21 EDT 2023
 
