### feff starts at Sun Aug 13 17:30:28 EDT 2023
### Serial version
### FeffPath is /sdcc/u/mcarbone/software/JFEFF/hsw/feff90/linux
 
Launching FEFF version FEFF 9.9.1
Core hole lifetime is   1.729 eV.
Your calculation:
 comment: None given
 Source:
 Structure Summary:  Ga8 Cu4 Se16 O48
 Reduced formula:  Ga2Cu(SeO3)4
 space group: (P2_1/c), space number:  (14)
 abc:  4.676800  15.184985  17.299387
 angles: 64.506718  90.000000  90.000000
 sites: 76
Cu K edge XANES using RPA corehole.
Using:     * Self-Consistent Field potentials
Using cards:   ATOMS CONTROL EXCHANGE TITLE RPATH POTENTIALS XANES EDGE SCF FMS S02 COREHOLE EGRID

Calculating atomic potentials ...
    overlapped atomic potential and density for unique potential    0
    overlapped atomic potential and density for unique potential    1
    overlapped atomic potential and density for unique potential    2
    overlapped atomic potential and density for unique potential    3
    overlapped atomic potential and density for unique potential    4
Done with module: atomic potentials.

Calculating SCF potentials ...
FEFF-serial using 1 thread.
Muffin tin radii and interstitial parameters [bohr]:
type, norman radius, muffin tin, overlap factor
    0  1.36415E+00  1.29235E+00  1.14894E+00
    1  1.39487E+00  1.29925E+00  1.15000E+00
    2  1.36422E+00  1.29241E+00  1.14896E+00
    3  1.32973E+00  1.10787E+00  1.15000E+00
    4  1.06584E+00  9.57247E-01  1.15000E+00
Core-valence separation energy:  ecv=   -40.000 eV
Initial Fermi level:              mu=     5.550 eV
SCF ITERATION NUMBER  1
     point #   1  energy = -40.000
FMS for a cluster of   95 atoms around atom type   0
FMS for a cluster of   86 atoms around atom type   1
FMS for a cluster of   74 atoms around atom type   2
FMS for a cluster of   96 atoms around atom type   3
FMS for a cluster of   94 atoms around atom type   4
     point #  20  energy = -28.865
     point #  40  energy =  -8.615
     point #  60  energy =  -5.165
     point #  80  energy =  -4.015
New Fermi level:    mu=  -3.991 eV  Charge distance=  1.0598 (partial c.d.= 10.4795)
SCF ITERATION NUMBER  1
     point #   1  energy = -40.000
FMS for a cluster of   95 atoms around atom type   0
FMS for a cluster of   86 atoms around atom type   1
FMS for a cluster of   74 atoms around atom type   2
FMS for a cluster of   96 atoms around atom type   3
FMS for a cluster of   94 atoms around atom type   4
     point #  20  energy = -28.997
     point #  40  energy =  -8.992
     point #  60  energy =  -3.991
     point #  80  energy =  -5.651
New Fermi level:    mu=  -5.176 eV  Charge distance=  0.4036 (partial c.d.=  5.7127)
SCF ITERATION NUMBER  1
     point #   1  energy = -40.000
FMS for a cluster of   95 atoms around atom type   0
FMS for a cluster of   86 atoms around atom type   1
FMS for a cluster of   74 atoms around atom type   2
FMS for a cluster of   96 atoms around atom type   3
FMS for a cluster of   94 atoms around atom type   4
     point #  20  energy = -28.733
     point #  40  energy =  -8.249
     point #  60  energy =  -5.163
New Fermi level:    mu=  -5.137 eV  Charge distance=  0.2243 (partial c.d.=  0.1770)
SCF ITERATION NUMBER  2
     point #   1  energy = -40.000
     point #  20  energy = -28.721
     point #  40  energy =  -8.213
     point #  60  energy =  -5.125
New Fermi level:    mu=  -5.074 eV  Charge distance=  0.2316 (partial c.d.=  0.2833)
SCF ITERATION NUMBER  3
     point #   1  energy = -40.000
     point #  20  energy = -28.701
     point #  40  energy =  -8.156
     point #  60  energy =  -5.062
New Fermi level:    mu=  -4.843 eV  Charge distance=  0.1020 (partial c.d.=  0.6601)
SCF ITERATION NUMBER  4
     point #   1  energy = -40.000
     point #  20  energy = -28.951
     point #  40  energy =  -8.861
     point #  60  energy =  -4.843
     point #  80  energy =  -5.090
New Fermi level:    mu=  -5.101 eV  Charge distance=  0.0967 (partial c.d.=  0.7473)
SCF ITERATION NUMBER  5
     point #   1  energy = -40.000
     point #  20  energy = -28.709
     point #  40  energy =  -8.180
     point #  60  energy =  -5.114
New Fermi level:    mu=  -5.106 eV  Charge distance=  0.0882 (partial c.d.=  0.0864)
SCF ITERATION NUMBER  6
     point #   1  energy = -40.000
     point #  20  energy = -28.711
     point #  40  energy =  -8.185
     point #  60  energy =  -5.093
New Fermi level:    mu=  -5.082 eV  Charge distance=  0.0052 (partial c.d.=  0.1935)
SCF ITERATION NUMBER  7
     point #   1  energy = -40.000
     point #  20  energy = -28.703
     point #  40  energy =  -8.163
     point #  60  energy =  -5.094
New Fermi level:    mu=  -5.087 eV  Charge distance=  0.0032 (partial c.d.=  0.0100)
SCF ITERATION NUMBER  8
     point #   1  energy = -40.000
     point #  20  energy = -28.705
     point #  40  energy =  -8.168
     point #  60  energy =  -5.075
New Fermi level:    mu=  -5.087 eV  Charge distance=  0.0034 (partial c.d.=  0.0030)
SCF ITERATION NUMBER  9
     point #   1  energy = -40.000
     point #  20  energy = -28.704
     point #  40  energy =  -8.167
     point #  60  energy =  -5.074
New Fermi level:    mu=  -5.083 eV  Charge distance=  0.0008 (partial c.d.=  0.0019)
SCF ITERATION NUMBER 10
     point #   1  energy = -40.000
     point #  20  energy = -28.703
     point #  40  energy =  -8.164
     point #  60  energy =  -5.071
New Fermi level:    mu=  -5.081 eV  Charge distance=  0.0006 (partial c.d.=  0.0006)
SCF ITERATION NUMBER 11
     point #   1  energy = -40.000
     point #  20  energy = -28.703
     point #  40  energy =  -8.162
     point #  60  energy =  -5.068
New Fermi level:    mu=  -5.080 eV  Charge distance=  0.0001 (partial c.d.=  0.0003)
SCF ITERATION NUMBER 12
     point #   1  energy = -40.000
     point #  20  energy = -28.702
     point #  40  energy =  -8.161
     point #  60  energy =  -5.092
New Fermi level:    mu=  -5.080 eV  Charge distance=  0.0001 (partial c.d.=  0.0002)
Electronic configuration
  type     l     N_el
     0     0    0.516
     0     1    0.680
     0     2    9.679
     0     3    0.000
     1     0    0.939
     1     1    1.229
     1     2   10.527
     1     3    0.000
     2     0    0.516
     2     1    0.680
     2     2    9.671
     2     3    0.000
     3     0    1.756
     3     1    2.741
     3     2    0.809
     3     3    0.000
     4     0    1.865
     4     1    4.344
     4     2    0.085
     4     3    0.000
Charge transfer:  type  charge
       0   -0.125
       1   -0.304
       2   -0.133
       3   -0.694
       4    0.293
Convergence reached in   12 iterations.
Done with module: potentials.

Calculating screened core-hole potential ...
FMS for a cluster of   21 atoms around iph =   0
    0% of energy integration
   20%
   40%
   60%
   80%
  100%
Preparing response function.
Computing (1 - K Chi0)^-1 v_ch
Done with module: screened core-hole potential.

Calculating cross-section and phases ...
    absorption cross section
 x0,dx,rnrm,inrm,jnrm   8.80000000000000       5.000000000000000E-002
   2.57786098299989              195         196
    phase shifts for unique potential    0
    phase shifts for unique potential    1
    phase shifts for unique potential    2
    phase shifts for unique potential    3
    phase shifts for unique potential    4
Done with module: cross-section and phases (XSPH).

FMS calculation of full Green's function ...
FEFF-serial using 1 thread.
Using   194 energy points.
xprep done
FMS for a cluster of  203 atoms
Energy point    1/ 194
Energy point   10/ 194
Energy point   20/ 194
Energy point   30/ 194
Energy point   40/ 194
Energy point   50/ 194
Energy point   60/ 194
Energy point   70/ 194
Energy point   80/ 194
Energy point   90/ 194
Energy point  100/ 194
Energy point  110/ 194
Energy point  120/ 194
Energy point  130/ 194
Energy point  140/ 194
Energy point  150/ 194
Energy point  160/ 194
Energy point  170/ 194
Energy point  180/ 194
Energy point  190/ 194
Done with module: FMS.

MKGTR: Tracing over Green's function ...
Done with module: MKGTR.

Pathfinder: finding scattering paths...
Preparing plane wave scattering amplitudes
Searching for paths
Eliminating path degeneracies
0 paths retained.
Done with module: pathfinder.

Calculating EXAFS parameters ...
Done with module: EXAFS parameters (GENFMT).

Calculating XAS spectra ...
Done with module: XAS spectra (FF2X: DW + final sum over paths).

 
### feff ends at Sun Aug 13 18:30:39 EDT 2023
 
