### feff starts at Sun Aug 13 12:20:06 EDT 2023
### Serial version
### FeffPath is /sdcc/u/mcarbone/software/JFEFF/hsw/feff90/linux
 
Launching FEFF version FEFF 9.9.1
Resetting lmaxsc to 2 for iph =    3.  Use  UNFREEZE to prevent this.
Core hole lifetime is   1.729 eV.
Your calculation:
 comment: None given
 Source:
 Structure Summary:  Zn4 Cu2 W2 O12
 Reduced formula:  Zn2CuWO6
 space group: (P2_1/c), space number:  (14)
 abc:  5.121478   5.048582   9.857073
 angles: 60.048466  90.000000  90.000000
 sites: 20
Cu K edge XANES using RPA corehole.
Using:     * Self-Consistent Field potentials
Using cards:   ATOMS CONTROL EXCHANGE TITLE RPATH POTENTIALS XANES EDGE SCF FMS S02 COREHOLE EGRID

Calculating atomic potentials ...
    overlapped atomic potential and density for unique potential    0
    overlapped atomic potential and density for unique potential    1
    overlapped atomic potential and density for unique potential    2
    overlapped atomic potential and density for unique potential    3
    overlapped atomic potential and density for unique potential    4
Done with module: atomic potentials.

Calculating SCF potentials ...
FEFF-serial using 1 thread.
Muffin tin radii and interstitial parameters [bohr]:
type, norman radius, muffin tin, overlap factor
    0  1.32533E+00  1.23289E+00  1.15000E+00
    1  1.44369E+00  1.34826E+00  1.15000E+00
    2  1.32554E+00  1.23299E+00  1.15000E+00
    3  1.42265E+00  1.27918E+00  1.15000E+00
    4  1.07420E+00  9.78271E-01  1.15000E+00
Core-valence separation energy:  ecv=   -40.000 eV
Initial Fermi level:              mu=     2.071 eV
SCF ITERATION NUMBER  1
     point #   1  energy = -40.000
FMS for a cluster of  133 atoms around atom type   0
FMS for a cluster of  127 atoms around atom type   1
FMS for a cluster of   98 atoms around atom type   2
FMS for a cluster of  125 atoms around atom type   3
FMS for a cluster of  125 atoms around atom type   4
     point #  20  energy = -28.949
     point #  40  energy =  -8.699
     point #  60  energy =  -5.386
     point #  80  energy =  -5.096
New Fermi level:    mu=  -5.096 eV  Charge distance=  1.2677 (partial c.d.= 10.1907)
SCF ITERATION NUMBER  1
     point #   1  energy = -40.000
FMS for a cluster of  133 atoms around atom type   0
FMS for a cluster of  127 atoms around atom type   1
FMS for a cluster of   98 atoms around atom type   2
FMS for a cluster of  125 atoms around atom type   3
FMS for a cluster of  125 atoms around atom type   4
     point #  20  energy = -28.707
     point #  40  energy =  -8.176
     point #  60  energy =  -5.108
     point #  80  energy =  -7.061
     point # 100  energy =  -6.665
New Fermi level:    mu=  -6.558 eV  Charge distance=  0.5461 (partial c.d.=  6.7338)
SCF ITERATION NUMBER  1
     point #   1  energy = -40.000
FMS for a cluster of  133 atoms around atom type   0
FMS for a cluster of  127 atoms around atom type   1
FMS for a cluster of   98 atoms around atom type   2
FMS for a cluster of  125 atoms around atom type   3
FMS for a cluster of  125 atoms around atom type   4
     point #  20  energy = -28.853
     point #  40  energy =  -8.585
     point #  60  energy =  -6.583
New Fermi level:    mu=  -6.707 eV  Charge distance=  0.2755 (partial c.d.=  0.7639)
SCF ITERATION NUMBER  2
     point #   1  energy = -40.000
     point #  20  energy = -28.902
     point #  40  energy =  -8.725
     point #  60  energy =  -6.720
     point #  80  energy =  -7.173
New Fermi level:    mu=  -7.095 eV  Charge distance=  0.2427 (partial c.d.=  0.5567)
SCF ITERATION NUMBER  3
     point #   1  energy = -40.000
     point #  20  energy = -28.689
     point #  40  energy =  -8.123
     point #  60  energy =  -7.133
New Fermi level:    mu=  -7.133 eV  Charge distance=  0.2546 (partial c.d.=  1.6863)
SCF ITERATION NUMBER  4
     point #   1  energy = -40.000
     point #  20  energy = -28.702
     point #  40  energy =  -8.160
     point #  60  energy =  -7.095
New Fermi level:    mu=  -7.015 eV  Charge distance=  0.0724 (partial c.d.=  1.8957)
SCF ITERATION NUMBER  5
     point #   1  energy = -40.000
     point #  20  energy = -29.005
     point #  40  energy =  -9.014
     point #  60  energy =  -7.040
New Fermi level:    mu=  -7.075 eV  Charge distance=  0.1825 (partial c.d.=  0.0359)
SCF ITERATION NUMBER  6
     point #   1  energy = -40.000
     point #  20  energy = -29.025
     point #  40  energy =  -9.070
     point #  60  energy =  -7.087
     point #  80  energy =  -7.337
New Fermi level:    mu=  -7.291 eV  Charge distance=  0.0380 (partial c.d.=  0.3397)
SCF ITERATION NUMBER  7
     point #   1  energy = -40.000
     point #  20  energy = -28.756
     point #  40  energy =  -8.314
New Fermi level:    mu=  -7.315 eV  Charge distance=  0.0133 (partial c.d.=  0.1632)
SCF ITERATION NUMBER  8
     point #   1  energy = -40.000
     point #  20  energy = -28.764
     point #  40  energy =  -8.336
New Fermi level:    mu=  -7.313 eV  Charge distance=  0.0119 (partial c.d.=  0.0307)
SCF ITERATION NUMBER  9
     point #   1  energy = -40.000
     point #  20  energy = -28.764
     point #  40  energy =  -8.334
New Fermi level:    mu=  -7.314 eV  Charge distance=  0.0131 (partial c.d.=  0.0121)
SCF ITERATION NUMBER 10
     point #   1  energy = -40.000
     point #  20  energy = -28.764
     point #  40  energy =  -8.336
New Fermi level:    mu=  -7.314 eV  Charge distance=  0.0030 (partial c.d.=  0.0158)
SCF ITERATION NUMBER 11
     point #   1  energy = -40.000
     point #  20  energy = -28.764
     point #  40  energy =  -8.335
New Fermi level:    mu=  -7.312 eV  Charge distance=  0.0008 (partial c.d.=  0.0091)
SCF ITERATION NUMBER 12
     point #   1  energy = -40.000
     point #  20  energy = -28.764
     point #  40  energy =  -8.334
New Fermi level:    mu=  -7.311 eV  Charge distance=  0.0005 (partial c.d.=  0.0032)
SCF ITERATION NUMBER 13
     point #   1  energy = -40.000
     point #  20  energy = -28.763
     point #  40  energy =  -8.333
New Fermi level:    mu=  -7.310 eV  Charge distance=  0.0008 (partial c.d.=  0.0003)
SCF ITERATION NUMBER 14
     point #   1  energy = -40.000
     point #  20  energy = -28.763
     point #  40  energy =  -8.332
New Fermi level:    mu=  -7.309 eV  Charge distance=  0.0000 (partial c.d.=  0.0007)
SCF ITERATION NUMBER 15
     point #   1  energy = -40.000
     point #  20  energy = -28.762
     point #  40  energy =  -8.330
New Fermi level:    mu=  -7.309 eV  Charge distance=  0.0000 (partial c.d.=  0.0001)
Electronic configuration
  type     l     N_el
     0     0    0.515
     0     1    0.571
     0     2    9.524
     0     3    0.000
     1     0    0.735
     1     1    0.865
     1     2   10.252
     1     3    0.000
     2     0    0.518
     2     1    0.578
     2     2    9.524
     2     3    0.000
     3     0    0.563
     3     1    0.877
     3     2    3.665
     3     3    0.000
     4     0    1.819
     4     1    4.369
     4     2    0.074
     4     3    0.000
Charge transfer:  type  charge
       0   -0.391
       1   -0.149
       2   -0.381
       3   -0.895
       4    0.263
Convergence reached in   15 iterations.
Done with module: potentials.

Calculating screened core-hole potential ...
FMS for a cluster of   27 atoms around iph =   0
    0% of energy integration
   20%
   40%
   60%
   80%
  100%
Preparing response function.
Computing (1 - K Chi0)^-1 v_ch
Done with module: screened core-hole potential.

Calculating cross-section and phases ...
    absorption cross section
 x0,dx,rnrm,inrm,jnrm   8.80000000000000       5.000000000000000E-002
   2.50451635999982              195         196
    phase shifts for unique potential    0
    phase shifts for unique potential    1
    phase shifts for unique potential    2
    phase shifts for unique potential    3
    phase shifts for unique potential    4
Done with module: cross-section and phases (XSPH).

FMS calculation of full Green's function ...
FEFF-serial using 1 thread.
Using   194 energy points.
xprep done
FMS for a cluster of  271 atoms
Energy point    1/ 194
Energy point   10/ 194
Energy point   20/ 194
Energy point   30/ 194
Energy point   40/ 194
Energy point   50/ 194
Energy point   60/ 194
Energy point   70/ 194
Energy point   80/ 194
Energy point   90/ 194
Energy point  100/ 194
Energy point  110/ 194
Energy point  120/ 194
Energy point  130/ 194
Energy point  140/ 194
Energy point  150/ 194
Energy point  160/ 194
Energy point  170/ 194
Energy point  180/ 194
Energy point  190/ 194
Done with module: FMS.

MKGTR: Tracing over Green's function ...
Done with module: MKGTR.

Pathfinder: finding scattering paths...
Preparing plane wave scattering amplitudes
Searching for paths
Eliminating path degeneracies
0 paths retained.
Done with module: pathfinder.

Calculating EXAFS parameters ...
Done with module: EXAFS parameters (GENFMT).

Calculating XAS spectra ...
Done with module: XAS spectra (FF2X: DW + final sum over paths).

 
### feff ends at Sun Aug 13 14:43:18 EDT 2023
 
