### feff starts at Sun Aug 13 21:30:26 EDT 2023
### Serial version
### FeffPath is /sdcc/u/mcarbone/software/JFEFF/hsw/feff90/linux
 
Launching FEFF version FEFF 9.9.1
Core hole lifetime is   1.729 eV.
Your calculation:
 comment: None given
 Source:
 Structure Summary:  Li8 Cu8 O16
 Reduced formula:  LiCuO2
 space group: (P-1), space number:  (2)
 abc:  6.586918   7.791961   7.928094
 angles: 66.063308  81.644516  82.983117
 sites: 32
Cu K edge XANES using RPA corehole.
Using:     * Self-Consistent Field potentials
Using cards:   ATOMS CONTROL EXCHANGE TITLE RPATH POTENTIALS XANES EDGE SCF FMS S02 COREHOLE EGRID

Calculating atomic potentials ...
    overlapped atomic potential and density for unique potential    0
    overlapped atomic potential and density for unique potential    1
    overlapped atomic potential and density for unique potential    2
    overlapped atomic potential and density for unique potential    3
Done with module: atomic potentials.

Calculating SCF potentials ...
FEFF-serial using 1 thread.
Muffin tin radii and interstitial parameters [bohr]:
type, norman radius, muffin tin, overlap factor
    0  1.25537E+00  1.12642E+00  1.15000E+00
    1  1.29555E+00  1.22737E+00  1.14894E+00
    2  1.25286E+00  1.12398E+00  1.15000E+00
    3  1.11706E+00  1.00345E+00  1.15000E+00
Core-valence separation energy:  ecv=   -40.000 eV
Initial Fermi level:              mu=     1.311 eV
SCF ITERATION NUMBER  1
     point #   1  energy = -40.000
FMS for a cluster of  130 atoms around atom type   0
FMS for a cluster of  120 atoms around atom type   1
FMS for a cluster of  127 atoms around atom type   2
FMS for a cluster of  127 atoms around atom type   3
     point #  20  energy = -28.902
     point #  40  energy =  -8.652
     point #  60  energy =  -3.627
     point #  80  energy =  -3.333
New Fermi level:    mu=  -3.328 eV  Charge distance=  0.5316 (partial c.d.=  7.2357)
SCF ITERATION NUMBER  1
     point #   1  energy = -40.000
FMS for a cluster of  130 atoms around atom type   0
FMS for a cluster of  120 atoms around atom type   1
FMS for a cluster of  127 atoms around atom type   2
FMS for a cluster of  127 atoms around atom type   3
     point #  20  energy = -28.795
     point #  40  energy =  -8.421
     point #  60  energy =  -3.328
     point #  80  energy =  -4.906
     point # 100  energy =  -8.469
New Fermi level:    mu=  -8.626 eV  Charge distance=  0.1338 (partial c.d.=  2.7371)
SCF ITERATION NUMBER  1
     point #   1  energy = -40.000
FMS for a cluster of  130 atoms around atom type   0
FMS for a cluster of  120 atoms around atom type   1
FMS for a cluster of  127 atoms around atom type   2
FMS for a cluster of  127 atoms around atom type   3
     point #  20  energy = -28.867
     point #  40  energy =  -8.626
     point #  60  energy =  -8.586
     point #  80  energy =  -7.261
New Fermi level:    mu=  -7.352 eV  Charge distance=  0.0516 (partial c.d.=  0.6997)
SCF ITERATION NUMBER  2
     point #   1  energy = -40.000
     point #  20  energy = -28.777
     point #  40  energy =  -8.372
     point #  60  energy =  -7.389
New Fermi level:    mu=  -7.426 eV  Charge distance=  0.1054 (partial c.d.=  0.3310)
SCF ITERATION NUMBER  3
     point #   1  energy = -40.000
     point #  20  energy = -28.803
     point #  40  energy =  -8.444
     point #  60  energy =  -7.467
New Fermi level:    mu=  -7.652 eV  Charge distance=  0.1581 (partial c.d.=  4.4241)
SCF ITERATION NUMBER  4
     point #   1  energy = -40.000
     point #  20  energy = -28.880
     point #  40  energy =  -8.663
     point #  60  energy =  -7.689
New Fermi level:    mu=  -7.680 eV  Charge distance=  0.0203 (partial c.d.=  3.5922)
SCF ITERATION NUMBER  5
     point #   1  energy = -40.000
     point #  20  energy = -28.890
     point #  40  energy =  -8.690
     point #  60  energy =  -7.639
New Fermi level:    mu=  -7.477 eV  Charge distance=  0.0060 (partial c.d.=  0.5925)
SCF ITERATION NUMBER  6
     point #   1  energy = -40.000
     point #  20  energy = -28.820
     point #  40  energy =  -8.493
     point #  60  energy =  -7.515
New Fermi level:    mu=  -7.526 eV  Charge distance=  0.0025 (partial c.d.=  0.0677)
SCF ITERATION NUMBER  7
     point #   1  energy = -40.000
     point #  20  energy = -28.837
     point #  40  energy =  -8.541
New Fermi level:    mu=  -7.538 eV  Charge distance=  0.0088 (partial c.d.=  0.0076)
SCF ITERATION NUMBER  8
     point #   1  energy = -40.000
     point #  20  energy = -28.841
     point #  40  energy =  -8.552
New Fermi level:    mu=  -7.524 eV  Charge distance=  0.0013 (partial c.d.=  0.0314)
SCF ITERATION NUMBER  9
     point #   1  energy = -40.000
     point #  20  energy = -28.836
     point #  40  energy =  -8.539
New Fermi level:    mu=  -7.523 eV  Charge distance=  0.0061 (partial c.d.=  0.0092)
SCF ITERATION NUMBER 10
     point #   1  energy = -40.000
     point #  20  energy = -28.836
     point #  40  energy =  -8.538
New Fermi level:    mu=  -7.512 eV  Charge distance=  0.0010 (partial c.d.=  0.0427)
SCF ITERATION NUMBER 11
     point #   1  energy = -40.000
     point #  20  energy = -28.832
     point #  40  energy =  -8.528
New Fermi level:    mu=  -7.514 eV  Charge distance=  0.0003 (partial c.d.=  0.0097)
SCF ITERATION NUMBER 12
     point #   1  energy = -40.000
     point #  20  energy = -28.833
     point #  40  energy =  -8.529
New Fermi level:    mu=  -7.514 eV  Charge distance=  0.0007 (partial c.d.=  0.0022)
SCF ITERATION NUMBER 13
     point #   1  energy = -40.000
     point #  20  energy = -28.833
     point #  40  energy =  -8.530
New Fermi level:    mu=  -7.515 eV  Charge distance=  0.0009 (partial c.d.=  0.0001)
Electronic configuration
  type     l     N_el
     0     0    0.530
     0     1    0.645
     0     2    9.315
     0     3    0.000
     1     0    0.280
     1     1    0.584
     1     2    0.000
     1     3    0.000
     2     0    0.531
     2     1    0.647
     2     2    9.307
     2     3    0.000
     3     0    1.875
     3     1    4.368
     3     2    0.082
     3     3    0.000
Charge transfer:  type  charge
       0   -0.511
       1   -0.136
       2   -0.514
       3    0.325
Convergence reached in   13 iterations.
Done with module: potentials.

Calculating screened core-hole potential ...
FMS for a cluster of   23 atoms around iph =   0
    0% of energy integration
   20%
   40%
   60%
   80%
  100%
Preparing response function.
Computing (1 - K Chi0)^-1 v_ch
Done with module: screened core-hole potential.

Calculating cross-section and phases ...
    absorption cross section
 x0,dx,rnrm,inrm,jnrm   8.80000000000000       5.000000000000000E-002
   2.37231155200002              194         195
    phase shifts for unique potential    0
    phase shifts for unique potential    1
    phase shifts for unique potential    2
    phase shifts for unique potential    3
Done with module: cross-section and phases (XSPH).

FMS calculation of full Green's function ...
FEFF-serial using 1 thread.
Using   194 energy points.
xprep done
FMS for a cluster of  262 atoms
Energy point    1/ 194
Energy point   10/ 194
Energy point   20/ 194
Energy point   30/ 194
Energy point   40/ 194
Energy point   50/ 194
Energy point   60/ 194
Energy point   70/ 194
Energy point   80/ 194
Energy point   90/ 194
Energy point  100/ 194
Energy point  110/ 194
Energy point  120/ 194
Energy point  130/ 194
Energy point  140/ 194
Energy point  150/ 194
Energy point  160/ 194
Energy point  170/ 194
Energy point  180/ 194
Energy point  190/ 194
Done with module: FMS.

MKGTR: Tracing over Green's function ...
Done with module: MKGTR.

Pathfinder: finding scattering paths...
Preparing plane wave scattering amplitudes
Searching for paths
Eliminating path degeneracies
0 paths retained.
Done with module: pathfinder.

Calculating EXAFS parameters ...
Done with module: EXAFS parameters (GENFMT).

Calculating XAS spectra ...
Done with module: XAS spectra (FF2X: DW + final sum over paths).

 
### feff ends at Sun Aug 13 23:06:03 EDT 2023
 
