### feff starts at Mon Aug 14 10:45:33 EDT 2023
### Serial version
### FeffPath is /sdcc/u/mcarbone/software/JFEFF/hsw/feff90/linux
 
Launching FEFF version FEFF 9.9.1
Resetting lmaxsc to 2 for iph =    1.  Use  UNFREEZE to prevent this.
Resetting lmaxsc to 2 for iph =    3.  Use  UNFREEZE to prevent this.
Core hole lifetime is   1.729 eV.
Your calculation:
 comment: None given
 Source:
 Structure Summary:  Tb6 Cu6 W12 O48
 Reduced formula:  TbCu(WO4)2
 space group: (P-1), space number:  (2)
 abc:  6.911888  10.130833  15.354270
 angles:107.227100  88.392468 108.023036
 sites: 72
Cu K edge XANES using RPA corehole.
Using:     * Self-Consistent Field potentials
Using cards:   ATOMS CONTROL EXCHANGE TITLE RPATH POTENTIALS XANES EDGE SCF FMS S02 COREHOLE EGRID

Calculating atomic potentials ...
    overlapped atomic potential and density for unique potential    0
    overlapped atomic potential and density for unique potential    1
    overlapped atomic potential and density for unique potential    2
    overlapped atomic potential and density for unique potential    3
    overlapped atomic potential and density for unique potential    4
Done with module: atomic potentials.

Calculating SCF potentials ...
FEFF-serial using 1 thread.
Muffin tin radii and interstitial parameters [bohr]:
type, norman radius, muffin tin, overlap factor
    0  1.35789E+00  1.18573E+00  1.15000E+00
    1  1.72910E+00  1.64224E+00  1.14078E+00
    2  1.36416E+00  1.20264E+00  1.15000E+00
    3  1.42446E+00  1.25224E+00  1.15000E+00
    4  1.07036E+00  9.60064E-01  1.15000E+00
Core-valence separation energy:  ecv=   -34.000 eV
Initial Fermi level:              mu=     2.983 eV
SCF ITERATION NUMBER  1
     point #   1  energy = -34.000
FMS for a cluster of  105 atoms around atom type   0
FMS for a cluster of   90 atoms around atom type   1
FMS for a cluster of   65 atoms around atom type   2
FMS for a cluster of  102 atoms around atom type   3
FMS for a cluster of  104 atoms around atom type   4
     point #  20  energy = -22.966
     point #  40  energy =  -6.869
     point #  60  energy =  -5.422
New Fermi level:    mu=  -4.844 eV  Charge distance=  1.2974 (partial c.d.=  6.5473)
SCF ITERATION NUMBER  1
     point #   1  energy = -34.000
FMS for a cluster of  105 atoms around atom type   0
FMS for a cluster of   90 atoms around atom type   1
FMS for a cluster of   65 atoms around atom type   2
FMS for a cluster of  102 atoms around atom type   3
FMS for a cluster of  104 atoms around atom type   4
     point #  20  energy = -22.941
     point #  40  energy =  -4.844
     point #  60  energy =  -4.935
     point #  80  energy =  -6.354
     point # 100  energy =  -5.922
New Fermi level:    mu=  -5.840 eV  Charge distance=  0.5992 (partial c.d.=  7.2241)
SCF ITERATION NUMBER  1
     point #   1  energy = -34.000
FMS for a cluster of  105 atoms around atom type   0
FMS for a cluster of   90 atoms around atom type   1
FMS for a cluster of   65 atoms around atom type   2
FMS for a cluster of  102 atoms around atom type   3
FMS for a cluster of  104 atoms around atom type   4
     point #  20  energy = -22.937
     point #  40  energy =  -5.840
     point #  60  energy =  -5.993
New Fermi level:    mu=  -6.014 eV  Charge distance=  0.2941 (partial c.d.=  0.9490)
SCF ITERATION NUMBER  2
     point #   1  energy = -34.000
     point #  20  energy = -23.005
     point #  40  energy =  -6.014
     point #  60  energy =  -6.101
New Fermi level:    mu=  -6.095 eV  Charge distance=  0.2724 (partial c.d.=  0.4735)
SCF ITERATION NUMBER  3
     point #   1  energy = -34.000
     point #  20  energy = -23.037
     point #  40  energy =  -6.095
     point #  60  energy =  -5.970
New Fermi level:    mu=  -5.929 eV  Charge distance=  0.1064 (partial c.d.=  0.6870)
SCF ITERATION NUMBER  4
     point #   1  energy = -34.000
     point #  20  energy = -22.972
     point #  40  energy =  -5.929
New Fermi level:    mu=  -5.987 eV  Charge distance=  0.1360 (partial c.d.=  0.9081)
SCF ITERATION NUMBER  5
     point #   1  energy = -34.000
     point #  20  energy = -22.995
     point #  40  energy =  -5.987
New Fermi level:    mu=  -6.003 eV  Charge distance=  0.0102 (partial c.d.=  0.3059)
SCF ITERATION NUMBER  6
     point #   1  energy = -34.000
     point #  20  energy = -23.001
     point #  40  energy =  -6.003
New Fermi level:    mu=  -5.995 eV  Charge distance=  0.0052 (partial c.d.=  0.0648)
SCF ITERATION NUMBER  7
     point #   1  energy = -34.000
     point #  20  energy = -22.998
     point #  40  energy =  -5.995
New Fermi level:    mu=  -5.991 eV  Charge distance=  0.0115 (partial c.d.=  0.0042)
SCF ITERATION NUMBER  8
     point #   1  energy = -34.000
     point #  20  energy = -22.997
     point #  40  energy =  -5.991
New Fermi level:    mu=  -5.984 eV  Charge distance=  0.0016 (partial c.d.=  0.0061)
SCF ITERATION NUMBER  9
     point #   1  energy = -34.000
     point #  20  energy = -22.994
     point #  40  energy =  -5.984
New Fermi level:    mu=  -5.983 eV  Charge distance=  0.0009 (partial c.d.=  0.0016)
SCF ITERATION NUMBER 10
     point #   1  energy = -34.000
     point #  20  energy = -22.993
     point #  40  energy =  -5.983
New Fermi level:    mu=  -5.983 eV  Charge distance=  0.0006 (partial c.d.=  0.0011)
SCF ITERATION NUMBER 11
     point #   1  energy = -34.000
     point #  20  energy = -22.993
     point #  40  energy =  -5.983
New Fermi level:    mu=  -5.983 eV  Charge distance=  0.0001 (partial c.d.=  0.0008)
SCF ITERATION NUMBER 12
     point #   1  energy = -34.000
     point #  20  energy = -22.993
     point #  40  energy =  -5.983
New Fermi level:    mu=  -5.983 eV  Charge distance=  0.0001 (partial c.d.=  0.0003)
SCF ITERATION NUMBER 13
     point #   1  energy = -34.000
     point #  20  energy = -22.993
     point #  40  energy =  -5.983
New Fermi level:    mu=  -5.983 eV  Charge distance=  0.0001 (partial c.d.=  0.0002)
Electronic configuration
  type     l     N_el
     0     0    0.664
     0     1    0.734
     0     2    9.498
     0     3    0.000
     1     0    0.405
     1     1    6.540
     1     2    1.671
     1     3    0.000
     2     0    0.660
     2     1    0.611
     2     2    9.532
     2     3    0.000
     3     0    0.575
     3     1    0.814
     3     2    3.890
     3     3    0.000
     4     0    1.831
     4     1    4.336
     4     2    0.086
     4     3    0.000
Charge transfer:  type  charge
       0   -0.104
       1   -0.384
       2   -0.197
       3   -0.721
       4    0.253
Convergence reached in   13 iterations.
Done with module: potentials.

Calculating screened core-hole potential ...
FMS for a cluster of   21 atoms around iph =   0
    0% of energy integration
   20%
   40%
   60%
   80%
  100%
Preparing response function.
Computing (1 - K Chi0)^-1 v_ch
Done with module: screened core-hole potential.

Calculating cross-section and phases ...
    absorption cross section
 x0,dx,rnrm,inrm,jnrm   8.80000000000000       5.000000000000000E-002
   2.56603058099979              195         196
    phase shifts for unique potential    0
    phase shifts for unique potential    1
    phase shifts for unique potential    2
    phase shifts for unique potential    3
    phase shifts for unique potential    4
Done with module: cross-section and phases (XSPH).

FMS calculation of full Green's function ...
FEFF-serial using 1 thread.
Using   194 energy points.
xprep done
FMS for a cluster of  223 atoms
Energy point    1/ 194
Energy point   10/ 194
Energy point   20/ 194
Energy point   30/ 194
Energy point   40/ 194
Energy point   50/ 194
Energy point   60/ 194
Energy point   70/ 194
Energy point   80/ 194
Energy point   90/ 194
Energy point  100/ 194
Energy point  110/ 194
Energy point  120/ 194
Energy point  130/ 194
Energy point  140/ 194
Energy point  150/ 194
Energy point  160/ 194
Energy point  170/ 194
Energy point  180/ 194
Energy point  190/ 194
Done with module: FMS.

MKGTR: Tracing over Green's function ...
Done with module: MKGTR.

Pathfinder: finding scattering paths...
Preparing plane wave scattering amplitudes
Searching for paths
Eliminating path degeneracies
0 paths retained.
Done with module: pathfinder.

Calculating EXAFS parameters ...
Done with module: EXAFS parameters (GENFMT).

Calculating XAS spectra ...
Done with module: XAS spectra (FF2X: DW + final sum over paths).

 
### feff ends at Mon Aug 14 11:58:09 EDT 2023
 
