### feff starts at Sun Aug 13 18:01:44 EDT 2023
### Serial version
### FeffPath is /sdcc/u/mcarbone/software/JFEFF/hsw/feff90/linux
 
Launching FEFF version FEFF 9.9.1
Core hole lifetime is   1.729 eV.
Your calculation:
 comment: None given
 Source:
 Structure Summary:  K10 Cu2 C2 O10
 Reduced formula:  K5CuCO5
 space group: (Aem2), space number:  (39)
 abc:  7.635215   7.635215   8.865364
 angles: 90.000000  90.000000  91.517012
 sites: 24
Cu K edge XANES using RPA corehole.
Using:     * Self-Consistent Field potentials
Using cards:   ATOMS CONTROL EXCHANGE TITLE RPATH POTENTIALS XANES EDGE SCF FMS S02 COREHOLE EGRID

Calculating atomic potentials ...
    overlapped atomic potential and density for unique potential    0
    overlapped atomic potential and density for unique potential    1
    overlapped atomic potential and density for unique potential    2
    overlapped atomic potential and density for unique potential    3
    overlapped atomic potential and density for unique potential    4
Done with module: atomic potentials.

Calculating SCF potentials ...
FEFF-serial using 1 thread.
Muffin tin radii and interstitial parameters [bohr]:
type, norman radius, muffin tin, overlap factor
    0  1.32821E+00  1.10662E+00  1.15000E+00
    1  1.91305E+00  1.85132E+00  1.08436E+00
    2  1.32849E+00  1.10673E+00  1.15000E+00
    3  9.29545E-01  6.66667E-01  1.15000E+00
    4  1.16326E+00  1.09184E+00  1.15000E+00
Core-valence separation energy:  ecv=   -42.000 eV
Initial Fermi level:              mu=    -1.367 eV
SCF ITERATION NUMBER  1
     point #   1  energy = -42.000
FMS for a cluster of   77 atoms around atom type   0
FMS for a cluster of   62 atoms around atom type   1
FMS for a cluster of   52 atoms around atom type   2
FMS for a cluster of   49 atoms around atom type   3
FMS for a cluster of   64 atoms around atom type   4
     point #  20  energy = -30.836
     point #  40  energy = -11.598
     point #  60  energy =  -7.783
     point #  80  energy =  -5.839
     point # 100  energy =  -5.445
New Fermi level:    mu=  -5.306 eV  Charge distance=  1.2241 (partial c.d.=  6.3299)
SCF ITERATION NUMBER  1
     point #   1  energy = -42.000
FMS for a cluster of   77 atoms around atom type   0
FMS for a cluster of   62 atoms around atom type   1
FMS for a cluster of   52 atoms around atom type   2
FMS for a cluster of   49 atoms around atom type   3
FMS for a cluster of   64 atoms around atom type   4
     point #  20  energy = -30.788
     point #  40  energy = -10.403
     point #  60  energy =  -5.306
     point #  80  energy =  -6.884
     point # 100  energy = -10.562
New Fermi level:    mu= -10.535 eV  Charge distance=  0.3955 (partial c.d.=  6.6290)
SCF ITERATION NUMBER  1
     point #   1  energy = -42.000
FMS for a cluster of   77 atoms around atom type   0
FMS for a cluster of   62 atoms around atom type   1
FMS for a cluster of   52 atoms around atom type   2
FMS for a cluster of   49 atoms around atom type   3
FMS for a cluster of   64 atoms around atom type   4
     point #  20  energy = -30.835
     point #  40  energy = -10.535
     point #  60  energy = -10.604
     point #  80  energy = -10.872
New Fermi level:    mu= -10.914 eV  Charge distance=  0.2188 (partial c.d.=  0.2249)
negative density   3 -220.660 - usually harmless precision error, but check DOS if it persists
SCF ITERATION NUMBER  2
     point #   1  energy = -42.000
     point #  20  energy = -30.969
     point #  40  energy = -10.914
     point #  60  energy = -10.873
     point #  80  energy =  -9.967
     point # 100  energy = -10.236
New Fermi level:    mu= -10.294 eV  Charge distance=  0.0831 (partial c.d.=  0.5997)
negative density   3 -974.334 - usually harmless precision error, but check DOS if it persists
SCF ITERATION NUMBER  3
     point #   1  energy = -42.000
     point #  20  energy = -30.749
     point #  40  energy = -10.294
     point #  60  energy = -10.225
     point #  80  energy =  -9.812
     point # 100  energy = -10.062
New Fermi level:    mu= -10.067 eV  Charge distance=  0.1181 (partial c.d.=  0.0497)
negative density   3-2253.290 - usually harmless precision error, but check DOS if it persists
negative density   3 -406.118 - usually harmless precision error, but check DOS if it persists
SCF ITERATION NUMBER  4
     point #   1  energy = -42.000
     point #  20  energy = -31.023
     point #  40  energy = -11.065
     point #  60  energy = -10.030
New Fermi level:    mu=  -9.936 eV  Charge distance=  0.0104 (partial c.d.=  0.0965)
negative density   3-2445.108 - usually harmless precision error, but check DOS if it persists
negative density   3 -502.446 - usually harmless precision error, but check DOS if it persists
SCF ITERATION NUMBER  5
     point #   1  energy = -42.000
     point #  20  energy = -30.978
     point #  40  energy = -10.938
     point #  60  energy =  -9.920
     point #  80  energy =  -9.995
New Fermi level:    mu= -10.059 eV  Charge distance=  0.0226 (partial c.d.=  0.1628)
negative density   3-2531.682 - usually harmless precision error, but check DOS if it persists
negative density   3 -544.362 - usually harmless precision error, but check DOS if it persists
SCF ITERATION NUMBER  6
     point #   1  energy = -42.000
     point #  20  energy = -31.020
     point #  40  energy = -11.057
     point #  60  energy = -10.022
New Fermi level:    mu= -10.030 eV  Charge distance=  0.0095 (partial c.d.=  0.2516)
negative density   3-2561.028 - usually harmless precision error, but check DOS if it persists
negative density   3 -558.620 - usually harmless precision error, but check DOS if it persists
SCF ITERATION NUMBER  7
     point #   1  energy = -42.000
     point #  20  energy = -31.010
     point #  40  energy = -11.029
     point #  60  energy = -10.067
New Fermi level:    mu= -10.084 eV  Charge distance=  0.0044 (partial c.d.=  0.1427)
negative density   3-2555.639 - usually harmless precision error, but check DOS if it persists
negative density   3 -555.082 - usually harmless precision error, but check DOS if it persists
SCF ITERATION NUMBER  8
     point #   1  energy = -42.000
     point #  20  energy = -31.029
     point #  40  energy = -11.081
New Fermi level:    mu= -10.093 eV  Charge distance=  0.0070 (partial c.d.=  0.0143)
negative density   3-2540.200 - usually harmless precision error, but check DOS if it persists
negative density   3 -545.155 - usually harmless precision error, but check DOS if it persists
SCF ITERATION NUMBER  9
     point #   1  energy = -42.000
     point #  20  energy = -31.032
     point #  40  energy = -11.090
New Fermi level:    mu= -10.088 eV  Charge distance=  0.0049 (partial c.d.=  0.0122)
negative density   3-2521.736 - usually harmless precision error, but check DOS if it persists
negative density   3 -535.591 - usually harmless precision error, but check DOS if it persists
SCF ITERATION NUMBER 10
     point #   1  energy = -42.000
     point #  20  energy = -31.030
     point #  40  energy = -11.086
New Fermi level:    mu= -10.099 eV  Charge distance=  0.0007 (partial c.d.=  0.0214)
negative density   3-2523.262 - usually harmless precision error, but check DOS if it persists
negative density   3 -535.859 - usually harmless precision error, but check DOS if it persists
SCF ITERATION NUMBER 11
     point #   1  energy = -42.000
     point #  20  energy = -31.034
     point #  40  energy = -11.096
New Fermi level:    mu= -10.097 eV  Charge distance=  0.0008 (partial c.d.=  0.0072)
negative density   3-2523.245 - usually harmless precision error, but check DOS if it persists
negative density   3 -535.754 - usually harmless precision error, but check DOS if it persists
SCF ITERATION NUMBER 12
     point #   1  energy = -42.000
     point #  20  energy = -31.033
     point #  40  energy = -11.094
New Fermi level:    mu= -10.096 eV  Charge distance=  0.0003 (partial c.d.=  0.0031)
negative density   3-2522.059 - usually harmless precision error, but check DOS if it persists
negative density   3 -535.111 - usually harmless precision error, but check DOS if it persists
SCF ITERATION NUMBER 13
     point #   1  energy = -42.000
     point #  20  energy = -31.033
     point #  40  energy = -11.093
New Fermi level:    mu= -10.096 eV  Charge distance=  0.0006 (partial c.d.=  0.0004)
negative density   3-2519.599 - usually harmless precision error, but check DOS if it persists
negative density   3 -533.745 - usually harmless precision error, but check DOS if it persists
SCF ITERATION NUMBER 14
     point #   1  energy = -42.000
     point #  20  energy = -31.033
     point #  40  energy = -11.093
New Fermi level:    mu= -10.096 eV  Charge distance=  0.0001 (partial c.d.=  0.0004)
negative density   3-2519.700 - usually harmless precision error, but check DOS if it persists
negative density   3 -533.799 - usually harmless precision error, but check DOS if it persists
SCF ITERATION NUMBER 15
     point #   1  energy = -42.000
     point #  20  energy = -31.033
     point #  40  energy = -11.093
New Fermi level:    mu= -10.096 eV  Charge distance=  0.0000 (partial c.d.=  0.0002)
negative density   3-2519.586 - usually harmless precision error, but check DOS if it persists
negative density   3 -533.742 - usually harmless precision error, but check DOS if it persists
SCF ITERATION NUMBER 16
     point #   1  energy = -42.000
     point #  20  energy = -31.033
     point #  40  energy = -11.093
New Fermi level:    mu= -10.096 eV  Charge distance=  0.0000 (partial c.d.=  0.0000)
Electronic configuration
  type     l     N_el
     0     0    0.621
     0     1    0.606
     0     2    9.333
     0     3    0.000
     1     0    2.164
     1     1    6.181
     1     2    0.293
     1     3    0.000
     2     0    0.626
     2     1    0.605
     2     2    9.332
     2     3    0.000
     3     0    1.183
     3     1    2.226
     3     2    0.470
     3     3    0.000
     4     0    1.882
     4     1    4.540
     4     2    0.051
     4     3    0.000
Charge transfer:  type  charge
       0   -0.440
       1   -0.362
       2   -0.437
       3   -0.120
       4    0.474
Convergence reached in   16 iterations.
Done with module: potentials.

Calculating screened core-hole potential ...
FMS for a cluster of   11 atoms around iph =   0
    0% of energy integration
   20%
   40%
   60%
   80%
  100%
Preparing response function.
Computing (1 - K Chi0)^-1 v_ch
Done with module: screened core-hole potential.

Calculating cross-section and phases ...
    absorption cross section
 x0,dx,rnrm,inrm,jnrm   8.80000000000000       5.000000000000000E-002
   2.50995592999996              195         196
    phase shifts for unique potential    0
    phase shifts for unique potential    1
    phase shifts for unique potential    2
    phase shifts for unique potential    3
    phase shifts for unique potential    4
Done with module: cross-section and phases (XSPH).

FMS calculation of full Green's function ...
FEFF-serial using 1 thread.
Using   194 energy points.
xprep done
FMS for a cluster of  147 atoms
Energy point    1/ 194
Energy point   10/ 194
Energy point   20/ 194
Energy point   30/ 194
Energy point   40/ 194
Energy point   50/ 194
Energy point   60/ 194
Energy point   70/ 194
Energy point   80/ 194
Energy point   90/ 194
Energy point  100/ 194
Energy point  110/ 194
Energy point  120/ 194
Energy point  130/ 194
Energy point  140/ 194
Energy point  150/ 194
Energy point  160/ 194
Energy point  170/ 194
Energy point  180/ 194
Energy point  190/ 194
Done with module: FMS.

MKGTR: Tracing over Green's function ...
Done with module: MKGTR.

Pathfinder: finding scattering paths...
Preparing plane wave scattering amplitudes
Searching for paths
Eliminating path degeneracies
0 paths retained.
Done with module: pathfinder.

Calculating EXAFS parameters ...
Done with module: EXAFS parameters (GENFMT).

Calculating XAS spectra ...
Done with module: XAS spectra (FF2X: DW + final sum over paths).

 
### feff ends at Sun Aug 13 18:32:26 EDT 2023
 
