### feff starts at Mon Aug 14 07:13:14 EDT 2023
### Serial version
### FeffPath is /sdcc/u/mcarbone/software/JFEFF/hsw/feff90/linux
 
Launching FEFF version FEFF 9.9.1
Core hole lifetime is   1.729 eV.
Your calculation:
 comment: None given
 Source:
 Structure Summary:  Li4 Cu4 C8 O20
 Reduced formula:  LiCuC2O5
 space group: (C2/c), space number:  (15)
 abc:  7.303642   7.303642  10.044107
 angles: 68.754907  68.754907  89.810033
 sites: 36
Cu K edge XANES using RPA corehole.
Using:     * Self-Consistent Field potentials
Using cards:   ATOMS CONTROL EXCHANGE TITLE RPATH POTENTIALS XANES EDGE SCF FMS S02 COREHOLE EGRID

Calculating atomic potentials ...
    overlapped atomic potential and density for unique potential    0
    overlapped atomic potential and density for unique potential    1
    overlapped atomic potential and density for unique potential    2
    overlapped atomic potential and density for unique potential    3
    overlapped atomic potential and density for unique potential    4
Done with module: atomic potentials.

Calculating SCF potentials ...
FEFF-serial using 1 thread.
Muffin tin radii and interstitial parameters [bohr]:
type, norman radius, muffin tin, overlap factor
    0  1.44512E+00  1.38625E+00  1.10999E+00
    1  1.29672E+00  1.23356E+00  1.13569E+00
    2  1.47747E+00  1.42770E+00  1.08855E+00
    3  9.28777E-01  7.13527E-01  1.15000E+00
    4  1.00791E+00  8.52508E-01  1.15000E+00
Core-valence separation energy:  ecv=   -40.000 eV
Initial Fermi level:              mu=     8.067 eV
SCF ITERATION NUMBER  1
     point #   1  energy = -40.000
FMS for a cluster of   99 atoms around atom type   0
FMS for a cluster of   97 atoms around atom type   1
FMS for a cluster of   82 atoms around atom type   2
FMS for a cluster of  108 atoms around atom type   3
FMS for a cluster of  110 atoms around atom type   4
     point #  20  energy = -28.781
     point #  40  energy =  -8.531
     point #  60  energy =  -4.650
     point #  80  energy =  -3.853
New Fermi level:    mu=  -3.836 eV  Charge distance=  1.1657 (partial c.d.=  5.1746)
SCF ITERATION NUMBER  1
     point #   1  energy = -40.000
FMS for a cluster of   99 atoms around atom type   0
FMS for a cluster of   97 atoms around atom type   1
FMS for a cluster of   82 atoms around atom type   2
FMS for a cluster of  108 atoms around atom type   3
FMS for a cluster of  110 atoms around atom type   4
     point #  20  energy = -28.950
     point #  40  energy =  -8.859
     point #  60  energy =  -3.836
     point #  80  energy =  -5.415
     point # 100  energy =  -8.471
New Fermi level:    mu=  -7.992 eV  Charge distance=  0.4533 (partial c.d.=  6.3593)
SCF ITERATION NUMBER  1
     point #   1  energy = -40.000
FMS for a cluster of   99 atoms around atom type   0
FMS for a cluster of   97 atoms around atom type   1
FMS for a cluster of   82 atoms around atom type   2
FMS for a cluster of  108 atoms around atom type   3
FMS for a cluster of  110 atoms around atom type   4
     point #  20  energy = -28.997
     point #  40  energy =  -8.992
     point #  60  energy =  -7.951
New Fermi level:    mu=  -7.851 eV  Charge distance=  0.2381 (partial c.d.=  0.2451)
SCF ITERATION NUMBER  2
     point #   1  energy = -40.000
     point #  20  energy = -28.949
     point #  40  energy =  -8.856
     point #  60  energy =  -7.810
New Fermi level:    mu=  -7.502 eV  Charge distance=  0.1550 (partial c.d.=  0.3861)
SCF ITERATION NUMBER  3
     point #   1  energy = -40.000
     point #  20  energy = -28.829
     point #  40  energy =  -8.518
     point #  60  energy =  -7.461
New Fermi level:    mu=  -7.322 eV  Charge distance=  0.0505 (partial c.d.=  0.4631)
SCF ITERATION NUMBER  4
     point #   1  energy = -40.000
     point #  20  energy = -28.767
     point #  40  energy =  -8.343
     point #  60  energy =  -7.363
New Fermi level:    mu=  -7.521 eV  Charge distance=  0.1171 (partial c.d.=  0.6374)
SCF ITERATION NUMBER  5
     point #   1  energy = -40.000
     point #  20  energy = -28.835
     point #  40  energy =  -8.536
     point #  60  energy =  -7.483
New Fermi level:    mu=  -7.483 eV  Charge distance=  0.0371 (partial c.d.=  0.1936)
SCF ITERATION NUMBER  6
     point #   1  energy = -40.000
     point #  20  energy = -28.822
     point #  40  energy =  -8.499
New Fermi level:    mu=  -7.472 eV  Charge distance=  0.0095 (partial c.d.=  0.1883)
SCF ITERATION NUMBER  7
     point #   1  energy = -40.000
     point #  20  energy = -28.819
     point #  40  energy =  -8.489
New Fermi level:    mu=  -7.474 eV  Charge distance=  0.0048 (partial c.d.=  0.0490)
SCF ITERATION NUMBER  8
     point #   1  energy = -40.000
     point #  20  energy = -28.819
     point #  40  energy =  -8.490
New Fermi level:    mu=  -7.477 eV  Charge distance=  0.0074 (partial c.d.=  0.0065)
SCF ITERATION NUMBER  9
     point #   1  energy = -40.000
     point #  20  energy = -28.820
     point #  40  energy =  -8.493
New Fermi level:    mu=  -7.470 eV  Charge distance=  0.0023 (partial c.d.=  0.0042)
SCF ITERATION NUMBER 10
     point #   1  energy = -40.000
     point #  20  energy = -28.818
     point #  40  energy =  -8.487
New Fermi level:    mu=  -7.469 eV  Charge distance=  0.0003 (partial c.d.=  0.0027)
SCF ITERATION NUMBER 11
     point #   1  energy = -40.000
     point #  20  energy = -28.817
     point #  40  energy =  -8.485
New Fermi level:    mu=  -7.467 eV  Charge distance=  0.0001 (partial c.d.=  0.0009)
SCF ITERATION NUMBER 12
     point #   1  energy = -40.000
     point #  20  energy = -28.817
     point #  40  energy =  -8.484
New Fermi level:    mu=  -7.467 eV  Charge distance=  0.0000 (partial c.d.=  0.0006)
SCF ITERATION NUMBER 13
     point #   1  energy = -40.000
     point #  20  energy = -28.817
     point #  40  energy =  -8.484
New Fermi level:    mu=  -7.467 eV  Charge distance=  0.0001 (partial c.d.=  0.0001)
Electronic configuration
  type     l     N_el
     0     0    0.507
     0     1    0.702
     0     2    9.554
     0     3    0.000
     1     0    0.264
     1     1    0.580
     1     2    0.000
     1     3    0.000
     2     0    0.456
     2     1    0.568
     2     2    9.631
     2     3    0.000
     3     0    1.101
     3     1    2.149
     3     2    0.420
     3     3    0.000
     4     0    1.816
     4     1    4.303
     4     2    0.113
     4     3    0.000
Charge transfer:  type  charge
       0   -0.238
       1   -0.156
       2   -0.345
       3   -0.331
       4    0.232
Convergence reached in   13 iterations.
Done with module: potentials.

Calculating screened core-hole potential ...
FMS for a cluster of   25 atoms around iph =   0
    0% of energy integration
   20%
   40%
   60%
   80%
  100%
Preparing response function.
Computing (1 - K Chi0)^-1 v_ch
Done with module: screened core-hole potential.

Calculating cross-section and phases ...
    absorption cross section
 x0,dx,rnrm,inrm,jnrm   8.80000000000000       5.000000000000000E-002
   2.73088436700008              197         198
    phase shifts for unique potential    0
    phase shifts for unique potential    1
    phase shifts for unique potential    2
    phase shifts for unique potential    3
    phase shifts for unique potential    4
Done with module: cross-section and phases (XSPH).

FMS calculation of full Green's function ...
FEFF-serial using 1 thread.
Using   194 energy points.
xprep done
FMS for a cluster of  243 atoms
Energy point    1/ 194
Energy point   10/ 194
Energy point   20/ 194
Energy point   30/ 194
Energy point   40/ 194
Energy point   50/ 194
Energy point   60/ 194
Energy point   70/ 194
Energy point   80/ 194
Energy point   90/ 194
Energy point  100/ 194
Energy point  110/ 194
Energy point  120/ 194
Energy point  130/ 194
Energy point  140/ 194
Energy point  150/ 194
Energy point  160/ 194
Energy point  170/ 194
Energy point  180/ 194
Energy point  190/ 194
Done with module: FMS.

MKGTR: Tracing over Green's function ...
Done with module: MKGTR.

Pathfinder: finding scattering paths...
Preparing plane wave scattering amplitudes
Searching for paths
Eliminating path degeneracies
0 paths retained.
Done with module: pathfinder.

Calculating EXAFS parameters ...
Done with module: EXAFS parameters (GENFMT).

Calculating XAS spectra ...
Done with module: XAS spectra (FF2X: DW + final sum over paths).

 
### feff ends at Mon Aug 14 08:35:02 EDT 2023
 
