### feff starts at Mon Aug 14 06:40:35 EDT 2023
### Serial version
### FeffPath is /sdcc/u/mcarbone/software/JFEFF/hsw/feff90/linux
 
Launching FEFF version FEFF 9.9.1
Core hole lifetime is   1.729 eV.
Your calculation:
 comment: None given
 Source:
 Structure Summary:  Sc8 Cu8 O20
 Reduced formula:  Sc2Cu2O5
 space group: (Pna2_1), space number:  (33)
 abc:  3.248797  10.554641  12.125754
 angles: 90.000000  90.000000  90.000000
 sites: 36
Cu K edge XANES using RPA corehole.
Using:     * Self-Consistent Field potentials
Using cards:   ATOMS CONTROL EXCHANGE TITLE RPATH POTENTIALS XANES EDGE SCF FMS S02 COREHOLE EGRID

Calculating atomic potentials ...
    overlapped atomic potential and density for unique potential    0
    overlapped atomic potential and density for unique potential    1
    overlapped atomic potential and density for unique potential    2
    overlapped atomic potential and density for unique potential    3
Done with module: atomic potentials.

Calculating SCF potentials ...
FEFF-serial using 1 thread.
Muffin tin radii and interstitial parameters [bohr]:
type, norman radius, muffin tin, overlap factor
    0  1.30733E+00  1.22635E+00  1.15000E+00
    1  1.52663E+00  1.42549E+00  1.15000E+00
    2  1.30729E+00  1.22596E+00  1.15000E+00
    3  1.10904E+00  1.03348E+00  1.15000E+00
Core-valence separation energy:  ecv=   -42.500 eV
Initial Fermi level:              mu=    -1.332 eV
SCF ITERATION NUMBER  1
     point #   1  energy = -42.500
FMS for a cluster of  127 atoms around atom type   0
FMS for a cluster of  122 atoms around atom type   1
FMS for a cluster of  117 atoms around atom type   2
FMS for a cluster of  123 atoms around atom type   3
     point #  20  energy = -31.430
     point #  40  energy = -11.180
     point #  60  energy =  -6.623
     point #  80  energy =  -6.195
New Fermi level:    mu=  -6.115 eV  Charge distance=  1.3152 (partial c.d.=  6.6559)
SCF ITERATION NUMBER  1
     point #   1  energy = -42.500
FMS for a cluster of  127 atoms around atom type   0
FMS for a cluster of  122 atoms around atom type   1
FMS for a cluster of  117 atoms around atom type   2
FMS for a cluster of  123 atoms around atom type   3
     point #  20  energy = -31.382
     point #  40  energy = -11.168
     point #  60  energy =  -6.115
     point #  80  energy =  -7.693
     point # 100  energy = -11.546
     point # 120  energy = -12.293
     point # 140  energy = -12.543
New Fermi level:    mu= -12.722 eV  Charge distance=  0.3876 (partial c.d.=  6.8755)
SCF ITERATION NUMBER  1
     point #   1  energy = -42.500
FMS for a cluster of  127 atoms around atom type   0
FMS for a cluster of  122 atoms around atom type   1
FMS for a cluster of  117 atoms around atom type   2
FMS for a cluster of  123 atoms around atom type   3
     point #  20  energy = -31.205
     point #  40  energy = -12.722
     point #  60  energy = -12.647
New Fermi level:    mu= -12.625 eV  Charge distance=  0.2667 (partial c.d.=  0.2012)
SCF ITERATION NUMBER  2
     point #   1  energy = -42.500
     point #  20  energy = -31.546
     point #  40  energy = -12.625
     point #  60  energy = -12.534
     point #  80  energy = -10.209
     point # 100  energy = -10.537
     point # 120  energy = -10.787
New Fermi level:    mu= -10.777 eV  Charge distance=  0.4149 (partial c.d.=  0.3907)
SCF ITERATION NUMBER  3
     point #   1  energy = -42.500
     point #  20  energy = -31.243
     point #  40  energy = -10.777
     point #  60  energy = -10.736
     point #  80  energy =  -8.999
New Fermi level:    mu=  -8.894 eV  Charge distance=  0.1983 (partial c.d.=  1.1708)
SCF ITERATION NUMBER  4
     point #   1  energy = -42.500
     point #  20  energy = -31.298
     point #  40  energy = -10.931
     point #  60  energy =  -8.906
     point #  80  energy = -10.666
     point # 100  energy = -11.113
New Fermi level:    mu= -11.216 eV  Charge distance=  0.0967 (partial c.d.=  1.4039)
SCF ITERATION NUMBER  5
     point #   1  energy = -42.500
     point #  20  energy = -31.399
     point #  40  energy = -11.216
     point #  60  energy = -11.175
     point #  80  energy = -10.744
New Fermi level:    mu= -10.929 eV  Charge distance=  0.1195 (partial c.d.=  0.0901)
SCF ITERATION NUMBER  6
     point #   1  energy = -42.500
     point #  20  energy = -31.297
     point #  40  energy = -10.929
     point #  60  energy = -10.888
     point #  80  energy = -10.023
New Fermi level:    mu= -10.188 eV  Charge distance=  0.1088 (partial c.d.=  1.4331)
SCF ITERATION NUMBER  7
     point #   1  energy = -42.500
     point #  20  energy = -31.393
     point #  40  energy = -11.197
     point #  60  energy = -10.147
     point #  80  energy =  -9.938
New Fermi level:    mu= -10.005 eV  Charge distance=  0.0286 (partial c.d.=  1.4364)
SCF ITERATION NUMBER  8
     point #   1  energy = -42.500
     point #  20  energy = -31.330
     point #  40  energy = -11.020
     point #  60  energy = -10.045
New Fermi level:    mu= -10.209 eV  Charge distance=  0.0403 (partial c.d.=  0.1121)
SCF ITERATION NUMBER  9
     point #   1  energy = -42.500
     point #  20  energy = -31.400
     point #  40  energy = -11.219
     point #  60  energy = -10.172
New Fermi level:    mu= -10.164 eV  Charge distance=  0.0106 (partial c.d.=  0.2102)
SCF ITERATION NUMBER 10
     point #   1  energy = -42.500
     point #  20  energy = -31.385
     point #  40  energy = -11.175
     point #  60  energy = -10.202
New Fermi level:    mu= -10.204 eV  Charge distance=  0.0076 (partial c.d.=  0.2445)
SCF ITERATION NUMBER 11
     point #   1  energy = -42.500
     point #  20  energy = -31.398
     point #  40  energy = -11.213
New Fermi level:    mu= -10.205 eV  Charge distance=  0.0012 (partial c.d.=  0.2383)
SCF ITERATION NUMBER 12
     point #   1  energy = -42.500
     point #  20  energy = -31.398
     point #  40  energy = -11.214
New Fermi level:    mu= -10.195 eV  Charge distance=  0.0022 (partial c.d.=  0.0354)
SCF ITERATION NUMBER 13
     point #   1  energy = -42.500
     point #  20  energy = -31.395
     point #  40  energy = -11.205
New Fermi level:    mu= -10.197 eV  Charge distance=  0.0272 (partial c.d.=  0.0024)
SCF ITERATION NUMBER 14
     point #   1  energy = -42.500
     point #  20  energy = -31.396
     point #  40  energy = -11.207
New Fermi level:    mu= -10.173 eV  Charge distance=  0.0117 (partial c.d.=  0.1493)
SCF ITERATION NUMBER 15
     point #   1  energy = -42.500
     point #  20  energy = -31.388
     point #  40  energy = -11.183
New Fermi level:    mu= -10.189 eV  Charge distance=  0.0016 (partial c.d.=  0.0830)
SCF ITERATION NUMBER 16
     point #   1  energy = -42.500
     point #  20  energy = -31.393
     point #  40  energy = -11.198
New Fermi level:    mu= -10.190 eV  Charge distance=  0.0001 (partial c.d.=  0.0137)
SCF ITERATION NUMBER 17
     point #   1  energy = -42.500
     point #  20  energy = -31.393
     point #  40  energy = -11.199
New Fermi level:    mu= -10.190 eV  Charge distance=  0.0001 (partial c.d.=  0.0026)
SCF ITERATION NUMBER 18
     point #   1  energy = -42.500
     point #  20  energy = -31.393
     point #  40  energy = -11.199
New Fermi level:    mu= -10.190 eV  Charge distance=  0.0000 (partial c.d.=  0.0013)
SCF ITERATION NUMBER 19
     point #   1  energy = -42.500
     point #  20  energy = -31.393
     point #  40  energy = -11.200
New Fermi level:    mu= -10.190 eV  Charge distance=  0.0000 (partial c.d.=  0.0001)
Electronic configuration
  type     l     N_el
     0     0    0.459
     0     1    0.551
     0     2    9.438
     0     3    0.000
     1     0    0.398
     1     1    6.652
     1     2    1.603
     1     3    0.000
     2     0    0.460
     2     1    0.550
     2     2    9.438
     2     3    0.000
     3     0    1.855
     3     1    4.434
     3     2    0.071
     3     3    0.000
Charge transfer:  type  charge
       0   -0.551
       1   -0.347
       2   -0.551
       3    0.359
Convergence reached in   19 iterations.
Done with module: potentials.

Calculating screened core-hole potential ...
FMS for a cluster of   26 atoms around iph =   0
    0% of energy integration
   20%
   40%
   60%
   80%
  100%
Preparing response function.
Computing (1 - K Chi0)^-1 v_ch
Done with module: screened core-hole potential.

Calculating cross-section and phases ...
    absorption cross section
 x0,dx,rnrm,inrm,jnrm   8.80000000000000       5.000000000000000E-002
   2.47049190099999              195         196
    phase shifts for unique potential    0
    phase shifts for unique potential    1
    phase shifts for unique potential    2
    phase shifts for unique potential    3
Done with module: cross-section and phases (XSPH).

FMS calculation of full Green's function ...
FEFF-serial using 1 thread.
Using   194 energy points.
xprep done
FMS for a cluster of  262 atoms
Energy point    1/ 194
Energy point   10/ 194
Energy point   20/ 194
Energy point   30/ 194
Energy point   40/ 194
Energy point   50/ 194
Energy point   60/ 194
Energy point   70/ 194
Energy point   80/ 194
Energy point   90/ 194
Energy point  100/ 194
Energy point  110/ 194
Energy point  120/ 194
Energy point  130/ 194
Energy point  140/ 194
Energy point  150/ 194
Energy point  160/ 194
Energy point  170/ 194
Energy point  180/ 194
Energy point  190/ 194
Done with module: FMS.

MKGTR: Tracing over Green's function ...
Done with module: MKGTR.

Pathfinder: finding scattering paths...
Preparing plane wave scattering amplitudes
Searching for paths
Eliminating path degeneracies
0 paths retained.
Done with module: pathfinder.

Calculating EXAFS parameters ...
Done with module: EXAFS parameters (GENFMT).

Calculating XAS spectra ...
Done with module: XAS spectra (FF2X: DW + final sum over paths).

 
### feff ends at Mon Aug 14 09:00:05 EDT 2023
 
