### feff starts at Sun Aug 13 09:26:11 EDT 2023
### Serial version
### FeffPath is /sdcc/u/mcarbone/software/JFEFF/hsw/feff90/linux
 
Launching FEFF version FEFF 9.9.1
Core hole lifetime is   1.729 eV.
Your calculation:
 comment: None given
 Source:
 Structure Summary:  Cr2 Cu2 O8
 Reduced formula:  CrCuO4
 space group: (Cmcm), space number:  (63)
 abc:  5.275425   5.275425   5.957543
 angles: 90.000000  90.000000 117.377306
 sites: 12
Cu K edge XANES using RPA corehole.
Using:     * Self-Consistent Field potentials
Using cards:   ATOMS CONTROL EXCHANGE TITLE RPATH POTENTIALS XANES EDGE SCF FMS S02 COREHOLE EGRID

Calculating atomic potentials ...
    overlapped atomic potential and density for unique potential    0
    overlapped atomic potential and density for unique potential    1
    overlapped atomic potential and density for unique potential    2
    overlapped atomic potential and density for unique potential    3
Done with module: atomic potentials.

Calculating SCF potentials ...
FEFF-serial using 1 thread.
Muffin tin radii and interstitial parameters [bohr]:
type, norman radius, muffin tin, overlap factor
    0  1.33190E+00  1.25451E+00  1.15000E+00
    1  1.24695E+00  1.02241E+00  1.15000E+00
    2  1.33190E+00  1.25450E+00  1.15000E+00
    3  1.09488E+00  9.90616E-01  1.15000E+00
Core-valence separation energy:  ecv=   -56.500 eV
Initial Fermi level:              mu=     2.433 eV
SCF ITERATION NUMBER  1
     point #   1  energy = -56.500
FMS for a cluster of  125 atoms around atom type   0
FMS for a cluster of  106 atoms around atom type   1
FMS for a cluster of  121 atoms around atom type   2
FMS for a cluster of  116 atoms around atom type   3
     point #  20  energy = -44.890
     point #  40  energy = -24.640
     point #  60  energy =  -7.318
     point #  80  energy =  -5.881
     point # 100  energy =  -5.431
New Fermi level:    mu=  -5.423 eV  Charge distance=  1.6596 (partial c.d.=  8.5404)
SCF ITERATION NUMBER  1
     point #   1  energy = -56.500
FMS for a cluster of  125 atoms around atom type   0
FMS for a cluster of  106 atoms around atom type   1
FMS for a cluster of  121 atoms around atom type   2
FMS for a cluster of  116 atoms around atom type   3
     point #  20  energy = -45.263
     point #  40  energy = -24.832
     point #  60  energy =  -5.423
     point #  80  energy =  -5.513
     point # 100  energy =  -6.438
     point # 120  energy =  -6.066
New Fermi level:    mu=  -6.075 eV  Charge distance=  0.7919 (partial c.d.=  8.6227)
SCF ITERATION NUMBER  1
     point #   1  energy = -56.500
FMS for a cluster of  125 atoms around atom type   0
FMS for a cluster of  106 atoms around atom type   1
FMS for a cluster of  121 atoms around atom type   2
FMS for a cluster of  116 atoms around atom type   3
     point #  20  energy = -45.407
     point #  40  energy = -25.237
     point #  60  energy =  -6.075
     point #  80  energy =  -6.166
     point # 100  energy =  -8.909
     point # 120  energy =  -7.781
New Fermi level:    mu=  -7.564 eV  Charge distance=  0.2992 (partial c.d.=  1.9583)
SCF ITERATION NUMBER  2
     point #   1  energy = -56.500
     point #  20  energy = -45.286
     point #  40  energy = -24.896
     point #  60  energy =  -7.564
     point #  80  energy =  -7.733
     point # 100  energy =  -9.389
New Fermi level:    mu=  -9.226 eV  Charge distance=  0.1470 (partial c.d.=  1.0494)
SCF ITERATION NUMBER  3
     point #   1  energy = -56.500
     point #  20  energy = -45.436
     point #  40  energy = -25.319
     point #  60  energy =  -9.226
     point #  80  energy =  -8.979
New Fermi level:    mu=  -8.583 eV  Charge distance=  0.1157 (partial c.d.=  0.6881)
SCF ITERATION NUMBER  4
     point #   1  energy = -56.500
     point #  20  energy = -45.285
     point #  40  energy = -24.895
     point #  60  energy =  -8.583
New Fermi level:    mu=  -8.651 eV  Charge distance=  0.0559 (partial c.d.=  0.8126)
SCF ITERATION NUMBER  5
     point #   1  energy = -56.500
     point #  20  energy = -45.301
     point #  40  energy = -24.940
     point #  60  energy =  -8.651
     point #  80  energy =  -8.832
     point # 100  energy =  -9.001
New Fermi level:    mu=  -8.958 eV  Charge distance=  0.1030 (partial c.d.=  0.2665)
SCF ITERATION NUMBER  6
     point #   1  energy = -56.500
     point #  20  energy = -45.373
     point #  40  energy = -25.143
     point #  60  energy =  -8.958
     point #  80  energy =  -9.140
New Fermi level:    mu=  -9.133 eV  Charge distance=  0.0515 (partial c.d.=  0.6495)
SCF ITERATION NUMBER  7
     point #   1  energy = -56.500
     point #  20  energy = -45.414
     point #  40  energy = -25.258
     point #  60  energy =  -9.133
     point #  80  energy =  -9.026
New Fermi level:    mu=  -8.979 eV  Charge distance=  0.0186 (partial c.d.=  0.6238)
SCF ITERATION NUMBER  8
     point #   1  energy = -56.500
     point #  20  energy = -45.378
     point #  40  energy = -25.156
     point #  60  energy =  -8.979
New Fermi level:    mu=  -9.042 eV  Charge distance=  0.0075 (partial c.d.=  0.2012)
SCF ITERATION NUMBER  9
     point #   1  energy = -56.500
     point #  20  energy = -45.393
     point #  40  energy = -25.198
     point #  60  energy =  -9.042
New Fermi level:    mu=  -9.050 eV  Charge distance=  0.0054 (partial c.d.=  0.1623)
SCF ITERATION NUMBER 10
     point #   1  energy = -56.500
     point #  20  energy = -45.395
     point #  40  energy = -25.203
     point #  60  energy =  -9.050
New Fermi level:    mu=  -9.034 eV  Charge distance=  0.0025 (partial c.d.=  0.0567)
SCF ITERATION NUMBER 11
     point #   1  energy = -56.500
     point #  20  energy = -45.391
     point #  40  energy = -25.193
     point #  60  energy =  -9.034
New Fermi level:    mu=  -9.029 eV  Charge distance=  0.0024 (partial c.d.=  0.0163)
SCF ITERATION NUMBER 12
     point #   1  energy = -56.500
     point #  20  energy = -45.390
     point #  40  energy = -25.189
     point #  60  energy =  -9.029
New Fermi level:    mu=  -9.021 eV  Charge distance=  0.0030 (partial c.d.=  0.0130)
SCF ITERATION NUMBER 13
     point #   1  energy = -56.500
     point #  20  energy = -45.388
     point #  40  energy = -25.184
     point #  60  energy =  -9.021
New Fermi level:    mu=  -9.016 eV  Charge distance=  0.0010 (partial c.d.=  0.0076)
SCF ITERATION NUMBER 14
     point #   1  energy = -56.500
     point #  20  energy = -45.387
     point #  40  energy = -25.181
     point #  60  energy =  -9.016
New Fermi level:    mu=  -9.014 eV  Charge distance=  0.0002 (partial c.d.=  0.0069)
SCF ITERATION NUMBER 15
     point #   1  energy = -56.500
     point #  20  energy = -45.386
     point #  40  energy = -25.179
     point #  60  energy =  -9.014
New Fermi level:    mu=  -9.014 eV  Charge distance=  0.0001 (partial c.d.=  0.0014)
SCF ITERATION NUMBER 16
     point #   1  energy = -56.500
     point #  20  energy = -45.386
     point #  40  energy = -25.179
     point #  60  energy =  -9.014
New Fermi level:    mu=  -9.015 eV  Charge distance=  0.0001 (partial c.d.=  0.0003)
SCF ITERATION NUMBER 17
     point #   1  energy = -56.500
     point #  20  energy = -45.386
     point #  40  energy = -25.180
     point #  60  energy =  -9.015
New Fermi level:    mu=  -9.015 eV  Charge distance=  0.0001 (partial c.d.=  0.0002)
SCF ITERATION NUMBER 18
     point #   1  energy = -56.500
     point #  20  energy = -45.387
     point #  40  energy = -25.180
     point #  60  energy =  -9.015
New Fermi level:    mu=  -9.016 eV  Charge distance=  0.0000 (partial c.d.=  0.0001)
Electronic configuration
  type     l     N_el
     0     0    0.428
     0     1    0.536
     0     2    9.434
     0     3    0.000
     1     0    0.510
     1     1    6.712
     1     2    4.468
     1     3    0.000
     2     0    0.429
     2     1    0.536
     2     2    9.434
     2     3    0.000
     3     0    1.848
     3     1    4.285
     3     2    0.095
     3     3    0.000
Charge transfer:  type  charge
       0   -0.602
       1   -0.309
       2   -0.601
       3    0.228
Convergence reached in   18 iterations.
Done with module: potentials.

Calculating screened core-hole potential ...
FMS for a cluster of   23 atoms around iph =   0
    0% of energy integration
   20%
   40%
   60%
   80%
  100%
Preparing response function.
Computing (1 - K Chi0)^-1 v_ch
Done with module: screened core-hole potential.

Calculating cross-section and phases ...
    absorption cross section
 x0,dx,rnrm,inrm,jnrm   8.80000000000000       5.000000000000000E-002
   2.51693401099986              195         196
    phase shifts for unique potential    0
    phase shifts for unique potential    1
    phase shifts for unique potential    2
    phase shifts for unique potential    3
Done with module: cross-section and phases (XSPH).

FMS calculation of full Green's function ...
FEFF-serial using 1 thread.
Using   194 energy points.
xprep done
FMS for a cluster of  241 atoms
Energy point    1/ 194
Energy point   10/ 194
Energy point   20/ 194
Energy point   30/ 194
Energy point   40/ 194
Energy point   50/ 194
Energy point   60/ 194
Energy point   70/ 194
Energy point   80/ 194
Energy point   90/ 194
Energy point  100/ 194
Energy point  110/ 194
Energy point  120/ 194
Energy point  130/ 194
Energy point  140/ 194
Energy point  150/ 194
Energy point  160/ 194
Energy point  170/ 194
Energy point  180/ 194
Energy point  190/ 194
Done with module: FMS.

MKGTR: Tracing over Green's function ...
Done with module: MKGTR.

Pathfinder: finding scattering paths...
Preparing plane wave scattering amplitudes
Searching for paths
Eliminating path degeneracies
0 paths retained.
Done with module: pathfinder.

Calculating EXAFS parameters ...
Done with module: EXAFS parameters (GENFMT).

Calculating XAS spectra ...
Done with module: XAS spectra (FF2X: DW + final sum over paths).

 
### feff ends at Sun Aug 13 11:36:47 EDT 2023
 
