### feff starts at Sun Aug 13 23:12:06 EDT 2023
### Serial version
### FeffPath is /sdcc/u/mcarbone/software/JFEFF/hsw/feff90/linux
 
Launching FEFF version FEFF 9.9.1
Core hole lifetime is   1.729 eV.
Your calculation:
 comment: None given
 Source:
 Structure Summary:  Cu16 Ge16 O48
 Reduced formula:  CuGeO3
 space group: (Pbam), space number:  (55)
 abc:  8.694340   9.836501  11.941060
 angles: 90.000000  90.000000  90.000000
 sites: 80
Cu K edge XANES using RPA corehole.
Using:     * Self-Consistent Field potentials
Using cards:   ATOMS CONTROL EXCHANGE TITLE RPATH POTENTIALS XANES EDGE SCF FMS S02 COREHOLE EGRID

Calculating atomic potentials ...
    overlapped atomic potential and density for unique potential    0
    overlapped atomic potential and density for unique potential    1
    overlapped atomic potential and density for unique potential    2
    overlapped atomic potential and density for unique potential    3
Done with module: atomic potentials.

Calculating SCF potentials ...
FEFF-serial using 1 thread.
Muffin tin radii and interstitial parameters [bohr]:
type, norman radius, muffin tin, overlap factor
    0  1.33326E+00  1.23817E+00  1.15000E+00
    1  1.33109E+00  1.23463E+00  1.15000E+00
    2  1.32053E+00  1.12755E+00  1.15000E+00
    3  1.08659E+00  9.68561E-01  1.15000E+00
Core-valence separation energy:  ecv=   -40.000 eV
Initial Fermi level:              mu=     3.877 eV
SCF ITERATION NUMBER  1
     point #   1  energy = -40.000
FMS for a cluster of  103 atoms around atom type   0
FMS for a cluster of   99 atoms around atom type   1
FMS for a cluster of  108 atoms around atom type   2
FMS for a cluster of  114 atoms around atom type   3
     point #  20  energy = -28.799
     point #  40  energy =  -8.549
     point #  60  energy =  -3.524
     point #  80  energy =  -3.137
New Fermi level:    mu=  -3.107 eV  Charge distance=  0.5931 (partial c.d.= 10.7076)
SCF ITERATION NUMBER  1
     point #   1  energy = -40.000
FMS for a cluster of  103 atoms around atom type   0
FMS for a cluster of   99 atoms around atom type   1
FMS for a cluster of  108 atoms around atom type   2
FMS for a cluster of  114 atoms around atom type   3
     point #  20  energy = -28.727
     point #  40  energy =  -8.231
     point #  60  energy =  -3.107
     point #  80  energy =  -4.932
     point # 100  energy =  -7.598
     point # 120  energy =  -7.916
     point # 140  energy =  -8.166
New Fermi level:    mu=  -8.298 eV  Charge distance=  0.1893 (partial c.d.=  3.3337)
SCF ITERATION NUMBER  1
     point #   1  energy = -40.000
FMS for a cluster of  103 atoms around atom type   0
FMS for a cluster of   99 atoms around atom type   1
FMS for a cluster of  108 atoms around atom type   2
FMS for a cluster of  114 atoms around atom type   3
     point #  20  energy = -28.751
     point #  40  energy =  -8.298
     point #  60  energy =  -8.257
     point #  80  energy =  -6.441
     point # 100  energy =  -6.935
New Fermi level:    mu=  -7.067 eV  Charge distance=  0.0991 (partial c.d.=  0.3685)
SCF ITERATION NUMBER  2
     point #   1  energy = -40.000
     point #  20  energy = -29.022
     point #  40  energy =  -9.063
     point #  60  energy =  -7.054
     point #  80  energy =  -6.139
New Fermi level:    mu=  -6.360 eV  Charge distance=  0.1974 (partial c.d.=  0.2207)
SCF ITERATION NUMBER  3
     point #   1  energy = -40.000
     point #  20  energy = -28.787
     point #  40  energy =  -8.399
     point #  60  energy =  -6.372
New Fermi level:    mu=  -6.645 eV  Charge distance=  0.1322 (partial c.d.=  0.0918)
SCF ITERATION NUMBER  4
     point #   1  energy = -40.000
     point #  20  energy = -28.882
     point #  40  energy =  -8.666
     point #  60  energy =  -6.620
New Fermi level:    mu=  -6.492 eV  Charge distance=  0.0332 (partial c.d.=  0.1012)
SCF ITERATION NUMBER  5
     point #   1  energy = -40.000
     point #  20  energy = -28.831
     point #  40  energy =  -8.523
     point #  60  energy =  -6.517
New Fermi level:    mu=  -6.601 eV  Charge distance=  0.0076 (partial c.d.=  0.0305)
SCF ITERATION NUMBER  6
     point #   1  energy = -40.000
     point #  20  energy = -28.867
     point #  40  energy =  -8.625
     point #  60  energy =  -6.626
New Fermi level:    mu=  -6.615 eV  Charge distance=  0.0062 (partial c.d.=  0.0203)
SCF ITERATION NUMBER  7
     point #   1  energy = -40.000
     point #  20  energy = -28.872
     point #  40  energy =  -8.638
New Fermi level:    mu=  -6.620 eV  Charge distance=  0.0078 (partial c.d.=  0.0149)
SCF ITERATION NUMBER  8
     point #   1  energy = -40.000
     point #  20  energy = -28.873
     point #  40  energy =  -8.643
New Fermi level:    mu=  -6.621 eV  Charge distance=  0.0027 (partial c.d.=  0.0145)
SCF ITERATION NUMBER  9
     point #   1  energy = -40.000
     point #  20  energy = -28.874
     point #  40  energy =  -8.644
New Fermi level:    mu=  -6.615 eV  Charge distance=  0.0018 (partial c.d.=  0.0021)
SCF ITERATION NUMBER 10
     point #   1  energy = -40.000
     point #  20  energy = -28.872
     point #  40  energy =  -8.638
New Fermi level:    mu=  -6.607 eV  Charge distance=  0.0001 (partial c.d.=  0.0039)
SCF ITERATION NUMBER 11
     point #   1  energy = -40.000
     point #  20  energy = -28.869
     point #  40  energy =  -8.631
New Fermi level:    mu=  -6.607 eV  Charge distance=  0.0001 (partial c.d.=  0.0004)
SCF ITERATION NUMBER 12
     point #   1  energy = -40.000
     point #  20  energy = -28.869
     point #  40  energy =  -8.631
New Fermi level:    mu=  -6.607 eV  Charge distance=  0.0001 (partial c.d.=  0.0000)
Electronic configuration
  type     l     N_el
     0     0    0.512
     0     1    0.594
     0     2    9.567
     0     3    0.000
     1     0    0.512
     1     1    0.600
     1     2    9.563
     1     3    0.000
     2     0    1.173
     2     1    1.629
     2     2   10.634
     2     3    0.000
     3     0    1.859
     3     1    4.354
     3     2    0.084
     3     3    0.000
Charge transfer:  type  charge
       0   -0.327
       1   -0.326
       2   -0.564
       3    0.297
Convergence reached in   12 iterations.
Done with module: potentials.

Calculating screened core-hole potential ...
FMS for a cluster of   23 atoms around iph =   0
    0% of energy integration
   20%
   40%
   60%
   80%
  100%
Preparing response function.
Computing (1 - K Chi0)^-1 v_ch
Done with module: screened core-hole potential.

Calculating cross-section and phases ...
    absorption cross section
 x0,dx,rnrm,inrm,jnrm   8.80000000000000       5.000000000000000E-002
   2.51950135199998              195         196
    phase shifts for unique potential    0
    phase shifts for unique potential    1
    phase shifts for unique potential    2
    phase shifts for unique potential    3
Done with module: cross-section and phases (XSPH).

FMS calculation of full Green's function ...
FEFF-serial using 1 thread.
Using   194 energy points.
xprep done
FMS for a cluster of  241 atoms
Energy point    1/ 194
Energy point   10/ 194
Energy point   20/ 194
Energy point   30/ 194
Energy point   40/ 194
Energy point   50/ 194
Energy point   60/ 194
Energy point   70/ 194
Energy point   80/ 194
Energy point   90/ 194
Energy point  100/ 194
Energy point  110/ 194
Energy point  120/ 194
Energy point  130/ 194
Energy point  140/ 194
Energy point  150/ 194
Energy point  160/ 194
Energy point  170/ 194
Energy point  180/ 194
Energy point  190/ 194
Done with module: FMS.

MKGTR: Tracing over Green's function ...
Done with module: MKGTR.

Pathfinder: finding scattering paths...
Preparing plane wave scattering amplitudes
Searching for paths
Eliminating path degeneracies
0 paths retained.
Done with module: pathfinder.

Calculating EXAFS parameters ...
Done with module: EXAFS parameters (GENFMT).

Calculating XAS spectra ...
Done with module: XAS spectra (FF2X: DW + final sum over paths).

 
### feff ends at Mon Aug 14 00:41:27 EDT 2023
 
