### feff starts at Mon Aug 14 01:54:41 EDT 2023
### Serial version
### FeffPath is /sdcc/u/mcarbone/software/JFEFF/hsw/feff90/linux
 
Launching FEFF version FEFF 9.9.1
Core hole lifetime is   1.729 eV.
Your calculation:
 comment: None given
 Source:
 Structure Summary:  Li4 Cu6 P8 O28
 Reduced formula:  Li2Cu3(P2O7)2
 space group: (P-1), space number:  (2)
 abc:  5.297790   6.259542  16.441364
 angles: 92.912867  95.876074 108.487366
 sites: 46
Cu K edge XANES using RPA corehole.
Using:     * Self-Consistent Field potentials
Using cards:   ATOMS CONTROL EXCHANGE TITLE RPATH POTENTIALS XANES EDGE SCF FMS S02 COREHOLE EGRID

Calculating atomic potentials ...
    overlapped atomic potential and density for unique potential    0
    overlapped atomic potential and density for unique potential    1
    overlapped atomic potential and density for unique potential    2
    overlapped atomic potential and density for unique potential    3
    overlapped atomic potential and density for unique potential    4
Done with module: atomic potentials.

Calculating SCF potentials ...
FEFF-serial using 1 thread.
Muffin tin radii and interstitial parameters [bohr]:
type, norman radius, muffin tin, overlap factor
    0  1.35638E+00  1.28612E+00  1.14610E+00
    1  1.37872E+00  1.30913E+00  1.14161E+00
    2  1.34635E+00  1.27483E+00  1.15000E+00
    3  1.15205E+00  9.32728E-01  1.15000E+00
    4  1.04555E+00  8.86856E-01  1.15000E+00
Core-valence separation energy:  ecv=   -40.000 eV
Initial Fermi level:              mu=     6.722 eV
SCF ITERATION NUMBER  1
     point #   1  energy = -40.000
FMS for a cluster of  135 atoms around atom type   0
FMS for a cluster of  116 atoms around atom type   1
FMS for a cluster of  123 atoms around atom type   2
FMS for a cluster of  130 atoms around atom type   3
FMS for a cluster of  124 atoms around atom type   4
     point #  20  energy = -28.837
     point #  40  energy =  -8.587
     point #  60  energy =  -3.824
     point #  80  energy =  -3.249
New Fermi level:    mu=  -3.151 eV  Charge distance=  0.6483 (partial c.d.=  6.8629)
SCF ITERATION NUMBER  1
     point #   1  energy = -40.000
FMS for a cluster of  135 atoms around atom type   0
FMS for a cluster of  116 atoms around atom type   1
FMS for a cluster of  123 atoms around atom type   2
FMS for a cluster of  130 atoms around atom type   3
FMS for a cluster of  124 atoms around atom type   4
     point #  20  energy = -28.741
     point #  40  energy =  -8.269
     point #  60  energy =  -3.151
     point #  80  energy =  -4.976
     point # 100  energy =  -7.376
     point # 120  energy =  -6.611
     point # 140  energy =  -6.361
New Fermi level:    mu=  -6.305 eV  Charge distance=  0.2041 (partial c.d.=  3.6370)
SCF ITERATION NUMBER  1
     point #   1  energy = -40.000
FMS for a cluster of  135 atoms around atom type   0
FMS for a cluster of  116 atoms around atom type   1
FMS for a cluster of  123 atoms around atom type   2
FMS for a cluster of  130 atoms around atom type   3
FMS for a cluster of  124 atoms around atom type   4
     point #  20  energy = -28.768
     point #  40  energy =  -8.347
     point #  60  energy =  -6.280
New Fermi level:    mu=  -6.200 eV  Charge distance=  0.1023 (partial c.d.=  0.3088)
SCF ITERATION NUMBER  2
     point #   1  energy = -40.000
     point #  20  energy = -28.733
     point #  40  energy =  -8.248
     point #  60  energy =  -6.187
New Fermi level:    mu=  -5.873 eV  Charge distance=  0.2113 (partial c.d.=  0.2600)
SCF ITERATION NUMBER  3
     point #   1  energy = -40.000
     point #  20  energy = -28.959
     point #  40  energy =  -8.884
     point #  60  energy =  -5.860
New Fermi level:    mu=  -5.872 eV  Charge distance=  0.1315 (partial c.d.=  0.0565)
SCF ITERATION NUMBER  4
     point #   1  energy = -40.000
     point #  20  energy = -28.958
     point #  40  energy =  -8.883
     point #  60  energy =  -5.859
New Fermi level:    mu=  -5.866 eV  Charge distance=  0.0228 (partial c.d.=  0.0670)
SCF ITERATION NUMBER  5
     point #   1  energy = -40.000
     point #  20  energy = -28.957
     point #  40  energy =  -8.878
     point #  60  energy =  -5.879
New Fermi level:    mu=  -5.942 eV  Charge distance=  0.0056 (partial c.d.=  0.0244)
SCF ITERATION NUMBER  6
     point #   1  energy = -40.000
     point #  20  energy = -28.981
     point #  40  energy =  -8.948
     point #  60  energy =  -5.955
New Fermi level:    mu=  -5.957 eV  Charge distance=  0.0101 (partial c.d.=  0.0044)
SCF ITERATION NUMBER  7
     point #   1  energy = -40.000
     point #  20  energy = -28.986
     point #  40  energy =  -8.961
     point #  60  energy =  -5.970
New Fermi level:    mu=  -5.969 eV  Charge distance=  0.0043 (partial c.d.=  0.0050)
SCF ITERATION NUMBER  8
     point #   1  energy = -40.000
     point #  20  energy = -28.990
     point #  40  energy =  -8.972
     point #  60  energy =  -5.957
New Fermi level:    mu=  -5.962 eV  Charge distance=  0.0052 (partial c.d.=  0.0010)
SCF ITERATION NUMBER  9
     point #   1  energy = -40.000
     point #  20  energy = -28.988
     point #  40  energy =  -8.966
     point #  60  energy =  -5.950
New Fermi level:    mu=  -5.951 eV  Charge distance=  0.0004 (partial c.d.=  0.0012)
SCF ITERATION NUMBER 10
     point #   1  energy = -40.000
     point #  20  energy = -28.984
     point #  40  energy =  -8.955
     point #  60  energy =  -5.938
New Fermi level:    mu=  -5.950 eV  Charge distance=  0.0001 (partial c.d.=  0.0006)
SCF ITERATION NUMBER 11
     point #   1  energy = -40.000
     point #  20  energy = -28.984
     point #  40  energy =  -8.955
     point #  60  energy =  -5.963
New Fermi level:    mu=  -5.950 eV  Charge distance=  0.0002 (partial c.d.=  0.0002)
Electronic configuration
  type     l     N_el
     0     0    0.476
     0     1    0.593
     0     2    9.640
     0     3    0.000
     1     0    0.298
     1     1    0.539
     1     2    0.000
     1     3    0.000
     2     0    0.489
     2     1    0.608
     2     2    9.602
     2     3    0.000
     3     0    1.190
     3     1    2.051
     3     2    1.046
     3     3    0.000
     4     0    1.832
     4     1    4.381
     4     2    0.079
     4     3    0.000
Charge transfer:  type  charge
       0   -0.292
       1   -0.163
       2   -0.301
       3   -0.714
       4    0.292
Convergence reached in   11 iterations.
Done with module: potentials.

Calculating screened core-hole potential ...
FMS for a cluster of   23 atoms around iph =   0
    0% of energy integration
   20%
   40%
   60%
   80%
  100%
Preparing response function.
Computing (1 - K Chi0)^-1 v_ch
Done with module: screened core-hole potential.

Calculating cross-section and phases ...
    absorption cross section
 x0,dx,rnrm,inrm,jnrm   8.80000000000000       5.000000000000000E-002
   2.56318725800021              195         196
    phase shifts for unique potential    0
    phase shifts for unique potential    1
    phase shifts for unique potential    2
    phase shifts for unique potential    3
    phase shifts for unique potential    4
Done with module: cross-section and phases (XSPH).

FMS calculation of full Green's function ...
FEFF-serial using 1 thread.
Using   194 energy points.
xprep done
FMS for a cluster of  276 atoms
Energy point    1/ 194
Energy point   10/ 194
Energy point   20/ 194
Energy point   30/ 194
Energy point   40/ 194
Energy point   50/ 194
Energy point   60/ 194
Energy point   70/ 194
Energy point   80/ 194
Energy point   90/ 194
Energy point  100/ 194
Energy point  110/ 194
Energy point  120/ 194
Energy point  130/ 194
Energy point  140/ 194
Energy point  150/ 194
Energy point  160/ 194
Energy point  170/ 194
Energy point  180/ 194
Energy point  190/ 194
Done with module: FMS.

MKGTR: Tracing over Green's function ...
Done with module: MKGTR.

Pathfinder: finding scattering paths...
Preparing plane wave scattering amplitudes
Searching for paths
Eliminating path degeneracies
0 paths retained.
Done with module: pathfinder.

Calculating EXAFS parameters ...
Done with module: EXAFS parameters (GENFMT).

Calculating XAS spectra ...
Done with module: XAS spectra (FF2X: DW + final sum over paths).

 
### feff ends at Mon Aug 14 03:55:53 EDT 2023
 
