### feff starts at Mon Aug 14 11:42:21 EDT 2023
### Serial version
### FeffPath is /sdcc/u/mcarbone/software/JFEFF/hsw/feff90/linux
 
Launching FEFF version FEFF 9.9.1
Core hole lifetime is   1.729 eV.
Your calculation:
 comment: None given
 Source:
 Structure Summary:  V12 Cu4 O32
 Reduced formula:  V3CuO8
 space group: (P2_13), space number:  (198)
 abc:  8.273762   8.273762   8.273762
 angles: 90.000000  90.000000  90.000000
 sites: 48
Cu K edge XANES using RPA corehole.
Using:     * Self-Consistent Field potentials
Using cards:   ATOMS CONTROL EXCHANGE TITLE RPATH POTENTIALS XANES EDGE SCF FMS S02 COREHOLE EGRID

Calculating atomic potentials ...
    overlapped atomic potential and density for unique potential    0
    overlapped atomic potential and density for unique potential    1
    overlapped atomic potential and density for unique potential    2
    overlapped atomic potential and density for unique potential    3
Done with module: atomic potentials.

Calculating SCF potentials ...
FEFF-serial using 1 thread.
Muffin tin radii and interstitial parameters [bohr]:
type, norman radius, muffin tin, overlap factor
    0  1.31985E+00  1.22928E+00  1.15000E+00
    1  1.34419E+00  1.19371E+00  1.15000E+00
    2  1.32053E+00  1.22957E+00  1.15000E+00
    3  1.10121E+00  1.04744E+00  1.13610E+00
Core-valence separation energy:  ecv=   -52.500 eV
Initial Fermi level:              mu=    -0.174 eV
SCF ITERATION NUMBER  1
     point #   1  energy = -52.500
FMS for a cluster of  123 atoms around atom type   0
FMS for a cluster of  115 atoms around atom type   1
FMS for a cluster of   83 atoms around atom type   2
FMS for a cluster of  123 atoms around atom type   3
     point #  20  energy = -41.412
     point #  40  energy = -21.162
     point #  60  energy = -10.147
     point #  80  energy =  -8.675
 Found bad counts.
  Occupation number in getorb is    10.000
  Will repeat this iteration.
 Found bad counts.
  Occupation number in getorb is    10.000
  Will repeat this iteration.
New Fermi level:    mu=  -8.630 eV  Charge distance=  1.8891 (partial c.d.=  6.7105)
SCF ITERATION NUMBER  1
     point #   1  energy = -52.500
FMS for a cluster of  123 atoms around atom type   0
FMS for a cluster of  115 atoms around atom type   1
FMS for a cluster of   83 atoms around atom type   2
FMS for a cluster of  123 atoms around atom type   3
     point #  20  energy = -41.277
     point #  40  energy = -20.873
     point #  60  energy =  -8.630
     point #  80  energy =  -8.442
New Fermi level:    mu=  -8.260 eV  Charge distance=  0.6651 (partial c.d.=  9.6572)
SCF ITERATION NUMBER  1
     point #   1  energy = -52.500
FMS for a cluster of  123 atoms around atom type   0
FMS for a cluster of  115 atoms around atom type   1
FMS for a cluster of   83 atoms around atom type   2
FMS for a cluster of  123 atoms around atom type   3
     point #  20  energy = -41.440
     point #  40  energy = -21.331
     point #  60  energy =  -8.260
     point #  80  energy =  -8.694
     point # 100  energy = -11.654
     point # 120  energy = -10.726
New Fermi level:    mu= -10.568 eV  Charge distance=  0.3308 (partial c.d.=  1.0380)
SCF ITERATION NUMBER  2
     point #   1  energy = -52.500
     point #  20  energy = -41.250
     point #  40  energy = -20.795
     point #  60  energy = -10.568
     point #  80  energy = -11.283
     point # 100  energy = -11.343
New Fermi level:    mu= -11.254 eV  Charge distance=  0.2273 (partial c.d.=  0.4688)
SCF ITERATION NUMBER  3
     point #   1  energy = -52.500
     point #  20  energy = -41.434
     point #  40  energy = -21.314
     point #  60  energy = -11.254
New Fermi level:    mu= -11.049 eV  Charge distance=  0.2200 (partial c.d.=  5.6995)
SCF ITERATION NUMBER  4
     point #   1  energy = -52.500
     point #  20  energy = -41.379
     point #  40  energy = -21.159
     point #  60  energy = -11.049
     point #  80  energy = -11.021
New Fermi level:    mu= -10.920 eV  Charge distance=  0.0449 (partial c.d.=  5.7877)
SCF ITERATION NUMBER  5
     point #   1  energy = -52.500
     point #  20  energy = -41.344
     point #  40  energy = -21.062
     point #  60  energy = -10.920
     point #  80  energy = -11.095
New Fermi level:    mu= -11.093 eV  Charge distance=  0.1094 (partial c.d.=  0.0689)
SCF ITERATION NUMBER  6
     point #   1  energy = -52.500
     point #  20  energy = -41.391
     point #  40  energy = -21.192
     point #  60  energy = -11.093
     point #  80  energy = -11.633
     point # 100  energy = -11.393
New Fermi level:    mu= -11.392 eV  Charge distance=  0.0147 (partial c.d.=  0.1751)
SCF ITERATION NUMBER  7
     point #   1  energy = -52.500
     point #  20  energy = -41.471
     point #  40  energy = -21.419
     point #  60  energy = -11.392
New Fermi level:    mu= -11.403 eV  Charge distance=  0.0433 (partial c.d.=  0.0732)
SCF ITERATION NUMBER  8
     point #   1  energy = -52.500
     point #  20  energy = -41.474
     point #  40  energy = -21.427
     point #  60  energy = -11.403
New Fermi level:    mu= -11.380 eV  Charge distance=  0.0217 (partial c.d.=  0.1714)
SCF ITERATION NUMBER  9
     point #   1  energy = -52.500
     point #  20  energy = -41.468
     point #  40  energy = -21.409
     point #  60  energy = -11.380
New Fermi level:    mu= -11.400 eV  Charge distance=  0.0172 (partial c.d.=  0.0691)
SCF ITERATION NUMBER 10
     point #   1  energy = -52.500
     point #  20  energy = -41.473
     point #  40  energy = -21.424
     point #  60  energy = -11.400
New Fermi level:    mu= -11.393 eV  Charge distance=  0.0114 (partial c.d.=  0.0541)
SCF ITERATION NUMBER 11
     point #   1  energy = -52.500
     point #  20  energy = -41.471
     point #  40  energy = -21.419
     point #  60  energy = -11.393
New Fermi level:    mu= -11.400 eV  Charge distance=  0.0047 (partial c.d.=  0.0664)
SCF ITERATION NUMBER 12
     point #   1  energy = -52.500
     point #  20  energy = -41.473
     point #  40  energy = -21.425
     point #  60  energy = -11.400
New Fermi level:    mu= -11.404 eV  Charge distance=  0.0023 (partial c.d.=  0.0264)
SCF ITERATION NUMBER 13
     point #   1  energy = -52.500
     point #  20  energy = -41.474
     point #  40  energy = -21.428
     point #  60  energy = -11.404
New Fermi level:    mu= -11.404 eV  Charge distance=  0.0004 (partial c.d.=  0.0110)
SCF ITERATION NUMBER 14
     point #   1  energy = -52.500
     point #  20  energy = -41.474
     point #  40  energy = -21.427
     point #  60  energy = -11.404
New Fermi level:    mu= -11.404 eV  Charge distance=  0.0008 (partial c.d.=  0.0009)
SCF ITERATION NUMBER 15
     point #   1  energy = -52.500
     point #  20  energy = -41.474
     point #  40  energy = -21.428
     point #  60  energy = -11.404
New Fermi level:    mu= -11.406 eV  Charge distance=  0.0002 (partial c.d.=  0.0004)
SCF ITERATION NUMBER 16
     point #   1  energy = -52.500
     point #  20  energy = -41.475
     point #  40  energy = -21.429
     point #  60  energy = -11.406
New Fermi level:    mu= -11.406 eV  Charge distance=  0.0000 (partial c.d.=  0.0004)
SCF ITERATION NUMBER 17
     point #   1  energy = -52.500
     point #  20  energy = -41.475
     point #  40  energy = -21.429
     point #  60  energy = -11.406
New Fermi level:    mu= -11.406 eV  Charge distance=  0.0000 (partial c.d.=  0.0001)
Electronic configuration
  type     l     N_el
     0     0    0.440
     0     1    0.577
     0     2    9.255
     0     3    0.000
     1     0    0.450
     1     1    6.752
     1     2    3.322
     1     3    0.000
     2     0    0.439
     2     1    0.578
     2     2    9.253
     2     3    0.000
     3     0    1.845
     3     1    4.357
     3     2    0.068
     3     3    0.000
Charge transfer:  type  charge
       0   -0.728
       1   -0.476
       2   -0.729
       3    0.270
Convergence reached in   17 iterations.
Done with module: potentials.

Calculating screened core-hole potential ...
FMS for a cluster of   26 atoms around iph =   0
    0% of energy integration
   20%
   40%
   60%
   80%
  100%
Preparing response function.
Computing (1 - K Chi0)^-1 v_ch
Done with module: screened core-hole potential.

Calculating cross-section and phases ...
    absorption cross section
 x0,dx,rnrm,inrm,jnrm   8.80000000000000       5.000000000000000E-002
   2.49414749800009              195         196
    phase shifts for unique potential    0
    phase shifts for unique potential    1
    phase shifts for unique potential    2
    phase shifts for unique potential    3
Done with module: cross-section and phases (XSPH).

FMS calculation of full Green's function ...
FEFF-serial using 1 thread.
Using   194 energy points.
xprep done
FMS for a cluster of  262 atoms
Energy point    1/ 194
Energy point   10/ 194
Energy point   20/ 194
Energy point   30/ 194
Energy point   40/ 194
Energy point   50/ 194
Energy point   60/ 194
Energy point   70/ 194
Energy point   80/ 194
Energy point   90/ 194
Energy point  100/ 194
Energy point  110/ 194
Energy point  120/ 194
Energy point  130/ 194
Energy point  140/ 194
Energy point  150/ 194
Energy point  160/ 194
Energy point  170/ 194
Energy point  180/ 194
Energy point  190/ 194
Done with module: FMS.

MKGTR: Tracing over Green's function ...
Done with module: MKGTR.

Pathfinder: finding scattering paths...
Preparing plane wave scattering amplitudes
Searching for paths
Eliminating path degeneracies
0 paths retained.
Done with module: pathfinder.

Calculating EXAFS parameters ...
Done with module: EXAFS parameters (GENFMT).

Calculating XAS spectra ...
Done with module: XAS spectra (FF2X: DW + final sum over paths).

 
### feff ends at Mon Aug 14 13:51:43 EDT 2023
 
