### feff starts at Sun Aug 13 09:26:10 EDT 2023
### Serial version
### FeffPath is /sdcc/u/mcarbone/software/JFEFF/hsw/feff90/linux
 
Launching FEFF version FEFF 9.9.1
Resetting lmaxsc to 2 for iph =    2.  Use  UNFREEZE to prevent this.
Core hole lifetime is   1.729 eV.
Your calculation:
 comment: None given
 Source:
 Structure Summary:  Li1 La20 Cu9 O40
 Reduced formula:  LiLa20Cu9O40
 space group: (P-1), space number:  (2)
 abc:  8.955962  10.375883  11.714723
 angles:100.330868 109.266897 103.364716
 sites: 70
Cu K edge XANES using RPA corehole.
Using:     * Self-Consistent Field potentials
Using cards:   ATOMS CONTROL EXCHANGE TITLE RPATH POTENTIALS XANES EDGE SCF FMS S02 COREHOLE EGRID

Calculating atomic potentials ...
    overlapped atomic potential and density for unique potential    0
    overlapped atomic potential and density for unique potential    1
    overlapped atomic potential and density for unique potential    2
    overlapped atomic potential and density for unique potential    3
    overlapped atomic potential and density for unique potential    4
Done with module: atomic potentials.

Calculating SCF potentials ...
FEFF-serial using 1 thread.
Muffin tin radii and interstitial parameters [bohr]:
type, norman radius, muffin tin, overlap factor
    0  1.25642E+00  1.17342E+00  1.15000E+00
    1  1.25409E+00  1.18941E+00  1.14533E+00
    2  1.82980E+00  1.74894E+00  1.12093E+00
    3  1.26562E+00  1.18867E+00  1.15000E+00
    4  1.09116E+00  1.04469E+00  1.11582E+00
Core-valence separation energy:  ecv=   -47.000 eV
Initial Fermi level:              mu=    -2.187 eV
SCF ITERATION NUMBER  1
     point #   1  energy = -47.000
FMS for a cluster of  101 atoms around atom type   0
FMS for a cluster of   53 atoms around atom type   1
FMS for a cluster of   97 atoms around atom type   2
FMS for a cluster of   89 atoms around atom type   3
FMS for a cluster of   98 atoms around atom type   4
     point #  20  energy = -35.815
     point #  40  energy = -15.565
     point #  60  energy =  -7.987
     point #  80  energy =  -6.433
New Fermi level:    mu=  -6.403 eV  Charge distance=  1.1455 (partial c.d.=  6.4089)
SCF ITERATION NUMBER  1
     point #   1  energy = -47.000
FMS for a cluster of  101 atoms around atom type   0
FMS for a cluster of   53 atoms around atom type   1
FMS for a cluster of   97 atoms around atom type   2
FMS for a cluster of   89 atoms around atom type   3
FMS for a cluster of   98 atoms around atom type   4
     point #  20  energy = -35.836
     point #  40  energy = -15.537
     point #  60  energy =  -6.403
     point #  80  energy =  -7.438
     point # 100  energy = -10.178
     point # 120  energy =  -9.319
     point # 140  energy =  -8.909
     point # 160  energy =  -8.659
New Fermi level:    mu=  -8.501 eV  Charge distance=  0.3274 (partial c.d.=  5.9330)
SCF ITERATION NUMBER  1
     point #   1  energy = -47.000
FMS for a cluster of  101 atoms around atom type   0
FMS for a cluster of   53 atoms around atom type   1
FMS for a cluster of   97 atoms around atom type   2
FMS for a cluster of   89 atoms around atom type   3
FMS for a cluster of   98 atoms around atom type   4
     point #  20  energy = -35.856
     point #  40  energy = -15.593
     point #  60  energy =  -8.501
     point #  80  energy =  -9.451
     point # 100  energy =  -9.123
     point # 120  energy =  -8.873
New Fermi level:    mu=  -8.793 eV  Charge distance=  0.1998 (partial c.d.=  0.1789)
SCF ITERATION NUMBER  2
     point #   1  energy = -47.000
     point #  20  energy = -35.940
     point #  40  energy = -15.831
     point #  60  energy =  -8.793
     point #  80  energy =  -8.343
New Fermi level:    mu=  -8.268 eV  Charge distance=  0.2562 (partial c.d.=  0.4408)
SCF ITERATION NUMBER  3
     point #   1  energy = -47.000
     point #  20  energy = -35.788
     point #  40  energy = -15.402
     point #  60  energy =  -8.268
     point #  80  energy =  -7.830
New Fermi level:    mu=  -7.804 eV  Charge distance=  0.1802 (partial c.d.=  0.9134)
SCF ITERATION NUMBER  4
     point #   1  energy = -47.000
     point #  20  energy = -35.945
     point #  40  energy = -15.844
     point #  60  energy =  -7.804
     point #  80  energy =  -8.872
     point # 100  energy =  -8.691
New Fermi level:    mu=  -8.689 eV  Charge distance=  0.0915 (partial c.d.=  1.1555)
SCF ITERATION NUMBER  5
     point #   1  energy = -47.000
     point #  20  energy = -35.910
     point #  40  energy = -15.746
     point #  60  energy =  -8.689
     point #  80  energy =  -8.408
New Fermi level:    mu=  -8.404 eV  Charge distance=  0.0560 (partial c.d.=  0.1977)
SCF ITERATION NUMBER  6
     point #   1  energy = -47.000
     point #  20  energy = -35.827
     point #  40  energy = -15.514
     point #  60  energy =  -8.404
     point #  80  energy =  -8.170
New Fermi level:    mu=  -8.172 eV  Charge distance=  0.0061 (partial c.d.=  0.2543)
SCF ITERATION NUMBER  7
     point #   1  energy = -47.000
     point #  20  energy = -35.760
     point #  40  energy = -15.325
     point #  60  energy =  -8.172
New Fermi level:    mu=  -8.185 eV  Charge distance=  0.0042 (partial c.d.=  0.0268)
SCF ITERATION NUMBER  8
     point #   1  energy = -47.000
     point #  20  energy = -35.764
     point #  40  energy = -15.336
     point #  60  energy =  -8.185
New Fermi level:    mu=  -8.186 eV  Charge distance=  0.0011 (partial c.d.=  0.0138)
SCF ITERATION NUMBER  9
     point #   1  energy = -47.000
     point #  20  energy = -35.764
     point #  40  energy = -15.336
     point #  60  energy =  -8.186
New Fermi level:    mu=  -8.185 eV  Charge distance=  0.0021 (partial c.d.=  0.0133)
SCF ITERATION NUMBER 10
     point #   1  energy = -47.000
     point #  20  energy = -35.764
     point #  40  energy = -15.335
     point #  60  energy =  -8.185
New Fermi level:    mu=  -8.184 eV  Charge distance=  0.0020 (partial c.d.=  0.0046)
SCF ITERATION NUMBER 11
     point #   1  energy = -47.000
     point #  20  energy = -35.764
     point #  40  energy = -15.334
     point #  60  energy =  -8.184
New Fermi level:    mu=  -8.182 eV  Charge distance=  0.0003 (partial c.d.=  0.0027)
SCF ITERATION NUMBER 12
     point #   1  energy = -47.000
     point #  20  energy = -35.763
     point #  40  energy = -15.333
     point #  60  energy =  -8.182
New Fermi level:    mu=  -8.181 eV  Charge distance=  0.0001 (partial c.d.=  0.0003)
SCF ITERATION NUMBER 13
     point #   1  energy = -47.000
     point #  20  energy = -35.763
     point #  40  energy = -15.332
     point #  60  energy =  -8.181
New Fermi level:    mu=  -8.181 eV  Charge distance=  0.0002 (partial c.d.=  0.0000)
Electronic configuration
  type     l     N_el
     0     0    0.486
     0     1    0.595
     0     2    9.474
     0     3    0.000
     1     0    0.261
     1     1    0.580
     1     2    0.000
     1     3    0.000
     2     0    2.301
     2     1    6.372
     2     2    1.722
     2     3    0.000
     3     0    0.488
     3     1    0.595
     3     2    9.492
     3     3    0.000
     4     0    1.854
     4     1    4.469
     4     2    0.079
     4     3    0.000
Charge transfer:  type  charge
       0   -0.445
       1   -0.159
       2   -0.606
       3   -0.425
       4    0.402
Convergence reached in   13 iterations.
Done with module: potentials.

Calculating screened core-hole potential ...
FMS for a cluster of   19 atoms around iph =   0
    0% of energy integration
   20%
   40%
   60%
   80%
  100%
Preparing response function.
Computing (1 - K Chi0)^-1 v_ch
Done with module: screened core-hole potential.

Calculating cross-section and phases ...
    absorption cross section
 x0,dx,rnrm,inrm,jnrm   8.80000000000000       5.000000000000000E-002
   2.37429598799992              194         195
    phase shifts for unique potential    0
    phase shifts for unique potential    1
    phase shifts for unique potential    2
    phase shifts for unique potential    3
    phase shifts for unique potential    4
Done with module: cross-section and phases (XSPH).

FMS calculation of full Green's function ...
FEFF-serial using 1 thread.
Using   194 energy points.
xprep done
FMS for a cluster of  227 atoms
Energy point    1/ 194
Energy point   10/ 194
Energy point   20/ 194
Energy point   30/ 194
Energy point   40/ 194
Energy point   50/ 194
Energy point   60/ 194
Energy point   70/ 194
Energy point   80/ 194
Energy point   90/ 194
Energy point  100/ 194
Energy point  110/ 194
Energy point  120/ 194
Energy point  130/ 194
Energy point  140/ 194
Energy point  150/ 194
Energy point  160/ 194
Energy point  170/ 194
Energy point  180/ 194
Energy point  190/ 194
Done with module: FMS.

MKGTR: Tracing over Green's function ...
Done with module: MKGTR.

Pathfinder: finding scattering paths...
Preparing plane wave scattering amplitudes
Searching for paths
Eliminating path degeneracies
0 paths retained.
Done with module: pathfinder.

Calculating EXAFS parameters ...
Done with module: EXAFS parameters (GENFMT).

Calculating XAS spectra ...
Done with module: XAS spectra (FF2X: DW + final sum over paths).

 
### feff ends at Sun Aug 13 10:47:40 EDT 2023
 
