### feff starts at Sun Aug 13 23:23:10 EDT 2023
### Serial version
### FeffPath is /sdcc/u/mcarbone/software/JFEFF/hsw/feff90/linux
 
Launching FEFF version FEFF 9.9.1
Core hole lifetime is   1.729 eV.
Your calculation:
 comment: None given
 Source:
 Structure Summary:  Cu1 Ni4 O5
 Reduced formula:  CuNi4O5
 space group: (I4/mmm), space number:  (139)
 abc:  2.993302  10.811210   2.993302
 angles: 97.957302  90.000000  97.957302
 sites: 10
Cu K edge XANES using RPA corehole.
Using:     * Self-Consistent Field potentials
Using cards:   ATOMS CONTROL EXCHANGE TITLE RPATH POTENTIALS XANES EDGE SCF FMS S02 COREHOLE EGRID

Calculating atomic potentials ...
    overlapped atomic potential and density for unique potential    0
    overlapped atomic potential and density for unique potential    1
    overlapped atomic potential and density for unique potential    2
    overlapped atomic potential and density for unique potential    3
Done with module: atomic potentials.

Calculating SCF potentials ...
FEFF-serial using 1 thread.
Muffin tin radii and interstitial parameters [bohr]:
type, norman radius, muffin tin, overlap factor
    0  1.33052E+00  1.28043E+00  1.10045E+00
    1  1.33053E+00  1.28044E+00  1.10045E+00
    2  1.41810E+00  1.35059E+00  1.13202E+00
    3  1.09868E+00  1.05167E+00  1.11645E+00
Core-valence separation energy:  ecv=   -40.000 eV
Initial Fermi level:              mu=    -1.091 eV
SCF ITERATION NUMBER  1
     point #   1  energy = -40.000
FMS for a cluster of  147 atoms around atom type   0
FMS for a cluster of  143 atoms around atom type   1
FMS for a cluster of  143 atoms around atom type   2
FMS for a cluster of  147 atoms around atom type   3
     point #  20  energy = -28.771
     point #  40  energy =  -8.521
     point #  60  energy =  -7.787
     point #  80  energy =  -6.834
New Fermi level:    mu=  -6.646 eV  Charge distance=  1.8035 (partial c.d.= 10.0983)
SCF ITERATION NUMBER  1
     point #   1  energy = -40.000
FMS for a cluster of  147 atoms around atom type   0
FMS for a cluster of  143 atoms around atom type   1
FMS for a cluster of  143 atoms around atom type   2
FMS for a cluster of  147 atoms around atom type   3
     point #  20  energy = -28.882
     point #  40  energy =  -8.668
     point #  60  energy =  -6.659
     point #  80  energy =  -7.465
New Fermi level:    mu=  -7.521 eV  Charge distance=  0.6635 (partial c.d.=  9.1410)
SCF ITERATION NUMBER  1
     point #   1  energy = -40.000
FMS for a cluster of  147 atoms around atom type   0
FMS for a cluster of  143 atoms around atom type   1
FMS for a cluster of  143 atoms around atom type   2
FMS for a cluster of  147 atoms around atom type   3
     point #  20  energy = -28.835
     point #  40  energy =  -8.536
     point #  60  energy =  -7.562
     point #  80  energy = -10.596
     point # 100  energy = -11.349
New Fermi level:    mu= -11.485 eV  Charge distance=  0.2848 (partial c.d.=  0.8648)
SCF ITERATION NUMBER  2
     point #   1  energy = -40.000
     point #  20  energy = -28.798
     point #  40  energy = -11.485
     point #  60  energy = -11.398
New Fermi level:    mu= -11.317 eV  Charge distance=  0.2415 (partial c.d.=  0.3662)
SCF ITERATION NUMBER  3
     point #   1  energy = -40.000
     point #  20  energy = -28.732
     point #  40  energy = -11.317
     point #  60  energy = -11.148
     point #  80  energy =  -9.536
New Fermi level:    mu=  -9.721 eV  Charge distance=  0.2740 (partial c.d.=  4.3181)
SCF ITERATION NUMBER  4
     point #   1  energy = -40.000
     point #  20  energy = -28.898
     point #  40  energy =  -9.721
     point #  60  energy =  -9.812
     point #  80  energy = -10.340
New Fermi level:    mu= -10.392 eV  Charge distance=  0.0583 (partial c.d.=  4.5162)
SCF ITERATION NUMBER  5
     point #   1  energy = -40.000
     point #  20  energy = -28.769
     point #  40  energy = -10.392
     point #  60  energy = -10.532
     point #  80  energy = -10.948
New Fermi level:    mu= -10.979 eV  Charge distance=  0.0572 (partial c.d.=  0.1850)
SCF ITERATION NUMBER  6
     point #   1  energy = -40.000
     point #  20  energy = -28.992
     point #  40  energy = -10.979
     point #  60  energy = -10.904
New Fermi level:    mu= -10.841 eV  Charge distance=  0.0299 (partial c.d.=  0.3649)
SCF ITERATION NUMBER  7
     point #   1  energy = -40.000
     point #  20  energy = -28.940
     point #  40  energy = -10.841
     point #  60  energy = -10.701
     point #  80  energy = -10.520
New Fermi level:    mu= -10.626 eV  Charge distance=  0.0008 (partial c.d.=  0.2647)
SCF ITERATION NUMBER  8
     point #   1  energy = -40.000
     point #  20  energy = -28.858
     point #  40  energy = -10.626
New Fermi level:    mu= -10.627 eV  Charge distance=  0.0381 (partial c.d.=  0.0084)
SCF ITERATION NUMBER  9
     point #   1  energy = -40.000
     point #  20  energy = -28.859
     point #  40  energy = -10.627
     point #  60  energy = -10.702
New Fermi level:    mu= -10.751 eV  Charge distance=  0.0063 (partial c.d.=  0.3888)
SCF ITERATION NUMBER 10
     point #   1  energy = -40.000
     point #  20  energy = -28.906
     point #  40  energy = -10.751
New Fermi level:    mu= -10.716 eV  Charge distance=  0.0064 (partial c.d.=  0.0705)
SCF ITERATION NUMBER 11
     point #   1  energy = -40.000
     point #  20  energy = -28.892
     point #  40  energy = -10.716
New Fermi level:    mu= -10.711 eV  Charge distance=  0.0072 (partial c.d.=  0.0386)
SCF ITERATION NUMBER 12
     point #   1  energy = -40.000
     point #  20  energy = -28.890
     point #  40  energy = -10.711
New Fermi level:    mu= -10.702 eV  Charge distance=  0.0049 (partial c.d.=  0.0600)
SCF ITERATION NUMBER 13
     point #   1  energy = -40.000
     point #  20  energy = -28.887
     point #  40  energy = -10.702
New Fermi level:    mu= -10.701 eV  Charge distance=  0.0098 (partial c.d.=  0.0198)
SCF ITERATION NUMBER 14
     point #   1  energy = -40.000
     point #  20  energy = -28.887
     point #  40  energy = -10.701
New Fermi level:    mu= -10.699 eV  Charge distance=  0.0011 (partial c.d.=  0.0454)
SCF ITERATION NUMBER 15
     point #   1  energy = -40.000
     point #  20  energy = -28.886
     point #  40  energy = -10.699
New Fermi level:    mu= -10.695 eV  Charge distance=  0.0002 (partial c.d.=  0.0058)
SCF ITERATION NUMBER 16
     point #   1  energy = -40.000
     point #  20  energy = -28.884
     point #  40  energy = -10.695
New Fermi level:    mu= -10.694 eV  Charge distance=  0.0001 (partial c.d.=  0.0009)
SCF ITERATION NUMBER 17
     point #   1  energy = -40.000
     point #  20  energy = -28.884
     point #  40  energy = -10.694
New Fermi level:    mu= -10.693 eV  Charge distance=  0.0002 (partial c.d.=  0.0005)
SCF ITERATION NUMBER 18
     point #   1  energy = -40.000
     point #  20  energy = -28.883
     point #  40  energy = -10.693
New Fermi level:    mu= -10.692 eV  Charge distance=  0.0000 (partial c.d.=  0.0006)
SCF ITERATION NUMBER 19
     point #   1  energy = -40.000
     point #  20  energy = -28.883
     point #  40  energy = -10.692
New Fermi level:    mu= -10.693 eV  Charge distance=  0.0000 (partial c.d.=  0.0002)
SCF ITERATION NUMBER 20
     point #   1  energy = -40.000
     point #  20  energy = -28.883
     point #  40  energy = -10.693
New Fermi level:    mu= -10.693 eV  Charge distance=  0.0000 (partial c.d.=  0.0003)
SCF ITERATION NUMBER 21
     point #   1  energy = -40.000
     point #  20  energy = -28.883
     point #  40  energy = -10.693
New Fermi level:    mu= -10.693 eV  Charge distance=  0.0000 (partial c.d.=  0.0000)
Electronic configuration
  type     l     N_el
     0     0    0.410
     0     1    0.486
     0     2    9.372
     0     3    0.000
     1     0    0.410
     1     1    0.485
     1     2    9.372
     1     3    0.000
     2     0    0.510
     2     1    0.676
     2     2    8.842
     2     3    0.000
     3     0    1.860
     3     1    4.195
     3     2    0.071
     3     3    0.000
Charge transfer:  type  charge
       0   -0.733
       1   -0.733
       2    0.027
       3    0.126
Convergence reached in   21 iterations.
Done with module: potentials.

Calculating screened core-hole potential ...
FMS for a cluster of   27 atoms around iph =   0
    0% of energy integration
   20%
   40%
   60%
   80%
  100%
Preparing response function.
Computing (1 - K Chi0)^-1 v_ch
Done with module: screened core-hole potential.

Calculating cross-section and phases ...
    absorption cross section
 x0,dx,rnrm,inrm,jnrm   8.80000000000000       5.000000000000000E-002
   2.51432663300013              195         196
    phase shifts for unique potential    0
    phase shifts for unique potential    1
    phase shifts for unique potential    2
    phase shifts for unique potential    3
Done with module: cross-section and phases (XSPH).

FMS calculation of full Green's function ...
FEFF-serial using 1 thread.
Using   194 energy points.
xprep done
FMS for a cluster of  341 atoms
Energy point    1/ 194
Energy point   10/ 194
Energy point   20/ 194
Energy point   30/ 194
Energy point   40/ 194
Energy point   50/ 194
Energy point   60/ 194
Energy point   70/ 194
Energy point   80/ 194
Energy point   90/ 194
Energy point  100/ 194
Energy point  110/ 194
Energy point  120/ 194
Energy point  130/ 194
Energy point  140/ 194
Energy point  150/ 194
Energy point  160/ 194
Energy point  170/ 194
Energy point  180/ 194
Energy point  190/ 194
Done with module: FMS.

MKGTR: Tracing over Green's function ...
Done with module: MKGTR.

Pathfinder: finding scattering paths...
Preparing plane wave scattering amplitudes
Searching for paths
Eliminating path degeneracies
0 paths retained.
Done with module: pathfinder.

Calculating EXAFS parameters ...
Done with module: EXAFS parameters (GENFMT).

Calculating XAS spectra ...
Done with module: XAS spectra (FF2X: DW + final sum over paths).

 
### feff ends at Mon Aug 14 03:10:34 EDT 2023
 
