### feff starts at Sun Aug 13 15:50:22 EDT 2023
### Serial version
### FeffPath is /sdcc/u/mcarbone/software/JFEFF/hsw/feff90/linux
 
Launching FEFF version FEFF 9.9.1
Core hole lifetime is   1.729 eV.
Your calculation:
 comment: None given
 Source:
 Structure Summary:  Cu8 O12
 Reduced formula:  Cu2O3
 space group: (P2_1/c), space number:  (14)
 abc:  7.103053   5.343833   7.241508
 angles: 52.700588  90.000000  90.000000
 sites: 20
Cu K edge XANES using RPA corehole.
Using:     * Self-Consistent Field potentials
Using cards:   ATOMS CONTROL EXCHANGE TITLE RPATH POTENTIALS XANES EDGE SCF FMS S02 COREHOLE EGRID

Calculating atomic potentials ...
    overlapped atomic potential and density for unique potential    0
    overlapped atomic potential and density for unique potential    1
    overlapped atomic potential and density for unique potential    2
Done with module: atomic potentials.

Calculating SCF potentials ...
FEFF-serial using 1 thread.
Muffin tin radii and interstitial parameters [bohr]:
type, norman radius, muffin tin, overlap factor
    0  1.32109E+00  1.25802E+00  1.13248E+00
    1  1.31666E+00  1.24234E+00  1.15000E+00
    2  1.02750E+00  8.60121E-01  1.15000E+00
Core-valence separation energy:  ecv=   -40.000 eV
Initial Fermi level:              mu=     6.201 eV
SCF ITERATION NUMBER  1
     point #   1  energy = -40.000
FMS for a cluster of  128 atoms around atom type   0
FMS for a cluster of  131 atoms around atom type   1
FMS for a cluster of  128 atoms around atom type   2
     point #  20  energy = -28.928
     point #  40  energy =  -8.678
     point #  60  energy =  -1.603
     point #  80  energy =  -2.121
New Fermi level:    mu=  -2.387 eV  Charge distance=  0.2362 (partial c.d.=  8.7529)
SCF ITERATION NUMBER  1
     point #   1  energy = -40.000
FMS for a cluster of  128 atoms around atom type   0
FMS for a cluster of  131 atoms around atom type   1
FMS for a cluster of  128 atoms around atom type   2
     point #  20  energy = -28.818
     point #  40  energy =  -8.487
     point #  60  energy =  -2.387
     point #  80  energy =  -4.021
     point # 100  energy =  -5.590
     point # 120  energy =  -5.937
New Fermi level:    mu=  -6.004 eV  Charge distance=  0.0413 (partial c.d.=  1.1333)
SCF ITERATION NUMBER  1
     point #   1  energy = -40.000
FMS for a cluster of  128 atoms around atom type   0
FMS for a cluster of  131 atoms around atom type   1
FMS for a cluster of  128 atoms around atom type   2
     point #  20  energy = -29.001
     point #  40  energy =  -9.003
     point #  60  energy =  -5.991
     point #  80  energy =  -4.819
     point # 100  energy =  -5.272
New Fermi level:    mu=  -5.288 eV  Charge distance=  0.0019 (partial c.d.=  0.1538)
SCF ITERATION NUMBER  2
     point #   1  energy = -40.000
     point #  20  energy = -28.770
     point #  40  energy =  -8.351
     point #  60  energy =  -5.300
New Fermi level:    mu=  -5.302 eV  Charge distance=  0.0192 (partial c.d.=  0.0224)
SCF ITERATION NUMBER  3
     point #   1  energy = -40.000
     point #  20  energy = -28.774
     point #  40  energy =  -8.364
     point #  60  energy =  -5.315
New Fermi level:    mu=  -5.541 eV  Charge distance=  0.0113 (partial c.d.=  0.0572)
SCF ITERATION NUMBER  4
     point #   1  energy = -40.000
     point #  20  energy = -28.852
     point #  40  energy =  -8.582
     point #  60  energy =  -5.554
New Fermi level:    mu=  -5.552 eV  Charge distance=  0.0018 (partial c.d.=  0.0464)
SCF ITERATION NUMBER  5
     point #   1  energy = -40.000
     point #  20  energy = -28.855
     point #  40  energy =  -8.592
     point #  60  energy =  -5.540
New Fermi level:    mu=  -5.545 eV  Charge distance=  0.0031 (partial c.d.=  0.0172)
SCF ITERATION NUMBER  6
     point #   1  energy = -40.000
     point #  20  energy = -28.853
     point #  40  energy =  -8.585
     point #  60  energy =  -5.532
New Fermi level:    mu=  -5.538 eV  Charge distance=  0.0040 (partial c.d.=  0.0050)
SCF ITERATION NUMBER  7
     point #   1  energy = -40.000
     point #  20  energy = -28.850
     point #  40  energy =  -8.578
     point #  60  energy =  -5.525
New Fermi level:    mu=  -5.520 eV  Charge distance=  0.0003 (partial c.d.=  0.0029)
SCF ITERATION NUMBER  8
     point #   1  energy = -40.000
     point #  20  energy = -28.845
     point #  40  energy =  -8.562
     point #  60  energy =  -5.507
New Fermi level:    mu=  -5.518 eV  Charge distance=  0.0006 (partial c.d.=  0.0003)
SCF ITERATION NUMBER  9
     point #   1  energy = -40.000
     point #  20  energy = -28.844
     point #  40  energy =  -8.560
     point #  60  energy =  -5.505
New Fermi level:    mu=  -5.515 eV  Charge distance=  0.0001 (partial c.d.=  0.0003)
SCF ITERATION NUMBER 10
     point #   1  energy = -40.000
     point #  20  energy = -28.843
     point #  40  energy =  -8.558
     point #  60  energy =  -5.503
New Fermi level:    mu=  -5.515 eV  Charge distance=  0.0000 (partial c.d.=  0.0003)
SCF ITERATION NUMBER 11
     point #   1  energy = -40.000
     point #  20  energy = -28.843
     point #  40  energy =  -8.558
     point #  60  energy =  -5.528
New Fermi level:    mu=  -5.515 eV  Charge distance=  0.0000 (partial c.d.=  0.0000)
Electronic configuration
  type     l     N_el
     0     0    0.526
     0     1    0.677
     0     2    9.611
     0     3    0.000
     1     0    0.541
     1     1    0.661
     1     2    9.594
     1     3    0.000
     2     0    1.818
     2     1    4.155
     2     2    0.163
     2     3    0.000
Charge transfer:  type  charge
       0   -0.185
       1   -0.204
       2    0.136
Convergence reached in   11 iterations.
Done with module: potentials.

Calculating screened core-hole potential ...
FMS for a cluster of   24 atoms around iph =   0
    0% of energy integration
   20%
   40%
   60%
   80%
  100%
Preparing response function.
Computing (1 - K Chi0)^-1 v_ch
Done with module: screened core-hole potential.

Calculating cross-section and phases ...
    absorption cross section
 x0,dx,rnrm,inrm,jnrm   8.80000000000000       5.000000000000000E-002
   2.49649780699979              195         196
    phase shifts for unique potential    0
    phase shifts for unique potential    1
    phase shifts for unique potential    2
Done with module: cross-section and phases (XSPH).

FMS calculation of full Green's function ...
FEFF-serial using 1 thread.
Using   194 energy points.
xprep done
FMS for a cluster of  273 atoms
Energy point    1/ 194
Energy point   10/ 194
Energy point   20/ 194
Energy point   30/ 194
Energy point   40/ 194
Energy point   50/ 194
Energy point   60/ 194
Energy point   70/ 194
Energy point   80/ 194
Energy point   90/ 194
Energy point  100/ 194
Energy point  110/ 194
Energy point  120/ 194
Energy point  130/ 194
Energy point  140/ 194
Energy point  150/ 194
Energy point  160/ 194
Energy point  170/ 194
Energy point  180/ 194
Energy point  190/ 194
Done with module: FMS.

MKGTR: Tracing over Green's function ...
Done with module: MKGTR.

Pathfinder: finding scattering paths...
Preparing plane wave scattering amplitudes
Searching for paths
Eliminating path degeneracies
0 paths retained.
Done with module: pathfinder.

Calculating EXAFS parameters ...
Done with module: EXAFS parameters (GENFMT).

Calculating XAS spectra ...
Done with module: XAS spectra (FF2X: DW + final sum over paths).

 
### feff ends at Sun Aug 13 17:39:53 EDT 2023
 
