### feff starts at Mon Aug 14 09:15:42 EDT 2023
### Serial version
### FeffPath is /sdcc/u/mcarbone/software/JFEFF/hsw/feff90/linux
 
Launching FEFF version FEFF 9.9.1
Core hole lifetime is   1.729 eV.
Your calculation:
 comment: None given
 Source:
 Structure Summary:  Sr4 Cu3 Cl1 O6
 Reduced formula:  Sr4Cu3ClO6
 space group: (Im-3m), space number:  (229)
 abc:  6.671416   6.671416   6.671416
 angles:109.471221 109.471221 109.471221
 sites: 14
Cu K edge XANES using RPA corehole.
Using:     * Self-Consistent Field potentials
Using cards:   ATOMS CONTROL EXCHANGE TITLE RPATH POTENTIALS XANES EDGE SCF FMS S02 COREHOLE EGRID

Calculating atomic potentials ...
    overlapped atomic potential and density for unique potential    0
    overlapped atomic potential and density for unique potential    1
    overlapped atomic potential and density for unique potential    2
    overlapped atomic potential and density for unique potential    3
    overlapped atomic potential and density for unique potential    4
Done with module: atomic potentials.

Calculating SCF potentials ...
FEFF-serial using 1 thread.
Muffin tin radii and interstitial parameters [bohr]:
type, norman radius, muffin tin, overlap factor
    0  1.28664E+00  1.18506E+00  1.15000E+00
    1  1.92038E+00  1.86349E+00  1.07670E+00
    2  1.28664E+00  1.18507E+00  1.15000E+00
    3  1.55506E+00  1.53630E+00  1.02932E+00
    4  1.11794E+00  1.06754E+00  1.12379E+00
Core-valence separation energy:  ecv=   -33.500 eV
Initial Fermi level:              mu=    -2.021 eV
SCF ITERATION NUMBER  1
     point #   1  energy = -33.500
FMS for a cluster of   99 atoms around atom type   0
FMS for a cluster of   85 atoms around atom type   1
FMS for a cluster of   88 atoms around atom type   2
FMS for a cluster of   91 atoms around atom type   3
FMS for a cluster of   83 atoms around atom type   4
     point #  20  energy = -22.339
     point #  40  energy =  -6.455
     point #  60  energy =  -5.167
New Fermi level:    mu=  -5.199 eV  Charge distance=  0.7920 (partial c.d.=  6.5684)
SCF ITERATION NUMBER  1
     point #   1  energy = -33.500
FMS for a cluster of   99 atoms around atom type   0
FMS for a cluster of   85 atoms around atom type   1
FMS for a cluster of   88 atoms around atom type   2
FMS for a cluster of   91 atoms around atom type   3
FMS for a cluster of   83 atoms around atom type   4
     point #  20  energy = -22.382
     point #  40  energy =  -5.199
     point #  60  energy =  -5.368
     point #  80  energy =  -9.524
     point # 100  energy = -10.190
New Fermi level:    mu= -10.413 eV  Charge distance=  0.2360 (partial c.d.=  4.2383)
SCF ITERATION NUMBER  1
     point #   1  energy = -33.500
FMS for a cluster of   99 atoms around atom type   0
FMS for a cluster of   85 atoms around atom type   1
FMS for a cluster of   88 atoms around atom type   2
FMS for a cluster of   91 atoms around atom type   3
FMS for a cluster of   83 atoms around atom type   4
     point #  20  energy = -22.458
     point #  40  energy = -10.413
     point #  60  energy =  -9.825
     point #  80  energy =  -8.360
New Fermi level:    mu=  -8.344 eV  Charge distance=  0.1431 (partial c.d.=  0.3273)
SCF ITERATION NUMBER  2
     point #   1  energy = -33.500
     point #  20  energy = -22.431
     point #  40  energy =  -8.344
     point #  60  energy =  -7.941
     point #  80  energy =  -7.213
New Fermi level:    mu=  -7.190 eV  Charge distance=  0.1461 (partial c.d.=  0.4246)
SCF ITERATION NUMBER  3
     point #   1  energy = -33.500
     point #  20  energy = -22.369
     point #  40  energy =  -7.190
     point #  60  energy =  -7.480
New Fermi level:    mu=  -7.447 eV  Charge distance=  0.2029 (partial c.d.=  0.1788)
SCF ITERATION NUMBER  4
     point #   1  energy = -33.500
     point #  20  energy = -22.477
     point #  40  energy =  -7.447
     point #  60  energy =  -7.265
New Fermi level:    mu=  -7.157 eV  Charge distance=  0.0445 (partial c.d.=  0.2647)
SCF ITERATION NUMBER  5
     point #   1  energy = -33.500
     point #  20  energy = -22.355
     point #  40  energy =  -7.157
     point #  60  energy =  -7.367
New Fermi level:    mu=  -7.343 eV  Charge distance=  0.0194 (partial c.d.=  0.2168)
SCF ITERATION NUMBER  6
     point #   1  energy = -33.500
     point #  20  energy = -22.433
     point #  40  energy =  -7.343
New Fermi level:    mu=  -7.319 eV  Charge distance=  0.0103 (partial c.d.=  0.1811)
SCF ITERATION NUMBER  7
     point #   1  energy = -33.500
     point #  20  energy = -22.423
     point #  40  energy =  -7.319
New Fermi level:    mu=  -7.317 eV  Charge distance=  0.0029 (partial c.d.=  0.0799)
SCF ITERATION NUMBER  8
     point #   1  energy = -33.500
     point #  20  energy = -22.423
     point #  40  energy =  -7.317
New Fermi level:    mu=  -7.317 eV  Charge distance=  0.0013 (partial c.d.=  0.0182)
SCF ITERATION NUMBER  9
     point #   1  energy = -33.500
     point #  20  energy = -22.423
     point #  40  energy =  -7.317
New Fermi level:    mu=  -7.317 eV  Charge distance=  0.0013 (partial c.d.=  0.0034)
SCF ITERATION NUMBER 10
     point #   1  energy = -33.500
     point #  20  energy = -22.422
     point #  40  energy =  -7.317
New Fermi level:    mu=  -7.315 eV  Charge distance=  0.0005 (partial c.d.=  0.0022)
SCF ITERATION NUMBER 11
     point #   1  energy = -33.500
     point #  20  energy = -22.422
     point #  40  energy =  -7.315
New Fermi level:    mu=  -7.313 eV  Charge distance=  0.0004 (partial c.d.=  0.0002)
SCF ITERATION NUMBER 12
     point #   1  energy = -33.500
     point #  20  energy = -22.421
     point #  40  energy =  -7.313
New Fermi level:    mu=  -7.312 eV  Charge distance=  0.0001 (partial c.d.=  0.0005)
SCF ITERATION NUMBER 13
     point #   1  energy = -33.500
     point #  20  energy = -22.421
     point #  40  energy =  -7.312
New Fermi level:    mu=  -7.312 eV  Charge distance=  0.0002 (partial c.d.=  0.0002)
SCF ITERATION NUMBER 14
     point #   1  energy = -33.500
     point #  20  energy = -22.421
     point #  40  energy =  -7.312
New Fermi level:    mu=  -7.313 eV  Charge distance=  0.0001 (partial c.d.=  0.0001)
Electronic configuration
  type     l     N_el
     0     0    0.551
     0     1    0.645
     0     2    9.464
     0     3    0.000
     1     0    0.332
     1     1    6.395
     1     2    0.854
     1     3    0.000
     2     0    0.549
     2     1    0.645
     2     2    9.465
     2     3    0.000
     3     0    2.047
     3     1    4.759
     3     2    0.074
     3     3    0.000
     4     0    1.870
     4     1    4.525
     4     2    0.075
     4     3    0.000
Charge transfer:  type  charge
       0   -0.340
       1   -0.418
       2   -0.341
       3   -0.119
       4    0.470
Convergence reached in   14 iterations.
Done with module: potentials.

Calculating screened core-hole potential ...
FMS for a cluster of   19 atoms around iph =   0
    0% of energy integration
   20%
   40%
   60%
   80%
  100%
Preparing response function.
Computing (1 - K Chi0)^-1 v_ch
Done with module: screened core-hole potential.

Calculating cross-section and phases ...
    absorption cross section
 x0,dx,rnrm,inrm,jnrm   8.80000000000000       5.000000000000000E-002
   2.43138916499981              194         195
    phase shifts for unique potential    0
    phase shifts for unique potential    1
    phase shifts for unique potential    2
    phase shifts for unique potential    3
    phase shifts for unique potential    4
Done with module: cross-section and phases (XSPH).

FMS calculation of full Green's function ...
FEFF-serial using 1 thread.
Using   194 energy points.
xprep done
FMS for a cluster of  201 atoms
Energy point    1/ 194
Energy point   10/ 194
Energy point   20/ 194
Energy point   30/ 194
Energy point   40/ 194
Energy point   50/ 194
Energy point   60/ 194
Energy point   70/ 194
Energy point   80/ 194
Energy point   90/ 194
Energy point  100/ 194
Energy point  110/ 194
Energy point  120/ 194
Energy point  130/ 194
Energy point  140/ 194
Energy point  150/ 194
Energy point  160/ 194
Energy point  170/ 194
Energy point  180/ 194
Energy point  190/ 194
Done with module: FMS.

MKGTR: Tracing over Green's function ...
Done with module: MKGTR.

Pathfinder: finding scattering paths...
Preparing plane wave scattering amplitudes
Searching for paths
Eliminating path degeneracies
0 paths retained.
Done with module: pathfinder.

Calculating EXAFS parameters ...
Done with module: EXAFS parameters (GENFMT).

Calculating XAS spectra ...
Done with module: XAS spectra (FF2X: DW + final sum over paths).

 
### feff ends at Mon Aug 14 10:11:05 EDT 2023
 
