### feff starts at Mon Aug 14 05:00:08 EDT 2023
### Serial version
### FeffPath is /sdcc/u/mcarbone/software/JFEFF/hsw/feff90/linux
 
Launching FEFF version FEFF 9.9.1
Core hole lifetime is   1.729 eV.
Your calculation:
 comment: None given
 Source:
 Structure Summary:  Cu64 Se48 O160
 Reduced formula:  Cu4Se3O10
 space group: (P2_1/c), space number:  (14)
 abc: 13.682806  16.215000  18.018731
 angles: 90.879560  90.000000  90.000000
 sites: 272
Cu K edge XANES using RPA corehole.
Using:     * Self-Consistent Field potentials
Using cards:   ATOMS CONTROL EXCHANGE TITLE RPATH POTENTIALS XANES EDGE SCF FMS S02 COREHOLE EGRID

Calculating atomic potentials ...
    overlapped atomic potential and density for unique potential    0
    overlapped atomic potential and density for unique potential    1
    overlapped atomic potential and density for unique potential    2
    overlapped atomic potential and density for unique potential    3
Done with module: atomic potentials.

Calculating SCF potentials ...
FEFF-serial using 1 thread.
Muffin tin radii and interstitial parameters [bohr]:
type, norman radius, muffin tin, overlap factor
    0  1.34319E+00  1.26689E+00  1.15000E+00
    1  1.34811E+00  1.27668E+00  1.15000E+00
    2  1.33237E+00  1.10949E+00  1.15000E+00
    3  1.06630E+00  9.48626E-01  1.15000E+00
Core-valence separation energy:  ecv=   -40.000 eV
Initial Fermi level:              mu=     5.393 eV
SCF ITERATION NUMBER  1
     point #   1  energy = -40.000
FMS for a cluster of  101 atoms around atom type   0
FMS for a cluster of   97 atoms around atom type   1
FMS for a cluster of   94 atoms around atom type   2
FMS for a cluster of   98 atoms around atom type   3
     point #  20  energy = -28.893
     point #  40  energy =  -8.643
     point #  60  energy =  -2.390
     point #  80  energy =  -2.786
New Fermi level:    mu=  -2.781 eV  Charge distance=  0.4542 (partial c.d.=  7.7571)
SCF ITERATION NUMBER  1
     point #   1  energy = -40.000
FMS for a cluster of  101 atoms around atom type   0
FMS for a cluster of   97 atoms around atom type   1
FMS for a cluster of   94 atoms around atom type   2
FMS for a cluster of   98 atoms around atom type   3
     point #  20  energy = -28.935
     point #  40  energy =  -8.817
     point #  60  energy =  -2.781
     point #  80  energy =  -4.428
     point # 100  energy =  -5.897
New Fermi level:    mu=  -5.917 eV  Charge distance=  0.2141 (partial c.d.=  2.5622)
SCF ITERATION NUMBER  1
     point #   1  energy = -40.000
FMS for a cluster of  101 atoms around atom type   0
FMS for a cluster of   97 atoms around atom type   1
FMS for a cluster of   94 atoms around atom type   2
FMS for a cluster of   98 atoms around atom type   3
     point #  20  energy = -28.973
     point #  40  energy =  -8.925
     point #  60  energy =  -5.905
     point #  80  energy =  -5.280
New Fermi level:    mu=  -5.367 eV  Charge distance=  0.1275 (partial c.d.=  0.3266)
SCF ITERATION NUMBER  2
     point #   1  energy = -40.000
     point #  20  energy = -28.795
     point #  40  energy =  -8.423
     point #  60  energy =  -5.355
     point #  80  energy =  -5.133
New Fermi level:    mu=  -5.151 eV  Charge distance=  0.2846 (partial c.d.=  0.1465)
SCF ITERATION NUMBER  3
     point #   1  energy = -40.000
     point #  20  energy = -28.725
     point #  40  energy =  -8.226
     point #  60  energy =  -5.163
New Fermi level:    mu=  -5.280 eV  Charge distance=  0.1056 (partial c.d.=  0.0928)
SCF ITERATION NUMBER  4
     point #   1  energy = -40.000
     point #  20  energy = -28.767
     point #  40  energy =  -8.343
     point #  60  energy =  -5.292
New Fermi level:    mu=  -5.295 eV  Charge distance=  0.0345 (partial c.d.=  0.0929)
SCF ITERATION NUMBER  5
     point #   1  energy = -40.000
     point #  20  energy = -28.772
     point #  40  energy =  -8.357
     point #  60  energy =  -5.307
New Fermi level:    mu=  -5.332 eV  Charge distance=  0.0070 (partial c.d.=  0.0343)
SCF ITERATION NUMBER  6
     point #   1  energy = -40.000
     point #  20  energy = -28.784
     point #  40  energy =  -8.391
     point #  60  energy =  -5.344
New Fermi level:    mu=  -5.337 eV  Charge distance=  0.0094 (partial c.d.=  0.0097)
SCF ITERATION NUMBER  7
     point #   1  energy = -40.000
     point #  20  energy = -28.785
     point #  40  energy =  -8.395
     point #  60  energy =  -5.324
New Fermi level:    mu=  -5.330 eV  Charge distance=  0.0029 (partial c.d.=  0.0079)
SCF ITERATION NUMBER  8
     point #   1  energy = -40.000
     point #  20  energy = -28.783
     point #  40  energy =  -8.389
     point #  60  energy =  -5.317
New Fermi level:    mu=  -5.321 eV  Charge distance=  0.0029 (partial c.d.=  0.0028)
SCF ITERATION NUMBER  9
     point #   1  energy = -40.000
     point #  20  energy = -28.780
     point #  40  energy =  -8.381
     point #  60  energy =  -5.308
New Fermi level:    mu=  -5.311 eV  Charge distance=  0.0004 (partial c.d.=  0.0026)
SCF ITERATION NUMBER 10
     point #   1  energy = -40.000
     point #  20  energy = -28.777
     point #  40  energy =  -8.372
     point #  60  energy =  -5.299
New Fermi level:    mu=  -5.310 eV  Charge distance=  0.0001 (partial c.d.=  0.0017)
SCF ITERATION NUMBER 11
     point #   1  energy = -40.000
     point #  20  energy = -28.777
     point #  40  energy =  -8.371
     point #  60  energy =  -5.323
New Fermi level:    mu=  -5.311 eV  Charge distance=  0.0000 (partial c.d.=  0.0005)
SCF ITERATION NUMBER 12
     point #   1  energy = -40.000
     point #  20  energy = -28.777
     point #  40  energy =  -8.371
     point #  60  energy =  -5.323
New Fermi level:    mu=  -5.311 eV  Charge distance=  0.0001 (partial c.d.=  0.0000)
Electronic configuration
  type     l     N_el
     0     0    0.505
     0     1    0.665
     0     2    9.646
     0     3    0.000
     1     0    0.520
     1     1    0.674
     1     2    9.651
     1     3    0.000
     2     0    1.748
     2     1    2.741
     2     2    0.764
     2     3    0.000
     3     0    1.851
     3     1    4.340
     3     2    0.096
     3     3    0.000
Charge transfer:  type  charge
       0   -0.184
       1   -0.156
       2   -0.747
       3    0.287
Convergence reached in   12 iterations.
Done with module: potentials.

Calculating screened core-hole potential ...
FMS for a cluster of   18 atoms around iph =   0
    0% of energy integration
   20%
   40%
   60%
   80%
  100%
Preparing response function.
Computing (1 - K Chi0)^-1 v_ch
Done with module: screened core-hole potential.

Calculating cross-section and phases ...
    absorption cross section
 x0,dx,rnrm,inrm,jnrm   8.80000000000000       5.000000000000000E-002
   2.53826711299990              195         196
    phase shifts for unique potential    0
    phase shifts for unique potential    1
    phase shifts for unique potential    2
    phase shifts for unique potential    3
Done with module: cross-section and phases (XSPH).

FMS calculation of full Green's function ...
FEFF-serial using 1 thread.
Using   194 energy points.
xprep done
FMS for a cluster of  199 atoms
Energy point    1/ 194
Energy point   10/ 194
Energy point   20/ 194
Energy point   30/ 194
Energy point   40/ 194
Energy point   50/ 194
Energy point   60/ 194
Energy point   70/ 194
Energy point   80/ 194
Energy point   90/ 194
Energy point  100/ 194
Energy point  110/ 194
Energy point  120/ 194
Energy point  130/ 194
Energy point  140/ 194
Energy point  150/ 194
Energy point  160/ 194
Energy point  170/ 194
Energy point  180/ 194
Energy point  190/ 194
Done with module: FMS.

MKGTR: Tracing over Green's function ...
Done with module: MKGTR.

Pathfinder: finding scattering paths...
Preparing plane wave scattering amplitudes
Searching for paths
Eliminating path degeneracies
0 paths retained.
Done with module: pathfinder.

Calculating EXAFS parameters ...
Done with module: EXAFS parameters (GENFMT).

Calculating XAS spectra ...
Done with module: XAS spectra (FF2X: DW + final sum over paths).

 
### feff ends at Mon Aug 14 05:59:49 EDT 2023
 
