### feff starts at Mon Aug 14 05:37:51 EDT 2023
### Serial version
### FeffPath is /sdcc/u/mcarbone/software/JFEFF/hsw/feff90/linux
 
Launching FEFF version FEFF 9.9.1
Core hole lifetime is   1.729 eV.
Your calculation:
 comment: None given
 Source:
 Structure Summary:  Cu8 As4 H8 O24
 Reduced formula:  Cu2As(HO3)2
 space group: (P-1), space number:  (2)
 abc:  5.410322   9.064083   9.942588
 angles: 74.596396  82.225156  79.425526
 sites: 44
Cu K edge XANES using RPA corehole.
Using:     * Self-Consistent Field potentials
Using cards:   ATOMS CONTROL EXCHANGE TITLE RPATH POTENTIALS XANES EDGE SCF FMS S02 COREHOLE EGRID

Calculating atomic potentials ...
    overlapped atomic potential and density for unique potential    0
    overlapped atomic potential and density for unique potential    1
    overlapped atomic potential and density for unique potential    2
    overlapped atomic potential and density for unique potential    3
    overlapped atomic potential and density for unique potential    4
Done with module: atomic potentials.

Calculating SCF potentials ...
FEFF-serial using 1 thread.
Muffin tin radii and interstitial parameters [bohr]:
type, norman radius, muffin tin, overlap factor
    0  1.32979E+00  1.23477E+00  1.15000E+00
    1  1.32979E+00  1.23477E+00  1.15000E+00
    2  1.29330E+00  1.08500E+00  1.15000E+00
    3  8.49037E-01  7.35296E-01  1.15000E+00
    4  1.08197E+00  9.42890E-01  1.15000E+00
Core-valence separation energy:  ecv=   -32.000 eV
Initial Fermi level:              mu=     4.650 eV
SCF ITERATION NUMBER  1
     point #   1  energy = -32.000
FMS for a cluster of  136 atoms around atom type   0
FMS for a cluster of  127 atoms around atom type   1
FMS for a cluster of  127 atoms around atom type   2
FMS for a cluster of  131 atoms around atom type   3
FMS for a cluster of  126 atoms around atom type   4
     point #  20  energy = -20.818
     point #  40  energy =  -4.509
     point #  60  energy =  -3.018
New Fermi level:    mu=  -2.850 eV  Charge distance=  0.5276 (partial c.d.=  7.1762)
SCF ITERATION NUMBER  1
     point #   1  energy = -32.000
FMS for a cluster of  136 atoms around atom type   0
FMS for a cluster of  127 atoms around atom type   1
FMS for a cluster of  127 atoms around atom type   2
FMS for a cluster of  131 atoms around atom type   3
FMS for a cluster of  126 atoms around atom type   4
     point #  20  energy = -20.943
     point #  40  energy =  -2.850
     point #  60  energy =  -2.941
     point #  80  energy =  -6.522
     point # 100  energy =  -7.985
     point # 120  energy =  -8.372
New Fermi level:    mu=  -8.589 eV  Charge distance=  0.1940 (partial c.d.=  2.9051)
SCF ITERATION NUMBER  1
     point #   1  energy = -32.000
FMS for a cluster of  136 atoms around atom type   0
FMS for a cluster of  127 atoms around atom type   1
FMS for a cluster of  127 atoms around atom type   2
FMS for a cluster of  131 atoms around atom type   3
FMS for a cluster of  126 atoms around atom type   4
     point #  20  energy = -20.804
     point #  40  energy =  -8.589
     point #  60  energy =  -8.002
     point #  80  energy =  -6.239
     point # 100  energy =  -6.642
New Fermi level:    mu=  -6.714 eV  Charge distance=  0.1419 (partial c.d.=  0.3672)
SCF ITERATION NUMBER  2
     point #   1  energy = -32.000
     point #  20  energy = -20.874
     point #  40  energy =  -6.714
     point #  60  energy =  -6.311
     point #  80  energy =  -5.814
New Fermi level:    mu=  -5.982 eV  Charge distance=  0.3476 (partial c.d.=  0.1263)
SCF ITERATION NUMBER  3
     point #   1  energy = -32.000
     point #  20  energy = -20.992
     point #  40  energy =  -5.982
     point #  60  energy =  -5.870
New Fermi level:    mu=  -5.864 eV  Charge distance=  0.0914 (partial c.d.=  0.0942)
SCF ITERATION NUMBER  4
     point #   1  energy = -32.000
     point #  20  energy = -20.942
     point #  40  energy =  -5.864
New Fermi level:    mu=  -5.929 eV  Charge distance=  0.0182 (partial c.d.=  0.0371)
SCF ITERATION NUMBER  5
     point #   1  energy = -32.000
     point #  20  energy = -20.970
     point #  40  energy =  -5.929
New Fermi level:    mu=  -6.025 eV  Charge distance=  0.0114 (partial c.d.=  0.0328)
SCF ITERATION NUMBER  6
     point #   1  energy = -32.000
     point #  20  energy = -21.011
     point #  40  energy =  -6.025
New Fermi level:    mu=  -6.062 eV  Charge distance=  0.0083 (partial c.d.=  0.0481)
SCF ITERATION NUMBER  7
     point #   1  energy = -32.000
     point #  20  energy = -21.026
     point #  40  energy =  -6.062
New Fermi level:    mu=  -6.078 eV  Charge distance=  0.0014 (partial c.d.=  0.0537)
SCF ITERATION NUMBER  8
     point #   1  energy = -32.000
     point #  20  energy = -21.033
     point #  40  energy =  -6.078
New Fermi level:    mu=  -6.067 eV  Charge distance=  0.0045 (partial c.d.=  0.0147)
SCF ITERATION NUMBER  9
     point #   1  energy = -32.000
     point #  20  energy = -21.028
     point #  40  energy =  -6.067
New Fermi level:    mu=  -6.060 eV  Charge distance=  0.0035 (partial c.d.=  0.0023)
SCF ITERATION NUMBER 10
     point #   1  energy = -32.000
     point #  20  energy = -21.025
     point #  40  energy =  -6.060
New Fermi level:    mu=  -6.054 eV  Charge distance=  0.0002 (partial c.d.=  0.0018)
SCF ITERATION NUMBER 11
     point #   1  energy = -32.000
     point #  20  energy = -21.023
     point #  40  energy =  -6.054
New Fermi level:    mu=  -6.054 eV  Charge distance=  0.0004 (partial c.d.=  0.0000)
Electronic configuration
  type     l     N_el
     0     0    0.510
     0     1    0.620
     0     2    9.584
     0     3    0.000
     1     0    0.510
     1     1    0.619
     1     2    9.583
     1     3    0.000
     2     0    1.383
     2     1    2.027
     2     2    0.752
     2     3    0.000
     3     0    0.635
     3     1    0.214
     3     2    0.000
     3     3    0.000
     4     0    1.840
     4     1    4.376
     4     2    0.069
     4     3    0.000
Charge transfer:  type  charge
       0   -0.286
       1   -0.288
       2   -0.838
       3   -0.151
       4    0.286
Convergence reached in   11 iterations.
Done with module: potentials.

Calculating screened core-hole potential ...
FMS for a cluster of   29 atoms around iph =   0
    0% of energy integration
   20%
   40%
   60%
   80%
  100%
Preparing response function.
Computing (1 - K Chi0)^-1 v_ch
Done with module: screened core-hole potential.

Calculating cross-section and phases ...
    absorption cross section
 x0,dx,rnrm,inrm,jnrm   8.80000000000000       5.000000000000000E-002
   2.51293063599994              195         196
    phase shifts for unique potential    0
    phase shifts for unique potential    1
    phase shifts for unique potential    2
    phase shifts for unique potential    3
    phase shifts for unique potential    4
Done with module: cross-section and phases (XSPH).

FMS calculation of full Green's function ...
FEFF-serial using 1 thread.
Using   194 energy points.
xprep done
FMS for a cluster of  284 atoms
Energy point    1/ 194
Energy point   10/ 194
Energy point   20/ 194
Energy point   30/ 194
Energy point   40/ 194
Energy point   50/ 194
Energy point   60/ 194
Energy point   70/ 194
Energy point   80/ 194
Energy point   90/ 194
Energy point  100/ 194
Energy point  110/ 194
Energy point  120/ 194
Energy point  130/ 194
Energy point  140/ 194
Energy point  150/ 194
Energy point  160/ 194
Energy point  170/ 194
Energy point  180/ 194
Energy point  190/ 194
Done with module: FMS.

MKGTR: Tracing over Green's function ...
Done with module: MKGTR.

Pathfinder: finding scattering paths...
Preparing plane wave scattering amplitudes
Searching for paths
Eliminating path degeneracies
0 paths retained.
Done with module: pathfinder.

Calculating EXAFS parameters ...
Done with module: EXAFS parameters (GENFMT).

Calculating XAS spectra ...
Done with module: XAS spectra (FF2X: DW + final sum over paths).

 
### feff ends at Mon Aug 14 07:36:43 EDT 2023
 
