### feff starts at Mon Aug 14 07:13:14 EDT 2023
### Serial version
### FeffPath is /sdcc/u/mcarbone/software/JFEFF/hsw/feff90/linux
 
Launching FEFF version FEFF 9.9.1
Core hole lifetime is   1.729 eV.
Your calculation:
 comment: None given
 Source:
 Structure Summary:  Na7 Cu7 O13
 Reduced formula:  Na7Cu7O13
 space group: (P1), space number:  (1)
 abc:  6.760048   6.806480   7.689953
 angles: 99.255895  99.719174 101.250674
 sites: 27
Cu K edge XANES using RPA corehole.
Using:     * Self-Consistent Field potentials
Using cards:   ATOMS CONTROL EXCHANGE TITLE RPATH POTENTIALS XANES EDGE SCF FMS S02 COREHOLE EGRID

Calculating atomic potentials ...
    overlapped atomic potential and density for unique potential    0
    overlapped atomic potential and density for unique potential    1
    overlapped atomic potential and density for unique potential    2
    overlapped atomic potential and density for unique potential    3
Done with module: atomic potentials.

Calculating SCF potentials ...
FEFF-serial using 1 thread.
Muffin tin radii and interstitial parameters [bohr]:
type, norman radius, muffin tin, overlap factor
    0  1.29800E+00  1.15406E+00  1.15000E+00
    1  1.54926E+00  1.50245E+00  1.07838E+00
    2  1.29952E+00  1.15626E+00  1.15000E+00
    3  1.09844E+00  9.88331E-01  1.15000E+00
Core-valence separation energy:  ecv=   -40.000 eV
Initial Fermi level:              mu=     0.364 eV
SCF ITERATION NUMBER  1
     point #   1  energy = -40.000
FMS for a cluster of  124 atoms around atom type   0
FMS for a cluster of  112 atoms around atom type   1
FMS for a cluster of  121 atoms around atom type   2
FMS for a cluster of  125 atoms around atom type   3
     point #  20  energy = -28.890
     point #  40  energy =  -8.640
     point #  60  energy =  -3.527
     point #  80  energy =  -3.621
New Fermi level:    mu=  -3.629 eV  Charge distance=  0.4723 (partial c.d.=  7.3087)
SCF ITERATION NUMBER  1
     point #   1  energy = -40.000
FMS for a cluster of  124 atoms around atom type   0
FMS for a cluster of  112 atoms around atom type   1
FMS for a cluster of  121 atoms around atom type   2
FMS for a cluster of  125 atoms around atom type   3
     point #  20  energy = -28.887
     point #  40  energy =  -8.681
     point #  60  energy =  -3.629
     point #  80  energy =  -5.207
     point # 100  energy =  -8.823
New Fermi level:    mu=  -9.421 eV  Charge distance=  0.1141 (partial c.d.=  2.5614)
SCF ITERATION NUMBER  1
     point #   1  energy = -40.000
FMS for a cluster of  124 atoms around atom type   0
FMS for a cluster of  112 atoms around atom type   1
FMS for a cluster of  121 atoms around atom type   2
FMS for a cluster of  125 atoms around atom type   3
     point #  20  energy = -28.788
     point #  40  energy =  -9.421
     point #  60  energy =  -9.330
     point #  80  energy =  -7.486
     point # 100  energy =  -7.996
New Fermi level:    mu=  -8.059 eV  Charge distance=  0.0407 (partial c.d.=  0.5701)
SCF ITERATION NUMBER  2
     point #   1  energy = -40.000
     point #  20  energy = -29.020
     point #  40  energy =  -9.057
     point #  60  energy =  -8.043
New Fermi level:    mu=  -8.157 eV  Charge distance=  0.1330 (partial c.d.=  0.0677)
SCF ITERATION NUMBER  3
     point #   1  energy = -40.000
     point #  20  energy = -28.701
     point #  40  energy =  -8.157
     point #  60  energy =  -8.116
     point #  80  energy =  -7.732
New Fermi level:    mu=  -7.866 eV  Charge distance=  0.0075 (partial c.d.=  0.0391)
SCF ITERATION NUMBER  4
     point #   1  energy = -40.000
     point #  20  energy = -28.954
     point #  40  energy =  -8.871
     point #  60  energy =  -7.907
New Fermi level:    mu=  -8.073 eV  Charge distance=  0.0084 (partial c.d.=  0.0567)
SCF ITERATION NUMBER  5
     point #   1  energy = -40.000
     point #  20  energy = -29.025
     point #  40  energy =  -9.071
New Fermi level:    mu=  -8.097 eV  Charge distance=  0.0036 (partial c.d.=  0.0252)
SCF ITERATION NUMBER  6
     point #   1  energy = -40.000
     point #  20  energy = -29.033
     point #  40  energy =  -9.094
     point #  60  energy =  -8.135
New Fermi level:    mu=  -8.153 eV  Charge distance=  0.0027 (partial c.d.=  0.0267)
SCF ITERATION NUMBER  7
     point #   1  energy = -40.000
     point #  20  energy = -28.699
     point #  40  energy =  -8.153
New Fermi level:    mu=  -8.141 eV  Charge distance=  0.0007 (partial c.d.=  0.0161)
SCF ITERATION NUMBER  8
     point #   1  energy = -40.000
     point #  20  energy = -28.695
     point #  40  energy =  -8.141
New Fermi level:    mu=  -8.137 eV  Charge distance=  0.0016 (partial c.d.=  0.0059)
SCF ITERATION NUMBER  9
     point #   1  energy = -40.000
     point #  20  energy = -28.694
     point #  40  energy =  -8.137
New Fermi level:    mu=  -8.128 eV  Charge distance=  0.0004 (partial c.d.=  0.0053)
SCF ITERATION NUMBER 10
     point #   1  energy = -40.000
     point #  20  energy = -28.691
     point #  40  energy =  -8.128
New Fermi level:    mu=  -8.125 eV  Charge distance=  0.0001 (partial c.d.=  0.0010)
SCF ITERATION NUMBER 11
     point #   1  energy = -40.000
     point #  20  energy = -28.690
     point #  40  energy =  -8.125
New Fermi level:    mu=  -8.125 eV  Charge distance=  0.0000 (partial c.d.=  0.0006)
SCF ITERATION NUMBER 12
     point #   1  energy = -40.000
     point #  20  energy = -28.690
     point #  40  energy =  -8.125
New Fermi level:    mu=  -8.126 eV  Charge distance=  0.0001 (partial c.d.=  0.0001)
Electronic configuration
  type     l     N_el
     0     0    0.571
     0     1    0.641
     0     2    9.360
     0     3    0.000
     1     0    0.233
     1     1    6.321
     1     2    0.246
     1     3    0.000
     2     0    0.571
     2     1    0.638
     2     2    9.363
     2     3    0.000
     3     0    1.836
     3     1    4.422
     3     2    0.081
     3     3    0.000
Charge transfer:  type  charge
       0   -0.428
       1   -0.200
       2   -0.428
       3    0.338
Convergence reached in   12 iterations.
Done with module: potentials.

Calculating screened core-hole potential ...
FMS for a cluster of   20 atoms around iph =   0
    0% of energy integration
   20%
   40%
   60%
   80%
  100%
Preparing response function.
Computing (1 - K Chi0)^-1 v_ch
Done with module: screened core-hole potential.

Calculating cross-section and phases ...
    absorption cross section
 x0,dx,rnrm,inrm,jnrm   8.80000000000000       5.000000000000000E-002
   2.45286948199999              194         195
    phase shifts for unique potential    0
    phase shifts for unique potential    1
    phase shifts for unique potential    2
    phase shifts for unique potential    3
Done with module: cross-section and phases (XSPH).

FMS calculation of full Green's function ...
FEFF-serial using 1 thread.
Using   194 energy points.
xprep done
FMS for a cluster of  251 atoms
Energy point    1/ 194
Energy point   10/ 194
Energy point   20/ 194
Energy point   30/ 194
Energy point   40/ 194
Energy point   50/ 194
Energy point   60/ 194
Energy point   70/ 194
Energy point   80/ 194
Energy point   90/ 194
Energy point  100/ 194
Energy point  110/ 194
Energy point  120/ 194
Energy point  130/ 194
Energy point  140/ 194
Energy point  150/ 194
Energy point  160/ 194
Energy point  170/ 194
Energy point  180/ 194
Energy point  190/ 194
Done with module: FMS.

MKGTR: Tracing over Green's function ...
Done with module: MKGTR.

Pathfinder: finding scattering paths...
Preparing plane wave scattering amplitudes
Searching for paths
Eliminating path degeneracies
0 paths retained.
Done with module: pathfinder.

Calculating EXAFS parameters ...
Done with module: EXAFS parameters (GENFMT).

Calculating XAS spectra ...
Done with module: XAS spectra (FF2X: DW + final sum over paths).

 
### feff ends at Mon Aug 14 08:59:17 EDT 2023
 
