### feff starts at Mon Aug 14 02:52:32 EDT 2023
### Serial version
### FeffPath is /sdcc/u/mcarbone/software/JFEFF/hsw/feff90/linux
 
Launching FEFF version FEFF 9.9.1
Core hole lifetime is   1.729 eV.
Your calculation:
 comment: None given
 Source:
 Structure Summary:  Li15 Zr7 Cu6 O28
 Reduced formula:  Li15Zr7(Cu3O14)2
 space group: (P1), space number:  (1)
 abc:  5.401740   8.074862  13.133389
 angles: 88.777904  80.851708  87.017157
 sites: 56
Cu K edge XANES using RPA corehole.
Using:     * Self-Consistent Field potentials
Using cards:   ATOMS CONTROL EXCHANGE TITLE RPATH POTENTIALS XANES EDGE SCF FMS S02 COREHOLE EGRID

Calculating atomic potentials ...
    overlapped atomic potential and density for unique potential    0
    overlapped atomic potential and density for unique potential    1
    overlapped atomic potential and density for unique potential    2
    overlapped atomic potential and density for unique potential    3
    overlapped atomic potential and density for unique potential    4
Done with module: atomic potentials.

Calculating SCF potentials ...
FEFF-serial using 1 thread.
Muffin tin radii and interstitial parameters [bohr]:
type, norman radius, muffin tin, overlap factor
    0  1.34041E+00  1.28363E+00  1.11509E+00
    1  1.31406E+00  1.25667E+00  1.11927E+00
    2  1.53623E+00  1.41326E+00  1.15000E+00
    3  1.32017E+00  1.25370E+00  1.14117E+00
    4  1.11568E+00  1.05911E+00  1.14237E+00
Core-valence separation energy:  ecv=   -40.000 eV
Initial Fermi level:              mu=    -0.674 eV
SCF ITERATION NUMBER  1
     point #   1  energy = -40.000
FMS for a cluster of  145 atoms around atom type   0
FMS for a cluster of  139 atoms around atom type   1
FMS for a cluster of  137 atoms around atom type   2
FMS for a cluster of  126 atoms around atom type   3
FMS for a cluster of  146 atoms around atom type   4
     point #  20  energy = -28.896
     point #  40  energy =  -8.646
     point #  60  energy =  -6.074
     point #  80  energy =  -5.524
New Fermi level:    mu=  -5.533 eV  Charge distance=  1.2404 (partial c.d.=  6.5901)
SCF ITERATION NUMBER  1
     point #   1  energy = -40.000
FMS for a cluster of  145 atoms around atom type   0
FMS for a cluster of  139 atoms around atom type   1
FMS for a cluster of  137 atoms around atom type   2
FMS for a cluster of  126 atoms around atom type   3
FMS for a cluster of  146 atoms around atom type   4
     point #  20  energy = -28.849
     point #  40  energy =  -8.574
     point #  60  energy =  -5.545
     point #  80  energy =  -7.767
     point # 100  energy =  -9.773
     point # 120  energy =  -9.439
     point # 140  energy =  -9.189
     point # 160  energy =  -8.939
     point # 180  energy =  -8.689
New Fermi level:    mu=  -8.465 eV  Charge distance=  0.3613 (partial c.d.=  6.4041)
negative density   1  -57.300 - usually harmless precision error, but check DOS if it persists
SCF ITERATION NUMBER  1
     point #   1  energy = -40.000
FMS for a cluster of  145 atoms around atom type   0
FMS for a cluster of  139 atoms around atom type   1
FMS for a cluster of  137 atoms around atom type   2
FMS for a cluster of  126 atoms around atom type   3
FMS for a cluster of  146 atoms around atom type   4
     point #  20  energy = -28.810
     point #  40  energy =  -8.465
     point #  60  energy =  -8.505
     point #  80  energy =  -9.911
     point # 100  energy = -10.236
     point # 120  energy = -10.486
     point # 140  energy = -10.736
New Fermi level:    mu= -10.841 eV  Charge distance=  0.2415 (partial c.d.=  0.1559)
negative density   1  -77.749 - usually harmless precision error, but check DOS if it persists
SCF ITERATION NUMBER  2
     point #   1  energy = -40.000
     point #  20  energy = -28.940
     point #  40  energy = -10.841
     point #  60  energy = -10.750
     point #  80  energy =  -8.950
     point # 100  energy =  -9.247
New Fermi level:    mu=  -9.285 eV  Charge distance=  0.4399 (partial c.d.=  0.2878)
negative density   1 -218.171 - usually harmless precision error, but check DOS if it persists
SCF ITERATION NUMBER  3
     point #   1  energy = -40.000
     point #  20  energy = -28.738
     point #  40  energy =  -9.285
     point #  60  energy =  -9.195
     point #  80  energy =  -7.332
New Fermi level:    mu=  -7.343 eV  Charge distance=  0.4749 (partial c.d.=  5.2283)
negative density   1 -233.654 - usually harmless precision error, but check DOS if it persists
SCF ITERATION NUMBER  4
     point #   1  energy = -40.000
     point #  20  energy = -28.774
     point #  40  energy =  -8.363
     point #  60  energy =  -7.384
     point #  80  energy =  -8.762
New Fermi level:    mu=  -8.926 eV  Charge distance=  0.0873 (partial c.d.=  5.4335)
negative density   1 -309.865 - usually harmless precision error, but check DOS if it persists
SCF ITERATION NUMBER  5
     point #   1  energy = -40.000
     point #  20  energy = -28.974
     point #  40  energy =  -8.926
     point #  60  energy =  -8.876
New Fermi level:    mu=  -8.883 eV  Charge distance=  0.1007 (partial c.d.=  0.0601)
negative density   1 -399.693 - usually harmless precision error, but check DOS if it persists
negative density   1  -10.453 - usually harmless precision error, but check DOS if it persists
SCF ITERATION NUMBER  6
     point #   1  energy = -40.000
     point #  20  energy = -28.959
     point #  40  energy =  -8.883
     point #  60  energy =  -8.833
New Fermi level:    mu=  -8.839 eV  Charge distance=  0.0766 (partial c.d.=  0.1112)
negative density   1 -412.821 - usually harmless precision error, but check DOS if it persists
negative density   1  -14.666 - usually harmless precision error, but check DOS if it persists
SCF ITERATION NUMBER  7
     point #   1  energy = -40.000
     point #  20  energy = -28.943
     point #  40  energy =  -8.839
New Fermi level:    mu=  -8.847 eV  Charge distance=  0.1203 (partial c.d.=  0.0979)
negative density   1 -438.153 - usually harmless precision error, but check DOS if it persists
negative density   1  -22.853 - usually harmless precision error, but check DOS if it persists
SCF ITERATION NUMBER  8
     point #   1  energy = -40.000
     point #  20  energy = -28.946
     point #  40  energy =  -8.847
     point #  60  energy =  -8.778
New Fermi level:    mu=  -8.689 eV  Charge distance=  0.0088 (partial c.d.=  0.2495)
negative density   1 -445.279 - usually harmless precision error, but check DOS if it persists
negative density   1  -25.044 - usually harmless precision error, but check DOS if it persists
SCF ITERATION NUMBER  9
     point #   1  energy = -40.000
     point #  20  energy = -28.890
     point #  40  energy =  -8.689
New Fermi level:    mu=  -8.655 eV  Charge distance=  0.0243 (partial c.d.=  0.1317)
negative density   1 -453.503 - usually harmless precision error, but check DOS if it persists
negative density   1  -27.621 - usually harmless precision error, but check DOS if it persists
SCF ITERATION NUMBER 10
     point #   1  energy = -40.000
     point #  20  energy = -28.877
     point #  40  energy =  -8.655
New Fermi level:    mu=  -8.657 eV  Charge distance=  0.0575 (partial c.d.=  0.0441)
negative density   1 -478.264 - usually harmless precision error, but check DOS if it persists
negative density   1  -35.378 - usually harmless precision error, but check DOS if it persists
SCF ITERATION NUMBER 11
     point #   1  energy = -40.000
     point #  20  energy = -28.878
     point #  40  energy =  -8.657
New Fermi level:    mu=  -8.622 eV  Charge distance=  0.0027 (partial c.d.=  0.1079)
negative density   1 -480.231 - usually harmless precision error, but check DOS if it persists
negative density   1  -35.953 - usually harmless precision error, but check DOS if it persists
SCF ITERATION NUMBER 12
     point #   1  energy = -40.000
     point #  20  energy = -28.866
     point #  40  energy =  -8.622
New Fermi level:    mu=  -8.627 eV  Charge distance=  0.0054 (partial c.d.=  0.0282)
negative density   1 -483.741 - usually harmless precision error, but check DOS if it persists
negative density   1  -37.034 - usually harmless precision error, but check DOS if it persists
SCF ITERATION NUMBER 13
     point #   1  energy = -40.000
     point #  20  energy = -28.868
     point #  40  energy =  -8.627
New Fermi level:    mu=  -8.624 eV  Charge distance=  0.0026 (partial c.d.=  0.0109)
negative density   1 -486.692 - usually harmless precision error, but check DOS if it persists
negative density   1  -37.931 - usually harmless precision error, but check DOS if it persists
SCF ITERATION NUMBER 14
     point #   1  energy = -40.000
     point #  20  energy = -28.867
     point #  40  energy =  -8.624
New Fermi level:    mu=  -8.622 eV  Charge distance=  0.0004 (partial c.d.=  0.0033)
negative density   1 -487.980 - usually harmless precision error, but check DOS if it persists
negative density   1  -38.316 - usually harmless precision error, but check DOS if it persists
SCF ITERATION NUMBER 15
     point #   1  energy = -40.000
     point #  20  energy = -28.866
     point #  40  energy =  -8.622
New Fermi level:    mu=  -8.622 eV  Charge distance=  0.0007 (partial c.d.=  0.0005)
negative density   1 -490.458 - usually harmless precision error, but check DOS if it persists
negative density   1  -39.057 - usually harmless precision error, but check DOS if it persists
SCF ITERATION NUMBER 16
     point #   1  energy = -40.000
     point #  20  energy = -28.866
     point #  40  energy =  -8.622
New Fermi level:    mu=  -8.622 eV  Charge distance=  0.0001 (partial c.d.=  0.0014)
negative density   1 -490.708 - usually harmless precision error, but check DOS if it persists
negative density   1  -39.133 - usually harmless precision error, but check DOS if it persists
SCF ITERATION NUMBER 17
     point #   1  energy = -40.000
     point #  20  energy = -28.866
     point #  40  energy =  -8.622
New Fermi level:    mu=  -8.622 eV  Charge distance=  0.0001 (partial c.d.=  0.0002)
Electronic configuration
  type     l     N_el
     0     0    0.427
     0     1    0.527
     0     2    9.600
     0     3    0.000
     1     0    0.232
     1     1    0.489
     1     2    0.000
     1     3    0.000
     2     0    0.431
     2     1    6.656
     2     2    2.179
     2     3    0.000
     3     0    0.453
     3     1    0.548
     3     2    9.538
     3     3    0.000
     4     0    1.856
     4     1    4.522
     4     2    0.054
     4     3    0.000
Charge transfer:  type  charge
       0   -0.446
       1   -0.279
       2   -0.734
       3   -0.461
       4    0.432
Convergence reached in   17 iterations.
Done with module: potentials.

Calculating screened core-hole potential ...
FMS for a cluster of   27 atoms around iph =   0
    0% of energy integration
   20%
   40%
   60%
   80%
  100%
Preparing response function.
Computing (1 - K Chi0)^-1 v_ch
Done with module: screened core-hole potential.

Calculating cross-section and phases ...
    absorption cross section
 x0,dx,rnrm,inrm,jnrm   8.80000000000000       5.000000000000000E-002
   2.53299926900007              195         196
    phase shifts for unique potential    0
    phase shifts for unique potential    1
    phase shifts for unique potential    2
    phase shifts for unique potential    3
    phase shifts for unique potential    4
Done with module: cross-section and phases (XSPH).

FMS calculation of full Green's function ...
FEFF-serial using 1 thread.
Using   194 energy points.
xprep done
FMS for a cluster of  299 atoms
Energy point    1/ 194
Energy point   10/ 194
Energy point   20/ 194
Energy point   30/ 194
Energy point   40/ 194
Energy point   50/ 194
Energy point   60/ 194
Energy point   70/ 194
Energy point   80/ 194
Energy point   90/ 194
Energy point  100/ 194
Energy point  110/ 194
Energy point  120/ 194
Energy point  130/ 194
Energy point  140/ 194
Energy point  150/ 194
Energy point  160/ 194
Energy point  170/ 194
Energy point  180/ 194
Energy point  190/ 194
Done with module: FMS.

MKGTR: Tracing over Green's function ...
Done with module: MKGTR.

Pathfinder: finding scattering paths...
Preparing plane wave scattering amplitudes
Searching for paths
Eliminating path degeneracies
0 paths retained.
Done with module: pathfinder.

Calculating EXAFS parameters ...
Done with module: EXAFS parameters (GENFMT).

Calculating XAS spectra ...
Done with module: XAS spectra (FF2X: DW + final sum over paths).

 
### feff ends at Mon Aug 14 05:40:55 EDT 2023
 
