### feff starts at Sun Aug 13 15:32:32 EDT 2023
### Serial version
### FeffPath is /sdcc/u/mcarbone/software/JFEFF/hsw/feff90/linux
 
Launching FEFF version FEFF 9.9.1
Core hole lifetime is   1.729 eV.
Your calculation:
 comment: None given
 Source:
 Structure Summary:  Li14 Cu9 P16 O56
 Reduced formula:  Li14Cu9(P2O7)8
 space group: (P-1), space number:  (2)
 abc:  9.488725  11.070447  12.396084
 angles: 64.111663  67.912638  74.506516
 sites: 95
Cu K edge XANES using RPA corehole.
Using:     * Self-Consistent Field potentials
Using cards:   ATOMS CONTROL EXCHANGE TITLE RPATH POTENTIALS XANES EDGE SCF FMS S02 COREHOLE EGRID

Calculating atomic potentials ...
    overlapped atomic potential and density for unique potential    0
    overlapped atomic potential and density for unique potential    1
    overlapped atomic potential and density for unique potential    2
    overlapped atomic potential and density for unique potential    3
    overlapped atomic potential and density for unique potential    4
Done with module: atomic potentials.

Calculating SCF potentials ...
FEFF-serial using 1 thread.
Muffin tin radii and interstitial parameters [bohr]:
type, norman radius, muffin tin, overlap factor
    0  1.32940E+00  1.26481E+00  1.13528E+00
    1  1.42295E+00  1.35652E+00  1.12902E+00
    2  1.36370E+00  1.29511E+00  1.14099E+00
    3  1.15466E+00  9.40930E-01  1.15000E+00
    4  1.03954E+00  9.04723E-01  1.15000E+00
Core-valence separation energy:  ecv=   -40.000 eV
Initial Fermi level:              mu=     5.063 eV
SCF ITERATION NUMBER  1
     point #   1  energy = -40.000
FMS for a cluster of  127 atoms around atom type   0
FMS for a cluster of  127 atoms around atom type   1
FMS for a cluster of  118 atoms around atom type   2
FMS for a cluster of  124 atoms around atom type   3
FMS for a cluster of  127 atoms around atom type   4
     point #  20  energy = -28.951
     point #  40  energy =  -8.701
     point #  60  energy =  -4.623
     point #  80  energy =  -3.854
New Fermi level:    mu=  -3.821 eV  Charge distance=  0.8184 (partial c.d.=  5.9933)
SCF ITERATION NUMBER  1
     point #   1  energy = -40.000
FMS for a cluster of  127 atoms around atom type   0
FMS for a cluster of  127 atoms around atom type   1
FMS for a cluster of  118 atoms around atom type   2
FMS for a cluster of  124 atoms around atom type   3
FMS for a cluster of  127 atoms around atom type   4
     point #  20  energy = -28.945
     point #  40  energy =  -8.846
     point #  60  energy =  -3.821
     point #  80  energy =  -5.399
     point # 100  energy =  -8.256
     point # 120  energy =  -7.509
New Fermi level:    mu=  -7.346 eV  Charge distance=  0.2352 (partial c.d.=  4.3961)
SCF ITERATION NUMBER  1
     point #   1  energy = -40.000
FMS for a cluster of  127 atoms around atom type   0
FMS for a cluster of  127 atoms around atom type   1
FMS for a cluster of  118 atoms around atom type   2
FMS for a cluster of  124 atoms around atom type   3
FMS for a cluster of  127 atoms around atom type   4
     point #  20  energy = -28.775
     point #  40  energy =  -8.366
     point #  60  energy =  -7.308
New Fermi level:    mu=  -7.220 eV  Charge distance=  0.1202 (partial c.d.=  0.2538)
SCF ITERATION NUMBER  2
     point #   1  energy = -40.000
     point #  20  energy = -28.732
     point #  40  energy =  -8.244
     point #  60  energy =  -7.179
New Fermi level:    mu=  -6.949 eV  Charge distance=  0.1725 (partial c.d.=  0.2921)
SCF ITERATION NUMBER  3
     point #   1  energy = -40.000
     point #  20  energy = -28.983
     point #  40  energy =  -8.952
     point #  60  energy =  -6.936
New Fermi level:    mu=  -6.751 eV  Charge distance=  0.1344 (partial c.d.=  0.1221)
SCF ITERATION NUMBER  4
     point #   1  energy = -40.000
     point #  20  energy = -28.917
     point #  40  energy =  -8.767
     point #  60  energy =  -6.776
New Fermi level:    mu=  -6.868 eV  Charge distance=  0.0325 (partial c.d.=  0.1406)
SCF ITERATION NUMBER  5
     point #   1  energy = -40.000
     point #  20  energy = -28.956
     point #  40  energy =  -8.876
     point #  60  energy =  -6.843
New Fermi level:    mu=  -6.823 eV  Charge distance=  0.0188 (partial c.d.=  0.1121)
SCF ITERATION NUMBER  6
     point #   1  energy = -40.000
     point #  20  energy = -28.941
     point #  40  energy =  -8.833
     point #  60  energy =  -6.848
New Fermi level:    mu=  -6.874 eV  Charge distance=  0.0048 (partial c.d.=  0.0480)
SCF ITERATION NUMBER  7
     point #   1  energy = -40.000
     point #  20  energy = -28.958
     point #  40  energy =  -8.882
New Fermi level:    mu=  -6.879 eV  Charge distance=  0.0074 (partial c.d.=  0.0060)
SCF ITERATION NUMBER  8
     point #   1  energy = -40.000
     point #  20  energy = -28.960
     point #  40  energy =  -8.886
New Fermi level:    mu=  -6.883 eV  Charge distance=  0.0032 (partial c.d.=  0.0037)
SCF ITERATION NUMBER  9
     point #   1  energy = -40.000
     point #  20  energy = -28.961
     point #  40  energy =  -8.890
New Fermi level:    mu=  -6.880 eV  Charge distance=  0.0016 (partial c.d.=  0.0051)
SCF ITERATION NUMBER 10
     point #   1  energy = -40.000
     point #  20  energy = -28.960
     point #  40  energy =  -8.888
New Fermi level:    mu=  -6.877 eV  Charge distance=  0.0016 (partial c.d.=  0.0031)
SCF ITERATION NUMBER 11
     point #   1  energy = -40.000
     point #  20  energy = -28.959
     point #  40  energy =  -8.885
New Fermi level:    mu=  -6.876 eV  Charge distance=  0.0001 (partial c.d.=  0.0015)
SCF ITERATION NUMBER 12
     point #   1  energy = -40.000
     point #  20  energy = -28.959
     point #  40  energy =  -8.883
New Fermi level:    mu=  -6.876 eV  Charge distance=  0.0001 (partial c.d.=  0.0001)
Electronic configuration
  type     l     N_el
     0     0    0.444
     0     1    0.586
     0     2    9.602
     0     3    0.000
     1     0    0.304
     1     1    0.536
     1     2    0.000
     1     3    0.000
     2     0    0.444
     2     1    0.566
     2     2    9.636
     2     3    0.000
     3     0    1.186
     3     1    2.029
     3     2    1.029
     3     3    0.000
     4     0    1.822
     4     1    4.417
     4     2    0.074
     4     3    0.000
Charge transfer:  type  charge
       0   -0.368
       1   -0.159
       2   -0.354
       3   -0.756
       4    0.313
Convergence reached in   12 iterations.
Done with module: potentials.

Calculating screened core-hole potential ...
FMS for a cluster of   25 atoms around iph =   0
    0% of energy integration
   20%
   40%
   60%
   80%
  100%
Preparing response function.
Computing (1 - K Chi0)^-1 v_ch
Done with module: screened core-hole potential.

Calculating cross-section and phases ...
    absorption cross section
 x0,dx,rnrm,inrm,jnrm   8.80000000000000       5.000000000000000E-002
   2.51219850199991              195         196
    phase shifts for unique potential    0
    phase shifts for unique potential    1
    phase shifts for unique potential    2
    phase shifts for unique potential    3
    phase shifts for unique potential    4
Done with module: cross-section and phases (XSPH).

FMS calculation of full Green's function ...
FEFF-serial using 1 thread.
Using   194 energy points.
xprep done
FMS for a cluster of  272 atoms
Energy point    1/ 194
Energy point   10/ 194
Energy point   20/ 194
Energy point   30/ 194
Energy point   40/ 194
Energy point   50/ 194
Energy point   60/ 194
Energy point   70/ 194
Energy point   80/ 194
Energy point   90/ 194
Energy point  100/ 194
Energy point  110/ 194
Energy point  120/ 194
Energy point  130/ 194
Energy point  140/ 194
Energy point  150/ 194
Energy point  160/ 194
Energy point  170/ 194
Energy point  180/ 194
Energy point  190/ 194
Done with module: FMS.

MKGTR: Tracing over Green's function ...
Done with module: MKGTR.

Pathfinder: finding scattering paths...
Preparing plane wave scattering amplitudes
Searching for paths
Eliminating path degeneracies
0 paths retained.
Done with module: pathfinder.

Calculating EXAFS parameters ...
Done with module: EXAFS parameters (GENFMT).

Calculating XAS spectra ...
Done with module: XAS spectra (FF2X: DW + final sum over paths).

 
### feff ends at Sun Aug 13 17:28:57 EDT 2023
 
