### feff starts at Mon Aug 14 10:25:28 EDT 2023
### Serial version
### FeffPath is /sdcc/u/mcarbone/software/JFEFF/hsw/feff90/linux
 
Launching FEFF version FEFF 9.9.1
Resetting lmaxsc to 2 for iph =    1.  Use  UNFREEZE to prevent this.
Resetting lmaxsc to 2 for iph =    2.  Use  UNFREEZE to prevent this.
Core hole lifetime is   1.729 eV.
Your calculation:
 comment: None given
 Source:
 Structure Summary:  Ba3 Nd3 Cu6 O14
 Reduced formula:  Ba3Nd3(Cu3O7)2
 space group: (Fmm2), space number:  (42)
 abc: 12.319169  12.286528   5.544630
 angles: 77.306015  76.648760  26.045225
 sites: 26
Cu K edge XANES using RPA corehole.
Using:     * Self-Consistent Field potentials
Using cards:   ATOMS CONTROL EXCHANGE TITLE RPATH POTENTIALS XANES EDGE SCF FMS S02 COREHOLE EGRID

Calculating atomic potentials ...
    overlapped atomic potential and density for unique potential    0
    overlapped atomic potential and density for unique potential    1
    overlapped atomic potential and density for unique potential    2
    overlapped atomic potential and density for unique potential    3
    overlapped atomic potential and density for unique potential    4
Done with module: atomic potentials.

Calculating SCF potentials ...
FEFF-serial using 1 thread.
Muffin tin radii and interstitial parameters [bohr]:
type, norman radius, muffin tin, overlap factor
    0  1.29080E+00  1.18098E+00  1.15000E+00
    1  1.97672E+00  1.92518E+00  1.06663E+00
    2  1.88258E+00  1.81966E+00  1.08777E+00
    3  1.29080E+00  1.18098E+00  1.15000E+00
    4  1.12298E+00  1.07256E+00  1.12319E+00
Core-valence separation energy:  ecv=   -51.000 eV
Initial Fermi level:              mu=    -1.956 eV
SCF ITERATION NUMBER  1
     point #   1  energy = -51.000
FMS for a cluster of  111 atoms around atom type   0
FMS for a cluster of  105 atoms around atom type   1
FMS for a cluster of  104 atoms around atom type   2
FMS for a cluster of   99 atoms around atom type   3
FMS for a cluster of  102 atoms around atom type   4
     point #  20  energy = -39.789
     point #  40  energy = -19.539
     point #  60  energy =  -5.879
     point #  80  energy =  -5.329
New Fermi level:    mu=  -5.275 eV  Charge distance=  0.7569 (partial c.d.=  6.4429)
SCF ITERATION NUMBER  1
     point #   1  energy = -51.000
FMS for a cluster of  111 atoms around atom type   0
FMS for a cluster of  105 atoms around atom type   1
FMS for a cluster of  104 atoms around atom type   2
FMS for a cluster of   99 atoms around atom type   3
FMS for a cluster of  102 atoms around atom type   4
     point #  20  energy = -39.823
     point #  40  energy = -19.501
     point #  60  energy =  -5.275
     point #  80  energy =  -5.556
     point # 100  energy =  -9.944
     point # 120  energy = -10.856
New Fermi level:    mu= -11.028 eV  Charge distance=  0.3098 (partial c.d.=  3.9858)
SCF ITERATION NUMBER  1
     point #   1  energy = -51.000
FMS for a cluster of  111 atoms around atom type   0
FMS for a cluster of  105 atoms around atom type   1
FMS for a cluster of  104 atoms around atom type   2
FMS for a cluster of   99 atoms around atom type   3
FMS for a cluster of  102 atoms around atom type   4
     point #  20  energy = -39.726
     point #  40  energy = -19.227
     point #  60  energy = -11.028
     point #  80  energy =  -9.959
New Fermi level:    mu=  -9.318 eV  Charge distance=  0.2284 (partial c.d.=  0.4447)
SCF ITERATION NUMBER  2
     point #   1  energy = -51.000
     point #  20  energy = -39.817
     point #  40  energy = -19.484
     point #  60  energy =  -9.318
     point #  80  energy =  -8.474
New Fermi level:    mu=  -8.357 eV  Charge distance=  0.5689 (partial c.d.=  0.2626)
SCF ITERATION NUMBER  3
     point #   1  energy = -51.000
     point #  20  energy = -39.832
     point #  40  energy = -19.525
     point #  60  energy =  -8.357
New Fermi level:    mu=  -8.447 eV  Charge distance=  0.0422 (partial c.d.=  0.3724)
SCF ITERATION NUMBER  4
     point #   1  energy = -51.000
     point #  20  energy = -39.855
     point #  40  energy = -19.592
     point #  60  energy =  -8.447
New Fermi level:    mu=  -8.401 eV  Charge distance=  0.0452 (partial c.d.=  0.1693)
SCF ITERATION NUMBER  5
     point #   1  energy = -51.000
     point #  20  energy = -39.843
     point #  40  energy = -19.558
     point #  60  energy =  -8.401
     point #  80  energy =  -8.532
New Fermi level:    mu=  -8.544 eV  Charge distance=  0.0139 (partial c.d.=  0.1639)
SCF ITERATION NUMBER  6
     point #   1  energy = -51.000
     point #  20  energy = -39.881
     point #  40  energy = -19.663
     point #  60  energy =  -8.544
New Fermi level:    mu=  -8.518 eV  Charge distance=  0.0105 (partial c.d.=  0.1381)
SCF ITERATION NUMBER  7
     point #   1  energy = -51.000
     point #  20  energy = -39.874
     point #  40  energy = -19.644
     point #  60  energy =  -8.518
New Fermi level:    mu=  -8.500 eV  Charge distance=  0.0041 (partial c.d.=  0.0987)
SCF ITERATION NUMBER  8
     point #   1  energy = -51.000
     point #  20  energy = -39.869
     point #  40  energy = -19.631
     point #  60  energy =  -8.500
New Fermi level:    mu=  -8.503 eV  Charge distance=  0.0056 (partial c.d.=  0.0437)
SCF ITERATION NUMBER  9
     point #   1  energy = -51.000
     point #  20  energy = -39.870
     point #  40  energy = -19.633
     point #  60  energy =  -8.503
New Fermi level:    mu=  -8.496 eV  Charge distance=  0.0082 (partial c.d.=  0.0042)
SCF ITERATION NUMBER 10
     point #   1  energy = -51.000
     point #  20  energy = -39.868
     point #  40  energy = -19.628
     point #  60  energy =  -8.496
New Fermi level:    mu=  -8.489 eV  Charge distance=  0.0003 (partial c.d.=  0.0047)
SCF ITERATION NUMBER 11
     point #   1  energy = -51.000
     point #  20  energy = -39.866
     point #  40  energy = -19.623
     point #  60  energy =  -8.489
New Fermi level:    mu=  -8.488 eV  Charge distance=  0.0002 (partial c.d.=  0.0011)
SCF ITERATION NUMBER 12
     point #   1  energy = -51.000
     point #  20  energy = -39.866
     point #  40  energy = -19.622
     point #  60  energy =  -8.488
New Fermi level:    mu=  -8.488 eV  Charge distance=  0.0001 (partial c.d.=  0.0005)
SCF ITERATION NUMBER 13
     point #   1  energy = -51.000
     point #  20  energy = -39.866
     point #  40  energy = -19.622
     point #  60  energy =  -8.488
New Fermi level:    mu=  -8.488 eV  Charge distance=  0.0000 (partial c.d.=  0.0005)
SCF ITERATION NUMBER 14
     point #   1  energy = -51.000
     point #  20  energy = -39.866
     point #  40  energy = -19.622
     point #  60  energy =  -8.488
New Fermi level:    mu=  -8.488 eV  Charge distance=  0.0001 (partial c.d.=  0.0001)
Electronic configuration
  type     l     N_el
     0     0    0.544
     0     1    0.673
     0     2    9.387
     0     3    0.000
     1     0    2.247
     1     1    6.292
     1     2    1.041
     1     3    0.000
     2     0    2.322
     2     1    6.447
     2     2    1.447
     2     3    0.000
     3     0    0.544
     3     1    0.674
     3     2    9.386
     3     3    0.000
     4     0    1.867
     4     1    4.495
     4     2    0.066
     4     3    0.000
Charge transfer:  type  charge
       0   -0.396
       1   -0.420
       2   -0.784
       3   -0.396
       4    0.428
Convergence reached in   14 iterations.
Done with module: potentials.

Calculating screened core-hole potential ...
FMS for a cluster of   17 atoms around iph =   0
    0% of energy integration
   20%
   40%
   60%
   80%
  100%
Preparing response function.
Computing (1 - K Chi0)^-1 v_ch
Done with module: screened core-hole potential.

Calculating cross-section and phases ...
    absorption cross section
 x0,dx,rnrm,inrm,jnrm   8.80000000000000       5.000000000000000E-002
   2.43925996200017              194         195
    phase shifts for unique potential    0
    phase shifts for unique potential    1
    phase shifts for unique potential    2
    phase shifts for unique potential    3
    phase shifts for unique potential    4
Done with module: cross-section and phases (XSPH).

FMS calculation of full Green's function ...
FEFF-serial using 1 thread.
Using   194 energy points.
xprep done
FMS for a cluster of  237 atoms
Energy point    1/ 194
Energy point   10/ 194
Energy point   20/ 194
Energy point   30/ 194
Energy point   40/ 194
Energy point   50/ 194
Energy point   60/ 194
Energy point   70/ 194
Energy point   80/ 194
Energy point   90/ 194
Energy point  100/ 194
Energy point  110/ 194
Energy point  120/ 194
Energy point  130/ 194
Energy point  140/ 194
Energy point  150/ 194
Energy point  160/ 194
Energy point  170/ 194
Energy point  180/ 194
Energy point  190/ 194
Done with module: FMS.

MKGTR: Tracing over Green's function ...
Done with module: MKGTR.

Pathfinder: finding scattering paths...
Preparing plane wave scattering amplitudes
Searching for paths
Eliminating path degeneracies
0 paths retained.
Done with module: pathfinder.

Calculating EXAFS parameters ...
Done with module: EXAFS parameters (GENFMT).

Calculating XAS spectra ...
Done with module: XAS spectra (FF2X: DW + final sum over paths).

 
### feff ends at Mon Aug 14 12:04:10 EDT 2023
 
