### feff starts at Sun Aug 13 22:18:20 EDT 2023
### Serial version
### FeffPath is /sdcc/u/mcarbone/software/JFEFF/hsw/feff90/linux
 
Launching FEFF version FEFF 9.9.1
Core hole lifetime is   1.729 eV.
Your calculation:
 comment: None given
 Source:
 Structure Summary:  Li5 Fe5 Cu2 O12
 Reduced formula:  Li5Fe5(CuO6)2
 space group: (C2), space number:  (5)
 abc:  5.145376   5.145376   9.791514
 angles: 86.782267  86.782267 116.829112
 sites: 24
Cu K edge XANES using RPA corehole.
Using:     * Self-Consistent Field potentials
Using cards:   ATOMS CONTROL EXCHANGE TITLE RPATH POTENTIALS XANES EDGE SCF FMS S02 COREHOLE EGRID

Calculating atomic potentials ...
    overlapped atomic potential and density for unique potential    0
    overlapped atomic potential and density for unique potential    1
    overlapped atomic potential and density for unique potential    2
    overlapped atomic potential and density for unique potential    3
    overlapped atomic potential and density for unique potential    4
Done with module: atomic potentials.

Calculating SCF potentials ...
FEFF-serial using 1 thread.
Muffin tin radii and interstitial parameters [bohr]:
type, norman radius, muffin tin, overlap factor
    0  1.31239E+00  1.24825E+00  1.13622E+00
    1  1.31114E+00  1.25973E+00  1.10524E+00
    2  1.40874E+00  1.32677E+00  1.15000E+00
    3  1.31283E+00  1.24861E+00  1.13638E+00
    4  1.10007E+00  1.04605E+00  1.13703E+00
Core-valence separation energy:  ecv=   -40.000 eV
Initial Fermi level:              mu=    -1.239 eV
SCF ITERATION NUMBER  1
     point #   1  energy = -40.000
FMS for a cluster of  155 atoms around atom type   0
FMS for a cluster of  148 atoms around atom type   1
FMS for a cluster of  147 atoms around atom type   2
FMS for a cluster of  115 atoms around atom type   3
FMS for a cluster of  159 atoms around atom type   4
     point #  20  energy = -28.802
     point #  40  energy =  -9.565
     point #  60  energy =  -9.043
 Found bad counts.
  Occupation number in getorb is    10.000
  Will repeat this iteration.
 Found bad counts.
  Occupation number in getorb is    10.000
  Will repeat this iteration.
New Fermi level:    mu=  -9.284 eV  Charge distance=  1.9458 (partial c.d.=  9.2897)
SCF ITERATION NUMBER  1
     point #   1  energy = -40.000
FMS for a cluster of  155 atoms around atom type   0
FMS for a cluster of  148 atoms around atom type   1
FMS for a cluster of  147 atoms around atom type   2
FMS for a cluster of  115 atoms around atom type   3
FMS for a cluster of  159 atoms around atom type   4
     point #  20  energy = -28.737
     point #  40  energy =  -9.284
     point #  60  energy =  -9.193
     point #  80  energy =  -5.956
     point # 100  energy =  -5.337
New Fermi level:    mu=  -5.331 eV  Charge distance=  0.9026 (partial c.d.=  9.9193)
negative density   1 -152.208 - usually harmless precision error, but check DOS if it persists
SCF ITERATION NUMBER  1
     point #   1  energy = -40.000
FMS for a cluster of  155 atoms around atom type   0
FMS for a cluster of  148 atoms around atom type   1
FMS for a cluster of  147 atoms around atom type   2
FMS for a cluster of  115 atoms around atom type   3
FMS for a cluster of  159 atoms around atom type   4
     point #  20  energy = -28.784
     point #  40  energy =  -8.390
     point #  60  energy =  -5.343
     point #  80  energy =  -7.359
     point # 100  energy = -11.850
     point # 120  energy = -12.559
New Fermi level:    mu= -12.554 eV  Charge distance=  0.4589 (partial c.d.=  5.0430)
negative density   1 -150.236 - usually harmless precision error, but check DOS if it persists
SCF ITERATION NUMBER  2
     point #   1  energy = -40.000
     point #  20  energy = -28.818
     point #  40  energy = -12.554
     point #  60  energy = -12.385
     point #  80  energy =  -7.951
     point # 100  energy =  -7.926
New Fermi level:    mu=  -7.927 eV  Charge distance=  0.3274 (partial c.d.=  3.1092)
negative density   1 -265.370 - usually harmless precision error, but check DOS if it persists
SCF ITERATION NUMBER  3
     point #   1  energy = -40.000
     point #  20  energy = -28.975
     point #  40  energy =  -8.929
     point #  60  energy =  -7.967
     point #  80  energy = -10.689
     point # 100  energy = -10.955
New Fermi level:    mu= -10.978 eV  Charge distance=  0.1753 (partial c.d.=  2.9309)
negative density   1 -286.935 - usually harmless precision error, but check DOS if it persists
SCF ITERATION NUMBER  4
     point #   1  energy = -40.000
     point #  20  energy = -28.992
     point #  40  energy = -10.978
     point #  60  energy = -11.043
New Fermi level:    mu= -11.081 eV  Charge distance=  0.1018 (partial c.d.=  2.8552)
negative density   1 -325.207 - usually harmless precision error, but check DOS if it persists
SCF ITERATION NUMBER  5
     point #   1  energy = -40.000
     point #  20  energy = -29.031
     point #  40  energy = -11.081
     point #  60  energy = -11.006
New Fermi level:    mu= -10.968 eV  Charge distance=  0.0280 (partial c.d.=  1.3872)
negative density   1 -347.306 - usually harmless precision error, but check DOS if it persists
SCF ITERATION NUMBER  6
     point #   1  energy = -40.000
     point #  20  energy = -28.988
     point #  40  energy = -10.968
     point #  60  energy = -10.843
New Fermi level:    mu= -10.750 eV  Charge distance=  0.0868 (partial c.d.=  0.2453)
negative density   1 -405.717 - usually harmless precision error, but check DOS if it persists
negative density   1  -12.919 - usually harmless precision error, but check DOS if it persists
SCF ITERATION NUMBER  7
     point #   1  energy = -40.000
     point #  20  energy = -28.905
     point #  40  energy = -10.750
     point #  60  energy = -10.625
New Fermi level:    mu= -10.574 eV  Charge distance=  0.1498 (partial c.d.=  1.4805)
negative density   1 -421.144 - usually harmless precision error, but check DOS if it persists
negative density   1  -18.880 - usually harmless precision error, but check DOS if it persists
SCF ITERATION NUMBER  8
     point #   1  energy = -40.000
     point #  20  energy = -28.838
     point #  40  energy = -10.574
New Fermi level:    mu= -10.629 eV  Charge distance=  0.0374 (partial c.d.=  2.0869)
negative density   1 -418.887 - usually harmless precision error, but check DOS if it persists
negative density   1  -18.642 - usually harmless precision error, but check DOS if it persists
SCF ITERATION NUMBER  9
     point #   1  energy = -40.000
     point #  20  energy = -28.859
     point #  40  energy = -10.629
     point #  60  energy = -10.695
New Fermi level:    mu= -10.733 eV  Charge distance=  0.0458 (partial c.d.=  0.2445)
negative density   1 -414.545 - usually harmless precision error, but check DOS if it persists
negative density   1  -18.069 - usually harmless precision error, but check DOS if it persists
SCF ITERATION NUMBER 10
     point #   1  energy = -40.000
     point #  20  energy = -28.899
     point #  40  energy = -10.733
     point #  60  energy = -10.658
New Fermi level:    mu= -10.608 eV  Charge distance=  0.0306 (partial c.d.=  0.8943)
negative density   1 -414.295 - usually harmless precision error, but check DOS if it persists
negative density   1  -17.864 - usually harmless precision error, but check DOS if it persists
SCF ITERATION NUMBER 11
     point #   1  energy = -40.000
     point #  20  energy = -28.851
     point #  40  energy = -10.608
New Fermi level:    mu= -10.650 eV  Charge distance=  0.0089 (partial c.d.=  0.7770)
negative density   1 -410.500 - usually harmless precision error, but check DOS if it persists
negative density   1  -16.970 - usually harmless precision error, but check DOS if it persists
SCF ITERATION NUMBER 12
     point #   1  energy = -40.000
     point #  20  energy = -28.867
     point #  40  energy = -10.650
New Fermi level:    mu= -10.630 eV  Charge distance=  0.0053 (partial c.d.=  0.1703)
negative density   1 -409.382 - usually harmless precision error, but check DOS if it persists
negative density   1  -16.765 - usually harmless precision error, but check DOS if it persists
SCF ITERATION NUMBER 13
     point #   1  energy = -40.000
     point #  20  energy = -28.860
     point #  40  energy = -10.630
New Fermi level:    mu= -10.615 eV  Charge distance=  0.0017 (partial c.d.=  0.1350)
negative density   1 -408.441 - usually harmless precision error, but check DOS if it persists
negative density   1  -16.562 - usually harmless precision error, but check DOS if it persists
SCF ITERATION NUMBER 14
     point #   1  energy = -40.000
     point #  20  energy = -28.854
     point #  40  energy = -10.615
New Fermi level:    mu= -10.615 eV  Charge distance=  0.0069 (partial c.d.=  0.0257)
negative density   1 -404.567 - usually harmless precision error, but check DOS if it persists
negative density   1  -15.835 - usually harmless precision error, but check DOS if it persists
SCF ITERATION NUMBER 15
     point #   1  energy = -40.000
     point #  20  energy = -28.854
     point #  40  energy = -10.615
New Fermi level:    mu= -10.610 eV  Charge distance=  0.0008 (partial c.d.=  0.0950)
negative density   1 -403.881 - usually harmless precision error, but check DOS if it persists
negative density   1  -15.728 - usually harmless precision error, but check DOS if it persists
SCF ITERATION NUMBER 16
     point #   1  energy = -40.000
     point #  20  energy = -28.852
     point #  40  energy = -10.610
New Fermi level:    mu= -10.614 eV  Charge distance=  0.0004 (partial c.d.=  0.0243)
negative density   1 -403.588 - usually harmless precision error, but check DOS if it persists
negative density   1  -15.700 - usually harmless precision error, but check DOS if it persists
SCF ITERATION NUMBER 17
     point #   1  energy = -40.000
     point #  20  energy = -28.854
     point #  40  energy = -10.614
New Fermi level:    mu= -10.613 eV  Charge distance=  0.0001 (partial c.d.=  0.0123)
negative density   1 -403.392 - usually harmless precision error, but check DOS if it persists
negative density   1  -15.680 - usually harmless precision error, but check DOS if it persists
SCF ITERATION NUMBER 18
     point #   1  energy = -40.000
     point #  20  energy = -28.853
     point #  40  energy = -10.613
New Fermi level:    mu= -10.613 eV  Charge distance=  0.0003 (partial c.d.=  0.0004)
negative density   1 -402.645 - usually harmless precision error, but check DOS if it persists
negative density   1  -15.580 - usually harmless precision error, but check DOS if it persists
SCF ITERATION NUMBER 19
     point #   1  energy = -40.000
     point #  20  energy = -28.853
     point #  40  energy = -10.613
New Fermi level:    mu= -10.613 eV  Charge distance=  0.0001 (partial c.d.=  0.0020)
negative density   1 -402.638 - usually harmless precision error, but check DOS if it persists
negative density   1  -15.576 - usually harmless precision error, but check DOS if it persists
SCF ITERATION NUMBER 20
     point #   1  energy = -40.000
     point #  20  energy = -28.853
     point #  40  energy = -10.613
New Fermi level:    mu= -10.613 eV  Charge distance=  0.0000 (partial c.d.=  0.0004)
negative density   1 -402.637 - usually harmless precision error, but check DOS if it persists
negative density   1  -15.576 - usually harmless precision error, but check DOS if it persists
SCF ITERATION NUMBER 21
     point #   1  energy = -40.000
     point #  20  energy = -28.853
     point #  40  energy = -10.613
New Fermi level:    mu= -10.613 eV  Charge distance=  0.0000 (partial c.d.=  0.0005)
negative density   1 -402.613 - usually harmless precision error, but check DOS if it persists
negative density   1  -15.573 - usually harmless precision error, but check DOS if it persists
SCF ITERATION NUMBER 22
     point #   1  energy = -40.000
     point #  20  energy = -28.853
     point #  40  energy = -10.613
New Fermi level:    mu= -10.613 eV  Charge distance=  0.0000 (partial c.d.=  0.0004)
negative density   1 -402.613 - usually harmless precision error, but check DOS if it persists
negative density   1  -15.573 - usually harmless precision error, but check DOS if it persists
SCF ITERATION NUMBER 23
     point #   1  energy = -40.000
     point #  20  energy = -28.853
     point #  40  energy = -10.613
New Fermi level:    mu= -10.613 eV  Charge distance=  0.0000 (partial c.d.=  0.0000)
Electronic configuration
  type     l     N_el
     0     0    0.433
     0     1    0.494
     0     2    9.377
     0     3    0.000
     1     0    0.202
     1     1    0.417
     1     2    0.000
     1     3    0.000
     2     0    0.498
     2     1    0.760
     2     2    6.777
     2     3    0.000
     3     0    0.438
     3     1    0.495
     3     2    9.373
     3     3    0.000
     4     0    1.836
     4     1    4.365
     4     2    0.061
     4     3    0.000
Charge transfer:  type  charge
       0   -0.695
       1   -0.382
       2    0.035
       3   -0.695
       4    0.261
Convergence reached in   23 iterations.
Done with module: potentials.

Calculating screened core-hole potential ...
FMS for a cluster of   27 atoms around iph =   0
    0% of energy integration
   20%
   40%
   60%
   80%
  100%
Preparing response function.
Computing (1 - K Chi0)^-1 v_ch
Done with module: screened core-hole potential.

Calculating cross-section and phases ...
    absorption cross section
 x0,dx,rnrm,inrm,jnrm   8.80000000000000       5.000000000000000E-002
   2.48005515999999              195         196
    phase shifts for unique potential    0
    phase shifts for unique potential    1
    phase shifts for unique potential    2
    phase shifts for unique potential    3
    phase shifts for unique potential    4
Done with module: cross-section and phases (XSPH).

FMS calculation of full Green's function ...
FEFF-serial using 1 thread.
Using   194 energy points.
xprep done
FMS for a cluster of  319 atoms
Energy point    1/ 194
Energy point   10/ 194
Energy point   20/ 194
Energy point   30/ 194
Energy point   40/ 194
Energy point   50/ 194
Energy point   60/ 194
Energy point   70/ 194
Energy point   80/ 194
Energy point   90/ 194
Energy point  100/ 194
Energy point  110/ 194
Energy point  120/ 194
Energy point  130/ 194
Energy point  140/ 194
Energy point  150/ 194
Energy point  160/ 194
Energy point  170/ 194
Energy point  180/ 194
Energy point  190/ 194
Done with module: FMS.

MKGTR: Tracing over Green's function ...
Done with module: MKGTR.

Pathfinder: finding scattering paths...
Preparing plane wave scattering amplitudes
Searching for paths
Eliminating path degeneracies
0 paths retained.
Done with module: pathfinder.

Calculating EXAFS parameters ...
Done with module: EXAFS parameters (GENFMT).

Calculating XAS spectra ...
Done with module: XAS spectra (FF2X: DW + final sum over paths).

 
### feff ends at Mon Aug 14 01:46:39 EDT 2023
 
