### feff starts at Mon Aug 14 08:15:28 EDT 2023
### Serial version
### FeffPath is /sdcc/u/mcarbone/software/JFEFF/hsw/feff90/linux
 
Launching FEFF version FEFF 9.9.1
Core hole lifetime is   1.729 eV.
Your calculation:
 comment: None given
 Source:
 Structure Summary:  Cu12 H16 Se4 O32
 Reduced formula:  Cu3H4SeO8
 space group: (P1), space number:  (1)
 abc:  7.740164   6.726102  15.015681
 angles: 91.360580  90.069685  87.287918
 sites: 64
Cu K edge XANES using RPA corehole.
Using:     * Self-Consistent Field potentials
Using cards:   ATOMS CONTROL EXCHANGE TITLE RPATH POTENTIALS XANES EDGE SCF FMS S02 COREHOLE EGRID

Calculating atomic potentials ...
    overlapped atomic potential and density for unique potential    0
    overlapped atomic potential and density for unique potential    1
    overlapped atomic potential and density for unique potential    2
    overlapped atomic potential and density for unique potential    3
    overlapped atomic potential and density for unique potential    4
Done with module: atomic potentials.

Calculating SCF potentials ...
FEFF-serial using 1 thread.
Muffin tin radii and interstitial parameters [bohr]:
type, norman radius, muffin tin, overlap factor
    0  1.32195E+00  1.17069E+00  1.15000E+00
    1  1.32098E+00  1.16865E+00  1.15000E+00
    2  7.48140E-01  5.90250E-01  1.15000E+00
    3  1.33341E+00  1.09414E+00  1.15000E+00
    4  1.10163E+00  9.67224E-01  1.15000E+00
Core-valence separation energy:  ecv=   -40.000 eV
Initial Fermi level:              mu=     3.754 eV
SCF ITERATION NUMBER  1
     point #   1  energy = -40.000
FMS for a cluster of  119 atoms around atom type   0
FMS for a cluster of  117 atoms around atom type   1
FMS for a cluster of  108 atoms around atom type   2
FMS for a cluster of  105 atoms around atom type   3
FMS for a cluster of  120 atoms around atom type   4
     point #  20  energy = -28.822
     point #  40  energy =  -8.572
     point #  60  energy =  -3.066
     point #  80  energy =  -3.191
New Fermi level:    mu=  -3.208 eV  Charge distance=  0.5374 (partial c.d.=  6.9899)
SCF ITERATION NUMBER  1
     point #   1  energy = -40.000
FMS for a cluster of  119 atoms around atom type   0
FMS for a cluster of  117 atoms around atom type   1
FMS for a cluster of  108 atoms around atom type   2
FMS for a cluster of  105 atoms around atom type   3
FMS for a cluster of  120 atoms around atom type   4
     point #  20  energy = -28.758
     point #  40  energy =  -8.318
     point #  60  energy =  -3.208
     point #  80  energy =  -5.033
     point # 100  energy =  -7.474
New Fermi level:    mu=  -7.799 eV  Charge distance=  0.2580 (partial c.d.=  3.0874)
SCF ITERATION NUMBER  1
     point #   1  energy = -40.000
FMS for a cluster of  119 atoms around atom type   0
FMS for a cluster of  117 atoms around atom type   1
FMS for a cluster of  108 atoms around atom type   2
FMS for a cluster of  105 atoms around atom type   3
FMS for a cluster of  120 atoms around atom type   4
     point #  20  energy = -28.931
     point #  40  energy =  -8.805
     point #  60  energy =  -7.758
     point #  80  energy =  -6.842
     point # 100  energy =  -7.189
New Fermi level:    mu=  -7.240 eV  Charge distance=  0.1801 (partial c.d.=  0.5535)
SCF ITERATION NUMBER  2
     point #   1  energy = -40.000
     point #  20  energy = -28.739
     point #  40  energy =  -8.263
     point #  60  energy =  -7.199
     point #  80  energy =  -6.827
New Fermi level:    mu=  -7.009 eV  Charge distance=  0.5061 (partial c.d.=  0.0969)
SCF ITERATION NUMBER  3
     point #   1  energy = -40.000
     point #  20  energy = -29.003
     point #  40  energy =  -9.008
     point #  60  energy =  -7.021
     point #  80  energy =  -7.306
New Fermi level:    mu=  -7.298 eV  Charge distance=  0.0630 (partial c.d.=  0.2117)
SCF ITERATION NUMBER  4
     point #   1  energy = -40.000
     point #  20  energy = -28.759
     point #  40  energy =  -8.320
     point #  60  energy =  -7.257
     point #  80  energy =  -6.966
New Fermi level:    mu=  -7.103 eV  Charge distance=  0.0654 (partial c.d.=  0.1639)
SCF ITERATION NUMBER  5
     point #   1  energy = -40.000
     point #  20  energy = -28.692
     point #  40  energy =  -8.131
     point #  60  energy =  -7.088
     point #  80  energy =  -7.244
New Fermi level:    mu=  -7.235 eV  Charge distance=  0.0188 (partial c.d.=  0.0827)
SCF ITERATION NUMBER  6
     point #   1  energy = -40.000
     point #  20  energy = -28.737
     point #  40  energy =  -8.259
New Fermi level:    mu=  -7.236 eV  Charge distance=  0.0209 (partial c.d.=  0.0277)
SCF ITERATION NUMBER  7
     point #   1  energy = -40.000
     point #  20  energy = -28.737
     point #  40  energy =  -8.260
New Fermi level:    mu=  -7.229 eV  Charge distance=  0.0036 (partial c.d.=  0.0287)
SCF ITERATION NUMBER  8
     point #   1  energy = -40.000
     point #  20  energy = -28.735
     point #  40  energy =  -8.254
New Fermi level:    mu=  -7.219 eV  Charge distance=  0.0026 (partial c.d.=  0.0372)
SCF ITERATION NUMBER  9
     point #   1  energy = -40.000
     point #  20  energy = -28.731
     point #  40  energy =  -8.243
New Fermi level:    mu=  -7.214 eV  Charge distance=  0.0010 (partial c.d.=  0.0185)
SCF ITERATION NUMBER 10
     point #   1  energy = -40.000
     point #  20  energy = -28.730
     point #  40  energy =  -8.239
New Fermi level:    mu=  -7.210 eV  Charge distance=  0.0015 (partial c.d.=  0.0020)
SCF ITERATION NUMBER 11
     point #   1  energy = -40.000
     point #  20  energy = -28.728
     point #  40  energy =  -8.235
New Fermi level:    mu=  -7.204 eV  Charge distance=  0.0001 (partial c.d.=  0.0033)
SCF ITERATION NUMBER 12
     point #   1  energy = -40.000
     point #  20  energy = -28.726
     point #  40  energy =  -8.229
New Fermi level:    mu=  -7.204 eV  Charge distance=  0.0002 (partial c.d.=  0.0001)
Electronic configuration
  type     l     N_el
     0     0    0.560
     0     1    0.667
     0     2    9.442
     0     3    0.000
     1     0    0.571
     1     1    0.669
     1     2    9.439
     1     3    0.000
     2     0    0.624
     2     1    0.250
     2     2    0.000
     2     3    0.000
     3     0    1.722
     3     1    2.649
     3     2    0.655
     3     3    0.000
     4     0    1.840
     4     1    4.358
     4     2    0.106
     4     3    0.000
Charge transfer:  type  charge
       0   -0.331
       1   -0.321
       2   -0.126
       3   -0.974
       4    0.305
Convergence reached in   12 iterations.
Done with module: potentials.

Calculating screened core-hole potential ...
FMS for a cluster of   21 atoms around iph =   0
    0% of energy integration
   20%
   40%
   60%
   80%
  100%
Preparing response function.
Computing (1 - K Chi0)^-1 v_ch
Done with module: screened core-hole potential.

Calculating cross-section and phases ...
    absorption cross section
 x0,dx,rnrm,inrm,jnrm   8.80000000000000       5.000000000000000E-002
   2.49812594600007              195         196
    phase shifts for unique potential    0
    phase shifts for unique potential    1
    phase shifts for unique potential    2
    phase shifts for unique potential    3
    phase shifts for unique potential    4
Done with module: cross-section and phases (XSPH).

FMS calculation of full Green's function ...
FEFF-serial using 1 thread.
Using   194 energy points.
xprep done
FMS for a cluster of  251 atoms
Energy point    1/ 194
Energy point   10/ 194
Energy point   20/ 194
Energy point   30/ 194
Energy point   40/ 194
Energy point   50/ 194
Energy point   60/ 194
Energy point   70/ 194
Energy point   80/ 194
Energy point   90/ 194
Energy point  100/ 194
Energy point  110/ 194
Energy point  120/ 194
Energy point  130/ 194
Energy point  140/ 194
Energy point  150/ 194
Energy point  160/ 194
Energy point  170/ 194
Energy point  180/ 194
Energy point  190/ 194
Done with module: FMS.

MKGTR: Tracing over Green's function ...
Done with module: MKGTR.

Pathfinder: finding scattering paths...
Preparing plane wave scattering amplitudes
Searching for paths
Eliminating path degeneracies
0 paths retained.
Done with module: pathfinder.

Calculating EXAFS parameters ...
Done with module: EXAFS parameters (GENFMT).

Calculating XAS spectra ...
Done with module: XAS spectra (FF2X: DW + final sum over paths).

 
### feff ends at Mon Aug 14 09:47:41 EDT 2023
 
