### feff starts at Sun Aug 13 13:50:07 EDT 2023
### Serial version
### FeffPath is /sdcc/u/mcarbone/software/JFEFF/hsw/feff90/linux
 
Launching FEFF version FEFF 9.9.1
Resetting lmaxsc to 2 for iph =    1.  Use  UNFREEZE to prevent this.
Resetting lmaxsc to 2 for iph =    2.  Use  UNFREEZE to prevent this.
Core hole lifetime is   1.729 eV.
Your calculation:
 comment: None given
 Source:
 Structure Summary:  Ba1 La4 Cu5 O12
 Reduced formula:  BaLa4Cu5O12
 space group: (P4/m), space number:  (83)
 abc:  8.723169   8.723169   3.884433
 angles: 90.000000  90.000000  90.000000
 sites: 22
Cu K edge XANES using RPA corehole.
Using:     * Self-Consistent Field potentials
Using cards:   ATOMS CONTROL EXCHANGE TITLE RPATH POTENTIALS XANES EDGE SCF FMS S02 COREHOLE EGRID

Calculating atomic potentials ...
    overlapped atomic potential and density for unique potential    0
    overlapped atomic potential and density for unique potential    1
    overlapped atomic potential and density for unique potential    2
    overlapped atomic potential and density for unique potential    3
    overlapped atomic potential and density for unique potential    4
Done with module: atomic potentials.

Calculating SCF potentials ...
FEFF-serial using 1 thread.
Muffin tin radii and interstitial parameters [bohr]:
type, norman radius, muffin tin, overlap factor
    0  1.27974E+00  1.18268E+00  1.15000E+00
    1  2.07104E+00  2.03232E+00  1.04652E+00
    2  1.84754E+00  1.77007E+00  1.11374E+00
    3  1.28362E+00  1.20157E+00  1.15000E+00
    4  1.10673E+00  1.05301E+00  1.13512E+00
Core-valence separation energy:  ecv=   -46.500 eV
Initial Fermi level:              mu=    -1.476 eV
SCF ITERATION NUMBER  1
     point #   1  energy = -46.500
FMS for a cluster of  123 atoms around atom type   0
FMS for a cluster of   70 atoms around atom type   1
FMS for a cluster of  104 atoms around atom type   2
FMS for a cluster of  101 atoms around atom type   3
FMS for a cluster of  107 atoms around atom type   4
     point #  20  energy = -35.276
     point #  40  energy = -15.026
     point #  60  energy =  -5.792
     point #  80  energy =  -5.445
New Fermi level:    mu=  -5.423 eV  Charge distance=  0.9649 (partial c.d.=  6.4285)
SCF ITERATION NUMBER  1
     point #   1  energy = -46.500
FMS for a cluster of  123 atoms around atom type   0
FMS for a cluster of   70 atoms around atom type   1
FMS for a cluster of  104 atoms around atom type   2
FMS for a cluster of  101 atoms around atom type   3
FMS for a cluster of  107 atoms around atom type   4
     point #  20  energy = -35.479
     point #  40  energy = -15.442
     point #  60  energy =  -5.423
     point #  80  energy =  -6.057
     point # 100  energy =  -9.854
     point # 120  energy = -10.176
New Fermi level:    mu= -10.190 eV  Charge distance=  0.2899 (partial c.d.=  5.0775)
SCF ITERATION NUMBER  1
     point #   1  energy = -46.500
FMS for a cluster of  123 atoms around atom type   0
FMS for a cluster of   70 atoms around atom type   1
FMS for a cluster of  104 atoms around atom type   2
FMS for a cluster of  101 atoms around atom type   3
FMS for a cluster of  107 atoms around atom type   4
     point #  20  energy = -35.405
     point #  40  energy = -15.233
     point #  60  energy = -10.190
     point #  80  energy =  -8.784
New Fermi level:    mu=  -8.946 eV  Charge distance=  0.1921 (partial c.d.=  0.3378)
SCF ITERATION NUMBER  2
     point #   1  energy = -46.500
     point #  20  energy = -35.335
     point #  40  energy = -15.035
     point #  60  energy =  -8.946
     point #  80  energy =  -7.955
New Fermi level:    mu=  -7.835 eV  Charge distance=  0.4037 (partial c.d.=  0.3055)
SCF ITERATION NUMBER  3
     point #   1  energy = -46.500
     point #  20  energy = -35.307
     point #  40  energy = -14.957
     point #  60  energy =  -7.835
New Fermi level:    mu=  -7.910 eV  Charge distance=  0.3336 (partial c.d.=  1.5421)
SCF ITERATION NUMBER  4
     point #   1  energy = -46.500
     point #  20  energy = -35.329
     point #  40  energy = -15.019
     point #  60  energy =  -7.910
New Fermi level:    mu=  -7.877 eV  Charge distance=  0.1534 (partial c.d.=  2.0760)
SCF ITERATION NUMBER  5
     point #   1  energy = -46.500
     point #  20  energy = -35.320
     point #  40  energy = -14.992
     point #  60  energy =  -7.877
New Fermi level:    mu=  -8.017 eV  Charge distance=  0.1268 (partial c.d.=  0.2683)
SCF ITERATION NUMBER  6
     point #   1  energy = -46.500
     point #  20  energy = -35.360
     point #  40  energy = -15.106
     point #  60  energy =  -8.017
New Fermi level:    mu=  -7.860 eV  Charge distance=  0.0573 (partial c.d.=  0.8179)
SCF ITERATION NUMBER  7
     point #   1  energy = -46.500
     point #  20  energy = -35.315
     point #  40  energy = -14.978
     point #  60  energy =  -7.860
New Fermi level:    mu=  -7.958 eV  Charge distance=  0.0182 (partial c.d.=  0.5542)
SCF ITERATION NUMBER  8
     point #   1  energy = -46.500
     point #  20  energy = -35.343
     point #  40  energy = -15.058
     point #  60  energy =  -7.958
New Fermi level:    mu=  -7.946 eV  Charge distance=  0.0120 (partial c.d.=  0.0877)
SCF ITERATION NUMBER  9
     point #   1  energy = -46.500
     point #  20  energy = -35.340
     point #  40  energy = -15.048
     point #  60  energy =  -7.946
New Fermi level:    mu=  -7.936 eV  Charge distance=  0.0064 (partial c.d.=  0.0313)
SCF ITERATION NUMBER 10
     point #   1  energy = -46.500
     point #  20  energy = -35.337
     point #  40  energy = -15.040
     point #  60  energy =  -7.936
New Fermi level:    mu=  -7.934 eV  Charge distance=  0.0085 (partial c.d.=  0.0023)
SCF ITERATION NUMBER 11
     point #   1  energy = -46.500
     point #  20  energy = -35.336
     point #  40  energy = -15.038
     point #  60  energy =  -7.934
New Fermi level:    mu=  -7.927 eV  Charge distance=  0.0013 (partial c.d.=  0.0116)
SCF ITERATION NUMBER 12
     point #   1  energy = -46.500
     point #  20  energy = -35.334
     point #  40  energy = -15.032
     point #  60  energy =  -7.927
New Fermi level:    mu=  -7.928 eV  Charge distance=  0.0002 (partial c.d.=  0.0004)
SCF ITERATION NUMBER 13
     point #   1  energy = -46.500
     point #  20  energy = -35.334
     point #  40  energy = -15.033
     point #  60  energy =  -7.928
New Fermi level:    mu=  -7.928 eV  Charge distance=  0.0002 (partial c.d.=  0.0003)
SCF ITERATION NUMBER 14
     point #   1  energy = -46.500
     point #  20  energy = -35.334
     point #  40  energy = -15.033
     point #  60  energy =  -7.928
New Fermi level:    mu=  -7.928 eV  Charge distance=  0.0001 (partial c.d.=  0.0001)
Electronic configuration
  type     l     N_el
     0     0    0.514
     0     1    0.680
     0     2    9.432
     0     3    0.000
     1     0    2.265
     1     1    6.320
     1     2    1.056
     1     3    0.000
     2     0    2.306
     2     1    6.405
     2     2    1.632
     2     3    0.000
     3     0    0.505
     3     1    0.620
     3     2    9.491
     3     3    0.000
     4     0    1.862
     4     1    4.468
     4     2    0.079
     4     3    0.000
Charge transfer:  type  charge
       0   -0.374
       1   -0.359
       2   -0.658
       3   -0.384
       4    0.409
Convergence reached in   14 iterations.
Done with module: potentials.

Calculating screened core-hole potential ...
FMS for a cluster of   19 atoms around iph =   0
    0% of energy integration
   20%
   40%
   60%
   80%
  100%
Preparing response function.
Computing (1 - K Chi0)^-1 v_ch
Done with module: screened core-hole potential.

Calculating cross-section and phases ...
    absorption cross section
 x0,dx,rnrm,inrm,jnrm   8.80000000000000       5.000000000000000E-002
   2.41834952599986              194         195
    phase shifts for unique potential    0
    phase shifts for unique potential    1
    phase shifts for unique potential    2
    phase shifts for unique potential    3
    phase shifts for unique potential    4
Done with module: cross-section and phases (XSPH).

FMS calculation of full Green's function ...
FEFF-serial using 1 thread.
Using   194 energy points.
xprep done
FMS for a cluster of  237 atoms
Energy point    1/ 194
Energy point   10/ 194
Energy point   20/ 194
Energy point   30/ 194
Energy point   40/ 194
Energy point   50/ 194
Energy point   60/ 194
Energy point   70/ 194
Energy point   80/ 194
Energy point   90/ 194
Energy point  100/ 194
Energy point  110/ 194
Energy point  120/ 194
Energy point  130/ 194
Energy point  140/ 194
Energy point  150/ 194
Energy point  160/ 194
Energy point  170/ 194
Energy point  180/ 194
Energy point  190/ 194
Done with module: FMS.

MKGTR: Tracing over Green's function ...
Done with module: MKGTR.

Pathfinder: finding scattering paths...
Preparing plane wave scattering amplitudes
Searching for paths
Eliminating path degeneracies
0 paths retained.
Done with module: pathfinder.

Calculating EXAFS parameters ...
Done with module: EXAFS parameters (GENFMT).

Calculating XAS spectra ...
Done with module: XAS spectra (FF2X: DW + final sum over paths).

 
### feff ends at Sun Aug 13 15:21:29 EDT 2023
 
