### feff starts at Sun Aug 13 14:32:15 EDT 2023
### Serial version
### FeffPath is /sdcc/u/mcarbone/software/JFEFF/hsw/feff90/linux
 
Launching FEFF version FEFF 9.9.1
Resetting lmaxsc to 2 for iph =    1.  Use  UNFREEZE to prevent this.
Core hole lifetime is   1.729 eV.
Your calculation:
 comment: None given
 Source:
 Structure Summary:  Cs2 Cu1 O2
 Reduced formula:  Cs2CuO2
 space group: (I4/mmm), space number:  (139)
 abc:  6.284573   6.284573   6.284573
 angles:134.884443 134.884443  65.709802
 sites: 5
Cu K edge XANES using RPA corehole.
Using:     * Self-Consistent Field potentials
Using cards:   ATOMS CONTROL EXCHANGE TITLE RPATH POTENTIALS XANES EDGE SCF FMS S02 COREHOLE EGRID

Calculating atomic potentials ...
    overlapped atomic potential and density for unique potential    0
    overlapped atomic potential and density for unique potential    1
    overlapped atomic potential and density for unique potential    2
    overlapped atomic potential and density for unique potential    3
Done with module: atomic potentials.

Calculating SCF potentials ...
FEFF-serial using 1 thread.
Muffin tin radii and interstitial parameters [bohr]:
type, norman radius, muffin tin, overlap factor
    0  1.57441E+00  1.50509E+00  1.12041E+00
    1  1.97424E+00  1.88518E+00  1.12388E+00
    2  1.57835E+00  1.50829E+00  1.12155E+00
    3  1.25115E+00  1.18711E+00  1.14399E+00
Core-valence separation energy:  ecv=   -40.000 eV
Initial Fermi level:              mu=    -4.031 eV
SCF ITERATION NUMBER  1
     point #   1  energy = -40.000
FMS for a cluster of   61 atoms around atom type   0
FMS for a cluster of   47 atoms around atom type   1
FMS for a cluster of   44 atoms around atom type   2
FMS for a cluster of   51 atoms around atom type   3
     point #  20  energy = -28.969
     point #  40  energy =  -8.719
     point #  60  energy =  -6.044
New Fermi level:    mu=  -5.875 eV  Charge distance=  0.7960 (partial c.d.=  6.0882)
SCF ITERATION NUMBER  1
     point #   1  energy = -40.000
FMS for a cluster of   61 atoms around atom type   0
FMS for a cluster of   47 atoms around atom type   1
FMS for a cluster of   44 atoms around atom type   2
FMS for a cluster of   51 atoms around atom type   3
     point #  20  energy = -28.959
     point #  40  energy =  -8.886
     point #  60  energy =  -5.887
     point #  80  energy =  -8.325
     point # 100  energy =  -9.421
New Fermi level:    mu=  -9.523 eV  Charge distance=  0.2945 (partial c.d.=  4.5380)
SCF ITERATION NUMBER  1
     point #   1  energy = -40.000
FMS for a cluster of   61 atoms around atom type   0
FMS for a cluster of   47 atoms around atom type   1
FMS for a cluster of   44 atoms around atom type   2
FMS for a cluster of   51 atoms around atom type   3
     point #  20  energy = -28.825
     point #  40  energy =  -9.523
     point #  60  energy =  -9.613
     point #  80  energy = -10.088
New Fermi level:    mu= -10.135 eV  Charge distance=  0.1146 (partial c.d.=  0.3521)
SCF ITERATION NUMBER  2
     point #   1  energy = -40.000
     point #  20  energy = -28.672
     point #  40  energy = -10.135
     point #  60  energy =  -9.994
     point #  80  energy =  -9.435
     point # 100  energy =  -9.719
New Fermi level:    mu=  -9.772 eV  Charge distance=  0.2126 (partial c.d.=  0.2857)
SCF ITERATION NUMBER  3
     point #   1  energy = -40.000
     point #  20  energy = -28.916
     point #  40  energy =  -9.772
     point #  60  energy =  -9.682
     point #  80  energy =  -8.403
     point # 100  energy =  -8.750
New Fermi level:    mu=  -8.783 eV  Charge distance=  0.0861 (partial c.d.=  0.2577)
SCF ITERATION NUMBER  4
     point #   1  energy = -40.000
     point #  20  energy = -28.923
     point #  40  energy =  -8.783
     point #  60  energy =  -8.823
New Fermi level:    mu=  -9.194 eV  Charge distance=  0.1316 (partial c.d.=  1.0911)
SCF ITERATION NUMBER  5
     point #   1  energy = -40.000
     point #  20  energy = -28.705
     point #  40  energy =  -9.194
     point #  60  energy =  -9.123
     point #  80  energy =  -9.279
New Fermi level:    mu=  -9.400 eV  Charge distance=  0.0292 (partial c.d.=  1.2257)
SCF ITERATION NUMBER  6
     point #   1  energy = -40.000
     point #  20  energy = -28.780
     point #  40  energy =  -9.400
     point #  60  energy =  -9.338
New Fermi level:    mu=  -9.312 eV  Charge distance=  0.0360 (partial c.d.=  0.0501)
SCF ITERATION NUMBER  7
     point #   1  energy = -40.000
     point #  20  energy = -28.748
     point #  40  energy =  -9.312
     point #  60  energy =  -9.375
New Fermi level:    mu=  -9.409 eV  Charge distance=  0.0388 (partial c.d.=  0.0911)
SCF ITERATION NUMBER  8
     point #   1  energy = -40.000
     point #  20  energy = -28.783
     point #  40  energy =  -9.409
     point #  60  energy =  -9.346
New Fermi level:    mu=  -9.322 eV  Charge distance=  0.0125 (partial c.d.=  0.2163)
SCF ITERATION NUMBER  9
     point #   1  energy = -40.000
     point #  20  energy = -28.751
     point #  40  energy =  -9.322
New Fermi level:    mu=  -9.367 eV  Charge distance=  0.0064 (partial c.d.=  0.1438)
SCF ITERATION NUMBER 10
     point #   1  energy = -40.000
     point #  20  energy = -28.768
     point #  40  energy =  -9.367
New Fermi level:    mu=  -9.373 eV  Charge distance=  0.0088 (partial c.d.=  0.0226)
SCF ITERATION NUMBER 11
     point #   1  energy = -40.000
     point #  20  energy = -28.770
     point #  40  energy =  -9.373
New Fermi level:    mu=  -9.366 eV  Charge distance=  0.0044 (partial c.d.=  0.0203)
SCF ITERATION NUMBER 12
     point #   1  energy = -40.000
     point #  20  energy = -28.767
     point #  40  energy =  -9.366
New Fermi level:    mu=  -9.369 eV  Charge distance=  0.0004 (partial c.d.=  0.0120)
SCF ITERATION NUMBER 13
     point #   1  energy = -40.000
     point #  20  energy = -28.769
     point #  40  energy =  -9.369
New Fermi level:    mu=  -9.369 eV  Charge distance=  0.0005 (partial c.d.=  0.0040)
SCF ITERATION NUMBER 14
     point #   1  energy = -40.000
     point #  20  energy = -28.768
     point #  40  energy =  -9.369
New Fermi level:    mu=  -9.368 eV  Charge distance=  0.0003 (partial c.d.=  0.0013)
SCF ITERATION NUMBER 15
     point #   1  energy = -40.000
     point #  20  energy = -28.768
     point #  40  energy =  -9.368
New Fermi level:    mu=  -9.368 eV  Charge distance=  0.0001 (partial c.d.=  0.0012)
SCF ITERATION NUMBER 16
     point #   1  energy = -40.000
     point #  20  energy = -28.768
     point #  40  energy =  -9.368
New Fermi level:    mu=  -9.368 eV  Charge distance=  0.0003 (partial c.d.=  0.0003)
SCF ITERATION NUMBER 17
     point #   1  energy = -40.000
     point #  20  energy = -28.768
     point #  40  energy =  -9.368
New Fermi level:    mu=  -9.368 eV  Charge distance=  0.0000 (partial c.d.=  0.0004)
SCF ITERATION NUMBER 18
     point #   1  energy = -40.000
     point #  20  energy = -28.768
     point #  40  energy =  -9.368
New Fermi level:    mu=  -9.368 eV  Charge distance=  0.0000 (partial c.d.=  0.0001)
Electronic configuration
  type     l     N_el
     0     0    0.586
     0     1    0.416
     0     2    9.736
     0     3    0.000
     1     0    2.121
     1     1    5.963
     1     2    0.477
     1     3    0.000
     2     0    0.579
     2     1    0.420
     2     2    9.737
     2     3    0.000
     3     0    1.938
     3     1    4.595
     3     2    0.040
     3     3    0.000
Charge transfer:  type  charge
       0   -0.261
       1   -0.439
       2   -0.265
       3    0.573
Convergence reached in   18 iterations.
Done with module: potentials.

Calculating screened core-hole potential ...
FMS for a cluster of   13 atoms around iph =   0
    0% of energy integration
   20%
   40%
   60%
   80%
  100%
Preparing response function.
Computing (1 - K Chi0)^-1 v_ch
Done with module: screened core-hole potential.

Calculating cross-section and phases ...
    absorption cross section
 x0,dx,rnrm,inrm,jnrm   8.80000000000000       5.000000000000000E-002
   2.97521025599999              198         199
    phase shifts for unique potential    0
    phase shifts for unique potential    1
    phase shifts for unique potential    2
    phase shifts for unique potential    3
Done with module: cross-section and phases (XSPH).

FMS calculation of full Green's function ...
FEFF-serial using 1 thread.
Using   194 energy points.
xprep done
FMS for a cluster of  113 atoms
Energy point    1/ 194
Energy point   10/ 194
Energy point   20/ 194
Energy point   30/ 194
Energy point   40/ 194
Energy point   50/ 194
Energy point   60/ 194
Energy point   70/ 194
Energy point   80/ 194
Energy point   90/ 194
Energy point  100/ 194
Energy point  110/ 194
Energy point  120/ 194
Energy point  130/ 194
Energy point  140/ 194
Energy point  150/ 194
Energy point  160/ 194
Energy point  170/ 194
Energy point  180/ 194
Energy point  190/ 194
Done with module: FMS.

MKGTR: Tracing over Green's function ...
Done with module: MKGTR.

Pathfinder: finding scattering paths...
Preparing plane wave scattering amplitudes
Searching for paths
Eliminating path degeneracies
0 paths retained.
Done with module: pathfinder.

Calculating EXAFS parameters ...
Done with module: EXAFS parameters (GENFMT).

Calculating XAS spectra ...
Done with module: XAS spectra (FF2X: DW + final sum over paths).

 
### feff ends at Sun Aug 13 14:44:40 EDT 2023
 
