### feff starts at Sun Aug 13 13:50:07 EDT 2023
### Serial version
### FeffPath is /sdcc/u/mcarbone/software/JFEFF/hsw/feff90/linux
 
Launching FEFF version FEFF 9.9.1
Core hole lifetime is   1.729 eV.
Your calculation:
 comment: None given
 Source:
 Structure Summary:  Y8 Cu8 Mo16 O64
 Reduced formula:  YCu(MoO4)2
 space group: (Pbca), space number:  (61)
 abc:  9.883248  10.302896  14.725612
 angles: 90.000000  90.000000  90.000000
 sites: 96
Cu K edge XANES using RPA corehole.
Using:     * Self-Consistent Field potentials
Using cards:   ATOMS CONTROL EXCHANGE TITLE RPATH POTENTIALS XANES EDGE SCF FMS S02 COREHOLE EGRID

Calculating atomic potentials ...
    overlapped atomic potential and density for unique potential    0
    overlapped atomic potential and density for unique potential    1
    overlapped atomic potential and density for unique potential    2
    overlapped atomic potential and density for unique potential    3
    overlapped atomic potential and density for unique potential    4
Done with module: atomic potentials.

Calculating SCF potentials ...
FEFF-serial using 1 thread.
Muffin tin radii and interstitial parameters [bohr]:
type, norman radius, muffin tin, overlap factor
    0  1.35421E+00  1.22935E+00  1.15000E+00
    1  1.72034E+00  1.64046E+00  1.12817E+00
    2  1.35488E+00  1.22965E+00  1.15000E+00
    3  1.35717E+00  1.15238E+00  1.15000E+00
    4  1.08673E+00  9.79652E-01  1.15000E+00
Core-valence separation energy:  ecv=   -54.500 eV
Initial Fermi level:              mu=     3.370 eV
SCF ITERATION NUMBER  1
     point #   1  energy = -54.500
FMS for a cluster of   89 atoms around atom type   0
FMS for a cluster of   86 atoms around atom type   1
FMS for a cluster of   66 atoms around atom type   2
FMS for a cluster of   90 atoms around atom type   3
FMS for a cluster of   85 atoms around atom type   4
     point #  20  energy = -43.045
     point #  40  energy = -22.795
     point #  60  energy =  -6.698
     point #  80  energy =  -4.786
New Fermi level:    mu=  -4.355 eV  Charge distance=  0.8938 (partial c.d.=  6.5855)
SCF ITERATION NUMBER  1
     point #   1  energy = -54.500
FMS for a cluster of   89 atoms around atom type   0
FMS for a cluster of   86 atoms around atom type   1
FMS for a cluster of   66 atoms around atom type   2
FMS for a cluster of   90 atoms around atom type   3
FMS for a cluster of   85 atoms around atom type   4
     point #  20  energy = -43.468
     point #  40  energy = -23.410
     point #  60  energy =  -4.355
     point #  80  energy =  -4.446
     point # 100  energy =  -6.249
     point # 120  energy =  -5.671
New Fermi level:    mu=  -5.590 eV  Charge distance=  0.3976 (partial c.d.=  5.1182)
SCF ITERATION NUMBER  1
     point #   1  energy = -54.500
FMS for a cluster of   89 atoms around atom type   0
FMS for a cluster of   86 atoms around atom type   1
FMS for a cluster of   66 atoms around atom type   2
FMS for a cluster of   90 atoms around atom type   3
FMS for a cluster of   85 atoms around atom type   4
     point #  20  energy = -43.291
     point #  40  energy = -22.912
     point #  60  energy =  -5.590
     point #  80  energy =  -5.780
     point # 100  energy =  -5.993
New Fermi level:    mu=  -6.003 eV  Charge distance=  0.1778 (partial c.d.=  0.9194)
SCF ITERATION NUMBER  2
     point #   1  energy = -54.500
     point #  20  energy = -43.386
     point #  40  energy = -23.179
     point #  60  energy =  -6.003
New Fermi level:    mu=  -5.940 eV  Charge distance=  0.1475 (partial c.d.=  0.4994)
SCF ITERATION NUMBER  3
     point #   1  energy = -54.500
     point #  20  energy = -43.372
     point #  40  energy = -23.138
     point #  60  energy =  -5.940
     point #  80  energy =  -5.862
New Fermi level:    mu=  -5.802 eV  Charge distance=  0.2105 (partial c.d.=  0.4726)
SCF ITERATION NUMBER  4
     point #   1  energy = -54.500
     point #  20  energy = -43.340
     point #  40  energy = -23.049
     point #  60  energy =  -5.802
     point #  80  energy =  -5.992
New Fermi level:    mu=  -6.063 eV  Charge distance=  0.0582 (partial c.d.=  0.5837)
SCF ITERATION NUMBER  5
     point #   1  energy = -54.500
     point #  20  energy = -43.400
     point #  40  energy = -23.218
     point #  60  energy =  -6.063
     point #  80  energy =  -5.975
New Fermi level:    mu=  -5.976 eV  Charge distance=  0.0122 (partial c.d.=  0.3181)
SCF ITERATION NUMBER  6
     point #   1  energy = -54.500
     point #  20  energy = -43.380
     point #  40  energy = -23.161
     point #  60  energy =  -5.976
New Fermi level:    mu=  -5.984 eV  Charge distance=  0.0034 (partial c.d.=  0.0831)
SCF ITERATION NUMBER  7
     point #   1  energy = -54.500
     point #  20  energy = -43.382
     point #  40  energy = -23.166
     point #  60  energy =  -5.984
New Fermi level:    mu=  -5.982 eV  Charge distance=  0.0076 (partial c.d.=  0.0125)
SCF ITERATION NUMBER  8
     point #   1  energy = -54.500
     point #  20  energy = -43.381
     point #  40  energy = -23.165
     point #  60  energy =  -5.982
New Fermi level:    mu=  -5.977 eV  Charge distance=  0.0077 (partial c.d.=  0.0081)
SCF ITERATION NUMBER  9
     point #   1  energy = -54.500
     point #  20  energy = -43.380
     point #  40  energy = -23.162
     point #  60  energy =  -5.977
New Fermi level:    mu=  -5.973 eV  Charge distance=  0.0007 (partial c.d.=  0.0024)
SCF ITERATION NUMBER 10
     point #   1  energy = -54.500
     point #  20  energy = -43.379
     point #  40  energy = -23.159
     point #  60  energy =  -5.973
New Fermi level:    mu=  -5.973 eV  Charge distance=  0.0004 (partial c.d.=  0.0022)
SCF ITERATION NUMBER 11
     point #   1  energy = -54.500
     point #  20  energy = -43.379
     point #  40  energy = -23.159
     point #  60  energy =  -5.973
New Fermi level:    mu=  -5.973 eV  Charge distance=  0.0003 (partial c.d.=  0.0010)
SCF ITERATION NUMBER 12
     point #   1  energy = -54.500
     point #  20  energy = -43.379
     point #  40  energy = -23.160
     point #  60  energy =  -5.973
New Fermi level:    mu=  -5.973 eV  Charge distance=  0.0001 (partial c.d.=  0.0005)
SCF ITERATION NUMBER 13
     point #   1  energy = -54.500
     point #  20  energy = -43.379
     point #  40  energy = -23.160
     point #  60  energy =  -5.973
New Fermi level:    mu=  -5.973 eV  Charge distance=  0.0000 (partial c.d.=  0.0002)
Electronic configuration
  type     l     N_el
     0     0    0.595
     0     1    0.708
     0     2    9.523
     0     3    0.000
     1     0    2.377
     1     1    6.590
     1     2    1.723
     1     3    0.000
     2     0    0.592
     2     1    0.699
     2     2    9.524
     2     3    0.000
     3     0    0.446
     3     1    6.551
     3     2    3.979
     3     3    0.000
     4     0    1.862
     4     1    4.354
     4     2    0.103
     4     3    0.000
Charge transfer:  type  charge
       0   -0.175
       1   -0.311
       2   -0.185
       3   -1.024
       4    0.318
Convergence reached in   13 iterations.
Done with module: potentials.

Calculating screened core-hole potential ...
FMS for a cluster of   17 atoms around iph =   0
    0% of energy integration
   20%
   40%
   60%
   80%
  100%
Preparing response function.
Computing (1 - K Chi0)^-1 v_ch
Done with module: screened core-hole potential.

Calculating cross-section and phases ...
    absorption cross section
 x0,dx,rnrm,inrm,jnrm   8.80000000000000       5.000000000000000E-002
   2.55908216500002              195         196
    phase shifts for unique potential    0
    phase shifts for unique potential    1
    phase shifts for unique potential    2
    phase shifts for unique potential    3
    phase shifts for unique potential    4
Done with module: cross-section and phases (XSPH).

FMS calculation of full Green's function ...
FEFF-serial using 1 thread.
Using   194 energy points.
xprep done
FMS for a cluster of  193 atoms
Energy point    1/ 194
Energy point   10/ 194
Energy point   20/ 194
Energy point   30/ 194
Energy point   40/ 194
Energy point   50/ 194
Energy point   60/ 194
Energy point   70/ 194
Energy point   80/ 194
Energy point   90/ 194
Energy point  100/ 194
Energy point  110/ 194
Energy point  120/ 194
Energy point  130/ 194
Energy point  140/ 194
Energy point  150/ 194
Energy point  160/ 194
Energy point  170/ 194
Energy point  180/ 194
Energy point  190/ 194
Done with module: FMS.

MKGTR: Tracing over Green's function ...
Done with module: MKGTR.

Pathfinder: finding scattering paths...
Preparing plane wave scattering amplitudes
Searching for paths
Eliminating path degeneracies
0 paths retained.
Done with module: pathfinder.

Calculating EXAFS parameters ...
Done with module: EXAFS parameters (GENFMT).

Calculating XAS spectra ...
Done with module: XAS spectra (FF2X: DW + final sum over paths).

 
### feff ends at Sun Aug 13 14:52:17 EDT 2023
 
