### feff starts at Sun Aug 13 09:26:08 EDT 2023
### Serial version
### FeffPath is /sdcc/u/mcarbone/software/JFEFF/hsw/feff90/linux
 
Launching FEFF version FEFF 9.9.1
Core hole lifetime is   1.729 eV.
Your calculation:
 comment: None given
 Source:
 Structure Summary:  Na28 Cu16 As20 O80
 Reduced formula:  Na7Cu4(AsO4)5
 space group: (C2/c), space number:  (15)
 abc:  7.945269   8.754698  30.688777
 angles: 88.790516  87.333834  63.014066
 sites: 144
Cu K edge XANES using RPA corehole.
Using:     * Self-Consistent Field potentials
Using cards:   ATOMS CONTROL EXCHANGE TITLE RPATH POTENTIALS XANES EDGE SCF FMS S02 COREHOLE EGRID

Calculating atomic potentials ...
    overlapped atomic potential and density for unique potential    0
    overlapped atomic potential and density for unique potential    1
    overlapped atomic potential and density for unique potential    2
    overlapped atomic potential and density for unique potential    3
    overlapped atomic potential and density for unique potential    4
Done with module: atomic potentials.

Calculating SCF potentials ...
FEFF-serial using 1 thread.
Muffin tin radii and interstitial parameters [bohr]:
type, norman radius, muffin tin, overlap factor
    0  1.35004E+00  1.26437E+00  1.15000E+00
    1  1.56263E+00  1.51024E+00  1.08807E+00
    2  1.34878E+00  1.27937E+00  1.14495E+00
    3  1.28800E+00  1.08683E+00  1.15000E+00
    4  1.07428E+00  9.56645E-01  1.15000E+00
Core-valence separation energy:  ecv=   -34.000 eV
Initial Fermi level:              mu=     3.816 eV
SCF ITERATION NUMBER  1
     point #   1  energy = -34.000
FMS for a cluster of  111 atoms around atom type   0
FMS for a cluster of  103 atoms around atom type   1
FMS for a cluster of  100 atoms around atom type   2
FMS for a cluster of  106 atoms around atom type   3
FMS for a cluster of  104 atoms around atom type   4
     point #  20  energy = -22.786
     point #  40  energy =  -6.689
     point #  60  energy =  -4.442
New Fermi level:    mu=  -4.057 eV  Charge distance=  0.7902 (partial c.d.=  6.4950)
SCF ITERATION NUMBER  1
     point #   1  energy = -34.000
FMS for a cluster of  111 atoms around atom type   0
FMS for a cluster of  103 atoms around atom type   1
FMS for a cluster of  100 atoms around atom type   2
FMS for a cluster of  106 atoms around atom type   3
FMS for a cluster of  104 atoms around atom type   4
     point #  20  energy = -23.021
     point #  40  energy =  -4.057
     point #  60  energy =  -4.148
     point #  80  energy =  -7.476
     point # 100  energy =  -7.023
     point # 120  energy =  -6.673
New Fermi level:    mu=  -6.553 eV  Charge distance=  0.2478 (partial c.d.=  4.2342)
SCF ITERATION NUMBER  1
     point #   1  energy = -34.000
FMS for a cluster of  111 atoms around atom type   0
FMS for a cluster of  103 atoms around atom type   1
FMS for a cluster of  100 atoms around atom type   2
FMS for a cluster of  106 atoms around atom type   3
FMS for a cluster of  104 atoms around atom type   4
     point #  20  energy = -22.818
     point #  40  energy =  -6.553
     point #  60  energy =  -6.559
New Fermi level:    mu=  -6.394 eV  Charge distance=  0.1401 (partial c.d.=  0.2439)
SCF ITERATION NUMBER  2
     point #   1  energy = -34.000
     point #  20  energy = -22.753
     point #  40  energy =  -6.394
     point #  60  energy =  -6.213
New Fermi level:    mu=  -6.055 eV  Charge distance=  0.2304 (partial c.d.=  0.2833)
SCF ITERATION NUMBER  3
     point #   1  energy = -34.000
     point #  20  energy = -23.022
     point #  40  energy =  -6.055
     point #  60  energy =  -5.902
New Fermi level:    mu=  -5.834 eV  Charge distance=  0.1597 (partial c.d.=  0.1394)
SCF ITERATION NUMBER  4
     point #   1  energy = -34.000
     point #  20  energy = -22.935
     point #  40  energy =  -5.834
     point #  60  energy =  -5.987
New Fermi level:    mu=  -6.042 eV  Charge distance=  0.0474 (partial c.d.=  0.1263)
SCF ITERATION NUMBER  5
     point #   1  energy = -34.000
     point #  20  energy = -23.017
     point #  40  energy =  -6.042
New Fermi level:    mu=  -6.000 eV  Charge distance=  0.0256 (partial c.d.=  0.0717)
SCF ITERATION NUMBER  6
     point #   1  energy = -34.000
     point #  20  energy = -23.000
     point #  40  energy =  -6.000
New Fermi level:    mu=  -6.035 eV  Charge distance=  0.0073 (partial c.d.=  0.0239)
SCF ITERATION NUMBER  7
     point #   1  energy = -34.000
     point #  20  energy = -23.014
     point #  40  energy =  -6.035
New Fermi level:    mu=  -6.037 eV  Charge distance=  0.0143 (partial c.d.=  0.0045)
SCF ITERATION NUMBER  8
     point #   1  energy = -34.000
     point #  20  energy = -23.015
     point #  40  energy =  -6.037
New Fermi level:    mu=  -6.033 eV  Charge distance=  0.0020 (partial c.d.=  0.0068)
SCF ITERATION NUMBER  9
     point #   1  energy = -34.000
     point #  20  energy = -23.013
     point #  40  energy =  -6.033
New Fermi level:    mu=  -6.027 eV  Charge distance=  0.0015 (partial c.d.=  0.0011)
SCF ITERATION NUMBER 10
     point #   1  energy = -34.000
     point #  20  energy = -23.011
     point #  40  energy =  -6.027
New Fermi level:    mu=  -6.022 eV  Charge distance=  0.0001 (partial c.d.=  0.0004)
SCF ITERATION NUMBER 11
     point #   1  energy = -34.000
     point #  20  energy = -23.009
     point #  40  energy =  -6.022
New Fermi level:    mu=  -6.022 eV  Charge distance=  0.0001 (partial c.d.=  0.0004)
SCF ITERATION NUMBER 12
     point #   1  energy = -34.000
     point #  20  energy = -23.009
     point #  40  energy =  -6.022
New Fermi level:    mu=  -6.022 eV  Charge distance=  0.0001 (partial c.d.=  0.0002)
Electronic configuration
  type     l     N_el
     0     0    0.499
     0     1    0.593
     0     2    9.624
     0     3    0.000
     1     0    0.305
     1     1    6.391
     1     2    0.283
     1     3    0.000
     2     0    0.476
     2     1    0.592
     2     2    9.655
     2     3    0.000
     3     0    1.368
     3     1    2.000
     3     2    0.756
     3     3    0.000
     4     0    1.837
     4     1    4.382
     4     2    0.063
     4     3    0.000
Charge transfer:  type  charge
       0   -0.284
       1   -0.021
       2   -0.277
       3   -0.876
       4    0.282
Convergence reached in   12 iterations.
Done with module: potentials.

Calculating screened core-hole potential ...
FMS for a cluster of   23 atoms around iph =   0
    0% of energy integration
   20%
   40%
   60%
   80%
  100%
Preparing response function.
Computing (1 - K Chi0)^-1 v_ch
Done with module: screened core-hole potential.

Calculating cross-section and phases ...
    absorption cross section
 x0,dx,rnrm,inrm,jnrm   8.80000000000000       5.000000000000000E-002
   2.55121499999979              195         196
    phase shifts for unique potential    0
    phase shifts for unique potential    1
    phase shifts for unique potential    2
    phase shifts for unique potential    3
    phase shifts for unique potential    4
Done with module: cross-section and phases (XSPH).

FMS calculation of full Green's function ...
FEFF-serial using 1 thread.
Using   194 energy points.
xprep done
FMS for a cluster of  240 atoms
Energy point    1/ 194
Energy point   10/ 194
Energy point   20/ 194
Energy point   30/ 194
Energy point   40/ 194
Energy point   50/ 194
Energy point   60/ 194
Energy point   70/ 194
Energy point   80/ 194
Energy point   90/ 194
Energy point  100/ 194
Energy point  110/ 194
Energy point  120/ 194
Energy point  130/ 194
Energy point  140/ 194
Energy point  150/ 194
Energy point  160/ 194
Energy point  170/ 194
Energy point  180/ 194
Energy point  190/ 194
Done with module: FMS.

MKGTR: Tracing over Green's function ...
Done with module: MKGTR.

Pathfinder: finding scattering paths...
Preparing plane wave scattering amplitudes
Searching for paths
Eliminating path degeneracies
0 paths retained.
Done with module: pathfinder.

Calculating EXAFS parameters ...
Done with module: EXAFS parameters (GENFMT).

Calculating XAS spectra ...
Done with module: XAS spectra (FF2X: DW + final sum over paths).

 
### feff ends at Sun Aug 13 10:57:45 EDT 2023
 
