### feff starts at Mon Aug 14 07:02:11 EDT 2023
### Serial version
### FeffPath is /sdcc/u/mcarbone/software/JFEFF/hsw/feff90/linux
 
Launching FEFF version FEFF 9.9.1
Core hole lifetime is   1.729 eV.
Your calculation:
 comment: None given
 Source:
 Structure Summary:  Na5 Cu7 O13
 Reduced formula:  Na5Cu7O13
 space group: (P1), space number:  (1)
 abc:  6.812871   6.867508   7.609018
 angles: 98.488968  99.747514 103.824310
 sites: 25
Cu K edge XANES using RPA corehole.
Using:     * Self-Consistent Field potentials
Using cards:   ATOMS CONTROL EXCHANGE TITLE RPATH POTENTIALS XANES EDGE SCF FMS S02 COREHOLE EGRID

Calculating atomic potentials ...
    overlapped atomic potential and density for unique potential    0
    overlapped atomic potential and density for unique potential    1
    overlapped atomic potential and density for unique potential    2
    overlapped atomic potential and density for unique potential    3
Done with module: atomic potentials.

Calculating SCF potentials ...
FEFF-serial using 1 thread.
Muffin tin radii and interstitial parameters [bohr]:
type, norman radius, muffin tin, overlap factor
    0  1.29016E+00  1.13844E+00  1.15000E+00
    1  1.59579E+00  1.53870E+00  1.09478E+00
    2  1.25370E+00  1.13081E+00  1.15000E+00
    3  1.09590E+00  9.82891E-01  1.15000E+00
Core-valence separation energy:  ecv=   -40.000 eV
Initial Fermi level:              mu=     1.698 eV
SCF ITERATION NUMBER  1
     point #   1  energy = -40.000
FMS for a cluster of  119 atoms around atom type   0
FMS for a cluster of  102 atoms around atom type   1
FMS for a cluster of  114 atoms around atom type   2
FMS for a cluster of  119 atoms around atom type   3
     point #  20  energy = -28.826
     point #  40  energy =  -8.576
     point #  60  energy =  -3.551
     point #  80  energy =  -3.229
New Fermi level:    mu=  -3.276 eV  Charge distance=  0.5055 (partial c.d.=  7.6204)
SCF ITERATION NUMBER  1
     point #   1  energy = -40.000
FMS for a cluster of  119 atoms around atom type   0
FMS for a cluster of  102 atoms around atom type   1
FMS for a cluster of  114 atoms around atom type   2
FMS for a cluster of  119 atoms around atom type   3
     point #  20  energy = -28.779
     point #  40  energy =  -8.377
     point #  60  energy =  -3.276
     point #  80  energy =  -4.854
     point # 100  energy =  -8.470
New Fermi level:    mu=  -8.690 eV  Charge distance=  0.0845 (partial c.d.=  2.3692)
SCF ITERATION NUMBER  1
     point #   1  energy = -40.000
FMS for a cluster of  119 atoms around atom type   0
FMS for a cluster of  102 atoms around atom type   1
FMS for a cluster of  114 atoms around atom type   2
FMS for a cluster of  119 atoms around atom type   3
     point #  20  energy = -28.890
     point #  40  energy =  -8.690
     point #  60  energy =  -8.650
     point #  80  energy =  -7.603
New Fermi level:    mu=  -7.619 eV  Charge distance=  0.0413 (partial c.d.=  0.5078)
SCF ITERATION NUMBER  2
     point #   1  energy = -40.000
     point #  20  energy = -28.869
     point #  40  energy =  -8.631
New Fermi level:    mu=  -7.643 eV  Charge distance=  0.1096 (partial c.d.=  0.1941)
SCF ITERATION NUMBER  3
     point #   1  energy = -40.000
     point #  20  energy = -28.877
     point #  40  energy =  -8.654
     point #  60  energy =  -7.605
New Fermi level:    mu=  -7.598 eV  Charge distance=  0.2186 (partial c.d.=  1.3970)
SCF ITERATION NUMBER  4
     point #   1  energy = -40.000
     point #  20  energy = -28.862
     point #  40  energy =  -8.611
     point #  60  energy =  -7.561
New Fermi level:    mu=  -7.536 eV  Charge distance=  0.0673 (partial c.d.=  1.8205)
SCF ITERATION NUMBER  5
     point #   1  energy = -40.000
     point #  20  energy = -28.840
     point #  40  energy =  -8.550
     point #  60  energy =  -7.573
New Fermi level:    mu=  -7.672 eV  Charge distance=  0.0504 (partial c.d.=  0.2284)
SCF ITERATION NUMBER  6
     point #   1  energy = -40.000
     point #  20  energy = -28.887
     point #  40  energy =  -8.682
     point #  60  energy =  -7.709
New Fermi level:    mu=  -7.712 eV  Charge distance=  0.0037 (partial c.d.=  0.2854)
SCF ITERATION NUMBER  7
     point #   1  energy = -40.000
     point #  20  energy = -28.901
     point #  40  energy =  -8.721
New Fermi level:    mu=  -7.728 eV  Charge distance=  0.0067 (partial c.d.=  0.0321)
SCF ITERATION NUMBER  8
     point #   1  energy = -40.000
     point #  20  energy = -28.907
     point #  40  energy =  -8.737
New Fermi level:    mu=  -7.731 eV  Charge distance=  0.0167 (partial c.d.=  0.0042)
SCF ITERATION NUMBER  9
     point #   1  energy = -40.000
     point #  20  energy = -28.907
     point #  40  energy =  -8.739
New Fermi level:    mu=  -7.730 eV  Charge distance=  0.0007 (partial c.d.=  0.0291)
SCF ITERATION NUMBER 10
     point #   1  energy = -40.000
     point #  20  energy = -28.907
     point #  40  energy =  -8.738
New Fermi level:    mu=  -7.725 eV  Charge distance=  0.0003 (partial c.d.=  0.0131)
SCF ITERATION NUMBER 11
     point #   1  energy = -40.000
     point #  20  energy = -28.906
     point #  40  energy =  -8.734
New Fermi level:    mu=  -7.724 eV  Charge distance=  0.0002 (partial c.d.=  0.0041)
SCF ITERATION NUMBER 12
     point #   1  energy = -40.000
     point #  20  energy = -28.905
     point #  40  energy =  -8.732
New Fermi level:    mu=  -7.722 eV  Charge distance=  0.0002 (partial c.d.=  0.0005)
SCF ITERATION NUMBER 13
     point #   1  energy = -40.000
     point #  20  energy = -28.904
     point #  40  energy =  -8.731
New Fermi level:    mu=  -7.720 eV  Charge distance=  0.0000 (partial c.d.=  0.0003)
SCF ITERATION NUMBER 14
     point #   1  energy = -40.000
     point #  20  energy = -28.904
     point #  40  energy =  -8.729
New Fermi level:    mu=  -7.720 eV  Charge distance=  0.0001 (partial c.d.=  0.0000)
Electronic configuration
  type     l     N_el
     0     0    0.581
     0     1    0.664
     0     2    9.363
     0     3    0.000
     1     0    0.268
     1     1    6.368
     1     2    0.271
     1     3    0.000
     2     0    0.546
     2     1    0.668
     2     2    9.229
     2     3    0.000
     3     0    1.838
     3     1    4.408
     3     2    0.090
     3     3    0.000
Charge transfer:  type  charge
       0   -0.392
       1   -0.094
       2   -0.557
       3    0.337
Convergence reached in   14 iterations.
Done with module: potentials.

Calculating screened core-hole potential ...
FMS for a cluster of   19 atoms around iph =   0
    0% of energy integration
   20%
   40%
   60%
   80%
  100%
Preparing response function.
Computing (1 - K Chi0)^-1 v_ch
Done with module: screened core-hole potential.

Calculating cross-section and phases ...
    absorption cross section
 x0,dx,rnrm,inrm,jnrm   8.80000000000000       5.000000000000000E-002
   2.43805112299996              194         195
    phase shifts for unique potential    0
    phase shifts for unique potential    1
    phase shifts for unique potential    2
    phase shifts for unique potential    3
Done with module: cross-section and phases (XSPH).

FMS calculation of full Green's function ...
FEFF-serial using 1 thread.
Using   194 energy points.
xprep done
FMS for a cluster of  233 atoms
Energy point    1/ 194
Energy point   10/ 194
Energy point   20/ 194
Energy point   30/ 194
Energy point   40/ 194
Energy point   50/ 194
Energy point   60/ 194
Energy point   70/ 194
Energy point   80/ 194
Energy point   90/ 194
Energy point  100/ 194
Energy point  110/ 194
Energy point  120/ 194
Energy point  130/ 194
Energy point  140/ 194
Energy point  150/ 194
Energy point  160/ 194
Energy point  170/ 194
Energy point  180/ 194
Energy point  190/ 194
Done with module: FMS.

MKGTR: Tracing over Green's function ...
Done with module: MKGTR.

Pathfinder: finding scattering paths...
Preparing plane wave scattering amplitudes
Searching for paths
Eliminating path degeneracies
0 paths retained.
Done with module: pathfinder.

Calculating EXAFS parameters ...
Done with module: EXAFS parameters (GENFMT).

Calculating XAS spectra ...
Done with module: XAS spectra (FF2X: DW + final sum over paths).

 
### feff ends at Mon Aug 14 08:36:11 EDT 2023
 
