### feff starts at Mon Aug 14 01:35:03 EDT 2023
### Serial version
### FeffPath is /sdcc/u/mcarbone/software/JFEFF/hsw/feff90/linux
 
Launching FEFF version FEFF 9.9.1
Core hole lifetime is   1.729 eV.
Your calculation:
 comment: None given
 Source:
 Structure Summary:  Cu8 Se4 O16
 Reduced formula:  Cu2SeO4
 space group: (P2_1/c), space number:  (14)
 abc:  6.028487   7.121056  10.913420
 angles: 51.437308  90.000000  90.000000
 sites: 28
Cu K edge XANES using RPA corehole.
Using:     * Self-Consistent Field potentials
Using cards:   ATOMS CONTROL EXCHANGE TITLE RPATH POTENTIALS XANES EDGE SCF FMS S02 COREHOLE EGRID

Calculating atomic potentials ...
    overlapped atomic potential and density for unique potential    0
    overlapped atomic potential and density for unique potential    1
    overlapped atomic potential and density for unique potential    2
    overlapped atomic potential and density for unique potential    3
Done with module: atomic potentials.

Calculating SCF potentials ...
FEFF-serial using 1 thread.
Muffin tin radii and interstitial parameters [bohr]:
type, norman radius, muffin tin, overlap factor
    0  1.35719E+00  1.28438E+00  1.15000E+00
    1  1.35719E+00  1.28438E+00  1.15000E+00
    2  1.33332E+00  1.11046E+00  1.15000E+00
    3  1.07241E+00  9.58938E-01  1.15000E+00
Core-valence separation energy:  ecv=   -40.000 eV
Initial Fermi level:              mu=     4.980 eV
SCF ITERATION NUMBER  1
     point #   1  energy = -40.000
FMS for a cluster of  109 atoms around atom type   0
FMS for a cluster of  101 atoms around atom type   1
FMS for a cluster of  104 atoms around atom type   2
FMS for a cluster of  113 atoms around atom type   3
     point #  20  energy = -28.784
     point #  40  energy =  -8.534
     point #  60  energy =  -2.119
     point #  80  energy =  -2.694
New Fermi level:    mu=  -2.723 eV  Charge distance=  0.3737 (partial c.d.=  7.9707)
SCF ITERATION NUMBER  1
     point #   1  energy = -40.000
FMS for a cluster of  109 atoms around atom type   0
FMS for a cluster of  101 atoms around atom type   1
FMS for a cluster of  104 atoms around atom type   2
FMS for a cluster of  113 atoms around atom type   3
     point #  20  energy = -28.918
     point #  40  energy =  -8.768
     point #  60  energy =  -2.723
     point #  80  energy =  -4.358
     point # 100  energy =  -5.833
New Fermi level:    mu=  -5.859 eV  Charge distance=  0.2255 (partial c.d.=  2.1084)
SCF ITERATION NUMBER  1
     point #   1  energy = -40.000
FMS for a cluster of  109 atoms around atom type   0
FMS for a cluster of  101 atoms around atom type   1
FMS for a cluster of  104 atoms around atom type   2
FMS for a cluster of  113 atoms around atom type   3
     point #  20  energy = -28.954
     point #  40  energy =  -8.871
     point #  60  energy =  -5.846
     point #  80  energy =  -5.115
New Fermi level:    mu=  -5.277 eV  Charge distance=  0.1361 (partial c.d.=  0.2857)
SCF ITERATION NUMBER  2
     point #   1  energy = -40.000
     point #  20  energy = -28.766
     point #  40  energy =  -8.341
     point #  60  energy =  -5.265
     point #  80  energy =  -5.043
New Fermi level:    mu=  -5.097 eV  Charge distance=  0.3277 (partial c.d.=  0.0879)
SCF ITERATION NUMBER  3
     point #   1  energy = -40.000
     point #  20  energy = -28.708
     point #  40  energy =  -8.176
     point #  60  energy =  -5.109
New Fermi level:    mu=  -5.227 eV  Charge distance=  0.0831 (partial c.d.=  0.1069)
SCF ITERATION NUMBER  4
     point #   1  energy = -40.000
     point #  20  energy = -28.750
     point #  40  energy =  -8.295
     point #  60  energy =  -5.240
New Fermi level:    mu=  -5.251 eV  Charge distance=  0.0287 (partial c.d.=  0.0347)
SCF ITERATION NUMBER  5
     point #   1  energy = -40.000
     point #  20  energy = -28.758
     point #  40  energy =  -8.317
     point #  60  energy =  -5.263
New Fermi level:    mu=  -5.274 eV  Charge distance=  0.0112 (partial c.d.=  0.0269)
SCF ITERATION NUMBER  6
     point #   1  energy = -40.000
     point #  20  energy = -28.765
     point #  40  energy =  -8.338
     point #  60  energy =  -5.262
New Fermi level:    mu=  -5.274 eV  Charge distance=  0.0077 (partial c.d.=  0.0136)
SCF ITERATION NUMBER  7
     point #   1  energy = -40.000
     point #  20  energy = -28.765
     point #  40  energy =  -8.338
     point #  60  energy =  -5.261
New Fermi level:    mu=  -5.263 eV  Charge distance=  0.0037 (partial c.d.=  0.0046)
SCF ITERATION NUMBER  8
     point #   1  energy = -40.000
     point #  20  energy = -28.762
     point #  40  energy =  -8.328
     point #  60  energy =  -5.250
New Fermi level:    mu=  -5.252 eV  Charge distance=  0.0022 (partial c.d.=  0.0005)
SCF ITERATION NUMBER  9
     point #   1  energy = -40.000
     point #  20  energy = -28.758
     point #  40  energy =  -8.318
     point #  60  energy =  -5.240
New Fermi level:    mu=  -5.246 eV  Charge distance=  0.0001 (partial c.d.=  0.0004)
SCF ITERATION NUMBER 10
     point #   1  energy = -40.000
     point #  20  energy = -28.756
     point #  40  energy =  -8.313
     point #  60  energy =  -5.259
New Fermi level:    mu=  -5.246 eV  Charge distance=  0.0001 (partial c.d.=  0.0003)
SCF ITERATION NUMBER 11
     point #   1  energy = -40.000
     point #  20  energy = -28.756
     point #  40  energy =  -8.313
     point #  60  energy =  -5.259
New Fermi level:    mu=  -5.246 eV  Charge distance=  0.0001 (partial c.d.=  0.0002)
Electronic configuration
  type     l     N_el
     0     0    0.521
     0     1    0.630
     0     2    9.691
     0     3    0.000
     1     0    0.521
     1     1    0.629
     1     2    9.691
     1     3    0.000
     2     0    1.734
     2     1    2.756
     2     2    0.738
     2     3    0.000
     3     0    1.862
     3     1    4.320
     3     2    0.091
     3     3    0.000
Charge transfer:  type  charge
       0   -0.159
       1   -0.159
       2   -0.772
       3    0.273
Convergence reached in   11 iterations.
Done with module: potentials.

Calculating screened core-hole potential ...
FMS for a cluster of   21 atoms around iph =   0
    0% of energy integration
   20%
   40%
   60%
   80%
  100%
Preparing response function.
Computing (1 - K Chi0)^-1 v_ch
Done with module: screened core-hole potential.

Calculating cross-section and phases ...
    absorption cross section
 x0,dx,rnrm,inrm,jnrm   8.80000000000000       5.000000000000000E-002
   2.56471639899987              195         196
    phase shifts for unique potential    0
    phase shifts for unique potential    1
    phase shifts for unique potential    2
    phase shifts for unique potential    3
Done with module: cross-section and phases (XSPH).

FMS calculation of full Green's function ...
FEFF-serial using 1 thread.
Using   194 energy points.
xprep done
FMS for a cluster of  233 atoms
Energy point    1/ 194
Energy point   10/ 194
Energy point   20/ 194
Energy point   30/ 194
Energy point   40/ 194
Energy point   50/ 194
Energy point   60/ 194
Energy point   70/ 194
Energy point   80/ 194
Energy point   90/ 194
Energy point  100/ 194
Energy point  110/ 194
Energy point  120/ 194
Energy point  130/ 194
Energy point  140/ 194
Energy point  150/ 194
Energy point  160/ 194
Energy point  170/ 194
Energy point  180/ 194
Energy point  190/ 194
Done with module: FMS.

MKGTR: Tracing over Green's function ...
Done with module: MKGTR.

Pathfinder: finding scattering paths...
Preparing plane wave scattering amplitudes
Searching for paths
Eliminating path degeneracies
0 paths retained.
Done with module: pathfinder.

Calculating EXAFS parameters ...
Done with module: EXAFS parameters (GENFMT).

Calculating XAS spectra ...
Done with module: XAS spectra (FF2X: DW + final sum over paths).

 
### feff ends at Mon Aug 14 02:55:10 EDT 2023
 
