### feff starts at Sun Aug 13 09:26:11 EDT 2023
### Serial version
### FeffPath is /sdcc/u/mcarbone/software/JFEFF/hsw/feff90/linux
 
Launching FEFF version FEFF 9.9.1
Resetting lmaxsc to 2 for iph =    1.  Use  UNFREEZE to prevent this.
Core hole lifetime is   1.729 eV.
Your calculation:
 comment: None given
 Source:
 Structure Summary:  Er1 Fe4 Cu3 O12
 Reduced formula:  ErFe4(CuO4)3
 space group: (Im-3), space number:  (204)
 abc:  6.456992   6.456992   6.456992
 angles:109.471221 109.471221 109.471221
 sites: 20
Cu K edge XANES using RPA corehole.
Using:     * Self-Consistent Field potentials
Using cards:   ATOMS CONTROL EXCHANGE TITLE RPATH POTENTIALS XANES EDGE SCF FMS S02 COREHOLE EGRID

Calculating atomic potentials ...
    overlapped atomic potential and density for unique potential    0
    overlapped atomic potential and density for unique potential    1
    overlapped atomic potential and density for unique potential    2
    overlapped atomic potential and density for unique potential    3
    overlapped atomic potential and density for unique potential    4
Done with module: atomic potentials.

Calculating SCF potentials ...
FEFF-serial using 1 thread.
Muffin tin radii and interstitial parameters [bohr]:
type, norman radius, muffin tin, overlap factor
    0  1.27297E+00  1.16734E+00  1.15000E+00
    1  1.73705E+00  1.69225E+00  1.06584E+00
    2  1.39856E+00  1.29668E+00  1.15000E+00
    3  1.27303E+00  1.16737E+00  1.15000E+00
    4  1.10058E+00  1.02929E+00  1.15000E+00
Core-valence separation energy:  ecv=   -40.000 eV
Initial Fermi level:              mu=     0.304 eV
SCF ITERATION NUMBER  1
     point #   1  energy = -40.000
FMS for a cluster of  143 atoms around atom type   0
FMS for a cluster of  125 atoms around atom type   1
FMS for a cluster of  127 atoms around atom type   2
FMS for a cluster of  125 atoms around atom type   3
FMS for a cluster of  137 atoms around atom type   4
     point #  20  energy = -28.902
     point #  40  energy =  -8.652
     point #  60  energy =  -6.792
     point #  80  energy =  -5.989
     point # 100  energy =  -5.720
New Fermi level:    mu=  -5.684 eV  Charge distance=  1.5843 (partial c.d.= 10.0181)
SCF ITERATION NUMBER  1
     point #   1  energy = -40.000
FMS for a cluster of  143 atoms around atom type   0
FMS for a cluster of  125 atoms around atom type   1
FMS for a cluster of  127 atoms around atom type   2
FMS for a cluster of  125 atoms around atom type   3
FMS for a cluster of  137 atoms around atom type   4
     point #  20  energy = -28.898
     point #  40  energy =  -8.712
     point #  60  energy =  -5.672
     point #  80  energy =  -4.256
     point # 100  energy =  -3.853
New Fermi level:    mu=  -3.846 eV  Charge distance=  1.1031 (partial c.d.=  8.3977)
SCF ITERATION NUMBER  1
     point #   1  energy = -40.000
FMS for a cluster of  143 atoms around atom type   0
FMS for a cluster of  125 atoms around atom type   1
FMS for a cluster of  127 atoms around atom type   2
FMS for a cluster of  125 atoms around atom type   3
FMS for a cluster of  137 atoms around atom type   4
     point #  20  energy = -28.953
     point #  40  energy =  -8.867
     point #  60  energy =  -3.846
     point #  80  energy =  -5.424
     point # 100  energy = -11.227
     point # 120  energy = -11.312
New Fermi level:    mu= -11.217 eV  Charge distance=  0.7352 (partial c.d.=  7.8330)
SCF ITERATION NUMBER  2
     point #   1  energy = -40.000
     point #  20  energy = -28.692
     point #  40  energy = -11.217
     point #  60  energy = -11.048
     point #  80  energy =  -6.614
     point # 100  energy =  -5.983
New Fermi level:    mu=  -5.994 eV  Charge distance=  0.5172 (partial c.d.=  5.3975)
SCF ITERATION NUMBER  3
     point #   1  energy = -40.000
     point #  20  energy = -28.998
     point #  40  energy =  -8.995
     point #  60  energy =  -6.007
     point #  80  energy =  -8.328
     point # 100  energy = -10.022
New Fermi level:    mu= -10.021 eV  Charge distance=  0.2234 (partial c.d.=  4.9028)
SCF ITERATION NUMBER  4
     point #   1  energy = -40.000
     point #  20  energy = -29.008
     point #  40  energy = -10.021
     point #  60  energy = -10.111
New Fermi level:    mu= -10.470 eV  Charge distance=  0.2344 (partial c.d.=  3.4186)
SCF ITERATION NUMBER  5
     point #   1  energy = -40.000
     point #  20  energy = -28.799
     point #  40  energy = -10.470
     point #  60  energy = -10.595
New Fermi level:    mu= -10.825 eV  Charge distance=  0.1611 (partial c.d.=  1.2357)
SCF ITERATION NUMBER  6
     point #   1  energy = -40.000
     point #  20  energy = -28.934
     point #  40  energy = -10.825
     point #  60  energy = -10.684
     point #  80  energy = -10.394
New Fermi level:    mu= -10.394 eV  Charge distance=  0.1054 (partial c.d.=  0.6840)
SCF ITERATION NUMBER  7
     point #   1  energy = -40.000
     point #  20  energy = -28.770
     point #  40  energy = -10.394
     point #  60  energy = -10.519
New Fermi level:    mu= -10.730 eV  Charge distance=  0.1821 (partial c.d.=  1.4019)
SCF ITERATION NUMBER  8
     point #   1  energy = -40.000
     point #  20  energy = -28.898
     point #  40  energy = -10.730
     point #  60  energy = -10.590
     point #  80  energy = -10.377
New Fermi level:    mu= -10.472 eV  Charge distance=  0.0847 (partial c.d.=  1.0728)
SCF ITERATION NUMBER  9
     point #   1  energy = -40.000
     point #  20  energy = -28.800
     point #  40  energy = -10.472
     point #  60  energy = -10.381
     point #  80  energy =  -9.959
New Fermi level:    mu=  -9.952 eV  Charge distance=  0.0517 (partial c.d.=  0.7799)
SCF ITERATION NUMBER 10
     point #   1  energy = -40.000
     point #  20  energy = -28.982
     point #  40  energy =  -9.952
     point #  60  energy = -10.021
New Fermi level:    mu= -10.117 eV  Charge distance=  0.0087 (partial c.d.=  0.3574)
SCF ITERATION NUMBER 11
     point #   1  energy = -40.000
     point #  20  energy = -29.043
     point #  40  energy = -10.117
New Fermi level:    mu= -10.102 eV  Charge distance=  0.0172 (partial c.d.=  0.0271)
SCF ITERATION NUMBER 12
     point #   1  energy = -40.000
     point #  20  energy = -29.037
     point #  40  energy = -10.102
New Fermi level:    mu= -10.084 eV  Charge distance=  0.0090 (partial c.d.=  0.0110)
SCF ITERATION NUMBER 13
     point #   1  energy = -40.000
     point #  20  energy = -29.031
     point #  40  energy = -10.084
New Fermi level:    mu= -10.074 eV  Charge distance=  0.0009 (partial c.d.=  0.0058)
SCF ITERATION NUMBER 14
     point #   1  energy = -40.000
     point #  20  energy = -29.027
     point #  40  energy = -10.074
New Fermi level:    mu= -10.075 eV  Charge distance=  0.0030 (partial c.d.=  0.0016)
SCF ITERATION NUMBER 15
     point #   1  energy = -40.000
     point #  20  energy = -29.028
     point #  40  energy = -10.075
New Fermi level:    mu= -10.078 eV  Charge distance=  0.0016 (partial c.d.=  0.0017)
SCF ITERATION NUMBER 16
     point #   1  energy = -40.000
     point #  20  energy = -29.028
     point #  40  energy = -10.078
New Fermi level:    mu= -10.079 eV  Charge distance=  0.0001 (partial c.d.=  0.0014)
SCF ITERATION NUMBER 17
     point #   1  energy = -40.000
     point #  20  energy = -29.029
     point #  40  energy = -10.079
New Fermi level:    mu= -10.079 eV  Charge distance=  0.0001 (partial c.d.=  0.0004)
SCF ITERATION NUMBER 18
     point #   1  energy = -40.000
     point #  20  energy = -29.029
     point #  40  energy = -10.079
New Fermi level:    mu= -10.079 eV  Charge distance=  0.0000 (partial c.d.=  0.0001)
Electronic configuration
  type     l     N_el
     0     0    0.490
     0     1    0.574
     0     2    9.192
     0     3    0.000
     1     0    0.346
     1     1    6.463
     1     2    1.230
     1     3    0.000
     2     0    0.507
     2     1    0.814
     2     2    6.710
     2     3    0.000
     3     0    0.491
     3     1    0.576
     3     2    9.190
     3     3    0.000
     4     0    1.842
     4     1    4.343
     4     2    0.072
     4     3    0.000
Charge transfer:  type  charge
       0   -0.744
       1   -0.961
       2    0.031
       3   -0.743
       4    0.256
Convergence reached in   18 iterations.
Done with module: potentials.

Calculating screened core-hole potential ...
FMS for a cluster of   27 atoms around iph =   0
    0% of energy integration
   20%
   40%
   60%
   80%
  100%
Preparing response function.
Computing (1 - K Chi0)^-1 v_ch
Done with module: screened core-hole potential.

Calculating cross-section and phases ...
    absorption cross section
 x0,dx,rnrm,inrm,jnrm   8.80000000000000       5.000000000000000E-002
   2.40556226200003              194         195
    phase shifts for unique potential    0
    phase shifts for unique potential    1
    phase shifts for unique potential    2
    phase shifts for unique potential    3
    phase shifts for unique potential    4
Done with module: cross-section and phases (XSPH).

FMS calculation of full Green's function ...
FEFF-serial using 1 thread.
Using   194 energy points.
xprep done
FMS for a cluster of  281 atoms
Energy point    1/ 194
Energy point   10/ 194
Energy point   20/ 194
Energy point   30/ 194
Energy point   40/ 194
Energy point   50/ 194
Energy point   60/ 194
Energy point   70/ 194
Energy point   80/ 194
Energy point   90/ 194
Energy point  100/ 194
Energy point  110/ 194
Energy point  120/ 194
Energy point  130/ 194
Energy point  140/ 194
Energy point  150/ 194
Energy point  160/ 194
Energy point  170/ 194
Energy point  180/ 194
Energy point  190/ 194
Done with module: FMS.

MKGTR: Tracing over Green's function ...
Done with module: MKGTR.

Pathfinder: finding scattering paths...
Preparing plane wave scattering amplitudes
Searching for paths
Eliminating path degeneracies
0 paths retained.
Done with module: pathfinder.

Calculating EXAFS parameters ...
Done with module: EXAFS parameters (GENFMT).

Calculating XAS spectra ...
Done with module: XAS spectra (FF2X: DW + final sum over paths).

 
### feff ends at Sun Aug 13 12:30:27 EDT 2023
 
