### feff starts at Sun Aug 13 09:26:11 EDT 2023
### Serial version
### FeffPath is /sdcc/u/mcarbone/software/JFEFF/hsw/feff90/linux
 
Launching FEFF version FEFF 9.9.1
Core hole lifetime is   1.729 eV.
Your calculation:
 comment: None given
 Source:
 Structure Summary:  Sr2 Cu3 O5
 Reduced formula:  Sr2Cu3O5
 space group: (Cmmm), space number:  (65)
 abc:  9.990316   9.990316   3.510316
 angles: 90.000000  90.000000 157.225887
 sites: 10
Cu K edge XANES using RPA corehole.
Using:     * Self-Consistent Field potentials
Using cards:   ATOMS CONTROL EXCHANGE TITLE RPATH POTENTIALS XANES EDGE SCF FMS S02 COREHOLE EGRID

Calculating atomic potentials ...
    overlapped atomic potential and density for unique potential    0
    overlapped atomic potential and density for unique potential    1
    overlapped atomic potential and density for unique potential    2
    overlapped atomic potential and density for unique potential    3
Done with module: atomic potentials.

Calculating SCF potentials ...
FEFF-serial using 1 thread.
Muffin tin radii and interstitial parameters [bohr]:
type, norman radius, muffin tin, overlap factor
    0  1.30208E+00  1.20027E+00  1.15000E+00
    1  1.83784E+00  1.78312E+00  1.07712E+00
    2  1.30208E+00  1.20027E+00  1.15000E+00
    3  1.11724E+00  1.06676E+00  1.12413E+00
Core-valence separation energy:  ecv=   -34.000 eV
Initial Fermi level:              mu=    -1.548 eV
SCF ITERATION NUMBER  1
     point #   1  energy = -34.000
FMS for a cluster of  100 atoms around atom type   0
FMS for a cluster of  105 atoms around atom type   1
FMS for a cluster of   98 atoms around atom type   2
FMS for a cluster of   96 atoms around atom type   3
     point #  20  energy = -22.849
     point #  40  energy =  -6.540
     point #  60  energy =  -4.303
New Fermi level:    mu=  -4.191 eV  Charge distance=  0.5715 (partial c.d.=  7.0181)
SCF ITERATION NUMBER  1
     point #   1  energy = -34.000
FMS for a cluster of  100 atoms around atom type   0
FMS for a cluster of  105 atoms around atom type   1
FMS for a cluster of   98 atoms around atom type   2
FMS for a cluster of   96 atoms around atom type   3
     point #  20  energy = -22.693
     point #  40  energy =  -4.191
     point #  60  energy =  -4.282
     point #  80  energy =  -8.469
     point # 100  energy = -10.272
New Fermi level:    mu= -10.521 eV  Charge distance=  0.1723 (partial c.d.=  2.8172)
SCF ITERATION NUMBER  1
     point #   1  energy = -34.000
FMS for a cluster of  100 atoms around atom type   0
FMS for a cluster of  105 atoms around atom type   1
FMS for a cluster of   98 atoms around atom type   2
FMS for a cluster of   96 atoms around atom type   3
     point #  20  energy = -22.771
     point #  40  energy = -10.521
     point #  60  energy =  -9.903
     point #  80  energy =  -8.715
New Fermi level:    mu=  -8.721 eV  Charge distance=  0.1208 (partial c.d.=  0.3893)
SCF ITERATION NUMBER  2
     point #   1  energy = -34.000
     point #  20  energy = -22.877
     point #  40  energy =  -8.721
     point #  60  energy =  -8.380
New Fermi level:    mu=  -8.321 eV  Charge distance=  0.3234 (partial c.d.=  0.0619)
SCF ITERATION NUMBER  3
     point #   1  energy = -34.000
     point #  20  energy = -22.701
     point #  40  energy =  -8.321
New Fermi level:    mu=  -8.169 eV  Charge distance=  0.0302 (partial c.d.=  0.0824)
SCF ITERATION NUMBER  4
     point #   1  energy = -34.000
     point #  20  energy = -23.071
     point #  40  energy =  -8.169
     point #  60  energy =  -8.281
New Fermi level:    mu=  -8.274 eV  Charge distance=  0.0043 (partial c.d.=  0.0275)
SCF ITERATION NUMBER  5
     point #   1  energy = -34.000
     point #  20  energy = -22.680
     point #  40  energy =  -8.274
New Fermi level:    mu=  -8.353 eV  Charge distance=  0.0116 (partial c.d.=  0.0670)
SCF ITERATION NUMBER  6
     point #   1  energy = -34.000
     point #  20  energy = -22.715
     point #  40  energy =  -8.353
New Fermi level:    mu=  -8.368 eV  Charge distance=  0.0062 (partial c.d.=  0.1355)
SCF ITERATION NUMBER  7
     point #   1  energy = -34.000
     point #  20  energy = -22.722
     point #  40  energy =  -8.368
New Fermi level:    mu=  -8.370 eV  Charge distance=  0.0005 (partial c.d.=  0.0949)
SCF ITERATION NUMBER  8
     point #   1  energy = -34.000
     point #  20  energy = -22.723
     point #  40  energy =  -8.370
New Fermi level:    mu=  -8.367 eV  Charge distance=  0.0004 (partial c.d.=  0.0070)
SCF ITERATION NUMBER  9
     point #   1  energy = -34.000
     point #  20  energy = -22.721
     point #  40  energy =  -8.367
New Fermi level:    mu=  -8.366 eV  Charge distance=  0.0025 (partial c.d.=  0.0019)
SCF ITERATION NUMBER 10
     point #   1  energy = -34.000
     point #  20  energy = -22.721
     point #  40  energy =  -8.366
New Fermi level:    mu=  -8.358 eV  Charge distance=  0.0001 (partial c.d.=  0.0105)
SCF ITERATION NUMBER 11
     point #   1  energy = -34.000
     point #  20  energy = -22.717
     point #  40  energy =  -8.358
New Fermi level:    mu=  -8.358 eV  Charge distance=  0.0002 (partial c.d.=  0.0007)
SCF ITERATION NUMBER 12
     point #   1  energy = -34.000
     point #  20  energy = -22.718
     point #  40  energy =  -8.358
New Fermi level:    mu=  -8.358 eV  Charge distance=  0.0001 (partial c.d.=  0.0005)
SCF ITERATION NUMBER 13
     point #   1  energy = -34.000
     point #  20  energy = -22.718
     point #  40  energy =  -8.358
New Fermi level:    mu=  -8.358 eV  Charge distance=  0.0000 (partial c.d.=  0.0003)
SCF ITERATION NUMBER 14
     point #   1  energy = -34.000
     point #  20  energy = -22.718
     point #  40  energy =  -8.358
New Fermi level:    mu=  -8.358 eV  Charge distance=  0.0000 (partial c.d.=  0.0002)
SCF ITERATION NUMBER 15
     point #   1  energy = -34.000
     point #  20  energy = -22.718
     point #  40  energy =  -8.358
New Fermi level:    mu=  -8.358 eV  Charge distance=  0.0000 (partial c.d.=  0.0000)
Electronic configuration
  type     l     N_el
     0     0    0.529
     0     1    0.628
     0     2    9.386
     0     3    0.000
     1     0    0.293
     1     1    6.401
     1     2    0.916
     1     3    0.000
     2     0    0.529
     2     1    0.628
     2     2    9.386
     2     3    0.000
     3     0    1.863
     3     1    4.501
     3     2    0.067
     3     3    0.000
Charge transfer:  type  charge
       0   -0.458
       1   -0.390
       2   -0.457
       3    0.431
Convergence reached in   15 iterations.
Done with module: potentials.

Calculating screened core-hole potential ...
FMS for a cluster of   20 atoms around iph =   0
    0% of energy integration
   20%
   40%
   60%
   80%
  100%
Preparing response function.
Computing (1 - K Chi0)^-1 v_ch
Done with module: screened core-hole potential.

Calculating cross-section and phases ...
    absorption cross section
 x0,dx,rnrm,inrm,jnrm   8.80000000000000       5.000000000000000E-002
   2.46056870399996              195         196
    phase shifts for unique potential    0
    phase shifts for unique potential    1
    phase shifts for unique potential    2
    phase shifts for unique potential    3
Done with module: cross-section and phases (XSPH).

FMS calculation of full Green's function ...
FEFF-serial using 1 thread.
Using   194 energy points.
xprep done
FMS for a cluster of  237 atoms
Energy point    1/ 194
Energy point   10/ 194
Energy point   20/ 194
Energy point   30/ 194
Energy point   40/ 194
Energy point   50/ 194
Energy point   60/ 194
Energy point   70/ 194
Energy point   80/ 194
Energy point   90/ 194
Energy point  100/ 194
Energy point  110/ 194
Energy point  120/ 194
Energy point  130/ 194
Energy point  140/ 194
Energy point  150/ 194
Energy point  160/ 194
Energy point  170/ 194
Energy point  180/ 194
Energy point  190/ 194
Done with module: FMS.

MKGTR: Tracing over Green's function ...
Done with module: MKGTR.

Pathfinder: finding scattering paths...
Preparing plane wave scattering amplitudes
Searching for paths
Eliminating path degeneracies
0 paths retained.
Done with module: pathfinder.

Calculating EXAFS parameters ...
Done with module: EXAFS parameters (GENFMT).

Calculating XAS spectra ...
Done with module: XAS spectra (FF2X: DW + final sum over paths).

 
### feff ends at Sun Aug 13 10:40:33 EDT 2023
 
