### feff starts at Mon Aug 14 02:58:36 EDT 2023
### Serial version
### FeffPath is /sdcc/u/mcarbone/software/JFEFF/hsw/feff90/linux
 
Launching FEFF version FEFF 9.9.1
Core hole lifetime is   1.729 eV.
Your calculation:
 comment: None given
 Source:
 Structure Summary:  Li7 Mn12 Cu5 O32
 Reduced formula:  Li7Mn12Cu5O32
 space group: (P1), space number:  (1)
 abc:  8.321255   8.284994   8.306163
 angles: 90.021910  89.952945  90.047374
 sites: 56
Cu K edge XANES using RPA corehole.
Using:     * Self-Consistent Field potentials
Using cards:   ATOMS CONTROL EXCHANGE TITLE RPATH POTENTIALS XANES EDGE SCF FMS S02 COREHOLE EGRID

Calculating atomic potentials ...
    overlapped atomic potential and density for unique potential    0
    overlapped atomic potential and density for unique potential    1
    overlapped atomic potential and density for unique potential    2
    overlapped atomic potential and density for unique potential    3
    overlapped atomic potential and density for unique potential    4
Done with module: atomic potentials.

Calculating SCF potentials ...
FEFF-serial using 1 thread.
Muffin tin radii and interstitial parameters [bohr]:
type, norman radius, muffin tin, overlap factor
    0  1.31957E+00  1.23202E+00  1.15000E+00
    1  1.30051E+00  1.25485E+00  1.09278E+00
    2  1.34582E+00  1.22853E+00  1.15000E+00
    3  1.31382E+00  1.22343E+00  1.15000E+00
    4  1.09420E+00  1.01481E+00  1.15000E+00
Core-valence separation energy:  ecv=   -40.000 eV
Initial Fermi level:              mu=    -0.097 eV
SCF ITERATION NUMBER  1
     point #   1  energy = -40.000
FMS for a cluster of  146 atoms around atom type   0
FMS for a cluster of  135 atoms around atom type   1
FMS for a cluster of  134 atoms around atom type   2
FMS for a cluster of  129 atoms around atom type   3
FMS for a cluster of  144 atoms around atom type   4
     point #  20  energy = -28.777
     point #  40  energy =  -9.540
     point #  60  energy =  -8.880
 Found bad counts.
  Occupation number in getorb is    10.000
  Will repeat this iteration.
 Found bad counts.
  Occupation number in getorb is    10.000
  Will repeat this iteration.
New Fermi level:    mu=  -8.383 eV  Charge distance=  1.8943 (partial c.d.=  7.9294)
SCF ITERATION NUMBER  1
     point #   1  energy = -40.000
FMS for a cluster of  146 atoms around atom type   0
FMS for a cluster of  135 atoms around atom type   1
FMS for a cluster of  134 atoms around atom type   2
FMS for a cluster of  129 atoms around atom type   3
FMS for a cluster of  144 atoms around atom type   4
     point #  20  energy = -28.781
     point #  40  energy =  -8.383
     point #  60  energy =  -8.343
     point #  80  energy =  -6.630
New Fermi level:    mu=  -6.312 eV  Charge distance=  0.8015 (partial c.d.=  9.8162)
negative density   1 -146.963 - usually harmless precision error, but check DOS if it persists
SCF ITERATION NUMBER  1
     point #   1  energy = -40.000
FMS for a cluster of  146 atoms around atom type   0
FMS for a cluster of  135 atoms around atom type   1
FMS for a cluster of  134 atoms around atom type   2
FMS for a cluster of  129 atoms around atom type   3
FMS for a cluster of  144 atoms around atom type   4
     point #  20  energy = -28.771
     point #  40  energy =  -8.354
     point #  60  energy =  -6.325
     point #  80  energy =  -8.340
     point # 100  energy = -11.634
New Fermi level:    mu= -11.917 eV  Charge distance=  0.2960 (partial c.d.=  3.8619)
negative density   1 -160.504 - usually harmless precision error, but check DOS if it persists
SCF ITERATION NUMBER  2
     point #   1  energy = -40.000
     point #  20  energy = -28.967
     point #  40  energy = -11.917
     point #  60  energy = -11.748
     point #  80  energy =  -9.351
New Fermi level:    mu=  -9.326 eV  Charge distance=  0.2902 (partial c.d.=  2.1078)
negative density   1 -256.672 - usually harmless precision error, but check DOS if it persists
SCF ITERATION NUMBER  3
     point #   1  energy = -40.000
     point #  20  energy = -28.753
     point #  40  energy =  -9.326
     point #  60  energy =  -9.416
     point #  80  energy = -10.535
New Fermi level:    mu= -10.523 eV  Charge distance=  0.1897 (partial c.d.=  5.8260)
negative density   1 -266.162 - usually harmless precision error, but check DOS if it persists
SCF ITERATION NUMBER  4
     point #   1  energy = -40.000
     point #  20  energy = -28.819
     point #  40  energy = -10.523
     point #  60  energy = -10.614
New Fermi level:    mu= -11.204 eV  Charge distance=  0.1032 (partial c.d.=  5.5417)
negative density   1 -312.270 - usually harmless precision error, but check DOS if it persists
SCF ITERATION NUMBER  5
     point #   1  energy = -40.000
     point #  20  energy = -28.687
     point #  40  energy = -11.204
New Fermi level:    mu= -11.169 eV  Charge distance=  0.0234 (partial c.d.=  1.7185)
negative density   1 -325.968 - usually harmless precision error, but check DOS if it persists
SCF ITERATION NUMBER  6
     point #   1  energy = -40.000
     point #  20  energy = -28.674
     point #  40  energy = -11.169
     point #  60  energy = -11.016
New Fermi level:    mu= -11.027 eV  Charge distance=  0.1948 (partial c.d.=  0.4734)
negative density   1 -354.137 - usually harmless precision error, but check DOS if it persists
SCF ITERATION NUMBER  7
     point #   1  energy = -40.000
     point #  20  energy = -29.010
     point #  40  energy = -11.027
     point #  60  energy = -10.937
New Fermi level:    mu= -10.294 eV  Charge distance=  0.0131 (partial c.d.=  4.7767)
negative density   1 -351.244 - usually harmless precision error, but check DOS if it persists
SCF ITERATION NUMBER  8
     point #   1  energy = -40.000
     point #  20  energy = -28.732
     point #  40  energy = -10.294
     point #  60  energy = -10.169
New Fermi level:    mu= -10.111 eV  Charge distance=  0.3062 (partial c.d.=  0.2030)
negative density   1 -344.191 - usually harmless precision error, but check DOS if it persists
negative density   1   -1.471 - usually harmless precision error, but check DOS if it persists
SCF ITERATION NUMBER  9
     point #   1  energy = -40.000
     point #  20  energy = -29.041
     point #  40  energy = -10.111
     point #  60  energy = -10.202
New Fermi level:    mu= -10.748 eV  Charge distance=  0.0289 (partial c.d.=  6.6179)
negative density   1 -357.760 - usually harmless precision error, but check DOS if it persists
negative density   1   -3.702 - usually harmless precision error, but check DOS if it persists
SCF ITERATION NUMBER 10
     point #   1  energy = -40.000
     point #  20  energy = -28.904
     point #  40  energy = -10.748
     point #  60  energy = -10.673
New Fermi level:    mu= -10.644 eV  Charge distance=  0.0345 (partial c.d.=  0.0988)
negative density   1 -394.081 - usually harmless precision error, but check DOS if it persists
negative density   1  -12.270 - usually harmless precision error, but check DOS if it persists
SCF ITERATION NUMBER 11
     point #   1  energy = -40.000
     point #  20  energy = -28.865
     point #  40  energy = -10.644
     point #  60  energy = -10.719
New Fermi level:    mu= -10.758 eV  Charge distance=  0.0321 (partial c.d.=  0.2661)
negative density   1 -405.658 - usually harmless precision error, but check DOS if it persists
negative density   1  -16.218 - usually harmless precision error, but check DOS if it persists
SCF ITERATION NUMBER 12
     point #   1  energy = -40.000
     point #  20  energy = -28.908
     point #  40  energy = -10.758
New Fermi level:    mu= -10.806 eV  Charge distance=  0.0770 (partial c.d.=  0.0608)
negative density   1 -430.615 - usually harmless precision error, but check DOS if it persists
negative density   1  -24.274 - usually harmless precision error, but check DOS if it persists
SCF ITERATION NUMBER 13
     point #   1  energy = -40.000
     point #  20  energy = -28.926
     point #  40  energy = -10.806
New Fermi level:    mu= -10.858 eV  Charge distance=  0.0120 (partial c.d.=  0.3392)
negative density   1 -422.002 - usually harmless precision error, but check DOS if it persists
negative density   1  -21.696 - usually harmless precision error, but check DOS if it persists
SCF ITERATION NUMBER 14
     point #   1  energy = -40.000
     point #  20  energy = -28.946
     point #  40  energy = -10.858
New Fermi level:    mu= -10.840 eV  Charge distance=  0.0060 (partial c.d.=  0.1357)
negative density   1 -422.147 - usually harmless precision error, but check DOS if it persists
negative density   1  -21.771 - usually harmless precision error, but check DOS if it persists
SCF ITERATION NUMBER 15
     point #   1  energy = -40.000
     point #  20  energy = -28.939
     point #  40  energy = -10.840
New Fermi level:    mu= -10.845 eV  Charge distance=  0.0103 (partial c.d.=  0.0292)
negative density   1 -419.229 - usually harmless precision error, but check DOS if it persists
negative density   1  -21.045 - usually harmless precision error, but check DOS if it persists
SCF ITERATION NUMBER 16
     point #   1  energy = -40.000
     point #  20  energy = -28.941
     point #  40  energy = -10.845
New Fermi level:    mu= -10.849 eV  Charge distance=  0.0044 (partial c.d.=  0.0320)
negative density   1 -416.133 - usually harmless precision error, but check DOS if it persists
negative density   1  -20.214 - usually harmless precision error, but check DOS if it persists
SCF ITERATION NUMBER 17
     point #   1  energy = -40.000
     point #  20  energy = -28.943
     point #  40  energy = -10.849
New Fermi level:    mu= -10.849 eV  Charge distance=  0.0011 (partial c.d.=  0.0191)
negative density   1 -415.077 - usually harmless precision error, but check DOS if it persists
negative density   1  -19.919 - usually harmless precision error, but check DOS if it persists
SCF ITERATION NUMBER 18
     point #   1  energy = -40.000
     point #  20  energy = -28.943
     point #  40  energy = -10.849
New Fermi level:    mu= -10.847 eV  Charge distance=  0.0007 (partial c.d.=  0.0095)
negative density   1 -413.769 - usually harmless precision error, but check DOS if it persists
negative density   1  -19.563 - usually harmless precision error, but check DOS if it persists
SCF ITERATION NUMBER 19
     point #   1  energy = -40.000
     point #  20  energy = -28.942
     point #  40  energy = -10.847
New Fermi level:    mu= -10.847 eV  Charge distance=  0.0007 (partial c.d.=  0.0028)
negative density   1 -411.549 - usually harmless precision error, but check DOS if it persists
negative density   1  -18.957 - usually harmless precision error, but check DOS if it persists
SCF ITERATION NUMBER 20
     point #   1  energy = -40.000
     point #  20  energy = -28.942
     point #  40  energy = -10.847
New Fermi level:    mu= -10.846 eV  Charge distance=  0.0005 (partial c.d.=  0.0010)
negative density   1 -409.604 - usually harmless precision error, but check DOS if it persists
negative density   1  -18.429 - usually harmless precision error, but check DOS if it persists
SCF ITERATION NUMBER 21
     point #   1  energy = -40.000
     point #  20  energy = -28.942
     point #  40  energy = -10.846
New Fermi level:    mu= -10.846 eV  Charge distance=  0.0000 (partial c.d.=  0.0006)
negative density   1 -409.419 - usually harmless precision error, but check DOS if it persists
negative density   1  -18.380 - usually harmless precision error, but check DOS if it persists
SCF ITERATION NUMBER 22
     point #   1  energy = -40.000
     point #  20  energy = -28.941
     point #  40  energy = -10.846
New Fermi level:    mu= -10.846 eV  Charge distance=  0.0001 (partial c.d.=  0.0001)
Electronic configuration
  type     l     N_el
     0     0    0.456
     0     1    0.577
     0     2    9.284
     0     3    0.000
     1     0    0.197
     1     1    0.433
     1     2    0.000
     1     3    0.000
     2     0    0.488
     2     1    0.805
     2     2    5.575
     2     3    0.000
     3     0    0.453
     3     1    0.588
     3     2    9.265
     3     3    0.000
     4     0    1.831
     4     1    4.332
     4     2    0.076
     4     3    0.000
Charge transfer:  type  charge
       0   -0.684
       1   -0.369
       2   -0.131
       3   -0.693
       4    0.239
Convergence reached in   22 iterations.
Done with module: potentials.

Calculating screened core-hole potential ...
FMS for a cluster of   33 atoms around iph =   0
    0% of energy integration
   20%
   40%
   60%
   80%
  100%
Preparing response function.
Computing (1 - K Chi0)^-1 v_ch
Done with module: screened core-hole potential.

Calculating cross-section and phases ...
    absorption cross section
 x0,dx,rnrm,inrm,jnrm   8.80000000000000       5.000000000000000E-002
   2.49362480099997              195         196
    phase shifts for unique potential    0
    phase shifts for unique potential    1
    phase shifts for unique potential    2
    phase shifts for unique potential    3
    phase shifts for unique potential    4
Done with module: cross-section and phases (XSPH).

FMS calculation of full Green's function ...
FEFF-serial using 1 thread.
Using   194 energy points.
xprep done
FMS for a cluster of  296 atoms
Energy point    1/ 194
Energy point   10/ 194
Energy point   20/ 194
Energy point   30/ 194
Energy point   40/ 194
Energy point   50/ 194
Energy point   60/ 194
Energy point   70/ 194
Energy point   80/ 194
Energy point   90/ 194
Energy point  100/ 194
Energy point  110/ 194
Energy point  120/ 194
Energy point  130/ 194
Energy point  140/ 194
Energy point  150/ 194
Energy point  160/ 194
Energy point  170/ 194
Energy point  180/ 194
Energy point  190/ 194
Done with module: FMS.

MKGTR: Tracing over Green's function ...
Done with module: MKGTR.

Pathfinder: finding scattering paths...
Preparing plane wave scattering amplitudes
Searching for paths
Eliminating path degeneracies
0 paths retained.
Done with module: pathfinder.

Calculating EXAFS parameters ...
Done with module: EXAFS parameters (GENFMT).

Calculating XAS spectra ...
Done with module: XAS spectra (FF2X: DW + final sum over paths).

 
### feff ends at Mon Aug 14 06:21:48 EDT 2023
 
