### feff starts at Sun Aug 13 15:05:55 EDT 2023
### Serial version
### FeffPath is /sdcc/u/mcarbone/software/JFEFF/hsw/feff90/linux
 
Launching FEFF version FEFF 9.9.1
Core hole lifetime is   1.729 eV.
Your calculation:
 comment: None given
 Source:
 Structure Summary:  Li3 Co3 Cu1 O8
 Reduced formula:  Li3Co3CuO8
 space group: (R-3m), space number:  (166)
 abc:  5.918094   5.826687   5.826687
 angles: 59.999995  60.509623  90.000002
 sites: 15
Cu K edge XANES using RPA corehole.
Using:     * Self-Consistent Field potentials
Using cards:   ATOMS CONTROL EXCHANGE TITLE RPATH POTENTIALS XANES EDGE SCF FMS S02 COREHOLE EGRID

Calculating atomic potentials ...
    overlapped atomic potential and density for unique potential    0
    overlapped atomic potential and density for unique potential    1
    overlapped atomic potential and density for unique potential    2
    overlapped atomic potential and density for unique potential    3
    overlapped atomic potential and density for unique potential    4
Done with module: atomic potentials.

Calculating SCF potentials ...
FEFF-serial using 1 thread.
Muffin tin radii and interstitial parameters [bohr]:
type, norman radius, muffin tin, overlap factor
    0  1.24395E+00  1.18270E+00  1.13744E+00
    1  1.31799E+00  1.27280E+00  1.09033E+00
    2  1.37188E+00  1.28272E+00  1.15000E+00
    3  1.24438E+00  1.18305E+00  1.13759E+00
    4  1.10354E+00  1.04758E+00  1.14238E+00
Core-valence separation energy:  ecv=   -40.000 eV
Initial Fermi level:              mu=    -0.718 eV
SCF ITERATION NUMBER  1
     point #   1  energy = -40.000
FMS for a cluster of  165 atoms around atom type   0
FMS for a cluster of  151 atoms around atom type   1
FMS for a cluster of  157 atoms around atom type   2
FMS for a cluster of  112 atoms around atom type   3
FMS for a cluster of  159 atoms around atom type   4
     point #  20  energy = -28.905
     point #  40  energy =  -9.667
     point #  60  energy =  -9.258
     point #  80  energy = -10.002
 Found bad counts.
  Occupation number in getorb is    10.000
  Will repeat this iteration.
 Found bad counts.
  Occupation number in getorb is    10.000
  Will repeat this iteration.
New Fermi level:    mu=  -9.990 eV  Charge distance=  1.8928 (partial c.d.=  9.4605)
SCF ITERATION NUMBER  1
     point #   1  energy = -40.000
FMS for a cluster of  165 atoms around atom type   0
FMS for a cluster of  151 atoms around atom type   1
FMS for a cluster of  157 atoms around atom type   2
FMS for a cluster of  112 atoms around atom type   3
FMS for a cluster of  159 atoms around atom type   4
     point #  20  energy = -28.996
     point #  40  energy =  -9.990
     point #  60  energy =  -9.899
     point #  80  energy =  -6.661
New Fermi level:    mu=  -6.696 eV  Charge distance=  0.6376 (partial c.d.=  9.6752)
negative density   1 -122.680 - usually harmless precision error, but check DOS if it persists
SCF ITERATION NUMBER  1
     point #   1  energy = -40.000
FMS for a cluster of  165 atoms around atom type   0
FMS for a cluster of  151 atoms around atom type   1
FMS for a cluster of  157 atoms around atom type   2
FMS for a cluster of  112 atoms around atom type   3
FMS for a cluster of  159 atoms around atom type   4
     point #  20  energy = -28.899
     point #  40  energy =  -8.715
     point #  60  energy =  -6.709
     point #  80  energy =  -8.724
     point # 100  energy = -11.643
     point # 120  energy = -12.165
New Fermi level:    mu= -12.241 eV  Charge distance=  0.3419 (partial c.d.=  2.5591)
negative density   1 -136.165 - usually harmless precision error, but check DOS if it persists
SCF ITERATION NUMBER  2
     point #   1  energy = -40.000
     point #  20  energy = -28.691
     point #  40  energy = -12.241
     point #  60  energy = -12.072
     point #  80  energy = -10.000
     point # 100  energy = -10.481
New Fermi level:    mu= -10.587 eV  Charge distance=  0.3228 (partial c.d.=  1.6276)
negative density   1 -219.452 - usually harmless precision error, but check DOS if it persists
SCF ITERATION NUMBER  3
     point #   1  energy = -40.000
     point #  20  energy = -28.843
     point #  40  energy = -10.587
     point #  60  energy = -10.678
     point #  80  energy = -11.537
New Fermi level:    mu= -11.546 eV  Charge distance=  0.2568 (partial c.d.=  8.4685)
negative density   1 -221.246 - usually harmless precision error, but check DOS if it persists
SCF ITERATION NUMBER  4
     point #   1  energy = -40.000
     point #  20  energy = -28.822
     point #  40  energy = -11.546
     point #  60  energy = -11.393
New Fermi level:    mu= -11.218 eV  Charge distance=  0.1642 (partial c.d.=  6.9339)
negative density   1 -284.819 - usually harmless precision error, but check DOS if it persists
SCF ITERATION NUMBER  5
     point #   1  energy = -40.000
     point #  20  energy = -28.693
     point #  40  energy = -11.218
     point #  60  energy = -11.050
New Fermi level:    mu= -10.456 eV  Charge distance=  0.0338 (partial c.d.=  1.2946)
negative density   1 -322.919 - usually harmless precision error, but check DOS if it persists
SCF ITERATION NUMBER  6
     point #   1  energy = -40.000
     point #  20  energy = -28.794
     point #  40  energy = -10.456
New Fermi level:    mu= -10.435 eV  Charge distance=  0.2061 (partial c.d.=  2.3509)
negative density   1 -359.137 - usually harmless precision error, but check DOS if it persists
negative density   1   -0.436 - usually harmless precision error, but check DOS if it persists
SCF ITERATION NUMBER  7
     point #   1  energy = -40.000
     point #  20  energy = -28.786
     point #  40  energy = -10.435
New Fermi level:    mu= -10.465 eV  Charge distance=  0.0335 (partial c.d.=  7.6828)
negative density   1 -368.936 - usually harmless precision error, but check DOS if it persists
negative density   1   -3.696 - usually harmless precision error, but check DOS if it persists
SCF ITERATION NUMBER  8
     point #   1  energy = -40.000
     point #  20  energy = -28.797
     point #  40  energy = -10.465
New Fermi level:    mu= -10.416 eV  Charge distance=  0.1759 (partial c.d.=  1.3599)
negative density   1 -428.204 - usually harmless precision error, but check DOS if it persists
negative density   1  -23.133 - usually harmless precision error, but check DOS if it persists
SCF ITERATION NUMBER  9
     point #   1  energy = -40.000
     point #  20  energy = -28.779
     point #  40  energy = -10.416
     point #  60  energy = -10.541
     point #  80  energy = -10.872
New Fermi level:    mu= -10.786 eV  Charge distance=  0.1228 (partial c.d.=  6.7841)
negative density   1 -424.942 - usually harmless precision error, but check DOS if it persists
negative density   1  -22.454 - usually harmless precision error, but check DOS if it persists
SCF ITERATION NUMBER 10
     point #   1  energy = -40.000
     point #  20  energy = -28.919
     point #  40  energy = -10.786
     point #  60  energy = -10.646
     point #  80  energy = -10.239
New Fermi level:    mu= -10.217 eV  Charge distance=  0.0398 (partial c.d.=  2.3250)
negative density   1 -430.860 - usually harmless precision error, but check DOS if it persists
negative density   1  -24.315 - usually harmless precision error, but check DOS if it persists
SCF ITERATION NUMBER 11
     point #   1  energy = -40.000
     point #  20  energy = -28.703
     point #  40  energy = -10.217
     point #  60  energy = -10.311
     point #  80  energy = -10.642
New Fermi level:    mu= -10.614 eV  Charge distance=  0.1069 (partial c.d.=  0.8305)
negative density   1 -425.535 - usually harmless precision error, but check DOS if it persists
negative density   1  -23.210 - usually harmless precision error, but check DOS if it persists
SCF ITERATION NUMBER 12
     point #   1  energy = -40.000
     point #  20  energy = -28.854
     point #  40  energy = -10.614
     point #  60  energy = -10.739
New Fermi level:    mu= -10.874 eV  Charge distance=  0.0754 (partial c.d.=  2.5111)
negative density   1 -424.801 - usually harmless precision error, but check DOS if it persists
negative density   1  -22.894 - usually harmless precision error, but check DOS if it persists
SCF ITERATION NUMBER 13
     point #   1  energy = -40.000
     point #  20  energy = -28.952
     point #  40  energy = -10.874
     point #  60  energy = -10.799
New Fermi level:    mu= -10.803 eV  Charge distance=  0.0237 (partial c.d.=  2.4148)
negative density   1 -420.325 - usually harmless precision error, but check DOS if it persists
negative density   1  -21.760 - usually harmless precision error, but check DOS if it persists
SCF ITERATION NUMBER 14
     point #   1  energy = -40.000
     point #  20  energy = -28.925
     point #  40  energy = -10.803
New Fermi level:    mu= -10.762 eV  Charge distance=  0.0064 (partial c.d.=  0.7731)
negative density   1 -418.442 - usually harmless precision error, but check DOS if it persists
negative density   1  -21.191 - usually harmless precision error, but check DOS if it persists
SCF ITERATION NUMBER 15
     point #   1  energy = -40.000
     point #  20  energy = -28.910
     point #  40  energy = -10.762
New Fermi level:    mu= -10.727 eV  Charge distance=  0.0068 (partial c.d.=  0.2639)
negative density   1 -416.419 - usually harmless precision error, but check DOS if it persists
negative density   1  -20.549 - usually harmless precision error, but check DOS if it persists
SCF ITERATION NUMBER 16
     point #   1  energy = -40.000
     point #  20  energy = -28.897
     point #  40  energy = -10.727
New Fermi level:    mu= -10.710 eV  Charge distance=  0.0018 (partial c.d.=  0.2689)
negative density   1 -416.069 - usually harmless precision error, but check DOS if it persists
negative density   1  -20.433 - usually harmless precision error, but check DOS if it persists
SCF ITERATION NUMBER 17
     point #   1  energy = -40.000
     point #  20  energy = -28.890
     point #  40  energy = -10.710
New Fermi level:    mu= -10.710 eV  Charge distance=  0.0001 (partial c.d.=  0.0045)
negative density   1 -416.058 - usually harmless precision error, but check DOS if it persists
negative density   1  -20.429 - usually harmless precision error, but check DOS if it persists
SCF ITERATION NUMBER 18
     point #   1  energy = -40.000
     point #  20  energy = -28.890
     point #  40  energy = -10.710
New Fermi level:    mu= -10.710 eV  Charge distance=  0.0011 (partial c.d.=  0.0008)
negative density   1 -414.687 - usually harmless precision error, but check DOS if it persists
negative density   1  -19.983 - usually harmless precision error, but check DOS if it persists
SCF ITERATION NUMBER 19
     point #   1  energy = -40.000
     point #  20  energy = -28.890
     point #  40  energy = -10.710
New Fermi level:    mu= -10.713 eV  Charge distance=  0.0127 (partial c.d.=  0.0483)
negative density   1 -425.026 - usually harmless precision error, but check DOS if it persists
negative density   1  -23.364 - usually harmless precision error, but check DOS if it persists
SCF ITERATION NUMBER 20
     point #   1  energy = -40.000
     point #  20  energy = -28.891
     point #  40  energy = -10.713
New Fermi level:    mu= -10.654 eV  Charge distance=  0.0029 (partial c.d.=  0.2880)
negative density   1 -426.242 - usually harmless precision error, but check DOS if it persists
negative density   1  -23.749 - usually harmless precision error, but check DOS if it persists
SCF ITERATION NUMBER 21
     point #   1  energy = -40.000
     point #  20  energy = -28.869
     point #  40  energy = -10.654
New Fermi level:    mu= -10.645 eV  Charge distance=  0.0035 (partial c.d.=  0.0424)
negative density   1 -428.599 - usually harmless precision error, but check DOS if it persists
negative density   1  -24.502 - usually harmless precision error, but check DOS if it persists
SCF ITERATION NUMBER 22
     point #   1  energy = -40.000
     point #  20  energy = -28.865
     point #  40  energy = -10.645
New Fermi level:    mu= -10.625 eV  Charge distance=  0.0131 (partial c.d.=  0.0194)
negative density   1 -438.482 - usually harmless precision error, but check DOS if it persists
negative density   1  -27.613 - usually harmless precision error, but check DOS if it persists
SCF ITERATION NUMBER 23
     point #   1  energy = -40.000
     point #  20  energy = -28.858
     point #  40  energy = -10.625
     point #  60  energy = -10.550
New Fermi level:    mu= -10.550 eV  Charge distance=  0.0025 (partial c.d.=  0.1073)
negative density   1 -439.605 - usually harmless precision error, but check DOS if it persists
negative density   1  -27.943 - usually harmless precision error, but check DOS if it persists
SCF ITERATION NUMBER 24
     point #   1  energy = -40.000
     point #  20  energy = -28.829
     point #  40  energy = -10.550
New Fermi level:    mu= -10.548 eV  Charge distance=  0.0020 (partial c.d.=  0.0316)
negative density   1 -438.180 - usually harmless precision error, but check DOS if it persists
negative density   1  -27.505 - usually harmless precision error, but check DOS if it persists
SCF ITERATION NUMBER 25
     point #   1  energy = -40.000
     point #  20  energy = -28.829
     point #  40  energy = -10.548
New Fermi level:    mu= -10.560 eV  Charge distance=  0.0060 (partial c.d.=  0.0248)
negative density   1 -442.980 - usually harmless precision error, but check DOS if it persists
negative density   1  -28.947 - usually harmless precision error, but check DOS if it persists
SCF ITERATION NUMBER 26
     point #   1  energy = -40.000
     point #  20  energy = -28.833
     point #  40  energy = -10.560
New Fermi level:    mu= -10.525 eV  Charge distance=  0.0018 (partial c.d.=  0.1070)
negative density   1 -442.185 - usually harmless precision error, but check DOS if it persists
negative density   1  -28.688 - usually harmless precision error, but check DOS if it persists
SCF ITERATION NUMBER 27
     point #   1  energy = -40.000
     point #  20  energy = -28.820
     point #  40  energy = -10.525
New Fermi level:    mu= -10.536 eV  Charge distance=  0.0009 (partial c.d.=  0.0537)
negative density   1 -442.818 - usually harmless precision error, but check DOS if it persists
negative density   1  -28.871 - usually harmless precision error, but check DOS if it persists
SCF ITERATION NUMBER 28
     point #   1  energy = -40.000
     point #  20  energy = -28.824
     point #  40  energy = -10.536
New Fermi level:    mu= -10.532 eV  Charge distance=  0.0011 (partial c.d.=  0.0156)
negative density   1 -443.481 - usually harmless precision error, but check DOS if it persists
negative density   1  -29.053 - usually harmless precision error, but check DOS if it persists
SCF ITERATION NUMBER 29
     point #   1  energy = -40.000
     point #  20  energy = -28.823
     point #  40  energy = -10.532
New Fermi level:    mu= -10.531 eV  Charge distance=  0.0013 (partial c.d.=  0.0042)
negative density   1 -444.391 - usually harmless precision error, but check DOS if it persists
negative density   1  -29.300 - usually harmless precision error, but check DOS if it persists
SCF ITERATION NUMBER 30
     point #   1  energy = -40.000
     point #  20  energy = -28.822
     point #  40  energy = -10.531
New Fermi level:    mu= -10.529 eV  Charge distance=  0.0006 (partial c.d.=  0.0164)
negative density   1 -443.985 - usually harmless precision error, but check DOS if it persists
negative density   1  -29.187 - usually harmless precision error, but check DOS if it persists
SCF ITERATION NUMBER 31
     point #   1  energy = -40.000
     point #  20  energy = -28.821
     point #  40  energy = -10.529
New Fermi level:    mu= -10.530 eV  Charge distance=  0.0001 (partial c.d.=  0.0098)
negative density   1 -444.051 - usually harmless precision error, but check DOS if it persists
negative density   1  -29.204 - usually harmless precision error, but check DOS if it persists
SCF ITERATION NUMBER 32
     point #   1  energy = -40.000
     point #  20  energy = -28.822
     point #  40  energy = -10.530
New Fermi level:    mu= -10.530 eV  Charge distance=  0.0001 (partial c.d.=  0.0021)
negative density   1 -444.036 - usually harmless precision error, but check DOS if it persists
negative density   1  -29.199 - usually harmless precision error, but check DOS if it persists
SCF ITERATION NUMBER 33
     point #   1  energy = -40.000
     point #  20  energy = -28.822
     point #  40  energy = -10.530
New Fermi level:    mu= -10.530 eV  Charge distance=  0.0000 (partial c.d.=  0.0004)
negative density   1 -444.037 - usually harmless precision error, but check DOS if it persists
negative density   1  -29.199 - usually harmless precision error, but check DOS if it persists
SCF ITERATION NUMBER 34
     point #   1  energy = -40.000
     point #  20  energy = -28.822
     point #  40  energy = -10.530
New Fermi level:    mu= -10.530 eV  Charge distance=  0.0001 (partial c.d.=  0.0003)
negative density   1 -444.023 - usually harmless precision error, but check DOS if it persists
negative density   1  -29.193 - usually harmless precision error, but check DOS if it persists
SCF ITERATION NUMBER 35
     point #   1  energy = -40.000
     point #  20  energy = -28.822
     point #  40  energy = -10.530
New Fermi level:    mu= -10.530 eV  Charge distance=  0.0000 (partial c.d.=  0.0018)
negative density   1 -444.012 - usually harmless precision error, but check DOS if it persists
negative density   1  -29.189 - usually harmless precision error, but check DOS if it persists
SCF ITERATION NUMBER 36
     point #   1  energy = -40.000
     point #  20  energy = -28.822
     point #  40  energy = -10.530
New Fermi level:    mu= -10.530 eV  Charge distance=  0.0000 (partial c.d.=  0.0002)
Electronic configuration
  type     l     N_el
     0     0    0.427
     0     1    0.581
     0     2    9.268
     0     3    0.000
     1     0    0.198
     1     1    0.408
     1     2    0.000
     1     3    0.000
     2     0    0.534
     2     1    0.815
     2     2    7.661
     2     3    0.000
     3     0    0.428
     3     1    0.580
     3     2    9.270
     3     3    0.000
     4     0    1.847
     4     1    4.328
     4     2    0.060
     4     3    0.000
Charge transfer:  type  charge
       0   -0.724
       1   -0.394
       2    0.010
       3   -0.722
       4    0.235
Convergence reached in   36 iterations.
Done with module: potentials.

Calculating screened core-hole potential ...
FMS for a cluster of   27 atoms around iph =   0
    0% of energy integration
   20%
   40%
   60%
   80%
  100%
Preparing response function.
Computing (1 - K Chi0)^-1 v_ch
Done with module: screened core-hole potential.

Calculating cross-section and phases ...
    absorption cross section
 x0,dx,rnrm,inrm,jnrm   8.80000000000000       5.000000000000000E-002
   2.35072792199991              194         195
    phase shifts for unique potential    0
    phase shifts for unique potential    1
    phase shifts for unique potential    2
    phase shifts for unique potential    3
    phase shifts for unique potential    4
Done with module: cross-section and phases (XSPH).

FMS calculation of full Green's function ...
FEFF-serial using 1 thread.
Using   194 energy points.
xprep done
FMS for a cluster of  339 atoms
Energy point    1/ 194
Energy point   10/ 194
Energy point   20/ 194
Energy point   30/ 194
Energy point   40/ 194
Energy point   50/ 194
Energy point   60/ 194
Energy point   70/ 194
Energy point   80/ 194
Energy point   90/ 194
Energy point  100/ 194
Energy point  110/ 194
Energy point  120/ 194
Energy point  130/ 194
Energy point  140/ 194
Energy point  150/ 194
Energy point  160/ 194
Energy point  170/ 194
Energy point  180/ 194
Energy point  190/ 194
Done with module: FMS.

MKGTR: Tracing over Green's function ...
Done with module: MKGTR.

Pathfinder: finding scattering paths...
Preparing plane wave scattering amplitudes
Searching for paths
Eliminating path degeneracies
0 paths retained.
Done with module: pathfinder.

Calculating EXAFS parameters ...
Done with module: EXAFS parameters (GENFMT).

Calculating XAS spectra ...
Done with module: XAS spectra (FF2X: DW + final sum over paths).

 
### feff ends at Sun Aug 13 19:59:43 EDT 2023
 
