### feff starts at Mon Aug 14 10:45:33 EDT 2023
### Serial version
### FeffPath is /sdcc/u/mcarbone/software/JFEFF/hsw/feff90/linux
 
Launching FEFF version FEFF 9.9.1
Core hole lifetime is   1.729 eV.
Your calculation:
 comment: None given
 Source:
 Structure Summary:  Cu24 O16 F16
 Reduced formula:  Cu3(OF)2
 space group: (P2_1/c), space number:  (14)
 abc:  8.039263   8.204201  10.371228
 angles: 90.000000  72.597291  90.000000
 sites: 56
Cu K edge XANES using RPA corehole.
Using:     * Self-Consistent Field potentials
Using cards:   ATOMS CONTROL EXCHANGE TITLE RPATH POTENTIALS XANES EDGE SCF FMS S02 COREHOLE EGRID

Calculating atomic potentials ...
    overlapped atomic potential and density for unique potential    0
    overlapped atomic potential and density for unique potential    1
    overlapped atomic potential and density for unique potential    2
    overlapped atomic potential and density for unique potential    3
Done with module: atomic potentials.

Calculating SCF potentials ...
FEFF-serial using 1 thread.
Muffin tin radii and interstitial parameters [bohr]:
type, norman radius, muffin tin, overlap factor
    0  1.33646E+00  1.22987E+00  1.15000E+00
    1  1.32858E+00  1.23467E+00  1.15000E+00
    2  1.10214E+00  1.00568E+00  1.15000E+00
    3  1.14523E+00  1.06001E+00  1.15000E+00
Core-valence separation energy:  ecv=   -40.000 eV
Initial Fermi level:              mu=     2.394 eV
SCF ITERATION NUMBER  1
     point #   1  energy = -40.000
FMS for a cluster of  125 atoms around atom type   0
FMS for a cluster of  118 atoms around atom type   1
FMS for a cluster of  124 atoms around atom type   2
FMS for a cluster of  127 atoms around atom type   3
     point #  20  energy = -28.888
     point #  40  energy =  -8.638
     point #  60  energy =  -2.000
     point #  80  energy =  -2.431
New Fermi level:    mu=  -2.586 eV  Charge distance=  0.2718 (partial c.d.=  8.6757)
SCF ITERATION NUMBER  1
     point #   1  energy = -40.000
FMS for a cluster of  125 atoms around atom type   0
FMS for a cluster of  118 atoms around atom type   1
FMS for a cluster of  124 atoms around atom type   2
FMS for a cluster of  127 atoms around atom type   3
     point #  20  energy = -28.877
     point #  40  energy =  -8.653
     point #  60  energy =  -2.586
     point #  80  energy =  -4.233
     point # 100  energy =  -6.361
New Fermi level:    mu=  -6.662 eV  Charge distance=  0.0498 (partial c.d.=  1.3716)
SCF ITERATION NUMBER  1
     point #   1  energy = -40.000
FMS for a cluster of  125 atoms around atom type   0
FMS for a cluster of  118 atoms around atom type   1
FMS for a cluster of  124 atoms around atom type   2
FMS for a cluster of  127 atoms around atom type   3
     point #  20  energy = -28.887
     point #  40  energy =  -8.683
     point #  60  energy =  -6.650
     point #  80  energy =  -6.212
New Fermi level:    mu=  -6.333 eV  Charge distance=  0.1875 (partial c.d.=  1.1053)
SCF ITERATION NUMBER  2
     point #   1  energy = -40.000
     point #  20  energy = -28.778
     point #  40  energy =  -8.373
     point #  60  energy =  -6.308
New Fermi level:    mu=  -6.294 eV  Charge distance=  0.1114 (partial c.d.=  1.2643)
SCF ITERATION NUMBER  3
     point #   1  energy = -40.000
     point #  20  energy = -28.765
     point #  40  energy =  -8.337
     point #  60  energy =  -6.307
New Fermi level:    mu=  -6.426 eV  Charge distance=  0.0494 (partial c.d.=  1.1240)
SCF ITERATION NUMBER  4
     point #   1  energy = -40.000
     point #  20  energy = -28.809
     point #  40  energy =  -8.461
     point #  60  energy =  -6.451
New Fermi level:    mu=  -6.482 eV  Charge distance=  0.0416 (partial c.d.=  0.3907)
SCF ITERATION NUMBER  5
     point #   1  energy = -40.000
     point #  20  energy = -28.827
     point #  40  energy =  -8.514
     point #  60  energy =  -6.507
New Fermi level:    mu=  -6.595 eV  Charge distance=  0.0567 (partial c.d.=  0.3166)
SCF ITERATION NUMBER  6
     point #   1  energy = -40.000
     point #  20  energy = -28.865
     point #  40  energy =  -8.619
     point #  60  energy =  -6.620
New Fermi level:    mu=  -6.664 eV  Charge distance=  0.0247 (partial c.d.=  0.8147)
SCF ITERATION NUMBER  7
     point #   1  energy = -40.000
     point #  20  energy = -28.888
     point #  40  energy =  -8.684
New Fermi level:    mu=  -6.662 eV  Charge distance=  0.0179 (partial c.d.=  0.1392)
SCF ITERATION NUMBER  8
     point #   1  energy = -40.000
     point #  20  energy = -28.887
     point #  40  energy =  -8.682
New Fermi level:    mu=  -6.650 eV  Charge distance=  0.0060 (partial c.d.=  0.0992)
SCF ITERATION NUMBER  9
     point #   1  energy = -40.000
     point #  20  energy = -28.883
     point #  40  energy =  -8.671
New Fermi level:    mu=  -6.642 eV  Charge distance=  0.0081 (partial c.d.=  0.0158)
SCF ITERATION NUMBER 10
     point #   1  energy = -40.000
     point #  20  energy = -28.881
     point #  40  energy =  -8.664
New Fermi level:    mu=  -6.636 eV  Charge distance=  0.0046 (partial c.d.=  0.0222)
SCF ITERATION NUMBER 11
     point #   1  energy = -40.000
     point #  20  energy = -28.879
     point #  40  energy =  -8.658
New Fermi level:    mu=  -6.632 eV  Charge distance=  0.0001 (partial c.d.=  0.0055)
SCF ITERATION NUMBER 12
     point #   1  energy = -40.000
     point #  20  energy = -28.877
     point #  40  energy =  -8.654
New Fermi level:    mu=  -6.631 eV  Charge distance=  0.0001 (partial c.d.=  0.0010)
SCF ITERATION NUMBER 13
     point #   1  energy = -40.000
     point #  20  energy = -28.877
     point #  40  energy =  -8.653
New Fermi level:    mu=  -6.630 eV  Charge distance=  0.0001 (partial c.d.=  0.0006)
SCF ITERATION NUMBER 14
     point #   1  energy = -40.000
     point #  20  energy = -28.877
     point #  40  energy =  -8.653
New Fermi level:    mu=  -6.629 eV  Charge distance=  0.0000 (partial c.d.=  0.0001)
Electronic configuration
  type     l     N_el
     0     0    0.514
     0     1    0.595
     0     2    9.525
     0     3    0.000
     1     0    0.494
     1     1    0.606
     1     2    9.530
     1     3    0.000
     2     0    1.850
     2     1    4.399
     2     2    0.099
     2     3    0.000
     3     0    1.974
     3     1    5.180
     3     2    0.055
     3     3    0.000
Charge transfer:  type  charge
       0   -0.366
       1   -0.371
       2    0.348
       3    0.209
Convergence reached in   14 iterations.
Done with module: potentials.

Calculating screened core-hole potential ...
FMS for a cluster of   22 atoms around iph =   0
    0% of energy integration
   20%
   40%
   60%
   80%
  100%
Preparing response function.
Computing (1 - K Chi0)^-1 v_ch
Done with module: screened core-hole potential.

Calculating cross-section and phases ...
    absorption cross section
 x0,dx,rnrm,inrm,jnrm   8.80000000000000       5.000000000000000E-002
   2.52553870599998              195         196
    phase shifts for unique potential    0
    phase shifts for unique potential    1
    phase shifts for unique potential    2
    phase shifts for unique potential    3
Done with module: cross-section and phases (XSPH).

FMS calculation of full Green's function ...
FEFF-serial using 1 thread.
Using   194 energy points.
xprep done
FMS for a cluster of  255 atoms
Energy point    1/ 194
Energy point   10/ 194
Energy point   20/ 194
Energy point   30/ 194
Energy point   40/ 194
Energy point   50/ 194
Energy point   60/ 194
Energy point   70/ 194
Energy point   80/ 194
Energy point   90/ 194
Energy point  100/ 194
Energy point  110/ 194
Energy point  120/ 194
Energy point  130/ 194
Energy point  140/ 194
Energy point  150/ 194
Energy point  160/ 194
Energy point  170/ 194
Energy point  180/ 194
Energy point  190/ 194
Done with module: FMS.

MKGTR: Tracing over Green's function ...
Done with module: MKGTR.

Pathfinder: finding scattering paths...
Preparing plane wave scattering amplitudes
Searching for paths
Eliminating path degeneracies
0 paths retained.
Done with module: pathfinder.

Calculating EXAFS parameters ...
Done with module: EXAFS parameters (GENFMT).

Calculating XAS spectra ...
Done with module: XAS spectra (FF2X: DW + final sum over paths).

 
### feff ends at Mon Aug 14 12:43:50 EDT 2023
 
