### feff starts at Mon Aug 14 01:54:41 EDT 2023
### Serial version
### FeffPath is /sdcc/u/mcarbone/software/JFEFF/hsw/feff90/linux
 
Launching FEFF version FEFF 9.9.1
Core hole lifetime is   1.729 eV.
Your calculation:
 comment: None given
 Source:
 Structure Summary:  Na4 Cu4 P12 O36
 Reduced formula:  NaCu(PO3)3
 space group: (P-1), space number:  (2)
 abc:  9.711763   9.726478   9.787650
 angles:106.834300 105.577756 111.870504
 sites: 56
Cu K edge XANES using RPA corehole.
Using:     * Self-Consistent Field potentials
Using cards:   ATOMS CONTROL EXCHANGE TITLE RPATH POTENTIALS XANES EDGE SCF FMS S02 COREHOLE EGRID

Calculating atomic potentials ...
    overlapped atomic potential and density for unique potential    0
    overlapped atomic potential and density for unique potential    1
    overlapped atomic potential and density for unique potential    2
    overlapped atomic potential and density for unique potential    3
    overlapped atomic potential and density for unique potential    4
Done with module: atomic potentials.

Calculating SCF potentials ...
FEFF-serial using 1 thread.
Muffin tin radii and interstitial parameters [bohr]:
type, norman radius, muffin tin, overlap factor
    0  1.35001E+00  1.28120E+00  1.14327E+00
    1  1.48118E+00  1.42797E+00  1.09522E+00
    2  1.36089E+00  1.29161E+00  1.14305E+00
    3  1.15438E+00  9.39364E-01  1.15000E+00
    4  1.03511E+00  8.59387E-01  1.15000E+00
Core-valence separation energy:  ecv=   -40.000 eV
Initial Fermi level:              mu=     7.477 eV
SCF ITERATION NUMBER  1
     point #   1  energy = -40.000
FMS for a cluster of  106 atoms around atom type   0
FMS for a cluster of   99 atoms around atom type   1
FMS for a cluster of   95 atoms around atom type   2
FMS for a cluster of  104 atoms around atom type   3
FMS for a cluster of  111 atoms around atom type   4
     point #  20  energy = -28.881
     point #  40  energy =  -8.631
     point #  60  energy =  -5.150
     point #  80  energy =  -4.003
New Fermi level:    mu=  -3.945 eV  Charge distance=  0.9169 (partial c.d.=  6.5098)
SCF ITERATION NUMBER  1
     point #   1  energy = -40.000
FMS for a cluster of  106 atoms around atom type   0
FMS for a cluster of   99 atoms around atom type   1
FMS for a cluster of   95 atoms around atom type   2
FMS for a cluster of  104 atoms around atom type   3
FMS for a cluster of  111 atoms around atom type   4
     point #  20  energy = -28.983
     point #  40  energy =  -8.952
     point #  60  energy =  -3.945
     point #  80  energy =  -5.845
     point # 100  energy =  -6.782
     point # 120  energy =  -6.395
New Fermi level:    mu=  -6.387 eV  Charge distance=  0.2793 (partial c.d.=  4.8898)
SCF ITERATION NUMBER  1
     point #   1  energy = -40.000
FMS for a cluster of  106 atoms around atom type   0
FMS for a cluster of   99 atoms around atom type   1
FMS for a cluster of   95 atoms around atom type   2
FMS for a cluster of  104 atoms around atom type   3
FMS for a cluster of  111 atoms around atom type   4
     point #  20  energy = -28.796
     point #  40  energy =  -8.424
     point #  60  energy =  -6.412
New Fermi level:    mu=  -6.402 eV  Charge distance=  0.1497 (partial c.d.=  0.2164)
SCF ITERATION NUMBER  2
     point #   1  energy = -40.000
     point #  20  energy = -28.801
     point #  40  energy =  -8.438
     point #  60  energy =  -6.377
New Fermi level:    mu=  -6.295 eV  Charge distance=  0.1583 (partial c.d.=  0.2918)
SCF ITERATION NUMBER  3
     point #   1  energy = -40.000
     point #  20  energy = -28.765
     point #  40  energy =  -8.338
     point #  60  energy =  -6.270
New Fermi level:    mu=  -6.158 eV  Charge distance=  0.1208 (partial c.d.=  0.2207)
SCF ITERATION NUMBER  4
     point #   1  energy = -40.000
     point #  20  energy = -28.719
     point #  40  energy =  -8.209
     point #  60  energy =  -6.170
New Fermi level:    mu=  -6.322 eV  Charge distance=  0.0896 (partial c.d.=  0.2363)
SCF ITERATION NUMBER  5
     point #   1  energy = -40.000
     point #  20  energy = -28.774
     point #  40  energy =  -8.363
New Fermi level:    mu=  -6.310 eV  Charge distance=  0.0310 (partial c.d.=  0.1599)
SCF ITERATION NUMBER  6
     point #   1  energy = -40.000
     point #  20  energy = -28.770
     point #  40  energy =  -8.352
     point #  60  energy =  -6.335
New Fermi level:    mu=  -6.344 eV  Charge distance=  0.0052 (partial c.d.=  0.0448)
SCF ITERATION NUMBER  7
     point #   1  energy = -40.000
     point #  20  energy = -28.781
     point #  40  energy =  -8.384
New Fermi level:    mu=  -6.353 eV  Charge distance=  0.0097 (partial c.d.=  0.0034)
SCF ITERATION NUMBER  8
     point #   1  energy = -40.000
     point #  20  energy = -28.784
     point #  40  energy =  -8.392
New Fermi level:    mu=  -6.362 eV  Charge distance=  0.0023 (partial c.d.=  0.0049)
SCF ITERATION NUMBER  9
     point #   1  energy = -40.000
     point #  20  energy = -28.787
     point #  40  energy =  -8.401
New Fermi level:    mu=  -6.357 eV  Charge distance=  0.0019 (partial c.d.=  0.0013)
SCF ITERATION NUMBER 10
     point #   1  energy = -40.000
     point #  20  energy = -28.786
     point #  40  energy =  -8.396
New Fermi level:    mu=  -6.351 eV  Charge distance=  0.0004 (partial c.d.=  0.0007)
SCF ITERATION NUMBER 11
     point #   1  energy = -40.000
     point #  20  energy = -28.784
     point #  40  energy =  -8.390
New Fermi level:    mu=  -6.350 eV  Charge distance=  0.0001 (partial c.d.=  0.0005)
SCF ITERATION NUMBER 12
     point #   1  energy = -40.000
     point #  20  energy = -28.783
     point #  40  energy =  -8.389
New Fermi level:    mu=  -6.350 eV  Charge distance=  0.0000 (partial c.d.=  0.0001)
Electronic configuration
  type     l     N_el
     0     0    0.441
     0     1    0.571
     0     2    9.653
     0     3    0.000
     1     0    0.271
     1     1    6.397
     1     2    0.310
     1     3    0.000
     2     0    0.444
     2     1    0.574
     2     2    9.641
     2     3    0.000
     3     0    1.181
     3     1    2.014
     3     2    1.018
     3     3    0.000
     4     0    1.833
     4     1    4.378
     4     2    0.092
     4     3    0.000
Charge transfer:  type  charge
       0   -0.335
       1   -0.022
       2   -0.341
       3   -0.787
       4    0.303
Convergence reached in   12 iterations.
Done with module: potentials.

Calculating screened core-hole potential ...
FMS for a cluster of   22 atoms around iph =   0
    0% of energy integration
   20%
   40%
   60%
   80%
  100%
Preparing response function.
Computing (1 - K Chi0)^-1 v_ch
Done with module: screened core-hole potential.

Calculating cross-section and phases ...
    absorption cross section
 x0,dx,rnrm,inrm,jnrm   8.80000000000000       5.000000000000000E-002
   2.55115401600010              195         196
    phase shifts for unique potential    0
    phase shifts for unique potential    1
    phase shifts for unique potential    2
    phase shifts for unique potential    3
    phase shifts for unique potential    4
Done with module: cross-section and phases (XSPH).

FMS calculation of full Green's function ...
FEFF-serial using 1 thread.
Using   194 energy points.
xprep done
FMS for a cluster of  224 atoms
Energy point    1/ 194
Energy point   10/ 194
Energy point   20/ 194
Energy point   30/ 194
Energy point   40/ 194
Energy point   50/ 194
Energy point   60/ 194
Energy point   70/ 194
Energy point   80/ 194
Energy point   90/ 194
Energy point  100/ 194
Energy point  110/ 194
Energy point  120/ 194
Energy point  130/ 194
Energy point  140/ 194
Energy point  150/ 194
Energy point  160/ 194
Energy point  170/ 194
Energy point  180/ 194
Energy point  190/ 194
Done with module: FMS.

MKGTR: Tracing over Green's function ...
Done with module: MKGTR.

Pathfinder: finding scattering paths...
Preparing plane wave scattering amplitudes
Searching for paths
Eliminating path degeneracies
0 paths retained.
Done with module: pathfinder.

Calculating EXAFS parameters ...
Done with module: EXAFS parameters (GENFMT).

Calculating XAS spectra ...
Done with module: XAS spectra (FF2X: DW + final sum over paths).

 
### feff ends at Mon Aug 14 03:20:00 EDT 2023
 
