### feff starts at Sun Aug 13 21:32:33 EDT 2023
### Serial version
### FeffPath is /sdcc/u/mcarbone/software/JFEFF/hsw/feff90/linux
 
Launching FEFF version FEFF 9.9.1
Core hole lifetime is   1.729 eV.
Your calculation:
 comment: None given
 Source:
 Structure Summary:  Li2 Cu10 P4 O16
 Reduced formula:  LiCu5(PO4)2
 space group: (P1), space number:  (1)
 abc:  5.604821   6.248569  10.322953
 angles: 90.971907  90.348418  91.171567
 sites: 32
Cu K edge XANES using RPA corehole.
Using:     * Self-Consistent Field potentials
Using cards:   ATOMS CONTROL EXCHANGE TITLE RPATH POTENTIALS XANES EDGE SCF FMS S02 COREHOLE EGRID

Calculating atomic potentials ...
    overlapped atomic potential and density for unique potential    0
    overlapped atomic potential and density for unique potential    1
    overlapped atomic potential and density for unique potential    2
    overlapped atomic potential and density for unique potential    3
    overlapped atomic potential and density for unique potential    4
Done with module: atomic potentials.

Calculating SCF potentials ...
FEFF-serial using 1 thread.
Muffin tin radii and interstitial parameters [bohr]:
type, norman radius, muffin tin, overlap factor
    0  1.38659E+00  1.28355E+00  1.15000E+00
    1  1.33056E+00  1.26962E+00  1.12613E+00
    2  1.41838E+00  1.36153E+00  1.10795E+00
    3  1.15776E+00  9.45840E-01  1.15000E+00
    4  1.04016E+00  9.17901E-01  1.15000E+00
Core-valence separation energy:  ecv=   -40.000 eV
Initial Fermi level:              mu=     5.037 eV
SCF ITERATION NUMBER  1
     point #   1  energy = -40.000
FMS for a cluster of  129 atoms around atom type   0
FMS for a cluster of  127 atoms around atom type   1
FMS for a cluster of  128 atoms around atom type   2
FMS for a cluster of  121 atoms around atom type   3
FMS for a cluster of  131 atoms around atom type   4
     point #  20  energy = -28.774
     point #  40  energy =  -8.524
     point #  60  energy =  -2.343
     point #  80  energy =  -2.977
New Fermi level:    mu=  -3.022 eV  Charge distance=  0.2927 (partial c.d.=  8.2468)
negative density   1 -132.770 - usually harmless precision error, but check DOS if it persists
SCF ITERATION NUMBER  1
     point #   1  energy = -40.000
FMS for a cluster of  129 atoms around atom type   0
FMS for a cluster of  127 atoms around atom type   1
FMS for a cluster of  128 atoms around atom type   2
FMS for a cluster of  121 atoms around atom type   3
FMS for a cluster of  131 atoms around atom type   4
     point #  20  energy = -29.006
     point #  40  energy =  -9.018
     point #  60  energy =  -3.022
     point #  80  energy =  -4.534
     point # 100  energy =  -6.741
New Fermi level:    mu=  -6.626 eV  Charge distance=  0.1388 (partial c.d.=  1.8689)
negative density   1 -274.598 - usually harmless precision error, but check DOS if it persists
SCF ITERATION NUMBER  1
     point #   1  energy = -40.000
FMS for a cluster of  129 atoms around atom type   0
FMS for a cluster of  127 atoms around atom type   1
FMS for a cluster of  128 atoms around atom type   2
FMS for a cluster of  121 atoms around atom type   3
FMS for a cluster of  131 atoms around atom type   4
     point #  20  energy = -28.875
     point #  40  energy =  -8.648
     point #  60  energy =  -6.613
     point #  80  energy =  -5.876
New Fermi level:    mu=  -5.902 eV  Charge distance=  0.0960 (partial c.d.=  0.3069)
negative density   1 -416.141 - usually harmless precision error, but check DOS if it persists
negative density   1   -5.368 - usually harmless precision error, but check DOS if it persists
SCF ITERATION NUMBER  2
     point #   1  energy = -40.000
     point #  20  energy = -28.968
     point #  40  energy =  -8.911
     point #  60  energy =  -5.889
New Fermi level:    mu=  -5.860 eV  Charge distance=  0.3284 (partial c.d.=  0.0232)
negative density   1 -993.421 - usually harmless precision error, but check DOS if it persists
negative density   1 -183.748 - usually harmless precision error, but check DOS if it persists
SCF ITERATION NUMBER  3
     point #   1  energy = -40.000
     point #  20  energy = -28.955
     point #  40  energy =  -8.872
     point #  60  energy =  -5.872
New Fermi level:    mu=  -5.927 eV  Charge distance=  0.0081 (partial c.d.=  0.0621)
negative density   1-1044.544 - usually harmless precision error, but check DOS if it persists
negative density   1 -199.707 - usually harmless precision error, but check DOS if it persists
SCF ITERATION NUMBER  4
     point #   1  energy = -40.000
     point #  20  energy = -28.976
     point #  40  energy =  -8.933
     point #  60  energy =  -5.939
New Fermi level:    mu=  -5.967 eV  Charge distance=  0.0162 (partial c.d.=  0.0147)
negative density   1-1082.902 - usually harmless precision error, but check DOS if it persists
negative density   1 -211.860 - usually harmless precision error, but check DOS if it persists
SCF ITERATION NUMBER  5
     point #   1  energy = -40.000
     point #  20  energy = -28.989
     point #  40  energy =  -8.970
     point #  60  energy =  -5.980
New Fermi level:    mu=  -5.999 eV  Charge distance=  0.0062 (partial c.d.=  0.0122)
negative density   1-1099.165 - usually harmless precision error, but check DOS if it persists
negative density   1 -217.110 - usually harmless precision error, but check DOS if it persists
SCF ITERATION NUMBER  6
     point #   1  energy = -40.000
     point #  20  energy = -29.000
     point #  40  energy =  -8.999
     point #  60  energy =  -5.987
New Fermi level:    mu=  -5.995 eV  Charge distance=  0.0077 (partial c.d.=  0.0051)
negative density   1-1116.938 - usually harmless precision error, but check DOS if it persists
negative density   1 -222.924 - usually harmless precision error, but check DOS if it persists
SCF ITERATION NUMBER  7
     point #   1  energy = -40.000
     point #  20  energy = -28.998
     point #  40  energy =  -8.996
     point #  60  energy =  -5.983
New Fermi level:    mu=  -5.982 eV  Charge distance=  0.0050 (partial c.d.=  0.0065)
negative density   1-1133.285 - usually harmless precision error, but check DOS if it persists
negative density   1 -228.205 - usually harmless precision error, but check DOS if it persists
SCF ITERATION NUMBER  8
     point #   1  energy = -40.000
     point #  20  energy = -28.994
     point #  40  energy =  -8.984
     point #  60  energy =  -5.970
New Fermi level:    mu=  -5.975 eV  Charge distance=  0.0007 (partial c.d.=  0.0084)
negative density   1-1133.743 - usually harmless precision error, but check DOS if it persists
negative density   1 -228.330 - usually harmless precision error, but check DOS if it persists
SCF ITERATION NUMBER  9
     point #   1  energy = -40.000
     point #  20  energy = -28.992
     point #  40  energy =  -8.977
     point #  60  energy =  -5.988
New Fermi level:    mu=  -5.977 eV  Charge distance=  0.0002 (partial c.d.=  0.0040)
negative density   1-1135.590 - usually harmless precision error, but check DOS if it persists
negative density   1 -228.913 - usually harmless precision error, but check DOS if it persists
SCF ITERATION NUMBER 10
     point #   1  energy = -40.000
     point #  20  energy = -28.992
     point #  40  energy =  -8.979
     point #  60  energy =  -5.964
New Fermi level:    mu=  -5.977 eV  Charge distance=  0.0001 (partial c.d.=  0.0007)
negative density   1-1139.001 - usually harmless precision error, but check DOS if it persists
negative density   1 -229.992 - usually harmless precision error, but check DOS if it persists
SCF ITERATION NUMBER 11
     point #   1  energy = -40.000
     point #  20  energy = -28.992
     point #  40  energy =  -8.979
     point #  60  energy =  -5.989
New Fermi level:    mu=  -5.977 eV  Charge distance=  0.0001 (partial c.d.=  0.0001)
Electronic configuration
  type     l     N_el
     0     0    0.592
     0     1    0.634
     0     2    9.587
     0     3    0.000
     1     0    0.275
     1     1    0.572
     1     2    0.000
     1     3    0.000
     2     0    0.566
     2     1    0.625
     2     2    9.635
     2     3    0.000
     3     0    1.204
     3     1    2.064
     3     2    1.040
     3     3    0.000
     4     0    1.838
     4     1    4.389
     4     2    0.075
     4     3    0.000
Charge transfer:  type  charge
       0   -0.187
       1   -0.153
       2   -0.174
       3   -0.691
       4    0.301
Convergence reached in   11 iterations.
Done with module: potentials.

Calculating screened core-hole potential ...
FMS for a cluster of   29 atoms around iph =   0
    0% of energy integration
   20%
   40%
   60%
   80%
  100%
Preparing response function.
Computing (1 - K Chi0)^-1 v_ch
Done with module: screened core-hole potential.

Calculating cross-section and phases ...
    absorption cross section
 x0,dx,rnrm,inrm,jnrm   8.80000000000000       5.000000000000000E-002
   2.62027549299985              196         197
    phase shifts for unique potential    0
    phase shifts for unique potential    1
    phase shifts for unique potential    2
    phase shifts for unique potential    3
    phase shifts for unique potential    4
Done with module: cross-section and phases (XSPH).

FMS calculation of full Green's function ...
FEFF-serial using 1 thread.
Using   194 energy points.
xprep done
FMS for a cluster of  271 atoms
Energy point    1/ 194
Energy point   10/ 194
Energy point   20/ 194
Energy point   30/ 194
Energy point   40/ 194
Energy point   50/ 194
Energy point   60/ 194
Energy point   70/ 194
Energy point   80/ 194
Energy point   90/ 194
Energy point  100/ 194
Energy point  110/ 194
Energy point  120/ 194
Energy point  130/ 194
Energy point  140/ 194
Energy point  150/ 194
Energy point  160/ 194
Energy point  170/ 194
Energy point  180/ 194
Energy point  190/ 194
Done with module: FMS.

MKGTR: Tracing over Green's function ...
Done with module: MKGTR.

Pathfinder: finding scattering paths...
Preparing plane wave scattering amplitudes
Searching for paths
Eliminating path degeneracies
0 paths retained.
Done with module: pathfinder.

Calculating EXAFS parameters ...
Done with module: EXAFS parameters (GENFMT).

Calculating XAS spectra ...
Done with module: XAS spectra (FF2X: DW + final sum over paths).

 
### feff ends at Sun Aug 13 23:37:47 EDT 2023
 
