### feff starts at Sun Aug 13 15:01:22 EDT 2023
### Serial version
### FeffPath is /sdcc/u/mcarbone/software/JFEFF/hsw/feff90/linux
 
Launching FEFF version FEFF 9.9.1
Core hole lifetime is   1.729 eV.
Your calculation:
 comment: None given
 Source:
 Structure Summary:  Mn4 Cu2 O8
 Reduced formula:  Mn2CuO4
 space group: (R3m), space number:  (160)
 abc:  6.020085   6.020085   6.020085
 angles: 60.302325  60.302325  60.302329
 sites: 14
Cu K edge XANES using RPA corehole.
Using:     * Self-Consistent Field potentials
Using cards:   ATOMS CONTROL EXCHANGE TITLE RPATH POTENTIALS XANES EDGE SCF FMS S02 COREHOLE EGRID

Calculating atomic potentials ...
    overlapped atomic potential and density for unique potential    0
    overlapped atomic potential and density for unique potential    1
    overlapped atomic potential and density for unique potential    2
    overlapped atomic potential and density for unique potential    3
Done with module: atomic potentials.

Calculating SCF potentials ...
FEFF-serial using 1 thread.
Muffin tin radii and interstitial parameters [bohr]:
type, norman radius, muffin tin, overlap factor
    0  1.32594E+00  1.27108E+00  1.11199E+00
    1  1.40205E+00  1.29979E+00  1.15000E+00
    2  1.34665E+00  1.26823E+00  1.15000E+00
    3  1.09930E+00  1.02663E+00  1.15000E+00
Core-valence separation energy:  ecv=   -40.000 eV
Initial Fermi level:              mu=    -0.044 eV
SCF ITERATION NUMBER  1
     point #   1  energy = -40.000
FMS for a cluster of  125 atoms around atom type   0
FMS for a cluster of  127 atoms around atom type   1
FMS for a cluster of  111 atoms around atom type   2
FMS for a cluster of  136 atoms around atom type   3
     point #  20  energy = -28.766
     point #  40  energy =  -8.516
     point #  60  energy =  -7.879
     point #  80  energy =  -8.298
 Found bad counts.
  Occupation number in getorb is    10.000
  Will repeat this iteration.
 Found bad counts.
  Occupation number in getorb is    10.000
  Will repeat this iteration.
New Fermi level:    mu=  -8.288 eV  Charge distance=  1.9376 (partial c.d.=  8.8646)
SCF ITERATION NUMBER  1
     point #   1  energy = -40.000
FMS for a cluster of  125 atoms around atom type   0
FMS for a cluster of  127 atoms around atom type   1
FMS for a cluster of  111 atoms around atom type   2
FMS for a cluster of  136 atoms around atom type   3
     point #  20  energy = -28.747
     point #  40  energy =  -8.288
     point #  60  energy =  -8.247
     point #  80  energy =  -5.429
     point # 100  energy =  -4.722
New Fermi level:    mu=  -4.645 eV  Charge distance=  0.8981 (partial c.d.=  9.8845)
SCF ITERATION NUMBER  1
     point #   1  energy = -40.000
FMS for a cluster of  125 atoms around atom type   0
FMS for a cluster of  127 atoms around atom type   1
FMS for a cluster of  111 atoms around atom type   2
FMS for a cluster of  136 atoms around atom type   3
     point #  20  energy = -28.888
     point #  40  energy =  -8.685
     point #  60  energy =  -4.645
     point #  80  energy =  -6.223
     point # 100  energy = -11.345
     point # 120  energy = -11.579
New Fermi level:    mu= -11.594 eV  Charge distance=  0.2765 (partial c.d.=  4.3592)
SCF ITERATION NUMBER  2
     point #   1  energy = -40.000
     point #  20  energy = -28.840
     point #  40  energy = -11.594
     point #  60  energy = -11.425
     point #  80  energy =  -8.981
New Fermi level:    mu=  -8.966 eV  Charge distance=  0.3036 (partial c.d.=  2.1399)
SCF ITERATION NUMBER  3
     point #   1  energy = -40.000
     point #  20  energy = -28.988
     point #  40  energy =  -8.966
     point #  60  energy =  -9.007
     point #  80  energy = -10.479
New Fermi level:    mu= -10.485 eV  Charge distance=  0.1877 (partial c.d.=  6.3894)
SCF ITERATION NUMBER  4
     point #   1  energy = -40.000
     point #  20  energy = -28.805
     point #  40  energy = -10.485
     point #  60  energy = -10.575
New Fermi level:    mu= -11.122 eV  Charge distance=  0.0997 (partial c.d.=  6.0107)
SCF ITERATION NUMBER  5
     point #   1  energy = -40.000
     point #  20  energy = -29.046
     point #  40  energy = -11.122
     point #  60  energy = -10.997
New Fermi level:    mu= -10.924 eV  Charge distance=  0.0091 (partial c.d.=  2.3274)
SCF ITERATION NUMBER  6
     point #   1  energy = -40.000
     point #  20  energy = -28.971
     point #  40  energy = -10.924
     point #  60  energy = -10.849
New Fermi level:    mu= -10.858 eV  Charge distance=  0.1626 (partial c.d.=  0.3507)
SCF ITERATION NUMBER  7
     point #   1  energy = -40.000
     point #  20  energy = -28.946
     point #  40  energy = -10.858
     point #  60  energy = -10.767
New Fermi level:    mu= -10.101 eV  Charge distance=  0.0299 (partial c.d.=  6.2556)
SCF ITERATION NUMBER  8
     point #   1  energy = -40.000
     point #  20  energy = -29.037
     point #  40  energy = -10.101
New Fermi level:    mu= -10.057 eV  Charge distance=  0.6458 (partial c.d.=  0.2899)
SCF ITERATION NUMBER  9
     point #   1  energy = -40.000
     point #  20  energy = -29.021
     point #  40  energy = -10.057
     point #  60  energy =  -9.966
New Fermi level:    mu=  -9.669 eV  Charge distance=  0.3601 (partial c.d.=  9.0772)
SCF ITERATION NUMBER 10
     point #   1  energy = -40.000
     point #  20  energy = -28.879
     point #  40  energy =  -9.669
     point #  60  energy =  -9.766
New Fermi level:    mu=  -9.814 eV  Charge distance=  0.0635 (partial c.d.=  4.5655)
SCF ITERATION NUMBER 11
     point #   1  energy = -40.000
     point #  20  energy = -28.932
     point #  40  energy =  -9.814
     point #  60  energy =  -9.904
New Fermi level:    mu= -10.505 eV  Charge distance=  0.1017 (partial c.d.=  0.3777)
SCF ITERATION NUMBER 12
     point #   1  energy = -40.000
     point #  20  energy = -28.812
     point #  40  energy = -10.505
     point #  60  energy = -10.630
New Fermi level:    mu= -10.772 eV  Charge distance=  0.0390 (partial c.d.=  0.9899)
SCF ITERATION NUMBER 13
     point #   1  energy = -40.000
     point #  20  energy = -28.914
     point #  40  energy = -10.772
     point #  60  energy = -10.697
New Fermi level:    mu= -10.677 eV  Charge distance=  0.0306 (partial c.d.=  0.6670)
SCF ITERATION NUMBER 14
     point #   1  energy = -40.000
     point #  20  energy = -28.877
     point #  40  energy = -10.677
New Fermi level:    mu= -10.696 eV  Charge distance=  0.1099 (partial c.d.=  0.1232)
SCF ITERATION NUMBER 15
     point #   1  energy = -40.000
     point #  20  energy = -28.885
     point #  40  energy = -10.696
New Fermi level:    mu= -10.661 eV  Charge distance=  0.0106 (partial c.d.=  0.5387)
SCF ITERATION NUMBER 16
     point #   1  energy = -40.000
     point #  20  energy = -28.871
     point #  40  energy = -10.661
     point #  60  energy = -10.586
New Fermi level:    mu= -10.563 eV  Charge distance=  0.0102 (partial c.d.=  0.2709)
SCF ITERATION NUMBER 17
     point #   1  energy = -40.000
     point #  20  energy = -28.834
     point #  40  energy = -10.563
New Fermi level:    mu= -10.568 eV  Charge distance=  0.0452 (partial c.d.=  0.0575)
SCF ITERATION NUMBER 18
     point #   1  energy = -40.000
     point #  20  energy = -28.836
     point #  40  energy = -10.568
New Fermi level:    mu= -10.572 eV  Charge distance=  0.0038 (partial c.d.=  0.2287)
SCF ITERATION NUMBER 19
     point #   1  energy = -40.000
     point #  20  energy = -28.838
     point #  40  energy = -10.572
New Fermi level:    mu= -10.581 eV  Charge distance=  0.0117 (partial c.d.=  0.0467)
SCF ITERATION NUMBER 20
     point #   1  energy = -40.000
     point #  20  energy = -28.841
     point #  40  energy = -10.581
New Fermi level:    mu= -10.584 eV  Charge distance=  0.0082 (partial c.d.=  0.0335)
SCF ITERATION NUMBER 21
     point #   1  energy = -40.000
     point #  20  energy = -28.842
     point #  40  energy = -10.584
New Fermi level:    mu= -10.585 eV  Charge distance=  0.0007 (partial c.d.=  0.0146)
SCF ITERATION NUMBER 22
     point #   1  energy = -40.000
     point #  20  energy = -28.843
     point #  40  energy = -10.585
New Fermi level:    mu= -10.584 eV  Charge distance=  0.0015 (partial c.d.=  0.0035)
SCF ITERATION NUMBER 23
     point #   1  energy = -40.000
     point #  20  energy = -28.842
     point #  40  energy = -10.584
New Fermi level:    mu= -10.582 eV  Charge distance=  0.0005 (partial c.d.=  0.0067)
SCF ITERATION NUMBER 24
     point #   1  energy = -40.000
     point #  20  energy = -28.842
     point #  40  energy = -10.582
New Fermi level:    mu= -10.582 eV  Charge distance=  0.0004 (partial c.d.=  0.0009)
SCF ITERATION NUMBER 25
     point #   1  energy = -40.000
     point #  20  energy = -28.842
     point #  40  energy = -10.582
New Fermi level:    mu= -10.582 eV  Charge distance=  0.0000 (partial c.d.=  0.0008)
SCF ITERATION NUMBER 26
     point #   1  energy = -40.000
     point #  20  energy = -28.842
     point #  40  energy = -10.582
New Fermi level:    mu= -10.583 eV  Charge distance=  0.0002 (partial c.d.=  0.0002)
Electronic configuration
  type     l     N_el
     0     0    0.385
     0     1    0.494
     0     2    9.381
     0     3    0.000
     1     0    0.474
     1     1    0.764
     1     2    5.649
     1     3    0.000
     2     0    0.433
     2     1    0.561
     2     2    9.339
     2     3    0.000
     3     0    1.839
     3     1    4.302
     3     2    0.082
     3     3    0.000
Charge transfer:  type  charge
       0   -0.739
       1   -0.112
       2   -0.667
       3    0.224
Convergence reached in   26 iterations.
Done with module: potentials.

Calculating screened core-hole potential ...
FMS for a cluster of   27 atoms around iph =   0
    0% of energy integration
   20%
   40%
   60%
   80%
  100%
Preparing response function.
Computing (1 - K Chi0)^-1 v_ch
Done with module: screened core-hole potential.

Calculating cross-section and phases ...
    absorption cross section
 x0,dx,rnrm,inrm,jnrm   8.80000000000000       5.000000000000000E-002
   2.50567268700006              195         196
    phase shifts for unique potential    0
    phase shifts for unique potential    1
    phase shifts for unique potential    2
    phase shifts for unique potential    3
Done with module: cross-section and phases (XSPH).

FMS calculation of full Green's function ...
FEFF-serial using 1 thread.
Using   194 energy points.
xprep done
FMS for a cluster of  272 atoms
Energy point    1/ 194
Energy point   10/ 194
Energy point   20/ 194
Energy point   30/ 194
Energy point   40/ 194
Energy point   50/ 194
Energy point   60/ 194
Energy point   70/ 194
Energy point   80/ 194
Energy point   90/ 194
Energy point  100/ 194
Energy point  110/ 194
Energy point  120/ 194
Energy point  130/ 194
Energy point  140/ 194
Energy point  150/ 194
Energy point  160/ 194
Energy point  170/ 194
Energy point  180/ 194
Energy point  190/ 194
Done with module: FMS.

MKGTR: Tracing over Green's function ...
Done with module: MKGTR.

Pathfinder: finding scattering paths...
Preparing plane wave scattering amplitudes
Searching for paths
Eliminating path degeneracies
0 paths retained.
Done with module: pathfinder.

Calculating EXAFS parameters ...
Done with module: EXAFS parameters (GENFMT).

Calculating XAS spectra ...
Done with module: XAS spectra (FF2X: DW + final sum over paths).

 
### feff ends at Sun Aug 13 17:54:35 EDT 2023
 
