### feff starts at Mon Aug 14 06:15:58 EDT 2023
### Serial version
### FeffPath is /sdcc/u/mcarbone/software/JFEFF/hsw/feff90/linux
 
Launching FEFF version FEFF 9.9.1
Core hole lifetime is   1.729 eV.
Your calculation:
 comment: None given
 Source:
 Structure Summary:  Cu8 Ag8 P8 O32
 Reduced formula:  CuAgPO4
 space group: (Pbca), space number:  (61)
 abc:  5.770817   7.622988  15.950476
 angles: 90.000000  90.000000  90.000000
 sites: 56
Cu K edge XANES using RPA corehole.
Using:     * Self-Consistent Field potentials
Using cards:   ATOMS CONTROL EXCHANGE TITLE RPATH POTENTIALS XANES EDGE SCF FMS S02 COREHOLE EGRID

Calculating atomic potentials ...
    overlapped atomic potential and density for unique potential    0
    overlapped atomic potential and density for unique potential    1
    overlapped atomic potential and density for unique potential    2
    overlapped atomic potential and density for unique potential    3
    overlapped atomic potential and density for unique potential    4
Done with module: atomic potentials.

Calculating SCF potentials ...
FEFF-serial using 1 thread.
Muffin tin radii and interstitial parameters [bohr]:
type, norman radius, muffin tin, overlap factor
    0  1.35652E+00  1.28982E+00  1.13722E+00
    1  1.35652E+00  1.28982E+00  1.13722E+00
    2  1.67060E+00  1.62277E+00  1.07386E+00
    3  1.16130E+00  9.45041E-01  1.15000E+00
    4  1.04857E+00  9.13198E-01  1.15000E+00
Core-valence separation energy:  ecv=   -40.000 eV
Initial Fermi level:              mu=     5.925 eV
SCF ITERATION NUMBER  1
     point #   1  energy = -40.000
FMS for a cluster of  115 atoms around atom type   0
FMS for a cluster of  108 atoms around atom type   1
FMS for a cluster of  104 atoms around atom type   2
FMS for a cluster of  113 atoms around atom type   3
FMS for a cluster of  116 atoms around atom type   4
     point #  20  energy = -28.798
     point #  40  energy =  -8.548
     point #  60  energy =  -3.223
     point #  80  energy =  -3.223
New Fermi level:    mu=  -3.230 eV  Charge distance=  0.5534 (partial c.d.=  9.6171)
SCF ITERATION NUMBER  1
     point #   1  energy = -40.000
FMS for a cluster of  115 atoms around atom type   0
FMS for a cluster of  108 atoms around atom type   1
FMS for a cluster of  104 atoms around atom type   2
FMS for a cluster of  113 atoms around atom type   3
FMS for a cluster of  116 atoms around atom type   4
     point #  20  energy = -28.765
     point #  40  energy =  -8.337
     point #  60  energy =  -3.230
     point #  80  energy =  -5.130
     point # 100  energy =  -6.523
New Fermi level:    mu=  -6.549 eV  Charge distance=  0.1668 (partial c.d.=  3.0128)
SCF ITERATION NUMBER  1
     point #   1  energy = -40.000
FMS for a cluster of  115 atoms around atom type   0
FMS for a cluster of  108 atoms around atom type   1
FMS for a cluster of  104 atoms around atom type   2
FMS for a cluster of  113 atoms around atom type   3
FMS for a cluster of  116 atoms around atom type   4
     point #  20  energy = -28.850
     point #  40  energy =  -8.577
     point #  60  energy =  -6.524
New Fermi level:    mu=  -6.526 eV  Charge distance=  0.0963 (partial c.d.=  0.3113)
SCF ITERATION NUMBER  2
     point #   1  energy = -40.000
     point #  20  energy = -28.842
     point #  40  energy =  -8.555
     point #  60  energy =  -6.514
     point #  80  energy =  -6.201
New Fermi level:    mu=  -6.304 eV  Charge distance=  0.1853 (partial c.d.=  0.2047)
SCF ITERATION NUMBER  3
     point #   1  energy = -40.000
     point #  20  energy = -28.768
     point #  40  energy =  -8.346
     point #  60  energy =  -6.329
New Fermi level:    mu=  -6.405 eV  Charge distance=  0.1501 (partial c.d.=  0.0848)
SCF ITERATION NUMBER  4
     point #   1  energy = -40.000
     point #  20  energy = -28.802
     point #  40  energy =  -8.441
     point #  60  energy =  -6.380
New Fermi level:    mu=  -6.378 eV  Charge distance=  0.0317 (partial c.d.=  0.0876)
SCF ITERATION NUMBER  5
     point #   1  energy = -40.000
     point #  20  energy = -28.793
     point #  40  energy =  -8.415
     point #  60  energy =  -6.403
New Fermi level:    mu=  -6.429 eV  Charge distance=  0.0036 (partial c.d.=  0.0291)
SCF ITERATION NUMBER  6
     point #   1  energy = -40.000
     point #  20  energy = -28.810
     point #  40  energy =  -8.464
New Fermi level:    mu=  -6.436 eV  Charge distance=  0.0087 (partial c.d.=  0.0036)
SCF ITERATION NUMBER  7
     point #   1  energy = -40.000
     point #  20  energy = -28.812
     point #  40  energy =  -8.470
New Fermi level:    mu=  -6.443 eV  Charge distance=  0.0037 (partial c.d.=  0.0048)
SCF ITERATION NUMBER  8
     point #   1  energy = -40.000
     point #  20  energy = -28.814
     point #  40  energy =  -8.477
New Fermi level:    mu=  -6.440 eV  Charge distance=  0.0037 (partial c.d.=  0.0010)
SCF ITERATION NUMBER  9
     point #   1  energy = -40.000
     point #  20  energy = -28.813
     point #  40  energy =  -8.474
New Fermi level:    mu=  -6.433 eV  Charge distance=  0.0006 (partial c.d.=  0.0005)
SCF ITERATION NUMBER 10
     point #   1  energy = -40.000
     point #  20  energy = -28.811
     point #  40  energy =  -8.467
New Fermi level:    mu=  -6.431 eV  Charge distance=  0.0001 (partial c.d.=  0.0002)
Electronic configuration
  type     l     N_el
     0     0    0.472
     0     1    0.615
     0     2    9.632
     0     3    0.000
     1     0    0.472
     1     1    0.615
     1     2    9.632
     1     3    0.000
     2     0    0.559
     2     1    0.483
     2     2    9.737
     2     3    0.000
     3     0    1.207
     3     1    2.061
     3     2    1.023
     3     3    0.000
     4     0    1.833
     4     1    4.396
     4     2    0.074
     4     3    0.000
Charge transfer:  type  charge
       0   -0.281
       1   -0.281
       2   -0.221
       3   -0.709
       4    0.303
Convergence reached in   10 iterations.
Done with module: potentials.

Calculating screened core-hole potential ...
FMS for a cluster of   24 atoms around iph =   0
    0% of energy integration
   20%
   40%
   60%
   80%
  100%
Preparing response function.
Computing (1 - K Chi0)^-1 v_ch
Done with module: screened core-hole potential.

Calculating cross-section and phases ...
    absorption cross section
 x0,dx,rnrm,inrm,jnrm   8.80000000000000       5.000000000000000E-002
   2.56345870100015              195         196
    phase shifts for unique potential    0
    phase shifts for unique potential    1
    phase shifts for unique potential    2
    phase shifts for unique potential    3
    phase shifts for unique potential    4
Done with module: cross-section and phases (XSPH).

FMS calculation of full Green's function ...
FEFF-serial using 1 thread.
Using   194 energy points.
xprep done
FMS for a cluster of  245 atoms
Energy point    1/ 194
Energy point   10/ 194
Energy point   20/ 194
Energy point   30/ 194
Energy point   40/ 194
Energy point   50/ 194
Energy point   60/ 194
Energy point   70/ 194
Energy point   80/ 194
Energy point   90/ 194
Energy point  100/ 194
Energy point  110/ 194
Energy point  120/ 194
Energy point  130/ 194
Energy point  140/ 194
Energy point  150/ 194
Energy point  160/ 194
Energy point  170/ 194
Energy point  180/ 194
Energy point  190/ 194
Done with module: FMS.

MKGTR: Tracing over Green's function ...
Done with module: MKGTR.

Pathfinder: finding scattering paths...
Preparing plane wave scattering amplitudes
Searching for paths
Eliminating path degeneracies
0 paths retained.
Done with module: pathfinder.

Calculating EXAFS parameters ...
Done with module: EXAFS parameters (GENFMT).

Calculating XAS spectra ...
Done with module: XAS spectra (FF2X: DW + final sum over paths).

 
### feff ends at Mon Aug 14 07:46:50 EDT 2023
 
