### feff starts at Mon Aug 14 06:45:38 EDT 2023
### Serial version
### FeffPath is /sdcc/u/mcarbone/software/JFEFF/hsw/feff90/linux
 
Launching FEFF version FEFF 9.9.1
Core hole lifetime is   1.729 eV.
Your calculation:
 comment: None given
 Source:
 Structure Summary:  Ca19 Cu24 O46
 Reduced formula:  Ca19(Cu12O23)2
 space group: (P1), space number:  (1)
 abc:  6.471133  10.930006  16.951705
 angles: 74.926425  89.872809  89.857604
 sites: 89
Cu K edge XANES using RPA corehole.
Using:     * Self-Consistent Field potentials
Using cards:   ATOMS CONTROL EXCHANGE TITLE RPATH POTENTIALS XANES EDGE SCF FMS S02 COREHOLE EGRID

Calculating atomic potentials ...
    overlapped atomic potential and density for unique potential    0
    overlapped atomic potential and density for unique potential    1
    overlapped atomic potential and density for unique potential    2
    overlapped atomic potential and density for unique potential    3
Done with module: atomic potentials.

Calculating SCF potentials ...
FEFF-serial using 1 thread.
Muffin tin radii and interstitial parameters [bohr]:
type, norman radius, muffin tin, overlap factor
    0  1.27905E+00  1.17219E+00  1.15000E+00
    1  1.68531E+00  1.60588E+00  1.13046E+00
    2  1.31388E+00  1.17343E+00  1.15000E+00
    3  1.12073E+00  1.05071E+00  1.15000E+00
Core-valence separation energy:  ecv=   -40.000 eV
Initial Fermi level:              mu=    -2.144 eV
SCF ITERATION NUMBER  1
     point #   1  energy = -40.000
FMS for a cluster of  118 atoms around atom type   0
FMS for a cluster of  103 atoms around atom type   1
FMS for a cluster of  112 atoms around atom type   2
FMS for a cluster of  113 atoms around atom type   3
     point #  20  energy = -28.777
     point #  40  energy =  -8.527
     point #  60  energy =  -6.387
     point #  80  energy =  -5.537
New Fermi level:    mu=  -5.547 eV  Charge distance=  1.0757 (partial c.d.=  6.7201)
SCF ITERATION NUMBER  1
     point #   1  energy = -40.000
FMS for a cluster of  118 atoms around atom type   0
FMS for a cluster of  103 atoms around atom type   1
FMS for a cluster of  112 atoms around atom type   2
FMS for a cluster of  113 atoms around atom type   3
     point #  20  energy = -28.853
     point #  40  energy =  -8.587
     point #  60  energy =  -5.560
     point #  80  energy =  -7.575
     point # 100  energy = -12.156
New Fermi level:    mu= -12.451 eV  Charge distance=  0.3120 (partial c.d.=  5.7522)
SCF ITERATION NUMBER  1
     point #   1  energy = -40.000
FMS for a cluster of  118 atoms around atom type   0
FMS for a cluster of  103 atoms around atom type   1
FMS for a cluster of  112 atoms around atom type   2
FMS for a cluster of  113 atoms around atom type   3
     point #  20  energy = -28.776
     point #  40  energy = -12.451
     point #  60  energy = -12.351
New Fermi level:    mu= -12.311 eV  Charge distance=  0.1999 (partial c.d.=  1.0535)
SCF ITERATION NUMBER  2
     point #   1  energy = -40.000
     point #  20  energy = -28.719
     point #  40  energy = -12.311
     point #  60  energy = -12.064
     point #  80  energy = -10.211
     point # 100  energy = -10.758
New Fermi level:    mu= -10.753 eV  Charge distance=  0.3251 (partial c.d.=  1.0307)
SCF ITERATION NUMBER  3
     point #   1  energy = -40.000
     point #  20  energy = -28.906
     point #  40  energy = -10.753
     point #  60  energy = -10.763
New Fermi level:    mu= -10.924 eV  Charge distance=  0.3157 (partial c.d.=  9.0193)
SCF ITERATION NUMBER  4
     point #   1  energy = -40.000
     point #  20  energy = -28.971
     point #  40  energy = -10.924
     point #  60  energy = -10.849
New Fermi level:    mu= -10.768 eV  Charge distance=  0.0956 (partial c.d.=  7.6155)
SCF ITERATION NUMBER  5
     point #   1  energy = -40.000
     point #  20  energy = -28.912
     point #  40  energy = -10.768
     point #  60  energy = -10.677
     point #  80  energy = -10.112
New Fermi level:    mu= -10.179 eV  Charge distance=  0.0285 (partial c.d.=  0.2195)
SCF ITERATION NUMBER  6
     point #   1  energy = -40.000
     point #  20  energy = -28.689
     point #  40  energy = -10.179
     point #  60  energy = -10.260
New Fermi level:    mu= -10.330 eV  Charge distance=  0.0084 (partial c.d.=  0.6875)
SCF ITERATION NUMBER  7
     point #   1  energy = -40.000
     point #  20  energy = -28.746
     point #  40  energy = -10.330
     point #  60  energy = -10.427
New Fermi level:    mu= -10.496 eV  Charge distance=  0.0024 (partial c.d.=  0.0328)
SCF ITERATION NUMBER  8
     point #   1  energy = -40.000
     point #  20  energy = -28.809
     point #  40  energy = -10.496
New Fermi level:    mu= -10.514 eV  Charge distance=  0.0025 (partial c.d.=  0.0793)
SCF ITERATION NUMBER  9
     point #   1  energy = -40.000
     point #  20  energy = -28.816
     point #  40  energy = -10.514
New Fermi level:    mu= -10.499 eV  Charge distance=  0.0019 (partial c.d.=  0.0809)
SCF ITERATION NUMBER 10
     point #   1  energy = -40.000
     point #  20  energy = -28.810
     point #  40  energy = -10.499
New Fermi level:    mu= -10.496 eV  Charge distance=  0.0038 (partial c.d.=  0.0188)
SCF ITERATION NUMBER 11
     point #   1  energy = -40.000
     point #  20  energy = -28.809
     point #  40  energy = -10.496
New Fermi level:    mu= -10.490 eV  Charge distance=  0.0029 (partial c.d.=  0.0059)
SCF ITERATION NUMBER 12
     point #   1  energy = -40.000
     point #  20  energy = -28.807
     point #  40  energy = -10.490
New Fermi level:    mu= -10.487 eV  Charge distance=  0.0007 (partial c.d.=  0.0107)
SCF ITERATION NUMBER 13
     point #   1  energy = -40.000
     point #  20  energy = -28.805
     point #  40  energy = -10.487
New Fermi level:    mu= -10.488 eV  Charge distance=  0.0005 (partial c.d.=  0.0012)
SCF ITERATION NUMBER 14
     point #   1  energy = -40.000
     point #  20  energy = -28.806
     point #  40  energy = -10.488
New Fermi level:    mu= -10.488 eV  Charge distance=  0.0002 (partial c.d.=  0.0023)
SCF ITERATION NUMBER 15
     point #   1  energy = -40.000
     point #  20  energy = -28.806
     point #  40  energy = -10.488
New Fermi level:    mu= -10.488 eV  Charge distance=  0.0001 (partial c.d.=  0.0012)
SCF ITERATION NUMBER 16
     point #   1  energy = -40.000
     point #  20  energy = -28.806
     point #  40  energy = -10.488
New Fermi level:    mu= -10.488 eV  Charge distance=  0.0000 (partial c.d.=  0.0005)
SCF ITERATION NUMBER 17
     point #   1  energy = -40.000
     point #  20  energy = -28.806
     point #  40  energy = -10.488
New Fermi level:    mu= -10.488 eV  Charge distance=  0.0001 (partial c.d.=  0.0001)
Electronic configuration
  type     l     N_el
     0     0    0.495
     0     1    0.576
     0     2    9.256
     0     3    0.000
     1     0    0.342
     1     1    6.523
     1     2    0.961
     1     3    0.000
     2     0    0.532
     2     1    0.578
     2     2    9.313
     2     3    0.000
     3     0    1.865
     3     1    4.452
     3     2    0.057
     3     3    0.000
Charge transfer:  type  charge
       0   -0.673
       1   -0.174
       2   -0.577
       3    0.373
Convergence reached in   17 iterations.
Done with module: potentials.

Calculating screened core-hole potential ...
FMS for a cluster of   22 atoms around iph =   0
    0% of energy integration
   20%
   40%
   60%
   80%
  100%
Preparing response function.
Computing (1 - K Chi0)^-1 v_ch
Done with module: screened core-hole potential.

Calculating cross-section and phases ...
    absorption cross section
 x0,dx,rnrm,inrm,jnrm   8.80000000000000       5.000000000000000E-002
   2.41706180300019              194         195
    phase shifts for unique potential    0
    phase shifts for unique potential    1
    phase shifts for unique potential    2
    phase shifts for unique potential    3
Done with module: cross-section and phases (XSPH).

FMS calculation of full Green's function ...
FEFF-serial using 1 thread.
Using   194 energy points.
xprep done
FMS for a cluster of  236 atoms
Energy point    1/ 194
Energy point   10/ 194
Energy point   20/ 194
Energy point   30/ 194
Energy point   40/ 194
Energy point   50/ 194
Energy point   60/ 194
Energy point   70/ 194
Energy point   80/ 194
Energy point   90/ 194
Energy point  100/ 194
Energy point  110/ 194
Energy point  120/ 194
Energy point  130/ 194
Energy point  140/ 194
Energy point  150/ 194
Energy point  160/ 194
Energy point  170/ 194
Energy point  180/ 194
Energy point  190/ 194
Done with module: FMS.

MKGTR: Tracing over Green's function ...
Done with module: MKGTR.

Pathfinder: finding scattering paths...
Preparing plane wave scattering amplitudes
Searching for paths
Eliminating path degeneracies
0 paths retained.
Done with module: pathfinder.

Calculating EXAFS parameters ...
Done with module: EXAFS parameters (GENFMT).

Calculating XAS spectra ...
Done with module: XAS spectra (FF2X: DW + final sum over paths).

 
### feff ends at Mon Aug 14 08:28:14 EDT 2023
 
