### feff starts at Sun Aug 13 09:26:11 EDT 2023
### Serial version
### FeffPath is /sdcc/u/mcarbone/software/JFEFF/hsw/feff90/linux
 
Launching FEFF version FEFF 9.9.1
Resetting lmaxsc to 2 for iph =    1.  Use  UNFREEZE to prevent this.
Core hole lifetime is   1.729 eV.
Your calculation:
 comment: None given
 Source:
 Structure Summary:  Ba2 Y1 Cu3 O6
 Reduced formula:  Ba2Y(CuO2)3
 space group: (P-4m2), space number:  (115)
 abc:  3.823912   3.823912  13.366575
 angles: 90.000000  90.000000  90.000000
 sites: 12
Cu K edge XANES using RPA corehole.
Using:     * Self-Consistent Field potentials
Using cards:   ATOMS CONTROL EXCHANGE TITLE RPATH POTENTIALS XANES EDGE SCF FMS S02 COREHOLE EGRID

Calculating atomic potentials ...
    overlapped atomic potential and density for unique potential    0
    overlapped atomic potential and density for unique potential    1
    overlapped atomic potential and density for unique potential    2
    overlapped atomic potential and density for unique potential    3
    overlapped atomic potential and density for unique potential    4
Done with module: atomic potentials.

Calculating SCF potentials ...
FEFF-serial using 1 thread.
Muffin tin radii and interstitial parameters [bohr]:
type, norman radius, muffin tin, overlap factor
    0  1.27219E+00  1.17431E+00  1.15000E+00
    1  1.99002E+00  1.93830E+00  1.06640E+00
    2  1.68959E+00  1.52448E+00  1.15000E+00
    3  1.27219E+00  1.17431E+00  1.15000E+00
    4  1.10983E+00  1.06089E+00  1.12061E+00
Core-valence separation energy:  ecv=   -41.500 eV
Initial Fermi level:              mu=    -2.208 eV
SCF ITERATION NUMBER  1
     point #   1  energy = -41.500
FMS for a cluster of   89 atoms around atom type   0
FMS for a cluster of   84 atoms around atom type   1
FMS for a cluster of   43 atoms around atom type   2
FMS for a cluster of   80 atoms around atom type   3
FMS for a cluster of   90 atoms around atom type   4
     point #  20  energy = -30.403
     point #  40  energy = -10.153
     point #  60  energy =  -5.740
New Fermi level:    mu=  -5.560 eV  Charge distance=  0.6675 (partial c.d.=  6.6881)
SCF ITERATION NUMBER  1
     point #   1  energy = -41.500
FMS for a cluster of   89 atoms around atom type   0
FMS for a cluster of   84 atoms around atom type   1
FMS for a cluster of   43 atoms around atom type   2
FMS for a cluster of   80 atoms around atom type   3
FMS for a cluster of   90 atoms around atom type   4
     point #  20  energy = -30.205
     point #  40  energy =  -9.667
     point #  60  energy =  -5.560
     point #  80  energy =  -7.697
     point # 100  energy = -11.041
New Fermi level:    mu= -11.382 eV  Charge distance=  0.2220 (partial c.d.=  3.4403)
SCF ITERATION NUMBER  1
     point #   1  energy = -41.500
FMS for a cluster of   89 atoms around atom type   0
FMS for a cluster of   84 atoms around atom type   1
FMS for a cluster of   43 atoms around atom type   2
FMS for a cluster of   80 atoms around atom type   3
FMS for a cluster of   90 atoms around atom type   4
     point #  20  energy = -30.457
     point #  40  energy = -11.382
     point #  60  energy = -11.292
     point #  80  energy =  -9.413
New Fermi level:    mu=  -9.767 eV  Charge distance=  0.1405 (partial c.d.=  0.4074)
SCF ITERATION NUMBER  2
     point #   1  energy = -41.500
     point #  20  energy = -30.240
     point #  40  energy =  -9.767
     point #  60  energy =  -9.727
     point #  80  energy =  -8.939
New Fermi level:    mu=  -9.046 eV  Charge distance=  0.3598 (partial c.d.=  0.1763)
SCF ITERATION NUMBER  3
     point #   1  energy = -41.500
     point #  20  energy = -30.344
     point #  40  energy = -10.060
     point #  60  energy =  -9.005
New Fermi level:    mu=  -8.785 eV  Charge distance=  0.0317 (partial c.d.=  0.1536)
SCF ITERATION NUMBER  4
     point #   1  energy = -41.500
     point #  20  energy = -30.254
     point #  40  energy =  -9.807
     point #  60  energy =  -8.825
New Fermi level:    mu=  -8.971 eV  Charge distance=  0.0221 (partial c.d.=  0.1622)
SCF ITERATION NUMBER  5
     point #   1  energy = -41.500
     point #  20  energy = -30.318
     point #  40  energy =  -9.987
     point #  60  energy =  -9.008
New Fermi level:    mu=  -9.013 eV  Charge distance=  0.0177 (partial c.d.=  0.1929)
SCF ITERATION NUMBER  6
     point #   1  energy = -41.500
     point #  20  energy = -30.333
     point #  40  energy = -10.029
     point #  60  energy =  -9.051
New Fermi level:    mu=  -9.050 eV  Charge distance=  0.0036 (partial c.d.=  0.1289)
SCF ITERATION NUMBER  7
     point #   1  energy = -41.500
     point #  20  energy = -30.345
     point #  40  energy = -10.064
New Fermi level:    mu=  -9.050 eV  Charge distance=  0.0011 (partial c.d.=  0.0318)
SCF ITERATION NUMBER  8
     point #   1  energy = -41.500
     point #  20  energy = -30.345
     point #  40  energy = -10.064
New Fermi level:    mu=  -9.049 eV  Charge distance=  0.0016 (partial c.d.=  0.0023)
SCF ITERATION NUMBER  9
     point #   1  energy = -41.500
     point #  20  energy = -30.345
     point #  40  energy = -10.063
New Fermi level:    mu=  -9.046 eV  Charge distance=  0.0012 (partial c.d.=  0.0008)
SCF ITERATION NUMBER 10
     point #   1  energy = -41.500
     point #  20  energy = -30.344
     point #  40  energy = -10.061
New Fermi level:    mu=  -9.044 eV  Charge distance=  0.0001 (partial c.d.=  0.0013)
SCF ITERATION NUMBER 11
     point #   1  energy = -41.500
     point #  20  energy = -30.343
     point #  40  energy = -10.058
New Fermi level:    mu=  -9.044 eV  Charge distance=  0.0002 (partial c.d.=  0.0002)
SCF ITERATION NUMBER 12
     point #   1  energy = -41.500
     point #  20  energy = -30.343
     point #  40  energy = -10.058
New Fermi level:    mu=  -9.044 eV  Charge distance=  0.0002 (partial c.d.=  0.0001)
Electronic configuration
  type     l     N_el
     0     0    0.525
     0     1    0.588
     0     2    9.441
     0     3    0.000
     1     0    2.253
     1     1    6.292
     1     2    1.008
     1     3    0.000
     2     0    0.418
     2     1    6.575
     2     2    1.510
     2     3    0.000
     3     0    0.523
     3     1    0.596
     3     2    9.431
     3     3    0.000
     4     0    1.859
     4     1    4.526
     4     2    0.072
     4     3    0.000
Charge transfer:  type  charge
       0   -0.446
       1   -0.447
       2   -0.497
       3   -0.449
       4    0.457
Convergence reached in   12 iterations.
Done with module: potentials.

Calculating screened core-hole potential ...
FMS for a cluster of   19 atoms around iph =   0
    0% of energy integration
   20%
   40%
   60%
   80%
  100%
Preparing response function.
Computing (1 - K Chi0)^-1 v_ch
Done with module: screened core-hole potential.

Calculating cross-section and phases ...
    absorption cross section
 x0,dx,rnrm,inrm,jnrm   8.80000000000000       5.000000000000000E-002
   2.40408643300009              194         195
    phase shifts for unique potential    0
    phase shifts for unique potential    1
    phase shifts for unique potential    2
    phase shifts for unique potential    3
    phase shifts for unique potential    4
Done with module: cross-section and phases (XSPH).

FMS calculation of full Green's function ...
FEFF-serial using 1 thread.
Using   194 energy points.
xprep done
FMS for a cluster of  199 atoms
Energy point    1/ 194
Energy point   10/ 194
Energy point   20/ 194
Energy point   30/ 194
Energy point   40/ 194
Energy point   50/ 194
Energy point   60/ 194
Energy point   70/ 194
Energy point   80/ 194
Energy point   90/ 194
Energy point  100/ 194
Energy point  110/ 194
Energy point  120/ 194
Energy point  130/ 194
Energy point  140/ 194
Energy point  150/ 194
Energy point  160/ 194
Energy point  170/ 194
Energy point  180/ 194
Energy point  190/ 194
Done with module: FMS.

MKGTR: Tracing over Green's function ...
Done with module: MKGTR.

Pathfinder: finding scattering paths...
Preparing plane wave scattering amplitudes
Searching for paths
Eliminating path degeneracies
0 paths retained.
Done with module: pathfinder.

Calculating EXAFS parameters ...
Done with module: EXAFS parameters (GENFMT).

Calculating XAS spectra ...
Done with module: XAS spectra (FF2X: DW + final sum over paths).

 
### feff ends at Sun Aug 13 10:17:55 EDT 2023
 
