### feff starts at Mon Aug 14 02:41:29 EDT 2023
### Serial version
### FeffPath is /sdcc/u/mcarbone/software/JFEFF/hsw/feff90/linux
 
Launching FEFF version FEFF 9.9.1
Resetting lmaxsc to 2 for iph =    1.  Use  UNFREEZE to prevent this.
Core hole lifetime is   1.729 eV.
Your calculation:
 comment: None given
 Source:
 Structure Summary:  Ta16 Cu8 O48
 Reduced formula:  Ta2CuO6
 space group: (Pmmm), space number:  (47)
 abc:  7.573437   7.605069  15.194243
 angles: 90.000000  90.000000  90.000000
 sites: 72
Cu K edge XANES using RPA corehole.
Using:     * Self-Consistent Field potentials
Using cards:   ATOMS CONTROL EXCHANGE TITLE RPATH POTENTIALS XANES EDGE SCF FMS S02 COREHOLE EGRID

Calculating atomic potentials ...
    overlapped atomic potential and density for unique potential    0
    overlapped atomic potential and density for unique potential    1
    overlapped atomic potential and density for unique potential    2
    overlapped atomic potential and density for unique potential    3
Done with module: atomic potentials.

Calculating SCF potentials ...
FEFF-serial using 1 thread.
Muffin tin radii and interstitial parameters [bohr]:
type, norman radius, muffin tin, overlap factor
    0  1.33352E+00  1.26142E+00  1.15000E+00
    1  1.46754E+00  1.32048E+00  1.15000E+00
    2  1.33439E+00  1.26269E+00  1.15000E+00
    3  1.08485E+00  1.00087E+00  1.15000E+00
Core-valence separation energy:  ecv=   -33.000 eV
Initial Fermi level:              mu=     3.345 eV
SCF ITERATION NUMBER  1
     point #   1  energy = -33.000
FMS for a cluster of  130 atoms around atom type   0
FMS for a cluster of  107 atoms around atom type   1
FMS for a cluster of  109 atoms around atom type   2
FMS for a cluster of  117 atoms around atom type   3
     point #  20  energy = -21.886
     point #  40  energy =  -6.595
     point #  60  energy =  -4.561
New Fermi level:    mu=  -4.590 eV  Charge distance=  1.1161 (partial c.d.=  4.9004)
SCF ITERATION NUMBER  1
     point #   1  energy = -33.000
FMS for a cluster of  130 atoms around atom type   0
FMS for a cluster of  107 atoms around atom type   1
FMS for a cluster of  109 atoms around atom type   2
FMS for a cluster of  117 atoms around atom type   3
     point #  20  energy = -21.839
     point #  40  energy =  -4.590
     point #  60  energy =  -4.759
     point #  80  energy =  -6.403
     point # 100  energy =  -5.712
New Fermi level:    mu=  -5.543 eV  Charge distance=  0.3995 (partial c.d.=  5.8746)
SCF ITERATION NUMBER  1
     point #   1  energy = -33.000
FMS for a cluster of  130 atoms around atom type   0
FMS for a cluster of  107 atoms around atom type   1
FMS for a cluster of  109 atoms around atom type   2
FMS for a cluster of  117 atoms around atom type   3
     point #  20  energy = -21.814
     point #  40  energy =  -5.543
New Fermi level:    mu=  -5.529 eV  Charge distance=  0.1922 (partial c.d.=  0.4727)
SCF ITERATION NUMBER  2
     point #   1  energy = -33.000
     point #  20  energy = -21.808
     point #  40  energy =  -5.529
     point #  60  energy =  -5.710
New Fermi level:    mu=  -5.702 eV  Charge distance=  0.2241 (partial c.d.=  0.2961)
SCF ITERATION NUMBER  3
     point #   1  energy = -33.000
     point #  20  energy = -21.879
     point #  40  energy =  -5.702
     point #  60  energy =  -5.883
New Fermi level:    mu=  -5.862 eV  Charge distance=  0.1987 (partial c.d.=  1.0089)
SCF ITERATION NUMBER  4
     point #   1  energy = -33.000
     point #  20  energy = -21.944
     point #  40  energy =  -5.862
New Fermi level:    mu=  -5.841 eV  Charge distance=  0.0758 (partial c.d.=  1.1791)
SCF ITERATION NUMBER  5
     point #   1  energy = -33.000
     point #  20  energy = -21.935
     point #  40  energy =  -5.841
New Fermi level:    mu=  -5.909 eV  Charge distance=  0.0826 (partial c.d.=  0.0859)
SCF ITERATION NUMBER  6
     point #   1  energy = -33.000
     point #  20  energy = -21.963
     point #  40  energy =  -5.909
New Fermi level:    mu=  -5.945 eV  Charge distance=  0.0084 (partial c.d.=  0.2339)
SCF ITERATION NUMBER  7
     point #   1  energy = -33.000
     point #  20  energy = -21.978
     point #  40  energy =  -5.945
New Fermi level:    mu=  -5.936 eV  Charge distance=  0.0043 (partial c.d.=  0.0231)
SCF ITERATION NUMBER  8
     point #   1  energy = -33.000
     point #  20  energy = -21.974
     point #  40  energy =  -5.936
New Fermi level:    mu=  -5.929 eV  Charge distance=  0.0073 (partial c.d.=  0.0043)
SCF ITERATION NUMBER  9
     point #   1  energy = -33.000
     point #  20  energy = -21.971
     point #  40  energy =  -5.929
New Fermi level:    mu=  -5.920 eV  Charge distance=  0.0016 (partial c.d.=  0.0040)
SCF ITERATION NUMBER 10
     point #   1  energy = -33.000
     point #  20  energy = -21.968
     point #  40  energy =  -5.920
New Fermi level:    mu=  -5.919 eV  Charge distance=  0.0004 (partial c.d.=  0.0027)
SCF ITERATION NUMBER 11
     point #   1  energy = -33.000
     point #  20  energy = -21.967
     point #  40  energy =  -5.919
New Fermi level:    mu=  -5.919 eV  Charge distance=  0.0001 (partial c.d.=  0.0005)
SCF ITERATION NUMBER 12
     point #   1  energy = -33.000
     point #  20  energy = -21.967
     point #  40  energy =  -5.919
New Fermi level:    mu=  -5.920 eV  Charge distance=  0.0001 (partial c.d.=  0.0001)
Electronic configuration
  type     l     N_el
     0     0    0.486
     0     1    0.555
     0     2    9.609
     0     3    0.000
     1     0    0.535
     1     1    0.880
     1     2    2.849
     1     3    0.000
     2     0    0.495
     2     1    0.550
     2     2    9.604
     2     3    0.000
     3     0    1.816
     3     1    4.420
     3     2    0.068
     3     3    0.000
Charge transfer:  type  charge
       0   -0.350
       1   -0.736
       2   -0.352
       3    0.304
Convergence reached in   12 iterations.
Done with module: potentials.

Calculating screened core-hole potential ...
FMS for a cluster of   22 atoms around iph =   0
    0% of energy integration
   20%
   40%
   60%
   80%
  100%
Preparing response function.
Computing (1 - K Chi0)^-1 v_ch
Done with module: screened core-hole potential.

Calculating cross-section and phases ...
    absorption cross section
 x0,dx,rnrm,inrm,jnrm   8.80000000000000       5.000000000000000E-002
   2.51998498000008              195         196
    phase shifts for unique potential    0
    phase shifts for unique potential    1
    phase shifts for unique potential    2
    phase shifts for unique potential    3
Done with module: cross-section and phases (XSPH).

FMS calculation of full Green's function ...
FEFF-serial using 1 thread.
Using   194 energy points.
xprep done
FMS for a cluster of  236 atoms
Energy point    1/ 194
Energy point   10/ 194
Energy point   20/ 194
Energy point   30/ 194
Energy point   40/ 194
Energy point   50/ 194
Energy point   60/ 194
Energy point   70/ 194
Energy point   80/ 194
Energy point   90/ 194
Energy point  100/ 194
Energy point  110/ 194
Energy point  120/ 194
Energy point  130/ 194
Energy point  140/ 194
Energy point  150/ 194
Energy point  160/ 194
Energy point  170/ 194
Energy point  180/ 194
Energy point  190/ 194
Done with module: FMS.

MKGTR: Tracing over Green's function ...
Done with module: MKGTR.

Pathfinder: finding scattering paths...
Preparing plane wave scattering amplitudes
Searching for paths
Eliminating path degeneracies
0 paths retained.
Done with module: pathfinder.

Calculating EXAFS parameters ...
Done with module: EXAFS parameters (GENFMT).

Calculating XAS spectra ...
Done with module: XAS spectra (FF2X: DW + final sum over paths).

 
### feff ends at Mon Aug 14 04:09:54 EDT 2023
 
