### feff starts at Mon Aug 14 07:01:10 EDT 2023
### Serial version
### FeffPath is /sdcc/u/mcarbone/software/JFEFF/hsw/feff90/linux
 
Launching FEFF version FEFF 9.9.1
Core hole lifetime is   1.729 eV.
Your calculation:
 comment: None given
 Source:
 Structure Summary:  Na36 Cu8 O28
 Reduced formula:  Na9Cu2O7
 space group: (Pca2_1), space number:  (29)
 abc:  9.535699   9.926355  10.219985
 angles: 90.000000  90.000000  90.000000
 sites: 72
Cu K edge XANES using RPA corehole.
Using:     * Self-Consistent Field potentials
Using cards:   ATOMS CONTROL EXCHANGE TITLE RPATH POTENTIALS XANES EDGE SCF FMS S02 COREHOLE EGRID

Calculating atomic potentials ...
    overlapped atomic potential and density for unique potential    0
    overlapped atomic potential and density for unique potential    1
    overlapped atomic potential and density for unique potential    2
    overlapped atomic potential and density for unique potential    3
Done with module: atomic potentials.

Calculating SCF potentials ...
FEFF-serial using 1 thread.
Muffin tin radii and interstitial parameters [bohr]:
type, norman radius, muffin tin, overlap factor
    0  1.29986E+00  1.17793E+00  1.15000E+00
    1  1.52188E+00  1.47157E+00  1.08669E+00
    2  1.29746E+00  1.13248E+00  1.15000E+00
    3  1.16442E+00  1.10707E+00  1.13749E+00
Core-valence separation energy:  ecv=   -40.000 eV
Initial Fermi level:              mu=    -2.473 eV
SCF ITERATION NUMBER  1
     point #   1  energy = -40.000
FMS for a cluster of  104 atoms around atom type   0
FMS for a cluster of  100 atoms around atom type   1
FMS for a cluster of   80 atoms around atom type   2
FMS for a cluster of  103 atoms around atom type   3
     point #  20  energy = -28.848
     point #  40  energy =  -9.611
     point #  60  energy =  -5.873
     point #  80  energy =  -5.245
New Fermi level:    mu=  -5.257 eV  Charge distance=  0.8751 (partial c.d.=  7.2384)
SCF ITERATION NUMBER  1
     point #   1  energy = -40.000
FMS for a cluster of  104 atoms around atom type   0
FMS for a cluster of  100 atoms around atom type   1
FMS for a cluster of   80 atoms around atom type   2
FMS for a cluster of  103 atoms around atom type   3
     point #  20  energy = -28.759
     point #  40  energy =  -8.322
     point #  60  energy =  -5.269
     point #  80  energy =  -7.285
     point # 100  energy = -10.453
New Fermi level:    mu= -10.961 eV  Charge distance=  0.2808 (partial c.d.=  4.7015)
SCF ITERATION NUMBER  1
     point #   1  energy = -40.000
FMS for a cluster of  104 atoms around atom type   0
FMS for a cluster of  100 atoms around atom type   1
FMS for a cluster of   80 atoms around atom type   2
FMS for a cluster of  103 atoms around atom type   3
     point #  20  energy = -28.985
     point #  40  energy = -10.961
     point #  60  energy = -10.871
     point #  80  energy =  -9.980
New Fermi level:    mu=  -9.983 eV  Charge distance=  0.3711 (partial c.d.=  2.2044)
SCF ITERATION NUMBER  2
     point #   1  energy = -40.000
     point #  20  energy = -28.994
     point #  40  energy =  -9.983
     point #  60  energy =  -9.892
     point #  80  energy =  -9.111
New Fermi level:    mu=  -9.117 eV  Charge distance=  0.1568 (partial c.d.=  2.4383)
SCF ITERATION NUMBER  3
     point #   1  energy = -40.000
     point #  20  energy = -29.042
     point #  40  energy =  -9.117
     point #  60  energy =  -9.158
     point #  80  energy = -10.026
New Fermi level:    mu= -10.122 eV  Charge distance=  0.2487 (partial c.d.=  0.1383)
SCF ITERATION NUMBER  4
     point #   1  energy = -40.000
     point #  20  energy = -29.045
     point #  40  energy = -10.122
     point #  60  energy = -10.032
     point #  80  energy =  -9.038
New Fermi level:    mu=  -8.829 eV  Charge distance=  0.1910 (partial c.d.=  6.5582)
SCF ITERATION NUMBER  5
     point #   1  energy = -40.000
     point #  20  energy = -28.939
     point #  40  energy =  -8.829
     point #  60  energy =  -8.869
     point #  80  energy =  -9.948
New Fermi level:    mu=  -9.972 eV  Charge distance=  0.1440 (partial c.d.=  5.7387)
SCF ITERATION NUMBER  6
     point #   1  energy = -40.000
     point #  20  energy = -28.990
     point #  40  energy =  -9.972
     point #  60  energy =  -9.881
New Fermi level:    mu=  -9.280 eV  Charge distance=  0.0768 (partial c.d.=  1.1771)
SCF ITERATION NUMBER  7
     point #   1  energy = -40.000
     point #  20  energy = -28.736
     point #  40  energy =  -9.280
     point #  60  energy =  -9.370
New Fermi level:    mu=  -9.781 eV  Charge distance=  0.0192 (partial c.d.=  1.0567)
SCF ITERATION NUMBER  8
     point #   1  energy = -40.000
     point #  20  energy = -28.920
     point #  40  energy =  -9.781
New Fermi level:    mu=  -9.763 eV  Charge distance=  0.0785 (partial c.d.=  0.0551)
SCF ITERATION NUMBER  9
     point #   1  energy = -40.000
     point #  20  energy = -28.913
     point #  40  energy =  -9.763
     point #  60  energy =  -9.701
New Fermi level:    mu=  -9.669 eV  Charge distance=  0.0401 (partial c.d.=  1.0260)
SCF ITERATION NUMBER 10
     point #   1  energy = -40.000
     point #  20  energy = -28.879
     point #  40  energy =  -9.669
     point #  60  energy =  -9.766
New Fermi level:    mu=  -9.841 eV  Charge distance=  0.0068 (partial c.d.=  0.3239)
SCF ITERATION NUMBER 11
     point #   1  energy = -40.000
     point #  20  energy = -28.942
     point #  40  energy =  -9.841
New Fermi level:    mu=  -9.884 eV  Charge distance=  0.0247 (partial c.d.=  0.1315)
SCF ITERATION NUMBER 12
     point #   1  energy = -40.000
     point #  20  energy = -28.957
     point #  40  energy =  -9.884
     point #  60  energy =  -9.821
New Fermi level:    mu=  -9.815 eV  Charge distance=  0.0839 (partial c.d.=  0.0754)
SCF ITERATION NUMBER 13
     point #   1  energy = -40.000
     point #  20  energy = -28.932
     point #  40  energy =  -9.815
     point #  60  energy =  -9.883
New Fermi level:    mu=  -9.930 eV  Charge distance=  0.0306 (partial c.d.=  0.4217)
SCF ITERATION NUMBER 14
     point #   1  energy = -40.000
     point #  20  energy = -28.974
     point #  40  energy =  -9.930
     point #  60  energy =  -9.833
New Fermi level:    mu=  -9.826 eV  Charge distance=  0.0059 (partial c.d.=  0.0624)
SCF ITERATION NUMBER 15
     point #   1  energy = -40.000
     point #  20  energy = -28.936
     point #  40  energy =  -9.826
New Fermi level:    mu=  -9.813 eV  Charge distance=  0.0049 (partial c.d.=  0.1757)
SCF ITERATION NUMBER 16
     point #   1  energy = -40.000
     point #  20  energy = -28.932
     point #  40  energy =  -9.813
New Fermi level:    mu=  -9.816 eV  Charge distance=  0.0151 (partial c.d.=  0.0330)
SCF ITERATION NUMBER 17
     point #   1  energy = -40.000
     point #  20  energy = -28.933
     point #  40  energy =  -9.816
New Fermi level:    mu=  -9.818 eV  Charge distance=  0.0057 (partial c.d.=  0.2234)
SCF ITERATION NUMBER 18
     point #   1  energy = -40.000
     point #  20  energy = -28.933
     point #  40  energy =  -9.818
New Fermi level:    mu=  -9.815 eV  Charge distance=  0.0020 (partial c.d.=  0.1083)
SCF ITERATION NUMBER 19
     point #   1  energy = -40.000
     point #  20  energy = -28.932
     point #  40  energy =  -9.815
New Fermi level:    mu=  -9.811 eV  Charge distance=  0.0012 (partial c.d.=  0.0066)
SCF ITERATION NUMBER 20
     point #   1  energy = -40.000
     point #  20  energy = -28.931
     point #  40  energy =  -9.811
New Fermi level:    mu=  -9.813 eV  Charge distance=  0.0043 (partial c.d.=  0.0162)
SCF ITERATION NUMBER 21
     point #   1  energy = -40.000
     point #  20  energy = -28.931
     point #  40  energy =  -9.813
New Fermi level:    mu=  -9.807 eV  Charge distance=  0.0001 (partial c.d.=  0.0513)
SCF ITERATION NUMBER 22
     point #   1  energy = -40.000
     point #  20  energy = -28.929
     point #  40  energy =  -9.807
New Fermi level:    mu=  -9.809 eV  Charge distance=  0.0003 (partial c.d.=  0.0007)
SCF ITERATION NUMBER 23
     point #   1  energy = -40.000
     point #  20  energy = -28.930
     point #  40  energy =  -9.809
New Fermi level:    mu=  -9.809 eV  Charge distance=  0.0002 (partial c.d.=  0.0088)
SCF ITERATION NUMBER 24
     point #   1  energy = -40.000
     point #  20  energy = -28.930
     point #  40  energy =  -9.809
New Fermi level:    mu=  -9.808 eV  Charge distance=  0.0001 (partial c.d.=  0.0022)
SCF ITERATION NUMBER 25
     point #   1  energy = -40.000
     point #  20  energy = -28.930
     point #  40  energy =  -9.808
New Fermi level:    mu=  -9.808 eV  Charge distance=  0.0000 (partial c.d.=  0.0009)
SCF ITERATION NUMBER 26
     point #   1  energy = -40.000
     point #  20  energy = -28.930
     point #  40  energy =  -9.808
New Fermi level:    mu=  -9.808 eV  Charge distance=  0.0001 (partial c.d.=  0.0001)
Electronic configuration
  type     l     N_el
     0     0    0.516
     0     1    0.652
     0     2    9.363
     0     3    0.000
     1     0    0.234
     1     1    6.303
     1     2    0.216
     1     3    0.000
     2     0    0.562
     2     1    0.613
     2     2    9.302
     2     3    0.000
     3     0    1.875
     3     1    4.554
     3     2    0.039
     3     3    0.000
Charge transfer:  type  charge
       0   -0.469
       1   -0.247
       2   -0.524
       3    0.468
Convergence reached in   26 iterations.
Done with module: potentials.

Calculating screened core-hole potential ...
FMS for a cluster of   17 atoms around iph =   0
    0% of energy integration
   20%
   40%
   60%
   80%
  100%
Preparing response function.
Computing (1 - K Chi0)^-1 v_ch
Done with module: screened core-hole potential.

Calculating cross-section and phases ...
    absorption cross section
 x0,dx,rnrm,inrm,jnrm   8.80000000000000       5.000000000000000E-002
   2.45638846000005              194         195
    phase shifts for unique potential    0
    phase shifts for unique potential    1
    phase shifts for unique potential    2
    phase shifts for unique potential    3
Done with module: cross-section and phases (XSPH).

FMS calculation of full Green's function ...
FEFF-serial using 1 thread.
Using   194 energy points.
xprep done
FMS for a cluster of  221 atoms
Energy point    1/ 194
Energy point   10/ 194
Energy point   20/ 194
Energy point   30/ 194
Energy point   40/ 194
Energy point   50/ 194
Energy point   60/ 194
Energy point   70/ 194
Energy point   80/ 194
Energy point   90/ 194
Energy point  100/ 194
Energy point  110/ 194
Energy point  120/ 194
Energy point  130/ 194
Energy point  140/ 194
Energy point  150/ 194
Energy point  160/ 194
Energy point  170/ 194
Energy point  180/ 194
Energy point  190/ 194
Done with module: FMS.

MKGTR: Tracing over Green's function ...
Done with module: MKGTR.

Pathfinder: finding scattering paths...
Preparing plane wave scattering amplitudes
Searching for paths
Eliminating path degeneracies
0 paths retained.
Done with module: pathfinder.

Calculating EXAFS parameters ...
Done with module: EXAFS parameters (GENFMT).

Calculating XAS spectra ...
Done with module: XAS spectra (FF2X: DW + final sum over paths).

 
### feff ends at Mon Aug 14 08:40:27 EDT 2023
 
