### feff starts at Sun Aug 13 09:26:11 EDT 2023
### Serial version
### FeffPath is /sdcc/u/mcarbone/software/JFEFF/hsw/feff90/linux
 
Launching FEFF version FEFF 9.9.1
Core hole lifetime is   1.729 eV.
Your calculation:
 comment: None given
 Source:
 Structure Summary:  Na8 Cu2 O6
 Reduced formula:  Na4CuO3
 space group: (Cc), space number:  (9)
 abc:  6.312371   6.312371   8.122088
 angles: 68.525095  68.525095  53.961613
 sites: 16
Cu K edge XANES using RPA corehole.
Using:     * Self-Consistent Field potentials
Using cards:   ATOMS CONTROL EXCHANGE TITLE RPATH POTENTIALS XANES EDGE SCF FMS S02 COREHOLE EGRID

Calculating atomic potentials ...
    overlapped atomic potential and density for unique potential    0
    overlapped atomic potential and density for unique potential    1
    overlapped atomic potential and density for unique potential    2
    overlapped atomic potential and density for unique potential    3
Done with module: atomic potentials.

Calculating SCF potentials ...
FEFF-serial using 1 thread.
Muffin tin radii and interstitial parameters [bohr]:
type, norman radius, muffin tin, overlap factor
    0  1.31793E+00  1.15977E+00  1.15000E+00
    1  1.52824E+00  1.46474E+00  1.11254E+00
    2  1.31805E+00  1.15982E+00  1.15000E+00
    3  1.15886E+00  1.08801E+00  1.15000E+00
Core-valence separation energy:  ecv=   -40.000 eV
Initial Fermi level:              mu=    -1.886 eV
SCF ITERATION NUMBER  1
     point #   1  energy = -40.000
FMS for a cluster of   93 atoms around atom type   0
FMS for a cluster of   95 atoms around atom type   1
FMS for a cluster of   81 atoms around atom type   2
FMS for a cluster of   97 atoms around atom type   3
     point #  20  energy = -28.938
     point #  40  energy =  -8.688
     point #  60  energy =  -5.607
New Fermi level:    mu=  -4.971 eV  Charge distance=  0.8023 (partial c.d.=  6.4313)
SCF ITERATION NUMBER  1
     point #   1  energy = -40.000
FMS for a cluster of   93 atoms around atom type   0
FMS for a cluster of   95 atoms around atom type   1
FMS for a cluster of   81 atoms around atom type   2
FMS for a cluster of   97 atoms around atom type   3
     point #  20  energy = -28.991
     point #  40  energy =  -8.974
     point #  60  energy =  -4.971
     point #  80  energy =  -6.549
     point # 100  energy = -10.302
     point # 120  energy = -10.762
New Fermi level:    mu= -10.982 eV  Charge distance=  0.2446 (partial c.d.=  4.2910)
SCF ITERATION NUMBER  1
     point #   1  energy = -40.000
FMS for a cluster of   93 atoms around atom type   0
FMS for a cluster of   95 atoms around atom type   1
FMS for a cluster of   81 atoms around atom type   2
FMS for a cluster of   97 atoms around atom type   3
     point #  20  energy = -28.993
     point #  40  energy = -10.982
     point #  60  energy = -10.892
     point #  80  energy =  -9.920
     point # 100  energy = -10.223
New Fermi level:    mu= -10.219 eV  Charge distance=  0.0819 (partial c.d.=  0.4772)
SCF ITERATION NUMBER  2
     point #   1  energy = -40.000
     point #  20  energy = -28.704
     point #  40  energy = -10.219
     point #  60  energy = -10.128
     point #  80  energy =  -9.019
New Fermi level:    mu=  -9.224 eV  Charge distance=  0.1323 (partial c.d.=  0.7106)
SCF ITERATION NUMBER  3
     point #   1  energy = -40.000
     point #  20  energy = -28.716
     point #  40  energy =  -9.224
     point #  60  energy =  -9.134
     point #  80  energy =  -8.549
New Fermi level:    mu=  -8.684 eV  Charge distance=  0.0626 (partial c.d.=  0.9500)
SCF ITERATION NUMBER  4
     point #   1  energy = -40.000
     point #  20  energy = -28.888
     point #  40  energy =  -8.684
     point #  60  energy =  -8.753
New Fermi level:    mu=  -8.995 eV  Charge distance=  0.1136 (partial c.d.=  0.1515)
SCF ITERATION NUMBER  5
     point #   1  energy = -40.000
     point #  20  energy = -28.998
     point #  40  energy =  -8.995
     point #  60  energy =  -8.926
New Fermi level:    mu=  -8.812 eV  Charge distance=  0.0638 (partial c.d.=  1.3160)
SCF ITERATION NUMBER  6
     point #   1  energy = -40.000
     point #  20  energy = -28.933
     point #  40  energy =  -8.812
     point #  60  energy =  -8.881
New Fermi level:    mu=  -9.171 eV  Charge distance=  0.0207 (partial c.d.=  1.1942)
SCF ITERATION NUMBER  7
     point #   1  energy = -40.000
     point #  20  energy = -28.696
     point #  40  energy =  -9.171
     point #  60  energy =  -9.234
New Fermi level:    mu=  -9.237 eV  Charge distance=  0.0463 (partial c.d.=  0.0670)
SCF ITERATION NUMBER  8
     point #   1  energy = -40.000
     point #  20  energy = -28.720
     point #  40  energy =  -9.237
     point #  60  energy =  -9.174
New Fermi level:    mu=  -9.176 eV  Charge distance=  0.0277 (partial c.d.=  0.5791)
SCF ITERATION NUMBER  9
     point #   1  energy = -40.000
     point #  20  energy = -28.698
     point #  40  energy =  -9.176
New Fermi level:    mu=  -9.199 eV  Charge distance=  0.0101 (partial c.d.=  0.5726)
SCF ITERATION NUMBER 10
     point #   1  energy = -40.000
     point #  20  energy = -28.706
     point #  40  energy =  -9.199
New Fermi level:    mu=  -9.227 eV  Charge distance=  0.0156 (partial c.d.=  0.0620)
SCF ITERATION NUMBER 11
     point #   1  energy = -40.000
     point #  20  energy = -28.716
     point #  40  energy =  -9.227
     point #  60  energy =  -9.164
New Fermi level:    mu=  -9.169 eV  Charge distance=  0.0011 (partial c.d.=  0.0354)
SCF ITERATION NUMBER 12
     point #   1  energy = -40.000
     point #  20  energy = -28.695
     point #  40  energy =  -9.169
New Fermi level:    mu=  -9.173 eV  Charge distance=  0.0372 (partial c.d.=  0.0050)
SCF ITERATION NUMBER 13
     point #   1  energy = -40.000
     point #  20  energy = -28.697
     point #  40  energy =  -9.173
New Fermi level:    mu=  -9.215 eV  Charge distance=  0.0552 (partial c.d.=  0.1031)
SCF ITERATION NUMBER 14
     point #   1  energy = -40.000
     point #  20  energy = -28.712
     point #  40  energy =  -9.215
     point #  60  energy =  -9.153
New Fermi level:    mu=  -9.162 eV  Charge distance=  0.0301 (partial c.d.=  0.5834)
SCF ITERATION NUMBER 15
     point #   1  energy = -40.000
     point #  20  energy = -28.693
     point #  40  energy =  -9.162
     point #  60  energy =  -9.224
New Fermi level:    mu=  -9.220 eV  Charge distance=  0.0116 (partial c.d.=  0.5060)
SCF ITERATION NUMBER 16
     point #   1  energy = -40.000
     point #  20  energy = -28.714
     point #  40  energy =  -9.220
New Fermi level:    mu=  -9.218 eV  Charge distance=  0.0075 (partial c.d.=  0.1060)
SCF ITERATION NUMBER 17
     point #   1  energy = -40.000
     point #  20  energy = -28.713
     point #  40  energy =  -9.218
New Fermi level:    mu=  -9.191 eV  Charge distance=  0.0008 (partial c.d.=  0.0326)
SCF ITERATION NUMBER 18
     point #   1  energy = -40.000
     point #  20  energy = -28.703
     point #  40  energy =  -9.191
New Fermi level:    mu=  -9.193 eV  Charge distance=  0.0003 (partial c.d.=  0.0051)
SCF ITERATION NUMBER 19
     point #   1  energy = -40.000
     point #  20  energy = -28.704
     point #  40  energy =  -9.193
New Fermi level:    mu=  -9.192 eV  Charge distance=  0.0004 (partial c.d.=  0.0062)
SCF ITERATION NUMBER 20
     point #   1  energy = -40.000
     point #  20  energy = -28.704
     point #  40  energy =  -9.192
New Fermi level:    mu=  -9.192 eV  Charge distance=  0.0000 (partial c.d.=  0.0059)
SCF ITERATION NUMBER 21
     point #   1  energy = -40.000
     point #  20  energy = -28.704
     point #  40  energy =  -9.192
New Fermi level:    mu=  -9.192 eV  Charge distance=  0.0009 (partial c.d.=  0.0000)
Electronic configuration
  type     l     N_el
     0     0    0.554
     0     1    0.613
     0     2    9.401
     0     3    0.000
     1     0    0.252
     1     1    6.311
     1     2    0.221
     1     3    0.000
     2     0    0.554
     2     1    0.613
     2     2    9.413
     2     3    0.000
     3     0    1.872
     3     1    4.510
     3     2    0.047
     3     3    0.000
Charge transfer:  type  charge
       0   -0.424
       1   -0.216
       2   -0.424
       3    0.430
Convergence reached in   21 iterations.
Done with module: potentials.

Calculating screened core-hole potential ...
FMS for a cluster of   16 atoms around iph =   0
    0% of energy integration
   20%
   40%
   60%
   80%
  100%
Preparing response function.
Computing (1 - K Chi0)^-1 v_ch
Done with module: screened core-hole potential.

Calculating cross-section and phases ...
    absorption cross section
 x0,dx,rnrm,inrm,jnrm   8.80000000000000       5.000000000000000E-002
   2.49052351499999              195         196
    phase shifts for unique potential    0
    phase shifts for unique potential    1
    phase shifts for unique potential    2
    phase shifts for unique potential    3
Done with module: cross-section and phases (XSPH).

FMS calculation of full Green's function ...
FEFF-serial using 1 thread.
Using   194 energy points.
xprep done
FMS for a cluster of  213 atoms
Energy point    1/ 194
Energy point   10/ 194
Energy point   20/ 194
Energy point   30/ 194
Energy point   40/ 194
Energy point   50/ 194
Energy point   60/ 194
Energy point   70/ 194
Energy point   80/ 194
Energy point   90/ 194
Energy point  100/ 194
Energy point  110/ 194
Energy point  120/ 194
Energy point  130/ 194
Energy point  140/ 194
Energy point  150/ 194
Energy point  160/ 194
Energy point  170/ 194
Energy point  180/ 194
Energy point  190/ 194
Done with module: FMS.

MKGTR: Tracing over Green's function ...
Done with module: MKGTR.

Pathfinder: finding scattering paths...
Preparing plane wave scattering amplitudes
Searching for paths
Eliminating path degeneracies
0 paths retained.
Done with module: pathfinder.

Calculating EXAFS parameters ...
Done with module: EXAFS parameters (GENFMT).

Calculating XAS spectra ...
Done with module: XAS spectra (FF2X: DW + final sum over paths).

 
### feff ends at Sun Aug 13 10:45:57 EDT 2023
 
