### feff starts at Mon Aug 14 09:40:17 EDT 2023
### Serial version
### FeffPath is /sdcc/u/mcarbone/software/JFEFF/hsw/feff90/linux
 
Launching FEFF version FEFF 9.9.1
Resetting lmaxsc to 2 for iph =    1.  Use  UNFREEZE to prevent this.
Core hole lifetime is   1.729 eV.
Your calculation:
 comment: None given
 Source:
 Structure Summary:  Ba24 Sr8 Cu32 O80
 Reduced formula:  Ba3Sr(Cu2O5)2
 space group: (P1), space number:  (1)
 abc: 11.293912  11.224550  18.592207
 angles:107.580080 107.727589  89.962881
 sites: 144
Cu K edge XANES using RPA corehole.
Using:     * Self-Consistent Field potentials
Using cards:   ATOMS CONTROL EXCHANGE TITLE RPATH POTENTIALS XANES EDGE SCF FMS S02 COREHOLE EGRID

Calculating atomic potentials ...
    overlapped atomic potential and density for unique potential    0
    overlapped atomic potential and density for unique potential    1
    overlapped atomic potential and density for unique potential    2
    overlapped atomic potential and density for unique potential    3
    overlapped atomic potential and density for unique potential    4
Done with module: atomic potentials.

Calculating SCF potentials ...
FEFF-serial using 1 thread.
Muffin tin radii and interstitial parameters [bohr]:
type, norman radius, muffin tin, overlap factor
    0  1.31423E+00  1.23413E+00  1.15000E+00
    1  1.97884E+00  1.91749E+00  1.08067E+00
    2  1.89287E+00  1.82397E+00  1.09666E+00
    3  1.31079E+00  1.23403E+00  1.15000E+00
    4  1.13003E+00  1.08214E+00  1.11515E+00
Core-valence separation energy:  ecv=   -48.000 eV
Initial Fermi level:              mu=    -3.473 eV
SCF ITERATION NUMBER  1
     point #   1  energy = -48.000
FMS for a cluster of   95 atoms around atom type   0
FMS for a cluster of   93 atoms around atom type   1
FMS for a cluster of   62 atoms around atom type   2
FMS for a cluster of   82 atoms around atom type   3
FMS for a cluster of   92 atoms around atom type   4
     point #  20  energy = -36.867
     point #  40  energy = -16.617
     point #  60  energy =  -6.285
     point #  80  energy =  -5.754
New Fermi level:    mu=  -5.714 eV  Charge distance=  0.6885 (partial c.d.=  6.6144)
SCF ITERATION NUMBER  1
     point #   1  energy = -48.000
FMS for a cluster of   95 atoms around atom type   0
FMS for a cluster of   93 atoms around atom type   1
FMS for a cluster of   62 atoms around atom type   2
FMS for a cluster of   82 atoms around atom type   3
FMS for a cluster of   92 atoms around atom type   4
     point #  20  energy = -36.925
     point #  40  energy = -16.789
     point #  60  energy =  -5.714
     point #  80  energy =  -6.348
     point # 100  energy = -11.132
     point # 120  energy = -11.992
New Fermi level:    mu= -12.162 eV  Charge distance=  0.1724 (partial c.d.=  3.4287)
SCF ITERATION NUMBER  1
     point #   1  energy = -48.000
FMS for a cluster of   95 atoms around atom type   0
FMS for a cluster of   93 atoms around atom type   1
FMS for a cluster of   62 atoms around atom type   2
FMS for a cluster of   82 atoms around atom type   3
FMS for a cluster of   92 atoms around atom type   4
     point #  20  energy = -36.737
     point #  40  energy = -16.258
     point #  60  energy = -12.162
     point #  80  energy = -10.978
     point # 100  energy = -10.768
New Fermi level:    mu= -10.937 eV  Charge distance=  0.1311 (partial c.d.=  0.5739)
SCF ITERATION NUMBER  2
     point #   1  energy = -48.000
     point #  20  energy = -36.981
     point #  40  energy = -16.947
     point #  60  energy = -10.937
     point #  80  energy = -10.246
New Fermi level:    mu= -10.563 eV  Charge distance=  0.4064 (partial c.d.=  0.1765)
SCF ITERATION NUMBER  3
     point #   1  energy = -48.000
     point #  20  energy = -36.870
     point #  40  energy = -16.633
     point #  60  energy = -10.563
     point #  80  energy =  -9.613
     point # 100  energy = -10.034
New Fermi level:    mu= -10.049 eV  Charge distance=  0.1187 (partial c.d.=  0.5297)
SCF ITERATION NUMBER  4
     point #   1  energy = -48.000
     point #  20  energy = -36.717
     point #  40  energy = -16.203
     point #  60  energy = -10.049
     point #  80  energy = -10.343
New Fermi level:    mu= -10.386 eV  Charge distance=  0.0703 (partial c.d.=  1.0551)
SCF ITERATION NUMBER  5
     point #   1  energy = -48.000
     point #  20  energy = -36.817
     point #  40  energy = -16.486
     point #  60  energy = -10.386
New Fermi level:    mu= -10.428 eV  Charge distance=  0.0194 (partial c.d.=  0.8032)
SCF ITERATION NUMBER  6
     point #   1  energy = -48.000
     point #  20  energy = -36.830
     point #  40  energy = -16.520
     point #  60  energy = -10.428
New Fermi level:    mu= -10.456 eV  Charge distance=  0.0184 (partial c.d.=  0.1047)
SCF ITERATION NUMBER  7
     point #   1  energy = -48.000
     point #  20  energy = -36.838
     point #  40  energy = -16.544
     point #  60  energy = -10.456
New Fermi level:    mu= -10.482 eV  Charge distance=  0.0010 (partial c.d.=  0.0935)
SCF ITERATION NUMBER  8
     point #   1  energy = -48.000
     point #  20  energy = -36.846
     point #  40  energy = -16.566
     point #  60  energy = -10.482
New Fermi level:    mu= -10.484 eV  Charge distance=  0.0030 (partial c.d.=  0.0133)
SCF ITERATION NUMBER  9
     point #   1  energy = -48.000
     point #  20  energy = -36.847
     point #  40  energy = -16.568
     point #  60  energy = -10.484
New Fermi level:    mu= -10.484 eV  Charge distance=  0.0038 (partial c.d.=  0.0027)
SCF ITERATION NUMBER 10
     point #   1  energy = -48.000
     point #  20  energy = -36.847
     point #  40  energy = -16.568
     point #  60  energy = -10.484
New Fermi level:    mu= -10.480 eV  Charge distance=  0.0007 (partial c.d.=  0.0021)
SCF ITERATION NUMBER 11
     point #   1  energy = -48.000
     point #  20  energy = -36.845
     point #  40  energy = -16.564
     point #  60  energy = -10.480
New Fermi level:    mu= -10.478 eV  Charge distance=  0.0002 (partial c.d.=  0.0007)
SCF ITERATION NUMBER 12
     point #   1  energy = -48.000
     point #  20  energy = -36.845
     point #  40  energy = -16.563
     point #  60  energy = -10.478
New Fermi level:    mu= -10.478 eV  Charge distance=  0.0001 (partial c.d.=  0.0002)
SCF ITERATION NUMBER 13
     point #   1  energy = -48.000
     point #  20  energy = -36.845
     point #  40  energy = -16.563
     point #  60  energy = -10.478
New Fermi level:    mu= -10.478 eV  Charge distance=  0.0001 (partial c.d.=  0.0002)
Electronic configuration
  type     l     N_el
     0     0    0.484
     0     1    0.554
     0     2    9.399
     0     3    0.000
     1     0    2.241
     1     1    6.275
     1     2    0.951
     1     3    0.000
     2     0    2.280
     2     1    6.400
     2     2    0.796
     2     3    0.000
     3     0    0.481
     3     1    0.565
     3     2    9.379
     3     3    0.000
     4     0    1.862
     4     1    4.526
     4     2    0.054
     4     3    0.000
Charge transfer:  type  charge
       0   -0.563
       1   -0.533
       2   -0.524
       3   -0.575
       4    0.442
Convergence reached in   13 iterations.
Done with module: potentials.

Calculating screened core-hole potential ...
FMS for a cluster of   19 atoms around iph =   0
    0% of energy integration
   20%
   40%
   60%
   80%
  100%
Preparing response function.
Computing (1 - K Chi0)^-1 v_ch
Done with module: screened core-hole potential.

Calculating cross-section and phases ...
    absorption cross section
 x0,dx,rnrm,inrm,jnrm   8.80000000000000       5.000000000000000E-002
   2.48353450700015              195         196
    phase shifts for unique potential    0
    phase shifts for unique potential    1
    phase shifts for unique potential    2
    phase shifts for unique potential    3
    phase shifts for unique potential    4
Done with module: cross-section and phases (XSPH).

FMS calculation of full Green's function ...
FEFF-serial using 1 thread.
Using   194 energy points.
xprep done
FMS for a cluster of  198 atoms
Energy point    1/ 194
Energy point   10/ 194
Energy point   20/ 194
Energy point   30/ 194
Energy point   40/ 194
Energy point   50/ 194
Energy point   60/ 194
Energy point   70/ 194
Energy point   80/ 194
Energy point   90/ 194
Energy point  100/ 194
Energy point  110/ 194
Energy point  120/ 194
Energy point  130/ 194
Energy point  140/ 194
Energy point  150/ 194
Energy point  160/ 194
Energy point  170/ 194
Energy point  180/ 194
Energy point  190/ 194
Done with module: FMS.

MKGTR: Tracing over Green's function ...
Done with module: MKGTR.

Pathfinder: finding scattering paths...
Preparing plane wave scattering amplitudes
Searching for paths
Eliminating path degeneracies
0 paths retained.
Done with module: pathfinder.

Calculating EXAFS parameters ...
Done with module: EXAFS parameters (GENFMT).

Calculating XAS spectra ...
Done with module: XAS spectra (FF2X: DW + final sum over paths).

 
### feff ends at Mon Aug 14 10:47:24 EDT 2023
 
