### feff starts at Mon Aug 14 03:05:36 EDT 2023
### Serial version
### FeffPath is /sdcc/u/mcarbone/software/JFEFF/hsw/feff90/linux
 
Launching FEFF version FEFF 9.9.1
Core hole lifetime is   1.729 eV.
Your calculation:
 comment: None given
 Source:
 Structure Summary:  Ca8 Cu10 Te6 O36
 Reduced formula:  Ca4Cu5(TeO6)3
 space group: (C2/c), space number:  (15)
 abc:  9.293270   9.293270  10.603730
 angles: 81.558319  81.558319  60.081944
 sites: 60
Cu K edge XANES using RPA corehole.
Using:     * Self-Consistent Field potentials
Using cards:   ATOMS CONTROL EXCHANGE TITLE RPATH POTENTIALS XANES EDGE SCF FMS S02 COREHOLE EGRID

Calculating atomic potentials ...
    overlapped atomic potential and density for unique potential    0
    overlapped atomic potential and density for unique potential    1
    overlapped atomic potential and density for unique potential    2
    overlapped atomic potential and density for unique potential    3
    overlapped atomic potential and density for unique potential    4
Done with module: atomic potentials.

Calculating SCF potentials ...
FEFF-serial using 1 thread.
Muffin tin radii and interstitial parameters [bohr]:
type, norman radius, muffin tin, overlap factor
    0  1.34848E+00  1.27388E+00  1.15000E+00
    1  1.68799E+00  1.56820E+00  1.15000E+00
    2  1.36739E+00  1.30661E+00  1.12177E+00
    3  1.43009E+00  1.28363E+00  1.15000E+00
    4  1.08124E+00  9.74527E-01  1.15000E+00
Core-valence separation energy:  ecv=   -36.000 eV
Initial Fermi level:              mu=     0.853 eV
SCF ITERATION NUMBER  1
     point #   1  energy = -36.000
FMS for a cluster of  110 atoms around atom type   0
FMS for a cluster of  100 atoms around atom type   1
FMS for a cluster of  104 atoms around atom type   2
FMS for a cluster of  107 atoms around atom type   3
FMS for a cluster of  110 atoms around atom type   4
     point #  20  energy = -24.773
     point #  40  energy =  -6.657
     point #  60  energy =  -5.376
New Fermi level:    mu=  -5.143 eV  Charge distance=  1.2104 (partial c.d.=  6.8590)
SCF ITERATION NUMBER  1
     point #   1  energy = -36.000
FMS for a cluster of  110 atoms around atom type   0
FMS for a cluster of  100 atoms around atom type   1
FMS for a cluster of  104 atoms around atom type   2
FMS for a cluster of  107 atoms around atom type   3
FMS for a cluster of  110 atoms around atom type   4
     point #  20  energy = -24.686
     point #  40  energy =  -5.143
     point #  60  energy =  -5.234
     point #  80  energy =  -8.562
     point # 100  energy =  -8.128
     point # 120  energy =  -7.740
New Fermi level:    mu=  -7.589 eV  Charge distance=  0.3950 (partial c.d.=  6.4207)
SCF ITERATION NUMBER  1
     point #   1  energy = -36.000
FMS for a cluster of  110 atoms around atom type   0
FMS for a cluster of  100 atoms around atom type   1
FMS for a cluster of  104 atoms around atom type   2
FMS for a cluster of  107 atoms around atom type   3
FMS for a cluster of  110 atoms around atom type   4
     point #  20  energy = -24.838
     point #  40  energy =  -7.589
New Fermi level:    mu=  -7.519 eV  Charge distance=  0.2264 (partial c.d.=  0.1833)
SCF ITERATION NUMBER  2
     point #   1  energy = -36.000
     point #  20  energy = -24.811
     point #  40  energy =  -7.519
     point #  60  energy =  -7.497
New Fermi level:    mu=  -7.369 eV  Charge distance=  0.4623 (partial c.d.=  0.2949)
SCF ITERATION NUMBER  3
     point #   1  energy = -36.000
     point #  20  energy = -24.752
     point #  40  energy =  -7.369
     point #  60  energy =  -7.200
New Fermi level:    mu=  -6.354 eV  Charge distance=  0.3228 (partial c.d.=  1.8835)
SCF ITERATION NUMBER  4
     point #   1  energy = -36.000
     point #  20  energy = -24.755
     point #  40  energy =  -6.354
     point #  60  energy =  -6.445
     point #  80  energy =  -7.982
     point # 100  energy =  -7.410
New Fermi level:    mu=  -7.328 eV  Charge distance=  0.0918 (partial c.d.=  2.1031)
SCF ITERATION NUMBER  5
     point #   1  energy = -36.000
     point #  20  energy = -24.736
     point #  40  energy =  -7.328
New Fermi level:    mu=  -7.347 eV  Charge distance=  0.1606 (partial c.d.=  0.0556)
SCF ITERATION NUMBER  6
     point #   1  energy = -36.000
     point #  20  energy = -24.743
     point #  40  energy =  -7.347
New Fermi level:    mu=  -7.346 eV  Charge distance=  0.0235 (partial c.d.=  0.3424)
SCF ITERATION NUMBER  7
     point #   1  energy = -36.000
     point #  20  energy = -24.743
     point #  40  energy =  -7.346
New Fermi level:    mu=  -7.349 eV  Charge distance=  0.0127 (partial c.d.=  0.0121)
SCF ITERATION NUMBER  8
     point #   1  energy = -36.000
     point #  20  energy = -24.744
     point #  40  energy =  -7.349
New Fermi level:    mu=  -7.345 eV  Charge distance=  0.0173 (partial c.d.=  0.0130)
SCF ITERATION NUMBER  9
     point #   1  energy = -36.000
     point #  20  energy = -24.743
     point #  40  energy =  -7.345
New Fermi level:    mu=  -7.336 eV  Charge distance=  0.0059 (partial c.d.=  0.0046)
SCF ITERATION NUMBER 10
     point #   1  energy = -36.000
     point #  20  energy = -24.739
     point #  40  energy =  -7.336
New Fermi level:    mu=  -7.330 eV  Charge distance=  0.0006 (partial c.d.=  0.0063)
SCF ITERATION NUMBER 11
     point #   1  energy = -36.000
     point #  20  energy = -24.737
     point #  40  energy =  -7.330
New Fermi level:    mu=  -7.328 eV  Charge distance=  0.0006 (partial c.d.=  0.0008)
SCF ITERATION NUMBER 12
     point #   1  energy = -36.000
     point #  20  energy = -24.736
     point #  40  energy =  -7.328
New Fermi level:    mu=  -7.327 eV  Charge distance=  0.0000 (partial c.d.=  0.0011)
SCF ITERATION NUMBER 13
     point #   1  energy = -36.000
     point #  20  energy = -24.736
     point #  40  energy =  -7.327
New Fermi level:    mu=  -7.327 eV  Charge distance=  0.0002 (partial c.d.=  0.0004)
SCF ITERATION NUMBER 14
     point #   1  energy = -36.000
     point #  20  energy = -24.736
     point #  40  energy =  -7.327
New Fermi level:    mu=  -7.328 eV  Charge distance=  0.0001 (partial c.d.=  0.0002)
SCF ITERATION NUMBER 15
     point #   1  energy = -36.000
     point #  20  energy = -24.736
     point #  40  energy =  -7.328
New Fermi level:    mu=  -7.328 eV  Charge distance=  0.0000 (partial c.d.=  0.0003)
SCF ITERATION NUMBER 16
     point #   1  energy = -36.000
     point #  20  energy = -24.736
     point #  40  energy =  -7.328
New Fermi level:    mu=  -7.328 eV  Charge distance=  0.0000 (partial c.d.=  0.0001)
Electronic configuration
  type     l     N_el
     0     0    0.492
     0     1    0.583
     0     2    9.583
     0     3    0.000
     1     0    0.405
     1     1    6.563
     1     2    1.085
     1     3    0.000
     2     0    0.472
     2     1    0.570
     2     2    9.623
     2     3    0.000
     3     0    1.582
     3     1    2.170
     3     2    0.934
     3     3    0.000
     4     0    1.867
     4     1    4.366
     4     2    0.067
     4     3    0.000
Charge transfer:  type  charge
       0   -0.342
       1    0.053
       2   -0.335
       3   -1.315
       4    0.300
Convergence reached in   16 iterations.
Done with module: potentials.

Calculating screened core-hole potential ...
FMS for a cluster of   20 atoms around iph =   0
    0% of energy integration
   20%
   40%
   60%
   80%
  100%
Preparing response function.
Computing (1 - K Chi0)^-1 v_ch
Done with module: screened core-hole potential.

Calculating cross-section and phases ...
    absorption cross section
 x0,dx,rnrm,inrm,jnrm   8.80000000000000       5.000000000000000E-002
   2.54825882700013              195         196
    phase shifts for unique potential    0
    phase shifts for unique potential    1
    phase shifts for unique potential    2
    phase shifts for unique potential    3
    phase shifts for unique potential    4
Done with module: cross-section and phases (XSPH).

FMS calculation of full Green's function ...
FEFF-serial using 1 thread.
Using   194 energy points.
xprep done
FMS for a cluster of  235 atoms
Energy point    1/ 194
Energy point   10/ 194
Energy point   20/ 194
Energy point   30/ 194
Energy point   40/ 194
Energy point   50/ 194
Energy point   60/ 194
Energy point   70/ 194
Energy point   80/ 194
Energy point   90/ 194
Energy point  100/ 194
Energy point  110/ 194
Energy point  120/ 194
Energy point  130/ 194
Energy point  140/ 194
Energy point  150/ 194
Energy point  160/ 194
Energy point  170/ 194
Energy point  180/ 194
Energy point  190/ 194
Done with module: FMS.

MKGTR: Tracing over Green's function ...
Done with module: MKGTR.

Pathfinder: finding scattering paths...
Preparing plane wave scattering amplitudes
Searching for paths
Eliminating path degeneracies
0 paths retained.
Done with module: pathfinder.

Calculating EXAFS parameters ...
Done with module: EXAFS parameters (GENFMT).

Calculating XAS spectra ...
Done with module: XAS spectra (FF2X: DW + final sum over paths).

 
### feff ends at Mon Aug 14 04:48:27 EDT 2023
 
