### feff starts at Mon Aug 14 07:00:11 EDT 2023
### Serial version
### FeffPath is /sdcc/u/mcarbone/software/JFEFF/hsw/feff90/linux
 
Launching FEFF version FEFF 9.9.1
Core hole lifetime is   1.729 eV.
Your calculation:
 comment: None given
 Source:
 Structure Summary:  Li4 Cu4 O8
 Reduced formula:  LiCuO2
 space group: (P1), space number:  (1)
 abc:  5.363564   5.449728   6.796415
 angles: 99.008716 101.072835 105.512968
 sites: 16
Cu K edge XANES using RPA corehole.
Using:     * Self-Consistent Field potentials
Using cards:   ATOMS CONTROL EXCHANGE TITLE RPATH POTENTIALS XANES EDGE SCF FMS S02 COREHOLE EGRID

Calculating atomic potentials ...
    overlapped atomic potential and density for unique potential    0
    overlapped atomic potential and density for unique potential    1
    overlapped atomic potential and density for unique potential    2
    overlapped atomic potential and density for unique potential    3
Done with module: atomic potentials.

Calculating SCF potentials ...
FEFF-serial using 1 thread.
Muffin tin radii and interstitial parameters [bohr]:
type, norman radius, muffin tin, overlap factor
    0  1.26004E+00  1.13641E+00  1.15000E+00
    1  1.29730E+00  1.22820E+00  1.15000E+00
    2  1.25130E+00  1.12675E+00  1.15000E+00
    3  1.10911E+00  1.01150E+00  1.15000E+00
Core-valence separation energy:  ecv=   -40.000 eV
Initial Fermi level:              mu=     0.690 eV
SCF ITERATION NUMBER  1
     point #   1  energy = -40.000
FMS for a cluster of  132 atoms around atom type   0
FMS for a cluster of  124 atoms around atom type   1
FMS for a cluster of  130 atoms around atom type   2
FMS for a cluster of  130 atoms around atom type   3
     point #  20  energy = -28.824
     point #  40  energy =  -8.574
     point #  60  energy =  -3.346
     point #  80  energy =  -3.378
New Fermi level:    mu=  -3.374 eV  Charge distance=  0.5480 (partial c.d.=  7.2166)
SCF ITERATION NUMBER  1
     point #   1  energy = -40.000
FMS for a cluster of  132 atoms around atom type   0
FMS for a cluster of  124 atoms around atom type   1
FMS for a cluster of  130 atoms around atom type   2
FMS for a cluster of  130 atoms around atom type   3
     point #  20  energy = -28.809
     point #  40  energy =  -8.461
     point #  60  energy =  -3.374
     point #  80  energy =  -4.953
     point # 100  energy =  -8.918
New Fermi level:    mu=  -9.358 eV  Charge distance=  0.1281 (partial c.d.=  2.7897)
SCF ITERATION NUMBER  1
     point #   1  energy = -40.000
FMS for a cluster of  132 atoms around atom type   0
FMS for a cluster of  124 atoms around atom type   1
FMS for a cluster of  130 atoms around atom type   2
FMS for a cluster of  130 atoms around atom type   3
     point #  20  energy = -28.765
     point #  40  energy =  -9.358
     point #  60  energy =  -9.267
     point #  80  energy =  -7.839
New Fermi level:    mu=  -7.906 eV  Charge distance=  0.1255 (partial c.d.=  1.0610)
SCF ITERATION NUMBER  2
     point #   1  energy = -40.000
     point #  20  energy = -28.968
     point #  40  energy =  -8.909
     point #  60  energy =  -7.943
New Fermi level:    mu=  -7.935 eV  Charge distance=  0.1516 (partial c.d.=  1.0735)
SCF ITERATION NUMBER  3
     point #   1  energy = -40.000
     point #  20  energy = -28.978
     point #  40  energy =  -8.937
     point #  60  energy =  -7.976
New Fermi level:    mu=  -8.208 eV  Charge distance=  0.0663 (partial c.d.=  1.9657)
SCF ITERATION NUMBER  4
     point #   1  energy = -40.000
     point #  20  energy = -28.719
     point #  40  energy =  -8.208
New Fermi level:    mu=  -8.232 eV  Charge distance=  0.1335 (partial c.d.=  0.3707)
SCF ITERATION NUMBER  5
     point #   1  energy = -40.000
     point #  20  energy = -28.728
     point #  40  energy =  -8.232
     point #  60  energy =  -8.192
New Fermi level:    mu=  -7.889 eV  Charge distance=  0.0396 (partial c.d.=  1.3534)
SCF ITERATION NUMBER  6
     point #   1  energy = -40.000
     point #  20  energy = -28.962
     point #  40  energy =  -8.893
     point #  60  energy =  -7.930
New Fermi level:    mu=  -8.031 eV  Charge distance=  0.0139 (partial c.d.=  0.7888)
SCF ITERATION NUMBER  7
     point #   1  energy = -40.000
     point #  20  energy = -29.011
     point #  40  energy =  -9.030
     point #  60  energy =  -7.993
New Fermi level:    mu=  -8.004 eV  Charge distance=  0.0111 (partial c.d.=  0.3985)
SCF ITERATION NUMBER  8
     point #   1  energy = -40.000
     point #  20  energy = -29.001
     point #  40  energy =  -9.004
     point #  60  energy =  -7.966
New Fermi level:    mu=  -7.967 eV  Charge distance=  0.0058 (partial c.d.=  0.0638)
SCF ITERATION NUMBER  9
     point #   1  energy = -40.000
     point #  20  energy = -28.989
     point #  40  energy =  -8.968
New Fermi level:    mu=  -7.981 eV  Charge distance=  0.0028 (partial c.d.=  0.0884)
SCF ITERATION NUMBER 10
     point #   1  energy = -40.000
     point #  20  energy = -28.994
     point #  40  energy =  -8.982
New Fermi level:    mu=  -7.981 eV  Charge distance=  0.0047 (partial c.d.=  0.0049)
SCF ITERATION NUMBER 11
     point #   1  energy = -40.000
     point #  20  energy = -28.994
     point #  40  energy =  -8.982
New Fermi level:    mu=  -7.978 eV  Charge distance=  0.0049 (partial c.d.=  0.0284)
SCF ITERATION NUMBER 12
     point #   1  energy = -40.000
     point #  20  energy = -28.992
     point #  40  energy =  -8.979
New Fermi level:    mu=  -7.968 eV  Charge distance=  0.0001 (partial c.d.=  0.0365)
SCF ITERATION NUMBER 13
     point #   1  energy = -40.000
     point #  20  energy = -28.989
     point #  40  energy =  -8.969
New Fermi level:    mu=  -7.967 eV  Charge distance=  0.0000 (partial c.d.=  0.0044)
SCF ITERATION NUMBER 14
     point #   1  energy = -40.000
     point #  20  energy = -28.989
     point #  40  energy =  -8.968
New Fermi level:    mu=  -7.965 eV  Charge distance=  0.0001 (partial c.d.=  0.0007)
SCF ITERATION NUMBER 15
     point #   1  energy = -40.000
     point #  20  energy = -28.988
     point #  40  energy =  -8.967
New Fermi level:    mu=  -7.964 eV  Charge distance=  0.0000 (partial c.d.=  0.0013)
SCF ITERATION NUMBER 16
     point #   1  energy = -40.000
     point #  20  energy = -28.988
     point #  40  energy =  -8.966
New Fermi level:    mu=  -7.965 eV  Charge distance=  0.0001 (partial c.d.=  0.0006)
SCF ITERATION NUMBER 17
     point #   1  energy = -40.000
     point #  20  energy = -28.988
     point #  40  energy =  -8.966
New Fermi level:    mu=  -7.965 eV  Charge distance=  0.0000 (partial c.d.=  0.0010)
SCF ITERATION NUMBER 18
     point #   1  energy = -40.000
     point #  20  energy = -28.988
     point #  40  energy =  -8.966
New Fermi level:    mu=  -7.965 eV  Charge distance=  0.0000 (partial c.d.=  0.0001)
Electronic configuration
  type     l     N_el
     0     0    0.522
     0     1    0.642
     0     2    9.291
     0     3    0.000
     1     0    0.270
     1     1    0.562
     1     2    0.000
     1     3    0.000
     2     0    0.518
     2     1    0.642
     2     2    9.293
     2     3    0.000
     3     0    1.860
     3     1    4.426
     3     2    0.072
     3     3    0.000
Charge transfer:  type  charge
       0   -0.546
       1   -0.167
       2   -0.547
       3    0.358
Convergence reached in   18 iterations.
Done with module: potentials.

Calculating screened core-hole potential ...
FMS for a cluster of   24 atoms around iph =   0
    0% of energy integration
   20%
   40%
   60%
   80%
  100%
Preparing response function.
Computing (1 - K Chi0)^-1 v_ch
Done with module: screened core-hole potential.

Calculating cross-section and phases ...
    absorption cross section
 x0,dx,rnrm,inrm,jnrm   8.80000000000000       5.000000000000000E-002
   2.38112987299980              194         195
    phase shifts for unique potential    0
    phase shifts for unique potential    1
    phase shifts for unique potential    2
    phase shifts for unique potential    3
Done with module: cross-section and phases (XSPH).

FMS calculation of full Green's function ...
FEFF-serial using 1 thread.
Using   194 energy points.
xprep done
FMS for a cluster of  263 atoms
Energy point    1/ 194
Energy point   10/ 194
Energy point   20/ 194
Energy point   30/ 194
Energy point   40/ 194
Energy point   50/ 194
Energy point   60/ 194
Energy point   70/ 194
Energy point   80/ 194
Energy point   90/ 194
Energy point  100/ 194
Energy point  110/ 194
Energy point  120/ 194
Energy point  130/ 194
Energy point  140/ 194
Energy point  150/ 194
Energy point  160/ 194
Energy point  170/ 194
Energy point  180/ 194
Energy point  190/ 194
Done with module: FMS.

MKGTR: Tracing over Green's function ...
Done with module: MKGTR.

Pathfinder: finding scattering paths...
Preparing plane wave scattering amplitudes
Searching for paths
Eliminating path degeneracies
0 paths retained.
Done with module: pathfinder.

Calculating EXAFS parameters ...
Done with module: EXAFS parameters (GENFMT).

Calculating XAS spectra ...
Done with module: XAS spectra (FF2X: DW + final sum over paths).

 
### feff ends at Mon Aug 14 08:51:46 EDT 2023
 
