### feff starts at Sun Aug 13 11:40:05 EDT 2023
### Serial version
### FeffPath is /sdcc/u/mcarbone/software/JFEFF/hsw/feff90/linux
 
Launching FEFF version FEFF 9.9.1
Core hole lifetime is   1.729 eV.
Your calculation:
 comment: None given
 Source:
 Structure Summary:  Li4 Cu16 P12 O48
 Reduced formula:  LiCu4(PO4)3
 space group: (Pm), space number:  (6)
 abc:  6.402945   8.933288  14.898112
 angles: 89.892613  90.000000  90.000000
 sites: 80
Cu K edge XANES using RPA corehole.
Using:     * Self-Consistent Field potentials
Using cards:   ATOMS CONTROL EXCHANGE TITLE RPATH POTENTIALS XANES EDGE SCF FMS S02 COREHOLE EGRID

Calculating atomic potentials ...
    overlapped atomic potential and density for unique potential    0
    overlapped atomic potential and density for unique potential    1
    overlapped atomic potential and density for unique potential    2
    overlapped atomic potential and density for unique potential    3
    overlapped atomic potential and density for unique potential    4
Done with module: atomic potentials.

Calculating SCF potentials ...
FEFF-serial using 1 thread.
Muffin tin radii and interstitial parameters [bohr]:
type, norman radius, muffin tin, overlap factor
    0  1.37208E+00  1.30483E+00  1.13669E+00
    1  1.36312E+00  1.30390E+00  1.11854E+00
    2  1.35487E+00  1.28562E+00  1.14377E+00
    3  1.15387E+00  9.36731E-01  1.15000E+00
    4  1.04605E+00  8.94092E-01  1.15000E+00
Core-valence separation energy:  ecv=   -40.000 eV
Initial Fermi level:              mu=     6.154 eV
SCF ITERATION NUMBER  1
     point #   1  energy = -40.000
FMS for a cluster of  136 atoms around atom type   0
FMS for a cluster of  115 atoms around atom type   1
FMS for a cluster of  132 atoms around atom type   2
FMS for a cluster of  122 atoms around atom type   3
FMS for a cluster of  131 atoms around atom type   4
     point #  20  energy = -28.936
     point #  40  energy =  -8.686
     point #  60  energy =  -2.801
     point #  80  energy =  -3.020
New Fermi level:    mu=  -3.044 eV  Charge distance=  0.4576 (partial c.d.=  7.8840)
SCF ITERATION NUMBER  1
     point #   1  energy = -40.000
FMS for a cluster of  136 atoms around atom type   0
FMS for a cluster of  115 atoms around atom type   1
FMS for a cluster of  132 atoms around atom type   2
FMS for a cluster of  122 atoms around atom type   3
FMS for a cluster of  131 atoms around atom type   4
     point #  20  energy = -28.708
     point #  40  energy =  -8.177
     point #  60  energy =  -3.044
     point #  80  energy =  -4.944
     point # 100  energy =  -7.669
     point # 120  energy =  -8.072
     point # 140  energy =  -8.322
     point # 160  energy =  -8.572
     point # 180  energy =  -8.822
     point # 200  energy =  -9.072
New Fermi level:    mu=  -9.065 eV  Charge distance=  0.1401 (partial c.d.=  2.4665)
SCF ITERATION NUMBER  1
     point #   1  energy = -40.000
FMS for a cluster of  136 atoms around atom type   0
FMS for a cluster of  115 atoms around atom type   1
FMS for a cluster of  132 atoms around atom type   2
FMS for a cluster of  122 atoms around atom type   3
FMS for a cluster of  131 atoms around atom type   4
     point #  20  energy = -29.023
     point #  40  energy =  -9.065
     point #  60  energy =  -9.025
     point #  80  energy =  -7.097
     point # 100  energy =  -6.384
     point # 120  energy =  -6.700
     point # 140  energy =  -6.950
     point # 160  energy =  -7.200
New Fermi level:    mu=  -7.270 eV  Charge distance=  0.1008 (partial c.d.=  0.2882)
SCF ITERATION NUMBER  2
     point #   1  energy = -40.000
     point #  20  energy = -28.749
     point #  40  energy =  -8.293
     point #  60  energy =  -7.229
     point #  80  energy =  -5.851
     point # 100  energy =  -6.195
     point # 120  energy =  -6.445
New Fermi level:    mu=  -6.659 eV  Charge distance=  0.2928 (partial c.d.=  0.1022)
SCF ITERATION NUMBER  3
     point #   1  energy = -40.000
     point #  20  energy = -28.886
     point #  40  energy =  -8.680
     point #  60  energy =  -6.684
New Fermi level:    mu=  -6.697 eV  Charge distance=  0.0281 (partial c.d.=  0.0846)
SCF ITERATION NUMBER  4
     point #   1  energy = -40.000
     point #  20  energy = -28.899
     point #  40  energy =  -8.715
     point #  60  energy =  -6.722
New Fermi level:    mu=  -6.728 eV  Charge distance=  0.0078 (partial c.d.=  0.0889)
SCF ITERATION NUMBER  5
     point #   1  energy = -40.000
     point #  20  energy = -28.909
     point #  40  energy =  -8.744
     point #  60  energy =  -6.753
New Fermi level:    mu=  -6.798 eV  Charge distance=  0.0110 (partial c.d.=  0.0223)
SCF ITERATION NUMBER  6
     point #   1  energy = -40.000
     point #  20  energy = -28.933
     point #  40  energy =  -8.810
     point #  60  energy =  -6.823
New Fermi level:    mu=  -6.837 eV  Charge distance=  0.0060 (partial c.d.=  0.0062)
SCF ITERATION NUMBER  7
     point #   1  energy = -40.000
     point #  20  energy = -28.946
     point #  40  energy =  -8.847
New Fermi level:    mu=  -6.844 eV  Charge distance=  0.0015 (partial c.d.=  0.0031)
SCF ITERATION NUMBER  8
     point #   1  energy = -40.000
     point #  20  energy = -28.948
     point #  40  energy =  -8.854
New Fermi level:    mu=  -6.835 eV  Charge distance=  0.0038 (partial c.d.=  0.0004)
SCF ITERATION NUMBER  9
     point #   1  energy = -40.000
     point #  20  energy = -28.945
     point #  40  energy =  -8.845
New Fermi level:    mu=  -6.824 eV  Charge distance=  0.0002 (partial c.d.=  0.0007)
SCF ITERATION NUMBER 10
     point #   1  energy = -40.000
     point #  20  energy = -28.941
     point #  40  energy =  -8.835
New Fermi level:    mu=  -6.824 eV  Charge distance=  0.0002 (partial c.d.=  0.0001)
Electronic configuration
  type     l     N_el
     0     0    0.437
     0     1    0.566
     0     2    9.673
     0     3    0.000
     1     0    0.239
     1     1    0.488
     1     2    0.000
     1     3    0.000
     2     0    0.448
     2     1    0.575
     2     2    9.678
     2     3    0.000
     3     0    1.199
     3     1    2.062
     3     2    1.042
     3     3    0.000
     4     0    1.824
     4     1    4.398
     4     2    0.075
     4     3    0.000
Charge transfer:  type  charge
       0   -0.324
       1   -0.273
       2   -0.300
       3   -0.697
       4    0.297
Convergence reached in   10 iterations.
Done with module: potentials.

Calculating screened core-hole potential ...
FMS for a cluster of   28 atoms around iph =   0
    0% of energy integration
   20%
   40%
   60%
   80%
  100%
Preparing response function.
Computing (1 - K Chi0)^-1 v_ch
Done with module: screened core-hole potential.

Calculating cross-section and phases ...
    absorption cross section
 x0,dx,rnrm,inrm,jnrm   8.80000000000000       5.000000000000000E-002
   2.59285396400018              196         197
    phase shifts for unique potential    0
    phase shifts for unique potential    1
    phase shifts for unique potential    2
    phase shifts for unique potential    3
    phase shifts for unique potential    4
Done with module: cross-section and phases (XSPH).

FMS calculation of full Green's function ...
FEFF-serial using 1 thread.
Using   194 energy points.
xprep done
FMS for a cluster of  286 atoms
Energy point    1/ 194
Energy point   10/ 194
Energy point   20/ 194
Energy point   30/ 194
Energy point   40/ 194
Energy point   50/ 194
Energy point   60/ 194
Energy point   70/ 194
Energy point   80/ 194
Energy point   90/ 194
Energy point  100/ 194
Energy point  110/ 194
Energy point  120/ 194
Energy point  130/ 194
Energy point  140/ 194
Energy point  150/ 194
Energy point  160/ 194
Energy point  170/ 194
Energy point  180/ 194
Energy point  190/ 194
Done with module: FMS.

MKGTR: Tracing over Green's function ...
Done with module: MKGTR.

Pathfinder: finding scattering paths...
Preparing plane wave scattering amplitudes
Searching for paths
Eliminating path degeneracies
0 paths retained.
Done with module: pathfinder.

Calculating EXAFS parameters ...
Done with module: EXAFS parameters (GENFMT).

Calculating XAS spectra ...
Done with module: XAS spectra (FF2X: DW + final sum over paths).

 
### feff ends at Sun Aug 13 14:09:44 EDT 2023
 
