### feff starts at Sun Aug 13 16:45:41 EDT 2023
### Serial version
### FeffPath is /sdcc/u/mcarbone/software/JFEFF/hsw/feff90/linux
 
Launching FEFF version FEFF 9.9.1
Core hole lifetime is   1.729 eV.
Your calculation:
 comment: None given
 Source:
 Structure Summary:  Zn6 Cu12 O24
 Reduced formula:  Zn(CuO2)2
 space group: (Cm), space number:  (8)
 abc:  5.925360   5.925360  14.509735
 angles: 89.736491  89.736491  60.215834
 sites: 42
Cu K edge XANES using RPA corehole.
Using:     * Self-Consistent Field potentials
Using cards:   ATOMS CONTROL EXCHANGE TITLE RPATH POTENTIALS XANES EDGE SCF FMS S02 COREHOLE EGRID

Calculating atomic potentials ...
    overlapped atomic potential and density for unique potential    0
    overlapped atomic potential and density for unique potential    1
    overlapped atomic potential and density for unique potential    2
    overlapped atomic potential and density for unique potential    3
Done with module: atomic potentials.

Calculating SCF potentials ...
FEFF-serial using 1 thread.
Muffin tin radii and interstitial parameters [bohr]:
type, norman radius, muffin tin, overlap factor
    0  1.32248E+00  1.20683E+00  1.15000E+00
    1  1.41977E+00  1.33804E+00  1.15000E+00
    2  1.28911E+00  1.22128E+00  1.14887E+00
    3  1.12335E+00  1.05628E+00  1.15000E+00
Core-valence separation energy:  ecv=   -40.000 eV
Initial Fermi level:              mu=     2.002 eV
SCF ITERATION NUMBER  1
     point #   1  energy = -40.000
FMS for a cluster of  148 atoms around atom type   0
FMS for a cluster of  128 atoms around atom type   1
FMS for a cluster of  129 atoms around atom type   2
FMS for a cluster of  142 atoms around atom type   3
     point #  20  energy = -28.767
     point #  40  energy =  -8.517
     point #  60  energy =  -3.304
     point #  80  energy =  -3.423
New Fermi level:    mu=  -3.424 eV  Charge distance=  0.4888 (partial c.d.= 10.3205)
SCF ITERATION NUMBER  1
     point #   1  energy = -40.000
FMS for a cluster of  148 atoms around atom type   0
FMS for a cluster of  128 atoms around atom type   1
FMS for a cluster of  129 atoms around atom type   2
FMS for a cluster of  142 atoms around atom type   3
     point #  20  energy = -28.824
     point #  40  energy =  -8.504
     point #  60  energy =  -3.424
     point #  80  energy =  -5.002
     point # 100  energy =  -8.462
New Fermi level:    mu=  -8.770 eV  Charge distance=  0.1406 (partial c.d.=  2.4516)
SCF ITERATION NUMBER  1
     point #   1  energy = -40.000
FMS for a cluster of  148 atoms around atom type   0
FMS for a cluster of  128 atoms around atom type   1
FMS for a cluster of  129 atoms around atom type   2
FMS for a cluster of  142 atoms around atom type   3
     point #  20  energy = -28.918
     point #  40  energy =  -8.770
     point #  60  energy =  -8.729
     point #  80  energy =  -7.761
New Fermi level:    mu=  -7.802 eV  Charge distance=  0.0680 (partial c.d.=  0.7589)
SCF ITERATION NUMBER  2
     point #   1  energy = -40.000
     point #  20  energy = -28.932
     point #  40  energy =  -8.808
     point #  60  energy =  -7.843
New Fermi level:    mu=  -8.219 eV  Charge distance=  0.0697 (partial c.d.=  0.2856)
SCF ITERATION NUMBER  3
     point #   1  energy = -40.000
     point #  20  energy = -28.723
     point #  40  energy =  -8.219
     point #  60  energy =  -8.151
New Fermi level:    mu=  -8.045 eV  Charge distance=  0.2158 (partial c.d.=  3.5662)
SCF ITERATION NUMBER  4
     point #   1  energy = -40.000
     point #  20  energy = -29.015
     point #  40  energy =  -9.043
     point #  60  energy =  -8.082
New Fermi level:    mu=  -8.142 eV  Charge distance=  0.0708 (partial c.d.=  3.9977)
SCF ITERATION NUMBER  5
     point #   1  energy = -40.000
     point #  20  energy = -28.696
     point #  40  energy =  -8.142
     point #  60  energy =  -8.183
New Fermi level:    mu=  -8.641 eV  Charge distance=  0.0409 (partial c.d.=  0.4225)
SCF ITERATION NUMBER  6
     point #   1  energy = -40.000
     point #  20  energy = -28.873
     point #  40  energy =  -8.641
     point #  60  energy =  -8.601
New Fermi level:    mu=  -8.390 eV  Charge distance=  0.0165 (partial c.d.=  0.1945)
SCF ITERATION NUMBER  7
     point #   1  energy = -40.000
     point #  20  energy = -28.783
     point #  40  energy =  -8.390
New Fermi level:    mu=  -8.397 eV  Charge distance=  0.0595 (partial c.d.=  0.0803)
SCF ITERATION NUMBER  8
     point #   1  energy = -40.000
     point #  20  energy = -28.786
     point #  40  energy =  -8.397
New Fermi level:    mu=  -8.360 eV  Charge distance=  0.0135 (partial c.d.=  0.4025)
SCF ITERATION NUMBER  9
     point #   1  energy = -40.000
     point #  20  energy = -28.773
     point #  40  energy =  -8.360
New Fermi level:    mu=  -8.395 eV  Charge distance=  0.0076 (partial c.d.=  0.1781)
SCF ITERATION NUMBER 10
     point #   1  energy = -40.000
     point #  20  energy = -28.785
     point #  40  energy =  -8.395
New Fermi level:    mu=  -8.387 eV  Charge distance=  0.0113 (partial c.d.=  0.0292)
SCF ITERATION NUMBER 11
     point #   1  energy = -40.000
     point #  20  energy = -28.782
     point #  40  energy =  -8.387
New Fermi level:    mu=  -8.376 eV  Charge distance=  0.0054 (partial c.d.=  0.0246)
SCF ITERATION NUMBER 12
     point #   1  energy = -40.000
     point #  20  energy = -28.779
     point #  40  energy =  -8.376
New Fermi level:    mu=  -8.375 eV  Charge distance=  0.0005 (partial c.d.=  0.0106)
SCF ITERATION NUMBER 13
     point #   1  energy = -40.000
     point #  20  energy = -28.778
     point #  40  energy =  -8.375
New Fermi level:    mu=  -8.375 eV  Charge distance=  0.0014 (partial c.d.=  0.0005)
SCF ITERATION NUMBER 14
     point #   1  energy = -40.000
     point #  20  energy = -28.778
     point #  40  energy =  -8.375
New Fermi level:    mu=  -8.375 eV  Charge distance=  0.0003 (partial c.d.=  0.0017)
SCF ITERATION NUMBER 15
     point #   1  energy = -40.000
     point #  20  energy = -28.778
     point #  40  energy =  -8.375
New Fermi level:    mu=  -8.375 eV  Charge distance=  0.0000 (partial c.d.=  0.0007)
SCF ITERATION NUMBER 16
     point #   1  energy = -40.000
     point #  20  energy = -28.778
     point #  40  energy =  -8.375
New Fermi level:    mu=  -8.375 eV  Charge distance=  0.0000 (partial c.d.=  0.0003)
SCF ITERATION NUMBER 17
     point #   1  energy = -40.000
     point #  20  energy = -28.778
     point #  40  energy =  -8.375
New Fermi level:    mu=  -8.375 eV  Charge distance=  0.0001 (partial c.d.=  0.0001)
Electronic configuration
  type     l     N_el
     0     0    0.529
     0     1    0.682
     0     2    9.371
     0     3    0.000
     1     0    0.721
     1     1    0.936
     1     2   10.338
     1     3    0.000
     2     0    0.486
     2     1    0.654
     2     2    9.300
     2     3    0.000
     3     0    1.880
     3     1    4.314
     3     2    0.087
     3     3    0.000
Charge transfer:  type  charge
       0   -0.418
       1   -0.006
       2   -0.560
       3    0.282
Convergence reached in   17 iterations.
Done with module: potentials.

Calculating screened core-hole potential ...
FMS for a cluster of   33 atoms around iph =   0
    0% of energy integration
   20%
   40%
   60%
   80%
  100%
Preparing response function.
Computing (1 - K Chi0)^-1 v_ch
Done with module: screened core-hole potential.

Calculating cross-section and phases ...
    absorption cross section
 x0,dx,rnrm,inrm,jnrm   8.80000000000000       5.000000000000000E-002
   2.49912836500007              195         196
    phase shifts for unique potential    0
    phase shifts for unique potential    1
    phase shifts for unique potential    2
    phase shifts for unique potential    3
Done with module: cross-section and phases (XSPH).

FMS calculation of full Green's function ...
FEFF-serial using 1 thread.
Using   194 energy points.
xprep done
FMS for a cluster of  270 atoms
Energy point    1/ 194
Energy point   10/ 194
Energy point   20/ 194
Energy point   30/ 194
Energy point   40/ 194
Energy point   50/ 194
Energy point   60/ 194
Energy point   70/ 194
Energy point   80/ 194
Energy point   90/ 194
Energy point  100/ 194
Energy point  110/ 194
Energy point  120/ 194
Energy point  130/ 194
Energy point  140/ 194
Energy point  150/ 194
Energy point  160/ 194
Energy point  170/ 194
Energy point  180/ 194
Energy point  190/ 194
Done with module: FMS.

MKGTR: Tracing over Green's function ...
Done with module: MKGTR.

Pathfinder: finding scattering paths...
Preparing plane wave scattering amplitudes
Searching for paths
Eliminating path degeneracies
0 paths retained.
Done with module: pathfinder.

Calculating EXAFS parameters ...
Done with module: EXAFS parameters (GENFMT).

Calculating XAS spectra ...
Done with module: XAS spectra (FF2X: DW + final sum over paths).

 
### feff ends at Sun Aug 13 19:20:34 EDT 2023
 
