### feff starts at Mon Aug 14 11:41:51 EDT 2023
### Serial version
### FeffPath is /sdcc/u/mcarbone/software/JFEFF/hsw/feff90/linux
 
Launching FEFF version FEFF 9.9.1
Core hole lifetime is   1.729 eV.
Your calculation:
 comment: None given
 Source:
 Structure Summary:  Sc13 Cu13 O33
 Reduced formula:  Sc13Cu13O33
 space group: (Cm), space number:  (8)
 abc:  5.964044   5.964044  36.258679
 angles: 87.867821  87.867821  33.365060
 sites: 59
Cu K edge XANES using RPA corehole.
Using:     * Self-Consistent Field potentials
Using cards:   ATOMS CONTROL EXCHANGE TITLE RPATH POTENTIALS XANES EDGE SCF FMS S02 COREHOLE EGRID

Calculating atomic potentials ...
    overlapped atomic potential and density for unique potential    0
    overlapped atomic potential and density for unique potential    1
    overlapped atomic potential and density for unique potential    2
    overlapped atomic potential and density for unique potential    3
Done with module: atomic potentials.

Calculating SCF potentials ...
FEFF-serial using 1 thread.
Muffin tin radii and interstitial parameters [bohr]:
type, norman radius, muffin tin, overlap factor
    0  1.24950E+00  1.13846E+00  1.15000E+00
    1  1.54255E+00  1.46518E+00  1.14054E+00
    2  1.31908E+00  1.19479E+00  1.15000E+00
    3  1.08730E+00  1.00376E+00  1.15000E+00
Core-valence separation energy:  ecv=   -42.500 eV
Initial Fermi level:              mu=    -0.115 eV
SCF ITERATION NUMBER  1
     point #   1  energy = -42.500
FMS for a cluster of  126 atoms around atom type   0
FMS for a cluster of  114 atoms around atom type   1
FMS for a cluster of  118 atoms around atom type   2
FMS for a cluster of  117 atoms around atom type   3
     point #  20  energy = -31.389
     point #  40  energy = -11.139
     point #  60  energy =  -6.377
     point #  80  energy =  -5.752
New Fermi level:    mu=  -5.719 eV  Charge distance=  1.3833 (partial c.d.=  6.6710)
SCF ITERATION NUMBER  1
     point #   1  energy = -42.500
FMS for a cluster of  126 atoms around atom type   0
FMS for a cluster of  114 atoms around atom type   1
FMS for a cluster of  118 atoms around atom type   2
FMS for a cluster of  117 atoms around atom type   3
     point #  20  energy = -31.261
     point #  40  energy = -10.827
     point #  60  energy =  -5.719
     point #  80  energy =  -7.297
     point # 100  energy = -10.481
     point # 120  energy = -11.044
     point # 140  energy = -11.294
New Fermi level:    mu= -11.321 eV  Charge distance=  0.4334 (partial c.d.=  7.2948)
SCF ITERATION NUMBER  1
     point #   1  energy = -42.500
FMS for a cluster of  126 atoms around atom type   0
FMS for a cluster of  114 atoms around atom type   1
FMS for a cluster of  118 atoms around atom type   2
FMS for a cluster of  117 atoms around atom type   3
     point #  20  energy = -31.436
     point #  40  energy = -11.321
     point #  60  energy = -11.280
     point #  80  energy = -10.799
New Fermi level:    mu= -11.010 eV  Charge distance=  0.2926 (partial c.d.=  0.3306)
SCF ITERATION NUMBER  2
     point #   1  energy = -42.500
     point #  20  energy = -31.326
     point #  40  energy = -11.010
     point #  60  energy = -10.970
     point #  80  energy =  -9.154
New Fermi level:    mu=  -9.356 eV  Charge distance=  0.3878 (partial c.d.=  0.5001)
SCF ITERATION NUMBER  3
     point #   1  energy = -42.500
     point #  20  energy = -31.452
     point #  40  energy = -11.365
     point #  60  energy =  -9.344
     point #  80  energy =  -8.525
New Fermi level:    mu=  -8.481 eV  Charge distance=  0.0595 (partial c.d.=  0.7712)
SCF ITERATION NUMBER  4
     point #   1  energy = -42.500
     point #  20  energy = -31.494
     point #  40  energy = -11.482
     point #  60  energy =  -8.493
     point #  80  energy =  -9.506
New Fermi level:    mu=  -9.593 eV  Charge distance=  0.1343 (partial c.d.=  0.6078)
SCF ITERATION NUMBER  5
     point #   1  energy = -42.500
     point #  20  energy = -31.531
     point #  40  energy = -11.587
     point #  60  energy =  -9.580
New Fermi level:    mu=  -9.217 eV  Charge distance=  0.0471 (partial c.d.=  0.5584)
SCF ITERATION NUMBER  6
     point #   1  energy = -42.500
     point #  20  energy = -31.406
     point #  40  energy = -11.234
     point #  60  energy =  -9.242
New Fermi level:    mu=  -9.281 eV  Charge distance=  0.0226 (partial c.d.=  0.4850)
SCF ITERATION NUMBER  7
     point #   1  energy = -42.500
     point #  20  energy = -31.427
     point #  40  energy = -11.294
     point #  60  energy =  -9.256
New Fermi level:    mu=  -9.238 eV  Charge distance=  0.0109 (partial c.d.=  0.3016)
SCF ITERATION NUMBER  8
     point #   1  energy = -42.500
     point #  20  energy = -31.413
     point #  40  energy = -11.253
     point #  60  energy =  -9.213
New Fermi level:    mu=  -9.220 eV  Charge distance=  0.0064 (partial c.d.=  0.0860)
SCF ITERATION NUMBER  9
     point #   1  energy = -42.500
     point #  20  energy = -31.407
     point #  40  energy = -11.237
     point #  60  energy =  -9.195
New Fermi level:    mu=  -9.185 eV  Charge distance=  0.0078 (partial c.d.=  0.0061)
SCF ITERATION NUMBER 10
     point #   1  energy = -42.500
     point #  20  energy = -31.395
     point #  40  energy = -11.204
     point #  60  energy =  -9.160
New Fermi level:    mu=  -9.156 eV  Charge distance=  0.0008 (partial c.d.=  0.0157)
SCF ITERATION NUMBER 11
     point #   1  energy = -42.500
     point #  20  energy = -31.385
     point #  40  energy = -11.177
New Fermi level:    mu=  -9.154 eV  Charge distance=  0.0002 (partial c.d.=  0.0052)
SCF ITERATION NUMBER 12
     point #   1  energy = -42.500
     point #  20  energy = -31.385
     point #  40  energy = -11.175
New Fermi level:    mu=  -9.156 eV  Charge distance=  0.0006 (partial c.d.=  0.0007)
SCF ITERATION NUMBER 13
     point #   1  energy = -42.500
     point #  20  energy = -31.385
     point #  40  energy = -11.177
New Fermi level:    mu=  -9.157 eV  Charge distance=  0.0003 (partial c.d.=  0.0006)
SCF ITERATION NUMBER 14
     point #   1  energy = -42.500
     point #  20  energy = -31.386
     point #  40  energy = -11.178
New Fermi level:    mu=  -9.158 eV  Charge distance=  0.0000 (partial c.d.=  0.0004)
SCF ITERATION NUMBER 15
     point #   1  energy = -42.500
     point #  20  energy = -31.386
     point #  40  energy = -11.178
New Fermi level:    mu=  -9.158 eV  Charge distance=  0.0000 (partial c.d.=  0.0001)
Electronic configuration
  type     l     N_el
     0     0    0.495
     0     1    0.655
     0     2    9.280
     0     3    0.000
     1     0    0.408
     1     1    6.657
     1     2    1.739
     1     3    0.000
     2     0    0.545
     2     1    0.617
     2     2    9.347
     2     3    0.000
     3     0    1.851
     3     1    4.331
     3     2    0.089
     3     3    0.000
Charge transfer:  type  charge
       0   -0.570
       1   -0.196
       2   -0.492
       3    0.271
Convergence reached in   15 iterations.
Done with module: potentials.

Calculating screened core-hole potential ...
FMS for a cluster of   29 atoms around iph =   0
    0% of energy integration
   20%
   40%
   60%
   80%
  100%
Preparing response function.
Computing (1 - K Chi0)^-1 v_ch
Done with module: screened core-hole potential.

Calculating cross-section and phases ...
    absorption cross section
 x0,dx,rnrm,inrm,jnrm   8.80000000000000       5.000000000000000E-002
   2.36121256900013              194         195
    phase shifts for unique potential    0
    phase shifts for unique potential    1
    phase shifts for unique potential    2
    phase shifts for unique potential    3
Done with module: cross-section and phases (XSPH).

FMS calculation of full Green's function ...
FEFF-serial using 1 thread.
Using   194 energy points.
xprep done
FMS for a cluster of  258 atoms
Energy point    1/ 194
Energy point   10/ 194
Energy point   20/ 194
Energy point   30/ 194
Energy point   40/ 194
Energy point   50/ 194
Energy point   60/ 194
Energy point   70/ 194
Energy point   80/ 194
Energy point   90/ 194
Energy point  100/ 194
Energy point  110/ 194
Energy point  120/ 194
Energy point  130/ 194
Energy point  140/ 194
Energy point  150/ 194
Energy point  160/ 194
Energy point  170/ 194
Energy point  180/ 194
Energy point  190/ 194
Done with module: FMS.

MKGTR: Tracing over Green's function ...
Done with module: MKGTR.

Pathfinder: finding scattering paths...
Preparing plane wave scattering amplitudes
Searching for paths
Eliminating path degeneracies
0 paths retained.
Done with module: pathfinder.

Calculating EXAFS parameters ...
Done with module: EXAFS parameters (GENFMT).

Calculating XAS spectra ...
Done with module: XAS spectra (FF2X: DW + final sum over paths).

 
### feff ends at Mon Aug 14 13:43:56 EDT 2023
 
