### feff starts at Sun Aug 13 09:26:10 EDT 2023
### Serial version
### FeffPath is /sdcc/u/mcarbone/software/JFEFF/hsw/feff90/linux
 
Launching FEFF version FEFF 9.9.1
Resetting lmaxsc to 2 for iph =    1.  Use  UNFREEZE to prevent this.
Core hole lifetime is   1.729 eV.
Your calculation:
 comment: None given
 Source:
 Structure Summary:  Ba14 Y7 Cu20 O42
 Reduced formula:  Ba14Y7(Cu10O21)2
 space group: (P1), space number:  (1)
 abc:  8.671257  12.244409  12.727892
 angles: 95.472045 105.795436  98.273461
 sites: 83
Cu K edge XANES using RPA corehole.
Using:     * Self-Consistent Field potentials
Using cards:   ATOMS CONTROL EXCHANGE TITLE RPATH POTENTIALS XANES EDGE SCF FMS S02 COREHOLE EGRID

Calculating atomic potentials ...
    overlapped atomic potential and density for unique potential    0
    overlapped atomic potential and density for unique potential    1
    overlapped atomic potential and density for unique potential    2
    overlapped atomic potential and density for unique potential    3
    overlapped atomic potential and density for unique potential    4
Done with module: atomic potentials.

Calculating SCF potentials ...
FEFF-serial using 1 thread.
Muffin tin radii and interstitial parameters [bohr]:
type, norman radius, muffin tin, overlap factor
    0  1.28828E+00  1.20355E+00  1.15000E+00
    1  2.01725E+00  1.96748E+00  1.06272E+00
    2  1.69612E+00  1.62653E+00  1.11089E+00
    3  1.26891E+00  1.17208E+00  1.15000E+00
    4  1.10598E+00  1.05546E+00  1.12572E+00
Core-valence separation energy:  ecv=   -41.500 eV
Initial Fermi level:              mu=    -1.715 eV
SCF ITERATION NUMBER  1
     point #   1  energy = -41.500
FMS for a cluster of  101 atoms around atom type   0
FMS for a cluster of   88 atoms around atom type   1
FMS for a cluster of   94 atoms around atom type   2
FMS for a cluster of   97 atoms around atom type   3
FMS for a cluster of  100 atoms around atom type   4
     point #  20  energy = -30.302
     point #  40  energy = -10.052
     point #  60  energy =  -5.495
     point #  80  energy =  -5.217
New Fermi level:    mu=  -5.157 eV  Charge distance=  0.7262 (partial c.d.=  6.5002)
SCF ITERATION NUMBER  1
     point #   1  energy = -41.500
FMS for a cluster of  101 atoms around atom type   0
FMS for a cluster of   88 atoms around atom type   1
FMS for a cluster of   94 atoms around atom type   2
FMS for a cluster of   97 atoms around atom type   3
FMS for a cluster of  100 atoms around atom type   4
     point #  20  energy = -30.395
     point #  40  energy = -10.204
     point #  60  energy =  -5.157
     point #  80  energy =  -6.982
     point # 100  energy = -10.407
New Fermi level:    mu= -10.889 eV  Charge distance=  0.2362 (partial c.d.=  3.8462)
SCF ITERATION NUMBER  1
     point #   1  energy = -41.500
FMS for a cluster of  101 atoms around atom type   0
FMS for a cluster of   88 atoms around atom type   1
FMS for a cluster of   94 atoms around atom type   2
FMS for a cluster of   97 atoms around atom type   3
FMS for a cluster of  100 atoms around atom type   4
     point #  20  energy = -30.276
     point #  40  energy = -10.889
     point #  60  energy = -10.798
     point #  80  energy =  -8.882
New Fermi level:    mu=  -8.883 eV  Charge distance=  0.1566 (partial c.d.=  0.3818)
SCF ITERATION NUMBER  2
     point #   1  energy = -41.500
     point #  20  energy = -30.288
     point #  40  energy =  -9.903
     point #  60  energy =  -8.843
     point #  80  energy =  -7.899
New Fermi level:    mu=  -7.853 eV  Charge distance=  0.3675 (partial c.d.=  0.2517)
SCF ITERATION NUMBER  3
     point #   1  energy = -41.500
     point #  20  energy = -30.284
     point #  40  energy =  -9.892
     point #  60  energy =  -7.840
New Fermi level:    mu=  -7.582 eV  Charge distance=  0.0297 (partial c.d.=  0.2659)
SCF ITERATION NUMBER  4
     point #   1  energy = -41.500
     point #  20  energy = -30.194
     point #  40  energy =  -9.638
     point #  60  energy =  -7.594
     point #  80  energy =  -7.860
New Fermi level:    mu=  -7.835 eV  Charge distance=  0.0261 (partial c.d.=  0.1488)
SCF ITERATION NUMBER  5
     point #   1  energy = -41.500
     point #  20  energy = -30.278
     point #  40  energy =  -9.875
New Fermi level:    mu=  -7.827 eV  Charge distance=  0.0215 (partial c.d.=  0.2304)
SCF ITERATION NUMBER  6
     point #   1  energy = -41.500
     point #  20  energy = -30.276
     point #  40  energy =  -9.867
     point #  60  energy =  -7.852
New Fermi level:    mu=  -7.851 eV  Charge distance=  0.0067 (partial c.d.=  0.1665)
SCF ITERATION NUMBER  7
     point #   1  energy = -41.500
     point #  20  energy = -30.284
     point #  40  energy =  -9.890
New Fermi level:    mu=  -7.849 eV  Charge distance=  0.0032 (partial c.d.=  0.0486)
SCF ITERATION NUMBER  8
     point #   1  energy = -41.500
     point #  20  energy = -30.283
     point #  40  energy =  -9.889
New Fermi level:    mu=  -7.846 eV  Charge distance=  0.0057 (partial c.d.=  0.0048)
SCF ITERATION NUMBER  9
     point #   1  energy = -41.500
     point #  20  energy = -30.282
     point #  40  energy =  -9.886
New Fermi level:    mu=  -7.841 eV  Charge distance=  0.0032 (partial c.d.=  0.0029)
SCF ITERATION NUMBER 10
     point #   1  energy = -41.500
     point #  20  energy = -30.280
     point #  40  energy =  -9.881
New Fermi level:    mu=  -7.838 eV  Charge distance=  0.0005 (partial c.d.=  0.0018)
SCF ITERATION NUMBER 11
     point #   1  energy = -41.500
     point #  20  energy = -30.279
     point #  40  energy =  -9.878
New Fermi level:    mu=  -7.838 eV  Charge distance=  0.0002 (partial c.d.=  0.0004)
SCF ITERATION NUMBER 12
     point #   1  energy = -41.500
     point #  20  energy = -30.279
     point #  40  energy =  -9.878
New Fermi level:    mu=  -7.838 eV  Charge distance=  0.0001 (partial c.d.=  0.0003)
SCF ITERATION NUMBER 13
     point #   1  energy = -41.500
     point #  20  energy = -30.279
     point #  40  energy =  -9.878
New Fermi level:    mu=  -7.838 eV  Charge distance=  0.0001 (partial c.d.=  0.0001)
Electronic configuration
  type     l     N_el
     0     0    0.519
     0     1    0.604
     0     2    9.483
     0     3    0.000
     1     0    2.259
     1     1    6.312
     1     2    1.072
     1     3    0.000
     2     0    0.364
     2     1    6.547
     2     2    1.457
     2     3    0.000
     3     0    0.516
     3     1    0.610
     3     2    9.455
     3     3    0.000
     4     0    1.857
     4     1    4.494
     4     2    0.072
     4     3    0.000
Charge transfer:  type  charge
       0   -0.393
       1   -0.357
       2   -0.632
       3   -0.419
       4    0.424
Convergence reached in   13 iterations.
Done with module: potentials.

Calculating screened core-hole potential ...
FMS for a cluster of   23 atoms around iph =   0
    0% of energy integration
   20%
   40%
   60%
   80%
  100%
Preparing response function.
Computing (1 - K Chi0)^-1 v_ch
Done with module: screened core-hole potential.

Calculating cross-section and phases ...
    absorption cross section
 x0,dx,rnrm,inrm,jnrm   8.80000000000000       5.000000000000000E-002
   2.43449255300003              194         195
    phase shifts for unique potential    0
    phase shifts for unique potential    1
    phase shifts for unique potential    2
    phase shifts for unique potential    3
    phase shifts for unique potential    4
Done with module: cross-section and phases (XSPH).

FMS calculation of full Green's function ...
FEFF-serial using 1 thread.
Using   194 energy points.
xprep done
FMS for a cluster of  194 atoms
Energy point    1/ 194
Energy point   10/ 194
Energy point   20/ 194
Energy point   30/ 194
Energy point   40/ 194
Energy point   50/ 194
Energy point   60/ 194
Energy point   70/ 194
Energy point   80/ 194
Energy point   90/ 194
Energy point  100/ 194
Energy point  110/ 194
Energy point  120/ 194
Energy point  130/ 194
Energy point  140/ 194
Energy point  150/ 194
Energy point  160/ 194
Energy point  170/ 194
Energy point  180/ 194
Energy point  190/ 194
Done with module: FMS.

MKGTR: Tracing over Green's function ...
Done with module: MKGTR.

Pathfinder: finding scattering paths...
Preparing plane wave scattering amplitudes
Searching for paths
Eliminating path degeneracies
0 paths retained.
Done with module: pathfinder.

Calculating EXAFS parameters ...
Done with module: EXAFS parameters (GENFMT).

Calculating XAS spectra ...
Done with module: XAS spectra (FF2X: DW + final sum over paths).

 
### feff ends at Sun Aug 13 10:36:42 EDT 2023
 
