### feff starts at Sun Aug 13 11:15:08 EDT 2023
### Serial version
### FeffPath is /sdcc/u/mcarbone/software/JFEFF/hsw/feff90/linux
 
Launching FEFF version FEFF 9.9.1
Resetting lmaxsc to 2 for iph =    1.  Use  UNFREEZE to prevent this.
Core hole lifetime is   1.729 eV.
Your calculation:
 comment: None given
 Source:
 Structure Summary:  La6 Cu6 O17
 Reduced formula:  La6Cu6O17
 space group: (C2/m), space number:  (12)
 abc:  6.772901   6.772901  10.525092
 angles: 86.926615  86.926615 120.305466
 sites: 29
Cu K edge XANES using RPA corehole.
Using:     * Self-Consistent Field potentials
Using cards:   ATOMS CONTROL EXCHANGE TITLE RPATH POTENTIALS XANES EDGE SCF FMS S02 COREHOLE EGRID

Calculating atomic potentials ...
    overlapped atomic potential and density for unique potential    0
    overlapped atomic potential and density for unique potential    1
    overlapped atomic potential and density for unique potential    2
    overlapped atomic potential and density for unique potential    3
Done with module: atomic potentials.

Calculating SCF potentials ...
FEFF-serial using 1 thread.
Muffin tin radii and interstitial parameters [bohr]:
type, norman radius, muffin tin, overlap factor
    0  1.28445E+00  1.16682E+00  1.15000E+00
    1  1.81073E+00  1.72564E+00  1.13002E+00
    2  1.28454E+00  1.16686E+00  1.15000E+00
    3  1.12774E+00  1.07119E+00  1.14048E+00
Core-valence separation energy:  ecv=   -46.500 eV
Initial Fermi level:              mu=    -0.418 eV
SCF ITERATION NUMBER  1
     point #   1  energy = -46.500
FMS for a cluster of   99 atoms around atom type   0
FMS for a cluster of   93 atoms around atom type   1
FMS for a cluster of   91 atoms around atom type   2
FMS for a cluster of  104 atoms around atom type   3
     point #  20  energy = -35.448
     point #  40  energy = -15.198
     point #  60  energy =  -5.758
     point #  80  energy =  -4.920
New Fermi level:    mu=  -4.944 eV  Charge distance=  0.8953 (partial c.d.=  6.4435)
SCF ITERATION NUMBER  1
     point #   1  energy = -46.500
FMS for a cluster of   99 atoms around atom type   0
FMS for a cluster of   93 atoms around atom type   1
FMS for a cluster of   91 atoms around atom type   2
FMS for a cluster of  104 atoms around atom type   3
     point #  20  energy = -35.351
     point #  40  energy = -15.080
     point #  60  energy =  -4.944
     point #  80  energy =  -5.579
     point # 100  energy =  -9.932
     point # 120  energy = -10.697
New Fermi level:    mu= -10.878 eV  Charge distance=  0.2690 (partial c.d.=  4.7911)
SCF ITERATION NUMBER  1
     point #   1  energy = -46.500
FMS for a cluster of   99 atoms around atom type   0
FMS for a cluster of   93 atoms around atom type   1
FMS for a cluster of   91 atoms around atom type   2
FMS for a cluster of  104 atoms around atom type   3
     point #  20  energy = -35.305
     point #  40  energy = -14.949
     point #  60  energy = -10.878
     point #  80  energy =  -9.219
New Fermi level:    mu=  -9.580 eV  Charge distance=  0.1746 (partial c.d.=  0.4742)
SCF ITERATION NUMBER  2
     point #   1  energy = -46.500
     point #  20  energy = -35.219
     point #  40  energy = -14.708
     point #  60  energy =  -9.580
     point #  80  energy =  -8.286
New Fermi level:    mu=  -8.402 eV  Charge distance=  0.4095 (partial c.d.=  0.4209)
SCF ITERATION NUMBER  3
     point #   1  energy = -46.500
     point #  20  energy = -35.472
     point #  40  energy = -15.420
     point #  60  energy =  -8.402
     point #  80  energy =  -8.874
New Fermi level:    mu=  -8.865 eV  Charge distance=  0.1121 (partial c.d.=  0.4096)
SCF ITERATION NUMBER  4
     point #   1  energy = -46.500
     point #  20  energy = -35.311
     point #  40  energy = -14.968
     point #  60  energy =  -8.865
     point #  80  energy =  -8.171
New Fermi level:    mu=  -8.147 eV  Charge distance=  0.0583 (partial c.d.=  0.6618)
SCF ITERATION NUMBER  5
     point #   1  energy = -46.500
     point #  20  energy = -35.398
     point #  40  energy = -15.212
     point #  60  energy =  -8.147
New Fermi level:    mu=  -8.498 eV  Charge distance=  0.0357 (partial c.d.=  0.6182)
SCF ITERATION NUMBER  6
     point #   1  energy = -46.500
     point #  20  energy = -35.499
     point #  40  energy = -15.498
     point #  60  energy =  -8.498
New Fermi level:    mu=  -8.539 eV  Charge distance=  0.0217 (partial c.d.=  0.5390)
SCF ITERATION NUMBER  7
     point #   1  energy = -46.500
     point #  20  energy = -35.214
     point #  40  energy = -14.695
     point #  60  energy =  -8.539
New Fermi level:    mu=  -8.534 eV  Charge distance=  0.0065 (partial c.d.=  0.4118)
SCF ITERATION NUMBER  8
     point #   1  energy = -46.500
     point #  20  energy = -35.213
     point #  40  energy = -14.691
     point #  60  energy =  -8.534
New Fermi level:    mu=  -8.531 eV  Charge distance=  0.0074 (partial c.d.=  0.0777)
SCF ITERATION NUMBER  9
     point #   1  energy = -46.500
     point #  20  energy = -35.212
     point #  40  energy = -14.689
     point #  60  energy =  -8.531
New Fermi level:    mu=  -8.525 eV  Charge distance=  0.0016 (partial c.d.=  0.1025)
SCF ITERATION NUMBER 10
     point #   1  energy = -46.500
     point #  20  energy = -35.507
     point #  40  energy = -15.520
     point #  60  energy =  -8.525
New Fermi level:    mu=  -8.530 eV  Charge distance=  0.0007 (partial c.d.=  0.0219)
SCF ITERATION NUMBER 11
     point #   1  energy = -46.500
     point #  20  energy = -35.509
     point #  40  energy = -15.525
     point #  60  energy =  -8.530
New Fermi level:    mu=  -8.529 eV  Charge distance=  0.0005 (partial c.d.=  0.0037)
SCF ITERATION NUMBER 12
     point #   1  energy = -46.500
     point #  20  energy = -35.508
     point #  40  energy = -15.523
     point #  60  energy =  -8.529
New Fermi level:    mu=  -8.528 eV  Charge distance=  0.0010 (partial c.d.=  0.0050)
SCF ITERATION NUMBER 13
     point #   1  energy = -46.500
     point #  20  energy = -35.508
     point #  40  energy = -15.523
     point #  60  energy =  -8.528
New Fermi level:    mu=  -8.527 eV  Charge distance=  0.0004 (partial c.d.=  0.0013)
SCF ITERATION NUMBER 14
     point #   1  energy = -46.500
     point #  20  energy = -35.508
     point #  40  energy = -15.522
     point #  60  energy =  -8.527
New Fermi level:    mu=  -8.526 eV  Charge distance=  0.0000 (partial c.d.=  0.0006)
SCF ITERATION NUMBER 15
     point #   1  energy = -46.500
     point #  20  energy = -35.507
     point #  40  energy = -15.521
     point #  60  energy =  -8.526
New Fermi level:    mu=  -8.525 eV  Charge distance=  0.0001 (partial c.d.=  0.0005)
SCF ITERATION NUMBER 16
     point #   1  energy = -46.500
     point #  20  energy = -35.507
     point #  40  energy = -15.521
     point #  60  energy =  -8.525
New Fermi level:    mu=  -8.525 eV  Charge distance=  0.0001 (partial c.d.=  0.0002)
Electronic configuration
  type     l     N_el
     0     0    0.520
     0     1    0.617
     0     2    9.350
     0     3    0.000
     1     0    2.311
     1     1    6.419
     1     2    1.616
     1     3    0.000
     2     0    0.521
     2     1    0.617
     2     2    9.346
     2     3    0.000
     3     0    1.871
     3     1    4.479
     3     2    0.063
     3     3    0.000
Charge transfer:  type  charge
       0   -0.513
       1   -0.654
       2   -0.516
       3    0.413
Convergence reached in   16 iterations.
Done with module: potentials.

Calculating screened core-hole potential ...
FMS for a cluster of   19 atoms around iph =   0
    0% of energy integration
   20%
   40%
   60%
   80%
  100%
Preparing response function.
Computing (1 - K Chi0)^-1 v_ch
Done with module: screened core-hole potential.

Calculating cross-section and phases ...
    absorption cross section
 x0,dx,rnrm,inrm,jnrm   8.80000000000000       5.000000000000000E-002
   2.42726581299983              194         195
    phase shifts for unique potential    0
    phase shifts for unique potential    1
    phase shifts for unique potential    2
    phase shifts for unique potential    3
Done with module: cross-section and phases (XSPH).

FMS calculation of full Green's function ...
FEFF-serial using 1 thread.
Using   194 energy points.
xprep done
FMS for a cluster of  221 atoms
Energy point    1/ 194
Energy point   10/ 194
Energy point   20/ 194
Energy point   30/ 194
Energy point   40/ 194
Energy point   50/ 194
Energy point   60/ 194
Energy point   70/ 194
Energy point   80/ 194
Energy point   90/ 194
Energy point  100/ 194
Energy point  110/ 194
Energy point  120/ 194
Energy point  130/ 194
Energy point  140/ 194
Energy point  150/ 194
Energy point  160/ 194
Energy point  170/ 194
Energy point  180/ 194
Energy point  190/ 194
Done with module: FMS.

MKGTR: Tracing over Green's function ...
Done with module: MKGTR.

Pathfinder: finding scattering paths...
Preparing plane wave scattering amplitudes
Searching for paths
Eliminating path degeneracies
0 paths retained.
Done with module: pathfinder.

Calculating EXAFS parameters ...
Done with module: EXAFS parameters (GENFMT).

Calculating XAS spectra ...
Done with module: XAS spectra (FF2X: DW + final sum over paths).

 
### feff ends at Sun Aug 13 12:40:50 EDT 2023
 
