### feff starts at Mon Aug 14 02:54:02 EDT 2023
### Serial version
### FeffPath is /sdcc/u/mcarbone/software/JFEFF/hsw/feff90/linux
 
Launching FEFF version FEFF 9.9.1
Core hole lifetime is   1.729 eV.
Your calculation:
 comment: None given
 Source:
 Structure Summary:  Mn18 Cu12 O40
 Reduced formula:  Mn9(Cu3O10)2
 space group: (Cm), space number:  (8)
 abc:  6.031591   6.031591  24.858017
 angles: 81.751593  81.751593  59.587074
 sites: 70
Cu K edge XANES using RPA corehole.
Using:     * Self-Consistent Field potentials
Using cards:   ATOMS CONTROL EXCHANGE TITLE RPATH POTENTIALS XANES EDGE SCF FMS S02 COREHOLE EGRID

Calculating atomic potentials ...
    overlapped atomic potential and density for unique potential    0
    overlapped atomic potential and density for unique potential    1
    overlapped atomic potential and density for unique potential    2
    overlapped atomic potential and density for unique potential    3
Done with module: atomic potentials.

Calculating SCF potentials ...
FEFF-serial using 1 thread.
Muffin tin radii and interstitial parameters [bohr]:
type, norman radius, muffin tin, overlap factor
    0  1.34607E+00  1.26084E+00  1.15000E+00
    1  1.39641E+00  1.28939E+00  1.15000E+00
    2  1.32226E+00  1.26506E+00  1.11795E+00
    3  1.10523E+00  1.03891E+00  1.15000E+00
Core-valence separation energy:  ecv=   -40.000 eV
Initial Fermi level:              mu=    -0.112 eV
SCF ITERATION NUMBER  1
     point #   1  energy = -40.000
FMS for a cluster of  134 atoms around atom type   0
FMS for a cluster of  124 atoms around atom type   1
FMS for a cluster of  121 atoms around atom type   2
FMS for a cluster of  136 atoms around atom type   3
     point #  20  energy = -28.780
     point #  40  energy =  -8.530
     point #  60  energy =  -7.315
 Found bad counts.
  Occupation number in getorb is    10.000
  Will repeat this iteration.
New Fermi level:    mu=  -7.117 eV  Charge distance=  1.9110 (partial c.d.=  9.7499)
SCF ITERATION NUMBER  1
     point #   1  energy = -40.000
FMS for a cluster of  134 atoms around atom type   0
FMS for a cluster of  124 atoms around atom type   1
FMS for a cluster of  121 atoms around atom type   2
FMS for a cluster of  136 atoms around atom type   3
     point #  20  energy = -28.696
     point #  40  energy =  -8.144
     point #  60  energy =  -7.076
     point #  80  energy =  -4.729
     point # 100  energy =  -4.101
New Fermi level:    mu=  -4.037 eV  Charge distance=  0.9335 (partial c.d.=  9.8055)
SCF ITERATION NUMBER  1
     point #   1  energy = -40.000
FMS for a cluster of  134 atoms around atom type   0
FMS for a cluster of  124 atoms around atom type   1
FMS for a cluster of  121 atoms around atom type   2
FMS for a cluster of  136 atoms around atom type   3
     point #  20  energy = -29.011
     point #  40  energy =  -9.032
     point #  60  energy =  -4.037
     point #  80  energy =  -5.616
     point # 100  energy = -10.737
     point # 120  energy = -10.887
New Fermi level:    mu= -10.884 eV  Charge distance=  0.2832 (partial c.d.=  4.6472)
SCF ITERATION NUMBER  2
     point #   1  energy = -40.000
     point #  20  energy = -28.956
     point #  40  energy = -10.884
     point #  60  energy = -10.794
     point #  80  energy =  -9.169
New Fermi level:    mu=  -9.123 eV  Charge distance=  0.2713 (partial c.d.=  1.5897)
SCF ITERATION NUMBER  3
     point #   1  energy = -40.000
     point #  20  energy = -28.678
     point #  40  energy =  -9.123
     point #  60  energy =  -9.213
New Fermi level:    mu=  -9.573 eV  Charge distance=  0.2099 (partial c.d.=  6.8911)
SCF ITERATION NUMBER  4
     point #   1  energy = -40.000
     point #  20  energy = -28.843
     point #  40  energy =  -9.573
     point #  60  energy =  -9.663
     point #  80  energy = -10.604
New Fermi level:    mu= -10.601 eV  Charge distance=  0.0963 (partial c.d.=  6.4051)
SCF ITERATION NUMBER  5
     point #   1  energy = -40.000
     point #  20  energy = -28.849
     point #  40  energy = -10.601
     point #  60  energy = -10.476
     point #  80  energy = -10.389
New Fermi level:    mu= -10.381 eV  Charge distance=  0.0742 (partial c.d.=  2.2634)
SCF ITERATION NUMBER  6
     point #   1  energy = -40.000
     point #  20  energy = -28.765
     point #  40  energy = -10.381
New Fermi level:    mu= -10.402 eV  Charge distance=  0.1213 (partial c.d.=  4.3055)
SCF ITERATION NUMBER  7
     point #   1  energy = -40.000
     point #  20  energy = -28.773
     point #  40  energy = -10.402
New Fermi level:    mu= -10.373 eV  Charge distance=  0.0412 (partial c.d.=  4.6122)
SCF ITERATION NUMBER  8
     point #   1  energy = -40.000
     point #  20  energy = -28.762
     point #  40  energy = -10.373
New Fermi level:    mu= -10.417 eV  Charge distance=  0.2589 (partial c.d.=  0.1833)
SCF ITERATION NUMBER  9
     point #   1  energy = -40.000
     point #  20  energy = -28.779
     point #  40  energy = -10.417
New Fermi level:    mu= -10.384 eV  Charge distance=  0.0798 (partial c.d.=  1.9072)
SCF ITERATION NUMBER 10
     point #   1  energy = -40.000
     point #  20  energy = -28.766
     point #  40  energy = -10.384
     point #  60  energy = -10.309
New Fermi level:    mu= -10.302 eV  Charge distance=  0.0478 (partial c.d.=  0.2379)
SCF ITERATION NUMBER 11
     point #   1  energy = -40.000
     point #  20  energy = -28.735
     point #  40  energy = -10.302
New Fermi level:    mu= -10.241 eV  Charge distance=  0.1501 (partial c.d.=  0.1868)
SCF ITERATION NUMBER 12
     point #   1  energy = -40.000
     point #  20  energy = -28.712
     point #  40  energy = -10.241
New Fermi level:    mu= -10.181 eV  Charge distance=  0.0258 (partial c.d.=  0.5050)
SCF ITERATION NUMBER 13
     point #   1  energy = -40.000
     point #  20  energy = -28.689
     point #  40  energy = -10.181
New Fermi level:    mu= -10.194 eV  Charge distance=  0.0205 (partial c.d.=  0.2491)
SCF ITERATION NUMBER 14
     point #   1  energy = -40.000
     point #  20  energy = -28.694
     point #  40  energy = -10.194
New Fermi level:    mu= -10.199 eV  Charge distance=  0.0422 (partial c.d.=  0.0563)
SCF ITERATION NUMBER 15
     point #   1  energy = -40.000
     point #  20  energy = -28.696
     point #  40  energy = -10.199
New Fermi level:    mu= -10.214 eV  Charge distance=  0.0046 (partial c.d.=  0.1024)
SCF ITERATION NUMBER 16
     point #   1  energy = -40.000
     point #  20  energy = -28.702
     point #  40  energy = -10.214
New Fermi level:    mu= -10.214 eV  Charge distance=  0.0102 (partial c.d.=  0.0136)
SCF ITERATION NUMBER 17
     point #   1  energy = -40.000
     point #  20  energy = -28.702
     point #  40  energy = -10.214
New Fermi level:    mu= -10.214 eV  Charge distance=  0.0009 (partial c.d.=  0.0202)
SCF ITERATION NUMBER 18
     point #   1  energy = -40.000
     point #  20  energy = -28.702
     point #  40  energy = -10.214
New Fermi level:    mu= -10.212 eV  Charge distance=  0.0006 (partial c.d.=  0.0048)
SCF ITERATION NUMBER 19
     point #   1  energy = -40.000
     point #  20  energy = -28.701
     point #  40  energy = -10.212
New Fermi level:    mu= -10.211 eV  Charge distance=  0.0006 (partial c.d.=  0.0012)
SCF ITERATION NUMBER 20
     point #   1  energy = -40.000
     point #  20  energy = -28.701
     point #  40  energy = -10.211
New Fermi level:    mu= -10.208 eV  Charge distance=  0.0003 (partial c.d.=  0.0028)
SCF ITERATION NUMBER 21
     point #   1  energy = -40.000
     point #  20  energy = -28.700
     point #  40  energy = -10.208
New Fermi level:    mu= -10.209 eV  Charge distance=  0.0002 (partial c.d.=  0.0005)
SCF ITERATION NUMBER 22
     point #   1  energy = -40.000
     point #  20  energy = -28.700
     point #  40  energy = -10.209
New Fermi level:    mu= -10.209 eV  Charge distance=  0.0001 (partial c.d.=  0.0003)
SCF ITERATION NUMBER 23
     point #   1  energy = -40.000
     point #  20  energy = -28.700
     point #  40  energy = -10.209
New Fermi level:    mu= -10.209 eV  Charge distance=  0.0000 (partial c.d.=  0.0004)
SCF ITERATION NUMBER 24
     point #   1  energy = -40.000
     point #  20  energy = -28.700
     point #  40  energy = -10.209
New Fermi level:    mu= -10.209 eV  Charge distance=  0.0000 (partial c.d.=  0.0001)
Electronic configuration
  type     l     N_el
     0     0    0.445
     0     1    0.578
     0     2    9.353
     0     3    0.000
     1     0    0.486
     1     1    0.783
     1     2    5.678
     1     3    0.000
     2     0    0.399
     2     1    0.517
     2     2    9.387
     2     3    0.000
     3     0    1.837
     3     1    4.321
     3     2    0.076
     3     3    0.000
Charge transfer:  type  charge
       0   -0.625
       1   -0.053
       2   -0.698
       3    0.233
Convergence reached in   24 iterations.
Done with module: potentials.

Calculating screened core-hole potential ...
FMS for a cluster of   33 atoms around iph =   0
    0% of energy integration
   20%
   40%
   60%
   80%
  100%
Preparing response function.
Computing (1 - K Chi0)^-1 v_ch
Done with module: screened core-hole potential.

Calculating cross-section and phases ...
    absorption cross section
 x0,dx,rnrm,inrm,jnrm   8.80000000000000       5.000000000000000E-002
   2.54369938200018              195         196
    phase shifts for unique potential    0
    phase shifts for unique potential    1
    phase shifts for unique potential    2
    phase shifts for unique potential    3
Done with module: cross-section and phases (XSPH).

FMS calculation of full Green's function ...
FEFF-serial using 1 thread.
Using   194 energy points.
xprep done
FMS for a cluster of  263 atoms
Energy point    1/ 194
Energy point   10/ 194
Energy point   20/ 194
Energy point   30/ 194
Energy point   40/ 194
Energy point   50/ 194
Energy point   60/ 194
Energy point   70/ 194
Energy point   80/ 194
Energy point   90/ 194
Energy point  100/ 194
Energy point  110/ 194
Energy point  120/ 194
Energy point  130/ 194
Energy point  140/ 194
Energy point  150/ 194
Energy point  160/ 194
Energy point  170/ 194
Energy point  180/ 194
Energy point  190/ 194
Done with module: FMS.

MKGTR: Tracing over Green's function ...
Done with module: MKGTR.

Pathfinder: finding scattering paths...
Preparing plane wave scattering amplitudes
Searching for paths
Eliminating path degeneracies
0 paths retained.
Done with module: pathfinder.

Calculating EXAFS parameters ...
Done with module: EXAFS parameters (GENFMT).

Calculating XAS spectra ...
Done with module: XAS spectra (FF2X: DW + final sum over paths).

 
### feff ends at Mon Aug 14 05:38:43 EDT 2023
 
