### feff starts at Sun Aug 13 13:44:07 EDT 2023
### Serial version
### FeffPath is /sdcc/u/mcarbone/software/JFEFF/hsw/feff90/linux
 
Launching FEFF version FEFF 9.9.1
Resetting lmaxsc to 2 for iph =    2.  Use  UNFREEZE to prevent this.
Core hole lifetime is   1.729 eV.
Your calculation:
 comment: None given
 Source:
 Structure Summary:  K1 La7 Cu4 O16
 Reduced formula:  KLa7(CuO4)4
 space group: (I4mm), space number:  (107)
 abc: 13.653274  13.653274  13.653274
 angles:157.125814 157.125814  32.571397
 sites: 28
Cu K edge XANES using RPA corehole.
Using:     * Self-Consistent Field potentials
Using cards:   ATOMS CONTROL EXCHANGE TITLE RPATH POTENTIALS XANES EDGE SCF FMS S02 COREHOLE EGRID

Calculating atomic potentials ...
    overlapped atomic potential and density for unique potential    0
    overlapped atomic potential and density for unique potential    1
    overlapped atomic potential and density for unique potential    2
    overlapped atomic potential and density for unique potential    3
    overlapped atomic potential and density for unique potential    4
Done with module: atomic potentials.

Calculating SCF potentials ...
FEFF-serial using 1 thread.
Muffin tin radii and interstitial parameters [bohr]:
type, norman radius, muffin tin, overlap factor
    0  1.24353E+00  1.15288E+00  1.15000E+00
    1  1.76142E+00  1.73393E+00  1.03842E+00
    2  1.83264E+00  1.75362E+00  1.11750E+00
    3  1.25832E+00  1.19600E+00  1.13841E+00
    4  1.09042E+00  1.04424E+00  1.11508E+00
Core-valence separation energy:  ecv=   -47.000 eV
Initial Fermi level:              mu=    -1.996 eV
SCF ITERATION NUMBER  1
     point #   1  energy = -47.000
FMS for a cluster of  101 atoms around atom type   0
FMS for a cluster of   69 atoms around atom type   1
FMS for a cluster of   94 atoms around atom type   2
FMS for a cluster of   90 atoms around atom type   3
FMS for a cluster of   99 atoms around atom type   4
     point #  20  energy = -35.780
     point #  40  energy = -15.530
     point #  60  energy =  -7.752
     point #  80  energy =  -6.220
New Fermi level:    mu=  -6.059 eV  Charge distance=  1.0971 (partial c.d.=  6.4255)
SCF ITERATION NUMBER  1
     point #   1  energy = -47.000
FMS for a cluster of  101 atoms around atom type   0
FMS for a cluster of   69 atoms around atom type   1
FMS for a cluster of   94 atoms around atom type   2
FMS for a cluster of   90 atoms around atom type   3
FMS for a cluster of   99 atoms around atom type   4
     point #  20  energy = -35.741
     point #  40  energy = -15.271
     point #  60  energy =  -6.059
     point #  80  energy =  -6.947
     point # 100  energy = -10.597
     point # 120  energy = -11.272
     point # 140  energy = -11.522
     point # 160  energy = -11.772
New Fermi level:    mu= -11.787 eV  Charge distance=  0.3194 (partial c.d.=  5.5840)
SCF ITERATION NUMBER  1
     point #   1  energy = -47.000
FMS for a cluster of  101 atoms around atom type   0
FMS for a cluster of   69 atoms around atom type   1
FMS for a cluster of   94 atoms around atom type   2
FMS for a cluster of   90 atoms around atom type   3
FMS for a cluster of   99 atoms around atom type   4
     point #  20  energy = -35.933
     point #  40  energy = -15.811
     point #  60  energy = -11.787
     point #  80  energy = -10.268
New Fermi level:    mu=  -9.808 eV  Charge distance=  0.1926 (partial c.d.=  0.4254)
SCF ITERATION NUMBER  2
     point #   1  energy = -47.000
     point #  20  energy = -35.943
     point #  40  energy = -15.839
     point #  60  energy =  -9.808
     point #  80  energy =  -8.627
New Fermi level:    mu=  -8.415 eV  Charge distance=  0.2930 (partial c.d.=  0.3905)
SCF ITERATION NUMBER  3
     point #   1  energy = -47.000
     point #  20  energy = -35.831
     point #  40  energy = -15.523
     point #  60  energy =  -8.415
     point #  80  energy =  -7.775
New Fermi level:    mu=  -7.752 eV  Charge distance=  0.1208 (partial c.d.=  0.6447)
SCF ITERATION NUMBER  4
     point #   1  energy = -47.000
     point #  20  energy = -35.930
     point #  40  energy = -15.803
     point #  60  energy =  -7.752
     point #  80  energy =  -8.821
     point # 100  energy =  -8.724
New Fermi level:    mu=  -8.707 eV  Charge distance=  0.0812 (partial c.d.=  0.7789)
SCF ITERATION NUMBER  5
     point #   1  energy = -47.000
     point #  20  energy = -35.915
     point #  40  energy = -15.761
     point #  60  energy =  -8.707
New Fermi level:    mu=  -8.446 eV  Charge distance=  0.0250 (partial c.d.=  0.2310)
SCF ITERATION NUMBER  6
     point #   1  energy = -47.000
     point #  20  energy = -35.840
     point #  40  energy = -15.548
     point #  60  energy =  -8.446
New Fermi level:    mu=  -8.358 eV  Charge distance=  0.0100 (partial c.d.=  0.1783)
SCF ITERATION NUMBER  7
     point #   1  energy = -47.000
     point #  20  energy = -35.814
     point #  40  energy = -15.477
     point #  60  energy =  -8.358
New Fermi level:    mu=  -8.364 eV  Charge distance=  0.0036 (partial c.d.=  0.1060)
SCF ITERATION NUMBER  8
     point #   1  energy = -47.000
     point #  20  energy = -35.816
     point #  40  energy = -15.481
     point #  60  energy =  -8.364
New Fermi level:    mu=  -8.359 eV  Charge distance=  0.0018 (partial c.d.=  0.0261)
SCF ITERATION NUMBER  9
     point #   1  energy = -47.000
     point #  20  energy = -35.814
     point #  40  energy = -15.477
     point #  60  energy =  -8.359
New Fermi level:    mu=  -8.357 eV  Charge distance=  0.0028 (partial c.d.=  0.0035)
SCF ITERATION NUMBER 10
     point #   1  energy = -47.000
     point #  20  energy = -35.814
     point #  40  energy = -15.475
     point #  60  energy =  -8.357
New Fermi level:    mu=  -8.352 eV  Charge distance=  0.0007 (partial c.d.=  0.0012)
SCF ITERATION NUMBER 11
     point #   1  energy = -47.000
     point #  20  energy = -35.813
     point #  40  energy = -15.472
     point #  60  energy =  -8.352
New Fermi level:    mu=  -8.351 eV  Charge distance=  0.0003 (partial c.d.=  0.0016)
SCF ITERATION NUMBER 12
     point #   1  energy = -47.000
     point #  20  energy = -35.812
     point #  40  energy = -15.470
     point #  60  energy =  -8.351
New Fermi level:    mu=  -8.351 eV  Charge distance=  0.0002 (partial c.d.=  0.0003)
SCF ITERATION NUMBER 13
     point #   1  energy = -47.000
     point #  20  energy = -35.812
     point #  40  energy = -15.470
     point #  60  energy =  -8.351
New Fermi level:    mu=  -8.351 eV  Charge distance=  0.0001 (partial c.d.=  0.0003)
SCF ITERATION NUMBER 14
     point #   1  energy = -47.000
     point #  20  energy = -35.812
     point #  40  energy = -15.471
     point #  60  energy =  -8.351
New Fermi level:    mu=  -8.351 eV  Charge distance=  0.0000 (partial c.d.=  0.0003)
SCF ITERATION NUMBER 15
     point #   1  energy = -47.000
     point #  20  energy = -35.812
     point #  40  energy = -15.471
     point #  60  energy =  -8.351
New Fermi level:    mu=  -8.351 eV  Charge distance=  0.0000 (partial c.d.=  0.0001)
Electronic configuration
  type     l     N_el
     0     0    0.489
     0     1    0.607
     0     2    9.450
     0     3    0.000
     1     0    2.163
     1     1    6.174
     1     2    0.403
     1     3    0.000
     2     0    2.293
     2     1    6.378
     2     2    1.679
     2     3    0.000
     3     0    0.451
     3     1    0.603
     3     2    9.515
     3     3    0.000
     4     0    1.851
     4     1    4.479
     4     2    0.079
     4     3    0.000
Charge transfer:  type  charge
       0   -0.454
       1   -0.260
       2   -0.650
       3   -0.431
       4    0.409
Convergence reached in   15 iterations.
Done with module: potentials.

Calculating screened core-hole potential ...
FMS for a cluster of   19 atoms around iph =   0
    0% of energy integration
   20%
   40%
   60%
   80%
  100%
Preparing response function.
Computing (1 - K Chi0)^-1 v_ch
Done with module: screened core-hole potential.

Calculating cross-section and phases ...
    absorption cross section
 x0,dx,rnrm,inrm,jnrm   8.80000000000000       5.000000000000000E-002
   2.34993565999989              194         195
    phase shifts for unique potential    0
    phase shifts for unique potential    1
    phase shifts for unique potential    2
    phase shifts for unique potential    3
    phase shifts for unique potential    4
Done with module: cross-section and phases (XSPH).

FMS calculation of full Green's function ...
FEFF-serial using 1 thread.
Using   194 energy points.
xprep done
FMS for a cluster of  227 atoms
Energy point    1/ 194
Energy point   10/ 194
Energy point   20/ 194
Energy point   30/ 194
Energy point   40/ 194
Energy point   50/ 194
Energy point   60/ 194
Energy point   70/ 194
Energy point   80/ 194
Energy point   90/ 194
Energy point  100/ 194
Energy point  110/ 194
Energy point  120/ 194
Energy point  130/ 194
Energy point  140/ 194
Energy point  150/ 194
Energy point  160/ 194
Energy point  170/ 194
Energy point  180/ 194
Energy point  190/ 194
Done with module: FMS.

MKGTR: Tracing over Green's function ...
Done with module: MKGTR.

Pathfinder: finding scattering paths...
Preparing plane wave scattering amplitudes
Searching for paths
Eliminating path degeneracies
0 paths retained.
Done with module: pathfinder.

Calculating EXAFS parameters ...
Done with module: EXAFS parameters (GENFMT).

Calculating XAS spectra ...
Done with module: XAS spectra (FF2X: DW + final sum over paths).

 
### feff ends at Sun Aug 13 15:08:26 EDT 2023
 
