### feff starts at Mon Aug 14 05:24:45 EDT 2023
### Serial version
### FeffPath is /sdcc/u/mcarbone/software/JFEFF/hsw/feff90/linux
 
Launching FEFF version FEFF 9.9.1
Resetting lmaxsc to 2 for iph =    1.  Use  UNFREEZE to prevent this.
Core hole lifetime is   1.729 eV.
Your calculation:
 comment: None given
 Source:
 Structure Summary:  Ba2 Y1 Cu3 O6
 Reduced formula:  Ba2Y(CuO2)3
 space group: (Pmm2), space number:  (25)
 abc:  3.886234   3.911377  11.840840
 angles: 90.000000  90.000000  90.000000
 sites: 12
Cu K edge XANES using RPA corehole.
Using:     * Self-Consistent Field potentials
Using cards:   ATOMS CONTROL EXCHANGE TITLE RPATH POTENTIALS XANES EDGE SCF FMS S02 COREHOLE EGRID

Calculating atomic potentials ...
    overlapped atomic potential and density for unique potential    0
    overlapped atomic potential and density for unique potential    1
    overlapped atomic potential and density for unique potential    2
    overlapped atomic potential and density for unique potential    3
    overlapped atomic potential and density for unique potential    4
Done with module: atomic potentials.

Calculating SCF potentials ...
FEFF-serial using 1 thread.
Muffin tin radii and interstitial parameters [bohr]:
type, norman radius, muffin tin, overlap factor
    0  1.37173E+00  1.27014E+00  1.15000E+00
    1  1.98454E+00  1.91823E+00  1.08774E+00
    2  1.68679E+00  1.58446E+00  1.15000E+00
    3  1.30645E+00  1.22771E+00  1.15000E+00
    4  1.13012E+00  1.07312E+00  1.14147E+00
Core-valence separation energy:  ecv=   -41.500 eV
Initial Fermi level:              mu=    -1.563 eV
SCF ITERATION NUMBER  1
     point #   1  energy = -41.500
FMS for a cluster of  100 atoms around atom type   0
FMS for a cluster of   98 atoms around atom type   1
FMS for a cluster of   91 atoms around atom type   2
FMS for a cluster of   95 atoms around atom type   3
FMS for a cluster of   96 atoms around atom type   4
     point #  20  energy = -30.270
     point #  40  energy = -10.020
     point #  60  energy =  -5.577
     point #  80  energy =  -5.202
New Fermi level:    mu=  -5.202 eV  Charge distance=  0.7783 (partial c.d.=  6.5890)
SCF ITERATION NUMBER  1
     point #   1  energy = -41.500
FMS for a cluster of  100 atoms around atom type   0
FMS for a cluster of   98 atoms around atom type   1
FMS for a cluster of   91 atoms around atom type   2
FMS for a cluster of   95 atoms around atom type   3
FMS for a cluster of   96 atoms around atom type   4
     point #  20  energy = -30.409
     point #  40  energy = -10.243
     point #  60  energy =  -5.202
     point #  80  energy =  -7.027
     point # 100  energy =  -9.340
New Fermi level:    mu=  -9.005 eV  Charge distance=  0.2737 (partial c.d.=  4.3180)
SCF ITERATION NUMBER  1
     point #   1  energy = -41.500
FMS for a cluster of  100 atoms around atom type   0
FMS for a cluster of   98 atoms around atom type   1
FMS for a cluster of   91 atoms around atom type   2
FMS for a cluster of   95 atoms around atom type   3
FMS for a cluster of   96 atoms around atom type   4
     point #  20  energy = -30.330
     point #  40  energy = -10.021
     point #  60  energy =  -8.965
New Fermi level:    mu=  -8.650 eV  Charge distance=  0.1476 (partial c.d.=  0.2803)
SCF ITERATION NUMBER  2
     point #   1  energy = -41.500
     point #  20  energy = -30.208
     point #  40  energy =  -9.676
     point #  60  energy =  -8.609
     point #  80  energy =  -7.825
New Fermi level:    mu=  -7.843 eV  Charge distance=  0.3271 (partial c.d.=  0.3574)
SCF ITERATION NUMBER  3
     point #   1  energy = -41.500
     point #  20  energy = -30.281
     point #  40  energy =  -9.883
     point #  60  energy =  -7.856
New Fermi level:    mu=  -8.139 eV  Charge distance=  0.0791 (partial c.d.=  0.2633)
SCF ITERATION NUMBER  4
     point #   1  energy = -41.500
     point #  20  energy = -30.380
     point #  40  energy = -10.160
     point #  60  energy =  -8.126
New Fermi level:    mu=  -7.706 eV  Charge distance=  0.0451 (partial c.d.=  0.4210)
SCF ITERATION NUMBER  5
     point #   1  energy = -41.500
     point #  20  energy = -30.235
     point #  40  energy =  -9.754
     point #  60  energy =  -7.718
New Fermi level:    mu=  -8.018 eV  Charge distance=  0.0159 (partial c.d.=  0.3079)
SCF ITERATION NUMBER  6
     point #   1  energy = -41.500
     point #  20  energy = -30.339
     point #  40  energy = -10.048
     point #  60  energy =  -7.993
New Fermi level:    mu=  -7.967 eV  Charge distance=  0.0058 (partial c.d.=  0.1127)
SCF ITERATION NUMBER  7
     point #   1  energy = -41.500
     point #  20  energy = -30.322
     point #  40  energy =  -9.999
New Fermi level:    mu=  -7.960 eV  Charge distance=  0.0046 (partial c.d.=  0.0197)
SCF ITERATION NUMBER  8
     point #   1  energy = -41.500
     point #  20  energy = -30.320
     point #  40  energy =  -9.992
New Fermi level:    mu=  -7.959 eV  Charge distance=  0.0036 (partial c.d.=  0.0152)
SCF ITERATION NUMBER  9
     point #   1  energy = -41.500
     point #  20  energy = -30.320
     point #  40  energy =  -9.992
New Fermi level:    mu=  -7.957 eV  Charge distance=  0.0048 (partial c.d.=  0.0020)
SCF ITERATION NUMBER 10
     point #   1  energy = -41.500
     point #  20  energy = -30.319
     point #  40  energy =  -9.990
New Fermi level:    mu=  -7.952 eV  Charge distance=  0.0002 (partial c.d.=  0.0019)
SCF ITERATION NUMBER 11
     point #   1  energy = -41.500
     point #  20  energy = -30.317
     point #  40  energy =  -9.985
New Fermi level:    mu=  -7.953 eV  Charge distance=  0.0001 (partial c.d.=  0.0005)
SCF ITERATION NUMBER 12
     point #   1  energy = -41.500
     point #  20  energy = -30.318
     point #  40  energy =  -9.986
New Fermi level:    mu=  -7.953 eV  Charge distance=  0.0002 (partial c.d.=  0.0001)
Electronic configuration
  type     l     N_el
     0     0    0.580
     0     1    0.647
     0     2    9.545
     0     3    0.000
     1     0    2.269
     1     1    6.305
     1     2    1.141
     1     3    0.000
     2     0    0.387
     2     1    6.543
     2     2    1.513
     2     3    0.000
     3     0    0.490
     3     1    0.589
     3     2    9.551
     3     3    0.000
     4     0    1.878
     4     1    4.427
     4     2    0.068
     4     3    0.000
Charge transfer:  type  charge
       0   -0.229
       1   -0.285
       2   -0.556
       3   -0.370
       4    0.373
Convergence reached in   12 iterations.
Done with module: potentials.

Calculating screened core-hole potential ...
FMS for a cluster of   21 atoms around iph =   0
    0% of energy integration
   20%
   40%
   60%
   80%
  100%
Preparing response function.
Computing (1 - K Chi0)^-1 v_ch
Done with module: screened core-hole potential.

Calculating cross-section and phases ...
    absorption cross section
 x0,dx,rnrm,inrm,jnrm   8.80000000000000       5.000000000000000E-002
   2.59218441900000              196         197
    phase shifts for unique potential    0
    phase shifts for unique potential    1
    phase shifts for unique potential    2
    phase shifts for unique potential    3
    phase shifts for unique potential    4
Done with module: cross-section and phases (XSPH).

FMS calculation of full Green's function ...
FEFF-serial using 1 thread.
Using   194 energy points.
xprep done
FMS for a cluster of  220 atoms
Energy point    1/ 194
Energy point   10/ 194
Energy point   20/ 194
Energy point   30/ 194
Energy point   40/ 194
Energy point   50/ 194
Energy point   60/ 194
Energy point   70/ 194
Energy point   80/ 194
Energy point   90/ 194
Energy point  100/ 194
Energy point  110/ 194
Energy point  120/ 194
Energy point  130/ 194
Energy point  140/ 194
Energy point  150/ 194
Energy point  160/ 194
Energy point  170/ 194
Energy point  180/ 194
Energy point  190/ 194
Done with module: FMS.

MKGTR: Tracing over Green's function ...
Done with module: MKGTR.

Pathfinder: finding scattering paths...
Preparing plane wave scattering amplitudes
Searching for paths
Eliminating path degeneracies
0 paths retained.
Done with module: pathfinder.

Calculating EXAFS parameters ...
Done with module: EXAFS parameters (GENFMT).

Calculating XAS spectra ...
Done with module: XAS spectra (FF2X: DW + final sum over paths).

 
### feff ends at Mon Aug 14 06:36:50 EDT 2023
 
