### feff starts at Sun Aug 13 14:32:15 EDT 2023
### Serial version
### FeffPath is /sdcc/u/mcarbone/software/JFEFF/hsw/feff90/linux
 
Launching FEFF version FEFF 9.9.1
Core hole lifetime is   1.729 eV.
Your calculation:
 comment: None given
 Source:
 Structure Summary:  Cu12 As8 O32
 Reduced formula:  Cu3(AsO4)2
 space group: (P2_1/c), space number:  (14)
 abc:  8.829225   6.371685  11.534068
 angles: 87.650571  90.000000  90.000000
 sites: 52
Cu K edge XANES using RPA corehole.
Using:     * Self-Consistent Field potentials
Using cards:   ATOMS CONTROL EXCHANGE TITLE RPATH POTENTIALS XANES EDGE SCF FMS S02 COREHOLE EGRID

Calculating atomic potentials ...
    overlapped atomic potential and density for unique potential    0
    overlapped atomic potential and density for unique potential    1
    overlapped atomic potential and density for unique potential    2
    overlapped atomic potential and density for unique potential    3
Done with module: atomic potentials.

Calculating SCF potentials ...
FEFF-serial using 1 thread.
Muffin tin radii and interstitial parameters [bohr]:
type, norman radius, muffin tin, overlap factor
    0  1.34470E+00  1.27284E+00  1.15000E+00
    1  1.34517E+00  1.27102E+00  1.15000E+00
    2  1.29448E+00  1.08958E+00  1.15000E+00
    3  1.07932E+00  9.27795E-01  1.15000E+00
Core-valence separation energy:  ecv=   -32.000 eV
Initial Fermi level:              mu=     5.223 eV
SCF ITERATION NUMBER  1
     point #   1  energy = -32.000
FMS for a cluster of  118 atoms around atom type   0
FMS for a cluster of  114 atoms around atom type   1
FMS for a cluster of  111 atoms around atom type   2
FMS for a cluster of  118 atoms around atom type   3
     point #  20  energy = -20.914
     point #  40  energy =  -3.592
     point #  60  energy =  -2.630
New Fermi level:    mu=  -2.814 eV  Charge distance=  0.4681 (partial c.d.=  7.5909)
SCF ITERATION NUMBER  1
     point #   1  energy = -32.000
FMS for a cluster of  118 atoms around atom type   0
FMS for a cluster of  114 atoms around atom type   1
FMS for a cluster of  111 atoms around atom type   2
FMS for a cluster of  118 atoms around atom type   3
     point #  20  energy = -20.929
     point #  40  energy =  -2.814
     point #  60  energy =  -2.904
     point #  80  energy =  -6.486
     point # 100  energy =  -6.033
New Fermi level:    mu=  -5.940 eV  Charge distance=  0.1831 (partial c.d.=  2.6323)
SCF ITERATION NUMBER  1
     point #   1  energy = -32.000
FMS for a cluster of  118 atoms around atom type   0
FMS for a cluster of  114 atoms around atom type   1
FMS for a cluster of  111 atoms around atom type   2
FMS for a cluster of  118 atoms around atom type   3
     point #  20  energy = -20.975
     point #  40  energy =  -5.940
     point #  60  energy =  -5.650
New Fermi level:    mu=  -5.477 eV  Charge distance=  0.1320 (partial c.d.=  0.3606)
SCF ITERATION NUMBER  2
     point #   1  energy = -32.000
     point #  20  energy = -20.779
     point #  40  energy =  -5.477
     point #  60  energy =  -5.187
New Fermi level:    mu=  -5.213 eV  Charge distance=  0.3409 (partial c.d.=  0.1382)
SCF ITERATION NUMBER  3
     point #   1  energy = -32.000
     point #  20  energy = -20.667
     point #  40  energy =  -5.213
New Fermi level:    mu=  -5.258 eV  Charge distance=  0.0917 (partial c.d.=  0.0817)
SCF ITERATION NUMBER  4
     point #   1  energy = -32.000
     point #  20  energy = -20.686
     point #  40  energy =  -5.258
New Fermi level:    mu=  -5.260 eV  Charge distance=  0.0297 (partial c.d.=  0.0655)
SCF ITERATION NUMBER  5
     point #   1  energy = -32.000
     point #  20  energy = -20.687
     point #  40  energy =  -5.260
New Fermi level:    mu=  -5.322 eV  Charge distance=  0.0092 (partial c.d.=  0.0185)
SCF ITERATION NUMBER  6
     point #   1  energy = -32.000
     point #  20  energy = -20.713
     point #  40  energy =  -5.322
New Fermi level:    mu=  -5.344 eV  Charge distance=  0.0097 (partial c.d.=  0.0092)
SCF ITERATION NUMBER  7
     point #   1  energy = -32.000
     point #  20  energy = -20.723
     point #  40  energy =  -5.344
New Fermi level:    mu=  -5.349 eV  Charge distance=  0.0026 (partial c.d.=  0.0064)
SCF ITERATION NUMBER  8
     point #   1  energy = -32.000
     point #  20  energy = -20.725
     point #  40  energy =  -5.349
New Fermi level:    mu=  -5.340 eV  Charge distance=  0.0043 (partial c.d.=  0.0008)
SCF ITERATION NUMBER  9
     point #   1  energy = -32.000
     point #  20  energy = -20.721
     point #  40  energy =  -5.340
New Fermi level:    mu=  -5.327 eV  Charge distance=  0.0002 (partial c.d.=  0.0008)
SCF ITERATION NUMBER 10
     point #   1  energy = -32.000
     point #  20  energy = -20.715
     point #  40  energy =  -5.327
New Fermi level:    mu=  -5.326 eV  Charge distance=  0.0001 (partial c.d.=  0.0006)
SCF ITERATION NUMBER 11
     point #   1  energy = -32.000
     point #  20  energy = -20.715
     point #  40  energy =  -5.326
New Fermi level:    mu=  -5.326 eV  Charge distance=  0.0001 (partial c.d.=  0.0003)
SCF ITERATION NUMBER 12
     point #   1  energy = -32.000
     point #  20  energy = -20.715
     point #  40  energy =  -5.326
New Fermi level:    mu=  -5.326 eV  Charge distance=  0.0001 (partial c.d.=  0.0001)
Electronic configuration
  type     l     N_el
     0     0    0.501
     0     1    0.651
     0     2    9.628
     0     3    0.000
     1     0    0.500
     1     1    0.626
     1     2    9.648
     1     3    0.000
     2     0    1.398
     2     1    2.038
     2     2    0.761
     2     3    0.000
     3     0    1.858
     3     1    4.355
     3     2    0.072
     3     3    0.000
Charge transfer:  type  charge
       0   -0.221
       1   -0.226
       2   -0.803
       3    0.286
Convergence reached in   12 iterations.
Done with module: potentials.

Calculating screened core-hole potential ...
FMS for a cluster of   22 atoms around iph =   0
    0% of energy integration
   20%
   40%
   60%
   80%
  100%
Preparing response function.
Computing (1 - K Chi0)^-1 v_ch
Done with module: screened core-hole potential.

Calculating cross-section and phases ...
    absorption cross section
 x0,dx,rnrm,inrm,jnrm   8.80000000000000       5.000000000000000E-002
   2.54110966999995              195         196
    phase shifts for unique potential    0
    phase shifts for unique potential    1
    phase shifts for unique potential    2
    phase shifts for unique potential    3
Done with module: cross-section and phases (XSPH).

FMS calculation of full Green's function ...
FEFF-serial using 1 thread.
Using   194 energy points.
xprep done
FMS for a cluster of  240 atoms
Energy point    1/ 194
Energy point   10/ 194
Energy point   20/ 194
Energy point   30/ 194
Energy point   40/ 194
Energy point   50/ 194
Energy point   60/ 194
Energy point   70/ 194
Energy point   80/ 194
Energy point   90/ 194
Energy point  100/ 194
Energy point  110/ 194
Energy point  120/ 194
Energy point  130/ 194
Energy point  140/ 194
Energy point  150/ 194
Energy point  160/ 194
Energy point  170/ 194
Energy point  180/ 194
Energy point  190/ 194
Done with module: FMS.

MKGTR: Tracing over Green's function ...
Done with module: MKGTR.

Pathfinder: finding scattering paths...
Preparing plane wave scattering amplitudes
Searching for paths
Eliminating path degeneracies
0 paths retained.
Done with module: pathfinder.

Calculating EXAFS parameters ...
Done with module: EXAFS parameters (GENFMT).

Calculating XAS spectra ...
Done with module: XAS spectra (FF2X: DW + final sum over paths).

 
### feff ends at Sun Aug 13 15:56:08 EDT 2023
 
