### feff starts at Sun Aug 13 20:21:22 EDT 2023
### Serial version
### FeffPath is /sdcc/u/mcarbone/software/JFEFF/hsw/feff90/linux
 
Launching FEFF version FEFF 9.9.1
Core hole lifetime is   1.729 eV.
Your calculation:
 comment: None given
 Source:
 Structure Summary:  Ti4 Cu18 B12 O44
 Reduced formula:  Ti2Cu9(B3O11)2
 space group: (P-1), space number:  (2)
 abc:  7.465068  10.710412  11.818330
 angles:103.864015  98.636888  91.029695
 sites: 78
Cu K edge XANES using RPA corehole.
Using:     * Self-Consistent Field potentials
Using cards:   ATOMS CONTROL EXCHANGE TITLE RPATH POTENTIALS XANES EDGE SCF FMS S02 COREHOLE EGRID

Calculating atomic potentials ...
    overlapped atomic potential and density for unique potential    0
    overlapped atomic potential and density for unique potential    1
    overlapped atomic potential and density for unique potential    2
    overlapped atomic potential and density for unique potential    3
    overlapped atomic potential and density for unique potential    4
Done with module: atomic potentials.

Calculating SCF potentials ...
FEFF-serial using 1 thread.
Muffin tin radii and interstitial parameters [bohr]:
type, norman radius, muffin tin, overlap factor
    0  1.32539E+00  1.25257E+00  1.15000E+00
    1  1.39746E+00  1.26942E+00  1.15000E+00
    2  1.32784E+00  1.25755E+00  1.14999E+00
    3  9.86481E-01  7.69607E-01  1.15000E+00
    4  1.04874E+00  8.96555E-01  1.15000E+00
Core-valence separation energy:  ecv=   -47.000 eV
Initial Fermi level:              mu=     4.694 eV
SCF ITERATION NUMBER  1
     point #   1  energy = -47.000
FMS for a cluster of  114 atoms around atom type   0
FMS for a cluster of  113 atoms around atom type   1
FMS for a cluster of  107 atoms around atom type   2
FMS for a cluster of  117 atoms around atom type   3
FMS for a cluster of  122 atoms around atom type   4
     point #  20  energy = -35.854
     point #  40  energy = -15.604
     point #  60  energy =  -3.860
     point #  80  energy =  -3.713
New Fermi level:    mu=  -3.873 eV  Charge distance=  1.2543 (partial c.d.=  8.9785)
SCF ITERATION NUMBER  1
     point #   1  energy = -47.000
FMS for a cluster of  114 atoms around atom type   0
FMS for a cluster of  113 atoms around atom type   1
FMS for a cluster of  107 atoms around atom type   2
FMS for a cluster of  117 atoms around atom type   3
FMS for a cluster of  122 atoms around atom type   4
     point #  20  energy = -35.967
     point #  40  energy = -15.908
     point #  60  energy =  -3.873
     point #  80  energy =  -4.307
     point # 100  energy =  -8.144
New Fermi level:    mu=  -7.824 eV  Charge distance=  0.6157 (partial c.d.=  7.8063)
SCF ITERATION NUMBER  1
     point #   1  energy = -47.000
FMS for a cluster of  114 atoms around atom type   0
FMS for a cluster of  113 atoms around atom type   1
FMS for a cluster of  107 atoms around atom type   2
FMS for a cluster of  117 atoms around atom type   3
FMS for a cluster of  122 atoms around atom type   4
     point #  20  energy = -35.950
     point #  40  energy = -15.860
     point #  60  energy =  -7.824
     point #  80  energy =  -7.234
New Fermi level:    mu=  -7.363 eV  Charge distance=  0.4233 (partial c.d.=  0.3660)
SCF ITERATION NUMBER  2
     point #   1  energy = -47.000
     point #  20  energy = -35.820
     point #  40  energy = -15.494
     point #  60  energy =  -7.363
     point #  80  energy =  -6.722
New Fermi level:    mu=  -6.862 eV  Charge distance=  0.5273 (partial c.d.=  0.5468)
SCF ITERATION NUMBER  3
     point #   1  energy = -47.000
     point #  20  energy = -35.962
     point #  40  energy = -15.893
     point #  60  energy =  -6.862
     point #  80  energy =  -7.818
New Fermi level:    mu=  -8.131 eV  Charge distance=  0.3335 (partial c.d.=  4.8391)
SCF ITERATION NUMBER  4
     point #   1  energy = -47.000
     point #  20  energy = -35.748
     point #  40  energy = -15.291
     point #  60  energy =  -8.131
     point #  80  energy =  -7.181
New Fermi level:    mu=  -7.309 eV  Charge distance=  0.1241 (partial c.d.=  4.3926)
SCF ITERATION NUMBER  5
     point #   1  energy = -47.000
     point #  20  energy = -35.805
     point #  40  energy = -15.451
     point #  60  energy =  -7.309
New Fermi level:    mu=  -7.517 eV  Charge distance=  0.0267 (partial c.d.=  1.2669)
SCF ITERATION NUMBER  6
     point #   1  energy = -47.000
     point #  20  energy = -35.864
     point #  40  energy = -15.616
     point #  60  energy =  -7.517
New Fermi level:    mu=  -7.457 eV  Charge distance=  0.0807 (partial c.d.=  0.1179)
SCF ITERATION NUMBER  7
     point #   1  energy = -47.000
     point #  20  energy = -35.847
     point #  40  energy = -15.568
     point #  60  energy =  -7.457
New Fermi level:    mu=  -7.290 eV  Charge distance=  0.0256 (partial c.d.=  0.8630)
SCF ITERATION NUMBER  8
     point #   1  energy = -47.000
     point #  20  energy = -35.800
     point #  40  energy = -15.435
     point #  60  energy =  -7.290
New Fermi level:    mu=  -7.301 eV  Charge distance=  0.0088 (partial c.d.=  0.1797)
SCF ITERATION NUMBER  9
     point #   1  energy = -47.000
     point #  20  energy = -35.803
     point #  40  energy = -15.444
     point #  60  energy =  -7.301
New Fermi level:    mu=  -7.292 eV  Charge distance=  0.0027 (partial c.d.=  0.0645)
SCF ITERATION NUMBER 10
     point #   1  energy = -47.000
     point #  20  energy = -35.800
     point #  40  energy = -15.437
     point #  60  energy =  -7.292
New Fermi level:    mu=  -7.289 eV  Charge distance=  0.0015 (partial c.d.=  0.0257)
SCF ITERATION NUMBER 11
     point #   1  energy = -47.000
     point #  20  energy = -35.799
     point #  40  energy = -15.435
     point #  60  energy =  -7.289
New Fermi level:    mu=  -7.283 eV  Charge distance=  0.0030 (partial c.d.=  0.0124)
SCF ITERATION NUMBER 12
     point #   1  energy = -47.000
     point #  20  energy = -35.798
     point #  40  energy = -15.430
     point #  60  energy =  -7.283
New Fermi level:    mu=  -7.271 eV  Charge distance=  0.0003 (partial c.d.=  0.0234)
SCF ITERATION NUMBER 13
     point #   1  energy = -47.000
     point #  20  energy = -35.794
     point #  40  energy = -15.421
     point #  60  energy =  -7.271
New Fermi level:    mu=  -7.271 eV  Charge distance=  0.0003 (partial c.d.=  0.0007)
SCF ITERATION NUMBER 14
     point #   1  energy = -47.000
     point #  20  energy = -35.794
     point #  40  energy = -15.420
     point #  60  energy =  -7.271
New Fermi level:    mu=  -7.271 eV  Charge distance=  0.0002 (partial c.d.=  0.0009)
SCF ITERATION NUMBER 15
     point #   1  energy = -47.000
     point #  20  energy = -35.794
     point #  40  energy = -15.421
     point #  60  energy =  -7.271
New Fermi level:    mu=  -7.271 eV  Charge distance=  0.0001 (partial c.d.=  0.0005)
SCF ITERATION NUMBER 16
     point #   1  energy = -47.000
     point #  20  energy = -35.794
     point #  40  energy = -15.421
     point #  60  energy =  -7.271
New Fermi level:    mu=  -7.271 eV  Charge distance=  0.0000 (partial c.d.=  0.0004)
SCF ITERATION NUMBER 17
     point #   1  energy = -47.000
     point #  20  energy = -35.794
     point #  40  energy = -15.421
     point #  60  energy =  -7.271
New Fermi level:    mu=  -7.271 eV  Charge distance=  0.0000 (partial c.d.=  0.0000)
Electronic configuration
  type     l     N_el
     0     0    0.514
     0     1    0.662
     0     2    9.493
     0     3    0.000
     1     0    0.457
     1     1    6.732
     1     2    2.801
     1     3    0.000
     2     0    0.512
     2     1    0.658
     2     2    9.495
     2     3    0.000
     3     0    0.844
     3     1    1.681
     3     2    0.000
     3     3    0.000
     4     0    1.837
     4     1    4.342
     4     2    0.087
     4     3    0.000
Charge transfer:  type  charge
       0   -0.331
       1   -0.010
       2   -0.334
       3   -0.475
       4    0.267
Convergence reached in   17 iterations.
Done with module: potentials.

Calculating screened core-hole potential ...
FMS for a cluster of   25 atoms around iph =   0
    0% of energy integration
   20%
   40%
   60%
   80%
  100%
Preparing response function.
Computing (1 - K Chi0)^-1 v_ch
Done with module: screened core-hole potential.

Calculating cross-section and phases ...
    absorption cross section
 x0,dx,rnrm,inrm,jnrm   8.80000000000000       5.000000000000000E-002
   2.50462842199981              195         196
    phase shifts for unique potential    0
    phase shifts for unique potential    1
    phase shifts for unique potential    2
    phase shifts for unique potential    3
    phase shifts for unique potential    4
Done with module: cross-section and phases (XSPH).

FMS calculation of full Green's function ...
FEFF-serial using 1 thread.
Using   194 energy points.
xprep done
FMS for a cluster of  257 atoms
Energy point    1/ 194
Energy point   10/ 194
Energy point   20/ 194
Energy point   30/ 194
Energy point   40/ 194
Energy point   50/ 194
Energy point   60/ 194
Energy point   70/ 194
Energy point   80/ 194
Energy point   90/ 194
Energy point  100/ 194
Energy point  110/ 194
Energy point  120/ 194
Energy point  130/ 194
Energy point  140/ 194
Energy point  150/ 194
Energy point  160/ 194
Energy point  170/ 194
Energy point  180/ 194
Energy point  190/ 194
Done with module: FMS.

MKGTR: Tracing over Green's function ...
Done with module: MKGTR.

Pathfinder: finding scattering paths...
Preparing plane wave scattering amplitudes
Searching for paths
Eliminating path degeneracies
0 paths retained.
Done with module: pathfinder.

Calculating EXAFS parameters ...
Done with module: EXAFS parameters (GENFMT).

Calculating XAS spectra ...
Done with module: XAS spectra (FF2X: DW + final sum over paths).

 
### feff ends at Sun Aug 13 22:21:30 EDT 2023
 
