### feff starts at Sun Aug 13 16:34:07 EDT 2023
### Serial version
### FeffPath is /sdcc/u/mcarbone/software/JFEFF/hsw/feff90/linux
 
Launching FEFF version FEFF 9.9.1
Core hole lifetime is   1.729 eV.
Your calculation:
 comment: None given
 Source:
 Structure Summary:  Li9 Cu9 C9 O27
 Reduced formula:  LiCuCO3
 space group: (P1), space number:  (1)
 abc:  3.051342  14.371164  14.373781
 angles: 60.040975  89.555992  89.320548
 sites: 54
Cu K edge XANES using RPA corehole.
Using:     * Self-Consistent Field potentials
Using cards:   ATOMS CONTROL EXCHANGE TITLE RPATH POTENTIALS XANES EDGE SCF FMS S02 COREHOLE EGRID

Calculating atomic potentials ...
    overlapped atomic potential and density for unique potential    0
    overlapped atomic potential and density for unique potential    1
    overlapped atomic potential and density for unique potential    2
    overlapped atomic potential and density for unique potential    3
    overlapped atomic potential and density for unique potential    4
Done with module: atomic potentials.

Calculating SCF potentials ...
FEFF-serial using 1 thread.
Muffin tin radii and interstitial parameters [bohr]:
type, norman radius, muffin tin, overlap factor
    0  1.38041E+00  1.30197E+00  1.15000E+00
    1  1.35718E+00  1.30657E+00  1.09937E+00
    2  1.38041E+00  1.30197E+00  1.15000E+00
    3  9.29275E-01  7.19033E-01  1.15000E+00
    4  1.01036E+00  8.61655E-01  1.15000E+00
Core-valence separation energy:  ecv=   -40.000 eV
Initial Fermi level:              mu=     6.192 eV
SCF ITERATION NUMBER  1
     point #   1  energy = -40.000
FMS for a cluster of  139 atoms around atom type   0
FMS for a cluster of  130 atoms around atom type   1
FMS for a cluster of  132 atoms around atom type   2
FMS for a cluster of  140 atoms around atom type   3
FMS for a cluster of  142 atoms around atom type   4
     point #  20  energy = -28.929
     point #  40  energy =  -8.679
     point #  60  energy =  -3.807
New Fermi level:    mu=  -3.752 eV  Charge distance=  0.5842 (partial c.d.=  6.7142)
SCF ITERATION NUMBER  1
     point #   1  energy = -40.000
FMS for a cluster of  139 atoms around atom type   0
FMS for a cluster of  130 atoms around atom type   1
FMS for a cluster of  132 atoms around atom type   2
FMS for a cluster of  140 atoms around atom type   3
FMS for a cluster of  142 atoms around atom type   4
     point #  20  energy = -28.924
     point #  40  energy =  -8.786
     point #  60  energy =  -3.752
     point #  80  energy =  -5.330
     point # 100  energy =  -8.186
New Fermi level:    mu=  -7.840 eV  Charge distance=  0.2010 (partial c.d.=  3.4129)
SCF ITERATION NUMBER  1
     point #   1  energy = -40.000
FMS for a cluster of  139 atoms around atom type   0
FMS for a cluster of  130 atoms around atom type   1
FMS for a cluster of  132 atoms around atom type   2
FMS for a cluster of  140 atoms around atom type   3
FMS for a cluster of  142 atoms around atom type   4
     point #  20  energy = -28.945
     point #  40  energy =  -8.845
     point #  60  energy =  -7.799
New Fermi level:    mu=  -7.095 eV  Charge distance=  0.0750 (partial c.d.=  0.3602)
SCF ITERATION NUMBER  2
     point #   1  energy = -40.000
     point #  20  energy = -28.689
     point #  40  energy =  -8.123
     point #  60  energy =  -7.054
New Fermi level:    mu=  -6.642 eV  Charge distance=  0.0798 (partial c.d.=  0.2191)
SCF ITERATION NUMBER  3
     point #   1  energy = -40.000
     point #  20  energy = -28.881
     point #  40  energy =  -8.664
     point #  60  energy =  -6.667
New Fermi level:    mu=  -6.768 eV  Charge distance=  0.0858 (partial c.d.=  0.0684)
negative density   3  -74.540 - usually harmless precision error, but check DOS if it persists
SCF ITERATION NUMBER  4
     point #   1  energy = -40.000
     point #  20  energy = -28.923
     point #  40  energy =  -8.782
     point #  60  energy =  -6.743
New Fermi level:    mu=  -6.693 eV  Charge distance=  0.0193 (partial c.d.=  0.0711)
negative density   3  -36.549 - usually harmless precision error, but check DOS if it persists
SCF ITERATION NUMBER  5
     point #   1  energy = -40.000
     point #  20  energy = -28.898
     point #  40  energy =  -8.712
     point #  60  energy =  -6.718
New Fermi level:    mu=  -6.733 eV  Charge distance=  0.0038 (partial c.d.=  0.0294)
negative density   3  -45.119 - usually harmless precision error, but check DOS if it persists
SCF ITERATION NUMBER  6
     point #   1  energy = -40.000
     point #  20  energy = -28.911
     point #  40  energy =  -8.749
New Fermi level:    mu=  -6.731 eV  Charge distance=  0.0070 (partial c.d.=  0.0061)
negative density   3  -47.755 - usually harmless precision error, but check DOS if it persists
SCF ITERATION NUMBER  7
     point #   1  energy = -40.000
     point #  20  energy = -28.910
     point #  40  energy =  -8.748
New Fermi level:    mu=  -6.726 eV  Charge distance=  0.0029 (partial c.d.=  0.0060)
negative density   3  -45.576 - usually harmless precision error, but check DOS if it persists
SCF ITERATION NUMBER  8
     point #   1  energy = -40.000
     point #  20  energy = -28.909
     point #  40  energy =  -8.743
New Fermi level:    mu=  -6.720 eV  Charge distance=  0.0014 (partial c.d.=  0.0075)
negative density   3  -43.276 - usually harmless precision error, but check DOS if it persists
SCF ITERATION NUMBER  9
     point #   1  energy = -40.000
     point #  20  energy = -28.907
     point #  40  energy =  -8.737
New Fermi level:    mu=  -6.717 eV  Charge distance=  0.0004 (partial c.d.=  0.0060)
negative density   3  -42.488 - usually harmless precision error, but check DOS if it persists
SCF ITERATION NUMBER 10
     point #   1  energy = -40.000
     point #  20  energy = -28.906
     point #  40  energy =  -8.734
New Fermi level:    mu=  -6.716 eV  Charge distance=  0.0001 (partial c.d.=  0.0021)
negative density   3  -42.168 - usually harmless precision error, but check DOS if it persists
SCF ITERATION NUMBER 11
     point #   1  energy = -40.000
     point #  20  energy = -28.905
     point #  40  energy =  -8.733
New Fermi level:    mu=  -6.715 eV  Charge distance=  0.0001 (partial c.d.=  0.0003)
negative density   3  -42.056 - usually harmless precision error, but check DOS if it persists
SCF ITERATION NUMBER 12
     point #   1  energy = -40.000
     point #  20  energy = -28.905
     point #  40  energy =  -8.733
New Fermi level:    mu=  -6.715 eV  Charge distance=  0.0001 (partial c.d.=  0.0001)
Electronic configuration
  type     l     N_el
     0     0    0.554
     0     1    0.699
     0     2    9.545
     0     3    0.000
     1     0    0.260
     1     1    0.539
     1     2    0.000
     1     3    0.000
     2     0    0.554
     2     1    0.697
     2     2    9.543
     2     3    0.000
     3     0    1.112
     3     1    2.220
     3     2    0.422
     3     3    0.000
     4     0    1.806
     4     1    4.303
     4     2    0.109
     4     3    0.000
Charge transfer:  type  charge
       0   -0.203
       1   -0.201
       2   -0.207
       3   -0.246
       4    0.218
Convergence reached in   12 iterations.
Done with module: potentials.

Calculating screened core-hole potential ...
FMS for a cluster of   26 atoms around iph =   0
    0% of energy integration
   20%
   40%
   60%
   80%
  100%
Preparing response function.
Computing (1 - K Chi0)^-1 v_ch
Done with module: screened core-hole potential.

Calculating cross-section and phases ...
    absorption cross section
 x0,dx,rnrm,inrm,jnrm   8.80000000000000       5.000000000000000E-002
   2.60859958000021              196         197
    phase shifts for unique potential    0
    phase shifts for unique potential    1
    phase shifts for unique potential    2
    phase shifts for unique potential    3
    phase shifts for unique potential    4
Done with module: cross-section and phases (XSPH).

FMS calculation of full Green's function ...
FEFF-serial using 1 thread.
Using   194 energy points.
xprep done
FMS for a cluster of  310 atoms
Energy point    1/ 194
Energy point   10/ 194
Energy point   20/ 194
Energy point   30/ 194
Energy point   40/ 194
Energy point   50/ 194
Energy point   60/ 194
Energy point   70/ 194
Energy point   80/ 194
Energy point   90/ 194
Energy point  100/ 194
Energy point  110/ 194
Energy point  120/ 194
Energy point  130/ 194
Energy point  140/ 194
Energy point  150/ 194
Energy point  160/ 194
Energy point  170/ 194
Energy point  180/ 194
Energy point  190/ 194
Done with module: FMS.

MKGTR: Tracing over Green's function ...
Done with module: MKGTR.

Pathfinder: finding scattering paths...
Preparing plane wave scattering amplitudes
Searching for paths
Eliminating path degeneracies
0 paths retained.
Done with module: pathfinder.

Calculating EXAFS parameters ...
Done with module: EXAFS parameters (GENFMT).

Calculating XAS spectra ...
Done with module: XAS spectra (FF2X: DW + final sum over paths).

 
### feff ends at Sun Aug 13 19:00:05 EDT 2023
 
