### feff starts at Sun Aug 13 23:28:15 EDT 2023
### Serial version
### FeffPath is /sdcc/u/mcarbone/software/JFEFF/hsw/feff90/linux
 
Launching FEFF version FEFF 9.9.1
Core hole lifetime is   1.729 eV.
Your calculation:
 comment: None given
 Source:
 Structure Summary:  Na4 Cu1 Te2 O29
 Reduced formula:  Na4CuTe2O29
 space group: (P-1), space number:  (2)
 abc:  4.900605   8.960471  13.318236
 angles: 92.126620  94.360926 105.721412
 sites: 36
Cu K edge XANES using RPA corehole.
Using:     * Self-Consistent Field potentials
Using cards:   ATOMS CONTROL EXCHANGE TITLE RPATH POTENTIALS XANES EDGE SCF FMS S02 COREHOLE EGRID

Calculating atomic potentials ...
    overlapped atomic potential and density for unique potential    0
    overlapped atomic potential and density for unique potential    1
    overlapped atomic potential and density for unique potential    2
    overlapped atomic potential and density for unique potential    3
    overlapped atomic potential and density for unique potential    4
Done with module: atomic potentials.

Calculating SCF potentials ...
FEFF-serial using 1 thread.
Muffin tin radii and interstitial parameters [bohr]:
type, norman radius, muffin tin, overlap factor
    0  1.34027E+00  1.27148E+00  1.14448E+00
    1  1.66894E+00  1.62809E+00  1.06218E+00
    2  1.34034E+00  1.27154E+00  1.14450E+00
    3  1.58748E+00  1.49761E+00  1.15000E+00
    4  1.00642E+00  8.56778E-01  1.15000E+00
Core-valence separation energy:  ecv=   -34.000 eV
Initial Fermi level:              mu=     7.977 eV
SCF ITERATION NUMBER  1
     point #   1  energy = -34.000
FMS for a cluster of   93 atoms around atom type   0
FMS for a cluster of   77 atoms around atom type   1
FMS for a cluster of   69 atoms around atom type   2
FMS for a cluster of   93 atoms around atom type   3
FMS for a cluster of   96 atoms around atom type   4
     point #  20  energy = -22.772
     point #  40  energy =  -7.481
     point #  60  energy =  -5.481
     point #  80  energy =  -4.941
New Fermi level:    mu=  -4.931 eV  Charge distance=  1.5526 (partial c.d.=  6.4319)
SCF ITERATION NUMBER  1
     point #   1  energy = -34.000
FMS for a cluster of   93 atoms around atom type   0
FMS for a cluster of   77 atoms around atom type   1
FMS for a cluster of   69 atoms around atom type   2
FMS for a cluster of   93 atoms around atom type   3
FMS for a cluster of   96 atoms around atom type   4
     point #  20  energy = -22.974
     point #  40  energy =  -4.931
     point #  60  energy =  -5.021
     point #  80  energy =  -6.103
New Fermi level:    mu=  -6.046 eV  Charge distance=  0.6392 (partial c.d.=  8.3824)
SCF ITERATION NUMBER  1
     point #   1  energy = -34.000
FMS for a cluster of   93 atoms around atom type   0
FMS for a cluster of   77 atoms around atom type   1
FMS for a cluster of   69 atoms around atom type   2
FMS for a cluster of   93 atoms around atom type   3
FMS for a cluster of   96 atoms around atom type   4
     point #  20  energy = -23.018
     point #  40  energy =  -6.046
     point #  60  energy =  -6.133
New Fermi level:    mu=  -6.137 eV  Charge distance=  0.3360 (partial c.d.=  0.3814)
SCF ITERATION NUMBER  2
     point #   1  energy = -34.000
     point #  20  energy = -23.054
     point #  40  energy =  -6.137
New Fermi level:    mu=  -6.119 eV  Charge distance=  0.3666 (partial c.d.=  0.3252)
SCF ITERATION NUMBER  3
     point #   1  energy = -34.000
     point #  20  energy = -23.047
     point #  40  energy =  -6.119
     point #  60  energy =  -5.929
New Fermi level:    mu=  -5.444 eV  Charge distance=  0.3096 (partial c.d.=  2.7396)
SCF ITERATION NUMBER  4
     point #   1  energy = -34.000
     point #  20  energy = -22.781
     point #  40  energy =  -5.444
     point #  60  energy =  -5.612
New Fermi level:    mu=  -6.064 eV  Charge distance=  0.0635 (partial c.d.=  2.8299)
SCF ITERATION NUMBER  5
     point #   1  energy = -34.000
     point #  20  energy = -23.025
     point #  40  energy =  -6.064
New Fermi level:    mu=  -6.041 eV  Charge distance=  0.1922 (partial c.d.=  0.0290)
SCF ITERATION NUMBER  6
     point #   1  energy = -34.000
     point #  20  energy = -23.016
     point #  40  energy =  -6.041
     point #  60  energy =  -5.954
New Fermi level:    mu=  -5.964 eV  Charge distance=  0.0260 (partial c.d.=  0.2659)
SCF ITERATION NUMBER  7
     point #   1  energy = -34.000
     point #  20  energy = -22.986
     point #  40  energy =  -5.964
New Fermi level:    mu=  -5.952 eV  Charge distance=  0.0226 (partial c.d.=  0.0983)
SCF ITERATION NUMBER  8
     point #   1  energy = -34.000
     point #  20  energy = -22.981
     point #  40  energy =  -5.952
New Fermi level:    mu=  -5.951 eV  Charge distance=  0.0119 (partial c.d.=  0.0551)
SCF ITERATION NUMBER  9
     point #   1  energy = -34.000
     point #  20  energy = -22.981
     point #  40  energy =  -5.951
New Fermi level:    mu=  -5.955 eV  Charge distance=  0.0167 (partial c.d.=  0.0064)
SCF ITERATION NUMBER 10
     point #   1  energy = -34.000
     point #  20  energy = -22.982
     point #  40  energy =  -5.955
New Fermi level:    mu=  -5.956 eV  Charge distance=  0.0023 (partial c.d.=  0.0226)
SCF ITERATION NUMBER 11
     point #   1  energy = -34.000
     point #  20  energy = -22.983
     point #  40  energy =  -5.956
New Fermi level:    mu=  -5.954 eV  Charge distance=  0.0007 (partial c.d.=  0.0105)
SCF ITERATION NUMBER 12
     point #   1  energy = -34.000
     point #  20  energy = -22.982
     point #  40  energy =  -5.954
New Fermi level:    mu=  -5.954 eV  Charge distance=  0.0005 (partial c.d.=  0.0047)
SCF ITERATION NUMBER 13
     point #   1  energy = -34.000
     point #  20  energy = -22.982
     point #  40  energy =  -5.954
New Fermi level:    mu=  -5.953 eV  Charge distance=  0.0002 (partial c.d.=  0.0015)
SCF ITERATION NUMBER 14
     point #   1  energy = -34.000
     point #  20  energy = -22.981
     point #  40  energy =  -5.953
New Fermi level:    mu=  -5.952 eV  Charge distance=  0.0001 (partial c.d.=  0.0006)
SCF ITERATION NUMBER 15
     point #   1  energy = -34.000
     point #  20  energy = -22.981
     point #  40  energy =  -5.952
New Fermi level:    mu=  -5.952 eV  Charge distance=  0.0001 (partial c.d.=  0.0003)
SCF ITERATION NUMBER 16
     point #   1  energy = -34.000
     point #  20  energy = -22.981
     point #  40  energy =  -5.952
New Fermi level:    mu=  -5.951 eV  Charge distance=  0.0001 (partial c.d.=  0.0001)
Electronic configuration
  type     l     N_el
     0     0    0.567
     0     1    0.710
     0     2    9.524
     0     3    0.000
     1     0    0.282
     1     1    6.396
     1     2    0.320
     1     3    0.000
     2     0    0.569
     2     1    0.718
     2     2    9.517
     2     3    0.000
     3     0    1.841
     3     1    2.579
     3     2    0.773
     3     3    0.000
     4     0    1.814
     4     1    4.073
     4     2    0.176
     4     3    0.000
Charge transfer:  type  charge
       0   -0.199
       1   -0.002
       2   -0.196
       3   -0.807
       4    0.063
Convergence reached in   16 iterations.
Done with module: potentials.

Calculating screened core-hole potential ...
FMS for a cluster of   21 atoms around iph =   0
    0% of energy integration
   20%
   40%
   60%
   80%
  100%
Preparing response function.
Computing (1 - K Chi0)^-1 v_ch
Done with module: screened core-hole potential.

Calculating cross-section and phases ...
    absorption cross section
 x0,dx,rnrm,inrm,jnrm   8.80000000000000       5.000000000000000E-002
   2.53273381400005              195         196
    phase shifts for unique potential    0
    phase shifts for unique potential    1
    phase shifts for unique potential    2
    phase shifts for unique potential    3
    phase shifts for unique potential    4
Done with module: cross-section and phases (XSPH).

FMS calculation of full Green's function ...
FEFF-serial using 1 thread.
Using   194 energy points.
xprep done
FMS for a cluster of  197 atoms
Energy point    1/ 194
Energy point   10/ 194
Energy point   20/ 194
Energy point   30/ 194
Energy point   40/ 194
Energy point   50/ 194
Energy point   60/ 194
Energy point   70/ 194
Energy point   80/ 194
Energy point   90/ 194
Energy point  100/ 194
Energy point  110/ 194
Energy point  120/ 194
Energy point  130/ 194
Energy point  140/ 194
Energy point  150/ 194
Energy point  160/ 194
Energy point  170/ 194
Energy point  180/ 194
Energy point  190/ 194
Done with module: FMS.

MKGTR: Tracing over Green's function ...
Done with module: MKGTR.

Pathfinder: finding scattering paths...
Preparing plane wave scattering amplitudes
Searching for paths
Eliminating path degeneracies
0 paths retained.
Done with module: pathfinder.

Calculating EXAFS parameters ...
Done with module: EXAFS parameters (GENFMT).

Calculating XAS spectra ...
Done with module: XAS spectra (FF2X: DW + final sum over paths).

 
### feff ends at Mon Aug 14 00:30:50 EDT 2023
 
