### feff starts at Sun Aug 13 11:40:05 EDT 2023
### Serial version
### FeffPath is /sdcc/u/mcarbone/software/JFEFF/hsw/feff90/linux
 
Launching FEFF version FEFF 9.9.1
Core hole lifetime is   1.729 eV.
Your calculation:
 comment: None given
 Source:
 Structure Summary:  Na8 Cu12 O10
 Reduced formula:  Na4Cu6O5
 space group: (P-62c), space number:  (190)
 abc:  7.811040   7.811040   8.052523
 angles: 90.000000  90.000000 119.999999
 sites: 30
Cu K edge XANES using RPA corehole.
Using:     * Self-Consistent Field potentials
Using cards:   ATOMS CONTROL EXCHANGE TITLE RPATH POTENTIALS XANES EDGE SCF FMS S02 COREHOLE EGRID

Calculating atomic potentials ...
    overlapped atomic potential and density for unique potential    0
    overlapped atomic potential and density for unique potential    1
    overlapped atomic potential and density for unique potential    2
    overlapped atomic potential and density for unique potential    3
Done with module: atomic potentials.

Calculating SCF potentials ...
FEFF-serial using 1 thread.
Muffin tin radii and interstitial parameters [bohr]:
type, norman radius, muffin tin, overlap factor
    0  1.33631E+00  1.18201E+00  1.15000E+00
    1  1.59867E+00  1.53778E+00  1.10179E+00
    2  1.33631E+00  1.18201E+00  1.15000E+00
    3  1.11651E+00  9.89465E-01  1.15000E+00
Core-valence separation energy:  ecv=   -40.000 eV
Initial Fermi level:              mu=    -0.520 eV
SCF ITERATION NUMBER  1
     point #   1  energy = -40.000
FMS for a cluster of  101 atoms around atom type   0
FMS for a cluster of   94 atoms around atom type   1
FMS for a cluster of  100 atoms around atom type   2
FMS for a cluster of  106 atoms around atom type   3
     point #  20  energy = -28.864
     point #  40  energy =  -8.614
     point #  60  energy =  -3.401
     point #  80  energy =  -3.248
New Fermi level:    mu=  -3.263 eV  Charge distance=  0.2554 (partial c.d.=  8.2443)
SCF ITERATION NUMBER  1
     point #   1  energy = -40.000
FMS for a cluster of  101 atoms around atom type   0
FMS for a cluster of   94 atoms around atom type   1
FMS for a cluster of  100 atoms around atom type   2
FMS for a cluster of  106 atoms around atom type   3
     point #  20  energy = -28.775
     point #  40  energy =  -8.365
     point #  60  energy =  -3.263
     point #  80  energy =  -5.088
     point # 100  energy =  -7.150
New Fermi level:    mu=  -7.093 eV  Charge distance=  0.0450 (partial c.d.=  1.4258)
SCF ITERATION NUMBER  1
     point #   1  energy = -40.000
FMS for a cluster of  101 atoms around atom type   0
FMS for a cluster of   94 atoms around atom type   1
FMS for a cluster of  100 atoms around atom type   2
FMS for a cluster of  106 atoms around atom type   3
     point #  20  energy = -29.031
     point #  40  energy =  -9.087
     point #  60  energy =  -7.081
New Fermi level:    mu=  -6.593 eV  Charge distance=  0.0370 (partial c.d.=  0.2302)
SCF ITERATION NUMBER  2
     point #   1  energy = -40.000
     point #  20  energy = -28.864
     point #  40  energy =  -8.617
     point #  60  energy =  -6.618
New Fermi level:    mu=  -6.628 eV  Charge distance=  0.1160 (partial c.d.=  0.0322)
SCF ITERATION NUMBER  3
     point #   1  energy = -40.000
     point #  20  energy = -28.876
     point #  40  energy =  -8.650
     point #  60  energy =  -6.653
New Fermi level:    mu=  -6.672 eV  Charge distance=  0.0058 (partial c.d.=  0.0197)
SCF ITERATION NUMBER  4
     point #   1  energy = -40.000
     point #  20  energy = -28.891
     point #  40  energy =  -8.692
     point #  60  energy =  -6.697
New Fermi level:    mu=  -6.717 eV  Charge distance=  0.0021 (partial c.d.=  0.0135)
SCF ITERATION NUMBER  5
     point #   1  energy = -40.000
     point #  20  energy = -28.906
     point #  40  energy =  -8.734
New Fermi level:    mu=  -6.718 eV  Charge distance=  0.0059 (partial c.d.=  0.0035)
SCF ITERATION NUMBER  6
     point #   1  energy = -40.000
     point #  20  energy = -28.906
     point #  40  energy =  -8.735
New Fermi level:    mu=  -6.713 eV  Charge distance=  0.0021 (partial c.d.=  0.0058)
SCF ITERATION NUMBER  7
     point #   1  energy = -40.000
     point #  20  energy = -28.904
     point #  40  energy =  -8.730
New Fermi level:    mu=  -6.703 eV  Charge distance=  0.0010 (partial c.d.=  0.0013)
SCF ITERATION NUMBER  8
     point #   1  energy = -40.000
     point #  20  energy = -28.901
     point #  40  energy =  -8.721
New Fermi level:    mu=  -6.696 eV  Charge distance=  0.0001 (partial c.d.=  0.0006)
SCF ITERATION NUMBER  9
     point #   1  energy = -40.000
     point #  20  energy = -28.899
     point #  40  energy =  -8.715
New Fermi level:    mu=  -6.696 eV  Charge distance=  0.0001 (partial c.d.=  0.0003)
SCF ITERATION NUMBER 10
     point #   1  energy = -40.000
     point #  20  energy = -28.899
     point #  40  energy =  -8.714
New Fermi level:    mu=  -6.696 eV  Charge distance=  0.0001 (partial c.d.=  0.0002)
Electronic configuration
  type     l     N_el
     0     0    0.627
     0     1    0.634
     0     2    9.476
     0     3    0.000
     1     0    0.309
     1     1    6.360
     1     2    0.242
     1     3    0.000
     2     0    0.627
     2     1    0.634
     2     2    9.476
     2     3    0.000
     3     0    1.864
     3     1    4.446
     3     2    0.077
     3     3    0.000
Charge transfer:  type  charge
       0   -0.263
       1   -0.089
       2   -0.263
       3    0.387
Convergence reached in   10 iterations.
Done with module: potentials.

Calculating screened core-hole potential ...
FMS for a cluster of   18 atoms around iph =   0
    0% of energy integration
   20%
   40%
   60%
   80%
  100%
Preparing response function.
Computing (1 - K Chi0)^-1 v_ch
Done with module: screened core-hole potential.

Calculating cross-section and phases ...
    absorption cross section
 x0,dx,rnrm,inrm,jnrm   8.80000000000000       5.000000000000000E-002
   2.52526280000017              195         196
    phase shifts for unique potential    0
    phase shifts for unique potential    1
    phase shifts for unique potential    2
    phase shifts for unique potential    3
Done with module: cross-section and phases (XSPH).

FMS calculation of full Green's function ...
FEFF-serial using 1 thread.
Using   194 energy points.
xprep done
FMS for a cluster of  214 atoms
Energy point    1/ 194
Energy point   10/ 194
Energy point   20/ 194
Energy point   30/ 194
Energy point   40/ 194
Energy point   50/ 194
Energy point   60/ 194
Energy point   70/ 194
Energy point   80/ 194
Energy point   90/ 194
Energy point  100/ 194
Energy point  110/ 194
Energy point  120/ 194
Energy point  130/ 194
Energy point  140/ 194
Energy point  150/ 194
Energy point  160/ 194
Energy point  170/ 194
Energy point  180/ 194
Energy point  190/ 194
Done with module: FMS.

MKGTR: Tracing over Green's function ...
Done with module: MKGTR.

Pathfinder: finding scattering paths...
Preparing plane wave scattering amplitudes
Searching for paths
Eliminating path degeneracies
0 paths retained.
Done with module: pathfinder.

Calculating EXAFS parameters ...
Done with module: EXAFS parameters (GENFMT).

Calculating XAS spectra ...
Done with module: XAS spectra (FF2X: DW + final sum over paths).

 
### feff ends at Sun Aug 13 12:42:59 EDT 2023
 
