### feff starts at Sun Aug 13 20:32:59 EDT 2023
### Serial version
### FeffPath is /sdcc/u/mcarbone/software/JFEFF/hsw/feff90/linux
 
Launching FEFF version FEFF 9.9.1
Resetting lmaxsc to 2 for iph =    3.  Use  UNFREEZE to prevent this.
Core hole lifetime is   1.729 eV.
Your calculation:
 comment: None given
 Source:
 Structure Summary:  Sr20 Cu10 Bi20 O58
 Reduced formula:  Sr10Cu5Bi10O29
 space group: (P1), space number:  (1)
 abc:  5.423797  13.979132  25.231336
 angles: 81.841181  83.922553  79.066945
 sites: 108
Cu K edge XANES using RPA corehole.
Using:     * Self-Consistent Field potentials
Using cards:   ATOMS CONTROL EXCHANGE TITLE RPATH POTENTIALS XANES EDGE SCF FMS S02 COREHOLE EGRID

Calculating atomic potentials ...
    overlapped atomic potential and density for unique potential    0
    overlapped atomic potential and density for unique potential    1
    overlapped atomic potential and density for unique potential    2
    overlapped atomic potential and density for unique potential    3
    overlapped atomic potential and density for unique potential    4
Done with module: atomic potentials.

Calculating SCF potentials ...
FEFF-serial using 1 thread.
Muffin tin radii and interstitial parameters [bohr]:
type, norman radius, muffin tin, overlap factor
    0  1.26975E+00  1.17157E+00  1.15000E+00
    1  1.85757E+00  1.78128E+00  1.11104E+00
    2  1.27414E+00  1.18176E+00  1.15000E+00
    3  1.79847E+00  1.64154E+00  1.15000E+00
    4  1.10525E+00  1.05367E+00  1.12895E+00
Core-valence separation energy:  ecv=   -34.000 eV
Initial Fermi level:              mu=    -2.695 eV
SCF ITERATION NUMBER  1
     point #   1  energy = -34.000
FMS for a cluster of   91 atoms around atom type   0
FMS for a cluster of   85 atoms around atom type   1
FMS for a cluster of   80 atoms around atom type   2
FMS for a cluster of   63 atoms around atom type   3
FMS for a cluster of   87 atoms around atom type   4
     point #  20  energy = -22.884
     point #  40  energy =  -8.109
     point #  60  energy =  -6.249
New Fermi level:    mu=  -5.974 eV  Charge distance=  1.2422 (partial c.d.= 10.5593)
SCF ITERATION NUMBER  1
     point #   1  energy = -34.000
FMS for a cluster of   91 atoms around atom type   0
FMS for a cluster of   85 atoms around atom type   1
FMS for a cluster of   80 atoms around atom type   2
FMS for a cluster of   63 atoms around atom type   3
FMS for a cluster of   87 atoms around atom type   4
     point #  20  energy = -22.990
     point #  40  energy =  -5.974
     point #  60  energy =  -6.143
     point #  80  energy =  -9.646
     point # 100  energy =  -9.046
New Fermi level:    mu=  -9.028 eV  Charge distance=  0.3695 (partial c.d.=  6.4598)
SCF ITERATION NUMBER  1
     point #   1  energy = -34.000
FMS for a cluster of   91 atoms around atom type   0
FMS for a cluster of   85 atoms around atom type   1
FMS for a cluster of   80 atoms around atom type   2
FMS for a cluster of   63 atoms around atom type   3
FMS for a cluster of   87 atoms around atom type   4
     point #  20  energy = -23.013
     point #  40  energy =  -9.028
     point #  60  energy =  -9.266
New Fermi level:    mu=  -9.304 eV  Charge distance=  0.2296 (partial c.d.=  0.1968)
SCF ITERATION NUMBER  2
     point #   1  energy = -34.000
     point #  20  energy = -22.681
     point #  40  energy =  -9.304
     point #  60  energy =  -8.823
New Fermi level:    mu=  -8.469 eV  Charge distance=  0.2146 (partial c.d.=  0.6160)
SCF ITERATION NUMBER  3
     point #   1  energy = -34.000
     point #  20  energy = -22.766
     point #  40  energy =  -8.469
     point #  60  energy =  -8.706
New Fermi level:    mu=  -8.732 eV  Charge distance=  0.3463 (partial c.d.=  1.5074)
SCF ITERATION NUMBER  4
     point #   1  energy = -34.000
     point #  20  energy = -22.882
     point #  40  energy =  -8.732
New Fermi level:    mu=  -8.732 eV  Charge distance=  0.1535 (partial c.d.=  1.9868)
SCF ITERATION NUMBER  5
     point #   1  energy = -34.000
     point #  20  energy = -22.882
     point #  40  energy =  -8.732
New Fermi level:    mu=  -8.806 eV  Charge distance=  0.1137 (partial c.d.=  0.2190)
SCF ITERATION NUMBER  6
     point #   1  energy = -34.000
     point #  20  energy = -22.915
     point #  40  energy =  -8.806
     point #  60  energy =  -8.681
New Fermi level:    mu=  -8.679 eV  Charge distance=  0.0153 (partial c.d.=  0.5058)
SCF ITERATION NUMBER  7
     point #   1  energy = -34.000
     point #  20  energy = -22.859
     point #  40  energy =  -8.679
New Fermi level:    mu=  -8.699 eV  Charge distance=  0.0146 (partial c.d.=  0.1413)
SCF ITERATION NUMBER  8
     point #   1  energy = -34.000
     point #  20  energy = -22.868
     point #  40  energy =  -8.699
New Fermi level:    mu=  -8.683 eV  Charge distance=  0.0088 (partial c.d.=  0.0742)
SCF ITERATION NUMBER  9
     point #   1  energy = -34.000
     point #  20  energy = -22.860
     point #  40  energy =  -8.683
New Fermi level:    mu=  -8.672 eV  Charge distance=  0.0077 (partial c.d.=  0.0171)
SCF ITERATION NUMBER 10
     point #   1  energy = -34.000
     point #  20  energy = -22.856
     point #  40  energy =  -8.672
New Fermi level:    mu=  -8.666 eV  Charge distance=  0.0051 (partial c.d.=  0.0050)
SCF ITERATION NUMBER 11
     point #   1  energy = -34.000
     point #  20  energy = -22.853
     point #  40  energy =  -8.666
New Fermi level:    mu=  -8.657 eV  Charge distance=  0.0007 (partial c.d.=  0.0051)
SCF ITERATION NUMBER 12
     point #   1  energy = -34.000
     point #  20  energy = -22.849
     point #  40  energy =  -8.657
New Fermi level:    mu=  -8.659 eV  Charge distance=  0.0006 (partial c.d.=  0.0041)
SCF ITERATION NUMBER 13
     point #   1  energy = -34.000
     point #  20  energy = -22.850
     point #  40  energy =  -8.659
New Fermi level:    mu=  -8.659 eV  Charge distance=  0.0001 (partial c.d.=  0.0014)
SCF ITERATION NUMBER 14
     point #   1  energy = -34.000
     point #  20  energy = -22.850
     point #  40  energy =  -8.659
New Fermi level:    mu=  -8.659 eV  Charge distance=  0.0001 (partial c.d.=  0.0002)
Electronic configuration
  type     l     N_el
     0     0    0.515
     0     1    0.593
     0     2    9.409
     0     3    0.000
     1     0    0.307
     1     1    6.398
     1     2    0.885
     1     3    0.000
     2     0    0.512
     2     1    0.593
     2     2    9.428
     2     3    0.000
     3     0    1.868
     3     1    2.126
     3     2   10.325
     3     3    0.000
     4     0    1.851
     4     1    4.541
     4     2    0.066
     4     3    0.000
Charge transfer:  type  charge
       0   -0.483
       1   -0.410
       2   -0.467
       3   -0.682
       4    0.457
Convergence reached in   14 iterations.
Done with module: potentials.

Calculating screened core-hole potential ...
FMS for a cluster of   18 atoms around iph =   0
    0% of energy integration
   20%
   40%
   60%
   80%
  100%
Preparing response function.
Computing (1 - K Chi0)^-1 v_ch
Done with module: screened core-hole potential.

Calculating cross-section and phases ...
    absorption cross section
 x0,dx,rnrm,inrm,jnrm   8.80000000000000       5.000000000000000E-002
   2.39948768099981              194         195
    phase shifts for unique potential    0
    phase shifts for unique potential    1
    phase shifts for unique potential    2
    phase shifts for unique potential    3
    phase shifts for unique potential    4
Done with module: cross-section and phases (XSPH).

FMS calculation of full Green's function ...
FEFF-serial using 1 thread.
Using   194 energy points.
xprep done
FMS for a cluster of  182 atoms
Energy point    1/ 194
Energy point   10/ 194
Energy point   20/ 194
Energy point   30/ 194
Energy point   40/ 194
Energy point   50/ 194
Energy point   60/ 194
Energy point   70/ 194
Energy point   80/ 194
Energy point   90/ 194
Energy point  100/ 194
Energy point  110/ 194
Energy point  120/ 194
Energy point  130/ 194
Energy point  140/ 194
Energy point  150/ 194
Energy point  160/ 194
Energy point  170/ 194
Energy point  180/ 194
Energy point  190/ 194
Done with module: FMS.

MKGTR: Tracing over Green's function ...
Done with module: MKGTR.

Pathfinder: finding scattering paths...
Preparing plane wave scattering amplitudes
Searching for paths
Eliminating path degeneracies
0 paths retained.
Done with module: pathfinder.

Calculating EXAFS parameters ...
Done with module: EXAFS parameters (GENFMT).

Calculating XAS spectra ...
Done with module: XAS spectra (FF2X: DW + final sum over paths).

 
### feff ends at Sun Aug 13 21:23:02 EDT 2023
 
