### feff starts at Mon Aug 14 09:41:19 EDT 2023
### Serial version
### FeffPath is /sdcc/u/mcarbone/software/JFEFF/hsw/feff90/linux
 
Launching FEFF version FEFF 9.9.1
Core hole lifetime is   1.729 eV.
Your calculation:
 comment: None given
 Source:
 Structure Summary:  Mn8 Zn4 Cu8 O32
 Reduced formula:  Mn2Zn(CuO4)2
 space group: (P2_1/c), space number:  (14)
 abc:  6.403511   8.304935  11.883694
 angles: 90.000000  90.564556  90.000000
 sites: 52
Cu K edge XANES using RPA corehole.
Using:     * Self-Consistent Field potentials
Using cards:   ATOMS CONTROL EXCHANGE TITLE RPATH POTENTIALS XANES EDGE SCF FMS S02 COREHOLE EGRID

Calculating atomic potentials ...
    overlapped atomic potential and density for unique potential    0
    overlapped atomic potential and density for unique potential    1
    overlapped atomic potential and density for unique potential    2
    overlapped atomic potential and density for unique potential    3
    overlapped atomic potential and density for unique potential    4
Done with module: atomic potentials.

Calculating SCF potentials ...
FEFF-serial using 1 thread.
Muffin tin radii and interstitial parameters [bohr]:
type, norman radius, muffin tin, overlap factor
    0  1.32031E+00  1.22597E+00  1.15000E+00
    1  1.28529E+00  1.07956E+00  1.15000E+00
    2  1.43478E+00  1.35918E+00  1.14915E+00
    3  1.30942E+00  1.23182E+00  1.15000E+00
    4  1.09676E+00  9.39671E-01  1.15000E+00
Core-valence separation energy:  ecv=   -40.000 eV
Initial Fermi level:              mu=     2.277 eV
SCF ITERATION NUMBER  1
     point #   1  energy = -40.000
FMS for a cluster of  121 atoms around atom type   0
FMS for a cluster of  113 atoms around atom type   1
FMS for a cluster of  115 atoms around atom type   2
FMS for a cluster of  114 atoms around atom type   3
FMS for a cluster of  119 atoms around atom type   4
     point #  20  energy = -28.910
     point #  40  energy =  -8.660
     point #  60  energy =  -6.250
     point #  80  energy =  -5.600
New Fermi level:    mu=  -5.481 eV  Charge distance=  1.6411 (partial c.d.= 10.2456)
SCF ITERATION NUMBER  1
     point #   1  energy = -40.000
FMS for a cluster of  121 atoms around atom type   0
FMS for a cluster of  113 atoms around atom type   1
FMS for a cluster of  115 atoms around atom type   2
FMS for a cluster of  114 atoms around atom type   3
FMS for a cluster of  119 atoms around atom type   4
     point #  20  energy = -28.832
     point #  40  energy =  -8.527
     point #  60  energy =  -5.468
New Fermi level:    mu=  -5.167 eV  Charge distance=  0.9796 (partial c.d.=  8.6322)
SCF ITERATION NUMBER  1
     point #   1  energy = -40.000
FMS for a cluster of  121 atoms around atom type   0
FMS for a cluster of  113 atoms around atom type   1
FMS for a cluster of  115 atoms around atom type   2
FMS for a cluster of  114 atoms around atom type   3
FMS for a cluster of  119 atoms around atom type   4
     point #  20  energy = -28.731
     point #  40  energy =  -8.241
     point #  60  energy =  -5.180
     point #  80  energy =  -7.502
     point # 100  energy =  -9.280
New Fermi level:    mu=  -9.268 eV  Charge distance=  0.2840 (partial c.d.=  5.0888)
SCF ITERATION NUMBER  2
     point #   1  energy = -40.000
     point #  20  energy = -28.731
     point #  40  energy =  -9.268
     point #  60  energy =  -9.177
     point #  80  energy =  -7.636
New Fermi level:    mu=  -7.544 eV  Charge distance=  0.2931 (partial c.d.=  2.0606)
SCF ITERATION NUMBER  3
     point #   1  energy = -40.000
     point #  20  energy = -28.843
     point #  40  energy =  -8.558
     point #  60  energy =  -7.584
     point #  80  energy =  -8.812
New Fermi level:    mu=  -8.912 eV  Charge distance=  0.1319 (partial c.d.=  3.5188)
SCF ITERATION NUMBER  4
     point #   1  energy = -40.000
     point #  20  energy = -28.969
     point #  40  energy =  -8.912
     point #  60  energy =  -8.862
New Fermi level:    mu=  -8.800 eV  Charge distance=  0.0901 (partial c.d.=  2.4018)
SCF ITERATION NUMBER  5
     point #   1  energy = -40.000
     point #  20  energy = -28.929
     point #  40  energy =  -8.800
     point #  60  energy =  -8.850
New Fermi level:    mu=  -8.914 eV  Charge distance=  0.0295 (partial c.d.=  0.8696)
SCF ITERATION NUMBER  6
     point #   1  energy = -40.000
     point #  20  energy = -28.969
     point #  40  energy =  -8.914
New Fermi level:    mu=  -8.902 eV  Charge distance=  0.1216 (partial c.d.=  0.3009)
SCF ITERATION NUMBER  7
     point #   1  energy = -40.000
     point #  20  energy = -28.965
     point #  40  energy =  -8.902
     point #  60  energy =  -8.852
New Fermi level:    mu=  -8.816 eV  Charge distance=  0.0563 (partial c.d.=  1.0230)
SCF ITERATION NUMBER  8
     point #   1  energy = -40.000
     point #  20  energy = -28.935
     point #  40  energy =  -8.816
     point #  60  energy =  -8.766
New Fermi level:    mu=  -8.740 eV  Charge distance=  0.0258 (partial c.d.=  0.8322)
SCF ITERATION NUMBER  9
     point #   1  energy = -40.000
     point #  20  energy = -28.908
     point #  40  energy =  -8.740
     point #  60  energy =  -8.690
New Fermi level:    mu=  -8.685 eV  Charge distance=  0.0058 (partial c.d.=  0.1955)
SCF ITERATION NUMBER 10
     point #   1  energy = -40.000
     point #  20  energy = -28.888
     point #  40  energy =  -8.685
New Fermi level:    mu=  -8.661 eV  Charge distance=  0.0052 (partial c.d.=  0.0310)
SCF ITERATION NUMBER 11
     point #   1  energy = -40.000
     point #  20  energy = -28.880
     point #  40  energy =  -8.661
New Fermi level:    mu=  -8.642 eV  Charge distance=  0.0007 (partial c.d.=  0.0266)
SCF ITERATION NUMBER 12
     point #   1  energy = -40.000
     point #  20  energy = -28.873
     point #  40  energy =  -8.642
New Fermi level:    mu=  -8.640 eV  Charge distance=  0.0028 (partial c.d.=  0.0006)
SCF ITERATION NUMBER 13
     point #   1  energy = -40.000
     point #  20  energy = -28.872
     point #  40  energy =  -8.640
New Fermi level:    mu=  -8.635 eV  Charge distance=  0.0004 (partial c.d.=  0.0038)
SCF ITERATION NUMBER 14
     point #   1  energy = -40.000
     point #  20  energy = -28.871
     point #  40  energy =  -8.635
New Fermi level:    mu=  -8.637 eV  Charge distance=  0.0001 (partial c.d.=  0.0027)
SCF ITERATION NUMBER 15
     point #   1  energy = -40.000
     point #  20  energy = -28.871
     point #  40  energy =  -8.637
New Fermi level:    mu=  -8.638 eV  Charge distance=  0.0002 (partial c.d.=  0.0006)
SCF ITERATION NUMBER 16
     point #   1  energy = -40.000
     point #  20  energy = -28.872
     point #  40  energy =  -8.638
New Fermi level:    mu=  -8.638 eV  Charge distance=  0.0001 (partial c.d.=  0.0004)
SCF ITERATION NUMBER 17
     point #   1  energy = -40.000
     point #  20  energy = -28.872
     point #  40  energy =  -8.638
New Fermi level:    mu=  -8.638 eV  Charge distance=  0.0001 (partial c.d.=  0.0001)
Electronic configuration
  type     l     N_el
     0     0    0.483
     0     1    0.557
     0     2    9.401
     0     3    0.000
     1     0    0.537
     1     1    0.746
     1     2    5.603
     1     3    0.000
     2     0    0.688
     2     1    0.821
     2     2   10.252
     2     3    0.000
     3     0    0.461
     3     1    0.582
     3     2    9.399
     3     3    0.000
     4     0    1.845
     4     1    4.266
     4     2    0.087
     4     3    0.000
Charge transfer:  type  charge
       0   -0.559
       1   -0.115
       2   -0.240
       3   -0.557
       4    0.198
Convergence reached in   17 iterations.
Done with module: potentials.

Calculating screened core-hole potential ...
FMS for a cluster of   24 atoms around iph =   0
    0% of energy integration
   20%
   40%
   60%
   80%
  100%
Preparing response function.
Computing (1 - K Chi0)^-1 v_ch
Done with module: screened core-hole potential.

Calculating cross-section and phases ...
    absorption cross section
 x0,dx,rnrm,inrm,jnrm   8.80000000000000       5.000000000000000E-002
   2.49502681799987              195         196
    phase shifts for unique potential    0
    phase shifts for unique potential    1
    phase shifts for unique potential    2
    phase shifts for unique potential    3
    phase shifts for unique potential    4
Done with module: cross-section and phases (XSPH).

FMS calculation of full Green's function ...
FEFF-serial using 1 thread.
Using   194 energy points.
xprep done
FMS for a cluster of  250 atoms
Energy point    1/ 194
Energy point   10/ 194
Energy point   20/ 194
Energy point   30/ 194
Energy point   40/ 194
Energy point   50/ 194
Energy point   60/ 194
Energy point   70/ 194
Energy point   80/ 194
Energy point   90/ 194
Energy point  100/ 194
Energy point  110/ 194
Energy point  120/ 194
Energy point  130/ 194
Energy point  140/ 194
Energy point  150/ 194
Energy point  160/ 194
Energy point  170/ 194
Energy point  180/ 194
Energy point  190/ 194
Done with module: FMS.

MKGTR: Tracing over Green's function ...
Done with module: MKGTR.

Pathfinder: finding scattering paths...
Preparing plane wave scattering amplitudes
Searching for paths
Eliminating path degeneracies
0 paths retained.
Done with module: pathfinder.

Calculating EXAFS parameters ...
Done with module: EXAFS parameters (GENFMT).

Calculating XAS spectra ...
Done with module: XAS spectra (FF2X: DW + final sum over paths).

 
### feff ends at Mon Aug 14 11:52:28 EDT 2023
 
