### feff starts at Sun Aug 13 23:15:37 EDT 2023
### Serial version
### FeffPath is /sdcc/u/mcarbone/software/JFEFF/hsw/feff90/linux
 
Launching FEFF version FEFF 9.9.1
Core hole lifetime is   1.729 eV.
Your calculation:
 comment: None given
 Source:
 Structure Summary:  Rb12 Cu12 Cl32 O4
 Reduced formula:  Rb3Cu3Cl8O
 space group: (P2_1/c), space number:  (14)
 abc:  9.606964  13.394314  13.551389
 angles: 66.855898  90.000000  90.000000
 sites: 60
Cu K edge XANES using RPA corehole.
Using:     * Self-Consistent Field potentials
Using cards:   ATOMS CONTROL EXCHANGE TITLE RPATH POTENTIALS XANES EDGE SCF FMS S02 COREHOLE EGRID

Calculating atomic potentials ...
    overlapped atomic potential and density for unique potential    0
    overlapped atomic potential and density for unique potential    1
    overlapped atomic potential and density for unique potential    2
    overlapped atomic potential and density for unique potential    3
    overlapped atomic potential and density for unique potential    4
Done with module: atomic potentials.

Calculating SCF potentials ...
FEFF-serial using 1 thread.
Muffin tin radii and interstitial parameters [bohr]:
type, norman radius, muffin tin, overlap factor
    0  1.34350E+00  1.19164E+00  1.15000E+00
    1  2.21187E+00  2.13930E+00  1.08596E+00
    2  1.37451E+00  1.24334E+00  1.15000E+00
    3  1.56992E+00  1.48899E+00  1.14526E+00
    4  1.11854E+00  9.83715E-01  1.15000E+00
Core-valence separation energy:  ecv=   -40.000 eV
Initial Fermi level:              mu=    -0.915 eV
SCF ITERATION NUMBER  1
     point #   1  energy = -40.000
FMS for a cluster of   51 atoms around atom type   0
FMS for a cluster of   45 atoms around atom type   1
FMS for a cluster of   47 atoms around atom type   2
FMS for a cluster of   60 atoms around atom type   3
FMS for a cluster of   54 atoms around atom type   4
     point #  20  energy = -28.945
     point #  40  energy =  -8.695
     point #  60  energy =  -4.332
     point #  80  energy =  -3.529
New Fermi level:    mu=  -3.508 eV  Charge distance=  0.4955 (partial c.d.=  7.8295)
SCF ITERATION NUMBER  1
     point #   1  energy = -40.000
FMS for a cluster of   51 atoms around atom type   0
FMS for a cluster of   45 atoms around atom type   1
FMS for a cluster of   47 atoms around atom type   2
FMS for a cluster of   60 atoms around atom type   3
FMS for a cluster of   54 atoms around atom type   4
     point #  20  energy = -28.850
     point #  40  energy =  -8.576
     point #  60  energy =  -3.508
     point #  80  energy =  -5.333
     point # 100  energy =  -8.095
New Fermi level:    mu=  -8.443 eV  Charge distance=  0.1146 (partial c.d.=  2.4784)
SCF ITERATION NUMBER  1
     point #   1  energy = -40.000
FMS for a cluster of   51 atoms around atom type   0
FMS for a cluster of   45 atoms around atom type   1
FMS for a cluster of   47 atoms around atom type   2
FMS for a cluster of   60 atoms around atom type   3
FMS for a cluster of   54 atoms around atom type   4
     point #  20  energy = -28.802
     point #  40  energy =  -8.443
     point #  60  energy =  -8.402
     point #  80  energy =  -6.611
New Fermi level:    mu=  -7.011 eV  Charge distance=  0.0613 (partial c.d.=  0.3399)
SCF ITERATION NUMBER  2
     point #   1  energy = -40.000
     point #  20  energy = -29.004
     point #  40  energy =  -9.010
     point #  60  energy =  -6.998
     point #  80  energy =  -6.501
New Fermi level:    mu=  -6.581 eV  Charge distance=  0.2642 (partial c.d.=  0.4622)
SCF ITERATION NUMBER  3
     point #   1  energy = -40.000
     point #  20  energy = -28.860
     point #  40  energy =  -8.606
     point #  60  energy =  -6.568
     point #  80  energy =  -5.759
New Fermi level:    mu=  -5.897 eV  Charge distance=  0.1084 (partial c.d.=  0.8790)
SCF ITERATION NUMBER  4
     point #   1  energy = -40.000
     point #  20  energy = -28.967
     point #  40  energy =  -8.906
     point #  60  energy =  -5.909
     point #  80  energy =  -6.284
New Fermi level:    mu=  -6.275 eV  Charge distance=  0.1057 (partial c.d.=  0.1467)
SCF ITERATION NUMBER  5
     point #   1  energy = -40.000
     point #  20  energy = -28.758
     point #  40  energy =  -8.319
     point #  60  energy =  -6.288
New Fermi level:    mu=  -6.416 eV  Charge distance=  0.0339 (partial c.d.=  0.7089)
SCF ITERATION NUMBER  6
     point #   1  energy = -40.000
     point #  20  energy = -28.805
     point #  40  energy =  -8.452
     point #  60  energy =  -6.441
New Fermi level:    mu=  -6.464 eV  Charge distance=  0.0249 (partial c.d.=  0.6043)
SCF ITERATION NUMBER  7
     point #   1  energy = -40.000
     point #  20  energy = -28.821
     point #  40  energy =  -8.497
     point #  60  energy =  -6.489
New Fermi level:    mu=  -6.514 eV  Charge distance=  0.0441 (partial c.d.=  0.1025)
SCF ITERATION NUMBER  8
     point #   1  energy = -40.000
     point #  20  energy = -28.838
     point #  40  energy =  -8.543
New Fermi level:    mu=  -6.504 eV  Charge distance=  0.0194 (partial c.d.=  0.4029)
SCF ITERATION NUMBER  9
     point #   1  energy = -40.000
     point #  20  energy = -28.835
     point #  40  energy =  -8.534
     point #  60  energy =  -6.529
New Fermi level:    mu=  -6.525 eV  Charge distance=  0.0083 (partial c.d.=  0.3254)
SCF ITERATION NUMBER 10
     point #   1  energy = -40.000
     point #  20  energy = -28.842
     point #  40  energy =  -8.554
New Fermi level:    mu=  -6.528 eV  Charge distance=  0.0165 (partial c.d.=  0.0365)
SCF ITERATION NUMBER 11
     point #   1  energy = -40.000
     point #  20  energy = -28.843
     point #  40  energy =  -8.556
New Fermi level:    mu=  -6.523 eV  Charge distance=  0.0005 (partial c.d.=  0.0715)
SCF ITERATION NUMBER 12
     point #   1  energy = -40.000
     point #  20  energy = -28.841
     point #  40  energy =  -8.552
New Fermi level:    mu=  -6.525 eV  Charge distance=  0.0005 (partial c.d.=  0.0042)
SCF ITERATION NUMBER 13
     point #   1  energy = -40.000
     point #  20  energy = -28.842
     point #  40  energy =  -8.554
New Fermi level:    mu=  -6.524 eV  Charge distance=  0.0006 (partial c.d.=  0.0041)
SCF ITERATION NUMBER 14
     point #   1  energy = -40.000
     point #  20  energy = -28.841
     point #  40  energy =  -8.553
New Fermi level:    mu=  -6.524 eV  Charge distance=  0.0010 (partial c.d.=  0.0009)
SCF ITERATION NUMBER 15
     point #   1  energy = -40.000
     point #  20  energy = -28.841
     point #  40  energy =  -8.553
New Fermi level:    mu=  -6.523 eV  Charge distance=  0.0002 (partial c.d.=  0.0045)
SCF ITERATION NUMBER 16
     point #   1  energy = -40.000
     point #  20  energy = -28.841
     point #  40  energy =  -8.552
New Fermi level:    mu=  -6.523 eV  Charge distance=  0.0002 (partial c.d.=  0.0012)
SCF ITERATION NUMBER 17
     point #   1  energy = -40.000
     point #  20  energy = -28.841
     point #  40  energy =  -8.552
New Fermi level:    mu=  -6.523 eV  Charge distance=  0.0002 (partial c.d.=  0.0003)
SCF ITERATION NUMBER 18
     point #   1  energy = -40.000
     point #  20  energy = -28.841
     point #  40  energy =  -8.552
New Fermi level:    mu=  -6.523 eV  Charge distance=  0.0001 (partial c.d.=  0.0011)
SCF ITERATION NUMBER 19
     point #   1  energy = -40.000
     point #  20  energy = -28.841
     point #  40  energy =  -8.552
New Fermi level:    mu=  -6.523 eV  Charge distance=  0.0000 (partial c.d.=  0.0005)
SCF ITERATION NUMBER 20
     point #   1  energy = -40.000
     point #  20  energy = -28.841
     point #  40  energy =  -8.552
New Fermi level:    mu=  -6.523 eV  Charge distance=  0.0000 (partial c.d.=  0.0000)
Electronic configuration
  type     l     N_el
     0     0    0.511
     0     1    0.571
     0     2    9.551
     0     3    0.000
     1     0    2.170
     1     1    6.210
     1     2    0.336
     1     3    0.000
     2     0    0.516
     2     1    0.554
     2     2    9.655
     2     3    0.000
     3     0    1.962
     3     1    5.072
     3     2    0.124
     3     3    0.000
     4     0    1.875
     4     1    4.452
     4     2    0.091
     4     3    0.000
Charge transfer:  type  charge
       0   -0.367
       1   -0.284
       2   -0.274
       3    0.158
       4    0.418
Convergence reached in   20 iterations.
Done with module: potentials.

Calculating screened core-hole potential ...
FMS for a cluster of    9 atoms around iph =   0
    0% of energy integration
   20%
   40%
   60%
   80%
  100%
Preparing response function.
Computing (1 - K Chi0)^-1 v_ch
Done with module: screened core-hole potential.

Calculating cross-section and phases ...
    absorption cross section
 x0,dx,rnrm,inrm,jnrm   8.80000000000000       5.000000000000000E-002
   2.53883854200017              195         196
    phase shifts for unique potential    0
    phase shifts for unique potential    1
    phase shifts for unique potential    2
    phase shifts for unique potential    3
    phase shifts for unique potential    4
Done with module: cross-section and phases (XSPH).

FMS calculation of full Green's function ...
FEFF-serial using 1 thread.
Using   194 energy points.
xprep done
FMS for a cluster of  116 atoms
Energy point    1/ 194
Energy point   10/ 194
Energy point   20/ 194
Energy point   30/ 194
Energy point   40/ 194
Energy point   50/ 194
Energy point   60/ 194
Energy point   70/ 194
Energy point   80/ 194
Energy point   90/ 194
Energy point  100/ 194
Energy point  110/ 194
Energy point  120/ 194
Energy point  130/ 194
Energy point  140/ 194
Energy point  150/ 194
Energy point  160/ 194
Energy point  170/ 194
Energy point  180/ 194
Energy point  190/ 194
Done with module: FMS.

MKGTR: Tracing over Green's function ...
Done with module: MKGTR.

Pathfinder: finding scattering paths...
Preparing plane wave scattering amplitudes
Searching for paths
Eliminating path degeneracies
0 paths retained.
Done with module: pathfinder.

Calculating EXAFS parameters ...
Done with module: EXAFS parameters (GENFMT).

Calculating XAS spectra ...
Done with module: XAS spectra (FF2X: DW + final sum over paths).

 
### feff ends at Sun Aug 13 23:37:23 EDT 2023
 
