### feff starts at Sun Aug 13 16:32:06 EDT 2023
### Serial version
### FeffPath is /sdcc/u/mcarbone/software/JFEFF/hsw/feff90/linux
 
Launching FEFF version FEFF 9.9.1
Core hole lifetime is   1.729 eV.
Your calculation:
 comment: None given
 Source:
 Structure Summary:  Zn6 Cu6 Sb12 O42
 Reduced formula:  ZnCuSb2O7
 space group: (P2/c), space number:  (13)
 abc:  8.531456  10.359831  10.839895
 angles: 83.128541  90.000000  90.000000
 sites: 66
Cu K edge XANES using RPA corehole.
Using:     * Self-Consistent Field potentials
Using cards:   ATOMS CONTROL EXCHANGE TITLE RPATH POTENTIALS XANES EDGE SCF FMS S02 COREHOLE EGRID

Calculating atomic potentials ...
    overlapped atomic potential and density for unique potential    0
    overlapped atomic potential and density for unique potential    1
    overlapped atomic potential and density for unique potential    2
    overlapped atomic potential and density for unique potential    3
    overlapped atomic potential and density for unique potential    4
Done with module: atomic potentials.

Calculating SCF potentials ...
FEFF-serial using 1 thread.
Muffin tin radii and interstitial parameters [bohr]:
type, norman radius, muffin tin, overlap factor
    0  1.32115E+00  1.21161E+00  1.15000E+00
    1  1.43256E+00  1.31271E+00  1.15000E+00
    2  1.33035E+00  1.22313E+00  1.15000E+00
    3  1.45983E+00  1.25064E+00  1.15000E+00
    4  1.09968E+00  9.58792E-01  1.15000E+00
Core-valence separation energy:  ecv=   -40.000 eV
Initial Fermi level:              mu=     3.883 eV
SCF ITERATION NUMBER  1
     point #   1  energy = -40.000
FMS for a cluster of   93 atoms around atom type   0
FMS for a cluster of   87 atoms around atom type   1
FMS for a cluster of   74 atoms around atom type   2
FMS for a cluster of   90 atoms around atom type   3
FMS for a cluster of   98 atoms around atom type   4
     point #  20  energy = -28.798
     point #  40  energy =  -8.548
     point #  60  energy =  -4.911
     point #  80  energy =  -4.148
New Fermi level:    mu=  -4.139 eV  Charge distance=  1.0690 (partial c.d.= 10.7518)
SCF ITERATION NUMBER  1
     point #   1  energy = -40.000
FMS for a cluster of   93 atoms around atom type   0
FMS for a cluster of   87 atoms around atom type   1
FMS for a cluster of   74 atoms around atom type   2
FMS for a cluster of   90 atoms around atom type   3
FMS for a cluster of   98 atoms around atom type   4
     point #  20  energy = -28.729
     point #  40  energy =  -8.237
     point #  60  energy =  -4.139
     point #  80  energy =  -5.951
     point # 100  energy =  -5.836
New Fermi level:    mu=  -5.741 eV  Charge distance=  0.3937 (partial c.d.=  5.8438)
SCF ITERATION NUMBER  1
     point #   1  energy = -40.000
FMS for a cluster of   93 atoms around atom type   0
FMS for a cluster of   87 atoms around atom type   1
FMS for a cluster of   74 atoms around atom type   2
FMS for a cluster of   90 atoms around atom type   3
FMS for a cluster of   98 atoms around atom type   4
     point #  20  energy = -28.916
     point #  40  energy =  -8.764
     point #  60  energy =  -5.754
New Fermi level:    mu=  -5.846 eV  Charge distance=  0.2123 (partial c.d.=  0.2210)
SCF ITERATION NUMBER  2
     point #   1  energy = -40.000
     point #  20  energy = -28.950
     point #  40  energy =  -8.860
     point #  60  energy =  -5.834
New Fermi level:    mu=  -5.729 eV  Charge distance=  0.2922 (partial c.d.=  0.3733)
SCF ITERATION NUMBER  3
     point #   1  energy = -40.000
     point #  20  energy = -28.912
     point #  40  energy =  -8.753
     point #  60  energy =  -5.716
New Fermi level:    mu=  -5.494 eV  Charge distance=  0.0992 (partial c.d.=  0.5741)
SCF ITERATION NUMBER  4
     point #   1  energy = -40.000
     point #  20  energy = -28.836
     point #  40  energy =  -8.539
     point #  60  energy =  -5.507
     point #  80  energy =  -5.863
New Fermi level:    mu=  -5.799 eV  Charge distance=  0.1147 (partial c.d.=  0.7313)
SCF ITERATION NUMBER  5
     point #   1  energy = -40.000
     point #  20  energy = -28.935
     point #  40  energy =  -8.816
     point #  60  energy =  -5.786
New Fermi level:    mu=  -5.780 eV  Charge distance=  0.0318 (partial c.d.=  0.2591)
SCF ITERATION NUMBER  6
     point #   1  energy = -40.000
     point #  20  energy = -28.929
     point #  40  energy =  -8.799
     point #  60  energy =  -5.767
New Fermi level:    mu=  -5.780 eV  Charge distance=  0.0142 (partial c.d.=  0.0459)
SCF ITERATION NUMBER  7
     point #   1  energy = -40.000
     point #  20  energy = -28.929
     point #  40  energy =  -8.799
     point #  60  energy =  -5.792
New Fermi level:    mu=  -5.788 eV  Charge distance=  0.0160 (partial c.d.=  0.0091)
SCF ITERATION NUMBER  8
     point #   1  energy = -40.000
     point #  20  energy = -28.931
     point #  40  energy =  -8.807
     point #  60  energy =  -5.776
New Fermi level:    mu=  -5.784 eV  Charge distance=  0.0032 (partial c.d.=  0.0131)
SCF ITERATION NUMBER  9
     point #   1  energy = -40.000
     point #  20  energy = -28.930
     point #  40  energy =  -8.803
     point #  60  energy =  -5.772
New Fermi level:    mu=  -5.779 eV  Charge distance=  0.0008 (partial c.d.=  0.0075)
SCF ITERATION NUMBER 10
     point #   1  energy = -40.000
     point #  20  energy = -28.928
     point #  40  energy =  -8.798
     point #  60  energy =  -5.766
New Fermi level:    mu=  -5.774 eV  Charge distance=  0.0004 (partial c.d.=  0.0026)
SCF ITERATION NUMBER 11
     point #   1  energy = -40.000
     point #  20  energy = -28.927
     point #  40  energy =  -8.794
     point #  60  energy =  -5.761
New Fermi level:    mu=  -5.772 eV  Charge distance=  0.0001 (partial c.d.=  0.0009)
SCF ITERATION NUMBER 12
     point #   1  energy = -40.000
     point #  20  energy = -28.926
     point #  40  energy =  -8.792
     point #  60  energy =  -5.785
New Fermi level:    mu=  -5.772 eV  Charge distance=  0.0001 (partial c.d.=  0.0001)
Electronic configuration
  type     l     N_el
     0     0    0.520
     0     1    0.674
     0     2    9.560
     0     3    0.000
     1     0    0.738
     1     1    0.929
     1     2   10.318
     1     3    0.000
     2     0    0.530
     2     1    0.671
     2     2    9.561
     2     3    0.000
     3     0    1.390
     3     1    1.908
     3     2   10.721
     3     3    0.000
     4     0    1.882
     4     1    4.357
     4     2    0.077
     4     3    0.000
Charge transfer:  type  charge
       0   -0.247
       1   -0.015
       2   -0.238
       3   -0.981
       4    0.317
Convergence reached in   12 iterations.
Done with module: potentials.

Calculating screened core-hole potential ...
FMS for a cluster of   20 atoms around iph =   0
    0% of energy integration
   20%
   40%
   60%
   80%
  100%
Preparing response function.
Computing (1 - K Chi0)^-1 v_ch
Done with module: screened core-hole potential.

Calculating cross-section and phases ...
    absorption cross section
 x0,dx,rnrm,inrm,jnrm   8.80000000000000       5.000000000000000E-002
   2.49662019899983              195         196
    phase shifts for unique potential    0
    phase shifts for unique potential    1
    phase shifts for unique potential    2
    phase shifts for unique potential    3
    phase shifts for unique potential    4
Done with module: cross-section and phases (XSPH).

FMS calculation of full Green's function ...
FEFF-serial using 1 thread.
Using   194 energy points.
xprep done
FMS for a cluster of  215 atoms
Energy point    1/ 194
Energy point   10/ 194
Energy point   20/ 194
Energy point   30/ 194
Energy point   40/ 194
Energy point   50/ 194
Energy point   60/ 194
Energy point   70/ 194
Energy point   80/ 194
Energy point   90/ 194
Energy point  100/ 194
Energy point  110/ 194
Energy point  120/ 194
Energy point  130/ 194
Energy point  140/ 194
Energy point  150/ 194
Energy point  160/ 194
Energy point  170/ 194
Energy point  180/ 194
Energy point  190/ 194
Done with module: FMS.

MKGTR: Tracing over Green's function ...
Done with module: MKGTR.

Pathfinder: finding scattering paths...
Preparing plane wave scattering amplitudes
Searching for paths
Eliminating path degeneracies
0 paths retained.
Done with module: pathfinder.

Calculating EXAFS parameters ...
Done with module: EXAFS parameters (GENFMT).

Calculating XAS spectra ...
Done with module: XAS spectra (FF2X: DW + final sum over paths).

 
### feff ends at Sun Aug 13 17:37:54 EDT 2023
 
