### feff starts at Sun Aug 13 12:15:08 EDT 2023
### Serial version
### FeffPath is /sdcc/u/mcarbone/software/JFEFF/hsw/feff90/linux
 
Launching FEFF version FEFF 9.9.1
Core hole lifetime is   1.729 eV.
Your calculation:
 comment: None given
 Source:
 Structure Summary:  Na14 Cu2 O9
 Reduced formula:  Na14Cu2O9
 space group: (P-3), space number:  (147)
 abc:  6.657796   6.657796   9.289716
 angles: 90.000000  90.000000 119.999996
 sites: 25
Cu K edge XANES using RPA corehole.
Using:     * Self-Consistent Field potentials
Using cards:   ATOMS CONTROL EXCHANGE TITLE RPATH POTENTIALS XANES EDGE SCF FMS S02 COREHOLE EGRID

Calculating atomic potentials ...
    overlapped atomic potential and density for unique potential    0
    overlapped atomic potential and density for unique potential    1
    overlapped atomic potential and density for unique potential    2
    overlapped atomic potential and density for unique potential    3
Done with module: atomic potentials.

Calculating SCF potentials ...
FEFF-serial using 1 thread.
Muffin tin radii and interstitial parameters [bohr]:
type, norman radius, muffin tin, overlap factor
    0  1.36846E+00  1.28827E+00  1.15000E+00
    1  1.54830E+00  1.49413E+00  1.09242E+00
    2  1.37053E+00  1.28974E+00  1.15000E+00
    3  1.18256E+00  1.12944E+00  1.12326E+00
Core-valence separation energy:  ecv=   -40.000 eV
Initial Fermi level:              mu=    -3.564 eV
SCF ITERATION NUMBER  1
     point #   1  energy = -40.000
FMS for a cluster of  116 atoms around atom type   0
FMS for a cluster of  103 atoms around atom type   1
FMS for a cluster of   74 atoms around atom type   2
FMS for a cluster of  110 atoms around atom type   3
     point #  20  energy = -28.866
     point #  40  energy = -11.544
     point #  60  energy =  -6.622
New Fermi level:    mu=  -5.665 eV  Charge distance=  1.1476 (partial c.d.=  6.4170)
SCF ITERATION NUMBER  1
     point #   1  energy = -40.000
FMS for a cluster of  116 atoms around atom type   0
FMS for a cluster of  103 atoms around atom type   1
FMS for a cluster of   74 atoms around atom type   2
FMS for a cluster of  110 atoms around atom type   3
     point #  20  energy = -28.892
     point #  40  energy =  -8.694
     point #  60  energy =  -5.677
     point #  80  energy =  -7.693
     point # 100  energy = -10.518
     point # 120  energy = -11.099
     point # 140  energy = -11.349
New Fermi level:    mu= -11.452 eV  Charge distance=  0.3816 (partial c.d.=  5.9773)
SCF ITERATION NUMBER  1
     point #   1  energy = -40.000
FMS for a cluster of  116 atoms around atom type   0
FMS for a cluster of  103 atoms around atom type   1
FMS for a cluster of   74 atoms around atom type   2
FMS for a cluster of  110 atoms around atom type   3
     point #  20  energy = -28.785
     point #  40  energy = -11.452
     point #  60  energy = -11.365
New Fermi level:    mu= -11.334 eV  Charge distance=  0.2058 (partial c.d.=  0.2857)
SCF ITERATION NUMBER  2
     point #   1  energy = -40.000
     point #  20  energy = -28.738
     point #  40  energy = -11.334
     point #  60  energy = -11.166
     point #  80  energy =  -9.719
     point # 100  energy = -10.097
New Fermi level:    mu= -10.171 eV  Charge distance=  0.1133 (partial c.d.=  0.5601)
SCF ITERATION NUMBER  3
     point #   1  energy = -40.000
     point #  20  energy = -28.685
     point #  40  energy = -10.171
     point #  60  energy = -10.080
     point #  80  energy =  -9.230
New Fermi level:    mu=  -9.415 eV  Charge distance=  0.1512 (partial c.d.=  0.5726)
SCF ITERATION NUMBER  4
     point #   1  energy = -40.000
     point #  20  energy = -28.785
     point #  40  energy =  -9.415
     point #  60  energy =  -9.324
New Fermi level:    mu=  -9.077 eV  Charge distance=  0.0746 (partial c.d.=  2.3003)
SCF ITERATION NUMBER  5
     point #   1  energy = -40.000
     point #  20  energy = -29.027
     point #  40  energy =  -9.077
     point #  60  energy =  -9.117
     point #  80  energy =  -9.836
New Fermi level:    mu= -10.007 eV  Charge distance=  0.0779 (partial c.d.=  1.8299)
SCF ITERATION NUMBER  6
     point #   1  energy = -40.000
     point #  20  energy = -29.003
     point #  40  energy = -10.007
     point #  60  energy =  -9.917
     point #  80  energy =  -9.357
     point # 100  energy =  -9.610
New Fermi level:    mu=  -9.617 eV  Charge distance=  0.0272 (partial c.d.=  0.3471)
SCF ITERATION NUMBER  7
     point #   1  energy = -40.000
     point #  20  energy = -28.860
     point #  40  energy =  -9.617
     point #  60  energy =  -9.614
New Fermi level:    mu=  -9.816 eV  Charge distance=  0.0098 (partial c.d.=  0.4130)
SCF ITERATION NUMBER  8
     point #   1  energy = -40.000
     point #  20  energy = -28.932
     point #  40  energy =  -9.816
New Fermi level:    mu=  -9.828 eV  Charge distance=  0.0084 (partial c.d.=  0.1851)
SCF ITERATION NUMBER  9
     point #   1  energy = -40.000
     point #  20  energy = -28.937
     point #  40  energy =  -9.828
New Fermi level:    mu=  -9.836 eV  Charge distance=  0.0031 (partial c.d.=  0.1168)
SCF ITERATION NUMBER 10
     point #   1  energy = -40.000
     point #  20  energy = -28.940
     point #  40  energy =  -9.836
New Fermi level:    mu=  -9.846 eV  Charge distance=  0.0050 (partial c.d.=  0.0034)
SCF ITERATION NUMBER 11
     point #   1  energy = -40.000
     point #  20  energy = -28.944
     point #  40  energy =  -9.846
New Fermi level:    mu=  -9.850 eV  Charge distance=  0.0009 (partial c.d.=  0.0371)
SCF ITERATION NUMBER 12
     point #   1  energy = -40.000
     point #  20  energy = -28.945
     point #  40  energy =  -9.850
New Fermi level:    mu=  -9.851 eV  Charge distance=  0.0036 (partial c.d.=  0.0076)
SCF ITERATION NUMBER 13
     point #   1  energy = -40.000
     point #  20  energy = -28.945
     point #  40  energy =  -9.851
New Fermi level:    mu=  -9.852 eV  Charge distance=  0.0000 (partial c.d.=  0.0313)
SCF ITERATION NUMBER 14
     point #   1  energy = -40.000
     point #  20  energy = -28.946
     point #  40  energy =  -9.852
New Fermi level:    mu=  -9.852 eV  Charge distance=  0.0001 (partial c.d.=  0.0005)
SCF ITERATION NUMBER 15
     point #   1  energy = -40.000
     point #  20  energy = -28.946
     point #  40  energy =  -9.852
New Fermi level:    mu=  -9.853 eV  Charge distance=  0.0002 (partial c.d.=  0.0006)
SCF ITERATION NUMBER 16
     point #   1  energy = -40.000
     point #  20  energy = -28.946
     point #  40  energy =  -9.853
New Fermi level:    mu=  -9.853 eV  Charge distance=  0.0001 (partial c.d.=  0.0024)
SCF ITERATION NUMBER 17
     point #   1  energy = -40.000
     point #  20  energy = -28.946
     point #  40  energy =  -9.853
New Fermi level:    mu=  -9.853 eV  Charge distance=  0.0000 (partial c.d.=  0.0009)
SCF ITERATION NUMBER 18
     point #   1  energy = -40.000
     point #  20  energy = -28.946
     point #  40  energy =  -9.853
New Fermi level:    mu=  -9.853 eV  Charge distance=  0.0000 (partial c.d.=  0.0001)
Electronic configuration
  type     l     N_el
     0     0    0.504
     0     1    0.597
     0     2    9.531
     0     3    0.000
     1     0    0.241
     1     1    6.295
     1     2    0.199
     1     3    0.000
     2     0    0.507
     2     1    0.595
     2     2    9.512
     2     3    0.000
     3     0    1.883
     3     1    4.581
     3     2    0.034
     3     3    0.000
Charge transfer:  type  charge
       0   -0.368
       1   -0.265
       2   -0.387
       3    0.498
Convergence reached in   18 iterations.
Done with module: potentials.

Calculating screened core-hole potential ...
FMS for a cluster of   20 atoms around iph =   0
    0% of energy integration
   20%
   40%
   60%
   80%
  100%
Preparing response function.
Computing (1 - K Chi0)^-1 v_ch
Done with module: screened core-hole potential.

Calculating cross-section and phases ...
    absorption cross section
 x0,dx,rnrm,inrm,jnrm   8.80000000000000       5.000000000000000E-002
   2.58602330600010              196         197
    phase shifts for unique potential    0
    phase shifts for unique potential    1
    phase shifts for unique potential    2
    phase shifts for unique potential    3
Done with module: cross-section and phases (XSPH).

FMS calculation of full Green's function ...
FEFF-serial using 1 thread.
Using   194 energy points.
xprep done
FMS for a cluster of  216 atoms
Energy point    1/ 194
Energy point   10/ 194
Energy point   20/ 194
Energy point   30/ 194
Energy point   40/ 194
Energy point   50/ 194
Energy point   60/ 194
Energy point   70/ 194
Energy point   80/ 194
Energy point   90/ 194
Energy point  100/ 194
Energy point  110/ 194
Energy point  120/ 194
Energy point  130/ 194
Energy point  140/ 194
Energy point  150/ 194
Energy point  160/ 194
Energy point  170/ 194
Energy point  180/ 194
Energy point  190/ 194
Done with module: FMS.

MKGTR: Tracing over Green's function ...
Done with module: MKGTR.

Pathfinder: finding scattering paths...
Preparing plane wave scattering amplitudes
Searching for paths
Eliminating path degeneracies
0 paths retained.
Done with module: pathfinder.

Calculating EXAFS parameters ...
Done with module: EXAFS parameters (GENFMT).

Calculating XAS spectra ...
Done with module: XAS spectra (FF2X: DW + final sum over paths).

 
### feff ends at Sun Aug 13 13:42:13 EDT 2023
 
