### feff starts at Mon Aug 14 01:36:35 EDT 2023
### Serial version
### FeffPath is /sdcc/u/mcarbone/software/JFEFF/hsw/feff90/linux
 
Launching FEFF version FEFF 9.9.1
Core hole lifetime is   1.729 eV.
Your calculation:
 comment: None given
 Source:
 Structure Summary:  Na2 Cu2 O4
 Reduced formula:  NaCuO2
 space group: (Cmcm), space number:  (63)
 abc:  5.779398   5.779398   5.420519
 angles: 90.000000  90.000000 142.451975
 sites: 8
Cu K edge XANES using RPA corehole.
Using:     * Self-Consistent Field potentials
Using cards:   ATOMS CONTROL EXCHANGE TITLE RPATH POTENTIALS XANES EDGE SCF FMS S02 COREHOLE EGRID

Calculating atomic potentials ...
    overlapped atomic potential and density for unique potential    0
    overlapped atomic potential and density for unique potential    1
    overlapped atomic potential and density for unique potential    2
    overlapped atomic potential and density for unique potential    3
Done with module: atomic potentials.

Calculating SCF potentials ...
FEFF-serial using 1 thread.
Muffin tin radii and interstitial parameters [bohr]:
type, norman radius, muffin tin, overlap factor
    0  1.25602E+00  1.12179E+00  1.15000E+00
    1  1.59853E+00  1.54772E+00  1.08295E+00
    2  1.25602E+00  1.12179E+00  1.15000E+00
    3  1.12136E+00  1.04706E+00  1.15000E+00
Core-valence separation energy:  ecv=   -40.000 eV
Initial Fermi level:              mu=     1.113 eV
SCF ITERATION NUMBER  1
     point #   1  energy = -40.000
FMS for a cluster of   98 atoms around atom type   0
FMS for a cluster of  100 atoms around atom type   1
FMS for a cluster of   96 atoms around atom type   2
FMS for a cluster of  101 atoms around atom type   3
     point #  20  energy = -28.940
     point #  40  energy =  -8.690
     point #  60  energy =  -3.578
     point #  80  energy =  -3.562
New Fermi level:    mu=  -3.575 eV  Charge distance=  0.5375 (partial c.d.=  7.1580)
SCF ITERATION NUMBER  1
     point #   1  energy = -40.000
FMS for a cluster of   98 atoms around atom type   0
FMS for a cluster of  100 atoms around atom type   1
FMS for a cluster of   96 atoms around atom type   2
FMS for a cluster of  101 atoms around atom type   3
     point #  20  energy = -28.870
     point #  40  energy =  -8.634
     point #  60  energy =  -3.575
     point #  80  energy =  -5.153
     point # 100  energy =  -8.481
New Fermi level:    mu=  -8.581 eV  Charge distance=  0.1170 (partial c.d.=  2.6199)
SCF ITERATION NUMBER  1
     point #   1  energy = -40.000
FMS for a cluster of   98 atoms around atom type   0
FMS for a cluster of  100 atoms around atom type   1
FMS for a cluster of   96 atoms around atom type   2
FMS for a cluster of  101 atoms around atom type   3
     point #  20  energy = -28.851
     point #  40  energy =  -8.581
     point #  60  energy =  -8.541
     point #  80  energy =  -7.400
New Fermi level:    mu=  -7.379 eV  Charge distance=  0.0533 (partial c.d.=  0.6475)
SCF ITERATION NUMBER  2
     point #   1  energy = -40.000
     point #  20  energy = -28.786
     point #  40  energy =  -8.398
     point #  60  energy =  -7.419
New Fermi level:    mu=  -7.544 eV  Charge distance=  0.1040 (partial c.d.=  0.2319)
SCF ITERATION NUMBER  3
     point #   1  energy = -40.000
     point #  20  energy = -28.843
     point #  40  energy =  -8.558
     point #  60  energy =  -7.506
New Fermi level:    mu=  -7.512 eV  Charge distance=  0.1868 (partial c.d.=  1.0566)
SCF ITERATION NUMBER  4
     point #   1  energy = -40.000
     point #  20  energy = -28.832
     point #  40  energy =  -8.527
     point #  60  energy =  -7.549
New Fermi level:    mu=  -7.662 eV  Charge distance=  0.0785 (partial c.d.=  1.5769)
SCF ITERATION NUMBER  5
     point #   1  energy = -40.000
     point #  20  energy = -28.884
     point #  40  energy =  -8.672
New Fermi level:    mu=  -7.647 eV  Charge distance=  0.0234 (partial c.d.=  0.7626)
SCF ITERATION NUMBER  6
     point #   1  energy = -40.000
     point #  20  energy = -28.879
     point #  40  energy =  -8.658
     point #  60  energy =  -7.609
New Fermi level:    mu=  -7.568 eV  Charge distance=  0.0120 (partial c.d.=  0.3617)
SCF ITERATION NUMBER  7
     point #   1  energy = -40.000
     point #  20  energy = -28.852
     point #  40  energy =  -8.582
New Fermi level:    mu=  -7.561 eV  Charge distance=  0.0080 (partial c.d.=  0.1537)
SCF ITERATION NUMBER  8
     point #   1  energy = -40.000
     point #  20  energy = -28.849
     point #  40  energy =  -8.574
New Fermi level:    mu=  -7.563 eV  Charge distance=  0.0024 (partial c.d.=  0.0632)
SCF ITERATION NUMBER  9
     point #   1  energy = -40.000
     point #  20  energy = -28.850
     point #  40  energy =  -8.577
New Fermi level:    mu=  -7.570 eV  Charge distance=  0.0061 (partial c.d.=  0.0050)
SCF ITERATION NUMBER 10
     point #   1  energy = -40.000
     point #  20  energy = -28.852
     point #  40  energy =  -8.583
New Fermi level:    mu=  -7.564 eV  Charge distance=  0.0022 (partial c.d.=  0.0195)
SCF ITERATION NUMBER 11
     point #   1  energy = -40.000
     point #  20  energy = -28.850
     point #  40  energy =  -8.577
New Fermi level:    mu=  -7.562 eV  Charge distance=  0.0010 (partial c.d.=  0.0134)
SCF ITERATION NUMBER 12
     point #   1  energy = -40.000
     point #  20  energy = -28.849
     point #  40  energy =  -8.575
New Fermi level:    mu=  -7.560 eV  Charge distance=  0.0001 (partial c.d.=  0.0081)
SCF ITERATION NUMBER 13
     point #   1  energy = -40.000
     point #  20  energy = -28.849
     point #  40  energy =  -8.573
New Fermi level:    mu=  -7.558 eV  Charge distance=  0.0001 (partial c.d.=  0.0006)
SCF ITERATION NUMBER 14
     point #   1  energy = -40.000
     point #  20  energy = -28.848
     point #  40  energy =  -8.572
New Fermi level:    mu=  -7.557 eV  Charge distance=  0.0001 (partial c.d.=  0.0005)
SCF ITERATION NUMBER 15
     point #   1  energy = -40.000
     point #  20  energy = -28.848
     point #  40  energy =  -8.571
New Fermi level:    mu=  -7.557 eV  Charge distance=  0.0002 (partial c.d.=  0.0004)
SCF ITERATION NUMBER 16
     point #   1  energy = -40.000
     point #  20  energy = -28.848
     point #  40  energy =  -8.571
New Fermi level:    mu=  -7.557 eV  Charge distance=  0.0000 (partial c.d.=  0.0008)
SCF ITERATION NUMBER 17
     point #   1  energy = -40.000
     point #  20  energy = -28.848
     point #  40  energy =  -8.571
New Fermi level:    mu=  -7.557 eV  Charge distance=  0.0000 (partial c.d.=  0.0001)
Electronic configuration
  type     l     N_el
     0     0    0.543
     0     1    0.669
     0     2    9.258
     0     3    0.000
     1     0    0.261
     1     1    6.349
     1     2    0.256
     1     3    0.000
     2     0    0.543
     2     1    0.670
     2     2    9.253
     2     3    0.000
     3     0    1.870
     3     1    4.392
     3     2    0.072
     3     3    0.000
Charge transfer:  type  charge
       0   -0.530
       1   -0.134
       2   -0.534
       3    0.335
Convergence reached in   17 iterations.
Done with module: potentials.

Calculating screened core-hole potential ...
FMS for a cluster of   16 atoms around iph =   0
    0% of energy integration
   20%
   40%
   60%
   80%
  100%
Preparing response function.
Computing (1 - K Chi0)^-1 v_ch
Done with module: screened core-hole potential.

Calculating cross-section and phases ...
    absorption cross section
 x0,dx,rnrm,inrm,jnrm   8.80000000000000       5.000000000000000E-002
   2.37352829799984              194         195
    phase shifts for unique potential    0
    phase shifts for unique potential    1
    phase shifts for unique potential    2
    phase shifts for unique potential    3
Done with module: cross-section and phases (XSPH).

FMS calculation of full Green's function ...
FEFF-serial using 1 thread.
Using   194 energy points.
xprep done
FMS for a cluster of  233 atoms
Energy point    1/ 194
Energy point   10/ 194
Energy point   20/ 194
Energy point   30/ 194
Energy point   40/ 194
Energy point   50/ 194
Energy point   60/ 194
Energy point   70/ 194
Energy point   80/ 194
Energy point   90/ 194
Energy point  100/ 194
Energy point  110/ 194
Energy point  120/ 194
Energy point  130/ 194
Energy point  140/ 194
Energy point  150/ 194
Energy point  160/ 194
Energy point  170/ 194
Energy point  180/ 194
Energy point  190/ 194
Done with module: FMS.

MKGTR: Tracing over Green's function ...
Done with module: MKGTR.

Pathfinder: finding scattering paths...
Preparing plane wave scattering amplitudes
Searching for paths
Eliminating path degeneracies
0 paths retained.
Done with module: pathfinder.

Calculating EXAFS parameters ...
Done with module: EXAFS parameters (GENFMT).

Calculating XAS spectra ...
Done with module: XAS spectra (FF2X: DW + final sum over paths).

 
### feff ends at Mon Aug 14 02:54:40 EDT 2023
 
