### feff starts at Sun Aug 13 16:32:06 EDT 2023
### Serial version
### FeffPath is /sdcc/u/mcarbone/software/JFEFF/hsw/feff90/linux
 
Launching FEFF version FEFF 9.9.1
Core hole lifetime is   1.729 eV.
Your calculation:
 comment: None given
 Source:
 Structure Summary:  Mg6 Cu6 Sb12 O42
 Reduced formula:  MgCuSb2O7
 space group: (P2/c), space number:  (13)
 abc:  8.806710   9.394834  11.140235
 angles: 78.804154  90.000000  90.000000
 sites: 66
Cu K edge XANES using RPA corehole.
Using:     * Self-Consistent Field potentials
Using cards:   ATOMS CONTROL EXCHANGE TITLE RPATH POTENTIALS XANES EDGE SCF FMS S02 COREHOLE EGRID

Calculating atomic potentials ...
    overlapped atomic potential and density for unique potential    0
    overlapped atomic potential and density for unique potential    1
    overlapped atomic potential and density for unique potential    2
    overlapped atomic potential and density for unique potential    3
    overlapped atomic potential and density for unique potential    4
Done with module: atomic potentials.

Calculating SCF potentials ...
FEFF-serial using 1 thread.
Muffin tin radii and interstitial parameters [bohr]:
type, norman radius, muffin tin, overlap factor
    0  1.34206E+00  1.24776E+00  1.15000E+00
    1  1.44409E+00  1.33783E+00  1.15000E+00
    2  1.34207E+00  1.24776E+00  1.15000E+00
    3  1.45760E+00  1.27733E+00  1.15000E+00
    4  1.08849E+00  9.74539E-01  1.15000E+00
Core-valence separation energy:  ecv=   -40.000 eV
Initial Fermi level:              mu=     2.948 eV
SCF ITERATION NUMBER  1
     point #   1  energy = -40.000
FMS for a cluster of  101 atoms around atom type   0
FMS for a cluster of   90 atoms around atom type   1
FMS for a cluster of   85 atoms around atom type   2
FMS for a cluster of   95 atoms around atom type   3
FMS for a cluster of  102 atoms around atom type   4
     point #  20  energy = -28.782
     point #  40  energy =  -8.532
     point #  60  energy =  -4.845
     point #  80  energy =  -4.388
New Fermi level:    mu=  -4.382 eV  Charge distance=  1.1376 (partial c.d.= 10.7809)
SCF ITERATION NUMBER  1
     point #   1  energy = -40.000
FMS for a cluster of  101 atoms around atom type   0
FMS for a cluster of   90 atoms around atom type   1
FMS for a cluster of   85 atoms around atom type   2
FMS for a cluster of   95 atoms around atom type   3
FMS for a cluster of  102 atoms around atom type   4
     point #  20  energy = -28.806
     point #  40  energy =  -8.453
     point #  60  energy =  -4.382
     point #  80  energy =  -6.417
     point # 100  energy =  -6.501
     point # 120  energy =  -6.185
New Fermi level:    mu=  -6.184 eV  Charge distance=  0.3955 (partial c.d.=  6.0985)
SCF ITERATION NUMBER  1
     point #   1  energy = -40.000
FMS for a cluster of  101 atoms around atom type   0
FMS for a cluster of   90 atoms around atom type   1
FMS for a cluster of   85 atoms around atom type   2
FMS for a cluster of   95 atoms around atom type   3
FMS for a cluster of  102 atoms around atom type   4
     point #  20  energy = -28.728
     point #  40  energy =  -8.233
     point #  60  energy =  -6.209
New Fermi level:    mu=  -6.260 eV  Charge distance=  0.2161 (partial c.d.=  0.1900)
SCF ITERATION NUMBER  2
     point #   1  energy = -40.000
     point #  20  energy = -28.753
     point #  40  energy =  -8.305
     point #  60  energy =  -6.235
New Fermi level:    mu=  -6.172 eV  Charge distance=  0.3338 (partial c.d.=  0.3347)
SCF ITERATION NUMBER  3
     point #   1  energy = -40.000
     point #  20  energy = -28.724
     point #  40  energy =  -8.222
     point #  60  energy =  -6.160
New Fermi level:    mu=  -5.836 eV  Charge distance=  0.1858 (partial c.d.=  0.9888)
SCF ITERATION NUMBER  4
     point #   1  energy = -40.000
     point #  20  energy = -28.947
     point #  40  energy =  -8.850
     point #  60  energy =  -5.848
     point #  80  energy =  -6.364
New Fermi level:    mu=  -6.237 eV  Charge distance=  0.0990 (partial c.d.=  1.1806)
SCF ITERATION NUMBER  5
     point #   1  energy = -40.000
     point #  20  energy = -28.746
     point #  40  energy =  -8.283
     point #  60  energy =  -6.262
New Fermi level:    mu=  -6.264 eV  Charge distance=  0.0860 (partial c.d.=  0.1141)
SCF ITERATION NUMBER  6
     point #   1  energy = -40.000
     point #  20  energy = -28.755
     point #  40  energy =  -8.309
     point #  60  energy =  -6.239
New Fermi level:    mu=  -6.240 eV  Charge distance=  0.0142 (partial c.d.=  0.2695)
SCF ITERATION NUMBER  7
     point #   1  energy = -40.000
     point #  20  energy = -28.747
     point #  40  energy =  -8.286
New Fermi level:    mu=  -6.248 eV  Charge distance=  0.0109 (partial c.d.=  0.0109)
SCF ITERATION NUMBER  8
     point #   1  energy = -40.000
     point #  20  energy = -28.749
     point #  40  energy =  -8.293
New Fermi level:    mu=  -6.247 eV  Charge distance=  0.0085 (partial c.d.=  0.0048)
SCF ITERATION NUMBER  9
     point #   1  energy = -40.000
     point #  20  energy = -28.749
     point #  40  energy =  -8.292
New Fermi level:    mu=  -6.240 eV  Charge distance=  0.0019 (partial c.d.=  0.0024)
SCF ITERATION NUMBER 10
     point #   1  energy = -40.000
     point #  20  energy = -28.747
     point #  40  energy =  -8.286
New Fermi level:    mu=  -6.235 eV  Charge distance=  0.0014 (partial c.d.=  0.0015)
SCF ITERATION NUMBER 11
     point #   1  energy = -40.000
     point #  20  energy = -28.745
     point #  40  energy =  -8.281
New Fermi level:    mu=  -6.232 eV  Charge distance=  0.0002 (partial c.d.=  0.0007)
SCF ITERATION NUMBER 12
     point #   1  energy = -40.000
     point #  20  energy = -28.744
     point #  40  energy =  -8.279
New Fermi level:    mu=  -6.233 eV  Charge distance=  0.0001 (partial c.d.=  0.0001)
Electronic configuration
  type     l     N_el
     0     0    0.494
     0     1    0.636
     0     2    9.576
     0     3    0.000
     1     0    0.506
     1     1    0.835
     1     2    0.596
     1     3    0.000
     2     0    0.495
     2     1    0.635
     2     2    9.577
     2     3    0.000
     3     0    1.363
     3     1    1.852
     3     2   10.754
     3     3    0.000
     4     0    1.873
     4     1    4.399
     4     2    0.073
     4     3    0.000
Charge transfer:  type  charge
       0   -0.294
       1   -0.062
       2   -0.294
       3   -1.030
       4    0.345
Convergence reached in   12 iterations.
Done with module: potentials.

Calculating screened core-hole potential ...
FMS for a cluster of   20 atoms around iph =   0
    0% of energy integration
   20%
   40%
   60%
   80%
  100%
Preparing response function.
Computing (1 - K Chi0)^-1 v_ch
Done with module: screened core-hole potential.

Calculating cross-section and phases ...
    absorption cross section
 x0,dx,rnrm,inrm,jnrm   8.80000000000000       5.000000000000000E-002
   2.53613106200019              195         196
    phase shifts for unique potential    0
    phase shifts for unique potential    1
    phase shifts for unique potential    2
    phase shifts for unique potential    3
    phase shifts for unique potential    4
Done with module: cross-section and phases (XSPH).

FMS calculation of full Green's function ...
FEFF-serial using 1 thread.
Using   194 energy points.
xprep done
FMS for a cluster of  218 atoms
Energy point    1/ 194
Energy point   10/ 194
Energy point   20/ 194
Energy point   30/ 194
Energy point   40/ 194
Energy point   50/ 194
Energy point   60/ 194
Energy point   70/ 194
Energy point   80/ 194
Energy point   90/ 194
Energy point  100/ 194
Energy point  110/ 194
Energy point  120/ 194
Energy point  130/ 194
Energy point  140/ 194
Energy point  150/ 194
Energy point  160/ 194
Energy point  170/ 194
Energy point  180/ 194
Energy point  190/ 194
Done with module: FMS.

MKGTR: Tracing over Green's function ...
Done with module: MKGTR.

Pathfinder: finding scattering paths...
Preparing plane wave scattering amplitudes
Searching for paths
Eliminating path degeneracies
0 paths retained.
Done with module: pathfinder.

Calculating EXAFS parameters ...
Done with module: EXAFS parameters (GENFMT).

Calculating XAS spectra ...
Done with module: XAS spectra (FF2X: DW + final sum over paths).

 
### feff ends at Sun Aug 13 17:43:35 EDT 2023
 
