### feff starts at Sun Aug 13 15:35:32 EDT 2023
### Serial version
### FeffPath is /sdcc/u/mcarbone/software/JFEFF/hsw/feff90/linux
 
Launching FEFF version FEFF 9.9.1
Resetting lmaxsc to 2 for iph =    1.  Use  UNFREEZE to prevent this.
Core hole lifetime is   1.729 eV.
Your calculation:
 comment: None given
 Source:
 Structure Summary:  Tl8 Cu16 P16 O56
 Reduced formula:  TlCu2P2O7
 space group: (Pbca), space number:  (61)
 abc:  8.987747   9.390464  16.706232
 angles: 90.000000  90.000000  90.000000
 sites: 96
Cu K edge XANES using RPA corehole.
Using:     * Self-Consistent Field potentials
Using cards:   ATOMS CONTROL EXCHANGE TITLE RPATH POTENTIALS XANES EDGE SCF FMS S02 COREHOLE EGRID

Calculating atomic potentials ...
    overlapped atomic potential and density for unique potential    0
    overlapped atomic potential and density for unique potential    1
    overlapped atomic potential and density for unique potential    2
    overlapped atomic potential and density for unique potential    3
    overlapped atomic potential and density for unique potential    4
Done with module: atomic potentials.

Calculating SCF potentials ...
FEFF-serial using 1 thread.
Muffin tin radii and interstitial parameters [bohr]:
type, norman radius, muffin tin, overlap factor
    0  1.35833E+00  1.28725E+00  1.14788E+00
    1  2.00005E+00  1.95626E+00  1.05511E+00
    2  1.36267E+00  1.21159E+00  1.15000E+00
    3  1.15730E+00  9.39782E-01  1.15000E+00
    4  1.04674E+00  9.14716E-01  1.15000E+00
Core-valence separation energy:  ecv=   -40.000 eV
Initial Fermi level:              mu=     5.297 eV
SCF ITERATION NUMBER  1
     point #   1  energy = -40.000
FMS for a cluster of   90 atoms around atom type   0
FMS for a cluster of   88 atoms around atom type   1
FMS for a cluster of   91 atoms around atom type   2
FMS for a cluster of   94 atoms around atom type   3
FMS for a cluster of   90 atoms around atom type   4
     point #  20  energy = -28.910
     point #  40  energy =  -8.660
     point #  60  energy =  -3.547
     point #  80  energy =  -3.400
New Fermi level:    mu=  -3.406 eV  Charge distance=  0.7541 (partial c.d.= 10.3815)
SCF ITERATION NUMBER  1
     point #   1  energy = -40.000
FMS for a cluster of   90 atoms around atom type   0
FMS for a cluster of   88 atoms around atom type   1
FMS for a cluster of   91 atoms around atom type   2
FMS for a cluster of   94 atoms around atom type   3
FMS for a cluster of   90 atoms around atom type   4
     point #  20  energy = -28.818
     point #  40  energy =  -8.488
     point #  60  energy =  -3.406
     point #  80  energy =  -5.231
     point # 100  energy =  -7.337
New Fermi level:    mu=  -7.120 eV  Charge distance=  0.2402 (partial c.d.=  4.1835)
SCF ITERATION NUMBER  1
     point #   1  energy = -40.000
FMS for a cluster of   90 atoms around atom type   0
FMS for a cluster of   88 atoms around atom type   1
FMS for a cluster of   91 atoms around atom type   2
FMS for a cluster of   94 atoms around atom type   3
FMS for a cluster of   90 atoms around atom type   4
     point #  20  energy = -28.698
     point #  40  energy =  -8.148
     point #  60  energy =  -7.080
New Fermi level:    mu=  -6.539 eV  Charge distance=  0.1191 (partial c.d.=  0.4657)
SCF ITERATION NUMBER  2
     point #   1  energy = -40.000
     point #  20  energy = -28.846
     point #  40  energy =  -8.567
     point #  60  energy =  -6.527
New Fermi level:    mu=  -6.295 eV  Charge distance=  0.1613 (partial c.d.=  0.3468)
SCF ITERATION NUMBER  3
     point #   1  energy = -40.000
     point #  20  energy = -28.765
     point #  40  energy =  -8.338
     point #  60  energy =  -6.308
New Fermi level:    mu=  -6.502 eV  Charge distance=  0.2027 (partial c.d.=  0.1073)
SCF ITERATION NUMBER  4
     point #   1  energy = -40.000
     point #  20  energy = -28.834
     point #  40  energy =  -8.532
     point #  60  energy =  -6.477
New Fermi level:    mu=  -6.455 eV  Charge distance=  0.0326 (partial c.d.=  0.1233)
SCF ITERATION NUMBER  5
     point #   1  energy = -40.000
     point #  20  energy = -28.818
     point #  40  energy =  -8.488
     point #  60  energy =  -6.480
New Fermi level:    mu=  -6.545 eV  Charge distance=  0.0113 (partial c.d.=  0.1164)
SCF ITERATION NUMBER  6
     point #   1  energy = -40.000
     point #  20  energy = -28.848
     point #  40  energy =  -8.573
New Fermi level:    mu=  -6.534 eV  Charge distance=  0.0049 (partial c.d.=  0.0586)
SCF ITERATION NUMBER  7
     point #   1  energy = -40.000
     point #  20  energy = -28.845
     point #  40  energy =  -8.562
New Fermi level:    mu=  -6.535 eV  Charge distance=  0.0104 (partial c.d.=  0.0275)
SCF ITERATION NUMBER  8
     point #   1  energy = -40.000
     point #  20  energy = -28.845
     point #  40  energy =  -8.563
New Fermi level:    mu=  -6.525 eV  Charge distance=  0.0071 (partial c.d.=  0.0184)
SCF ITERATION NUMBER  9
     point #   1  energy = -40.000
     point #  20  energy = -28.842
     point #  40  energy =  -8.553
New Fermi level:    mu=  -6.514 eV  Charge distance=  0.0003 (partial c.d.=  0.0056)
SCF ITERATION NUMBER 10
     point #   1  energy = -40.000
     point #  20  energy = -28.838
     point #  40  energy =  -8.543
New Fermi level:    mu=  -6.512 eV  Charge distance=  0.0001 (partial c.d.=  0.0007)
SCF ITERATION NUMBER 11
     point #   1  energy = -40.000
     point #  20  energy = -28.837
     point #  40  energy =  -8.541
New Fermi level:    mu=  -6.511 eV  Charge distance=  0.0001 (partial c.d.=  0.0004)
SCF ITERATION NUMBER 12
     point #   1  energy = -40.000
     point #  20  energy = -28.837
     point #  40  energy =  -8.540
New Fermi level:    mu=  -6.510 eV  Charge distance=  0.0001 (partial c.d.=  0.0001)
Electronic configuration
  type     l     N_el
     0     0    0.492
     0     1    0.599
     0     2    9.590
     0     3    0.000
     1     0    1.750
     1     1    0.985
     1     2   10.137
     1     3    0.000
     2     0    0.615
     2     1    0.692
     2     2    9.478
     2     3    0.000
     3     0    1.195
     3     1    2.046
     3     2    1.021
     3     3    0.000
     4     0    1.830
     4     1    4.386
     4     2    0.074
     4     3    0.000
Charge transfer:  type  charge
       0   -0.318
       1   -0.128
       2   -0.215
       3   -0.737
       4    0.290
Convergence reached in   12 iterations.
Done with module: potentials.

Calculating screened core-hole potential ...
FMS for a cluster of   21 atoms around iph =   0
    0% of energy integration
   20%
   40%
   60%
   80%
  100%
Preparing response function.
Computing (1 - K Chi0)^-1 v_ch
Done with module: screened core-hole potential.

Calculating cross-section and phases ...
    absorption cross section
 x0,dx,rnrm,inrm,jnrm   8.80000000000000       5.000000000000000E-002
   2.56686775899990              195         196
    phase shifts for unique potential    0
    phase shifts for unique potential    1
    phase shifts for unique potential    2
    phase shifts for unique potential    3
    phase shifts for unique potential    4
Done with module: cross-section and phases (XSPH).

FMS calculation of full Green's function ...
FEFF-serial using 1 thread.
Using   194 energy points.
xprep done
FMS for a cluster of  212 atoms
Energy point    1/ 194
Energy point   10/ 194
Energy point   20/ 194
Energy point   30/ 194
Energy point   40/ 194
Energy point   50/ 194
Energy point   60/ 194
Energy point   70/ 194
Energy point   80/ 194
Energy point   90/ 194
Energy point  100/ 194
Energy point  110/ 194
Energy point  120/ 194
Energy point  130/ 194
Energy point  140/ 194
Energy point  150/ 194
Energy point  160/ 194
Energy point  170/ 194
Energy point  180/ 194
Energy point  190/ 194
Done with module: FMS.

MKGTR: Tracing over Green's function ...
Done with module: MKGTR.

Pathfinder: finding scattering paths...
Preparing plane wave scattering amplitudes
Searching for paths
Eliminating path degeneracies
0 paths retained.
Done with module: pathfinder.

Calculating EXAFS parameters ...
Done with module: EXAFS parameters (GENFMT).

Calculating XAS spectra ...
Done with module: XAS spectra (FF2X: DW + final sum over paths).

 
### feff ends at Sun Aug 13 16:42:07 EDT 2023
 
