### feff starts at Sun Aug 13 16:15:33 EDT 2023
### Serial version
### FeffPath is /sdcc/u/mcarbone/software/JFEFF/hsw/feff90/linux
 
Launching FEFF version FEFF 9.9.1
Core hole lifetime is   1.729 eV.
Your calculation:
 comment: None given
 Source:
 Structure Summary:  Li2 Cu2 P2 O8
 Reduced formula:  LiCuPO4
 space group: (Cmcm), space number:  (63)
 abc:  5.066353   5.066353   6.107403
 angles: 90.000000  90.000000 112.624407
 sites: 14
Cu K edge XANES using RPA corehole.
Using:     * Self-Consistent Field potentials
Using cards:   ATOMS CONTROL EXCHANGE TITLE RPATH POTENTIALS XANES EDGE SCF FMS S02 COREHOLE EGRID

Calculating atomic potentials ...
    overlapped atomic potential and density for unique potential    0
    overlapped atomic potential and density for unique potential    1
    overlapped atomic potential and density for unique potential    2
    overlapped atomic potential and density for unique potential    3
    overlapped atomic potential and density for unique potential    4
Done with module: atomic potentials.

Calculating SCF potentials ...
FEFF-serial using 1 thread.
Muffin tin radii and interstitial parameters [bohr]:
type, norman radius, muffin tin, overlap factor
    0  1.34131E+00  1.24799E+00  1.15000E+00
    1  1.39433E+00  1.35008E+00  1.08281E+00
    2  1.34135E+00  1.24802E+00  1.15000E+00
    3  1.15320E+00  9.41678E-01  1.15000E+00
    4  1.03700E+00  9.04940E-01  1.15000E+00
Core-valence separation energy:  ecv=   -40.000 eV
Initial Fermi level:              mu=     5.442 eV
SCF ITERATION NUMBER  1
     point #   1  energy = -40.000
FMS for a cluster of  145 atoms around atom type   0
FMS for a cluster of  139 atoms around atom type   1
FMS for a cluster of  119 atoms around atom type   2
FMS for a cluster of  139 atoms around atom type   3
FMS for a cluster of  144 atoms around atom type   4
     point #  20  energy = -28.884
     point #  40  energy =  -8.634
     point #  60  energy =  -3.871
New Fermi level:    mu=  -3.436 eV  Charge distance=  0.4811 (partial c.d.=  7.2055)
SCF ITERATION NUMBER  1
     point #   1  energy = -40.000
FMS for a cluster of  145 atoms around atom type   0
FMS for a cluster of  139 atoms around atom type   1
FMS for a cluster of  119 atoms around atom type   2
FMS for a cluster of  139 atoms around atom type   3
FMS for a cluster of  144 atoms around atom type   4
     point #  20  energy = -28.828
     point #  40  energy =  -8.514
     point #  60  energy =  -3.436
     point #  80  energy =  -5.336
     point # 100  energy =  -7.342
     point # 120  energy =  -6.511
     point # 140  energy =  -6.211
New Fermi level:    mu=  -6.057 eV  Charge distance=  0.1450 (partial c.d.=  2.8444)
SCF ITERATION NUMBER  1
     point #   1  energy = -40.000
FMS for a cluster of  145 atoms around atom type   0
FMS for a cluster of  139 atoms around atom type   1
FMS for a cluster of  119 atoms around atom type   2
FMS for a cluster of  139 atoms around atom type   3
FMS for a cluster of  144 atoms around atom type   4
     point #  20  energy = -29.018
     point #  40  energy =  -9.052
     point #  60  energy =  -6.045
     point #  80  energy =  -5.510
New Fermi level:    mu=  -5.291 eV  Charge distance=  0.1029 (partial c.d.=  0.3274)
SCF ITERATION NUMBER  2
     point #   1  energy = -40.000
     point #  20  energy = -28.771
     point #  40  energy =  -8.354
     point #  60  energy =  -5.279
     point #  80  energy =  -5.023
New Fermi level:    mu=  -4.977 eV  Charge distance=  0.2505 (partial c.d.=  0.1355)
SCF ITERATION NUMBER  3
     point #   1  energy = -40.000
     point #  20  energy = -28.993
     point #  40  energy =  -8.980
     point #  60  energy =  -4.977
New Fermi level:    mu=  -4.898 eV  Charge distance=  0.0777 (partial c.d.=  0.0587)
SCF ITERATION NUMBER  4
     point #   1  energy = -40.000
     point #  20  energy = -28.968
     point #  40  energy =  -8.910
     point #  60  energy =  -4.898
New Fermi level:    mu=  -4.913 eV  Charge distance=  0.0180 (partial c.d.=  0.0292)
SCF ITERATION NUMBER  5
     point #   1  energy = -40.000
     point #  20  energy = -28.973
     point #  40  energy =  -8.923
     point #  60  energy =  -4.913
New Fermi level:    mu=  -4.971 eV  Charge distance=  0.0097 (partial c.d.=  0.0117)
SCF ITERATION NUMBER  6
     point #   1  energy = -40.000
     point #  20  energy = -28.991
     point #  40  energy =  -8.975
     point #  60  energy =  -4.971
New Fermi level:    mu=  -5.001 eV  Charge distance=  0.0048 (partial c.d.=  0.0077)
SCF ITERATION NUMBER  7
     point #   1  energy = -40.000
     point #  20  energy = -29.000
     point #  40  energy =  -9.001
     point #  60  energy =  -5.001
New Fermi level:    mu=  -5.002 eV  Charge distance=  0.0062 (partial c.d.=  0.0020)
SCF ITERATION NUMBER  8
     point #   1  energy = -40.000
     point #  20  energy = -29.001
     point #  40  energy =  -9.002
     point #  60  energy =  -5.002
New Fermi level:    mu=  -4.994 eV  Charge distance=  0.0027 (partial c.d.=  0.0015)
SCF ITERATION NUMBER  9
     point #   1  energy = -40.000
     point #  20  energy = -28.998
     point #  40  energy =  -8.995
     point #  60  energy =  -4.994
New Fermi level:    mu=  -4.991 eV  Charge distance=  0.0001 (partial c.d.=  0.0007)
SCF ITERATION NUMBER 10
     point #   1  energy = -40.000
     point #  20  energy = -28.997
     point #  40  energy =  -8.992
     point #  60  energy =  -4.991
New Fermi level:    mu=  -4.992 eV  Charge distance=  0.0001 (partial c.d.=  0.0000)
Electronic configuration
  type     l     N_el
     0     0    0.565
     0     1    0.603
     0     2    9.579
     0     3    0.000
     1     0    0.256
     1     1    0.512
     1     2    0.000
     1     3    0.000
     2     0    0.566
     2     1    0.602
     2     2    9.581
     2     3    0.000
     3     0    1.191
     3     1    2.044
     3     2    1.040
     3     3    0.000
     4     0    1.830
     4     1    4.397
     4     2    0.076
     4     3    0.000
Charge transfer:  type  charge
       0   -0.253
       1   -0.231
       2   -0.251
       3   -0.726
       4    0.302
Convergence reached in   10 iterations.
Done with module: potentials.

Calculating screened core-hole potential ...
FMS for a cluster of   28 atoms around iph =   0
    0% of energy integration
   20%
   40%
   60%
   80%
  100%
Preparing response function.
Computing (1 - K Chi0)^-1 v_ch
Done with module: screened core-hole potential.

Calculating cross-section and phases ...
    absorption cross section
 x0,dx,rnrm,inrm,jnrm   8.80000000000000       5.000000000000000E-002
   2.53470164599980              195         196
    phase shifts for unique potential    0
    phase shifts for unique potential    1
    phase shifts for unique potential    2
    phase shifts for unique potential    3
    phase shifts for unique potential    4
Done with module: cross-section and phases (XSPH).

FMS calculation of full Green's function ...
FEFF-serial using 1 thread.
Using   194 energy points.
xprep done
FMS for a cluster of  289 atoms
Energy point    1/ 194
Energy point   10/ 194
Energy point   20/ 194
Energy point   30/ 194
Energy point   40/ 194
Energy point   50/ 194
Energy point   60/ 194
Energy point   70/ 194
Energy point   80/ 194
Energy point   90/ 194
Energy point  100/ 194
Energy point  110/ 194
Energy point  120/ 194
Energy point  130/ 194
Energy point  140/ 194
Energy point  150/ 194
Energy point  160/ 194
Energy point  170/ 194
Energy point  180/ 194
Energy point  190/ 194
Done with module: FMS.

MKGTR: Tracing over Green's function ...
Done with module: MKGTR.

Pathfinder: finding scattering paths...
Preparing plane wave scattering amplitudes
Searching for paths
Eliminating path degeneracies
0 paths retained.
Done with module: pathfinder.

Calculating EXAFS parameters ...
Done with module: EXAFS parameters (GENFMT).

Calculating XAS spectra ...
Done with module: XAS spectra (FF2X: DW + final sum over paths).

 
### feff ends at Sun Aug 13 18:25:30 EDT 2023
 
