### feff starts at Mon Aug 14 03:30:12 EDT 2023
### Serial version
### FeffPath is /sdcc/u/mcarbone/software/JFEFF/hsw/feff90/linux
 
Launching FEFF version FEFF 9.9.1
Resetting lmaxsc to 2 for iph =    1.  Use  UNFREEZE to prevent this.
Core hole lifetime is   1.729 eV.
Your calculation:
 comment: None given
 Source:
 Structure Summary:  La6 Cu6 O17
 Reduced formula:  La6Cu6O17
 space group: (P312), space number:  (149)
 abc:  6.758352   6.758352  10.469440
 angles: 90.000000  90.000000 120.000004
 sites: 29
Cu K edge XANES using RPA corehole.
Using:     * Self-Consistent Field potentials
Using cards:   ATOMS CONTROL EXCHANGE TITLE RPATH POTENTIALS XANES EDGE SCF FMS S02 COREHOLE EGRID

Calculating atomic potentials ...
    overlapped atomic potential and density for unique potential    0
    overlapped atomic potential and density for unique potential    1
    overlapped atomic potential and density for unique potential    2
    overlapped atomic potential and density for unique potential    3
Done with module: atomic potentials.

Calculating SCF potentials ...
FEFF-serial using 1 thread.
Muffin tin radii and interstitial parameters [bohr]:
type, norman radius, muffin tin, overlap factor
    0  1.28698E+00  1.16815E+00  1.15000E+00
    1  1.79634E+00  1.71157E+00  1.13066E+00
    2  1.28698E+00  1.16815E+00  1.15000E+00
    3  1.12858E+00  1.07113E+00  1.14307E+00
Core-valence separation energy:  ecv=   -46.500 eV
Initial Fermi level:              mu=    -0.331 eV
SCF ITERATION NUMBER  1
     point #   1  energy = -46.500
FMS for a cluster of  101 atoms around atom type   0
FMS for a cluster of   92 atoms around atom type   1
FMS for a cluster of   96 atoms around atom type   2
FMS for a cluster of  109 atoms around atom type   3
     point #  20  energy = -35.433
     point #  40  energy = -15.183
     point #  60  energy =  -5.742
     point #  80  energy =  -4.952
New Fermi level:    mu=  -4.876 eV  Charge distance=  0.8927 (partial c.d.=  6.4396)
SCF ITERATION NUMBER  1
     point #   1  energy = -46.500
FMS for a cluster of  101 atoms around atom type   0
FMS for a cluster of   92 atoms around atom type   1
FMS for a cluster of   96 atoms around atom type   2
FMS for a cluster of  109 atoms around atom type   3
     point #  20  energy = -35.332
     point #  40  energy = -15.028
     point #  60  energy =  -4.876
     point #  80  energy =  -5.510
     point # 100  energy = -10.176
     point # 120  energy = -10.716
New Fermi level:    mu= -10.896 eV  Charge distance=  0.2672 (partial c.d.=  4.7771)
SCF ITERATION NUMBER  1
     point #   1  energy = -46.500
FMS for a cluster of  101 atoms around atom type   0
FMS for a cluster of   92 atoms around atom type   1
FMS for a cluster of   96 atoms around atom type   2
FMS for a cluster of  109 atoms around atom type   3
     point #  20  energy = -35.310
     point #  40  energy = -14.965
     point #  60  energy = -10.896
     point #  80  energy =  -9.236
New Fermi level:    mu=  -9.591 eV  Charge distance=  0.1700 (partial c.d.=  0.4889)
SCF ITERATION NUMBER  2
     point #   1  energy = -46.500
     point #  20  energy = -35.222
     point #  40  energy = -14.717
     point #  60  energy =  -9.591
     point #  80  energy =  -8.297
New Fermi level:    mu=  -8.430 eV  Charge distance=  0.4178 (partial c.d.=  0.4072)
SCF ITERATION NUMBER  3
     point #   1  energy = -46.500
     point #  20  energy = -35.480
     point #  40  energy = -15.443
     point #  60  energy =  -8.430
     point #  80  energy =  -8.865
New Fermi level:    mu=  -8.864 eV  Charge distance=  0.1081 (partial c.d.=  0.4313)
SCF ITERATION NUMBER  4
     point #   1  energy = -46.500
     point #  20  energy = -35.311
     point #  40  energy = -14.967
     point #  60  energy =  -8.864
     point #  80  energy =  -8.248
New Fermi level:    mu=  -8.172 eV  Charge distance=  0.0782 (partial c.d.=  0.8252)
SCF ITERATION NUMBER  5
     point #   1  energy = -46.500
     point #  20  energy = -35.405
     point #  40  energy = -15.233
     point #  60  energy =  -8.172
     point #  80  energy =  -8.494
New Fermi level:    mu=  -8.493 eV  Charge distance=  0.0429 (partial c.d.=  0.8435)
SCF ITERATION NUMBER  6
     point #   1  energy = -46.500
     point #  20  energy = -35.498
     point #  40  energy = -15.494
     point #  60  energy =  -8.493
New Fermi level:    mu=  -8.561 eV  Charge distance=  0.0135 (partial c.d.=  0.4933)
SCF ITERATION NUMBER  7
     point #   1  energy = -46.500
     point #  20  energy = -35.221
     point #  40  energy = -14.714
     point #  60  energy =  -8.561
New Fermi level:    mu=  -8.522 eV  Charge distance=  0.0077 (partial c.d.=  0.2968)
SCF ITERATION NUMBER  8
     point #   1  energy = -46.500
     point #  20  energy = -35.506
     point #  40  energy = -15.518
     point #  60  energy =  -8.522
New Fermi level:    mu=  -8.526 eV  Charge distance=  0.0082 (partial c.d.=  0.0884)
SCF ITERATION NUMBER  9
     point #   1  energy = -46.500
     point #  20  energy = -35.508
     point #  40  energy = -15.522
     point #  60  energy =  -8.526
New Fermi level:    mu=  -8.528 eV  Charge distance=  0.0014 (partial c.d.=  0.1063)
SCF ITERATION NUMBER 10
     point #   1  energy = -46.500
     point #  20  energy = -35.508
     point #  40  energy = -15.523
     point #  60  energy =  -8.528
New Fermi level:    mu=  -8.535 eV  Charge distance=  0.0007 (partial c.d.=  0.0219)
SCF ITERATION NUMBER 11
     point #   1  energy = -46.500
     point #  20  energy = -35.213
     point #  40  energy = -14.691
     point #  60  energy =  -8.535
New Fermi level:    mu=  -8.532 eV  Charge distance=  0.0003 (partial c.d.=  0.0066)
SCF ITERATION NUMBER 12
     point #   1  energy = -46.500
     point #  20  energy = -35.212
     point #  40  energy = -14.689
     point #  60  energy =  -8.532
New Fermi level:    mu=  -8.532 eV  Charge distance=  0.0009 (partial c.d.=  0.0038)
SCF ITERATION NUMBER 13
     point #   1  energy = -46.500
     point #  20  energy = -35.212
     point #  40  energy = -14.689
     point #  60  energy =  -8.532
New Fermi level:    mu=  -8.531 eV  Charge distance=  0.0007 (partial c.d.=  0.0029)
SCF ITERATION NUMBER 14
     point #   1  energy = -46.500
     point #  20  energy = -35.509
     point #  40  energy = -15.525
     point #  60  energy =  -8.531
New Fermi level:    mu=  -8.530 eV  Charge distance=  0.0000 (partial c.d.=  0.0013)
SCF ITERATION NUMBER 15
     point #   1  energy = -46.500
     point #  20  energy = -35.509
     point #  40  energy = -15.524
     point #  60  energy =  -8.530
New Fermi level:    mu=  -8.530 eV  Charge distance=  0.0000 (partial c.d.=  0.0005)
SCF ITERATION NUMBER 16
     point #   1  energy = -46.500
     point #  20  energy = -35.509
     point #  40  energy = -15.524
     point #  60  energy =  -8.530
New Fermi level:    mu=  -8.529 eV  Charge distance=  0.0001 (partial c.d.=  0.0003)
SCF ITERATION NUMBER 17
     point #   1  energy = -46.500
     point #  20  energy = -35.508
     point #  40  energy = -15.524
     point #  60  energy =  -8.529
New Fermi level:    mu=  -8.529 eV  Charge distance=  0.0001 (partial c.d.=  0.0000)
Electronic configuration
  type     l     N_el
     0     0    0.517
     0     1    0.617
     0     2    9.351
     0     3    0.000
     1     0    2.311
     1     1    6.419
     1     2    1.623
     1     3    0.000
     2     0    0.517
     2     1    0.617
     2     2    9.349
     2     3    0.000
     3     0    1.872
     3     1    4.476
     3     2    0.063
     3     3    0.000
Charge transfer:  type  charge
       0   -0.516
       1   -0.647
       2   -0.517
       3    0.411
Convergence reached in   17 iterations.
Done with module: potentials.

Calculating screened core-hole potential ...
FMS for a cluster of   19 atoms around iph =   0
    0% of energy integration
   20%
   40%
   60%
   80%
  100%
Preparing response function.
Computing (1 - K Chi0)^-1 v_ch
Done with module: screened core-hole potential.

Calculating cross-section and phases ...
    absorption cross section
 x0,dx,rnrm,inrm,jnrm   8.80000000000000       5.000000000000000E-002
   2.43204299000014              194         195
    phase shifts for unique potential    0
    phase shifts for unique potential    1
    phase shifts for unique potential    2
    phase shifts for unique potential    3
Done with module: cross-section and phases (XSPH).

FMS calculation of full Green's function ...
FEFF-serial using 1 thread.
Using   194 energy points.
xprep done
FMS for a cluster of  219 atoms
Energy point    1/ 194
Energy point   10/ 194
Energy point   20/ 194
Energy point   30/ 194
Energy point   40/ 194
Energy point   50/ 194
Energy point   60/ 194
Energy point   70/ 194
Energy point   80/ 194
Energy point   90/ 194
Energy point  100/ 194
Energy point  110/ 194
Energy point  120/ 194
Energy point  130/ 194
Energy point  140/ 194
Energy point  150/ 194
Energy point  160/ 194
Energy point  170/ 194
Energy point  180/ 194
Energy point  190/ 194
Done with module: FMS.

MKGTR: Tracing over Green's function ...
Done with module: MKGTR.

Pathfinder: finding scattering paths...
Preparing plane wave scattering amplitudes
Searching for paths
Eliminating path degeneracies
0 paths retained.
Done with module: pathfinder.

Calculating EXAFS parameters ...
Done with module: EXAFS parameters (GENFMT).

Calculating XAS spectra ...
Done with module: XAS spectra (FF2X: DW + final sum over paths).

 
### feff ends at Mon Aug 14 04:52:36 EDT 2023
 
