### feff starts at Sun Aug 13 09:26:09 EDT 2023
### Serial version
### FeffPath is /sdcc/u/mcarbone/software/JFEFF/hsw/feff90/linux
 
Launching FEFF version FEFF 9.9.1
Core hole lifetime is   1.729 eV.
Your calculation:
 comment: None given
 Source:
 Structure Summary:  Li9 Cu9 B9 O27
 Reduced formula:  LiCuBO3
 space group: (P1), space number:  (1)
 abc:  3.142185  14.068921  14.079910
 angles:119.737996  91.409863  89.670915
 sites: 54
Cu K edge XANES using RPA corehole.
Using:     * Self-Consistent Field potentials
Using cards:   ATOMS CONTROL EXCHANGE TITLE RPATH POTENTIALS XANES EDGE SCF FMS S02 COREHOLE EGRID

Calculating atomic potentials ...
    overlapped atomic potential and density for unique potential    0
    overlapped atomic potential and density for unique potential    1
    overlapped atomic potential and density for unique potential    2
    overlapped atomic potential and density for unique potential    3
    overlapped atomic potential and density for unique potential    4
Done with module: atomic potentials.

Calculating SCF potentials ...
FEFF-serial using 1 thread.
Muffin tin radii and interstitial parameters [bohr]:
type, norman radius, muffin tin, overlap factor
    0  1.33414E+00  1.26565E+00  1.14452E+00
    1  1.36018E+00  1.30092E+00  1.11892E+00
    2  1.33414E+00  1.26565E+00  1.14452E+00
    3  9.85726E-01  7.68230E-01  1.15000E+00
    4  1.05684E+00  9.16551E-01  1.15000E+00
Core-valence separation energy:  ecv=   -40.000 eV
Initial Fermi level:              mu=     3.946 eV
SCF ITERATION NUMBER  1
     point #   1  energy = -40.000
FMS for a cluster of  134 atoms around atom type   0
FMS for a cluster of  130 atoms around atom type   1
FMS for a cluster of  127 atoms around atom type   2
FMS for a cluster of  138 atoms around atom type   3
FMS for a cluster of  142 atoms around atom type   4
     point #  20  energy = -28.787
     point #  40  energy =  -8.537
     point #  60  energy =  -3.665
     point #  80  energy =  -3.749
New Fermi level:    mu=  -3.784 eV  Charge distance=  0.5397 (partial c.d.=  7.1077)
negative density   1 -203.374 - usually harmless precision error, but check DOS if it persists
SCF ITERATION NUMBER  1
     point #   1  energy = -40.000
FMS for a cluster of  134 atoms around atom type   0
FMS for a cluster of  130 atoms around atom type   1
FMS for a cluster of  127 atoms around atom type   2
FMS for a cluster of  138 atoms around atom type   3
FMS for a cluster of  142 atoms around atom type   4
     point #  20  energy = -28.934
     point #  40  energy =  -8.814
     point #  60  energy =  -3.784
     point #  80  energy =  -5.609
     point # 100  energy =  -8.752
     point # 120  energy =  -9.080
     point # 140  energy =  -9.330
     point # 160  energy =  -9.580
     point # 180  energy =  -9.830
New Fermi level:    mu=  -9.829 eV  Charge distance=  0.1435 (partial c.d.=  2.9344)
negative density   1 -282.452 - usually harmless precision error, but check DOS if it persists
SCF ITERATION NUMBER  1
     point #   1  energy = -40.000
FMS for a cluster of  134 atoms around atom type   0
FMS for a cluster of  130 atoms around atom type   1
FMS for a cluster of  127 atoms around atom type   2
FMS for a cluster of  138 atoms around atom type   3
FMS for a cluster of  142 atoms around atom type   4
     point #  20  energy = -28.937
     point #  40  energy =  -9.829
     point #  60  energy =  -9.739
     point #  80  energy =  -7.748
New Fermi level:    mu=  -7.344 eV  Charge distance=  0.0713 (partial c.d.=  0.3370)
negative density   1 -434.857 - usually harmless precision error, but check DOS if it persists
negative density   1  -13.546 - usually harmless precision error, but check DOS if it persists
SCF ITERATION NUMBER  2
     point #   1  energy = -40.000
     point #  20  energy = -28.774
     point #  40  energy =  -8.364
     point #  60  energy =  -7.303
     point #  80  energy =  -6.775
New Fermi level:    mu=  -6.807 eV  Charge distance=  0.1784 (partial c.d.=  0.1644)
negative density   1 -925.386 - usually harmless precision error, but check DOS if it persists
negative density   1 -164.795 - usually harmless precision error, but check DOS if it persists
SCF ITERATION NUMBER  3
     point #   1  energy = -40.000
     point #  20  energy = -28.936
     point #  40  energy =  -8.819
     point #  60  energy =  -6.832
New Fermi level:    mu=  -6.833 eV  Charge distance=  0.0756 (partial c.d.=  0.0902)
negative density   1-1179.084 - usually harmless precision error, but check DOS if it persists
negative density   1 -243.390 - usually harmless precision error, but check DOS if it persists
negative density   1   -3.108 - usually harmless precision error, but check DOS if it persists
SCF ITERATION NUMBER  4
     point #   1  energy = -40.000
     point #  20  energy = -28.944
     point #  40  energy =  -8.843
     point #  60  energy =  -6.808
New Fermi level:    mu=  -6.715 eV  Charge distance=  0.0159 (partial c.d.=  0.0713)
negative density   1-1164.687 - usually harmless precision error, but check DOS if it persists
negative density   1 -239.083 - usually harmless precision error, but check DOS if it persists
negative density   1   -1.310 - usually harmless precision error, but check DOS if it persists
SCF ITERATION NUMBER  5
     point #   1  energy = -40.000
     point #  20  energy = -28.905
     point #  40  energy =  -8.732
     point #  60  energy =  -6.740
New Fermi level:    mu=  -6.795 eV  Charge distance=  0.0027 (partial c.d.=  0.0111)
negative density   1-1174.904 - usually harmless precision error, but check DOS if it persists
negative density   1 -242.450 - usually harmless precision error, but check DOS if it persists
negative density   1   -2.778 - usually harmless precision error, but check DOS if it persists
SCF ITERATION NUMBER  6
     point #   1  energy = -40.000
     point #  20  energy = -28.932
     point #  40  energy =  -8.808
     point #  60  energy =  -6.820
New Fermi level:    mu=  -6.820 eV  Charge distance=  0.0035 (partial c.d.=  0.0032)
negative density   1-1183.745 - usually harmless precision error, but check DOS if it persists
negative density   1 -245.545 - usually harmless precision error, but check DOS if it persists
negative density   1   -4.160 - usually harmless precision error, but check DOS if it persists
SCF ITERATION NUMBER  7
     point #   1  energy = -40.000
     point #  20  energy = -28.940
     point #  40  energy =  -8.831
     point #  60  energy =  -6.845
New Fermi level:    mu=  -6.836 eV  Charge distance=  0.0012 (partial c.d.=  0.0030)
negative density   1-1184.443 - usually harmless precision error, but check DOS if it persists
negative density   1 -245.938 - usually harmless precision error, but check DOS if it persists
negative density   1   -4.362 - usually harmless precision error, but check DOS if it persists
SCF ITERATION NUMBER  8
     point #   1  energy = -40.000
     point #  20  energy = -28.945
     point #  40  energy =  -8.846
New Fermi level:    mu=  -6.834 eV  Charge distance=  0.0040 (partial c.d.=  0.0003)
negative density   1-1187.919 - usually harmless precision error, but check DOS if it persists
negative density   1 -247.625 - usually harmless precision error, but check DOS if it persists
negative density   1   -5.197 - usually harmless precision error, but check DOS if it persists
SCF ITERATION NUMBER  9
     point #   1  energy = -40.000
     point #  20  energy = -28.945
     point #  40  energy =  -8.844
New Fermi level:    mu=  -6.827 eV  Charge distance=  0.0001 (partial c.d.=  0.0011)
negative density   1-1188.565 - usually harmless precision error, but check DOS if it persists
negative density   1 -247.824 - usually harmless precision error, but check DOS if it persists
negative density   1   -5.282 - usually harmless precision error, but check DOS if it persists
SCF ITERATION NUMBER 10
     point #   1  energy = -40.000
     point #  20  energy = -28.942
     point #  40  energy =  -8.838
New Fermi level:    mu=  -6.828 eV  Charge distance=  0.0000 (partial c.d.=  0.0001)
Electronic configuration
  type     l     N_el
     0     0    0.481
     0     1    0.639
     0     2    9.565
     0     3    0.000
     1     0    0.262
     1     1    0.522
     1     2    0.000
     1     3    0.000
     2     0    0.479
     2     1    0.639
     2     2    9.565
     2     3    0.000
     3     0    0.847
     3     1    1.679
     3     2    0.000
     3     3    0.000
     4     0    1.826
     4     1    4.441
     4     2    0.068
     4     3    0.000
Charge transfer:  type  charge
       0   -0.315
       1   -0.215
       2   -0.316
       3   -0.474
       4    0.335
Convergence reached in   10 iterations.
Done with module: potentials.

Calculating screened core-hole potential ...
FMS for a cluster of   27 atoms around iph =   0
    0% of energy integration
   20%
   40%
   60%
   80%
  100%
Preparing response function.
Computing (1 - K Chi0)^-1 v_ch
Done with module: screened core-hole potential.

Calculating cross-section and phases ...
    absorption cross section
 x0,dx,rnrm,inrm,jnrm   8.80000000000000       5.000000000000000E-002
   2.52116162499987              195         196
    phase shifts for unique potential    0
    phase shifts for unique potential    1
    phase shifts for unique potential    2
    phase shifts for unique potential    3
    phase shifts for unique potential    4
Done with module: cross-section and phases (XSPH).

FMS calculation of full Green's function ...
FEFF-serial using 1 thread.
Using   194 energy points.
xprep done
FMS for a cluster of  310 atoms
Energy point    1/ 194
Energy point   10/ 194
Energy point   20/ 194
Energy point   30/ 194
Energy point   40/ 194
Energy point   50/ 194
Energy point   60/ 194
Energy point   70/ 194
Energy point   80/ 194
Energy point   90/ 194
Energy point  100/ 194
Energy point  110/ 194
Energy point  120/ 194
Energy point  130/ 194
Energy point  140/ 194
Energy point  150/ 194
Energy point  160/ 194
Energy point  170/ 194
Energy point  180/ 194
Energy point  190/ 194
Done with module: FMS.

MKGTR: Tracing over Green's function ...
Done with module: MKGTR.

Pathfinder: finding scattering paths...
Preparing plane wave scattering amplitudes
Searching for paths
Eliminating path degeneracies
0 paths retained.
Done with module: pathfinder.

Calculating EXAFS parameters ...
Done with module: EXAFS parameters (GENFMT).

Calculating XAS spectra ...
Done with module: XAS spectra (FF2X: DW + final sum over paths).

 
### feff ends at Sun Aug 13 11:29:24 EDT 2023
 
