### feff starts at Mon Aug 14 06:40:35 EDT 2023
### Serial version
### FeffPath is /sdcc/u/mcarbone/software/JFEFF/hsw/feff90/linux
 
Launching FEFF version FEFF 9.9.1
Resetting lmaxsc to 2 for iph =    1.  Use  UNFREEZE to prevent this.
Core hole lifetime is   1.729 eV.
Your calculation:
 comment: None given
 Source:
 Structure Summary:  Lu8 Cu8 O20
 Reduced formula:  Lu2Cu2O5
 space group: (Pna2_1), space number:  (33)
 abc:  3.418412  10.765679  12.368203
 angles: 90.000000  90.000000  90.000000
 sites: 36
Cu K edge XANES using RPA corehole.
Using:     * Self-Consistent Field potentials
Using cards:   ATOMS CONTROL EXCHANGE TITLE RPATH POTENTIALS XANES EDGE SCF FMS S02 COREHOLE EGRID

Calculating atomic potentials ...
    overlapped atomic potential and density for unique potential    0
    overlapped atomic potential and density for unique potential    1
    overlapped atomic potential and density for unique potential    2
    overlapped atomic potential and density for unique potential    3
Done with module: atomic potentials.

Calculating SCF potentials ...
FEFF-serial using 1 thread.
Muffin tin radii and interstitial parameters [bohr]:
type, norman radius, muffin tin, overlap factor
    0  1.32331E+00  1.23786E+00  1.15000E+00
    1  1.61611E+00  1.51912E+00  1.15000E+00
    2  1.32338E+00  1.23783E+00  1.15000E+00
    3  1.10921E+00  1.04248E+00  1.15000E+00
Core-valence separation energy:  ecv=   -40.000 eV
Initial Fermi level:              mu=     0.779 eV
SCF ITERATION NUMBER  1
     point #   1  energy = -40.000
FMS for a cluster of  118 atoms around atom type   0
FMS for a cluster of  113 atoms around atom type   1
FMS for a cluster of  115 atoms around atom type   2
FMS for a cluster of  118 atoms around atom type   3
     point #  20  energy = -28.807
     point #  40  energy =  -8.557
     point #  60  energy =  -4.144
New Fermi level:    mu=  -4.049 eV  Charge distance=  0.6985 (partial c.d.=  6.6068)
SCF ITERATION NUMBER  1
     point #   1  energy = -40.000
FMS for a cluster of  118 atoms around atom type   0
FMS for a cluster of  113 atoms around atom type   1
FMS for a cluster of  115 atoms around atom type   2
FMS for a cluster of  118 atoms around atom type   3
     point #  20  energy = -29.015
     point #  40  energy =  -9.042
     point #  60  energy =  -4.049
     point #  80  energy =  -5.874
     point # 100  energy =  -9.330
     point # 120  energy =  -9.970
     point # 140  energy = -10.220
     point # 160  energy = -10.470
New Fermi level:    mu= -10.495 eV  Charge distance=  0.1993 (partial c.d.=  3.7687)
SCF ITERATION NUMBER  1
     point #   1  energy = -40.000
FMS for a cluster of  118 atoms around atom type   0
FMS for a cluster of  113 atoms around atom type   1
FMS for a cluster of  115 atoms around atom type   2
FMS for a cluster of  118 atoms around atom type   3
     point #  20  energy = -28.808
     point #  40  energy = -10.495
     point #  60  energy = -10.404
     point #  80  energy =  -8.182
     point # 100  energy =  -8.714
     point # 120  energy =  -8.964
New Fermi level:    mu=  -9.134 eV  Charge distance=  0.1401 (partial c.d.=  0.3895)
SCF ITERATION NUMBER  2
     point #   1  energy = -40.000
     point #  20  energy = -28.683
     point #  40  energy =  -9.134
     point #  60  energy =  -9.044
     point #  80  energy =  -7.359
     point # 100  energy =  -7.656
New Fermi level:    mu=  -7.889 eV  Charge distance=  0.3523 (partial c.d.=  0.2187)
SCF ITERATION NUMBER  3
     point #   1  energy = -40.000
     point #  20  energy = -28.962
     point #  40  energy =  -8.893
     point #  60  energy =  -7.849
     point #  80  energy =  -7.286
     point # 100  energy =  -7.483
New Fermi level:    mu=  -7.526 eV  Charge distance=  0.0484 (partial c.d.=  0.1621)
SCF ITERATION NUMBER  4
     point #   1  energy = -40.000
     point #  20  energy = -28.837
     point #  40  energy =  -8.541
     point #  60  energy =  -7.563
New Fermi level:    mu=  -7.558 eV  Charge distance=  0.0285 (partial c.d.=  0.2346)
SCF ITERATION NUMBER  5
     point #   1  energy = -40.000
     point #  20  energy = -28.848
     point #  40  energy =  -8.572
     point #  60  energy =  -7.543
     point #  80  energy =  -7.658
New Fermi level:    mu=  -7.804 eV  Charge distance=  0.0158 (partial c.d.=  0.2021)
SCF ITERATION NUMBER  6
     point #   1  energy = -40.000
     point #  20  energy = -28.933
     point #  40  energy =  -8.810
     point #  60  energy =  -7.841
New Fermi level:    mu=  -7.848 eV  Charge distance=  0.0043 (partial c.d.=  0.1221)
SCF ITERATION NUMBER  7
     point #   1  energy = -40.000
     point #  20  energy = -28.948
     point #  40  energy =  -8.853
New Fermi level:    mu=  -7.869 eV  Charge distance=  0.0047 (partial c.d.=  0.0150)
SCF ITERATION NUMBER  8
     point #   1  energy = -40.000
     point #  20  energy = -28.955
     point #  40  energy =  -8.873
New Fermi level:    mu=  -7.876 eV  Charge distance=  0.0037 (partial c.d.=  0.0069)
SCF ITERATION NUMBER  9
     point #   1  energy = -40.000
     point #  20  energy = -28.957
     point #  40  energy =  -8.880
New Fermi level:    mu=  -7.872 eV  Charge distance=  0.0025 (partial c.d.=  0.0016)
SCF ITERATION NUMBER 10
     point #   1  energy = -40.000
     point #  20  energy = -28.956
     point #  40  energy =  -8.876
New Fermi level:    mu=  -7.868 eV  Charge distance=  0.0001 (partial c.d.=  0.0011)
SCF ITERATION NUMBER 11
     point #   1  energy = -40.000
     point #  20  energy = -28.955
     point #  40  energy =  -8.872
New Fermi level:    mu=  -7.868 eV  Charge distance=  0.0002 (partial c.d.=  0.0001)
Electronic configuration
  type     l     N_el
     0     0    0.491
     0     1    0.586
     0     2    9.532
     0     3    0.000
     1     0    0.440
     1     1    6.584
     1     2    1.408
     1     3    0.000
     2     0    0.492
     2     1    0.586
     2     2    9.532
     2     3    0.000
     3     0    1.857
     3     1    4.458
     3     2    0.069
     3     3    0.000
Charge transfer:  type  charge
       0   -0.391
       1   -0.568
       2   -0.391
       3    0.384
Convergence reached in   11 iterations.
Done with module: potentials.

Calculating screened core-hole potential ...
FMS for a cluster of   24 atoms around iph =   0
    0% of energy integration
   20%
   40%
   60%
   80%
  100%
Preparing response function.
Computing (1 - K Chi0)^-1 v_ch
Done with module: screened core-hole potential.

Calculating cross-section and phases ...
    absorption cross section
 x0,dx,rnrm,inrm,jnrm   8.80000000000000       5.000000000000000E-002
   2.50068984300003              195         196
    phase shifts for unique potential    0
    phase shifts for unique potential    1
    phase shifts for unique potential    2
    phase shifts for unique potential    3
Done with module: cross-section and phases (XSPH).

FMS calculation of full Green's function ...
FEFF-serial using 1 thread.
Using   194 energy points.
xprep done
FMS for a cluster of  243 atoms
Energy point    1/ 194
Energy point   10/ 194
Energy point   20/ 194
Energy point   30/ 194
Energy point   40/ 194
Energy point   50/ 194
Energy point   60/ 194
Energy point   70/ 194
Energy point   80/ 194
Energy point   90/ 194
Energy point  100/ 194
Energy point  110/ 194
Energy point  120/ 194
Energy point  130/ 194
Energy point  140/ 194
Energy point  150/ 194
Energy point  160/ 194
Energy point  170/ 194
Energy point  180/ 194
Energy point  190/ 194
Done with module: FMS.

MKGTR: Tracing over Green's function ...
Done with module: MKGTR.

Pathfinder: finding scattering paths...
Preparing plane wave scattering amplitudes
Searching for paths
Eliminating path degeneracies
0 paths retained.
Done with module: pathfinder.

Calculating EXAFS parameters ...
Done with module: EXAFS parameters (GENFMT).

Calculating XAS spectra ...
Done with module: XAS spectra (FF2X: DW + final sum over paths).

 
### feff ends at Mon Aug 14 08:21:18 EDT 2023
 
