### feff starts at Mon Aug 14 02:06:19 EDT 2023
### Serial version
### FeffPath is /sdcc/u/mcarbone/software/JFEFF/hsw/feff90/linux
 
Launching FEFF version FEFF 9.9.1
Core hole lifetime is   1.729 eV.
Your calculation:
 comment: None given
 Source:
 Structure Summary:  Mg2 Cu2 P4 O14
 Reduced formula:  MgCuP2O7
 space group: (P-1), space number:  (2)
 abc:  5.442047   6.397343   7.502998
 angles: 98.078601  88.843521 108.642274
 sites: 22
Cu K edge XANES using RPA corehole.
Using:     * Self-Consistent Field potentials
Using cards:   ATOMS CONTROL EXCHANGE TITLE RPATH POTENTIALS XANES EDGE SCF FMS S02 COREHOLE EGRID

Calculating atomic potentials ...
    overlapped atomic potential and density for unique potential    0
    overlapped atomic potential and density for unique potential    1
    overlapped atomic potential and density for unique potential    2
    overlapped atomic potential and density for unique potential    3
    overlapped atomic potential and density for unique potential    4
Done with module: atomic potentials.

Calculating SCF potentials ...
FEFF-serial using 1 thread.
Muffin tin radii and interstitial parameters [bohr]:
type, norman radius, muffin tin, overlap factor
    0  1.34575E+00  1.27692E+00  1.14386E+00
    1  1.46860E+00  1.39582E+00  1.13852E+00
    2  1.34575E+00  1.27692E+00  1.14386E+00
    3  1.15166E+00  9.36676E-01  1.15000E+00
    4  1.03767E+00  8.70007E-01  1.15000E+00
Core-valence separation energy:  ecv=   -40.000 eV
Initial Fermi level:              mu=     6.699 eV
SCF ITERATION NUMBER  1
     point #   1  energy = -40.000
FMS for a cluster of  139 atoms around atom type   0
FMS for a cluster of  131 atoms around atom type   1
FMS for a cluster of  122 atoms around atom type   2
FMS for a cluster of  130 atoms around atom type   3
FMS for a cluster of  134 atoms around atom type   4
     point #  20  energy = -28.841
     point #  40  energy =  -8.591
     point #  60  energy =  -4.597
     point #  80  energy =  -4.019
New Fermi level:    mu=  -3.975 eV  Charge distance=  0.8300 (partial c.d.=  5.6550)
SCF ITERATION NUMBER  1
     point #   1  energy = -40.000
FMS for a cluster of  139 atoms around atom type   0
FMS for a cluster of  131 atoms around atom type   1
FMS for a cluster of  122 atoms around atom type   2
FMS for a cluster of  130 atoms around atom type   3
FMS for a cluster of  134 atoms around atom type   4
     point #  20  energy = -28.992
     point #  40  energy =  -8.979
     point #  60  energy =  -3.975
     point #  80  energy =  -5.875
     point # 100  energy =  -6.888
     point # 120  energy =  -6.485
New Fermi level:    mu=  -6.409 eV  Charge distance=  0.2771 (partial c.d.=  4.5703)
SCF ITERATION NUMBER  1
     point #   1  energy = -40.000
FMS for a cluster of  139 atoms around atom type   0
FMS for a cluster of  131 atoms around atom type   1
FMS for a cluster of  122 atoms around atom type   2
FMS for a cluster of  130 atoms around atom type   3
FMS for a cluster of  134 atoms around atom type   4
     point #  20  energy = -28.803
     point #  40  energy =  -8.445
     point #  60  energy =  -6.384
New Fermi level:    mu=  -6.286 eV  Charge distance=  0.1370 (partial c.d.=  0.2474)
SCF ITERATION NUMBER  2
     point #   1  energy = -40.000
     point #  20  energy = -28.762
     point #  40  energy =  -8.329
     point #  60  energy =  -6.273
New Fermi level:    mu=  -6.048 eV  Charge distance=  0.1893 (partial c.d.=  0.3205)
SCF ITERATION NUMBER  3
     point #   1  energy = -40.000
     point #  20  energy = -29.016
     point #  40  energy =  -9.044
     point #  60  energy =  -6.036
New Fermi level:    mu=  -5.926 eV  Charge distance=  0.1377 (partial c.d.=  0.1131)
SCF ITERATION NUMBER  4
     point #   1  energy = -40.000
     point #  20  energy = -28.976
     point #  40  energy =  -8.932
     point #  60  energy =  -5.938
New Fermi level:    mu=  -6.042 eV  Charge distance=  0.0236 (partial c.d.=  0.1116)
SCF ITERATION NUMBER  5
     point #   1  energy = -40.000
     point #  20  energy = -29.014
     point #  40  energy =  -9.039
     point #  60  energy =  -6.030
New Fermi level:    mu=  -6.030 eV  Charge distance=  0.0165 (partial c.d.=  0.0726)
SCF ITERATION NUMBER  6
     point #   1  energy = -40.000
     point #  20  energy = -29.010
     point #  40  energy =  -9.027
     point #  60  energy =  -6.042
New Fermi level:    mu=  -6.057 eV  Charge distance=  0.0057 (partial c.d.=  0.0248)
SCF ITERATION NUMBER  7
     point #   1  energy = -40.000
     point #  20  energy = -29.018
     point #  40  energy =  -9.052
     point #  60  energy =  -6.069
New Fermi level:    mu=  -6.064 eV  Charge distance=  0.0100 (partial c.d.=  0.0033)
SCF ITERATION NUMBER  8
     point #   1  energy = -40.000
     point #  20  energy = -29.021
     point #  40  energy =  -9.058
     point #  60  energy =  -6.076
New Fermi level:    mu=  -6.068 eV  Charge distance=  0.0019 (partial c.d.=  0.0045)
SCF ITERATION NUMBER  9
     point #   1  energy = -40.000
     point #  20  energy = -29.022
     point #  40  energy =  -9.062
     point #  60  energy =  -6.056
New Fermi level:    mu=  -6.065 eV  Charge distance=  0.0019 (partial c.d.=  0.0005)
SCF ITERATION NUMBER 10
     point #   1  energy = -40.000
     point #  20  energy = -29.021
     point #  40  energy =  -9.059
     point #  60  energy =  -6.052
New Fermi level:    mu=  -6.061 eV  Charge distance=  0.0001 (partial c.d.=  0.0005)
SCF ITERATION NUMBER 11
     point #   1  energy = -40.000
     point #  20  energy = -29.020
     point #  40  energy =  -9.055
     point #  60  energy =  -6.048
New Fermi level:    mu=  -6.061 eV  Charge distance=  0.0001 (partial c.d.=  0.0000)
Electronic configuration
  type     l     N_el
     0     0    0.487
     0     1    0.629
     0     2    9.604
     0     3    0.000
     1     0    0.482
     1     1    0.796
     1     2    0.569
     1     3    0.000
     2     0    0.487
     2     1    0.619
     2     2    9.607
     2     3    0.000
     3     0    1.181
     3     1    2.034
     3     2    1.024
     3     3    0.000
     4     0    1.852
     4     1    4.344
     4     2    0.085
     4     3    0.000
Charge transfer:  type  charge
       0   -0.280
       1   -0.153
       2   -0.287
       3   -0.760
       4    0.280
Convergence reached in   11 iterations.
Done with module: potentials.

Calculating screened core-hole potential ...
FMS for a cluster of   28 atoms around iph =   0
    0% of energy integration
   20%
   40%
   60%
   80%
  100%
Preparing response function.
Computing (1 - K Chi0)^-1 v_ch
Done with module: screened core-hole potential.

Calculating cross-section and phases ...
    absorption cross section
 x0,dx,rnrm,inrm,jnrm   8.80000000000000       5.000000000000000E-002
   2.54309785300009              195         196
    phase shifts for unique potential    0
    phase shifts for unique potential    1
    phase shifts for unique potential    2
    phase shifts for unique potential    3
    phase shifts for unique potential    4
Done with module: cross-section and phases (XSPH).

FMS calculation of full Green's function ...
FEFF-serial using 1 thread.
Using   194 energy points.
xprep done
FMS for a cluster of  278 atoms
Energy point    1/ 194
Energy point   10/ 194
Energy point   20/ 194
Energy point   30/ 194
Energy point   40/ 194
Energy point   50/ 194
Energy point   60/ 194
Energy point   70/ 194
Energy point   80/ 194
Energy point   90/ 194
Energy point  100/ 194
Energy point  110/ 194
Energy point  120/ 194
Energy point  130/ 194
Energy point  140/ 194
Energy point  150/ 194
Energy point  160/ 194
Energy point  170/ 194
Energy point  180/ 194
Energy point  190/ 194
Done with module: FMS.

MKGTR: Tracing over Green's function ...
Done with module: MKGTR.

Pathfinder: finding scattering paths...
Preparing plane wave scattering amplitudes
Searching for paths
Eliminating path degeneracies
0 paths retained.
Done with module: pathfinder.

Calculating EXAFS parameters ...
Done with module: EXAFS parameters (GENFMT).

Calculating XAS spectra ...
Done with module: XAS spectra (FF2X: DW + final sum over paths).

 
### feff ends at Mon Aug 14 04:22:33 EDT 2023
 
