### feff starts at Sun Aug 13 16:34:07 EDT 2023
### Serial version
### FeffPath is /sdcc/u/mcarbone/software/JFEFF/hsw/feff90/linux
 
Launching FEFF version FEFF 9.9.1
Core hole lifetime is   1.729 eV.
Your calculation:
 comment: None given
 Source:
 Structure Summary:  Li9 Cu9 C9 O27
 Reduced formula:  LiCuCO3
 space group: (P1), space number:  (1)
 abc:  3.051342  14.371164  14.373781
 angles: 60.040975  89.555992  89.320548
 sites: 54
Cu K edge XANES using RPA corehole.
Using:     * Self-Consistent Field potentials
Using cards:   ATOMS CONTROL EXCHANGE TITLE RPATH POTENTIALS XANES EDGE SCF FMS S02 COREHOLE EGRID

Calculating atomic potentials ...
    overlapped atomic potential and density for unique potential    0
    overlapped atomic potential and density for unique potential    1
    overlapped atomic potential and density for unique potential    2
    overlapped atomic potential and density for unique potential    3
    overlapped atomic potential and density for unique potential    4
Done with module: atomic potentials.

Calculating SCF potentials ...
FEFF-serial using 1 thread.
Muffin tin radii and interstitial parameters [bohr]:
type, norman radius, muffin tin, overlap factor
    0  1.37751E+00  1.29721E+00  1.15000E+00
    1  1.35718E+00  1.30650E+00  1.09952E+00
    2  1.37751E+00  1.29721E+00  1.15000E+00
    3  9.29142E-01  7.18688E-01  1.15000E+00
    4  1.01085E+00  8.63507E-01  1.15000E+00
Core-valence separation energy:  ecv=   -40.000 eV
Initial Fermi level:              mu=     6.171 eV
SCF ITERATION NUMBER  1
     point #   1  energy = -40.000
FMS for a cluster of  136 atoms around atom type   0
FMS for a cluster of  128 atoms around atom type   1
FMS for a cluster of  128 atoms around atom type   2
FMS for a cluster of  141 atoms around atom type   3
FMS for a cluster of  145 atoms around atom type   4
     point #  20  energy = -28.933
     point #  40  energy =  -8.683
     point #  60  energy =  -4.220
     point #  80  energy =  -3.808
New Fermi level:    mu=  -3.818 eV  Charge distance=  0.5832 (partial c.d.=  6.6768)
SCF ITERATION NUMBER  1
     point #   1  energy = -40.000
FMS for a cluster of  136 atoms around atom type   0
FMS for a cluster of  128 atoms around atom type   1
FMS for a cluster of  128 atoms around atom type   2
FMS for a cluster of  141 atoms around atom type   3
FMS for a cluster of  145 atoms around atom type   4
     point #  20  energy = -28.944
     point #  40  energy =  -8.843
     point #  60  energy =  -3.818
     point #  80  energy =  -5.396
     point # 100  energy =  -8.252
New Fermi level:    mu=  -7.905 eV  Charge distance=  0.2056 (partial c.d.=  3.4512)
SCF ITERATION NUMBER  1
     point #   1  energy = -40.000
FMS for a cluster of  136 atoms around atom type   0
FMS for a cluster of  128 atoms around atom type   1
FMS for a cluster of  128 atoms around atom type   2
FMS for a cluster of  141 atoms around atom type   3
FMS for a cluster of  145 atoms around atom type   4
     point #  20  energy = -28.967
     point #  40  energy =  -8.908
     point #  60  energy =  -7.864
New Fermi level:    mu=  -7.145 eV  Charge distance=  0.0755 (partial c.d.=  0.3731)
SCF ITERATION NUMBER  2
     point #   1  energy = -40.000
     point #  20  energy = -28.706
     point #  40  energy =  -8.171
     point #  60  energy =  -7.104
New Fermi level:    mu=  -6.680 eV  Charge distance=  0.0818 (partial c.d.=  0.2145)
SCF ITERATION NUMBER  3
     point #   1  energy = -40.000
     point #  20  energy = -28.893
     point #  40  energy =  -8.700
     point #  60  energy =  -6.693
New Fermi level:    mu=  -6.826 eV  Charge distance=  0.0902 (partial c.d.=  0.0727)
negative density   3  -81.532 - usually harmless precision error, but check DOS if it persists
SCF ITERATION NUMBER  4
     point #   1  energy = -40.000
     point #  20  energy = -28.942
     point #  40  energy =  -8.837
     point #  60  energy =  -6.801
New Fermi level:    mu=  -6.741 eV  Charge distance=  0.0205 (partial c.d.=  0.0694)
negative density   3  -40.917 - usually harmless precision error, but check DOS if it persists
SCF ITERATION NUMBER  5
     point #   1  energy = -40.000
     point #  20  energy = -28.914
     point #  40  energy =  -8.757
     point #  60  energy =  -6.766
New Fermi level:    mu=  -6.783 eV  Charge distance=  0.0046 (partial c.d.=  0.0244)
negative density   3  -48.519 - usually harmless precision error, but check DOS if it persists
SCF ITERATION NUMBER  6
     point #   1  energy = -40.000
     point #  20  energy = -28.928
     point #  40  energy =  -8.796
New Fermi level:    mu=  -6.781 eV  Charge distance=  0.0066 (partial c.d.=  0.0109)
negative density   3  -51.163 - usually harmless precision error, but check DOS if it persists
SCF ITERATION NUMBER  7
     point #   1  energy = -40.000
     point #  20  energy = -28.927
     point #  40  energy =  -8.794
New Fermi level:    mu=  -6.775 eV  Charge distance=  0.0049 (partial c.d.=  0.0110)
negative density   3  -48.776 - usually harmless precision error, but check DOS if it persists
SCF ITERATION NUMBER  8
     point #   1  energy = -40.000
     point #  20  energy = -28.925
     point #  40  energy =  -8.789
New Fermi level:    mu=  -6.768 eV  Charge distance=  0.0007 (partial c.d.=  0.0154)
negative density   3  -46.800 - usually harmless precision error, but check DOS if it persists
SCF ITERATION NUMBER  9
     point #   1  energy = -40.000
     point #  20  energy = -28.923
     point #  40  energy =  -8.782
New Fermi level:    mu=  -6.765 eV  Charge distance=  0.0004 (partial c.d.=  0.0071)
negative density   3  -45.469 - usually harmless precision error, but check DOS if it persists
SCF ITERATION NUMBER 10
     point #   1  energy = -40.000
     point #  20  energy = -28.922
     point #  40  energy =  -8.779
New Fermi level:    mu=  -6.763 eV  Charge distance=  0.0001 (partial c.d.=  0.0007)
negative density   3  -45.111 - usually harmless precision error, but check DOS if it persists
SCF ITERATION NUMBER 11
     point #   1  energy = -40.000
     point #  20  energy = -28.921
     point #  40  energy =  -8.778
New Fermi level:    mu=  -6.763 eV  Charge distance=  0.0001 (partial c.d.=  0.0002)
negative density   3  -45.022 - usually harmless precision error, but check DOS if it persists
SCF ITERATION NUMBER 12
     point #   1  energy = -40.000
     point #  20  energy = -28.921
     point #  40  energy =  -8.777
New Fermi level:    mu=  -6.763 eV  Charge distance=  0.0001 (partial c.d.=  0.0000)
Electronic configuration
  type     l     N_el
     0     0    0.562
     0     1    0.712
     0     2    9.536
     0     3    0.000
     1     0    0.258
     1     1    0.536
     1     2    0.000
     1     3    0.000
     2     0    0.562
     2     1    0.712
     2     2    9.537
     2     3    0.000
     3     0    1.111
     3     1    2.218
     3     2    0.421
     3     3    0.000
     4     0    1.806
     4     1    4.301
     4     2    0.108
     4     3    0.000
Charge transfer:  type  charge
       0   -0.189
       1   -0.206
       2   -0.189
       3   -0.250
       4    0.215
Convergence reached in   12 iterations.
Done with module: potentials.

Calculating screened core-hole potential ...
FMS for a cluster of   28 atoms around iph =   0
    0% of energy integration
   20%
   40%
   60%
   80%
  100%
Preparing response function.
Computing (1 - K Chi0)^-1 v_ch
Done with module: screened core-hole potential.

Calculating cross-section and phases ...
    absorption cross section
 x0,dx,rnrm,inrm,jnrm   8.80000000000000       5.000000000000000E-002
   2.60311973399995              196         197
    phase shifts for unique potential    0
    phase shifts for unique potential    1
    phase shifts for unique potential    2
    phase shifts for unique potential    3
    phase shifts for unique potential    4
Done with module: cross-section and phases (XSPH).

FMS calculation of full Green's function ...
FEFF-serial using 1 thread.
Using   194 energy points.
xprep done
FMS for a cluster of  308 atoms
Energy point    1/ 194
Energy point   10/ 194
Energy point   20/ 194
Energy point   30/ 194
Energy point   40/ 194
Energy point   50/ 194
Energy point   60/ 194
Energy point   70/ 194
Energy point   80/ 194
Energy point   90/ 194
Energy point  100/ 194
Energy point  110/ 194
Energy point  120/ 194
Energy point  130/ 194
Energy point  140/ 194
Energy point  150/ 194
Energy point  160/ 194
Energy point  170/ 194
Energy point  180/ 194
Energy point  190/ 194
Done with module: FMS.

MKGTR: Tracing over Green's function ...
Done with module: MKGTR.

Pathfinder: finding scattering paths...
Preparing plane wave scattering amplitudes
Searching for paths
Eliminating path degeneracies
0 paths retained.
Done with module: pathfinder.

Calculating EXAFS parameters ...
Done with module: EXAFS parameters (GENFMT).

Calculating XAS spectra ...
Done with module: XAS spectra (FF2X: DW + final sum over paths).

 
### feff ends at Sun Aug 13 18:58:48 EDT 2023
 
