### feff starts at Sun Aug 13 20:29:28 EDT 2023
### Serial version
### FeffPath is /sdcc/u/mcarbone/software/JFEFF/hsw/feff90/linux
 
Launching FEFF version FEFF 9.9.1
Core hole lifetime is   1.729 eV.
Your calculation:
 comment: None given
 Source:
 Structure Summary:  Rb11 Cu18 Cl30 O2
 Reduced formula:  Rb11Cu18(Cl15O)2
 space group: (C2/m), space number:  (12)
 abc: 13.798751  13.798751  12.803811
 angles: 64.363969  64.363969  48.540879
 sites: 61
Cu K edge XANES using RPA corehole.
Using:     * Self-Consistent Field potentials
Using cards:   ATOMS CONTROL EXCHANGE TITLE RPATH POTENTIALS XANES EDGE SCF FMS S02 COREHOLE EGRID

Calculating atomic potentials ...
    overlapped atomic potential and density for unique potential    0
    overlapped atomic potential and density for unique potential    1
    overlapped atomic potential and density for unique potential    2
    overlapped atomic potential and density for unique potential    3
    overlapped atomic potential and density for unique potential    4
Done with module: atomic potentials.

Calculating SCF potentials ...
FEFF-serial using 1 thread.
Muffin tin radii and interstitial parameters [bohr]:
type, norman radius, muffin tin, overlap factor
    0  1.43537E+00  1.22140E+00  1.15000E+00
    1  2.19592E+00  2.12716E+00  1.08157E+00
    2  1.32149E+00  1.15562E+00  1.15000E+00
    3  1.55883E+00  1.47465E+00  1.15000E+00
    4  1.13836E+00  9.72309E-01  1.15000E+00
Core-valence separation energy:  ecv=   -40.000 eV
Initial Fermi level:              mu=    -0.712 eV
SCF ITERATION NUMBER  1
     point #   1  energy = -40.000
FMS for a cluster of   59 atoms around atom type   0
FMS for a cluster of   50 atoms around atom type   1
FMS for a cluster of   39 atoms around atom type   2
FMS for a cluster of   50 atoms around atom type   3
FMS for a cluster of   38 atoms around atom type   4
     point #  20  energy = -28.904
     point #  40  energy =  -8.654
     point #  60  energy =  -3.632
New Fermi level:    mu=  -3.244 eV  Charge distance=  0.3749 (partial c.d.=  8.4154)
SCF ITERATION NUMBER  1
     point #   1  energy = -40.000
FMS for a cluster of   59 atoms around atom type   0
FMS for a cluster of   50 atoms around atom type   1
FMS for a cluster of   39 atoms around atom type   2
FMS for a cluster of   50 atoms around atom type   3
FMS for a cluster of   38 atoms around atom type   4
     point #  20  energy = -28.769
     point #  40  energy =  -8.349
     point #  60  energy =  -3.244
     point #  80  energy =  -5.144
     point # 100  energy =  -6.948
     point # 120  energy =  -6.591
New Fermi level:    mu=  -6.381 eV  Charge distance=  0.1148 (partial c.d.=  2.1130)
SCF ITERATION NUMBER  1
     point #   1  energy = -40.000
FMS for a cluster of   59 atoms around atom type   0
FMS for a cluster of   50 atoms around atom type   1
FMS for a cluster of   39 atoms around atom type   2
FMS for a cluster of   50 atoms around atom type   3
FMS for a cluster of   38 atoms around atom type   4
     point #  20  energy = -28.794
     point #  40  energy =  -8.419
     point #  60  energy =  -6.369
     point #  80  energy =  -5.403
New Fermi level:    mu=  -5.284 eV  Charge distance=  0.0600 (partial c.d.=  0.2981)
SCF ITERATION NUMBER  2
     point #   1  energy = -40.000
     point #  20  energy = -28.768
     point #  40  energy =  -8.347
     point #  60  energy =  -5.272
New Fermi level:    mu=  -5.066 eV  Charge distance=  0.1654 (partial c.d.=  0.0916)
SCF ITERATION NUMBER  3
     point #   1  energy = -40.000
     point #  20  energy = -29.021
     point #  40  energy =  -9.059
     point #  60  energy =  -5.066
New Fermi level:    mu=  -5.102 eV  Charge distance=  0.0363 (partial c.d.=  0.1018)
SCF ITERATION NUMBER  4
     point #   1  energy = -40.000
     point #  20  energy = -28.709
     point #  40  energy =  -8.181
     point #  60  energy =  -5.089
New Fermi level:    mu=  -5.011 eV  Charge distance=  0.0042 (partial c.d.=  0.0733)
SCF ITERATION NUMBER  5
     point #   1  energy = -40.000
     point #  20  energy = -29.004
     point #  40  energy =  -9.010
     point #  60  energy =  -5.011
New Fermi level:    mu=  -5.023 eV  Charge distance=  0.0013 (partial c.d.=  0.0081)
SCF ITERATION NUMBER  6
     point #   1  energy = -40.000
     point #  20  energy = -29.007
     point #  40  energy =  -9.021
     point #  60  energy =  -5.023
New Fermi level:    mu=  -5.025 eV  Charge distance=  0.0027 (partial c.d.=  0.0013)
SCF ITERATION NUMBER  7
     point #   1  energy = -40.000
     point #  20  energy = -29.008
     point #  40  energy =  -9.022
     point #  60  energy =  -5.025
New Fermi level:    mu=  -5.026 eV  Charge distance=  0.0005 (partial c.d.=  0.0023)
SCF ITERATION NUMBER  8
     point #   1  energy = -40.000
     point #  20  energy = -29.008
     point #  40  energy =  -9.023
     point #  60  energy =  -5.026
New Fermi level:    mu=  -5.024 eV  Charge distance=  0.0008 (partial c.d.=  0.0002)
SCF ITERATION NUMBER  9
     point #   1  energy = -40.000
     point #  20  energy = -29.007
     point #  40  energy =  -9.021
     point #  60  energy =  -5.024
New Fermi level:    mu=  -5.020 eV  Charge distance=  0.0001 (partial c.d.=  0.0004)
SCF ITERATION NUMBER 10
     point #   1  energy = -40.000
     point #  20  energy = -29.006
     point #  40  energy =  -9.018
     point #  60  energy =  -5.020
New Fermi level:    mu=  -5.020 eV  Charge distance=  0.0001 (partial c.d.=  0.0001)
Electronic configuration
  type     l     N_el
     0     0    0.658
     0     1    0.482
     0     2    9.705
     0     3    0.000
     1     0    2.218
     1     1    6.224
     1     2    0.368
     1     3    0.000
     2     0    0.586
     2     1    0.668
     2     2    9.599
     2     3    0.000
     3     0    1.976
     3     1    5.020
     3     2    0.130
     3     3    0.000
     4     0    1.900
     4     1    4.491
     4     2    0.100
     4     3    0.000
Charge transfer:  type  charge
       0   -0.155
       1   -0.191
       2   -0.147
       3    0.125
       4    0.492
Convergence reached in   10 iterations.
Done with module: potentials.

Calculating screened core-hole potential ...
FMS for a cluster of    7 atoms around iph =   0
    0% of energy integration
   20%
   40%
   60%
   80%
  100%
Preparing response function.
Computing (1 - K Chi0)^-1 v_ch
Done with module: screened core-hole potential.

Calculating cross-section and phases ...
    absorption cross section
 x0,dx,rnrm,inrm,jnrm   8.80000000000000       5.000000000000000E-002
   2.71246054800021              196         197
    phase shifts for unique potential    0
    phase shifts for unique potential    1
    phase shifts for unique potential    2
    phase shifts for unique potential    3
    phase shifts for unique potential    4
Done with module: cross-section and phases (XSPH).

FMS calculation of full Green's function ...
FEFF-serial using 1 thread.
Using   194 energy points.
xprep done
FMS for a cluster of  119 atoms
Energy point    1/ 194
Energy point   10/ 194
Energy point   20/ 194
Energy point   30/ 194
Energy point   40/ 194
Energy point   50/ 194
Energy point   60/ 194
Energy point   70/ 194
Energy point   80/ 194
Energy point   90/ 194
Energy point  100/ 194
Energy point  110/ 194
Energy point  120/ 194
Energy point  130/ 194
Energy point  140/ 194
Energy point  150/ 194
Energy point  160/ 194
Energy point  170/ 194
Energy point  180/ 194
Energy point  190/ 194
Done with module: FMS.

MKGTR: Tracing over Green's function ...
Done with module: MKGTR.

Pathfinder: finding scattering paths...
Preparing plane wave scattering amplitudes
Searching for paths
Eliminating path degeneracies
0 paths retained.
Done with module: pathfinder.

Calculating EXAFS parameters ...
Done with module: EXAFS parameters (GENFMT).

Calculating XAS spectra ...
Done with module: XAS spectra (FF2X: DW + final sum over paths).

 
### feff ends at Sun Aug 13 20:44:03 EDT 2023
 
