### feff starts at Sun Aug 13 17:30:28 EDT 2023
### Serial version
### FeffPath is /sdcc/u/mcarbone/software/JFEFF/hsw/feff90/linux
 
Launching FEFF version FEFF 9.9.1
Core hole lifetime is   1.729 eV.
Your calculation:
 comment: None given
 Source:
 Structure Summary:  Cu2 Ag4 N8 O24
 Reduced formula:  CuAg2(NO3)4
 space group: (P-1), space number:  (2)
 abc:  7.735578   8.366699   8.751101
 angles: 65.550666  86.821427  86.010547
 sites: 38
Cu K edge XANES using RPA corehole.
Using:     * Self-Consistent Field potentials
Using cards:   ATOMS CONTROL EXCHANGE TITLE RPATH POTENTIALS XANES EDGE SCF FMS S02 COREHOLE EGRID

Calculating atomic potentials ...
    overlapped atomic potential and density for unique potential    0
    overlapped atomic potential and density for unique potential    1
    overlapped atomic potential and density for unique potential    2
    overlapped atomic potential and density for unique potential    3
    overlapped atomic potential and density for unique potential    4
Done with module: atomic potentials.

Calculating SCF potentials ...
FEFF-serial using 1 thread.
Muffin tin radii and interstitial parameters [bohr]:
type, norman radius, muffin tin, overlap factor
    0  1.37515E+00  1.30992E+00  1.13146E+00
    1  1.37992E+00  1.31471E+00  1.13089E+00
    2  1.74086E+00  1.69688E+00  1.06437E+00
    3  8.83295E-01  6.82113E-01  1.15000E+00
    4  1.00534E+00  8.96132E-01  1.15000E+00
Core-valence separation energy:  ecv=   -40.000 eV
Initial Fermi level:              mu=    10.384 eV
SCF ITERATION NUMBER  1
     point #   1  energy = -40.000
FMS for a cluster of  111 atoms around atom type   0
FMS for a cluster of   69 atoms around atom type   1
FMS for a cluster of   91 atoms around atom type   2
FMS for a cluster of  102 atoms around atom type   3
FMS for a cluster of   97 atoms around atom type   4
     point #  20  energy = -28.901
     point #  40  energy =  -8.651
     point #  60  energy =  -4.639
     point #  80  energy =  -4.129
New Fermi level:    mu=  -4.117 eV  Charge distance=  1.0678 (partial c.d.=  9.6426)
SCF ITERATION NUMBER  1
     point #   1  energy = -40.000
FMS for a cluster of  111 atoms around atom type   0
FMS for a cluster of   69 atoms around atom type   1
FMS for a cluster of   91 atoms around atom type   2
FMS for a cluster of  102 atoms around atom type   3
FMS for a cluster of   97 atoms around atom type   4
     point #  20  energy = -28.723
     point #  40  energy =  -8.218
     point #  60  energy =  -4.117
     point #  80  energy =  -5.777
New Fermi level:    mu=  -5.432 eV  Charge distance=  0.4851 (partial c.d.=  6.0184)
SCF ITERATION NUMBER  1
     point #   1  energy = -40.000
FMS for a cluster of  111 atoms around atom type   0
FMS for a cluster of   69 atoms around atom type   1
FMS for a cluster of   91 atoms around atom type   2
FMS for a cluster of  102 atoms around atom type   3
FMS for a cluster of   97 atoms around atom type   4
     point #  20  energy = -28.816
     point #  40  energy =  -8.482
     point #  60  energy =  -5.445
New Fermi level:    mu=  -5.550 eV  Charge distance=  0.2220 (partial c.d.=  0.3086)
SCF ITERATION NUMBER  2
     point #   1  energy = -40.000
     point #  20  energy = -28.854
     point #  40  energy =  -8.589
     point #  60  energy =  -5.562
New Fermi level:    mu=  -5.582 eV  Charge distance=  0.1359 (partial c.d.=  0.3561)
SCF ITERATION NUMBER  3
     point #   1  energy = -40.000
     point #  20  energy = -28.865
     point #  40  energy =  -8.618
     point #  60  energy =  -5.594
New Fermi level:    mu=  -5.583 eV  Charge distance=  0.0425 (partial c.d.=  0.2686)
SCF ITERATION NUMBER  4
     point #   1  energy = -40.000
     point #  20  energy = -28.865
     point #  40  energy =  -8.620
     point #  60  energy =  -5.596
New Fermi level:    mu=  -5.670 eV  Charge distance=  0.1103 (partial c.d.=  0.3000)
SCF ITERATION NUMBER  5
     point #   1  energy = -40.000
     point #  20  energy = -28.893
     point #  40  energy =  -8.699
     point #  60  energy =  -5.683
New Fermi level:    mu=  -5.689 eV  Charge distance=  0.0101 (partial c.d.=  0.1507)
SCF ITERATION NUMBER  6
     point #   1  energy = -40.000
     point #  20  energy = -28.899
     point #  40  energy =  -8.716
     point #  60  energy =  -5.676
New Fermi level:    mu=  -5.676 eV  Charge distance=  0.0136 (partial c.d.=  0.0132)
SCF ITERATION NUMBER  7
     point #   1  energy = -40.000
     point #  20  energy = -28.895
     point #  40  energy =  -8.705
     point #  60  energy =  -5.664
New Fermi level:    mu=  -5.666 eV  Charge distance=  0.0102 (partial c.d.=  0.0037)
SCF ITERATION NUMBER  8
     point #   1  energy = -40.000
     point #  20  energy = -28.892
     point #  40  energy =  -8.695
     point #  60  energy =  -5.653
New Fermi level:    mu=  -5.659 eV  Charge distance=  0.0004 (partial c.d.=  0.0015)
SCF ITERATION NUMBER  9
     point #   1  energy = -40.000
     point #  20  energy = -28.890
     point #  40  energy =  -8.689
     point #  60  energy =  -5.671
New Fermi level:    mu=  -5.660 eV  Charge distance=  0.0005 (partial c.d.=  0.0006)
SCF ITERATION NUMBER 10
     point #   1  energy = -40.000
     point #  20  energy = -28.890
     point #  40  energy =  -8.690
     point #  60  energy =  -5.672
New Fermi level:    mu=  -5.660 eV  Charge distance=  0.0003 (partial c.d.=  0.0004)
SCF ITERATION NUMBER 11
     point #   1  energy = -40.000
     point #  20  energy = -28.890
     point #  40  energy =  -8.690
     point #  60  energy =  -5.673
New Fermi level:    mu=  -5.661 eV  Charge distance=  0.0000 (partial c.d.=  0.0003)
SCF ITERATION NUMBER 12
     point #   1  energy = -40.000
     point #  20  energy = -28.890
     point #  40  energy =  -8.691
     point #  60  energy =  -5.673
New Fermi level:    mu=  -5.661 eV  Charge distance=  0.0000 (partial c.d.=  0.0001)
Electronic configuration
  type     l     N_el
     0     0    0.532
     0     1    0.725
     0     2    9.606
     0     3    0.000
     1     0    0.534
     1     1    0.707
     1     2    9.612
     1     3    0.000
     2     0    0.602
     2     1    0.617
     2     2    9.821
     2     3    0.000
     3     0    1.336
     3     1    2.935
     3     2    0.351
     3     3    0.000
     4     0    1.805
     4     1    4.178
     4     2    0.149
     4     3    0.000
Charge transfer:  type  charge
       0   -0.137
       1   -0.147
       2    0.040
       3   -0.378
       4    0.132
Convergence reached in   12 iterations.
Done with module: potentials.

Calculating screened core-hole potential ...
FMS for a cluster of   19 atoms around iph =   0
    0% of energy integration
   20%
   40%
   60%
   80%
  100%
Preparing response function.
Computing (1 - K Chi0)^-1 v_ch
Done with module: screened core-hole potential.

Calculating cross-section and phases ...
    absorption cross section
 x0,dx,rnrm,inrm,jnrm   8.80000000000000       5.000000000000000E-002
   2.59865793300019              196         197
    phase shifts for unique potential    0
    phase shifts for unique potential    1
    phase shifts for unique potential    2
    phase shifts for unique potential    3
    phase shifts for unique potential    4
Done with module: cross-section and phases (XSPH).

FMS calculation of full Green's function ...
FEFF-serial using 1 thread.
Using   194 energy points.
xprep done
FMS for a cluster of  223 atoms
Energy point    1/ 194
Energy point   10/ 194
Energy point   20/ 194
Energy point   30/ 194
Energy point   40/ 194
Energy point   50/ 194
Energy point   60/ 194
Energy point   70/ 194
Energy point   80/ 194
Energy point   90/ 194
Energy point  100/ 194
Energy point  110/ 194
Energy point  120/ 194
Energy point  130/ 194
Energy point  140/ 194
Energy point  150/ 194
Energy point  160/ 194
Energy point  170/ 194
Energy point  180/ 194
Energy point  190/ 194
Done with module: FMS.

MKGTR: Tracing over Green's function ...
Done with module: MKGTR.

Pathfinder: finding scattering paths...
Preparing plane wave scattering amplitudes
Searching for paths
Eliminating path degeneracies
0 paths retained.
Done with module: pathfinder.

Calculating EXAFS parameters ...
Done with module: EXAFS parameters (GENFMT).

Calculating XAS spectra ...
Done with module: XAS spectra (FF2X: DW + final sum over paths).

 
### feff ends at Sun Aug 13 18:42:45 EDT 2023
 
