### feff starts at Sun Aug 13 20:21:22 EDT 2023
### Serial version
### FeffPath is /sdcc/u/mcarbone/software/JFEFF/hsw/feff90/linux
 
Launching FEFF version FEFF 9.9.1
Core hole lifetime is   1.729 eV.
Your calculation:
 comment: None given
 Source:
 Structure Summary:  Al2 Cu2 O6
 Reduced formula:  AlCuO3
 space group: (R-3), space number:  (148)
 abc:  5.287445   5.287445   5.287445
 angles: 55.628039  55.628039  55.628035
 sites: 10
Cu K edge XANES using RPA corehole.
Using:     * Self-Consistent Field potentials
Using cards:   ATOMS CONTROL EXCHANGE TITLE RPATH POTENTIALS XANES EDGE SCF FMS S02 COREHOLE EGRID

Calculating atomic potentials ...
    overlapped atomic potential and density for unique potential    0
    overlapped atomic potential and density for unique potential    1
    overlapped atomic potential and density for unique potential    2
    overlapped atomic potential and density for unique potential    3
Done with module: atomic potentials.

Calculating SCF potentials ...
FEFF-serial using 1 thread.
Muffin tin radii and interstitial parameters [bohr]:
type, norman radius, muffin tin, overlap factor
    0  1.30192E+00  1.24070E+00  1.13013E+00
    1  1.33042E+00  1.21270E+00  1.15000E+00
    2  1.30192E+00  1.24070E+00  1.13013E+00
    3  1.08993E+00  1.01624E+00  1.15000E+00
Core-valence separation energy:  ecv=   -40.000 eV
Initial Fermi level:              mu=     2.117 eV
SCF ITERATION NUMBER  1
     point #   1  energy = -40.000
FMS for a cluster of  152 atoms around atom type   0
FMS for a cluster of  142 atoms around atom type   1
FMS for a cluster of  148 atoms around atom type   2
FMS for a cluster of  150 atoms around atom type   3
     point #  20  energy = -28.940
     point #  40  energy =  -8.690
     point #  60  energy =  -3.578
New Fermi level:    mu=  -3.451 eV  Charge distance=  0.5129 (partial c.d.=  7.5164)
SCF ITERATION NUMBER  1
     point #   1  energy = -40.000
FMS for a cluster of  152 atoms around atom type   0
FMS for a cluster of  142 atoms around atom type   1
FMS for a cluster of  148 atoms around atom type   2
FMS for a cluster of  150 atoms around atom type   3
     point #  20  energy = -28.832
     point #  40  energy =  -8.527
     point #  60  energy =  -3.451
     point #  80  energy =  -5.029
     point # 100  energy =  -9.154
     point # 120  energy = -10.026
New Fermi level:    mu= -10.026 eV  Charge distance=  0.0715 (partial c.d.=  2.2183)
SCF ITERATION NUMBER  1
     point #   1  energy = -40.000
FMS for a cluster of  152 atoms around atom type   0
FMS for a cluster of  142 atoms around atom type   1
FMS for a cluster of  148 atoms around atom type   2
FMS for a cluster of  150 atoms around atom type   3
     point #  20  energy = -29.010
     point #  40  energy = -10.026
     point #  60  energy =  -9.935
     point #  80  energy =  -8.398
New Fermi level:    mu=  -8.697 eV  Charge distance=  0.0676 (partial c.d.=  0.5534)
SCF ITERATION NUMBER  2
     point #   1  energy = -40.000
     point #  20  energy = -28.893
     point #  40  energy =  -8.697
     point #  60  energy =  -8.738
New Fermi level:    mu=  -8.971 eV  Charge distance=  0.1511 (partial c.d.=  0.4080)
SCF ITERATION NUMBER  3
     point #   1  energy = -40.000
     point #  20  energy = -28.990
     point #  40  energy =  -8.971
     point #  60  energy =  -9.040
New Fermi level:    mu=  -9.167 eV  Charge distance=  0.1959 (partial c.d.=  8.3473)
SCF ITERATION NUMBER  4
     point #   1  energy = -40.000
     point #  20  energy = -28.694
     point #  40  energy =  -9.167
     point #  60  energy =  -9.104
New Fermi level:    mu=  -9.098 eV  Charge distance=  0.0660 (partial c.d.=  6.0416)
SCF ITERATION NUMBER  5
     point #   1  energy = -40.000
     point #  20  energy = -29.035
     point #  40  energy =  -9.098
     point #  60  energy =  -9.057
     point #  80  energy =  -8.482
New Fermi level:    mu=  -8.533 eV  Charge distance=  0.0528 (partial c.d.=  2.7233)
SCF ITERATION NUMBER  6
     point #   1  energy = -40.000
     point #  20  energy = -28.834
     point #  40  energy =  -8.533
     point #  60  energy =  -8.574
New Fermi level:    mu=  -9.154 eV  Charge distance=  0.0182 (partial c.d.=  1.5258)
SCF ITERATION NUMBER  7
     point #   1  energy = -40.000
     point #  20  energy = -28.690
     point #  40  energy =  -9.154
     point #  60  energy =  -9.092
New Fermi level:    mu=  -9.068 eV  Charge distance=  0.0044 (partial c.d.=  1.2809)
SCF ITERATION NUMBER  8
     point #   1  energy = -40.000
     point #  20  energy = -29.024
     point #  40  energy =  -9.068
New Fermi level:    mu=  -9.056 eV  Charge distance=  0.0189 (partial c.d.=  0.0207)
SCF ITERATION NUMBER  9
     point #   1  energy = -40.000
     point #  20  energy = -29.020
     point #  40  energy =  -9.056
     point #  60  energy =  -9.106
New Fermi level:    mu=  -9.097 eV  Charge distance=  0.0133 (partial c.d.=  1.4680)
SCF ITERATION NUMBER 10
     point #   1  energy = -40.000
     point #  20  energy = -29.034
     point #  40  energy =  -9.097
New Fermi level:    mu=  -9.084 eV  Charge distance=  0.0054 (partial c.d.=  1.2185)
SCF ITERATION NUMBER 11
     point #   1  energy = -40.000
     point #  20  energy = -29.030
     point #  40  energy =  -9.084
New Fermi level:    mu=  -9.059 eV  Charge distance=  0.0065 (partial c.d.=  0.0345)
SCF ITERATION NUMBER 12
     point #   1  energy = -40.000
     point #  20  energy = -29.021
     point #  40  energy =  -9.059
New Fermi level:    mu=  -9.046 eV  Charge distance=  0.0146 (partial c.d.=  0.2075)
SCF ITERATION NUMBER 13
     point #   1  energy = -40.000
     point #  20  energy = -29.016
     point #  40  energy =  -9.046
New Fermi level:    mu=  -9.031 eV  Charge distance=  0.0023 (partial c.d.=  0.3460)
SCF ITERATION NUMBER 14
     point #   1  energy = -40.000
     point #  20  energy = -29.011
     point #  40  energy =  -9.031
New Fermi level:    mu=  -9.036 eV  Charge distance=  0.0010 (partial c.d.=  0.1113)
SCF ITERATION NUMBER 15
     point #   1  energy = -40.000
     point #  20  energy = -29.013
     point #  40  energy =  -9.036
New Fermi level:    mu=  -9.040 eV  Charge distance=  0.0002 (partial c.d.=  0.0365)
SCF ITERATION NUMBER 16
     point #   1  energy = -40.000
     point #  20  energy = -29.014
     point #  40  energy =  -9.040
New Fermi level:    mu=  -9.040 eV  Charge distance=  0.0003 (partial c.d.=  0.0268)
SCF ITERATION NUMBER 17
     point #   1  energy = -40.000
     point #  20  energy = -29.014
     point #  40  energy =  -9.040
New Fermi level:    mu=  -9.040 eV  Charge distance=  0.0005 (partial c.d.=  0.0075)
SCF ITERATION NUMBER 18
     point #   1  energy = -40.000
     point #  20  energy = -29.014
     point #  40  energy =  -9.040
New Fermi level:    mu=  -9.040 eV  Charge distance=  0.0006 (partial c.d.=  0.0035)
SCF ITERATION NUMBER 19
     point #   1  energy = -40.000
     point #  20  energy = -29.014
     point #  40  energy =  -9.040
New Fermi level:    mu=  -9.040 eV  Charge distance=  0.0000 (partial c.d.=  0.0039)
SCF ITERATION NUMBER 20
     point #   1  energy = -40.000
     point #  20  energy = -29.014
     point #  40  energy =  -9.040
New Fermi level:    mu=  -9.040 eV  Charge distance=  0.0002 (partial c.d.=  0.0015)
SCF ITERATION NUMBER 21
     point #   1  energy = -40.000
     point #  20  energy = -29.014
     point #  40  energy =  -9.040
New Fermi level:    mu=  -9.040 eV  Charge distance=  0.0002 (partial c.d.=  0.0001)
Electronic configuration
  type     l     N_el
     0     0    0.452
     0     1    0.626
     0     2    9.319
     0     3    0.000
     1     0    0.708
     1     1    1.159
     1     2    0.747
     1     3    0.000
     2     0    0.451
     2     1    0.626
     2     2    9.320
     2     3    0.000
     3     0    1.841
     3     1    4.435
     3     2    0.054
     3     3    0.000
Charge transfer:  type  charge
       0   -0.603
       1   -0.386
       2   -0.602
       3    0.330
Convergence reached in   21 iterations.
Done with module: potentials.

Calculating screened core-hole potential ...
FMS for a cluster of   33 atoms around iph =   0
    0% of energy integration
   20%
   40%
   60%
   80%
  100%
Preparing response function.
Computing (1 - K Chi0)^-1 v_ch
Done with module: screened core-hole potential.

Calculating cross-section and phases ...
    absorption cross section
 x0,dx,rnrm,inrm,jnrm   8.80000000000000       5.000000000000000E-002
   2.46027700199980              195         196
    phase shifts for unique potential    0
    phase shifts for unique potential    1
    phase shifts for unique potential    2
    phase shifts for unique potential    3
Done with module: cross-section and phases (XSPH).

FMS calculation of full Green's function ...
FEFF-serial using 1 thread.
Using   194 energy points.
xprep done
FMS for a cluster of  329 atoms
Energy point    1/ 194
Energy point   10/ 194
Energy point   20/ 194
Energy point   30/ 194
Energy point   40/ 194
Energy point   50/ 194
Energy point   60/ 194
Energy point   70/ 194
Energy point   80/ 194
Energy point   90/ 194
Energy point  100/ 194
Energy point  110/ 194
Energy point  120/ 194
Energy point  130/ 194
Energy point  140/ 194
Energy point  150/ 194
Energy point  160/ 194
Energy point  170/ 194
Energy point  180/ 194
Energy point  190/ 194
Done with module: FMS.

MKGTR: Tracing over Green's function ...
Done with module: MKGTR.

Pathfinder: finding scattering paths...
Preparing plane wave scattering amplitudes
Searching for paths
Eliminating path degeneracies
0 paths retained.
Done with module: pathfinder.

Calculating EXAFS parameters ...
Done with module: EXAFS parameters (GENFMT).

Calculating XAS spectra ...
Done with module: XAS spectra (FF2X: DW + final sum over paths).

 
### feff ends at Mon Aug 14 00:01:45 EDT 2023
 
