### feff starts at Mon Aug 14 11:15:14 EDT 2023
### Serial version
### FeffPath is /sdcc/u/mcarbone/software/JFEFF/hsw/feff90/linux
 
Launching FEFF version FEFF 9.9.1
Core hole lifetime is   1.729 eV.
Your calculation:
 comment: None given
 Source:
 Structure Summary:  Cu6 O1 F11
 Reduced formula:  Cu6OF11
 space group: (P1), space number:  (1)
 abc:  4.644327   5.434838   8.456417
 angles: 87.177418  88.323407  89.393943
 sites: 18
Cu K edge XANES using RPA corehole.
Using:     * Self-Consistent Field potentials
Using cards:   ATOMS CONTROL EXCHANGE TITLE RPATH POTENTIALS XANES EDGE SCF FMS S02 COREHOLE EGRID

Calculating atomic potentials ...
    overlapped atomic potential and density for unique potential    0
    overlapped atomic potential and density for unique potential    1
    overlapped atomic potential and density for unique potential    2
    overlapped atomic potential and density for unique potential    3
Done with module: atomic potentials.

Calculating SCF potentials ...
FEFF-serial using 1 thread.
Muffin tin radii and interstitial parameters [bohr]:
type, norman radius, muffin tin, overlap factor
    0  1.35584E+00  1.25589E+00  1.15000E+00
    1  1.35046E+00  1.24943E+00  1.15000E+00
    2  1.12817E+00  9.96723E-01  1.15000E+00
    3  1.13303E+00  1.04196E+00  1.15000E+00
Core-valence separation energy:  ecv=   -40.000 eV
Initial Fermi level:              mu=     2.250 eV
SCF ITERATION NUMBER  1
     point #   1  energy = -40.000
FMS for a cluster of  117 atoms around atom type   0
FMS for a cluster of  115 atoms around atom type   1
FMS for a cluster of  113 atoms around atom type   2
FMS for a cluster of  116 atoms around atom type   3
     point #  20  energy = -28.915
     point #  40  energy =  -8.665
     point #  60  energy =  -1.146
     point #  80  energy =  -2.355
New Fermi level:    mu=  -2.660 eV  Charge distance=  0.2413 (partial c.d.=  8.9348)
SCF ITERATION NUMBER  1
     point #   1  energy = -40.000
FMS for a cluster of  117 atoms around atom type   0
FMS for a cluster of  115 atoms around atom type   1
FMS for a cluster of  113 atoms around atom type   2
FMS for a cluster of  116 atoms around atom type   3
     point #  20  energy = -28.899
     point #  40  energy =  -8.715
     point #  60  energy =  -2.660
     point #  80  energy =  -4.306
     point # 100  energy =  -6.360
     point # 120  energy =  -6.663
New Fermi level:    mu=  -6.658 eV  Charge distance=  0.2050 (partial c.d.=  0.8178)
SCF ITERATION NUMBER  1
     point #   1  energy = -40.000
FMS for a cluster of  117 atoms around atom type   0
FMS for a cluster of  115 atoms around atom type   1
FMS for a cluster of  113 atoms around atom type   2
FMS for a cluster of  116 atoms around atom type   3
     point #  20  energy = -28.886
     point #  40  energy =  -8.679
     point #  60  energy =  -6.646
     point #  80  energy =  -6.355
New Fermi level:    mu=  -6.512 eV  Charge distance=  0.1089 (partial c.d.=  1.3071)
SCF ITERATION NUMBER  2
     point #   1  energy = -40.000
     point #  20  energy = -28.837
     point #  40  energy =  -8.542
     point #  60  energy =  -6.487
New Fermi level:    mu=  -6.442 eV  Charge distance=  0.2307 (partial c.d.=  1.9062)
SCF ITERATION NUMBER  3
     point #   1  energy = -40.000
     point #  20  energy = -28.814
     point #  40  energy =  -8.476
     point #  60  energy =  -6.455
     point #  80  energy =  -6.530
New Fermi level:    mu=  -6.567 eV  Charge distance=  0.0472 (partial c.d.=  1.9337)
SCF ITERATION NUMBER  4
     point #   1  energy = -40.000
     point #  20  energy = -28.856
     point #  40  energy =  -8.594
     point #  60  energy =  -6.592
New Fermi level:    mu=  -6.645 eV  Charge distance=  0.0733 (partial c.d.=  0.0112)
SCF ITERATION NUMBER  5
     point #   1  energy = -40.000
     point #  20  energy = -28.882
     point #  40  energy =  -8.667
     point #  60  energy =  -6.658
New Fermi level:    mu=  -6.868 eV  Charge distance=  0.0745 (partial c.d.=  0.0898)
SCF ITERATION NUMBER  6
     point #   1  energy = -40.000
     point #  20  energy = -28.956
     point #  40  energy =  -8.876
     point #  60  energy =  -6.893
New Fermi level:    mu=  -6.905 eV  Charge distance=  0.0964 (partial c.d.=  0.1872)
SCF ITERATION NUMBER  7
     point #   1  energy = -40.000
     point #  20  energy = -28.968
     point #  40  energy =  -8.911
     point #  60  energy =  -6.880
New Fermi level:    mu=  -6.830 eV  Charge distance=  0.0711 (partial c.d.=  1.3835)
SCF ITERATION NUMBER  8
     point #   1  energy = -40.000
     point #  20  energy = -28.943
     point #  40  energy =  -8.840
     point #  60  energy =  -6.855
New Fermi level:    mu=  -6.910 eV  Charge distance=  0.0166 (partial c.d.=  1.3337)
SCF ITERATION NUMBER  9
     point #   1  energy = -40.000
     point #  20  energy = -28.970
     point #  40  energy =  -8.916
New Fermi level:    mu=  -6.909 eV  Charge distance=  0.0744 (partial c.d.=  0.0313)
SCF ITERATION NUMBER 10
     point #   1  energy = -40.000
     point #  20  energy = -28.970
     point #  40  energy =  -8.914
     point #  60  energy =  -6.884
New Fermi level:    mu=  -6.888 eV  Charge distance=  0.0284 (partial c.d.=  0.3398)
SCF ITERATION NUMBER 11
     point #   1  energy = -40.000
     point #  20  energy = -28.963
     point #  40  energy =  -8.895
     point #  60  energy =  -6.913
New Fermi level:    mu=  -6.900 eV  Charge distance=  0.0046 (partial c.d.=  0.1680)
SCF ITERATION NUMBER 12
     point #   1  energy = -40.000
     point #  20  energy = -28.967
     point #  40  energy =  -8.906
New Fermi level:    mu=  -6.898 eV  Charge distance=  0.0003 (partial c.d.=  0.0322)
SCF ITERATION NUMBER 13
     point #   1  energy = -40.000
     point #  20  energy = -28.966
     point #  40  energy =  -8.904
New Fermi level:    mu=  -6.898 eV  Charge distance=  0.0004 (partial c.d.=  0.0015)
SCF ITERATION NUMBER 14
     point #   1  energy = -40.000
     point #  20  energy = -28.966
     point #  40  energy =  -8.904
New Fermi level:    mu=  -6.898 eV  Charge distance=  0.0006 (partial c.d.=  0.0018)
SCF ITERATION NUMBER 15
     point #   1  energy = -40.000
     point #  20  energy = -28.966
     point #  40  energy =  -8.904
New Fermi level:    mu=  -6.898 eV  Charge distance=  0.0003 (partial c.d.=  0.0015)
SCF ITERATION NUMBER 16
     point #   1  energy = -40.000
     point #  20  energy = -28.966
     point #  40  energy =  -8.904
New Fermi level:    mu=  -6.898 eV  Charge distance=  0.0003 (partial c.d.=  0.0001)
Electronic configuration
  type     l     N_el
     0     0    0.433
     0     1    0.560
     0     2    9.559
     0     3    0.000
     1     0    0.454
     1     1    0.560
     1     2    9.548
     1     3    0.000
     2     0    1.869
     2     1    4.426
     2     2    0.093
     2     3    0.000
     3     0    1.959
     3     1    5.186
     3     2    0.058
     3     3    0.000
Charge transfer:  type  charge
       0   -0.449
       1   -0.437
       2    0.389
       3    0.204
Convergence reached in   16 iterations.
Done with module: potentials.

Calculating screened core-hole potential ...
FMS for a cluster of   26 atoms around iph =   0
    0% of energy integration
   20%
   40%
   60%
   80%
  100%
Preparing response function.
Computing (1 - K Chi0)^-1 v_ch
Done with module: screened core-hole potential.

Calculating cross-section and phases ...
    absorption cross section
 x0,dx,rnrm,inrm,jnrm   8.80000000000000       5.000000000000000E-002
   2.56217487300001              195         196
    phase shifts for unique potential    0
    phase shifts for unique potential    1
    phase shifts for unique potential    2
    phase shifts for unique potential    3
Done with module: cross-section and phases (XSPH).

FMS calculation of full Green's function ...
FEFF-serial using 1 thread.
Using   194 energy points.
xprep done
FMS for a cluster of  260 atoms
Energy point    1/ 194
Energy point   10/ 194
Energy point   20/ 194
Energy point   30/ 194
Energy point   40/ 194
Energy point   50/ 194
Energy point   60/ 194
Energy point   70/ 194
Energy point   80/ 194
Energy point   90/ 194
Energy point  100/ 194
Energy point  110/ 194
Energy point  120/ 194
Energy point  130/ 194
Energy point  140/ 194
Energy point  150/ 194
Energy point  160/ 194
Energy point  170/ 194
Energy point  180/ 194
Energy point  190/ 194
Done with module: FMS.

MKGTR: Tracing over Green's function ...
Done with module: MKGTR.

Pathfinder: finding scattering paths...
Preparing plane wave scattering amplitudes
Searching for paths
Eliminating path degeneracies
0 paths retained.
Done with module: pathfinder.

Calculating EXAFS parameters ...
Done with module: EXAFS parameters (GENFMT).

Calculating XAS spectra ...
Done with module: XAS spectra (FF2X: DW + final sum over paths).

 
### feff ends at Mon Aug 14 13:13:34 EDT 2023
 
