### feff starts at Mon Aug 14 07:50:22 EDT 2023
### Serial version
### FeffPath is /sdcc/u/mcarbone/software/JFEFF/hsw/feff90/linux
 
Launching FEFF version FEFF 9.9.1
Core hole lifetime is   1.729 eV.
Your calculation:
 comment: None given
 Source:
 Structure Summary:  Ca2 Cu4 O8
 Reduced formula:  Ca(CuO2)2
 space group: (P2_1), space number:  (4)
 abc: 10.347407   3.382003   5.455685
 angles: 89.890537  90.000000  90.000000
 sites: 14
Cu K edge XANES using RPA corehole.
Using:     * Self-Consistent Field potentials
Using cards:   ATOMS CONTROL EXCHANGE TITLE RPATH POTENTIALS XANES EDGE SCF FMS S02 COREHOLE EGRID

Calculating atomic potentials ...
    overlapped atomic potential and density for unique potential    0
    overlapped atomic potential and density for unique potential    1
    overlapped atomic potential and density for unique potential    2
    overlapped atomic potential and density for unique potential    3
Done with module: atomic potentials.

Calculating SCF potentials ...
FEFF-serial using 1 thread.
Muffin tin radii and interstitial parameters [bohr]:
type, norman radius, muffin tin, overlap factor
    0  1.25374E+00  1.12646E+00  1.15000E+00
    1  1.74527E+00  1.67684E+00  1.10524E+00
    2  1.24945E+00  1.12464E+00  1.15000E+00
    3  1.10571E+00  1.03239E+00  1.15000E+00
Core-valence separation energy:  ecv=   -40.000 eV
Initial Fermi level:              mu=    -0.245 eV
SCF ITERATION NUMBER  1
     point #   1  energy = -40.000
FMS for a cluster of  111 atoms around atom type   0
FMS for a cluster of  107 atoms around atom type   1
FMS for a cluster of   97 atoms around atom type   2
FMS for a cluster of  106 atoms around atom type   3
     point #  20  energy = -28.808
     point #  40  energy =  -8.558
     point #  60  energy =  -4.945
     point #  80  energy =  -4.923
New Fermi level:    mu=  -4.935 eV  Charge distance=  0.8522 (partial c.d.=  6.6717)
SCF ITERATION NUMBER  1
     point #   1  energy = -40.000
FMS for a cluster of  111 atoms around atom type   0
FMS for a cluster of  107 atoms around atom type   1
FMS for a cluster of   97 atoms around atom type   2
FMS for a cluster of  106 atoms around atom type   3
     point #  20  energy = -28.980
     point #  40  energy =  -8.943
     point #  60  energy =  -4.935
     point #  80  energy =  -6.513
     point # 100  energy = -10.491
New Fermi level:    mu= -10.789 eV  Charge distance=  0.2377 (partial c.d.=  4.4139)
SCF ITERATION NUMBER  1
     point #   1  energy = -40.000
FMS for a cluster of  111 atoms around atom type   0
FMS for a cluster of  107 atoms around atom type   1
FMS for a cluster of   97 atoms around atom type   2
FMS for a cluster of  106 atoms around atom type   3
     point #  20  energy = -28.920
     point #  40  energy = -10.789
     point #  60  energy = -10.698
     point #  80  energy =  -9.664
New Fermi level:    mu=  -9.725 eV  Charge distance=  0.1618 (partial c.d.=  0.7550)
SCF ITERATION NUMBER  2
     point #   1  energy = -40.000
     point #  20  energy = -28.899
     point #  40  energy =  -9.725
     point #  60  energy =  -9.634
New Fermi level:    mu=  -9.126 eV  Charge distance=  0.4006 (partial c.d.=  0.1434)
SCF ITERATION NUMBER  3
     point #   1  energy = -40.000
     point #  20  energy = -28.679
     point #  40  energy =  -9.126
     point #  60  energy =  -9.029
New Fermi level:    mu=  -8.936 eV  Charge distance=  0.1218 (partial c.d.=  0.5699)
SCF ITERATION NUMBER  4
     point #   1  energy = -40.000
     point #  20  energy = -28.977
     point #  40  energy =  -8.936
     point #  60  energy =  -9.005
New Fermi level:    mu=  -9.072 eV  Charge distance=  0.0804 (partial c.d.=  1.0914)
SCF ITERATION NUMBER  5
     point #   1  energy = -40.000
     point #  20  energy = -29.025
     point #  40  energy =  -9.072
New Fermi level:    mu=  -9.037 eV  Charge distance=  0.0154 (partial c.d.=  0.6569)
SCF ITERATION NUMBER  6
     point #   1  energy = -40.000
     point #  20  energy = -29.013
     point #  40  energy =  -9.037
     point #  60  energy =  -9.087
New Fermi level:    mu=  -9.079 eV  Charge distance=  0.0126 (partial c.d.=  0.0567)
SCF ITERATION NUMBER  7
     point #   1  energy = -40.000
     point #  20  energy = -29.028
     point #  40  energy =  -9.079
     point #  60  energy =  -9.129
New Fermi level:    mu=  -9.125 eV  Charge distance=  0.0019 (partial c.d.=  0.0219)
SCF ITERATION NUMBER  8
     point #   1  energy = -40.000
     point #  20  energy = -28.679
     point #  40  energy =  -9.125
New Fermi level:    mu=  -9.124 eV  Charge distance=  0.0010 (partial c.d.=  0.0240)
SCF ITERATION NUMBER  9
     point #   1  energy = -40.000
     point #  20  energy = -28.679
     point #  40  energy =  -9.124
New Fermi level:    mu=  -9.115 eV  Charge distance=  0.0018 (partial c.d.=  0.0075)
SCF ITERATION NUMBER 10
     point #   1  energy = -40.000
     point #  20  energy = -29.041
     point #  40  energy =  -9.115
New Fermi level:    mu=  -9.110 eV  Charge distance=  0.0011 (partial c.d.=  0.0041)
SCF ITERATION NUMBER 11
     point #   1  energy = -40.000
     point #  20  energy = -29.039
     point #  40  energy =  -9.110
New Fermi level:    mu=  -9.105 eV  Charge distance=  0.0005 (partial c.d.=  0.0009)
SCF ITERATION NUMBER 12
     point #   1  energy = -40.000
     point #  20  energy = -29.037
     point #  40  energy =  -9.105
New Fermi level:    mu=  -9.104 eV  Charge distance=  0.0002 (partial c.d.=  0.0013)
SCF ITERATION NUMBER 13
     point #   1  energy = -40.000
     point #  20  energy = -29.037
     point #  40  energy =  -9.104
New Fermi level:    mu=  -9.104 eV  Charge distance=  0.0001 (partial c.d.=  0.0003)
SCF ITERATION NUMBER 14
     point #   1  energy = -40.000
     point #  20  energy = -29.037
     point #  40  energy =  -9.104
New Fermi level:    mu=  -9.104 eV  Charge distance=  0.0001 (partial c.d.=  0.0000)
Electronic configuration
  type     l     N_el
     0     0    0.521
     0     1    0.657
     0     2    9.207
     0     3    0.000
     1     0    0.343
     1     1    6.562
     1     2    0.977
     1     3    0.000
     2     0    0.513
     2     1    0.635
     2     2    9.268
     2     3    0.000
     3     0    1.862
     3     1    4.383
     3     2    0.076
     3     3    0.000
Charge transfer:  type  charge
       0   -0.614
       1   -0.117
       2   -0.585
       3    0.322
Convergence reached in   14 iterations.
Done with module: potentials.

Calculating screened core-hole potential ...
FMS for a cluster of   24 atoms around iph =   0
    0% of energy integration
   20%
   40%
   60%
   80%
  100%
Preparing response function.
Computing (1 - K Chi0)^-1 v_ch
Done with module: screened core-hole potential.

Calculating cross-section and phases ...
    absorption cross section
 x0,dx,rnrm,inrm,jnrm   8.80000000000000       5.000000000000000E-002
   2.36921860099992              194         195
    phase shifts for unique potential    0
    phase shifts for unique potential    1
    phase shifts for unique potential    2
    phase shifts for unique potential    3
Done with module: cross-section and phases (XSPH).

FMS calculation of full Green's function ...
FEFF-serial using 1 thread.
Using   194 energy points.
xprep done
FMS for a cluster of  224 atoms
Energy point    1/ 194
Energy point   10/ 194
Energy point   20/ 194
Energy point   30/ 194
Energy point   40/ 194
Energy point   50/ 194
Energy point   60/ 194
Energy point   70/ 194
Energy point   80/ 194
Energy point   90/ 194
Energy point  100/ 194
Energy point  110/ 194
Energy point  120/ 194
Energy point  130/ 194
Energy point  140/ 194
Energy point  150/ 194
Energy point  160/ 194
Energy point  170/ 194
Energy point  180/ 194
Energy point  190/ 194
Done with module: FMS.

MKGTR: Tracing over Green's function ...
Done with module: MKGTR.

Pathfinder: finding scattering paths...
Preparing plane wave scattering amplitudes
Searching for paths
Eliminating path degeneracies
0 paths retained.
Done with module: pathfinder.

Calculating EXAFS parameters ...
Done with module: EXAFS parameters (GENFMT).

Calculating XAS spectra ...
Done with module: XAS spectra (FF2X: DW + final sum over paths).

 
### feff ends at Mon Aug 14 09:11:29 EDT 2023
 
