### feff starts at Mon Aug 14 05:05:09 EDT 2023
### Serial version
### FeffPath is /sdcc/u/mcarbone/software/JFEFF/hsw/feff90/linux
 
Launching FEFF version FEFF 9.9.1
Resetting lmaxsc to 2 for iph =    1.  Use  UNFREEZE to prevent this.
Core hole lifetime is   1.729 eV.
Your calculation:
 comment: None given
 Source:
 Structure Summary:  Ta8 Cu4 O24
 Reduced formula:  Ta2CuO6
 space group: (Pmmm), space number:  (47)
 abc:  7.546503   7.565853   7.607822
 angles: 90.000000  90.000000  90.000000
 sites: 36
Cu K edge XANES using RPA corehole.
Using:     * Self-Consistent Field potentials
Using cards:   ATOMS CONTROL EXCHANGE TITLE RPATH POTENTIALS XANES EDGE SCF FMS S02 COREHOLE EGRID

Calculating atomic potentials ...
    overlapped atomic potential and density for unique potential    0
    overlapped atomic potential and density for unique potential    1
    overlapped atomic potential and density for unique potential    2
    overlapped atomic potential and density for unique potential    3
Done with module: atomic potentials.

Calculating SCF potentials ...
FEFF-serial using 1 thread.
Muffin tin radii and interstitial parameters [bohr]:
type, norman radius, muffin tin, overlap factor
    0  1.33134E+00  1.25715E+00  1.15000E+00
    1  1.46431E+00  1.31481E+00  1.15000E+00
    2  1.33460E+00  1.26214E+00  1.15000E+00
    3  1.08811E+00  1.01226E+00  1.15000E+00
Core-valence separation energy:  ecv=   -33.000 eV
Initial Fermi level:              mu=     3.390 eV
SCF ITERATION NUMBER  1
     point #   1  energy = -33.000
FMS for a cluster of  127 atoms around atom type   0
FMS for a cluster of  108 atoms around atom type   1
FMS for a cluster of  109 atoms around atom type   2
FMS for a cluster of  116 atoms around atom type   3
     point #  20  energy = -21.876
     point #  40  energy =  -5.991
     point #  60  energy =  -4.704
New Fermi level:    mu=  -4.600 eV  Charge distance=  1.1304 (partial c.d.=  4.9145)
SCF ITERATION NUMBER  1
     point #   1  energy = -33.000
FMS for a cluster of  127 atoms around atom type   0
FMS for a cluster of  108 atoms around atom type   1
FMS for a cluster of  109 atoms around atom type   2
FMS for a cluster of  116 atoms around atom type   3
     point #  20  energy = -21.843
     point #  40  energy =  -4.600
     point #  60  energy =  -4.769
     point #  80  energy =  -6.906
     point # 100  energy =  -5.997
     point # 120  energy =  -5.712
New Fermi level:    mu=  -5.646 eV  Charge distance=  0.3858 (partial c.d.=  5.9441)
SCF ITERATION NUMBER  1
     point #   1  energy = -33.000
FMS for a cluster of  127 atoms around atom type   0
FMS for a cluster of  108 atoms around atom type   1
FMS for a cluster of  109 atoms around atom type   2
FMS for a cluster of  116 atoms around atom type   3
     point #  20  energy = -21.856
     point #  40  energy =  -5.646
New Fermi level:    mu=  -5.705 eV  Charge distance=  0.1973 (partial c.d.=  0.3789)
SCF ITERATION NUMBER  2
     point #   1  energy = -33.000
     point #  20  energy = -21.880
     point #  40  energy =  -5.705
     point #  60  energy =  -5.946
     point #  80  energy =  -6.018
New Fermi level:    mu=  -5.951 eV  Charge distance=  0.2651 (partial c.d.=  0.2957)
SCF ITERATION NUMBER  3
     point #   1  energy = -33.000
     point #  20  energy = -21.980
     point #  40  energy =  -5.951
     point #  60  energy =  -6.132
New Fermi level:    mu=  -6.102 eV  Charge distance=  0.2823 (partial c.d.=  1.5518)
SCF ITERATION NUMBER  4
     point #   1  energy = -33.000
     point #  20  energy = -22.042
     point #  40  energy =  -6.102
New Fermi level:    mu=  -6.164 eV  Charge distance=  0.0777 (partial c.d.=  1.7691)
SCF ITERATION NUMBER  5
     point #   1  energy = -33.000
     point #  20  energy = -22.067
     point #  40  energy =  -6.164
     point #  60  energy =  -6.264
New Fermi level:    mu=  -6.267 eV  Charge distance=  0.1203 (partial c.d.=  0.0634)
SCF ITERATION NUMBER  6
     point #   1  energy = -33.000
     point #  20  energy = -21.690
     point #  40  energy =  -6.267
New Fermi level:    mu=  -6.358 eV  Charge distance=  0.0338 (partial c.d.=  0.2498)
SCF ITERATION NUMBER  7
     point #   1  energy = -33.000
     point #  20  energy = -21.728
     point #  40  energy =  -6.358
New Fermi level:    mu=  -6.345 eV  Charge distance=  0.0117 (partial c.d.=  0.1003)
SCF ITERATION NUMBER  8
     point #   1  energy = -33.000
     point #  20  energy = -21.723
     point #  40  energy =  -6.345
New Fermi level:    mu=  -6.339 eV  Charge distance=  0.0165 (partial c.d.=  0.0186)
SCF ITERATION NUMBER  9
     point #   1  energy = -33.000
     point #  20  energy = -21.720
     point #  40  energy =  -6.339
New Fermi level:    mu=  -6.333 eV  Charge distance=  0.0134 (partial c.d.=  0.0095)
SCF ITERATION NUMBER 10
     point #   1  energy = -33.000
     point #  20  energy = -21.718
     point #  40  energy =  -6.333
New Fermi level:    mu=  -6.331 eV  Charge distance=  0.0019 (partial c.d.=  0.0102)
SCF ITERATION NUMBER 11
     point #   1  energy = -33.000
     point #  20  energy = -21.717
     point #  40  energy =  -6.331
New Fermi level:    mu=  -6.332 eV  Charge distance=  0.0003 (partial c.d.=  0.0022)
SCF ITERATION NUMBER 12
     point #   1  energy = -33.000
     point #  20  energy = -21.717
     point #  40  energy =  -6.332
New Fermi level:    mu=  -6.332 eV  Charge distance=  0.0000 (partial c.d.=  0.0003)
SCF ITERATION NUMBER 13
     point #   1  energy = -33.000
     point #  20  energy = -21.717
     point #  40  energy =  -6.332
New Fermi level:    mu=  -6.332 eV  Charge distance=  0.0001 (partial c.d.=  0.0001)
Electronic configuration
  type     l     N_el
     0     0    0.487
     0     1    0.557
     0     2    9.598
     0     3    0.000
     1     0    0.540
     1     1    0.883
     1     2    2.785
     1     3    0.000
     2     0    0.491
     2     1    0.553
     2     2    9.592
     2     3    0.000
     3     0    1.820
     3     1    4.439
     3     2    0.065
     3     3    0.000
Charge transfer:  type  charge
       0   -0.358
       1   -0.792
       2   -0.364
       3    0.325
Convergence reached in   13 iterations.
Done with module: potentials.

Calculating screened core-hole potential ...
FMS for a cluster of   23 atoms around iph =   0
    0% of energy integration
   20%
   40%
   60%
   80%
  100%
Preparing response function.
Computing (1 - K Chi0)^-1 v_ch
Done with module: screened core-hole potential.

Calculating cross-section and phases ...
    absorption cross section
 x0,dx,rnrm,inrm,jnrm   8.80000000000000       5.000000000000000E-002
   2.51587467499998              195         196
    phase shifts for unique potential    0
    phase shifts for unique potential    1
    phase shifts for unique potential    2
    phase shifts for unique potential    3
Done with module: cross-section and phases (XSPH).

FMS calculation of full Green's function ...
FEFF-serial using 1 thread.
Using   194 energy points.
xprep done
FMS for a cluster of  241 atoms
Energy point    1/ 194
Energy point   10/ 194
Energy point   20/ 194
Energy point   30/ 194
Energy point   40/ 194
Energy point   50/ 194
Energy point   60/ 194
Energy point   70/ 194
Energy point   80/ 194
Energy point   90/ 194
Energy point  100/ 194
Energy point  110/ 194
Energy point  120/ 194
Energy point  130/ 194
Energy point  140/ 194
Energy point  150/ 194
Energy point  160/ 194
Energy point  170/ 194
Energy point  180/ 194
Energy point  190/ 194
Done with module: FMS.

MKGTR: Tracing over Green's function ...
Done with module: MKGTR.

Pathfinder: finding scattering paths...
Preparing plane wave scattering amplitudes
Searching for paths
Eliminating path degeneracies
0 paths retained.
Done with module: pathfinder.

Calculating EXAFS parameters ...
Done with module: EXAFS parameters (GENFMT).

Calculating XAS spectra ...
Done with module: XAS spectra (FF2X: DW + final sum over paths).

 
### feff ends at Mon Aug 14 06:35:42 EDT 2023
 
