### feff starts at Sun Aug 13 23:45:19 EDT 2023
### Serial version
### FeffPath is /sdcc/u/mcarbone/software/JFEFF/hsw/feff90/linux
 
Launching FEFF version FEFF 9.9.1
Resetting lmaxsc to 2 for iph =    1.  Use  UNFREEZE to prevent this.
Core hole lifetime is   1.729 eV.
Your calculation:
 comment: None given
 Source:
 Structure Summary:  Ba4 Cu3 I1 O12
 Reduced formula:  Ba4Cu3IO12
 space group: (Im-3m), space number:  (229)
 abc:  7.081436   7.081436   7.081436
 angles:109.471221 109.471221 109.471221
 sites: 20
Cu K edge XANES using RPA corehole.
Using:     * Self-Consistent Field potentials
Using cards:   ATOMS CONTROL EXCHANGE TITLE RPATH POTENTIALS XANES EDGE SCF FMS S02 COREHOLE EGRID

Calculating atomic potentials ...
    overlapped atomic potential and density for unique potential    0
    overlapped atomic potential and density for unique potential    1
    overlapped atomic potential and density for unique potential    2
    overlapped atomic potential and density for unique potential    3
    overlapped atomic potential and density for unique potential    4
Done with module: atomic potentials.

Calculating SCF potentials ...
FEFF-serial using 1 thread.
Muffin tin radii and interstitial parameters [bohr]:
type, norman radius, muffin tin, overlap factor
    0  1.32767E+00  1.26158E+00  1.13924E+00
    1  1.99310E+00  1.94463E+00  1.06174E+00
    2  1.32768E+00  1.26159E+00  1.13924E+00
    3  1.38685E+00  1.20227E+00  1.15000E+00
    4  1.15442E+00  1.10827E+00  1.10763E+00
Core-valence separation energy:  ecv=   -41.500 eV
Initial Fermi level:              mu=    -1.122 eV
SCF ITERATION NUMBER  1
     point #   1  energy = -41.500
FMS for a cluster of  111 atoms around atom type   0
FMS for a cluster of   96 atoms around atom type   1
FMS for a cluster of   94 atoms around atom type   2
FMS for a cluster of   94 atoms around atom type   3
FMS for a cluster of   99 atoms around atom type   4
     point #  20  energy = -30.387
     point #  40  energy = -10.137
     point #  60  energy =  -6.059
     point #  80  energy =  -5.365
New Fermi level:    mu=  -5.307 eV  Charge distance=  0.8358 (partial c.d.=  6.2593)
SCF ITERATION NUMBER  1
     point #   1  energy = -41.500
FMS for a cluster of  111 atoms around atom type   0
FMS for a cluster of   96 atoms around atom type   1
FMS for a cluster of   94 atoms around atom type   2
FMS for a cluster of   94 atoms around atom type   3
FMS for a cluster of   99 atoms around atom type   4
     point #  20  energy = -30.441
     point #  40  energy = -10.334
     point #  60  energy =  -5.307
     point #  80  energy =  -6.885
     point # 100  energy = -10.741
     point # 120  energy = -11.297
New Fermi level:    mu= -11.313 eV  Charge distance=  0.3655 (partial c.d.=  4.1977)
SCF ITERATION NUMBER  1
     point #   1  energy = -41.500
FMS for a cluster of  111 atoms around atom type   0
FMS for a cluster of   96 atoms around atom type   1
FMS for a cluster of   94 atoms around atom type   2
FMS for a cluster of   94 atoms around atom type   3
FMS for a cluster of   99 atoms around atom type   4
     point #  20  energy = -30.431
     point #  40  energy = -11.313
     point #  60  energy = -11.222
     point #  80  energy = -10.279
     point # 100  energy = -10.579
New Fermi level:    mu= -10.591 eV  Charge distance=  0.2516 (partial c.d.=  0.5311)
SCF ITERATION NUMBER  2
     point #   1  energy = -41.500
     point #  20  energy = -30.532
     point #  40  energy = -10.591
     point #  60  energy = -10.550
     point #  80  energy =  -9.635
New Fermi level:    mu=  -9.880 eV  Charge distance=  0.7205 (partial c.d.=  0.3400)
SCF ITERATION NUMBER  3
     point #   1  energy = -41.500
     point #  20  energy = -30.280
     point #  40  energy =  -9.880
     point #  60  energy =  -9.930
New Fermi level:    mu=  -9.984 eV  Charge distance=  0.1091 (partial c.d.=  0.4713)
SCF ITERATION NUMBER  4
     point #   1  energy = -41.500
     point #  20  energy = -30.317
     point #  40  energy =  -9.984
     point #  60  energy =  -9.916
     point #  80  energy =  -9.706
New Fermi level:    mu=  -9.797 eV  Charge distance=  0.0663 (partial c.d.=  0.7458)
SCF ITERATION NUMBER  5
     point #   1  energy = -41.500
     point #  20  energy = -30.251
     point #  40  energy =  -9.797
     point #  60  energy =  -9.754
New Fermi level:    mu=  -9.930 eV  Charge distance=  0.0303 (partial c.d.=  0.6271)
SCF ITERATION NUMBER  6
     point #   1  energy = -41.500
     point #  20  energy = -30.298
     point #  40  energy =  -9.930
     point #  60  energy =  -9.980
New Fermi level:    mu=  -9.994 eV  Charge distance=  0.0257 (partial c.d.=  0.2344)
SCF ITERATION NUMBER  7
     point #   1  energy = -41.500
     point #  20  energy = -30.320
     point #  40  energy =  -9.994
     point #  60  energy =  -9.944
New Fermi level:    mu=  -9.947 eV  Charge distance=  0.0155 (partial c.d.=  0.0389)
SCF ITERATION NUMBER  8
     point #   1  energy = -41.500
     point #  20  energy = -30.304
     point #  40  energy =  -9.947
New Fermi level:    mu=  -9.967 eV  Charge distance=  0.0035 (partial c.d.=  0.0784)
SCF ITERATION NUMBER  9
     point #   1  energy = -41.500
     point #  20  energy = -30.311
     point #  40  energy =  -9.967
New Fermi level:    mu=  -9.965 eV  Charge distance=  0.0041 (partial c.d.=  0.0252)
SCF ITERATION NUMBER 10
     point #   1  energy = -41.500
     point #  20  energy = -30.310
     point #  40  energy =  -9.965
New Fermi level:    mu=  -9.953 eV  Charge distance=  0.0008 (partial c.d.=  0.0103)
SCF ITERATION NUMBER 11
     point #   1  energy = -41.500
     point #  20  energy = -30.306
     point #  40  energy =  -9.953
New Fermi level:    mu=  -9.952 eV  Charge distance=  0.0025 (partial c.d.=  0.0045)
SCF ITERATION NUMBER 12
     point #   1  energy = -41.500
     point #  20  energy = -30.306
     point #  40  energy =  -9.952
New Fermi level:    mu=  -9.948 eV  Charge distance=  0.0004 (partial c.d.=  0.0013)
SCF ITERATION NUMBER 13
     point #   1  energy = -41.500
     point #  20  energy = -30.304
     point #  40  energy =  -9.948
New Fermi level:    mu=  -9.948 eV  Charge distance=  0.0002 (partial c.d.=  0.0004)
SCF ITERATION NUMBER 14
     point #   1  energy = -41.500
     point #  20  energy = -30.304
     point #  40  energy =  -9.948
New Fermi level:    mu=  -9.949 eV  Charge distance=  0.0001 (partial c.d.=  0.0006)
SCF ITERATION NUMBER 15
     point #   1  energy = -41.500
     point #  20  energy = -30.304
     point #  40  energy =  -9.949
New Fermi level:    mu=  -9.949 eV  Charge distance=  0.0000 (partial c.d.=  0.0000)
Electronic configuration
  type     l     N_el
     0     0    0.463
     0     1    0.563
     0     2    9.427
     0     3    0.000
     1     0    2.232
     1     1    6.292
     1     2    0.944
     1     3    0.000
     2     0    0.470
     2     1    0.573
     2     2    9.411
     2     3    0.000
     3     0    1.670
     3     1    2.723
     3     2    1.026
     3     3    0.000
     4     0    1.877
     4     1    4.519
     4     2    0.051
     4     3    0.000
Charge transfer:  type  charge
       0   -0.547
       1   -0.533
       2   -0.545
       3   -1.581
       4    0.446
Convergence reached in   15 iterations.
Done with module: potentials.

Calculating screened core-hole potential ...
FMS for a cluster of   15 atoms around iph =   0
    0% of energy integration
   20%
   40%
   60%
   80%
  100%
Preparing response function.
Computing (1 - K Chi0)^-1 v_ch
Done with module: screened core-hole potential.

Calculating cross-section and phases ...
    absorption cross section
 x0,dx,rnrm,inrm,jnrm   8.80000000000000       5.000000000000000E-002
   2.50892622999982              195         196
    phase shifts for unique potential    0
    phase shifts for unique potential    1
    phase shifts for unique potential    2
    phase shifts for unique potential    3
    phase shifts for unique potential    4
Done with module: cross-section and phases (XSPH).

FMS calculation of full Green's function ...
FEFF-serial using 1 thread.
Using   194 energy points.
xprep done
FMS for a cluster of  221 atoms
Energy point    1/ 194
Energy point   10/ 194
Energy point   20/ 194
Energy point   30/ 194
Energy point   40/ 194
Energy point   50/ 194
Energy point   60/ 194
Energy point   70/ 194
Energy point   80/ 194
Energy point   90/ 194
Energy point  100/ 194
Energy point  110/ 194
Energy point  120/ 194
Energy point  130/ 194
Energy point  140/ 194
Energy point  150/ 194
Energy point  160/ 194
Energy point  170/ 194
Energy point  180/ 194
Energy point  190/ 194
Done with module: FMS.

MKGTR: Tracing over Green's function ...
Done with module: MKGTR.

Pathfinder: finding scattering paths...
Preparing plane wave scattering amplitudes
Searching for paths
Eliminating path degeneracies
0 paths retained.
Done with module: pathfinder.

Calculating EXAFS parameters ...
Done with module: EXAFS parameters (GENFMT).

Calculating XAS spectra ...
Done with module: XAS spectra (FF2X: DW + final sum over paths).

 
### feff ends at Mon Aug 14 01:07:13 EDT 2023
 
