### feff starts at Mon Aug 14 01:35:03 EDT 2023
### Serial version
### FeffPath is /sdcc/u/mcarbone/software/JFEFF/hsw/feff90/linux
 
Launching FEFF version FEFF 9.9.1
Core hole lifetime is   1.729 eV.
Your calculation:
 comment: None given
 Source:
 Structure Summary:  Li4 Cu2 Sn2 O8
 Reduced formula:  Li2CuSnO4
 space group: (Imma), space number:  (74)
 abc:  6.279662   6.279662   6.279662
 angles:123.968477 122.426786  84.551088
 sites: 16
Cu K edge XANES using RPA corehole.
Using:     * Self-Consistent Field potentials
Using cards:   ATOMS CONTROL EXCHANGE TITLE RPATH POTENTIALS XANES EDGE SCF FMS S02 COREHOLE EGRID

Calculating atomic potentials ...
    overlapped atomic potential and density for unique potential    0
    overlapped atomic potential and density for unique potential    1
    overlapped atomic potential and density for unique potential    2
    overlapped atomic potential and density for unique potential    3
    overlapped atomic potential and density for unique potential    4
Done with module: atomic potentials.

Calculating SCF potentials ...
FEFF-serial using 1 thread.
Muffin tin radii and interstitial parameters [bohr]:
type, norman radius, muffin tin, overlap factor
    0  1.33391E+00  1.26433E+00  1.14735E+00
    1  1.36386E+00  1.31633E+00  1.09200E+00
    2  1.33391E+00  1.26433E+00  1.14735E+00
    3  1.48911E+00  1.38388E+00  1.15000E+00
    4  1.11015E+00  1.05467E+00  1.13991E+00
Core-valence separation energy:  ecv=   -40.000 eV
Initial Fermi level:              mu=     0.762 eV
SCF ITERATION NUMBER  1
     point #   1  energy = -40.000
FMS for a cluster of  147 atoms around atom type   0
FMS for a cluster of  124 atoms around atom type   1
FMS for a cluster of  139 atoms around atom type   2
FMS for a cluster of  133 atoms around atom type   3
FMS for a cluster of  144 atoms around atom type   4
     point #  20  energy = -28.810
     point #  40  energy =  -8.560
     point #  60  energy =  -4.413
New Fermi level:    mu=  -4.297 eV  Charge distance=  0.6766 (partial c.d.= 10.5763)
SCF ITERATION NUMBER  1
     point #   1  energy = -40.000
FMS for a cluster of  147 atoms around atom type   0
FMS for a cluster of  124 atoms around atom type   1
FMS for a cluster of  139 atoms around atom type   2
FMS for a cluster of  133 atoms around atom type   3
FMS for a cluster of  144 atoms around atom type   4
     point #  20  energy = -28.779
     point #  40  energy =  -8.377
     point #  60  energy =  -4.297
     point #  80  energy =  -6.450
     point # 100  energy =  -8.747
     point # 120  energy =  -9.081
     point # 140  energy =  -9.331
     point # 160  energy =  -9.581
     point # 180  energy =  -9.831
New Fermi level:    mu=  -9.856 eV  Charge distance=  0.2047 (partial c.d.=  3.5595)
SCF ITERATION NUMBER  1
     point #   1  energy = -40.000
FMS for a cluster of  147 atoms around atom type   0
FMS for a cluster of  124 atoms around atom type   1
FMS for a cluster of  139 atoms around atom type   2
FMS for a cluster of  133 atoms around atom type   3
FMS for a cluster of  144 atoms around atom type   4
     point #  20  energy = -28.947
     point #  40  energy =  -9.856
     point #  60  energy =  -9.765
     point #  80  energy =  -7.431
     point # 100  energy =  -8.081
     point # 120  energy =  -8.331
     point # 140  energy =  -8.581
New Fermi level:    mu=  -8.603 eV  Charge distance=  0.1467 (partial c.d.=  0.2419)
SCF ITERATION NUMBER  2
     point #   1  energy = -40.000
     point #  20  energy = -28.859
     point #  40  energy =  -8.603
     point #  60  energy =  -8.562
     point #  80  energy =  -6.862
     point # 100  energy =  -7.093
New Fermi level:    mu=  -7.273 eV  Charge distance=  0.3386 (partial c.d.=  0.2005)
SCF ITERATION NUMBER  3
     point #   1  energy = -40.000
     point #  20  energy = -28.750
     point #  40  energy =  -8.296
     point #  60  energy =  -7.233
     point #  80  energy =  -6.339
New Fermi level:    mu=  -6.557 eV  Charge distance=  0.0584 (partial c.d.=  0.1797)
SCF ITERATION NUMBER  4
     point #   1  energy = -40.000
     point #  20  energy = -28.852
     point #  40  energy =  -8.584
     point #  60  energy =  -6.569
     point #  80  energy =  -7.069
New Fermi level:    mu=  -7.212 eV  Charge distance=  0.0173 (partial c.d.=  0.1574)
SCF ITERATION NUMBER  5
     point #   1  energy = -40.000
     point #  20  energy = -28.729
     point #  40  energy =  -8.236
     point #  60  energy =  -7.174
New Fermi level:    mu=  -7.102 eV  Charge distance=  0.0144 (partial c.d.=  0.1498)
SCF ITERATION NUMBER  6
     point #   1  energy = -40.000
     point #  20  energy = -28.691
     point #  40  energy =  -8.130
     point #  60  energy =  -7.140
New Fermi level:    mu=  -7.141 eV  Charge distance=  0.0105 (partial c.d.=  0.1351)
SCF ITERATION NUMBER  7
     point #   1  energy = -40.000
     point #  20  energy = -28.705
     point #  40  energy =  -8.167
New Fermi level:    mu=  -7.163 eV  Charge distance=  0.0055 (partial c.d.=  0.0732)
SCF ITERATION NUMBER  8
     point #   1  energy = -40.000
     point #  20  energy = -28.712
     point #  40  energy =  -8.189
New Fermi level:    mu=  -7.168 eV  Charge distance=  0.0076 (partial c.d.=  0.0245)
SCF ITERATION NUMBER  9
     point #   1  energy = -40.000
     point #  20  energy = -28.714
     point #  40  energy =  -8.194
New Fermi level:    mu=  -7.166 eV  Charge distance=  0.0077 (partial c.d.=  0.0022)
SCF ITERATION NUMBER 10
     point #   1  energy = -40.000
     point #  20  energy = -28.713
     point #  40  energy =  -8.192
New Fermi level:    mu=  -7.162 eV  Charge distance=  0.0012 (partial c.d.=  0.0051)
SCF ITERATION NUMBER 11
     point #   1  energy = -40.000
     point #  20  energy = -28.712
     point #  40  energy =  -8.189
New Fermi level:    mu=  -7.160 eV  Charge distance=  0.0004 (partial c.d.=  0.0014)
SCF ITERATION NUMBER 12
     point #   1  energy = -40.000
     point #  20  energy = -28.711
     point #  40  energy =  -8.187
New Fermi level:    mu=  -7.160 eV  Charge distance=  0.0001 (partial c.d.=  0.0008)
SCF ITERATION NUMBER 13
     point #   1  energy = -40.000
     point #  20  energy = -28.711
     point #  40  energy =  -8.186
New Fermi level:    mu=  -7.160 eV  Charge distance=  0.0000 (partial c.d.=  0.0007)
SCF ITERATION NUMBER 14
     point #   1  energy = -40.000
     point #  20  energy = -28.711
     point #  40  energy =  -8.186
New Fermi level:    mu=  -7.160 eV  Charge distance=  0.0001 (partial c.d.=  0.0001)
Electronic configuration
  type     l     N_el
     0     0    0.481
     0     1    0.559
     0     2    9.658
     0     3    0.000
     1     0    0.253
     1     1    0.512
     1     2    0.000
     1     3    0.000
     2     0    0.481
     2     1    0.559
     2     2    9.658
     2     3    0.000
     3     0    1.114
     3     1    1.449
     3     2   10.628
     3     3    0.000
     4     0    1.860
     4     1    4.473
     4     2    0.063
     4     3    0.000
Charge transfer:  type  charge
       0   -0.303
       1   -0.236
       2   -0.303
       3   -0.809
       4    0.396
Convergence reached in   14 iterations.
Done with module: potentials.

Calculating screened core-hole potential ...
FMS for a cluster of   27 atoms around iph =   0
    0% of energy integration
   20%
   40%
   60%
   80%
  100%
Preparing response function.
Computing (1 - K Chi0)^-1 v_ch
Done with module: screened core-hole potential.

Calculating cross-section and phases ...
    absorption cross section
 x0,dx,rnrm,inrm,jnrm   8.80000000000000       5.000000000000000E-002
   2.52072969499990              195         196
    phase shifts for unique potential    0
    phase shifts for unique potential    1
    phase shifts for unique potential    2
    phase shifts for unique potential    3
    phase shifts for unique potential    4
Done with module: cross-section and phases (XSPH).

FMS calculation of full Green's function ...
FEFF-serial using 1 thread.
Using   194 energy points.
xprep done
FMS for a cluster of  291 atoms
Energy point    1/ 194
Energy point   10/ 194
Energy point   20/ 194
Energy point   30/ 194
Energy point   40/ 194
Energy point   50/ 194
Energy point   60/ 194
Energy point   70/ 194
Energy point   80/ 194
Energy point   90/ 194
Energy point  100/ 194
Energy point  110/ 194
Energy point  120/ 194
Energy point  130/ 194
Energy point  140/ 194
Energy point  150/ 194
Energy point  160/ 194
Energy point  170/ 194
Energy point  180/ 194
Energy point  190/ 194
Done with module: FMS.

MKGTR: Tracing over Green's function ...
Done with module: MKGTR.

Pathfinder: finding scattering paths...
Preparing plane wave scattering amplitudes
Searching for paths
Eliminating path degeneracies
0 paths retained.
Done with module: pathfinder.

Calculating EXAFS parameters ...
Done with module: EXAFS parameters (GENFMT).

Calculating XAS spectra ...
Done with module: XAS spectra (FF2X: DW + final sum over paths).

 
### feff ends at Mon Aug 14 04:10:03 EDT 2023
 
