### feff starts at Mon Aug 14 06:06:26 EDT 2023
### Serial version
### FeffPath is /sdcc/u/mcarbone/software/JFEFF/hsw/feff90/linux
 
Launching FEFF version FEFF 9.9.1
Resetting lmaxsc to 2 for iph =    1.  Use  UNFREEZE to prevent this.
Core hole lifetime is   1.729 eV.
Your calculation:
 comment: None given
 Source:
 Structure Summary:  Gd1 Mn4 Cu3 O12
 Reduced formula:  GdMn4(CuO4)3
 space group: (P-1), space number:  (2)
 abc:  6.378459   6.457610   6.452191
 angles:111.005176 110.611746 107.008255
 sites: 20
Cu K edge XANES using RPA corehole.
Using:     * Self-Consistent Field potentials
Using cards:   ATOMS CONTROL EXCHANGE TITLE RPATH POTENTIALS XANES EDGE SCF FMS S02 COREHOLE EGRID

Calculating atomic potentials ...
    overlapped atomic potential and density for unique potential    0
    overlapped atomic potential and density for unique potential    1
    overlapped atomic potential and density for unique potential    2
    overlapped atomic potential and density for unique potential    3
    overlapped atomic potential and density for unique potential    4
Done with module: atomic potentials.

Calculating SCF potentials ...
FEFF-serial using 1 thread.
Muffin tin radii and interstitial parameters [bohr]:
type, norman radius, muffin tin, overlap factor
    0  1.32054E+00  1.24968E+00  1.15000E+00
    1  1.73717E+00  1.68946E+00  1.07054E+00
    2  1.40410E+00  1.29288E+00  1.15000E+00
    3  1.27008E+00  1.17043E+00  1.15000E+00
    4  1.09425E+00  1.00278E+00  1.15000E+00
Core-valence separation energy:  ecv=   -40.000 eV
Initial Fermi level:              mu=    -0.366 eV
SCF ITERATION NUMBER  1
     point #   1  energy = -40.000
FMS for a cluster of  147 atoms around atom type   0
FMS for a cluster of  123 atoms around atom type   1
FMS for a cluster of  130 atoms around atom type   2
FMS for a cluster of  125 atoms around atom type   3
FMS for a cluster of  142 atoms around atom type   4
     point #  20  energy = -28.832
     point #  40  energy =  -8.582
     point #  60  energy =  -7.345
 Found bad counts.
  Occupation number in getorb is    10.000
  Will repeat this iteration.
New Fermi level:    mu=  -7.013 eV  Charge distance=  1.8570 (partial c.d.=  9.5480)
SCF ITERATION NUMBER  1
     point #   1  energy = -40.000
FMS for a cluster of  147 atoms around atom type   0
FMS for a cluster of  123 atoms around atom type   1
FMS for a cluster of  130 atoms around atom type   2
FMS for a cluster of  125 atoms around atom type   3
FMS for a cluster of  142 atoms around atom type   4
     point #  20  energy = -29.004
     point #  40  energy =  -9.012
     point #  60  energy =  -7.000
     point #  80  energy =  -5.356
     point # 100  energy =  -4.822
New Fermi level:    mu=  -4.801 eV  Charge distance=  1.0686 (partial c.d.=  9.5379)
SCF ITERATION NUMBER  1
     point #   1  energy = -40.000
FMS for a cluster of  147 atoms around atom type   0
FMS for a cluster of  123 atoms around atom type   1
FMS for a cluster of  130 atoms around atom type   2
FMS for a cluster of  125 atoms around atom type   3
FMS for a cluster of  142 atoms around atom type   4
     point #  20  energy = -28.937
     point #  40  energy =  -8.824
     point #  60  energy =  -4.801
     point #  80  energy =  -6.379
     point # 100  energy = -11.110
     point # 120  energy = -11.319
New Fermi level:    mu= -11.315 eV  Charge distance=  0.4361 (partial c.d.=  6.2884)
SCF ITERATION NUMBER  2
     point #   1  energy = -40.000
     point #  20  energy = -28.731
     point #  40  energy = -11.315
     point #  60  energy = -11.146
     point #  80  energy =  -8.187
New Fermi level:    mu=  -7.798 eV  Charge distance=  0.4290 (partial c.d.=  3.1863)
SCF ITERATION NUMBER  3
     point #   1  energy = -40.000
     point #  20  energy = -28.930
     point #  40  energy =  -8.804
     point #  60  energy =  -7.838
     point #  80  energy = -10.004
New Fermi level:    mu= -10.202 eV  Charge distance=  0.2450 (partial c.d.=  5.0916)
SCF ITERATION NUMBER  4
     point #   1  energy = -40.000
     point #  20  energy = -28.697
     point #  40  energy = -10.202
     point #  60  energy = -10.277
New Fermi level:    mu= -10.306 eV  Charge distance=  0.2516 (partial c.d.=  4.8015)
SCF ITERATION NUMBER  5
     point #   1  energy = -40.000
     point #  20  energy = -28.737
     point #  40  energy = -10.306
     point #  60  energy = -10.447
New Fermi level:    mu= -10.644 eV  Charge distance=  0.1939 (partial c.d.=  1.0387)
SCF ITERATION NUMBER  6
     point #   1  energy = -40.000
     point #  20  energy = -28.865
     point #  40  energy = -10.644
     point #  60  energy = -10.504
     point #  80  energy = -10.307
New Fermi level:    mu= -10.313 eV  Charge distance=  0.1034 (partial c.d.=  0.8889)
SCF ITERATION NUMBER  7
     point #   1  energy = -40.000
     point #  20  energy = -28.739
     point #  40  energy = -10.313
     point #  60  energy = -10.188
New Fermi level:    mu= -10.080 eV  Charge distance=  0.1251 (partial c.d.=  1.3199)
SCF ITERATION NUMBER  8
     point #   1  energy = -40.000
     point #  20  energy = -29.029
     point #  40  energy = -10.080
     point #  60  energy = -10.176
New Fermi level:    mu= -10.270 eV  Charge distance=  0.0486 (partial c.d.=  1.3842)
SCF ITERATION NUMBER  9
     point #   1  energy = -40.000
     point #  20  energy = -28.723
     point #  40  energy = -10.270
     point #  60  energy = -10.145
New Fermi level:    mu= -10.107 eV  Charge distance=  0.0096 (partial c.d.=  0.3419)
SCF ITERATION NUMBER 10
     point #   1  energy = -40.000
     point #  20  energy = -29.039
     point #  40  energy = -10.107
     point #  60  energy = -10.044
New Fermi level:    mu= -10.020 eV  Charge distance=  0.0133 (partial c.d.=  0.0598)
SCF ITERATION NUMBER 11
     point #   1  energy = -40.000
     point #  20  energy = -29.007
     point #  40  energy = -10.020
New Fermi level:    mu= -10.020 eV  Charge distance=  0.0105 (partial c.d.=  0.0708)
SCF ITERATION NUMBER 12
     point #   1  energy = -40.000
     point #  20  energy = -29.007
     point #  40  energy = -10.020
New Fermi level:    mu= -10.009 eV  Charge distance=  0.0145 (partial c.d.=  0.0065)
SCF ITERATION NUMBER 13
     point #   1  energy = -40.000
     point #  20  energy = -29.003
     point #  40  energy = -10.009
New Fermi level:    mu=  -9.994 eV  Charge distance=  0.0004 (partial c.d.=  0.0098)
SCF ITERATION NUMBER 14
     point #   1  energy = -40.000
     point #  20  energy = -28.998
     point #  40  energy =  -9.994
New Fermi level:    mu=  -9.993 eV  Charge distance=  0.0009 (partial c.d.=  0.0002)
SCF ITERATION NUMBER 15
     point #   1  energy = -40.000
     point #  20  energy = -28.998
     point #  40  energy =  -9.993
New Fermi level:    mu=  -9.995 eV  Charge distance=  0.0006 (partial c.d.=  0.0013)
SCF ITERATION NUMBER 16
     point #   1  energy = -40.000
     point #  20  energy = -28.998
     point #  40  energy =  -9.995
New Fermi level:    mu=  -9.996 eV  Charge distance=  0.0001 (partial c.d.=  0.0009)
SCF ITERATION NUMBER 17
     point #   1  energy = -40.000
     point #  20  energy = -28.998
     point #  40  energy =  -9.996
New Fermi level:    mu=  -9.996 eV  Charge distance=  0.0001 (partial c.d.=  0.0004)
SCF ITERATION NUMBER 18
     point #   1  energy = -40.000
     point #  20  energy = -28.999
     point #  40  energy =  -9.996
New Fermi level:    mu=  -9.996 eV  Charge distance=  0.0001 (partial c.d.=  0.0001)
Electronic configuration
  type     l     N_el
     0     0    0.456
     0     1    0.513
     0     2    9.344
     0     3    0.000
     1     0    0.308
     1     1    6.422
     1     2    1.348
     1     3    0.000
     2     0    0.479
     2     1    0.798
     2     2    5.674
     2     3    0.000
     3     0    0.482
     3     1    0.564
     3     2    9.228
     3     3    0.000
     4     0    1.839
     4     1    4.362
     4     2    0.074
     4     3    0.000
Charge transfer:  type  charge
       0   -0.686
       1   -0.921
       2   -0.049
       3   -0.725
       4    0.275
Convergence reached in   18 iterations.
Done with module: potentials.

Calculating screened core-hole potential ...
FMS for a cluster of   27 atoms around iph =   0
    0% of energy integration
   20%
   40%
   60%
   80%
  100%
Preparing response function.
Computing (1 - K Chi0)^-1 v_ch
Done with module: screened core-hole potential.

Calculating cross-section and phases ...
    absorption cross section
 x0,dx,rnrm,inrm,jnrm   8.80000000000000       5.000000000000000E-002
   2.49545969699992              195         196
    phase shifts for unique potential    0
    phase shifts for unique potential    1
    phase shifts for unique potential    2
    phase shifts for unique potential    3
    phase shifts for unique potential    4
Done with module: cross-section and phases (XSPH).

FMS calculation of full Green's function ...
FEFF-serial using 1 thread.
Using   194 energy points.
xprep done
FMS for a cluster of  283 atoms
Energy point    1/ 194
Energy point   10/ 194
Energy point   20/ 194
Energy point   30/ 194
Energy point   40/ 194
Energy point   50/ 194
Energy point   60/ 194
Energy point   70/ 194
Energy point   80/ 194
Energy point   90/ 194
Energy point  100/ 194
Energy point  110/ 194
Energy point  120/ 194
Energy point  130/ 194
Energy point  140/ 194
Energy point  150/ 194
Energy point  160/ 194
Energy point  170/ 194
Energy point  180/ 194
Energy point  190/ 194
Done with module: FMS.

MKGTR: Tracing over Green's function ...
Done with module: MKGTR.

Pathfinder: finding scattering paths...
Preparing plane wave scattering amplitudes
Searching for paths
Eliminating path degeneracies
0 paths retained.
Done with module: pathfinder.

Calculating EXAFS parameters ...
Done with module: EXAFS parameters (GENFMT).

Calculating XAS spectra ...
Done with module: XAS spectra (FF2X: DW + final sum over paths).

 
### feff ends at Mon Aug 14 09:09:36 EDT 2023
 
