### feff starts at Mon Aug 14 08:10:27 EDT 2023
### Serial version
### FeffPath is /sdcc/u/mcarbone/software/JFEFF/hsw/feff90/linux
 
Launching FEFF version FEFF 9.9.1
Core hole lifetime is   1.729 eV.
Your calculation:
 comment: None given
 Source:
 Structure Summary:  Li6 Fe6 Cu3 O18
 Reduced formula:  Li2Fe2CuO6
 space group: (P1), space number:  (1)
 abc:  6.599579   6.686981   8.477569
 angles: 71.494981  70.893687  83.636027
 sites: 33
Cu K edge XANES using RPA corehole.
Using:     * Self-Consistent Field potentials
Using cards:   ATOMS CONTROL EXCHANGE TITLE RPATH POTENTIALS XANES EDGE SCF FMS S02 COREHOLE EGRID

Calculating atomic potentials ...
    overlapped atomic potential and density for unique potential    0
    overlapped atomic potential and density for unique potential    1
    overlapped atomic potential and density for unique potential    2
    overlapped atomic potential and density for unique potential    3
    overlapped atomic potential and density for unique potential    4
Done with module: atomic potentials.

Calculating SCF potentials ...
FEFF-serial using 1 thread.
Muffin tin radii and interstitial parameters [bohr]:
type, norman radius, muffin tin, overlap factor
    0  1.25946E+00  1.19277E+00  1.15000E+00
    1  1.34003E+00  1.28878E+00  1.10228E+00
    2  1.39994E+00  1.30468E+00  1.15000E+00
    3  1.26335E+00  1.19734E+00  1.14761E+00
    4  1.11232E+00  1.05739E+00  1.13793E+00
Core-valence separation energy:  ecv=   -40.000 eV
Initial Fermi level:              mu=    -0.474 eV
SCF ITERATION NUMBER  1
     point #   1  energy = -40.000
FMS for a cluster of  150 atoms around atom type   0
FMS for a cluster of  142 atoms around atom type   1
FMS for a cluster of  140 atoms around atom type   2
FMS for a cluster of  143 atoms around atom type   3
FMS for a cluster of  147 atoms around atom type   4
     point #  20  energy = -28.855
     point #  40  energy =  -9.617
     point #  60  energy =  -8.698
     point #  80  energy =  -9.180
 Found bad counts.
  Occupation number in getorb is    10.000
  Will repeat this iteration.
 Found bad counts.
  Occupation number in getorb is    10.000
  Will repeat this iteration.
New Fermi level:    mu=  -9.223 eV  Charge distance=  1.8985 (partial c.d.=  9.4141)
SCF ITERATION NUMBER  1
     point #   1  energy = -40.000
FMS for a cluster of  150 atoms around atom type   0
FMS for a cluster of  142 atoms around atom type   1
FMS for a cluster of  140 atoms around atom type   2
FMS for a cluster of  143 atoms around atom type   3
FMS for a cluster of  147 atoms around atom type   4
     point #  20  energy = -28.715
     point #  40  energy =  -9.223
     point #  60  energy =  -9.133
     point #  80  energy =  -5.836
     point # 100  energy =  -4.948
New Fermi level:    mu=  -4.888 eV  Charge distance=  0.7049 (partial c.d.=  9.7234)
negative density   1 -169.255 - usually harmless precision error, but check DOS if it persists
SCF ITERATION NUMBER  1
     point #   1  energy = -40.000
FMS for a cluster of  150 atoms around atom type   0
FMS for a cluster of  142 atoms around atom type   1
FMS for a cluster of  140 atoms around atom type   2
FMS for a cluster of  143 atoms around atom type   3
FMS for a cluster of  147 atoms around atom type   4
     point #  20  energy = -28.965
     point #  40  energy =  -8.900
     point #  60  energy =  -4.888
     point #  80  energy =  -6.466
     point # 100  energy = -11.588
New Fermi level:    mu= -11.861 eV  Charge distance=  0.4651 (partial c.d.=  4.9604)
negative density   1 -171.731 - usually harmless precision error, but check DOS if it persists
SCF ITERATION NUMBER  2
     point #   1  energy = -40.000
     point #  20  energy = -28.946
     point #  40  energy = -11.861
     point #  60  energy = -11.693
     point #  80  energy =  -7.849
New Fermi level:    mu=  -7.646 eV  Charge distance=  0.4320 (partial c.d.=  3.9061)
negative density   1 -275.201 - usually harmless precision error, but check DOS if it persists
SCF ITERATION NUMBER  3
     point #   1  energy = -40.000
     point #  20  energy = -28.878
     point #  40  energy =  -8.657
     point #  60  energy =  -7.687
     point #  80  energy = -10.721
New Fermi level:    mu= -10.696 eV  Charge distance=  0.2003 (partial c.d.=  4.3977)
negative density   1 -295.196 - usually harmless precision error, but check DOS if it persists
SCF ITERATION NUMBER  4
     point #   1  energy = -40.000
     point #  20  energy = -28.885
     point #  40  energy = -10.696
     point #  60  energy = -10.836
     point #  80  energy = -11.355
New Fermi level:    mu= -11.344 eV  Charge distance=  0.1471 (partial c.d.=  3.5677)
negative density   1 -327.382 - usually harmless precision error, but check DOS if it persists
SCF ITERATION NUMBER  5
     point #   1  energy = -40.000
     point #  20  energy = -28.742
     point #  40  energy = -11.344
     point #  60  energy = -11.153
     point #  80  energy = -10.634
New Fermi level:    mu= -10.603 eV  Charge distance=  0.0206 (partial c.d.=  1.6263)
negative density   1 -341.333 - usually harmless precision error, but check DOS if it persists
SCF ITERATION NUMBER  6
     point #   1  energy = -40.000
     point #  20  energy = -28.849
     point #  40  energy = -10.603
     point #  60  energy = -10.528
New Fermi level:    mu= -10.507 eV  Charge distance=  0.1076 (partial c.d.=  0.1190)
negative density   1 -398.172 - usually harmless precision error, but check DOS if it persists
negative density   1  -12.465 - usually harmless precision error, but check DOS if it persists
SCF ITERATION NUMBER  7
     point #   1  energy = -40.000
     point #  20  energy = -28.813
     point #  40  energy = -10.507
     point #  60  energy = -10.648
New Fermi level:    mu= -10.915 eV  Charge distance=  0.0633 (partial c.d.=  2.2761)
negative density   1 -398.211 - usually harmless precision error, but check DOS if it persists
negative density   1  -13.895 - usually harmless precision error, but check DOS if it persists
SCF ITERATION NUMBER  8
     point #   1  energy = -40.000
     point #  20  energy = -28.968
     point #  40  energy = -10.915
New Fermi level:    mu= -10.927 eV  Charge distance=  0.0636 (partial c.d.=  1.1084)
negative density   1 -391.671 - usually harmless precision error, but check DOS if it persists
negative density   1  -12.370 - usually harmless precision error, but check DOS if it persists
SCF ITERATION NUMBER  9
     point #   1  energy = -40.000
     point #  20  energy = -28.972
     point #  40  energy = -10.927
New Fermi level:    mu= -10.875 eV  Charge distance=  0.0375 (partial c.d.=  1.2350)
negative density   1 -385.797 - usually harmless precision error, but check DOS if it persists
negative density   1  -11.052 - usually harmless precision error, but check DOS if it persists
SCF ITERATION NUMBER 10
     point #   1  energy = -40.000
     point #  20  energy = -28.953
     point #  40  energy = -10.875
     point #  60  energy = -10.800
New Fermi level:    mu= -10.768 eV  Charge distance=  0.0155 (partial c.d.=  0.9763)
negative density   1 -375.656 - usually harmless precision error, but check DOS if it persists
negative density   1   -8.193 - usually harmless precision error, but check DOS if it persists
SCF ITERATION NUMBER 11
     point #   1  energy = -40.000
     point #  20  energy = -28.912
     point #  40  energy = -10.768
New Fermi level:    mu= -10.762 eV  Charge distance=  0.0029 (partial c.d.=  0.2940)
negative density   1 -370.099 - usually harmless precision error, but check DOS if it persists
negative density   1   -6.712 - usually harmless precision error, but check DOS if it persists
SCF ITERATION NUMBER 12
     point #   1  energy = -40.000
     point #  20  energy = -28.910
     point #  40  energy = -10.762
New Fermi level:    mu= -10.747 eV  Charge distance=  0.0043 (partial c.d.=  0.0411)
negative density   1 -356.169 - usually harmless precision error, but check DOS if it persists
negative density   1   -3.011 - usually harmless precision error, but check DOS if it persists
SCF ITERATION NUMBER 13
     point #   1  energy = -40.000
     point #  20  energy = -28.904
     point #  40  energy = -10.747
New Fermi level:    mu= -10.741 eV  Charge distance=  0.0009 (partial c.d.=  0.0760)
negative density   1 -354.232 - usually harmless precision error, but check DOS if it persists
negative density   1   -2.580 - usually harmless precision error, but check DOS if it persists
SCF ITERATION NUMBER 14
     point #   1  energy = -40.000
     point #  20  energy = -28.902
     point #  40  energy = -10.741
New Fermi level:    mu= -10.743 eV  Charge distance=  0.0005 (partial c.d.=  0.0146)
negative density   1 -352.396 - usually harmless precision error, but check DOS if it persists
negative density   1   -2.118 - usually harmless precision error, but check DOS if it persists
SCF ITERATION NUMBER 15
     point #   1  energy = -40.000
     point #  20  energy = -28.903
     point #  40  energy = -10.743
New Fermi level:    mu= -10.743 eV  Charge distance=  0.0009 (partial c.d.=  0.0040)
negative density   1 -348.606 - usually harmless precision error, but check DOS if it persists
negative density   1   -1.161 - usually harmless precision error, but check DOS if it persists
SCF ITERATION NUMBER 16
     point #   1  energy = -40.000
     point #  20  energy = -28.903
     point #  40  energy = -10.743
New Fermi level:    mu= -10.744 eV  Charge distance=  0.0009 (partial c.d.=  0.0094)
negative density   1 -344.282 - usually harmless precision error, but check DOS if it persists
negative density   1   -0.084 - usually harmless precision error, but check DOS if it persists
SCF ITERATION NUMBER 17
     point #   1  energy = -40.000
     point #  20  energy = -28.903
     point #  40  energy = -10.744
New Fermi level:    mu= -10.744 eV  Charge distance=  0.0002 (partial c.d.=  0.0065)
negative density   1 -344.590 - usually harmless precision error, but check DOS if it persists
negative density   1   -0.165 - usually harmless precision error, but check DOS if it persists
SCF ITERATION NUMBER 18
     point #   1  energy = -40.000
     point #  20  energy = -28.903
     point #  40  energy = -10.744
New Fermi level:    mu= -10.744 eV  Charge distance=  0.0001 (partial c.d.=  0.0008)
negative density   1 -344.305 - usually harmless precision error, but check DOS if it persists
negative density   1   -0.097 - usually harmless precision error, but check DOS if it persists
SCF ITERATION NUMBER 19
     point #   1  energy = -40.000
     point #  20  energy = -28.903
     point #  40  energy = -10.744
New Fermi level:    mu= -10.744 eV  Charge distance=  0.0002 (partial c.d.=  0.0001)
Electronic configuration
  type     l     N_el
     0     0    0.442
     0     1    0.597
     0     2    9.155
     0     3    0.000
     1     0    0.201
     1     1    0.416
     1     2    0.000
     1     3    0.000
     2     0    0.526
     2     1    0.810
     2     2    6.719
     2     3    0.000
     3     0    0.442
     3     1    0.593
     3     2    9.171
     3     3    0.000
     4     0    1.849
     4     1    4.337
     4     2    0.057
     4     3    0.000
Charge transfer:  type  charge
       0   -0.805
       1   -0.383
       2    0.054
       3   -0.794
       4    0.243
Convergence reached in   19 iterations.
Done with module: potentials.

Calculating screened core-hole potential ...
FMS for a cluster of   25 atoms around iph =   0
    0% of energy integration
   20%
   40%
   60%
   80%
  100%
Preparing response function.
Computing (1 - K Chi0)^-1 v_ch
Done with module: screened core-hole potential.

Calculating cross-section and phases ...
    absorption cross section
 x0,dx,rnrm,inrm,jnrm   8.80000000000000       5.000000000000000E-002
   2.38003330899991              194         195
    phase shifts for unique potential    0
    phase shifts for unique potential    1
    phase shifts for unique potential    2
    phase shifts for unique potential    3
    phase shifts for unique potential    4
Done with module: cross-section and phases (XSPH).

FMS calculation of full Green's function ...
FEFF-serial using 1 thread.
Using   194 energy points.
xprep done
FMS for a cluster of  316 atoms
Energy point    1/ 194
Energy point   10/ 194
Energy point   20/ 194
Energy point   30/ 194
Energy point   40/ 194
Energy point   50/ 194
Energy point   60/ 194
Energy point   70/ 194
Energy point   80/ 194
Energy point   90/ 194
Energy point  100/ 194
Energy point  110/ 194
Energy point  120/ 194
Energy point  130/ 194
Energy point  140/ 194
Energy point  150/ 194
Energy point  160/ 194
Energy point  170/ 194
Energy point  180/ 194
Energy point  190/ 194
Done with module: FMS.

MKGTR: Tracing over Green's function ...
Done with module: MKGTR.

Pathfinder: finding scattering paths...
Preparing plane wave scattering amplitudes
Searching for paths
Eliminating path degeneracies
0 paths retained.
Done with module: pathfinder.

Calculating EXAFS parameters ...
Done with module: EXAFS parameters (GENFMT).

Calculating XAS spectra ...
Done with module: XAS spectra (FF2X: DW + final sum over paths).

 
### feff ends at Mon Aug 14 11:36:47 EDT 2023
 
