### feff starts at Mon Aug 14 09:51:51 EDT 2023
### Serial version
### FeffPath is /sdcc/u/mcarbone/software/JFEFF/hsw/feff90/linux
 
Launching FEFF version FEFF 9.9.1
Core hole lifetime is   1.729 eV.
Your calculation:
 comment: None given
 Source:
 Structure Summary:  V8 Cu20 O40
 Reduced formula:  V2(CuO2)5
 space group: (P2_1/c), space number:  (14)
 abc:  6.333509   8.442669  16.479721
 angles: 71.661890  90.000000  90.000000
 sites: 68
Cu K edge XANES using RPA corehole.
Using:     * Self-Consistent Field potentials
Using cards:   ATOMS CONTROL EXCHANGE TITLE RPATH POTENTIALS XANES EDGE SCF FMS S02 COREHOLE EGRID

Calculating atomic potentials ...
    overlapped atomic potential and density for unique potential    0
    overlapped atomic potential and density for unique potential    1
    overlapped atomic potential and density for unique potential    2
    overlapped atomic potential and density for unique potential    3
Done with module: atomic potentials.

Calculating SCF potentials ...
FEFF-serial using 1 thread.
Muffin tin radii and interstitial parameters [bohr]:
type, norman radius, muffin tin, overlap factor
    0  1.31829E+00  1.22389E+00  1.15000E+00
    1  1.31463E+00  1.10214E+00  1.15000E+00
    2  1.30437E+00  1.20304E+00  1.15000E+00
    3  1.09161E+00  9.22031E-01  1.15000E+00
Core-valence separation energy:  ecv=   -51.500 eV
Initial Fermi level:              mu=     2.313 eV
SCF ITERATION NUMBER  1
     point #   1  energy = -51.500
FMS for a cluster of  123 atoms around atom type   0
FMS for a cluster of  109 atoms around atom type   1
FMS for a cluster of  117 atoms around atom type   2
FMS for a cluster of  123 atoms around atom type   3
     point #  20  energy = -40.340
     point #  40  energy = -20.090
     point #  60  energy =  -4.205
     point #  80  energy =  -4.487
New Fermi level:    mu=  -4.395 eV  Charge distance=  0.9998 (partial c.d.=  8.6008)
SCF ITERATION NUMBER  1
     point #   1  energy = -51.500
FMS for a cluster of  123 atoms around atom type   0
FMS for a cluster of  109 atoms around atom type   1
FMS for a cluster of  117 atoms around atom type   2
FMS for a cluster of  123 atoms around atom type   3
     point #  20  energy = -40.475
     point #  40  energy = -20.431
     point #  60  energy =  -4.395
     point #  80  energy =  -4.564
     point # 100  energy =  -9.032
     point # 120  energy =  -9.236
     point # 140  energy =  -9.504
     point # 160  energy =  -9.754
     point # 180  energy = -10.004
New Fermi level:    mu= -10.011 eV  Charge distance=  0.7202 (partial c.d.=  7.2516)
SCF ITERATION NUMBER  1
     point #   1  energy = -51.500
FMS for a cluster of  123 atoms around atom type   0
FMS for a cluster of  109 atoms around atom type   1
FMS for a cluster of  117 atoms around atom type   2
FMS for a cluster of  123 atoms around atom type   3
     point #  20  energy = -40.369
     point #  40  energy = -20.130
     point #  60  energy = -10.011
     point #  80  energy =  -9.167
     point # 100  energy =  -8.273
     point # 120  energy =  -8.523
New Fermi level:    mu=  -8.551 eV  Charge distance=  0.4158 (partial c.d.=  0.6969)
SCF ITERATION NUMBER  2
     point #   1  energy = -51.500
     point #  20  energy = -40.251
     point #  40  energy = -19.799
     point #  60  energy =  -8.551
     point #  80  energy =  -7.820
New Fermi level:    mu=  -7.560 eV  Charge distance=  0.1022 (partial c.d.=  2.1649)
SCF ITERATION NUMBER  3
     point #   1  energy = -51.500
     point #  20  energy = -40.260
     point #  40  energy = -19.823
     point #  60  energy =  -7.560
New Fermi level:    mu=  -7.735 eV  Charge distance=  0.1358 (partial c.d.=  1.3534)
SCF ITERATION NUMBER  4
     point #   1  energy = -51.500
     point #  20  energy = -40.304
     point #  40  energy = -19.948
     point #  60  energy =  -7.735
New Fermi level:    mu=  -7.744 eV  Charge distance=  0.0475 (partial c.d.=  0.9211)
SCF ITERATION NUMBER  5
     point #   1  energy = -51.500
     point #  20  energy = -40.307
     point #  40  energy = -19.955
     point #  60  energy =  -7.744
     point #  80  energy =  -8.010
New Fermi level:    mu=  -7.996 eV  Charge distance=  0.0398 (partial c.d.=  0.1101)
SCF ITERATION NUMBER  6
     point #   1  energy = -51.500
     point #  20  energy = -40.371
     point #  40  energy = -20.136
     point #  60  energy =  -7.996
New Fermi level:    mu=  -8.111 eV  Charge distance=  0.0120 (partial c.d.=  0.0295)
SCF ITERATION NUMBER  7
     point #   1  energy = -51.500
     point #  20  energy = -40.401
     point #  40  energy = -20.220
     point #  60  energy =  -8.111
New Fermi level:    mu=  -8.066 eV  Charge distance=  0.0053 (partial c.d.=  0.0752)
SCF ITERATION NUMBER  8
     point #   1  energy = -51.500
     point #  20  energy = -40.389
     point #  40  energy = -20.187
     point #  60  energy =  -8.066
New Fermi level:    mu=  -8.005 eV  Charge distance=  0.0046 (partial c.d.=  0.0456)
SCF ITERATION NUMBER  9
     point #   1  energy = -51.500
     point #  20  energy = -40.373
     point #  40  energy = -20.143
     point #  60  energy =  -8.005
New Fermi level:    mu=  -7.966 eV  Charge distance=  0.0024 (partial c.d.=  0.0115)
SCF ITERATION NUMBER 10
     point #   1  energy = -51.500
     point #  20  energy = -40.363
     point #  40  energy = -20.115
     point #  60  energy =  -7.966
New Fermi level:    mu=  -7.952 eV  Charge distance=  0.0011 (partial c.d.=  0.0093)
SCF ITERATION NUMBER 11
     point #   1  energy = -51.500
     point #  20  energy = -40.360
     point #  40  energy = -20.105
     point #  60  energy =  -7.952
New Fermi level:    mu=  -7.952 eV  Charge distance=  0.0004 (partial c.d.=  0.0080)
SCF ITERATION NUMBER 12
     point #   1  energy = -51.500
     point #  20  energy = -40.360
     point #  40  energy = -20.105
     point #  60  energy =  -7.952
New Fermi level:    mu=  -7.953 eV  Charge distance=  0.0005 (partial c.d.=  0.0025)
SCF ITERATION NUMBER 13
     point #   1  energy = -51.500
     point #  20  energy = -40.360
     point #  40  energy = -20.105
     point #  60  energy =  -7.953
New Fermi level:    mu=  -7.954 eV  Charge distance=  0.0003 (partial c.d.=  0.0012)
SCF ITERATION NUMBER 14
     point #   1  energy = -51.500
     point #  20  energy = -40.360
     point #  40  energy = -20.106
     point #  60  energy =  -7.954
New Fermi level:    mu=  -7.954 eV  Charge distance=  0.0000 (partial c.d.=  0.0005)
SCF ITERATION NUMBER 15
     point #   1  energy = -51.500
     point #  20  energy = -40.360
     point #  40  energy = -20.107
     point #  60  energy =  -7.954
New Fermi level:    mu=  -7.954 eV  Charge distance=  0.0001 (partial c.d.=  0.0001)
Electronic configuration
  type     l     N_el
     0     0    0.476
     0     1    0.559
     0     2    9.473
     0     3    0.000
     1     0    0.490
     1     1    6.685
     1     2    3.588
     1     3    0.000
     2     0    0.494
     2     1    0.585
     2     2    9.430
     2     3    0.000
     3     0    1.857
     3     1    4.329
     3     2    0.108
     3     3    0.000
Charge transfer:  type  charge
       0   -0.492
       1   -0.237
       2   -0.492
       3    0.293
Convergence reached in   15 iterations.
Done with module: potentials.

Calculating screened core-hole potential ...
FMS for a cluster of   23 atoms around iph =   0
    0% of energy integration
   20%
   40%
   60%
   80%
  100%
Preparing response function.
Computing (1 - K Chi0)^-1 v_ch
Done with module: screened core-hole potential.

Calculating cross-section and phases ...
    absorption cross section
 x0,dx,rnrm,inrm,jnrm   8.80000000000000       5.000000000000000E-002
   2.49120313900006              195         196
    phase shifts for unique potential    0
    phase shifts for unique potential    1
    phase shifts for unique potential    2
    phase shifts for unique potential    3
Done with module: cross-section and phases (XSPH).

FMS calculation of full Green's function ...
FEFF-serial using 1 thread.
Using   194 energy points.
xprep done
FMS for a cluster of  245 atoms
Energy point    1/ 194
Energy point   10/ 194
Energy point   20/ 194
Energy point   30/ 194
Energy point   40/ 194
Energy point   50/ 194
Energy point   60/ 194
Energy point   70/ 194
Energy point   80/ 194
Energy point   90/ 194
Energy point  100/ 194
Energy point  110/ 194
Energy point  120/ 194
Energy point  130/ 194
Energy point  140/ 194
Energy point  150/ 194
Energy point  160/ 194
Energy point  170/ 194
Energy point  180/ 194
Energy point  190/ 194
Done with module: FMS.

MKGTR: Tracing over Green's function ...
Done with module: MKGTR.

Pathfinder: finding scattering paths...
Preparing plane wave scattering amplitudes
Searching for paths
Eliminating path degeneracies
0 paths retained.
Done with module: pathfinder.

Calculating EXAFS parameters ...
Done with module: EXAFS parameters (GENFMT).

Calculating XAS spectra ...
Done with module: XAS spectra (FF2X: DW + final sum over paths).

 
### feff ends at Mon Aug 14 11:49:40 EDT 2023
 
