### feff starts at Mon Aug 14 06:40:38 EDT 2023
### Serial version
### FeffPath is /sdcc/u/mcarbone/software/JFEFF/hsw/feff90/linux
 
Launching FEFF version FEFF 9.9.1
Core hole lifetime is   1.729 eV.
Your calculation:
 comment: None given
 Source:
 Structure Summary:  Cu8 Sb16 Br8 O24
 Reduced formula:  CuSb2BrO3
 space group: (Cmc2_1), space number:  (36)
 abc:  8.045086   8.045086  19.346855
 angles: 90.000000  90.000000 120.172145
 sites: 56
Cu K edge XANES using RPA corehole.
Using:     * Self-Consistent Field potentials
Using cards:   ATOMS CONTROL EXCHANGE TITLE RPATH POTENTIALS XANES EDGE SCF FMS S02 COREHOLE EGRID

Calculating atomic potentials ...
    overlapped atomic potential and density for unique potential    0
    overlapped atomic potential and density for unique potential    1
    overlapped atomic potential and density for unique potential    2
    overlapped atomic potential and density for unique potential    3
    overlapped atomic potential and density for unique potential    4
Done with module: atomic potentials.

Calculating SCF potentials ...
FEFF-serial using 1 thread.
Muffin tin radii and interstitial parameters [bohr]:
type, norman radius, muffin tin, overlap factor
    0  1.44795E+00  1.33773E+00  1.15000E+00
    1  1.45452E+00  1.32855E+00  1.15000E+00
    2  1.56906E+00  1.36445E+00  1.15000E+00
    3  1.65178E+00  1.50625E+00  1.15000E+00
    4  1.08878E+00  9.74594E-01  1.15000E+00
Core-valence separation energy:  ecv=   -40.000 eV
Initial Fermi level:              mu=     1.676 eV
SCF ITERATION NUMBER  1
     point #   1  energy = -40.000
FMS for a cluster of   70 atoms around atom type   0
FMS for a cluster of   64 atoms around atom type   1
FMS for a cluster of   73 atoms around atom type   2
FMS for a cluster of   82 atoms around atom type   3
FMS for a cluster of   67 atoms around atom type   4
     point #  20  energy = -28.831
     point #  40  energy =  -8.581
     point #  60  energy =  -3.709
New Fermi level:    mu=  -3.689 eV  Charge distance=  0.6418 (partial c.d.= 10.7408)
SCF ITERATION NUMBER  1
     point #   1  energy = -40.000
FMS for a cluster of   70 atoms around atom type   0
FMS for a cluster of   64 atoms around atom type   1
FMS for a cluster of   73 atoms around atom type   2
FMS for a cluster of   82 atoms around atom type   3
FMS for a cluster of   67 atoms around atom type   4
     point #  20  energy = -28.905
     point #  40  energy =  -8.732
     point #  60  energy =  -3.689
     point #  80  energy =  -5.349
     point # 100  energy =  -5.336
New Fermi level:    mu=  -5.288 eV  Charge distance=  0.2796 (partial c.d.=  3.6890)
SCF ITERATION NUMBER  1
     point #   1  energy = -40.000
FMS for a cluster of   70 atoms around atom type   0
FMS for a cluster of   64 atoms around atom type   1
FMS for a cluster of   73 atoms around atom type   2
FMS for a cluster of   82 atoms around atom type   3
FMS for a cluster of   67 atoms around atom type   4
     point #  20  energy = -28.770
     point #  40  energy =  -8.351
     point #  60  energy =  -5.275
New Fermi level:    mu=  -5.107 eV  Charge distance=  0.1220 (partial c.d.=  0.2393)
SCF ITERATION NUMBER  2
     point #   1  energy = -40.000
     point #  20  energy = -28.711
     point #  40  energy =  -8.185
     point #  60  energy =  -5.094
New Fermi level:    mu=  -4.991 eV  Charge distance=  0.1466 (partial c.d.=  0.2366)
SCF ITERATION NUMBER  3
     point #   1  energy = -40.000
     point #  20  energy = -28.997
     point #  40  energy =  -8.992
     point #  60  energy =  -4.991
New Fermi level:    mu=  -5.012 eV  Charge distance=  0.1016 (partial c.d.=  0.0351)
SCF ITERATION NUMBER  4
     point #   1  energy = -40.000
     point #  20  energy = -29.004
     point #  40  energy =  -9.011
     point #  60  energy =  -5.012
New Fermi level:    mu=  -5.031 eV  Charge distance=  0.0114 (partial c.d.=  0.0253)
SCF ITERATION NUMBER  5
     point #   1  energy = -40.000
     point #  20  energy = -29.010
     point #  40  energy =  -9.028
     point #  60  energy =  -5.031
New Fermi level:    mu=  -5.037 eV  Charge distance=  0.0116 (partial c.d.=  0.0104)
SCF ITERATION NUMBER  6
     point #   1  energy = -40.000
     point #  20  energy = -29.012
     point #  40  energy =  -9.033
     point #  60  energy =  -5.037
New Fermi level:    mu=  -5.032 eV  Charge distance=  0.0093 (partial c.d.=  0.0066)
SCF ITERATION NUMBER  7
     point #   1  energy = -40.000
     point #  20  energy = -29.010
     point #  40  energy =  -9.029
     point #  60  energy =  -5.032
New Fermi level:    mu=  -5.027 eV  Charge distance=  0.0010 (partial c.d.=  0.0031)
SCF ITERATION NUMBER  8
     point #   1  energy = -40.000
     point #  20  energy = -29.008
     point #  40  energy =  -9.024
     point #  60  energy =  -5.027
New Fermi level:    mu=  -5.025 eV  Charge distance=  0.0003 (partial c.d.=  0.0017)
SCF ITERATION NUMBER  9
     point #   1  energy = -40.000
     point #  20  energy = -29.008
     point #  40  energy =  -9.022
     point #  60  energy =  -5.025
New Fermi level:    mu=  -5.024 eV  Charge distance=  0.0001 (partial c.d.=  0.0006)
SCF ITERATION NUMBER 10
     point #   1  energy = -40.000
     point #  20  energy = -29.008
     point #  40  energy =  -9.022
     point #  60  energy =  -5.024
New Fermi level:    mu=  -5.024 eV  Charge distance=  0.0002 (partial c.d.=  0.0002)
Electronic configuration
  type     l     N_el
     0     0    0.590
     0     1    0.652
     0     2    9.676
     0     3    0.000
     1     0    0.612
     1     1    0.658
     1     2    9.673
     1     3    0.000
     2     0    1.664
     2     1    2.162
     2     2   10.667
     2     3    0.000
     3     0    2.088
     3     1    4.635
     3     2    0.371
     3     3    0.000
     4     0    1.895
     4     1    4.365
     4     2    0.065
     4     3    0.000
Charge transfer:  type  charge
       0   -0.082
       1   -0.057
       2   -0.507
       3    0.094
       4    0.326
Convergence reached in   10 iterations.
Done with module: potentials.

Calculating screened core-hole potential ...
FMS for a cluster of   12 atoms around iph =   0
    0% of energy integration
   20%
   40%
   60%
   80%
  100%
Preparing response function.
Computing (1 - K Chi0)^-1 v_ch
Done with module: screened core-hole potential.

Calculating cross-section and phases ...
    absorption cross section
 x0,dx,rnrm,inrm,jnrm   8.80000000000000       5.000000000000000E-002
   2.73623291200006              197         198
    phase shifts for unique potential    0
    phase shifts for unique potential    1
    phase shifts for unique potential    2
    phase shifts for unique potential    3
    phase shifts for unique potential    4
Done with module: cross-section and phases (XSPH).

FMS calculation of full Green's function ...
FEFF-serial using 1 thread.
Using   194 energy points.
xprep done
FMS for a cluster of  162 atoms
Energy point    1/ 194
Energy point   10/ 194
Energy point   20/ 194
Energy point   30/ 194
Energy point   40/ 194
Energy point   50/ 194
Energy point   60/ 194
Energy point   70/ 194
Energy point   80/ 194
Energy point   90/ 194
Energy point  100/ 194
Energy point  110/ 194
Energy point  120/ 194
Energy point  130/ 194
Energy point  140/ 194
Energy point  150/ 194
Energy point  160/ 194
Energy point  170/ 194
Energy point  180/ 194
Energy point  190/ 194
Done with module: FMS.

MKGTR: Tracing over Green's function ...
Done with module: MKGTR.

Pathfinder: finding scattering paths...
Preparing plane wave scattering amplitudes
Searching for paths
Eliminating path degeneracies
0 paths retained.
Done with module: pathfinder.

Calculating EXAFS parameters ...
Done with module: EXAFS parameters (GENFMT).

Calculating XAS spectra ...
Done with module: XAS spectra (FF2X: DW + final sum over paths).

 
### feff ends at Mon Aug 14 07:12:46 EDT 2023
 
