### feff starts at Sun Aug 13 15:10:25 EDT 2023
### Serial version
### FeffPath is /sdcc/u/mcarbone/software/JFEFF/hsw/feff90/linux
 
Launching FEFF version FEFF 9.9.1
Core hole lifetime is   1.729 eV.
Your calculation:
 comment: None given
 Source:
 Structure Summary:  Zn3 Cu2 As4 O16
 Reduced formula:  Zn3Cu2(AsO4)4
 space group: (P1), space number:  (1)
 abc:  5.445404   6.978653   9.481476
 angles: 80.118100  80.158287  68.514444
 sites: 25
Cu K edge XANES using RPA corehole.
Using:     * Self-Consistent Field potentials
Using cards:   ATOMS CONTROL EXCHANGE TITLE RPATH POTENTIALS XANES EDGE SCF FMS S02 COREHOLE EGRID

Calculating atomic potentials ...
    overlapped atomic potential and density for unique potential    0
    overlapped atomic potential and density for unique potential    1
    overlapped atomic potential and density for unique potential    2
    overlapped atomic potential and density for unique potential    3
    overlapped atomic potential and density for unique potential    4
Done with module: atomic potentials.

Calculating SCF potentials ...
FEFF-serial using 1 thread.
Muffin tin radii and interstitial parameters [bohr]:
type, norman radius, muffin tin, overlap factor
    0  1.27704E+00  1.16171E+00  1.15000E+00
    1  1.45452E+00  1.35131E+00  1.15000E+00
    2  1.28577E+00  1.17627E+00  1.15000E+00
    3  1.28849E+00  1.08398E+00  1.15000E+00
    4  1.07771E+00  9.39856E-01  1.15000E+00
Core-valence separation energy:  ecv=   -32.000 eV
Initial Fermi level:              mu=     4.727 eV
SCF ITERATION NUMBER  1
     point #   1  energy = -32.000
FMS for a cluster of  114 atoms around atom type   0
FMS for a cluster of  100 atoms around atom type   1
FMS for a cluster of   88 atoms around atom type   2
FMS for a cluster of  109 atoms around atom type   3
FMS for a cluster of  110 atoms around atom type   4
     point #  20  energy = -20.801
     point #  40  energy =  -4.917
     point #  60  energy =  -4.242
New Fermi level:    mu=  -4.137 eV  Charge distance=  0.9818 (partial c.d.= 10.2311)
SCF ITERATION NUMBER  1
     point #   1  energy = -32.000
FMS for a cluster of  114 atoms around atom type   0
FMS for a cluster of  100 atoms around atom type   1
FMS for a cluster of   88 atoms around atom type   2
FMS for a cluster of  109 atoms around atom type   3
FMS for a cluster of  110 atoms around atom type   4
     point #  20  energy = -21.054
     point #  40  energy =  -4.137
     point #  60  energy =  -4.305
     point #  80  energy =  -7.018
     point # 100  energy =  -6.662
New Fermi level:    mu=  -6.610 eV  Charge distance=  0.3225 (partial c.d.=  5.3735)
SCF ITERATION NUMBER  1
     point #   1  energy = -32.000
FMS for a cluster of  114 atoms around atom type   0
FMS for a cluster of  100 atoms around atom type   1
FMS for a cluster of   88 atoms around atom type   2
FMS for a cluster of  109 atoms around atom type   3
FMS for a cluster of  110 atoms around atom type   4
     point #  20  energy = -20.828
     point #  40  energy =  -6.610
     point #  60  energy =  -6.463
New Fermi level:    mu=  -6.431 eV  Charge distance=  0.1724 (partial c.d.=  0.2841)
SCF ITERATION NUMBER  2
     point #   1  energy = -32.000
     point #  20  energy = -20.750
     point #  40  energy =  -6.431
     point #  60  energy =  -6.091
New Fermi level:    mu=  -5.940 eV  Charge distance=  0.1998 (partial c.d.=  0.4406)
SCF ITERATION NUMBER  3
     point #   1  energy = -32.000
     point #  20  energy = -20.975
     point #  40  energy =  -5.940
New Fermi level:    mu=  -5.847 eV  Charge distance=  0.2015 (partial c.d.=  0.1800)
SCF ITERATION NUMBER  4
     point #   1  energy = -32.000
     point #  20  energy = -20.935
     point #  40  energy =  -5.847
     point #  60  energy =  -5.959
New Fermi level:    mu=  -5.958 eV  Charge distance=  0.0525 (partial c.d.=  0.2829)
SCF ITERATION NUMBER  5
     point #   1  energy = -32.000
     point #  20  energy = -20.982
     point #  40  energy =  -5.958
New Fermi level:    mu=  -5.950 eV  Charge distance=  0.0275 (partial c.d.=  0.2978)
SCF ITERATION NUMBER  6
     point #   1  energy = -32.000
     point #  20  energy = -20.979
     point #  40  energy =  -5.950
New Fermi level:    mu=  -5.984 eV  Charge distance=  0.0075 (partial c.d.=  0.1532)
SCF ITERATION NUMBER  7
     point #   1  energy = -32.000
     point #  20  energy = -20.993
     point #  40  energy =  -5.984
New Fermi level:    mu=  -5.990 eV  Charge distance=  0.0114 (partial c.d.=  0.0226)
SCF ITERATION NUMBER  8
     point #   1  energy = -32.000
     point #  20  energy = -20.996
     point #  40  energy =  -5.990
New Fermi level:    mu=  -5.989 eV  Charge distance=  0.0076 (partial c.d.=  0.0058)
SCF ITERATION NUMBER  9
     point #   1  energy = -32.000
     point #  20  energy = -20.995
     point #  40  energy =  -5.989
New Fermi level:    mu=  -5.986 eV  Charge distance=  0.0006 (partial c.d.=  0.0066)
SCF ITERATION NUMBER 10
     point #   1  energy = -32.000
     point #  20  energy = -20.994
     point #  40  energy =  -5.986
New Fermi level:    mu=  -5.978 eV  Charge distance=  0.0007 (partial c.d.=  0.0040)
SCF ITERATION NUMBER 11
     point #   1  energy = -32.000
     point #  20  energy = -20.991
     point #  40  energy =  -5.978
New Fermi level:    mu=  -5.978 eV  Charge distance=  0.0002 (partial c.d.=  0.0022)
SCF ITERATION NUMBER 12
     point #   1  energy = -32.000
     point #  20  energy = -20.991
     point #  40  energy =  -5.978
New Fermi level:    mu=  -5.976 eV  Charge distance=  0.0001 (partial c.d.=  0.0006)
SCF ITERATION NUMBER 13
     point #   1  energy = -32.000
     point #  20  energy = -20.990
     point #  40  energy =  -5.976
New Fermi level:    mu=  -5.976 eV  Charge distance=  0.0001 (partial c.d.=  0.0001)
Electronic configuration
  type     l     N_el
     0     0    0.523
     0     1    0.651
     0     2    9.483
     0     3    0.000
     1     0    0.790
     1     1    0.950
     1     2   10.266
     1     3    0.000
     2     0    0.528
     2     1    0.652
     2     2    9.492
     2     3    0.000
     3     0    1.379
     3     1    2.013
     3     2    0.744
     3     3    0.000
     4     0    1.842
     4     1    4.339
     4     2    0.075
     4     3    0.000
Charge transfer:  type  charge
       0   -0.343
       1    0.007
       2   -0.328
       3   -0.865
       4    0.256
Convergence reached in   13 iterations.
Done with module: potentials.

Calculating screened core-hole potential ...
FMS for a cluster of   20 atoms around iph =   0
    0% of energy integration
   20%
   40%
   60%
   80%
  100%
Preparing response function.
Computing (1 - K Chi0)^-1 v_ch
Done with module: screened core-hole potential.

Calculating cross-section and phases ...
    absorption cross section
 x0,dx,rnrm,inrm,jnrm   8.80000000000000       5.000000000000000E-002
   2.41326158300002              194         195
    phase shifts for unique potential    0
    phase shifts for unique potential    1
    phase shifts for unique potential    2
    phase shifts for unique potential    3
    phase shifts for unique potential    4
Done with module: cross-section and phases (XSPH).

FMS calculation of full Green's function ...
FEFF-serial using 1 thread.
Using   194 energy points.
xprep done
FMS for a cluster of  242 atoms
Energy point    1/ 194
Energy point   10/ 194
Energy point   20/ 194
Energy point   30/ 194
Energy point   40/ 194
Energy point   50/ 194
Energy point   60/ 194
Energy point   70/ 194
Energy point   80/ 194
Energy point   90/ 194
Energy point  100/ 194
Energy point  110/ 194
Energy point  120/ 194
Energy point  130/ 194
Energy point  140/ 194
Energy point  150/ 194
Energy point  160/ 194
Energy point  170/ 194
Energy point  180/ 194
Energy point  190/ 194
Done with module: FMS.

MKGTR: Tracing over Green's function ...
Done with module: MKGTR.

Pathfinder: finding scattering paths...
Preparing plane wave scattering amplitudes
Searching for paths
Eliminating path degeneracies
0 paths retained.
Done with module: pathfinder.

Calculating EXAFS parameters ...
Done with module: EXAFS parameters (GENFMT).

Calculating XAS spectra ...
Done with module: XAS spectra (FF2X: DW + final sum over paths).

 
### feff ends at Sun Aug 13 16:41:10 EDT 2023
 
