### feff starts at Sun Aug 13 23:15:08 EDT 2023
### Serial version
### FeffPath is /sdcc/u/mcarbone/software/JFEFF/hsw/feff90/linux
 
Launching FEFF version FEFF 9.9.1
Resetting lmaxsc to 2 for iph =    1.  Use  UNFREEZE to prevent this.
Core hole lifetime is   1.729 eV.
Your calculation:
 comment: None given
 Source:
 Structure Summary:  Ba10 Y5 Cu15 O33
 Reduced formula:  Ba10Y5(Cu5O11)3
 space group: (P-1), space number:  (2)
 abc:  5.505926  13.156616  13.970579
 angles:114.208649 100.053245  90.544197
 sites: 63
Cu K edge XANES using RPA corehole.
Using:     * Self-Consistent Field potentials
Using cards:   ATOMS CONTROL EXCHANGE TITLE RPATH POTENTIALS XANES EDGE SCF FMS S02 COREHOLE EGRID

Calculating atomic potentials ...
    overlapped atomic potential and density for unique potential    0
    overlapped atomic potential and density for unique potential    1
    overlapped atomic potential and density for unique potential    2
    overlapped atomic potential and density for unique potential    3
    overlapped atomic potential and density for unique potential    4
Done with module: atomic potentials.

Calculating SCF potentials ...
FEFF-serial using 1 thread.
Muffin tin radii and interstitial parameters [bohr]:
type, norman radius, muffin tin, overlap factor
    0  1.29558E+00  1.21446E+00  1.15000E+00
    1  2.00664E+00  1.95122E+00  1.07097E+00
    2  1.69982E+00  1.62970E+00  1.11160E+00
    3  1.29703E+00  1.21918E+00  1.15000E+00
    4  1.10601E+00  1.05254E+00  1.13447E+00
Core-valence separation energy:  ecv=   -41.500 eV
Initial Fermi level:              mu=    -1.961 eV
SCF ITERATION NUMBER  1
     point #   1  energy = -41.500
FMS for a cluster of  104 atoms around atom type   0
FMS for a cluster of   92 atoms around atom type   1
FMS for a cluster of   97 atoms around atom type   2
FMS for a cluster of  102 atoms around atom type   3
FMS for a cluster of  104 atoms around atom type   4
     point #  20  energy = -30.352
     point #  40  energy = -10.102
     point #  60  energy =  -5.658
     point #  80  energy =  -5.083
New Fermi level:    mu=  -5.071 eV  Charge distance=  0.7206 (partial c.d.=  6.5018)
SCF ITERATION NUMBER  1
     point #   1  energy = -41.500
FMS for a cluster of  104 atoms around atom type   0
FMS for a cluster of   92 atoms around atom type   1
FMS for a cluster of   97 atoms around atom type   2
FMS for a cluster of  102 atoms around atom type   3
FMS for a cluster of  104 atoms around atom type   4
     point #  20  energy = -30.369
     point #  40  energy = -10.131
     point #  60  energy =  -5.071
     point #  80  energy =  -6.896
     point # 100  energy = -10.493
     point # 120  energy = -11.062
New Fermi level:    mu= -11.066 eV  Charge distance=  0.2286 (partial c.d.=  3.8011)
SCF ITERATION NUMBER  1
     point #   1  energy = -41.500
FMS for a cluster of  104 atoms around atom type   0
FMS for a cluster of   92 atoms around atom type   1
FMS for a cluster of   97 atoms around atom type   2
FMS for a cluster of  102 atoms around atom type   3
FMS for a cluster of  104 atoms around atom type   4
     point #  20  energy = -30.341
     point #  40  energy = -11.066
     point #  60  energy = -10.975
     point #  80  energy =  -8.985
New Fermi level:    mu=  -9.164 eV  Charge distance=  0.1645 (partial c.d.=  0.3466)
SCF ITERATION NUMBER  2
     point #   1  energy = -41.500
     point #  20  energy = -30.384
     point #  40  energy = -10.174
     point #  60  energy =  -9.123
     point #  80  energy =  -8.079
New Fermi level:    mu=  -8.068 eV  Charge distance=  0.4059 (partial c.d.=  0.2181)
SCF ITERATION NUMBER  3
     point #   1  energy = -41.500
     point #  20  energy = -30.356
     point #  40  energy = -10.094
     point #  60  energy =  -8.055
New Fermi level:    mu=  -7.735 eV  Charge distance=  0.0300 (partial c.d.=  0.2675)
SCF ITERATION NUMBER  4
     point #   1  energy = -41.500
     point #  20  energy = -30.245
     point #  40  energy =  -9.781
     point #  60  energy =  -7.747
New Fermi level:    mu=  -7.948 eV  Charge distance=  0.0173 (partial c.d.=  0.0813)
SCF ITERATION NUMBER  5
     point #   1  energy = -41.500
     point #  20  energy = -30.316
     point #  40  energy =  -9.982
     point #  60  energy =  -7.973
New Fermi level:    mu=  -7.992 eV  Charge distance=  0.0108 (partial c.d.=  0.0421)
SCF ITERATION NUMBER  6
     point #   1  energy = -41.500
     point #  20  energy = -30.331
     point #  40  energy = -10.023
     point #  60  energy =  -8.017
New Fermi level:    mu=  -8.012 eV  Charge distance=  0.0061 (partial c.d.=  0.0228)
SCF ITERATION NUMBER  7
     point #   1  energy = -41.500
     point #  20  energy = -30.337
     point #  40  energy = -10.042
New Fermi level:    mu=  -8.008 eV  Charge distance=  0.0030 (partial c.d.=  0.0309)
SCF ITERATION NUMBER  8
     point #   1  energy = -41.500
     point #  20  energy = -30.336
     point #  40  energy = -10.038
New Fermi level:    mu=  -8.006 eV  Charge distance=  0.0032 (partial c.d.=  0.0137)
SCF ITERATION NUMBER  9
     point #   1  energy = -41.500
     point #  20  energy = -30.335
     point #  40  energy = -10.036
New Fermi level:    mu=  -8.003 eV  Charge distance=  0.0031 (partial c.d.=  0.0031)
SCF ITERATION NUMBER 10
     point #   1  energy = -41.500
     point #  20  energy = -30.334
     point #  40  energy = -10.033
New Fermi level:    mu=  -8.001 eV  Charge distance=  0.0003 (partial c.d.=  0.0015)
SCF ITERATION NUMBER 11
     point #   1  energy = -41.500
     point #  20  energy = -30.334
     point #  40  energy = -10.031
New Fermi level:    mu=  -8.000 eV  Charge distance=  0.0002 (partial c.d.=  0.0005)
SCF ITERATION NUMBER 12
     point #   1  energy = -41.500
     point #  20  energy = -30.333
     point #  40  energy = -10.030
New Fermi level:    mu=  -8.000 eV  Charge distance=  0.0002 (partial c.d.=  0.0001)
Electronic configuration
  type     l     N_el
     0     0    0.504
     0     1    0.590
     0     2    9.506
     0     3    0.000
     1     0    2.249
     1     1    6.295
     1     2    1.025
     1     3    0.000
     2     0    0.364
     2     1    6.546
     2     2    1.425
     2     3    0.000
     3     0    0.496
     3     1    0.598
     3     2    9.515
     3     3    0.000
     4     0    1.855
     4     1    4.483
     4     2    0.070
     4     3    0.000
Charge transfer:  type  charge
       0   -0.400
       1   -0.431
       2   -0.665
       3   -0.391
       4    0.409
Convergence reached in   12 iterations.
Done with module: potentials.

Calculating screened core-hole potential ...
FMS for a cluster of   23 atoms around iph =   0
    0% of energy integration
   20%
   40%
   60%
   80%
  100%
Preparing response function.
Computing (1 - K Chi0)^-1 v_ch
Done with module: screened core-hole potential.

Calculating cross-section and phases ...
    absorption cross section
 x0,dx,rnrm,inrm,jnrm   8.80000000000000       5.000000000000000E-002
   2.44829169800013              194         195
    phase shifts for unique potential    0
    phase shifts for unique potential    1
    phase shifts for unique potential    2
    phase shifts for unique potential    3
    phase shifts for unique potential    4
Done with module: cross-section and phases (XSPH).

FMS calculation of full Green's function ...
FEFF-serial using 1 thread.
Using   194 energy points.
xprep done
FMS for a cluster of  213 atoms
Energy point    1/ 194
Energy point   10/ 194
Energy point   20/ 194
Energy point   30/ 194
Energy point   40/ 194
Energy point   50/ 194
Energy point   60/ 194
Energy point   70/ 194
Energy point   80/ 194
Energy point   90/ 194
Energy point  100/ 194
Energy point  110/ 194
Energy point  120/ 194
Energy point  130/ 194
Energy point  140/ 194
Energy point  150/ 194
Energy point  160/ 194
Energy point  170/ 194
Energy point  180/ 194
Energy point  190/ 194
Done with module: FMS.

MKGTR: Tracing over Green's function ...
Done with module: MKGTR.

Pathfinder: finding scattering paths...
Preparing plane wave scattering amplitudes
Searching for paths
Eliminating path degeneracies
0 paths retained.
Done with module: pathfinder.

Calculating EXAFS parameters ...
Done with module: EXAFS parameters (GENFMT).

Calculating XAS spectra ...
Done with module: XAS spectra (FF2X: DW + final sum over paths).

 
### feff ends at Mon Aug 14 00:31:57 EDT 2023
 
