### feff starts at Sun Aug 13 22:37:25 EDT 2023
### Serial version
### FeffPath is /sdcc/u/mcarbone/software/JFEFF/hsw/feff90/linux
 
Launching FEFF version FEFF 9.9.1
Core hole lifetime is   1.729 eV.
Your calculation:
 comment: None given
 Source:
 Structure Summary:  Li4 Cu8 Si8 O26
 Reduced formula:  Li2Cu4Si4O13
 space group: (P-1), space number:  (2)
 abc:  7.111027   7.647941  10.097967
 angles: 70.604968  87.369748  84.758215
 sites: 46
Cu K edge XANES using RPA corehole.
Using:     * Self-Consistent Field potentials
Using cards:   ATOMS CONTROL EXCHANGE TITLE RPATH POTENTIALS XANES EDGE SCF FMS S02 COREHOLE EGRID

Calculating atomic potentials ...
    overlapped atomic potential and density for unique potential    0
    overlapped atomic potential and density for unique potential    1
    overlapped atomic potential and density for unique potential    2
    overlapped atomic potential and density for unique potential    3
    overlapped atomic potential and density for unique potential    4
Done with module: atomic potentials.

Calculating SCF potentials ...
FEFF-serial using 1 thread.
Muffin tin radii and interstitial parameters [bohr]:
type, norman radius, muffin tin, overlap factor
    0  1.33591E+00  1.21937E+00  1.15000E+00
    1  1.33924E+00  1.26838E+00  1.14989E+00
    2  1.35908E+00  1.27340E+00  1.15000E+00
    3  1.22620E+00  1.01822E+00  1.15000E+00
    4  1.07027E+00  9.15008E-01  1.15000E+00
Core-valence separation energy:  ecv=   -40.000 eV
Initial Fermi level:              mu=     3.942 eV
SCF ITERATION NUMBER  1
     point #   1  energy = -40.000
FMS for a cluster of  126 atoms around atom type   0
FMS for a cluster of  117 atoms around atom type   1
FMS for a cluster of  115 atoms around atom type   2
FMS for a cluster of  121 atoms around atom type   3
FMS for a cluster of  126 atoms around atom type   4
     point #  20  energy = -28.787
     point #  40  energy =  -8.537
     point #  60  energy =  -3.690
New Fermi level:    mu=  -3.680 eV  Charge distance=  0.6035 (partial c.d.=  6.8807)
negative density   1  -70.710 - usually harmless precision error, but check DOS if it persists
SCF ITERATION NUMBER  1
     point #   1  energy = -40.000
FMS for a cluster of  126 atoms around atom type   0
FMS for a cluster of  117 atoms around atom type   1
FMS for a cluster of  115 atoms around atom type   2
FMS for a cluster of  121 atoms around atom type   3
FMS for a cluster of  126 atoms around atom type   4
     point #  20  energy = -28.902
     point #  40  energy =  -8.725
     point #  60  energy =  -3.680
     point #  80  energy =  -5.505
     point # 100  energy =  -8.736
     point # 120  energy =  -9.236
     point # 140  energy =  -9.486
     point # 160  energy =  -9.736
New Fermi level:    mu=  -9.903 eV  Charge distance=  0.1665 (partial c.d.=  3.2781)
negative density   1 -109.323 - usually harmless precision error, but check DOS if it persists
SCF ITERATION NUMBER  1
     point #   1  energy = -40.000
FMS for a cluster of  126 atoms around atom type   0
FMS for a cluster of  117 atoms around atom type   1
FMS for a cluster of  115 atoms around atom type   2
FMS for a cluster of  121 atoms around atom type   3
FMS for a cluster of  126 atoms around atom type   4
     point #  20  energy = -28.964
     point #  40  energy =  -9.903
     point #  60  energy =  -9.812
     point #  80  energy =  -7.822
     point # 100  energy =  -8.065
     point # 120  energy =  -8.315
New Fermi level:    mu=  -8.467 eV  Charge distance=  0.0743 (partial c.d.=  0.4632)
negative density   1 -178.061 - usually harmless precision error, but check DOS if it persists
SCF ITERATION NUMBER  2
     point #   1  energy = -40.000
     point #  20  energy = -28.811
     point #  40  energy =  -8.467
     point #  60  energy =  -8.427
     point #  80  energy =  -6.970
     point # 100  energy =  -7.395
New Fermi level:    mu=  -7.581 eV  Charge distance=  0.1861 (partial c.d.=  0.1855)
negative density   1 -468.809 - usually harmless precision error, but check DOS if it persists
negative density   1  -29.996 - usually harmless precision error, but check DOS if it persists
SCF ITERATION NUMBER  3
     point #   1  energy = -40.000
     point #  20  energy = -28.856
     point #  40  energy =  -8.594
     point #  60  energy =  -7.566
     point #  80  energy =  -7.681
New Fermi level:    mu=  -7.899 eV  Charge distance=  0.0668 (partial c.d.=  0.1076)
negative density   1 -609.066 - usually harmless precision error, but check DOS if it persists
negative density   1  -75.395 - usually harmless precision error, but check DOS if it persists
SCF ITERATION NUMBER  4
     point #   1  energy = -40.000
     point #  20  energy = -28.965
     point #  40  energy =  -8.902
     point #  60  energy =  -7.858
     point #  80  energy =  -7.193
     point # 100  energy =  -7.477
New Fermi level:    mu=  -7.571 eV  Charge distance=  0.0164 (partial c.d.=  0.1040)
negative density   1 -616.735 - usually harmless precision error, but check DOS if it persists
negative density   1  -77.739 - usually harmless precision error, but check DOS if it persists
SCF ITERATION NUMBER  5
     point #   1  energy = -40.000
     point #  20  energy = -28.852
     point #  40  energy =  -8.584
     point #  60  energy =  -7.555
     point #  80  energy =  -7.508
New Fermi level:    mu=  -7.714 eV  Charge distance=  0.0040 (partial c.d.=  0.0198)
negative density   1 -632.260 - usually harmless precision error, but check DOS if it persists
negative density   1  -82.789 - usually harmless precision error, but check DOS if it persists
SCF ITERATION NUMBER  6
     point #   1  energy = -40.000
     point #  20  energy = -28.902
     point #  40  energy =  -8.723
     point #  60  energy =  -7.751
New Fermi level:    mu=  -7.741 eV  Charge distance=  0.0038 (partial c.d.=  0.0102)
negative density   1 -649.901 - usually harmless precision error, but check DOS if it persists
negative density   1  -88.597 - usually harmless precision error, but check DOS if it persists
SCF ITERATION NUMBER  7
     point #   1  energy = -40.000
     point #  20  energy = -28.911
     point #  40  energy =  -8.749
New Fermi level:    mu=  -7.759 eV  Charge distance=  0.0030 (partial c.d.=  0.0068)
negative density   1 -659.067 - usually harmless precision error, but check DOS if it persists
negative density   1  -91.669 - usually harmless precision error, but check DOS if it persists
SCF ITERATION NUMBER  8
     point #   1  energy = -40.000
     point #  20  energy = -28.917
     point #  40  energy =  -8.766
New Fermi level:    mu=  -7.761 eV  Charge distance=  0.0009 (partial c.d.=  0.0068)
negative density   1 -663.182 - usually harmless precision error, but check DOS if it persists
negative density   1  -93.070 - usually harmless precision error, but check DOS if it persists
SCF ITERATION NUMBER  9
     point #   1  energy = -40.000
     point #  20  energy = -28.918
     point #  40  energy =  -8.768
New Fermi level:    mu=  -7.757 eV  Charge distance=  0.0026 (partial c.d.=  0.0024)
negative density   1 -674.497 - usually harmless precision error, but check DOS if it persists
negative density   1  -96.886 - usually harmless precision error, but check DOS if it persists
SCF ITERATION NUMBER 10
     point #   1  energy = -40.000
     point #  20  energy = -28.917
     point #  40  energy =  -8.765
New Fermi level:    mu=  -7.751 eV  Charge distance=  0.0003 (partial c.d.=  0.0006)
negative density   1 -676.838 - usually harmless precision error, but check DOS if it persists
negative density   1  -97.664 - usually harmless precision error, but check DOS if it persists
SCF ITERATION NUMBER 11
     point #   1  energy = -40.000
     point #  20  energy = -28.914
     point #  40  energy =  -8.759
New Fermi level:    mu=  -7.751 eV  Charge distance=  0.0000 (partial c.d.=  0.0002)
Electronic configuration
  type     l     N_el
     0     0    0.550
     0     1    0.565
     0     2    9.477
     0     3    0.000
     1     0    0.238
     1     1    0.489
     1     2    0.000
     1     3    0.000
     2     0    0.493
     2     1    0.567
     2     2    9.550
     2     3    0.000
     3     0    0.994
     3     1    1.616
     3     2    0.902
     3     3    0.000
     4     0    1.836
     4     1    4.412
     4     2    0.065
     4     3    0.000
Charge transfer:  type  charge
       0   -0.408
       1   -0.273
       2   -0.391
       3   -0.488
       4    0.313
Convergence reached in   11 iterations.
Done with module: potentials.

Calculating screened core-hole potential ...
FMS for a cluster of   27 atoms around iph =   0
    0% of energy integration
   20%
   40%
   60%
   80%
  100%
Preparing response function.
Computing (1 - K Chi0)^-1 v_ch
Done with module: screened core-hole potential.

Calculating cross-section and phases ...
    absorption cross section
 x0,dx,rnrm,inrm,jnrm   8.80000000000000       5.000000000000000E-002
   2.52450034499994              195         196
    phase shifts for unique potential    0
    phase shifts for unique potential    1
    phase shifts for unique potential    2
    phase shifts for unique potential    3
    phase shifts for unique potential    4
Done with module: cross-section and phases (XSPH).

FMS calculation of full Green's function ...
FEFF-serial using 1 thread.
Using   194 energy points.
xprep done
FMS for a cluster of  266 atoms
Energy point    1/ 194
Energy point   10/ 194
Energy point   20/ 194
Energy point   30/ 194
Energy point   40/ 194
Energy point   50/ 194
Energy point   60/ 194
Energy point   70/ 194
Energy point   80/ 194
Energy point   90/ 194
Energy point  100/ 194
Energy point  110/ 194
Energy point  120/ 194
Energy point  130/ 194
Energy point  140/ 194
Energy point  150/ 194
Energy point  160/ 194
Energy point  170/ 194
Energy point  180/ 194
Energy point  190/ 194
Done with module: FMS.

MKGTR: Tracing over Green's function ...
Done with module: MKGTR.

Pathfinder: finding scattering paths...
Preparing plane wave scattering amplitudes
Searching for paths
Eliminating path degeneracies
0 paths retained.
Done with module: pathfinder.

Calculating EXAFS parameters ...
Done with module: EXAFS parameters (GENFMT).

Calculating XAS spectra ...
Done with module: XAS spectra (FF2X: DW + final sum over paths).

 
### feff ends at Mon Aug 14 00:44:50 EDT 2023
 
