### feff starts at Mon Aug 14 12:08:26 EDT 2023
### Serial version
### FeffPath is /sdcc/u/mcarbone/software/JFEFF/hsw/feff90/linux
 
Launching FEFF version FEFF 9.9.1
Core hole lifetime is   1.729 eV.
Your calculation:
 comment: None given
 Source:
 Structure Summary:  Fe4 Cu2 O8
 Reduced formula:  Fe2CuO4
 space group: (C2/c), space number:  (15)
 abc:  6.051199   6.051197   5.973887
 angles:119.897486 119.897492  90.549607
 sites: 14
Cu K edge XANES using RPA corehole.
Using:     * Self-Consistent Field potentials
Using cards:   ATOMS CONTROL EXCHANGE TITLE RPATH POTENTIALS XANES EDGE SCF FMS S02 COREHOLE EGRID

Calculating atomic potentials ...
    overlapped atomic potential and density for unique potential    0
    overlapped atomic potential and density for unique potential    1
    overlapped atomic potential and density for unique potential    2
    overlapped atomic potential and density for unique potential    3
Done with module: atomic potentials.

Calculating SCF potentials ...
FEFF-serial using 1 thread.
Muffin tin radii and interstitial parameters [bohr]:
type, norman radius, muffin tin, overlap factor
    0  1.33420E+00  1.27648E+00  1.11796E+00
    1  1.41976E+00  1.32674E+00  1.15000E+00
    2  1.33420E+00  1.27648E+00  1.11795E+00
    3  1.10745E+00  1.02237E+00  1.15000E+00
Core-valence separation energy:  ecv=   -40.000 eV
Initial Fermi level:              mu=    -0.061 eV
SCF ITERATION NUMBER  1
     point #   1  energy = -40.000
FMS for a cluster of  135 atoms around atom type   0
FMS for a cluster of  127 atoms around atom type   1
FMS for a cluster of  129 atoms around atom type   2
FMS for a cluster of  134 atoms around atom type   3
     point #  20  energy = -28.770
     point #  40  energy =  -8.520
     point #  60  energy =  -7.648
     point #  80  energy =  -7.745
 Found bad counts.
  Occupation number in getorb is    10.000
  Will repeat this iteration.
 Found bad counts.
  Occupation number in getorb is    10.000
  Will repeat this iteration.
New Fermi level:    mu=  -7.892 eV  Charge distance=  1.9251 (partial c.d.=  9.9519)
SCF ITERATION NUMBER  1
     point #   1  energy = -40.000
FMS for a cluster of  135 atoms around atom type   0
FMS for a cluster of  127 atoms around atom type   1
FMS for a cluster of  129 atoms around atom type   2
FMS for a cluster of  134 atoms around atom type   3
     point #  20  energy = -28.963
     point #  40  energy =  -8.895
     point #  60  energy =  -7.851
     point #  80  energy =  -4.817
     point # 100  energy =  -3.764
New Fermi level:    mu=  -3.698 eV  Charge distance=  0.9053 (partial c.d.=  9.8597)
SCF ITERATION NUMBER  1
     point #   1  energy = -40.000
FMS for a cluster of  135 atoms around atom type   0
FMS for a cluster of  127 atoms around atom type   1
FMS for a cluster of  129 atoms around atom type   2
FMS for a cluster of  134 atoms around atom type   3
     point #  20  energy = -28.908
     point #  40  energy =  -8.740
     point #  60  energy =  -3.698
     point #  80  energy =  -5.276
     point # 100  energy = -11.255
     point # 120  energy = -11.576
New Fermi level:    mu= -11.588 eV  Charge distance=  0.5119 (partial c.d.=  5.8259)
SCF ITERATION NUMBER  2
     point #   1  energy = -40.000
     point #  20  energy = -28.838
     point #  40  energy = -11.588
     point #  60  energy = -11.419
     point #  80  energy =  -6.860
     point # 100  energy =  -6.876
New Fermi level:    mu=  -6.868 eV  Charge distance=  0.4015 (partial c.d.=  4.0181)
SCF ITERATION NUMBER  3
     point #   1  energy = -40.000
     point #  20  energy = -28.956
     point #  40  energy =  -8.876
     point #  60  energy =  -6.880
     point #  80  energy =  -9.580
     point # 100  energy = -10.421
New Fermi level:    mu= -10.512 eV  Charge distance=  0.1822 (partial c.d.=  3.4681)
SCF ITERATION NUMBER  4
     point #   1  energy = -40.000
     point #  20  energy = -28.815
     point #  40  energy = -10.512
     point #  60  energy = -10.587
New Fermi level:    mu= -10.609 eV  Charge distance=  0.1078 (partial c.d.=  3.1562)
SCF ITERATION NUMBER  5
     point #   1  energy = -40.000
     point #  20  energy = -28.852
     point #  40  energy = -10.609
     point #  60  energy = -10.691
New Fermi level:    mu= -10.756 eV  Charge distance=  0.0139 (partial c.d.=  1.7835)
SCF ITERATION NUMBER  6
     point #   1  energy = -40.000
     point #  20  energy = -28.908
     point #  40  energy = -10.756
     point #  60  energy = -10.681
New Fermi level:    mu= -10.648 eV  Charge distance=  0.1257 (partial c.d.=  0.0939)
SCF ITERATION NUMBER  7
     point #   1  energy = -40.000
     point #  20  energy = -28.867
     point #  40  energy = -10.648
     point #  60  energy = -10.573
New Fermi level:    mu= -10.522 eV  Charge distance=  0.0686 (partial c.d.=  1.8207)
SCF ITERATION NUMBER  8
     point #   1  energy = -40.000
     point #  20  energy = -28.819
     point #  40  energy = -10.522
New Fermi level:    mu= -10.460 eV  Charge distance=  0.0570 (partial c.d.=  0.6664)
SCF ITERATION NUMBER  9
     point #   1  energy = -40.000
     point #  20  energy = -28.795
     point #  40  energy = -10.460
     point #  60  energy = -10.385
New Fermi level:    mu= -10.328 eV  Charge distance=  0.0202 (partial c.d.=  0.4613)
SCF ITERATION NUMBER 10
     point #   1  energy = -40.000
     point #  20  energy = -28.745
     point #  40  energy = -10.328
New Fermi level:    mu= -10.338 eV  Charge distance=  0.0145 (partial c.d.=  0.1562)
SCF ITERATION NUMBER 11
     point #   1  energy = -40.000
     point #  20  energy = -28.749
     point #  40  energy = -10.338
New Fermi level:    mu= -10.307 eV  Charge distance=  0.0118 (partial c.d.=  0.0924)
SCF ITERATION NUMBER 12
     point #   1  energy = -40.000
     point #  20  energy = -28.737
     point #  40  energy = -10.307
New Fermi level:    mu= -10.287 eV  Charge distance=  0.0024 (partial c.d.=  0.0720)
SCF ITERATION NUMBER 13
     point #   1  energy = -40.000
     point #  20  energy = -28.730
     point #  40  energy = -10.287
New Fermi level:    mu= -10.291 eV  Charge distance=  0.0022 (partial c.d.=  0.0215)
SCF ITERATION NUMBER 14
     point #   1  energy = -40.000
     point #  20  energy = -28.731
     point #  40  energy = -10.291
New Fermi level:    mu= -10.290 eV  Charge distance=  0.0019 (partial c.d.=  0.0080)
SCF ITERATION NUMBER 15
     point #   1  energy = -40.000
     point #  20  energy = -28.731
     point #  40  energy = -10.290
New Fermi level:    mu= -10.289 eV  Charge distance=  0.0002 (partial c.d.=  0.0104)
SCF ITERATION NUMBER 16
     point #   1  energy = -40.000
     point #  20  energy = -28.730
     point #  40  energy = -10.289
New Fermi level:    mu= -10.289 eV  Charge distance=  0.0002 (partial c.d.=  0.0021)
SCF ITERATION NUMBER 17
     point #   1  energy = -40.000
     point #  20  energy = -28.730
     point #  40  energy = -10.289
New Fermi level:    mu= -10.289 eV  Charge distance=  0.0004 (partial c.d.=  0.0004)
SCF ITERATION NUMBER 18
     point #   1  energy = -40.000
     point #  20  energy = -28.730
     point #  40  energy = -10.289
New Fermi level:    mu= -10.289 eV  Charge distance=  0.0001 (partial c.d.=  0.0008)
SCF ITERATION NUMBER 19
     point #   1  energy = -40.000
     point #  20  energy = -28.730
     point #  40  energy = -10.289
New Fermi level:    mu= -10.289 eV  Charge distance=  0.0000 (partial c.d.=  0.0004)
SCF ITERATION NUMBER 20
     point #   1  energy = -40.000
     point #  20  energy = -28.730
     point #  40  energy = -10.289
New Fermi level:    mu= -10.289 eV  Charge distance=  0.0000 (partial c.d.=  0.0000)
Electronic configuration
  type     l     N_el
     0     0    0.400
     0     1    0.502
     0     2    9.365
     0     3    0.000
     1     0    0.495
     1     1    0.761
     1     2    6.744
     1     3    0.000
     2     0    0.401
     2     1    0.503
     2     2    9.365
     2     3    0.000
     3     0    1.851
     3     1    4.253
     3     2    0.081
     3     3    0.000
Charge transfer:  type  charge
       0   -0.732
       1   -0.001
       2   -0.731
       3    0.184
Convergence reached in   20 iterations.
Done with module: potentials.

Calculating screened core-hole potential ...
FMS for a cluster of   27 atoms around iph =   0
    0% of energy integration
   20%
   40%
   60%
   80%
  100%
Preparing response function.
Computing (1 - K Chi0)^-1 v_ch
Done with module: screened core-hole potential.

Calculating cross-section and phases ...
    absorption cross section
 x0,dx,rnrm,inrm,jnrm   8.80000000000000       5.000000000000000E-002
   2.52127020600008              195         196
    phase shifts for unique potential    0
    phase shifts for unique potential    1
    phase shifts for unique potential    2
    phase shifts for unique potential    3
Done with module: cross-section and phases (XSPH).

FMS calculation of full Green's function ...
FEFF-serial using 1 thread.
Using   194 energy points.
xprep done
FMS for a cluster of  281 atoms
Energy point    1/ 194
Energy point   10/ 194
Energy point   20/ 194
Energy point   30/ 194
Energy point   40/ 194
Energy point   50/ 194
Energy point   60/ 194
Energy point   70/ 194
Energy point   80/ 194
Energy point   90/ 194
Energy point  100/ 194
Energy point  110/ 194
Energy point  120/ 194
Energy point  130/ 194
Energy point  140/ 194
Energy point  150/ 194
Energy point  160/ 194
Energy point  170/ 194
Energy point  180/ 194
Energy point  190/ 194
Done with module: FMS.

MKGTR: Tracing over Green's function ...
Done with module: MKGTR.

Pathfinder: finding scattering paths...
Preparing plane wave scattering amplitudes
Searching for paths
Eliminating path degeneracies
0 paths retained.
Done with module: pathfinder.

Calculating EXAFS parameters ...
Done with module: EXAFS parameters (GENFMT).

Calculating XAS spectra ...
Done with module: XAS spectra (FF2X: DW + final sum over paths).

 
### feff ends at Mon Aug 14 14:49:12 EDT 2023
 
