### feff starts at Sun Aug 13 11:25:06 EDT 2023
### Serial version
### FeffPath is /sdcc/u/mcarbone/software/JFEFF/hsw/feff90/linux
 
Launching FEFF version FEFF 9.9.1
Resetting lmaxsc to 2 for iph =    1.  Use  UNFREEZE to prevent this.
Core hole lifetime is   1.729 eV.
Your calculation:
 comment: None given
 Source:
 Structure Summary:  Sm8 Cu8 O20
 Reduced formula:  Sm2Cu2O5
 space group: (Pna2_1), space number:  (33)
 abc:  3.651564  11.058912  12.746842
 angles: 90.000000  90.000000  90.000000
 sites: 36
Cu K edge XANES using RPA corehole.
Using:     * Self-Consistent Field potentials
Using cards:   ATOMS CONTROL EXCHANGE TITLE RPATH POTENTIALS XANES EDGE SCF FMS S02 COREHOLE EGRID

Calculating atomic potentials ...
    overlapped atomic potential and density for unique potential    0
    overlapped atomic potential and density for unique potential    1
    overlapped atomic potential and density for unique potential    2
    overlapped atomic potential and density for unique potential    3
Done with module: atomic potentials.

Calculating SCF potentials ...
FEFF-serial using 1 thread.
Muffin tin radii and interstitial parameters [bohr]:
type, norman radius, muffin tin, overlap factor
    0  1.32784E+00  1.23450E+00  1.15000E+00
    1  1.73634E+00  1.64287E+00  1.15000E+00
    2  1.32835E+00  1.23486E+00  1.15000E+00
    3  1.12427E+00  1.06457E+00  1.15000E+00
Core-valence separation energy:  ecv=   -40.000 eV
Initial Fermi level:              mu=     0.188 eV
SCF ITERATION NUMBER  1
     point #   1  energy = -40.000
FMS for a cluster of  101 atoms around atom type   0
FMS for a cluster of   96 atoms around atom type   1
FMS for a cluster of   97 atoms around atom type   2
FMS for a cluster of   98 atoms around atom type   3
     point #  20  energy = -28.925
     point #  40  energy =  -8.675
     point #  60  energy =  -5.225
New Fermi level:    mu=  -4.554 eV  Charge distance=  0.8450 (partial c.d.=  6.5454)
SCF ITERATION NUMBER  1
     point #   1  energy = -40.000
FMS for a cluster of  101 atoms around atom type   0
FMS for a cluster of   96 atoms around atom type   1
FMS for a cluster of   97 atoms around atom type   2
FMS for a cluster of   98 atoms around atom type   3
     point #  20  energy = -28.860
     point #  40  energy =  -8.605
     point #  60  energy =  -4.554
     point #  80  energy =  -6.691
     point # 100  energy =  -9.445
     point # 120  energy =  -9.870
     point # 140  energy = -10.120
New Fermi level:    mu= -10.280 eV  Charge distance=  0.2535 (partial c.d.=  4.5339)
SCF ITERATION NUMBER  1
     point #   1  energy = -40.000
FMS for a cluster of  101 atoms around atom type   0
FMS for a cluster of   96 atoms around atom type   1
FMS for a cluster of   97 atoms around atom type   2
FMS for a cluster of   98 atoms around atom type   3
     point #  20  energy = -28.727
     point #  40  energy = -10.280
     point #  60  energy = -10.189
     point #  80  energy =  -8.833
     point # 100  energy =  -9.211
     point # 120  energy =  -9.461
New Fermi level:    mu=  -9.694 eV  Charge distance=  0.1750 (partial c.d.=  0.3078)
SCF ITERATION NUMBER  2
     point #   1  energy = -40.000
     point #  20  energy = -28.888
     point #  40  energy =  -9.694
     point #  60  energy =  -9.604
     point #  80  energy =  -7.729
New Fermi level:    mu=  -7.759 eV  Charge distance=  0.3485 (partial c.d.=  0.3338)
SCF ITERATION NUMBER  3
     point #   1  energy = -40.000
     point #  20  energy = -28.917
     point #  40  energy =  -8.767
     point #  60  energy =  -7.718
New Fermi level:    mu=  -7.397 eV  Charge distance=  0.1057 (partial c.d.=  0.1928)
SCF ITERATION NUMBER  4
     point #   1  energy = -40.000
     point #  20  energy = -28.793
     point #  40  energy =  -8.416
     point #  60  energy =  -7.435
New Fermi level:    mu=  -7.551 eV  Charge distance=  0.0151 (partial c.d.=  0.0720)
SCF ITERATION NUMBER  5
     point #   1  energy = -40.000
     point #  20  energy = -28.846
     point #  40  energy =  -8.565
     point #  60  energy =  -7.589
New Fermi level:    mu=  -7.647 eV  Charge distance=  0.0058 (partial c.d.=  0.0750)
SCF ITERATION NUMBER  6
     point #   1  energy = -40.000
     point #  20  energy = -28.879
     point #  40  energy =  -8.658
     point #  60  energy =  -7.684
New Fermi level:    mu=  -7.682 eV  Charge distance=  0.0072 (partial c.d.=  0.0561)
SCF ITERATION NUMBER  7
     point #   1  energy = -40.000
     point #  20  energy = -28.891
     point #  40  energy =  -8.692
New Fermi level:    mu=  -7.680 eV  Charge distance=  0.0029 (partial c.d.=  0.0339)
SCF ITERATION NUMBER  8
     point #   1  energy = -40.000
     point #  20  energy = -28.890
     point #  40  energy =  -8.690
New Fermi level:    mu=  -7.676 eV  Charge distance=  0.0072 (partial c.d.=  0.0029)
SCF ITERATION NUMBER  9
     point #   1  energy = -40.000
     point #  20  energy = -28.889
     point #  40  energy =  -8.686
New Fermi level:    mu=  -7.668 eV  Charge distance=  0.0005 (partial c.d.=  0.0032)
SCF ITERATION NUMBER 10
     point #   1  energy = -40.000
     point #  20  energy = -28.886
     point #  40  energy =  -8.679
New Fermi level:    mu=  -7.667 eV  Charge distance=  0.0001 (partial c.d.=  0.0007)
SCF ITERATION NUMBER 11
     point #   1  energy = -40.000
     point #  20  energy = -28.886
     point #  40  energy =  -8.678
New Fermi level:    mu=  -7.668 eV  Charge distance=  0.0000 (partial c.d.=  0.0004)
SCF ITERATION NUMBER 12
     point #   1  energy = -40.000
     point #  20  energy = -28.886
     point #  40  energy =  -8.678
New Fermi level:    mu=  -7.668 eV  Charge distance=  0.0000 (partial c.d.=  0.0001)
Electronic configuration
  type     l     N_el
     0     0    0.500
     0     1    0.585
     0     2    9.514
     0     3    0.000
     1     0    0.377
     1     1    6.493
     1     2    1.562
     1     3    0.000
     2     0    0.500
     2     1    0.585
     2     2    9.515
     2     3    0.000
     3     0    1.872
     3     1    4.447
     3     2    0.069
     3     3    0.000
Charge transfer:  type  charge
       0   -0.402
       1   -0.568
       2   -0.400
       3    0.387
Convergence reached in   12 iterations.
Done with module: potentials.

Calculating screened core-hole potential ...
FMS for a cluster of   21 atoms around iph =   0
    0% of energy integration
   20%
   40%
   60%
   80%
  100%
Preparing response function.
Computing (1 - K Chi0)^-1 v_ch
Done with module: screened core-hole potential.

Calculating cross-section and phases ...
    absorption cross section
 x0,dx,rnrm,inrm,jnrm   8.80000000000000       5.000000000000000E-002
   2.50925892299992              195         196
    phase shifts for unique potential    0
    phase shifts for unique potential    1
    phase shifts for unique potential    2
    phase shifts for unique potential    3
Done with module: cross-section and phases (XSPH).

FMS calculation of full Green's function ...
FEFF-serial using 1 thread.
Using   194 energy points.
xprep done
FMS for a cluster of  219 atoms
Energy point    1/ 194
Energy point   10/ 194
Energy point   20/ 194
Energy point   30/ 194
Energy point   40/ 194
Energy point   50/ 194
Energy point   60/ 194
Energy point   70/ 194
Energy point   80/ 194
Energy point   90/ 194
Energy point  100/ 194
Energy point  110/ 194
Energy point  120/ 194
Energy point  130/ 194
Energy point  140/ 194
Energy point  150/ 194
Energy point  160/ 194
Energy point  170/ 194
Energy point  180/ 194
Energy point  190/ 194
Done with module: FMS.

MKGTR: Tracing over Green's function ...
Done with module: MKGTR.

Pathfinder: finding scattering paths...
Preparing plane wave scattering amplitudes
Searching for paths
Eliminating path degeneracies
0 paths retained.
Done with module: pathfinder.

Calculating EXAFS parameters ...
Done with module: EXAFS parameters (GENFMT).

Calculating XAS spectra ...
Done with module: XAS spectra (FF2X: DW + final sum over paths).

 
### feff ends at Sun Aug 13 12:36:34 EDT 2023
 
