### feff starts at Mon Aug 14 01:54:41 EDT 2023
### Serial version
### FeffPath is /sdcc/u/mcarbone/software/JFEFF/hsw/feff90/linux
 
Launching FEFF version FEFF 9.9.1
Resetting lmaxsc to 2 for iph =    1.  Use  UNFREEZE to prevent this.
Core hole lifetime is   1.729 eV.
Your calculation:
 comment: None given
 Source:
 Structure Summary:  Nd4 Cu2 O7
 Reduced formula:  Nd4Cu2O7
 space group: (C2/m), space number:  (12)
 abc:  6.683629   6.683629   8.528564
 angles: 71.394766  71.394766  33.012335
 sites: 13
Cu K edge XANES using RPA corehole.
Using:     * Self-Consistent Field potentials
Using cards:   ATOMS CONTROL EXCHANGE TITLE RPATH POTENTIALS XANES EDGE SCF FMS S02 COREHOLE EGRID

Calculating atomic potentials ...
    overlapped atomic potential and density for unique potential    0
    overlapped atomic potential and density for unique potential    1
    overlapped atomic potential and density for unique potential    2
    overlapped atomic potential and density for unique potential    3
Done with module: atomic potentials.

Calculating SCF potentials ...
FEFF-serial using 1 thread.
Muffin tin radii and interstitial parameters [bohr]:
type, norman radius, muffin tin, overlap factor
    0  1.31769E+00  1.14009E+00  1.15000E+00
    1  1.76186E+00  1.67102E+00  1.14528E+00
    2  1.31769E+00  1.14009E+00  1.15000E+00
    3  1.11438E+00  1.04706E+00  1.15000E+00
Core-valence separation energy:  ecv=   -40.000 eV
Initial Fermi level:              mu=    -0.822 eV
SCF ITERATION NUMBER  1
     point #   1  energy = -40.000
FMS for a cluster of   97 atoms around atom type   0
FMS for a cluster of   93 atoms around atom type   1
FMS for a cluster of   91 atoms around atom type   2
FMS for a cluster of   98 atoms around atom type   3
     point #  20  energy = -28.926
     point #  40  energy =  -8.676
     point #  60  energy =  -6.626
     point #  80  energy =  -5.613
New Fermi level:    mu=  -5.579 eV  Charge distance=  1.1292 (partial c.d.=  6.4921)
SCF ITERATION NUMBER  1
     point #   1  energy = -40.000
FMS for a cluster of   97 atoms around atom type   0
FMS for a cluster of   93 atoms around atom type   1
FMS for a cluster of   91 atoms around atom type   2
FMS for a cluster of   98 atoms around atom type   3
     point #  20  energy = -28.864
     point #  40  energy =  -8.616
     point #  60  energy =  -5.592
     point #  80  energy =  -7.985
     point # 100  energy =  -8.914
New Fermi level:    mu=  -8.778 eV  Charge distance=  0.3909 (partial c.d.=  6.1856)
SCF ITERATION NUMBER  1
     point #   1  energy = -40.000
FMS for a cluster of   97 atoms around atom type   0
FMS for a cluster of   93 atoms around atom type   1
FMS for a cluster of   91 atoms around atom type   2
FMS for a cluster of   98 atoms around atom type   3
     point #  20  energy = -28.921
     point #  40  energy =  -8.778
     point #  60  energy =  -8.737
New Fermi level:    mu=  -8.338 eV  Charge distance=  0.2119 (partial c.d.=  0.2479)
SCF ITERATION NUMBER  2
     point #   1  energy = -40.000
     point #  20  energy = -28.765
     point #  40  energy =  -8.338
     point #  60  energy =  -8.297
     point #  80  energy =  -7.688
New Fermi level:    mu=  -7.658 eV  Charge distance=  0.2191 (partial c.d.=  0.5455)
SCF ITERATION NUMBER  3
     point #   1  energy = -40.000
     point #  20  energy = -28.882
     point #  40  energy =  -8.669
     point #  60  energy =  -7.621
New Fermi level:    mu=  -7.564 eV  Charge distance=  0.1251 (partial c.d.=  0.1475)
SCF ITERATION NUMBER  4
     point #   1  energy = -40.000
     point #  20  energy = -28.850
     point #  40  energy =  -8.578
     point #  60  energy =  -7.605
     point #  80  energy =  -7.774
New Fermi level:    mu=  -7.757 eV  Charge distance=  0.0292 (partial c.d.=  0.1796)
SCF ITERATION NUMBER  5
     point #   1  energy = -40.000
     point #  20  energy = -28.916
     point #  40  energy =  -8.765
     point #  60  energy =  -7.719
New Fermi level:    mu=  -7.663 eV  Charge distance=  0.0221 (partial c.d.=  0.1608)
SCF ITERATION NUMBER  6
     point #   1  energy = -40.000
     point #  20  energy = -28.884
     point #  40  energy =  -8.674
     point #  60  energy =  -7.701
New Fermi level:    mu=  -7.703 eV  Charge distance=  0.0058 (partial c.d.=  0.0736)
SCF ITERATION NUMBER  7
     point #   1  energy = -40.000
     point #  20  energy = -28.898
     point #  40  energy =  -8.713
New Fermi level:    mu=  -7.696 eV  Charge distance=  0.0161 (partial c.d.=  0.0041)
SCF ITERATION NUMBER  8
     point #   1  energy = -40.000
     point #  20  energy = -28.896
     point #  40  energy =  -8.706
New Fermi level:    mu=  -7.682 eV  Charge distance=  0.0025 (partial c.d.=  0.0059)
SCF ITERATION NUMBER  9
     point #   1  energy = -40.000
     point #  20  energy = -28.891
     point #  40  energy =  -8.692
New Fermi level:    mu=  -7.679 eV  Charge distance=  0.0003 (partial c.d.=  0.0020)
SCF ITERATION NUMBER 10
     point #   1  energy = -40.000
     point #  20  energy = -28.890
     point #  40  energy =  -8.689
New Fermi level:    mu=  -7.679 eV  Charge distance=  0.0002 (partial c.d.=  0.0016)
SCF ITERATION NUMBER 11
     point #   1  energy = -40.000
     point #  20  energy = -28.890
     point #  40  energy =  -8.689
New Fermi level:    mu=  -7.679 eV  Charge distance=  0.0002 (partial c.d.=  0.0009)
SCF ITERATION NUMBER 12
     point #   1  energy = -40.000
     point #  20  energy = -28.890
     point #  40  energy =  -8.689
New Fermi level:    mu=  -7.680 eV  Charge distance=  0.0000 (partial c.d.=  0.0004)
SCF ITERATION NUMBER 13
     point #   1  energy = -40.000
     point #  20  energy = -28.890
     point #  40  energy =  -8.690
New Fermi level:    mu=  -7.680 eV  Charge distance=  0.0000 (partial c.d.=  0.0002)
Electronic configuration
  type     l     N_el
     0     0    0.623
     0     1    0.707
     0     2    9.377
     0     3    0.000
     1     0    0.352
     1     1    6.425
     1     2    1.723
     1     3    0.000
     2     0    0.623
     2     1    0.703
     2     2    9.378
     2     3    0.000
     3     0    1.865
     3     1    4.434
     3     2    0.072
     3     3    0.000
Charge transfer:  type  charge
       0   -0.293
       1   -0.500
       2   -0.296
       3    0.371
Convergence reached in   13 iterations.
Done with module: potentials.

Calculating screened core-hole potential ...
FMS for a cluster of   21 atoms around iph =   0
    0% of energy integration
   20%
   40%
   60%
   80%
  100%
Preparing response function.
Computing (1 - K Chi0)^-1 v_ch
Done with module: screened core-hole potential.

Calculating cross-section and phases ...
    absorption cross section
 x0,dx,rnrm,inrm,jnrm   8.80000000000000       5.000000000000000E-002
   2.49006523899988              195         196
    phase shifts for unique potential    0
    phase shifts for unique potential    1
    phase shifts for unique potential    2
    phase shifts for unique potential    3
Done with module: cross-section and phases (XSPH).

FMS calculation of full Green's function ...
FEFF-serial using 1 thread.
Using   194 energy points.
xprep done
FMS for a cluster of  199 atoms
Energy point    1/ 194
Energy point   10/ 194
Energy point   20/ 194
Energy point   30/ 194
Energy point   40/ 194
Energy point   50/ 194
Energy point   60/ 194
Energy point   70/ 194
Energy point   80/ 194
Energy point   90/ 194
Energy point  100/ 194
Energy point  110/ 194
Energy point  120/ 194
Energy point  130/ 194
Energy point  140/ 194
Energy point  150/ 194
Energy point  160/ 194
Energy point  170/ 194
Energy point  180/ 194
Energy point  190/ 194
Done with module: FMS.

MKGTR: Tracing over Green's function ...
Done with module: MKGTR.

Pathfinder: finding scattering paths...
Preparing plane wave scattering amplitudes
Searching for paths
Eliminating path degeneracies
0 paths retained.
Done with module: pathfinder.

Calculating EXAFS parameters ...
Done with module: EXAFS parameters (GENFMT).

Calculating XAS spectra ...
Done with module: XAS spectra (FF2X: DW + final sum over paths).

 
### feff ends at Mon Aug 14 02:53:22 EDT 2023
 
