### feff starts at Sun Aug 13 11:50:09 EDT 2023
### Serial version
### FeffPath is /sdcc/u/mcarbone/software/JFEFF/hsw/feff90/linux
 
Launching FEFF version FEFF 9.9.1
Core hole lifetime is   1.729 eV.
Your calculation:
 comment: None given
 Source:
 Structure Summary:  Cu4 C4 O12
 Reduced formula:  CuCO3
 space group: (P2_1/c), space number:  (14)
 abc:  6.804157   6.217696   8.255992
 angles: 53.165525  90.000000  90.000000
 sites: 20
Cu K edge XANES using RPA corehole.
Using:     * Self-Consistent Field potentials
Using cards:   ATOMS CONTROL EXCHANGE TITLE RPATH POTENTIALS XANES EDGE SCF FMS S02 COREHOLE EGRID

Calculating atomic potentials ...
    overlapped atomic potential and density for unique potential    0
    overlapped atomic potential and density for unique potential    1
    overlapped atomic potential and density for unique potential    2
    overlapped atomic potential and density for unique potential    3
Done with module: atomic potentials.

Calculating SCF potentials ...
FEFF-serial using 1 thread.
Muffin tin radii and interstitial parameters [bohr]:
type, norman radius, muffin tin, overlap factor
    0  1.33870E+00  1.24734E+00  1.15000E+00
    1  1.33870E+00  1.24734E+00  1.15000E+00
    2  9.24963E-01  7.09207E-01  1.15000E+00
    3  1.01412E+00  8.38590E-01  1.15000E+00
Core-valence separation energy:  ecv=   -40.000 eV
Initial Fermi level:              mu=     8.013 eV
SCF ITERATION NUMBER  1
     point #   1  energy = -40.000
FMS for a cluster of  104 atoms around atom type   0
FMS for a cluster of  100 atoms around atom type   1
FMS for a cluster of  104 atoms around atom type   2
FMS for a cluster of  105 atoms around atom type   3
     point #  20  energy = -28.790
     point #  40  energy =  -8.540
     point #  60  energy =  -3.515
     point #  80  energy =  -3.184
New Fermi level:    mu=  -3.269 eV  Charge distance=  0.5615 (partial c.d.=  6.8674)
SCF ITERATION NUMBER  1
     point #   1  energy = -40.000
FMS for a cluster of  104 atoms around atom type   0
FMS for a cluster of  100 atoms around atom type   1
FMS for a cluster of  104 atoms around atom type   2
FMS for a cluster of  105 atoms around atom type   3
     point #  20  energy = -28.777
     point #  40  energy =  -8.371
     point #  60  energy =  -3.269
     point #  80  energy =  -5.094
     point # 100  energy =  -7.407
New Fermi level:    mu=  -7.151 eV  Charge distance=  0.1777 (partial c.d.=  3.2122)
SCF ITERATION NUMBER  1
     point #   1  energy = -40.000
FMS for a cluster of  104 atoms around atom type   0
FMS for a cluster of  100 atoms around atom type   1
FMS for a cluster of  104 atoms around atom type   2
FMS for a cluster of  105 atoms around atom type   3
     point #  20  energy = -28.708
     point #  40  energy =  -8.178
     point #  60  energy =  -7.111
New Fermi level:    mu=  -6.819 eV  Charge distance=  0.0621 (partial c.d.=  0.4461)
SCF ITERATION NUMBER  2
     point #   1  energy = -40.000
     point #  20  energy = -28.940
     point #  40  energy =  -8.830
     point #  60  energy =  -6.806
New Fermi level:    mu=  -6.615 eV  Charge distance=  0.1080 (partial c.d.=  0.1723)
SCF ITERATION NUMBER  3
     point #   1  energy = -40.000
     point #  20  energy = -28.872
     point #  40  energy =  -8.638
     point #  60  energy =  -6.627
New Fermi level:    mu=  -6.788 eV  Charge distance=  0.0871 (partial c.d.=  0.1312)
SCF ITERATION NUMBER  4
     point #   1  energy = -40.000
     point #  20  energy = -28.929
     point #  40  energy =  -8.801
     point #  60  energy =  -6.763
New Fermi level:    mu=  -6.747 eV  Charge distance=  0.0224 (partial c.d.=  0.1137)
SCF ITERATION NUMBER  5
     point #   1  energy = -40.000
     point #  20  energy = -28.916
     point #  40  energy =  -8.762
     point #  60  energy =  -6.772
New Fermi level:    mu=  -6.792 eV  Charge distance=  0.0024 (partial c.d.=  0.0274)
SCF ITERATION NUMBER  6
     point #   1  energy = -40.000
     point #  20  energy = -28.931
     point #  40  energy =  -8.805
New Fermi level:    mu=  -6.800 eV  Charge distance=  0.0047 (partial c.d.=  0.0047)
SCF ITERATION NUMBER  7
     point #   1  energy = -40.000
     point #  20  energy = -28.933
     point #  40  energy =  -8.812
New Fermi level:    mu=  -6.804 eV  Charge distance=  0.0012 (partial c.d.=  0.0063)
SCF ITERATION NUMBER  8
     point #   1  energy = -40.000
     point #  20  energy = -28.935
     point #  40  energy =  -8.816
New Fermi level:    mu=  -6.798 eV  Charge distance=  0.0017 (partial c.d.=  0.0007)
SCF ITERATION NUMBER  9
     point #   1  energy = -40.000
     point #  20  energy = -28.933
     point #  40  energy =  -8.810
New Fermi level:    mu=  -6.789 eV  Charge distance=  0.0001 (partial c.d.=  0.0017)
SCF ITERATION NUMBER 10
     point #   1  energy = -40.000
     point #  20  energy = -28.930
     point #  40  energy =  -8.801
New Fermi level:    mu=  -6.788 eV  Charge distance=  0.0001 (partial c.d.=  0.0009)
SCF ITERATION NUMBER 11
     point #   1  energy = -40.000
     point #  20  energy = -28.929
     point #  40  energy =  -8.801
New Fermi level:    mu=  -6.788 eV  Charge distance=  0.0000 (partial c.d.=  0.0004)
SCF ITERATION NUMBER 12
     point #   1  energy = -40.000
     point #  20  energy = -28.929
     point #  40  energy =  -8.801
New Fermi level:    mu=  -6.788 eV  Charge distance=  0.0000 (partial c.d.=  0.0000)
Electronic configuration
  type     l     N_el
     0     0    0.504
     0     1    0.662
     0     2    9.499
     0     3    0.000
     1     0    0.504
     1     1    0.662
     1     2    9.499
     1     3    0.000
     2     0    1.102
     2     1    2.181
     2     2    0.421
     2     3    0.000
     3     0    1.814
     3     1    4.275
     3     2    0.121
     3     3    0.000
Charge transfer:  type  charge
       0   -0.335
       1   -0.335
       2   -0.296
       3    0.210
Convergence reached in   12 iterations.
Done with module: potentials.

Calculating screened core-hole potential ...
FMS for a cluster of   18 atoms around iph =   0
    0% of energy integration
   20%
   40%
   60%
   80%
  100%
Preparing response function.
Computing (1 - K Chi0)^-1 v_ch
Done with module: screened core-hole potential.

Calculating cross-section and phases ...
    absorption cross section
 x0,dx,rnrm,inrm,jnrm   8.80000000000000       5.000000000000000E-002
   2.52977292299992              195         196
    phase shifts for unique potential    0
    phase shifts for unique potential    1
    phase shifts for unique potential    2
    phase shifts for unique potential    3
Done with module: cross-section and phases (XSPH).

FMS calculation of full Green's function ...
FEFF-serial using 1 thread.
Using   194 energy points.
xprep done
FMS for a cluster of  217 atoms
Energy point    1/ 194
Energy point   10/ 194
Energy point   20/ 194
Energy point   30/ 194
Energy point   40/ 194
Energy point   50/ 194
Energy point   60/ 194
Energy point   70/ 194
Energy point   80/ 194
Energy point   90/ 194
Energy point  100/ 194
Energy point  110/ 194
Energy point  120/ 194
Energy point  130/ 194
Energy point  140/ 194
Energy point  150/ 194
Energy point  160/ 194
Energy point  170/ 194
Energy point  180/ 194
Energy point  190/ 194
Done with module: FMS.

MKGTR: Tracing over Green's function ...
Done with module: MKGTR.

Pathfinder: finding scattering paths...
Preparing plane wave scattering amplitudes
Searching for paths
Eliminating path degeneracies
0 paths retained.
Done with module: pathfinder.

Calculating EXAFS parameters ...
Done with module: EXAFS parameters (GENFMT).

Calculating XAS spectra ...
Done with module: XAS spectra (FF2X: DW + final sum over paths).

 
### feff ends at Sun Aug 13 13:03:36 EDT 2023
 
