### feff starts at Sun Aug 13 23:21:39 EDT 2023
### Serial version
### FeffPath is /sdcc/u/mcarbone/software/JFEFF/hsw/feff90/linux
 
Launching FEFF version FEFF 9.9.1
Core hole lifetime is   1.729 eV.
Your calculation:
 comment: None given
 Source:
 Structure Summary:  Cu4 H8 C2 O10
 Reduced formula:  Cu2H4CO5
 space group: (P2_1), space number:  (4)
 abc:  5.758746   6.131867   7.030929
 angles: 90.000000 110.638550  90.000000
 sites: 24
Cu K edge XANES using RPA corehole.
Using:     * Self-Consistent Field potentials
Using cards:   ATOMS CONTROL EXCHANGE TITLE RPATH POTENTIALS XANES EDGE SCF FMS S02 COREHOLE EGRID

Calculating atomic potentials ...
    overlapped atomic potential and density for unique potential    0
    overlapped atomic potential and density for unique potential    1
    overlapped atomic potential and density for unique potential    2
    overlapped atomic potential and density for unique potential    3
    overlapped atomic potential and density for unique potential    4
Done with module: atomic potentials.

Calculating SCF potentials ...
FEFF-serial using 1 thread.
Muffin tin radii and interstitial parameters [bohr]:
type, norman radius, muffin tin, overlap factor
    0  1.36770E+00  1.27097E+00  1.15000E+00
    1  1.36770E+00  1.27098E+00  1.15000E+00
    2  8.03273E-01  6.58858E-01  1.15000E+00
    3  9.57041E-01  6.91217E-01  1.15000E+00
    4  1.11487E+00  9.99371E-01  1.15000E+00
Core-valence separation energy:  ecv=   -40.000 eV
Initial Fermi level:              mu=     4.518 eV
SCF ITERATION NUMBER  1
     point #   1  energy = -40.000
FMS for a cluster of  150 atoms around atom type   0
FMS for a cluster of  141 atoms around atom type   1
FMS for a cluster of  144 atoms around atom type   2
FMS for a cluster of  136 atoms around atom type   3
FMS for a cluster of  152 atoms around atom type   4
     point #  20  energy = -28.868
     point #  40  energy =  -8.618
     point #  60  energy =  -3.593
     point #  80  energy =  -3.056
New Fermi level:    mu=  -3.008 eV  Charge distance=  0.5119 (partial c.d.=  7.2057)
SCF ITERATION NUMBER  1
     point #   1  energy = -40.000
FMS for a cluster of  150 atoms around atom type   0
FMS for a cluster of  141 atoms around atom type   1
FMS for a cluster of  144 atoms around atom type   2
FMS for a cluster of  136 atoms around atom type   3
FMS for a cluster of  152 atoms around atom type   4
     point #  20  energy = -29.002
     point #  40  energy =  -9.007
     point #  60  energy =  -3.008
     point #  80  energy =  -4.521
     point # 100  energy =  -8.118
     point # 120  energy =  -8.608
New Fermi level:    mu=  -8.666 eV  Charge distance=  0.1646 (partial c.d.=  2.8769)
SCF ITERATION NUMBER  1
     point #   1  energy = -40.000
FMS for a cluster of  150 atoms around atom type   0
FMS for a cluster of  141 atoms around atom type   1
FMS for a cluster of  144 atoms around atom type   2
FMS for a cluster of  136 atoms around atom type   3
FMS for a cluster of  152 atoms around atom type   4
     point #  20  energy = -28.882
     point #  40  energy =  -8.666
     point #  60  energy =  -8.626
     point #  80  energy =  -6.926
New Fermi level:    mu=  -7.198 eV  Charge distance=  0.0522 (partial c.d.=  0.4563)
SCF ITERATION NUMBER  2
     point #   1  energy = -40.000
     point #  20  energy = -28.724
     point #  40  energy =  -8.223
     point #  60  energy =  -7.158
     point #  80  energy =  -6.808
New Fermi level:    mu=  -6.835 eV  Charge distance=  0.0809 (partial c.d.=  0.1246)
SCF ITERATION NUMBER  3
     point #   1  energy = -40.000
     point #  20  energy = -28.945
     point #  40  energy =  -8.845
     point #  60  energy =  -6.847
New Fermi level:    mu=  -7.170 eV  Charge distance=  0.0497 (partial c.d.=  0.1195)
SCF ITERATION NUMBER  4
     point #   1  energy = -40.000
     point #  20  energy = -28.715
     point #  40  energy =  -8.196
     point #  60  energy =  -7.129
New Fermi level:    mu=  -6.970 eV  Charge distance=  0.0307 (partial c.d.=  0.1614)
SCF ITERATION NUMBER  5
     point #   1  energy = -40.000
     point #  20  energy = -28.990
     point #  40  energy =  -8.971
     point #  60  energy =  -6.995
New Fermi level:    mu=  -7.037 eV  Charge distance=  0.0275 (partial c.d.=  0.6666)
SCF ITERATION NUMBER  6
     point #   1  energy = -40.000
     point #  20  energy = -29.012
     point #  40  energy =  -9.035
     point #  60  energy =  -7.062
New Fermi level:    mu=  -7.066 eV  Charge distance=  0.0047 (partial c.d.=  0.5843)
SCF ITERATION NUMBER  7
     point #   1  energy = -40.000
     point #  20  energy = -29.022
     point #  40  energy =  -9.062
New Fermi level:    mu=  -7.057 eV  Charge distance=  0.0050 (partial c.d.=  0.0547)
SCF ITERATION NUMBER  8
     point #   1  energy = -40.000
     point #  20  energy = -29.019
     point #  40  energy =  -9.054
New Fermi level:    mu=  -7.050 eV  Charge distance=  0.0053 (partial c.d.=  0.0146)
SCF ITERATION NUMBER  9
     point #   1  energy = -40.000
     point #  20  energy = -29.017
     point #  40  energy =  -9.047
New Fermi level:    mu=  -7.047 eV  Charge distance=  0.0004 (partial c.d.=  0.0161)
SCF ITERATION NUMBER 10
     point #   1  energy = -40.000
     point #  20  energy = -29.016
     point #  40  energy =  -9.044
New Fermi level:    mu=  -7.041 eV  Charge distance=  0.0006 (partial c.d.=  0.0045)
SCF ITERATION NUMBER 11
     point #   1  energy = -40.000
     point #  20  energy = -29.014
     point #  40  energy =  -9.038
New Fermi level:    mu=  -7.038 eV  Charge distance=  0.0003 (partial c.d.=  0.0030)
SCF ITERATION NUMBER 12
     point #   1  energy = -40.000
     point #  20  energy = -29.013
     point #  40  energy =  -9.036
New Fermi level:    mu=  -7.038 eV  Charge distance=  0.0004 (partial c.d.=  0.0040)
SCF ITERATION NUMBER 13
     point #   1  energy = -40.000
     point #  20  energy = -29.013
     point #  40  energy =  -9.036
New Fermi level:    mu=  -7.039 eV  Charge distance=  0.0002 (partial c.d.=  0.0003)
SCF ITERATION NUMBER 14
     point #   1  energy = -40.000
     point #  20  energy = -29.013
     point #  40  energy =  -9.036
New Fermi level:    mu=  -7.039 eV  Charge distance=  0.0000 (partial c.d.=  0.0010)
SCF ITERATION NUMBER 15
     point #   1  energy = -40.000
     point #  20  energy = -29.013
     point #  40  energy =  -9.036
New Fermi level:    mu=  -7.039 eV  Charge distance=  0.0000 (partial c.d.=  0.0004)
SCF ITERATION NUMBER 16
     point #   1  energy = -40.000
     point #  20  energy = -29.013
     point #  40  energy =  -9.037
New Fermi level:    mu=  -7.039 eV  Charge distance=  0.0000 (partial c.d.=  0.0002)
SCF ITERATION NUMBER 17
     point #   1  energy = -40.000
     point #  20  energy = -29.013
     point #  40  energy =  -9.037
New Fermi level:    mu=  -7.039 eV  Charge distance=  0.0000 (partial c.d.=  0.0002)
Electronic configuration
  type     l     N_el
     0     0    0.529
     0     1    0.608
     0     2    9.532
     0     3    0.000
     1     0    0.529
     1     1    0.609
     1     2    9.532
     1     3    0.000
     2     0    0.624
     2     1    0.230
     2     2    0.000
     2     3    0.000
     3     0    1.190
     3     1    2.227
     3     2    0.414
     3     3    0.000
     4     0    1.870
     4     1    4.337
     4     2    0.076
     4     3    0.000
Charge transfer:  type  charge
       0   -0.331
       1   -0.330
       2   -0.146
       3   -0.169
       4    0.283
Convergence reached in   17 iterations.
Done with module: potentials.

Calculating screened core-hole potential ...
FMS for a cluster of   26 atoms around iph =   0
    0% of energy integration
   20%
   40%
   60%
   80%
  100%
Preparing response function.
Computing (1 - K Chi0)^-1 v_ch
Done with module: screened core-hole potential.

Calculating cross-section and phases ...
    absorption cross section
 x0,dx,rnrm,inrm,jnrm   8.80000000000000       5.000000000000000E-002
   2.58457831300015              195         196
    phase shifts for unique potential    0
    phase shifts for unique potential    1
    phase shifts for unique potential    2
    phase shifts for unique potential    3
    phase shifts for unique potential    4
Done with module: cross-section and phases (XSPH).

FMS calculation of full Green's function ...
FEFF-serial using 1 thread.
Using   194 energy points.
xprep done
FMS for a cluster of  311 atoms
Energy point    1/ 194
Energy point   10/ 194
Energy point   20/ 194
Energy point   30/ 194
Energy point   40/ 194
Energy point   50/ 194
Energy point   60/ 194
Energy point   70/ 194
Energy point   80/ 194
Energy point   90/ 194
Energy point  100/ 194
Energy point  110/ 194
Energy point  120/ 194
Energy point  130/ 194
Energy point  140/ 194
Energy point  150/ 194
Energy point  160/ 194
Energy point  170/ 194
Energy point  180/ 194
Energy point  190/ 194
Done with module: FMS.

MKGTR: Tracing over Green's function ...
Done with module: MKGTR.

Pathfinder: finding scattering paths...
Preparing plane wave scattering amplitudes
Searching for paths
Eliminating path degeneracies
0 paths retained.
Done with module: pathfinder.

Calculating EXAFS parameters ...
Done with module: EXAFS parameters (GENFMT).

Calculating XAS spectra ...
Done with module: XAS spectra (FF2X: DW + final sum over paths).

 
### feff ends at Mon Aug 14 01:56:38 EDT 2023
 
