### feff starts at Mon Aug 14 07:01:12 EDT 2023
### Serial version
### FeffPath is /sdcc/u/mcarbone/software/JFEFF/hsw/feff90/linux
 
Launching FEFF version FEFF 9.9.1
Core hole lifetime is   1.729 eV.
Your calculation:
 comment: None given
 Source:
 Structure Summary:  Li2 Cu10 P4 O16
 Reduced formula:  LiCu5(PO4)2
 space group: (P1), space number:  (1)
 abc:  5.523288   6.256750  10.476963
 angles: 90.062863  90.030822  90.009991
 sites: 32
Cu K edge XANES using RPA corehole.
Using:     * Self-Consistent Field potentials
Using cards:   ATOMS CONTROL EXCHANGE TITLE RPATH POTENTIALS XANES EDGE SCF FMS S02 COREHOLE EGRID

Calculating atomic potentials ...
    overlapped atomic potential and density for unique potential    0
    overlapped atomic potential and density for unique potential    1
    overlapped atomic potential and density for unique potential    2
    overlapped atomic potential and density for unique potential    3
    overlapped atomic potential and density for unique potential    4
Done with module: atomic potentials.

Calculating SCF potentials ...
FEFF-serial using 1 thread.
Muffin tin radii and interstitial parameters [bohr]:
type, norman radius, muffin tin, overlap factor
    0  1.42153E+00  1.35339E+00  1.13310E+00
    1  1.33204E+00  1.27080E+00  1.12669E+00
    2  1.42238E+00  1.36200E+00  1.11537E+00
    3  1.15905E+00  9.47273E-01  1.15000E+00
    4  1.04047E+00  9.40173E-01  1.15000E+00
Core-valence separation energy:  ecv=   -40.000 eV
Initial Fermi level:              mu=     4.724 eV
SCF ITERATION NUMBER  1
     point #   1  energy = -40.000
FMS for a cluster of  126 atoms around atom type   0
FMS for a cluster of  125 atoms around atom type   1
FMS for a cluster of  124 atoms around atom type   2
FMS for a cluster of  120 atoms around atom type   3
FMS for a cluster of  131 atoms around atom type   4
     point #  20  energy = -28.831
     point #  40  energy =  -8.581
     point #  60  energy =  -2.243
     point #  80  energy =  -2.837
New Fermi level:    mu=  -2.910 eV  Charge distance=  0.2483 (partial c.d.=  8.4095)
negative density   1 -173.367 - usually harmless precision error, but check DOS if it persists
SCF ITERATION NUMBER  1
     point #   1  energy = -40.000
FMS for a cluster of  126 atoms around atom type   0
FMS for a cluster of  125 atoms around atom type   1
FMS for a cluster of  124 atoms around atom type   2
FMS for a cluster of  120 atoms around atom type   3
FMS for a cluster of  131 atoms around atom type   4
     point #  20  energy = -28.973
     point #  40  energy =  -8.925
     point #  60  energy =  -2.910
     point #  80  energy =  -4.423
     point # 100  energy =  -6.673
New Fermi level:    mu=  -6.750 eV  Charge distance=  0.1394 (partial c.d.=  1.5201)
negative density   1 -324.606 - usually harmless precision error, but check DOS if it persists
SCF ITERATION NUMBER  1
     point #   1  energy = -40.000
FMS for a cluster of  126 atoms around atom type   0
FMS for a cluster of  125 atoms around atom type   1
FMS for a cluster of  124 atoms around atom type   2
FMS for a cluster of  120 atoms around atom type   3
FMS for a cluster of  131 atoms around atom type   4
     point #  20  energy = -28.917
     point #  40  energy =  -8.765
     point #  60  energy =  -6.738
     point #  80  energy =  -5.950
New Fermi level:    mu=  -6.025 eV  Charge distance=  0.0930 (partial c.d.=  0.2267)
negative density   1 -475.162 - usually harmless precision error, but check DOS if it persists
negative density   1  -23.274 - usually harmless precision error, but check DOS if it persists
SCF ITERATION NUMBER  2
     point #   1  energy = -40.000
     point #  20  energy = -29.008
     point #  40  energy =  -9.023
     point #  60  energy =  -6.013
New Fermi level:    mu=  -5.986 eV  Charge distance=  0.3141 (partial c.d.=  0.0245)
negative density   1-1082.017 - usually harmless precision error, but check DOS if it persists
negative density   1 -211.288 - usually harmless precision error, but check DOS if it persists
SCF ITERATION NUMBER  3
     point #   1  energy = -40.000
     point #  20  energy = -28.995
     point #  40  energy =  -8.987
     point #  60  energy =  -5.998
New Fermi level:    mu=  -6.031 eV  Charge distance=  0.0095 (partial c.d.=  0.0625)
negative density   1-1130.732 - usually harmless precision error, but check DOS if it persists
negative density   1 -226.547 - usually harmless precision error, but check DOS if it persists
SCF ITERATION NUMBER  4
     point #   1  energy = -40.000
     point #  20  energy = -29.010
     point #  40  energy =  -9.028
     point #  60  energy =  -6.044
New Fermi level:    mu=  -6.088 eV  Charge distance=  0.0146 (partial c.d.=  0.0154)
negative density   1-1171.827 - usually harmless precision error, but check DOS if it persists
negative density   1 -239.647 - usually harmless precision error, but check DOS if it persists
negative density   1   -1.004 - usually harmless precision error, but check DOS if it persists
SCF ITERATION NUMBER  5
     point #   1  energy = -40.000
     point #  20  energy = -28.696
     point #  40  energy =  -8.144
     point #  60  energy =  -6.113
New Fermi level:    mu=  -6.128 eV  Charge distance=  0.0041 (partial c.d.=  0.0133)
negative density   1-1181.867 - usually harmless precision error, but check DOS if it persists
negative density   1 -242.971 - usually harmless precision error, but check DOS if it persists
negative density   1   -2.460 - usually harmless precision error, but check DOS if it persists
SCF ITERATION NUMBER  6
     point #   1  energy = -40.000
     point #  20  energy = -28.709
     point #  40  energy =  -8.181
New Fermi level:    mu=  -6.124 eV  Charge distance=  0.0077 (partial c.d.=  0.0068)
negative density   1-1198.482 - usually harmless precision error, but check DOS if it persists
negative density   1 -248.535 - usually harmless precision error, but check DOS if it persists
negative density   1   -4.912 - usually harmless precision error, but check DOS if it persists
SCF ITERATION NUMBER  7
     point #   1  energy = -40.000
     point #  20  energy = -28.708
     point #  40  energy =  -8.177
     point #  60  energy =  -6.099
New Fermi level:    mu=  -6.109 eV  Charge distance=  0.0045 (partial c.d.=  0.0066)
negative density   1-1212.735 - usually harmless precision error, but check DOS if it persists
negative density   1 -253.220 - usually harmless precision error, but check DOS if it persists
negative density   1   -6.958 - usually harmless precision error, but check DOS if it persists
SCF ITERATION NUMBER  8
     point #   1  energy = -40.000
     point #  20  energy = -28.703
     point #  40  energy =  -8.163
New Fermi level:    mu=  -6.102 eV  Charge distance=  0.0010 (partial c.d.=  0.0072)
negative density   1-1212.241 - usually harmless precision error, but check DOS if it persists
negative density   1 -253.022 - usually harmless precision error, but check DOS if it persists
negative density   1   -6.865 - usually harmless precision error, but check DOS if it persists
SCF ITERATION NUMBER  9
     point #   1  energy = -40.000
     point #  20  energy = -28.701
     point #  40  energy =  -8.157
New Fermi level:    mu=  -6.104 eV  Charge distance=  0.0001 (partial c.d.=  0.0019)
negative density   1-1214.212 - usually harmless precision error, but check DOS if it persists
negative density   1 -253.646 - usually harmless precision error, but check DOS if it persists
negative density   1   -7.133 - usually harmless precision error, but check DOS if it persists
SCF ITERATION NUMBER 10
     point #   1  energy = -40.000
     point #  20  energy = -28.701
     point #  40  energy =  -8.159
New Fermi level:    mu=  -6.104 eV  Charge distance=  0.0002 (partial c.d.=  0.0001)
Electronic configuration
  type     l     N_el
     0     0    0.548
     0     1    0.636
     0     2    9.635
     0     3    0.000
     1     0    0.276
     1     1    0.576
     1     2    0.000
     1     3    0.000
     2     0    0.529
     2     1    0.629
     2     2    9.642
     2     3    0.000
     3     0    1.206
     3     1    2.069
     3     2    1.044
     3     3    0.000
     4     0    1.833
     4     1    4.405
     4     2    0.075
     4     3    0.000
Charge transfer:  type  charge
       0   -0.181
       1   -0.148
       2   -0.200
       3   -0.681
       4    0.314
Convergence reached in   10 iterations.
Done with module: potentials.

Calculating screened core-hole potential ...
FMS for a cluster of   27 atoms around iph =   0
    0% of energy integration
   20%
   40%
   60%
   80%
  100%
Preparing response function.
Computing (1 - K Chi0)^-1 v_ch
Done with module: screened core-hole potential.

Calculating cross-section and phases ...
    absorption cross section
 x0,dx,rnrm,inrm,jnrm   8.80000000000000       5.000000000000000E-002
   2.68630157200015              196         197
    phase shifts for unique potential    0
    phase shifts for unique potential    1
    phase shifts for unique potential    2
    phase shifts for unique potential    3
    phase shifts for unique potential    4
Done with module: cross-section and phases (XSPH).

FMS calculation of full Green's function ...
FEFF-serial using 1 thread.
Using   194 energy points.
xprep done
FMS for a cluster of  271 atoms
Energy point    1/ 194
Energy point   10/ 194
Energy point   20/ 194
Energy point   30/ 194
Energy point   40/ 194
Energy point   50/ 194
Energy point   60/ 194
Energy point   70/ 194
Energy point   80/ 194
Energy point   90/ 194
Energy point  100/ 194
Energy point  110/ 194
Energy point  120/ 194
Energy point  130/ 194
Energy point  140/ 194
Energy point  150/ 194
Energy point  160/ 194
Energy point  170/ 194
Energy point  180/ 194
Energy point  190/ 194
Done with module: FMS.

MKGTR: Tracing over Green's function ...
Done with module: MKGTR.

Pathfinder: finding scattering paths...
Preparing plane wave scattering amplitudes
Searching for paths
Eliminating path degeneracies
0 paths retained.
Done with module: pathfinder.

Calculating EXAFS parameters ...
Done with module: EXAFS parameters (GENFMT).

Calculating XAS spectra ...
Done with module: XAS spectra (FF2X: DW + final sum over paths).

 
### feff ends at Mon Aug 14 08:57:43 EDT 2023
 
