### feff starts at Mon Aug 14 07:00:11 EDT 2023
### Serial version
### FeffPath is /sdcc/u/mcarbone/software/JFEFF/hsw/feff90/linux
 
Launching FEFF version FEFF 9.9.1
Core hole lifetime is   1.729 eV.
Your calculation:
 comment: None given
 Source:
 Structure Summary:  Li2 Cu6 O6
 Reduced formula:  Li(CuO)3
 space group: (P4/nmm), space number:  (129)
 abc:  3.964869   3.964869   9.155898
 angles: 90.000000  90.000000  90.000000
 sites: 14
Cu K edge XANES using RPA corehole.
Using:     * Self-Consistent Field potentials
Using cards:   ATOMS CONTROL EXCHANGE TITLE RPATH POTENTIALS XANES EDGE SCF FMS S02 COREHOLE EGRID

Calculating atomic potentials ...
    overlapped atomic potential and density for unique potential    0
    overlapped atomic potential and density for unique potential    1
    overlapped atomic potential and density for unique potential    2
    overlapped atomic potential and density for unique potential    3
Done with module: atomic potentials.

Calculating SCF potentials ...
FEFF-serial using 1 thread.
Muffin tin radii and interstitial parameters [bohr]:
type, norman radius, muffin tin, overlap factor
    0  1.32670E+00  1.16774E+00  1.15000E+00
    1  1.30518E+00  1.24682E+00  1.12261E+00
    2  1.31939E+00  1.24211E+00  1.15000E+00
    3  1.10364E+00  1.02683E+00  1.15000E+00
Core-valence separation energy:  ecv=   -40.000 eV
Initial Fermi level:              mu=     0.414 eV
SCF ITERATION NUMBER  1
     point #   1  energy = -40.000
FMS for a cluster of  137 atoms around atom type   0
FMS for a cluster of  124 atoms around atom type   1
FMS for a cluster of  129 atoms around atom type   2
FMS for a cluster of  146 atoms around atom type   3
     point #  20  energy = -28.880
     point #  40  energy =  -8.630
     point #  60  energy =  -2.927
     point #  80  energy =  -3.036
New Fermi level:    mu=  -3.142 eV  Charge distance=  0.2970 (partial c.d.=  8.5698)
SCF ITERATION NUMBER  1
     point #   1  energy = -40.000
FMS for a cluster of  137 atoms around atom type   0
FMS for a cluster of  124 atoms around atom type   1
FMS for a cluster of  129 atoms around atom type   2
FMS for a cluster of  146 atoms around atom type   3
     point #  20  energy = -28.738
     point #  40  energy =  -8.261
     point #  60  energy =  -3.142
     point #  80  energy =  -4.967
     point # 100  energy =  -7.198
New Fermi level:    mu=  -7.377 eV  Charge distance=  0.0517 (partial c.d.=  1.6996)
negative density   1  -19.456 - usually harmless precision error, but check DOS if it persists
SCF ITERATION NUMBER  1
     point #   1  energy = -40.000
FMS for a cluster of  137 atoms around atom type   0
FMS for a cluster of  124 atoms around atom type   1
FMS for a cluster of  129 atoms around atom type   2
FMS for a cluster of  146 atoms around atom type   3
     point #  20  energy = -28.786
     point #  40  energy =  -8.397
     point #  60  energy =  -7.337
     point #  80  energy =  -6.840
New Fermi level:    mu=  -6.979 eV  Charge distance=  0.0317 (partial c.d.=  0.3757)
negative density   1  -78.063 - usually harmless precision error, but check DOS if it persists
SCF ITERATION NUMBER  2
     point #   1  energy = -40.000
     point #  20  energy = -28.993
     point #  40  energy =  -8.980
New Fermi level:    mu=  -6.989 eV  Charge distance=  0.1140 (partial c.d.=  0.1026)
negative density   1 -329.112 - usually harmless precision error, but check DOS if it persists
SCF ITERATION NUMBER  3
     point #   1  energy = -40.000
     point #  20  energy = -28.996
     point #  40  energy =  -8.989
     point #  60  energy =  -7.001
New Fermi level:    mu=  -7.161 eV  Charge distance=  0.0491 (partial c.d.=  0.2260)
negative density   1 -371.287 - usually harmless precision error, but check DOS if it persists
SCF ITERATION NUMBER  4
     point #   1  energy = -40.000
     point #  20  energy = -28.711
     point #  40  energy =  -8.187
     point #  60  energy =  -7.198
New Fermi level:    mu=  -7.212 eV  Charge distance=  0.0153 (partial c.d.=  0.2998)
negative density   1 -378.442 - usually harmless precision error, but check DOS if it persists
negative density   1   -1.038 - usually harmless precision error, but check DOS if it persists
SCF ITERATION NUMBER  5
     point #   1  energy = -40.000
     point #  20  energy = -28.729
     point #  40  energy =  -8.236
New Fermi level:    mu=  -7.214 eV  Charge distance=  0.0033 (partial c.d.=  0.0734)
negative density   1 -397.869 - usually harmless precision error, but check DOS if it persists
negative density   1   -7.398 - usually harmless precision error, but check DOS if it persists
SCF ITERATION NUMBER  6
     point #   1  energy = -40.000
     point #  20  energy = -28.730
     point #  40  energy =  -8.238
New Fermi level:    mu=  -7.218 eV  Charge distance=  0.0055 (partial c.d.=  0.0106)
negative density   1 -434.250 - usually harmless precision error, but check DOS if it persists
negative density   1  -19.352 - usually harmless precision error, but check DOS if it persists
SCF ITERATION NUMBER  7
     point #   1  energy = -40.000
     point #  20  energy = -28.731
     point #  40  energy =  -8.242
New Fermi level:    mu=  -7.212 eV  Charge distance=  0.0017 (partial c.d.=  0.0032)
negative density   1 -447.529 - usually harmless precision error, but check DOS if it persists
negative density   1  -23.736 - usually harmless precision error, but check DOS if it persists
SCF ITERATION NUMBER  8
     point #   1  energy = -40.000
     point #  20  energy = -28.729
     point #  40  energy =  -8.236
New Fermi level:    mu=  -7.200 eV  Charge distance=  0.0007 (partial c.d.=  0.0037)
negative density   1 -445.802 - usually harmless precision error, but check DOS if it persists
negative density   1  -23.174 - usually harmless precision error, but check DOS if it persists
SCF ITERATION NUMBER  9
     point #   1  energy = -40.000
     point #  20  energy = -28.725
     point #  40  energy =  -8.225
New Fermi level:    mu=  -7.197 eV  Charge distance=  0.0004 (partial c.d.=  0.0007)
negative density   1 -446.706 - usually harmless precision error, but check DOS if it persists
negative density   1  -23.471 - usually harmless precision error, but check DOS if it persists
SCF ITERATION NUMBER 10
     point #   1  energy = -40.000
     point #  20  energy = -28.724
     point #  40  energy =  -8.222
New Fermi level:    mu=  -7.194 eV  Charge distance=  0.0001 (partial c.d.=  0.0005)
negative density   1 -447.827 - usually harmless precision error, but check DOS if it persists
negative density   1  -23.835 - usually harmless precision error, but check DOS if it persists
SCF ITERATION NUMBER 11
     point #   1  energy = -40.000
     point #  20  energy = -28.723
     point #  40  energy =  -8.219
New Fermi level:    mu=  -7.194 eV  Charge distance=  0.0002 (partial c.d.=  0.0000)
Electronic configuration
  type     l     N_el
     0     0    0.595
     0     1    0.631
     0     2    9.458
     0     3    0.000
     1     0    0.256
     1     1    0.554
     1     2    0.000
     1     3    0.000
     2     0    0.508
     2     1    0.614
     2     2    9.532
     2     3    0.000
     3     0    1.857
     3     1    4.467
     3     2    0.086
     3     3    0.000
Charge transfer:  type  charge
       0   -0.316
       1   -0.191
       2   -0.346
       3    0.410
Convergence reached in   11 iterations.
Done with module: potentials.

Calculating screened core-hole potential ...
FMS for a cluster of   27 atoms around iph =   0
    0% of energy integration
   20%
   40%
   60%
   80%
  100%
Preparing response function.
Computing (1 - K Chi0)^-1 v_ch
Done with module: screened core-hole potential.

Calculating cross-section and phases ...
    absorption cross section
 x0,dx,rnrm,inrm,jnrm   8.80000000000000       5.000000000000000E-002
   2.50710186599997              195         196
    phase shifts for unique potential    0
    phase shifts for unique potential    1
    phase shifts for unique potential    2
    phase shifts for unique potential    3
Done with module: cross-section and phases (XSPH).

FMS calculation of full Green's function ...
FEFF-serial using 1 thread.
Using   194 energy points.
xprep done
FMS for a cluster of  291 atoms
Energy point    1/ 194
Energy point   10/ 194
Energy point   20/ 194
Energy point   30/ 194
Energy point   40/ 194
Energy point   50/ 194
Energy point   60/ 194
Energy point   70/ 194
Energy point   80/ 194
Energy point   90/ 194
Energy point  100/ 194
Energy point  110/ 194
Energy point  120/ 194
Energy point  130/ 194
Energy point  140/ 194
Energy point  150/ 194
Energy point  160/ 194
Energy point  170/ 194
Energy point  180/ 194
Energy point  190/ 194
Done with module: FMS.

MKGTR: Tracing over Green's function ...
Done with module: MKGTR.

Pathfinder: finding scattering paths...
Preparing plane wave scattering amplitudes
Searching for paths
Eliminating path degeneracies
0 paths retained.
Done with module: pathfinder.

Calculating EXAFS parameters ...
Done with module: EXAFS parameters (GENFMT).

Calculating XAS spectra ...
Done with module: XAS spectra (FF2X: DW + final sum over paths).

 
### feff ends at Mon Aug 14 08:56:13 EDT 2023
 
