### feff starts at Mon Aug 14 09:37:47 EDT 2023
### Serial version
### FeffPath is /sdcc/u/mcarbone/software/JFEFF/hsw/feff90/linux
 
Launching FEFF version FEFF 9.9.1
Resetting lmaxsc to 2 for iph =    2.  Use  UNFREEZE to prevent this.
Core hole lifetime is   1.729 eV.
Your calculation:
 comment: None given
 Source:
 Structure Summary:  Cu6 Pb1 O8
 Reduced formula:  Cu6PbO8
 space group: (Immm), space number:  (71)
 abc:  6.189514   6.189514   6.189514
 angles:122.578888 120.002817  87.793401
 sites: 15
Cu K edge XANES using RPA corehole.
Using:     * Self-Consistent Field potentials
Using cards:   ATOMS CONTROL EXCHANGE TITLE RPATH POTENTIALS XANES EDGE SCF FMS S02 COREHOLE EGRID

Calculating atomic potentials ...
    overlapped atomic potential and density for unique potential    0
    overlapped atomic potential and density for unique potential    1
    overlapped atomic potential and density for unique potential    2
    overlapped atomic potential and density for unique potential    3
Done with module: atomic potentials.

Calculating SCF potentials ...
FEFF-serial using 1 thread.
Muffin tin radii and interstitial parameters [bohr]:
type, norman radius, muffin tin, overlap factor
    0  1.39598E+00  1.33768E+00  1.11321E+00
    1  1.39599E+00  1.33768E+00  1.11321E+00
    2  1.60801E+00  1.52874E+00  1.13765E+00
    3  1.12483E+00  1.07448E+00  1.12276E+00
Core-valence separation energy:  ecv=   -40.000 eV
Initial Fermi level:              mu=     0.645 eV
SCF ITERATION NUMBER  1
     point #   1  energy = -40.000
FMS for a cluster of  133 atoms around atom type   0
FMS for a cluster of  125 atoms around atom type   1
FMS for a cluster of  121 atoms around atom type   2
FMS for a cluster of  139 atoms around atom type   3
     point #  20  energy = -28.834
     point #  40  energy =  -8.584
     point #  60  energy =  -1.980
     point #  80  energy =  -3.155
New Fermi level:    mu=  -3.234 eV  Charge distance=  0.3025 (partial c.d.= 10.4223)
SCF ITERATION NUMBER  1
     point #   1  energy = -40.000
FMS for a cluster of  133 atoms around atom type   0
FMS for a cluster of  125 atoms around atom type   1
FMS for a cluster of  121 atoms around atom type   2
FMS for a cluster of  139 atoms around atom type   3
     point #  20  energy = -28.766
     point #  40  energy =  -8.341
     point #  60  energy =  -3.234
     point #  80  energy =  -5.134
     point # 100  energy =  -7.372
     point # 120  energy =  -7.862
New Fermi level:    mu=  -7.879 eV  Charge distance=  0.2158 (partial c.d.=  1.4471)
SCF ITERATION NUMBER  1
     point #   1  energy = -40.000
FMS for a cluster of  133 atoms around atom type   0
FMS for a cluster of  125 atoms around atom type   1
FMS for a cluster of  121 atoms around atom type   2
FMS for a cluster of  139 atoms around atom type   3
     point #  20  energy = -28.958
     point #  40  energy =  -8.883
     point #  60  energy =  -7.838
     point #  80  energy =  -6.091
     point # 100  energy =  -6.795
New Fermi level:    mu=  -6.840 eV  Charge distance=  0.1209 (partial c.d.=  0.3258)
SCF ITERATION NUMBER  2
     point #   1  energy = -40.000
     point #  20  energy = -28.947
     point #  40  energy =  -8.850
     point #  60  energy =  -6.853
New Fermi level:    mu=  -7.000 eV  Charge distance=  0.4538 (partial c.d.=  0.1098)
SCF ITERATION NUMBER  3
     point #   1  energy = -40.000
     point #  20  energy = -29.000
     point #  40  energy =  -9.000
     point #  60  energy =  -7.025
New Fermi level:    mu=  -7.065 eV  Charge distance=  0.3435 (partial c.d.=  2.0120)
SCF ITERATION NUMBER  4
     point #   1  energy = -40.000
     point #  20  energy = -29.022
     point #  40  energy =  -9.061
     point #  60  energy =  -7.090
New Fermi level:    mu=  -7.158 eV  Charge distance=  0.1078 (partial c.d.=  2.5019)
SCF ITERATION NUMBER  5
     point #   1  energy = -40.000
     point #  20  energy = -28.711
     point #  40  energy =  -8.184
     point #  60  energy =  -7.142
New Fermi level:    mu=  -7.282 eV  Charge distance=  0.1658 (partial c.d.=  0.0825)
SCF ITERATION NUMBER  6
     point #   1  energy = -40.000
     point #  20  energy = -28.753
     point #  40  energy =  -8.304
     point #  60  energy =  -7.244
New Fermi level:    mu=  -7.242 eV  Charge distance=  0.0977 (partial c.d.=  1.5037)
SCF ITERATION NUMBER  7
     point #   1  energy = -40.000
     point #  20  energy = -28.739
     point #  40  energy =  -8.266
New Fermi level:    mu=  -7.248 eV  Charge distance=  0.0328 (partial c.d.=  1.4227)
SCF ITERATION NUMBER  8
     point #   1  energy = -40.000
     point #  20  energy = -28.742
     point #  40  energy =  -8.272
New Fermi level:    mu=  -7.254 eV  Charge distance=  0.0956 (partial c.d.=  0.0622)
SCF ITERATION NUMBER  9
     point #   1  energy = -40.000
     point #  20  energy = -28.744
     point #  40  energy =  -8.278
     point #  60  energy =  -7.217
New Fermi level:    mu=  -7.187 eV  Charge distance=  0.0496 (partial c.d.=  0.6775)
SCF ITERATION NUMBER 10
     point #   1  energy = -40.000
     point #  20  energy = -28.720
     point #  40  energy =  -8.212
     point #  60  energy =  -7.224
New Fermi level:    mu=  -7.229 eV  Charge distance=  0.0171 (partial c.d.=  0.5731)
SCF ITERATION NUMBER 11
     point #   1  energy = -40.000
     point #  20  energy = -28.735
     point #  40  energy =  -8.253
New Fermi level:    mu=  -7.219 eV  Charge distance=  0.0301 (partial c.d.=  0.0696)
SCF ITERATION NUMBER 12
     point #   1  energy = -40.000
     point #  20  energy = -28.732
     point #  40  energy =  -8.244
New Fermi level:    mu=  -7.198 eV  Charge distance=  0.0067 (partial c.d.=  0.1733)
SCF ITERATION NUMBER 13
     point #   1  energy = -40.000
     point #  20  energy = -28.724
     point #  40  energy =  -8.223
New Fermi level:    mu=  -7.205 eV  Charge distance=  0.0021 (partial c.d.=  0.0565)
SCF ITERATION NUMBER 14
     point #   1  energy = -40.000
     point #  20  energy = -28.727
     point #  40  energy =  -8.230
New Fermi level:    mu=  -7.203 eV  Charge distance=  0.0013 (partial c.d.=  0.0112)
SCF ITERATION NUMBER 15
     point #   1  energy = -40.000
     point #  20  energy = -28.726
     point #  40  energy =  -8.228
New Fermi level:    mu=  -7.202 eV  Charge distance=  0.0001 (partial c.d.=  0.0068)
SCF ITERATION NUMBER 16
     point #   1  energy = -40.000
     point #  20  energy = -28.726
     point #  40  energy =  -8.227
New Fermi level:    mu=  -7.202 eV  Charge distance=  0.0005 (partial c.d.=  0.0015)
SCF ITERATION NUMBER 17
     point #   1  energy = -40.000
     point #  20  energy = -28.726
     point #  40  energy =  -8.227
New Fermi level:    mu=  -7.201 eV  Charge distance=  0.0001 (partial c.d.=  0.0021)
SCF ITERATION NUMBER 18
     point #   1  energy = -40.000
     point #  20  energy = -28.725
     point #  40  energy =  -8.226
New Fermi level:    mu=  -7.201 eV  Charge distance=  0.0001 (partial c.d.=  0.0006)
SCF ITERATION NUMBER 19
     point #   1  energy = -40.000
     point #  20  energy = -28.725
     point #  40  energy =  -8.226
New Fermi level:    mu=  -7.201 eV  Charge distance=  0.0000 (partial c.d.=  0.0007)
SCF ITERATION NUMBER 20
     point #   1  energy = -40.000
     point #  20  energy = -28.725
     point #  40  energy =  -8.226
New Fermi level:    mu=  -7.201 eV  Charge distance=  0.0000 (partial c.d.=  0.0000)
Electronic configuration
  type     l     N_el
     0     0    0.474
     0     1    0.575
     0     2    9.623
     0     3    0.000
     1     0    0.474
     1     1    0.575
     1     2    9.624
     1     3    0.000
     2     0    1.577
     2     1    1.211
     2     2   10.422
     2     3    0.000
     3     0    1.895
     3     1    4.371
     3     2    0.080
     3     3    0.000
Charge transfer:  type  charge
       0   -0.328
       1   -0.328
       2   -0.790
       3    0.345
Convergence reached in   20 iterations.
Done with module: potentials.

Calculating screened core-hole potential ...
FMS for a cluster of   25 atoms around iph =   0
    0% of energy integration
   20%
   40%
   60%
   80%
  100%
Preparing response function.
Computing (1 - K Chi0)^-1 v_ch
Done with module: screened core-hole potential.

Calculating cross-section and phases ...
    absorption cross section
 x0,dx,rnrm,inrm,jnrm   8.80000000000000       5.000000000000000E-002
   2.63802831999998              196         197
    phase shifts for unique potential    0
    phase shifts for unique potential    1
    phase shifts for unique potential    2
    phase shifts for unique potential    3
Done with module: cross-section and phases (XSPH).

FMS calculation of full Green's function ...
FEFF-serial using 1 thread.
Using   194 energy points.
xprep done
FMS for a cluster of  271 atoms
Energy point    1/ 194
Energy point   10/ 194
Energy point   20/ 194
Energy point   30/ 194
Energy point   40/ 194
Energy point   50/ 194
Energy point   60/ 194
Energy point   70/ 194
Energy point   80/ 194
Energy point   90/ 194
Energy point  100/ 194
Energy point  110/ 194
Energy point  120/ 194
Energy point  130/ 194
Energy point  140/ 194
Energy point  150/ 194
Energy point  160/ 194
Energy point  170/ 194
Energy point  180/ 194
Energy point  190/ 194
Done with module: FMS.

MKGTR: Tracing over Green's function ...
Done with module: MKGTR.

Pathfinder: finding scattering paths...
Preparing plane wave scattering amplitudes
Searching for paths
Eliminating path degeneracies
0 paths retained.
Done with module: pathfinder.

Calculating EXAFS parameters ...
Done with module: EXAFS parameters (GENFMT).

Calculating XAS spectra ...
Done with module: XAS spectra (FF2X: DW + final sum over paths).

 
### feff ends at Mon Aug 14 12:04:06 EDT 2023
 
