### feff starts at Sun Aug 13 17:45:32 EDT 2023
### Serial version
### FeffPath is /sdcc/u/mcarbone/software/JFEFF/hsw/feff90/linux
 
Launching FEFF version FEFF 9.9.1
Core hole lifetime is   1.729 eV.
Your calculation:
 comment: None given
 Source:
 Structure Summary:  V4 Cu13 O26 F4
 Reduced formula:  V4Cu13(O13F2)2
 space group: (P-1), space number:  (2)
 abc:  5.641513  10.434592  10.985137
 angles:107.780468 103.275804  96.667915
 sites: 47
Cu K edge XANES using RPA corehole.
Using:     * Self-Consistent Field potentials
Using cards:   ATOMS CONTROL EXCHANGE TITLE RPATH POTENTIALS XANES EDGE SCF FMS S02 COREHOLE EGRID

Calculating atomic potentials ...
    overlapped atomic potential and density for unique potential    0
    overlapped atomic potential and density for unique potential    1
    overlapped atomic potential and density for unique potential    2
    overlapped atomic potential and density for unique potential    3
    overlapped atomic potential and density for unique potential    4
Done with module: atomic potentials.

Calculating SCF potentials ...
FEFF-serial using 1 thread.
Muffin tin radii and interstitial parameters [bohr]:
type, norman radius, muffin tin, overlap factor
    0  1.30171E+00  1.18591E+00  1.15000E+00
    1  1.31237E+00  1.08632E+00  1.15000E+00
    2  1.27808E+00  1.15206E+00  1.15000E+00
    3  1.11322E+00  1.00798E+00  1.15000E+00
    4  1.14582E+00  1.01813E+00  1.15000E+00
Core-valence separation energy:  ecv=   -51.500 eV
Initial Fermi level:              mu=     2.725 eV
SCF ITERATION NUMBER  1
     point #   1  energy = -51.500
FMS for a cluster of  117 atoms around atom type   0
FMS for a cluster of  102 atoms around atom type   1
FMS for a cluster of  116 atoms around atom type   2
FMS for a cluster of  118 atoms around atom type   3
FMS for a cluster of  116 atoms around atom type   4
     point #  20  energy = -40.429
     point #  40  energy = -20.179
     point #  60  energy =  -4.082
     point #  80  energy =  -3.689
New Fermi level:    mu=  -4.012 eV  Charge distance=  1.0684 (partial c.d.=  8.8874)
SCF ITERATION NUMBER  1
     point #   1  energy = -51.500
FMS for a cluster of  117 atoms around atom type   0
FMS for a cluster of  102 atoms around atom type   1
FMS for a cluster of  116 atoms around atom type   2
FMS for a cluster of  118 atoms around atom type   3
FMS for a cluster of  116 atoms around atom type   4
     point #  20  energy = -40.386
     point #  40  energy = -20.178
     point #  60  energy =  -4.012
     point #  80  energy =  -4.180
     point # 100  energy =  -7.771
     point # 120  energy =  -8.933
New Fermi level:    mu=  -9.018 eV  Charge distance=  0.7066 (partial c.d.=  7.4259)
SCF ITERATION NUMBER  1
     point #   1  energy = -51.500
FMS for a cluster of  117 atoms around atom type   0
FMS for a cluster of  102 atoms around atom type   1
FMS for a cluster of  116 atoms around atom type   2
FMS for a cluster of  118 atoms around atom type   3
FMS for a cluster of  116 atoms around atom type   4
     point #  20  energy = -40.374
     point #  40  energy = -20.144
     point #  60  energy =  -9.018
     point #  80  energy =  -8.277
     point # 100  energy =  -7.705
New Fermi level:    mu=  -7.738 eV  Charge distance=  0.4017 (partial c.d.=  0.7271)
SCF ITERATION NUMBER  2
     point #   1  energy = -51.500
     point #  20  energy = -40.305
     point #  40  energy = -19.951
     point #  60  energy =  -7.738
     point #  80  energy =  -7.179
New Fermi level:    mu=  -7.124 eV  Charge distance=  0.0731 (partial c.d.=  1.6216)
SCF ITERATION NUMBER  3
     point #   1  energy = -51.500
     point #  20  energy = -40.406
     point #  40  energy = -20.235
     point #  60  energy =  -7.124
     point #  80  energy =  -7.605
New Fermi level:    mu=  -7.770 eV  Charge distance=  0.1681 (partial c.d.=  1.2459)
SCF ITERATION NUMBER  4
     point #   1  energy = -51.500
     point #  20  energy = -40.313
     point #  40  energy = -19.974
     point #  60  energy =  -7.770
New Fermi level:    mu=  -7.776 eV  Charge distance=  0.0572 (partial c.d.=  1.4777)
SCF ITERATION NUMBER  5
     point #   1  energy = -51.500
     point #  20  energy = -40.315
     point #  40  energy = -19.978
     point #  60  energy =  -7.776
New Fermi level:    mu=  -7.876 eV  Charge distance=  0.0229 (partial c.d.=  0.1770)
SCF ITERATION NUMBER  6
     point #   1  energy = -51.500
     point #  20  energy = -40.340
     point #  40  energy = -20.050
     point #  60  energy =  -7.876
New Fermi level:    mu=  -7.876 eV  Charge distance=  0.0359 (partial c.d.=  0.3154)
SCF ITERATION NUMBER  7
     point #   1  energy = -51.500
     point #  20  energy = -40.340
     point #  40  energy = -20.050
     point #  60  energy =  -7.876
New Fermi level:    mu=  -7.878 eV  Charge distance=  0.0141 (partial c.d.=  0.4009)
SCF ITERATION NUMBER  8
     point #   1  energy = -51.500
     point #  20  energy = -40.341
     point #  40  energy = -20.052
     point #  60  energy =  -7.878
New Fermi level:    mu=  -7.853 eV  Charge distance=  0.0025 (partial c.d.=  0.1764)
SCF ITERATION NUMBER  9
     point #   1  energy = -51.500
     point #  20  energy = -40.335
     point #  40  energy = -20.034
     point #  60  energy =  -7.853
New Fermi level:    mu=  -7.823 eV  Charge distance=  0.0040 (partial c.d.=  0.0290)
SCF ITERATION NUMBER 10
     point #   1  energy = -51.500
     point #  20  energy = -40.327
     point #  40  energy = -20.012
     point #  60  energy =  -7.823
New Fermi level:    mu=  -7.807 eV  Charge distance=  0.0060 (partial c.d.=  0.0118)
SCF ITERATION NUMBER 11
     point #   1  energy = -51.500
     point #  20  energy = -40.323
     point #  40  energy = -20.001
     point #  60  energy =  -7.807
New Fermi level:    mu=  -7.780 eV  Charge distance=  0.0008 (partial c.d.=  0.0155)
SCF ITERATION NUMBER 12
     point #   1  energy = -51.500
     point #  20  energy = -40.316
     point #  40  energy = -19.981
     point #  60  energy =  -7.780
New Fermi level:    mu=  -7.784 eV  Charge distance=  0.0003 (partial c.d.=  0.0084)
SCF ITERATION NUMBER 13
     point #   1  energy = -51.500
     point #  20  energy = -40.317
     point #  40  energy = -19.984
     point #  60  energy =  -7.784
New Fermi level:    mu=  -7.787 eV  Charge distance=  0.0004 (partial c.d.=  0.0017)
SCF ITERATION NUMBER 14
     point #   1  energy = -51.500
     point #  20  energy = -40.318
     point #  40  energy = -19.986
     point #  60  energy =  -7.787
New Fermi level:    mu=  -7.789 eV  Charge distance=  0.0003 (partial c.d.=  0.0020)
SCF ITERATION NUMBER 15
     point #   1  energy = -51.500
     point #  20  energy = -40.318
     point #  40  energy = -19.987
     point #  60  energy =  -7.789
New Fermi level:    mu=  -7.790 eV  Charge distance=  0.0002 (partial c.d.=  0.0006)
SCF ITERATION NUMBER 16
     point #   1  energy = -51.500
     point #  20  energy = -40.318
     point #  40  energy = -19.988
     point #  60  energy =  -7.790
New Fermi level:    mu=  -7.790 eV  Charge distance=  0.0002 (partial c.d.=  0.0002)
Electronic configuration
  type     l     N_el
     0     0    0.520
     0     1    0.634
     0     2    9.330
     0     3    0.000
     1     0    0.505
     1     1    6.682
     1     2    3.673
     1     3    0.000
     2     0    0.516
     2     1    0.637
     2     2    9.302
     2     3    0.000
     3     0    1.870
     3     1    4.309
     3     2    0.089
     3     3    0.000
     4     0    1.969
     4     1    5.143
     4     2    0.053
     4     3    0.000
Charge transfer:  type  charge
       0   -0.516
       1   -0.140
       2   -0.544
       3    0.269
       4    0.165
Convergence reached in   16 iterations.
Done with module: potentials.

Calculating screened core-hole potential ...
FMS for a cluster of   22 atoms around iph =   0
    0% of energy integration
   20%
   40%
   60%
   80%
  100%
Preparing response function.
Computing (1 - K Chi0)^-1 v_ch
Done with module: screened core-hole potential.

Calculating cross-section and phases ...
    absorption cross section
 x0,dx,rnrm,inrm,jnrm   8.80000000000000       5.000000000000000E-002
   2.45987843599990              195         196
    phase shifts for unique potential    0
    phase shifts for unique potential    1
    phase shifts for unique potential    2
    phase shifts for unique potential    3
    phase shifts for unique potential    4
Done with module: cross-section and phases (XSPH).

FMS calculation of full Green's function ...
FEFF-serial using 1 thread.
Using   194 energy points.
xprep done
FMS for a cluster of  247 atoms
Energy point    1/ 194
Energy point   10/ 194
Energy point   20/ 194
Energy point   30/ 194
Energy point   40/ 194
Energy point   50/ 194
Energy point   60/ 194
Energy point   70/ 194
Energy point   80/ 194
Energy point   90/ 194
Energy point  100/ 194
Energy point  110/ 194
Energy point  120/ 194
Energy point  130/ 194
Energy point  140/ 194
Energy point  150/ 194
Energy point  160/ 194
Energy point  170/ 194
Energy point  180/ 194
Energy point  190/ 194
Done with module: FMS.

MKGTR: Tracing over Green's function ...
Done with module: MKGTR.

Pathfinder: finding scattering paths...
Preparing plane wave scattering amplitudes
Searching for paths
Eliminating path degeneracies
0 paths retained.
Done with module: pathfinder.

Calculating EXAFS parameters ...
Done with module: EXAFS parameters (GENFMT).

Calculating XAS spectra ...
Done with module: XAS spectra (FF2X: DW + final sum over paths).

 
### feff ends at Sun Aug 13 19:58:19 EDT 2023
 
