### feff starts at Sun Aug 13 09:26:10 EDT 2023
### Serial version
### FeffPath is /sdcc/u/mcarbone/software/JFEFF/hsw/feff90/linux
 
Launching FEFF version FEFF 9.9.1
Core hole lifetime is   1.729 eV.
Your calculation:
 comment: None given
 Source:
 Structure Summary:  Sr1 Cu3 Sn4 O12
 Reduced formula:  SrCu3(SnO3)4
 space group: (Im-3), space number:  (204)
 abc:  6.755326   6.755326   6.755326
 angles:109.471221 109.471221 109.471221
 sites: 20
Cu K edge XANES using RPA corehole.
Using:     * Self-Consistent Field potentials
Using cards:   ATOMS CONTROL EXCHANGE TITLE RPATH POTENTIALS XANES EDGE SCF FMS S02 COREHOLE EGRID

Calculating atomic potentials ...
    overlapped atomic potential and density for unique potential    0
    overlapped atomic potential and density for unique potential    1
    overlapped atomic potential and density for unique potential    2
    overlapped atomic potential and density for unique potential    3
    overlapped atomic potential and density for unique potential    4
Done with module: atomic potentials.

Calculating SCF potentials ...
FEFF-serial using 1 thread.
Muffin tin radii and interstitial parameters [bohr]:
type, norman radius, muffin tin, overlap factor
    0  1.34881E+00  1.26741E+00  1.15000E+00
    1  1.85001E+00  1.81429E+00  1.04815E+00
    2  1.34881E+00  1.26741E+00  1.15000E+00
    3  1.50515E+00  1.39353E+00  1.15000E+00
    4  1.09838E+00  1.02986E+00  1.15000E+00
Core-valence separation energy:  ecv=   -32.500 eV
Initial Fermi level:              mu=     2.119 eV
SCF ITERATION NUMBER  1
     point #   1  energy = -32.500
FMS for a cluster of  135 atoms around atom type   0
FMS for a cluster of  121 atoms around atom type   1
FMS for a cluster of  117 atoms around atom type   2
FMS for a cluster of  121 atoms around atom type   3
FMS for a cluster of  128 atoms around atom type   4
     point #  20  energy = -21.317
     point #  40  energy =  -5.220
     point #  60  energy =  -4.123
New Fermi level:    mu=  -4.121 eV  Charge distance=  0.6899 (partial c.d.= 10.6173)
SCF ITERATION NUMBER  1
     point #   1  energy = -32.500
FMS for a cluster of  135 atoms around atom type   0
FMS for a cluster of  121 atoms around atom type   1
FMS for a cluster of  117 atoms around atom type   2
FMS for a cluster of  121 atoms around atom type   3
FMS for a cluster of  128 atoms around atom type   4
     point #  20  energy = -21.351
     point #  40  energy =  -4.121
     point #  60  energy =  -4.290
     point #  80  energy =  -7.556
     point # 100  energy =  -7.287
     point # 120  energy =  -7.034
New Fermi level:    mu=  -6.871 eV  Charge distance=  0.2136 (partial c.d.=  3.7929)
SCF ITERATION NUMBER  1
     point #   1  energy = -32.500
FMS for a cluster of  135 atoms around atom type   0
FMS for a cluster of  121 atoms around atom type   1
FMS for a cluster of  117 atoms around atom type   2
FMS for a cluster of  121 atoms around atom type   3
FMS for a cluster of  128 atoms around atom type   4
     point #  20  energy = -21.223
     point #  40  energy =  -6.871
     point #  60  energy =  -6.692
New Fermi level:    mu=  -6.570 eV  Charge distance=  0.1285 (partial c.d.=  0.2553)
SCF ITERATION NUMBER  2
     point #   1  energy = -32.500
     point #  20  energy = -21.530
     point #  40  energy =  -6.570
     point #  60  energy =  -6.361
New Fermi level:    mu=  -6.297 eV  Charge distance=  0.3346 (partial c.d.=  0.2474)
SCF ITERATION NUMBER  3
     point #   1  energy = -32.500
     point #  20  energy = -21.414
     point #  40  energy =  -6.297
New Fermi level:    mu=  -6.267 eV  Charge distance=  0.0230 (partial c.d.=  0.1316)
SCF ITERATION NUMBER  4
     point #   1  energy = -32.500
     point #  20  energy = -21.401
     point #  40  energy =  -6.267
     point #  60  energy =  -6.448
New Fermi level:    mu=  -6.465 eV  Charge distance=  0.0091 (partial c.d.=  0.1325)
SCF ITERATION NUMBER  5
     point #   1  energy = -32.500
     point #  20  energy = -21.485
     point #  40  energy =  -6.465
New Fermi level:    mu=  -6.458 eV  Charge distance=  0.0102 (partial c.d.=  0.0536)
SCF ITERATION NUMBER  6
     point #   1  energy = -32.500
     point #  20  energy = -21.482
     point #  40  energy =  -6.458
New Fermi level:    mu=  -6.476 eV  Charge distance=  0.0059 (partial c.d.=  0.0219)
SCF ITERATION NUMBER  7
     point #   1  energy = -32.500
     point #  20  energy = -21.490
     point #  40  energy =  -6.476
New Fermi level:    mu=  -6.474 eV  Charge distance=  0.0090 (partial c.d.=  0.0024)
SCF ITERATION NUMBER  8
     point #   1  energy = -32.500
     point #  20  energy = -21.489
     point #  40  energy =  -6.474
New Fermi level:    mu=  -6.465 eV  Charge distance=  0.0017 (partial c.d.=  0.0025)
SCF ITERATION NUMBER  9
     point #   1  energy = -32.500
     point #  20  energy = -21.485
     point #  40  energy =  -6.465
New Fermi level:    mu=  -6.461 eV  Charge distance=  0.0009 (partial c.d.=  0.0007)
SCF ITERATION NUMBER 10
     point #   1  energy = -32.500
     point #  20  energy = -21.483
     point #  40  energy =  -6.461
New Fermi level:    mu=  -6.459 eV  Charge distance=  0.0001 (partial c.d.=  0.0005)
SCF ITERATION NUMBER 11
     point #   1  energy = -32.500
     point #  20  energy = -21.482
     point #  40  energy =  -6.459
New Fermi level:    mu=  -6.459 eV  Charge distance=  0.0001 (partial c.d.=  0.0002)
Electronic configuration
  type     l     N_el
     0     0    0.516
     0     1    0.564
     0     2    9.629
     0     3    0.000
     1     0    0.285
     1     1    6.396
     1     2    0.879
     1     3    0.000
     2     0    0.516
     2     1    0.566
     2     2    9.628
     2     3    0.000
     3     0    1.183
     3     1    1.456
     3     2   10.648
     3     3    0.000
     4     0    1.870
     4     1    4.417
     4     2    0.060
     4     3    0.000
Charge transfer:  type  charge
       0   -0.290
       1   -0.440
       2   -0.291
       3   -0.713
       4    0.347
Convergence reached in   11 iterations.
Done with module: potentials.

Calculating screened core-hole potential ...
FMS for a cluster of   27 atoms around iph =   0
    0% of energy integration
   20%
   40%
   60%
   80%
  100%
Preparing response function.
Computing (1 - K Chi0)^-1 v_ch
Done with module: screened core-hole potential.

Calculating cross-section and phases ...
    absorption cross section
 x0,dx,rnrm,inrm,jnrm   8.80000000000000       5.000000000000000E-002
   2.54887279200012              195         196
    phase shifts for unique potential    0
    phase shifts for unique potential    1
    phase shifts for unique potential    2
    phase shifts for unique potential    3
    phase shifts for unique potential    4
Done with module: cross-section and phases (XSPH).

FMS calculation of full Green's function ...
FEFF-serial using 1 thread.
Using   194 energy points.
xprep done
FMS for a cluster of  261 atoms
Energy point    1/ 194
Energy point   10/ 194
Energy point   20/ 194
Energy point   30/ 194
Energy point   40/ 194
Energy point   50/ 194
Energy point   60/ 194
Energy point   70/ 194
Energy point   80/ 194
Energy point   90/ 194
Energy point  100/ 194
Energy point  110/ 194
Energy point  120/ 194
Energy point  130/ 194
Energy point  140/ 194
Energy point  150/ 194
Energy point  160/ 194
Energy point  170/ 194
Energy point  180/ 194
Energy point  190/ 194
Done with module: FMS.

MKGTR: Tracing over Green's function ...
Done with module: MKGTR.

Pathfinder: finding scattering paths...
Preparing plane wave scattering amplitudes
Searching for paths
Eliminating path degeneracies
0 paths retained.
Done with module: pathfinder.

Calculating EXAFS parameters ...
Done with module: EXAFS parameters (GENFMT).

Calculating XAS spectra ...
Done with module: XAS spectra (FF2X: DW + final sum over paths).

 
### feff ends at Sun Aug 13 11:18:52 EDT 2023
 
