### feff starts at Mon Aug 14 10:40:32 EDT 2023
### Serial version
### FeffPath is /sdcc/u/mcarbone/software/JFEFF/hsw/feff90/linux
 
Launching FEFF version FEFF 9.9.1
Resetting lmaxsc to 2 for iph =    1.  Use  UNFREEZE to prevent this.
Core hole lifetime is   1.729 eV.
Your calculation:
 comment: None given
 Source:
 Structure Summary:  Ba8 Cu8 Si16 O48
 Reduced formula:  BaCu(SiO3)2
 space group: (I4_1/a), space number:  (88)
 abc: 13.261251  13.261251  13.261251
 angles:134.982082 134.982082  65.558041
 sites: 80
Cu K edge XANES using RPA corehole.
Using:     * Self-Consistent Field potentials
Using cards:   ATOMS CONTROL EXCHANGE TITLE RPATH POTENTIALS XANES EDGE SCF FMS S02 COREHOLE EGRID

Calculating atomic potentials ...
    overlapped atomic potential and density for unique potential    0
    overlapped atomic potential and density for unique potential    1
    overlapped atomic potential and density for unique potential    2
    overlapped atomic potential and density for unique potential    3
    overlapped atomic potential and density for unique potential    4
Done with module: atomic potentials.

Calculating SCF potentials ...
FEFF-serial using 1 thread.
Muffin tin radii and interstitial parameters [bohr]:
type, norman radius, muffin tin, overlap factor
    0  1.31650E+00  1.23643E+00  1.15000E+00
    1  2.12720E+00  2.07674E+00  1.06011E+00
    2  1.31650E+00  1.23643E+00  1.15000E+00
    3  1.21086E+00  9.95734E-01  1.15000E+00
    4  1.07605E+00  9.65774E-01  1.15000E+00
Core-valence separation energy:  ecv=   -40.500 eV
Initial Fermi level:              mu=     2.652 eV
SCF ITERATION NUMBER  1
     point #   1  energy = -40.500
FMS for a cluster of   98 atoms around atom type   0
FMS for a cluster of   89 atoms around atom type   1
FMS for a cluster of   98 atoms around atom type   2
FMS for a cluster of   93 atoms around atom type   3
FMS for a cluster of   98 atoms around atom type   4
     point #  20  energy = -29.434
     point #  40  energy =  -9.184
     point #  60  energy =  -5.806
     point #  80  energy =  -4.806
New Fermi level:    mu=  -4.816 eV  Charge distance=  1.0613 (partial c.d.=  6.4461)
SCF ITERATION NUMBER  1
     point #   1  energy = -40.500
FMS for a cluster of   98 atoms around atom type   0
FMS for a cluster of   89 atoms around atom type   1
FMS for a cluster of   98 atoms around atom type   2
FMS for a cluster of   93 atoms around atom type   3
FMS for a cluster of   98 atoms around atom type   4
     point #  20  energy = -29.285
     point #  40  energy =  -8.894
     point #  60  energy =  -4.816
     point #  80  energy =  -6.772
     point # 100  energy = -10.182
New Fermi level:    mu= -10.342 eV  Charge distance=  0.3170 (partial c.d.=  5.7387)
SCF ITERATION NUMBER  1
     point #   1  energy = -40.500
FMS for a cluster of   98 atoms around atom type   0
FMS for a cluster of   89 atoms around atom type   1
FMS for a cluster of   98 atoms around atom type   2
FMS for a cluster of   93 atoms around atom type   3
FMS for a cluster of   98 atoms around atom type   4
     point #  20  energy = -29.442
     point #  40  energy = -10.342
     point #  60  energy = -10.251
     point #  80  energy = -10.008
New Fermi level:    mu= -10.077 eV  Charge distance=  0.1687 (partial c.d.=  0.2476)
SCF ITERATION NUMBER  2
     point #   1  energy = -40.500
     point #  20  energy = -29.345
     point #  40  energy = -10.077
     point #  60  energy =  -9.986
     point #  80  energy =  -8.411
New Fermi level:    mu=  -8.667 eV  Charge distance=  0.3760 (partial c.d.=  0.4385)
SCF ITERATION NUMBER  3
     point #   1  energy = -40.500
     point #  20  energy = -29.204
     point #  40  energy =  -8.667
     point #  60  energy =  -8.626
     point #  80  energy =  -7.667
New Fermi level:    mu=  -7.684 eV  Charge distance=  0.1165 (partial c.d.=  0.1482)
SCF ITERATION NUMBER  4
     point #   1  energy = -40.500
     point #  20  energy = -29.219
     point #  40  energy =  -8.709
     point #  60  energy =  -7.724
     point #  80  energy =  -8.196
New Fermi level:    mu=  -8.199 eV  Charge distance=  0.0238 (partial c.d.=  0.1236)
SCF ITERATION NUMBER  5
     point #   1  energy = -40.500
     point #  20  energy = -29.397
     point #  40  energy =  -9.208
     point #  60  energy =  -8.161
New Fermi level:    mu=  -8.129 eV  Charge distance=  0.0114 (partial c.d.=  0.0565)
SCF ITERATION NUMBER  6
     point #   1  energy = -40.500
     point #  20  energy = -29.373
     point #  40  energy =  -9.141
     point #  60  energy =  -8.170
New Fermi level:    mu=  -8.245 eV  Charge distance=  0.0026 (partial c.d.=  0.0218)
SCF ITERATION NUMBER  7
     point #   1  energy = -40.500
     point #  20  energy = -29.412
     point #  40  energy =  -9.252
New Fermi level:    mu=  -8.266 eV  Charge distance=  0.0044 (partial c.d.=  0.0067)
SCF ITERATION NUMBER  8
     point #   1  energy = -40.500
     point #  20  energy = -29.420
     point #  40  energy =  -9.274
New Fermi level:    mu=  -8.280 eV  Charge distance=  0.0050 (partial c.d.=  0.0226)
SCF ITERATION NUMBER  9
     point #   1  energy = -40.500
     point #  20  energy = -29.424
     point #  40  energy =  -9.286
New Fermi level:    mu=  -8.282 eV  Charge distance=  0.0015 (partial c.d.=  0.0445)
SCF ITERATION NUMBER 10
     point #   1  energy = -40.500
     point #  20  energy = -29.425
     point #  40  energy =  -9.289
New Fermi level:    mu=  -8.283 eV  Charge distance=  0.0016 (partial c.d.=  0.0200)
SCF ITERATION NUMBER 11
     point #   1  energy = -40.500
     point #  20  energy = -29.426
     point #  40  energy =  -9.290
New Fermi level:    mu=  -8.283 eV  Charge distance=  0.0026 (partial c.d.=  0.0005)
SCF ITERATION NUMBER 12
     point #   1  energy = -40.500
     point #  20  energy = -29.425
     point #  40  energy =  -9.290
New Fermi level:    mu=  -8.283 eV  Charge distance=  0.0001 (partial c.d.=  0.0038)
SCF ITERATION NUMBER 13
     point #   1  energy = -40.500
     point #  20  energy = -29.426
     point #  40  energy =  -9.290
New Fermi level:    mu=  -8.283 eV  Charge distance=  0.0001 (partial c.d.=  0.0013)
SCF ITERATION NUMBER 14
     point #   1  energy = -40.500
     point #  20  energy = -29.426
     point #  40  energy =  -9.290
New Fermi level:    mu=  -8.283 eV  Charge distance=  0.0002 (partial c.d.=  0.0002)
Electronic configuration
  type     l     N_el
     0     0    0.488
     0     1    0.626
     0     2    9.477
     0     3    0.000
     1     0    2.219
     1     1    6.302
     1     2    0.774
     1     3    0.000
     2     0    0.488
     2     1    0.626
     2     2    9.477
     2     3    0.000
     3     0    0.951
     3     1    1.579
     3     2    0.920
     3     3    0.000
     4     0    1.832
     4     1    4.484
     4     2    0.053
     4     3    0.000
Charge transfer:  type  charge
       0   -0.409
       1   -0.705
       2   -0.409
       3   -0.551
       4    0.369
Convergence reached in   14 iterations.
Done with module: potentials.

Calculating screened core-hole potential ...
FMS for a cluster of   18 atoms around iph =   0
    0% of energy integration
   20%
   40%
   60%
   80%
  100%
Preparing response function.
Computing (1 - K Chi0)^-1 v_ch
Done with module: screened core-hole potential.

Calculating cross-section and phases ...
    absorption cross section
 x0,dx,rnrm,inrm,jnrm   8.80000000000000       5.000000000000000E-002
   2.48782286600018              195         196
    phase shifts for unique potential    0
    phase shifts for unique potential    1
    phase shifts for unique potential    2
    phase shifts for unique potential    3
    phase shifts for unique potential    4
Done with module: cross-section and phases (XSPH).

FMS calculation of full Green's function ...
FEFF-serial using 1 thread.
Using   194 energy points.
xprep done
FMS for a cluster of  213 atoms
Energy point    1/ 194
Energy point   10/ 194
Energy point   20/ 194
Energy point   30/ 194
Energy point   40/ 194
Energy point   50/ 194
Energy point   60/ 194
Energy point   70/ 194
Energy point   80/ 194
Energy point   90/ 194
Energy point  100/ 194
Energy point  110/ 194
Energy point  120/ 194
Energy point  130/ 194
Energy point  140/ 194
Energy point  150/ 194
Energy point  160/ 194
Energy point  170/ 194
Energy point  180/ 194
Energy point  190/ 194
Done with module: FMS.

MKGTR: Tracing over Green's function ...
Done with module: MKGTR.

Pathfinder: finding scattering paths...
Preparing plane wave scattering amplitudes
Searching for paths
Eliminating path degeneracies
0 paths retained.
Done with module: pathfinder.

Calculating EXAFS parameters ...
Done with module: EXAFS parameters (GENFMT).

Calculating XAS spectra ...
Done with module: XAS spectra (FF2X: DW + final sum over paths).

 
### feff ends at Mon Aug 14 11:59:10 EDT 2023
 
