### feff starts at Mon Aug 14 02:41:29 EDT 2023
### Serial version
### FeffPath is /sdcc/u/mcarbone/software/JFEFF/hsw/feff90/linux
 
Launching FEFF version FEFF 9.9.1
Core hole lifetime is   1.729 eV.
Your calculation:
 comment: None given
 Source:
 Structure Summary:  Al16 Cu8 O32
 Reduced formula:  Al2CuO4
 space group: (Cm), space number:  (8)
 abc:  5.749625   5.749625  19.240410
 angles: 80.985348  80.985348  60.012602
 sites: 56
Cu K edge XANES using RPA corehole.
Using:     * Self-Consistent Field potentials
Using cards:   ATOMS CONTROL EXCHANGE TITLE RPATH POTENTIALS XANES EDGE SCF FMS S02 COREHOLE EGRID

Calculating atomic potentials ...
    overlapped atomic potential and density for unique potential    0
    overlapped atomic potential and density for unique potential    1
    overlapped atomic potential and density for unique potential    2
    overlapped atomic potential and density for unique potential    3
Done with module: atomic potentials.

Calculating SCF potentials ...
FEFF-serial using 1 thread.
Muffin tin radii and interstitial parameters [bohr]:
type, norman radius, muffin tin, overlap factor
    0  1.29943E+00  1.24337E+00  1.11757E+00
    1  1.32932E+00  1.22588E+00  1.15000E+00
    2  1.32319E+00  1.24273E+00  1.15000E+00
    3  1.07446E+00  9.91221E-01  1.15000E+00
Core-valence separation energy:  ecv=   -40.000 eV
Initial Fermi level:              mu=     1.949 eV
SCF ITERATION NUMBER  1
     point #   1  energy = -40.000
FMS for a cluster of  152 atoms around atom type   0
FMS for a cluster of  151 atoms around atom type   1
FMS for a cluster of  140 atoms around atom type   2
FMS for a cluster of  147 atoms around atom type   3
     point #  20  energy = -28.777
     point #  40  energy =  -8.527
     point #  60  energy =  -4.243
     point #  80  energy =  -3.390
New Fermi level:    mu=  -3.328 eV  Charge distance=  0.6263 (partial c.d.=  8.5552)
SCF ITERATION NUMBER  1
     point #   1  energy = -40.000
FMS for a cluster of  152 atoms around atom type   0
FMS for a cluster of  151 atoms around atom type   1
FMS for a cluster of  140 atoms around atom type   2
FMS for a cluster of  147 atoms around atom type   3
     point #  20  energy = -28.795
     point #  40  energy =  -8.421
     point #  60  energy =  -3.328
     point #  80  energy =  -4.906
     point # 100  energy =  -9.287
     point # 120  energy =  -8.937
New Fermi level:    mu=  -8.724 eV  Charge distance=  0.4667 (partial c.d.=  3.4718)
SCF ITERATION NUMBER  1
     point #   1  energy = -40.000
FMS for a cluster of  152 atoms around atom type   0
FMS for a cluster of  151 atoms around atom type   1
FMS for a cluster of  140 atoms around atom type   2
FMS for a cluster of  147 atoms around atom type   3
     point #  20  energy = -28.902
     point #  40  energy =  -8.724
     point #  60  energy =  -8.765
     point #  80  energy =  -9.152
New Fermi level:    mu=  -9.351 eV  Charge distance=  0.2026 (partial c.d.=  2.7405)
SCF ITERATION NUMBER  2
     point #   1  energy = -40.000
     point #  20  energy = -28.762
     point #  40  energy =  -9.351
     point #  60  energy =  -9.260
     point #  80  energy =  -8.310
     point # 100  energy =  -8.688
New Fermi level:    mu=  -8.828 eV  Charge distance=  0.2240 (partial c.d.=  0.2549)
SCF ITERATION NUMBER  3
     point #   1  energy = -40.000
     point #  20  energy = -28.939
     point #  40  energy =  -8.828
     point #  60  energy =  -8.787
     point #  80  energy =  -7.331
     point # 100  energy =  -7.050
New Fermi level:    mu=  -6.965 eV  Charge distance=  0.2073 (partial c.d.=  8.8204)
SCF ITERATION NUMBER  4
     point #   1  energy = -40.000
     point #  20  energy = -28.988
     point #  40  energy =  -8.967
     point #  60  energy =  -6.977
     point #  80  energy =  -8.065
New Fermi level:    mu=  -8.209 eV  Charge distance=  0.0447 (partial c.d.=  8.2476)
SCF ITERATION NUMBER  5
     point #   1  energy = -40.000
     point #  20  energy = -28.719
     point #  40  energy =  -8.209
New Fermi level:    mu=  -8.195 eV  Charge distance=  0.0529 (partial c.d.=  0.2611)
SCF ITERATION NUMBER  6
     point #   1  energy = -40.000
     point #  20  energy = -28.714
     point #  40  energy =  -8.195
     point #  60  energy =  -8.264
New Fermi level:    mu=  -8.354 eV  Charge distance=  0.0294 (partial c.d.=  0.3330)
SCF ITERATION NUMBER  7
     point #   1  energy = -40.000
     point #  20  energy = -28.771
     point #  40  energy =  -8.354
     point #  60  energy =  -8.404
New Fermi level:    mu=  -8.415 eV  Charge distance=  0.0088 (partial c.d.=  0.4643)
SCF ITERATION NUMBER  8
     point #   1  energy = -40.000
     point #  20  energy = -28.792
     point #  40  energy =  -8.415
New Fermi level:    mu=  -8.443 eV  Charge distance=  0.0045 (partial c.d.=  0.0763)
SCF ITERATION NUMBER  9
     point #   1  energy = -40.000
     point #  20  energy = -28.803
     point #  40  energy =  -8.443
     point #  60  energy =  -8.393
New Fermi level:    mu=  -8.401 eV  Charge distance=  0.0065 (partial c.d.=  0.0252)
SCF ITERATION NUMBER 10
     point #   1  energy = -40.000
     point #  20  energy = -28.787
     point #  40  energy =  -8.401
New Fermi level:    mu=  -8.430 eV  Charge distance=  0.0393 (partial c.d.=  0.0215)
SCF ITERATION NUMBER 11
     point #   1  energy = -40.000
     point #  20  energy = -28.798
     point #  40  energy =  -8.430
     point #  60  energy =  -8.361
New Fermi level:    mu=  -8.259 eV  Charge distance=  0.0174 (partial c.d.=  0.2894)
SCF ITERATION NUMBER 12
     point #   1  energy = -40.000
     point #  20  energy = -28.737
     point #  40  energy =  -8.259
     point #  60  energy =  -8.243
New Fermi level:    mu=  -8.379 eV  Charge distance=  0.0032 (partial c.d.=  0.1296)
SCF ITERATION NUMBER 13
     point #   1  energy = -40.000
     point #  20  energy = -28.780
     point #  40  energy =  -8.379
New Fermi level:    mu=  -8.360 eV  Charge distance=  0.0055 (partial c.d.=  0.0149)
SCF ITERATION NUMBER 14
     point #   1  energy = -40.000
     point #  20  energy = -28.773
     point #  40  energy =  -8.360
New Fermi level:    mu=  -8.390 eV  Charge distance=  0.0130 (partial c.d.=  0.0144)
SCF ITERATION NUMBER 15
     point #   1  energy = -40.000
     point #  20  energy = -28.783
     point #  40  energy =  -8.390
     point #  60  energy =  -8.340
New Fermi level:    mu=  -8.322 eV  Charge distance=  0.0035 (partial c.d.=  0.0622)
SCF ITERATION NUMBER 16
     point #   1  energy = -40.000
     point #  20  energy = -28.759
     point #  40  energy =  -8.322
New Fermi level:    mu=  -8.347 eV  Charge distance=  0.0007 (partial c.d.=  0.0185)
SCF ITERATION NUMBER 17
     point #   1  energy = -40.000
     point #  20  energy = -28.768
     point #  40  energy =  -8.347
New Fermi level:    mu=  -8.344 eV  Charge distance=  0.0034 (partial c.d.=  0.0038)
SCF ITERATION NUMBER 18
     point #   1  energy = -40.000
     point #  20  energy = -28.767
     point #  40  energy =  -8.344
New Fermi level:    mu=  -8.363 eV  Charge distance=  0.0070 (partial c.d.=  0.0070)
SCF ITERATION NUMBER 19
     point #   1  energy = -40.000
     point #  20  energy = -28.774
     point #  40  energy =  -8.363
New Fermi level:    mu=  -8.326 eV  Charge distance=  0.0004 (partial c.d.=  0.0235)
SCF ITERATION NUMBER 20
     point #   1  energy = -40.000
     point #  20  energy = -28.761
     point #  40  energy =  -8.326
New Fermi level:    mu=  -8.329 eV  Charge distance=  0.0002 (partial c.d.=  0.0023)
SCF ITERATION NUMBER 21
     point #   1  energy = -40.000
     point #  20  energy = -28.762
     point #  40  energy =  -8.329
New Fermi level:    mu=  -8.330 eV  Charge distance=  0.0001 (partial c.d.=  0.0015)
SCF ITERATION NUMBER 22
     point #   1  energy = -40.000
     point #  20  energy = -28.762
     point #  40  energy =  -8.330
New Fermi level:    mu=  -8.331 eV  Charge distance=  0.0002 (partial c.d.=  0.0005)
SCF ITERATION NUMBER 23
     point #   1  energy = -40.000
     point #  20  energy = -28.762
     point #  40  energy =  -8.331
New Fermi level:    mu=  -8.332 eV  Charge distance=  0.0002 (partial c.d.=  0.0008)
SCF ITERATION NUMBER 24
     point #   1  energy = -40.000
     point #  20  energy = -28.763
     point #  40  energy =  -8.332
New Fermi level:    mu=  -8.334 eV  Charge distance=  0.0001 (partial c.d.=  0.0018)
SCF ITERATION NUMBER 25
     point #   1  energy = -40.000
     point #  20  energy = -28.764
     point #  40  energy =  -8.334
New Fermi level:    mu=  -8.333 eV  Charge distance=  0.0006 (partial c.d.=  0.0002)
SCF ITERATION NUMBER 26
     point #   1  energy = -40.000
     point #  20  energy = -28.763
     point #  40  energy =  -8.333
New Fermi level:    mu=  -8.337 eV  Charge distance=  0.0009 (partial c.d.=  0.0019)
SCF ITERATION NUMBER 27
     point #   1  energy = -40.000
     point #  20  energy = -28.765
     point #  40  energy =  -8.337
New Fermi level:    mu=  -8.331 eV  Charge distance=  0.0001 (partial c.d.=  0.0027)
SCF ITERATION NUMBER 28
     point #   1  energy = -40.000
     point #  20  energy = -28.763
     point #  40  energy =  -8.331
New Fermi level:    mu=  -8.332 eV  Charge distance=  0.0000 (partial c.d.=  0.0007)
SCF ITERATION NUMBER 29
     point #   1  energy = -40.000
     point #  20  energy = -28.763
     point #  40  energy =  -8.332
New Fermi level:    mu=  -8.332 eV  Charge distance=  0.0001 (partial c.d.=  0.0001)
Electronic configuration
  type     l     N_el
     0     0    0.420
     0     1    0.573
     0     2    9.497
     0     3    0.000
     1     0    0.690
     1     1    1.116
     1     2    0.716
     1     3    0.000
     2     0    0.472
     2     1    0.682
     2     2    9.475
     2     3    0.000
     3     0    1.823
     3     1    4.445
     3     2    0.064
     3     3    0.000
Charge transfer:  type  charge
       0   -0.509
       1   -0.478
       2   -0.371
       3    0.332
Convergence reached in   29 iterations.
Done with module: potentials.

Calculating screened core-hole potential ...
FMS for a cluster of   27 atoms around iph =   0
    0% of energy integration
   20%
   40%
   60%
   80%
  100%
Preparing response function.
Computing (1 - K Chi0)^-1 v_ch
Done with module: screened core-hole potential.

Calculating cross-section and phases ...
    absorption cross section
 x0,dx,rnrm,inrm,jnrm   8.80000000000000       5.000000000000000E-002
   2.45555904299986              194         195
    phase shifts for unique potential    0
    phase shifts for unique potential    1
    phase shifts for unique potential    2
    phase shifts for unique potential    3
Done with module: cross-section and phases (XSPH).

FMS calculation of full Green's function ...
FEFF-serial using 1 thread.
Using   194 energy points.
xprep done
FMS for a cluster of  328 atoms
Energy point    1/ 194
Energy point   10/ 194
Energy point   20/ 194
Energy point   30/ 194
Energy point   40/ 194
Energy point   50/ 194
Energy point   60/ 194
Energy point   70/ 194
Energy point   80/ 194
Energy point   90/ 194
Energy point  100/ 194
Energy point  110/ 194
Energy point  120/ 194
Energy point  130/ 194
Energy point  140/ 194
Energy point  150/ 194
Energy point  160/ 194
Energy point  170/ 194
Energy point  180/ 194
Energy point  190/ 194
Done with module: FMS.

MKGTR: Tracing over Green's function ...
Done with module: MKGTR.

Pathfinder: finding scattering paths...
Preparing plane wave scattering amplitudes
Searching for paths
Eliminating path degeneracies
0 paths retained.
Done with module: pathfinder.

Calculating EXAFS parameters ...
Done with module: EXAFS parameters (GENFMT).

Calculating XAS spectra ...
Done with module: XAS spectra (FF2X: DW + final sum over paths).

 
### feff ends at Mon Aug 14 07:01:02 EDT 2023
 
