### feff starts at Mon Aug 14 12:11:57 EDT 2023
### Serial version
### FeffPath is /sdcc/u/mcarbone/software/JFEFF/hsw/feff90/linux
 
Launching FEFF version FEFF 9.9.1
Core hole lifetime is   1.729 eV.
Your calculation:
 comment: None given
 Source:
 Structure Summary:  Cu8 S12 O48
 Reduced formula:  Cu2(SO4)3
 space group: (P2_1/c), space number:  (14)
 abc:  8.604121   8.323828  14.220010
 angles: 55.387551  90.000000  90.000000
 sites: 68
Cu K edge XANES using RPA corehole.
Using:     * Self-Consistent Field potentials
Using cards:   ATOMS CONTROL EXCHANGE TITLE RPATH POTENTIALS XANES EDGE SCF FMS S02 COREHOLE EGRID

Calculating atomic potentials ...
    overlapped atomic potential and density for unique potential    0
    overlapped atomic potential and density for unique potential    1
    overlapped atomic potential and density for unique potential    2
    overlapped atomic potential and density for unique potential    3
Done with module: atomic potentials.

Calculating SCF potentials ...
FEFF-serial using 1 thread.
Muffin tin radii and interstitial parameters [bohr]:
type, norman radius, muffin tin, overlap factor
    0  1.33927E+00  1.28143E+00  1.11773E+00
    1  1.33511E+00  1.27880E+00  1.11450E+00
    2  1.10081E+00  8.87425E-01  1.15000E+00
    3  1.01611E+00  8.64342E-01  1.15000E+00
Core-valence separation energy:  ecv=   -40.000 eV
Initial Fermi level:              mu=     9.595 eV
SCF ITERATION NUMBER  1
     point #   1  energy = -40.000
FMS for a cluster of  117 atoms around atom type   0
FMS for a cluster of  101 atoms around atom type   1
FMS for a cluster of  106 atoms around atom type   2
FMS for a cluster of  114 atoms around atom type   3
     point #  20  energy = -28.865
     point #  40  energy =  -8.615
     point #  60  energy =  -3.047
     point #  80  energy =  -2.837
New Fermi level:    mu=  -2.886 eV  Charge distance=  0.4696 (partial c.d.=  7.8191)
SCF ITERATION NUMBER  1
     point #   1  energy = -40.000
FMS for a cluster of  117 atoms around atom type   0
FMS for a cluster of  101 atoms around atom type   1
FMS for a cluster of  106 atoms around atom type   2
FMS for a cluster of  114 atoms around atom type   3
     point #  20  energy = -28.966
     point #  40  energy =  -8.904
     point #  60  energy =  -2.886
     point #  80  energy =  -4.520
     point # 100  energy =  -4.939
New Fermi level:    mu=  -4.672 eV  Charge distance=  0.1922 (partial c.d.=  2.4601)
SCF ITERATION NUMBER  1
     point #   1  energy = -40.000
FMS for a cluster of  117 atoms around atom type   0
FMS for a cluster of  101 atoms around atom type   1
FMS for a cluster of  106 atoms around atom type   2
FMS for a cluster of  114 atoms around atom type   3
     point #  20  energy = -28.897
     point #  40  energy =  -8.709
     point #  60  energy =  -4.672
New Fermi level:    mu=  -4.452 eV  Charge distance=  0.1275 (partial c.d.=  0.2511)
SCF ITERATION NUMBER  2
     point #   1  energy = -40.000
     point #  20  energy = -28.828
     point #  40  energy =  -8.515
     point #  60  energy =  -4.452
New Fermi level:    mu=  -4.331 eV  Charge distance=  0.2971 (partial c.d.=  0.1206)
SCF ITERATION NUMBER  3
     point #   1  energy = -40.000
     point #  20  energy = -28.790
     point #  40  energy =  -8.407
     point #  60  energy =  -4.331
New Fermi level:    mu=  -4.292 eV  Charge distance=  0.0804 (partial c.d.=  0.0805)
SCF ITERATION NUMBER  4
     point #   1  energy = -40.000
     point #  20  energy = -28.778
     point #  40  energy =  -8.373
     point #  60  energy =  -4.292
New Fermi level:    mu=  -4.403 eV  Charge distance=  0.0085 (partial c.d.=  0.0126)
SCF ITERATION NUMBER  5
     point #   1  energy = -40.000
     point #  20  energy = -28.812
     point #  40  energy =  -8.471
     point #  60  energy =  -4.403
New Fermi level:    mu=  -4.457 eV  Charge distance=  0.0120 (partial c.d.=  0.0164)
SCF ITERATION NUMBER  6
     point #   1  energy = -40.000
     point #  20  energy = -28.829
     point #  40  energy =  -8.519
     point #  60  energy =  -4.457
New Fermi level:    mu=  -4.480 eV  Charge distance=  0.0039 (partial c.d.=  0.0111)
SCF ITERATION NUMBER  7
     point #   1  energy = -40.000
     point #  20  energy = -28.837
     point #  40  energy =  -8.540
     point #  60  energy =  -4.480
New Fermi level:    mu=  -4.476 eV  Charge distance=  0.0035 (partial c.d.=  0.0019)
SCF ITERATION NUMBER  8
     point #   1  energy = -40.000
     point #  20  energy = -28.835
     point #  40  energy =  -8.536
     point #  60  energy =  -4.476
New Fermi level:    mu=  -4.466 eV  Charge distance=  0.0021 (partial c.d.=  0.0005)
SCF ITERATION NUMBER  9
     point #   1  energy = -40.000
     point #  20  energy = -28.832
     point #  40  energy =  -8.527
     point #  60  energy =  -4.466
New Fermi level:    mu=  -4.460 eV  Charge distance=  0.0002 (partial c.d.=  0.0005)
SCF ITERATION NUMBER 10
     point #   1  energy = -40.000
     point #  20  energy = -28.830
     point #  40  energy =  -8.522
     point #  60  energy =  -4.460
New Fermi level:    mu=  -4.461 eV  Charge distance=  0.0001 (partial c.d.=  0.0001)
Electronic configuration
  type     l     N_el
     0     0    0.419
     0     1    0.620
     0     2    9.729
     0     3    0.000
     1     0    0.402
     1     1    0.601
     1     2    9.748
     1     3    0.000
     2     0    1.385
     2     1    2.548
     2     2    1.149
     2     3    0.000
     3     0    1.818
     3     1    4.336
     3     2    0.117
     3     3    0.000
Charge transfer:  type  charge
       0   -0.232
       1   -0.250
       2   -0.918
       3    0.271
Convergence reached in   10 iterations.
Done with module: potentials.

Calculating screened core-hole potential ...
FMS for a cluster of   23 atoms around iph =   0
    0% of energy integration
   20%
   40%
   60%
   80%
  100%
Preparing response function.
Computing (1 - K Chi0)^-1 v_ch
Done with module: screened core-hole potential.

Calculating cross-section and phases ...
    absorption cross section
 x0,dx,rnrm,inrm,jnrm   8.80000000000000       5.000000000000000E-002
   2.53086164299999              195         196
    phase shifts for unique potential    0
    phase shifts for unique potential    1
    phase shifts for unique potential    2
    phase shifts for unique potential    3
Done with module: cross-section and phases (XSPH).

FMS calculation of full Green's function ...
FEFF-serial using 1 thread.
Using   194 energy points.
xprep done
FMS for a cluster of  246 atoms
Energy point    1/ 194
Energy point   10/ 194
Energy point   20/ 194
Energy point   30/ 194
Energy point   40/ 194
Energy point   50/ 194
Energy point   60/ 194
Energy point   70/ 194
Energy point   80/ 194
Energy point   90/ 194
Energy point  100/ 194
Energy point  110/ 194
Energy point  120/ 194
Energy point  130/ 194
Energy point  140/ 194
Energy point  150/ 194
Energy point  160/ 194
Energy point  170/ 194
Energy point  180/ 194
Energy point  190/ 194
Done with module: FMS.

MKGTR: Tracing over Green's function ...
Done with module: MKGTR.

Pathfinder: finding scattering paths...
Preparing plane wave scattering amplitudes
Searching for paths
Eliminating path degeneracies
0 paths retained.
Done with module: pathfinder.

Calculating EXAFS parameters ...
Done with module: EXAFS parameters (GENFMT).

Calculating XAS spectra ...
Done with module: XAS spectra (FF2X: DW + final sum over paths).

 
### feff ends at Mon Aug 14 13:40:48 EDT 2023
 
