### feff starts at Mon Aug 14 04:15:28 EDT 2023
### Serial version
### FeffPath is /sdcc/u/mcarbone/software/JFEFF/hsw/feff90/linux
 
Launching FEFF version FEFF 9.9.1
Resetting lmaxsc to 2 for iph =    1.  Use  UNFREEZE to prevent this.
Core hole lifetime is   1.729 eV.
Your calculation:
 comment: None given
 Source:
 Structure Summary:  La16 Cu14 O38
 Reduced formula:  La8Cu7O19
 space group: (P1), space number:  (1)
 abc:  3.785430   7.232197  34.331043
 angles: 87.149841  86.806882  74.854685
 sites: 68
Cu K edge XANES using RPA corehole.
Using:     * Self-Consistent Field potentials
Using cards:   ATOMS CONTROL EXCHANGE TITLE RPATH POTENTIALS XANES EDGE SCF FMS S02 COREHOLE EGRID

Calculating atomic potentials ...
    overlapped atomic potential and density for unique potential    0
    overlapped atomic potential and density for unique potential    1
    overlapped atomic potential and density for unique potential    2
    overlapped atomic potential and density for unique potential    3
Done with module: atomic potentials.

Calculating SCF potentials ...
FEFF-serial using 1 thread.
Muffin tin radii and interstitial parameters [bohr]:
type, norman radius, muffin tin, overlap factor
    0  1.31606E+00  1.23411E+00  1.15000E+00
    1  1.83244E+00  1.74876E+00  1.12568E+00
    2  1.31724E+00  1.23644E+00  1.15000E+00
    3  1.10737E+00  1.05024E+00  1.14538E+00
Core-valence separation energy:  ecv=   -46.500 eV
Initial Fermi level:              mu=    -0.200 eV
SCF ITERATION NUMBER  1
     point #   1  energy = -46.500
FMS for a cluster of  104 atoms around atom type   0
FMS for a cluster of   99 atoms around atom type   1
FMS for a cluster of  101 atoms around atom type   2
FMS for a cluster of  103 atoms around atom type   3
     point #  20  energy = -35.410
     point #  40  energy = -15.160
     point #  60  energy =  -5.532
     point #  80  energy =  -4.882
New Fermi level:    mu=  -4.819 eV  Charge distance=  0.9668 (partial c.d.=  6.4826)
SCF ITERATION NUMBER  1
     point #   1  energy = -46.500
FMS for a cluster of  104 atoms around atom type   0
FMS for a cluster of   99 atoms around atom type   1
FMS for a cluster of  101 atoms around atom type   2
FMS for a cluster of  103 atoms around atom type   3
     point #  20  energy = -35.317
     point #  40  energy = -14.985
     point #  60  energy =  -4.819
     point #  80  energy =  -5.454
     point # 100  energy =  -9.004
     point # 120  energy =  -8.091
     point # 140  energy =  -7.823
New Fermi level:    mu=  -7.728 eV  Charge distance=  0.2986 (partial c.d.=  5.1302)
SCF ITERATION NUMBER  1
     point #   1  energy = -46.500
FMS for a cluster of  104 atoms around atom type   0
FMS for a cluster of   99 atoms around atom type   1
FMS for a cluster of  101 atoms around atom type   2
FMS for a cluster of  103 atoms around atom type   3
     point #  20  energy = -35.277
     point #  40  energy = -14.870
     point #  60  energy =  -7.728
     point #  80  energy =  -8.678
     point # 100  energy =  -8.890
New Fermi level:    mu=  -8.962 eV  Charge distance=  0.2133 (partial c.d.=  0.2124)
SCF ITERATION NUMBER  2
     point #   1  energy = -46.500
     point #  20  energy = -35.340
     point #  40  energy = -15.050
     point #  60  energy =  -8.962
     point #  80  energy =  -7.669
New Fermi level:    mu=  -7.747 eV  Charge distance=  0.3864 (partial c.d.=  0.3531)
SCF ITERATION NUMBER  3
     point #   1  energy = -46.500
     point #  20  energy = -35.282
     point #  40  energy = -14.886
     point #  60  energy =  -7.747
     point #  80  energy =  -7.003
New Fermi level:    mu=  -7.024 eV  Charge distance=  0.0483 (partial c.d.=  0.4407)
SCF ITERATION NUMBER  4
     point #   1  energy = -46.500
     point #  20  energy = -35.366
     point #  40  energy = -15.121
     point #  60  energy =  -7.024
     point #  80  energy =  -7.817
New Fermi level:    mu=  -7.994 eV  Charge distance=  0.0913 (partial c.d.=  0.4506)
SCF ITERATION NUMBER  5
     point #   1  energy = -46.500
     point #  20  energy = -35.354
     point #  40  energy = -15.088
     point #  60  energy =  -7.994
     point #  80  energy =  -7.510
New Fermi level:    mu=  -7.589 eV  Charge distance=  0.0294 (partial c.d.=  0.2051)
SCF ITERATION NUMBER  6
     point #   1  energy = -46.500
     point #  20  energy = -35.236
     point #  40  energy = -14.757
     point #  60  energy =  -7.589
New Fermi level:    mu=  -7.667 eV  Charge distance=  0.0053 (partial c.d.=  0.0455)
SCF ITERATION NUMBER  7
     point #   1  energy = -46.500
     point #  20  energy = -35.259
     point #  40  energy = -14.820
     point #  60  energy =  -7.667
New Fermi level:    mu=  -7.667 eV  Charge distance=  0.0076 (partial c.d.=  0.0065)
SCF ITERATION NUMBER  8
     point #   1  energy = -46.500
     point #  20  energy = -35.259
     point #  40  energy = -14.820
     point #  60  energy =  -7.667
New Fermi level:    mu=  -7.658 eV  Charge distance=  0.0025 (partial c.d.=  0.0165)
SCF ITERATION NUMBER  9
     point #   1  energy = -46.500
     point #  20  energy = -35.256
     point #  40  energy = -14.813
     point #  60  energy =  -7.658
New Fermi level:    mu=  -7.657 eV  Charge distance=  0.0008 (partial c.d.=  0.0167)
SCF ITERATION NUMBER 10
     point #   1  energy = -46.500
     point #  20  energy = -35.256
     point #  40  energy = -14.813
     point #  60  energy =  -7.657
New Fermi level:    mu=  -7.655 eV  Charge distance=  0.0002 (partial c.d.=  0.0068)
SCF ITERATION NUMBER 11
     point #   1  energy = -46.500
     point #  20  energy = -35.255
     point #  40  energy = -14.810
     point #  60  energy =  -7.655
New Fermi level:    mu=  -7.654 eV  Charge distance=  0.0001 (partial c.d.=  0.0006)
SCF ITERATION NUMBER 12
     point #   1  energy = -46.500
     point #  20  energy = -35.255
     point #  40  energy = -14.810
     point #  60  energy =  -7.654
New Fermi level:    mu=  -7.654 eV  Charge distance=  0.0000 (partial c.d.=  0.0003)
SCF ITERATION NUMBER 13
     point #   1  energy = -46.500
     point #  20  energy = -35.255
     point #  40  energy = -14.810
     point #  60  energy =  -7.654
New Fermi level:    mu=  -7.654 eV  Charge distance=  0.0000 (partial c.d.=  0.0000)
Electronic configuration
  type     l     N_el
     0     0    0.498
     0     1    0.596
     0     2    9.546
     0     3    0.000
     1     0    2.315
     1     1    6.402
     1     2    1.759
     1     3    0.000
     2     0    0.496
     2     1    0.596
     2     2    9.548
     2     3    0.000
     3     0    1.865
     3     1    4.400
     3     2    0.088
     3     3    0.000
Charge transfer:  type  charge
       0   -0.360
       1   -0.525
       2   -0.360
       3    0.354
Convergence reached in   13 iterations.
Done with module: potentials.

Calculating screened core-hole potential ...
FMS for a cluster of   21 atoms around iph =   0
    0% of energy integration
   20%
   40%
   60%
   80%
  100%
Preparing response function.
Computing (1 - K Chi0)^-1 v_ch
Done with module: screened core-hole potential.

Calculating cross-section and phases ...
    absorption cross section
 x0,dx,rnrm,inrm,jnrm   8.80000000000000       5.000000000000000E-002
   2.48698413000001              195         196
    phase shifts for unique potential    0
    phase shifts for unique potential    1
    phase shifts for unique potential    2
    phase shifts for unique potential    3
Done with module: cross-section and phases (XSPH).

FMS calculation of full Green's function ...
FEFF-serial using 1 thread.
Using   194 energy points.
xprep done
FMS for a cluster of  228 atoms
Energy point    1/ 194
Energy point   10/ 194
Energy point   20/ 194
Energy point   30/ 194
Energy point   40/ 194
Energy point   50/ 194
Energy point   60/ 194
Energy point   70/ 194
Energy point   80/ 194
Energy point   90/ 194
Energy point  100/ 194
Energy point  110/ 194
Energy point  120/ 194
Energy point  130/ 194
Energy point  140/ 194
Energy point  150/ 194
Energy point  160/ 194
Energy point  170/ 194
Energy point  180/ 194
Energy point  190/ 194
Done with module: FMS.

MKGTR: Tracing over Green's function ...
Done with module: MKGTR.

Pathfinder: finding scattering paths...
Preparing plane wave scattering amplitudes
Searching for paths
Eliminating path degeneracies
0 paths retained.
Done with module: pathfinder.

Calculating EXAFS parameters ...
Done with module: EXAFS parameters (GENFMT).

Calculating XAS spectra ...
Done with module: XAS spectra (FF2X: DW + final sum over paths).

 
### feff ends at Mon Aug 14 05:39:56 EDT 2023
 
