### feff starts at Mon Aug 14 02:05:15 EDT 2023
### Serial version
### FeffPath is /sdcc/u/mcarbone/software/JFEFF/hsw/feff90/linux
 
Launching FEFF version FEFF 9.9.1
Core hole lifetime is   1.729 eV.
Your calculation:
 comment: None given
 Source:
 Structure Summary:  Li3 Co2 Cu3 O10
 Reduced formula:  Li3Co2Cu3O10
 space group: (P-1), space number:  (2)
 abc:  5.028564   5.265434   7.444763
 angles:108.861272  99.674867 102.509222
 sites: 18
Cu K edge XANES using RPA corehole.
Using:     * Self-Consistent Field potentials
Using cards:   ATOMS CONTROL EXCHANGE TITLE RPATH POTENTIALS XANES EDGE SCF FMS S02 COREHOLE EGRID

Calculating atomic potentials ...
    overlapped atomic potential and density for unique potential    0
    overlapped atomic potential and density for unique potential    1
    overlapped atomic potential and density for unique potential    2
    overlapped atomic potential and density for unique potential    3
    overlapped atomic potential and density for unique potential    4
Done with module: atomic potentials.

Calculating SCF potentials ...
FEFF-serial using 1 thread.
Muffin tin radii and interstitial parameters [bohr]:
type, norman radius, muffin tin, overlap factor
    0  1.28356E+00  1.22125E+00  1.13514E+00
    1  1.27635E+00  1.22098E+00  1.11834E+00
    2  1.29919E+00  1.17336E+00  1.15000E+00
    3  1.28356E+00  1.22125E+00  1.13514E+00
    4  1.10393E+00  1.04641E+00  1.14714E+00
Core-valence separation energy:  ecv=   -40.000 eV
Initial Fermi level:              mu=     1.246 eV
SCF ITERATION NUMBER  1
     point #   1  energy = -40.000
FMS for a cluster of  149 atoms around atom type   0
FMS for a cluster of  146 atoms around atom type   1
FMS for a cluster of  146 atoms around atom type   2
FMS for a cluster of  141 atoms around atom type   3
FMS for a cluster of  146 atoms around atom type   4
     point #  20  energy = -28.914
     point #  40  energy =  -8.664
     point #  60  energy =  -5.221
     point #  80  energy =  -4.971
New Fermi level:    mu=  -4.977 eV  Charge distance=  0.9855 (partial c.d.= 10.1905)
SCF ITERATION NUMBER  1
     point #   1  energy = -40.000
FMS for a cluster of  149 atoms around atom type   0
FMS for a cluster of  146 atoms around atom type   1
FMS for a cluster of  146 atoms around atom type   2
FMS for a cluster of  141 atoms around atom type   3
FMS for a cluster of  146 atoms around atom type   4
     point #  20  energy = -28.993
     point #  40  energy =  -8.980
     point #  60  energy =  -4.977
New Fermi level:    mu=  -4.662 eV  Charge distance=  0.8959 (partial c.d.=  6.5112)
SCF ITERATION NUMBER  1
     point #   1  energy = -40.000
FMS for a cluster of  149 atoms around atom type   0
FMS for a cluster of  146 atoms around atom type   1
FMS for a cluster of  146 atoms around atom type   2
FMS for a cluster of  141 atoms around atom type   3
FMS for a cluster of  146 atoms around atom type   4
     point #  20  energy = -28.894
     point #  40  energy =  -8.700
     point #  60  energy =  -4.662
     point #  80  energy =  -6.240
     point # 100  energy =  -9.543
New Fermi level:    mu=  -9.702 eV  Charge distance=  0.6177 (partial c.d.=  6.3814)
SCF ITERATION NUMBER  2
     point #   1  energy = -40.000
     point #  20  energy = -28.891
     point #  40  energy =  -9.702
     point #  60  energy =  -9.611
     point #  80  energy =  -7.220
New Fermi level:    mu=  -7.187 eV  Charge distance=  0.3861 (partial c.d.=  5.3215)
SCF ITERATION NUMBER  3
     point #   1  energy = -40.000
     point #  20  energy = -28.720
     point #  40  energy =  -8.212
     point #  60  energy =  -7.227
     point #  80  energy =  -8.740
New Fermi level:    mu=  -8.811 eV  Charge distance=  0.1148 (partial c.d.=  4.7687)
SCF ITERATION NUMBER  4
     point #   1  energy = -40.000
     point #  20  energy = -28.933
     point #  40  energy =  -8.811
     point #  60  energy =  -8.851
     point #  80  energy =  -9.467
New Fermi level:    mu=  -9.481 eV  Charge distance=  0.1203 (partial c.d.=  1.5910)
SCF ITERATION NUMBER  5
     point #   1  energy = -40.000
     point #  20  energy = -28.810
     point #  40  energy =  -9.481
     point #  60  energy =  -9.390
     point #  80  energy =  -8.700
New Fermi level:    mu=  -8.690 eV  Charge distance=  0.0897 (partial c.d.=  2.0200)
SCF ITERATION NUMBER  6
     point #   1  energy = -40.000
     point #  20  energy = -28.890
     point #  40  energy =  -8.690
     point #  60  energy =  -8.640
New Fermi level:    mu=  -8.581 eV  Charge distance=  0.1217 (partial c.d.=  2.2351)
SCF ITERATION NUMBER  7
     point #   1  energy = -40.000
     point #  20  energy = -28.851
     point #  40  energy =  -8.581
     point #  60  energy =  -8.621
     point #  80  energy =  -9.215
New Fermi level:    mu=  -9.212 eV  Charge distance=  0.0251 (partial c.d.=  5.7302)
SCF ITERATION NUMBER  8
     point #   1  energy = -40.000
     point #  20  energy = -28.711
     point #  40  energy =  -9.212
     point #  60  energy =  -9.265
New Fermi level:    mu=  -9.331 eV  Charge distance=  0.2003 (partial c.d.=  0.4366)
SCF ITERATION NUMBER  9
     point #   1  energy = -40.000
     point #  20  energy = -28.755
     point #  40  energy =  -9.331
     point #  60  energy =  -9.241
     point #  80  energy =  -8.769
New Fermi level:    mu=  -8.779 eV  Charge distance=  0.0616 (partial c.d.=  5.3859)
SCF ITERATION NUMBER 10
     point #   1  energy = -40.000
     point #  20  energy = -28.922
     point #  40  energy =  -8.779
     point #  60  energy =  -8.820
     point #  80  energy =  -9.414
New Fermi level:    mu=  -9.427 eV  Charge distance=  0.0400 (partial c.d.=  0.6484)
SCF ITERATION NUMBER 11
     point #   1  energy = -40.000
     point #  20  energy = -28.790
     point #  40  energy =  -9.427
     point #  60  energy =  -9.331
New Fermi level:    mu=  -9.265 eV  Charge distance=  0.0069 (partial c.d.=  0.4097)
SCF ITERATION NUMBER 12
     point #   1  energy = -40.000
     point #  20  energy = -28.730
     point #  40  energy =  -9.265
New Fermi level:    mu=  -9.239 eV  Charge distance=  0.0348 (partial c.d.=  0.0271)
SCF ITERATION NUMBER 13
     point #   1  energy = -40.000
     point #  20  energy = -28.721
     point #  40  energy =  -9.239
New Fermi level:    mu=  -9.201 eV  Charge distance=  0.0356 (partial c.d.=  0.1855)
SCF ITERATION NUMBER 14
     point #   1  energy = -40.000
     point #  20  energy = -28.707
     point #  40  energy =  -9.201
New Fermi level:    mu=  -9.170 eV  Charge distance=  0.0210 (partial c.d.=  0.7505)
SCF ITERATION NUMBER 15
     point #   1  energy = -40.000
     point #  20  energy = -28.696
     point #  40  energy =  -9.170
New Fermi level:    mu=  -9.199 eV  Charge distance=  0.0104 (partial c.d.=  0.6501)
SCF ITERATION NUMBER 16
     point #   1  energy = -40.000
     point #  20  energy = -28.706
     point #  40  energy =  -9.199
New Fermi level:    mu=  -9.200 eV  Charge distance=  0.0076 (partial c.d.=  0.1729)
SCF ITERATION NUMBER 17
     point #   1  energy = -40.000
     point #  20  energy = -28.707
     point #  40  energy =  -9.200
New Fermi level:    mu=  -9.206 eV  Charge distance=  0.0016 (partial c.d.=  0.1195)
SCF ITERATION NUMBER 18
     point #   1  energy = -40.000
     point #  20  energy = -28.709
     point #  40  energy =  -9.206
New Fermi level:    mu=  -9.200 eV  Charge distance=  0.0023 (partial c.d.=  0.0275)
SCF ITERATION NUMBER 19
     point #   1  energy = -40.000
     point #  20  energy = -28.707
     point #  40  energy =  -9.200
New Fermi level:    mu=  -9.201 eV  Charge distance=  0.0060 (partial c.d.=  0.0057)
SCF ITERATION NUMBER 20
     point #   1  energy = -40.000
     point #  20  energy = -28.707
     point #  40  energy =  -9.201
New Fermi level:    mu=  -9.192 eV  Charge distance=  0.0007 (partial c.d.=  0.0208)
SCF ITERATION NUMBER 21
     point #   1  energy = -40.000
     point #  20  energy = -28.704
     point #  40  energy =  -9.192
New Fermi level:    mu=  -9.193 eV  Charge distance=  0.0008 (partial c.d.=  0.0099)
SCF ITERATION NUMBER 22
     point #   1  energy = -40.000
     point #  20  energy = -28.704
     point #  40  energy =  -9.193
New Fermi level:    mu=  -9.193 eV  Charge distance=  0.0007 (partial c.d.=  0.0029)
SCF ITERATION NUMBER 23
     point #   1  energy = -40.000
     point #  20  energy = -28.704
     point #  40  energy =  -9.193
New Fermi level:    mu=  -9.195 eV  Charge distance=  0.0002 (partial c.d.=  0.0158)
SCF ITERATION NUMBER 24
     point #   1  energy = -40.000
     point #  20  energy = -28.705
     point #  40  energy =  -9.195
New Fermi level:    mu=  -9.195 eV  Charge distance=  0.0001 (partial c.d.=  0.0038)
SCF ITERATION NUMBER 25
     point #   1  energy = -40.000
     point #  20  energy = -28.705
     point #  40  energy =  -9.195
New Fermi level:    mu=  -9.195 eV  Charge distance=  0.0000 (partial c.d.=  0.0008)
SCF ITERATION NUMBER 26
     point #   1  energy = -40.000
     point #  20  energy = -28.705
     point #  40  energy =  -9.195
New Fermi level:    mu=  -9.195 eV  Charge distance=  0.0000 (partial c.d.=  0.0001)
Electronic configuration
  type     l     N_el
     0     0    0.454
     0     1    0.604
     0     2    9.328
     0     3    0.000
     1     0    0.242
     1     1    0.515
     1     2    0.000
     1     3    0.000
     2     0    0.543
     2     1    0.870
     2     2    7.719
     2     3    0.000
     3     0    0.454
     3     1    0.604
     3     2    9.328
     3     3    0.000
     4     0    1.863
     4     1    4.285
     4     2    0.083
     4     3    0.000
Charge transfer:  type  charge
       0   -0.614
       1   -0.244
       2    0.132
       3   -0.614
       4    0.232
Convergence reached in   26 iterations.
Done with module: potentials.

Calculating screened core-hole potential ...
FMS for a cluster of   25 atoms around iph =   0
    0% of energy integration
   20%
   40%
   60%
   80%
  100%
Preparing response function.
Computing (1 - K Chi0)^-1 v_ch
Done with module: screened core-hole potential.

Calculating cross-section and phases ...
    absorption cross section
 x0,dx,rnrm,inrm,jnrm   8.80000000000000       5.000000000000000E-002
   2.42557481999988              194         195
    phase shifts for unique potential    0
    phase shifts for unique potential    1
    phase shifts for unique potential    2
    phase shifts for unique potential    3
    phase shifts for unique potential    4
Done with module: cross-section and phases (XSPH).

FMS calculation of full Green's function ...
FEFF-serial using 1 thread.
Using   194 energy points.
xprep done
FMS for a cluster of  317 atoms
Energy point    1/ 194
Energy point   10/ 194
Energy point   20/ 194
Energy point   30/ 194
Energy point   40/ 194
Energy point   50/ 194
Energy point   60/ 194
Energy point   70/ 194
Energy point   80/ 194
Energy point   90/ 194
Energy point  100/ 194
Energy point  110/ 194
Energy point  120/ 194
Energy point  130/ 194
Energy point  140/ 194
Energy point  150/ 194
Energy point  160/ 194
Energy point  170/ 194
Energy point  180/ 194
Energy point  190/ 194
Done with module: FMS.

MKGTR: Tracing over Green's function ...
Done with module: MKGTR.

Pathfinder: finding scattering paths...
Preparing plane wave scattering amplitudes
Searching for paths
Eliminating path degeneracies
0 paths retained.
Done with module: pathfinder.

Calculating EXAFS parameters ...
Done with module: EXAFS parameters (GENFMT).

Calculating XAS spectra ...
Done with module: XAS spectra (FF2X: DW + final sum over paths).

 
### feff ends at Mon Aug 14 05:56:59 EDT 2023
 
