### feff starts at Mon Aug 14 05:05:09 EDT 2023
### Serial version
### FeffPath is /sdcc/u/mcarbone/software/JFEFF/hsw/feff90/linux
 
Launching FEFF version FEFF 9.9.1
Resetting lmaxsc to 2 for iph =    1.  Use  UNFREEZE to prevent this.
Core hole lifetime is   1.729 eV.
Your calculation:
 comment: None given
 Source:
 Structure Summary:  Ta8 Cu4 O24
 Reduced formula:  Ta2CuO6
 space group: (Pmmm), space number:  (47)
 abc:  7.546503   7.565853   7.607822
 angles: 90.000000  90.000000  90.000000
 sites: 36
Cu K edge XANES using RPA corehole.
Using:     * Self-Consistent Field potentials
Using cards:   ATOMS CONTROL EXCHANGE TITLE RPATH POTENTIALS XANES EDGE SCF FMS S02 COREHOLE EGRID

Calculating atomic potentials ...
    overlapped atomic potential and density for unique potential    0
    overlapped atomic potential and density for unique potential    1
    overlapped atomic potential and density for unique potential    2
    overlapped atomic potential and density for unique potential    3
Done with module: atomic potentials.

Calculating SCF potentials ...
FEFF-serial using 1 thread.
Muffin tin radii and interstitial parameters [bohr]:
type, norman radius, muffin tin, overlap factor
    0  1.33458E+00  1.26428E+00  1.14910E+00
    1  1.46431E+00  1.31784E+00  1.15000E+00
    2  1.32744E+00  1.25224E+00  1.15000E+00
    3  1.08212E+00  1.00035E+00  1.15000E+00
Core-valence separation energy:  ecv=   -33.000 eV
Initial Fermi level:              mu=     3.324 eV
SCF ITERATION NUMBER  1
     point #   1  energy = -33.000
FMS for a cluster of  129 atoms around atom type   0
FMS for a cluster of  110 atoms around atom type   1
FMS for a cluster of  111 atoms around atom type   2
FMS for a cluster of  117 atoms around atom type   3
     point #  20  energy = -21.891
     point #  40  energy =  -6.600
     point #  60  energy =  -4.566
New Fermi level:    mu=  -4.557 eV  Charge distance=  1.0917 (partial c.d.=  5.0237)
SCF ITERATION NUMBER  1
     point #   1  energy = -33.000
FMS for a cluster of  129 atoms around atom type   0
FMS for a cluster of  110 atoms around atom type   1
FMS for a cluster of  111 atoms around atom type   2
FMS for a cluster of  117 atoms around atom type   3
     point #  20  energy = -21.826
     point #  40  energy =  -4.557
     point #  60  energy =  -4.726
     point #  80  energy =  -6.560
     point # 100  energy =  -5.695
New Fermi level:    mu=  -5.470 eV  Charge distance=  0.3756 (partial c.d.=  5.7411)
SCF ITERATION NUMBER  1
     point #   1  energy = -33.000
FMS for a cluster of  129 atoms around atom type   0
FMS for a cluster of  110 atoms around atom type   1
FMS for a cluster of  111 atoms around atom type   2
FMS for a cluster of  117 atoms around atom type   3
     point #  20  energy = -21.784
     point #  40  energy =  -5.470
New Fermi level:    mu=  -5.545 eV  Charge distance=  0.1906 (partial c.d.=  0.4221)
SCF ITERATION NUMBER  2
     point #   1  energy = -33.000
     point #  20  energy = -21.814
     point #  40  energy =  -5.545
     point #  60  energy =  -5.726
     point #  80  energy =  -5.732
New Fermi level:    mu=  -5.736 eV  Charge distance=  0.2500 (partial c.d.=  0.2979)
SCF ITERATION NUMBER  3
     point #   1  energy = -33.000
     point #  20  energy = -21.892
     point #  40  energy =  -5.736
     point #  60  energy =  -5.836
New Fermi level:    mu=  -5.830 eV  Charge distance=  0.2176 (partial c.d.=  1.1094)
SCF ITERATION NUMBER  4
     point #   1  energy = -33.000
     point #  20  energy = -21.931
     point #  40  energy =  -5.830
New Fermi level:    mu=  -5.892 eV  Charge distance=  0.0768 (partial c.d.=  1.3035)
SCF ITERATION NUMBER  5
     point #   1  energy = -33.000
     point #  20  energy = -21.956
     point #  40  energy =  -5.892
New Fermi level:    mu=  -5.969 eV  Charge distance=  0.0928 (partial c.d.=  0.0799)
SCF ITERATION NUMBER  6
     point #   1  energy = -33.000
     point #  20  energy = -21.987
     point #  40  energy =  -5.969
New Fermi level:    mu=  -6.015 eV  Charge distance=  0.0121 (partial c.d.=  0.2487)
SCF ITERATION NUMBER  7
     point #   1  energy = -33.000
     point #  20  energy = -22.006
     point #  40  energy =  -6.015
New Fermi level:    mu=  -6.011 eV  Charge distance=  0.0052 (partial c.d.=  0.0334)
SCF ITERATION NUMBER  8
     point #   1  energy = -33.000
     point #  20  energy = -22.005
     point #  40  energy =  -6.011
New Fermi level:    mu=  -6.009 eV  Charge distance=  0.0110 (partial c.d.=  0.0023)
SCF ITERATION NUMBER  9
     point #   1  energy = -33.000
     point #  20  energy = -22.004
     point #  40  energy =  -6.009
New Fermi level:    mu=  -6.004 eV  Charge distance=  0.0006 (partial c.d.=  0.0064)
SCF ITERATION NUMBER 10
     point #   1  energy = -33.000
     point #  20  energy = -22.002
     point #  40  energy =  -6.004
New Fermi level:    mu=  -6.003 eV  Charge distance=  0.0008 (partial c.d.=  0.0028)
SCF ITERATION NUMBER 11
     point #   1  energy = -33.000
     point #  20  energy = -22.001
     point #  40  energy =  -6.003
New Fermi level:    mu=  -6.003 eV  Charge distance=  0.0003 (partial c.d.=  0.0010)
SCF ITERATION NUMBER 12
     point #   1  energy = -33.000
     point #  20  energy = -22.001
     point #  40  energy =  -6.003
New Fermi level:    mu=  -6.002 eV  Charge distance=  0.0004 (partial c.d.=  0.0001)
Electronic configuration
  type     l     N_el
     0     0    0.493
     0     1    0.550
     0     2    9.605
     0     3    0.000
     1     0    0.534
     1     1    0.884
     1     2    2.842
     1     3    0.000
     2     0    0.488
     2     1    0.564
     2     2    9.604
     2     3    0.000
     3     0    1.811
     3     1    4.428
     3     2    0.066
     3     3    0.000
Charge transfer:  type  charge
       0   -0.352
       1   -0.740
       2   -0.343
       3    0.304
Convergence reached in   12 iterations.
Done with module: potentials.

Calculating screened core-hole potential ...
FMS for a cluster of   25 atoms around iph =   0
    0% of energy integration
   20%
   40%
   60%
   80%
  100%
Preparing response function.
Computing (1 - K Chi0)^-1 v_ch
Done with module: screened core-hole potential.

Calculating cross-section and phases ...
    absorption cross section
 x0,dx,rnrm,inrm,jnrm   8.80000000000000       5.000000000000000E-002
   2.52199675799989              195         196
    phase shifts for unique potential    0
    phase shifts for unique potential    1
    phase shifts for unique potential    2
    phase shifts for unique potential    3
Done with module: cross-section and phases (XSPH).

FMS calculation of full Green's function ...
FEFF-serial using 1 thread.
Using   194 energy points.
xprep done
FMS for a cluster of  251 atoms
Energy point    1/ 194
Energy point   10/ 194
Energy point   20/ 194
Energy point   30/ 194
Energy point   40/ 194
Energy point   50/ 194
Energy point   60/ 194
Energy point   70/ 194
Energy point   80/ 194
Energy point   90/ 194
Energy point  100/ 194
Energy point  110/ 194
Energy point  120/ 194
Energy point  130/ 194
Energy point  140/ 194
Energy point  150/ 194
Energy point  160/ 194
Energy point  170/ 194
Energy point  180/ 194
Energy point  190/ 194
Done with module: FMS.

MKGTR: Tracing over Green's function ...
Done with module: MKGTR.

Pathfinder: finding scattering paths...
Preparing plane wave scattering amplitudes
Searching for paths
Eliminating path degeneracies
0 paths retained.
Done with module: pathfinder.

Calculating EXAFS parameters ...
Done with module: EXAFS parameters (GENFMT).

Calculating XAS spectra ...
Done with module: XAS spectra (FF2X: DW + final sum over paths).

 
### feff ends at Mon Aug 14 06:39:09 EDT 2023
 
