### feff starts at Mon Aug 14 11:55:21 EDT 2023
### Serial version
### FeffPath is /sdcc/u/mcarbone/software/JFEFF/hsw/feff90/linux
 
Launching FEFF version FEFF 9.9.1
Core hole lifetime is   1.729 eV.
Your calculation:
 comment: None given
 Source:
 Structure Summary:  Ca4 Cu4 O10
 Reduced formula:  Ca2Cu2O5
 space group: (Pbam), space number:  (55)
 abc:  3.792416   5.390729  10.364891
 angles: 90.000000  90.000000  90.000000
 sites: 18
Cu K edge XANES using RPA corehole.
Using:     * Self-Consistent Field potentials
Using cards:   ATOMS CONTROL EXCHANGE TITLE RPATH POTENTIALS XANES EDGE SCF FMS S02 COREHOLE EGRID

Calculating atomic potentials ...
    overlapped atomic potential and density for unique potential    0
    overlapped atomic potential and density for unique potential    1
    overlapped atomic potential and density for unique potential    2
    overlapped atomic potential and density for unique potential    3
Done with module: atomic potentials.

Calculating SCF potentials ...
FEFF-serial using 1 thread.
Muffin tin radii and interstitial parameters [bohr]:
type, norman radius, muffin tin, overlap factor
    0  1.25655E+00  1.16937E+00  1.15000E+00
    1  1.74034E+00  1.66961E+00  1.10969E+00
    2  1.25666E+00  1.16943E+00  1.15000E+00
    3  1.11683E+00  1.05948E+00  1.14459E+00
Core-valence separation energy:  ecv=   -40.000 eV
Initial Fermi level:              mu=    -2.737 eV
SCF ITERATION NUMBER  1
     point #   1  energy = -40.000
FMS for a cluster of  127 atoms around atom type   0
FMS for a cluster of  113 atoms around atom type   1
FMS for a cluster of  115 atoms around atom type   2
FMS for a cluster of  118 atoms around atom type   3
     point #  20  energy = -28.906
     point #  40  energy =  -8.656
     point #  60  energy =  -6.818
     point #  80  energy =  -6.443
New Fermi level:    mu=  -6.430 eV  Charge distance=  0.9201 (partial c.d.=  6.5631)
SCF ITERATION NUMBER  1
     point #   1  energy = -40.000
FMS for a cluster of  127 atoms around atom type   0
FMS for a cluster of  113 atoms around atom type   1
FMS for a cluster of  115 atoms around atom type   2
FMS for a cluster of  118 atoms around atom type   3
     point #  20  energy = -28.810
     point #  40  energy =  -8.464
     point #  60  energy =  -6.442
     point #  80  energy =  -8.908
     point # 100  energy = -12.349
New Fermi level:    mu= -12.818 eV  Charge distance=  0.2414 (partial c.d.=  4.6593)
SCF ITERATION NUMBER  1
     point #   1  energy = -40.000
FMS for a cluster of  127 atoms around atom type   0
FMS for a cluster of  113 atoms around atom type   1
FMS for a cluster of  115 atoms around atom type   2
FMS for a cluster of  118 atoms around atom type   3
     point #  20  energy = -28.926
     point #  40  energy = -12.818
     point #  60  energy = -12.571
     point #  80  energy = -11.861
New Fermi level:    mu= -11.948 eV  Charge distance=  0.1371 (partial c.d.=  0.6656)
SCF ITERATION NUMBER  2
     point #   1  energy = -40.000
     point #  20  energy = -28.979
     point #  40  energy = -11.948
     point #  60  energy = -11.779
     point #  80  energy = -11.123
New Fermi level:    mu= -11.160 eV  Charge distance=  0.3417 (partial c.d.=  0.1912)
SCF ITERATION NUMBER  3
     point #   1  energy = -40.000
     point #  20  energy = -28.670
     point #  40  energy = -11.160
     point #  60  energy = -10.969
New Fermi level:    mu= -10.724 eV  Charge distance=  0.0483 (partial c.d.=  0.1839)
SCF ITERATION NUMBER  4
     point #   1  energy = -40.000
     point #  20  energy = -28.895
     point #  40  energy = -10.724
New Fermi level:    mu= -10.687 eV  Charge distance=  0.0444 (partial c.d.=  0.3794)
SCF ITERATION NUMBER  5
     point #   1  energy = -40.000
     point #  20  energy = -28.881
     point #  40  energy = -10.687
     point #  60  energy = -10.812
New Fermi level:    mu= -10.895 eV  Charge distance=  0.0230 (partial c.d.=  0.4596)
SCF ITERATION NUMBER  6
     point #   1  energy = -40.000
     point #  20  energy = -28.960
     point #  40  energy = -10.895
     point #  60  energy = -10.970
New Fermi level:    mu= -10.958 eV  Charge distance=  0.0024 (partial c.d.=  0.2398)
SCF ITERATION NUMBER  7
     point #   1  energy = -40.000
     point #  20  energy = -28.984
     point #  40  energy = -10.958
New Fermi level:    mu= -10.982 eV  Charge distance=  0.0026 (partial c.d.=  0.0378)
SCF ITERATION NUMBER  8
     point #   1  energy = -40.000
     point #  20  energy = -28.993
     point #  40  energy = -10.982
New Fermi level:    mu= -10.990 eV  Charge distance=  0.0021 (partial c.d.=  0.0287)
SCF ITERATION NUMBER  9
     point #   1  energy = -40.000
     point #  20  energy = -28.996
     point #  40  energy = -10.990
New Fermi level:    mu= -10.992 eV  Charge distance=  0.0024 (partial c.d.=  0.0056)
SCF ITERATION NUMBER 10
     point #   1  energy = -40.000
     point #  20  energy = -28.997
     point #  40  energy = -10.992
New Fermi level:    mu= -10.988 eV  Charge distance=  0.0019 (partial c.d.=  0.0012)
SCF ITERATION NUMBER 11
     point #   1  energy = -40.000
     point #  20  energy = -28.995
     point #  40  energy = -10.988
New Fermi level:    mu= -10.985 eV  Charge distance=  0.0005 (partial c.d.=  0.0037)
SCF ITERATION NUMBER 12
     point #   1  energy = -40.000
     point #  20  energy = -28.994
     point #  40  energy = -10.985
New Fermi level:    mu= -10.986 eV  Charge distance=  0.0001 (partial c.d.=  0.0002)
SCF ITERATION NUMBER 13
     point #   1  energy = -40.000
     point #  20  energy = -28.995
     point #  40  energy = -10.986
New Fermi level:    mu= -10.986 eV  Charge distance=  0.0000 (partial c.d.=  0.0000)
Electronic configuration
  type     l     N_el
     0     0    0.478
     0     1    0.608
     0     2    9.257
     0     3    0.000
     1     0    0.320
     1     1    6.504
     1     2    0.884
     1     3    0.000
     2     0    0.478
     2     1    0.612
     2     2    9.258
     2     3    0.000
     3     0    1.858
     3     1    4.461
     3     2    0.059
     3     3    0.000
Charge transfer:  type  charge
       0   -0.657
       1   -0.292
       2   -0.652
       3    0.378
Convergence reached in   13 iterations.
Done with module: potentials.

Calculating screened core-hole potential ...
FMS for a cluster of   24 atoms around iph =   0
    0% of energy integration
   20%
   40%
   60%
   80%
  100%
Preparing response function.
Computing (1 - K Chi0)^-1 v_ch
Done with module: screened core-hole potential.

Calculating cross-section and phases ...
    absorption cross section
 x0,dx,rnrm,inrm,jnrm   8.80000000000000       5.000000000000000E-002
   2.37453242199981              194         195
    phase shifts for unique potential    0
    phase shifts for unique potential    1
    phase shifts for unique potential    2
    phase shifts for unique potential    3
Done with module: cross-section and phases (XSPH).

FMS calculation of full Green's function ...
FEFF-serial using 1 thread.
Using   194 energy points.
xprep done
FMS for a cluster of  266 atoms
Energy point    1/ 194
Energy point   10/ 194
Energy point   20/ 194
Energy point   30/ 194
Energy point   40/ 194
Energy point   50/ 194
Energy point   60/ 194
Energy point   70/ 194
Energy point   80/ 194
Energy point   90/ 194
Energy point  100/ 194
Energy point  110/ 194
Energy point  120/ 194
Energy point  130/ 194
Energy point  140/ 194
Energy point  150/ 194
Energy point  160/ 194
Energy point  170/ 194
Energy point  180/ 194
Energy point  190/ 194
Done with module: FMS.

MKGTR: Tracing over Green's function ...
Done with module: MKGTR.

Pathfinder: finding scattering paths...
Preparing plane wave scattering amplitudes
Searching for paths
Eliminating path degeneracies
0 paths retained.
Done with module: pathfinder.

Calculating EXAFS parameters ...
Done with module: EXAFS parameters (GENFMT).

Calculating XAS spectra ...
Done with module: XAS spectra (FF2X: DW + final sum over paths).

 
### feff ends at Mon Aug 14 13:50:39 EDT 2023
 
