### feff starts at Mon Aug 14 03:15:09 EDT 2023
### Serial version
### FeffPath is /sdcc/u/mcarbone/software/JFEFF/hsw/feff90/linux
 
Launching FEFF version FEFF 9.9.1
Core hole lifetime is   1.729 eV.
Your calculation:
 comment: None given
 Source:
 Structure Summary:  Mg6 Cu12 O24
 Reduced formula:  Mg(CuO2)2
 space group: (P3m1), space number:  (156)
 abc:  5.944371   5.944256  17.729512
 angles: 59.801379  59.799655  59.995873
 sites: 42
Cu K edge XANES using RPA corehole.
Using:     * Self-Consistent Field potentials
Using cards:   ATOMS CONTROL EXCHANGE TITLE RPATH POTENTIALS XANES EDGE SCF FMS S02 COREHOLE EGRID

Calculating atomic potentials ...
    overlapped atomic potential and density for unique potential    0
    overlapped atomic potential and density for unique potential    1
    overlapped atomic potential and density for unique potential    2
    overlapped atomic potential and density for unique potential    3
Done with module: atomic potentials.

Calculating SCF potentials ...
FEFF-serial using 1 thread.
Muffin tin radii and interstitial parameters [bohr]:
type, norman radius, muffin tin, overlap factor
    0  1.29369E+00  1.22820E+00  1.14209E+00
    1  1.41696E+00  1.32352E+00  1.15000E+00
    2  1.29355E+00  1.22805E+00  1.14215E+00
    3  1.11840E+00  1.05285E+00  1.15000E+00
Core-valence separation energy:  ecv=   -40.000 eV
Initial Fermi level:              mu=     1.082 eV
SCF ITERATION NUMBER  1
     point #   1  energy = -40.000
FMS for a cluster of  145 atoms around atom type   0
FMS for a cluster of  146 atoms around atom type   1
FMS for a cluster of  141 atoms around atom type   2
FMS for a cluster of  142 atoms around atom type   3
     point #  20  energy = -28.946
     point #  40  energy =  -8.696
     point #  60  energy =  -3.671
New Fermi level:    mu=  -3.500 eV  Charge distance=  0.4764 (partial c.d.=  7.6591)
SCF ITERATION NUMBER  1
     point #   1  energy = -40.000
FMS for a cluster of  145 atoms around atom type   0
FMS for a cluster of  146 atoms around atom type   1
FMS for a cluster of  141 atoms around atom type   2
FMS for a cluster of  142 atoms around atom type   3
     point #  20  energy = -28.847
     point #  40  energy =  -8.569
     point #  60  energy =  -3.500
     point #  80  energy =  -5.078
     point # 100  energy =  -8.912
New Fermi level:    mu=  -9.447 eV  Charge distance=  0.0781 (partial c.d.=  2.1213)
SCF ITERATION NUMBER  1
     point #   1  energy = -40.000
FMS for a cluster of  145 atoms around atom type   0
FMS for a cluster of  146 atoms around atom type   1
FMS for a cluster of  141 atoms around atom type   2
FMS for a cluster of  142 atoms around atom type   3
     point #  20  energy = -28.797
     point #  40  energy =  -9.447
     point #  60  energy =  -9.357
     point #  80  energy =  -8.169
New Fermi level:    mu=  -8.286 eV  Charge distance=  0.0726 (partial c.d.=  0.5927)
SCF ITERATION NUMBER  2
     point #   1  energy = -40.000
     point #  20  energy = -28.747
     point #  40  energy =  -8.286
     point #  60  energy =  -8.327
New Fermi level:    mu=  -8.715 eV  Charge distance=  0.3753 (partial c.d.=  0.2458)
SCF ITERATION NUMBER  3
     point #   1  energy = -40.000
     point #  20  energy = -28.899
     point #  40  energy =  -8.715
     point #  60  energy =  -8.675
New Fermi level:    mu=  -8.174 eV  Charge distance=  0.0982 (partial c.d.=  1.1842)
SCF ITERATION NUMBER  4
     point #   1  energy = -40.000
     point #  20  energy = -28.707
     point #  40  energy =  -8.174
     point #  60  energy =  -8.215
New Fermi level:    mu=  -8.987 eV  Charge distance=  0.1857 (partial c.d.=  0.2540)
SCF ITERATION NUMBER  5
     point #   1  energy = -40.000
     point #  20  energy = -28.996
     point #  40  energy =  -8.987
New Fermi level:    mu=  -8.978 eV  Charge distance=  0.1259 (partial c.d.=  2.5248)
SCF ITERATION NUMBER  6
     point #   1  energy = -40.000
     point #  20  energy = -28.992
     point #  40  energy =  -8.978
     point #  60  energy =  -9.047
New Fermi level:    mu=  -9.116 eV  Charge distance=  0.0367 (partial c.d.=  2.4321)
SCF ITERATION NUMBER  7
     point #   1  energy = -40.000
     point #  20  energy = -29.041
     point #  40  energy =  -9.116
     point #  60  energy =  -9.066
New Fermi level:    mu=  -9.055 eV  Charge distance=  0.1422 (partial c.d.=  0.1019)
SCF ITERATION NUMBER  8
     point #   1  energy = -40.000
     point #  20  energy = -29.019
     point #  40  energy =  -9.055
     point #  60  energy =  -9.014
New Fermi level:    mu=  -8.716 eV  Charge distance=  0.1067 (partial c.d.=  2.2478)
SCF ITERATION NUMBER  9
     point #   1  energy = -40.000
     point #  20  energy = -28.899
     point #  40  energy =  -8.716
     point #  60  energy =  -8.757
New Fermi level:    mu=  -9.002 eV  Charge distance=  0.0186 (partial c.d.=  2.0743)
SCF ITERATION NUMBER 10
     point #   1  energy = -40.000
     point #  20  energy = -29.001
     point #  40  energy =  -9.002
     point #  60  energy =  -8.952
New Fermi level:    mu=  -8.936 eV  Charge distance=  0.0694 (partial c.d.=  0.0604)
SCF ITERATION NUMBER 11
     point #   1  energy = -40.000
     point #  20  energy = -28.977
     point #  40  energy =  -8.936
     point #  60  energy =  -8.886
New Fermi level:    mu=  -8.848 eV  Charge distance=  0.0526 (partial c.d.=  1.3753)
SCF ITERATION NUMBER 12
     point #   1  energy = -40.000
     point #  20  energy = -28.946
     point #  40  energy =  -8.848
     point #  60  energy =  -8.898
New Fermi level:    mu=  -8.897 eV  Charge distance=  0.0095 (partial c.d.=  1.2922)
SCF ITERATION NUMBER 13
     point #   1  energy = -40.000
     point #  20  energy = -28.964
     point #  40  energy =  -8.897
New Fermi level:    mu=  -8.878 eV  Charge distance=  0.0129 (partial c.d.=  0.0950)
SCF ITERATION NUMBER 14
     point #   1  energy = -40.000
     point #  20  energy = -28.957
     point #  40  energy =  -8.878
     point #  60  energy =  -8.828
New Fermi level:    mu=  -8.837 eV  Charge distance=  0.0019 (partial c.d.=  0.0968)
SCF ITERATION NUMBER 15
     point #   1  energy = -40.000
     point #  20  energy = -28.942
     point #  40  energy =  -8.837
New Fermi level:    mu=  -8.850 eV  Charge distance=  0.0020 (partial c.d.=  0.1116)
SCF ITERATION NUMBER 16
     point #   1  energy = -40.000
     point #  20  energy = -28.947
     point #  40  energy =  -8.850
New Fermi level:    mu=  -8.849 eV  Charge distance=  0.0009 (partial c.d.=  0.0564)
SCF ITERATION NUMBER 17
     point #   1  energy = -40.000
     point #  20  energy = -28.946
     point #  40  energy =  -8.849
New Fermi level:    mu=  -8.845 eV  Charge distance=  0.0003 (partial c.d.=  0.0397)
SCF ITERATION NUMBER 18
     point #   1  energy = -40.000
     point #  20  energy = -28.945
     point #  40  energy =  -8.845
New Fermi level:    mu=  -8.845 eV  Charge distance=  0.0003 (partial c.d.=  0.0063)
SCF ITERATION NUMBER 19
     point #   1  energy = -40.000
     point #  20  energy = -28.945
     point #  40  energy =  -8.845
New Fermi level:    mu=  -8.844 eV  Charge distance=  0.0003 (partial c.d.=  0.0016)
SCF ITERATION NUMBER 20
     point #   1  energy = -40.000
     point #  20  energy = -28.945
     point #  40  energy =  -8.844
New Fermi level:    mu=  -8.844 eV  Charge distance=  0.0002 (partial c.d.=  0.0030)
SCF ITERATION NUMBER 21
     point #   1  energy = -40.000
     point #  20  energy = -28.945
     point #  40  energy =  -8.844
New Fermi level:    mu=  -8.844 eV  Charge distance=  0.0000 (partial c.d.=  0.0015)
SCF ITERATION NUMBER 22
     point #   1  energy = -40.000
     point #  20  energy = -28.945
     point #  40  energy =  -8.844
New Fermi level:    mu=  -8.844 eV  Charge distance=  0.0000 (partial c.d.=  0.0001)
Electronic configuration
  type     l     N_el
     0     0    0.459
     0     1    0.625
     0     2    9.341
     0     3    0.000
     1     0    0.504
     1     1    0.827
     1     2    0.598
     1     3    0.000
     2     0    0.459
     2     1    0.625
     2     2    9.340
     2     3    0.000
     3     0    1.867
     3     1    4.364
     3     2    0.075
     3     3    0.000
Charge transfer:  type  charge
       0   -0.576
       1   -0.071
       2   -0.576
       3    0.306
Convergence reached in   22 iterations.
Done with module: potentials.

Calculating screened core-hole potential ...
FMS for a cluster of   27 atoms around iph =   0
    0% of energy integration
   20%
   40%
   60%
   80%
  100%
Preparing response function.
Computing (1 - K Chi0)^-1 v_ch
Done with module: screened core-hole potential.

Calculating cross-section and phases ...
    absorption cross section
 x0,dx,rnrm,inrm,jnrm   8.80000000000000       5.000000000000000E-002
   2.44471306400021              194         195
    phase shifts for unique potential    0
    phase shifts for unique potential    1
    phase shifts for unique potential    2
    phase shifts for unique potential    3
Done with module: cross-section and phases (XSPH).

FMS calculation of full Green's function ...
FEFF-serial using 1 thread.
Using   194 energy points.
xprep done
FMS for a cluster of  299 atoms
Energy point    1/ 194
Energy point   10/ 194
Energy point   20/ 194
Energy point   30/ 194
Energy point   40/ 194
Energy point   50/ 194
Energy point   60/ 194
Energy point   70/ 194
Energy point   80/ 194
Energy point   90/ 194
Energy point  100/ 194
Energy point  110/ 194
Energy point  120/ 194
Energy point  130/ 194
Energy point  140/ 194
Energy point  150/ 194
Energy point  160/ 194
Energy point  170/ 194
Energy point  180/ 194
Energy point  190/ 194
Done with module: FMS.

MKGTR: Tracing over Green's function ...
Done with module: MKGTR.

Pathfinder: finding scattering paths...
Preparing plane wave scattering amplitudes
Searching for paths
Eliminating path degeneracies
0 paths retained.
Done with module: pathfinder.

Calculating EXAFS parameters ...
Done with module: EXAFS parameters (GENFMT).

Calculating XAS spectra ...
Done with module: XAS spectra (FF2X: DW + final sum over paths).

 
### feff ends at Mon Aug 14 06:37:52 EDT 2023
 
