### feff starts at Mon Aug 14 11:10:10 EDT 2023
### Serial version
### FeffPath is /sdcc/u/mcarbone/software/JFEFF/hsw/feff90/linux
 
Launching FEFF version FEFF 9.9.1
Core hole lifetime is   1.729 eV.
Your calculation:
 comment: None given
 Source:
 Structure Summary:  Li2 Cu10 P4 O16
 Reduced formula:  LiCu5(PO4)2
 space group: (P1), space number:  (1)
 abc:  5.523288   6.256750  10.476963
 angles: 90.062863  90.030822  90.009991
 sites: 32
Cu K edge XANES using RPA corehole.
Using:     * Self-Consistent Field potentials
Using cards:   ATOMS CONTROL EXCHANGE TITLE RPATH POTENTIALS XANES EDGE SCF FMS S02 COREHOLE EGRID

Calculating atomic potentials ...
    overlapped atomic potential and density for unique potential    0
    overlapped atomic potential and density for unique potential    1
    overlapped atomic potential and density for unique potential    2
    overlapped atomic potential and density for unique potential    3
    overlapped atomic potential and density for unique potential    4
Done with module: atomic potentials.

Calculating SCF potentials ...
FEFF-serial using 1 thread.
Muffin tin radii and interstitial parameters [bohr]:
type, norman radius, muffin tin, overlap factor
    0  1.41485E+00  1.34515E+00  1.13752E+00
    1  1.33031E+00  1.27011E+00  1.12436E+00
    2  1.41842E+00  1.35865E+00  1.11439E+00
    3  1.15774E+00  9.48113E-01  1.15000E+00
    4  1.03492E+00  9.36933E-01  1.15000E+00
Core-valence separation energy:  ecv=   -40.000 eV
Initial Fermi level:              mu=     5.073 eV
SCF ITERATION NUMBER  1
     point #   1  energy = -40.000
FMS for a cluster of  124 atoms around atom type   0
FMS for a cluster of  124 atoms around atom type   1
FMS for a cluster of  125 atoms around atom type   2
FMS for a cluster of  119 atoms around atom type   3
FMS for a cluster of  131 atoms around atom type   4
     point #  20  energy = -28.950
     point #  40  energy =  -8.700
     point #  60  energy =  -2.181
     point #  80  energy =  -2.812
New Fermi level:    mu=  -2.901 eV  Charge distance=  0.2401 (partial c.d.=  8.4166)
negative density   1 -155.558 - usually harmless precision error, but check DOS if it persists
SCF ITERATION NUMBER  1
     point #   1  energy = -40.000
FMS for a cluster of  124 atoms around atom type   0
FMS for a cluster of  124 atoms around atom type   1
FMS for a cluster of  125 atoms around atom type   2
FMS for a cluster of  119 atoms around atom type   3
FMS for a cluster of  131 atoms around atom type   4
     point #  20  energy = -28.970
     point #  40  energy =  -8.917
     point #  60  energy =  -2.901
     point #  80  energy =  -4.413
     point # 100  energy =  -6.310
New Fermi level:    mu=  -6.394 eV  Charge distance=  0.1324 (partial c.d.=  1.4488)
negative density   1 -305.770 - usually harmless precision error, but check DOS if it persists
SCF ITERATION NUMBER  1
     point #   1  energy = -40.000
FMS for a cluster of  124 atoms around atom type   0
FMS for a cluster of  124 atoms around atom type   1
FMS for a cluster of  125 atoms around atom type   2
FMS for a cluster of  119 atoms around atom type   3
FMS for a cluster of  131 atoms around atom type   4
     point #  20  energy = -28.798
     point #  40  energy =  -8.431
     point #  60  energy =  -6.382
     point #  80  energy =  -5.757
New Fermi level:    mu=  -5.777 eV  Charge distance=  0.0904 (partial c.d.=  0.2201)
negative density   1 -451.154 - usually harmless precision error, but check DOS if it persists
negative density   1  -15.675 - usually harmless precision error, but check DOS if it persists
SCF ITERATION NUMBER  2
     point #   1  energy = -40.000
     point #  20  energy = -28.928
     point #  40  energy =  -8.797
     point #  60  energy =  -5.765
New Fermi level:    mu=  -5.753 eV  Charge distance=  0.3134 (partial c.d.=  0.0227)
negative density   1-1044.180 - usually harmless precision error, but check DOS if it persists
negative density   1 -199.047 - usually harmless precision error, but check DOS if it persists
SCF ITERATION NUMBER  3
     point #   1  energy = -40.000
     point #  20  energy = -28.920
     point #  40  energy =  -8.775
     point #  60  energy =  -5.765
New Fermi level:    mu=  -5.778 eV  Charge distance=  0.0136 (partial c.d.=  0.0597)
negative density   1-1080.799 - usually harmless precision error, but check DOS if it persists
negative density   1 -210.534 - usually harmless precision error, but check DOS if it persists
SCF ITERATION NUMBER  4
     point #   1  energy = -40.000
     point #  20  energy = -28.928
     point #  40  energy =  -8.798
     point #  60  energy =  -5.791
New Fermi level:    mu=  -5.840 eV  Charge distance=  0.0139 (partial c.d.=  0.0156)
negative density   1-1118.933 - usually harmless precision error, but check DOS if it persists
negative density   1 -222.695 - usually harmless precision error, but check DOS if it persists
SCF ITERATION NUMBER  5
     point #   1  energy = -40.000
     point #  20  energy = -28.948
     point #  40  energy =  -8.854
     point #  60  energy =  -5.852
New Fermi level:    mu=  -5.877 eV  Charge distance=  0.0036 (partial c.d.=  0.0127)
negative density   1-1125.859 - usually harmless precision error, but check DOS if it persists
negative density   1 -225.031 - usually harmless precision error, but check DOS if it persists
SCF ITERATION NUMBER  6
     point #   1  energy = -40.000
     point #  20  energy = -28.960
     point #  40  energy =  -8.888
     point #  60  energy =  -5.865
New Fermi level:    mu=  -5.871 eV  Charge distance=  0.0105 (partial c.d.=  0.0023)
negative density   1-1151.478 - usually harmless precision error, but check DOS if it persists
negative density   1 -233.541 - usually harmless precision error, but check DOS if it persists
SCF ITERATION NUMBER  7
     point #   1  energy = -40.000
     point #  20  energy = -28.958
     point #  40  energy =  -8.882
     point #  60  energy =  -5.859
New Fermi level:    mu=  -5.855 eV  Charge distance=  0.0007 (partial c.d.=  0.0024)
negative density   1-1156.265 - usually harmless precision error, but check DOS if it persists
negative density   1 -235.085 - usually harmless precision error, but check DOS if it persists
SCF ITERATION NUMBER  8
     point #   1  energy = -40.000
     point #  20  energy = -28.953
     point #  40  energy =  -8.868
     point #  60  energy =  -5.843
New Fermi level:    mu=  -5.854 eV  Charge distance=  0.0003 (partial c.d.=  0.0033)
negative density   1-1157.482 - usually harmless precision error, but check DOS if it persists
negative density   1 -235.458 - usually harmless precision error, but check DOS if it persists
SCF ITERATION NUMBER  9
     point #   1  energy = -40.000
     point #  20  energy = -28.953
     point #  40  energy =  -8.867
     point #  60  energy =  -5.866
New Fermi level:    mu=  -5.854 eV  Charge distance=  0.0001 (partial c.d.=  0.0010)
negative density   1-1159.648 - usually harmless precision error, but check DOS if it persists
negative density   1 -236.143 - usually harmless precision error, but check DOS if it persists
SCF ITERATION NUMBER 10
     point #   1  energy = -40.000
     point #  20  energy = -28.953
     point #  40  energy =  -8.867
     point #  60  energy =  -5.867
New Fermi level:    mu=  -5.855 eV  Charge distance=  0.0002 (partial c.d.=  0.0000)
Electronic configuration
  type     l     N_el
     0     0    0.557
     0     1    0.646
     0     2    9.641
     0     3    0.000
     1     0    0.280
     1     1    0.589
     1     2    0.000
     1     3    0.000
     2     0    0.535
     2     1    0.647
     2     2    9.646
     2     3    0.000
     3     0    1.211
     3     1    2.080
     3     2    1.047
     3     3    0.000
     4     0    1.839
     4     1    4.366
     4     2    0.085
     4     3    0.000
Charge transfer:  type  charge
       0   -0.156
       1   -0.131
       2   -0.173
       3   -0.662
       4    0.290
Convergence reached in   10 iterations.
Done with module: potentials.

Calculating screened core-hole potential ...
FMS for a cluster of   27 atoms around iph =   0
    0% of energy integration
   20%
   40%
   60%
   80%
  100%
Preparing response function.
Computing (1 - K Chi0)^-1 v_ch
Done with module: screened core-hole potential.

Calculating cross-section and phases ...
    absorption cross section
 x0,dx,rnrm,inrm,jnrm   8.80000000000000       5.000000000000000E-002
   2.67367548199999              196         197
    phase shifts for unique potential    0
    phase shifts for unique potential    1
    phase shifts for unique potential    2
    phase shifts for unique potential    3
    phase shifts for unique potential    4
Done with module: cross-section and phases (XSPH).

FMS calculation of full Green's function ...
FEFF-serial using 1 thread.
Using   194 energy points.
xprep done
FMS for a cluster of  273 atoms
Energy point    1/ 194
Energy point   10/ 194
Energy point   20/ 194
Energy point   30/ 194
Energy point   40/ 194
Energy point   50/ 194
Energy point   60/ 194
Energy point   70/ 194
Energy point   80/ 194
Energy point   90/ 194
Energy point  100/ 194
Energy point  110/ 194
Energy point  120/ 194
Energy point  130/ 194
Energy point  140/ 194
Energy point  150/ 194
Energy point  160/ 194
Energy point  170/ 194
Energy point  180/ 194
Energy point  190/ 194
Done with module: FMS.

MKGTR: Tracing over Green's function ...
Done with module: MKGTR.

Pathfinder: finding scattering paths...
Preparing plane wave scattering amplitudes
Searching for paths
Eliminating path degeneracies
0 paths retained.
Done with module: pathfinder.

Calculating EXAFS parameters ...
Done with module: EXAFS parameters (GENFMT).

Calculating XAS spectra ...
Done with module: XAS spectra (FF2X: DW + final sum over paths).

 
### feff ends at Mon Aug 14 13:08:26 EDT 2023
 
