### feff starts at Sun Aug 13 17:40:30 EDT 2023
### Serial version
### FeffPath is /sdcc/u/mcarbone/software/JFEFF/hsw/feff90/linux
 
Launching FEFF version FEFF 9.9.1
Resetting lmaxsc to 2 for iph =    1.  Use  UNFREEZE to prevent this.
Resetting lmaxsc to 2 for iph =    2.  Use  UNFREEZE to prevent this.
Core hole lifetime is   1.729 eV.
Your calculation:
 comment: None given
 Source:
 Structure Summary:  Ba10 Ho5 Cu15 O33
 Reduced formula:  Ba10Ho5(Cu5O11)3
 space group: (P-1), space number:  (2)
 abc:  5.506920  13.143817  13.955898
 angles:114.243346  99.683538  90.705933
 sites: 63
Cu K edge XANES using RPA corehole.
Using:     * Self-Consistent Field potentials
Using cards:   ATOMS CONTROL EXCHANGE TITLE RPATH POTENTIALS XANES EDGE SCF FMS S02 COREHOLE EGRID

Calculating atomic potentials ...
    overlapped atomic potential and density for unique potential    0
    overlapped atomic potential and density for unique potential    1
    overlapped atomic potential and density for unique potential    2
    overlapped atomic potential and density for unique potential    3
    overlapped atomic potential and density for unique potential    4
Done with module: atomic potentials.

Calculating SCF potentials ...
FEFF-serial using 1 thread.
Muffin tin radii and interstitial parameters [bohr]:
type, norman radius, muffin tin, overlap factor
    0  1.29664E+00  1.21658E+00  1.15000E+00
    1  2.00612E+00  1.95054E+00  1.07122E+00
    2  1.69528E+00  1.62477E+00  1.11266E+00
    3  1.29818E+00  1.21894E+00  1.15000E+00
    4  1.10382E+00  1.04977E+00  1.13654E+00
Core-valence separation energy:  ecv=   -41.500 eV
Initial Fermi level:              mu=    -1.754 eV
SCF ITERATION NUMBER  1
     point #   1  energy = -41.500
FMS for a cluster of  107 atoms around atom type   0
FMS for a cluster of   93 atoms around atom type   1
FMS for a cluster of   97 atoms around atom type   2
FMS for a cluster of  104 atoms around atom type   3
FMS for a cluster of  104 atoms around atom type   4
     point #  20  energy = -30.309
     point #  40  energy = -10.059
     point #  60  energy =  -5.616
     point #  80  energy =  -4.984
New Fermi level:    mu=  -4.963 eV  Charge distance=  0.7111 (partial c.d.=  6.4826)
SCF ITERATION NUMBER  1
     point #   1  energy = -41.500
FMS for a cluster of  107 atoms around atom type   0
FMS for a cluster of   93 atoms around atom type   1
FMS for a cluster of   97 atoms around atom type   2
FMS for a cluster of  104 atoms around atom type   3
FMS for a cluster of  104 atoms around atom type   4
     point #  20  energy = -30.336
     point #  40  energy = -10.038
     point #  60  energy =  -4.963
     point #  80  energy =  -6.788
     point # 100  energy = -10.332
     point # 120  energy = -10.935
New Fermi level:    mu= -10.943 eV  Charge distance=  0.2338 (partial c.d.=  3.7680)
SCF ITERATION NUMBER  1
     point #   1  energy = -41.500
FMS for a cluster of  107 atoms around atom type   0
FMS for a cluster of   93 atoms around atom type   1
FMS for a cluster of   97 atoms around atom type   2
FMS for a cluster of  104 atoms around atom type   3
FMS for a cluster of  104 atoms around atom type   4
     point #  20  energy = -30.296
     point #  40  energy = -10.943
     point #  60  energy = -10.852
     point #  80  energy =  -8.861
New Fermi level:    mu=  -9.057 eV  Charge distance=  0.1633 (partial c.d.=  0.3556)
SCF ITERATION NUMBER  2
     point #   1  energy = -41.500
     point #  20  energy = -30.348
     point #  40  energy = -10.071
     point #  60  energy =  -9.017
     point #  80  energy =  -7.973
New Fermi level:    mu=  -7.952 eV  Charge distance=  0.3841 (partial c.d.=  0.2249)
SCF ITERATION NUMBER  3
     point #   1  energy = -41.500
     point #  20  energy = -30.317
     point #  40  energy =  -9.986
     point #  60  energy =  -7.940
New Fermi level:    mu=  -7.643 eV  Charge distance=  0.0266 (partial c.d.=  0.2096)
SCF ITERATION NUMBER  4
     point #   1  energy = -41.500
     point #  20  energy = -30.214
     point #  40  energy =  -9.695
     point #  60  energy =  -7.656
New Fermi level:    mu=  -7.816 eV  Charge distance=  0.0348 (partial c.d.=  0.2363)
SCF ITERATION NUMBER  5
     point #   1  energy = -41.500
     point #  20  energy = -30.272
     point #  40  energy =  -9.858
     point #  60  energy =  -7.841
New Fermi level:    mu=  -7.882 eV  Charge distance=  0.0263 (partial c.d.=  0.2680)
SCF ITERATION NUMBER  6
     point #   1  energy = -41.500
     point #  20  energy = -30.294
     point #  40  energy =  -9.920
New Fermi level:    mu=  -7.888 eV  Charge distance=  0.0062 (partial c.d.=  0.2296)
SCF ITERATION NUMBER  7
     point #   1  energy = -41.500
     point #  20  energy = -30.296
     point #  40  energy =  -9.925
New Fermi level:    mu=  -7.895 eV  Charge distance=  0.0052 (partial c.d.=  0.0483)
SCF ITERATION NUMBER  8
     point #   1  energy = -41.500
     point #  20  energy = -30.298
     point #  40  energy =  -9.931
New Fermi level:    mu=  -7.892 eV  Charge distance=  0.0033 (partial c.d.=  0.0175)
SCF ITERATION NUMBER  9
     point #   1  energy = -41.500
     point #  20  energy = -30.297
     point #  40  energy =  -9.929
New Fermi level:    mu=  -7.891 eV  Charge distance=  0.0051 (partial c.d.=  0.0014)
SCF ITERATION NUMBER 10
     point #   1  energy = -41.500
     point #  20  energy = -30.297
     point #  40  energy =  -9.927
New Fermi level:    mu=  -7.886 eV  Charge distance=  0.0002 (partial c.d.=  0.0020)
SCF ITERATION NUMBER 11
     point #   1  energy = -41.500
     point #  20  energy = -30.295
     point #  40  energy =  -9.923
New Fermi level:    mu=  -7.886 eV  Charge distance=  0.0004 (partial c.d.=  0.0020)
SCF ITERATION NUMBER 12
     point #   1  energy = -41.500
     point #  20  energy = -30.295
     point #  40  energy =  -9.923
New Fermi level:    mu=  -7.886 eV  Charge distance=  0.0001 (partial c.d.=  0.0008)
SCF ITERATION NUMBER 13
     point #   1  energy = -41.500
     point #  20  energy = -30.295
     point #  40  energy =  -9.923
New Fermi level:    mu=  -7.886 eV  Charge distance=  0.0002 (partial c.d.=  0.0001)
Electronic configuration
  type     l     N_el
     0     0    0.503
     0     1    0.592
     0     2    9.512
     0     3    0.000
     1     0    2.252
     1     1    6.298
     1     2    1.039
     1     3    0.000
     2     0    0.386
     2     1    6.529
     2     2    1.395
     2     3    0.000
     3     0    0.501
     3     1    0.595
     3     2    9.516
     3     3    0.000
     4     0    1.853
     4     1    4.482
     4     2    0.071
     4     3    0.000
Charge transfer:  type  charge
       0   -0.394
       1   -0.410
       2   -0.689
       3   -0.389
       4    0.406
Convergence reached in   13 iterations.
Done with module: potentials.

Calculating screened core-hole potential ...
FMS for a cluster of   23 atoms around iph =   0
    0% of energy integration
   20%
   40%
   60%
   80%
  100%
Preparing response function.
Computing (1 - K Chi0)^-1 v_ch
Done with module: screened core-hole potential.

Calculating cross-section and phases ...
    absorption cross section
 x0,dx,rnrm,inrm,jnrm   8.80000000000000       5.000000000000000E-002
   2.45029648700002              194         195
    phase shifts for unique potential    0
    phase shifts for unique potential    1
    phase shifts for unique potential    2
    phase shifts for unique potential    3
    phase shifts for unique potential    4
Done with module: cross-section and phases (XSPH).

FMS calculation of full Green's function ...
FEFF-serial using 1 thread.
Using   194 energy points.
xprep done
FMS for a cluster of  215 atoms
Energy point    1/ 194
Energy point   10/ 194
Energy point   20/ 194
Energy point   30/ 194
Energy point   40/ 194
Energy point   50/ 194
Energy point   60/ 194
Energy point   70/ 194
Energy point   80/ 194
Energy point   90/ 194
Energy point  100/ 194
Energy point  110/ 194
Energy point  120/ 194
Energy point  130/ 194
Energy point  140/ 194
Energy point  150/ 194
Energy point  160/ 194
Energy point  170/ 194
Energy point  180/ 194
Energy point  190/ 194
Done with module: FMS.

MKGTR: Tracing over Green's function ...
Done with module: MKGTR.

Pathfinder: finding scattering paths...
Preparing plane wave scattering amplitudes
Searching for paths
Eliminating path degeneracies
0 paths retained.
Done with module: pathfinder.

Calculating EXAFS parameters ...
Done with module: EXAFS parameters (GENFMT).

Calculating XAS spectra ...
Done with module: XAS spectra (FF2X: DW + final sum over paths).

 
### feff ends at Sun Aug 13 19:02:06 EDT 2023
 
