### feff starts at Sun Aug 13 14:51:19 EDT 2023
### Serial version
### FeffPath is /sdcc/u/mcarbone/software/JFEFF/hsw/feff90/linux
 
Launching FEFF version FEFF 9.9.1
Resetting lmaxsc to 2 for iph =    1.  Use  UNFREEZE to prevent this.
Core hole lifetime is   1.729 eV.
Your calculation:
 comment: None given
 Source:
 Structure Summary:  Gd2 Cu2 Se2 O2
 Reduced formula:  GdCuSeO
 space group: (P4/nmm), space number:  (129)
 abc:  3.936065   3.936065   8.788661
 angles: 90.000000  90.000000  90.000000
 sites: 8
Cu K edge XANES using RPA corehole.
Using:     * Self-Consistent Field potentials
Using cards:   ATOMS CONTROL EXCHANGE TITLE RPATH POTENTIALS XANES EDGE SCF FMS S02 COREHOLE EGRID

Calculating atomic potentials ...
    overlapped atomic potential and density for unique potential    0
    overlapped atomic potential and density for unique potential    1
    overlapped atomic potential and density for unique potential    2
    overlapped atomic potential and density for unique potential    3
    overlapped atomic potential and density for unique potential    4
Done with module: atomic potentials.

Calculating SCF potentials ...
FEFF-serial using 1 thread.
Muffin tin radii and interstitial parameters [bohr]:
type, norman radius, muffin tin, overlap factor
    0  1.41695E+00  1.34939E+00  1.13229E+00
    1  1.72073E+00  1.60649E+00  1.15000E+00
    2  1.41696E+00  1.34939E+00  1.13229E+00
    3  1.58740E+00  1.51256E+00  1.13051E+00
    4  1.10768E+00  1.02942E+00  1.15000E+00
Core-valence separation energy:  ecv=   -40.000 eV
Initial Fermi level:              mu=    -1.618 eV
SCF ITERATION NUMBER  1
     point #   1  energy = -40.000
FMS for a cluster of   75 atoms around atom type   0
FMS for a cluster of   72 atoms around atom type   1
FMS for a cluster of   75 atoms around atom type   2
FMS for a cluster of   84 atoms around atom type   3
FMS for a cluster of   63 atoms around atom type   4
     point #  20  energy = -28.882
     point #  40  energy =  -8.632
     point #  60  energy =  -4.695
New Fermi level:    mu=  -4.428 eV  Charge distance=  0.7375 (partial c.d.=  6.5404)
SCF ITERATION NUMBER  1
     point #   1  energy = -40.000
FMS for a cluster of   75 atoms around atom type   0
FMS for a cluster of   72 atoms around atom type   1
FMS for a cluster of   75 atoms around atom type   2
FMS for a cluster of   84 atoms around atom type   3
FMS for a cluster of   63 atoms around atom type   4
     point #  20  energy = -28.820
     point #  40  energy =  -8.494
     point #  60  energy =  -4.428
     point #  80  energy =  -6.566
     point # 100  energy =  -8.188
     point # 120  energy =  -7.572
New Fermi level:    mu=  -7.419 eV  Charge distance=  0.2544 (partial c.d.=  4.1888)
SCF ITERATION NUMBER  1
     point #   1  energy = -40.000
FMS for a cluster of   75 atoms around atom type   0
FMS for a cluster of   72 atoms around atom type   1
FMS for a cluster of   75 atoms around atom type   2
FMS for a cluster of   84 atoms around atom type   3
FMS for a cluster of   63 atoms around atom type   4
     point #  20  energy = -28.800
     point #  40  energy =  -8.437
     point #  60  energy =  -7.378
     point #  80  energy =  -6.938
New Fermi level:    mu=  -6.888 eV  Charge distance=  0.1473 (partial c.d.=  0.2235)
SCF ITERATION NUMBER  2
     point #   1  energy = -40.000
     point #  20  energy = -28.963
     point #  40  energy =  -8.895
     point #  60  energy =  -6.875
New Fermi level:    mu=  -6.554 eV  Charge distance=  0.2371 (partial c.d.=  0.2472)
SCF ITERATION NUMBER  3
     point #   1  energy = -40.000
     point #  20  energy = -28.851
     point #  40  energy =  -8.581
     point #  60  energy =  -6.529
New Fermi level:    mu=  -6.524 eV  Charge distance=  0.1066 (partial c.d.=  0.1359)
SCF ITERATION NUMBER  4
     point #   1  energy = -40.000
     point #  20  energy = -28.841
     point #  40  energy =  -8.552
     point #  60  energy =  -6.549
New Fermi level:    mu=  -6.665 eV  Charge distance=  0.0146 (partial c.d.=  0.0819)
SCF ITERATION NUMBER  5
     point #   1  energy = -40.000
     point #  20  energy = -28.888
     point #  40  energy =  -8.685
     point #  60  energy =  -6.640
New Fermi level:    mu=  -6.627 eV  Charge distance=  0.0159 (partial c.d.=  0.0341)
SCF ITERATION NUMBER  6
     point #   1  energy = -40.000
     point #  20  energy = -28.876
     point #  40  energy =  -8.650
New Fermi level:    mu=  -6.627 eV  Charge distance=  0.0072 (partial c.d.=  0.0149)
SCF ITERATION NUMBER  7
     point #   1  energy = -40.000
     point #  20  energy = -28.876
     point #  40  energy =  -8.650
New Fermi level:    mu=  -6.620 eV  Charge distance=  0.0100 (partial c.d.=  0.0070)
SCF ITERATION NUMBER  8
     point #   1  energy = -40.000
     point #  20  energy = -28.873
     point #  40  energy =  -8.643
New Fermi level:    mu=  -6.609 eV  Charge distance=  0.0012 (partial c.d.=  0.0081)
SCF ITERATION NUMBER  9
     point #   1  energy = -40.000
     point #  20  energy = -28.870
     point #  40  energy =  -8.632
New Fermi level:    mu=  -6.607 eV  Charge distance=  0.0011 (partial c.d.=  0.0007)
SCF ITERATION NUMBER 10
     point #   1  energy = -40.000
     point #  20  energy = -28.869
     point #  40  energy =  -8.631
New Fermi level:    mu=  -6.606 eV  Charge distance=  0.0001 (partial c.d.=  0.0010)
SCF ITERATION NUMBER 11
     point #   1  energy = -40.000
     point #  20  energy = -28.869
     point #  40  energy =  -8.630
New Fermi level:    mu=  -6.607 eV  Charge distance=  0.0001 (partial c.d.=  0.0001)
Electronic configuration
  type     l     N_el
     0     0    0.562
     0     1    0.634
     0     2    9.594
     0     3    0.000
     1     0    0.393
     1     1    6.489
     1     2    1.691
     1     3    0.000
     2     0    0.562
     2     1    0.634
     2     2    9.594
     2     3    0.000
     3     0    1.894
     3     1    3.882
     3     2    0.306
     3     3    0.000
     4     0    1.859
     4     1    4.642
     4     2    0.054
     4     3    0.000
Charge transfer:  type  charge
       0   -0.210
       1   -0.427
       2   -0.210
       3    0.083
       4    0.555
Convergence reached in   11 iterations.
Done with module: potentials.

Calculating screened core-hole potential ...
FMS for a cluster of   17 atoms around iph =   0
    0% of energy integration
   20%
   40%
   60%
   80%
  100%
Preparing response function.
Computing (1 - K Chi0)^-1 v_ch
Done with module: screened core-hole potential.

Calculating cross-section and phases ...
    absorption cross section
 x0,dx,rnrm,inrm,jnrm   8.80000000000000       5.000000000000000E-002
   2.67765420899989              196         197
    phase shifts for unique potential    0
    phase shifts for unique potential    1
    phase shifts for unique potential    2
    phase shifts for unique potential    3
    phase shifts for unique potential    4
Done with module: cross-section and phases (XSPH).

FMS calculation of full Green's function ...
FEFF-serial using 1 thread.
Using   194 energy points.
xprep done
FMS for a cluster of  173 atoms
Energy point    1/ 194
Energy point   10/ 194
Energy point   20/ 194
Energy point   30/ 194
Energy point   40/ 194
Energy point   50/ 194
Energy point   60/ 194
Energy point   70/ 194
Energy point   80/ 194
Energy point   90/ 194
Energy point  100/ 194
Energy point  110/ 194
Energy point  120/ 194
Energy point  130/ 194
Energy point  140/ 194
Energy point  150/ 194
Energy point  160/ 194
Energy point  170/ 194
Energy point  180/ 194
Energy point  190/ 194
Done with module: FMS.

MKGTR: Tracing over Green's function ...
Done with module: MKGTR.

Pathfinder: finding scattering paths...
Preparing plane wave scattering amplitudes
Searching for paths
Eliminating path degeneracies
0 paths retained.
Done with module: pathfinder.

Calculating EXAFS parameters ...
Done with module: EXAFS parameters (GENFMT).

Calculating XAS spectra ...
Done with module: XAS spectra (FF2X: DW + final sum over paths).

 
### feff ends at Sun Aug 13 15:26:59 EDT 2023
 
