### feff starts at Sun Aug 13 09:26:11 EDT 2023
### Serial version
### FeffPath is /sdcc/u/mcarbone/software/JFEFF/hsw/feff90/linux
 
Launching FEFF version FEFF 9.9.1
Resetting lmaxsc to 2 for iph =    1.  Use  UNFREEZE to prevent this.
Core hole lifetime is   1.729 eV.
Your calculation:
 comment: None given
 Source:
 Structure Summary:  La2 Cu2 Se2 O2
 Reduced formula:  LaCuSeO
 space group: (P4/nmm), space number:  (129)
 abc:  4.069512   4.069512   8.824540
 angles: 90.000000  90.000000  90.000000
 sites: 8
Cu K edge XANES using RPA corehole.
Using:     * Self-Consistent Field potentials
Using cards:   ATOMS CONTROL EXCHANGE TITLE RPATH POTENTIALS XANES EDGE SCF FMS S02 COREHOLE EGRID

Calculating atomic potentials ...
    overlapped atomic potential and density for unique potential    0
    overlapped atomic potential and density for unique potential    1
    overlapped atomic potential and density for unique potential    2
    overlapped atomic potential and density for unique potential    3
    overlapped atomic potential and density for unique potential    4
Done with module: atomic potentials.

Calculating SCF potentials ...
FEFF-serial using 1 thread.
Muffin tin radii and interstitial parameters [bohr]:
type, norman radius, muffin tin, overlap factor
    0  1.41869E+00  1.35049E+00  1.13358E+00
    1  1.81947E+00  1.70512E+00  1.15000E+00
    2  1.41869E+00  1.35049E+00  1.13358E+00
    3  1.58678E+00  1.51223E+00  1.12999E+00
    4  1.11509E+00  1.04026E+00  1.15000E+00
Core-valence separation energy:  ecv=   -46.500 eV
Initial Fermi level:              mu=    -2.233 eV
SCF ITERATION NUMBER  1
     point #   1  energy = -46.500
FMS for a cluster of   75 atoms around atom type   0
FMS for a cluster of   74 atoms around atom type   1
FMS for a cluster of   73 atoms around atom type   2
FMS for a cluster of   74 atoms around atom type   3
FMS for a cluster of   63 atoms around atom type   4
     point #  20  energy = -35.414
     point #  40  energy = -15.164
     point #  60  energy =  -5.536
     point #  80  energy =  -4.798
New Fermi level:    mu=  -4.740 eV  Charge distance=  0.9348 (partial c.d.=  6.4836)
SCF ITERATION NUMBER  1
     point #   1  energy = -46.500
FMS for a cluster of   75 atoms around atom type   0
FMS for a cluster of   74 atoms around atom type   1
FMS for a cluster of   73 atoms around atom type   2
FMS for a cluster of   74 atoms around atom type   3
FMS for a cluster of   63 atoms around atom type   4
     point #  20  energy = -35.296
     point #  40  energy = -14.925
     point #  60  energy =  -4.740
     point #  80  energy =  -5.374
     point # 100  energy =  -8.984
     point # 120  energy =  -8.181
New Fermi level:    mu=  -7.991 eV  Charge distance=  0.3262 (partial c.d.=  5.1586)
SCF ITERATION NUMBER  1
     point #   1  energy = -46.500
FMS for a cluster of   75 atoms around atom type   0
FMS for a cluster of   74 atoms around atom type   1
FMS for a cluster of   73 atoms around atom type   2
FMS for a cluster of   74 atoms around atom type   3
FMS for a cluster of   63 atoms around atom type   4
     point #  20  energy = -35.353
     point #  40  energy = -15.085
     point #  60  energy =  -7.991
     point #  80  energy =  -7.600
New Fermi level:    mu=  -7.482 eV  Charge distance=  0.1803 (partial c.d.=  0.2735)
SCF ITERATION NUMBER  2
     point #   1  energy = -46.500
     point #  20  energy = -35.495
     point #  40  energy = -15.486
     point #  60  energy =  -7.482
     point #  80  energy =  -7.166
New Fermi level:    mu=  -7.111 eV  Charge distance=  0.2851 (partial c.d.=  0.2825)
SCF ITERATION NUMBER  3
     point #   1  energy = -46.500
     point #  20  energy = -35.390
     point #  40  energy = -15.191
     point #  60  energy =  -7.111
New Fermi level:    mu=  -6.913 eV  Charge distance=  0.0706 (partial c.d.=  0.2811)
SCF ITERATION NUMBER  4
     point #   1  energy = -46.500
     point #  20  energy = -35.334
     point #  40  energy = -15.033
     point #  60  energy =  -6.913
     point #  80  energy =  -7.426
New Fermi level:    mu=  -7.222 eV  Charge distance=  0.0822 (partial c.d.=  0.2924)
SCF ITERATION NUMBER  5
     point #   1  energy = -46.500
     point #  20  energy = -35.422
     point #  40  energy = -15.279
     point #  60  energy =  -7.222
New Fermi level:    mu=  -7.112 eV  Charge distance=  0.0343 (partial c.d.=  0.1337)
SCF ITERATION NUMBER  6
     point #   1  energy = -46.500
     point #  20  energy = -35.390
     point #  40  energy = -15.191
     point #  60  energy =  -7.112
New Fermi level:    mu=  -7.125 eV  Charge distance=  0.0072 (partial c.d.=  0.0329)
SCF ITERATION NUMBER  7
     point #   1  energy = -46.500
     point #  20  energy = -35.394
     point #  40  energy = -15.202
     point #  60  energy =  -7.125
New Fermi level:    mu=  -7.116 eV  Charge distance=  0.0133 (partial c.d.=  0.0064)
SCF ITERATION NUMBER  8
     point #   1  energy = -46.500
     point #  20  energy = -35.392
     point #  40  energy = -15.195
     point #  60  energy =  -7.116
New Fermi level:    mu=  -7.103 eV  Charge distance=  0.0015 (partial c.d.=  0.0110)
SCF ITERATION NUMBER  9
     point #   1  energy = -46.500
     point #  20  energy = -35.388
     point #  40  energy = -15.184
     point #  60  energy =  -7.103
New Fermi level:    mu=  -7.101 eV  Charge distance=  0.0008 (partial c.d.=  0.0007)
SCF ITERATION NUMBER 10
     point #   1  energy = -46.500
     point #  20  energy = -35.387
     point #  40  energy = -15.183
     point #  60  energy =  -7.101
New Fermi level:    mu=  -7.101 eV  Charge distance=  0.0002 (partial c.d.=  0.0011)
SCF ITERATION NUMBER 11
     point #   1  energy = -46.500
     point #  20  energy = -35.387
     point #  40  energy = -15.183
     point #  60  energy =  -7.101
New Fermi level:    mu=  -7.101 eV  Charge distance=  0.0000 (partial c.d.=  0.0003)
SCF ITERATION NUMBER 12
     point #   1  energy = -46.500
     point #  20  energy = -35.388
     point #  40  energy = -15.183
     point #  60  energy =  -7.101
New Fermi level:    mu=  -7.101 eV  Charge distance=  0.0001 (partial c.d.=  0.0001)
Electronic configuration
  type     l     N_el
     0     0    0.564
     0     1    0.621
     0     2    9.570
     0     3    0.000
     1     0    2.328
     1     1    6.396
     1     2    1.871
     1     3    0.000
     2     0    0.563
     2     1    0.621
     2     2    9.571
     2     3    0.000
     3     0    1.889
     3     1    3.851
     3     2    0.300
     3     3    0.000
     4     0    1.875
     4     1    4.672
     4     2    0.064
     4     3    0.000
Charge transfer:  type  charge
       0   -0.245
       1   -0.406
       2   -0.245
       3    0.041
       4    0.611
Convergence reached in   12 iterations.
Done with module: potentials.

Calculating screened core-hole potential ...
FMS for a cluster of   13 atoms around iph =   0
    0% of energy integration
   20%
   40%
   60%
   80%
  100%
Preparing response function.
Computing (1 - K Chi0)^-1 v_ch
Done with module: screened core-hole potential.

Calculating cross-section and phases ...
    absorption cross section
 x0,dx,rnrm,inrm,jnrm   8.80000000000000       5.000000000000000E-002
   2.68093899699998              196         197
    phase shifts for unique potential    0
    phase shifts for unique potential    1
    phase shifts for unique potential    2
    phase shifts for unique potential    3
    phase shifts for unique potential    4
Done with module: cross-section and phases (XSPH).

FMS calculation of full Green's function ...
FEFF-serial using 1 thread.
Using   194 energy points.
xprep done
FMS for a cluster of  165 atoms
Energy point    1/ 194
Energy point   10/ 194
Energy point   20/ 194
Energy point   30/ 194
Energy point   40/ 194
Energy point   50/ 194
Energy point   60/ 194
Energy point   70/ 194
Energy point   80/ 194
Energy point   90/ 194
Energy point  100/ 194
Energy point  110/ 194
Energy point  120/ 194
Energy point  130/ 194
Energy point  140/ 194
Energy point  150/ 194
Energy point  160/ 194
Energy point  170/ 194
Energy point  180/ 194
Energy point  190/ 194
Done with module: FMS.

MKGTR: Tracing over Green's function ...
Done with module: MKGTR.

Pathfinder: finding scattering paths...
Preparing plane wave scattering amplitudes
Searching for paths
Eliminating path degeneracies
0 paths retained.
Done with module: pathfinder.

Calculating EXAFS parameters ...
Done with module: EXAFS parameters (GENFMT).

Calculating XAS spectra ...
Done with module: XAS spectra (FF2X: DW + final sum over paths).

 
### feff ends at Sun Aug 13 10:00:51 EDT 2023
 
