### feff starts at Mon Aug 14 06:40:38 EDT 2023
### Serial version
### FeffPath is /sdcc/u/mcarbone/software/JFEFF/hsw/feff90/linux
 
Launching FEFF version FEFF 9.9.1
Core hole lifetime is   1.729 eV.
Your calculation:
 comment: None given
 Source:
 Structure Summary:  Cu4 Sn4 O24
 Reduced formula:  CuSnO6
 space group: (P1), space number:  (1)
 abc:  8.238152   8.110377   6.400892
 angles: 89.988887  89.917071  90.440833
 sites: 32
Cu K edge XANES using RPA corehole.
Using:     * Self-Consistent Field potentials
Using cards:   ATOMS CONTROL EXCHANGE TITLE RPATH POTENTIALS XANES EDGE SCF FMS S02 COREHOLE EGRID

Calculating atomic potentials ...
    overlapped atomic potential and density for unique potential    0
    overlapped atomic potential and density for unique potential    1
    overlapped atomic potential and density for unique potential    2
    overlapped atomic potential and density for unique potential    3
Done with module: atomic potentials.

Calculating SCF potentials ...
FEFF-serial using 1 thread.
Muffin tin radii and interstitial parameters [bohr]:
type, norman radius, muffin tin, overlap factor
    0  1.30332E+00  1.16962E+00  1.15000E+00
    1  1.30528E+00  1.17177E+00  1.15000E+00
    2  1.53084E+00  1.38085E+00  1.15000E+00
    3  1.11005E+00  9.47827E-01  1.15000E+00
Core-valence separation energy:  ecv=   -40.000 eV
Initial Fermi level:              mu=     3.291 eV
SCF ITERATION NUMBER  1
     point #   1  energy = -40.000
FMS for a cluster of  108 atoms around atom type   0
FMS for a cluster of   81 atoms around atom type   1
FMS for a cluster of  103 atoms around atom type   2
FMS for a cluster of  109 atoms around atom type   3
     point #  20  energy = -28.908
     point #  40  energy =  -8.658
     point #  60  energy =  -5.021
     point #  80  energy =  -3.958
New Fermi level:    mu=  -3.972 eV  Charge distance=  1.1574 (partial c.d.= 10.6505)
SCF ITERATION NUMBER  1
     point #   1  energy = -40.000
FMS for a cluster of  108 atoms around atom type   0
FMS for a cluster of   81 atoms around atom type   1
FMS for a cluster of  103 atoms around atom type   2
FMS for a cluster of  109 atoms around atom type   3
     point #  20  energy = -28.992
     point #  40  energy =  -8.976
     point #  60  energy =  -3.972
     point #  80  energy =  -5.551
     point # 100  energy =  -8.488
     point # 120  energy =  -8.888
New Fermi level:    mu=  -8.939 eV  Charge distance=  0.3588 (partial c.d.=  6.0068)
SCF ITERATION NUMBER  1
     point #   1  energy = -40.000
FMS for a cluster of  108 atoms around atom type   0
FMS for a cluster of   81 atoms around atom type   1
FMS for a cluster of  103 atoms around atom type   2
FMS for a cluster of  109 atoms around atom type   3
     point #  20  energy = -28.978
     point #  40  energy =  -8.939
     point #  60  energy =  -8.895
     point #  80  energy =  -9.132
New Fermi level:    mu=  -9.163 eV  Charge distance=  0.1705 (partial c.d.=  0.3608)
SCF ITERATION NUMBER  2
     point #   1  energy = -40.000
     point #  20  energy = -28.693
     point #  40  energy =  -9.163
     point #  60  energy =  -9.072
     point #  80  energy =  -8.050
New Fermi level:    mu=  -8.281 eV  Charge distance=  0.1825 (partial c.d.=  0.9587)
SCF ITERATION NUMBER  3
     point #   1  energy = -40.000
     point #  20  energy = -28.745
     point #  40  energy =  -8.281
     point #  60  energy =  -8.322
     point #  80  energy =  -8.850
New Fermi level:    mu=  -8.973 eV  Charge distance=  0.2277 (partial c.d.=  0.9180)
SCF ITERATION NUMBER  4
     point #   1  energy = -40.000
     point #  20  energy = -28.990
     point #  40  energy =  -8.973
     point #  60  energy =  -8.932
     point #  80  energy =  -8.486
New Fermi level:    mu=  -8.656 eV  Charge distance=  0.0388 (partial c.d.=  0.4199)
SCF ITERATION NUMBER  5
     point #   1  energy = -40.000
     point #  20  energy = -28.878
     point #  40  energy =  -8.656
     point #  60  energy =  -8.606
New Fermi level:    mu=  -8.539 eV  Charge distance=  0.0160 (partial c.d.=  0.2512)
SCF ITERATION NUMBER  6
     point #   1  energy = -40.000
     point #  20  energy = -28.837
     point #  40  energy =  -8.539
     point #  60  energy =  -8.589
New Fermi level:    mu=  -8.623 eV  Charge distance=  0.0116 (partial c.d.=  0.1102)
SCF ITERATION NUMBER  7
     point #   1  energy = -40.000
     point #  20  energy = -28.866
     point #  40  energy =  -8.623
New Fermi level:    mu=  -8.638 eV  Charge distance=  0.0107 (partial c.d.=  0.0355)
SCF ITERATION NUMBER  8
     point #   1  energy = -40.000
     point #  20  energy = -28.872
     point #  40  energy =  -8.638
New Fermi level:    mu=  -8.635 eV  Charge distance=  0.0077 (partial c.d.=  0.0413)
SCF ITERATION NUMBER  9
     point #   1  energy = -40.000
     point #  20  energy = -28.871
     point #  40  energy =  -8.635
New Fermi level:    mu=  -8.643 eV  Charge distance=  0.0045 (partial c.d.=  0.0214)
SCF ITERATION NUMBER 10
     point #   1  energy = -40.000
     point #  20  energy = -28.873
     point #  40  energy =  -8.643
New Fermi level:    mu=  -8.634 eV  Charge distance=  0.0013 (partial c.d.=  0.0036)
SCF ITERATION NUMBER 11
     point #   1  energy = -40.000
     point #  20  energy = -28.870
     point #  40  energy =  -8.634
New Fermi level:    mu=  -8.627 eV  Charge distance=  0.0003 (partial c.d.=  0.0078)
SCF ITERATION NUMBER 12
     point #   1  energy = -40.000
     point #  20  energy = -28.868
     point #  40  energy =  -8.627
New Fermi level:    mu=  -8.626 eV  Charge distance=  0.0001 (partial c.d.=  0.0009)
SCF ITERATION NUMBER 13
     point #   1  energy = -40.000
     point #  20  energy = -28.867
     point #  40  energy =  -8.626
New Fermi level:    mu=  -8.626 eV  Charge distance=  0.0001 (partial c.d.=  0.0001)
Electronic configuration
  type     l     N_el
     0     0    0.497
     0     1    0.624
     0     2    9.237
     0     3    0.000
     1     0    0.497
     1     1    0.620
     1     2    9.234
     1     3    0.000
     2     0    1.198
     2     1    1.397
     2     2   10.537
     2     3    0.000
     3     0    1.863
     3     1    4.319
     3     2    0.071
     3     3    0.000
Charge transfer:  type  charge
       0   -0.642
       1   -0.650
       2   -0.868
       3    0.253
Convergence reached in   13 iterations.
Done with module: potentials.

Calculating screened core-hole potential ...
FMS for a cluster of   17 atoms around iph =   0
    0% of energy integration
   20%
   40%
   60%
   80%
  100%
Preparing response function.
Computing (1 - K Chi0)^-1 v_ch
Done with module: screened core-hole potential.

Calculating cross-section and phases ...
    absorption cross section
 x0,dx,rnrm,inrm,jnrm   8.80000000000000       5.000000000000000E-002
   2.46292563099991              195         196
    phase shifts for unique potential    0
    phase shifts for unique potential    1
    phase shifts for unique potential    2
    phase shifts for unique potential    3
Done with module: cross-section and phases (XSPH).

FMS calculation of full Green's function ...
FEFF-serial using 1 thread.
Using   194 energy points.
xprep done
FMS for a cluster of  231 atoms
Energy point    1/ 194
Energy point   10/ 194
Energy point   20/ 194
Energy point   30/ 194
Energy point   40/ 194
Energy point   50/ 194
Energy point   60/ 194
Energy point   70/ 194
Energy point   80/ 194
Energy point   90/ 194
Energy point  100/ 194
Energy point  110/ 194
Energy point  120/ 194
Energy point  130/ 194
Energy point  140/ 194
Energy point  150/ 194
Energy point  160/ 194
Energy point  170/ 194
Energy point  180/ 194
Energy point  190/ 194
Done with module: FMS.

MKGTR: Tracing over Green's function ...
Done with module: MKGTR.

Pathfinder: finding scattering paths...
Preparing plane wave scattering amplitudes
Searching for paths
Eliminating path degeneracies
0 paths retained.
Done with module: pathfinder.

Calculating EXAFS parameters ...
Done with module: EXAFS parameters (GENFMT).

Calculating XAS spectra ...
Done with module: XAS spectra (FF2X: DW + final sum over paths).

 
### feff ends at Mon Aug 14 08:01:39 EDT 2023
 
