### feff starts at Mon Aug 14 06:00:29 EDT 2023
### Serial version
### FeffPath is /sdcc/u/mcarbone/software/JFEFF/hsw/feff90/linux
 
Launching FEFF version FEFF 9.9.1
Core hole lifetime is   1.729 eV.
Your calculation:
 comment: None given
 Source:
 Structure Summary:  Cu5 Si4 O14
 Reduced formula:  Cu5(Si2O7)2
 space group: (P-1), space number:  (2)
 abc:  5.718090   7.644700   7.726800
 angles:114.396298  88.195739 109.708773
 sites: 23
Cu K edge XANES using RPA corehole.
Using:     * Self-Consistent Field potentials
Using cards:   ATOMS CONTROL EXCHANGE TITLE RPATH POTENTIALS XANES EDGE SCF FMS S02 COREHOLE EGRID

Calculating atomic potentials ...
    overlapped atomic potential and density for unique potential    0
    overlapped atomic potential and density for unique potential    1
    overlapped atomic potential and density for unique potential    2
    overlapped atomic potential and density for unique potential    3
Done with module: atomic potentials.

Calculating SCF potentials ...
FEFF-serial using 1 thread.
Muffin tin radii and interstitial parameters [bohr]:
type, norman radius, muffin tin, overlap factor
    0  1.32823E+00  1.23691E+00  1.15000E+00
    1  1.29566E+00  1.19401E+00  1.15000E+00
    2  1.22199E+00  1.00882E+00  1.15000E+00
    3  1.07291E+00  9.53163E-01  1.15000E+00
Core-valence separation energy:  ecv=   -40.000 eV
Initial Fermi level:              mu=     4.303 eV
SCF ITERATION NUMBER  1
     point #   1  energy = -40.000
FMS for a cluster of  123 atoms around atom type   0
FMS for a cluster of  107 atoms around atom type   1
FMS for a cluster of  116 atoms around atom type   2
FMS for a cluster of  115 atoms around atom type   3
     point #  20  energy = -28.907
     point #  40  energy =  -8.657
     point #  60  energy =  -2.876
     point #  80  energy =  -2.761
New Fermi level:    mu=  -2.750 eV  Charge distance=  0.5087 (partial c.d.=  7.6697)
SCF ITERATION NUMBER  1
     point #   1  energy = -40.000
FMS for a cluster of  123 atoms around atom type   0
FMS for a cluster of  107 atoms around atom type   1
FMS for a cluster of  116 atoms around atom type   2
FMS for a cluster of  115 atoms around atom type   3
     point #  20  energy = -28.926
     point #  40  energy =  -8.791
     point #  60  energy =  -2.750
     point #  80  energy =  -3.950
     point # 100  energy =  -8.122
     point # 120  energy =  -8.582
     point # 140  energy =  -8.832
New Fermi level:    mu=  -8.897 eV  Charge distance=  0.1374 (partial c.d.=  2.8202)
SCF ITERATION NUMBER  1
     point #   1  energy = -40.000
FMS for a cluster of  123 atoms around atom type   0
FMS for a cluster of  107 atoms around atom type   1
FMS for a cluster of  116 atoms around atom type   2
FMS for a cluster of  115 atoms around atom type   3
     point #  20  energy = -28.963
     point #  40  energy =  -8.897
     point #  60  energy =  -8.857
     point #  80  energy =  -6.891
New Fermi level:    mu=  -7.294 eV  Charge distance=  0.0793 (partial c.d.=  0.6544)
SCF ITERATION NUMBER  2
     point #   1  energy = -40.000
     point #  20  energy = -28.757
     point #  40  energy =  -8.316
     point #  60  energy =  -7.332
New Fermi level:    mu=  -7.384 eV  Charge distance=  0.2619 (partial c.d.=  0.0887)
SCF ITERATION NUMBER  3
     point #   1  energy = -40.000
     point #  20  energy = -28.788
     point #  40  energy =  -8.403
     point #  60  energy =  -7.343
     point #  80  energy =  -6.797
New Fermi level:    mu=  -6.857 eV  Charge distance=  0.0407 (partial c.d.=  0.2218)
SCF ITERATION NUMBER  4
     point #   1  energy = -40.000
     point #  20  energy = -28.952
     point #  40  energy =  -8.865
     point #  60  energy =  -6.869
     point #  80  energy =  -7.407
New Fermi level:    mu=  -7.404 eV  Charge distance=  0.0303 (partial c.d.=  0.3343)
SCF ITERATION NUMBER  5
     point #   1  energy = -40.000
     point #  20  energy = -28.795
     point #  40  energy =  -8.422
     point #  60  energy =  -7.366
New Fermi level:    mu=  -7.345 eV  Charge distance=  0.0256 (partial c.d.=  0.4755)
SCF ITERATION NUMBER  6
     point #   1  energy = -40.000
     point #  20  energy = -28.775
     point #  40  energy =  -8.366
New Fermi level:    mu=  -7.334 eV  Charge distance=  0.0034 (partial c.d.=  0.1991)
SCF ITERATION NUMBER  7
     point #   1  energy = -40.000
     point #  20  energy = -28.771
     point #  40  energy =  -8.355
New Fermi level:    mu=  -7.355 eV  Charge distance=  0.0043 (partial c.d.=  0.0050)
SCF ITERATION NUMBER  8
     point #   1  energy = -40.000
     point #  20  energy = -28.778
     point #  40  energy =  -8.375
New Fermi level:    mu=  -7.372 eV  Charge distance=  0.0010 (partial c.d.=  0.0068)
SCF ITERATION NUMBER  9
     point #   1  energy = -40.000
     point #  20  energy = -28.784
     point #  40  energy =  -8.392
New Fermi level:    mu=  -7.368 eV  Charge distance=  0.0021 (partial c.d.=  0.0006)
SCF ITERATION NUMBER 10
     point #   1  energy = -40.000
     point #  20  energy = -28.783
     point #  40  energy =  -8.388
New Fermi level:    mu=  -7.357 eV  Charge distance=  0.0003 (partial c.d.=  0.0108)
SCF ITERATION NUMBER 11
     point #   1  energy = -40.000
     point #  20  energy = -28.779
     point #  40  energy =  -8.377
New Fermi level:    mu=  -7.358 eV  Charge distance=  0.0001 (partial c.d.=  0.0005)
SCF ITERATION NUMBER 12
     point #   1  energy = -40.000
     point #  20  energy = -28.779
     point #  40  energy =  -8.378
New Fermi level:    mu=  -7.358 eV  Charge distance=  0.0000 (partial c.d.=  0.0002)
SCF ITERATION NUMBER 13
     point #   1  energy = -40.000
     point #  20  energy = -28.779
     point #  40  energy =  -8.379
New Fermi level:    mu=  -7.359 eV  Charge distance=  0.0001 (partial c.d.=  0.0000)
Electronic configuration
  type     l     N_el
     0     0    0.514
     0     1    0.669
     0     2    9.462
     0     3    0.000
     1     0    0.508
     1     1    0.628
     1     2    9.426
     1     3    0.000
     2     0    0.973
     2     1    1.601
     2     2    0.899
     2     3    0.000
     3     0    1.850
     3     1    4.384
     3     2    0.074
     3     3    0.000
Charge transfer:  type  charge
       0   -0.355
       1   -0.438
       2   -0.526
       3    0.307
Convergence reached in   13 iterations.
Done with module: potentials.

Calculating screened core-hole potential ...
FMS for a cluster of   19 atoms around iph =   0
    0% of energy integration
   20%
   40%
   60%
   80%
  100%
Preparing response function.
Computing (1 - K Chi0)^-1 v_ch
Done with module: screened core-hole potential.

Calculating cross-section and phases ...
    absorption cross section
 x0,dx,rnrm,inrm,jnrm   8.80000000000000       5.000000000000000E-002
   2.50999557400017              195         196
    phase shifts for unique potential    0
    phase shifts for unique potential    1
    phase shifts for unique potential    2
    phase shifts for unique potential    3
Done with module: cross-section and phases (XSPH).

FMS calculation of full Green's function ...
FEFF-serial using 1 thread.
Using   194 energy points.
xprep done
FMS for a cluster of  239 atoms
Energy point    1/ 194
Energy point   10/ 194
Energy point   20/ 194
Energy point   30/ 194
Energy point   40/ 194
Energy point   50/ 194
Energy point   60/ 194
Energy point   70/ 194
Energy point   80/ 194
Energy point   90/ 194
Energy point  100/ 194
Energy point  110/ 194
Energy point  120/ 194
Energy point  130/ 194
Energy point  140/ 194
Energy point  150/ 194
Energy point  160/ 194
Energy point  170/ 194
Energy point  180/ 194
Energy point  190/ 194
Done with module: FMS.

MKGTR: Tracing over Green's function ...
Done with module: MKGTR.

Pathfinder: finding scattering paths...
Preparing plane wave scattering amplitudes
Searching for paths
Eliminating path degeneracies
0 paths retained.
Done with module: pathfinder.

Calculating EXAFS parameters ...
Done with module: EXAFS parameters (GENFMT).

Calculating XAS spectra ...
Done with module: XAS spectra (FF2X: DW + final sum over paths).

 
### feff ends at Mon Aug 14 07:40:13 EDT 2023
 
