### feff starts at Mon Aug 14 10:40:32 EDT 2023
### Serial version
### FeffPath is /sdcc/u/mcarbone/software/JFEFF/hsw/feff90/linux
 
Launching FEFF version FEFF 9.9.1
Core hole lifetime is   1.729 eV.
Your calculation:
 comment: None given
 Source:
 Structure Summary:  Cu4 P12 N4 O36
 Reduced formula:  CuP3NO9
 space group: (P2_1/c), space number:  (14)
 abc: 11.490092   5.166661  13.236160
 angles: 79.542721  90.000000  90.000000
 sites: 56
Cu K edge XANES using RPA corehole.
Using:     * Self-Consistent Field potentials
Using cards:   ATOMS CONTROL EXCHANGE TITLE RPATH POTENTIALS XANES EDGE SCF FMS S02 COREHOLE EGRID

Calculating atomic potentials ...
    overlapped atomic potential and density for unique potential    0
    overlapped atomic potential and density for unique potential    1
    overlapped atomic potential and density for unique potential    2
    overlapped atomic potential and density for unique potential    3
    overlapped atomic potential and density for unique potential    4
Done with module: atomic potentials.

Calculating SCF potentials ...
FEFF-serial using 1 thread.
Muffin tin radii and interstitial parameters [bohr]:
 WARNING: NO ATOMS CLOSE ENOUGH TO OVERLAP ATOM   22,  UNIQUE POT    3!!  Rmt set to Rnorman.  May be error in input file.
type, norman radius, muffin tin, overlap factor
    0  1.28974E+00  1.19252E+00  1.15000E+00
    1  1.28977E+00  1.19253E+00  1.15000E+00
    2  1.15747E+00  9.38341E-01  1.15000E+00
    3  1.66777E+00  1.66777E+00  1.00000E+00
    4  1.04472E+00  8.82059E-01  1.15000E+00
Core-valence separation energy:  ecv=   -40.000 eV
Initial Fermi level:              mu=     8.547 eV
SCF ITERATION NUMBER  1
     point #   1  energy = -40.000
FMS for a cluster of  103 atoms around atom type   0
FMS for a cluster of   74 atoms around atom type   1
FMS for a cluster of   99 atoms around atom type   2
FMS for a cluster of   90 atoms around atom type   3
FMS for a cluster of  102 atoms around atom type   4
     point #  20  energy = -28.871
     point #  40  energy =  -8.621
     point #  60  energy =  -5.037
     point #  80  energy =  -4.337
New Fermi level:    mu=  -4.293 eV  Charge distance=  1.2058 (partial c.d.=  5.2111)
SCF ITERATION NUMBER  1
     point #   1  energy = -40.000
FMS for a cluster of  103 atoms around atom type   0
FMS for a cluster of   74 atoms around atom type   1
FMS for a cluster of   99 atoms around atom type   2
FMS for a cluster of   90 atoms around atom type   3
FMS for a cluster of  102 atoms around atom type   4
     point #  20  energy = -28.778
     point #  40  energy =  -8.373
     point #  60  energy =  -4.293
     point #  80  energy =  -6.327
     point # 100  energy =  -6.193
New Fermi level:    mu=  -6.100 eV  Charge distance=  0.3815 (partial c.d.=  6.3765)
SCF ITERATION NUMBER  1
     point #   1  energy = -40.000
FMS for a cluster of  103 atoms around atom type   0
FMS for a cluster of   74 atoms around atom type   1
FMS for a cluster of   99 atoms around atom type   2
FMS for a cluster of   90 atoms around atom type   3
FMS for a cluster of  102 atoms around atom type   4
     point #  20  energy = -28.700
     point #  40  energy =  -8.154
     point #  60  energy =  -6.112
     point #  80  energy =  -7.646
New Fermi level:    mu=  -7.830 eV  Charge distance=  0.2178 (partial c.d.=  0.8257)
SCF ITERATION NUMBER  2
     point #   1  energy = -40.000
     point #  20  energy = -28.941
     point #  40  energy =  -8.835
     point #  60  energy =  -7.789
     point #  80  energy =  -7.502
New Fermi level:    mu=  -7.497 eV  Charge distance=  0.1900 (partial c.d.=  0.7727)
SCF ITERATION NUMBER  3
     point #   1  energy = -40.000
     point #  20  energy = -28.827
     point #  40  energy =  -8.512
     point #  60  energy =  -7.456
     point #  80  energy =  -7.247
New Fermi level:    mu=  -7.242 eV  Charge distance=  0.1129 (partial c.d.=  0.7671)
SCF ITERATION NUMBER  4
     point #   1  energy = -40.000
     point #  20  energy = -28.739
     point #  40  energy =  -8.265
     point #  60  energy =  -7.201
New Fermi level:    mu=  -6.853 eV  Charge distance=  0.0887 (partial c.d.=  1.1197)
SCF ITERATION NUMBER  5
     point #   1  energy = -40.000
     point #  20  energy = -28.951
     point #  40  energy =  -8.862
     point #  60  energy =  -6.865
New Fermi level:    mu=  -7.214 eV  Charge distance=  0.1083 (partial c.d.=  1.3110)
SCF ITERATION NUMBER  6
     point #   1  energy = -40.000
     point #  20  energy = -28.730
     point #  40  energy =  -8.238
     point #  60  energy =  -7.254
New Fermi level:    mu=  -7.427 eV  Charge distance=  0.0543 (partial c.d.=  1.5268)
SCF ITERATION NUMBER  7
     point #   1  energy = -40.000
     point #  20  energy = -28.803
     point #  40  energy =  -8.445
     point #  60  energy =  -7.464
New Fermi level:    mu=  -7.479 eV  Charge distance=  0.0538 (partial c.d.=  0.0920)
SCF ITERATION NUMBER  8
     point #   1  energy = -40.000
     point #  20  energy = -28.821
     point #  40  energy =  -8.496
     point #  60  energy =  -7.442
New Fermi level:    mu=  -7.421 eV  Charge distance=  0.0278 (partial c.d.=  1.0929)
SCF ITERATION NUMBER  9
     point #   1  energy = -40.000
     point #  20  energy = -28.801
     point #  40  energy =  -8.439
     point #  60  energy =  -7.461
New Fermi level:    mu=  -7.562 eV  Charge distance=  0.0103 (partial c.d.=  0.8663)
SCF ITERATION NUMBER 10
     point #   1  energy = -40.000
     point #  20  energy = -28.849
     point #  40  energy =  -8.575
     point #  60  energy =  -7.524
New Fermi level:    mu=  -7.501 eV  Charge distance=  0.0017 (partial c.d.=  0.2915)
SCF ITERATION NUMBER 11
     point #   1  energy = -40.000
     point #  20  energy = -28.828
     point #  40  energy =  -8.516
New Fermi level:    mu=  -7.499 eV  Charge distance=  0.0054 (partial c.d.=  0.0505)
SCF ITERATION NUMBER 12
     point #   1  energy = -40.000
     point #  20  energy = -28.828
     point #  40  energy =  -8.515
New Fermi level:    mu=  -7.513 eV  Charge distance=  0.0010 (partial c.d.=  0.1282)
SCF ITERATION NUMBER 13
     point #   1  energy = -40.000
     point #  20  energy = -28.833
     point #  40  energy =  -8.529
New Fermi level:    mu=  -7.512 eV  Charge distance=  0.0010 (partial c.d.=  0.0327)
SCF ITERATION NUMBER 14
     point #   1  energy = -40.000
     point #  20  energy = -28.832
     point #  40  energy =  -8.527
New Fermi level:    mu=  -7.508 eV  Charge distance=  0.0006 (partial c.d.=  0.0103)
SCF ITERATION NUMBER 15
     point #   1  energy = -40.000
     point #  20  energy = -28.831
     point #  40  energy =  -8.523
New Fermi level:    mu=  -7.509 eV  Charge distance=  0.0010 (partial c.d.=  0.0081)
SCF ITERATION NUMBER 16
     point #   1  energy = -40.000
     point #  20  energy = -28.831
     point #  40  energy =  -8.524
New Fermi level:    mu=  -7.507 eV  Charge distance=  0.0007 (partial c.d.=  0.0025)
SCF ITERATION NUMBER 17
     point #   1  energy = -40.000
     point #  20  energy = -28.831
     point #  40  energy =  -8.523
New Fermi level:    mu=  -7.506 eV  Charge distance=  0.0004 (partial c.d.=  0.0008)
SCF ITERATION NUMBER 18
     point #   1  energy = -40.000
     point #  20  energy = -28.830
     point #  40  energy =  -8.521
New Fermi level:    mu=  -7.505 eV  Charge distance=  0.0004 (partial c.d.=  0.0003)
SCF ITERATION NUMBER 19
     point #   1  energy = -40.000
     point #  20  energy = -28.830
     point #  40  energy =  -8.521
New Fermi level:    mu=  -7.505 eV  Charge distance=  0.0006 (partial c.d.=  0.0001)
Electronic configuration
  type     l     N_el
     0     0    0.472
     0     1    0.607
     0     2    9.422
     0     3    0.000
     1     0    0.474
     1     1    0.609
     1     2    9.406
     1     3    0.000
     2     0    1.184
     2     1    2.008
     2     2    1.006
     2     3    0.000
     3     0    1.998
     3     1    3.720
     3     2    0.087
     3     3    0.000
     4     0    1.818
     4     1    4.340
     4     2    0.077
     4     3    0.000
Charge transfer:  type  charge
       0   -0.500
       1   -0.510
       2   -0.803
       3    0.805
       4    0.235
Convergence reached in   19 iterations.
Done with module: potentials.

Calculating screened core-hole potential ...
FMS for a cluster of   21 atoms around iph =   0
    0% of energy integration
   20%
   40%
   60%
   80%
  100%
Preparing response function.
Computing (1 - K Chi0)^-1 v_ch
Done with module: screened core-hole potential.

Calculating cross-section and phases ...
    absorption cross section
 x0,dx,rnrm,inrm,jnrm   8.80000000000000       5.000000000000000E-002
   2.43725374299980              194         195
    phase shifts for unique potential    0
    phase shifts for unique potential    1
    phase shifts for unique potential    2
    phase shifts for unique potential    3
    phase shifts for unique potential    4
Done with module: cross-section and phases (XSPH).

FMS calculation of full Green's function ...
FEFF-serial using 1 thread.
Using   194 energy points.
xprep done
FMS for a cluster of  231 atoms
Energy point    1/ 194
Energy point   10/ 194
Energy point   20/ 194
Energy point   30/ 194
Energy point   40/ 194
Energy point   50/ 194
Energy point   60/ 194
Energy point   70/ 194
Energy point   80/ 194
Energy point   90/ 194
Energy point  100/ 194
Energy point  110/ 194
Energy point  120/ 194
Energy point  130/ 194
Energy point  140/ 194
Energy point  150/ 194
Energy point  160/ 194
Energy point  170/ 194
Energy point  180/ 194
Energy point  190/ 194
Done with module: FMS.

MKGTR: Tracing over Green's function ...
Done with module: MKGTR.

Pathfinder: finding scattering paths...
Preparing plane wave scattering amplitudes
Searching for paths
Eliminating path degeneracies
0 paths retained.
Done with module: pathfinder.

Calculating EXAFS parameters ...
Done with module: EXAFS parameters (GENFMT).

Calculating XAS spectra ...
Done with module: XAS spectra (FF2X: DW + final sum over paths).

 
### feff ends at Mon Aug 14 12:16:09 EDT 2023
 
