### feff starts at Sun Aug 13 20:21:22 EDT 2023
### Serial version
### FeffPath is /sdcc/u/mcarbone/software/JFEFF/hsw/feff90/linux
 
Launching FEFF version FEFF 9.9.1
Core hole lifetime is   1.729 eV.
Your calculation:
 comment: None given
 Source:
 Structure Summary:  V4 Zn1 Cu3 O14
 Reduced formula:  V4ZnCu3O14
 space group: (P1), space number:  (1)
 abc:  5.617403   5.674873  10.197476
 angles:104.048291 103.288420  92.574246
 sites: 22
Cu K edge XANES using RPA corehole.
Using:     * Self-Consistent Field potentials
Using cards:   ATOMS CONTROL EXCHANGE TITLE RPATH POTENTIALS XANES EDGE SCF FMS S02 COREHOLE EGRID

Calculating atomic potentials ...
    overlapped atomic potential and density for unique potential    0
    overlapped atomic potential and density for unique potential    1
    overlapped atomic potential and density for unique potential    2
    overlapped atomic potential and density for unique potential    3
    overlapped atomic potential and density for unique potential    4
Done with module: atomic potentials.

Calculating SCF potentials ...
FEFF-serial using 1 thread.
Muffin tin radii and interstitial parameters [bohr]:
type, norman radius, muffin tin, overlap factor
    0  1.31304E+00  1.22899E+00  1.15000E+00
    1  1.30470E+00  1.09354E+00  1.15000E+00
    2  1.42412E+00  1.33164E+00  1.15000E+00
    3  1.31783E+00  1.22911E+00  1.15000E+00
    4  1.08715E+00  9.20256E-01  1.15000E+00
Core-valence separation energy:  ecv=   -52.000 eV
Initial Fermi level:              mu=     2.206 eV
SCF ITERATION NUMBER  1
     point #   1  energy = -52.000
FMS for a cluster of  105 atoms around atom type   0
FMS for a cluster of   96 atoms around atom type   1
FMS for a cluster of   99 atoms around atom type   2
FMS for a cluster of   79 atoms around atom type   3
FMS for a cluster of  101 atoms around atom type   4
     point #  20  energy = -40.932
     point #  40  energy = -20.682
     point #  60  energy =  -6.919
     point #  80  energy =  -6.510
New Fermi level:    mu=  -6.422 eV  Charge distance=  1.7657 (partial c.d.= 10.2073)
SCF ITERATION NUMBER  1
     point #   1  energy = -52.000
FMS for a cluster of  105 atoms around atom type   0
FMS for a cluster of   96 atoms around atom type   1
FMS for a cluster of   99 atoms around atom type   2
FMS for a cluster of   79 atoms around atom type   3
FMS for a cluster of  101 atoms around atom type   4
     point #  20  energy = -40.859
     point #  40  energy = -20.602
     point #  60  energy =  -6.422
     point #  80  energy =  -6.703
     point # 100  energy =  -7.969
     point # 120  energy =  -7.581
New Fermi level:    mu=  -7.520 eV  Charge distance=  0.5975 (partial c.d.=  9.1604)
SCF ITERATION NUMBER  1
     point #   1  energy = -52.000
FMS for a cluster of  105 atoms around atom type   0
FMS for a cluster of   96 atoms around atom type   1
FMS for a cluster of   99 atoms around atom type   2
FMS for a cluster of   79 atoms around atom type   3
FMS for a cluster of  101 atoms around atom type   4
     point #  20  energy = -40.880
     point #  40  energy = -20.662
     point #  60  energy =  -7.520
     point #  80  energy =  -7.911
     point # 100  energy =  -8.236
     point # 120  energy =  -7.983
New Fermi level:    mu=  -7.886 eV  Charge distance=  0.3365 (partial c.d.=  1.0617)
SCF ITERATION NUMBER  2
     point #   1  energy = -52.000
     point #  20  energy = -40.972
     point #  40  energy = -20.920
     point #  60  energy =  -7.886
     point #  80  energy =  -8.393
     point # 100  energy =  -9.065
New Fermi level:    mu=  -8.913 eV  Charge distance=  0.2516 (partial c.d.=  0.8887)
SCF ITERATION NUMBER  3
     point #   1  energy = -52.000
     point #  20  energy = -40.978
     point #  40  energy = -20.937
     point #  60  energy =  -8.913
     point #  80  energy =  -8.354
New Fermi level:    mu=  -8.349 eV  Charge distance=  0.2988 (partial c.d.=  1.9297)
SCF ITERATION NUMBER  4
     point #   1  energy = -52.000
     point #  20  energy = -40.833
     point #  40  energy = -20.531
     point #  60  energy =  -8.349
New Fermi level:    mu=  -8.407 eV  Charge distance=  0.0550 (partial c.d.=  2.1169)
SCF ITERATION NUMBER  5
     point #   1  energy = -52.000
     point #  20  energy = -40.848
     point #  40  energy = -20.573
     point #  60  energy =  -8.407
     point #  80  energy =  -8.557
New Fermi level:    mu=  -8.547 eV  Charge distance=  0.2252 (partial c.d.=  0.1359)
SCF ITERATION NUMBER  6
     point #   1  energy = -52.000
     point #  20  energy = -40.884
     point #  40  energy = -20.673
     point #  60  energy =  -8.547
     point #  80  energy =  -8.988
New Fermi level:    mu=  -8.967 eV  Charge distance=  0.0259 (partial c.d.=  0.6397)
SCF ITERATION NUMBER  7
     point #   1  energy = -52.000
     point #  20  energy = -40.992
     point #  40  energy = -20.977
     point #  60  energy =  -8.967
New Fermi level:    mu=  -8.902 eV  Charge distance=  0.0139 (partial c.d.=  0.1857)
SCF ITERATION NUMBER  8
     point #   1  energy = -52.000
     point #  20  energy = -40.975
     point #  40  energy = -20.929
     point #  60  energy =  -8.902
New Fermi level:    mu=  -8.907 eV  Charge distance=  0.0102 (partial c.d.=  0.0807)
SCF ITERATION NUMBER  9
     point #   1  energy = -52.000
     point #  20  energy = -40.976
     point #  40  energy = -20.933
     point #  60  energy =  -8.907
New Fermi level:    mu=  -8.895 eV  Charge distance=  0.0138 (partial c.d.=  0.0151)
SCF ITERATION NUMBER 10
     point #   1  energy = -52.000
     point #  20  energy = -40.973
     point #  40  energy = -20.924
     point #  60  energy =  -8.895
New Fermi level:    mu=  -8.874 eV  Charge distance=  0.0094 (partial c.d.=  0.0233)
SCF ITERATION NUMBER 11
     point #   1  energy = -52.000
     point #  20  energy = -40.968
     point #  40  energy = -20.909
     point #  60  energy =  -8.874
New Fermi level:    mu=  -8.876 eV  Charge distance=  0.0042 (partial c.d.=  0.0427)
SCF ITERATION NUMBER 12
     point #   1  energy = -52.000
     point #  20  energy = -40.968
     point #  40  energy = -20.911
     point #  60  energy =  -8.876
New Fermi level:    mu=  -8.874 eV  Charge distance=  0.0003 (partial c.d.=  0.0239)
SCF ITERATION NUMBER 13
     point #   1  energy = -52.000
     point #  20  energy = -40.968
     point #  40  energy = -20.909
     point #  60  energy =  -8.874
New Fermi level:    mu=  -8.874 eV  Charge distance=  0.0001 (partial c.d.=  0.0025)
SCF ITERATION NUMBER 14
     point #   1  energy = -52.000
     point #  20  energy = -40.968
     point #  40  energy = -20.909
     point #  60  energy =  -8.874
New Fermi level:    mu=  -8.873 eV  Charge distance=  0.0004 (partial c.d.=  0.0002)
SCF ITERATION NUMBER 15
     point #   1  energy = -52.000
     point #  20  energy = -40.968
     point #  40  energy = -20.909
     point #  60  energy =  -8.873
New Fermi level:    mu=  -8.873 eV  Charge distance=  0.0001 (partial c.d.=  0.0008)
SCF ITERATION NUMBER 16
     point #   1  energy = -52.000
     point #  20  energy = -40.968
     point #  40  energy = -20.908
     point #  60  energy =  -8.873
New Fermi level:    mu=  -8.873 eV  Charge distance=  0.0000 (partial c.d.=  0.0007)
SCF ITERATION NUMBER 17
     point #   1  energy = -52.000
     point #  20  energy = -40.967
     point #  40  energy = -20.908
     point #  60  energy =  -8.873
New Fermi level:    mu=  -8.873 eV  Charge distance=  0.0000 (partial c.d.=  0.0002)
Electronic configuration
  type     l     N_el
     0     0    0.442
     0     1    0.562
     0     2    9.420
     0     3    0.000
     1     0    0.479
     1     1    6.657
     1     2    3.520
     1     3    0.000
     2     0    0.673
     2     1    0.845
     2     2   10.229
     2     3    0.000
     3     0    0.448
     3     1    0.562
     3     2    9.406
     3     3    0.000
     4     0    1.870
     4     1    4.263
     4     2    0.109
     4     3    0.000
Charge transfer:  type  charge
       0   -0.575
       1   -0.344
       2   -0.253
       3   -0.584
       4    0.242
Convergence reached in   17 iterations.
Done with module: potentials.

Calculating screened core-hole potential ...
FMS for a cluster of   16 atoms around iph =   0
    0% of energy integration
   20%
   40%
   60%
   80%
  100%
Preparing response function.
Computing (1 - K Chi0)^-1 v_ch
Done with module: screened core-hole potential.

Calculating cross-section and phases ...
    absorption cross section
 x0,dx,rnrm,inrm,jnrm   8.80000000000000       5.000000000000000E-002
   2.48127803099999              195         196
    phase shifts for unique potential    0
    phase shifts for unique potential    1
    phase shifts for unique potential    2
    phase shifts for unique potential    3
    phase shifts for unique potential    4
Done with module: cross-section and phases (XSPH).

FMS calculation of full Green's function ...
FEFF-serial using 1 thread.
Using   194 energy points.
xprep done
FMS for a cluster of  220 atoms
Energy point    1/ 194
Energy point   10/ 194
Energy point   20/ 194
Energy point   30/ 194
Energy point   40/ 194
Energy point   50/ 194
Energy point   60/ 194
Energy point   70/ 194
Energy point   80/ 194
Energy point   90/ 194
Energy point  100/ 194
Energy point  110/ 194
Energy point  120/ 194
Energy point  130/ 194
Energy point  140/ 194
Energy point  150/ 194
Energy point  160/ 194
Energy point  170/ 194
Energy point  180/ 194
Energy point  190/ 194
Done with module: FMS.

MKGTR: Tracing over Green's function ...
Done with module: MKGTR.

Pathfinder: finding scattering paths...
Preparing plane wave scattering amplitudes
Searching for paths
Eliminating path degeneracies
0 paths retained.
Done with module: pathfinder.

Calculating EXAFS parameters ...
Done with module: EXAFS parameters (GENFMT).

Calculating XAS spectra ...
Done with module: XAS spectra (FF2X: DW + final sum over paths).

 
### feff ends at Sun Aug 13 21:59:17 EDT 2023
 
