### feff starts at Mon Aug 14 04:05:22 EDT 2023
### Serial version
### FeffPath is /sdcc/u/mcarbone/software/JFEFF/hsw/feff90/linux
 
Launching FEFF version FEFF 9.9.1
Core hole lifetime is   1.729 eV.
Your calculation:
 comment: None given
 Source:
 Structure Summary:  Al1 Cu3 O6
 Reduced formula:  Al(CuO2)3
 space group: (C2/m), space number:  (12)
 abc:  5.899478   5.899478   9.341403
 angles: 61.751508  61.751508  27.916053
 sites: 10
Cu K edge XANES using RPA corehole.
Using:     * Self-Consistent Field potentials
Using cards:   ATOMS CONTROL EXCHANGE TITLE RPATH POTENTIALS XANES EDGE SCF FMS S02 COREHOLE EGRID

Calculating atomic potentials ...
    overlapped atomic potential and density for unique potential    0
    overlapped atomic potential and density for unique potential    1
    overlapped atomic potential and density for unique potential    2
    overlapped atomic potential and density for unique potential    3
Done with module: atomic potentials.

Calculating SCF potentials ...
FEFF-serial using 1 thread.
Muffin tin radii and interstitial parameters [bohr]:
type, norman radius, muffin tin, overlap factor
    0  1.29373E+00  1.08781E+00  1.15000E+00
    1  1.31875E+00  1.18350E+00  1.15000E+00
    2  1.29373E+00  1.08781E+00  1.15000E+00
    3  1.10921E+00  9.50080E-01  1.15000E+00
Core-valence separation energy:  ecv=   -40.000 eV
Initial Fermi level:              mu=     2.343 eV
SCF ITERATION NUMBER  1
     point #   1  energy = -40.000
FMS for a cluster of  102 atoms around atom type   0
FMS for a cluster of  102 atoms around atom type   1
FMS for a cluster of   99 atoms around atom type   2
FMS for a cluster of  108 atoms around atom type   3
     point #  20  energy = -28.897
     point #  40  energy =  -8.647
     point #  60  energy =  -2.935
     point #  80  energy =  -3.266
New Fermi level:    mu=  -3.346 eV  Charge distance=  0.4079 (partial c.d.=  7.5893)
SCF ITERATION NUMBER  1
     point #   1  energy = -40.000
FMS for a cluster of  102 atoms around atom type   0
FMS for a cluster of  102 atoms around atom type   1
FMS for a cluster of   99 atoms around atom type   2
FMS for a cluster of  108 atoms around atom type   3
     point #  20  energy = -28.800
     point #  40  energy =  -8.437
     point #  60  energy =  -3.346
     point #  80  energy =  -4.924
     point # 100  energy =  -8.402
     point # 120  energy =  -9.174
New Fermi level:    mu=  -9.234 eV  Charge distance=  0.0780 (partial c.d.=  2.1839)
SCF ITERATION NUMBER  1
     point #   1  energy = -40.000
FMS for a cluster of  102 atoms around atom type   0
FMS for a cluster of  102 atoms around atom type   1
FMS for a cluster of   99 atoms around atom type   2
FMS for a cluster of  108 atoms around atom type   3
     point #  20  energy = -28.719
     point #  40  energy =  -9.234
     point #  60  energy =  -9.143
     point #  80  energy =  -7.646
     point # 100  energy =  -8.337
New Fermi level:    mu=  -8.482 eV  Charge distance=  0.1015 (partial c.d.=  0.7319)
SCF ITERATION NUMBER  2
     point #   1  energy = -40.000
     point #  20  energy = -28.816
     point #  40  energy =  -8.482
     point #  60  energy =  -8.522
     point #  80  energy =  -8.953
New Fermi level:    mu=  -8.979 eV  Charge distance=  0.0667 (partial c.d.=  0.4072)
SCF ITERATION NUMBER  3
     point #   1  energy = -40.000
     point #  20  energy = -28.992
     point #  40  energy =  -8.979
     point #  60  energy =  -8.938
     point #  80  energy =  -7.122
     point # 100  energy =  -7.879
New Fermi level:    mu=  -8.084 eV  Charge distance=  0.1168 (partial c.d.=  0.5527)
SCF ITERATION NUMBER  4
     point #   1  energy = -40.000
     point #  20  energy = -29.029
     point #  40  energy =  -9.081
     point #  60  energy =  -8.124
     point #  80  energy =  -8.715
New Fermi level:    mu=  -8.796 eV  Charge distance=  0.0208 (partial c.d.=  0.3475)
SCF ITERATION NUMBER  5
     point #   1  energy = -40.000
     point #  20  energy = -28.928
     point #  40  energy =  -8.796
     point #  60  energy =  -8.780
New Fermi level:    mu=  -8.928 eV  Charge distance=  0.0100 (partial c.d.=  0.1413)
SCF ITERATION NUMBER  6
     point #   1  energy = -40.000
     point #  20  energy = -28.974
     point #  40  energy =  -8.928
New Fermi level:    mu=  -8.918 eV  Charge distance=  0.0087 (partial c.d.=  0.0652)
SCF ITERATION NUMBER  7
     point #   1  energy = -40.000
     point #  20  energy = -28.971
     point #  40  energy =  -8.918
New Fermi level:    mu=  -8.908 eV  Charge distance=  0.0040 (partial c.d.=  0.0808)
SCF ITERATION NUMBER  8
     point #   1  energy = -40.000
     point #  20  energy = -28.967
     point #  40  energy =  -8.908
New Fermi level:    mu=  -8.916 eV  Charge distance=  0.0034 (partial c.d.=  0.0344)
SCF ITERATION NUMBER  9
     point #   1  energy = -40.000
     point #  20  energy = -28.970
     point #  40  energy =  -8.916
New Fermi level:    mu=  -8.912 eV  Charge distance=  0.0041 (partial c.d.=  0.0134)
SCF ITERATION NUMBER 10
     point #   1  energy = -40.000
     point #  20  energy = -28.969
     point #  40  energy =  -8.912
New Fermi level:    mu=  -8.901 eV  Charge distance=  0.0010 (partial c.d.=  0.0244)
SCF ITERATION NUMBER 11
     point #   1  energy = -40.000
     point #  20  energy = -28.965
     point #  40  energy =  -8.901
New Fermi level:    mu=  -8.900 eV  Charge distance=  0.0011 (partial c.d.=  0.0014)
SCF ITERATION NUMBER 12
     point #   1  energy = -40.000
     point #  20  energy = -28.964
     point #  40  energy =  -8.900
New Fermi level:    mu=  -8.898 eV  Charge distance=  0.0002 (partial c.d.=  0.0007)
SCF ITERATION NUMBER 13
     point #   1  energy = -40.000
     point #  20  energy = -28.964
     point #  40  energy =  -8.898
New Fermi level:    mu=  -8.899 eV  Charge distance=  0.0003 (partial c.d.=  0.0003)
SCF ITERATION NUMBER 14
     point #   1  energy = -40.000
     point #  20  energy = -28.964
     point #  40  energy =  -8.899
New Fermi level:    mu=  -8.899 eV  Charge distance=  0.0001 (partial c.d.=  0.0001)
Electronic configuration
  type     l     N_el
     0     0    0.585
     0     1    0.600
     0     2    9.293
     0     3    0.000
     1     0    0.724
     1     1    1.196
     1     2    0.773
     1     3    0.000
     2     0    0.586
     2     1    0.600
     2     2    9.293
     2     3    0.000
     3     0    1.851
     3     1    4.395
     3     2    0.067
     3     3    0.000
Charge transfer:  type  charge
       0   -0.522
       1   -0.308
       2   -0.521
       3    0.313
Convergence reached in   14 iterations.
Done with module: potentials.

Calculating screened core-hole potential ...
FMS for a cluster of   24 atoms around iph =   0
    0% of energy integration
   20%
   40%
   60%
   80%
  100%
Preparing response function.
Computing (1 - K Chi0)^-1 v_ch
Done with module: screened core-hole potential.

Calculating cross-section and phases ...
    absorption cross section
 x0,dx,rnrm,inrm,jnrm   8.80000000000000       5.000000000000000E-002
   2.44478697200003              194         195
    phase shifts for unique potential    0
    phase shifts for unique potential    1
    phase shifts for unique potential    2
    phase shifts for unique potential    3
Done with module: cross-section and phases (XSPH).

FMS calculation of full Green's function ...
FEFF-serial using 1 thread.
Using   194 energy points.
xprep done
FMS for a cluster of  238 atoms
Energy point    1/ 194
Energy point   10/ 194
Energy point   20/ 194
Energy point   30/ 194
Energy point   40/ 194
Energy point   50/ 194
Energy point   60/ 194
Energy point   70/ 194
Energy point   80/ 194
Energy point   90/ 194
Energy point  100/ 194
Energy point  110/ 194
Energy point  120/ 194
Energy point  130/ 194
Energy point  140/ 194
Energy point  150/ 194
Energy point  160/ 194
Energy point  170/ 194
Energy point  180/ 194
Energy point  190/ 194
Done with module: FMS.

MKGTR: Tracing over Green's function ...
Done with module: MKGTR.

Pathfinder: finding scattering paths...
Preparing plane wave scattering amplitudes
Searching for paths
Eliminating path degeneracies
0 paths retained.
Done with module: pathfinder.

Calculating EXAFS parameters ...
Done with module: EXAFS parameters (GENFMT).

Calculating XAS spectra ...
Done with module: XAS spectra (FF2X: DW + final sum over paths).

 
### feff ends at Mon Aug 14 05:33:23 EDT 2023
 
