### feff starts at Mon Aug 14 12:28:34 EDT 2023
### Serial version
### FeffPath is /sdcc/u/mcarbone/software/JFEFF/hsw/feff90/linux
 
Launching FEFF version FEFF 9.9.1
Core hole lifetime is   1.729 eV.
Your calculation:
 comment: None given
 Source:
 Structure Summary:  Zn2 Cu6 P6 O26
 Reduced formula:  ZnCu3P3O13
 space group: (P2_1/m), space number:  (11)
 abc:  6.125229   7.590595  10.076672
 angles: 79.286856  90.000000  90.000000
 sites: 40
Cu K edge XANES using RPA corehole.
Using:     * Self-Consistent Field potentials
Using cards:   ATOMS CONTROL EXCHANGE TITLE RPATH POTENTIALS XANES EDGE SCF FMS S02 COREHOLE EGRID

Calculating atomic potentials ...
    overlapped atomic potential and density for unique potential    0
    overlapped atomic potential and density for unique potential    1
    overlapped atomic potential and density for unique potential    2
    overlapped atomic potential and density for unique potential    3
    overlapped atomic potential and density for unique potential    4
Done with module: atomic potentials.

Calculating SCF potentials ...
FEFF-serial using 1 thread.
Muffin tin radii and interstitial parameters [bohr]:
type, norman radius, muffin tin, overlap factor
    0  1.31854E+00  1.24068E+00  1.15000E+00
    1  1.54172E+00  1.46062E+00  1.14885E+00
    2  1.31854E+00  1.24067E+00  1.15000E+00
    3  1.15023E+00  8.97649E-01  1.15000E+00
    4  1.12764E+00  1.01613E+00  1.15000E+00
Core-valence separation energy:  ecv=   -40.000 eV
Initial Fermi level:              mu=     5.220 eV
SCF ITERATION NUMBER  1
     point #   1  energy = -40.000
FMS for a cluster of  133 atoms around atom type   0
FMS for a cluster of  102 atoms around atom type   1
FMS for a cluster of  124 atoms around atom type   2
FMS for a cluster of  115 atoms around atom type   3
FMS for a cluster of  129 atoms around atom type   4
     point #  20  energy = -28.923
     point #  40  energy =  -8.673
     point #  60  energy =  -3.723
     point #  80  energy =  -3.414
New Fermi level:    mu=  -3.359 eV  Charge distance=  0.7754 (partial c.d.= 10.2633)
SCF ITERATION NUMBER  1
     point #   1  energy = -40.000
FMS for a cluster of  133 atoms around atom type   0
FMS for a cluster of  102 atoms around atom type   1
FMS for a cluster of  124 atoms around atom type   2
FMS for a cluster of  115 atoms around atom type   3
FMS for a cluster of  129 atoms around atom type   4
     point #  20  energy = -28.804
     point #  40  energy =  -8.448
     point #  60  energy =  -3.359
     point #  80  energy =  -4.937
     point # 100  energy =  -8.622
     point # 120  energy =  -9.059
New Fermi level:    mu=  -9.073 eV  Charge distance=  0.2543 (partial c.d.=  4.0407)
SCF ITERATION NUMBER  1
     point #   1  energy = -40.000
FMS for a cluster of  133 atoms around atom type   0
FMS for a cluster of  102 atoms around atom type   1
FMS for a cluster of  124 atoms around atom type   2
FMS for a cluster of  115 atoms around atom type   3
FMS for a cluster of  129 atoms around atom type   4
     point #  20  energy = -29.026
     point #  40  energy =  -9.073
     point #  60  energy =  -9.032
     point #  80  energy =  -7.901
New Fermi level:    mu=  -7.970 eV  Charge distance=  0.1056 (partial c.d.=  0.5443)
SCF ITERATION NUMBER  2
     point #   1  energy = -40.000
     point #  20  energy = -28.990
     point #  40  energy =  -8.971
     point #  60  energy =  -7.929
     point #  80  energy =  -7.376
New Fermi level:    mu=  -7.422 eV  Charge distance=  0.2674 (partial c.d.=  0.3653)
SCF ITERATION NUMBER  3
     point #   1  energy = -40.000
     point #  20  energy = -28.801
     point #  40  energy =  -8.440
     point #  60  energy =  -7.462
     point #  80  energy =  -8.131
New Fermi level:    mu=  -8.119 eV  Charge distance=  0.1351 (partial c.d.=  0.5109)
SCF ITERATION NUMBER  4
     point #   1  energy = -40.000
     point #  20  energy = -28.687
     point #  40  energy =  -8.119
     point #  60  energy =  -8.079
     point #  80  energy =  -7.522
New Fermi level:    mu=  -7.583 eV  Charge distance=  0.0782 (partial c.d.=  0.7735)
SCF ITERATION NUMBER  5
     point #   1  energy = -40.000
     point #  20  energy = -28.857
     point #  40  energy =  -8.596
     point #  60  energy =  -7.624
New Fermi level:    mu=  -7.937 eV  Charge distance=  0.0921 (partial c.d.=  2.1605)
SCF ITERATION NUMBER  6
     point #   1  energy = -40.000
     point #  20  energy = -28.978
     point #  40  energy =  -8.939
New Fermi level:    mu=  -7.919 eV  Charge distance=  0.0222 (partial c.d.=  2.0027)
SCF ITERATION NUMBER  7
     point #   1  energy = -40.000
     point #  20  energy = -28.972
     point #  40  energy =  -8.921
     point #  60  energy =  -7.881
New Fermi level:    mu=  -7.831 eV  Charge distance=  0.0166 (partial c.d.=  0.1748)
SCF ITERATION NUMBER  8
     point #   1  energy = -40.000
     point #  20  energy = -28.942
     point #  40  energy =  -8.836
     point #  60  energy =  -7.794
New Fermi level:    mu=  -7.758 eV  Charge distance=  0.0073 (partial c.d.=  0.0969)
SCF ITERATION NUMBER  9
     point #   1  energy = -40.000
     point #  20  energy = -28.917
     point #  40  energy =  -8.766
New Fermi level:    mu=  -7.777 eV  Charge distance=  0.0032 (partial c.d.=  0.0677)
SCF ITERATION NUMBER 10
     point #   1  energy = -40.000
     point #  20  energy = -28.923
     point #  40  energy =  -8.784
New Fermi level:    mu=  -7.764 eV  Charge distance=  0.0007 (partial c.d.=  0.0095)
SCF ITERATION NUMBER 11
     point #   1  energy = -40.000
     point #  20  energy = -28.919
     point #  40  energy =  -8.771
New Fermi level:    mu=  -7.761 eV  Charge distance=  0.0014 (partial c.d.=  0.0166)
SCF ITERATION NUMBER 12
     point #   1  energy = -40.000
     point #  20  energy = -28.918
     point #  40  energy =  -8.768
New Fermi level:    mu=  -7.759 eV  Charge distance=  0.0030 (partial c.d.=  0.0041)
SCF ITERATION NUMBER 13
     point #   1  energy = -40.000
     point #  20  energy = -28.917
     point #  40  energy =  -8.767
New Fermi level:    mu=  -7.755 eV  Charge distance=  0.0003 (partial c.d.=  0.0093)
SCF ITERATION NUMBER 14
     point #   1  energy = -40.000
     point #  20  energy = -28.916
     point #  40  energy =  -8.763
New Fermi level:    mu=  -7.755 eV  Charge distance=  0.0006 (partial c.d.=  0.0003)
SCF ITERATION NUMBER 15
     point #   1  energy = -40.000
     point #  20  energy = -28.916
     point #  40  energy =  -8.763
New Fermi level:    mu=  -7.756 eV  Charge distance=  0.0000 (partial c.d.=  0.0003)
SCF ITERATION NUMBER 16
     point #   1  energy = -40.000
     point #  20  energy = -28.916
     point #  40  energy =  -8.764
New Fermi level:    mu=  -7.756 eV  Charge distance=  0.0000 (partial c.d.=  0.0000)
Electronic configuration
  type     l     N_el
     0     0    0.472
     0     1    0.651
     0     2    9.395
     0     3    0.000
     1     0    0.721
     1     1    0.829
     1     2   10.297
     1     3    0.000
     2     0    0.473
     2     1    0.650
     2     2    9.395
     2     3    0.000
     3     0    1.198
     3     1    2.019
     3     2    1.008
     3     3    0.000
     4     0    1.870
     4     1    4.341
     4     2    0.091
     4     3    0.000
Charge transfer:  type  charge
       0   -0.482
       1   -0.153
       2   -0.482
       3   -0.776
       4    0.302
Convergence reached in   16 iterations.
Done with module: potentials.

Calculating screened core-hole potential ...
FMS for a cluster of   23 atoms around iph =   0
    0% of energy integration
   20%
   40%
   60%
   80%
  100%
Preparing response function.
Computing (1 - K Chi0)^-1 v_ch
Done with module: screened core-hole potential.

Calculating cross-section and phases ...
    absorption cross section
 x0,dx,rnrm,inrm,jnrm   8.80000000000000       5.000000000000000E-002
   2.49168820099984              195         196
    phase shifts for unique potential    0
    phase shifts for unique potential    1
    phase shifts for unique potential    2
    phase shifts for unique potential    3
    phase shifts for unique potential    4
Done with module: cross-section and phases (XSPH).

FMS calculation of full Green's function ...
FEFF-serial using 1 thread.
Using   194 energy points.
xprep done
FMS for a cluster of  261 atoms
Energy point    1/ 194
Energy point   10/ 194
Energy point   20/ 194
Energy point   30/ 194
Energy point   40/ 194
Energy point   50/ 194
Energy point   60/ 194
Energy point   70/ 194
Energy point   80/ 194
Energy point   90/ 194
Energy point  100/ 194
Energy point  110/ 194
Energy point  120/ 194
Energy point  130/ 194
Energy point  140/ 194
Energy point  150/ 194
Energy point  160/ 194
Energy point  170/ 194
Energy point  180/ 194
Energy point  190/ 194
Done with module: FMS.

MKGTR: Tracing over Green's function ...
Done with module: MKGTR.

Pathfinder: finding scattering paths...
Preparing plane wave scattering amplitudes
Searching for paths
Eliminating path degeneracies
0 paths retained.
Done with module: pathfinder.

Calculating EXAFS parameters ...
Done with module: EXAFS parameters (GENFMT).

Calculating XAS spectra ...
Done with module: XAS spectra (FF2X: DW + final sum over paths).

 
### feff ends at Mon Aug 14 14:51:06 EDT 2023
 
