### feff starts at Mon Aug 14 11:50:20 EDT 2023
### Serial version
### FeffPath is /sdcc/u/mcarbone/software/JFEFF/hsw/feff90/linux
 
Launching FEFF version FEFF 9.9.1
Resetting lmaxsc to 2 for iph =    1.  Use  UNFREEZE to prevent this.
Core hole lifetime is   1.729 eV.
Your calculation:
 comment: None given
 Source:
 Structure Summary:  La16 Cu14 O38
 Reduced formula:  La8Cu7O19
 space group: (P1), space number:  (1)
 abc:  3.775025   7.156722  34.246983
 angles: 87.119698  86.889061  74.837545
 sites: 68
Cu K edge XANES using RPA corehole.
Using:     * Self-Consistent Field potentials
Using cards:   ATOMS CONTROL EXCHANGE TITLE RPATH POTENTIALS XANES EDGE SCF FMS S02 COREHOLE EGRID

Calculating atomic potentials ...
    overlapped atomic potential and density for unique potential    0
    overlapped atomic potential and density for unique potential    1
    overlapped atomic potential and density for unique potential    2
    overlapped atomic potential and density for unique potential    3
Done with module: atomic potentials.

Calculating SCF potentials ...
FEFF-serial using 1 thread.
Muffin tin radii and interstitial parameters [bohr]:
type, norman radius, muffin tin, overlap factor
    0  1.31951E+00  1.23173E+00  1.15000E+00
    1  1.81699E+00  1.73353E+00  1.12655E+00
    2  1.31159E+00  1.22542E+00  1.15000E+00
    3  1.11444E+00  1.05375E+00  1.15000E+00
Core-valence separation energy:  ecv=   -47.000 eV
Initial Fermi level:              mu=    -1.123 eV
SCF ITERATION NUMBER  1
     point #   1  energy = -47.000
FMS for a cluster of  108 atoms around atom type   0
FMS for a cluster of  102 atoms around atom type   1
FMS for a cluster of  105 atoms around atom type   2
FMS for a cluster of  103 atoms around atom type   3
     point #  20  energy = -35.807
     point #  40  energy = -15.557
     point #  60  energy =  -5.929
     point #  80  energy =  -5.091
New Fermi level:    mu=  -5.020 eV  Charge distance=  1.0618 (partial c.d.=  6.4441)
SCF ITERATION NUMBER  1
     point #   1  energy = -47.000
FMS for a cluster of  108 atoms around atom type   0
FMS for a cluster of  102 atoms around atom type   1
FMS for a cluster of  105 atoms around atom type   2
FMS for a cluster of  103 atoms around atom type   3
     point #  20  energy = -35.737
     point #  40  energy = -15.259
     point #  60  energy =  -5.020
     point #  80  energy =  -5.654
     point # 100  energy =  -9.304
     point # 120  energy =  -8.651
New Fermi level:    mu=  -8.430 eV  Charge distance=  0.3292 (partial c.d.=  5.5880)
SCF ITERATION NUMBER  1
     point #   1  energy = -47.000
FMS for a cluster of  108 atoms around atom type   0
FMS for a cluster of  102 atoms around atom type   1
FMS for a cluster of  105 atoms around atom type   2
FMS for a cluster of  103 atoms around atom type   3
     point #  20  energy = -35.835
     point #  40  energy = -15.535
     point #  60  energy =  -8.430
New Fermi level:    mu=  -8.491 eV  Charge distance=  0.2104 (partial c.d.=  0.2400)
SCF ITERATION NUMBER  2
     point #   1  energy = -47.000
     point #  20  energy = -35.853
     point #  40  energy = -15.585
     point #  60  energy =  -8.491
     point #  80  energy =  -8.056
New Fermi level:    mu=  -8.020 eV  Charge distance=  0.4267 (partial c.d.=  0.3979)
SCF ITERATION NUMBER  3
     point #   1  energy = -47.000
     point #  20  energy = -35.716
     point #  40  energy = -15.201
     point #  60  energy =  -8.020
     point #  80  energy =  -7.070
New Fermi level:    mu=  -7.019 eV  Charge distance=  0.1328 (partial c.d.=  0.7501)
SCF ITERATION NUMBER  4
     point #   1  energy = -47.000
     point #  20  energy = -35.723
     point #  40  energy = -15.220
     point #  60  energy =  -7.019
     point #  80  energy =  -8.087
New Fermi level:    mu=  -8.275 eV  Charge distance=  0.0955 (partial c.d.=  0.9263)
SCF ITERATION NUMBER  5
     point #   1  energy = -47.000
     point #  20  energy = -35.790
     point #  40  energy = -15.408
     point #  60  energy =  -8.275
     point #  80  energy =  -7.990
New Fermi level:    mu=  -8.009 eV  Charge distance=  0.0178 (partial c.d.=  0.2737)
SCF ITERATION NUMBER  6
     point #   1  energy = -47.000
     point #  20  energy = -36.002
     point #  40  energy = -16.007
     point #  60  energy =  -8.009
New Fermi level:    mu=  -7.931 eV  Charge distance=  0.0152 (partial c.d.=  0.1367)
SCF ITERATION NUMBER  7
     point #   1  energy = -47.000
     point #  20  energy = -35.981
     point #  40  energy = -15.945
     point #  60  energy =  -7.931
New Fermi level:    mu=  -7.937 eV  Charge distance=  0.0020 (partial c.d.=  0.0771)
SCF ITERATION NUMBER  8
     point #   1  energy = -47.000
     point #  20  energy = -35.982
     point #  40  energy = -15.950
     point #  60  energy =  -7.937
New Fermi level:    mu=  -7.940 eV  Charge distance=  0.0066 (partial c.d.=  0.0101)
SCF ITERATION NUMBER  9
     point #   1  energy = -47.000
     point #  20  energy = -35.983
     point #  40  energy = -15.952
     point #  60  energy =  -7.940
New Fermi level:    mu=  -7.934 eV  Charge distance=  0.0052 (partial c.d.=  0.0027)
SCF ITERATION NUMBER 10
     point #   1  energy = -47.000
     point #  20  energy = -35.981
     point #  40  energy = -15.947
     point #  60  energy =  -7.934
New Fermi level:    mu=  -7.926 eV  Charge distance=  0.0004 (partial c.d.=  0.0015)
SCF ITERATION NUMBER 11
     point #   1  energy = -47.000
     point #  20  energy = -35.979
     point #  40  energy = -15.941
     point #  60  energy =  -7.926
New Fermi level:    mu=  -7.926 eV  Charge distance=  0.0002 (partial c.d.=  0.0005)
SCF ITERATION NUMBER 12
     point #   1  energy = -47.000
     point #  20  energy = -35.979
     point #  40  energy = -15.941
     point #  60  energy =  -7.926
New Fermi level:    mu=  -7.926 eV  Charge distance=  0.0001 (partial c.d.=  0.0002)
SCF ITERATION NUMBER 13
     point #   1  energy = -47.000
     point #  20  energy = -35.979
     point #  40  energy = -15.941
     point #  60  energy =  -7.926
New Fermi level:    mu=  -7.926 eV  Charge distance=  0.0000 (partial c.d.=  0.0001)
Electronic configuration
  type     l     N_el
     0     0    0.504
     0     1    0.605
     0     2    9.497
     0     3    0.000
     1     0    2.305
     1     1    6.386
     1     2    1.720
     1     3    0.000
     2     0    0.484
     2     1    0.586
     2     2    9.542
     2     3    0.000
     3     0    1.868
     3     1    4.442
     3     2    0.081
     3     3    0.000
Charge transfer:  type  charge
       0   -0.394
       1   -0.589
       2   -0.388
       3    0.391
Convergence reached in   13 iterations.
Done with module: potentials.

Calculating screened core-hole potential ...
FMS for a cluster of   23 atoms around iph =   0
    0% of energy integration
   20%
   40%
   60%
   80%
  100%
Preparing response function.
Computing (1 - K Chi0)^-1 v_ch
Done with module: screened core-hole potential.

Calculating cross-section and phases ...
    absorption cross section
 x0,dx,rnrm,inrm,jnrm   8.80000000000000       5.000000000000000E-002
   2.49351094300005              195         196
    phase shifts for unique potential    0
    phase shifts for unique potential    1
    phase shifts for unique potential    2
    phase shifts for unique potential    3
Done with module: cross-section and phases (XSPH).

FMS calculation of full Green's function ...
FEFF-serial using 1 thread.
Using   194 energy points.
xprep done
FMS for a cluster of  236 atoms
Energy point    1/ 194
Energy point   10/ 194
Energy point   20/ 194
Energy point   30/ 194
Energy point   40/ 194
Energy point   50/ 194
Energy point   60/ 194
Energy point   70/ 194
Energy point   80/ 194
Energy point   90/ 194
Energy point  100/ 194
Energy point  110/ 194
Energy point  120/ 194
Energy point  130/ 194
Energy point  140/ 194
Energy point  150/ 194
Energy point  160/ 194
Energy point  170/ 194
Energy point  180/ 194
Energy point  190/ 194
Done with module: FMS.

MKGTR: Tracing over Green's function ...
Done with module: MKGTR.

Pathfinder: finding scattering paths...
Preparing plane wave scattering amplitudes
Searching for paths
Eliminating path degeneracies
0 paths retained.
Done with module: pathfinder.

Calculating EXAFS parameters ...
Done with module: EXAFS parameters (GENFMT).

Calculating XAS spectra ...
Done with module: XAS spectra (FF2X: DW + final sum over paths).

 
### feff ends at Mon Aug 14 13:19:44 EDT 2023
 
