### feff starts at Sun Aug 13 17:30:28 EDT 2023
### Serial version
### FeffPath is /sdcc/u/mcarbone/software/JFEFF/hsw/feff90/linux
 
Launching FEFF version FEFF 9.9.1
Core hole lifetime is   1.729 eV.
Your calculation:
 comment: None given
 Source:
 Structure Summary:  Cu6 Cl12 O84
 Reduced formula:  Cu(ClO7)2
 space group: (P2_1/c), space number:  (14)
 abc: 22.494983   4.619526  14.155022
 angles: 89.276031  90.000000  90.000000
 sites: 102
Cu K edge XANES using RPA corehole.
Using:     * Self-Consistent Field potentials
Using cards:   ATOMS CONTROL EXCHANGE TITLE RPATH POTENTIALS XANES EDGE SCF FMS S02 COREHOLE EGRID

Calculating atomic potentials ...
    overlapped atomic potential and density for unique potential    0
    overlapped atomic potential and density for unique potential    1
    overlapped atomic potential and density for unique potential    2
    overlapped atomic potential and density for unique potential    3
Done with module: atomic potentials.

Calculating SCF potentials ...
FEFF-serial using 1 thread.
Muffin tin radii and interstitial parameters [bohr]:
type, norman radius, muffin tin, overlap factor
    0  1.26065E+00  1.10558E+00  1.15000E+00
    1  1.26070E+00  1.10561E+00  1.15000E+00
    2  1.07172E+00  7.92475E-01  1.15000E+00
    3  1.20014E+00  1.06192E+00  1.15000E+00
Core-valence separation energy:  ecv=   -40.000 eV
Initial Fermi level:              mu=     6.209 eV
SCF ITERATION NUMBER  1
     point #   1  energy = -40.000
FMS for a cluster of  100 atoms around atom type   0
FMS for a cluster of   79 atoms around atom type   1
FMS for a cluster of   78 atoms around atom type   2
FMS for a cluster of   97 atoms around atom type   3
     point #  20  energy = -28.926
     point #  40  energy =  -8.676
     point #  60  energy =  -7.242
     point #  80  energy =  -8.326
     point # 100  energy =  -8.673
New Fermi level:    mu=  -8.707 eV  Charge distance=  1.7841 (partial c.d.=  4.9543)
SCF ITERATION NUMBER  1
     point #   1  energy = -40.000
FMS for a cluster of  100 atoms around atom type   0
FMS for a cluster of   79 atoms around atom type   1
FMS for a cluster of   78 atoms around atom type   2
FMS for a cluster of   97 atoms around atom type   3
     point #  20  energy = -28.896
     point #  40  energy =  -8.707
     point #  60  energy =  -8.667
     point #  80  energy =  -7.195
New Fermi level:    mu=  -7.311 eV  Charge distance=  0.6182 (partial c.d.=  9.3354)
SCF ITERATION NUMBER  1
     point #   1  energy = -40.000
FMS for a cluster of  100 atoms around atom type   0
FMS for a cluster of   79 atoms around atom type   1
FMS for a cluster of   78 atoms around atom type   2
FMS for a cluster of   97 atoms around atom type   3
     point #  20  energy = -28.763
     point #  40  energy =  -8.333
     point #  60  energy =  -7.352
New Fermi level:    mu=  -7.600 eV  Charge distance=  0.3539 (partial c.d.=  0.2463)
SCF ITERATION NUMBER  2
     point #   1  energy = -40.000
     point #  20  energy = -28.863
     point #  40  energy =  -8.613
     point #  60  energy =  -7.641
New Fermi level:    mu=  -7.740 eV  Charge distance=  0.1827 (partial c.d.=  0.8075)
SCF ITERATION NUMBER  3
     point #   1  energy = -40.000
     point #  20  energy = -28.911
     point #  40  energy =  -8.748
New Fermi level:    mu=  -7.745 eV  Charge distance=  0.1349 (partial c.d.=  0.6714)
SCF ITERATION NUMBER  4
     point #   1  energy = -40.000
     point #  20  energy = -28.912
     point #  40  energy =  -8.753
     point #  60  energy =  -7.707
New Fermi level:    mu=  -7.716 eV  Charge distance=  0.1162 (partial c.d.=  1.0392)
SCF ITERATION NUMBER  5
     point #   1  energy = -40.000
     point #  20  energy = -28.902
     point #  40  energy =  -8.725
     point #  60  energy =  -7.753
New Fermi level:    mu=  -7.750 eV  Charge distance=  0.1656 (partial c.d.=  0.1069)
SCF ITERATION NUMBER  6
     point #   1  energy = -40.000
     point #  20  energy = -28.914
     point #  40  energy =  -8.758
     point #  60  energy =  -7.787
New Fermi level:    mu=  -7.840 eV  Charge distance=  0.0377 (partial c.d.=  0.7460)
SCF ITERATION NUMBER  7
     point #   1  energy = -40.000
     point #  20  energy = -28.945
     point #  40  energy =  -8.845
New Fermi level:    mu=  -7.839 eV  Charge distance=  0.0088 (partial c.d.=  0.3000)
SCF ITERATION NUMBER  8
     point #   1  energy = -40.000
     point #  20  energy = -28.945
     point #  40  energy =  -8.844
New Fermi level:    mu=  -7.836 eV  Charge distance=  0.0072 (partial c.d.=  0.0889)
SCF ITERATION NUMBER  9
     point #   1  energy = -40.000
     point #  20  energy = -28.944
     point #  40  energy =  -8.841
New Fermi level:    mu=  -7.836 eV  Charge distance=  0.0043 (partial c.d.=  0.0327)
SCF ITERATION NUMBER 10
     point #   1  energy = -40.000
     point #  20  energy = -28.944
     point #  40  energy =  -8.841
New Fermi level:    mu=  -7.831 eV  Charge distance=  0.0047 (partial c.d.=  0.0237)
SCF ITERATION NUMBER 11
     point #   1  energy = -40.000
     point #  20  energy = -28.942
     point #  40  energy =  -8.836
New Fermi level:    mu=  -7.826 eV  Charge distance=  0.0051 (partial c.d.=  0.0054)
SCF ITERATION NUMBER 12
     point #   1  energy = -40.000
     point #  20  energy = -28.940
     point #  40  energy =  -8.832
New Fermi level:    mu=  -7.819 eV  Charge distance=  0.0004 (partial c.d.=  0.0044)
SCF ITERATION NUMBER 13
     point #   1  energy = -40.000
     point #  20  energy = -28.938
     point #  40  energy =  -8.825
New Fermi level:    mu=  -7.818 eV  Charge distance=  0.0005 (partial c.d.=  0.0024)
SCF ITERATION NUMBER 14
     point #   1  energy = -40.000
     point #  20  energy = -28.937
     point #  40  energy =  -8.823
New Fermi level:    mu=  -7.817 eV  Charge distance=  0.0001 (partial c.d.=  0.0025)
SCF ITERATION NUMBER 15
     point #   1  energy = -40.000
     point #  20  energy = -28.937
     point #  40  energy =  -8.822
New Fermi level:    mu=  -7.817 eV  Charge distance=  0.0001 (partial c.d.=  0.0002)
SCF ITERATION NUMBER 16
     point #   1  energy = -40.000
     point #  20  energy = -28.937
     point #  40  energy =  -8.823
New Fermi level:    mu=  -7.818 eV  Charge distance=  0.0000 (partial c.d.=  0.0001)
Electronic configuration
  type     l     N_el
     0     0    0.507
     0     1    0.701
     0     2    9.129
     0     3    0.000
     1     0    0.504
     1     1    0.702
     1     2    9.132
     1     3    0.000
     2     0    1.607
     2     1    2.992
     2     2    1.063
     2     3    0.000
     3     0    1.932
     3     1    4.225
     3     2    0.082
     3     3    0.000
Charge transfer:  type  charge
       0   -0.663
       1   -0.661
       2   -1.338
       3    0.238
Convergence reached in   16 iterations.
Done with module: potentials.

Calculating screened core-hole potential ...
FMS for a cluster of   17 atoms around iph =   0
    0% of energy integration
   20%
   40%
   60%
   80%
  100%
Preparing response function.
Computing (1 - K Chi0)^-1 v_ch
Done with module: screened core-hole potential.

Calculating cross-section and phases ...
    absorption cross section
 x0,dx,rnrm,inrm,jnrm   8.80000000000000       5.000000000000000E-002
   2.38228675500008              194         195
    phase shifts for unique potential    0
    phase shifts for unique potential    1
    phase shifts for unique potential    2
    phase shifts for unique potential    3
Done with module: cross-section and phases (XSPH).

FMS calculation of full Green's function ...
FEFF-serial using 1 thread.
Using   194 energy points.
xprep done
FMS for a cluster of  213 atoms
Energy point    1/ 194
Energy point   10/ 194
Energy point   20/ 194
Energy point   30/ 194
Energy point   40/ 194
Energy point   50/ 194
Energy point   60/ 194
Energy point   70/ 194
Energy point   80/ 194
Energy point   90/ 194
Energy point  100/ 194
Energy point  110/ 194
Energy point  120/ 194
Energy point  130/ 194
Energy point  140/ 194
Energy point  150/ 194
Energy point  160/ 194
Energy point  170/ 194
Energy point  180/ 194
Energy point  190/ 194
Done with module: FMS.

MKGTR: Tracing over Green's function ...
Done with module: MKGTR.

Pathfinder: finding scattering paths...
Preparing plane wave scattering amplitudes
Searching for paths
Eliminating path degeneracies
0 paths retained.
Done with module: pathfinder.

Calculating EXAFS parameters ...
Done with module: EXAFS parameters (GENFMT).

Calculating XAS spectra ...
Done with module: XAS spectra (FF2X: DW + final sum over paths).

 
### feff ends at Sun Aug 13 18:34:24 EDT 2023
 
