### feff starts at Mon Aug 14 10:58:38 EDT 2023
### Serial version
### FeffPath is /sdcc/u/mcarbone/software/JFEFF/hsw/feff90/linux
 
Launching FEFF version FEFF 9.9.1
Core hole lifetime is   1.729 eV.
Your calculation:
 comment: None given
 Source:
 Structure Summary:  Zn8 Cu10 Te6 O36
 Reduced formula:  Zn4Cu5(TeO6)3
 space group: (C2/c), space number:  (15)
 abc:  8.753173   8.753173  10.522924
 angles: 84.621322  84.621322  61.110090
 sites: 60
Cu K edge XANES using RPA corehole.
Using:     * Self-Consistent Field potentials
Using cards:   ATOMS CONTROL EXCHANGE TITLE RPATH POTENTIALS XANES EDGE SCF FMS S02 COREHOLE EGRID

Calculating atomic potentials ...
    overlapped atomic potential and density for unique potential    0
    overlapped atomic potential and density for unique potential    1
    overlapped atomic potential and density for unique potential    2
    overlapped atomic potential and density for unique potential    3
    overlapped atomic potential and density for unique potential    4
Done with module: atomic potentials.

Calculating SCF potentials ...
FEFF-serial using 1 thread.
Muffin tin radii and interstitial parameters [bohr]:
type, norman radius, muffin tin, overlap factor
    0  1.35384E+00  1.27909E+00  1.15000E+00
    1  1.41850E+00  1.29348E+00  1.15000E+00
    2  1.35606E+00  1.28825E+00  1.14003E+00
    3  1.43773E+00  1.29639E+00  1.15000E+00
    4  1.07596E+00  9.67284E-01  1.15000E+00
Core-valence separation energy:  ecv=   -33.000 eV
Initial Fermi level:              mu=     2.903 eV
SCF ITERATION NUMBER  1
     point #   1  energy = -33.000
FMS for a cluster of  121 atoms around atom type   0
FMS for a cluster of  112 atoms around atom type   1
FMS for a cluster of  116 atoms around atom type   2
FMS for a cluster of  119 atoms around atom type   3
FMS for a cluster of  127 atoms around atom type   4
     point #  20  energy = -21.756
     point #  40  energy =  -5.447
     point #  60  energy =  -3.684
New Fermi level:    mu=  -3.769 eV  Charge distance=  0.6523 (partial c.d.= 10.3048)
SCF ITERATION NUMBER  1
     point #   1  energy = -33.000
FMS for a cluster of  121 atoms around atom type   0
FMS for a cluster of  112 atoms around atom type   1
FMS for a cluster of  116 atoms around atom type   2
FMS for a cluster of  119 atoms around atom type   3
FMS for a cluster of  127 atoms around atom type   4
     point #  20  energy = -21.912
     point #  40  energy =  -3.769
     point #  60  energy =  -3.859
     point #  80  energy =  -7.003
     point # 100  energy =  -6.222
New Fermi level:    mu=  -6.124 eV  Charge distance=  0.2871 (partial c.d.=  3.5312)
SCF ITERATION NUMBER  1
     point #   1  energy = -33.000
FMS for a cluster of  121 atoms around atom type   0
FMS for a cluster of  112 atoms around atom type   1
FMS for a cluster of  116 atoms around atom type   2
FMS for a cluster of  119 atoms around atom type   3
FMS for a cluster of  127 atoms around atom type   4
     point #  20  energy = -22.051
     point #  40  energy =  -6.124
New Fermi level:    mu=  -6.184 eV  Charge distance=  0.2048 (partial c.d.=  0.2591)
SCF ITERATION NUMBER  2
     point #   1  energy = -33.000
     point #  20  energy = -21.655
     point #  40  energy =  -6.184
     point #  60  energy =  -6.072
New Fermi level:    mu=  -6.069 eV  Charge distance=  0.4528 (partial c.d.=  0.2527)
SCF ITERATION NUMBER  3
     point #   1  energy = -33.000
     point #  20  energy = -22.028
     point #  40  energy =  -6.069
     point #  60  energy =  -6.169
New Fermi level:    mu=  -6.196 eV  Charge distance=  0.1495 (partial c.d.=  0.1208)
SCF ITERATION NUMBER  4
     point #   1  energy = -33.000
     point #  20  energy = -21.660
     point #  40  energy =  -6.196
     point #  60  energy =  -6.308
New Fermi level:    mu=  -6.304 eV  Charge distance=  0.0287 (partial c.d.=  0.0238)
SCF ITERATION NUMBER  5
     point #   1  energy = -33.000
     point #  20  energy = -21.706
     point #  40  energy =  -6.304
New Fermi level:    mu=  -6.312 eV  Charge distance=  0.0331 (partial c.d.=  0.0229)
SCF ITERATION NUMBER  6
     point #   1  energy = -33.000
     point #  20  energy = -21.709
     point #  40  energy =  -6.312
New Fermi level:    mu=  -6.300 eV  Charge distance=  0.0079 (partial c.d.=  0.0226)
SCF ITERATION NUMBER  7
     point #   1  energy = -33.000
     point #  20  energy = -21.704
     point #  40  energy =  -6.300
New Fermi level:    mu=  -6.286 eV  Charge distance=  0.0031 (partial c.d.=  0.0130)
SCF ITERATION NUMBER  8
     point #   1  energy = -33.000
     point #  20  energy = -21.698
     point #  40  energy =  -6.286
New Fermi level:    mu=  -6.275 eV  Charge distance=  0.0033 (partial c.d.=  0.0057)
SCF ITERATION NUMBER  9
     point #   1  energy = -33.000
     point #  20  energy = -21.693
     point #  40  energy =  -6.275
New Fermi level:    mu=  -6.267 eV  Charge distance=  0.0001 (partial c.d.=  0.0023)
SCF ITERATION NUMBER 10
     point #   1  energy = -33.000
     point #  20  energy = -21.690
     point #  40  energy =  -6.267
New Fermi level:    mu=  -6.267 eV  Charge distance=  0.0002 (partial c.d.=  0.0001)
Electronic configuration
  type     l     N_el
     0     0    0.490
     0     1    0.597
     0     2    9.648
     0     3    0.000
     1     0    0.797
     1     1    0.997
     1     2   10.237
     1     3    0.000
     2     0    0.478
     2     1    0.584
     2     2    9.662
     2     3    0.000
     3     0    1.637
     3     1    2.172
     3     2    0.935
     3     3    0.000
     4     0    1.853
     4     1    4.353
     4     2    0.073
     4     3    0.000
Charge transfer:  type  charge
       0   -0.266
       1    0.031
       2   -0.276
       3   -1.256
       4    0.279
Convergence reached in   10 iterations.
Done with module: potentials.

Calculating screened core-hole potential ...
FMS for a cluster of   27 atoms around iph =   0
    0% of energy integration
   20%
   40%
   60%
   80%
  100%
Preparing response function.
Computing (1 - K Chi0)^-1 v_ch
Done with module: screened core-hole potential.

Calculating cross-section and phases ...
    absorption cross section
 x0,dx,rnrm,inrm,jnrm   8.80000000000000       5.000000000000000E-002
   2.55838917899991              195         196
    phase shifts for unique potential    0
    phase shifts for unique potential    1
    phase shifts for unique potential    2
    phase shifts for unique potential    3
    phase shifts for unique potential    4
Done with module: cross-section and phases (XSPH).

FMS calculation of full Green's function ...
FEFF-serial using 1 thread.
Using   194 energy points.
xprep done
FMS for a cluster of  257 atoms
Energy point    1/ 194
Energy point   10/ 194
Energy point   20/ 194
Energy point   30/ 194
Energy point   40/ 194
Energy point   50/ 194
Energy point   60/ 194
Energy point   70/ 194
Energy point   80/ 194
Energy point   90/ 194
Energy point  100/ 194
Energy point  110/ 194
Energy point  120/ 194
Energy point  130/ 194
Energy point  140/ 194
Energy point  150/ 194
Energy point  160/ 194
Energy point  170/ 194
Energy point  180/ 194
Energy point  190/ 194
Done with module: FMS.

MKGTR: Tracing over Green's function ...
Done with module: MKGTR.

Pathfinder: finding scattering paths...
Preparing plane wave scattering amplitudes
Searching for paths
Eliminating path degeneracies
0 paths retained.
Done with module: pathfinder.

Calculating EXAFS parameters ...
Done with module: EXAFS parameters (GENFMT).

Calculating XAS spectra ...
Done with module: XAS spectra (FF2X: DW + final sum over paths).

 
### feff ends at Mon Aug 14 12:41:03 EDT 2023
 
