### feff starts at Sun Aug 13 17:17:21 EDT 2023
### Serial version
### FeffPath is /sdcc/u/mcarbone/software/JFEFF/hsw/feff90/linux
 
Launching FEFF version FEFF 9.9.1
Core hole lifetime is   1.729 eV.
Your calculation:
 comment: None given
 Source:
 Structure Summary:  Cu4 S8 N8 O32
 Reduced formula:  CuS2(NO4)2
 space group: (P-1), space number:  (2)
 abc:  9.357260   9.405102  10.177782
 angles:113.847050  92.456355  90.785757
 sites: 52
Cu K edge XANES using RPA corehole.
Using:     * Self-Consistent Field potentials
Using cards:   ATOMS CONTROL EXCHANGE TITLE RPATH POTENTIALS XANES EDGE SCF FMS S02 COREHOLE EGRID

Calculating atomic potentials ...
    overlapped atomic potential and density for unique potential    0
    overlapped atomic potential and density for unique potential    1
    overlapped atomic potential and density for unique potential    2
    overlapped atomic potential and density for unique potential    3
    overlapped atomic potential and density for unique potential    4
Done with module: atomic potentials.

Calculating SCF potentials ...
FEFF-serial using 1 thread.
Muffin tin radii and interstitial parameters [bohr]:
 WARNING: NO ATOMS CLOSE ENOUGH TO OVERLAP ATOM   15,  UNIQUE POT    3!!  Rmt set to Rnorman.  May be error in input file.
type, norman radius, muffin tin, overlap factor
    0  1.30259E+00  1.21606E+00  1.15000E+00
    1  1.30263E+00  1.21608E+00  1.15000E+00
    2  1.10944E+00  8.92145E-01  1.15000E+00
    3  1.66341E+00  1.66341E+00  1.00000E+00
    4  1.03011E+00  8.91549E-01  1.15000E+00
Core-valence separation energy:  ecv=   -40.000 eV
Initial Fermi level:              mu=    11.130 eV
SCF ITERATION NUMBER  1
     point #   1  energy = -40.000
FMS for a cluster of   90 atoms around atom type   0
FMS for a cluster of   69 atoms around atom type   1
FMS for a cluster of   84 atoms around atom type   2
FMS for a cluster of   79 atoms around atom type   3
FMS for a cluster of   90 atoms around atom type   4
     point #  20  energy = -28.782
     point #  40  energy =  -8.532
     point #  60  energy =  -5.294
New Fermi level:    mu=  -4.426 eV  Charge distance=  1.3793 (partial c.d.=  5.1945)
SCF ITERATION NUMBER  1
     point #   1  energy = -40.000
FMS for a cluster of   90 atoms around atom type   0
FMS for a cluster of   69 atoms around atom type   1
FMS for a cluster of   84 atoms around atom type   2
FMS for a cluster of   79 atoms around atom type   3
FMS for a cluster of   90 atoms around atom type   4
     point #  20  energy = -28.820
     point #  40  energy =  -8.492
     point #  60  energy =  -4.426
     point #  80  energy =  -6.239
New Fermi level:    mu=  -5.790 eV  Charge distance=  0.4745 (partial c.d.=  7.3710)
SCF ITERATION NUMBER  1
     point #   1  energy = -40.000
FMS for a cluster of   90 atoms around atom type   0
FMS for a cluster of   69 atoms around atom type   1
FMS for a cluster of   84 atoms around atom type   2
FMS for a cluster of   79 atoms around atom type   3
FMS for a cluster of   90 atoms around atom type   4
     point #  20  energy = -28.932
     point #  40  energy =  -8.808
     point #  60  energy =  -5.802
     point #  80  energy =  -7.337
New Fermi level:    mu=  -7.561 eV  Charge distance=  0.2622 (partial c.d.=  0.8340)
SCF ITERATION NUMBER  2
     point #   1  energy = -40.000
     point #  20  energy = -28.849
     point #  40  energy =  -8.575
     point #  60  energy =  -7.601
New Fermi level:    mu=  -7.685 eV  Charge distance=  0.1492 (partial c.d.=  0.6127)
SCF ITERATION NUMBER  3
     point #   1  energy = -40.000
     point #  20  energy = -28.892
     point #  40  energy =  -8.694
     point #  60  energy =  -7.644
     point #  80  energy =  -7.153
New Fermi level:    mu=  -7.160 eV  Charge distance=  0.1492 (partial c.d.=  0.7113)
SCF ITERATION NUMBER  4
     point #   1  energy = -40.000
     point #  20  energy = -28.711
     point #  40  energy =  -8.187
     point #  60  energy =  -7.201
New Fermi level:    mu=  -7.283 eV  Charge distance=  0.1175 (partial c.d.=  1.1623)
SCF ITERATION NUMBER  5
     point #   1  energy = -40.000
     point #  20  energy = -28.754
     point #  40  energy =  -8.306
     point #  60  energy =  -7.324
New Fermi level:    mu=  -7.492 eV  Charge distance=  0.1281 (partial c.d.=  0.4172)
SCF ITERATION NUMBER  6
     point #   1  energy = -40.000
     point #  20  energy = -28.825
     point #  40  energy =  -8.507
     point #  60  energy =  -7.529
New Fermi level:    mu=  -7.551 eV  Charge distance=  0.0659 (partial c.d.=  1.1792)
SCF ITERATION NUMBER  7
     point #   1  energy = -40.000
     point #  20  energy = -28.846
     point #  40  energy =  -8.565
     point #  60  energy =  -7.588
New Fermi level:    mu=  -7.588 eV  Charge distance=  0.0540 (partial c.d.=  1.1390)
SCF ITERATION NUMBER  8
     point #   1  energy = -40.000
     point #  20  energy = -28.858
     point #  40  energy =  -8.600
     point #  60  energy =  -7.625
New Fermi level:    mu=  -7.664 eV  Charge distance=  0.0296 (partial c.d.=  1.0228)
SCF ITERATION NUMBER  9
     point #   1  energy = -40.000
     point #  20  energy = -28.885
     point #  40  energy =  -8.675
     point #  60  energy =  -7.627
New Fermi level:    mu=  -7.568 eV  Charge distance=  0.0205 (partial c.d.=  0.6936)
SCF ITERATION NUMBER 10
     point #   1  energy = -40.000
     point #  20  energy = -28.851
     point #  40  energy =  -8.581
     point #  60  energy =  -7.605
New Fermi level:    mu=  -7.652 eV  Charge distance=  0.0031 (partial c.d.=  0.4468)
SCF ITERATION NUMBER 11
     point #   1  energy = -40.000
     point #  20  energy = -28.880
     point #  40  energy =  -8.663
New Fermi level:    mu=  -7.636 eV  Charge distance=  0.0052 (partial c.d.=  0.1121)
SCF ITERATION NUMBER 12
     point #   1  energy = -40.000
     point #  20  energy = -28.875
     point #  40  energy =  -8.647
New Fermi level:    mu=  -7.612 eV  Charge distance=  0.0023 (partial c.d.=  0.0992)
SCF ITERATION NUMBER 13
     point #   1  energy = -40.000
     point #  20  energy = -28.867
     point #  40  energy =  -8.624
New Fermi level:    mu=  -7.623 eV  Charge distance=  0.0016 (partial c.d.=  0.0467)
SCF ITERATION NUMBER 14
     point #   1  energy = -40.000
     point #  20  energy = -28.870
     point #  40  energy =  -8.634
New Fermi level:    mu=  -7.621 eV  Charge distance=  0.0037 (partial c.d.=  0.0064)
SCF ITERATION NUMBER 15
     point #   1  energy = -40.000
     point #  20  energy = -28.870
     point #  40  energy =  -8.633
New Fermi level:    mu=  -7.617 eV  Charge distance=  0.0009 (partial c.d.=  0.0138)
SCF ITERATION NUMBER 16
     point #   1  energy = -40.000
     point #  20  energy = -28.868
     point #  40  energy =  -8.629
New Fermi level:    mu=  -7.615 eV  Charge distance=  0.0004 (partial c.d.=  0.0073)
SCF ITERATION NUMBER 17
     point #   1  energy = -40.000
     point #  20  energy = -28.868
     point #  40  energy =  -8.627
New Fermi level:    mu=  -7.615 eV  Charge distance=  0.0001 (partial c.d.=  0.0021)
SCF ITERATION NUMBER 18
     point #   1  energy = -40.000
     point #  20  energy = -28.868
     point #  40  energy =  -8.627
New Fermi level:    mu=  -7.615 eV  Charge distance=  0.0001 (partial c.d.=  0.0008)
SCF ITERATION NUMBER 19
     point #   1  energy = -40.000
     point #  20  energy = -28.868
     point #  40  energy =  -8.627
New Fermi level:    mu=  -7.615 eV  Charge distance=  0.0000 (partial c.d.=  0.0009)
SCF ITERATION NUMBER 20
     point #   1  energy = -40.000
     point #  20  energy = -28.868
     point #  40  energy =  -8.627
New Fermi level:    mu=  -7.615 eV  Charge distance=  0.0000 (partial c.d.=  0.0001)
Electronic configuration
  type     l     N_el
     0     0    0.499
     0     1    0.615
     0     2    9.373
     0     3    0.000
     1     0    0.499
     1     1    0.615
     1     2    9.374
     1     3    0.000
     2     0    1.402
     2     1    2.502
     2     2    1.082
     2     3    0.000
     3     0    1.997
     3     1    3.592
     3     2    0.088
     3     3    0.000
     4     0    1.811
     4     1    4.250
     4     2    0.087
     4     3    0.000
Charge transfer:  type  charge
       0   -0.512
       1   -0.512
       2   -1.014
       3    0.678
       4    0.148
Convergence reached in   20 iterations.
Done with module: potentials.

Calculating screened core-hole potential ...
FMS for a cluster of   22 atoms around iph =   0
    0% of energy integration
   20%
   40%
   60%
   80%
  100%
Preparing response function.
Computing (1 - K Chi0)^-1 v_ch
Done with module: screened core-hole potential.

Calculating cross-section and phases ...
    absorption cross section
 x0,dx,rnrm,inrm,jnrm   8.80000000000000       5.000000000000000E-002
   2.46153110299983              195         196
    phase shifts for unique potential    0
    phase shifts for unique potential    1
    phase shifts for unique potential    2
    phase shifts for unique potential    3
    phase shifts for unique potential    4
Done with module: cross-section and phases (XSPH).

FMS calculation of full Green's function ...
FEFF-serial using 1 thread.
Using   194 energy points.
xprep done
FMS for a cluster of  194 atoms
Energy point    1/ 194
Energy point   10/ 194
Energy point   20/ 194
Energy point   30/ 194
Energy point   40/ 194
Energy point   50/ 194
Energy point   60/ 194
Energy point   70/ 194
Energy point   80/ 194
Energy point   90/ 194
Energy point  100/ 194
Energy point  110/ 194
Energy point  120/ 194
Energy point  130/ 194
Energy point  140/ 194
Energy point  150/ 194
Energy point  160/ 194
Energy point  170/ 194
Energy point  180/ 194
Energy point  190/ 194
Done with module: FMS.

MKGTR: Tracing over Green's function ...
Done with module: MKGTR.

Pathfinder: finding scattering paths...
Preparing plane wave scattering amplitudes
Searching for paths
Eliminating path degeneracies
0 paths retained.
Done with module: pathfinder.

Calculating EXAFS parameters ...
Done with module: EXAFS parameters (GENFMT).

Calculating XAS spectra ...
Done with module: XAS spectra (FF2X: DW + final sum over paths).

 
### feff ends at Sun Aug 13 18:25:04 EDT 2023
 
