### feff starts at Mon Aug 14 03:30:11 EDT 2023
### Serial version
### FeffPath is /sdcc/u/mcarbone/software/JFEFF/hsw/feff90/linux
 
Launching FEFF version FEFF 9.9.1
Core hole lifetime is   1.729 eV.
Your calculation:
 comment: None given
 Source:
 Structure Summary:  Sr8 Cu8 O17
 Reduced formula:  Sr8Cu8O17
 space group: (C2/m), space number:  (12)
 abc:  8.802615   8.802615   8.118566
 angles: 64.260792  64.260792  52.805532
 sites: 33
Cu K edge XANES using RPA corehole.
Using:     * Self-Consistent Field potentials
Using cards:   ATOMS CONTROL EXCHANGE TITLE RPATH POTENTIALS XANES EDGE SCF FMS S02 COREHOLE EGRID

Calculating atomic potentials ...
    overlapped atomic potential and density for unique potential    0
    overlapped atomic potential and density for unique potential    1
    overlapped atomic potential and density for unique potential    2
    overlapped atomic potential and density for unique potential    3
Done with module: atomic potentials.

Calculating SCF potentials ...
FEFF-serial using 1 thread.
Muffin tin radii and interstitial parameters [bohr]:
type, norman radius, muffin tin, overlap factor
    0  1.28319E+00  1.21671E+00  1.14611E+00
    1  1.84003E+00  1.79496E+00  1.06223E+00
    2  1.29429E+00  1.21274E+00  1.15000E+00
    3  1.09102E+00  1.03550E+00  1.14300E+00
Core-valence separation energy:  ecv=   -34.500 eV
Initial Fermi level:              mu=    -1.700 eV
SCF ITERATION NUMBER  1
     point #   1  energy = -34.500
FMS for a cluster of  109 atoms around atom type   0
FMS for a cluster of  110 atoms around atom type   1
FMS for a cluster of  101 atoms around atom type   2
FMS for a cluster of  105 atoms around atom type   3
     point #  20  energy = -23.263
     point #  40  energy =  -6.959
     point #  60  energy =  -4.841
New Fermi level:    mu=  -4.782 eV  Charge distance=  0.5919 (partial c.d.=  8.1557)
SCF ITERATION NUMBER  1
     point #   1  energy = -34.500
FMS for a cluster of  109 atoms around atom type   0
FMS for a cluster of  110 atoms around atom type   1
FMS for a cluster of  101 atoms around atom type   2
FMS for a cluster of  105 atoms around atom type   3
     point #  20  energy = -23.228
     point #  40  energy =  -4.782
     point #  60  energy =  -4.873
     point #  80  energy =  -9.060
     point # 100  energy = -10.710
New Fermi level:    mu= -10.908 eV  Charge distance=  0.2149 (partial c.d.=  2.9983)
SCF ITERATION NUMBER  1
     point #   1  energy = -34.500
FMS for a cluster of  109 atoms around atom type   0
FMS for a cluster of  110 atoms around atom type   1
FMS for a cluster of  101 atoms around atom type   2
FMS for a cluster of  105 atoms around atom type   3
     point #  20  energy = -23.217
     point #  40  energy = -10.908
     point #  60  energy = -10.289
     point #  80  energy =  -9.424
New Fermi level:    mu=  -9.533 eV  Charge distance=  0.1304 (partial c.d.=  1.3915)
SCF ITERATION NUMBER  2
     point #   1  energy = -34.500
     point #  20  energy = -23.515
     point #  40  energy =  -9.533
New Fermi level:    mu=  -9.447 eV  Charge distance=  0.2029 (partial c.d.=  0.9670)
SCF ITERATION NUMBER  3
     point #   1  energy = -34.500
     point #  20  energy = -23.477
     point #  40  energy =  -9.447
     point #  60  energy =  -9.106
New Fermi level:    mu=  -9.021 eV  Charge distance=  0.1626 (partial c.d.=  0.9745)
SCF ITERATION NUMBER  4
     point #   1  energy = -34.500
     point #  20  energy = -23.289
     point #  40  energy =  -9.021
New Fermi level:    mu=  -9.051 eV  Charge distance=  0.0462 (partial c.d.=  0.4338)
SCF ITERATION NUMBER  5
     point #   1  energy = -34.500
     point #  20  energy = -23.302
     point #  40  energy =  -9.051
     point #  60  energy =  -9.176
New Fermi level:    mu=  -9.187 eV  Charge distance=  0.0032 (partial c.d.=  0.2356)
SCF ITERATION NUMBER  6
     point #   1  energy = -34.500
     point #  20  energy = -23.362
     point #  40  energy =  -9.187
New Fermi level:    mu=  -9.260 eV  Charge distance=  0.0122 (partial c.d.=  0.1010)
SCF ITERATION NUMBER  7
     point #   1  energy = -34.500
     point #  20  energy = -23.394
     point #  40  energy =  -9.260
New Fermi level:    mu=  -9.314 eV  Charge distance=  0.0052 (partial c.d.=  0.0078)
SCF ITERATION NUMBER  8
     point #   1  energy = -34.500
     point #  20  energy = -23.418
     point #  40  energy =  -9.314
New Fermi level:    mu=  -9.317 eV  Charge distance=  0.0051 (partial c.d.=  0.0076)
SCF ITERATION NUMBER  9
     point #   1  energy = -34.500
     point #  20  energy = -23.420
     point #  40  energy =  -9.317
New Fermi level:    mu=  -9.310 eV  Charge distance=  0.0063 (partial c.d.=  0.0052)
SCF ITERATION NUMBER 10
     point #   1  energy = -34.500
     point #  20  energy = -23.416
     point #  40  energy =  -9.310
New Fermi level:    mu=  -9.303 eV  Charge distance=  0.0005 (partial c.d.=  0.0052)
SCF ITERATION NUMBER 11
     point #   1  energy = -34.500
     point #  20  energy = -23.413
     point #  40  energy =  -9.303
New Fermi level:    mu=  -9.304 eV  Charge distance=  0.0001 (partial c.d.=  0.0005)
SCF ITERATION NUMBER 12
     point #   1  energy = -34.500
     point #  20  energy = -23.414
     point #  40  energy =  -9.304
New Fermi level:    mu=  -9.304 eV  Charge distance=  0.0002 (partial c.d.=  0.0000)
Electronic configuration
  type     l     N_el
     0     0    0.489
     0     1    0.644
     0     2    9.384
     0     3    0.000
     1     0    0.287
     1     1    6.392
     1     2    0.872
     1     3    0.000
     2     0    0.534
     2     1    0.621
     2     2    9.332
     2     3    0.000
     3     0    1.840
     3     1    4.538
     3     2    0.074
     3     3    0.000
Charge transfer:  type  charge
       0   -0.483
       1   -0.449
       2   -0.513
       3    0.453
Convergence reached in   12 iterations.
Done with module: potentials.

Calculating screened core-hole potential ...
FMS for a cluster of   21 atoms around iph =   0
    0% of energy integration
   20%
   40%
   60%
   80%
  100%
Preparing response function.
Computing (1 - K Chi0)^-1 v_ch
Done with module: screened core-hole potential.

Calculating cross-section and phases ...
    absorption cross section
 x0,dx,rnrm,inrm,jnrm   8.80000000000000       5.000000000000000E-002
   2.42487316899984              194         195
    phase shifts for unique potential    0
    phase shifts for unique potential    1
    phase shifts for unique potential    2
    phase shifts for unique potential    3
Done with module: cross-section and phases (XSPH).

FMS calculation of full Green's function ...
FEFF-serial using 1 thread.
Using   194 energy points.
xprep done
FMS for a cluster of  245 atoms
Energy point    1/ 194
Energy point   10/ 194
Energy point   20/ 194
Energy point   30/ 194
Energy point   40/ 194
Energy point   50/ 194
Energy point   60/ 194
Energy point   70/ 194
Energy point   80/ 194
Energy point   90/ 194
Energy point  100/ 194
Energy point  110/ 194
Energy point  120/ 194
Energy point  130/ 194
Energy point  140/ 194
Energy point  150/ 194
Energy point  160/ 194
Energy point  170/ 194
Energy point  180/ 194
Energy point  190/ 194
Done with module: FMS.

MKGTR: Tracing over Green's function ...
Done with module: MKGTR.

Pathfinder: finding scattering paths...
Preparing plane wave scattering amplitudes
Searching for paths
Eliminating path degeneracies
0 paths retained.
Done with module: pathfinder.

Calculating EXAFS parameters ...
Done with module: EXAFS parameters (GENFMT).

Calculating XAS spectra ...
Done with module: XAS spectra (FF2X: DW + final sum over paths).

 
### feff ends at Mon Aug 14 04:54:22 EDT 2023
 
