### feff starts at Mon Aug 14 04:32:31 EDT 2023
### Serial version
### FeffPath is /sdcc/u/mcarbone/software/JFEFF/hsw/feff90/linux
 
Launching FEFF version FEFF 9.9.1
Core hole lifetime is   1.729 eV.
Your calculation:
 comment: None given
 Source:
 Structure Summary:  Cu8 H8 Se8 O28
 Reduced formula:  Cu2H2Se2O7
 space group: (P2_1/c), space number:  (14)
 abc:  7.637967   8.551198  10.631325
 angles: 68.377002  90.000000  90.000000
 sites: 52
Cu K edge XANES using RPA corehole.
Using:     * Self-Consistent Field potentials
Using cards:   ATOMS CONTROL EXCHANGE TITLE RPATH POTENTIALS XANES EDGE SCF FMS S02 COREHOLE EGRID

Calculating atomic potentials ...
    overlapped atomic potential and density for unique potential    0
    overlapped atomic potential and density for unique potential    1
    overlapped atomic potential and density for unique potential    2
    overlapped atomic potential and density for unique potential    3
    overlapped atomic potential and density for unique potential    4
Done with module: atomic potentials.

Calculating SCF potentials ...
FEFF-serial using 1 thread.
Muffin tin radii and interstitial parameters [bohr]:
type, norman radius, muffin tin, overlap factor
    0  1.34805E+00  1.25614E+00  1.15000E+00
    1  1.36800E+00  1.29800E+00  1.14396E+00
    2  7.98388E-01  6.61401E-01  1.15000E+00
    3  1.33277E+00  1.10630E+00  1.15000E+00
    4  1.07780E+00  9.33053E-01  1.15000E+00
Core-valence separation energy:  ecv=   -40.000 eV
Initial Fermi level:              mu=     5.570 eV
SCF ITERATION NUMBER  1
     point #   1  energy = -40.000
FMS for a cluster of  120 atoms around atom type   0
FMS for a cluster of  109 atoms around atom type   1
FMS for a cluster of  114 atoms around atom type   2
FMS for a cluster of  109 atoms around atom type   3
FMS for a cluster of  115 atoms around atom type   4
     point #  20  energy = -28.861
     point #  40  energy =  -8.611
     point #  60  energy =  -2.830
     point #  80  energy =  -3.027
New Fermi level:    mu=  -3.033 eV  Charge distance=  0.5655 (partial c.d.=  7.1553)
SCF ITERATION NUMBER  1
     point #   1  energy = -40.000
FMS for a cluster of  120 atoms around atom type   0
FMS for a cluster of  109 atoms around atom type   1
FMS for a cluster of  114 atoms around atom type   2
FMS for a cluster of  109 atoms around atom type   3
FMS for a cluster of  115 atoms around atom type   4
     point #  20  energy = -29.010
     point #  40  energy =  -9.027
     point #  60  energy =  -3.033
     point #  80  energy =  -4.667
     point # 100  energy =  -5.517
New Fermi level:    mu=  -5.399 eV  Charge distance=  0.2122 (partial c.d.=  3.2383)
SCF ITERATION NUMBER  1
     point #   1  energy = -40.000
FMS for a cluster of  120 atoms around atom type   0
FMS for a cluster of  109 atoms around atom type   1
FMS for a cluster of  114 atoms around atom type   2
FMS for a cluster of  109 atoms around atom type   3
FMS for a cluster of  115 atoms around atom type   4
     point #  20  energy = -28.806
     point #  40  energy =  -8.452
     point #  60  energy =  -5.386
New Fermi level:    mu=  -5.260 eV  Charge distance=  0.1361 (partial c.d.=  0.3025)
SCF ITERATION NUMBER  2
     point #   1  energy = -40.000
     point #  20  energy = -28.761
     point #  40  energy =  -8.326
     point #  60  energy =  -5.248
New Fermi level:    mu=  -5.054 eV  Charge distance=  0.2144 (partial c.d.=  0.2399)
SCF ITERATION NUMBER  3
     point #   1  energy = -40.000
     point #  20  energy = -29.017
     point #  40  energy =  -9.048
     point #  60  energy =  -5.054
New Fermi level:    mu=  -5.083 eV  Charge distance=  0.1774 (partial c.d.=  0.0684)
SCF ITERATION NUMBER  4
     point #   1  energy = -40.000
     point #  20  energy = -28.703
     point #  40  energy =  -8.164
     point #  60  energy =  -5.095
New Fermi level:    mu=  -5.115 eV  Charge distance=  0.0335 (partial c.d.=  0.0962)
SCF ITERATION NUMBER  5
     point #   1  energy = -40.000
     point #  20  energy = -28.714
     point #  40  energy =  -8.193
     point #  60  energy =  -5.128
New Fermi level:    mu=  -5.146 eV  Charge distance=  0.0036 (partial c.d.=  0.0521)
SCF ITERATION NUMBER  6
     point #   1  energy = -40.000
     point #  20  energy = -28.724
     point #  40  energy =  -8.222
     point #  60  energy =  -5.159
New Fermi level:    mu=  -5.146 eV  Charge distance=  0.0092 (partial c.d.=  0.0125)
SCF ITERATION NUMBER  7
     point #   1  energy = -40.000
     point #  20  energy = -28.724
     point #  40  energy =  -8.222
     point #  60  energy =  -5.134
New Fermi level:    mu=  -5.143 eV  Charge distance=  0.0043 (partial c.d.=  0.0080)
SCF ITERATION NUMBER  8
     point #   1  energy = -40.000
     point #  20  energy = -28.723
     point #  40  energy =  -8.218
     point #  60  energy =  -5.130
New Fermi level:    mu=  -5.136 eV  Charge distance=  0.0020 (partial c.d.=  0.0017)
SCF ITERATION NUMBER  9
     point #   1  energy = -40.000
     point #  20  energy = -28.720
     point #  40  energy =  -8.212
     point #  60  energy =  -5.123
New Fermi level:    mu=  -5.131 eV  Charge distance=  0.0004 (partial c.d.=  0.0011)
SCF ITERATION NUMBER 10
     point #   1  energy = -40.000
     point #  20  energy = -28.719
     point #  40  energy =  -8.207
     point #  60  energy =  -5.118
New Fermi level:    mu=  -5.130 eV  Charge distance=  0.0001 (partial c.d.=  0.0007)
SCF ITERATION NUMBER 11
     point #   1  energy = -40.000
     point #  20  energy = -28.718
     point #  40  energy =  -8.207
     point #  60  energy =  -5.142
New Fermi level:    mu=  -5.130 eV  Charge distance=  0.0001 (partial c.d.=  0.0003)
SCF ITERATION NUMBER 12
     point #   1  energy = -40.000
     point #  20  energy = -28.718
     point #  40  energy =  -8.207
     point #  60  energy =  -5.142
New Fermi level:    mu=  -5.130 eV  Charge distance=  0.0002 (partial c.d.=  0.0001)
Electronic configuration
  type     l     N_el
     0     0    0.524
     0     1    0.677
     0     2    9.646
     0     3    0.000
     1     0    0.504
     1     1    0.634
     1     2    9.703
     1     3    0.000
     2     0    0.643
     2     1    0.249
     2     2    0.000
     2     3    0.000
     3     0    1.753
     3     1    2.760
     3     2    0.716
     3     3    0.000
     4     0    1.858
     4     1    4.354
     4     2    0.084
     4     3    0.000
Charge transfer:  type  charge
       0   -0.153
       1   -0.159
       2   -0.108
       3   -0.771
       4    0.297
Convergence reached in   12 iterations.
Done with module: potentials.

Calculating screened core-hole potential ...
FMS for a cluster of   20 atoms around iph =   0
    0% of energy integration
   20%
   40%
   60%
   80%
  100%
Preparing response function.
Computing (1 - K Chi0)^-1 v_ch
Done with module: screened core-hole potential.

Calculating cross-section and phases ...
    absorption cross section
 x0,dx,rnrm,inrm,jnrm   8.80000000000000       5.000000000000000E-002
   2.54744188499988              195         196
    phase shifts for unique potential    0
    phase shifts for unique potential    1
    phase shifts for unique potential    2
    phase shifts for unique potential    3
    phase shifts for unique potential    4
Done with module: cross-section and phases (XSPH).

FMS calculation of full Green's function ...
FEFF-serial using 1 thread.
Using   194 energy points.
xprep done
FMS for a cluster of  249 atoms
Energy point    1/ 194
Energy point   10/ 194
Energy point   20/ 194
Energy point   30/ 194
Energy point   40/ 194
Energy point   50/ 194
Energy point   60/ 194
Energy point   70/ 194
Energy point   80/ 194
Energy point   90/ 194
Energy point  100/ 194
Energy point  110/ 194
Energy point  120/ 194
Energy point  130/ 194
Energy point  140/ 194
Energy point  150/ 194
Energy point  160/ 194
Energy point  170/ 194
Energy point  180/ 194
Energy point  190/ 194
Done with module: FMS.

MKGTR: Tracing over Green's function ...
Done with module: MKGTR.

Pathfinder: finding scattering paths...
Preparing plane wave scattering amplitudes
Searching for paths
Eliminating path degeneracies
0 paths retained.
Done with module: pathfinder.

Calculating EXAFS parameters ...
Done with module: EXAFS parameters (GENFMT).

Calculating XAS spectra ...
Done with module: XAS spectra (FF2X: DW + final sum over paths).

 
### feff ends at Mon Aug 14 06:04:32 EDT 2023
 
