### feff starts at Sun Aug 13 23:23:10 EDT 2023
### Serial version
### FeffPath is /sdcc/u/mcarbone/software/JFEFF/hsw/feff90/linux
 
Launching FEFF version FEFF 9.9.1
Core hole lifetime is   1.729 eV.
Your calculation:
 comment: None given
 Source:
 Structure Summary:  Cu10 Se2 Cl10 O8
 Reduced formula:  Cu5SeCl5O4
 space group: (P2_1), space number:  (4)
 abc:  6.320745   9.414563   9.661319
 angles: 91.550617  90.000000  90.000000
 sites: 30
Cu K edge XANES using RPA corehole.
Using:     * Self-Consistent Field potentials
Using cards:   ATOMS CONTROL EXCHANGE TITLE RPATH POTENTIALS XANES EDGE SCF FMS S02 COREHOLE EGRID

Calculating atomic potentials ...
    overlapped atomic potential and density for unique potential    0
    overlapped atomic potential and density for unique potential    1
    overlapped atomic potential and density for unique potential    2
    overlapped atomic potential and density for unique potential    3
    overlapped atomic potential and density for unique potential    4
Done with module: atomic potentials.

Calculating SCF potentials ...
FEFF-serial using 1 thread.
Muffin tin radii and interstitial parameters [bohr]:
type, norman radius, muffin tin, overlap factor
    0  1.39243E+00  1.24618E+00  1.15000E+00
    1  1.37197E+00  1.24471E+00  1.15000E+00
    2  1.33808E+00  1.11630E+00  1.15000E+00
    3  1.57279E+00  1.38140E+00  1.15000E+00
    4  1.07224E+00  9.53557E-01  1.15000E+00
Core-valence separation energy:  ecv=   -40.000 eV
Initial Fermi level:              mu=     0.688 eV
SCF ITERATION NUMBER  1
     point #   1  energy = -40.000
FMS for a cluster of   81 atoms around atom type   0
FMS for a cluster of   72 atoms around atom type   1
FMS for a cluster of   70 atoms around atom type   2
FMS for a cluster of   72 atoms around atom type   3
FMS for a cluster of   84 atoms around atom type   4
     point #  20  energy = -28.825
     point #  40  energy =  -8.575
     point #  60  energy =  -2.322
     point #  80  energy =  -2.719
New Fermi level:    mu=  -2.743 eV  Charge distance=  0.3325 (partial c.d.=  8.3256)
SCF ITERATION NUMBER  1
     point #   1  energy = -40.000
FMS for a cluster of   81 atoms around atom type   0
FMS for a cluster of   72 atoms around atom type   1
FMS for a cluster of   70 atoms around atom type   2
FMS for a cluster of   72 atoms around atom type   3
FMS for a cluster of   84 atoms around atom type   4
     point #  20  energy = -28.923
     point #  40  energy =  -8.784
     point #  60  energy =  -2.743
     point #  80  energy =  -4.377
     point # 100  energy =  -5.824
New Fermi level:    mu=  -5.758 eV  Charge distance=  0.2130 (partial c.d.=  1.8857)
SCF ITERATION NUMBER  1
     point #   1  energy = -40.000
FMS for a cluster of   81 atoms around atom type   0
FMS for a cluster of   72 atoms around atom type   1
FMS for a cluster of   70 atoms around atom type   2
FMS for a cluster of   72 atoms around atom type   3
FMS for a cluster of   84 atoms around atom type   4
     point #  20  energy = -28.922
     point #  40  energy =  -8.780
     point #  60  energy =  -5.746
     point #  80  energy =  -4.999
New Fermi level:    mu=  -5.053 eV  Charge distance=  0.1354 (partial c.d.=  0.2774)
SCF ITERATION NUMBER  2
     point #   1  energy = -40.000
     point #  20  energy = -29.017
     point #  40  energy =  -9.047
     point #  60  energy =  -5.053
New Fermi level:    mu=  -4.926 eV  Charge distance=  0.4036 (partial c.d.=  0.0620)
SCF ITERATION NUMBER  3
     point #   1  energy = -40.000
     point #  20  energy = -28.977
     point #  40  energy =  -8.935
     point #  60  energy =  -4.926
New Fermi level:    mu=  -5.155 eV  Charge distance=  0.0323 (partial c.d.=  0.1269)
SCF ITERATION NUMBER  4
     point #   1  energy = -40.000
     point #  20  energy = -28.726
     point #  40  energy =  -8.229
     point #  60  energy =  -5.142
New Fermi level:    mu=  -5.135 eV  Charge distance=  0.0276 (partial c.d.=  0.0230)
SCF ITERATION NUMBER  5
     point #   1  energy = -40.000
     point #  20  energy = -28.720
     point #  40  energy =  -8.211
     point #  60  energy =  -5.147
New Fermi level:    mu=  -5.141 eV  Charge distance=  0.0216 (partial c.d.=  0.0227)
SCF ITERATION NUMBER  6
     point #   1  energy = -40.000
     point #  20  energy = -28.722
     point #  40  energy =  -8.217
     point #  60  energy =  -5.128
New Fermi level:    mu=  -5.129 eV  Charge distance=  0.0051 (partial c.d.=  0.0182)
SCF ITERATION NUMBER  7
     point #   1  energy = -40.000
     point #  20  energy = -28.718
     point #  40  energy =  -8.206
     point #  60  energy =  -5.117
New Fermi level:    mu=  -5.119 eV  Charge distance=  0.0025 (partial c.d.=  0.0020)
SCF ITERATION NUMBER  8
     point #   1  energy = -40.000
     point #  20  energy = -28.715
     point #  40  energy =  -8.197
     point #  60  energy =  -5.106
New Fermi level:    mu=  -5.110 eV  Charge distance=  0.0004 (partial c.d.=  0.0008)
SCF ITERATION NUMBER  9
     point #   1  energy = -40.000
     point #  20  energy = -28.712
     point #  40  energy =  -8.189
     point #  60  energy =  -5.098
New Fermi level:    mu=  -5.107 eV  Charge distance=  0.0002 (partial c.d.=  0.0003)
SCF ITERATION NUMBER 10
     point #   1  energy = -40.000
     point #  20  energy = -28.711
     point #  40  energy =  -8.186
     point #  60  energy =  -5.095
New Fermi level:    mu=  -5.107 eV  Charge distance=  0.0001 (partial c.d.=  0.0002)
Electronic configuration
  type     l     N_el
     0     0    0.529
     0     1    0.559
     0     2    9.697
     0     3    0.000
     1     0    0.547
     1     1    0.581
     1     2    9.677
     1     3    0.000
     2     0    1.750
     2     1    2.735
     2     2    0.681
     2     3    0.000
     3     0    1.991
     3     1    4.957
     3     2    0.190
     3     3    0.000
     4     0    1.855
     4     1    4.343
     4     2    0.082
     4     3    0.000
Charge transfer:  type  charge
       0   -0.215
       1   -0.196
       2   -0.833
       3    0.138
       4    0.280
Convergence reached in   10 iterations.
Done with module: potentials.

Calculating screened core-hole potential ...
FMS for a cluster of   14 atoms around iph =   0
    0% of energy integration
   20%
   40%
   60%
   80%
  100%
Preparing response function.
Computing (1 - K Chi0)^-1 v_ch
Done with module: screened core-hole potential.

Calculating cross-section and phases ...
    absorption cross section
 x0,dx,rnrm,inrm,jnrm   8.80000000000000       5.000000000000000E-002
   2.63130237999995              196         197
    phase shifts for unique potential    0
    phase shifts for unique potential    1
    phase shifts for unique potential    2
    phase shifts for unique potential    3
    phase shifts for unique potential    4
Done with module: cross-section and phases (XSPH).

FMS calculation of full Green's function ...
FEFF-serial using 1 thread.
Using   194 energy points.
xprep done
FMS for a cluster of  153 atoms
Energy point    1/ 194
Energy point   10/ 194
Energy point   20/ 194
Energy point   30/ 194
Energy point   40/ 194
Energy point   50/ 194
Energy point   60/ 194
Energy point   70/ 194
Energy point   80/ 194
Energy point   90/ 194
Energy point  100/ 194
Energy point  110/ 194
Energy point  120/ 194
Energy point  130/ 194
Energy point  140/ 194
Energy point  150/ 194
Energy point  160/ 194
Energy point  170/ 194
Energy point  180/ 194
Energy point  190/ 194
Done with module: FMS.

MKGTR: Tracing over Green's function ...
Done with module: MKGTR.

Pathfinder: finding scattering paths...
Preparing plane wave scattering amplitudes
Searching for paths
Eliminating path degeneracies
0 paths retained.
Done with module: pathfinder.

Calculating EXAFS parameters ...
Done with module: EXAFS parameters (GENFMT).

Calculating XAS spectra ...
Done with module: XAS spectra (FF2X: DW + final sum over paths).

 
### feff ends at Sun Aug 13 23:57:17 EDT 2023
 
