### feff starts at Sun Aug 13 11:55:06 EDT 2023
### Serial version
### FeffPath is /sdcc/u/mcarbone/software/JFEFF/hsw/feff90/linux
 
Launching FEFF version FEFF 9.9.1
Core hole lifetime is   1.729 eV.
Your calculation:
 comment: None given
 Source:
 Structure Summary:  Y6 Cu11 O24
 Reduced formula:  Y6Cu11O24
 space group: (P-1), space number:  (2)
 abc:  8.148657   6.331069  10.063428
 angles: 82.219527  65.953959  90.769185
 sites: 41
Cu K edge XANES using RPA corehole.
Using:     * Self-Consistent Field potentials
Using cards:   ATOMS CONTROL EXCHANGE TITLE RPATH POTENTIALS XANES EDGE SCF FMS S02 COREHOLE EGRID

Calculating atomic potentials ...
    overlapped atomic potential and density for unique potential    0
    overlapped atomic potential and density for unique potential    1
    overlapped atomic potential and density for unique potential    2
    overlapped atomic potential and density for unique potential    3
Done with module: atomic potentials.

Calculating SCF potentials ...
FEFF-serial using 1 thread.
Muffin tin radii and interstitial parameters [bohr]:
type, norman radius, muffin tin, overlap factor
    0  1.26919E+00  1.15555E+00  1.15000E+00
    1  1.68883E+00  1.61004E+00  1.12890E+00
    2  1.28867E+00  1.18686E+00  1.15000E+00
    3  1.10313E+00  1.03992E+00  1.15000E+00
Core-valence separation energy:  ecv=   -40.000 eV
Initial Fermi level:              mu=     0.979 eV
SCF ITERATION NUMBER  1
     point #   1  energy = -40.000
FMS for a cluster of  126 atoms around atom type   0
FMS for a cluster of  121 atoms around atom type   1
FMS for a cluster of  116 atoms around atom type   2
FMS for a cluster of  129 atoms around atom type   3
     point #  20  energy = -28.767
     point #  40  energy =  -8.517
     point #  60  energy =  -4.504
     point #  80  energy =  -3.895
New Fermi level:    mu=  -3.851 eV  Charge distance=  0.6354 (partial c.d.=  6.6977)
SCF ITERATION NUMBER  1
     point #   1  energy = -40.000
FMS for a cluster of  126 atoms around atom type   0
FMS for a cluster of  121 atoms around atom type   1
FMS for a cluster of  116 atoms around atom type   2
FMS for a cluster of  129 atoms around atom type   3
     point #  20  energy = -28.955
     point #  40  energy =  -8.872
     point #  60  energy =  -3.851
     point #  80  energy =  -5.429
     point # 100  energy =  -9.511
New Fermi level:    mu=  -9.919 eV  Charge distance=  0.2161 (partial c.d.=  3.3979)
SCF ITERATION NUMBER  1
     point #   1  energy = -40.000
FMS for a cluster of  126 atoms around atom type   0
FMS for a cluster of  121 atoms around atom type   1
FMS for a cluster of  116 atoms around atom type   2
FMS for a cluster of  129 atoms around atom type   3
     point #  20  energy = -28.970
     point #  40  energy =  -9.919
     point #  60  energy =  -9.828
     point #  80  energy =  -8.178
New Fermi level:    mu=  -8.381 eV  Charge distance=  0.1674 (partial c.d.=  0.7250)
SCF ITERATION NUMBER  2
     point #   1  energy = -40.000
     point #  20  energy = -28.780
     point #  40  energy =  -8.381
     point #  60  energy =  -8.341
     point #  80  energy =  -7.950
New Fermi level:    mu=  -7.973 eV  Charge distance=  0.4607 (partial c.d.=  0.5315)
SCF ITERATION NUMBER  3
     point #   1  energy = -40.000
     point #  20  energy = -28.991
     point #  40  energy =  -8.974
     point #  60  energy =  -8.013
New Fermi level:    mu=  -8.302 eV  Charge distance=  0.5467 (partial c.d.=  8.7775)
SCF ITERATION NUMBER  4
     point #   1  energy = -40.000
     point #  20  energy = -28.752
     point #  40  energy =  -8.302
New Fermi level:    mu=  -8.282 eV  Charge distance=  0.0634 (partial c.d.=  8.9217)
SCF ITERATION NUMBER  5
     point #   1  energy = -40.000
     point #  20  energy = -28.745
     point #  40  energy =  -8.282
     point #  60  energy =  -8.242
     point #  80  energy =  -7.967
New Fermi level:    mu=  -7.955 eV  Charge distance=  0.0517 (partial c.d.=  0.2075)
SCF ITERATION NUMBER  6
     point #   1  energy = -40.000
     point #  20  energy = -28.985
     point #  40  energy =  -8.957
     point #  60  energy =  -7.996
New Fermi level:    mu=  -8.172 eV  Charge distance=  0.0503 (partial c.d.=  0.2959)
SCF ITERATION NUMBER  7
     point #   1  energy = -40.000
     point #  20  energy = -28.706
     point #  40  energy =  -8.172
     point #  60  energy =  -8.103
New Fermi level:    mu=  -8.042 eV  Charge distance=  0.0282 (partial c.d.=  0.1111)
SCF ITERATION NUMBER  8
     point #   1  energy = -40.000
     point #  20  energy = -29.015
     point #  40  energy =  -9.041
New Fermi level:    mu=  -8.023 eV  Charge distance=  0.0637 (partial c.d.=  0.0071)
SCF ITERATION NUMBER  9
     point #   1  energy = -40.000
     point #  20  energy = -29.008
     point #  40  energy =  -9.022
     point #  60  energy =  -7.985
New Fermi level:    mu=  -7.977 eV  Charge distance=  0.0105 (partial c.d.=  0.2032)
SCF ITERATION NUMBER 10
     point #   1  energy = -40.000
     point #  20  energy = -28.992
     point #  40  energy =  -8.978
New Fermi level:    mu=  -7.987 eV  Charge distance=  0.0034 (partial c.d.=  0.1053)
SCF ITERATION NUMBER 11
     point #   1  energy = -40.000
     point #  20  energy = -28.996
     point #  40  energy =  -8.988
New Fermi level:    mu=  -7.983 eV  Charge distance=  0.0001 (partial c.d.=  0.0179)
SCF ITERATION NUMBER 12
     point #   1  energy = -40.000
     point #  20  energy = -28.994
     point #  40  energy =  -8.983
New Fermi level:    mu=  -7.983 eV  Charge distance=  0.0014 (partial c.d.=  0.0001)
SCF ITERATION NUMBER 13
     point #   1  energy = -40.000
     point #  20  energy = -28.994
     point #  40  energy =  -8.984
New Fermi level:    mu=  -7.985 eV  Charge distance=  0.0003 (partial c.d.=  0.0159)
SCF ITERATION NUMBER 14
     point #   1  energy = -40.000
     point #  20  energy = -28.995
     point #  40  energy =  -8.986
New Fermi level:    mu=  -7.987 eV  Charge distance=  0.0001 (partial c.d.=  0.0048)
SCF ITERATION NUMBER 15
     point #   1  energy = -40.000
     point #  20  energy = -28.996
     point #  40  energy =  -8.988
New Fermi level:    mu=  -7.988 eV  Charge distance=  0.0002 (partial c.d.=  0.0008)
SCF ITERATION NUMBER 16
     point #   1  energy = -40.000
     point #  20  energy = -28.996
     point #  40  energy =  -8.988
New Fermi level:    mu=  -7.988 eV  Charge distance=  0.0001 (partial c.d.=  0.0013)
SCF ITERATION NUMBER 17
     point #   1  energy = -40.000
     point #  20  energy = -28.996
     point #  40  energy =  -8.988
New Fermi level:    mu=  -7.988 eV  Charge distance=  0.0000 (partial c.d.=  0.0002)
Electronic configuration
  type     l     N_el
     0     0    0.517
     0     1    0.628
     0     2    9.329
     0     3    0.000
     1     0    0.385
     1     1    6.577
     1     2    1.521
     1     3    0.000
     2     0    0.513
     2     1    0.612
     2     2    9.392
     2     3    0.000
     3     0    1.854
     3     1    4.424
     3     2    0.072
     3     3    0.000
Charge transfer:  type  charge
       0   -0.527
       1   -0.516
       2   -0.483
       3    0.351
Convergence reached in   17 iterations.
Done with module: potentials.

Calculating screened core-hole potential ...
FMS for a cluster of   24 atoms around iph =   0
    0% of energy integration
   20%
   40%
   60%
   80%
  100%
Preparing response function.
Computing (1 - K Chi0)^-1 v_ch
Done with module: screened core-hole potential.

Calculating cross-section and phases ...
    absorption cross section
 x0,dx,rnrm,inrm,jnrm   8.80000000000000       5.000000000000000E-002
   2.39841753900015              194         195
    phase shifts for unique potential    0
    phase shifts for unique potential    1
    phase shifts for unique potential    2
    phase shifts for unique potential    3
Done with module: cross-section and phases (XSPH).

FMS calculation of full Green's function ...
FEFF-serial using 1 thread.
Using   194 energy points.
xprep done
FMS for a cluster of  270 atoms
Energy point    1/ 194
Energy point   10/ 194
Energy point   20/ 194
Energy point   30/ 194
Energy point   40/ 194
Energy point   50/ 194
Energy point   60/ 194
Energy point   70/ 194
Energy point   80/ 194
Energy point   90/ 194
Energy point  100/ 194
Energy point  110/ 194
Energy point  120/ 194
Energy point  130/ 194
Energy point  140/ 194
Energy point  150/ 194
Energy point  160/ 194
Energy point  170/ 194
Energy point  180/ 194
Energy point  190/ 194
Done with module: FMS.

MKGTR: Tracing over Green's function ...
Done with module: MKGTR.

Pathfinder: finding scattering paths...
Preparing plane wave scattering amplitudes
Searching for paths
Eliminating path degeneracies
0 paths retained.
Done with module: pathfinder.

Calculating EXAFS parameters ...
Done with module: EXAFS parameters (GENFMT).

Calculating XAS spectra ...
Done with module: XAS spectra (FF2X: DW + final sum over paths).

 
### feff ends at Sun Aug 13 14:13:27 EDT 2023
 
