### feff starts at Mon Aug 14 03:05:36 EDT 2023
### Serial version
### FeffPath is /sdcc/u/mcarbone/software/JFEFF/hsw/feff90/linux
 
Launching FEFF version FEFF 9.9.1
Core hole lifetime is   1.729 eV.
Your calculation:
 comment: None given
 Source:
 Structure Summary:  Sr4 Ti2 Cu4 O14
 Reduced formula:  Sr2TiCu2O7
 space group: (Ima2), space number:  (46)
 abc: 13.149832  13.149832  13.149832
 angles:157.394658 156.850694  32.578138
 sites: 24
Cu K edge XANES using RPA corehole.
Using:     * Self-Consistent Field potentials
Using cards:   ATOMS CONTROL EXCHANGE TITLE RPATH POTENTIALS XANES EDGE SCF FMS S02 COREHOLE EGRID

Calculating atomic potentials ...
    overlapped atomic potential and density for unique potential    0
    overlapped atomic potential and density for unique potential    1
    overlapped atomic potential and density for unique potential    2
    overlapped atomic potential and density for unique potential    3
    overlapped atomic potential and density for unique potential    4
Done with module: atomic potentials.

Calculating SCF potentials ...
FEFF-serial using 1 thread.
Muffin tin radii and interstitial parameters [bohr]:
type, norman radius, muffin tin, overlap factor
    0  1.28074E+00  1.15762E+00  1.15000E+00
    1  1.80796E+00  1.73634E+00  1.10649E+00
    2  1.36184E+00  1.15517E+00  1.15000E+00
    3  1.28075E+00  1.15763E+00  1.15000E+00
    4  1.12011E+00  1.05252E+00  1.15000E+00
Core-valence separation energy:  ecv=   -48.500 eV
Initial Fermi level:              mu=    -0.202 eV
SCF ITERATION NUMBER  1
     point #   1  energy = -48.500
FMS for a cluster of   96 atoms around atom type   0
FMS for a cluster of   96 atoms around atom type   1
FMS for a cluster of   76 atoms around atom type   2
FMS for a cluster of   93 atoms around atom type   3
FMS for a cluster of  100 atoms around atom type   4
     point #  20  energy = -37.413
     point #  40  energy = -17.163
     point #  60  energy =  -7.160
     point #  80  energy =  -5.310
New Fermi level:    mu=  -5.105 eV  Charge distance=  1.3745 (partial c.d.=  7.9505)
SCF ITERATION NUMBER  1
     point #   1  energy = -48.500
FMS for a cluster of   96 atoms around atom type   0
FMS for a cluster of   96 atoms around atom type   1
FMS for a cluster of   76 atoms around atom type   2
FMS for a cluster of   93 atoms around atom type   3
FMS for a cluster of  100 atoms around atom type   4
     point #  20  energy = -37.399
     point #  40  energy = -17.215
     point #  60  energy =  -5.105
     point #  80  energy =  -5.539
     point # 100  energy = -10.027
     point # 120  energy = -10.218
New Fermi level:    mu= -10.328 eV  Charge distance=  0.5662 (partial c.d.=  7.2720)
SCF ITERATION NUMBER  1
     point #   1  energy = -48.500
FMS for a cluster of   96 atoms around atom type   0
FMS for a cluster of   96 atoms around atom type   1
FMS for a cluster of   76 atoms around atom type   2
FMS for a cluster of   93 atoms around atom type   3
FMS for a cluster of  100 atoms around atom type   4
     point #  20  energy = -37.450
     point #  40  energy = -17.360
     point #  60  energy = -10.328
     point #  80  energy =  -9.922
New Fermi level:    mu=  -9.983 eV  Charge distance=  0.3747 (partial c.d.=  0.3201)
SCF ITERATION NUMBER  2
     point #   1  energy = -48.500
     point #  20  energy = -37.350
     point #  40  energy = -17.078
     point #  60  energy =  -9.983
     point #  80  energy =  -8.801
New Fermi level:    mu=  -8.929 eV  Charge distance=  0.4782 (partial c.d.=  0.5731)
SCF ITERATION NUMBER  3
     point #   1  energy = -48.500
     point #  20  energy = -37.339
     point #  40  energy = -17.046
     point #  60  energy =  -8.929
New Fermi level:    mu=  -9.012 eV  Charge distance=  0.4042 (partial c.d.=  2.7703)
SCF ITERATION NUMBER  4
     point #   1  energy = -48.500
     point #  20  energy = -37.362
     point #  40  energy = -17.112
     point #  60  energy =  -9.012
     point #  80  energy =  -9.456
New Fermi level:    mu=  -9.509 eV  Charge distance=  0.0976 (partial c.d.=  2.7729)
SCF ITERATION NUMBER  5
     point #   1  energy = -48.500
     point #  20  energy = -37.503
     point #  40  energy = -17.507
     point #  60  energy =  -9.509
     point #  80  energy =  -9.253
New Fermi level:    mu=  -9.302 eV  Charge distance=  0.1457 (partial c.d.=  0.1411)
SCF ITERATION NUMBER  6
     point #   1  energy = -48.500
     point #  20  energy = -37.444
     point #  40  energy = -17.343
     point #  60  energy =  -9.302
     point #  80  energy =  -8.868
New Fermi level:    mu=  -8.854 eV  Charge distance=  0.0245 (partial c.d.=  0.3367)
SCF ITERATION NUMBER  7
     point #   1  energy = -48.500
     point #  20  energy = -37.318
     point #  40  energy = -16.986
     point #  60  energy =  -8.854
New Fermi level:    mu=  -8.934 eV  Charge distance=  0.0162 (partial c.d.=  0.0882)
SCF ITERATION NUMBER  8
     point #   1  energy = -48.500
     point #  20  energy = -37.340
     point #  40  energy = -17.050
     point #  60  energy =  -8.934
New Fermi level:    mu=  -8.912 eV  Charge distance=  0.0073 (partial c.d.=  0.1157)
SCF ITERATION NUMBER  9
     point #   1  energy = -48.500
     point #  20  energy = -37.334
     point #  40  energy = -17.032
     point #  60  energy =  -8.912
New Fermi level:    mu=  -8.906 eV  Charge distance=  0.0039 (partial c.d.=  0.1160)
SCF ITERATION NUMBER 10
     point #   1  energy = -48.500
     point #  20  energy = -37.332
     point #  40  energy = -17.027
     point #  60  energy =  -8.906
New Fermi level:    mu=  -8.920 eV  Charge distance=  0.0006 (partial c.d.=  0.0662)
SCF ITERATION NUMBER 11
     point #   1  energy = -48.500
     point #  20  energy = -37.337
     point #  40  energy = -17.039
     point #  60  energy =  -8.920
New Fermi level:    mu=  -8.920 eV  Charge distance=  0.0011 (partial c.d.=  0.0064)
SCF ITERATION NUMBER 12
     point #   1  energy = -48.500
     point #  20  energy = -37.336
     point #  40  energy = -17.039
     point #  60  energy =  -8.920
New Fermi level:    mu=  -8.925 eV  Charge distance=  0.0006 (partial c.d.=  0.0060)
SCF ITERATION NUMBER 13
     point #   1  energy = -48.500
     point #  20  energy = -37.338
     point #  40  energy = -17.043
     point #  60  energy =  -8.925
New Fermi level:    mu=  -8.925 eV  Charge distance=  0.0003 (partial c.d.=  0.0036)
SCF ITERATION NUMBER 14
     point #   1  energy = -48.500
     point #  20  energy = -37.338
     point #  40  energy = -17.043
     point #  60  energy =  -8.925
New Fermi level:    mu=  -8.924 eV  Charge distance=  0.0002 (partial c.d.=  0.0017)
SCF ITERATION NUMBER 15
     point #   1  energy = -48.500
     point #  20  energy = -37.338
     point #  40  energy = -17.042
     point #  60  energy =  -8.924
New Fermi level:    mu=  -8.923 eV  Charge distance=  0.0001 (partial c.d.=  0.0001)
Electronic configuration
  type     l     N_el
     0     0    0.515
     0     1    0.622
     0     2    9.272
     0     3    0.000
     1     0    2.286
     1     1    6.376
     1     2    0.917
     1     3    0.000
     2     0    0.442
     2     1    6.618
     2     2    2.692
     2     3    0.000
     3     0    0.515
     3     1    0.622
     3     2    9.272
     3     3    0.000
     4     0    1.864
     4     1    4.389
     4     2    0.071
     4     3    0.000
Charge transfer:  type  charge
       0   -0.591
       1   -0.421
       2   -0.247
       3   -0.591
       4    0.325
Convergence reached in   15 iterations.
Done with module: potentials.

Calculating screened core-hole potential ...
FMS for a cluster of   19 atoms around iph =   0
    0% of energy integration
   20%
   40%
   60%
   80%
  100%
Preparing response function.
Computing (1 - K Chi0)^-1 v_ch
Done with module: screened core-hole potential.

Calculating cross-section and phases ...
    absorption cross section
 x0,dx,rnrm,inrm,jnrm   8.80000000000000       5.000000000000000E-002
   2.42025107399985              194         195
    phase shifts for unique potential    0
    phase shifts for unique potential    1
    phase shifts for unique potential    2
    phase shifts for unique potential    3
    phase shifts for unique potential    4
Done with module: cross-section and phases (XSPH).

FMS calculation of full Green's function ...
FEFF-serial using 1 thread.
Using   194 energy points.
xprep done
FMS for a cluster of  210 atoms
Energy point    1/ 194
Energy point   10/ 194
Energy point   20/ 194
Energy point   30/ 194
Energy point   40/ 194
Energy point   50/ 194
Energy point   60/ 194
Energy point   70/ 194
Energy point   80/ 194
Energy point   90/ 194
Energy point  100/ 194
Energy point  110/ 194
Energy point  120/ 194
Energy point  130/ 194
Energy point  140/ 194
Energy point  150/ 194
Energy point  160/ 194
Energy point  170/ 194
Energy point  180/ 194
Energy point  190/ 194
Done with module: FMS.

MKGTR: Tracing over Green's function ...
Done with module: MKGTR.

Pathfinder: finding scattering paths...
Preparing plane wave scattering amplitudes
Searching for paths
Eliminating path degeneracies
0 paths retained.
Done with module: pathfinder.

Calculating EXAFS parameters ...
Done with module: EXAFS parameters (GENFMT).

Calculating XAS spectra ...
Done with module: XAS spectra (FF2X: DW + final sum over paths).

 
### feff ends at Mon Aug 14 04:25:03 EDT 2023
 
