### feff starts at Sun Aug 13 09:26:08 EDT 2023
### Serial version
### FeffPath is /sdcc/u/mcarbone/software/JFEFF/hsw/feff90/linux
 
Launching FEFF version FEFF 9.9.1
Core hole lifetime is   1.729 eV.
Your calculation:
 comment: None given
 Source:
 Structure Summary:  Cu4 N2 O12
 Reduced formula:  Cu2NO6
 space group: (P2_1), space number:  (4)
 abc:  5.870991   5.369425   7.120020
 angles: 85.687661  90.000000  90.000000
 sites: 18
Cu K edge XANES using RPA corehole.
Using:     * Self-Consistent Field potentials
Using cards:   ATOMS CONTROL EXCHANGE TITLE RPATH POTENTIALS XANES EDGE SCF FMS S02 COREHOLE EGRID

Calculating atomic potentials ...
    overlapped atomic potential and density for unique potential    0
    overlapped atomic potential and density for unique potential    1
    overlapped atomic potential and density for unique potential    2
    overlapped atomic potential and density for unique potential    3
Done with module: atomic potentials.

Calculating SCF potentials ...
FEFF-serial using 1 thread.
Muffin tin radii and interstitial parameters [bohr]:
type, norman radius, muffin tin, overlap factor
    0  1.29103E+00  1.17462E+00  1.15000E+00
    1  1.29103E+00  1.17462E+00  1.15000E+00
    2  8.76992E-01  6.35421E-01  1.15000E+00
    3  1.11579E+00  1.00635E+00  1.15000E+00
Core-valence separation energy:  ecv=   -40.000 eV
Initial Fermi level:              mu=     5.272 eV
SCF ITERATION NUMBER  1
     point #   1  energy = -40.000
FMS for a cluster of  109 atoms around atom type   0
FMS for a cluster of  103 atoms around atom type   1
FMS for a cluster of  108 atoms around atom type   2
FMS for a cluster of  113 atoms around atom type   3
     point #  20  energy = -28.914
     point #  40  energy =  -8.664
     point #  60  energy =  -3.158
     point #  80  energy =  -3.355
New Fermi level:    mu=  -3.466 eV  Charge distance=  0.5715 (partial c.d.=  7.0425)
SCF ITERATION NUMBER  1
     point #   1  energy = -40.000
FMS for a cluster of  109 atoms around atom type   0
FMS for a cluster of  103 atoms around atom type   1
FMS for a cluster of  108 atoms around atom type   2
FMS for a cluster of  113 atoms around atom type   3
     point #  20  energy = -28.837
     point #  40  energy =  -8.540
     point #  60  energy =  -3.466
     point #  80  energy =  -5.044
     point # 100  energy =  -8.103
New Fermi level:    mu=  -8.311 eV  Charge distance=  0.1687 (partial c.d.=  2.9734)
SCF ITERATION NUMBER  1
     point #   1  energy = -40.000
FMS for a cluster of  109 atoms around atom type   0
FMS for a cluster of  103 atoms around atom type   1
FMS for a cluster of  108 atoms around atom type   2
FMS for a cluster of  113 atoms around atom type   3
     point #  20  energy = -28.756
     point #  40  energy =  -8.311
     point #  60  energy =  -8.271
     point #  80  energy =  -6.949
New Fermi level:    mu=  -7.099 eV  Charge distance=  0.1093 (partial c.d.=  0.7308)
SCF ITERATION NUMBER  2
     point #   1  energy = -40.000
     point #  20  energy = -28.690
     point #  40  energy =  -8.127
     point #  60  energy =  -7.139
New Fermi level:    mu=  -7.240 eV  Charge distance=  0.2837 (partial c.d.=  0.1206)
SCF ITERATION NUMBER  3
     point #   1  energy = -40.000
     point #  20  energy = -28.739
     point #  40  energy =  -8.263
     point #  60  energy =  -7.199
New Fermi level:    mu=  -7.067 eV  Charge distance=  0.0961 (partial c.d.=  0.8012)
SCF ITERATION NUMBER  4
     point #   1  energy = -40.000
     point #  20  energy = -29.022
     point #  40  energy =  -9.063
     point #  60  energy =  -7.080
New Fermi level:    mu=  -7.591 eV  Charge distance=  0.0347 (partial c.d.=  1.1138)
SCF ITERATION NUMBER  5
     point #   1  energy = -40.000
     point #  20  energy = -28.859
     point #  40  energy =  -8.604
     point #  60  energy =  -7.553
New Fermi level:    mu=  -7.547 eV  Charge distance=  0.0194 (partial c.d.=  0.5974)
SCF ITERATION NUMBER  6
     point #   1  energy = -40.000
     point #  20  energy = -28.844
     point #  40  energy =  -8.561
     point #  60  energy =  -7.509
New Fermi level:    mu=  -7.462 eV  Charge distance=  0.0042 (partial c.d.=  0.2006)
SCF ITERATION NUMBER  7
     point #   1  energy = -40.000
     point #  20  energy = -28.815
     point #  40  energy =  -8.479
     point #  60  energy =  -7.499
New Fermi level:    mu=  -7.495 eV  Charge distance=  0.0081 (partial c.d.=  0.0287)
SCF ITERATION NUMBER  8
     point #   1  energy = -40.000
     point #  20  energy = -28.826
     point #  40  energy =  -8.511
New Fermi level:    mu=  -7.471 eV  Charge distance=  0.0016 (partial c.d.=  0.0460)
SCF ITERATION NUMBER  9
     point #   1  energy = -40.000
     point #  20  energy = -28.818
     point #  40  energy =  -8.487
New Fermi level:    mu=  -7.479 eV  Charge distance=  0.0035 (partial c.d.=  0.0269)
SCF ITERATION NUMBER 10
     point #   1  energy = -40.000
     point #  20  energy = -28.821
     point #  40  energy =  -8.495
New Fermi level:    mu=  -7.463 eV  Charge distance=  0.0042 (partial c.d.=  0.0057)
SCF ITERATION NUMBER 11
     point #   1  energy = -40.000
     point #  20  energy = -28.815
     point #  40  energy =  -8.480
New Fermi level:    mu=  -7.449 eV  Charge distance=  0.0009 (partial c.d.=  0.0093)
SCF ITERATION NUMBER 12
     point #   1  energy = -40.000
     point #  20  energy = -28.810
     point #  40  energy =  -8.466
New Fermi level:    mu=  -7.448 eV  Charge distance=  0.0001 (partial c.d.=  0.0054)
SCF ITERATION NUMBER 13
     point #   1  energy = -40.000
     point #  20  energy = -28.810
     point #  40  energy =  -8.465
New Fermi level:    mu=  -7.449 eV  Charge distance=  0.0002 (partial c.d.=  0.0005)
SCF ITERATION NUMBER 14
     point #   1  energy = -40.000
     point #  20  energy = -28.810
     point #  40  energy =  -8.466
New Fermi level:    mu=  -7.450 eV  Charge distance=  0.0002 (partial c.d.=  0.0002)
Electronic configuration
  type     l     N_el
     0     0    0.516
     0     1    0.653
     0     2    9.336
     0     3    0.000
     1     0    0.517
     1     1    0.653
     1     2    9.333
     1     3    0.000
     2     0    1.358
     2     1    2.625
     2     2    0.357
     2     3    0.000
     3     0    1.871
     3     1    4.317
     3     2    0.088
     3     3    0.000
Charge transfer:  type  charge
       0   -0.495
       1   -0.497
       2   -0.661
       3    0.276
Convergence reached in   14 iterations.
Done with module: potentials.

Calculating screened core-hole potential ...
FMS for a cluster of   21 atoms around iph =   0
    0% of energy integration
   20%
   40%
   60%
   80%
  100%
Preparing response function.
Computing (1 - K Chi0)^-1 v_ch
Done with module: screened core-hole potential.

Calculating cross-section and phases ...
    absorption cross section
 x0,dx,rnrm,inrm,jnrm   8.80000000000000       5.000000000000000E-002
   2.43969697699985              194         195
    phase shifts for unique potential    0
    phase shifts for unique potential    1
    phase shifts for unique potential    2
    phase shifts for unique potential    3
Done with module: cross-section and phases (XSPH).

FMS calculation of full Green's function ...
FEFF-serial using 1 thread.
Using   194 energy points.
xprep done
FMS for a cluster of  247 atoms
Energy point    1/ 194
Energy point   10/ 194
Energy point   20/ 194
Energy point   30/ 194
Energy point   40/ 194
Energy point   50/ 194
Energy point   60/ 194
Energy point   70/ 194
Energy point   80/ 194
Energy point   90/ 194
Energy point  100/ 194
Energy point  110/ 194
Energy point  120/ 194
Energy point  130/ 194
Energy point  140/ 194
Energy point  150/ 194
Energy point  160/ 194
Energy point  170/ 194
Energy point  180/ 194
Energy point  190/ 194
Done with module: FMS.

MKGTR: Tracing over Green's function ...
Done with module: MKGTR.

Pathfinder: finding scattering paths...
Preparing plane wave scattering amplitudes
Searching for paths
Eliminating path degeneracies
0 paths retained.
Done with module: pathfinder.

Calculating EXAFS parameters ...
Done with module: EXAFS parameters (GENFMT).

Calculating XAS spectra ...
Done with module: XAS spectra (FF2X: DW + final sum over paths).

 
### feff ends at Sun Aug 13 10:58:15 EDT 2023
 
