### feff starts at Sun Aug 13 12:30:10 EDT 2023
### Serial version
### FeffPath is /sdcc/u/mcarbone/software/JFEFF/hsw/feff90/linux
 
Launching FEFF version FEFF 9.9.1
Core hole lifetime is   1.729 eV.
Your calculation:
 comment: None given
 Source:
 Structure Summary:  Mn4 Cu2 O8
 Reduced formula:  Mn2CuO4
 space group: (I4_1/amd), space number:  (141)
 abc:  5.958780   5.958779   6.101177
 angles:120.797812 120.797635  87.229661
 sites: 14
Cu K edge XANES using RPA corehole.
Using:     * Self-Consistent Field potentials
Using cards:   ATOMS CONTROL EXCHANGE TITLE RPATH POTENTIALS XANES EDGE SCF FMS S02 COREHOLE EGRID

Calculating atomic potentials ...
    overlapped atomic potential and density for unique potential    0
    overlapped atomic potential and density for unique potential    1
    overlapped atomic potential and density for unique potential    2
    overlapped atomic potential and density for unique potential    3
Done with module: atomic potentials.

Calculating SCF potentials ...
FEFF-serial using 1 thread.
Muffin tin radii and interstitial parameters [bohr]:
type, norman radius, muffin tin, overlap factor
    0  1.34390E+00  1.26902E+00  1.15000E+00
    1  1.40306E+00  1.30409E+00  1.15000E+00
    2  1.34399E+00  1.26904E+00  1.15000E+00
    3  1.09636E+00  1.02243E+00  1.15000E+00
Core-valence separation energy:  ecv=   -40.000 eV
Initial Fermi level:              mu=    -0.300 eV
SCF ITERATION NUMBER  1
     point #   1  energy = -40.000
FMS for a cluster of  125 atoms around atom type   0
FMS for a cluster of  117 atoms around atom type   1
FMS for a cluster of  111 atoms around atom type   2
FMS for a cluster of  134 atoms around atom type   3
     point #  20  energy = -28.819
     point #  40  energy =  -8.569
     point #  60  energy =  -8.384
 Found bad counts.
  Occupation number in getorb is    10.000
  Will repeat this iteration.
 Found bad counts.
  Occupation number in getorb is    10.000
  Will repeat this iteration.
New Fermi level:    mu=  -8.551 eV  Charge distance=  1.9040 (partial c.d.=  8.9356)
SCF ITERATION NUMBER  1
     point #   1  energy = -40.000
FMS for a cluster of  125 atoms around atom type   0
FMS for a cluster of  117 atoms around atom type   1
FMS for a cluster of  111 atoms around atom type   2
FMS for a cluster of  134 atoms around atom type   3
     point #  20  energy = -28.841
     point #  40  energy =  -8.551
     point #  60  energy =  -8.510
     point #  80  energy =  -5.692
     point # 100  energy =  -4.923
New Fermi level:    mu=  -4.863 eV  Charge distance=  0.9053 (partial c.d.=  9.9008)
SCF ITERATION NUMBER  1
     point #   1  energy = -40.000
FMS for a cluster of  125 atoms around atom type   0
FMS for a cluster of  117 atoms around atom type   1
FMS for a cluster of  111 atoms around atom type   2
FMS for a cluster of  134 atoms around atom type   3
     point #  20  energy = -28.957
     point #  40  energy =  -8.878
     point #  60  energy =  -4.863
     point #  80  energy =  -6.441
     point # 100  energy = -11.563
New Fermi level:    mu= -11.653 eV  Charge distance=  0.2609 (partial c.d.=  4.0679)
SCF ITERATION NUMBER  2
     point #   1  energy = -40.000
     point #  20  energy = -28.864
     point #  40  energy = -11.653
     point #  60  energy = -11.484
     point #  80  energy =  -9.625
New Fermi level:    mu=  -9.583 eV  Charge distance=  0.2402 (partial c.d.=  1.5497)
SCF ITERATION NUMBER  3
     point #   1  energy = -40.000
     point #  20  energy = -28.847
     point #  40  energy =  -9.583
     point #  60  energy =  -9.674
     point #  80  energy = -10.477
New Fermi level:    mu= -10.481 eV  Charge distance=  0.1707 (partial c.d.=  6.5329)
SCF ITERATION NUMBER  4
     point #   1  energy = -40.000
     point #  20  energy = -28.803
     point #  40  energy = -10.481
     point #  60  energy = -10.571
New Fermi level:    mu= -11.073 eV  Charge distance=  0.0592 (partial c.d.=  6.2157)
SCF ITERATION NUMBER  5
     point #   1  energy = -40.000
     point #  20  energy = -29.028
     point #  40  energy = -11.073
New Fermi level:    mu= -11.024 eV  Charge distance=  0.0125 (partial c.d.=  1.1045)
SCF ITERATION NUMBER  6
     point #   1  energy = -40.000
     point #  20  energy = -29.009
     point #  40  energy = -11.024
     point #  60  energy = -10.949
New Fermi level:    mu= -10.902 eV  Charge distance=  0.0459 (partial c.d.=  0.1764)
SCF ITERATION NUMBER  7
     point #   1  energy = -40.000
     point #  20  energy = -28.963
     point #  40  energy = -10.902
     point #  60  energy = -10.827
New Fermi level:    mu= -10.802 eV  Charge distance=  0.1275 (partial c.d.=  1.1005)
SCF ITERATION NUMBER  8
     point #   1  energy = -40.000
     point #  20  energy = -28.925
     point #  40  energy = -10.802
     point #  60  energy = -10.877
New Fermi level:    mu= -10.912 eV  Charge distance=  0.0401 (partial c.d.=  2.4905)
SCF ITERATION NUMBER  9
     point #   1  energy = -40.000
     point #  20  energy = -28.966
     point #  40  energy = -10.912
New Fermi level:    mu= -10.895 eV  Charge distance=  0.0390 (partial c.d.=  1.7973)
SCF ITERATION NUMBER 10
     point #   1  energy = -40.000
     point #  20  energy = -28.960
     point #  40  energy = -10.895
     point #  60  energy = -10.770
New Fermi level:    mu= -10.749 eV  Charge distance=  0.0056 (partial c.d.=  0.4101)
SCF ITERATION NUMBER 11
     point #   1  energy = -40.000
     point #  20  energy = -28.905
     point #  40  energy = -10.749
New Fermi level:    mu= -10.737 eV  Charge distance=  0.0019 (partial c.d.=  0.0441)
SCF ITERATION NUMBER 12
     point #   1  energy = -40.000
     point #  20  energy = -28.900
     point #  40  energy = -10.737
New Fermi level:    mu= -10.740 eV  Charge distance=  0.0010 (partial c.d.=  0.0336)
SCF ITERATION NUMBER 13
     point #   1  energy = -40.000
     point #  20  energy = -28.901
     point #  40  energy = -10.740
New Fermi level:    mu= -10.737 eV  Charge distance=  0.0018 (partial c.d.=  0.0021)
SCF ITERATION NUMBER 14
     point #   1  energy = -40.000
     point #  20  energy = -28.900
     point #  40  energy = -10.737
New Fermi level:    mu= -10.734 eV  Charge distance=  0.0008 (partial c.d.=  0.0027)
SCF ITERATION NUMBER 15
     point #   1  energy = -40.000
     point #  20  energy = -28.899
     point #  40  energy = -10.734
New Fermi level:    mu= -10.734 eV  Charge distance=  0.0005 (partial c.d.=  0.0016)
SCF ITERATION NUMBER 16
     point #   1  energy = -40.000
     point #  20  energy = -28.899
     point #  40  energy = -10.734
New Fermi level:    mu= -10.737 eV  Charge distance=  0.0004 (partial c.d.=  0.0035)
SCF ITERATION NUMBER 17
     point #   1  energy = -40.000
     point #  20  energy = -28.900
     point #  40  energy = -10.737
New Fermi level:    mu= -10.738 eV  Charge distance=  0.0001 (partial c.d.=  0.0036)
SCF ITERATION NUMBER 18
     point #   1  energy = -40.000
     point #  20  energy = -28.901
     point #  40  energy = -10.738
New Fermi level:    mu= -10.738 eV  Charge distance=  0.0001 (partial c.d.=  0.0002)
SCF ITERATION NUMBER 19
     point #   1  energy = -40.000
     point #  20  energy = -28.901
     point #  40  energy = -10.738
New Fermi level:    mu= -10.738 eV  Charge distance=  0.0001 (partial c.d.=  0.0002)
SCF ITERATION NUMBER 20
     point #   1  energy = -40.000
     point #  20  energy = -28.900
     point #  40  energy = -10.738
New Fermi level:    mu= -10.737 eV  Charge distance=  0.0000 (partial c.d.=  0.0003)
SCF ITERATION NUMBER 21
     point #   1  energy = -40.000
     point #  20  energy = -28.900
     point #  40  energy = -10.737
New Fermi level:    mu= -10.737 eV  Charge distance=  0.0000 (partial c.d.=  0.0001)
Electronic configuration
  type     l     N_el
     0     0    0.430
     0     1    0.552
     0     2    9.334
     0     3    0.000
     1     0    0.484
     1     1    0.772
     1     2    5.658
     1     3    0.000
     2     0    0.429
     2     1    0.553
     2     2    9.335
     2     3    0.000
     3     0    1.832
     3     1    4.305
     3     2    0.077
     3     3    0.000
Charge transfer:  type  charge
       0   -0.684
       1   -0.086
       2   -0.683
       3    0.215
Convergence reached in   21 iterations.
Done with module: potentials.

Calculating screened core-hole potential ...
FMS for a cluster of   33 atoms around iph =   0
    0% of energy integration
   20%
   40%
   60%
   80%
  100%
Preparing response function.
Computing (1 - K Chi0)^-1 v_ch
Done with module: screened core-hole potential.

Calculating cross-section and phases ...
    absorption cross section
 x0,dx,rnrm,inrm,jnrm   8.80000000000000       5.000000000000000E-002
   2.53961160799997              195         196
    phase shifts for unique potential    0
    phase shifts for unique potential    1
    phase shifts for unique potential    2
    phase shifts for unique potential    3
Done with module: cross-section and phases (XSPH).

FMS calculation of full Green's function ...
FEFF-serial using 1 thread.
Using   194 energy points.
xprep done
FMS for a cluster of  263 atoms
Energy point    1/ 194
Energy point   10/ 194
Energy point   20/ 194
Energy point   30/ 194
Energy point   40/ 194
Energy point   50/ 194
Energy point   60/ 194
Energy point   70/ 194
Energy point   80/ 194
Energy point   90/ 194
Energy point  100/ 194
Energy point  110/ 194
Energy point  120/ 194
Energy point  130/ 194
Energy point  140/ 194
Energy point  150/ 194
Energy point  160/ 194
Energy point  170/ 194
Energy point  180/ 194
Energy point  190/ 194
Done with module: FMS.

MKGTR: Tracing over Green's function ...
Done with module: MKGTR.

Pathfinder: finding scattering paths...
Preparing plane wave scattering amplitudes
Searching for paths
Eliminating path degeneracies
0 paths retained.
Done with module: pathfinder.

Calculating EXAFS parameters ...
Done with module: EXAFS parameters (GENFMT).

Calculating XAS spectra ...
Done with module: XAS spectra (FF2X: DW + final sum over paths).

 
### feff ends at Sun Aug 13 15:07:55 EDT 2023
 
