### feff starts at Mon Aug 14 10:45:33 EDT 2023
### Serial version
### FeffPath is /sdcc/u/mcarbone/software/JFEFF/hsw/feff90/linux
 
Launching FEFF version FEFF 9.9.1
Resetting lmaxsc to 2 for iph =    1.  Use  UNFREEZE to prevent this.
Core hole lifetime is   1.729 eV.
Your calculation:
 comment: None given
 Source:
 Structure Summary:  Pr1 Mn4 Cu3 O12
 Reduced formula:  PrMn4(CuO4)3
 space group: (Im-3), space number:  (204)
 abc:  6.464409   6.464409   6.464409
 angles:109.471221 109.471221 109.471221
 sites: 20
Cu K edge XANES using RPA corehole.
Using:     * Self-Consistent Field potentials
Using cards:   ATOMS CONTROL EXCHANGE TITLE RPATH POTENTIALS XANES EDGE SCF FMS S02 COREHOLE EGRID

Calculating atomic potentials ...
    overlapped atomic potential and density for unique potential    0
    overlapped atomic potential and density for unique potential    1
    overlapped atomic potential and density for unique potential    2
    overlapped atomic potential and density for unique potential    3
    overlapped atomic potential and density for unique potential    4
Done with module: atomic potentials.

Calculating SCF potentials ...
FEFF-serial using 1 thread.
Muffin tin radii and interstitial parameters [bohr]:
type, norman radius, muffin tin, overlap factor
    0  1.28762E+00  1.19504E+00  1.15000E+00
    1  1.78953E+00  1.74014E+00  1.07092E+00
    2  1.39523E+00  1.28848E+00  1.15000E+00
    3  1.28769E+00  1.19507E+00  1.15000E+00
    4  1.09844E+00  1.02970E+00  1.15000E+00
Core-valence separation energy:  ecv=   -40.000 eV
Initial Fermi level:              mu=    -0.204 eV
SCF ITERATION NUMBER  1
     point #   1  energy = -40.000
FMS for a cluster of  143 atoms around atom type   0
FMS for a cluster of  125 atoms around atom type   1
FMS for a cluster of  127 atoms around atom type   2
FMS for a cluster of  123 atoms around atom type   3
FMS for a cluster of  137 atoms around atom type   4
     point #  20  energy = -28.799
     point #  40  energy =  -8.549
     point #  60  energy =  -7.177
New Fermi level:    mu=  -7.067 eV  Charge distance=  1.7784 (partial c.d.=  9.7663)
SCF ITERATION NUMBER  1
     point #   1  energy = -40.000
FMS for a cluster of  143 atoms around atom type   0
FMS for a cluster of  125 atoms around atom type   1
FMS for a cluster of  127 atoms around atom type   2
FMS for a cluster of  123 atoms around atom type   3
FMS for a cluster of  137 atoms around atom type   4
     point #  20  energy = -29.022
     point #  40  energy =  -9.063
     point #  60  energy =  -7.055
     point #  80  energy =  -5.583
New Fermi level:    mu=  -5.311 eV  Charge distance=  1.0923 (partial c.d.=  9.2379)
SCF ITERATION NUMBER  1
     point #   1  energy = -40.000
FMS for a cluster of  143 atoms around atom type   0
FMS for a cluster of  125 atoms around atom type   1
FMS for a cluster of  127 atoms around atom type   2
FMS for a cluster of  123 atoms around atom type   3
FMS for a cluster of  137 atoms around atom type   4
     point #  20  energy = -28.777
     point #  40  energy =  -8.372
     point #  60  energy =  -5.324
     point #  80  energy =  -7.340
     point # 100  energy = -11.083
New Fermi level:    mu= -11.224 eV  Charge distance=  0.3571 (partial c.d.=  5.9787)
SCF ITERATION NUMBER  2
     point #   1  energy = -40.000
     point #  20  energy = -28.695
     point #  40  energy = -11.224
     point #  60  energy = -11.055
     point #  80  energy =  -8.458
New Fermi level:    mu=  -8.412 eV  Charge distance=  0.5049 (partial c.d.=  2.7509)
SCF ITERATION NUMBER  3
     point #   1  energy = -40.000
     point #  20  energy = -28.792
     point #  40  energy =  -8.412
     point #  60  energy =  -8.453
     point #  80  energy =  -9.616
New Fermi level:    mu=  -9.546 eV  Charge distance=  0.3339 (partial c.d.=  7.1514)
SCF ITERATION NUMBER  4
     point #   1  energy = -40.000
     point #  20  energy = -28.834
     point #  40  energy =  -9.546
     point #  60  energy =  -9.637
     point #  80  energy = -11.068
New Fermi level:    mu= -11.060 eV  Charge distance=  0.3004 (partial c.d.=  6.7997)
SCF ITERATION NUMBER  5
     point #   1  energy = -40.000
     point #  20  energy = -29.023
     point #  40  energy = -11.060
     point #  60  energy = -10.970
New Fermi level:    mu= -10.553 eV  Charge distance=  0.1440 (partial c.d.=  0.7965)
SCF ITERATION NUMBER  6
     point #   1  energy = -40.000
     point #  20  energy = -28.830
     point #  40  energy = -10.553
     point #  60  energy = -10.412
New Fermi level:    mu= -10.153 eV  Charge distance=  0.0200 (partial c.d.=  0.5451)
SCF ITERATION NUMBER  7
     point #   1  energy = -40.000
     point #  20  energy = -28.679
     point #  40  energy = -10.153
New Fermi level:    mu= -10.109 eV  Charge distance=  0.0152 (partial c.d.=  0.4080)
SCF ITERATION NUMBER  8
     point #   1  energy = -40.000
     point #  20  energy = -29.040
     point #  40  energy = -10.109
     point #  60  energy = -10.171
New Fermi level:    mu= -10.181 eV  Charge distance=  0.0098 (partial c.d.=  0.0708)
SCF ITERATION NUMBER  9
     point #   1  energy = -40.000
     point #  20  energy = -28.689
     point #  40  energy = -10.181
New Fermi level:    mu= -10.200 eV  Charge distance=  0.0051 (partial c.d.=  0.0992)
SCF ITERATION NUMBER 10
     point #   1  energy = -40.000
     point #  20  energy = -28.697
     point #  40  energy = -10.200
New Fermi level:    mu= -10.175 eV  Charge distance=  0.0077 (partial c.d.=  0.0448)
SCF ITERATION NUMBER 11
     point #   1  energy = -40.000
     point #  20  energy = -28.687
     point #  40  energy = -10.175
New Fermi level:    mu= -10.160 eV  Charge distance=  0.0101 (partial c.d.=  0.0125)
SCF ITERATION NUMBER 12
     point #   1  energy = -40.000
     point #  20  energy = -28.681
     point #  40  energy = -10.160
New Fermi level:    mu= -10.156 eV  Charge distance=  0.0024 (partial c.d.=  0.0151)
SCF ITERATION NUMBER 13
     point #   1  energy = -40.000
     point #  20  energy = -28.680
     point #  40  energy = -10.156
New Fermi level:    mu= -10.151 eV  Charge distance=  0.0016 (partial c.d.=  0.0085)
SCF ITERATION NUMBER 14
     point #   1  energy = -40.000
     point #  20  energy = -28.678
     point #  40  energy = -10.151
New Fermi level:    mu= -10.151 eV  Charge distance=  0.0008 (partial c.d.=  0.0012)
SCF ITERATION NUMBER 15
     point #   1  energy = -40.000
     point #  20  energy = -28.678
     point #  40  energy = -10.151
New Fermi level:    mu= -10.151 eV  Charge distance=  0.0005 (partial c.d.=  0.0005)
SCF ITERATION NUMBER 16
     point #   1  energy = -40.000
     point #  20  energy = -28.678
     point #  40  energy = -10.151
New Fermi level:    mu= -10.152 eV  Charge distance=  0.0000 (partial c.d.=  0.0003)
SCF ITERATION NUMBER 17
     point #   1  energy = -40.000
     point #  20  energy = -28.678
     point #  40  energy = -10.152
New Fermi level:    mu= -10.152 eV  Charge distance=  0.0000 (partial c.d.=  0.0002)
Electronic configuration
  type     l     N_el
     0     0    0.473
     0     1    0.547
     0     2    9.248
     0     3    0.000
     1     0    0.286
     1     1    6.386
     1     2    1.454
     1     3    0.000
     2     0    0.487
     2     1    0.809
     2     2    5.658
     2     3    0.000
     3     0    0.473
     3     1    0.547
     3     2    9.248
     3     3    0.000
     4     0    1.839
     4     1    4.360
     4     2    0.073
     4     3    0.000
Charge transfer:  type  charge
       0   -0.732
       1   -0.874
       2   -0.046
       3   -0.732
       4    0.272
Convergence reached in   17 iterations.
Done with module: potentials.

Calculating screened core-hole potential ...
FMS for a cluster of   27 atoms around iph =   0
    0% of energy integration
   20%
   40%
   60%
   80%
  100%
Preparing response function.
Computing (1 - K Chi0)^-1 v_ch
Done with module: screened core-hole potential.

Calculating cross-section and phases ...
    absorption cross section
 x0,dx,rnrm,inrm,jnrm   8.80000000000000       5.000000000000000E-002
   2.43323971399982              194         195
    phase shifts for unique potential    0
    phase shifts for unique potential    1
    phase shifts for unique potential    2
    phase shifts for unique potential    3
    phase shifts for unique potential    4
Done with module: cross-section and phases (XSPH).

FMS calculation of full Green's function ...
FEFF-serial using 1 thread.
Using   194 energy points.
xprep done
FMS for a cluster of  281 atoms
Energy point    1/ 194
Energy point   10/ 194
Energy point   20/ 194
Energy point   30/ 194
Energy point   40/ 194
Energy point   50/ 194
Energy point   60/ 194
Energy point   70/ 194
Energy point   80/ 194
Energy point   90/ 194
Energy point  100/ 194
Energy point  110/ 194
Energy point  120/ 194
Energy point  130/ 194
Energy point  140/ 194
Energy point  150/ 194
Energy point  160/ 194
Energy point  170/ 194
Energy point  180/ 194
Energy point  190/ 194
Done with module: FMS.

MKGTR: Tracing over Green's function ...
Done with module: MKGTR.

Pathfinder: finding scattering paths...
Preparing plane wave scattering amplitudes
Searching for paths
Eliminating path degeneracies
0 paths retained.
Done with module: pathfinder.

Calculating EXAFS parameters ...
Done with module: EXAFS parameters (GENFMT).

Calculating XAS spectra ...
Done with module: XAS spectra (FF2X: DW + final sum over paths).

 
### feff ends at Mon Aug 14 13:20:20 EDT 2023
 
