### feff starts at Sun Aug 13 16:22:03 EDT 2023
### Serial version
### FeffPath is /sdcc/u/mcarbone/software/JFEFF/hsw/feff90/linux
 
Launching FEFF version FEFF 9.9.1
Core hole lifetime is   1.729 eV.
Your calculation:
 comment: None given
 Source:
 Structure Summary:  Li2 Cu10 P4 O16
 Reduced formula:  LiCu5(PO4)2
 space group: (P1), space number:  (1)
 abc:  5.614063   6.229556  10.365144
 angles: 89.731706  89.764457  88.930767
 sites: 32
Cu K edge XANES using RPA corehole.
Using:     * Self-Consistent Field potentials
Using cards:   ATOMS CONTROL EXCHANGE TITLE RPATH POTENTIALS XANES EDGE SCF FMS S02 COREHOLE EGRID

Calculating atomic potentials ...
    overlapped atomic potential and density for unique potential    0
    overlapped atomic potential and density for unique potential    1
    overlapped atomic potential and density for unique potential    2
    overlapped atomic potential and density for unique potential    3
    overlapped atomic potential and density for unique potential    4
Done with module: atomic potentials.

Calculating SCF potentials ...
FEFF-serial using 1 thread.
Muffin tin radii and interstitial parameters [bohr]:
type, norman radius, muffin tin, overlap factor
    0  1.39695E+00  1.31407E+00  1.15000E+00
    1  1.33526E+00  1.27566E+00  1.12234E+00
    2  1.43002E+00  1.37242E+00  1.10856E+00
    3  1.15517E+00  9.46105E-01  1.15000E+00
    4  1.03110E+00  9.30927E-01  1.15000E+00
Core-valence separation energy:  ecv=   -40.000 eV
Initial Fermi level:              mu=     4.992 eV
SCF ITERATION NUMBER  1
     point #   1  energy = -40.000
FMS for a cluster of  125 atoms around atom type   0
FMS for a cluster of  123 atoms around atom type   1
FMS for a cluster of  128 atoms around atom type   2
FMS for a cluster of  119 atoms around atom type   3
FMS for a cluster of  132 atoms around atom type   4
     point #  20  energy = -28.782
     point #  40  energy =  -8.532
     point #  60  energy =  -2.645
     point #  80  energy =  -2.795
New Fermi level:    mu=  -2.986 eV  Charge distance=  0.2744 (partial c.d.=  8.4294)
negative density   1 -166.401 - usually harmless precision error, but check DOS if it persists
SCF ITERATION NUMBER  1
     point #   1  energy = -40.000
FMS for a cluster of  125 atoms around atom type   0
FMS for a cluster of  123 atoms around atom type   1
FMS for a cluster of  128 atoms around atom type   2
FMS for a cluster of  119 atoms around atom type   3
FMS for a cluster of  132 atoms around atom type   4
     point #  20  energy = -28.996
     point #  40  energy =  -8.988
     point #  60  energy =  -2.986
     point #  80  energy =  -4.633
     point # 100  energy =  -6.392
New Fermi level:    mu=  -6.403 eV  Charge distance=  0.1292 (partial c.d.=  1.6567)
negative density   1 -320.683 - usually harmless precision error, but check DOS if it persists
SCF ITERATION NUMBER  1
     point #   1  energy = -40.000
FMS for a cluster of  125 atoms around atom type   0
FMS for a cluster of  123 atoms around atom type   1
FMS for a cluster of  128 atoms around atom type   2
FMS for a cluster of  119 atoms around atom type   3
FMS for a cluster of  132 atoms around atom type   4
     point #  20  energy = -28.801
     point #  40  energy =  -8.439
     point #  60  energy =  -6.390
     point #  80  energy =  -5.731
New Fermi level:    mu=  -5.790 eV  Charge distance=  0.0879 (partial c.d.=  0.2771)
negative density   1 -469.661 - usually harmless precision error, but check DOS if it persists
negative density   1  -21.021 - usually harmless precision error, but check DOS if it persists
SCF ITERATION NUMBER  2
     point #   1  energy = -40.000
     point #  20  energy = -28.932
     point #  40  energy =  -8.809
     point #  60  energy =  -5.778
New Fermi level:    mu=  -5.745 eV  Charge distance=  0.2970 (partial c.d.=  0.0231)
negative density   1-1065.654 - usually harmless precision error, but check DOS if it persists
negative density   1 -204.937 - usually harmless precision error, but check DOS if it persists
SCF ITERATION NUMBER  3
     point #   1  energy = -40.000
     point #  20  energy = -28.918
     point #  40  energy =  -8.768
     point #  60  energy =  -5.758
New Fermi level:    mu=  -5.753 eV  Charge distance=  0.0095 (partial c.d.=  0.0587)
negative density   1-1109.700 - usually harmless precision error, but check DOS if it persists
negative density   1 -218.705 - usually harmless precision error, but check DOS if it persists
SCF ITERATION NUMBER  4
     point #   1  energy = -40.000
     point #  20  energy = -28.920
     point #  40  energy =  -8.775
     point #  60  energy =  -5.766
New Fermi level:    mu=  -5.810 eV  Charge distance=  0.0114 (partial c.d.=  0.0239)
negative density   1-1144.569 - usually harmless precision error, but check DOS if it persists
negative density   1 -229.808 - usually harmless precision error, but check DOS if it persists
SCF ITERATION NUMBER  5
     point #   1  energy = -40.000
     point #  20  energy = -28.939
     point #  40  energy =  -8.827
     point #  60  energy =  -5.823
New Fermi level:    mu=  -5.846 eV  Charge distance=  0.0050 (partial c.d.=  0.0153)
negative density   1-1156.355 - usually harmless precision error, but check DOS if it persists
negative density   1 -233.695 - usually harmless precision error, but check DOS if it persists
SCF ITERATION NUMBER  6
     point #   1  energy = -40.000
     point #  20  energy = -28.950
     point #  40  energy =  -8.860
     point #  60  energy =  -5.834
New Fermi level:    mu=  -5.846 eV  Charge distance=  0.0030 (partial c.d.=  0.0132)
negative density   1-1162.714 - usually harmless precision error, but check DOS if it persists
negative density   1 -235.866 - usually harmless precision error, but check DOS if it persists
SCF ITERATION NUMBER  7
     point #   1  energy = -40.000
     point #  20  energy = -28.950
     point #  40  energy =  -8.860
     point #  60  energy =  -5.834
New Fermi level:    mu=  -5.838 eV  Charge distance=  0.0063 (partial c.d.=  0.0080)
negative density   1-1179.161 - usually harmless precision error, but check DOS if it persists
negative density   1 -241.324 - usually harmless precision error, but check DOS if it persists
negative density   1   -1.601 - usually harmless precision error, but check DOS if it persists
SCF ITERATION NUMBER  8
     point #   1  energy = -40.000
     point #  20  energy = -28.948
     point #  40  energy =  -8.852
     point #  60  energy =  -5.825
New Fermi level:    mu=  -5.830 eV  Charge distance=  0.0007 (partial c.d.=  0.0020)
negative density   1-1183.536 - usually harmless precision error, but check DOS if it persists
negative density   1 -242.731 - usually harmless precision error, but check DOS if it persists
negative density   1   -2.210 - usually harmless precision error, but check DOS if it persists
SCF ITERATION NUMBER  9
     point #   1  energy = -40.000
     point #  20  energy = -28.945
     point #  40  energy =  -8.845
     point #  60  energy =  -5.818
New Fermi level:    mu=  -5.830 eV  Charge distance=  0.0001 (partial c.d.=  0.0002)
Electronic configuration
  type     l     N_el
     0     0    0.557
     0     1    0.647
     0     2    9.622
     0     3    0.000
     1     0    0.282
     1     1    0.592
     1     2    0.000
     1     3    0.000
     2     0    0.541
     2     1    0.619
     2     2    9.660
     2     3    0.000
     3     0    1.208
     3     1    2.087
     3     2    1.061
     3     3    0.000
     4     0    1.836
     4     1    4.367
     4     2    0.086
     4     3    0.000
Charge transfer:  type  charge
       0   -0.174
       1   -0.126
       2   -0.180
       3   -0.643
       4    0.289
Convergence reached in    9 iterations.
Done with module: potentials.

Calculating screened core-hole potential ...
FMS for a cluster of   27 atoms around iph =   0
    0% of energy integration
   20%
   40%
   60%
   80%
  100%
Preparing response function.
Computing (1 - K Chi0)^-1 v_ch
Done with module: screened core-hole potential.

Calculating cross-section and phases ...
    absorption cross section
 x0,dx,rnrm,inrm,jnrm   8.80000000000000       5.000000000000000E-002
   2.63985276199992              196         197
    phase shifts for unique potential    0
    phase shifts for unique potential    1
    phase shifts for unique potential    2
    phase shifts for unique potential    3
    phase shifts for unique potential    4
Done with module: cross-section and phases (XSPH).

FMS calculation of full Green's function ...
FEFF-serial using 1 thread.
Using   194 energy points.
xprep done
FMS for a cluster of  272 atoms
Energy point    1/ 194
Energy point   10/ 194
Energy point   20/ 194
Energy point   30/ 194
Energy point   40/ 194
Energy point   50/ 194
Energy point   60/ 194
Energy point   70/ 194
Energy point   80/ 194
Energy point   90/ 194
Energy point  100/ 194
Energy point  110/ 194
Energy point  120/ 194
Energy point  130/ 194
Energy point  140/ 194
Energy point  150/ 194
Energy point  160/ 194
Energy point  170/ 194
Energy point  180/ 194
Energy point  190/ 194
Done with module: FMS.

MKGTR: Tracing over Green's function ...
Done with module: MKGTR.

Pathfinder: finding scattering paths...
Preparing plane wave scattering amplitudes
Searching for paths
Eliminating path degeneracies
0 paths retained.
Done with module: pathfinder.

Calculating EXAFS parameters ...
Done with module: EXAFS parameters (GENFMT).

Calculating XAS spectra ...
Done with module: XAS spectra (FF2X: DW + final sum over paths).

 
### feff ends at Sun Aug 13 18:19:50 EDT 2023
 
