### feff starts at Mon Aug 14 06:40:38 EDT 2023
### Serial version
### FeffPath is /sdcc/u/mcarbone/software/JFEFF/hsw/feff90/linux
 
Launching FEFF version FEFF 9.9.1
Resetting lmaxsc to 2 for iph =    2.  Use  UNFREEZE to prevent this.
Core hole lifetime is   1.729 eV.
Your calculation:
 comment: None given
 Source:
 Structure Summary:  Cu8 W4 O16
 Reduced formula:  Cu2WO4
 space group: (P-1), space number:  (2)
 abc:  7.144391   8.506638   8.475121
 angles:117.185245 116.712159  82.769955
 sites: 28
Cu K edge XANES using RPA corehole.
Using:     * Self-Consistent Field potentials
Using cards:   ATOMS CONTROL EXCHANGE TITLE RPATH POTENTIALS XANES EDGE SCF FMS S02 COREHOLE EGRID

Calculating atomic potentials ...
    overlapped atomic potential and density for unique potential    0
    overlapped atomic potential and density for unique potential    1
    overlapped atomic potential and density for unique potential    2
    overlapped atomic potential and density for unique potential    3
Done with module: atomic potentials.

Calculating SCF potentials ...
FEFF-serial using 1 thread.
Muffin tin radii and interstitial parameters [bohr]:
type, norman radius, muffin tin, overlap factor
    0  1.37738E+00  1.27161E+00  1.15000E+00
    1  1.47172E+00  1.40991E+00  1.11395E+00
    2  1.42865E+00  1.26096E+00  1.15000E+00
    3  1.07386E+00  9.17596E-01  1.15000E+00
Core-valence separation energy:  ecv=   -32.000 eV
Initial Fermi level:              mu=     3.420 eV
SCF ITERATION NUMBER  1
     point #   1  energy = -32.000
FMS for a cluster of  101 atoms around atom type   0
FMS for a cluster of   98 atoms around atom type   1
FMS for a cluster of   84 atoms around atom type   2
FMS for a cluster of   99 atoms around atom type   3
     point #  20  energy = -20.867
     point #  40  energy =  -4.557
     point #  60  energy =  -4.060
New Fermi level:    mu=  -3.972 eV  Charge distance=  0.7700 (partial c.d.=  7.2635)
SCF ITERATION NUMBER  1
     point #   1  energy = -32.000
FMS for a cluster of  101 atoms around atom type   0
FMS for a cluster of   98 atoms around atom type   1
FMS for a cluster of   84 atoms around atom type   2
FMS for a cluster of   99 atoms around atom type   3
     point #  20  energy = -20.989
     point #  40  energy =  -3.972
     point #  60  energy =  -4.141
     point #  80  energy =  -6.853
New Fermi level:    mu=  -6.564 eV  Charge distance=  0.4043 (partial c.d.=  4.4730)
SCF ITERATION NUMBER  1
     point #   1  energy = -32.000
FMS for a cluster of  101 atoms around atom type   0
FMS for a cluster of   98 atoms around atom type   1
FMS for a cluster of   84 atoms around atom type   2
FMS for a cluster of   99 atoms around atom type   3
     point #  20  energy = -20.808
     point #  40  energy =  -6.564
     point #  60  energy =  -6.223
New Fermi level:    mu=  -6.103 eV  Charge distance=  0.1876 (partial c.d.=  0.6573)
SCF ITERATION NUMBER  2
     point #   1  energy = -32.000
     point #  20  energy = -21.044
     point #  40  energy =  -6.103
New Fermi level:    mu=  -6.161 eV  Charge distance=  0.1559 (partial c.d.=  0.4248)
SCF ITERATION NUMBER  3
     point #   1  energy = -32.000
     point #  20  energy = -21.068
     point #  40  energy =  -6.161
     point #  60  energy =  -6.371
New Fermi level:    mu=  -6.385 eV  Charge distance=  0.2130 (partial c.d.=  0.1134)
SCF ITERATION NUMBER  4
     point #   1  energy = -32.000
     point #  20  energy = -20.729
     point #  40  energy =  -6.385
     point #  60  energy =  -6.623
New Fermi level:    mu=  -6.595 eV  Charge distance=  0.0451 (partial c.d.=  0.2019)
SCF ITERATION NUMBER  5
     point #   1  energy = -32.000
     point #  20  energy = -20.822
     point #  40  energy =  -6.595
New Fermi level:    mu=  -6.499 eV  Charge distance=  0.0060 (partial c.d.=  0.1596)
SCF ITERATION NUMBER  6
     point #   1  energy = -32.000
     point #  20  energy = -20.779
     point #  40  energy =  -6.499
New Fermi level:    mu=  -6.461 eV  Charge distance=  0.0135 (partial c.d.=  0.0665)
SCF ITERATION NUMBER  7
     point #   1  energy = -32.000
     point #  20  energy = -20.763
     point #  40  energy =  -6.461
New Fermi level:    mu=  -6.413 eV  Charge distance=  0.0057 (partial c.d.=  0.0216)
SCF ITERATION NUMBER  8
     point #   1  energy = -32.000
     point #  20  energy = -20.742
     point #  40  energy =  -6.413
New Fermi level:    mu=  -6.392 eV  Charge distance=  0.0008 (partial c.d.=  0.0084)
SCF ITERATION NUMBER  9
     point #   1  energy = -32.000
     point #  20  energy = -20.733
     point #  40  energy =  -6.392
New Fermi level:    mu=  -6.394 eV  Charge distance=  0.0002 (partial c.d.=  0.0029)
SCF ITERATION NUMBER 10
     point #   1  energy = -32.000
     point #  20  energy = -20.734
     point #  40  energy =  -6.394
New Fermi level:    mu=  -6.394 eV  Charge distance=  0.0006 (partial c.d.=  0.0006)
SCF ITERATION NUMBER 11
     point #   1  energy = -32.000
     point #  20  energy = -20.734
     point #  40  energy =  -6.394
New Fermi level:    mu=  -6.395 eV  Charge distance=  0.0002 (partial c.d.=  0.0005)
SCF ITERATION NUMBER 12
     point #   1  energy = -32.000
     point #  20  energy = -20.734
     point #  40  energy =  -6.395
New Fermi level:    mu=  -6.395 eV  Charge distance=  0.0000 (partial c.d.=  0.0002)
Electronic configuration
  type     l     N_el
     0     0    0.608
     0     1    0.674
     0     2    9.548
     0     3    0.000
     1     0    0.751
     1     1    0.734
     1     2    9.643
     1     3    0.000
     2     0    0.570
     2     1    0.754
     2     2    3.802
     2     3    0.000
     3     0    1.831
     3     1    4.238
     3     2    0.085
     3     3    0.000
Charge transfer:  type  charge
       0   -0.170
       1    0.128
       2   -0.874
       3    0.154
Convergence reached in   12 iterations.
Done with module: potentials.

Calculating screened core-hole potential ...
FMS for a cluster of   18 atoms around iph =   0
    0% of energy integration
   20%
   40%
   60%
   80%
  100%
Preparing response function.
Computing (1 - K Chi0)^-1 v_ch
Done with module: screened core-hole potential.

Calculating cross-section and phases ...
    absorption cross section
 x0,dx,rnrm,inrm,jnrm   8.80000000000000       5.000000000000000E-002
   2.60286369699992              196         197
    phase shifts for unique potential    0
    phase shifts for unique potential    1
    phase shifts for unique potential    2
    phase shifts for unique potential    3
Done with module: cross-section and phases (XSPH).

FMS calculation of full Green's function ...
FEFF-serial using 1 thread.
Using   194 energy points.
xprep done
FMS for a cluster of  213 atoms
Energy point    1/ 194
Energy point   10/ 194
Energy point   20/ 194
Energy point   30/ 194
Energy point   40/ 194
Energy point   50/ 194
Energy point   60/ 194
Energy point   70/ 194
Energy point   80/ 194
Energy point   90/ 194
Energy point  100/ 194
Energy point  110/ 194
Energy point  120/ 194
Energy point  130/ 194
Energy point  140/ 194
Energy point  150/ 194
Energy point  160/ 194
Energy point  170/ 194
Energy point  180/ 194
Energy point  190/ 194
Done with module: FMS.

MKGTR: Tracing over Green's function ...
Done with module: MKGTR.

Pathfinder: finding scattering paths...
Preparing plane wave scattering amplitudes
Searching for paths
Eliminating path degeneracies
0 paths retained.
Done with module: pathfinder.

Calculating EXAFS parameters ...
Done with module: EXAFS parameters (GENFMT).

Calculating XAS spectra ...
Done with module: XAS spectra (FF2X: DW + final sum over paths).

 
### feff ends at Mon Aug 14 07:41:58 EDT 2023
 
