### feff starts at Mon Aug 14 09:46:19 EDT 2023
### Serial version
### FeffPath is /sdcc/u/mcarbone/software/JFEFF/hsw/feff90/linux
 
Launching FEFF version FEFF 9.9.1
Core hole lifetime is   1.729 eV.
Your calculation:
 comment: None given
 Source:
 Structure Summary:  Ca1 Mg14 Cu1 O16
 Reduced formula:  CaMg14CuO16
 space group: (P4/mmm), space number:  (123)
 abc:  8.582381   8.582381   4.328848
 angles: 90.000000  90.000000  90.000000
 sites: 32
Cu K edge XANES using RPA corehole.
Using:     * Self-Consistent Field potentials
Using cards:   ATOMS CONTROL EXCHANGE TITLE RPATH POTENTIALS XANES EDGE SCF FMS S02 COREHOLE EGRID

Calculating atomic potentials ...
    overlapped atomic potential and density for unique potential    0
    overlapped atomic potential and density for unique potential    1
    overlapped atomic potential and density for unique potential    2
    overlapped atomic potential and density for unique potential    3
    overlapped atomic potential and density for unique potential    4
Done with module: atomic potentials.

Calculating SCF potentials ...
FEFF-serial using 1 thread.
Muffin tin radii and interstitial parameters [bohr]:
type, norman radius, muffin tin, overlap factor
    0  1.32351E+00  1.27896E+00  1.08846E+00
    1  1.54852E+00  1.47347E+00  1.13488E+00
    2  1.42530E+00  1.36148E+00  1.12281E+00
    3  1.32416E+00  1.27950E+00  1.08867E+00
    4  1.09992E+00  1.05043E+00  1.12351E+00
Core-valence separation energy:  ecv=   -40.000 eV
Initial Fermi level:              mu=    -4.656 eV
SCF ITERATION NUMBER  1
     point #   1  energy = -40.000
FMS for a cluster of  147 atoms around atom type   0
FMS for a cluster of   97 atoms around atom type   1
FMS for a cluster of  138 atoms around atom type   2
FMS for a cluster of  122 atoms around atom type   3
FMS for a cluster of  147 atoms around atom type   4
     point #  20  energy = -28.884
     point #  40  energy = -14.012
     point #  60  energy = -10.349
     point #  80  energy =  -8.653
     point # 100  energy =  -8.296
 Found bad counts.
  Occupation number in getorb is    10.000
  Will repeat this iteration.
 Found bad counts.
  Occupation number in getorb is    10.000
  Will repeat this iteration.
New Fermi level:    mu=  -8.222 eV  Charge distance=  1.8899 (partial c.d.=  6.5025)
SCF ITERATION NUMBER  1
     point #   1  energy = -40.000
FMS for a cluster of  147 atoms around atom type   0
FMS for a cluster of   97 atoms around atom type   1
FMS for a cluster of  138 atoms around atom type   2
FMS for a cluster of  122 atoms around atom type   3
FMS for a cluster of  147 atoms around atom type   4
     point #  20  energy = -28.724
     point #  40  energy =  -8.222
     point #  60  energy =  -8.263
     point #  80  energy = -11.691
     point # 100  energy = -12.697
     point # 120  energy = -11.706
     point # 140  energy = -11.281
New Fermi level:    mu= -11.053 eV  Charge distance=  0.5993 (partial c.d.=  9.5304)
SCF ITERATION NUMBER  1
     point #   1  energy = -40.000
FMS for a cluster of  147 atoms around atom type   0
FMS for a cluster of   97 atoms around atom type   1
FMS for a cluster of  138 atoms around atom type   2
FMS for a cluster of  122 atoms around atom type   3
FMS for a cluster of  147 atoms around atom type   4
     point #  20  energy = -29.020
     point #  40  energy = -11.053
     point #  60  energy = -11.044
     point #  80  energy = -10.794
     point # 100  energy = -10.544
     point # 120  energy = -10.294
     point # 140  energy = -10.044
New Fermi level:    mu=  -9.873 eV  Charge distance=  0.3140 (partial c.d.=  0.4789)
SCF ITERATION NUMBER  2
     point #   1  energy = -40.000
     point #  20  energy = -28.954
     point #  40  energy =  -9.873
     point #  60  energy =  -9.811
New Fermi level:    mu=  -9.778 eV  Charge distance=  0.4372 (partial c.d.=  0.1795)
SCF ITERATION NUMBER  3
     point #   1  energy = -40.000
     point #  20  energy = -28.919
     point #  40  energy =  -9.778
     point #  60  energy =  -9.687
     point #  80  energy =  -8.628
New Fermi level:    mu=  -8.399 eV  Charge distance=  0.3779 (partial c.d.=  3.8188)
SCF ITERATION NUMBER  4
     point #   1  energy = -40.000
     point #  20  energy = -28.787
     point #  40  energy =  -8.399
     point #  60  energy =  -8.440
     point #  80  energy = -11.786
     point # 100  energy = -12.143
     point # 120  energy = -11.521
     point # 140  energy = -11.158
     point # 160  energy = -10.908
     point # 180  energy = -10.658
     point # 200  energy = -10.408
     point # 220  energy = -10.158
     point # 240  energy =  -9.908
New Fermi level:    mu=  -9.700 eV  Charge distance=  0.0547 (partial c.d.=  3.8054)
SCF ITERATION NUMBER  5
     point #   1  energy = -40.000
     point #  20  energy = -28.890
     point #  40  energy =  -9.700
New Fermi level:    mu=  -9.722 eV  Charge distance=  0.1599 (partial c.d.=  0.0332)
SCF ITERATION NUMBER  6
     point #   1  energy = -40.000
     point #  20  energy = -28.898
     point #  40  energy =  -9.722
     point #  60  energy =  -9.784
New Fermi level:    mu=  -9.818 eV  Charge distance=  0.0364 (partial c.d.=  0.1426)
SCF ITERATION NUMBER  7
     point #   1  energy = -40.000
     point #  20  energy = -28.933
     point #  40  energy =  -9.818
New Fermi level:    mu=  -9.843 eV  Charge distance=  0.1216 (partial c.d.=  0.0316)
SCF ITERATION NUMBER  8
     point #   1  energy = -40.000
     point #  20  energy = -28.942
     point #  40  energy =  -9.843
     point #  60  energy =  -9.906
New Fermi level:    mu=  -9.900 eV  Charge distance=  0.0067 (partial c.d.=  0.1070)
SCF ITERATION NUMBER  9
     point #   1  energy = -40.000
     point #  20  energy = -28.963
     point #  40  energy =  -9.900
New Fermi level:    mu=  -9.890 eV  Charge distance=  0.0172 (partial c.d.=  0.0118)
SCF ITERATION NUMBER 10
     point #   1  energy = -40.000
     point #  20  energy = -28.960
     point #  40  energy =  -9.890
New Fermi level:    mu=  -9.882 eV  Charge distance=  0.0007 (partial c.d.=  0.0106)
SCF ITERATION NUMBER 11
     point #   1  energy = -40.000
     point #  20  energy = -28.957
     point #  40  energy =  -9.882
New Fermi level:    mu=  -9.879 eV  Charge distance=  0.0004 (partial c.d.=  0.0014)
SCF ITERATION NUMBER 12
     point #   1  energy = -40.000
     point #  20  energy = -28.955
     point #  40  energy =  -9.879
New Fermi level:    mu=  -9.878 eV  Charge distance=  0.0003 (partial c.d.=  0.0009)
SCF ITERATION NUMBER 13
     point #   1  energy = -40.000
     point #  20  energy = -28.955
     point #  40  energy =  -9.878
New Fermi level:    mu=  -9.879 eV  Charge distance=  0.0001 (partial c.d.=  0.0007)
SCF ITERATION NUMBER 14
     point #   1  energy = -40.000
     point #  20  energy = -28.956
     point #  40  energy =  -9.879
New Fermi level:    mu=  -9.880 eV  Charge distance=  0.0001 (partial c.d.=  0.0001)
Electronic configuration
  type     l     N_el
     0     0    0.374
     0     1    0.469
     0     2    9.630
     0     3    0.000
     1     0    0.337
     1     1    6.497
     1     2    1.056
     1     3    0.000
     2     0    0.452
     2     1    0.701
     2     2    0.468
     2     3    0.000
     3     0    0.371
     3     1    0.469
     3     2    9.630
     3     3    0.000
     4     0    1.838
     4     1    4.506
     4     2    0.028
     4     3    0.000
Charge transfer:  type  charge
       0   -0.528
       1   -0.110
       2   -0.379
       3   -0.530
       4    0.372
Convergence reached in   14 iterations.
Done with module: potentials.

Calculating screened core-hole potential ...
FMS for a cluster of   27 atoms around iph =   0
    0% of energy integration
   20%
   40%
   60%
   80%
  100%
Preparing response function.
Computing (1 - K Chi0)^-1 v_ch
Done with module: screened core-hole potential.

Calculating cross-section and phases ...
    absorption cross section
 x0,dx,rnrm,inrm,jnrm   8.80000000000000       5.000000000000000E-002
   2.50107061900004              195         196
    phase shifts for unique potential    0
    phase shifts for unique potential    1
    phase shifts for unique potential    2
    phase shifts for unique potential    3
    phase shifts for unique potential    4
Done with module: cross-section and phases (XSPH).

FMS calculation of full Green's function ...
FEFF-serial using 1 thread.
Using   194 energy points.
xprep done
FMS for a cluster of  305 atoms
Energy point    1/ 194
Energy point   10/ 194
Energy point   20/ 194
Energy point   30/ 194
Energy point   40/ 194
Energy point   50/ 194
Energy point   60/ 194
Energy point   70/ 194
Energy point   80/ 194
Energy point   90/ 194
Energy point  100/ 194
Energy point  110/ 194
Energy point  120/ 194
Energy point  130/ 194
Energy point  140/ 194
Energy point  150/ 194
Energy point  160/ 194
Energy point  170/ 194
Energy point  180/ 194
Energy point  190/ 194
Done with module: FMS.

MKGTR: Tracing over Green's function ...
Done with module: MKGTR.

Pathfinder: finding scattering paths...
Preparing plane wave scattering amplitudes
Searching for paths
Eliminating path degeneracies
0 paths retained.
Done with module: pathfinder.

Calculating EXAFS parameters ...
Done with module: EXAFS parameters (GENFMT).

Calculating XAS spectra ...
Done with module: XAS spectra (FF2X: DW + final sum over paths).

 
### feff ends at Mon Aug 14 13:00:41 EDT 2023
 
