### feff starts at Mon Aug 14 12:08:26 EDT 2023
### Serial version
### FeffPath is /sdcc/u/mcarbone/software/JFEFF/hsw/feff90/linux
 
Launching FEFF version FEFF 9.9.1
Core hole lifetime is   1.729 eV.
Your calculation:
 comment: None given
 Source:
 Structure Summary:  Li5 Fe2 Cu5 O12
 Reduced formula:  Li5Fe2Cu5O12
 space group: (C2), space number:  (5)
 abc:  5.062098   5.062098   9.713028
 angles: 88.852470  91.147528  65.851012
 sites: 24
Cu K edge XANES using RPA corehole.
Using:     * Self-Consistent Field potentials
Using cards:   ATOMS CONTROL EXCHANGE TITLE RPATH POTENTIALS XANES EDGE SCF FMS S02 COREHOLE EGRID

Calculating atomic potentials ...
    overlapped atomic potential and density for unique potential    0
    overlapped atomic potential and density for unique potential    1
    overlapped atomic potential and density for unique potential    2
    overlapped atomic potential and density for unique potential    3
    overlapped atomic potential and density for unique potential    4
Done with module: atomic potentials.

Calculating SCF potentials ...
FEFF-serial using 1 thread.
Muffin tin radii and interstitial parameters [bohr]:
type, norman radius, muffin tin, overlap factor
    0  1.28149E+00  1.18598E+00  1.15000E+00
    1  1.31518E+00  1.25396E+00  1.12856E+00
    2  1.36758E+00  1.24963E+00  1.15000E+00
    3  1.31156E+00  1.22491E+00  1.15000E+00
    4  1.12114E+00  1.05944E+00  1.15000E+00
Core-valence separation energy:  ecv=   -40.000 eV
Initial Fermi level:              mu=    -1.296 eV
SCF ITERATION NUMBER  1
     point #   1  energy = -40.000
FMS for a cluster of  155 atoms around atom type   0
FMS for a cluster of  151 atoms around atom type   1
FMS for a cluster of  149 atoms around atom type   2
FMS for a cluster of  147 atoms around atom type   3
FMS for a cluster of  156 atoms around atom type   4
     point #  20  energy = -28.814
     point #  40  energy =  -8.564
     point #  60  energy =  -5.049
     point #  80  energy =  -5.227
New Fermi level:    mu=  -5.229 eV  Charge distance=  0.7856 (partial c.d.= 10.1030)
SCF ITERATION NUMBER  1
     point #   1  energy = -40.000
FMS for a cluster of  155 atoms around atom type   0
FMS for a cluster of  151 atoms around atom type   1
FMS for a cluster of  149 atoms around atom type   2
FMS for a cluster of  147 atoms around atom type   3
FMS for a cluster of  156 atoms around atom type   4
     point #  20  energy = -28.750
     point #  40  energy =  -8.297
     point #  60  energy =  -5.241
     point #  80  energy =  -5.679
     point # 100  energy =  -5.394
New Fermi level:    mu=  -5.392 eV  Charge distance=  1.2570 (partial c.d.=  8.9735)
negative density   1 -124.571 - usually harmless precision error, but check DOS if it persists
SCF ITERATION NUMBER  1
     point #   1  energy = -40.000
FMS for a cluster of  155 atoms around atom type   0
FMS for a cluster of  151 atoms around atom type   1
FMS for a cluster of  149 atoms around atom type   2
FMS for a cluster of  147 atoms around atom type   3
FMS for a cluster of  156 atoms around atom type   4
     point #  20  energy = -28.803
     point #  40  energy =  -8.446
     point #  60  energy =  -5.405
     point #  80  energy =  -7.420
     point # 100  energy = -10.527
New Fermi level:    mu= -10.867 eV  Charge distance=  0.8434 (partial c.d.=  8.8697)
negative density   1 -132.135 - usually harmless precision error, but check DOS if it persists
SCF ITERATION NUMBER  2
     point #   1  energy = -40.000
     point #  20  energy = -28.949
     point #  40  energy = -10.867
     point #  60  energy = -10.776
     point #  80  energy =  -7.301
     point # 100  energy =  -6.170
New Fermi level:    mu=  -6.090 eV  Charge distance=  0.4964 (partial c.d.=  7.3408)
negative density   1 -192.284 - usually harmless precision error, but check DOS if it persists
SCF ITERATION NUMBER  3
     point #   1  energy = -40.000
     point #  20  energy = -28.697
     point #  40  energy =  -8.145
     point #  60  energy =  -6.103
     point #  80  energy =  -8.803
     point # 100  energy = -10.315
New Fermi level:    mu= -10.505 eV  Charge distance=  0.1086 (partial c.d.=  5.3043)
negative density   1 -210.049 - usually harmless precision error, but check DOS if it persists
SCF ITERATION NUMBER  4
     point #   1  energy = -40.000
     point #  20  energy = -28.812
     point #  40  energy = -10.505
     point #  60  energy = -10.430
New Fermi level:    mu= -10.400 eV  Charge distance=  0.1782 (partial c.d.=  1.1687)
negative density   1 -227.439 - usually harmless precision error, but check DOS if it persists
SCF ITERATION NUMBER  5
     point #   1  energy = -40.000
     point #  20  energy = -28.772
     point #  40  energy = -10.400
     point #  60  energy = -10.325
New Fermi level:    mu= -10.264 eV  Charge distance=  0.0439 (partial c.d.=  1.3781)
negative density   1 -242.479 - usually harmless precision error, but check DOS if it persists
SCF ITERATION NUMBER  6
     point #   1  energy = -40.000
     point #  20  energy = -28.721
     point #  40  energy = -10.264
     point #  60  energy = -10.361
New Fermi level:    mu= -10.501 eV  Charge distance=  0.2438 (partial c.d.=  0.1757)
negative density   1 -285.098 - usually harmless precision error, but check DOS if it persists
SCF ITERATION NUMBER  7
     point #   1  energy = -40.000
     point #  20  energy = -28.811
     point #  40  energy = -10.501
     point #  60  energy = -10.411
     point #  80  energy = -10.020
New Fermi level:    mu= -10.029 eV  Charge distance=  0.0687 (partial c.d.=  1.9146)
negative density   1 -281.359 - usually harmless precision error, but check DOS if it persists
SCF ITERATION NUMBER  8
     point #   1  energy = -40.000
     point #  20  energy = -29.011
     point #  40  energy = -10.029
     point #  60  energy = -10.126
New Fermi level:    mu= -10.389 eV  Charge distance=  0.0374 (partial c.d.=  0.9231)
negative density   1 -287.299 - usually harmless precision error, but check DOS if it persists
SCF ITERATION NUMBER  9
     point #   1  energy = -40.000
     point #  20  energy = -28.768
     point #  40  energy = -10.389
     point #  60  energy = -10.314
New Fermi level:    mu= -10.299 eV  Charge distance=  0.0142 (partial c.d.=  0.4265)
negative density   1 -289.109 - usually harmless precision error, but check DOS if it persists
SCF ITERATION NUMBER 10
     point #   1  energy = -40.000
     point #  20  energy = -28.734
     point #  40  energy = -10.299
New Fermi level:    mu= -10.291 eV  Charge distance=  0.0060 (partial c.d.=  0.1512)
negative density   1 -291.273 - usually harmless precision error, but check DOS if it persists
SCF ITERATION NUMBER 11
     point #   1  energy = -40.000
     point #  20  energy = -28.731
     point #  40  energy = -10.291
New Fermi level:    mu= -10.259 eV  Charge distance=  0.0040 (partial c.d.=  0.0946)
negative density   1 -294.162 - usually harmless precision error, but check DOS if it persists
SCF ITERATION NUMBER 12
     point #   1  energy = -40.000
     point #  20  energy = -28.719
     point #  40  energy = -10.259
New Fermi level:    mu= -10.250 eV  Charge distance=  0.0029 (partial c.d.=  0.0288)
negative density   1 -295.699 - usually harmless precision error, but check DOS if it persists
SCF ITERATION NUMBER 13
     point #   1  energy = -40.000
     point #  20  energy = -28.715
     point #  40  energy = -10.250
New Fermi level:    mu= -10.249 eV  Charge distance=  0.0087 (partial c.d.=  0.0123)
negative density   1 -301.948 - usually harmless precision error, but check DOS if it persists
SCF ITERATION NUMBER 14
     point #   1  energy = -40.000
     point #  20  energy = -28.715
     point #  40  energy = -10.249
New Fermi level:    mu= -10.243 eV  Charge distance=  0.0012 (partial c.d.=  0.0283)
negative density   1 -303.388 - usually harmless precision error, but check DOS if it persists
SCF ITERATION NUMBER 15
     point #   1  energy = -40.000
     point #  20  energy = -28.713
     point #  40  energy = -10.243
New Fermi level:    mu= -10.240 eV  Charge distance=  0.0006 (partial c.d.=  0.0028)
negative density   1 -303.929 - usually harmless precision error, but check DOS if it persists
SCF ITERATION NUMBER 16
     point #   1  energy = -40.000
     point #  20  energy = -28.712
     point #  40  energy = -10.240
New Fermi level:    mu= -10.240 eV  Charge distance=  0.0010 (partial c.d.=  0.0018)
negative density   1 -305.376 - usually harmless precision error, but check DOS if it persists
SCF ITERATION NUMBER 17
     point #   1  energy = -40.000
     point #  20  energy = -28.712
     point #  40  energy = -10.240
New Fermi level:    mu= -10.239 eV  Charge distance=  0.0002 (partial c.d.=  0.0028)
negative density   1 -305.568 - usually harmless precision error, but check DOS if it persists
SCF ITERATION NUMBER 18
     point #   1  energy = -40.000
     point #  20  energy = -28.711
     point #  40  energy = -10.239
New Fermi level:    mu= -10.240 eV  Charge distance=  0.0001 (partial c.d.=  0.0003)
negative density   1 -305.619 - usually harmless precision error, but check DOS if it persists
SCF ITERATION NUMBER 19
     point #   1  energy = -40.000
     point #  20  energy = -28.712
     point #  40  energy = -10.240
New Fermi level:    mu= -10.240 eV  Charge distance=  0.0001 (partial c.d.=  0.0004)
negative density   1 -305.693 - usually harmless precision error, but check DOS if it persists
SCF ITERATION NUMBER 20
     point #   1  energy = -40.000
     point #  20  energy = -28.712
     point #  40  energy = -10.240
New Fermi level:    mu= -10.240 eV  Charge distance=  0.0000 (partial c.d.=  0.0000)
Electronic configuration
  type     l     N_el
     0     0    0.481
     0     1    0.581
     0     2    9.273
     0     3    0.000
     1     0    0.226
     1     1    0.465
     1     2    0.000
     1     3    0.000
     2     0    0.534
     2     1    0.867
     2     2    6.698
     2     3    0.000
     3     0    0.477
     3     1    0.532
     3     2    9.346
     3     3    0.000
     4     0    1.855
     4     1    4.474
     4     2    0.053
     4     3    0.000
Charge transfer:  type  charge
       0   -0.665
       1   -0.308
       2    0.099
       3   -0.645
       4    0.381
Convergence reached in   20 iterations.
Done with module: potentials.

Calculating screened core-hole potential ...
FMS for a cluster of   29 atoms around iph =   0
    0% of energy integration
   20%
   40%
   60%
   80%
  100%
Preparing response function.
Computing (1 - K Chi0)^-1 v_ch
Done with module: screened core-hole potential.

Calculating cross-section and phases ...
    absorption cross section
 x0,dx,rnrm,inrm,jnrm   8.80000000000000       5.000000000000000E-002
   2.42165982299990              194         195
    phase shifts for unique potential    0
    phase shifts for unique potential    1
    phase shifts for unique potential    2
    phase shifts for unique potential    3
    phase shifts for unique potential    4
Done with module: cross-section and phases (XSPH).

FMS calculation of full Green's function ...
FEFF-serial using 1 thread.
Using   194 energy points.
xprep done
FMS for a cluster of  325 atoms
Energy point    1/ 194
Energy point   10/ 194
Energy point   20/ 194
Energy point   30/ 194
Energy point   40/ 194
Energy point   50/ 194
Energy point   60/ 194
Energy point   70/ 194
Energy point   80/ 194
Energy point   90/ 194
Energy point  100/ 194
Energy point  110/ 194
Energy point  120/ 194
Energy point  130/ 194
Energy point  140/ 194
Energy point  150/ 194
Energy point  160/ 194
Energy point  170/ 194
Energy point  180/ 194
Energy point  190/ 194
Done with module: FMS.

MKGTR: Tracing over Green's function ...
Done with module: MKGTR.

Pathfinder: finding scattering paths...
Preparing plane wave scattering amplitudes
Searching for paths
Eliminating path degeneracies
0 paths retained.
Done with module: pathfinder.

Calculating EXAFS parameters ...
Done with module: EXAFS parameters (GENFMT).

Calculating XAS spectra ...
Done with module: XAS spectra (FF2X: DW + final sum over paths).

 
### feff ends at Mon Aug 14 15:58:35 EDT 2023
 
