### feff starts at Sun Aug 13 09:26:11 EDT 2023
### Serial version
### FeffPath is /sdcc/u/mcarbone/software/JFEFF/hsw/feff90/linux
 
Launching FEFF version FEFF 9.9.1
Core hole lifetime is   1.729 eV.
Your calculation:
 comment: None given
 Source:
 Structure Summary:  Cu5 H8 Cl2 O10
 Reduced formula:  Cu5H8(ClO5)2
 space group: (P-1), space number:  (2)
 abc:  5.930558   5.958798   8.938869
 angles: 95.533670 108.007075 112.021842
 sites: 25
Cu K edge XANES using RPA corehole.
Using:     * Self-Consistent Field potentials
Using cards:   ATOMS CONTROL EXCHANGE TITLE RPATH POTENTIALS XANES EDGE SCF FMS S02 COREHOLE EGRID

Calculating atomic potentials ...
    overlapped atomic potential and density for unique potential    0
    overlapped atomic potential and density for unique potential    1
    overlapped atomic potential and density for unique potential    2
    overlapped atomic potential and density for unique potential    3
    overlapped atomic potential and density for unique potential    4
Done with module: atomic potentials.

Calculating SCF potentials ...
FEFF-serial using 1 thread.
Muffin tin radii and interstitial parameters [bohr]:
type, norman radius, muffin tin, overlap factor
    0  1.31102E+00  1.20115E+00  1.15000E+00
    1  1.35245E+00  1.28098E+00  1.14967E+00
    2  8.11574E-01  6.51196E-01  1.15000E+00
    3  1.43824E+00  1.12202E+00  1.15000E+00
    4  1.10077E+00  9.88119E-01  1.15000E+00
Core-valence separation energy:  ecv=   -40.000 eV
Initial Fermi level:              mu=     2.277 eV
SCF ITERATION NUMBER  1
     point #   1  energy = -40.000
FMS for a cluster of  129 atoms around atom type   0
FMS for a cluster of  126 atoms around atom type   1
FMS for a cluster of  134 atoms around atom type   2
FMS for a cluster of  129 atoms around atom type   3
FMS for a cluster of  132 atoms around atom type   4
     point #  20  energy = -28.910
     point #  40  energy =  -8.660
     point #  60  energy =  -2.691
     point #  80  energy =  -3.119
New Fermi level:    mu=  -3.126 eV  Charge distance=  0.5828 (partial c.d.=  7.7099)
SCF ITERATION NUMBER  1
     point #   1  energy = -40.000
FMS for a cluster of  129 atoms around atom type   0
FMS for a cluster of  126 atoms around atom type   1
FMS for a cluster of  134 atoms around atom type   2
FMS for a cluster of  129 atoms around atom type   3
FMS for a cluster of  132 atoms around atom type   4
     point #  20  energy = -28.733
     point #  40  energy =  -8.247
     point #  60  energy =  -3.126
     point #  80  energy =  -4.951
     point # 100  energy =  -7.879
     point # 120  energy =  -8.335
New Fermi level:    mu=  -8.473 eV  Charge distance=  0.1789 (partial c.d.=  3.1662)
SCF ITERATION NUMBER  1
     point #   1  energy = -40.000
FMS for a cluster of  129 atoms around atom type   0
FMS for a cluster of  126 atoms around atom type   1
FMS for a cluster of  134 atoms around atom type   2
FMS for a cluster of  129 atoms around atom type   3
FMS for a cluster of  132 atoms around atom type   4
     point #  20  energy = -28.813
     point #  40  energy =  -8.473
     point #  60  energy =  -8.432
     point #  80  energy =  -6.504
     point # 100  energy =  -6.651
New Fermi level:    mu=  -6.823 eV  Charge distance=  0.0635 (partial c.d.=  0.4138)
SCF ITERATION NUMBER  2
     point #   1  energy = -40.000
     point #  20  energy = -28.941
     point #  40  energy =  -8.834
     point #  60  energy =  -6.810
     point #  80  energy =  -6.167
New Fermi level:    mu=  -6.411 eV  Charge distance=  0.1315 (partial c.d.=  0.4886)
SCF ITERATION NUMBER  3
     point #   1  energy = -40.000
     point #  20  energy = -28.804
     point #  40  energy =  -8.446
     point #  60  energy =  -6.436
New Fermi level:    mu=  -6.500 eV  Charge distance=  0.0643 (partial c.d.=  0.7984)
SCF ITERATION NUMBER  4
     point #   1  energy = -40.000
     point #  20  energy = -28.833
     point #  40  energy =  -8.530
     point #  60  energy =  -6.525
New Fermi level:    mu=  -6.580 eV  Charge distance=  0.0709 (partial c.d.=  0.1255)
SCF ITERATION NUMBER  5
     point #   1  energy = -40.000
     point #  20  energy = -28.860
     point #  40  energy =  -8.605
     point #  60  energy =  -6.555
New Fermi level:    mu=  -6.506 eV  Charge distance=  0.0102 (partial c.d.=  0.5121)
SCF ITERATION NUMBER  6
     point #   1  energy = -40.000
     point #  20  energy = -28.835
     point #  40  energy =  -8.536
     point #  60  energy =  -6.531
New Fermi level:    mu=  -6.548 eV  Charge distance=  0.0094 (partial c.d.=  0.2127)
SCF ITERATION NUMBER  7
     point #   1  energy = -40.000
     point #  20  energy = -28.849
     point #  40  energy =  -8.575
New Fermi level:    mu=  -6.554 eV  Charge distance=  0.0041 (partial c.d.=  0.0696)
SCF ITERATION NUMBER  8
     point #   1  energy = -40.000
     point #  20  energy = -28.851
     point #  40  energy =  -8.581
New Fermi level:    mu=  -6.561 eV  Charge distance=  0.0057 (partial c.d.=  0.0044)
SCF ITERATION NUMBER  9
     point #   1  energy = -40.000
     point #  20  energy = -28.854
     point #  40  energy =  -8.588
New Fermi level:    mu=  -6.567 eV  Charge distance=  0.0013 (partial c.d.=  0.0025)
SCF ITERATION NUMBER 10
     point #   1  energy = -40.000
     point #  20  energy = -28.856
     point #  40  energy =  -8.593
New Fermi level:    mu=  -6.563 eV  Charge distance=  0.0020 (partial c.d.=  0.0042)
SCF ITERATION NUMBER 11
     point #   1  energy = -40.000
     point #  20  energy = -28.854
     point #  40  energy =  -8.590
New Fermi level:    mu=  -6.558 eV  Charge distance=  0.0001 (partial c.d.=  0.0074)
SCF ITERATION NUMBER 12
     point #   1  energy = -40.000
     point #  20  energy = -28.853
     point #  40  energy =  -8.585
New Fermi level:    mu=  -6.558 eV  Charge distance=  0.0003 (partial c.d.=  0.0001)
Electronic configuration
  type     l     N_el
     0     0    0.525
     0     1    0.627
     0     2    9.475
     0     3    0.000
     1     0    0.497
     1     1    0.601
     1     2    9.626
     1     3    0.000
     2     0    0.645
     2     1    0.202
     2     2    0.000
     2     3    0.000
     3     0    1.949
     3     1    4.646
     3     2    0.188
     3     3    0.000
     4     0    1.860
     4     1    4.356
     4     2    0.088
     4     3    0.000
Charge transfer:  type  charge
       0   -0.373
       1   -0.275
       2   -0.153
       3   -0.216
       4    0.304
Convergence reached in   12 iterations.
Done with module: potentials.

Calculating screened core-hole potential ...
FMS for a cluster of   25 atoms around iph =   0
    0% of energy integration
   20%
   40%
   60%
   80%
  100%
Preparing response function.
Computing (1 - K Chi0)^-1 v_ch
Done with module: screened core-hole potential.

Calculating cross-section and phases ...
    absorption cross section
 x0,dx,rnrm,inrm,jnrm   8.80000000000000       5.000000000000000E-002
   2.47746198700012              195         196
    phase shifts for unique potential    0
    phase shifts for unique potential    1
    phase shifts for unique potential    2
    phase shifts for unique potential    3
    phase shifts for unique potential    4
Done with module: cross-section and phases (XSPH).

FMS calculation of full Green's function ...
FEFF-serial using 1 thread.
Using   194 energy points.
xprep done
FMS for a cluster of  279 atoms
Energy point    1/ 194
Energy point   10/ 194
Energy point   20/ 194
Energy point   30/ 194
Energy point   40/ 194
Energy point   50/ 194
Energy point   60/ 194
Energy point   70/ 194
Energy point   80/ 194
Energy point   90/ 194
Energy point  100/ 194
Energy point  110/ 194
Energy point  120/ 194
Energy point  130/ 194
Energy point  140/ 194
Energy point  150/ 194
Energy point  160/ 194
Energy point  170/ 194
Energy point  180/ 194
Energy point  190/ 194
Done with module: FMS.

MKGTR: Tracing over Green's function ...
Done with module: MKGTR.

Pathfinder: finding scattering paths...
Preparing plane wave scattering amplitudes
Searching for paths
Eliminating path degeneracies
0 paths retained.
Done with module: pathfinder.

Calculating EXAFS parameters ...
Done with module: EXAFS parameters (GENFMT).

Calculating XAS spectra ...
Done with module: XAS spectra (FF2X: DW + final sum over paths).

 
### feff ends at Sun Aug 13 11:14:44 EDT 2023
 
