### feff starts at Mon Aug 14 11:15:14 EDT 2023
### Serial version
### FeffPath is /sdcc/u/mcarbone/software/JFEFF/hsw/feff90/linux
 
Launching FEFF version FEFF 9.9.1
Core hole lifetime is   1.729 eV.
Your calculation:
 comment: None given
 Source:
 Structure Summary:  Li2 Cu4 C4 O14
 Reduced formula:  LiCu2C2O7
 space group: (P1), space number:  (1)
 abc:  4.814479   4.834387  15.242704
 angles: 89.657418  89.624449  60.274919
 sites: 24
Cu K edge XANES using RPA corehole.
Using:     * Self-Consistent Field potentials
Using cards:   ATOMS CONTROL EXCHANGE TITLE RPATH POTENTIALS XANES EDGE SCF FMS S02 COREHOLE EGRID

Calculating atomic potentials ...
    overlapped atomic potential and density for unique potential    0
    overlapped atomic potential and density for unique potential    1
    overlapped atomic potential and density for unique potential    2
    overlapped atomic potential and density for unique potential    3
    overlapped atomic potential and density for unique potential    4
Done with module: atomic potentials.

Calculating SCF potentials ...
FEFF-serial using 1 thread.
Muffin tin radii and interstitial parameters [bohr]:
type, norman radius, muffin tin, overlap factor
    0  1.30698E+00  1.17620E+00  1.15000E+00
    1  1.41584E+00  1.35801E+00  1.11033E+00
    2  1.30677E+00  1.17492E+00  1.15000E+00
    3  9.25524E-01  6.78219E-01  1.15000E+00
    4  1.10759E+00  9.27622E-01  1.15000E+00
Core-valence separation energy:  ecv=   -40.000 eV
Initial Fermi level:              mu=     5.353 eV
SCF ITERATION NUMBER  1
     point #   1  energy = -40.000
FMS for a cluster of  114 atoms around atom type   0
FMS for a cluster of   99 atoms around atom type   1
FMS for a cluster of  108 atoms around atom type   2
FMS for a cluster of  104 atoms around atom type   3
FMS for a cluster of  114 atoms around atom type   4
     point #  20  energy = -28.900
     point #  40  energy =  -8.650
     point #  60  energy =  -4.000
     point #  80  energy =  -3.547
New Fermi level:    mu=  -3.555 eV  Charge distance=  0.7079 (partial c.d.=  6.2947)
SCF ITERATION NUMBER  1
     point #   1  energy = -40.000
FMS for a cluster of  114 atoms around atom type   0
FMS for a cluster of   99 atoms around atom type   1
FMS for a cluster of  108 atoms around atom type   2
FMS for a cluster of  104 atoms around atom type   3
FMS for a cluster of  114 atoms around atom type   4
     point #  20  energy = -28.864
     point #  40  energy =  -8.617
     point #  60  energy =  -3.555
     point #  80  energy =  -5.380
     point # 100  energy =  -7.645
New Fermi level:    mu=  -7.689 eV  Charge distance=  0.2573 (partial c.d.=  3.9557)
SCF ITERATION NUMBER  1
     point #   1  energy = -40.000
FMS for a cluster of  114 atoms around atom type   0
FMS for a cluster of   99 atoms around atom type   1
FMS for a cluster of  108 atoms around atom type   2
FMS for a cluster of  104 atoms around atom type   3
FMS for a cluster of  114 atoms around atom type   4
     point #  20  energy = -28.893
     point #  40  energy =  -8.698
     point #  60  energy =  -7.729
New Fermi level:    mu=  -7.937 eV  Charge distance=  0.0980 (partial c.d.=  0.3823)
SCF ITERATION NUMBER  2
     point #   1  energy = -40.000
     point #  20  energy = -28.978
     point #  40  energy =  -8.939
     point #  60  energy =  -7.896
     point #  80  energy =  -7.040
New Fermi level:    mu=  -7.261 eV  Charge distance=  0.0995 (partial c.d.=  0.5925)
negative density   3 -500.880 - usually harmless precision error, but check DOS if it persists
SCF ITERATION NUMBER  3
     point #   1  energy = -40.000
     point #  20  energy = -28.746
     point #  40  energy =  -8.284
     point #  60  energy =  -7.301
     point #  80  energy =  -7.939
New Fermi level:    mu=  -7.978 eV  Charge distance=  0.0887 (partial c.d.=  0.6422)
negative density   3-1454.463 - usually harmless precision error, but check DOS if it persists
negative density   3 -413.649 - usually harmless precision error, but check DOS if it persists
SCF ITERATION NUMBER  4
     point #   1  energy = -40.000
     point #  20  energy = -28.992
     point #  40  energy =  -8.978
     point #  60  energy =  -7.940
New Fermi level:    mu=  -7.827 eV  Charge distance=  0.0460 (partial c.d.=  0.1675)
negative density   3-1737.652 - usually harmless precision error, but check DOS if it persists
negative density   3 -578.218 - usually harmless precision error, but check DOS if it persists
SCF ITERATION NUMBER  5
     point #   1  energy = -40.000
     point #  20  energy = -28.941
     point #  40  energy =  -8.833
     point #  60  energy =  -7.787
     point #  80  energy =  -7.452
New Fermi level:    mu=  -7.535 eV  Charge distance=  0.0083 (partial c.d.=  0.2790)
negative density   3-1772.294 - usually harmless precision error, but check DOS if it persists
negative density   3 -602.490 - usually harmless precision error, but check DOS if it persists
SCF ITERATION NUMBER  6
     point #   1  energy = -40.000
     point #  20  energy = -28.840
     point #  40  energy =  -8.550
     point #  60  energy =  -7.573
New Fermi level:    mu=  -7.616 eV  Charge distance=  0.0044 (partial c.d.=  0.0826)
negative density   3-1778.272 - usually harmless precision error, but check DOS if it persists
negative density   3 -605.065 - usually harmless precision error, but check DOS if it persists
SCF ITERATION NUMBER  7
     point #   1  energy = -40.000
     point #  20  energy = -28.868
     point #  40  energy =  -8.628
New Fermi level:    mu=  -7.605 eV  Charge distance=  0.0070 (partial c.d.=  0.0197)
negative density   3-1794.843 - usually harmless precision error, but check DOS if it persists
negative density   3 -611.990 - usually harmless precision error, but check DOS if it persists
SCF ITERATION NUMBER  8
     point #   1  energy = -40.000
     point #  20  energy = -28.864
     point #  40  energy =  -8.617
New Fermi level:    mu=  -7.593 eV  Charge distance=  0.0039 (partial c.d.=  0.0275)
negative density   3-1806.724 - usually harmless precision error, but check DOS if it persists
negative density   3 -616.526 - usually harmless precision error, but check DOS if it persists
SCF ITERATION NUMBER  9
     point #   1  energy = -40.000
     point #  20  energy = -28.860
     point #  40  energy =  -8.605
New Fermi level:    mu=  -7.584 eV  Charge distance=  0.0023 (partial c.d.=  0.0242)
negative density   3-1815.663 - usually harmless precision error, but check DOS if it persists
negative density   3 -618.566 - usually harmless precision error, but check DOS if it persists
SCF ITERATION NUMBER 10
     point #   1  energy = -40.000
     point #  20  energy = -28.857
     point #  40  energy =  -8.597
New Fermi level:    mu=  -7.578 eV  Charge distance=  0.0001 (partial c.d.=  0.0041)
negative density   3-1818.417 - usually harmless precision error, but check DOS if it persists
negative density   3 -618.187 - usually harmless precision error, but check DOS if it persists
SCF ITERATION NUMBER 11
     point #   1  energy = -40.000
     point #  20  energy = -28.855
     point #  40  energy =  -8.592
New Fermi level:    mu=  -7.576 eV  Charge distance=  0.0006 (partial c.d.=  0.0007)
negative density   3-1819.385 - usually harmless precision error, but check DOS if it persists
negative density   3 -617.489 - usually harmless precision error, but check DOS if it persists
SCF ITERATION NUMBER 12
     point #   1  energy = -40.000
     point #  20  energy = -28.854
     point #  40  energy =  -8.590
New Fermi level:    mu=  -7.577 eV  Charge distance=  0.0002 (partial c.d.=  0.0006)
negative density   3-1820.077 - usually harmless precision error, but check DOS if it persists
negative density   3 -617.400 - usually harmless precision error, but check DOS if it persists
SCF ITERATION NUMBER 13
     point #   1  energy = -40.000
     point #  20  energy = -28.854
     point #  40  energy =  -8.590
New Fermi level:    mu=  -7.577 eV  Charge distance=  0.0001 (partial c.d.=  0.0006)
negative density   3-1820.844 - usually harmless precision error, but check DOS if it persists
negative density   3 -617.605 - usually harmless precision error, but check DOS if it persists
SCF ITERATION NUMBER 14
     point #   1  energy = -40.000
     point #  20  energy = -28.855
     point #  40  energy =  -8.591
New Fermi level:    mu=  -7.578 eV  Charge distance=  0.0001 (partial c.d.=  0.0004)
negative density   3-1820.972 - usually harmless precision error, but check DOS if it persists
negative density   3 -617.715 - usually harmless precision error, but check DOS if it persists
SCF ITERATION NUMBER 15
     point #   1  energy = -40.000
     point #  20  energy = -28.855
     point #  40  energy =  -8.591
New Fermi level:    mu=  -7.578 eV  Charge distance=  0.0000 (partial c.d.=  0.0001)
Electronic configuration
  type     l     N_el
     0     0    0.499
     0     1    0.692
     0     2    9.461
     0     3    0.000
     1     0    0.258
     1     1    0.536
     1     2    0.000
     1     3    0.000
     2     0    0.501
     2     1    0.692
     2     2    9.461
     2     3    0.000
     3     0    1.103
     3     1    2.140
     3     2    0.415
     3     3    0.000
     4     0    1.867
     4     1    4.239
     4     2    0.121
     4     3    0.000
Charge transfer:  type  charge
       0   -0.349
       1   -0.206
       2   -0.346
       3   -0.341
       4    0.226
Convergence reached in   15 iterations.
Done with module: potentials.

Calculating screened core-hole potential ...
FMS for a cluster of   19 atoms around iph =   0
    0% of energy integration
   20%
   40%
   60%
   80%
  100%
Preparing response function.
Computing (1 - K Chi0)^-1 v_ch
Done with module: screened core-hole potential.

Calculating cross-section and phases ...
    absorption cross section
 x0,dx,rnrm,inrm,jnrm   8.80000000000000       5.000000000000000E-002
   2.46983131699996              195         196
    phase shifts for unique potential    0
    phase shifts for unique potential    1
    phase shifts for unique potential    2
    phase shifts for unique potential    3
    phase shifts for unique potential    4
Done with module: cross-section and phases (XSPH).

FMS calculation of full Green's function ...
FEFF-serial using 1 thread.
Using   194 energy points.
xprep done
FMS for a cluster of  233 atoms
Energy point    1/ 194
Energy point   10/ 194
Energy point   20/ 194
Energy point   30/ 194
Energy point   40/ 194
Energy point   50/ 194
Energy point   60/ 194
Energy point   70/ 194
Energy point   80/ 194
Energy point   90/ 194
Energy point  100/ 194
Energy point  110/ 194
Energy point  120/ 194
Energy point  130/ 194
Energy point  140/ 194
Energy point  150/ 194
Energy point  160/ 194
Energy point  170/ 194
Energy point  180/ 194
Energy point  190/ 194
Done with module: FMS.

MKGTR: Tracing over Green's function ...
Done with module: MKGTR.

Pathfinder: finding scattering paths...
Preparing plane wave scattering amplitudes
Searching for paths
Eliminating path degeneracies
0 paths retained.
Done with module: pathfinder.

Calculating EXAFS parameters ...
Done with module: EXAFS parameters (GENFMT).

Calculating XAS spectra ...
Done with module: XAS spectra (FF2X: DW + final sum over paths).

 
### feff ends at Mon Aug 14 12:53:42 EDT 2023
 
