### feff starts at Mon Aug 14 10:45:33 EDT 2023
### Serial version
### FeffPath is /sdcc/u/mcarbone/software/JFEFF/hsw/feff90/linux
 
Launching FEFF version FEFF 9.9.1
Core hole lifetime is   1.729 eV.
Your calculation:
 comment: None given
 Source:
 Structure Summary:  Ca19 Cu24 O46
 Reduced formula:  Ca19(Cu12O23)2
 space group: (P1), space number:  (1)
 abc:  6.471133  10.930006  16.951705
 angles: 74.926425  89.872809  89.857604
 sites: 89
Cu K edge XANES using RPA corehole.
Using:     * Self-Consistent Field potentials
Using cards:   ATOMS CONTROL EXCHANGE TITLE RPATH POTENTIALS XANES EDGE SCF FMS S02 COREHOLE EGRID

Calculating atomic potentials ...
    overlapped atomic potential and density for unique potential    0
    overlapped atomic potential and density for unique potential    1
    overlapped atomic potential and density for unique potential    2
    overlapped atomic potential and density for unique potential    3
Done with module: atomic potentials.

Calculating SCF potentials ...
FEFF-serial using 1 thread.
Muffin tin radii and interstitial parameters [bohr]:
type, norman radius, muffin tin, overlap factor
    0  1.28633E+00  1.18760E+00  1.15000E+00
    1  1.68369E+00  1.60529E+00  1.12860E+00
    2  1.27905E+00  1.17642E+00  1.15000E+00
    3  1.11204E+00  1.04262E+00  1.15000E+00
Core-valence separation energy:  ecv=   -40.000 eV
Initial Fermi level:              mu=    -1.958 eV
SCF ITERATION NUMBER  1
     point #   1  energy = -40.000
FMS for a cluster of  120 atoms around atom type   0
FMS for a cluster of  108 atoms around atom type   1
FMS for a cluster of  113 atoms around atom type   2
FMS for a cluster of  121 atoms around atom type   3
     point #  20  energy = -28.954
     point #  40  energy =  -8.704
     point #  60  energy =  -6.485
     point #  80  energy =  -5.869
New Fermi level:    mu=  -5.875 eV  Charge distance=  1.0188 (partial c.d.=  6.6977)
SCF ITERATION NUMBER  1
     point #   1  energy = -40.000
FMS for a cluster of  120 atoms around atom type   0
FMS for a cluster of  108 atoms around atom type   1
FMS for a cluster of  113 atoms around atom type   2
FMS for a cluster of  121 atoms around atom type   3
     point #  20  energy = -28.959
     point #  40  energy =  -8.886
     point #  60  energy =  -5.887
     point #  80  energy =  -7.903
     point # 100  energy = -11.881
New Fermi level:    mu= -12.426 eV  Charge distance=  0.2980 (partial c.d.=  5.3834)
SCF ITERATION NUMBER  1
     point #   1  energy = -40.000
FMS for a cluster of  120 atoms around atom type   0
FMS for a cluster of  108 atoms around atom type   1
FMS for a cluster of  113 atoms around atom type   2
FMS for a cluster of  121 atoms around atom type   3
     point #  20  energy = -28.766
     point #  40  energy = -12.426
     point #  60  energy = -12.258
     point #  80  energy = -11.533
New Fermi level:    mu= -11.589 eV  Charge distance=  0.1735 (partial c.d.=  0.4981)
SCF ITERATION NUMBER  2
     point #   1  energy = -40.000
     point #  20  energy = -28.839
     point #  40  energy = -11.589
     point #  60  energy = -11.420
     point #  80  energy =  -9.917
New Fermi level:    mu= -10.050 eV  Charge distance=  0.3667 (partial c.d.=  1.4159)
SCF ITERATION NUMBER  3
     point #   1  energy = -40.000
     point #  20  energy = -29.018
     point #  40  energy = -10.050
     point #  60  energy =  -9.959
     point #  80  energy =  -9.078
New Fermi level:    mu=  -9.091 eV  Charge distance=  0.1944 (partial c.d.=  1.6561)
SCF ITERATION NUMBER  4
     point #   1  energy = -40.000
     point #  20  energy = -29.032
     point #  40  energy =  -9.091
     point #  60  energy =  -9.160
New Fermi level:    mu=  -9.288 eV  Charge distance=  0.1754 (partial c.d.=  0.0947)
SCF ITERATION NUMBER  5
     point #   1  energy = -40.000
     point #  20  energy = -28.739
     point #  40  energy =  -9.288
     point #  60  energy =  -9.379
New Fermi level:    mu=  -9.615 eV  Charge distance=  0.1369 (partial c.d.=  0.2609)
SCF ITERATION NUMBER  6
     point #   1  energy = -40.000
     point #  20  energy = -28.859
     point #  40  energy =  -9.615
     point #  60  energy =  -9.712
New Fermi level:    mu=  -9.802 eV  Charge distance=  0.0807 (partial c.d.=  1.5609)
SCF ITERATION NUMBER  7
     point #   1  energy = -40.000
     point #  20  energy = -28.927
     point #  40  energy =  -9.802
New Fermi level:    mu=  -9.810 eV  Charge distance=  0.0262 (partial c.d.=  1.4849)
SCF ITERATION NUMBER  8
     point #   1  energy = -40.000
     point #  20  energy = -28.930
     point #  40  energy =  -9.810
New Fermi level:    mu=  -9.835 eV  Charge distance=  0.1078 (partial c.d.=  0.0330)
SCF ITERATION NUMBER  9
     point #   1  energy = -40.000
     point #  20  energy = -28.940
     point #  40  energy =  -9.835
New Fermi level:    mu=  -9.867 eV  Charge distance=  0.0600 (partial c.d.=  0.8684)
SCF ITERATION NUMBER 10
     point #   1  energy = -40.000
     point #  20  energy = -28.951
     point #  40  energy =  -9.867
New Fermi level:    mu=  -9.844 eV  Charge distance=  0.0183 (partial c.d.=  0.8254)
SCF ITERATION NUMBER 11
     point #   1  energy = -40.000
     point #  20  energy = -28.943
     point #  40  energy =  -9.844
New Fermi level:    mu=  -9.853 eV  Charge distance=  0.0491 (partial c.d.=  0.0464)
SCF ITERATION NUMBER 12
     point #   1  energy = -40.000
     point #  20  energy = -28.946
     point #  40  energy =  -9.853
New Fermi level:    mu=  -9.822 eV  Charge distance=  0.0360 (partial c.d.=  0.6965)
SCF ITERATION NUMBER 13
     point #   1  energy = -40.000
     point #  20  energy = -28.935
     point #  40  energy =  -9.822
New Fermi level:    mu=  -9.851 eV  Charge distance=  0.0063 (partial c.d.=  0.6286)
SCF ITERATION NUMBER 14
     point #   1  energy = -40.000
     point #  20  energy = -28.945
     point #  40  energy =  -9.851
New Fermi level:    mu=  -9.848 eV  Charge distance=  0.0069 (partial c.d.=  0.0536)
SCF ITERATION NUMBER 15
     point #   1  energy = -40.000
     point #  20  energy = -28.944
     point #  40  energy =  -9.848
New Fermi level:    mu=  -9.839 eV  Charge distance=  0.0023 (partial c.d.=  0.0949)
SCF ITERATION NUMBER 16
     point #   1  energy = -40.000
     point #  20  energy = -28.941
     point #  40  energy =  -9.839
New Fermi level:    mu=  -9.841 eV  Charge distance=  0.0003 (partial c.d.=  0.0332)
SCF ITERATION NUMBER 17
     point #   1  energy = -40.000
     point #  20  energy = -28.942
     point #  40  energy =  -9.841
New Fermi level:    mu=  -9.841 eV  Charge distance=  0.0000 (partial c.d.=  0.0052)
SCF ITERATION NUMBER 18
     point #   1  energy = -40.000
     point #  20  energy = -28.942
     point #  40  energy =  -9.841
New Fermi level:    mu=  -9.841 eV  Charge distance=  0.0005 (partial c.d.=  0.0000)
Electronic configuration
  type     l     N_el
     0     0    0.496
     0     1    0.574
     0     2    9.385
     0     3    0.000
     1     0    0.346
     1     1    6.534
     1     2    0.984
     1     3    0.000
     2     0    0.490
     2     1    0.569
     2     2    9.372
     2     3    0.000
     3     0    1.860
     3     1    4.429
     3     2    0.065
     3     3    0.000
Charge transfer:  type  charge
       0   -0.539
       1   -0.136
       2   -0.571
       3    0.354
Convergence reached in   18 iterations.
Done with module: potentials.

Calculating screened core-hole potential ...
FMS for a cluster of   20 atoms around iph =   0
    0% of energy integration
   20%
   40%
   60%
   80%
  100%
Preparing response function.
Computing (1 - K Chi0)^-1 v_ch
Done with module: screened core-hole potential.

Calculating cross-section and phases ...
    absorption cross section
 x0,dx,rnrm,inrm,jnrm   8.80000000000000       5.000000000000000E-002
   2.43081248099998              194         195
    phase shifts for unique potential    0
    phase shifts for unique potential    1
    phase shifts for unique potential    2
    phase shifts for unique potential    3
Done with module: cross-section and phases (XSPH).

FMS calculation of full Green's function ...
FEFF-serial using 1 thread.
Using   194 energy points.
xprep done
FMS for a cluster of  233 atoms
Energy point    1/ 194
Energy point   10/ 194
Energy point   20/ 194
Energy point   30/ 194
Energy point   40/ 194
Energy point   50/ 194
Energy point   60/ 194
Energy point   70/ 194
Energy point   80/ 194
Energy point   90/ 194
Energy point  100/ 194
Energy point  110/ 194
Energy point  120/ 194
Energy point  130/ 194
Energy point  140/ 194
Energy point  150/ 194
Energy point  160/ 194
Energy point  170/ 194
Energy point  180/ 194
Energy point  190/ 194
Done with module: FMS.

MKGTR: Tracing over Green's function ...
Done with module: MKGTR.

Pathfinder: finding scattering paths...
Preparing plane wave scattering amplitudes
Searching for paths
Eliminating path degeneracies
0 paths retained.
Done with module: pathfinder.

Calculating EXAFS parameters ...
Done with module: EXAFS parameters (GENFMT).

Calculating XAS spectra ...
Done with module: XAS spectra (FF2X: DW + final sum over paths).

 
### feff ends at Mon Aug 14 12:34:01 EDT 2023
 
