### feff starts at Sun Aug 13 11:55:08 EDT 2023
### Serial version
### FeffPath is /sdcc/u/mcarbone/software/JFEFF/hsw/feff90/linux
 
Launching FEFF version FEFF 9.9.1
Core hole lifetime is   1.729 eV.
Your calculation:
 comment: None given
 Source:
 Structure Summary:  Li4 Cu4 P16 O44
 Reduced formula:  LiCuP4O11
 space group: (P1), space number:  (1)
 abc:  9.579241   9.623375  10.909719
 angles:109.566938 109.299031  89.132341
 sites: 68
Cu K edge XANES using RPA corehole.
Using:     * Self-Consistent Field potentials
Using cards:   ATOMS CONTROL EXCHANGE TITLE RPATH POTENTIALS XANES EDGE SCF FMS S02 COREHOLE EGRID

Calculating atomic potentials ...
    overlapped atomic potential and density for unique potential    0
    overlapped atomic potential and density for unique potential    1
    overlapped atomic potential and density for unique potential    2
    overlapped atomic potential and density for unique potential    3
    overlapped atomic potential and density for unique potential    4
Done with module: atomic potentials.

Calculating SCF potentials ...
FEFF-serial using 1 thread.
Muffin tin radii and interstitial parameters [bohr]:
type, norman radius, muffin tin, overlap factor
    0  1.46084E+00  1.40261E+00  1.10725E+00
    1  1.33361E+00  1.20257E+00  1.15000E+00
    2  1.45840E+00  1.38581E+00  1.13924E+00
    3  1.15733E+00  9.36589E-01  1.15000E+00
    4  1.04352E+00  8.60340E-01  1.15000E+00
Core-valence separation energy:  ecv=   -40.000 eV
Initial Fermi level:              mu=     7.178 eV
SCF ITERATION NUMBER  1
     point #   1  energy = -40.000
FMS for a cluster of  116 atoms around atom type   0
FMS for a cluster of   98 atoms around atom type   1
FMS for a cluster of   77 atoms around atom type   2
FMS for a cluster of  103 atoms around atom type   3
FMS for a cluster of  110 atoms around atom type   4
     point #  20  energy = -28.932
     point #  40  energy =  -8.682
     point #  60  energy =  -4.851
     point #  80  energy =  -4.060
New Fermi level:    mu=  -4.059 eV  Charge distance=  1.1448 (partial c.d.=  4.8221)
SCF ITERATION NUMBER  1
     point #   1  energy = -40.000
FMS for a cluster of  116 atoms around atom type   0
FMS for a cluster of   98 atoms around atom type   1
FMS for a cluster of   77 atoms around atom type   2
FMS for a cluster of  103 atoms around atom type   3
FMS for a cluster of  110 atoms around atom type   4
     point #  20  energy = -28.704
     point #  40  energy =  -8.167
     point #  60  energy =  -4.059
     point #  80  energy =  -6.212
     point # 100  energy =  -6.578
New Fermi level:    mu=  -6.488 eV  Charge distance=  0.4440 (partial c.d.=  6.1264)
SCF ITERATION NUMBER  1
     point #   1  energy = -40.000
FMS for a cluster of  116 atoms around atom type   0
FMS for a cluster of   98 atoms around atom type   1
FMS for a cluster of   77 atoms around atom type   2
FMS for a cluster of  103 atoms around atom type   3
FMS for a cluster of  110 atoms around atom type   4
     point #  20  energy = -28.829
     point #  40  energy =  -8.519
     point #  60  energy =  -6.475
     point #  80  energy =  -6.129
New Fermi level:    mu=  -6.131 eV  Charge distance=  0.2082 (partial c.d.=  0.4710)
SCF ITERATION NUMBER  2
     point #   1  energy = -40.000
     point #  20  energy = -28.710
     point #  40  energy =  -8.184
     point #  60  energy =  -6.106
New Fermi level:    mu=  -6.008 eV  Charge distance=  0.2093 (partial c.d.=  0.2566)
SCF ITERATION NUMBER  3
     point #   1  energy = -40.000
     point #  20  energy = -29.003
     point #  40  energy =  -9.007
     point #  60  energy =  -5.996
New Fermi level:    mu=  -5.794 eV  Charge distance=  0.0876 (partial c.d.=  0.5759)
SCF ITERATION NUMBER  4
     point #   1  energy = -40.000
     point #  20  energy = -28.933
     point #  40  energy =  -8.812
     point #  60  energy =  -5.806
     point #  80  energy =  -6.131
New Fermi level:    mu=  -6.013 eV  Charge distance=  0.0802 (partial c.d.=  0.5734)
SCF ITERATION NUMBER  5
     point #   1  energy = -40.000
     point #  20  energy = -29.004
     point #  40  energy =  -9.012
     point #  60  energy =  -6.026
New Fermi level:    mu=  -6.022 eV  Charge distance=  0.0576 (partial c.d.=  0.0797)
SCF ITERATION NUMBER  6
     point #   1  energy = -40.000
     point #  20  energy = -29.007
     point #  40  energy =  -9.020
     point #  60  energy =  -6.035
New Fermi level:    mu=  -6.042 eV  Charge distance=  0.0093 (partial c.d.=  0.1214)
SCF ITERATION NUMBER  7
     point #   1  energy = -40.000
     point #  20  energy = -29.014
     point #  40  energy =  -9.038
     point #  60  energy =  -6.054
New Fermi level:    mu=  -6.057 eV  Charge distance=  0.0086 (partial c.d.=  0.0120)
SCF ITERATION NUMBER  8
     point #   1  energy = -40.000
     point #  20  energy = -29.018
     point #  40  energy =  -9.052
     point #  60  energy =  -6.070
New Fermi level:    mu=  -6.063 eV  Charge distance=  0.0093 (partial c.d.=  0.0034)
SCF ITERATION NUMBER  9
     point #   1  energy = -40.000
     point #  20  energy = -29.020
     point #  40  energy =  -9.058
     point #  60  energy =  -6.051
New Fermi level:    mu=  -6.060 eV  Charge distance=  0.0029 (partial c.d.=  0.0018)
SCF ITERATION NUMBER 10
     point #   1  energy = -40.000
     point #  20  energy = -29.019
     point #  40  energy =  -9.055
     point #  60  energy =  -6.048
New Fermi level:    mu=  -6.055 eV  Charge distance=  0.0011 (partial c.d.=  0.0007)
SCF ITERATION NUMBER 11
     point #   1  energy = -40.000
     point #  20  energy = -29.018
     point #  40  energy =  -9.050
     point #  60  energy =  -6.042
New Fermi level:    mu=  -6.053 eV  Charge distance=  0.0001 (partial c.d.=  0.0003)
SCF ITERATION NUMBER 12
     point #   1  energy = -40.000
     point #  20  energy = -29.017
     point #  40  energy =  -9.049
     point #  60  energy =  -6.066
New Fermi level:    mu=  -6.053 eV  Charge distance=  0.0001 (partial c.d.=  0.0001)
Electronic configuration
  type     l     N_el
     0     0    0.434
     0     1    0.561
     0     2    9.733
     0     3    0.000
     1     0    0.284
     1     1    0.581
     1     2    0.000
     1     3    0.000
     2     0    0.508
     2     1    0.587
     2     2    9.696
     2     3    0.000
     3     0    1.187
     3     1    2.008
     3     2    1.012
     3     3    0.000
     4     0    1.853
     4     1    4.378
     4     2    0.089
     4     3    0.000
Charge transfer:  type  charge
       0   -0.273
       1   -0.134
       2   -0.209
       3   -0.792
       4    0.319
Convergence reached in   12 iterations.
Done with module: potentials.

Calculating screened core-hole potential ...
FMS for a cluster of   20 atoms around iph =   0
    0% of energy integration
   20%
   40%
   60%
   80%
  100%
Preparing response function.
Computing (1 - K Chi0)^-1 v_ch
Done with module: screened core-hole potential.

Calculating cross-section and phases ...
    absorption cross section
 x0,dx,rnrm,inrm,jnrm   8.80000000000000       5.000000000000000E-002
   2.76058188400008              197         198
    phase shifts for unique potential    0
    phase shifts for unique potential    1
    phase shifts for unique potential    2
    phase shifts for unique potential    3
    phase shifts for unique potential    4
Done with module: cross-section and phases (XSPH).

FMS calculation of full Green's function ...
FEFF-serial using 1 thread.
Using   194 energy points.
xprep done
FMS for a cluster of  223 atoms
Energy point    1/ 194
Energy point   10/ 194
Energy point   20/ 194
Energy point   30/ 194
Energy point   40/ 194
Energy point   50/ 194
Energy point   60/ 194
Energy point   70/ 194
Energy point   80/ 194
Energy point   90/ 194
Energy point  100/ 194
Energy point  110/ 194
Energy point  120/ 194
Energy point  130/ 194
Energy point  140/ 194
Energy point  150/ 194
Energy point  160/ 194
Energy point  170/ 194
Energy point  180/ 194
Energy point  190/ 194
Done with module: FMS.

MKGTR: Tracing over Green's function ...
Done with module: MKGTR.

Pathfinder: finding scattering paths...
Preparing plane wave scattering amplitudes
Searching for paths
Eliminating path degeneracies
0 paths retained.
Done with module: pathfinder.

Calculating EXAFS parameters ...
Done with module: EXAFS parameters (GENFMT).

Calculating XAS spectra ...
Done with module: XAS spectra (FF2X: DW + final sum over paths).

 
### feff ends at Sun Aug 13 13:14:51 EDT 2023
 
