### feff starts at Sun Aug 13 09:26:11 EDT 2023
### Serial version
### FeffPath is /sdcc/u/mcarbone/software/JFEFF/hsw/feff90/linux
 
Launching FEFF version FEFF 9.9.1
Resetting lmaxsc to 2 for iph =    1.  Use  UNFREEZE to prevent this.
Core hole lifetime is   1.729 eV.
Your calculation:
 comment: None given
 Source:
 Structure Summary:  Tl8 Cu4 As4 O16
 Reduced formula:  Tl2CuAsO4
 space group: (P2_1/c), space number:  (14)
 abc:  5.488868   8.827590  12.381452
 angles: 80.603037  90.000000  90.000000
 sites: 32
Cu K edge XANES using RPA corehole.
Using:     * Self-Consistent Field potentials
Using cards:   ATOMS CONTROL EXCHANGE TITLE RPATH POTENTIALS XANES EDGE SCF FMS S02 COREHOLE EGRID

Calculating atomic potentials ...
    overlapped atomic potential and density for unique potential    0
    overlapped atomic potential and density for unique potential    1
    overlapped atomic potential and density for unique potential    2
    overlapped atomic potential and density for unique potential    3
    overlapped atomic potential and density for unique potential    4
Done with module: atomic potentials.

Calculating SCF potentials ...
FEFF-serial using 1 thread.
Muffin tin radii and interstitial parameters [bohr]:
type, norman radius, muffin tin, overlap factor
    0  1.37257E+00  1.22467E+00  1.15000E+00
    1  1.90543E+00  1.83994E+00  1.09058E+00
    2  1.37257E+00  1.22467E+00  1.15000E+00
    3  1.29377E+00  1.08712E+00  1.15000E+00
    4  1.08313E+00  9.31621E-01  1.15000E+00
Core-valence separation energy:  ecv=   -31.500 eV
Initial Fermi level:              mu=     3.226 eV
SCF ITERATION NUMBER  1
     point #   1  energy = -31.500
FMS for a cluster of   76 atoms around atom type   0
FMS for a cluster of   70 atoms around atom type   1
FMS for a cluster of   75 atoms around atom type   2
FMS for a cluster of   81 atoms around atom type   3
FMS for a cluster of   78 atoms around atom type   4
     point #  20  energy = -20.292
     point #  40  energy =  -4.407
     point #  60  energy =  -3.985
New Fermi level:    mu=  -3.963 eV  Charge distance=  0.7395 (partial c.d.= 10.2492)
SCF ITERATION NUMBER  1
     point #   1  energy = -31.500
FMS for a cluster of   76 atoms around atom type   0
FMS for a cluster of   70 atoms around atom type   1
FMS for a cluster of   75 atoms around atom type   2
FMS for a cluster of   81 atoms around atom type   3
FMS for a cluster of   78 atoms around atom type   4
     point #  20  energy = -20.281
     point #  40  energy =  -3.963
     point #  60  energy =  -4.132
     point #  80  energy =  -6.179
New Fermi level:    mu=  -5.817 eV  Charge distance=  0.2675 (partial c.d.=  4.1766)
SCF ITERATION NUMBER  1
     point #   1  energy = -31.500
FMS for a cluster of   76 atoms around atom type   0
FMS for a cluster of   70 atoms around atom type   1
FMS for a cluster of   75 atoms around atom type   2
FMS for a cluster of   81 atoms around atom type   3
FMS for a cluster of   78 atoms around atom type   4
     point #  20  energy = -20.199
     point #  40  energy =  -5.817
     point #  60  energy =  -5.623
New Fermi level:    mu=  -5.562 eV  Charge distance=  0.1209 (partial c.d.=  0.2914)
SCF ITERATION NUMBER  2
     point #   1  energy = -31.500
     point #  20  energy = -20.526
     point #  40  energy =  -5.562
     point #  60  energy =  -5.412
New Fermi level:    mu=  -5.391 eV  Charge distance=  0.1922 (partial c.d.=  0.3277)
SCF ITERATION NUMBER  3
     point #   1  energy = -31.500
     point #  20  energy = -20.454
     point #  40  energy =  -5.391
New Fermi level:    mu=  -5.431 eV  Charge distance=  0.2133 (partial c.d.=  0.0381)
SCF ITERATION NUMBER  4
     point #   1  energy = -31.500
     point #  20  energy = -20.471
     point #  40  energy =  -5.431
New Fermi level:    mu=  -5.449 eV  Charge distance=  0.0301 (partial c.d.=  0.0567)
SCF ITERATION NUMBER  5
     point #   1  energy = -31.500
     point #  20  energy = -20.478
     point #  40  energy =  -5.449
New Fermi level:    mu=  -5.454 eV  Charge distance=  0.0074 (partial c.d.=  0.0254)
SCF ITERATION NUMBER  6
     point #   1  energy = -31.500
     point #  20  energy = -20.481
     point #  40  energy =  -5.454
New Fermi level:    mu=  -5.448 eV  Charge distance=  0.0178 (partial c.d.=  0.0046)
SCF ITERATION NUMBER  7
     point #   1  energy = -31.500
     point #  20  energy = -20.478
     point #  40  energy =  -5.448
New Fermi level:    mu=  -5.438 eV  Charge distance=  0.0046 (partial c.d.=  0.0074)
SCF ITERATION NUMBER  8
     point #   1  energy = -31.500
     point #  20  energy = -20.474
     point #  40  energy =  -5.438
New Fermi level:    mu=  -5.433 eV  Charge distance=  0.0006 (partial c.d.=  0.0013)
SCF ITERATION NUMBER  9
     point #   1  energy = -31.500
     point #  20  energy = -20.472
     point #  40  energy =  -5.433
New Fermi level:    mu=  -5.432 eV  Charge distance=  0.0003 (partial c.d.=  0.0005)
SCF ITERATION NUMBER 10
     point #   1  energy = -31.500
     point #  20  energy = -20.471
     point #  40  energy =  -5.432
New Fermi level:    mu=  -5.431 eV  Charge distance=  0.0002 (partial c.d.=  0.0002)
Electronic configuration
  type     l     N_el
     0     0    0.637
     0     1    0.574
     0     2    9.565
     0     3    0.000
     1     0    1.725
     1     1    1.087
     1     2   10.172
     1     3    0.000
     2     0    0.637
     2     1    0.574
     2     2    9.565
     2     3    0.000
     3     0    1.391
     3     1    2.026
     3     2    0.762
     3     3    0.000
     4     0    1.857
     4     1    4.347
     4     2    0.065
     4     3    0.000
Charge transfer:  type  charge
       0   -0.224
       1   -0.016
       2   -0.224
       3   -0.820
       4    0.269
Convergence reached in   10 iterations.
Done with module: potentials.

Calculating screened core-hole potential ...
FMS for a cluster of   19 atoms around iph =   0
    0% of energy integration
   20%
   40%
   60%
   80%
  100%
Preparing response function.
Computing (1 - K Chi0)^-1 v_ch
Done with module: screened core-hole potential.

Calculating cross-section and phases ...
    absorption cross section
 x0,dx,rnrm,inrm,jnrm   8.80000000000000       5.000000000000000E-002
   2.59377733300007              196         197
    phase shifts for unique potential    0
    phase shifts for unique potential    1
    phase shifts for unique potential    2
    phase shifts for unique potential    3
    phase shifts for unique potential    4
Done with module: cross-section and phases (XSPH).

FMS calculation of full Green's function ...
FEFF-serial using 1 thread.
Using   194 energy points.
xprep done
FMS for a cluster of  162 atoms
Energy point    1/ 194
Energy point   10/ 194
Energy point   20/ 194
Energy point   30/ 194
Energy point   40/ 194
Energy point   50/ 194
Energy point   60/ 194
Energy point   70/ 194
Energy point   80/ 194
Energy point   90/ 194
Energy point  100/ 194
Energy point  110/ 194
Energy point  120/ 194
Energy point  130/ 194
Energy point  140/ 194
Energy point  150/ 194
Energy point  160/ 194
Energy point  170/ 194
Energy point  180/ 194
Energy point  190/ 194
Done with module: FMS.

MKGTR: Tracing over Green's function ...
Done with module: MKGTR.

Pathfinder: finding scattering paths...
Preparing plane wave scattering amplitudes
Searching for paths
Eliminating path degeneracies
0 paths retained.
Done with module: pathfinder.

Calculating EXAFS parameters ...
Done with module: EXAFS parameters (GENFMT).

Calculating XAS spectra ...
Done with module: XAS spectra (FF2X: DW + final sum over paths).

 
### feff ends at Sun Aug 13 09:59:30 EDT 2023
 
