### feff starts at Mon Aug 14 04:25:58 EDT 2023
### Serial version
### FeffPath is /sdcc/u/mcarbone/software/JFEFF/hsw/feff90/linux
 
Launching FEFF version FEFF 9.9.1
Resetting lmaxsc to 2 for iph =    1.  Use  UNFREEZE to prevent this.
Core hole lifetime is   1.729 eV.
Your calculation:
 comment: None given
 Source:
 Structure Summary:  Tm2 Ti12 Cu9 O36
 Reduced formula:  Tm2Ti12(CuO4)9
 space group: (P-3), space number:  (147)
 abc:  6.441987  10.499929  10.499929
 angles: 60.000000  90.000000  90.000000
 sites: 59
Cu K edge XANES using RPA corehole.
Using:     * Self-Consistent Field potentials
Using cards:   ATOMS CONTROL EXCHANGE TITLE RPATH POTENTIALS XANES EDGE SCF FMS S02 COREHOLE EGRID

Calculating atomic potentials ...
    overlapped atomic potential and density for unique potential    0
    overlapped atomic potential and density for unique potential    1
    overlapped atomic potential and density for unique potential    2
    overlapped atomic potential and density for unique potential    3
    overlapped atomic potential and density for unique potential    4
Done with module: atomic potentials.

Calculating SCF potentials ...
FEFF-serial using 1 thread.
Muffin tin radii and interstitial parameters [bohr]:
type, norman radius, muffin tin, overlap factor
    0  1.31039E+00  1.23973E+00  1.15000E+00
    1  1.69654E+00  1.65241E+00  1.06645E+00
    2  1.39610E+00  1.26725E+00  1.15000E+00
    3  1.30115E+00  1.22421E+00  1.15000E+00
    4  1.09861E+00  1.03000E+00  1.15000E+00
Core-valence separation energy:  ecv=   -47.500 eV
Initial Fermi level:              mu=    -0.805 eV
SCF ITERATION NUMBER  1
     point #   1  energy = -47.500
FMS for a cluster of  141 atoms around atom type   0
FMS for a cluster of  123 atoms around atom type   1
FMS for a cluster of  125 atoms around atom type   2
FMS for a cluster of  121 atoms around atom type   3
FMS for a cluster of  142 atoms around atom type   4
     point #  20  energy = -36.342
     point #  40  energy = -16.092
     point #  60  energy =  -8.320
     point #  80  energy =  -6.892
     point # 100  energy =  -6.604
New Fermi level:    mu=  -6.596 eV  Charge distance=  1.6149 (partial c.d.=  6.6836)
SCF ITERATION NUMBER  1
     point #   1  energy = -47.500
FMS for a cluster of  141 atoms around atom type   0
FMS for a cluster of  123 atoms around atom type   1
FMS for a cluster of  125 atoms around atom type   2
FMS for a cluster of  121 atoms around atom type   3
FMS for a cluster of  142 atoms around atom type   4
     point #  20  energy = -36.251
     point #  40  energy = -15.800
     point #  60  energy =  -6.596
     point #  80  energy =  -7.484
     point # 100  energy = -11.240
     point # 120  energy = -10.887
     point # 140  energy = -10.637
New Fermi level:    mu= -10.531 eV  Charge distance=  0.4798 (partial c.d.=  8.3678)
SCF ITERATION NUMBER  1
     point #   1  energy = -47.500
FMS for a cluster of  141 atoms around atom type   0
FMS for a cluster of  123 atoms around atom type   1
FMS for a cluster of  125 atoms around atom type   2
FMS for a cluster of  121 atoms around atom type   3
FMS for a cluster of  142 atoms around atom type   4
     point #  20  energy = -36.509
     point #  40  energy = -16.526
     point #  60  energy = -10.531
     point #  80  energy = -11.112
New Fermi level:    mu= -11.258 eV  Charge distance=  0.2861 (partial c.d.=  0.3478)
SCF ITERATION NUMBER  2
     point #   1  energy = -47.500
     point #  20  energy = -36.426
     point #  40  energy = -16.292
     point #  60  energy = -11.258
     point #  80  energy = -10.539
New Fermi level:    mu= -10.499 eV  Charge distance=  0.4355 (partial c.d.=  0.4614)
SCF ITERATION NUMBER  3
     point #   1  energy = -47.500
     point #  20  energy = -36.500
     point #  40  energy = -16.499
     point #  60  energy = -10.499
     point #  80  energy =  -9.412
New Fermi level:    mu=  -8.698 eV  Charge distance=  0.4090 (partial c.d.=  8.8678)
SCF ITERATION NUMBER  4
     point #   1  energy = -47.500
     point #  20  energy = -36.268
     point #  40  energy = -15.846
     point #  60  energy =  -8.698
     point #  80  energy =  -9.648
     point # 100  energy = -10.748
New Fermi level:    mu= -10.825 eV  Charge distance=  0.1079 (partial c.d.=  8.8378)
SCF ITERATION NUMBER  5
     point #   1  energy = -47.500
     point #  20  energy = -36.294
     point #  40  energy = -15.919
     point #  60  energy = -10.825
New Fermi level:    mu= -10.864 eV  Charge distance=  0.0971 (partial c.d.=  0.0692)
SCF ITERATION NUMBER  6
     point #   1  energy = -47.500
     point #  20  energy = -36.306
     point #  40  energy = -15.953
     point #  60  energy = -10.864
New Fermi level:    mu= -10.654 eV  Charge distance=  0.0184 (partial c.d.=  0.1299)
SCF ITERATION NUMBER  7
     point #   1  energy = -47.500
     point #  20  energy = -36.242
     point #  40  energy = -15.772
     point #  60  energy = -10.654
New Fermi level:    mu= -10.571 eV  Charge distance=  0.0812 (partial c.d.=  0.0342)
SCF ITERATION NUMBER  8
     point #   1  energy = -47.500
     point #  20  energy = -36.216
     point #  40  energy = -15.700
     point #  60  energy = -10.571
New Fermi level:    mu= -10.372 eV  Charge distance=  0.0082 (partial c.d.=  0.1807)
SCF ITERATION NUMBER  9
     point #   1  energy = -47.500
     point #  20  energy = -36.462
     point #  40  energy = -16.393
     point #  60  energy = -10.372
New Fermi level:    mu= -10.375 eV  Charge distance=  0.0131 (partial c.d.=  0.0314)
SCF ITERATION NUMBER 10
     point #   1  energy = -47.500
     point #  20  energy = -36.463
     point #  40  energy = -16.395
     point #  60  energy = -10.375
New Fermi level:    mu= -10.379 eV  Charge distance=  0.0079 (partial c.d.=  0.0490)
SCF ITERATION NUMBER 11
     point #   1  energy = -47.500
     point #  20  energy = -36.464
     point #  40  energy = -16.399
     point #  60  energy = -10.379
New Fermi level:    mu= -10.372 eV  Charge distance=  0.0031 (partial c.d.=  0.0238)
SCF ITERATION NUMBER 12
     point #   1  energy = -47.500
     point #  20  energy = -36.462
     point #  40  energy = -16.393
     point #  60  energy = -10.372
New Fermi level:    mu= -10.378 eV  Charge distance=  0.0019 (partial c.d.=  0.0095)
SCF ITERATION NUMBER 13
     point #   1  energy = -47.500
     point #  20  energy = -36.464
     point #  40  energy = -16.397
     point #  60  energy = -10.378
New Fermi level:    mu= -10.377 eV  Charge distance=  0.0026 (partial c.d.=  0.0027)
SCF ITERATION NUMBER 14
     point #   1  energy = -47.500
     point #  20  energy = -36.463
     point #  40  energy = -16.397
     point #  60  energy = -10.377
New Fermi level:    mu= -10.377 eV  Charge distance=  0.0001 (partial c.d.=  0.0025)
SCF ITERATION NUMBER 15
     point #   1  energy = -47.500
     point #  20  energy = -36.464
     point #  40  energy = -16.397
     point #  60  energy = -10.377
New Fermi level:    mu= -10.377 eV  Charge distance=  0.0002 (partial c.d.=  0.0005)
SCF ITERATION NUMBER 16
     point #   1  energy = -47.500
     point #  20  energy = -36.464
     point #  40  energy = -16.397
     point #  60  energy = -10.377
New Fermi level:    mu= -10.377 eV  Charge distance=  0.0002 (partial c.d.=  0.0004)
SCF ITERATION NUMBER 17
     point #   1  energy = -47.500
     point #  20  energy = -36.464
     point #  40  energy = -16.397
     point #  60  energy = -10.377
New Fermi level:    mu= -10.377 eV  Charge distance=  0.0000 (partial c.d.=  0.0002)
Electronic configuration
  type     l     N_el
     0     0    0.448
     0     1    0.507
     0     2    9.420
     0     3    0.000
     1     0    0.340
     1     1    6.456
     1     2    1.219
     1     3    0.000
     2     0    0.430
     2     1    6.738
     2     2    2.435
     2     3    0.000
     3     0    0.447
     3     1    0.515
     3     2    9.396
     3     3    0.000
     4     0    1.848
     4     1    4.433
     4     2    0.067
     4     3    0.000
Charge transfer:  type  charge
       0   -0.625
       1   -0.984
       2   -0.397
       3   -0.642
       4    0.348
Convergence reached in   17 iterations.
Done with module: potentials.

Calculating screened core-hole potential ...
FMS for a cluster of   27 atoms around iph =   0
    0% of energy integration
   20%
   40%
   60%
   80%
  100%
Preparing response function.
Computing (1 - K Chi0)^-1 v_ch
Done with module: screened core-hole potential.

Calculating cross-section and phases ...
    absorption cross section
 x0,dx,rnrm,inrm,jnrm   8.80000000000000       5.000000000000000E-002
   2.47628632200000              195         196
    phase shifts for unique potential    0
    phase shifts for unique potential    1
    phase shifts for unique potential    2
    phase shifts for unique potential    3
    phase shifts for unique potential    4
Done with module: cross-section and phases (XSPH).

FMS calculation of full Green's function ...
FEFF-serial using 1 thread.
Using   194 energy points.
xprep done
FMS for a cluster of  275 atoms
Energy point    1/ 194
Energy point   10/ 194
Energy point   20/ 194
Energy point   30/ 194
Energy point   40/ 194
Energy point   50/ 194
Energy point   60/ 194
Energy point   70/ 194
Energy point   80/ 194
Energy point   90/ 194
Energy point  100/ 194
Energy point  110/ 194
Energy point  120/ 194
Energy point  130/ 194
Energy point  140/ 194
Energy point  150/ 194
Energy point  160/ 194
Energy point  170/ 194
Energy point  180/ 194
Energy point  190/ 194
Done with module: FMS.

MKGTR: Tracing over Green's function ...
Done with module: MKGTR.

Pathfinder: finding scattering paths...
Preparing plane wave scattering amplitudes
Searching for paths
Eliminating path degeneracies
0 paths retained.
Done with module: pathfinder.

Calculating EXAFS parameters ...
Done with module: EXAFS parameters (GENFMT).

Calculating XAS spectra ...
Done with module: XAS spectra (FF2X: DW + final sum over paths).

 
### feff ends at Mon Aug 14 07:24:24 EDT 2023
 
