### feff starts at Sun Aug 13 17:40:30 EDT 2023
### Serial version
### FeffPath is /sdcc/u/mcarbone/software/JFEFF/hsw/feff90/linux
 
Launching FEFF version FEFF 9.9.1
Resetting lmaxsc to 2 for iph =    1.  Use  UNFREEZE to prevent this.
Core hole lifetime is   1.729 eV.
Your calculation:
 comment: None given
 Source:
 Structure Summary:  Ba10 Y5 Cu15 O32
 Reduced formula:  Ba10Y5Cu15O32
 space group: (P-1), space number:  (2)
 abc:  5.517439  13.252585  14.017815
 angles:114.077447 100.458471  90.372525
 sites: 62
Cu K edge XANES using RPA corehole.
Using:     * Self-Consistent Field potentials
Using cards:   ATOMS CONTROL EXCHANGE TITLE RPATH POTENTIALS XANES EDGE SCF FMS S02 COREHOLE EGRID

Calculating atomic potentials ...
    overlapped atomic potential and density for unique potential    0
    overlapped atomic potential and density for unique potential    1
    overlapped atomic potential and density for unique potential    2
    overlapped atomic potential and density for unique potential    3
    overlapped atomic potential and density for unique potential    4
Done with module: atomic potentials.

Calculating SCF potentials ...
FEFF-serial using 1 thread.
Muffin tin radii and interstitial parameters [bohr]:
type, norman radius, muffin tin, overlap factor
    0  1.31303E+00  1.11563E+00  1.15000E+00
    1  2.02485E+00  1.97124E+00  1.06776E+00
    2  1.71848E+00  1.64247E+00  1.12105E+00
    3  1.28676E+00  1.13309E+00  1.15000E+00
    4  1.13110E+00  1.07290E+00  1.14490E+00
Core-valence separation energy:  ecv=   -41.500 eV
Initial Fermi level:              mu=    -1.931 eV
SCF ITERATION NUMBER  1
     point #   1  energy = -41.500
FMS for a cluster of   97 atoms around atom type   0
FMS for a cluster of   87 atoms around atom type   1
FMS for a cluster of   65 atoms around atom type   2
FMS for a cluster of   90 atoms around atom type   3
FMS for a cluster of   86 atoms around atom type   4
     point #  20  energy = -30.346
     point #  40  energy = -10.096
     point #  60  energy =  -5.846
     point #  80  energy =  -5.327
New Fermi level:    mu=  -5.350 eV  Charge distance=  0.7692 (partial c.d.=  6.5184)
SCF ITERATION NUMBER  1
     point #   1  energy = -41.500
FMS for a cluster of   97 atoms around atom type   0
FMS for a cluster of   87 atoms around atom type   1
FMS for a cluster of   65 atoms around atom type   2
FMS for a cluster of   90 atoms around atom type   3
FMS for a cluster of   86 atoms around atom type   4
     point #  20  energy = -30.454
     point #  40  energy = -10.370
     point #  60  energy =  -5.350
     point #  80  energy =  -7.175
     point # 100  energy = -10.128
New Fermi level:    mu=  -9.980 eV  Charge distance=  0.2377 (partial c.d.=  4.1564)
SCF ITERATION NUMBER  1
     point #   1  energy = -41.500
FMS for a cluster of   97 atoms around atom type   0
FMS for a cluster of   87 atoms around atom type   1
FMS for a cluster of   65 atoms around atom type   2
FMS for a cluster of   90 atoms around atom type   3
FMS for a cluster of   86 atoms around atom type   4
     point #  20  energy = -30.315
     point #  40  energy =  -9.980
     point #  60  energy =  -9.939
     point #  80  energy =  -9.077
New Fermi level:    mu=  -9.088 eV  Charge distance=  0.1616 (partial c.d.=  0.5165)
SCF ITERATION NUMBER  2
     point #   1  energy = -41.500
     point #  20  energy = -30.358
     point #  40  energy = -10.100
     point #  60  energy =  -9.047
New Fermi level:    mu=  -8.422 eV  Charge distance=  0.3935 (partial c.d.=  0.2453)
SCF ITERATION NUMBER  3
     point #   1  energy = -41.500
     point #  20  energy = -30.474
     point #  40  energy = -10.427
     point #  60  energy =  -8.447
New Fermi level:    mu=  -8.487 eV  Charge distance=  0.0672 (partial c.d.=  0.1992)
SCF ITERATION NUMBER  4
     point #   1  energy = -41.500
     point #  20  energy = -30.496
     point #  40  energy = -10.487
     point #  60  energy =  -8.474
New Fermi level:    mu=  -8.325 eV  Charge distance=  0.0268 (partial c.d.=  0.1515)
SCF ITERATION NUMBER  5
     point #   1  energy = -41.500
     point #  20  energy = -30.442
     point #  40  energy = -10.335
     point #  60  energy =  -8.337
New Fermi level:    mu=  -8.487 eV  Charge distance=  0.0064 (partial c.d.=  0.0511)
SCF ITERATION NUMBER  6
     point #   1  energy = -41.500
     point #  20  energy = -30.496
     point #  40  energy = -10.488
New Fermi level:    mu=  -8.489 eV  Charge distance=  0.0048 (partial c.d.=  0.0246)
SCF ITERATION NUMBER  7
     point #   1  energy = -41.500
     point #  20  energy = -30.496
     point #  40  energy = -10.490
New Fermi level:    mu=  -8.488 eV  Charge distance=  0.0039 (partial c.d.=  0.0196)
SCF ITERATION NUMBER  8
     point #   1  energy = -41.500
     point #  20  energy = -30.496
     point #  40  energy = -10.489
New Fermi level:    mu=  -8.484 eV  Charge distance=  0.0031 (partial c.d.=  0.0171)
SCF ITERATION NUMBER  9
     point #   1  energy = -41.500
     point #  20  energy = -30.495
     point #  40  energy = -10.485
New Fermi level:    mu=  -8.481 eV  Charge distance=  0.0044 (partial c.d.=  0.0044)
SCF ITERATION NUMBER 10
     point #   1  energy = -41.500
     point #  20  energy = -30.494
     point #  40  energy = -10.482
New Fermi level:    mu=  -8.477 eV  Charge distance=  0.0001 (partial c.d.=  0.0025)
SCF ITERATION NUMBER 11
     point #   1  energy = -41.500
     point #  20  energy = -30.492
     point #  40  energy = -10.479
New Fermi level:    mu=  -8.477 eV  Charge distance=  0.0005 (partial c.d.=  0.0001)
Electronic configuration
  type     l     N_el
     0     0    0.609
     0     1    0.715
     0     2    9.333
     0     3    0.000
     1     0    2.247
     1     1    6.294
     1     2    0.965
     1     3    0.000
     2     0    0.371
     2     1    6.563
     2     2    1.396
     2     3    0.000
     3     0    0.560
     3     1    0.707
     3     2    9.361
     3     3    0.000
     4     0    1.861
     4     1    4.510
     4     2    0.062
     4     3    0.000
Charge transfer:  type  charge
       0   -0.343
       1   -0.494
       2   -0.670
       3   -0.372
       4    0.434
Convergence reached in   11 iterations.
Done with module: potentials.

Calculating screened core-hole potential ...
FMS for a cluster of   15 atoms around iph =   0
    0% of energy integration
   20%
   40%
   60%
   80%
  100%
Preparing response function.
Computing (1 - K Chi0)^-1 v_ch
Done with module: screened core-hole potential.

Calculating cross-section and phases ...
    absorption cross section
 x0,dx,rnrm,inrm,jnrm   8.80000000000000       5.000000000000000E-002
   2.48126301100007              195         196
    phase shifts for unique potential    0
    phase shifts for unique potential    1
    phase shifts for unique potential    2
    phase shifts for unique potential    3
    phase shifts for unique potential    4
Done with module: cross-section and phases (XSPH).

FMS calculation of full Green's function ...
FEFF-serial using 1 thread.
Using   194 energy points.
xprep done
FMS for a cluster of  231 atoms
Energy point    1/ 194
Energy point   10/ 194
Energy point   20/ 194
Energy point   30/ 194
Energy point   40/ 194
Energy point   50/ 194
Energy point   60/ 194
Energy point   70/ 194
Energy point   80/ 194
Energy point   90/ 194
Energy point  100/ 194
Energy point  110/ 194
Energy point  120/ 194
Energy point  130/ 194
Energy point  140/ 194
Energy point  150/ 194
Energy point  160/ 194
Energy point  170/ 194
Energy point  180/ 194
Energy point  190/ 194
Done with module: FMS.

MKGTR: Tracing over Green's function ...
Done with module: MKGTR.

Pathfinder: finding scattering paths...
Preparing plane wave scattering amplitudes
Searching for paths
Eliminating path degeneracies
0 paths retained.
Done with module: pathfinder.

Calculating EXAFS parameters ...
Done with module: EXAFS parameters (GENFMT).

Calculating XAS spectra ...
Done with module: XAS spectra (FF2X: DW + final sum over paths).

 
### feff ends at Sun Aug 13 18:51:35 EDT 2023
 
