### feff starts at Sun Aug 13 13:50:07 EDT 2023
### Serial version
### FeffPath is /sdcc/u/mcarbone/software/JFEFF/hsw/feff90/linux
 
Launching FEFF version FEFF 9.9.1
Core hole lifetime is   1.729 eV.
Your calculation:
 comment: None given
 Source:
 Structure Summary:  Cu9 Se4 Cl6 O14
 Reduced formula:  Cu9Se4(Cl3O7)2
 space group: (C2/m), space number:  (12)
 abc:  6.322250   8.289147  11.956548
 angles: 79.819300  74.669620  67.582224
 sites: 33
Cu K edge XANES using RPA corehole.
Using:     * Self-Consistent Field potentials
Using cards:   ATOMS CONTROL EXCHANGE TITLE RPATH POTENTIALS XANES EDGE SCF FMS S02 COREHOLE EGRID

Calculating atomic potentials ...
    overlapped atomic potential and density for unique potential    0
    overlapped atomic potential and density for unique potential    1
    overlapped atomic potential and density for unique potential    2
    overlapped atomic potential and density for unique potential    3
    overlapped atomic potential and density for unique potential    4
Done with module: atomic potentials.

Calculating SCF potentials ...
FEFF-serial using 1 thread.
Muffin tin radii and interstitial parameters [bohr]:
type, norman radius, muffin tin, overlap factor
    0  1.33658E+00  1.23281E+00  1.15000E+00
    1  1.35870E+00  1.26122E+00  1.15000E+00
    2  1.33470E+00  1.09332E+00  1.15000E+00
    3  1.57043E+00  1.38548E+00  1.15000E+00
    4  1.11271E+00  1.01516E+00  1.15000E+00
Core-valence separation energy:  ecv=   -40.000 eV
Initial Fermi level:              mu=     2.043 eV
SCF ITERATION NUMBER  1
     point #   1  energy = -40.000
FMS for a cluster of   85 atoms around atom type   0
FMS for a cluster of   74 atoms around atom type   1
FMS for a cluster of   81 atoms around atom type   2
FMS for a cluster of   83 atoms around atom type   3
FMS for a cluster of   86 atoms around atom type   4
     point #  20  energy = -28.954
     point #  40  energy =  -8.704
     point #  60  energy =  -2.614
     point #  80  energy =  -2.983
New Fermi level:    mu=  -2.995 eV  Charge distance=  0.5057 (partial c.d.=  7.8296)
SCF ITERATION NUMBER  1
     point #   1  energy = -40.000
FMS for a cluster of   85 atoms around atom type   0
FMS for a cluster of   74 atoms around atom type   1
FMS for a cluster of   81 atoms around atom type   2
FMS for a cluster of   83 atoms around atom type   3
FMS for a cluster of   86 atoms around atom type   4
     point #  20  energy = -28.998
     point #  40  energy =  -8.996
     point #  60  energy =  -2.995
     point #  80  energy =  -4.507
     point # 100  energy =  -7.339
     point # 120  energy =  -8.007
New Fermi level:    mu=  -8.160 eV  Charge distance=  0.2408 (partial c.d.=  2.7515)
SCF ITERATION NUMBER  1
     point #   1  energy = -40.000
FMS for a cluster of   85 atoms around atom type   0
FMS for a cluster of   74 atoms around atom type   1
FMS for a cluster of   81 atoms around atom type   2
FMS for a cluster of   83 atoms around atom type   3
FMS for a cluster of   86 atoms around atom type   4
     point #  20  energy = -28.702
     point #  40  energy =  -8.160
     point #  60  energy =  -8.119
     point #  80  energy =  -6.191
     point # 100  energy =  -6.447
New Fermi level:    mu=  -6.494 eV  Charge distance=  0.1441 (partial c.d.=  0.4021)
SCF ITERATION NUMBER  2
     point #   1  energy = -40.000
     point #  20  energy = -28.831
     point #  40  energy =  -8.524
     point #  60  energy =  -6.481
     point #  80  energy =  -6.122
New Fermi level:    mu=  -6.189 eV  Charge distance=  0.2958 (partial c.d.=  0.4624)
SCF ITERATION NUMBER  3
     point #   1  energy = -40.000
     point #  20  energy = -28.730
     point #  40  energy =  -8.238
     point #  60  energy =  -6.202
New Fermi level:    mu=  -6.497 eV  Charge distance=  0.1775 (partial c.d.=  0.8415)
SCF ITERATION NUMBER  4
     point #   1  energy = -40.000
     point #  20  energy = -28.832
     point #  40  energy =  -8.528
     point #  60  energy =  -6.522
New Fermi level:    mu=  -6.589 eV  Charge distance=  0.0852 (partial c.d.=  0.1519)
SCF ITERATION NUMBER  5
     point #   1  energy = -40.000
     point #  20  energy = -28.863
     point #  40  energy =  -8.613
     point #  60  energy =  -6.564
New Fermi level:    mu=  -6.478 eV  Charge distance=  0.0193 (partial c.d.=  0.4920)
SCF ITERATION NUMBER  6
     point #   1  energy = -40.000
     point #  20  energy = -28.826
     point #  40  energy =  -8.509
     point #  60  energy =  -6.503
New Fermi level:    mu=  -6.503 eV  Charge distance=  0.0133 (partial c.d.=  0.2564)
SCF ITERATION NUMBER  7
     point #   1  energy = -40.000
     point #  20  energy = -28.834
     point #  40  energy =  -8.534
     point #  60  energy =  -6.478
New Fermi level:    mu=  -6.488 eV  Charge distance=  0.0141 (partial c.d.=  0.0907)
SCF ITERATION NUMBER  8
     point #   1  energy = -40.000
     point #  20  energy = -28.829
     point #  40  energy =  -8.519
     point #  60  energy =  -6.463
New Fermi level:    mu=  -6.472 eV  Charge distance=  0.0051 (partial c.d.=  0.0605)
SCF ITERATION NUMBER  9
     point #   1  energy = -40.000
     point #  20  energy = -28.824
     point #  40  energy =  -8.504
New Fermi level:    mu=  -6.469 eV  Charge distance=  0.0049 (partial c.d.=  0.0216)
SCF ITERATION NUMBER 10
     point #   1  energy = -40.000
     point #  20  energy = -28.823
     point #  40  energy =  -8.502
New Fermi level:    mu=  -6.462 eV  Charge distance=  0.0033 (partial c.d.=  0.0086)
SCF ITERATION NUMBER 11
     point #   1  energy = -40.000
     point #  20  energy = -28.821
     point #  40  energy =  -8.494
New Fermi level:    mu=  -6.455 eV  Charge distance=  0.0007 (partial c.d.=  0.0087)
SCF ITERATION NUMBER 12
     point #   1  energy = -40.000
     point #  20  energy = -28.818
     point #  40  energy =  -8.488
New Fermi level:    mu=  -6.454 eV  Charge distance=  0.0002 (partial c.d.=  0.0032)
SCF ITERATION NUMBER 13
     point #   1  energy = -40.000
     point #  20  energy = -28.818
     point #  40  energy =  -8.487
New Fermi level:    mu=  -6.453 eV  Charge distance=  0.0001 (partial c.d.=  0.0009)
SCF ITERATION NUMBER 14
     point #   1  energy = -40.000
     point #  20  energy = -28.818
     point #  40  energy =  -8.487
New Fermi level:    mu=  -6.454 eV  Charge distance=  0.0001 (partial c.d.=  0.0002)
Electronic configuration
  type     l     N_el
     0     0    0.527
     0     1    0.615
     0     2    9.540
     0     3    0.000
     1     0    0.488
     1     1    0.633
     1     2    9.605
     1     3    0.000
     2     0    1.732
     2     1    2.725
     2     2    0.676
     2     3    0.000
     3     0    1.984
     3     1    4.894
     3     2    0.197
     3     3    0.000
     4     0    1.858
     4     1    4.437
     4     2    0.096
     4     3    0.000
Charge transfer:  type  charge
       0   -0.318
       1   -0.273
       2   -0.867
       3    0.075
       4    0.392
Convergence reached in   14 iterations.
Done with module: potentials.

Calculating screened core-hole potential ...
FMS for a cluster of   23 atoms around iph =   0
    0% of energy integration
   20%
   40%
   60%
   80%
  100%
Preparing response function.
Computing (1 - K Chi0)^-1 v_ch
Done with module: screened core-hole potential.

Calculating cross-section and phases ...
    absorption cross section
 x0,dx,rnrm,inrm,jnrm   8.80000000000000       5.000000000000000E-002
   2.52577899200016              195         196
    phase shifts for unique potential    0
    phase shifts for unique potential    1
    phase shifts for unique potential    2
    phase shifts for unique potential    3
    phase shifts for unique potential    4
Done with module: cross-section and phases (XSPH).

FMS calculation of full Green's function ...
FEFF-serial using 1 thread.
Using   194 energy points.
xprep done
FMS for a cluster of  175 atoms
Energy point    1/ 194
Energy point   10/ 194
Energy point   20/ 194
Energy point   30/ 194
Energy point   40/ 194
Energy point   50/ 194
Energy point   60/ 194
Energy point   70/ 194
Energy point   80/ 194
Energy point   90/ 194
Energy point  100/ 194
Energy point  110/ 194
Energy point  120/ 194
Energy point  130/ 194
Energy point  140/ 194
Energy point  150/ 194
Energy point  160/ 194
Energy point  170/ 194
Energy point  180/ 194
Energy point  190/ 194
Done with module: FMS.

MKGTR: Tracing over Green's function ...
Done with module: MKGTR.

Pathfinder: finding scattering paths...
Preparing plane wave scattering amplitudes
Searching for paths
Eliminating path degeneracies
0 paths retained.
Done with module: pathfinder.

Calculating EXAFS parameters ...
Done with module: EXAFS parameters (GENFMT).

Calculating XAS spectra ...
Done with module: XAS spectra (FF2X: DW + final sum over paths).

 
### feff ends at Sun Aug 13 14:41:58 EDT 2023
 
