### feff starts at Sun Aug 13 16:34:07 EDT 2023
### Serial version
### FeffPath is /sdcc/u/mcarbone/software/JFEFF/hsw/feff90/linux
 
Launching FEFF version FEFF 9.9.1
Core hole lifetime is   1.729 eV.
Your calculation:
 comment: None given
 Source:
 Structure Summary:  Li8 Cu8 Si24 O60
 Reduced formula:  Li2Cu2(Si2O5)3
 space group: (Cmce), space number:  (64)
 abc: 11.220736  11.220736  10.186001
 angles: 90.000000  90.000000 100.115883
 sites: 100
Cu K edge XANES using RPA corehole.
Using:     * Self-Consistent Field potentials
Using cards:   ATOMS CONTROL EXCHANGE TITLE RPATH POTENTIALS XANES EDGE SCF FMS S02 COREHOLE EGRID

Calculating atomic potentials ...
    overlapped atomic potential and density for unique potential    0
    overlapped atomic potential and density for unique potential    1
    overlapped atomic potential and density for unique potential    2
    overlapped atomic potential and density for unique potential    3
    overlapped atomic potential and density for unique potential    4
Done with module: atomic potentials.

Calculating SCF potentials ...
FEFF-serial using 1 thread.
Muffin tin radii and interstitial parameters [bohr]:
type, norman radius, muffin tin, overlap factor
    0  1.35492E+00  1.29552E+00  1.11981E+00
    1  1.38614E+00  1.24186E+00  1.15000E+00
    2  1.33169E+00  1.24882E+00  1.15000E+00
    3  1.21434E+00  9.95161E-01  1.15000E+00
    4  1.08194E+00  9.32512E-01  1.15000E+00
Core-valence separation energy:  ecv=   -40.000 eV
Initial Fermi level:              mu=     3.265 eV
SCF ITERATION NUMBER  1
     point #   1  energy = -40.000
FMS for a cluster of  113 atoms around atom type   0
FMS for a cluster of  109 atoms around atom type   1
FMS for a cluster of  108 atoms around atom type   2
FMS for a cluster of  107 atoms around atom type   3
FMS for a cluster of  111 atoms around atom type   4
     point #  20  energy = -28.913
     point #  40  energy =  -8.663
     point #  60  energy =  -5.226
     point #  80  energy =  -4.485
New Fermi level:    mu=  -4.478 eV  Charge distance=  1.2316 (partial c.d.=  5.0227)
negative density   1 -243.599 - usually harmless precision error, but check DOS if it persists
SCF ITERATION NUMBER  1
     point #   1  energy = -40.000
FMS for a cluster of  113 atoms around atom type   0
FMS for a cluster of  109 atoms around atom type   1
FMS for a cluster of  108 atoms around atom type   2
FMS for a cluster of  107 atoms around atom type   3
FMS for a cluster of  111 atoms around atom type   4
     point #  20  energy = -28.836
     point #  40  energy =  -8.538
     point #  60  energy =  -4.478
     point #  80  energy =  -6.616
     point # 100  energy =  -9.606
     point # 120  energy =  -9.731
New Fermi level:    mu=  -9.720 eV  Charge distance=  0.3704 (partial c.d.=  6.4242)
negative density   1 -339.208 - usually harmless precision error, but check DOS if it persists
SCF ITERATION NUMBER  1
     point #   1  energy = -40.000
FMS for a cluster of  113 atoms around atom type   0
FMS for a cluster of  109 atoms around atom type   1
FMS for a cluster of  108 atoms around atom type   2
FMS for a cluster of  107 atoms around atom type   3
FMS for a cluster of  111 atoms around atom type   4
     point #  20  energy = -28.897
     point #  40  energy =  -9.720
     point #  60  energy =  -9.817
     point #  80  energy = -10.101
New Fermi level:    mu= -10.167 eV  Charge distance=  0.2149 (partial c.d.=  0.1869)
negative density   1 -402.595 - usually harmless precision error, but check DOS if it persists
negative density   1   -7.407 - usually harmless precision error, but check DOS if it persists
SCF ITERATION NUMBER  2
     point #   1  energy = -40.000
     point #  20  energy = -28.684
     point #  40  energy = -10.167
     point #  60  energy = -10.077
     point #  80  energy =  -8.658
     point # 100  energy =  -8.986
New Fermi level:    mu=  -9.175 eV  Charge distance=  0.1607 (partial c.d.=  0.4147)
negative density   1 -592.575 - usually harmless precision error, but check DOS if it persists
negative density   1  -70.501 - usually harmless precision error, but check DOS if it persists
SCF ITERATION NUMBER  3
     point #   1  energy = -40.000
     point #  20  energy = -28.697
     point #  40  energy =  -9.175
     point #  60  energy =  -9.084
     point #  80  energy =  -7.319
New Fermi level:    mu=  -7.599 eV  Charge distance=  0.0635 (partial c.d.=  0.4793)
negative density   1 -828.711 - usually harmless precision error, but check DOS if it persists
negative density   1 -143.270 - usually harmless precision error, but check DOS if it persists
SCF ITERATION NUMBER  4
     point #   1  energy = -40.000
     point #  20  energy = -28.862
     point #  40  energy =  -8.611
     point #  60  energy =  -7.639
     point #  80  energy =  -8.583
New Fermi level:    mu=  -8.721 eV  Charge distance=  0.0915 (partial c.d.=  0.5507)
negative density   1-1014.057 - usually harmless precision error, but check DOS if it persists
negative density   1 -202.543 - usually harmless precision error, but check DOS if it persists
SCF ITERATION NUMBER  5
     point #   1  energy = -40.000
     point #  20  energy = -28.901
     point #  40  energy =  -8.721
     point #  60  energy =  -8.671
New Fermi level:    mu=  -8.556 eV  Charge distance=  0.0979 (partial c.d.=  0.5567)
negative density   1-1088.982 - usually harmless precision error, but check DOS if it persists
negative density   1 -226.766 - usually harmless precision error, but check DOS if it persists
SCF ITERATION NUMBER  6
     point #   1  energy = -40.000
     point #  20  energy = -28.842
     point #  40  energy =  -8.556
     point #  60  energy =  -8.515
New Fermi level:    mu=  -7.908 eV  Charge distance=  0.0661 (partial c.d.=  1.5591)
negative density   1-1086.925 - usually harmless precision error, but check DOS if it persists
negative density   1 -225.875 - usually harmless precision error, but check DOS if it persists
SCF ITERATION NUMBER  7
     point #   1  energy = -40.000
     point #  20  energy = -28.968
     point #  40  energy =  -8.911
     point #  60  energy =  -7.948
     point #  80  energy =  -8.327
New Fermi level:    mu=  -8.455 eV  Charge distance=  0.0065 (partial c.d.=  1.3926)
negative density   1-1095.303 - usually harmless precision error, but check DOS if it persists
negative density   1 -228.615 - usually harmless precision error, but check DOS if it persists
SCF ITERATION NUMBER  8
     point #   1  energy = -40.000
     point #  20  energy = -28.807
     point #  40  energy =  -8.455
New Fermi level:    mu=  -8.473 eV  Charge distance=  0.0044 (partial c.d.=  0.1623)
negative density   1-1101.816 - usually harmless precision error, but check DOS if it persists
negative density   1 -230.889 - usually harmless precision error, but check DOS if it persists
negative density   1   -0.092 - usually harmless precision error, but check DOS if it persists
SCF ITERATION NUMBER  9
     point #   1  energy = -40.000
     point #  20  energy = -28.813
     point #  40  energy =  -8.473
New Fermi level:    mu=  -8.438 eV  Charge distance=  0.0016 (partial c.d.=  0.0718)
negative density   1-1103.154 - usually harmless precision error, but check DOS if it persists
negative density   1 -231.353 - usually harmless precision error, but check DOS if it persists
negative density   1   -0.302 - usually harmless precision error, but check DOS if it persists
SCF ITERATION NUMBER 10
     point #   1  energy = -40.000
     point #  20  energy = -28.801
     point #  40  energy =  -8.438
New Fermi level:    mu=  -8.443 eV  Charge distance=  0.0032 (partial c.d.=  0.0278)
negative density   1-1108.230 - usually harmless precision error, but check DOS if it persists
negative density   1 -233.106 - usually harmless precision error, but check DOS if it persists
negative density   1   -1.092 - usually harmless precision error, but check DOS if it persists
SCF ITERATION NUMBER 11
     point #   1  energy = -40.000
     point #  20  energy = -28.803
     point #  40  energy =  -8.443
New Fermi level:    mu=  -8.453 eV  Charge distance=  0.0069 (partial c.d.=  0.0026)
negative density   1-1117.867 - usually harmless precision error, but check DOS if it persists
negative density   1 -236.506 - usually harmless precision error, but check DOS if it persists
negative density   1   -2.641 - usually harmless precision error, but check DOS if it persists
SCF ITERATION NUMBER 12
     point #   1  energy = -40.000
     point #  20  energy = -28.806
     point #  40  energy =  -8.453
New Fermi level:    mu=  -8.461 eV  Charge distance=  0.0006 (partial c.d.=  0.0211)
negative density   1-1117.809 - usually harmless precision error, but check DOS if it persists
negative density   1 -236.495 - usually harmless precision error, but check DOS if it persists
negative density   1   -2.638 - usually harmless precision error, but check DOS if it persists
SCF ITERATION NUMBER 13
     point #   1  energy = -40.000
     point #  20  energy = -28.809
     point #  40  energy =  -8.461
New Fermi level:    mu=  -8.455 eV  Charge distance=  0.0003 (partial c.d.=  0.0027)
negative density   1-1118.389 - usually harmless precision error, but check DOS if it persists
negative density   1 -236.687 - usually harmless precision error, but check DOS if it persists
negative density   1   -2.722 - usually harmless precision error, but check DOS if it persists
SCF ITERATION NUMBER 14
     point #   1  energy = -40.000
     point #  20  energy = -28.807
     point #  40  energy =  -8.455
New Fermi level:    mu=  -8.453 eV  Charge distance=  0.0001 (partial c.d.=  0.0009)
negative density   1-1118.824 - usually harmless precision error, but check DOS if it persists
negative density   1 -236.826 - usually harmless precision error, but check DOS if it persists
negative density   1   -2.783 - usually harmless precision error, but check DOS if it persists
SCF ITERATION NUMBER 15
     point #   1  energy = -40.000
     point #  20  energy = -28.806
     point #  40  energy =  -8.453
New Fermi level:    mu=  -8.452 eV  Charge distance=  0.0005 (partial c.d.=  0.0007)
negative density   1-1121.200 - usually harmless precision error, but check DOS if it persists
negative density   1 -237.590 - usually harmless precision error, but check DOS if it persists
negative density   1   -3.114 - usually harmless precision error, but check DOS if it persists
SCF ITERATION NUMBER 16
     point #   1  energy = -40.000
     point #  20  energy = -28.806
     point #  40  energy =  -8.452
New Fermi level:    mu=  -8.451 eV  Charge distance=  0.0001 (partial c.d.=  0.0027)
negative density   1-1121.369 - usually harmless precision error, but check DOS if it persists
negative density   1 -237.644 - usually harmless precision error, but check DOS if it persists
negative density   1   -3.138 - usually harmless precision error, but check DOS if it persists
SCF ITERATION NUMBER 17
     point #   1  energy = -40.000
     point #  20  energy = -28.805
     point #  40  energy =  -8.451
New Fermi level:    mu=  -8.450 eV  Charge distance=  0.0001 (partial c.d.=  0.0010)
negative density   1-1121.688 - usually harmless precision error, but check DOS if it persists
negative density   1 -237.746 - usually harmless precision error, but check DOS if it persists
negative density   1   -3.182 - usually harmless precision error, but check DOS if it persists
SCF ITERATION NUMBER 18
     point #   1  energy = -40.000
     point #  20  energy = -28.805
     point #  40  energy =  -8.450
New Fermi level:    mu=  -8.450 eV  Charge distance=  0.0000 (partial c.d.=  0.0001)
Electronic configuration
  type     l     N_el
     0     0    0.409
     0     1    0.567
     0     2    9.546
     0     3    0.000
     1     0    0.240
     1     1    0.458
     1     2    0.000
     1     3    0.000
     2     0    0.458
     2     1    0.592
     2     2    9.508
     2     3    0.000
     3     0    0.938
     3     1    1.551
     3     2    0.895
     3     3    0.000
     4     0    1.839
     4     1    4.459
     4     2    0.047
     4     3    0.000
Charge transfer:  type  charge
       0   -0.478
       1   -0.301
       2   -0.442
       3   -0.616
       4    0.346
Convergence reached in   18 iterations.
Done with module: potentials.

Calculating screened core-hole potential ...
FMS for a cluster of   24 atoms around iph =   0
    0% of energy integration
   20%
   40%
   60%
   80%
  100%
Preparing response function.
Computing (1 - K Chi0)^-1 v_ch
Done with module: screened core-hole potential.

Calculating cross-section and phases ...
    absorption cross section
 x0,dx,rnrm,inrm,jnrm   8.80000000000000       5.000000000000000E-002
   2.56042327700012              195         196
    phase shifts for unique potential    0
    phase shifts for unique potential    1
    phase shifts for unique potential    2
    phase shifts for unique potential    3
    phase shifts for unique potential    4
Done with module: cross-section and phases (XSPH).

FMS calculation of full Green's function ...
FEFF-serial using 1 thread.
Using   194 energy points.
xprep done
FMS for a cluster of  231 atoms
Energy point    1/ 194
Energy point   10/ 194
Energy point   20/ 194
Energy point   30/ 194
Energy point   40/ 194
Energy point   50/ 194
Energy point   60/ 194
Energy point   70/ 194
Energy point   80/ 194
Energy point   90/ 194
Energy point  100/ 194
Energy point  110/ 194
Energy point  120/ 194
Energy point  130/ 194
Energy point  140/ 194
Energy point  150/ 194
Energy point  160/ 194
Energy point  170/ 194
Energy point  180/ 194
Energy point  190/ 194
Done with module: FMS.

MKGTR: Tracing over Green's function ...
Done with module: MKGTR.

Pathfinder: finding scattering paths...
Preparing plane wave scattering amplitudes
Searching for paths
Eliminating path degeneracies
0 paths retained.
Done with module: pathfinder.

Calculating EXAFS parameters ...
Done with module: EXAFS parameters (GENFMT).

Calculating XAS spectra ...
Done with module: XAS spectra (FF2X: DW + final sum over paths).

 
### feff ends at Sun Aug 13 18:26:04 EDT 2023
 
