### feff starts at Sun Aug 13 15:50:23 EDT 2023
### Serial version
### FeffPath is /sdcc/u/mcarbone/software/JFEFF/hsw/feff90/linux
 
Launching FEFF version FEFF 9.9.1
Core hole lifetime is   1.729 eV.
Your calculation:
 comment: None given
 Source:
 Structure Summary:  V1 Cu3 P4 O16
 Reduced formula:  VCu3(PO4)4
 space group: (Pm), space number:  (6)
 abc:  5.911984   4.853885   9.789672
 angles: 89.390789  90.000000  90.000000
 sites: 24
Cu K edge XANES using RPA corehole.
Using:     * Self-Consistent Field potentials
Using cards:   ATOMS CONTROL EXCHANGE TITLE RPATH POTENTIALS XANES EDGE SCF FMS S02 COREHOLE EGRID

Calculating atomic potentials ...
    overlapped atomic potential and density for unique potential    0
    overlapped atomic potential and density for unique potential    1
    overlapped atomic potential and density for unique potential    2
    overlapped atomic potential and density for unique potential    3
    overlapped atomic potential and density for unique potential    4
Done with module: atomic potentials.

Calculating SCF potentials ...
FEFF-serial using 1 thread.
Muffin tin radii and interstitial parameters [bohr]:
type, norman radius, muffin tin, overlap factor
    0  1.33136E+00  1.26157E+00  1.14822E+00
    1  1.36783E+00  1.24696E+00  1.15000E+00
    2  1.33482E+00  1.27525E+00  1.12234E+00
    3  1.15542E+00  9.39251E-01  1.15000E+00
    4  1.04231E+00  8.78943E-01  1.15000E+00
Core-valence separation energy:  ecv=   -51.500 eV
Initial Fermi level:              mu=     6.644 eV
SCF ITERATION NUMBER  1
     point #   1  energy = -51.500
FMS for a cluster of  124 atoms around atom type   0
FMS for a cluster of   94 atoms around atom type   1
FMS for a cluster of  109 atoms around atom type   2
FMS for a cluster of  119 atoms around atom type   3
FMS for a cluster of  126 atoms around atom type   4
     point #  20  energy = -40.005
     point #  40  energy = -19.755
     point #  60  energy =  -4.883
     point #  80  energy =  -3.840
New Fermi level:    mu=  -3.745 eV  Charge distance=  1.1263 (partial c.d.=  9.3435)
SCF ITERATION NUMBER  1
     point #   1  energy = -51.500
FMS for a cluster of  124 atoms around atom type   0
FMS for a cluster of   94 atoms around atom type   1
FMS for a cluster of  109 atoms around atom type   2
FMS for a cluster of  119 atoms around atom type   3
FMS for a cluster of  126 atoms around atom type   4
     point #  20  energy = -40.323
     point #  40  energy = -20.002
     point #  60  energy =  -3.745
     point #  80  energy =  -3.914
     point # 100  energy =  -7.670
     point # 120  energy =  -6.489
New Fermi level:    mu=  -6.352 eV  Charge distance=  0.7842 (partial c.d.=  8.1973)
SCF ITERATION NUMBER  1
     point #   1  energy = -51.500
FMS for a cluster of  124 atoms around atom type   0
FMS for a cluster of   94 atoms around atom type   1
FMS for a cluster of  109 atoms around atom type   2
FMS for a cluster of  119 atoms around atom type   3
FMS for a cluster of  126 atoms around atom type   4
     point #  20  energy = -40.464
     point #  40  energy = -20.398
     point #  60  energy =  -6.352
New Fermi level:    mu=  -6.425 eV  Charge distance=  0.4763 (partial c.d.=  0.6188)
SCF ITERATION NUMBER  2
     point #   1  energy = -51.500
     point #  20  energy = -40.482
     point #  40  energy = -20.448
     point #  60  energy =  -6.425
     point #  80  energy =  -6.828
     point # 100  energy =  -7.475
New Fermi level:    mu=  -7.485 eV  Charge distance=  0.3128 (partial c.d.=  4.7722)
SCF ITERATION NUMBER  3
     point #   1  energy = -51.500
     point #  20  energy = -40.240
     point #  40  energy = -19.768
     point #  60  energy =  -7.485
     point #  80  energy =  -6.925
New Fermi level:    mu=  -6.465 eV  Charge distance=  0.0842 (partial c.d.=  4.3081)
SCF ITERATION NUMBER  4
     point #   1  energy = -51.500
     point #  20  energy = -40.241
     point #  40  energy = -19.771
     point #  60  energy =  -6.465
New Fermi level:    mu=  -6.648 eV  Charge distance=  0.1898 (partial c.d.=  0.5369)
SCF ITERATION NUMBER  5
     point #   1  energy = -51.500
     point #  20  energy = -40.287
     point #  40  energy = -19.899
     point #  60  energy =  -6.648
     point #  80  energy =  -7.038
New Fermi level:    mu=  -7.206 eV  Charge distance=  0.1158 (partial c.d.=  3.5529)
SCF ITERATION NUMBER  6
     point #   1  energy = -51.500
     point #  20  energy = -40.426
     point #  40  energy = -20.293
     point #  60  energy =  -7.206
     point #  80  energy =  -7.068
New Fermi level:    mu=  -7.078 eV  Charge distance=  0.0461 (partial c.d.=  2.9006)
SCF ITERATION NUMBER  7
     point #   1  energy = -51.500
     point #  20  energy = -40.394
     point #  40  energy = -20.203
     point #  60  energy =  -7.078
New Fermi level:    mu=  -7.121 eV  Charge distance=  0.0572 (partial c.d.=  0.2651)
SCF ITERATION NUMBER  8
     point #   1  energy = -51.500
     point #  20  energy = -40.405
     point #  40  energy = -20.233
     point #  60  energy =  -7.121
New Fermi level:    mu=  -7.101 eV  Charge distance=  0.0259 (partial c.d.=  0.4030)
SCF ITERATION NUMBER  9
     point #   1  energy = -51.500
     point #  20  energy = -40.400
     point #  40  energy = -20.219
     point #  60  energy =  -7.101
New Fermi level:    mu=  -7.161 eV  Charge distance=  0.0158 (partial c.d.=  0.3616)
SCF ITERATION NUMBER 10
     point #   1  energy = -51.500
     point #  20  energy = -40.415
     point #  40  energy = -20.261
     point #  60  energy =  -7.161
New Fermi level:    mu=  -7.136 eV  Charge distance=  0.0055 (partial c.d.=  0.3596)
SCF ITERATION NUMBER 11
     point #   1  energy = -51.500
     point #  20  energy = -40.409
     point #  40  energy = -20.244
     point #  60  energy =  -7.136
New Fermi level:    mu=  -7.156 eV  Charge distance=  0.0059 (partial c.d.=  0.0899)
SCF ITERATION NUMBER 12
     point #   1  energy = -51.500
     point #  20  energy = -40.414
     point #  40  energy = -20.258
     point #  60  energy =  -7.156
New Fermi level:    mu=  -7.154 eV  Charge distance=  0.0069 (partial c.d.=  0.0130)
SCF ITERATION NUMBER 13
     point #   1  energy = -51.500
     point #  20  energy = -40.414
     point #  40  energy = -20.256
     point #  60  energy =  -7.154
New Fermi level:    mu=  -7.148 eV  Charge distance=  0.0051 (partial c.d.=  0.0235)
SCF ITERATION NUMBER 14
     point #   1  energy = -51.500
     point #  20  energy = -40.412
     point #  40  energy = -20.252
     point #  60  energy =  -7.148
New Fermi level:    mu=  -7.145 eV  Charge distance=  0.0011 (partial c.d.=  0.0071)
SCF ITERATION NUMBER 15
     point #   1  energy = -51.500
     point #  20  energy = -40.411
     point #  40  energy = -20.250
     point #  60  energy =  -7.145
New Fermi level:    mu=  -7.145 eV  Charge distance=  0.0012 (partial c.d.=  0.0012)
SCF ITERATION NUMBER 16
     point #   1  energy = -51.500
     point #  20  energy = -40.411
     point #  40  energy = -20.250
     point #  60  energy =  -7.145
New Fermi level:    mu=  -7.144 eV  Charge distance=  0.0002 (partial c.d.=  0.0007)
SCF ITERATION NUMBER 17
     point #   1  energy = -51.500
     point #  20  energy = -40.411
     point #  40  energy = -20.249
     point #  60  energy =  -7.144
New Fermi level:    mu=  -7.144 eV  Charge distance=  0.0007 (partial c.d.=  0.0013)
SCF ITERATION NUMBER 18
     point #   1  energy = -51.500
     point #  20  energy = -40.411
     point #  40  energy = -20.249
     point #  60  energy =  -7.144
New Fermi level:    mu=  -7.144 eV  Charge distance=  0.0001 (partial c.d.=  0.0040)
SCF ITERATION NUMBER 19
     point #   1  energy = -51.500
     point #  20  energy = -40.411
     point #  40  energy = -20.249
     point #  60  energy =  -7.144
New Fermi level:    mu=  -7.144 eV  Charge distance=  0.0000 (partial c.d.=  0.0014)
SCF ITERATION NUMBER 20
     point #   1  energy = -51.500
     point #  20  energy = -40.411
     point #  40  energy = -20.249
     point #  60  energy =  -7.144
New Fermi level:    mu=  -7.144 eV  Charge distance=  0.0000 (partial c.d.=  0.0003)
SCF ITERATION NUMBER 21
     point #   1  energy = -51.500
     point #  20  energy = -40.411
     point #  40  energy = -20.249
     point #  60  energy =  -7.144
New Fermi level:    mu=  -7.144 eV  Charge distance=  0.0000 (partial c.d.=  0.0001)
Electronic configuration
  type     l     N_el
     0     0    0.442
     0     1    0.606
     0     2    9.561
     0     3    0.000
     1     0    0.462
     1     1    6.796
     1     2    3.779
     1     3    0.000
     2     0    0.419
     2     1    0.598
     2     2    9.599
     2     3    0.000
     3     0    1.189
     3     1    2.039
     3     2    1.016
     3     3    0.000
     4     0    1.822
     4     1    4.357
     4     2    0.080
     4     3    0.000
Charge transfer:  type  charge
       0   -0.390
       1    0.037
       2   -0.385
       3   -0.756
       4    0.259
Convergence reached in   21 iterations.
Done with module: potentials.

Calculating screened core-hole potential ...
FMS for a cluster of   24 atoms around iph =   0
    0% of energy integration
   20%
   40%
   60%
   80%
  100%
Preparing response function.
Computing (1 - K Chi0)^-1 v_ch
Done with module: screened core-hole potential.

Calculating cross-section and phases ...
    absorption cross section
 x0,dx,rnrm,inrm,jnrm   8.80000000000000       5.000000000000000E-002
   2.51590776800017              195         196
    phase shifts for unique potential    0
    phase shifts for unique potential    1
    phase shifts for unique potential    2
    phase shifts for unique potential    3
    phase shifts for unique potential    4
Done with module: cross-section and phases (XSPH).

FMS calculation of full Green's function ...
FEFF-serial using 1 thread.
Using   194 energy points.
xprep done
FMS for a cluster of  259 atoms
Energy point    1/ 194
Energy point   10/ 194
Energy point   20/ 194
Energy point   30/ 194
Energy point   40/ 194
Energy point   50/ 194
Energy point   60/ 194
Energy point   70/ 194
Energy point   80/ 194
Energy point   90/ 194
Energy point  100/ 194
Energy point  110/ 194
Energy point  120/ 194
Energy point  130/ 194
Energy point  140/ 194
Energy point  150/ 194
Energy point  160/ 194
Energy point  170/ 194
Energy point  180/ 194
Energy point  190/ 194
Done with module: FMS.

MKGTR: Tracing over Green's function ...
Done with module: MKGTR.

Pathfinder: finding scattering paths...
Preparing plane wave scattering amplitudes
Searching for paths
Eliminating path degeneracies
0 paths retained.
Done with module: pathfinder.

Calculating EXAFS parameters ...
Done with module: EXAFS parameters (GENFMT).

Calculating XAS spectra ...
Done with module: XAS spectra (FF2X: DW + final sum over paths).

 
### feff ends at Sun Aug 13 18:29:46 EDT 2023
 
