### feff starts at Sun Aug 13 20:21:22 EDT 2023
### Serial version
### FeffPath is /sdcc/u/mcarbone/software/JFEFF/hsw/feff90/linux
 
Launching FEFF version FEFF 9.9.1
Core hole lifetime is   1.729 eV.
Your calculation:
 comment: None given
 Source:
 Structure Summary:  Sr2 Cu1 O3
 Reduced formula:  Sr2CuO3
 space group: (Immm), space number:  (71)
 abc:  6.882681   6.882681   6.882681
 angles:150.121208 146.447003  45.536388
 sites: 6
Cu K edge XANES using RPA corehole.
Using:     * Self-Consistent Field potentials
Using cards:   ATOMS CONTROL EXCHANGE TITLE RPATH POTENTIALS XANES EDGE SCF FMS S02 COREHOLE EGRID

Calculating atomic potentials ...
    overlapped atomic potential and density for unique potential    0
    overlapped atomic potential and density for unique potential    1
    overlapped atomic potential and density for unique potential    2
    overlapped atomic potential and density for unique potential    3
Done with module: atomic potentials.

Calculating SCF potentials ...
FEFF-serial using 1 thread.
Muffin tin radii and interstitial parameters [bohr]:
type, norman radius, muffin tin, overlap factor
    0  1.30380E+00  1.21112E+00  1.15000E+00
    1  1.81906E+00  1.75393E+00  1.09487E+00
    2  1.30399E+00  1.21120E+00  1.15000E+00
    3  1.14076E+00  1.09347E+00  1.11224E+00
Core-valence separation energy:  ecv=   -34.500 eV
Initial Fermi level:              mu=    -3.318 eV
SCF ITERATION NUMBER  1
     point #   1  energy = -34.500
FMS for a cluster of  101 atoms around atom type   0
FMS for a cluster of   99 atoms around atom type   1
FMS for a cluster of   91 atoms around atom type   2
FMS for a cluster of   98 atoms around atom type   3
     point #  20  energy = -23.416
     point #  40  energy =  -8.434
     point #  60  energy =  -6.291
New Fermi level:    mu=  -5.872 eV  Charge distance=  1.0080 (partial c.d.=  6.5328)
SCF ITERATION NUMBER  1
     point #   1  energy = -34.500
FMS for a cluster of  101 atoms around atom type   0
FMS for a cluster of   99 atoms around atom type   1
FMS for a cluster of   91 atoms around atom type   2
FMS for a cluster of   98 atoms around atom type   3
     point #  20  energy = -23.253
     point #  40  energy =  -5.872
     point #  60  energy =  -6.041
     point #  80  energy = -10.475
     point # 100  energy = -11.438
     point # 120  energy = -11.816
New Fermi level:    mu= -11.943 eV  Charge distance=  0.2890 (partial c.d.=  5.2287)
SCF ITERATION NUMBER  1
     point #   1  energy = -34.500
FMS for a cluster of  101 atoms around atom type   0
FMS for a cluster of   99 atoms around atom type   1
FMS for a cluster of   91 atoms around atom type   2
FMS for a cluster of   98 atoms around atom type   3
     point #  20  energy = -23.222
     point #  40  energy = -11.943
     point #  60  energy = -11.212
     point #  80  energy = -10.846
New Fermi level:    mu= -10.855 eV  Charge distance=  0.1352 (partial c.d.=  0.3020)
SCF ITERATION NUMBER  2
     point #   1  energy = -34.500
     point #  20  energy = -23.191
     point #  40  energy = -10.855
     point #  60  energy = -10.236
     point #  80  energy =  -9.261
New Fermi level:    mu=  -9.258 eV  Charge distance=  0.1995 (partial c.d.=  0.3399)
SCF ITERATION NUMBER  3
     point #   1  energy = -34.500
     point #  20  energy = -23.394
     point #  40  energy =  -9.258
     point #  60  energy =  -8.855
New Fermi level:    mu=  -8.587 eV  Charge distance=  0.0773 (partial c.d.=  0.1874)
SCF ITERATION NUMBER  4
     point #   1  energy = -34.500
     point #  20  energy = -23.537
     point #  40  energy =  -8.587
     point #  60  energy =  -8.912
New Fermi level:    mu=  -9.141 eV  Charge distance=  0.0523 (partial c.d.=  0.1831)
SCF ITERATION NUMBER  5
     point #   1  energy = -34.500
     point #  20  energy = -23.342
     point #  40  energy =  -9.141
     point #  60  energy =  -8.903
New Fermi level:    mu=  -8.894 eV  Charge distance=  0.0208 (partial c.d.=  0.1427)
SCF ITERATION NUMBER  6
     point #   1  energy = -34.500
     point #  20  energy = -23.233
     point #  40  energy =  -8.894
     point #  60  energy =  -9.062
New Fermi level:    mu=  -9.034 eV  Charge distance=  0.0223 (partial c.d.=  0.2471)
SCF ITERATION NUMBER  7
     point #   1  energy = -34.500
     point #  20  energy = -23.295
     point #  40  energy =  -9.034
New Fermi level:    mu=  -9.022 eV  Charge distance=  0.0096 (partial c.d.=  0.3144)
SCF ITERATION NUMBER  8
     point #   1  energy = -34.500
     point #  20  energy = -23.290
     point #  40  energy =  -9.022
New Fermi level:    mu=  -9.042 eV  Charge distance=  0.0011 (partial c.d.=  0.1318)
SCF ITERATION NUMBER  9
     point #   1  energy = -34.500
     point #  20  energy = -23.298
     point #  40  energy =  -9.042
New Fermi level:    mu=  -9.031 eV  Charge distance=  0.0030 (partial c.d.=  0.0054)
SCF ITERATION NUMBER 10
     point #   1  energy = -34.500
     point #  20  energy = -23.294
     point #  40  energy =  -9.031
New Fermi level:    mu=  -9.035 eV  Charge distance=  0.0012 (partial c.d.=  0.0127)
SCF ITERATION NUMBER 11
     point #   1  energy = -34.500
     point #  20  energy = -23.295
     point #  40  energy =  -9.035
New Fermi level:    mu=  -9.034 eV  Charge distance=  0.0015 (partial c.d.=  0.0052)
SCF ITERATION NUMBER 12
     point #   1  energy = -34.500
     point #  20  energy = -23.295
     point #  40  energy =  -9.034
New Fermi level:    mu=  -9.034 eV  Charge distance=  0.0002 (partial c.d.=  0.0003)
SCF ITERATION NUMBER 13
     point #   1  energy = -34.500
     point #  20  energy = -23.295
     point #  40  energy =  -9.034
New Fermi level:    mu=  -9.033 eV  Charge distance=  0.0001 (partial c.d.=  0.0003)
SCF ITERATION NUMBER 14
     point #   1  energy = -34.500
     point #  20  energy = -23.295
     point #  40  energy =  -9.033
New Fermi level:    mu=  -9.033 eV  Charge distance=  0.0001 (partial c.d.=  0.0004)
SCF ITERATION NUMBER 15
     point #   1  energy = -34.500
     point #  20  energy = -23.295
     point #  40  energy =  -9.033
New Fermi level:    mu=  -9.034 eV  Charge distance=  0.0000 (partial c.d.=  0.0011)
SCF ITERATION NUMBER 16
     point #   1  energy = -34.500
     point #  20  energy = -23.295
     point #  40  energy =  -9.034
New Fermi level:    mu=  -9.034 eV  Charge distance=  0.0000 (partial c.d.=  0.0003)
SCF ITERATION NUMBER 17
     point #   1  energy = -34.500
     point #  20  energy = -23.295
     point #  40  energy =  -9.034
New Fermi level:    mu=  -9.034 eV  Charge distance=  0.0000 (partial c.d.=  0.0001)
Electronic configuration
  type     l     N_el
     0     0    0.512
     0     1    0.601
     0     2    9.437
     0     3    0.000
     1     0    0.294
     1     1    6.377
     1     2    0.895
     1     3    0.000
     2     0    0.512
     2     1    0.603
     2     2    9.436
     2     3    0.000
     3     0    1.865
     3     1    4.532
     3     2    0.043
     3     3    0.000
Charge transfer:  type  charge
       0   -0.450
       1   -0.434
       2   -0.449
       3    0.441
Convergence reached in   17 iterations.
Done with module: potentials.

Calculating screened core-hole potential ...
FMS for a cluster of   17 atoms around iph =   0
    0% of energy integration
   20%
   40%
   60%
   80%
  100%
Preparing response function.
Computing (1 - K Chi0)^-1 v_ch
Done with module: screened core-hole potential.

Calculating cross-section and phases ...
    absorption cross section
 x0,dx,rnrm,inrm,jnrm   8.80000000000000       5.000000000000000E-002
   2.46382027400010              195         196
    phase shifts for unique potential    0
    phase shifts for unique potential    1
    phase shifts for unique potential    2
    phase shifts for unique potential    3
Done with module: cross-section and phases (XSPH).

FMS calculation of full Green's function ...
FEFF-serial using 1 thread.
Using   194 energy points.
xprep done
FMS for a cluster of  211 atoms
Energy point    1/ 194
Energy point   10/ 194
Energy point   20/ 194
Energy point   30/ 194
Energy point   40/ 194
Energy point   50/ 194
Energy point   60/ 194
Energy point   70/ 194
Energy point   80/ 194
Energy point   90/ 194
Energy point  100/ 194
Energy point  110/ 194
Energy point  120/ 194
Energy point  130/ 194
Energy point  140/ 194
Energy point  150/ 194
Energy point  160/ 194
Energy point  170/ 194
Energy point  180/ 194
Energy point  190/ 194
Done with module: FMS.

MKGTR: Tracing over Green's function ...
Done with module: MKGTR.

Pathfinder: finding scattering paths...
Preparing plane wave scattering amplitudes
Searching for paths
Eliminating path degeneracies
0 paths retained.
Done with module: pathfinder.

Calculating EXAFS parameters ...
Done with module: EXAFS parameters (GENFMT).

Calculating XAS spectra ...
Done with module: XAS spectra (FF2X: DW + final sum over paths).

 
### feff ends at Sun Aug 13 21:27:09 EDT 2023
 
