### feff starts at Mon Aug 14 02:06:19 EDT 2023
### Serial version
### FeffPath is /sdcc/u/mcarbone/software/JFEFF/hsw/feff90/linux
 
Launching FEFF version FEFF 9.9.1
Core hole lifetime is   1.729 eV.
Your calculation:
 comment: None given
 Source:
 Structure Summary:  Zn4 Cu8 O16
 Reduced formula:  Zn(CuO2)2
 space group: (Pmmn), space number:  (59)
 abc:  5.046046   5.804780  10.112381
 angles: 90.000000  90.000000  90.000000
 sites: 28
Cu K edge XANES using RPA corehole.
Using:     * Self-Consistent Field potentials
Using cards:   ATOMS CONTROL EXCHANGE TITLE RPATH POTENTIALS XANES EDGE SCF FMS S02 COREHOLE EGRID

Calculating atomic potentials ...
    overlapped atomic potential and density for unique potential    0
    overlapped atomic potential and density for unique potential    1
    overlapped atomic potential and density for unique potential    2
    overlapped atomic potential and density for unique potential    3
Done with module: atomic potentials.

Calculating SCF potentials ...
FEFF-serial using 1 thread.
Muffin tin radii and interstitial parameters [bohr]:
type, norman radius, muffin tin, overlap factor
    0  1.29432E+00  1.23029E+00  1.13823E+00
    1  1.46978E+00  1.39690E+00  1.13861E+00
    2  1.28576E+00  1.22001E+00  1.14384E+00
    3  1.10436E+00  1.02668E+00  1.15000E+00
Core-valence separation energy:  ecv=   -40.000 eV
Initial Fermi level:              mu=     1.611 eV
SCF ITERATION NUMBER  1
     point #   1  energy = -40.000
FMS for a cluster of  131 atoms around atom type   0
FMS for a cluster of  120 atoms around atom type   1
FMS for a cluster of  123 atoms around atom type   2
FMS for a cluster of  140 atoms around atom type   3
     point #  20  energy = -28.843
     point #  40  energy =  -8.593
     point #  60  energy =  -3.381
New Fermi level:    mu=  -3.471 eV  Charge distance=  0.4977 (partial c.d.= 10.3498)
SCF ITERATION NUMBER  1
     point #   1  energy = -40.000
FMS for a cluster of  131 atoms around atom type   0
FMS for a cluster of  120 atoms around atom type   1
FMS for a cluster of  123 atoms around atom type   2
FMS for a cluster of  140 atoms around atom type   3
     point #  20  energy = -28.838
     point #  40  energy =  -8.545
     point #  60  energy =  -3.471
     point #  80  energy =  -5.049
     point # 100  energy =  -8.534
New Fermi level:    mu=  -8.958 eV  Charge distance=  0.3583 (partial c.d.=  2.3751)
SCF ITERATION NUMBER  1
     point #   1  energy = -40.000
FMS for a cluster of  131 atoms around atom type   0
FMS for a cluster of  120 atoms around atom type   1
FMS for a cluster of  123 atoms around atom type   2
FMS for a cluster of  140 atoms around atom type   3
     point #  20  energy = -28.985
     point #  40  energy =  -8.958
     point #  60  energy =  -8.917
     point #  80  energy =  -7.370
New Fermi level:    mu=  -7.701 eV  Charge distance=  0.1998 (partial c.d.=  2.3495)
SCF ITERATION NUMBER  2
     point #   1  energy = -40.000
     point #  20  energy = -28.897
     point #  40  energy =  -8.710
     point #  60  energy =  -7.741
New Fermi level:    mu=  -8.154 eV  Charge distance=  0.0509 (partial c.d.=  0.5814)
SCF ITERATION NUMBER  3
     point #   1  energy = -40.000
     point #  20  energy = -28.700
     point #  40  energy =  -8.154
     point #  60  energy =  -8.114
New Fermi level:    mu=  -7.783 eV  Charge distance=  0.2398 (partial c.d.=  2.0637)
SCF ITERATION NUMBER  4
     point #   1  energy = -40.000
     point #  20  energy = -28.925
     point #  40  energy =  -8.790
     point #  60  energy =  -7.823
New Fermi level:    mu=  -8.031 eV  Charge distance=  0.0478 (partial c.d.=  2.5702)
SCF ITERATION NUMBER  5
     point #   1  energy = -40.000
     point #  20  energy = -29.011
     point #  40  energy =  -9.030
     point #  60  energy =  -8.072
New Fermi level:    mu=  -8.212 eV  Charge distance=  0.0321 (partial c.d.=  0.0514)
SCF ITERATION NUMBER  6
     point #   1  energy = -40.000
     point #  20  energy = -28.720
     point #  40  energy =  -8.212
     point #  60  energy =  -8.262
New Fermi level:    mu=  -8.276 eV  Charge distance=  0.0793 (partial c.d.=  0.0555)
SCF ITERATION NUMBER  7
     point #   1  energy = -40.000
     point #  20  energy = -28.743
     point #  40  energy =  -8.276
     point #  60  energy =  -8.326
New Fermi level:    mu=  -8.321 eV  Charge distance=  0.1716 (partial c.d.=  0.1098)
SCF ITERATION NUMBER  8
     point #   1  energy = -40.000
     point #  20  energy = -28.759
     point #  40  energy =  -8.321
     point #  60  energy =  -8.252
New Fermi level:    mu=  -8.175 eV  Charge distance=  0.1434 (partial c.d.=  2.9097)
SCF ITERATION NUMBER  9
     point #   1  energy = -40.000
     point #  20  energy = -28.707
     point #  40  energy =  -8.175
     point #  60  energy =  -8.225
New Fermi level:    mu=  -8.298 eV  Charge distance=  0.0204 (partial c.d.=  2.8596)
SCF ITERATION NUMBER 10
     point #   1  energy = -40.000
     point #  20  energy = -28.751
     point #  40  energy =  -8.298
New Fermi level:    mu=  -8.277 eV  Charge distance=  0.1177 (partial c.d.=  0.0537)
SCF ITERATION NUMBER 11
     point #   1  energy = -40.000
     point #  20  energy = -28.744
     point #  40  energy =  -8.277
     point #  60  energy =  -8.209
New Fermi level:    mu=  -8.066 eV  Charge distance=  0.0804 (partial c.d.=  1.2781)
SCF ITERATION NUMBER 12
     point #   1  energy = -40.000
     point #  20  energy = -29.023
     point #  40  energy =  -9.064
     point #  60  energy =  -8.106
New Fermi level:    mu=  -8.214 eV  Charge distance=  0.0186 (partial c.d.=  1.1392)
SCF ITERATION NUMBER 13
     point #   1  energy = -40.000
     point #  20  energy = -28.721
     point #  40  energy =  -8.214
New Fermi level:    mu=  -8.183 eV  Charge distance=  0.0049 (partial c.d.=  0.1899)
SCF ITERATION NUMBER 14
     point #   1  energy = -40.000
     point #  20  energy = -28.710
     point #  40  energy =  -8.183
New Fermi level:    mu=  -8.156 eV  Charge distance=  0.0092 (partial c.d.=  0.0524)
SCF ITERATION NUMBER 15
     point #   1  energy = -40.000
     point #  20  energy = -28.700
     point #  40  energy =  -8.156
New Fermi level:    mu=  -8.164 eV  Charge distance=  0.0179 (partial c.d.=  0.1281)
SCF ITERATION NUMBER 16
     point #   1  energy = -40.000
     point #  20  energy = -28.703
     point #  40  energy =  -8.164
New Fermi level:    mu=  -8.147 eV  Charge distance=  0.0021 (partial c.d.=  0.2840)
SCF ITERATION NUMBER 17
     point #   1  energy = -40.000
     point #  20  energy = -28.697
     point #  40  energy =  -8.147
New Fermi level:    mu=  -8.155 eV  Charge distance=  0.0023 (partial c.d.=  0.0163)
SCF ITERATION NUMBER 18
     point #   1  energy = -40.000
     point #  20  energy = -28.700
     point #  40  energy =  -8.155
New Fermi level:    mu=  -8.156 eV  Charge distance=  0.0020 (partial c.d.=  0.0699)
SCF ITERATION NUMBER 19
     point #   1  energy = -40.000
     point #  20  energy = -28.700
     point #  40  energy =  -8.156
New Fermi level:    mu=  -8.154 eV  Charge distance=  0.0003 (partial c.d.=  0.0460)
SCF ITERATION NUMBER 20
     point #   1  energy = -40.000
     point #  20  energy = -28.700
     point #  40  energy =  -8.154
New Fermi level:    mu=  -8.153 eV  Charge distance=  0.0002 (partial c.d.=  0.0025)
SCF ITERATION NUMBER 21
     point #   1  energy = -40.000
     point #  20  energy = -28.700
     point #  40  energy =  -8.153
New Fermi level:    mu=  -8.153 eV  Charge distance=  0.0002 (partial c.d.=  0.0000)
Electronic configuration
  type     l     N_el
     0     0    0.450
     0     1    0.608
     0     2    9.439
     0     3    0.000
     1     0    0.730
     1     1    0.917
     1     2   10.305
     1     3    0.000
     2     0    0.458
     2     1    0.625
     2     2    9.387
     2     3    0.000
     3     0    1.864
     3     1    4.328
     3     2    0.085
     3     3    0.000
Charge transfer:  type  charge
       0   -0.501
       1   -0.049
       2   -0.530
       3    0.278
Convergence reached in   21 iterations.
Done with module: potentials.

Calculating screened core-hole potential ...
FMS for a cluster of   24 atoms around iph =   0
    0% of energy integration
   20%
   40%
   60%
   80%
  100%
Preparing response function.
Computing (1 - K Chi0)^-1 v_ch
Done with module: screened core-hole potential.

Calculating cross-section and phases ...
    absorption cross section
 x0,dx,rnrm,inrm,jnrm   8.80000000000000       5.000000000000000E-002
   2.44591070599998              194         195
    phase shifts for unique potential    0
    phase shifts for unique potential    1
    phase shifts for unique potential    2
    phase shifts for unique potential    3
Done with module: cross-section and phases (XSPH).

FMS calculation of full Green's function ...
FEFF-serial using 1 thread.
Using   194 energy points.
xprep done
FMS for a cluster of  279 atoms
Energy point    1/ 194
Energy point   10/ 194
Energy point   20/ 194
Energy point   30/ 194
Energy point   40/ 194
Energy point   50/ 194
Energy point   60/ 194
Energy point   70/ 194
Energy point   80/ 194
Energy point   90/ 194
Energy point  100/ 194
Energy point  110/ 194
Energy point  120/ 194
Energy point  130/ 194
Energy point  140/ 194
Energy point  150/ 194
Energy point  160/ 194
Energy point  170/ 194
Energy point  180/ 194
Energy point  190/ 194
Done with module: FMS.

MKGTR: Tracing over Green's function ...
Done with module: MKGTR.

Pathfinder: finding scattering paths...
Preparing plane wave scattering amplitudes
Searching for paths
Eliminating path degeneracies
0 paths retained.
Done with module: pathfinder.

Calculating EXAFS parameters ...
Done with module: EXAFS parameters (GENFMT).

Calculating XAS spectra ...
Done with module: XAS spectra (FF2X: DW + final sum over paths).

 
### feff ends at Mon Aug 14 04:39:11 EDT 2023
 
