### feff starts at Mon Aug 14 10:05:23 EDT 2023
### Serial version
### FeffPath is /sdcc/u/mcarbone/software/JFEFF/hsw/feff90/linux
 
Launching FEFF version FEFF 9.9.1
Core hole lifetime is   1.729 eV.
Your calculation:
 comment: None given
 Source:
 Structure Summary:  Na4 Cu1 Te2 O29
 Reduced formula:  Na4CuTe2O29
 space group: (P-1), space number:  (2)
 abc:  5.442612   8.924805  14.122237
 angles: 90.286943  93.446388 107.735964
 sites: 36
Cu K edge XANES using RPA corehole.
Using:     * Self-Consistent Field potentials
Using cards:   ATOMS CONTROL EXCHANGE TITLE RPATH POTENTIALS XANES EDGE SCF FMS S02 COREHOLE EGRID

Calculating atomic potentials ...
    overlapped atomic potential and density for unique potential    0
    overlapped atomic potential and density for unique potential    1
    overlapped atomic potential and density for unique potential    2
    overlapped atomic potential and density for unique potential    3
    overlapped atomic potential and density for unique potential    4
Done with module: atomic potentials.

Calculating SCF potentials ...
FEFF-serial using 1 thread.
Muffin tin radii and interstitial parameters [bohr]:
type, norman radius, muffin tin, overlap factor
    0  1.31366E+00  1.24500E+00  1.14768E+00
    1  1.66625E+00  1.60223E+00  1.10281E+00
    2  1.31380E+00  1.24511E+00  1.14774E+00
    3  1.51705E+00  1.27396E+00  1.15000E+00
    4  9.94110E-01  8.13586E-01  1.15000E+00
Core-valence separation energy:  ecv=   -34.000 eV
Initial Fermi level:              mu=     8.236 eV
SCF ITERATION NUMBER  1
     point #   1  energy = -34.000
FMS for a cluster of   77 atoms around atom type   0
FMS for a cluster of   69 atoms around atom type   1
FMS for a cluster of   54 atoms around atom type   2
FMS for a cluster of   70 atoms around atom type   3
FMS for a cluster of   76 atoms around atom type   4
     point #  20  energy = -22.918
     point #  40  energy =  -6.821
     point #  60  energy =  -5.452
     point #  80  energy =  -5.005
New Fermi level:    mu=  -4.926 eV  Charge distance=  1.6228 (partial c.d.=  6.4831)
SCF ITERATION NUMBER  1
     point #   1  energy = -34.000
FMS for a cluster of   77 atoms around atom type   0
FMS for a cluster of   69 atoms around atom type   1
FMS for a cluster of   54 atoms around atom type   2
FMS for a cluster of   70 atoms around atom type   3
FMS for a cluster of   76 atoms around atom type   4
     point #  20  energy = -22.972
     point #  40  energy =  -4.926
     point #  60  energy =  -5.016
     point #  80  energy =  -6.388
New Fermi level:    mu=  -6.310 eV  Charge distance=  0.6212 (partial c.d.=  8.6958)
SCF ITERATION NUMBER  1
     point #   1  energy = -34.000
FMS for a cluster of   77 atoms around atom type   0
FMS for a cluster of   69 atoms around atom type   1
FMS for a cluster of   54 atoms around atom type   2
FMS for a cluster of   70 atoms around atom type   3
FMS for a cluster of   76 atoms around atom type   4
     point #  20  energy = -22.719
     point #  40  energy =  -6.310
     point #  60  energy =  -6.491
New Fermi level:    mu=  -6.624 eV  Charge distance=  0.3408 (partial c.d.=  0.3033)
SCF ITERATION NUMBER  2
     point #   1  energy = -34.000
     point #  20  energy = -22.847
     point #  40  energy =  -6.624
New Fermi level:    mu=  -6.594 eV  Charge distance=  0.4715 (partial c.d.=  0.3507)
SCF ITERATION NUMBER  3
     point #   1  energy = -34.000
     point #  20  energy = -22.834
     point #  40  energy =  -6.594
     point #  60  energy =  -6.425
New Fermi level:    mu=  -5.198 eV  Charge distance=  0.4655 (partial c.d.=  5.1895)
SCF ITERATION NUMBER  4
     point #   1  energy = -34.000
     point #  20  energy = -22.685
     point #  40  energy =  -5.198
     point #  60  energy =  -5.367
     point #  80  energy =  -6.460
New Fermi level:    mu=  -6.487 eV  Charge distance=  0.0801 (partial c.d.=  5.3476)
SCF ITERATION NUMBER  5
     point #   1  energy = -34.000
     point #  20  energy = -22.791
     point #  40  energy =  -6.487
New Fermi level:    mu=  -6.450 eV  Charge distance=  0.1464 (partial c.d.=  0.0479)
SCF ITERATION NUMBER  6
     point #   1  energy = -34.000
     point #  20  energy = -22.776
     point #  40  energy =  -6.450
     point #  60  energy =  -6.350
New Fermi level:    mu=  -6.354 eV  Charge distance=  0.0548 (partial c.d.=  0.2652)
SCF ITERATION NUMBER  7
     point #   1  energy = -34.000
     point #  20  energy = -22.737
     point #  40  energy =  -6.354
New Fermi level:    mu=  -6.289 eV  Charge distance=  0.0447 (partial c.d.=  0.1831)
SCF ITERATION NUMBER  8
     point #   1  energy = -34.000
     point #  20  energy = -22.710
     point #  40  energy =  -6.289
New Fermi level:    mu=  -6.250 eV  Charge distance=  0.0266 (partial c.d.=  0.3004)
SCF ITERATION NUMBER  9
     point #   1  energy = -34.000
     point #  20  energy = -22.695
     point #  40  energy =  -6.250
New Fermi level:    mu=  -6.229 eV  Charge distance=  0.0119 (partial c.d.=  0.2820)
SCF ITERATION NUMBER 10
     point #   1  energy = -34.000
     point #  20  energy = -22.686
     point #  40  energy =  -6.229
New Fermi level:    mu=  -6.253 eV  Charge distance=  0.0221 (partial c.d.=  0.0817)
SCF ITERATION NUMBER 11
     point #   1  energy = -34.000
     point #  20  energy = -22.696
     point #  40  energy =  -6.253
New Fermi level:    mu=  -6.235 eV  Charge distance=  0.0104 (partial c.d.=  0.0423)
SCF ITERATION NUMBER 12
     point #   1  energy = -34.000
     point #  20  energy = -22.688
     point #  40  energy =  -6.235
New Fermi level:    mu=  -6.243 eV  Charge distance=  0.0009 (partial c.d.=  0.0629)
SCF ITERATION NUMBER 13
     point #   1  energy = -34.000
     point #  20  energy = -22.692
     point #  40  energy =  -6.243
New Fermi level:    mu=  -6.240 eV  Charge distance=  0.0029 (partial c.d.=  0.0132)
SCF ITERATION NUMBER 14
     point #   1  energy = -34.000
     point #  20  energy = -22.691
     point #  40  energy =  -6.240
New Fermi level:    mu=  -6.235 eV  Charge distance=  0.0003 (partial c.d.=  0.0071)
SCF ITERATION NUMBER 15
     point #   1  energy = -34.000
     point #  20  energy = -22.688
     point #  40  energy =  -6.235
New Fermi level:    mu=  -6.234 eV  Charge distance=  0.0002 (partial c.d.=  0.0008)
SCF ITERATION NUMBER 16
     point #   1  energy = -34.000
     point #  20  energy = -22.688
     point #  40  energy =  -6.234
New Fermi level:    mu=  -6.233 eV  Charge distance=  0.0003 (partial c.d.=  0.0003)
SCF ITERATION NUMBER 17
     point #   1  energy = -34.000
     point #  20  energy = -22.688
     point #  40  energy =  -6.233
New Fermi level:    mu=  -6.234 eV  Charge distance=  0.0003 (partial c.d.=  0.0002)
SCF ITERATION NUMBER 18
     point #   1  energy = -34.000
     point #  20  energy = -22.688
     point #  40  energy =  -6.234
New Fermi level:    mu=  -6.234 eV  Charge distance=  0.0000 (partial c.d.=  0.0003)
SCF ITERATION NUMBER 19
     point #   1  energy = -34.000
     point #  20  energy = -22.688
     point #  40  energy =  -6.234
New Fermi level:    mu=  -6.234 eV  Charge distance=  0.0000 (partial c.d.=  0.0000)
Electronic configuration
  type     l     N_el
     0     0    0.546
     0     1    0.707
     0     2    9.453
     0     3    0.000
     1     0    0.321
     1     1    6.414
     1     2    0.313
     1     3    0.000
     2     0    0.550
     2     1    0.714
     2     2    9.440
     2     3    0.000
     3     0    1.733
     3     1    2.708
     3     2    0.782
     3     3    0.000
     4     0    1.790
     4     1    4.084
     4     2    0.184
     4     3    0.000
Charge transfer:  type  charge
       0   -0.295
       1    0.048
       2   -0.295
       3   -0.777
       4    0.057
Convergence reached in   19 iterations.
Done with module: potentials.

Calculating screened core-hole potential ...
FMS for a cluster of   15 atoms around iph =   0
    0% of energy integration
   20%
   40%
   60%
   80%
  100%
Preparing response function.
Computing (1 - K Chi0)^-1 v_ch
Done with module: screened core-hole potential.

Calculating cross-section and phases ...
    absorption cross section
 x0,dx,rnrm,inrm,jnrm   8.80000000000000       5.000000000000000E-002
   2.48245459200007              195         196
    phase shifts for unique potential    0
    phase shifts for unique potential    1
    phase shifts for unique potential    2
    phase shifts for unique potential    3
    phase shifts for unique potential    4
Done with module: cross-section and phases (XSPH).

FMS calculation of full Green's function ...
FEFF-serial using 1 thread.
Using   194 energy points.
xprep done
FMS for a cluster of  167 atoms
Energy point    1/ 194
Energy point   10/ 194
Energy point   20/ 194
Energy point   30/ 194
Energy point   40/ 194
Energy point   50/ 194
Energy point   60/ 194
Energy point   70/ 194
Energy point   80/ 194
Energy point   90/ 194
Energy point  100/ 194
Energy point  110/ 194
Energy point  120/ 194
Energy point  130/ 194
Energy point  140/ 194
Energy point  150/ 194
Energy point  160/ 194
Energy point  170/ 194
Energy point  180/ 194
Energy point  190/ 194
Done with module: FMS.

MKGTR: Tracing over Green's function ...
Done with module: MKGTR.

Pathfinder: finding scattering paths...
Preparing plane wave scattering amplitudes
Searching for paths
Eliminating path degeneracies
0 paths retained.
Done with module: pathfinder.

Calculating EXAFS parameters ...
Done with module: EXAFS parameters (GENFMT).

Calculating XAS spectra ...
Done with module: XAS spectra (FF2X: DW + final sum over paths).

 
### feff ends at Mon Aug 14 10:47:58 EDT 2023
 
