### feff starts at Sun Aug 13 20:21:22 EDT 2023
### Serial version
### FeffPath is /sdcc/u/mcarbone/software/JFEFF/hsw/feff90/linux
 
Launching FEFF version FEFF 9.9.1
Core hole lifetime is   1.729 eV.
Your calculation:
 comment: None given
 Source:
 Structure Summary:  V4 Cu2 P4 O28
 Reduced formula:  V2Cu(PO7)2
 space group: (P2_1/m), space number:  (11)
 abc:  8.935654   7.179485   8.883729
 angles: 75.962884  90.000000  90.000000
 sites: 38
Cu K edge XANES using RPA corehole.
Using:     * Self-Consistent Field potentials
Using cards:   ATOMS CONTROL EXCHANGE TITLE RPATH POTENTIALS XANES EDGE SCF FMS S02 COREHOLE EGRID

Calculating atomic potentials ...
    overlapped atomic potential and density for unique potential    0
    overlapped atomic potential and density for unique potential    1
    overlapped atomic potential and density for unique potential    2
    overlapped atomic potential and density for unique potential    3
    overlapped atomic potential and density for unique potential    4
Done with module: atomic potentials.

Calculating SCF potentials ...
FEFF-serial using 1 thread.
Muffin tin radii and interstitial parameters [bohr]:
type, norman radius, muffin tin, overlap factor
    0  1.24338E+00  1.03067E+00  1.15000E+00
    1  1.33276E+00  1.12422E+00  1.15000E+00
    2  1.24352E+00  1.03073E+00  1.15000E+00
    3  1.15008E+00  8.82311E-01  1.15000E+00
    4  1.17222E+00  9.69798E-01  1.15000E+00
Core-valence separation energy:  ecv=   -51.500 eV
Initial Fermi level:              mu=     4.152 eV
SCF ITERATION NUMBER  1
     point #   1  energy = -51.500
FMS for a cluster of  105 atoms around atom type   0
FMS for a cluster of   99 atoms around atom type   1
FMS for a cluster of   82 atoms around atom type   2
FMS for a cluster of   75 atoms around atom type   3
FMS for a cluster of  102 atoms around atom type   4
     point #  20  energy = -40.368
     point #  40  energy = -20.118
     point #  60  energy =  -7.980
     point #  80  energy =  -6.808
New Fermi level:    mu=  -6.569 eV  Charge distance=  1.7905 (partial c.d.=  6.7457)
SCF ITERATION NUMBER  1
     point #   1  energy = -51.500
FMS for a cluster of  105 atoms around atom type   0
FMS for a cluster of   99 atoms around atom type   1
FMS for a cluster of   82 atoms around atom type   2
FMS for a cluster of   75 atoms around atom type   3
FMS for a cluster of  102 atoms around atom type   4
     point #  20  energy = -40.267
     point #  40  energy = -19.844
     point #  60  energy =  -6.569
     point #  80  energy =  -7.004
     point # 100  energy =  -8.844
New Fermi level:    mu=  -9.170 eV  Charge distance=  0.5863 (partial c.d.=  9.3056)
SCF ITERATION NUMBER  1
     point #   1  energy = -51.500
FMS for a cluster of  105 atoms around atom type   0
FMS for a cluster of   99 atoms around atom type   1
FMS for a cluster of   82 atoms around atom type   2
FMS for a cluster of   75 atoms around atom type   3
FMS for a cluster of  102 atoms around atom type   4
     point #  20  energy = -40.413
     point #  40  energy = -20.256
     point #  60  energy =  -9.170
New Fermi level:    mu=  -9.263 eV  Charge distance=  0.3489 (partial c.d.=  1.2150)
SCF ITERATION NUMBER  2
     point #   1  energy = -51.500
     point #  20  energy = -40.438
     point #  40  energy = -20.325
     point #  60  energy =  -9.263
     point #  80  energy =  -8.625
New Fermi level:    mu=  -8.643 eV  Charge distance=  0.1537 (partial c.d.=  0.8115)
SCF ITERATION NUMBER  3
     point #   1  energy = -51.500
     point #  20  energy = -40.276
     point #  40  energy = -19.868
     point #  60  energy =  -8.643
     point #  80  energy =  -8.203
New Fermi level:    mu=  -8.118 eV  Charge distance=  0.2273 (partial c.d.=  1.0652)
SCF ITERATION NUMBER  4
     point #   1  energy = -51.500
     point #  20  energy = -40.402
     point #  40  energy = -20.225
     point #  60  energy =  -8.118
     point #  80  energy =  -8.737
New Fermi level:    mu=  -9.167 eV  Charge distance=  0.1007 (partial c.d.=  1.6103)
SCF ITERATION NUMBER  5
     point #   1  energy = -51.500
     point #  20  energy = -40.413
     point #  40  energy = -20.254
     point #  60  energy =  -9.167
New Fermi level:    mu=  -9.044 eV  Charge distance=  0.1376 (partial c.d.=  0.1823)
SCF ITERATION NUMBER  6
     point #   1  energy = -51.500
     point #  20  energy = -40.380
     point #  40  energy = -20.163
     point #  60  energy =  -9.044
     point #  80  energy =  -8.553
New Fermi level:    mu=  -8.561 eV  Charge distance=  0.0418 (partial c.d.=  0.8578)
SCF ITERATION NUMBER  7
     point #   1  energy = -51.500
     point #  20  energy = -40.254
     point #  40  energy = -19.807
     point #  60  energy =  -8.561
New Fermi level:    mu=  -8.690 eV  Charge distance=  0.0266 (partial c.d.=  0.4666)
SCF ITERATION NUMBER  8
     point #   1  energy = -51.500
     point #  20  energy = -40.288
     point #  40  energy = -19.902
     point #  60  energy =  -8.690
New Fermi level:    mu=  -8.658 eV  Charge distance=  0.0140 (partial c.d.=  0.5680)
SCF ITERATION NUMBER  9
     point #   1  energy = -51.500
     point #  20  energy = -40.279
     point #  40  energy = -19.879
     point #  60  energy =  -8.658
New Fermi level:    mu=  -8.635 eV  Charge distance=  0.0032 (partial c.d.=  0.2415)
SCF ITERATION NUMBER 10
     point #   1  energy = -51.500
     point #  20  energy = -40.273
     point #  40  energy = -19.861
     point #  60  energy =  -8.635
New Fermi level:    mu=  -8.629 eV  Charge distance=  0.0053 (partial c.d.=  0.0642)
SCF ITERATION NUMBER 11
     point #   1  energy = -51.500
     point #  20  energy = -40.272
     point #  40  energy = -19.857
     point #  60  energy =  -8.629
New Fermi level:    mu=  -8.622 eV  Charge distance=  0.0066 (partial c.d.=  0.0270)
SCF ITERATION NUMBER 12
     point #   1  energy = -51.500
     point #  20  energy = -40.270
     point #  40  energy = -19.852
     point #  60  energy =  -8.622
New Fermi level:    mu=  -8.615 eV  Charge distance=  0.0007 (partial c.d.=  0.0376)
SCF ITERATION NUMBER 13
     point #   1  energy = -51.500
     point #  20  energy = -40.268
     point #  40  energy = -19.847
     point #  60  energy =  -8.615
New Fermi level:    mu=  -8.614 eV  Charge distance=  0.0008 (partial c.d.=  0.0105)
SCF ITERATION NUMBER 14
     point #   1  energy = -51.500
     point #  20  energy = -40.268
     point #  40  energy = -19.846
     point #  60  energy =  -8.614
New Fermi level:    mu=  -8.612 eV  Charge distance=  0.0003 (partial c.d.=  0.0037)
SCF ITERATION NUMBER 15
     point #   1  energy = -51.500
     point #  20  energy = -40.267
     point #  40  energy = -19.845
     point #  60  energy =  -8.612
New Fermi level:    mu=  -8.611 eV  Charge distance=  0.0002 (partial c.d.=  0.0035)
SCF ITERATION NUMBER 16
     point #   1  energy = -51.500
     point #  20  energy = -40.267
     point #  40  energy = -19.844
     point #  60  energy =  -8.611
New Fermi level:    mu=  -8.611 eV  Charge distance=  0.0005 (partial c.d.=  0.0012)
SCF ITERATION NUMBER 17
     point #   1  energy = -51.500
     point #  20  energy = -40.267
     point #  40  energy = -19.844
     point #  60  energy =  -8.611
New Fermi level:    mu=  -8.611 eV  Charge distance=  0.0000 (partial c.d.=  0.0019)
SCF ITERATION NUMBER 18
     point #   1  energy = -51.500
     point #  20  energy = -40.267
     point #  40  energy = -19.844
     point #  60  energy =  -8.611
New Fermi level:    mu=  -8.611 eV  Charge distance=  0.0000 (partial c.d.=  0.0004)
SCF ITERATION NUMBER 19
     point #   1  energy = -51.500
     point #  20  energy = -40.267
     point #  40  energy = -19.844
     point #  60  energy =  -8.611
New Fermi level:    mu=  -8.611 eV  Charge distance=  0.0000 (partial c.d.=  0.0005)
SCF ITERATION NUMBER 20
     point #   1  energy = -51.500
     point #  20  energy = -40.267
     point #  40  energy = -19.844
     point #  60  energy =  -8.611
New Fermi level:    mu=  -8.611 eV  Charge distance=  0.0000 (partial c.d.=  0.0002)
Electronic configuration
  type     l     N_el
     0     0    0.558
     0     1    0.596
     0     2    9.094
     0     3    0.000
     1     0    0.473
     1     1    6.761
     1     2    3.568
     1     3    0.000
     2     0    0.557
     2     1    0.594
     2     2    9.097
     2     3    0.000
     3     0    1.210
     3     1    1.999
     3     2    0.972
     3     3    0.000
     4     0    1.888
     4     1    4.244
     4     2    0.067
     4     3    0.000
Charge transfer:  type  charge
       0   -0.753
       1   -0.197
       2   -0.751
       3   -0.819
       4    0.199
Convergence reached in   20 iterations.
Done with module: potentials.

Calculating screened core-hole potential ...
FMS for a cluster of    9 atoms around iph =   0
    0% of energy integration
   20%
   40%
   60%
   80%
  100%
Preparing response function.
Computing (1 - K Chi0)^-1 v_ch
Done with module: screened core-hole potential.

Calculating cross-section and phases ...
    absorption cross section
 x0,dx,rnrm,inrm,jnrm   8.80000000000000       5.000000000000000E-002
   2.34965311400011              194         195
    phase shifts for unique potential    0
    phase shifts for unique potential    1
    phase shifts for unique potential    2
    phase shifts for unique potential    3
    phase shifts for unique potential    4
Done with module: cross-section and phases (XSPH).

FMS calculation of full Green's function ...
FEFF-serial using 1 thread.
Using   194 energy points.
xprep done
FMS for a cluster of  214 atoms
Energy point    1/ 194
Energy point   10/ 194
Energy point   20/ 194
Energy point   30/ 194
Energy point   40/ 194
Energy point   50/ 194
Energy point   60/ 194
Energy point   70/ 194
Energy point   80/ 194
Energy point   90/ 194
Energy point  100/ 194
Energy point  110/ 194
Energy point  120/ 194
Energy point  130/ 194
Energy point  140/ 194
Energy point  150/ 194
Energy point  160/ 194
Energy point  170/ 194
Energy point  180/ 194
Energy point  190/ 194
Done with module: FMS.

MKGTR: Tracing over Green's function ...
Done with module: MKGTR.

Pathfinder: finding scattering paths...
Preparing plane wave scattering amplitudes
Searching for paths
Eliminating path degeneracies
0 paths retained.
Done with module: pathfinder.

Calculating EXAFS parameters ...
Done with module: EXAFS parameters (GENFMT).

Calculating XAS spectra ...
Done with module: XAS spectra (FF2X: DW + final sum over paths).

 
### feff ends at Sun Aug 13 22:00:34 EDT 2023
 
