### feff starts at Sun Aug 13 11:50:10 EDT 2023
### Serial version
### FeffPath is /sdcc/u/mcarbone/software/JFEFF/hsw/feff90/linux
 
Launching FEFF version FEFF 9.9.1
Core hole lifetime is   1.729 eV.
Your calculation:
 comment: None given
 Source:
 Structure Summary:  Li5 Cu3 O6
 Reduced formula:  Li5(CuO2)3
 space group: (P1), space number:  (1)
 abc:  4.779665   5.278230   6.595847
 angles: 67.805091  80.018089  83.170148
 sites: 14
Cu K edge XANES using RPA corehole.
Using:     * Self-Consistent Field potentials
Using cards:   ATOMS CONTROL EXCHANGE TITLE RPATH POTENTIALS XANES EDGE SCF FMS S02 COREHOLE EGRID

Calculating atomic potentials ...
    overlapped atomic potential and density for unique potential    0
    overlapped atomic potential and density for unique potential    1
    overlapped atomic potential and density for unique potential    2
    overlapped atomic potential and density for unique potential    3
Done with module: atomic potentials.

Calculating SCF potentials ...
FEFF-serial using 1 thread.
Muffin tin radii and interstitial parameters [bohr]:
type, norman radius, muffin tin, overlap factor
    0  1.29545E+00  1.19276E+00  1.15000E+00
    1  1.30467E+00  1.24126E+00  1.13532E+00
    2  1.27583E+00  1.16165E+00  1.15000E+00
    3  1.11915E+00  1.03872E+00  1.15000E+00
Core-valence separation energy:  ecv=   -40.000 eV
Initial Fermi level:              mu=    -0.844 eV
SCF ITERATION NUMBER  1
     point #   1  energy = -40.000
FMS for a cluster of  127 atoms around atom type   0
FMS for a cluster of  126 atoms around atom type   1
FMS for a cluster of  124 atoms around atom type   2
FMS for a cluster of  132 atoms around atom type   3
     point #  20  energy = -28.930
     point #  40  energy =  -8.680
     point #  60  energy =  -4.218
     point #  80  energy =  -3.793
New Fermi level:    mu=  -3.755 eV  Charge distance=  0.5575 (partial c.d.=  7.5541)
SCF ITERATION NUMBER  1
     point #   1  energy = -40.000
FMS for a cluster of  127 atoms around atom type   0
FMS for a cluster of  126 atoms around atom type   1
FMS for a cluster of  124 atoms around atom type   2
FMS for a cluster of  132 atoms around atom type   3
     point #  20  energy = -28.925
     point #  40  energy =  -8.789
     point #  60  energy =  -3.755
     point #  80  energy =  -5.333
     point # 100  energy =  -9.577
     point # 120  energy = -10.099
New Fermi level:    mu= -10.091 eV  Charge distance=  0.1269 (partial c.d.=  2.8168)
SCF ITERATION NUMBER  1
     point #   1  energy = -40.000
FMS for a cluster of  127 atoms around atom type   0
FMS for a cluster of  126 atoms around atom type   1
FMS for a cluster of  124 atoms around atom type   2
FMS for a cluster of  132 atoms around atom type   3
     point #  20  energy = -29.033
     point #  40  energy = -10.091
     point #  60  energy = -10.001
     point #  80  energy =  -8.316
New Fermi level:    mu=  -8.452 eV  Charge distance=  0.0535 (partial c.d.=  0.6490)
SCF ITERATION NUMBER  2
     point #   1  energy = -40.000
     point #  20  energy = -28.806
     point #  40  energy =  -8.452
New Fermi level:    mu=  -8.477 eV  Charge distance=  0.2043 (partial c.d.=  1.5911)
SCF ITERATION NUMBER  3
     point #   1  energy = -40.000
     point #  20  energy = -28.814
     point #  40  energy =  -8.477
     point #  60  energy =  -8.408
New Fermi level:    mu=  -8.271 eV  Charge distance=  0.0597 (partial c.d.=  1.8253)
SCF ITERATION NUMBER  4
     point #   1  energy = -40.000
     point #  20  energy = -28.741
     point #  40  energy =  -8.271
     point #  60  energy =  -8.221
New Fermi level:    mu=  -8.202 eV  Charge distance=  0.0707 (partial c.d.=  0.0282)
negative density   1  -57.995 - usually harmless precision error, but check DOS if it persists
SCF ITERATION NUMBER  5
     point #   1  energy = -40.000
     point #  20  energy = -28.717
     point #  40  energy =  -8.202
New Fermi level:    mu=  -8.234 eV  Charge distance=  0.0731 (partial c.d.=  0.0713)
negative density   1  -78.074 - usually harmless precision error, but check DOS if it persists
SCF ITERATION NUMBER  6
     point #   1  energy = -40.000
     point #  20  energy = -28.728
     point #  40  energy =  -8.234
     point #  60  energy =  -8.284
New Fermi level:    mu=  -8.315 eV  Charge distance=  0.1365 (partial c.d.=  0.1410)
negative density   1 -112.972 - usually harmless precision error, but check DOS if it persists
SCF ITERATION NUMBER  7
     point #   1  energy = -40.000
     point #  20  energy = -28.757
     point #  40  energy =  -8.315
     point #  60  energy =  -8.365
New Fermi level:    mu=  -8.379 eV  Charge distance=  0.0894 (partial c.d.=  1.4004)
negative density   1 -104.708 - usually harmless precision error, but check DOS if it persists
SCF ITERATION NUMBER  8
     point #   1  energy = -40.000
     point #  20  energy = -28.780
     point #  40  energy =  -8.379
New Fermi level:    mu=  -8.352 eV  Charge distance=  0.0236 (partial c.d.=  1.3145)
negative density   1 -112.434 - usually harmless precision error, but check DOS if it persists
SCF ITERATION NUMBER  9
     point #   1  energy = -40.000
     point #  20  energy = -28.770
     point #  40  energy =  -8.352
New Fermi level:    mu=  -8.367 eV  Charge distance=  0.1127 (partial c.d.=  0.0377)
negative density   1 -150.350 - usually harmless precision error, but check DOS if it persists
SCF ITERATION NUMBER 10
     point #   1  energy = -40.000
     point #  20  energy = -28.775
     point #  40  energy =  -8.367
New Fermi level:    mu=  -8.348 eV  Charge distance=  0.0709 (partial c.d.=  0.7795)
negative density   1 -129.505 - usually harmless precision error, but check DOS if it persists
SCF ITERATION NUMBER 11
     point #   1  energy = -40.000
     point #  20  energy = -28.768
     point #  40  energy =  -8.348
New Fermi level:    mu=  -8.360 eV  Charge distance=  0.0191 (partial c.d.=  0.7104)
negative density   1 -136.896 - usually harmless precision error, but check DOS if it persists
SCF ITERATION NUMBER 12
     point #   1  energy = -40.000
     point #  20  energy = -28.773
     point #  40  energy =  -8.360
New Fermi level:    mu=  -8.362 eV  Charge distance=  0.0319 (partial c.d.=  0.0530)
negative density   1 -148.785 - usually harmless precision error, but check DOS if it persists
SCF ITERATION NUMBER 13
     point #   1  energy = -40.000
     point #  20  energy = -28.774
     point #  40  energy =  -8.362
New Fermi level:    mu=  -8.345 eV  Charge distance=  0.0113 (partial c.d.=  0.1640)
negative density   1 -144.922 - usually harmless precision error, but check DOS if it persists
SCF ITERATION NUMBER 14
     point #   1  energy = -40.000
     point #  20  energy = -28.767
     point #  40  energy =  -8.345
New Fermi level:    mu=  -8.347 eV  Charge distance=  0.0026 (partial c.d.=  0.0791)
negative density   1 -146.108 - usually harmless precision error, but check DOS if it persists
SCF ITERATION NUMBER 15
     point #   1  energy = -40.000
     point #  20  energy = -28.768
     point #  40  energy =  -8.347
New Fermi level:    mu=  -8.348 eV  Charge distance=  0.0001 (partial c.d.=  0.0174)
negative density   1 -146.495 - usually harmless precision error, but check DOS if it persists
SCF ITERATION NUMBER 16
     point #   1  energy = -40.000
     point #  20  energy = -28.768
     point #  40  energy =  -8.348
New Fermi level:    mu=  -8.347 eV  Charge distance=  0.0001 (partial c.d.=  0.0014)
negative density   1 -147.414 - usually harmless precision error, but check DOS if it persists
SCF ITERATION NUMBER 17
     point #   1  energy = -40.000
     point #  20  energy = -28.768
     point #  40  energy =  -8.347
New Fermi level:    mu=  -8.348 eV  Charge distance=  0.0003 (partial c.d.=  0.0011)
negative density   1 -148.063 - usually harmless precision error, but check DOS if it persists
SCF ITERATION NUMBER 18
     point #   1  energy = -40.000
     point #  20  energy = -28.769
     point #  40  energy =  -8.348
New Fermi level:    mu=  -8.348 eV  Charge distance=  0.0002 (partial c.d.=  0.0009)
negative density   1 -148.194 - usually harmless precision error, but check DOS if it persists
SCF ITERATION NUMBER 19
     point #   1  energy = -40.000
     point #  20  energy = -28.769
     point #  40  energy =  -8.348
New Fermi level:    mu=  -8.348 eV  Charge distance=  0.0002 (partial c.d.=  0.0007)
negative density   1 -148.215 - usually harmless precision error, but check DOS if it persists
SCF ITERATION NUMBER 20
     point #   1  energy = -40.000
     point #  20  energy = -28.769
     point #  40  energy =  -8.348
New Fermi level:    mu=  -8.348 eV  Charge distance=  0.0002 (partial c.d.=  0.0002)
negative density   1 -148.341 - usually harmless precision error, but check DOS if it persists
SCF ITERATION NUMBER 21
     point #   1  energy = -40.000
     point #  20  energy = -28.769
     point #  40  energy =  -8.348
New Fermi level:    mu=  -8.348 eV  Charge distance=  0.0000 (partial c.d.=  0.0004)
negative density   1 -148.330 - usually harmless precision error, but check DOS if it persists
SCF ITERATION NUMBER 22
     point #   1  energy = -40.000
     point #  20  energy = -28.769
     point #  40  energy =  -8.348
New Fermi level:    mu=  -8.348 eV  Charge distance=  0.0000 (partial c.d.=  0.0000)
Electronic configuration
  type     l     N_el
     0     0    0.510
     0     1    0.602
     0     2    9.432
     0     3    0.000
     1     0    0.260
     1     1    0.543
     1     2    0.000
     1     3    0.000
     2     0    0.508
     2     1    0.621
     2     2    9.363
     2     3    0.000
     3     0    1.864
     3     1    4.488
     3     2    0.066
     3     3    0.000
Charge transfer:  type  charge
       0   -0.455
       1   -0.196
       2   -0.509
       3    0.419
Convergence reached in   22 iterations.
Done with module: potentials.

Calculating screened core-hole potential ...
FMS for a cluster of   25 atoms around iph =   0
    0% of energy integration
   20%
   40%
   60%
   80%
  100%
Preparing response function.
Computing (1 - K Chi0)^-1 v_ch
Done with module: screened core-hole potential.

Calculating cross-section and phases ...
    absorption cross section
 x0,dx,rnrm,inrm,jnrm   8.80000000000000       5.000000000000000E-002
   2.44803643999992              194         195
    phase shifts for unique potential    0
    phase shifts for unique potential    1
    phase shifts for unique potential    2
    phase shifts for unique potential    3
Done with module: cross-section and phases (XSPH).

FMS calculation of full Green's function ...
FEFF-serial using 1 thread.
Using   194 energy points.
xprep done
FMS for a cluster of  294 atoms
Energy point    1/ 194
Energy point   10/ 194
Energy point   20/ 194
Energy point   30/ 194
Energy point   40/ 194
Energy point   50/ 194
Energy point   60/ 194
Energy point   70/ 194
Energy point   80/ 194
Energy point   90/ 194
Energy point  100/ 194
Energy point  110/ 194
Energy point  120/ 194
Energy point  130/ 194
Energy point  140/ 194
Energy point  150/ 194
Energy point  160/ 194
Energy point  170/ 194
Energy point  180/ 194
Energy point  190/ 194
Done with module: FMS.

MKGTR: Tracing over Green's function ...
Done with module: MKGTR.

Pathfinder: finding scattering paths...
Preparing plane wave scattering amplitudes
Searching for paths
Eliminating path degeneracies
0 paths retained.
Done with module: pathfinder.

Calculating EXAFS parameters ...
Done with module: EXAFS parameters (GENFMT).

Calculating XAS spectra ...
Done with module: XAS spectra (FF2X: DW + final sum over paths).

 
### feff ends at Sun Aug 13 13:53:41 EDT 2023
 
