### feff starts at Sun Aug 13 22:26:23 EDT 2023
### Serial version
### FeffPath is /sdcc/u/mcarbone/software/JFEFF/hsw/feff90/linux
 
Launching FEFF version FEFF 9.9.1
Core hole lifetime is   1.729 eV.
Your calculation:
 comment: None given
 Source:
 Structure Summary:  Cu10 O14
 Reduced formula:  Cu5O7
 space group: (Cmcm), space number:  (63)
 abc:  5.126679   5.126679  17.879397
 angles: 90.000000  90.000000 146.944267
 sites: 24
Cu K edge XANES using RPA corehole.
Using:     * Self-Consistent Field potentials
Using cards:   ATOMS CONTROL EXCHANGE TITLE RPATH POTENTIALS XANES EDGE SCF FMS S02 COREHOLE EGRID

Calculating atomic potentials ...
    overlapped atomic potential and density for unique potential    0
    overlapped atomic potential and density for unique potential    1
    overlapped atomic potential and density for unique potential    2
Done with module: atomic potentials.

Calculating SCF potentials ...
FEFF-serial using 1 thread.
Muffin tin radii and interstitial parameters [bohr]:
type, norman radius, muffin tin, overlap factor
    0  1.29804E+00  1.18128E+00  1.15000E+00
    1  1.29804E+00  1.18128E+00  1.15000E+00
    2  1.15276E+00  1.00753E+00  1.15000E+00
Core-valence separation energy:  ecv=   -40.000 eV
Initial Fermi level:              mu=     2.416 eV
SCF ITERATION NUMBER  1
     point #   1  energy = -40.000
FMS for a cluster of  142 atoms around atom type   0
FMS for a cluster of  136 atoms around atom type   1
FMS for a cluster of  141 atoms around atom type   2
     point #  20  energy = -28.883
     point #  40  energy =  -8.633
     point #  60  energy =  -1.818
     point #  80  energy =  -2.902
New Fermi level:    mu=  -2.941 eV  Charge distance=  0.3617 (partial c.d.=  8.1102)
SCF ITERATION NUMBER  1
     point #   1  energy = -40.000
FMS for a cluster of  142 atoms around atom type   0
FMS for a cluster of  136 atoms around atom type   1
FMS for a cluster of  141 atoms around atom type   2
     point #  20  energy = -28.983
     point #  40  energy =  -8.951
     point #  60  energy =  -2.941
     point #  80  energy =  -4.454
     point # 100  energy =  -7.288
New Fermi level:    mu=  -7.477 eV  Charge distance=  0.0153 (partial c.d.=  1.3706)
SCF ITERATION NUMBER  1
     point #   1  energy = -40.000
FMS for a cluster of  142 atoms around atom type   0
FMS for a cluster of  136 atoms around atom type   1
FMS for a cluster of  141 atoms around atom type   2
     point #  20  energy = -28.820
     point #  40  energy =  -8.493
     point #  60  energy =  -7.436
     point #  80  energy =  -7.149
New Fermi level:    mu=  -7.210 eV  Charge distance=  0.0568 (partial c.d.=  0.2999)
SCF ITERATION NUMBER  2
     point #   1  energy = -40.000
     point #  20  energy = -28.729
     point #  40  energy =  -8.235
     point #  60  energy =  -7.251
New Fermi level:    mu=  -7.515 eV  Charge distance=  0.0755 (partial c.d.=  0.1177)
SCF ITERATION NUMBER  3
     point #   1  energy = -40.000
     point #  20  energy = -28.833
     point #  40  energy =  -8.530
     point #  60  energy =  -7.553
New Fermi level:    mu=  -7.625 eV  Charge distance=  0.0653 (partial c.d.=  0.1373)
SCF ITERATION NUMBER  4
     point #   1  energy = -40.000
     point #  20  energy = -28.871
     point #  40  energy =  -8.637
     point #  60  energy =  -7.666
New Fermi level:    mu=  -7.960 eV  Charge distance=  0.0204 (partial c.d.=  0.1952)
SCF ITERATION NUMBER  5
     point #   1  energy = -40.000
     point #  20  energy = -28.986
     point #  40  energy =  -8.961
     point #  60  energy =  -7.922
New Fermi level:    mu=  -7.875 eV  Charge distance=  0.0054 (partial c.d.=  0.0667)
SCF ITERATION NUMBER  6
     point #   1  energy = -40.000
     point #  20  energy = -28.957
     point #  40  energy =  -8.879
New Fermi level:    mu=  -7.855 eV  Charge distance=  0.0095 (partial c.d.=  0.0355)
SCF ITERATION NUMBER  7
     point #   1  energy = -40.000
     point #  20  energy = -28.950
     point #  40  energy =  -8.860
New Fermi level:    mu=  -7.834 eV  Charge distance=  0.0042 (partial c.d.=  0.0626)
SCF ITERATION NUMBER  8
     point #   1  energy = -40.000
     point #  20  energy = -28.943
     point #  40  energy =  -8.840
New Fermi level:    mu=  -7.818 eV  Charge distance=  0.0025 (partial c.d.=  0.0213)
SCF ITERATION NUMBER  9
     point #   1  energy = -40.000
     point #  20  energy = -28.938
     point #  40  energy =  -8.824
New Fermi level:    mu=  -7.808 eV  Charge distance=  0.0001 (partial c.d.=  0.0095)
SCF ITERATION NUMBER 10
     point #   1  energy = -40.000
     point #  20  energy = -28.934
     point #  40  energy =  -8.814
New Fermi level:    mu=  -7.808 eV  Charge distance=  0.0000 (partial c.d.=  0.0004)
SCF ITERATION NUMBER 11
     point #   1  energy = -40.000
     point #  20  energy = -28.934
     point #  40  energy =  -8.814
New Fermi level:    mu=  -7.809 eV  Charge distance=  0.0000 (partial c.d.=  0.0002)
SCF ITERATION NUMBER 12
     point #   1  energy = -40.000
     point #  20  energy = -28.934
     point #  40  energy =  -8.815
New Fermi level:    mu=  -7.809 eV  Charge distance=  0.0000 (partial c.d.=  0.0001)
Electronic configuration
  type     l     N_el
     0     0    0.524
     0     1    0.675
     0     2    9.291
     0     3    0.000
     1     0    0.524
     1     1    0.676
     1     2    9.290
     1     3    0.000
     2     0    1.887
     2     1    4.387
     2     2    0.091
     2     3    0.000
Charge transfer:  type  charge
       0   -0.510
       1   -0.510
       2    0.365
Convergence reached in   12 iterations.
Done with module: potentials.

Calculating screened core-hole potential ...
FMS for a cluster of   24 atoms around iph =   0
    0% of energy integration
   20%
   40%
   60%
   80%
  100%
Preparing response function.
Computing (1 - K Chi0)^-1 v_ch
Done with module: screened core-hole potential.

Calculating cross-section and phases ...
    absorption cross section
 x0,dx,rnrm,inrm,jnrm   8.80000000000000       5.000000000000000E-002
   2.45294770800020              194         195
    phase shifts for unique potential    0
    phase shifts for unique potential    1
    phase shifts for unique potential    2
Done with module: cross-section and phases (XSPH).

FMS calculation of full Green's function ...
FEFF-serial using 1 thread.
Using   194 energy points.
xprep done
FMS for a cluster of  285 atoms
Energy point    1/ 194
Energy point   10/ 194
Energy point   20/ 194
Energy point   30/ 194
Energy point   40/ 194
Energy point   50/ 194
Energy point   60/ 194
Energy point   70/ 194
Energy point   80/ 194
Energy point   90/ 194
Energy point  100/ 194
Energy point  110/ 194
Energy point  120/ 194
Energy point  130/ 194
Energy point  140/ 194
Energy point  150/ 194
Energy point  160/ 194
Energy point  170/ 194
Energy point  180/ 194
Energy point  190/ 194
Done with module: FMS.

MKGTR: Tracing over Green's function ...
Done with module: MKGTR.

Pathfinder: finding scattering paths...
Preparing plane wave scattering amplitudes
Searching for paths
Eliminating path degeneracies
0 paths retained.
Done with module: pathfinder.

Calculating EXAFS parameters ...
Done with module: EXAFS parameters (GENFMT).

Calculating XAS spectra ...
Done with module: XAS spectra (FF2X: DW + final sum over paths).

 
### feff ends at Mon Aug 14 00:37:50 EDT 2023
 
