### feff starts at Sun Aug 13 20:32:59 EDT 2023
### Serial version
### FeffPath is /sdcc/u/mcarbone/software/JFEFF/hsw/feff90/linux
 
Launching FEFF version FEFF 9.9.1
Resetting lmaxsc to 2 for iph =    3.  Use  UNFREEZE to prevent this.
Core hole lifetime is   1.729 eV.
Your calculation:
 comment: None given
 Source:
 Structure Summary:  Sr20 Cu10 Bi20 O58
 Reduced formula:  Sr10Cu5Bi10O29
 space group: (P1), space number:  (1)
 abc:  5.423797  13.979132  25.231336
 angles: 81.841181  83.922553  79.066945
 sites: 108
Cu K edge XANES using RPA corehole.
Using:     * Self-Consistent Field potentials
Using cards:   ATOMS CONTROL EXCHANGE TITLE RPATH POTENTIALS XANES EDGE SCF FMS S02 COREHOLE EGRID

Calculating atomic potentials ...
    overlapped atomic potential and density for unique potential    0
    overlapped atomic potential and density for unique potential    1
    overlapped atomic potential and density for unique potential    2
    overlapped atomic potential and density for unique potential    3
    overlapped atomic potential and density for unique potential    4
Done with module: atomic potentials.

Calculating SCF potentials ...
FEFF-serial using 1 thread.
Muffin tin radii and interstitial parameters [bohr]:
type, norman radius, muffin tin, overlap factor
    0  1.27304E+00  1.18247E+00  1.15000E+00
    1  1.84608E+00  1.77305E+00  1.10632E+00
    2  1.27473E+00  1.18510E+00  1.15000E+00
    3  1.65721E+00  1.48793E+00  1.15000E+00
    4  1.10567E+00  1.05565E+00  1.12432E+00
Core-valence separation energy:  ecv=   -34.500 eV
Initial Fermi level:              mu=    -1.872 eV
SCF ITERATION NUMBER  1
     point #   1  energy = -34.500
FMS for a cluster of   95 atoms around atom type   0
FMS for a cluster of   82 atoms around atom type   1
FMS for a cluster of   81 atoms around atom type   2
FMS for a cluster of   67 atoms around atom type   3
FMS for a cluster of   88 atoms around atom type   4
     point #  20  energy = -23.305
     point #  40  energy =  -8.324
     point #  60  energy =  -6.152
New Fermi level:    mu=  -6.040 eV  Charge distance=  0.9034 (partial c.d.= 10.5313)
SCF ITERATION NUMBER  1
     point #   1  energy = -34.500
FMS for a cluster of   95 atoms around atom type   0
FMS for a cluster of   82 atoms around atom type   1
FMS for a cluster of   81 atoms around atom type   2
FMS for a cluster of   67 atoms around atom type   3
FMS for a cluster of   88 atoms around atom type   4
     point #  20  energy = -23.319
     point #  40  energy =  -6.040
     point #  60  energy =  -6.208
     point #  80  energy =  -9.712
     point # 100  energy =  -8.715
     point # 120  energy =  -8.415
New Fermi level:    mu=  -8.284 eV  Charge distance=  0.2620 (partial c.d.=  4.6922)
SCF ITERATION NUMBER  1
     point #   1  energy = -34.500
FMS for a cluster of   95 atoms around atom type   0
FMS for a cluster of   82 atoms around atom type   1
FMS for a cluster of   81 atoms around atom type   2
FMS for a cluster of   67 atoms around atom type   3
FMS for a cluster of   88 atoms around atom type   4
     point #  20  energy = -23.409
     point #  40  energy =  -8.284
     point #  60  energy =  -8.574
New Fermi level:    mu=  -8.577 eV  Charge distance=  0.1829 (partial c.d.=  0.2116)
SCF ITERATION NUMBER  2
     point #   1  energy = -34.500
     point #  20  energy = -23.533
     point #  40  energy =  -8.577
     point #  60  energy =  -8.252
New Fermi level:    mu=  -7.678 eV  Charge distance=  0.1888 (partial c.d.=  0.4902)
SCF ITERATION NUMBER  3
     point #   1  energy = -34.500
     point #  20  energy = -23.152
     point #  40  energy =  -7.678
     point #  60  energy =  -7.888
New Fermi level:    mu=  -7.858 eV  Charge distance=  0.1920 (partial c.d.=  0.0483)
SCF ITERATION NUMBER  4
     point #   1  energy = -34.500
     point #  20  energy = -23.228
     point #  40  energy =  -7.858
     point #  60  energy =  -7.970
New Fermi level:    mu=  -7.976 eV  Charge distance=  0.0262 (partial c.d.=  0.0801)
SCF ITERATION NUMBER  5
     point #   1  energy = -34.500
     point #  20  energy = -23.278
     point #  40  energy =  -7.976
New Fermi level:    mu=  -7.974 eV  Charge distance=  0.0098 (partial c.d.=  0.0401)
SCF ITERATION NUMBER  6
     point #   1  energy = -34.500
     point #  20  energy = -23.277
     point #  40  energy =  -7.974
New Fermi level:    mu=  -7.954 eV  Charge distance=  0.0123 (partial c.d.=  0.0287)
SCF ITERATION NUMBER  7
     point #   1  energy = -34.500
     point #  20  energy = -23.269
     point #  40  energy =  -7.954
New Fermi level:    mu=  -7.941 eV  Charge distance=  0.0107 (partial c.d.=  0.0269)
SCF ITERATION NUMBER  8
     point #   1  energy = -34.500
     point #  20  energy = -23.263
     point #  40  energy =  -7.941
New Fermi level:    mu=  -7.925 eV  Charge distance=  0.0013 (partial c.d.=  0.0222)
SCF ITERATION NUMBER  9
     point #   1  energy = -34.500
     point #  20  energy = -23.257
     point #  40  energy =  -7.925
New Fermi level:    mu=  -7.924 eV  Charge distance=  0.0002 (partial c.d.=  0.0059)
SCF ITERATION NUMBER 10
     point #   1  energy = -34.500
     point #  20  energy = -23.256
     point #  40  energy =  -7.924
New Fermi level:    mu=  -7.924 eV  Charge distance=  0.0001 (partial c.d.=  0.0018)
SCF ITERATION NUMBER 11
     point #   1  energy = -34.500
     point #  20  energy = -23.256
     point #  40  energy =  -7.924
New Fermi level:    mu=  -7.925 eV  Charge distance=  0.0001 (partial c.d.=  0.0003)
SCF ITERATION NUMBER 12
     point #   1  energy = -34.500
     point #  20  energy = -23.257
     point #  40  energy =  -7.925
New Fermi level:    mu=  -7.925 eV  Charge distance=  0.0000 (partial c.d.=  0.0002)
Electronic configuration
  type     l     N_el
     0     0    0.520
     0     1    0.609
     0     2    9.492
     0     3    0.000
     1     0    0.316
     1     1    6.419
     1     2    0.920
     1     3    0.000
     2     0    0.520
     2     1    0.612
     2     2    9.493
     2     3    0.000
     3     0    1.800
     3     1    1.781
     3     2   10.487
     3     3    0.000
     4     0    1.857
     4     1    4.575
     4     2    0.073
     4     3    0.000
Charge transfer:  type  charge
       0   -0.379
       1   -0.345
       2   -0.376
       3   -0.932
       4    0.505
Convergence reached in   12 iterations.
Done with module: potentials.

Calculating screened core-hole potential ...
FMS for a cluster of   19 atoms around iph =   0
    0% of energy integration
   20%
   40%
   60%
   80%
  100%
Preparing response function.
Computing (1 - K Chi0)^-1 v_ch
Done with module: screened core-hole potential.

Calculating cross-section and phases ...
    absorption cross section
 x0,dx,rnrm,inrm,jnrm   8.80000000000000       5.000000000000000E-002
   2.40569881799987              194         195
    phase shifts for unique potential    0
    phase shifts for unique potential    1
    phase shifts for unique potential    2
    phase shifts for unique potential    3
    phase shifts for unique potential    4
Done with module: cross-section and phases (XSPH).

FMS calculation of full Green's function ...
FEFF-serial using 1 thread.
Using   194 energy points.
xprep done
FMS for a cluster of  176 atoms
Energy point    1/ 194
Energy point   10/ 194
Energy point   20/ 194
Energy point   30/ 194
Energy point   40/ 194
Energy point   50/ 194
Energy point   60/ 194
Energy point   70/ 194
Energy point   80/ 194
Energy point   90/ 194
Energy point  100/ 194
Energy point  110/ 194
Energy point  120/ 194
Energy point  130/ 194
Energy point  140/ 194
Energy point  150/ 194
Energy point  160/ 194
Energy point  170/ 194
Energy point  180/ 194
Energy point  190/ 194
Done with module: FMS.

MKGTR: Tracing over Green's function ...
Done with module: MKGTR.

Pathfinder: finding scattering paths...
Preparing plane wave scattering amplitudes
Searching for paths
Eliminating path degeneracies
0 paths retained.
Done with module: pathfinder.

Calculating EXAFS parameters ...
Done with module: EXAFS parameters (GENFMT).

Calculating XAS spectra ...
Done with module: XAS spectra (FF2X: DW + final sum over paths).

 
### feff ends at Sun Aug 13 21:20:26 EDT 2023
 
