### feff starts at Mon Aug 14 06:30:33 EDT 2023
### Serial version
### FeffPath is /sdcc/u/mcarbone/software/JFEFF/hsw/feff90/linux
 
Launching FEFF version FEFF 9.9.1
Resetting lmaxsc to 2 for iph =    2.  Use  UNFREEZE to prevent this.
Core hole lifetime is   1.729 eV.
Your calculation:
 comment: None given
 Source:
 Structure Summary:  Sr4 Ho8 Cu4 O20
 Reduced formula:  SrHo2CuO5
 space group: (Pnma), space number:  (62)
 abc:  5.620607   7.149075  12.044686
 angles: 90.000000  90.000000  90.000000
 sites: 36
Cu K edge XANES using RPA corehole.
Using:     * Self-Consistent Field potentials
Using cards:   ATOMS CONTROL EXCHANGE TITLE RPATH POTENTIALS XANES EDGE SCF FMS S02 COREHOLE EGRID

Calculating atomic potentials ...
    overlapped atomic potential and density for unique potential    0
    overlapped atomic potential and density for unique potential    1
    overlapped atomic potential and density for unique potential    2
    overlapped atomic potential and density for unique potential    3
    overlapped atomic potential and density for unique potential    4
Done with module: atomic potentials.

Calculating SCF potentials ...
FEFF-serial using 1 thread.
Muffin tin radii and interstitial parameters [bohr]:
type, norman radius, muffin tin, overlap factor
    0  1.29517E+00  1.23086E+00  1.13883E+00
    1  1.88805E+00  1.80851E+00  1.11435E+00
    2  1.64888E+00  1.57330E+00  1.12623E+00
    3  1.29545E+00  1.23110E+00  1.13891E+00
    4  1.10407E+00  1.04886E+00  1.14003E+00
Core-valence separation energy:  ecv=   -36.500 eV
Initial Fermi level:              mu=    -1.997 eV
SCF ITERATION NUMBER  1
     point #   1  energy = -36.500
FMS for a cluster of  107 atoms around atom type   0
FMS for a cluster of  103 atoms around atom type   1
FMS for a cluster of  103 atoms around atom type   2
FMS for a cluster of   82 atoms around atom type   3
FMS for a cluster of  107 atoms around atom type   4
     point #  20  energy = -25.344
     point #  40  energy =  -9.247
     point #  60  energy =  -6.410
New Fermi level:    mu=  -5.924 eV  Charge distance=  1.0920 (partial c.d.=  6.4847)
SCF ITERATION NUMBER  1
     point #   1  energy = -36.500
FMS for a cluster of  107 atoms around atom type   0
FMS for a cluster of  103 atoms around atom type   1
FMS for a cluster of  103 atoms around atom type   2
FMS for a cluster of   82 atoms around atom type   3
FMS for a cluster of  107 atoms around atom type   4
     point #  20  energy = -25.289
     point #  40  energy =  -5.924
     point #  60  energy =  -6.014
     point #  80  energy =  -9.342
     point # 100  energy =  -9.439
     point # 120  energy =  -8.686
     point # 140  energy =  -8.324
     point # 160  energy =  -8.074
New Fermi level:    mu=  -8.064 eV  Charge distance=  0.3293 (partial c.d.=  5.6552)
SCF ITERATION NUMBER  1
     point #   1  energy = -36.500
FMS for a cluster of  107 atoms around atom type   0
FMS for a cluster of  103 atoms around atom type   1
FMS for a cluster of  103 atoms around atom type   2
FMS for a cluster of   82 atoms around atom type   3
FMS for a cluster of  107 atoms around atom type   4
     point #  20  energy = -25.329
     point #  40  energy =  -8.064
     point #  60  energy =  -8.083
     point #  80  energy =  -7.833
New Fermi level:    mu=  -7.794 eV  Charge distance=  0.1838 (partial c.d.=  0.1986)
SCF ITERATION NUMBER  2
     point #   1  energy = -36.500
     point #  20  energy = -25.223
     point #  40  energy =  -7.794
     point #  60  energy =  -7.716
New Fermi level:    mu=  -7.569 eV  Charge distance=  0.3188 (partial c.d.=  0.3168)
SCF ITERATION NUMBER  3
     point #   1  energy = -36.500
     point #  20  energy = -25.526
     point #  40  energy =  -7.569
     point #  60  energy =  -7.428
New Fermi level:    mu=  -7.048 eV  Charge distance=  0.2098 (partial c.d.=  1.0757)
SCF ITERATION NUMBER  4
     point #   1  energy = -36.500
     point #  20  energy = -25.328
     point #  40  energy =  -7.048
     point #  60  energy =  -7.138
     point #  80  energy =  -8.748
     point # 100  energy =  -7.960
     point # 120  energy =  -7.723
New Fermi level:    mu=  -7.719 eV  Charge distance=  0.0684 (partial c.d.=  1.2663)
SCF ITERATION NUMBER  5
     point #   1  energy = -36.500
     point #  20  energy = -25.193
     point #  40  energy =  -7.719
New Fermi level:    mu=  -7.667 eV  Charge distance=  0.0816 (partial c.d.=  0.1140)
SCF ITERATION NUMBER  6
     point #   1  energy = -36.500
     point #  20  energy = -25.173
     point #  40  energy =  -7.667
     point #  60  energy =  -7.579
New Fermi level:    mu=  -7.543 eV  Charge distance=  0.0022 (partial c.d.=  0.2432)
SCF ITERATION NUMBER  7
     point #   1  energy = -36.500
     point #  20  energy = -25.516
     point #  40  energy =  -7.543
New Fermi level:    mu=  -7.554 eV  Charge distance=  0.0037 (partial c.d.=  0.0163)
SCF ITERATION NUMBER  8
     point #   1  energy = -36.500
     point #  20  energy = -25.520
     point #  40  energy =  -7.554
New Fermi level:    mu=  -7.552 eV  Charge distance=  0.0055 (partial c.d.=  0.0041)
SCF ITERATION NUMBER  9
     point #   1  energy = -36.500
     point #  20  energy = -25.520
     point #  40  energy =  -7.552
New Fermi level:    mu=  -7.551 eV  Charge distance=  0.0026 (partial c.d.=  0.0022)
SCF ITERATION NUMBER 10
     point #   1  energy = -36.500
     point #  20  energy = -25.519
     point #  40  energy =  -7.551
New Fermi level:    mu=  -7.548 eV  Charge distance=  0.0005 (partial c.d.=  0.0021)
SCF ITERATION NUMBER 11
     point #   1  energy = -36.500
     point #  20  energy = -25.518
     point #  40  energy =  -7.548
New Fermi level:    mu=  -7.547 eV  Charge distance=  0.0004 (partial c.d.=  0.0013)
SCF ITERATION NUMBER 12
     point #   1  energy = -36.500
     point #  20  energy = -25.518
     point #  40  energy =  -7.547
New Fermi level:    mu=  -7.547 eV  Charge distance=  0.0002 (partial c.d.=  0.0004)
SCF ITERATION NUMBER 13
     point #   1  energy = -36.500
     point #  20  energy = -25.518
     point #  40  energy =  -7.547
New Fermi level:    mu=  -7.547 eV  Charge distance=  0.0002 (partial c.d.=  0.0001)
Electronic configuration
  type     l     N_el
     0     0    0.467
     0     1    0.584
     0     2    9.555
     0     3    0.000
     1     0    0.280
     1     1    6.340
     1     2    0.796
     1     3    0.000
     2     0    0.384
     2     1    6.503
     2     2    1.567
     2     3    0.000
     3     0    0.466
     3     1    0.582
     3     2    9.559
     3     3    0.000
     4     0    1.848
     4     1    4.503
     4     2    0.062
     4     3    0.000
Charge transfer:  type  charge
       0   -0.394
       1   -0.584
       2   -0.545
       3   -0.392
       4    0.413
Convergence reached in   13 iterations.
Done with module: potentials.

Calculating screened core-hole potential ...
FMS for a cluster of   16 atoms around iph =   0
    0% of energy integration
   20%
   40%
   60%
   80%
  100%
Preparing response function.
Computing (1 - K Chi0)^-1 v_ch
Done with module: screened core-hole potential.

Calculating cross-section and phases ...
    absorption cross section
 x0,dx,rnrm,inrm,jnrm   8.80000000000000       5.000000000000000E-002
   2.44751273499995              194         195
    phase shifts for unique potential    0
    phase shifts for unique potential    1
    phase shifts for unique potential    2
    phase shifts for unique potential    3
    phase shifts for unique potential    4
Done with module: cross-section and phases (XSPH).

FMS calculation of full Green's function ...
FEFF-serial using 1 thread.
Using   194 energy points.
xprep done
FMS for a cluster of  222 atoms
Energy point    1/ 194
Energy point   10/ 194
Energy point   20/ 194
Energy point   30/ 194
Energy point   40/ 194
Energy point   50/ 194
Energy point   60/ 194
Energy point   70/ 194
Energy point   80/ 194
Energy point   90/ 194
Energy point  100/ 194
Energy point  110/ 194
Energy point  120/ 194
Energy point  130/ 194
Energy point  140/ 194
Energy point  150/ 194
Energy point  160/ 194
Energy point  170/ 194
Energy point  180/ 194
Energy point  190/ 194
Done with module: FMS.

MKGTR: Tracing over Green's function ...
Done with module: MKGTR.

Pathfinder: finding scattering paths...
Preparing plane wave scattering amplitudes
Searching for paths
Eliminating path degeneracies
0 paths retained.
Done with module: pathfinder.

Calculating EXAFS parameters ...
Done with module: EXAFS parameters (GENFMT).

Calculating XAS spectra ...
Done with module: XAS spectra (FF2X: DW + final sum over paths).

 
### feff ends at Mon Aug 14 07:56:20 EDT 2023
 
