### feff starts at Sun Aug 13 21:28:24 EDT 2023
### Serial version
### FeffPath is /sdcc/u/mcarbone/software/JFEFF/hsw/feff90/linux
 
Launching FEFF version FEFF 9.9.1
Core hole lifetime is   1.729 eV.
Your calculation:
 comment: None given
 Source:
 Structure Summary:  Li2 Cu4 P2 O8
 Reduced formula:  LiCu2PO4
 space group: (P1), space number:  (1)
 abc:  5.167903   5.536060   6.209001
 angles: 89.383291  89.972722  89.670551
 sites: 16
Cu K edge XANES using RPA corehole.
Using:     * Self-Consistent Field potentials
Using cards:   ATOMS CONTROL EXCHANGE TITLE RPATH POTENTIALS XANES EDGE SCF FMS S02 COREHOLE EGRID

Calculating atomic potentials ...
    overlapped atomic potential and density for unique potential    0
    overlapped atomic potential and density for unique potential    1
    overlapped atomic potential and density for unique potential    2
    overlapped atomic potential and density for unique potential    3
    overlapped atomic potential and density for unique potential    4
Done with module: atomic potentials.

Calculating SCF potentials ...
FEFF-serial using 1 thread.
Muffin tin radii and interstitial parameters [bohr]:
type, norman radius, muffin tin, overlap factor
    0  1.41043E+00  1.34800E+00  1.12115E+00
    1  1.34229E+00  1.28165E+00  1.12410E+00
    2  1.41179E+00  1.35141E+00  1.11639E+00
    3  1.15681E+00  9.46155E-01  1.15000E+00
    4  1.03954E+00  9.39509E-01  1.15000E+00
Core-valence separation energy:  ecv=   -40.000 eV
Initial Fermi level:              mu=     4.606 eV
SCF ITERATION NUMBER  1
     point #   1  energy = -40.000
FMS for a cluster of  133 atoms around atom type   0
FMS for a cluster of  120 atoms around atom type   1
FMS for a cluster of  127 atoms around atom type   2
FMS for a cluster of  121 atoms around atom type   3
FMS for a cluster of  133 atoms around atom type   4
     point #  20  energy = -28.852
     point #  40  energy =  -8.602
     point #  60  energy =  -2.718
     point #  80  energy =  -3.040
New Fermi level:    mu=  -3.079 eV  Charge distance=  0.3081 (partial c.d.=  8.1796)
negative density   1 -199.359 - usually harmless precision error, but check DOS if it persists
SCF ITERATION NUMBER  1
     point #   1  energy = -40.000
FMS for a cluster of  133 atoms around atom type   0
FMS for a cluster of  120 atoms around atom type   1
FMS for a cluster of  127 atoms around atom type   2
FMS for a cluster of  121 atoms around atom type   3
FMS for a cluster of  133 atoms around atom type   4
     point #  20  energy = -28.719
     point #  40  energy =  -8.207
     point #  60  energy =  -3.079
     point #  80  energy =  -4.904
     point # 100  energy =  -7.113
New Fermi level:    mu=  -7.041 eV  Charge distance=  0.1417 (partial c.d.=  1.9034)
negative density   1 -354.574 - usually harmless precision error, but check DOS if it persists
SCF ITERATION NUMBER  1
     point #   1  energy = -40.000
FMS for a cluster of  133 atoms around atom type   0
FMS for a cluster of  120 atoms around atom type   1
FMS for a cluster of  127 atoms around atom type   2
FMS for a cluster of  121 atoms around atom type   3
FMS for a cluster of  133 atoms around atom type   4
     point #  20  energy = -29.014
     point #  40  energy =  -9.038
     point #  60  energy =  -7.028
     point #  80  energy =  -6.294
New Fermi level:    mu=  -6.319 eV  Charge distance=  0.0957 (partial c.d.=  0.2907)
negative density   1 -507.394 - usually harmless precision error, but check DOS if it persists
negative density   1  -33.046 - usually harmless precision error, but check DOS if it persists
SCF ITERATION NUMBER  2
     point #   1  energy = -40.000
     point #  20  energy = -28.773
     point #  40  energy =  -8.360
     point #  60  energy =  -6.294
New Fermi level:    mu=  -6.217 eV  Charge distance=  0.3044 (partial c.d.=  0.0274)
negative density   1-1097.104 - usually harmless precision error, but check DOS if it persists
negative density   1 -215.920 - usually harmless precision error, but check DOS if it persists
SCF ITERATION NUMBER  3
     point #   1  energy = -40.000
     point #  20  energy = -28.739
     point #  40  energy =  -8.264
New Fermi level:    mu=  -6.214 eV  Charge distance=  0.0101 (partial c.d.=  0.0664)
negative density   1-1163.669 - usually harmless precision error, but check DOS if it persists
negative density   1 -236.720 - usually harmless precision error, but check DOS if it persists
SCF ITERATION NUMBER  4
     point #   1  energy = -40.000
     point #  20  energy = -28.738
     point #  40  energy =  -8.261
     point #  60  energy =  -6.239
New Fermi level:    mu=  -6.251 eV  Charge distance=  0.0132 (partial c.d.=  0.0256)
negative density   1-1194.577 - usually harmless precision error, but check DOS if it persists
negative density   1 -246.574 - usually harmless precision error, but check DOS if it persists
negative density   1   -3.944 - usually harmless precision error, but check DOS if it persists
SCF ITERATION NUMBER  5
     point #   1  energy = -40.000
     point #  20  energy = -28.750
     point #  40  energy =  -8.296
     point #  60  energy =  -6.276
New Fermi level:    mu=  -6.298 eV  Charge distance=  0.0068 (partial c.d.=  0.0176)
negative density   1-1211.243 - usually harmless precision error, but check DOS if it persists
negative density   1 -252.034 - usually harmless precision error, but check DOS if it persists
negative density   1   -6.321 - usually harmless precision error, but check DOS if it persists
SCF ITERATION NUMBER  6
     point #   1  energy = -40.000
     point #  20  energy = -28.766
     point #  40  energy =  -8.341
New Fermi level:    mu=  -6.301 eV  Charge distance=  0.0025 (partial c.d.=  0.0128)
negative density   1-1213.894 - usually harmless precision error, but check DOS if it persists
negative density   1 -253.004 - usually harmless precision error, but check DOS if it persists
negative density   1   -6.764 - usually harmless precision error, but check DOS if it persists
SCF ITERATION NUMBER  7
     point #   1  energy = -40.000
     point #  20  energy = -28.767
     point #  40  energy =  -8.343
New Fermi level:    mu=  -6.295 eV  Charge distance=  0.0061 (partial c.d.=  0.0062)
negative density   1-1223.437 - usually harmless precision error, but check DOS if it persists
negative density   1 -256.288 - usually harmless precision error, but check DOS if it persists
negative density   1   -8.228 - usually harmless precision error, but check DOS if it persists
SCF ITERATION NUMBER  8
     point #   1  energy = -40.000
     point #  20  energy = -28.765
     point #  40  energy =  -8.338
New Fermi level:    mu=  -6.286 eV  Charge distance=  0.0027 (partial c.d.=  0.0016)
negative density   1-1230.838 - usually harmless precision error, but check DOS if it persists
negative density   1 -258.748 - usually harmless precision error, but check DOS if it persists
negative density   1   -9.306 - usually harmless precision error, but check DOS if it persists
SCF ITERATION NUMBER  9
     point #   1  energy = -40.000
     point #  20  energy = -28.762
     point #  40  energy =  -8.329
New Fermi level:    mu=  -6.283 eV  Charge distance=  0.0004 (partial c.d.=  0.0013)
negative density   1-1231.754 - usually harmless precision error, but check DOS if it persists
negative density   1 -259.024 - usually harmless precision error, but check DOS if it persists
negative density   1   -9.422 - usually harmless precision error, but check DOS if it persists
SCF ITERATION NUMBER 10
     point #   1  energy = -40.000
     point #  20  energy = -28.761
     point #  40  energy =  -8.327
New Fermi level:    mu=  -6.284 eV  Charge distance=  0.0001 (partial c.d.=  0.0004)
negative density   1-1233.737 - usually harmless precision error, but check DOS if it persists
negative density   1 -259.655 - usually harmless precision error, but check DOS if it persists
negative density   1   -9.693 - usually harmless precision error, but check DOS if it persists
SCF ITERATION NUMBER 11
     point #   1  energy = -40.000
     point #  20  energy = -28.761
     point #  40  energy =  -8.327
New Fermi level:    mu=  -6.284 eV  Charge distance=  0.0001 (partial c.d.=  0.0001)
Electronic configuration
  type     l     N_el
     0     0    0.520
     0     1    0.636
     0     2    9.627
     0     3    0.000
     1     0    0.283
     1     1    0.593
     1     2    0.000
     1     3    0.000
     2     0    0.534
     2     1    0.627
     2     2    9.624
     2     3    0.000
     3     0    1.207
     3     1    2.067
     3     2    1.040
     3     3    0.000
     4     0    1.842
     4     1    4.392
     4     2    0.076
     4     3    0.000
Charge transfer:  type  charge
       0   -0.217
       1   -0.124
       2   -0.215
       3   -0.686
       4    0.310
Convergence reached in   11 iterations.
Done with module: potentials.

Calculating screened core-hole potential ...
FMS for a cluster of   26 atoms around iph =   0
    0% of energy integration
   20%
   40%
   60%
   80%
  100%
Preparing response function.
Computing (1 - K Chi0)^-1 v_ch
Done with module: screened core-hole potential.

Calculating cross-section and phases ...
    absorption cross section
 x0,dx,rnrm,inrm,jnrm   8.80000000000000       5.000000000000000E-002
   2.66532637500013              196         197
    phase shifts for unique potential    0
    phase shifts for unique potential    1
    phase shifts for unique potential    2
    phase shifts for unique potential    3
    phase shifts for unique potential    4
Done with module: cross-section and phases (XSPH).

FMS calculation of full Green's function ...
FEFF-serial using 1 thread.
Using   194 energy points.
xprep done
FMS for a cluster of  274 atoms
Energy point    1/ 194
Energy point   10/ 194
Energy point   20/ 194
Energy point   30/ 194
Energy point   40/ 194
Energy point   50/ 194
Energy point   60/ 194
Energy point   70/ 194
Energy point   80/ 194
Energy point   90/ 194
Energy point  100/ 194
Energy point  110/ 194
Energy point  120/ 194
Energy point  130/ 194
Energy point  140/ 194
Energy point  150/ 194
Energy point  160/ 194
Energy point  170/ 194
Energy point  180/ 194
Energy point  190/ 194
Done with module: FMS.

MKGTR: Tracing over Green's function ...
Done with module: MKGTR.

Pathfinder: finding scattering paths...
Preparing plane wave scattering amplitudes
Searching for paths
Eliminating path degeneracies
0 paths retained.
Done with module: pathfinder.

Calculating EXAFS parameters ...
Done with module: EXAFS parameters (GENFMT).

Calculating XAS spectra ...
Done with module: XAS spectra (FF2X: DW + final sum over paths).

 
### feff ends at Sun Aug 13 23:27:33 EDT 2023
 
