### feff starts at Sun Aug 13 21:31:29 EDT 2023
### Serial version
### FeffPath is /sdcc/u/mcarbone/software/JFEFF/hsw/feff90/linux
 
Launching FEFF version FEFF 9.9.1
Core hole lifetime is   1.729 eV.
Your calculation:
 comment: None given
 Source:
 Structure Summary:  Li12 Cu12 P12 O48
 Reduced formula:  LiCuPO4
 space group: (P6_422), space number:  (181)
 abc: 10.810872  10.810872  11.163936
 angles: 90.000000  90.000000 120.000001
 sites: 84
Cu K edge XANES using RPA corehole.
Using:     * Self-Consistent Field potentials
Using cards:   ATOMS CONTROL EXCHANGE TITLE RPATH POTENTIALS XANES EDGE SCF FMS S02 COREHOLE EGRID

Calculating atomic potentials ...
    overlapped atomic potential and density for unique potential    0
    overlapped atomic potential and density for unique potential    1
    overlapped atomic potential and density for unique potential    2
    overlapped atomic potential and density for unique potential    3
    overlapped atomic potential and density for unique potential    4
Done with module: atomic potentials.

Calculating SCF potentials ...
FEFF-serial using 1 thread.
Muffin tin radii and interstitial parameters [bohr]:
type, norman radius, muffin tin, overlap factor
    0  1.31294E+00  1.22823E+00  1.15000E+00
    1  1.43844E+00  1.37911E+00  1.11158E+00
    2  1.31296E+00  1.22824E+00  1.15000E+00
    3  1.15329E+00  9.37020E-01  1.15000E+00
    4  1.04343E+00  9.18002E-01  1.15000E+00
Core-valence separation energy:  ecv=   -40.000 eV
Initial Fermi level:              mu=     5.660 eV
SCF ITERATION NUMBER  1
     point #   1  energy = -40.000
FMS for a cluster of  100 atoms around atom type   0
FMS for a cluster of   99 atoms around atom type   1
FMS for a cluster of   84 atoms around atom type   2
FMS for a cluster of   99 atoms around atom type   3
FMS for a cluster of  101 atoms around atom type   4
     point #  20  energy = -28.845
     point #  40  energy =  -8.595
     point #  60  energy =  -3.833
New Fermi level:    mu=  -3.456 eV  Charge distance=  0.6083 (partial c.d.=  6.8107)
negative density   1 -373.747 - usually harmless precision error, but check DOS if it persists
SCF ITERATION NUMBER  1
     point #   1  energy = -40.000
FMS for a cluster of  100 atoms around atom type   0
FMS for a cluster of   99 atoms around atom type   1
FMS for a cluster of   84 atoms around atom type   2
FMS for a cluster of   99 atoms around atom type   3
FMS for a cluster of  101 atoms around atom type   4
     point #  20  energy = -28.834
     point #  40  energy =  -8.532
     point #  60  energy =  -3.456
     point #  80  energy =  -5.034
     point # 100  energy =  -8.019
New Fermi level:    mu=  -7.862 eV  Charge distance=  0.1816 (partial c.d.=  3.3163)
negative density   1 -563.897 - usually harmless precision error, but check DOS if it persists
negative density   1  -50.903 - usually harmless precision error, but check DOS if it persists
SCF ITERATION NUMBER  1
     point #   1  energy = -40.000
FMS for a cluster of  100 atoms around atom type   0
FMS for a cluster of   99 atoms around atom type   1
FMS for a cluster of   84 atoms around atom type   2
FMS for a cluster of   99 atoms around atom type   3
FMS for a cluster of  101 atoms around atom type   4
     point #  20  energy = -28.953
     point #  40  energy =  -8.866
     point #  60  energy =  -7.821
New Fermi level:    mu=  -7.372 eV  Charge distance=  0.0981 (partial c.d.=  0.4765)
negative density   1 -748.712 - usually harmless precision error, but check DOS if it persists
negative density   1 -109.687 - usually harmless precision error, but check DOS if it persists
SCF ITERATION NUMBER  2
     point #   1  energy = -40.000
     point #  20  energy = -28.784
     point #  40  energy =  -8.392
     point #  60  energy =  -7.331
New Fermi level:    mu=  -7.053 eV  Charge distance=  0.2181 (partial c.d.=  0.2037)
negative density   1-1306.795 - usually harmless precision error, but check DOS if it persists
negative density   1 -285.272 - usually harmless precision error, but check DOS if it persists
negative density   1  -21.632 - usually harmless precision error, but check DOS if it persists
SCF ITERATION NUMBER  3
     point #   1  energy = -40.000
     point #  20  energy = -29.018
     point #  40  energy =  -9.050
     point #  60  energy =  -7.078
New Fermi level:    mu=  -7.116 eV  Charge distance=  0.1104 (partial c.d.=  0.2457)
negative density   1-1678.417 - usually harmless precision error, but check DOS if it persists
negative density   1 -402.513 - usually harmless precision error, but check DOS if it persists
negative density   1  -71.863 - usually harmless precision error, but check DOS if it persists
SCF ITERATION NUMBER  4
     point #   1  energy = -40.000
     point #  20  energy = -28.696
     point #  40  energy =  -8.144
     point #  60  energy =  -7.076
New Fermi level:    mu=  -6.902 eV  Charge distance=  0.0405 (partial c.d.=  0.2520)
negative density   1-1640.168 - usually harmless precision error, but check DOS if it persists
negative density   1 -390.332 - usually harmless precision error, but check DOS if it persists
negative density   1  -66.619 - usually harmless precision error, but check DOS if it persists
SCF ITERATION NUMBER  5
     point #   1  energy = -40.000
     point #  20  energy = -28.967
     point #  40  energy =  -8.908
     point #  60  energy =  -6.927
New Fermi level:    mu=  -7.033 eV  Charge distance=  0.0060 (partial c.d.=  0.0785)
negative density   1-1672.578 - usually harmless precision error, but check DOS if it persists
negative density   1 -400.631 - usually harmless precision error, but check DOS if it persists
negative density   1  -71.042 - usually harmless precision error, but check DOS if it persists
SCF ITERATION NUMBER  6
     point #   1  energy = -40.000
     point #  20  energy = -29.011
     point #  40  energy =  -9.031
     point #  60  energy =  -7.058
New Fermi level:    mu=  -7.055 eV  Charge distance=  0.0094 (partial c.d.=  0.0091)
negative density   1-1712.195 - usually harmless precision error, but check DOS if it persists
negative density   1 -413.371 - usually harmless precision error, but check DOS if it persists
negative density   1  -76.542 - usually harmless precision error, but check DOS if it persists
SCF ITERATION NUMBER  7
     point #   1  energy = -40.000
     point #  20  energy = -29.018
     point #  40  energy =  -9.052
     point #  60  energy =  -7.080
New Fermi level:    mu=  -7.079 eV  Charge distance=  0.0019 (partial c.d.=  0.0067)
negative density   1-1720.788 - usually harmless precision error, but check DOS if it persists
negative density   1 -416.230 - usually harmless precision error, but check DOS if it persists
negative density   1  -77.794 - usually harmless precision error, but check DOS if it persists
SCF ITERATION NUMBER  8
     point #   1  energy = -40.000
     point #  20  energy = -29.026
     point #  40  energy =  -9.074
New Fermi level:    mu=  -7.078 eV  Charge distance=  0.0024 (partial c.d.=  0.0067)
negative density   1-1730.831 - usually harmless precision error, but check DOS if it persists
negative density   1 -419.601 - usually harmless precision error, but check DOS if it persists
negative density   1  -79.274 - usually harmless precision error, but check DOS if it persists
SCF ITERATION NUMBER  9
     point #   1  energy = -40.000
     point #  20  energy = -29.026
     point #  40  energy =  -9.073
New Fermi level:    mu=  -7.072 eV  Charge distance=  0.0023 (partial c.d.=  0.0067)
negative density   1-1741.856 - usually harmless precision error, but check DOS if it persists
negative density   1 -423.278 - usually harmless precision error, but check DOS if it persists
negative density   1  -80.885 - usually harmless precision error, but check DOS if it persists
SCF ITERATION NUMBER 10
     point #   1  energy = -40.000
     point #  20  energy = -29.024
     point #  40  energy =  -9.067
New Fermi level:    mu=  -7.069 eV  Charge distance=  0.0007 (partial c.d.=  0.0048)
negative density   1-1747.359 - usually harmless precision error, but check DOS if it persists
negative density   1 -425.093 - usually harmless precision error, but check DOS if it persists
negative density   1  -81.677 - usually harmless precision error, but check DOS if it persists
SCF ITERATION NUMBER 11
     point #   1  energy = -40.000
     point #  20  energy = -29.023
     point #  40  energy =  -9.065
New Fermi level:    mu=  -7.069 eV  Charge distance=  0.0000 (partial c.d.=  0.0006)
negative density   1-1749.206 - usually harmless precision error, but check DOS if it persists
negative density   1 -425.696 - usually harmless precision error, but check DOS if it persists
negative density   1  -81.938 - usually harmless precision error, but check DOS if it persists
SCF ITERATION NUMBER 12
     point #   1  energy = -40.000
     point #  20  energy = -29.023
     point #  40  energy =  -9.065
New Fermi level:    mu=  -7.069 eV  Charge distance=  0.0001 (partial c.d.=  0.0001)
Electronic configuration
  type     l     N_el
     0     0    0.464
     0     1    0.686
     0     2    9.493
     0     3    0.000
     1     0    0.269
     1     1    0.514
     1     2    0.000
     1     3    0.000
     2     0    0.464
     2     1    0.686
     2     2    9.491
     2     3    0.000
     3     0    1.199
     3     1    2.073
     3     2    1.052
     3     3    0.000
     4     0    1.825
     4     1    4.409
     4     2    0.078
     4     3    0.000
Charge transfer:  type  charge
       0   -0.357
       1   -0.217
       2   -0.358
       3   -0.675
       4    0.313
Convergence reached in   12 iterations.
Done with module: potentials.

Calculating screened core-hole potential ...
FMS for a cluster of   18 atoms around iph =   0
    0% of energy integration
   20%
   40%
   60%
   80%
  100%
Preparing response function.
Computing (1 - K Chi0)^-1 v_ch
Done with module: screened core-hole potential.

Calculating cross-section and phases ...
    absorption cross section
 x0,dx,rnrm,inrm,jnrm   8.80000000000000       5.000000000000000E-002
   2.48110261500001              195         196
    phase shifts for unique potential    0
    phase shifts for unique potential    1
    phase shifts for unique potential    2
    phase shifts for unique potential    3
    phase shifts for unique potential    4
Done with module: cross-section and phases (XSPH).

FMS calculation of full Green's function ...
FEFF-serial using 1 thread.
Using   194 energy points.
xprep done
FMS for a cluster of  239 atoms
Energy point    1/ 194
Energy point   10/ 194
Energy point   20/ 194
Energy point   30/ 194
Energy point   40/ 194
Energy point   50/ 194
Energy point   60/ 194
Energy point   70/ 194
Energy point   80/ 194
Energy point   90/ 194
Energy point  100/ 194
Energy point  110/ 194
Energy point  120/ 194
Energy point  130/ 194
Energy point  140/ 194
Energy point  150/ 194
Energy point  160/ 194
Energy point  170/ 194
Energy point  180/ 194
Energy point  190/ 194
Done with module: FMS.

MKGTR: Tracing over Green's function ...
Done with module: MKGTR.

Pathfinder: finding scattering paths...
Preparing plane wave scattering amplitudes
Searching for paths
Eliminating path degeneracies
0 paths retained.
Done with module: pathfinder.

Calculating EXAFS parameters ...
Done with module: EXAFS parameters (GENFMT).

Calculating XAS spectra ...
Done with module: XAS spectra (FF2X: DW + final sum over paths).

 
### feff ends at Sun Aug 13 22:47:18 EDT 2023
 
