### feff starts at Sun Aug 13 21:40:03 EDT 2023
### Serial version
### FeffPath is /sdcc/u/mcarbone/software/JFEFF/hsw/feff90/linux
 
Launching FEFF version FEFF 9.9.1
Resetting lmaxsc to 2 for iph =    3.  Use  UNFREEZE to prevent this.
Core hole lifetime is   1.729 eV.
Your calculation:
 comment: None given
 Source:
 Structure Summary:  Ca6 Cu6 Bi12 O42
 Reduced formula:  CaCuBi2O7
 space group: (P2/c), space number:  (13)
 abc:  9.147986  10.400087  11.534578
 angles: 83.539665  90.000000  90.000000
 sites: 66
Cu K edge XANES using RPA corehole.
Using:     * Self-Consistent Field potentials
Using cards:   ATOMS CONTROL EXCHANGE TITLE RPATH POTENTIALS XANES EDGE SCF FMS S02 COREHOLE EGRID

Calculating atomic potentials ...
    overlapped atomic potential and density for unique potential    0
    overlapped atomic potential and density for unique potential    1
    overlapped atomic potential and density for unique potential    2
    overlapped atomic potential and density for unique potential    3
    overlapped atomic potential and density for unique potential    4
Done with module: atomic potentials.

Calculating SCF potentials ...
FEFF-serial using 1 thread.
Muffin tin radii and interstitial parameters [bohr]:
type, norman radius, muffin tin, overlap factor
    0  1.29393E+00  1.16127E+00  1.15000E+00
    1  1.75860E+00  1.66321E+00  1.15000E+00
    2  1.29395E+00  1.16128E+00  1.15000E+00
    3  1.57732E+00  1.41926E+00  1.15000E+00
    4  1.12906E+00  1.05426E+00  1.15000E+00
Core-valence separation energy:  ecv=   -40.000 eV
Initial Fermi level:              mu=     1.664 eV
SCF ITERATION NUMBER  1
     point #   1  energy = -40.000
FMS for a cluster of   86 atoms around atom type   0
FMS for a cluster of   75 atoms around atom type   1
FMS for a cluster of   63 atoms around atom type   2
FMS for a cluster of   76 atoms around atom type   3
FMS for a cluster of   86 atoms around atom type   4
     point #  20  energy = -28.833
     point #  40  energy =  -8.583
     point #  60  energy =  -5.908
     point #  80  energy =  -4.999
New Fermi level:    mu=  -4.903 eV  Charge distance=  1.5137 (partial c.d.= 10.5693)
SCF ITERATION NUMBER  1
     point #   1  energy = -40.000
FMS for a cluster of   86 atoms around atom type   0
FMS for a cluster of   75 atoms around atom type   1
FMS for a cluster of   63 atoms around atom type   2
FMS for a cluster of   76 atoms around atom type   3
FMS for a cluster of   86 atoms around atom type   4
     point #  20  energy = -28.970
     point #  40  energy =  -8.914
     point #  60  energy =  -4.903
     point #  80  energy =  -7.041
     point # 100  energy =  -7.810
New Fermi level:    mu=  -7.733 eV  Charge distance=  0.5120 (partial c.d.=  8.0146)
SCF ITERATION NUMBER  1
     point #   1  energy = -40.000
FMS for a cluster of   86 atoms around atom type   0
FMS for a cluster of   75 atoms around atom type   1
FMS for a cluster of   63 atoms around atom type   2
FMS for a cluster of   76 atoms around atom type   3
FMS for a cluster of   86 atoms around atom type   4
     point #  20  energy = -28.908
     point #  40  energy =  -8.741
     point #  60  energy =  -7.774
New Fermi level:    mu=  -8.024 eV  Charge distance=  0.3005 (partial c.d.=  0.1958)
SCF ITERATION NUMBER  2
     point #   1  energy = -40.000
     point #  20  energy = -29.008
     point #  40  energy =  -9.024
     point #  60  energy =  -7.984
New Fermi level:    mu=  -7.839 eV  Charge distance=  0.3728 (partial c.d.=  0.4670)
SCF ITERATION NUMBER  3
     point #   1  energy = -40.000
     point #  20  energy = -28.945
     point #  40  energy =  -8.844
     point #  60  energy =  -7.798
     point #  80  energy =  -6.164
New Fermi level:    mu=  -6.170 eV  Charge distance=  0.4624 (partial c.d.=  2.7715)
SCF ITERATION NUMBER  4
     point #   1  energy = -40.000
     point #  20  energy = -28.723
     point #  40  energy =  -8.221
     point #  60  energy =  -6.183
     point #  80  energy =  -7.852
New Fermi level:    mu=  -7.870 eV  Charge distance=  0.0897 (partial c.d.=  3.1630)
SCF ITERATION NUMBER  5
     point #   1  energy = -40.000
     point #  20  energy = -28.955
     point #  40  energy =  -8.874
     point #  60  energy =  -7.907
New Fermi level:    mu=  -7.906 eV  Charge distance=  0.1996 (partial c.d.=  0.0673)
SCF ITERATION NUMBER  6
     point #   1  energy = -40.000
     point #  20  energy = -28.968
     point #  40  energy =  -8.909
     point #  60  energy =  -7.865
New Fermi level:    mu=  -7.720 eV  Charge distance=  0.0226 (partial c.d.=  0.6094)
SCF ITERATION NUMBER  7
     point #   1  energy = -40.000
     point #  20  energy = -28.904
     point #  40  energy =  -8.729
New Fermi level:    mu=  -7.723 eV  Charge distance=  0.0182 (partial c.d.=  0.1059)
SCF ITERATION NUMBER  8
     point #   1  energy = -40.000
     point #  20  energy = -28.905
     point #  40  energy =  -8.732
New Fermi level:    mu=  -7.712 eV  Charge distance=  0.0124 (partial c.d.=  0.1250)
SCF ITERATION NUMBER  9
     point #   1  energy = -40.000
     point #  20  energy = -28.901
     point #  40  energy =  -8.721
New Fermi level:    mu=  -7.718 eV  Charge distance=  0.0064 (partial c.d.=  0.0873)
SCF ITERATION NUMBER 10
     point #   1  energy = -40.000
     point #  20  energy = -28.903
     point #  40  energy =  -8.727
New Fermi level:    mu=  -7.712 eV  Charge distance=  0.0124 (partial c.d.=  0.0067)
SCF ITERATION NUMBER 11
     point #   1  energy = -40.000
     point #  20  energy = -28.901
     point #  40  energy =  -8.721
New Fermi level:    mu=  -7.692 eV  Charge distance=  0.0007 (partial c.d.=  0.0283)
SCF ITERATION NUMBER 12
     point #   1  energy = -40.000
     point #  20  energy = -28.894
     point #  40  energy =  -8.702
New Fermi level:    mu=  -7.691 eV  Charge distance=  0.0004 (partial c.d.=  0.0017)
SCF ITERATION NUMBER 13
     point #   1  energy = -40.000
     point #  20  energy = -28.894
     point #  40  energy =  -8.700
New Fermi level:    mu=  -7.687 eV  Charge distance=  0.0006 (partial c.d.=  0.0026)
SCF ITERATION NUMBER 14
     point #   1  energy = -40.000
     point #  20  energy = -28.893
     point #  40  energy =  -8.697
New Fermi level:    mu=  -7.688 eV  Charge distance=  0.0001 (partial c.d.=  0.0016)
SCF ITERATION NUMBER 15
     point #   1  energy = -40.000
     point #  20  energy = -28.893
     point #  40  energy =  -8.698
New Fermi level:    mu=  -7.689 eV  Charge distance=  0.0002 (partial c.d.=  0.0001)
Electronic configuration
  type     l     N_el
     0     0    0.521
     0     1    0.657
     0     2    9.354
     0     3    0.000
     1     0    0.410
     1     1    6.637
     1     2    1.077
     1     3    0.000
     2     0    0.521
     2     1    0.656
     2     2    9.357
     2     3    0.000
     3     0    1.729
     3     1    1.656
     3     2   10.558
     3     3    0.000
     4     0    1.889
     4     1    4.399
     4     2    0.063
     4     3    0.000
Charge transfer:  type  charge
       0   -0.467
       1    0.123
       2   -0.466
       3   -1.057
       4    0.351
Convergence reached in   15 iterations.
Done with module: potentials.

Calculating screened core-hole potential ...
FMS for a cluster of   16 atoms around iph =   0
    0% of energy integration
   20%
   40%
   60%
   80%
  100%
Preparing response function.
Computing (1 - K Chi0)^-1 v_ch
Done with module: screened core-hole potential.

Calculating cross-section and phases ...
    absorption cross section
 x0,dx,rnrm,inrm,jnrm   8.80000000000000       5.000000000000000E-002
   2.44517781000002              194         195
    phase shifts for unique potential    0
    phase shifts for unique potential    1
    phase shifts for unique potential    2
    phase shifts for unique potential    3
    phase shifts for unique potential    4
Done with module: cross-section and phases (XSPH).

FMS calculation of full Green's function ...
FEFF-serial using 1 thread.
Using   194 energy points.
xprep done
FMS for a cluster of  187 atoms
Energy point    1/ 194
Energy point   10/ 194
Energy point   20/ 194
Energy point   30/ 194
Energy point   40/ 194
Energy point   50/ 194
Energy point   60/ 194
Energy point   70/ 194
Energy point   80/ 194
Energy point   90/ 194
Energy point  100/ 194
Energy point  110/ 194
Energy point  120/ 194
Energy point  130/ 194
Energy point  140/ 194
Energy point  150/ 194
Energy point  160/ 194
Energy point  170/ 194
Energy point  180/ 194
Energy point  190/ 194
Done with module: FMS.

MKGTR: Tracing over Green's function ...
Done with module: MKGTR.

Pathfinder: finding scattering paths...
Preparing plane wave scattering amplitudes
Searching for paths
Eliminating path degeneracies
0 paths retained.
Done with module: pathfinder.

Calculating EXAFS parameters ...
Done with module: EXAFS parameters (GENFMT).

Calculating XAS spectra ...
Done with module: XAS spectra (FF2X: DW + final sum over paths).

 
### feff ends at Sun Aug 13 22:33:26 EDT 2023
 
