### feff starts at Mon Aug 14 00:42:37 EDT 2023
### Serial version
### FeffPath is /sdcc/u/mcarbone/software/JFEFF/hsw/feff90/linux
 
Launching FEFF version FEFF 9.9.1
Core hole lifetime is   1.729 eV.
Your calculation:
 comment: None given
 Source:
 Structure Summary:  Cu27 C1 O1
 Reduced formula:  Cu27CO
 space group: (P3m1), space number:  (156)
 abc:  7.542426   7.542426  14.039610
 angles: 90.000000  90.000000 119.999996
 sites: 29
Cu K edge XANES using RPA corehole.
Using:     * Self-Consistent Field potentials
Using cards:   ATOMS CONTROL EXCHANGE TITLE RPATH POTENTIALS XANES EDGE SCF FMS S02 COREHOLE EGRID

Calculating atomic potentials ...
    overlapped atomic potential and density for unique potential    0
    overlapped atomic potential and density for unique potential    1
    overlapped atomic potential and density for unique potential    2
    overlapped atomic potential and density for unique potential    3
Done with module: atomic potentials.

Calculating SCF potentials ...
FEFF-serial using 1 thread.
Muffin tin radii and interstitial parameters [bohr]:
type, norman radius, muffin tin, overlap factor
    0  1.38422E+00  1.34748E+00  1.06794E+00
    1  1.38410E+00  1.34728E+00  1.06812E+00
    2  1.00026E+00  8.03255E-01  1.15000E+00
    3  9.95601E-01  6.79509E-01  1.15000E+00
Core-valence separation energy:  ecv=   -40.000 eV
Initial Fermi level:              mu=    -1.063 eV
SCF ITERATION NUMBER  1
     point #   1  energy = -40.000
FMS for a cluster of   87 atoms around atom type   0
FMS for a cluster of   86 atoms around atom type   1
FMS for a cluster of   57 atoms around atom type   2
FMS for a cluster of   42 atoms around atom type   3
     point #  20  energy = -28.765
     point #  40  energy =  -8.515
     point #  60  energy =  -1.950
     point #  80  energy =  -3.056
     point # 100  energy =  -3.456
New Fermi level:    mu=  -3.525 eV  Charge distance=  0.2869 (partial c.d.=  8.9990)
SCF ITERATION NUMBER  1
     point #   1  energy = -40.000
FMS for a cluster of   87 atoms around atom type   0
FMS for a cluster of   86 atoms around atom type   1
FMS for a cluster of   57 atoms around atom type   2
FMS for a cluster of   42 atoms around atom type   3
     point #  20  energy = -28.855
     point #  40  energy =  -8.591
     point #  60  energy =  -3.525
     point #  80  energy =  -5.425
     point # 100  energy =  -6.921
     point # 120  energy =  -7.221
New Fermi level:    mu=  -7.257 eV  Charge distance=  0.0451 (partial c.d.=  1.1268)
SCF ITERATION NUMBER  1
     point #   1  energy = -40.000
FMS for a cluster of   87 atoms around atom type   0
FMS for a cluster of   86 atoms around atom type   1
FMS for a cluster of   57 atoms around atom type   2
FMS for a cluster of   42 atoms around atom type   3
     point #  20  energy = -28.745
     point #  40  energy =  -8.280
     point #  60  energy =  -7.298
     point #  80  energy =  -7.535
New Fermi level:    mu=  -7.543 eV  Charge distance=  0.0399 (partial c.d.=  0.1476)
SCF ITERATION NUMBER  2
     point #   1  energy = -40.000
     point #  20  energy = -28.843
     point #  40  energy =  -8.557
     point #  60  energy =  -7.580
New Fermi level:    mu=  -7.679 eV  Charge distance=  0.1284 (partial c.d.=  0.0433)
SCF ITERATION NUMBER  3
     point #   1  energy = -40.000
     point #  20  energy = -28.890
     point #  40  energy =  -8.689
     point #  60  energy =  -7.719
     point #  80  energy =  -8.019
New Fermi level:    mu=  -8.063 eV  Charge distance=  0.0156 (partial c.d.=  0.0527)
negative density   2  -52.381 - usually harmless precision error, but check DOS if it persists
SCF ITERATION NUMBER  4
     point #   1  energy = -40.000
     point #  20  energy = -29.022
     point #  40  energy =  -9.061
New Fermi level:    mu=  -8.057 eV  Charge distance=  0.0155 (partial c.d.=  0.0250)
negative density   2 -109.522 - usually harmless precision error, but check DOS if it persists
SCF ITERATION NUMBER  5
     point #   1  energy = -40.000
     point #  20  energy = -29.020
     point #  40  energy =  -9.055
New Fermi level:    mu=  -8.037 eV  Charge distance=  0.0052 (partial c.d.=  0.0146)
negative density   2 -111.078 - usually harmless precision error, but check DOS if it persists
SCF ITERATION NUMBER  6
     point #   1  energy = -40.000
     point #  20  energy = -29.013
     point #  40  energy =  -9.036
New Fermi level:    mu=  -8.026 eV  Charge distance=  0.0011 (partial c.d.=  0.0097)
negative density   2 -115.297 - usually harmless precision error, but check DOS if it persists
SCF ITERATION NUMBER  7
     point #   1  energy = -40.000
     point #  20  energy = -29.009
     point #  40  energy =  -9.025
New Fermi level:    mu=  -8.019 eV  Charge distance=  0.0007 (partial c.d.=  0.0049)
negative density   2 -118.443 - usually harmless precision error, but check DOS if it persists
SCF ITERATION NUMBER  8
     point #   1  energy = -40.000
     point #  20  energy = -29.007
     point #  40  energy =  -9.018
New Fermi level:    mu=  -8.014 eV  Charge distance=  0.0009 (partial c.d.=  0.0032)
negative density   2 -119.402 - usually harmless precision error, but check DOS if it persists
SCF ITERATION NUMBER  9
     point #   1  energy = -40.000
     point #  20  energy = -29.005
     point #  40  energy =  -9.014
New Fermi level:    mu=  -8.014 eV  Charge distance=  0.0004 (partial c.d.=  0.0011)
negative density   2 -120.734 - usually harmless precision error, but check DOS if it persists
SCF ITERATION NUMBER 10
     point #   1  energy = -40.000
     point #  20  energy = -29.005
     point #  40  energy =  -9.013
New Fermi level:    mu=  -8.013 eV  Charge distance=  0.0000 (partial c.d.=  0.0004)
negative density   2 -120.920 - usually harmless precision error, but check DOS if it persists
SCF ITERATION NUMBER 11
     point #   1  energy = -40.000
     point #  20  energy = -29.004
     point #  40  energy =  -9.012
New Fermi level:    mu=  -8.013 eV  Charge distance=  0.0000 (partial c.d.=  0.0000)
Electronic configuration
  type     l     N_el
     0     0    0.699
     0     1    0.756
     0     2    9.536
     0     3    0.000
     1     0    0.697
     1     1    0.754
     1     2    9.536
     1     3    0.000
     2     0    1.337
     2     1    2.380
     2     2    0.385
     2     3    0.000
     3     0    1.872
     3     1    4.147
     3     2    0.225
     3     3    0.000
Charge transfer:  type  charge
       0   -0.009
       1   -0.013
       2    0.102
       3    0.245
Convergence reached in   11 iterations.
Done with module: potentials.

Calculating screened core-hole potential ...
FMS for a cluster of   20 atoms around iph =   0
    0% of energy integration
   20%
   40%
   60%
   80%
  100%
Preparing response function.
Computing (1 - K Chi0)^-1 v_ch
Done with module: screened core-hole potential.

Calculating cross-section and phases ...
    absorption cross section
 x0,dx,rnrm,inrm,jnrm   8.80000000000000       5.000000000000000E-002
   2.61579873200014              196         197
    phase shifts for unique potential    0
    phase shifts for unique potential    1
    phase shifts for unique potential    2
    phase shifts for unique potential    3
Done with module: cross-section and phases (XSPH).

FMS calculation of full Green's function ...
FEFF-serial using 1 thread.
Using   194 energy points.
xprep done
FMS for a cluster of  135 atoms
Energy point    1/ 194
Energy point   10/ 194
Energy point   20/ 194
Energy point   30/ 194
Energy point   40/ 194
Energy point   50/ 194
Energy point   60/ 194
Energy point   70/ 194
Energy point   80/ 194
Energy point   90/ 194
Energy point  100/ 194
Energy point  110/ 194
Energy point  120/ 194
Energy point  130/ 194
Energy point  140/ 194
Energy point  150/ 194
Energy point  160/ 194
Energy point  170/ 194
Energy point  180/ 194
Energy point  190/ 194
Done with module: FMS.

MKGTR: Tracing over Green's function ...
Done with module: MKGTR.

Pathfinder: finding scattering paths...
Preparing plane wave scattering amplitudes
Searching for paths
Eliminating path degeneracies
0 paths retained.
Done with module: pathfinder.

Calculating EXAFS parameters ...
Done with module: EXAFS parameters (GENFMT).

Calculating XAS spectra ...
Done with module: XAS spectra (FF2X: DW + final sum over paths).

 
### feff ends at Mon Aug 14 01:05:13 EDT 2023
 
