### feff starts at Mon Aug 14 07:05:11 EDT 2023
### Serial version
### FeffPath is /sdcc/u/mcarbone/software/JFEFF/hsw/feff90/linux
 
Launching FEFF version FEFF 9.9.1
Core hole lifetime is   1.729 eV.
Your calculation:
 comment: None given
 Source:
 Structure Summary:  Li6 Cu6 P6 O24
 Reduced formula:  LiCuPO4
 space group: (Cc), space number:  (9)
 abc:  7.435730   7.435730   9.472960
 angles: 88.474978  88.474978 117.997702
 sites: 42
Cu K edge XANES using RPA corehole.
Using:     * Self-Consistent Field potentials
Using cards:   ATOMS CONTROL EXCHANGE TITLE RPATH POTENTIALS XANES EDGE SCF FMS S02 COREHOLE EGRID

Calculating atomic potentials ...
    overlapped atomic potential and density for unique potential    0
    overlapped atomic potential and density for unique potential    1
    overlapped atomic potential and density for unique potential    2
    overlapped atomic potential and density for unique potential    3
    overlapped atomic potential and density for unique potential    4
Done with module: atomic potentials.

Calculating SCF potentials ...
FEFF-serial using 1 thread.
Muffin tin radii and interstitial parameters [bohr]:
type, norman radius, muffin tin, overlap factor
    0  1.39331E+00  1.32656E+00  1.13302E+00
    1  1.30805E+00  1.24438E+00  1.13558E+00
    2  1.36418E+00  1.29550E+00  1.14115E+00
    3  1.15477E+00  9.37617E-01  1.15000E+00
    4  1.04789E+00  9.17294E-01  1.15000E+00
Core-valence separation energy:  ecv=   -40.000 eV
Initial Fermi level:              mu=     5.658 eV
SCF ITERATION NUMBER  1
     point #   1  energy = -40.000
FMS for a cluster of  130 atoms around atom type   0
FMS for a cluster of  126 atoms around atom type   1
FMS for a cluster of  126 atoms around atom type   2
FMS for a cluster of  123 atoms around atom type   3
FMS for a cluster of  127 atoms around atom type   4
     point #  20  energy = -28.846
     point #  40  energy =  -8.596
     point #  60  energy =  -3.833
New Fermi level:    mu=  -3.452 eV  Charge distance=  0.5585 (partial c.d.=  7.0861)
negative density   1  -98.064 - usually harmless precision error, but check DOS if it persists
SCF ITERATION NUMBER  1
     point #   1  energy = -40.000
FMS for a cluster of  130 atoms around atom type   0
FMS for a cluster of  126 atoms around atom type   1
FMS for a cluster of  126 atoms around atom type   2
FMS for a cluster of  123 atoms around atom type   3
FMS for a cluster of  127 atoms around atom type   4
     point #  20  energy = -28.833
     point #  40  energy =  -8.529
     point #  60  energy =  -3.452
     point #  80  energy =  -5.031
     point # 100  energy =  -8.015
     point # 120  energy =  -7.293
New Fermi level:    mu=  -7.082 eV  Charge distance=  0.1637 (partial c.d.=  3.1203)
negative density   1 -218.867 - usually harmless precision error, but check DOS if it persists
SCF ITERATION NUMBER  1
     point #   1  energy = -40.000
FMS for a cluster of  130 atoms around atom type   0
FMS for a cluster of  126 atoms around atom type   1
FMS for a cluster of  126 atoms around atom type   2
FMS for a cluster of  123 atoms around atom type   3
FMS for a cluster of  127 atoms around atom type   4
     point #  20  energy = -29.027
     point #  40  energy =  -9.077
     point #  60  energy =  -7.070
     point #  80  energy =  -6.585
New Fermi level:    mu=  -6.572 eV  Charge distance=  0.1008 (partial c.d.=  0.3188)
negative density   1 -336.538 - usually harmless precision error, but check DOS if it persists
SCF ITERATION NUMBER  2
     point #   1  energy = -40.000
     point #  20  energy = -28.857
     point #  40  energy =  -8.598
     point #  60  energy =  -6.559
New Fermi level:    mu=  -6.248 eV  Charge distance=  0.2325 (partial c.d.=  0.1848)
negative density   1 -696.125 - usually harmless precision error, but check DOS if it persists
negative density   1  -94.275 - usually harmless precision error, but check DOS if it persists
SCF ITERATION NUMBER  3
     point #   1  energy = -40.000
     point #  20  energy = -28.749
     point #  40  energy =  -8.293
New Fermi level:    mu=  -6.259 eV  Charge distance=  0.1033 (partial c.d.=  0.0636)
negative density   1 -926.436 - usually harmless precision error, but check DOS if it persists
negative density   1 -165.879 - usually harmless precision error, but check DOS if it persists
SCF ITERATION NUMBER  4
     point #   1  energy = -40.000
     point #  20  energy = -28.753
     point #  40  energy =  -8.304
     point #  60  energy =  -6.234
New Fermi level:    mu=  -6.229 eV  Charge distance=  0.0241 (partial c.d.=  0.0614)
negative density   1 -937.204 - usually harmless precision error, but check DOS if it persists
negative density   1 -169.256 - usually harmless precision error, but check DOS if it persists
SCF ITERATION NUMBER  5
     point #   1  energy = -40.000
     point #  20  energy = -28.743
     point #  40  energy =  -8.276
     point #  60  energy =  -6.254
New Fermi level:    mu=  -6.287 eV  Charge distance=  0.0075 (partial c.d.=  0.0149)
negative density   1 -963.273 - usually harmless precision error, but check DOS if it persists
negative density   1 -177.458 - usually harmless precision error, but check DOS if it persists
SCF ITERATION NUMBER  6
     point #   1  energy = -40.000
     point #  20  energy = -28.762
     point #  40  energy =  -8.330
     point #  60  energy =  -6.312
New Fermi level:    mu=  -6.303 eV  Charge distance=  0.0104 (partial c.d.=  0.0052)
negative density   1 -993.284 - usually harmless precision error, but check DOS if it persists
negative density   1 -186.964 - usually harmless precision error, but check DOS if it persists
SCF ITERATION NUMBER  7
     point #   1  energy = -40.000
     point #  20  energy = -28.768
     point #  40  energy =  -8.345
New Fermi level:    mu=  -6.313 eV  Charge distance=  0.0031 (partial c.d.=  0.0051)
negative density   1-1004.060 - usually harmless precision error, but check DOS if it persists
negative density   1 -190.413 - usually harmless precision error, but check DOS if it persists
SCF ITERATION NUMBER  8
     point #   1  energy = -40.000
     point #  20  energy = -28.771
     point #  40  energy =  -8.354
New Fermi level:    mu=  -6.308 eV  Charge distance=  0.0055 (partial c.d.=  0.0006)
negative density   1-1027.213 - usually harmless precision error, but check DOS if it persists
negative density   1 -197.805 - usually harmless precision error, but check DOS if it persists
SCF ITERATION NUMBER  9
     point #   1  energy = -40.000
     point #  20  energy = -28.769
     point #  40  energy =  -8.350
New Fermi level:    mu=  -6.298 eV  Charge distance=  0.0001 (partial c.d.=  0.0010)
negative density   1-1030.417 - usually harmless precision error, but check DOS if it persists
negative density   1 -198.813 - usually harmless precision error, but check DOS if it persists
SCF ITERATION NUMBER 10
     point #   1  energy = -40.000
     point #  20  energy = -28.766
     point #  40  energy =  -8.341
New Fermi level:    mu=  -6.298 eV  Charge distance=  0.0002 (partial c.d.=  0.0001)
Electronic configuration
  type     l     N_el
     0     0    0.471
     0     1    0.585
     0     2    9.642
     0     3    0.000
     1     0    0.275
     1     1    0.556
     1     2    0.000
     1     3    0.000
     2     0    0.463
     2     1    0.619
     2     2    9.621
     2     3    0.000
     3     0    1.197
     3     1    2.057
     3     2    1.043
     3     3    0.000
     4     0    1.831
     4     1    4.393
     4     2    0.069
     4     3    0.000
Charge transfer:  type  charge
       0   -0.302
       1   -0.169
       2   -0.297
       3   -0.704
       4    0.293
Convergence reached in   10 iterations.
Done with module: potentials.

Calculating screened core-hole potential ...
FMS for a cluster of   26 atoms around iph =   0
    0% of energy integration
   20%
   40%
   60%
   80%
  100%
Preparing response function.
Computing (1 - K Chi0)^-1 v_ch
Done with module: screened core-hole potential.

Calculating cross-section and phases ...
    absorption cross section
 x0,dx,rnrm,inrm,jnrm   8.80000000000000       5.000000000000000E-002
   2.63296694500006              196         197
    phase shifts for unique potential    0
    phase shifts for unique potential    1
    phase shifts for unique potential    2
    phase shifts for unique potential    3
    phase shifts for unique potential    4
Done with module: cross-section and phases (XSPH).

FMS calculation of full Green's function ...
FEFF-serial using 1 thread.
Using   194 energy points.
xprep done
FMS for a cluster of  280 atoms
Energy point    1/ 194
Energy point   10/ 194
Energy point   20/ 194
Energy point   30/ 194
Energy point   40/ 194
Energy point   50/ 194
Energy point   60/ 194
Energy point   70/ 194
Energy point   80/ 194
Energy point   90/ 194
Energy point  100/ 194
Energy point  110/ 194
Energy point  120/ 194
Energy point  130/ 194
Energy point  140/ 194
Energy point  150/ 194
Energy point  160/ 194
Energy point  170/ 194
Energy point  180/ 194
Energy point  190/ 194
Done with module: FMS.

MKGTR: Tracing over Green's function ...
Done with module: MKGTR.

Pathfinder: finding scattering paths...
Preparing plane wave scattering amplitudes
Searching for paths
Eliminating path degeneracies
0 paths retained.
Done with module: pathfinder.

Calculating EXAFS parameters ...
Done with module: EXAFS parameters (GENFMT).

Calculating XAS spectra ...
Done with module: XAS spectra (FF2X: DW + final sum over paths).

 
### feff ends at Mon Aug 14 09:04:00 EDT 2023
 
