### feff starts at Mon Aug 14 07:28:47 EDT 2023
### Serial version
### FeffPath is /sdcc/u/mcarbone/software/JFEFF/hsw/feff90/linux
 
Launching FEFF version FEFF 9.9.1
Core hole lifetime is   1.729 eV.
Your calculation:
 comment: None given
 Source:
 Structure Summary:  Sr4 Al2 Cu6 O14
 Reduced formula:  Sr2AlCu3O7
 space group: (P1), space number:  (1)
 abc:  5.359953   5.299220  12.117208
 angles:102.614983 102.700954  90.048913
 sites: 26
Cu K edge XANES using RPA corehole.
Using:     * Self-Consistent Field potentials
Using cards:   ATOMS CONTROL EXCHANGE TITLE RPATH POTENTIALS XANES EDGE SCF FMS S02 COREHOLE EGRID

Calculating atomic potentials ...
    overlapped atomic potential and density for unique potential    0
    overlapped atomic potential and density for unique potential    1
    overlapped atomic potential and density for unique potential    2
    overlapped atomic potential and density for unique potential    3
    overlapped atomic potential and density for unique potential    4
Done with module: atomic potentials.

Calculating SCF potentials ...
FEFF-serial using 1 thread.
Muffin tin radii and interstitial parameters [bohr]:
type, norman radius, muffin tin, overlap factor
    0  1.30487E+00  1.23136E+00  1.15000E+00
    1  1.85422E+00  1.78635E+00  1.09729E+00
    2  1.32817E+00  1.15795E+00  1.15000E+00
    3  1.30318E+00  1.22833E+00  1.15000E+00
    4  1.09183E+00  1.01227E+00  1.15000E+00
Core-valence separation energy:  ecv=   -33.500 eV
Initial Fermi level:              mu=    -0.240 eV
SCF ITERATION NUMBER  1
     point #   1  energy = -33.500
FMS for a cluster of  111 atoms around atom type   0
FMS for a cluster of  110 atoms around atom type   1
FMS for a cluster of  112 atoms around atom type   2
FMS for a cluster of  111 atoms around atom type   3
FMS for a cluster of  117 atoms around atom type   4
     point #  20  energy = -22.399
     point #  40  energy =  -6.096
     point #  60  energy =  -4.381
New Fermi level:    mu=  -4.217 eV  Charge distance=  0.6553 (partial c.d.=  6.5951)
SCF ITERATION NUMBER  1
     point #   1  energy = -33.500
FMS for a cluster of  111 atoms around atom type   0
FMS for a cluster of  110 atoms around atom type   1
FMS for a cluster of  112 atoms around atom type   2
FMS for a cluster of  111 atoms around atom type   3
FMS for a cluster of  117 atoms around atom type   4
     point #  20  energy = -22.393
     point #  40  energy =  -4.217
     point #  60  energy =  -4.307
     point #  80  energy =  -8.442
     point # 100  energy = -10.495
New Fermi level:    mu= -10.793 eV  Charge distance=  0.1877 (partial c.d.=  3.4710)
SCF ITERATION NUMBER  1
     point #   1  energy = -33.500
FMS for a cluster of  111 atoms around atom type   0
FMS for a cluster of  110 atoms around atom type   1
FMS for a cluster of  112 atoms around atom type   2
FMS for a cluster of  111 atoms around atom type   3
FMS for a cluster of  117 atoms around atom type   4
     point #  20  energy = -22.146
     point #  40  energy = -10.793
     point #  60  energy = -10.062
     point #  80  energy =  -8.784
New Fermi level:    mu=  -8.970 eV  Charge distance=  0.1448 (partial c.d.=  0.4400)
SCF ITERATION NUMBER  2
     point #   1  energy = -33.500
     point #  20  energy = -22.257
     point #  40  energy =  -8.970
     point #  60  energy =  -8.488
New Fermi level:    mu=  -8.177 eV  Charge distance=  0.4337 (partial c.d.=  0.1147)
SCF ITERATION NUMBER  3
     point #   1  energy = -33.500
     point #  20  energy = -22.358
     point #  40  energy =  -8.177
     point #  60  energy =  -7.836
New Fermi level:    mu=  -7.548 eV  Charge distance=  0.0177 (partial c.d.=  0.1242)
SCF ITERATION NUMBER  4
     point #   1  energy = -33.500
     point #  20  energy = -22.520
     point #  40  energy =  -7.548
     point #  60  energy =  -7.757
New Fermi level:    mu=  -7.828 eV  Charge distance=  0.0247 (partial c.d.=  0.1346)
SCF ITERATION NUMBER  5
     point #   1  energy = -33.500
     point #  20  energy = -22.204
     point #  40  energy =  -7.828
     point #  60  energy =  -7.953
New Fermi level:    mu=  -7.968 eV  Charge distance=  0.0234 (partial c.d.=  0.2666)
SCF ITERATION NUMBER  6
     point #   1  energy = -33.500
     point #  20  energy = -22.266
     point #  40  energy =  -7.968
New Fermi level:    mu=  -7.999 eV  Charge distance=  0.0032 (partial c.d.=  0.2024)
SCF ITERATION NUMBER  7
     point #   1  energy = -33.500
     point #  20  energy = -22.279
     point #  40  energy =  -7.999
New Fermi level:    mu=  -8.008 eV  Charge distance=  0.0015 (partial c.d.=  0.0367)
SCF ITERATION NUMBER  8
     point #   1  energy = -33.500
     point #  20  energy = -22.284
     point #  40  energy =  -8.008
New Fermi level:    mu=  -8.010 eV  Charge distance=  0.0025 (partial c.d.=  0.0012)
SCF ITERATION NUMBER  9
     point #   1  energy = -33.500
     point #  20  energy = -22.284
     point #  40  energy =  -8.010
New Fermi level:    mu=  -8.009 eV  Charge distance=  0.0010 (partial c.d.=  0.0013)
SCF ITERATION NUMBER 10
     point #   1  energy = -33.500
     point #  20  energy = -22.284
     point #  40  energy =  -8.009
New Fermi level:    mu=  -8.006 eV  Charge distance=  0.0003 (partial c.d.=  0.0021)
SCF ITERATION NUMBER 11
     point #   1  energy = -33.500
     point #  20  energy = -22.283
     point #  40  energy =  -8.006
New Fermi level:    mu=  -8.005 eV  Charge distance=  0.0002 (partial c.d.=  0.0010)
SCF ITERATION NUMBER 12
     point #   1  energy = -33.500
     point #  20  energy = -22.282
     point #  40  energy =  -8.005
New Fermi level:    mu=  -8.006 eV  Charge distance=  0.0003 (partial c.d.=  0.0001)
Electronic configuration
  type     l     N_el
     0     0    0.495
     0     1    0.585
     0     2    9.466
     0     3    0.000
     1     0    0.303
     1     1    6.400
     1     2    0.869
     1     3    0.000
     2     0    0.741
     2     1    1.127
     2     2    0.692
     2     3    0.000
     3     0    0.496
     3     1    0.586
     3     2    9.461
     3     3    0.000
     4     0    1.845
     4     1    4.477
     4     2    0.060
     4     3    0.000
Charge transfer:  type  charge
       0   -0.454
       1   -0.428
       2   -0.440
       3   -0.457
       4    0.381
Convergence reached in   12 iterations.
Done with module: potentials.

Calculating screened core-hole potential ...
FMS for a cluster of   27 atoms around iph =   0
    0% of energy integration
   20%
   40%
   60%
   80%
  100%
Preparing response function.
Computing (1 - K Chi0)^-1 v_ch
Done with module: screened core-hole potential.

Calculating cross-section and phases ...
    absorption cross section
 x0,dx,rnrm,inrm,jnrm   8.80000000000000       5.000000000000000E-002
   2.46584398799992              195         196
    phase shifts for unique potential    0
    phase shifts for unique potential    1
    phase shifts for unique potential    2
    phase shifts for unique potential    3
    phase shifts for unique potential    4
Done with module: cross-section and phases (XSPH).

FMS calculation of full Green's function ...
FEFF-serial using 1 thread.
Using   194 energy points.
xprep done
FMS for a cluster of  246 atoms
Energy point    1/ 194
Energy point   10/ 194
Energy point   20/ 194
Energy point   30/ 194
Energy point   40/ 194
Energy point   50/ 194
Energy point   60/ 194
Energy point   70/ 194
Energy point   80/ 194
Energy point   90/ 194
Energy point  100/ 194
Energy point  110/ 194
Energy point  120/ 194
Energy point  130/ 194
Energy point  140/ 194
Energy point  150/ 194
Energy point  160/ 194
Energy point  170/ 194
Energy point  180/ 194
Energy point  190/ 194
Done with module: FMS.

MKGTR: Tracing over Green's function ...
Done with module: MKGTR.

Pathfinder: finding scattering paths...
Preparing plane wave scattering amplitudes
Searching for paths
Eliminating path degeneracies
0 paths retained.
Done with module: pathfinder.

Calculating EXAFS parameters ...
Done with module: EXAFS parameters (GENFMT).

Calculating XAS spectra ...
Done with module: XAS spectra (FF2X: DW + final sum over paths).

 
### feff ends at Mon Aug 14 09:10:29 EDT 2023
 
