### feff starts at Mon Aug 14 04:15:25 EDT 2023
### Serial version
### FeffPath is /sdcc/u/mcarbone/software/JFEFF/hsw/feff90/linux
 
Launching FEFF version FEFF 9.9.1
Resetting lmaxsc to 2 for iph =    2.  Use  UNFREEZE to prevent this.
Core hole lifetime is   1.729 eV.
Your calculation:
 comment: None given
 Source:
 Structure Summary:  Cu8 Pt2 O10
 Reduced formula:  Cu4PtO5
 space group: (P2/m), space number:  (10)
 abc:  5.188982   4.237821  10.771602
 angles: 79.794559  90.000000  90.000000
 sites: 20
Cu K edge XANES using RPA corehole.
Using:     * Self-Consistent Field potentials
Using cards:   ATOMS CONTROL EXCHANGE TITLE RPATH POTENTIALS XANES EDGE SCF FMS S02 COREHOLE EGRID

Calculating atomic potentials ...
    overlapped atomic potential and density for unique potential    0
    overlapped atomic potential and density for unique potential    1
    overlapped atomic potential and density for unique potential    2
    overlapped atomic potential and density for unique potential    3
Done with module: atomic potentials.

Calculating SCF potentials ...
FEFF-serial using 1 thread.
Muffin tin radii and interstitial parameters [bohr]:
type, norman radius, muffin tin, overlap factor
    0  1.32629E+00  1.22179E+00  1.15000E+00
    1  1.32546E+00  1.22091E+00  1.15000E+00
    2  1.46413E+00  1.33233E+00  1.15000E+00
    3  1.11132E+00  1.02874E+00  1.15000E+00
Core-valence separation energy:  ecv=   -40.000 eV
Initial Fermi level:              mu=     2.267 eV
SCF ITERATION NUMBER  1
     point #   1  energy = -40.000
FMS for a cluster of  131 atoms around atom type   0
FMS for a cluster of  125 atoms around atom type   1
FMS for a cluster of  119 atoms around atom type   2
FMS for a cluster of  125 atoms around atom type   3
     point #  20  energy = -28.912
     point #  40  energy =  -8.662
     point #  60  energy =  -1.846
     point #  80  energy =  -2.549
New Fermi level:    mu=  -2.555 eV  Charge distance=  0.3241 (partial c.d.=  8.6615)
SCF ITERATION NUMBER  1
     point #   1  energy = -40.000
FMS for a cluster of  131 atoms around atom type   0
FMS for a cluster of  125 atoms around atom type   1
FMS for a cluster of  119 atoms around atom type   2
FMS for a cluster of  125 atoms around atom type   3
     point #  20  energy = -28.868
     point #  40  energy =  -8.627
     point #  60  energy =  -2.555
     point #  80  energy =  -4.202
     point # 100  energy =  -6.124
New Fermi level:    mu=  -6.203 eV  Charge distance=  0.6114 (partial c.d.=  3.0173)
SCF ITERATION NUMBER  1
     point #   1  energy = -40.000
FMS for a cluster of  131 atoms around atom type   0
FMS for a cluster of  125 atoms around atom type   1
FMS for a cluster of  119 atoms around atom type   2
FMS for a cluster of  125 atoms around atom type   3
     point #  20  energy = -28.734
     point #  40  energy =  -8.251
     point #  60  energy =  -6.190
     point #  80  energy =  -5.737
New Fermi level:    mu=  -5.794 eV  Charge distance=  0.1768 (partial c.d.=  3.1525)
SCF ITERATION NUMBER  2
     point #   1  energy = -40.000
     point #  20  energy = -28.933
     point #  40  energy =  -8.812
     point #  60  energy =  -5.806
     point #  80  energy =  -6.484
New Fermi level:    mu=  -6.529 eV  Charge distance=  0.0817 (partial c.d.=  0.7244)
SCF ITERATION NUMBER  3
     point #   1  energy = -40.000
     point #  20  energy = -28.843
     point #  40  energy =  -8.557
     point #  60  energy =  -6.504
New Fermi level:    mu=  -6.400 eV  Charge distance=  0.1056 (partial c.d.=  0.5369)
SCF ITERATION NUMBER  4
     point #   1  energy = -40.000
     point #  20  energy = -28.800
     point #  40  energy =  -8.437
     point #  60  energy =  -6.413
     point #  80  energy =  -6.838
New Fermi level:    mu=  -6.841 eV  Charge distance=  0.1580 (partial c.d.=  1.9149)
SCF ITERATION NUMBER  5
     point #   1  energy = -40.000
     point #  20  energy = -28.947
     point #  40  energy =  -8.851
     point #  60  energy =  -6.866
New Fermi level:    mu=  -6.915 eV  Charge distance=  0.0218 (partial c.d.=  1.7622)
SCF ITERATION NUMBER  6
     point #   1  energy = -40.000
     point #  20  energy = -28.972
     point #  40  energy =  -8.920
     point #  60  energy =  -6.890
New Fermi level:    mu=  -6.792 eV  Charge distance=  0.0227 (partial c.d.=  0.1010)
SCF ITERATION NUMBER  7
     point #   1  energy = -40.000
     point #  20  energy = -28.931
     point #  40  energy =  -8.804
     point #  60  energy =  -6.767
New Fermi level:    mu=  -6.740 eV  Charge distance=  0.0044 (partial c.d.=  0.1307)
SCF ITERATION NUMBER  8
     point #   1  energy = -40.000
     point #  20  energy = -28.913
     point #  40  energy =  -8.756
New Fermi level:    mu=  -6.729 eV  Charge distance=  0.0084 (partial c.d.=  0.0205)
SCF ITERATION NUMBER  9
     point #   1  energy = -40.000
     point #  20  energy = -28.910
     point #  40  energy =  -8.745
New Fermi level:    mu=  -6.717 eV  Charge distance=  0.0042 (partial c.d.=  0.0220)
SCF ITERATION NUMBER 10
     point #   1  energy = -40.000
     point #  20  energy = -28.906
     point #  40  energy =  -8.734
New Fermi level:    mu=  -6.709 eV  Charge distance=  0.0005 (partial c.d.=  0.0009)
SCF ITERATION NUMBER 11
     point #   1  energy = -40.000
     point #  20  energy = -28.903
     point #  40  energy =  -8.727
New Fermi level:    mu=  -6.708 eV  Charge distance=  0.0004 (partial c.d.=  0.0004)
SCF ITERATION NUMBER 12
     point #   1  energy = -40.000
     point #  20  energy = -28.903
     point #  40  energy =  -8.726
New Fermi level:    mu=  -6.708 eV  Charge distance=  0.0004 (partial c.d.=  0.0011)
SCF ITERATION NUMBER 13
     point #   1  energy = -40.000
     point #  20  energy = -28.903
     point #  40  energy =  -8.726
New Fermi level:    mu=  -6.708 eV  Charge distance=  0.0001 (partial c.d.=  0.0007)
SCF ITERATION NUMBER 14
     point #   1  energy = -40.000
     point #  20  energy = -28.903
     point #  40  energy =  -8.726
New Fermi level:    mu=  -6.708 eV  Charge distance=  0.0000 (partial c.d.=  0.0002)
Electronic configuration
  type     l     N_el
     0     0    0.554
     0     1    0.643
     0     2    9.461
     0     3    0.000
     1     0    0.553
     1     1    0.646
     1     2    9.470
     1     3    0.000
     2     0    0.713
     2     1    0.694
     2     2    8.109
     2     3    0.000
     3     0    1.876
     3     1    4.390
     3     2    0.096
     3     3    0.000
Charge transfer:  type  charge
       0   -0.342
       1   -0.330
       2   -0.484
       3    0.361
Convergence reached in   14 iterations.
Done with module: potentials.

Calculating screened core-hole potential ...
FMS for a cluster of   25 atoms around iph =   0
    0% of energy integration
   20%
   40%
   60%
   80%
  100%
Preparing response function.
Computing (1 - K Chi0)^-1 v_ch
Done with module: screened core-hole potential.

Calculating cross-section and phases ...
    absorption cross section
 x0,dx,rnrm,inrm,jnrm   8.80000000000000       5.000000000000000E-002
   2.50632884000001              195         196
    phase shifts for unique potential    0
    phase shifts for unique potential    1
    phase shifts for unique potential    2
    phase shifts for unique potential    3
Done with module: cross-section and phases (XSPH).

FMS calculation of full Green's function ...
FEFF-serial using 1 thread.
Using   194 energy points.
xprep done
FMS for a cluster of  258 atoms
Energy point    1/ 194
Energy point   10/ 194
Energy point   20/ 194
Energy point   30/ 194
Energy point   40/ 194
Energy point   50/ 194
Energy point   60/ 194
Energy point   70/ 194
Energy point   80/ 194
Energy point   90/ 194
Energy point  100/ 194
Energy point  110/ 194
Energy point  120/ 194
Energy point  130/ 194
Energy point  140/ 194
Energy point  150/ 194
Energy point  160/ 194
Energy point  170/ 194
Energy point  180/ 194
Energy point  190/ 194
Done with module: FMS.

MKGTR: Tracing over Green's function ...
Done with module: MKGTR.

Pathfinder: finding scattering paths...
Preparing plane wave scattering amplitudes
Searching for paths
Eliminating path degeneracies
0 paths retained.
Done with module: pathfinder.

Calculating EXAFS parameters ...
Done with module: EXAFS parameters (GENFMT).

Calculating XAS spectra ...
Done with module: XAS spectra (FF2X: DW + final sum over paths).

 
### feff ends at Mon Aug 14 06:17:16 EDT 2023
 
