### feff starts at Sun Aug 13 13:10:31 EDT 2023
### Serial version
### FeffPath is /sdcc/u/mcarbone/software/JFEFF/hsw/feff90/linux
 
Launching FEFF version FEFF 9.9.1
Core hole lifetime is   1.729 eV.
Your calculation:
 comment: None given
 Source:
 Structure Summary:  Zn6 Cu2 P4 O18
 Reduced formula:  Zn3CuP2O9
 space group: (C2/m), space number:  (12)
 abc:  6.408901   6.408901   9.910136
 angles: 67.423469  67.423469  78.637355
 sites: 30
Cu K edge XANES using RPA corehole.
Using:     * Self-Consistent Field potentials
Using cards:   ATOMS CONTROL EXCHANGE TITLE RPATH POTENTIALS XANES EDGE SCF FMS S02 COREHOLE EGRID

Calculating atomic potentials ...
    overlapped atomic potential and density for unique potential    0
    overlapped atomic potential and density for unique potential    1
    overlapped atomic potential and density for unique potential    2
    overlapped atomic potential and density for unique potential    3
    overlapped atomic potential and density for unique potential    4
Done with module: atomic potentials.

Calculating SCF potentials ...
FEFF-serial using 1 thread.
Muffin tin radii and interstitial parameters [bohr]:
type, norman radius, muffin tin, overlap factor
    0  1.38657E+00  1.32097E+00  1.13106E+00
    1  1.43968E+00  1.35932E+00  1.15000E+00
    2  1.38657E+00  1.32097E+00  1.13106E+00
    3  1.15738E+00  9.40550E-01  1.15000E+00
    4  1.04758E+00  9.30134E-01  1.15000E+00
Core-valence separation energy:  ecv=   -40.000 eV
Initial Fermi level:              mu=     5.140 eV
SCF ITERATION NUMBER  1
     point #   1  energy = -40.000
FMS for a cluster of  131 atoms around atom type   0
FMS for a cluster of  114 atoms around atom type   1
FMS for a cluster of  125 atoms around atom type   2
FMS for a cluster of  119 atoms around atom type   3
FMS for a cluster of  123 atoms around atom type   4
     point #  20  energy = -28.938
     point #  40  energy =  -8.688
     point #  60  energy =  -5.419
     point #  80  energy =  -4.384
New Fermi level:    mu=  -4.369 eV  Charge distance=  1.1794 (partial c.d.= 10.2707)
SCF ITERATION NUMBER  1
     point #   1  energy = -40.000
FMS for a cluster of  131 atoms around atom type   0
FMS for a cluster of  114 atoms around atom type   1
FMS for a cluster of  125 atoms around atom type   2
FMS for a cluster of  119 atoms around atom type   3
FMS for a cluster of  123 atoms around atom type   4
     point #  20  energy = -28.802
     point #  40  energy =  -8.441
     point #  60  energy =  -4.369
     point #  80  energy =  -6.522
     point # 100  energy =  -7.026
New Fermi level:    mu=  -6.812 eV  Charge distance=  0.3762 (partial c.d.=  6.2464)
SCF ITERATION NUMBER  1
     point #   1  energy = -40.000
FMS for a cluster of  131 atoms around atom type   0
FMS for a cluster of  114 atoms around atom type   1
FMS for a cluster of  125 atoms around atom type   2
FMS for a cluster of  119 atoms around atom type   3
FMS for a cluster of  123 atoms around atom type   4
     point #  20  energy = -28.937
     point #  40  energy =  -8.824
     point #  60  energy =  -6.825
     point #  80  energy =  -7.137
New Fermi level:    mu=  -7.049 eV  Charge distance=  0.2065 (partial c.d.=  0.1897)
SCF ITERATION NUMBER  2
     point #   1  energy = -40.000
     point #  20  energy = -29.016
     point #  40  energy =  -9.046
     point #  60  energy =  -7.074
New Fermi level:    mu=  -7.096 eV  Charge distance=  0.2236 (partial c.d.=  0.2513)
SCF ITERATION NUMBER  3
     point #   1  energy = -40.000
     point #  20  energy = -28.689
     point #  40  energy =  -8.125
     point #  60  energy =  -7.056
     point #  80  energy =  -6.490
New Fermi level:    mu=  -6.507 eV  Charge distance=  0.1784 (partial c.d.=  1.0477)
SCF ITERATION NUMBER  4
     point #   1  energy = -40.000
     point #  20  energy = -28.836
     point #  40  energy =  -8.537
     point #  60  energy =  -6.519
     point #  80  energy =  -7.223
New Fermi level:    mu=  -7.124 eV  Charge distance=  0.0654 (partial c.d.=  1.1332)
SCF ITERATION NUMBER  5
     point #   1  energy = -40.000
     point #  20  energy = -28.699
     point #  40  energy =  -8.152
New Fermi level:    mu=  -7.148 eV  Charge distance=  0.1181 (partial c.d.=  0.0450)
SCF ITERATION NUMBER  6
     point #   1  energy = -40.000
     point #  20  energy = -28.707
     point #  40  energy =  -8.174
New Fermi level:    mu=  -7.170 eV  Charge distance=  0.0144 (partial c.d.=  0.2178)
SCF ITERATION NUMBER  7
     point #   1  energy = -40.000
     point #  20  energy = -28.715
     point #  40  energy =  -8.196
New Fermi level:    mu=  -7.174 eV  Charge distance=  0.0093 (partial c.d.=  0.0183)
SCF ITERATION NUMBER  8
     point #   1  energy = -40.000
     point #  20  energy = -28.716
     point #  40  energy =  -8.200
New Fermi level:    mu=  -7.173 eV  Charge distance=  0.0091 (partial c.d.=  0.0069)
SCF ITERATION NUMBER  9
     point #   1  energy = -40.000
     point #  20  energy = -28.716
     point #  40  energy =  -8.199
New Fermi level:    mu=  -7.169 eV  Charge distance=  0.0030 (partial c.d.=  0.0034)
SCF ITERATION NUMBER 10
     point #   1  energy = -40.000
     point #  20  energy = -28.714
     point #  40  energy =  -8.195
New Fermi level:    mu=  -7.163 eV  Charge distance=  0.0005 (partial c.d.=  0.0022)
SCF ITERATION NUMBER 11
     point #   1  energy = -40.000
     point #  20  energy = -28.712
     point #  40  energy =  -8.189
New Fermi level:    mu=  -7.161 eV  Charge distance=  0.0006 (partial c.d.=  0.0009)
SCF ITERATION NUMBER 12
     point #   1  energy = -40.000
     point #  20  energy = -28.712
     point #  40  energy =  -8.187
New Fermi level:    mu=  -7.160 eV  Charge distance=  0.0003 (partial c.d.=  0.0004)
SCF ITERATION NUMBER 13
     point #   1  energy = -40.000
     point #  20  energy = -28.711
     point #  40  energy =  -8.186
New Fermi level:    mu=  -7.160 eV  Charge distance=  0.0001 (partial c.d.=  0.0003)
SCF ITERATION NUMBER 14
     point #   1  energy = -40.000
     point #  20  energy = -28.711
     point #  40  energy =  -8.186
New Fermi level:    mu=  -7.160 eV  Charge distance=  0.0001 (partial c.d.=  0.0002)
SCF ITERATION NUMBER 15
     point #   1  energy = -40.000
     point #  20  energy = -28.711
     point #  40  energy =  -8.187
New Fermi level:    mu=  -7.161 eV  Charge distance=  0.0000 (partial c.d.=  0.0000)
Electronic configuration
  type     l     N_el
     0     0    0.436
     0     1    0.553
     0     2    9.653
     0     3    0.000
     1     0    0.735
     1     1    0.900
     1     2   10.255
     1     3    0.000
     2     0    0.436
     2     1    0.552
     2     2    9.653
     2     3    0.000
     3     0    1.190
     3     1    2.030
     3     2    1.017
     3     3    0.000
     4     0    1.825
     4     1    4.354
     4     2    0.067
     4     3    0.000
Charge transfer:  type  charge
       0   -0.358
       1   -0.110
       2   -0.358
       3   -0.764
       4    0.246
Convergence reached in   15 iterations.
Done with module: potentials.

Calculating screened core-hole potential ...
FMS for a cluster of   24 atoms around iph =   0
    0% of energy integration
   20%
   40%
   60%
   80%
  100%
Preparing response function.
Computing (1 - K Chi0)^-1 v_ch
Done with module: screened core-hole potential.

Calculating cross-section and phases ...
    absorption cross section
 x0,dx,rnrm,inrm,jnrm   8.80000000000000       5.000000000000000E-002
   2.62023221400013              196         197
    phase shifts for unique potential    0
    phase shifts for unique potential    1
    phase shifts for unique potential    2
    phase shifts for unique potential    3
    phase shifts for unique potential    4
Done with module: cross-section and phases (XSPH).

FMS calculation of full Green's function ...
FEFF-serial using 1 thread.
Using   194 energy points.
xprep done
FMS for a cluster of  265 atoms
Energy point    1/ 194
Energy point   10/ 194
Energy point   20/ 194
Energy point   30/ 194
Energy point   40/ 194
Energy point   50/ 194
Energy point   60/ 194
Energy point   70/ 194
Energy point   80/ 194
Energy point   90/ 194
Energy point  100/ 194
Energy point  110/ 194
Energy point  120/ 194
Energy point  130/ 194
Energy point  140/ 194
Energy point  150/ 194
Energy point  160/ 194
Energy point  170/ 194
Energy point  180/ 194
Energy point  190/ 194
Done with module: FMS.

MKGTR: Tracing over Green's function ...
Done with module: MKGTR.

Pathfinder: finding scattering paths...
Preparing plane wave scattering amplitudes
Searching for paths
Eliminating path degeneracies
0 paths retained.
Done with module: pathfinder.

Calculating EXAFS parameters ...
Done with module: EXAFS parameters (GENFMT).

Calculating XAS spectra ...
Done with module: XAS spectra (FF2X: DW + final sum over paths).

 
### feff ends at Sun Aug 13 15:19:20 EDT 2023
 
