### feff starts at Sun Aug 13 09:26:11 EDT 2023
### Serial version
### FeffPath is /sdcc/u/mcarbone/software/JFEFF/hsw/feff90/linux
 
Launching FEFF version FEFF 9.9.1
Core hole lifetime is   1.729 eV.
Your calculation:
 comment: None given
 Source:
 Structure Summary:  Y2 Mn8 Cu6 O24
 Reduced formula:  YMn4(CuO4)3
 space group: (Pmmm), space number:  (47)
 abc:  7.311690   7.448554   7.492691
 angles: 89.999285  90.005129  89.979852
 sites: 40
Cu K edge XANES using RPA corehole.
Using:     * Self-Consistent Field potentials
Using cards:   ATOMS CONTROL EXCHANGE TITLE RPATH POTENTIALS XANES EDGE SCF FMS S02 COREHOLE EGRID

Calculating atomic potentials ...
    overlapped atomic potential and density for unique potential    0
    overlapped atomic potential and density for unique potential    1
    overlapped atomic potential and density for unique potential    2
    overlapped atomic potential and density for unique potential    3
    overlapped atomic potential and density for unique potential    4
Done with module: atomic potentials.

Calculating SCF potentials ...
FEFF-serial using 1 thread.
Muffin tin radii and interstitial parameters [bohr]:
type, norman radius, muffin tin, overlap factor
    0  1.30579E+00  1.22467E+00  1.15000E+00
    1  1.72340E+00  1.67759E+00  1.06804E+00
    2  1.38456E+00  1.27399E+00  1.15000E+00
    3  1.27913E+00  1.18283E+00  1.15000E+00
    4  1.09596E+00  1.01906E+00  1.15000E+00
Core-valence separation energy:  ecv=   -40.000 eV
Initial Fermi level:              mu=    -0.105 eV
SCF ITERATION NUMBER  1
     point #   1  energy = -40.000
FMS for a cluster of  143 atoms around atom type   0
FMS for a cluster of  123 atoms around atom type   1
FMS for a cluster of  127 atoms around atom type   2
FMS for a cluster of  123 atoms around atom type   3
FMS for a cluster of  144 atoms around atom type   4
     point #  20  energy = -28.779
     point #  40  energy =  -8.529
     point #  60  energy =  -7.291
New Fermi level:    mu=  -7.046 eV  Charge distance=  1.8281 (partial c.d.=  9.6270)
SCF ITERATION NUMBER  1
     point #   1  energy = -40.000
FMS for a cluster of  143 atoms around atom type   0
FMS for a cluster of  123 atoms around atom type   1
FMS for a cluster of  127 atoms around atom type   2
FMS for a cluster of  123 atoms around atom type   3
FMS for a cluster of  144 atoms around atom type   4
     point #  20  energy = -29.015
     point #  40  energy =  -9.043
     point #  60  energy =  -7.034
     point #  80  energy =  -5.484
New Fermi level:    mu=  -5.125 eV  Charge distance=  1.0785 (partial c.d.=  9.4345)
SCF ITERATION NUMBER  1
     point #   1  energy = -40.000
FMS for a cluster of  143 atoms around atom type   0
FMS for a cluster of  123 atoms around atom type   1
FMS for a cluster of  127 atoms around atom type   2
FMS for a cluster of  123 atoms around atom type   3
FMS for a cluster of  144 atoms around atom type   4
     point #  20  energy = -28.717
     point #  40  energy =  -8.203
     point #  60  energy =  -5.138
     point #  80  energy =  -7.154
     point # 100  energy = -11.047
New Fermi level:    mu= -11.207 eV  Charge distance=  0.3719 (partial c.d.=  6.0045)
SCF ITERATION NUMBER  2
     point #   1  energy = -40.000
     point #  20  energy = -28.688
     point #  40  energy = -11.207
     point #  60  energy = -11.038
     point #  80  energy =  -8.341
New Fermi level:    mu=  -8.263 eV  Charge distance=  0.4326 (partial c.d.=  2.8049)
SCF ITERATION NUMBER  3
     point #   1  energy = -40.000
     point #  20  energy = -28.739
     point #  40  energy =  -8.263
     point #  60  energy =  -8.304
     point #  80  energy =  -9.904
New Fermi level:    mu=  -9.971 eV  Charge distance=  0.2814 (partial c.d.=  6.9895)
SCF ITERATION NUMBER  4
     point #   1  energy = -40.000
     point #  20  energy = -28.989
     point #  40  energy =  -9.971
     point #  60  energy = -10.061
New Fermi level:    mu= -10.817 eV  Charge distance=  0.3018 (partial c.d.=  6.6671)
SCF ITERATION NUMBER  5
     point #   1  energy = -40.000
     point #  20  energy = -28.930
     point #  40  energy = -10.817
     point #  60  energy = -10.692
New Fermi level:    mu= -10.596 eV  Charge distance=  0.1528 (partial c.d.=  1.4399)
SCF ITERATION NUMBER  6
     point #   1  energy = -40.000
     point #  20  energy = -28.847
     point #  40  energy = -10.596
     point #  60  energy = -10.471
New Fermi level:    mu= -10.381 eV  Charge distance=  0.1378 (partial c.d.=  0.6750)
SCF ITERATION NUMBER  7
     point #   1  energy = -40.000
     point #  20  energy = -28.765
     point #  40  energy = -10.381
     point #  60  energy = -10.290
New Fermi level:    mu=  -9.751 eV  Charge distance=  0.1111 (partial c.d.=  1.6143)
SCF ITERATION NUMBER  8
     point #   1  energy = -40.000
     point #  20  energy = -28.909
     point #  40  energy =  -9.751
     point #  60  energy =  -9.848
New Fermi level:    mu= -10.011 eV  Charge distance=  0.0142 (partial c.d.=  1.8069)
SCF ITERATION NUMBER  9
     point #   1  energy = -40.000
     point #  20  energy = -29.004
     point #  40  energy = -10.011
     point #  60  energy = -10.074
New Fermi level:    mu= -10.071 eV  Charge distance=  0.0172 (partial c.d.=  0.1776)
SCF ITERATION NUMBER 10
     point #   1  energy = -40.000
     point #  20  energy = -29.026
     point #  40  energy = -10.071
New Fermi level:    mu= -10.088 eV  Charge distance=  0.0113 (partial c.d.=  0.0905)
SCF ITERATION NUMBER 11
     point #   1  energy = -40.000
     point #  20  energy = -29.032
     point #  40  energy = -10.088
New Fermi level:    mu= -10.073 eV  Charge distance=  0.0187 (partial c.d.=  0.0229)
SCF ITERATION NUMBER 12
     point #   1  energy = -40.000
     point #  20  energy = -29.027
     point #  40  energy = -10.073
New Fermi level:    mu= -10.055 eV  Charge distance=  0.0025 (partial c.d.=  0.0299)
SCF ITERATION NUMBER 13
     point #   1  energy = -40.000
     point #  20  energy = -29.020
     point #  40  energy = -10.055
New Fermi level:    mu= -10.054 eV  Charge distance=  0.0018 (partial c.d.=  0.0059)
SCF ITERATION NUMBER 14
     point #   1  energy = -40.000
     point #  20  energy = -29.020
     point #  40  energy = -10.054
New Fermi level:    mu= -10.055 eV  Charge distance=  0.0014 (partial c.d.=  0.0026)
SCF ITERATION NUMBER 15
     point #   1  energy = -40.000
     point #  20  energy = -29.020
     point #  40  energy = -10.055
New Fermi level:    mu= -10.057 eV  Charge distance=  0.0006 (partial c.d.=  0.0011)
SCF ITERATION NUMBER 16
     point #   1  energy = -40.000
     point #  20  energy = -29.021
     point #  40  energy = -10.057
New Fermi level:    mu= -10.058 eV  Charge distance=  0.0001 (partial c.d.=  0.0004)
SCF ITERATION NUMBER 17
     point #   1  energy = -40.000
     point #  20  energy = -29.021
     point #  40  energy = -10.058
New Fermi level:    mu= -10.059 eV  Charge distance=  0.0001 (partial c.d.=  0.0002)
Electronic configuration
  type     l     N_el
     0     0    0.468
     0     1    0.533
     0     2    9.308
     0     3    0.000
     1     0    0.309
     1     1    6.461
     1     2    1.309
     1     3    0.000
     2     0    0.488
     2     1    0.818
     2     2    5.645
     2     3    0.000
     3     0    0.480
     3     1    0.559
     3     2    9.236
     3     3    0.000
     4     0    1.838
     4     1    4.361
     4     2    0.076
     4     3    0.000
Charge transfer:  type  charge
       0   -0.692
       1   -0.922
       2   -0.048
       3   -0.726
       4    0.275
Convergence reached in   17 iterations.
Done with module: potentials.

Calculating screened core-hole potential ...
FMS for a cluster of   27 atoms around iph =   0
    0% of energy integration
   20%
   40%
   60%
   80%
  100%
Preparing response function.
Computing (1 - K Chi0)^-1 v_ch
Done with module: screened core-hole potential.

Calculating cross-section and phases ...
    absorption cross section
 x0,dx,rnrm,inrm,jnrm   8.80000000000000       5.000000000000000E-002
   2.46758676399993              195         196
    phase shifts for unique potential    0
    phase shifts for unique potential    1
    phase shifts for unique potential    2
    phase shifts for unique potential    3
    phase shifts for unique potential    4
Done with module: cross-section and phases (XSPH).

FMS calculation of full Green's function ...
FEFF-serial using 1 thread.
Using   194 energy points.
xprep done
FMS for a cluster of  277 atoms
Energy point    1/ 194
Energy point   10/ 194
Energy point   20/ 194
Energy point   30/ 194
Energy point   40/ 194
Energy point   50/ 194
Energy point   60/ 194
Energy point   70/ 194
Energy point   80/ 194
Energy point   90/ 194
Energy point  100/ 194
Energy point  110/ 194
Energy point  120/ 194
Energy point  130/ 194
Energy point  140/ 194
Energy point  150/ 194
Energy point  160/ 194
Energy point  170/ 194
Energy point  180/ 194
Energy point  190/ 194
Done with module: FMS.

MKGTR: Tracing over Green's function ...
Done with module: MKGTR.

Pathfinder: finding scattering paths...
Preparing plane wave scattering amplitudes
Searching for paths
Eliminating path degeneracies
0 paths retained.
Done with module: pathfinder.

Calculating EXAFS parameters ...
Done with module: EXAFS parameters (GENFMT).

Calculating XAS spectra ...
Done with module: XAS spectra (FF2X: DW + final sum over paths).

 
### feff ends at Sun Aug 13 12:26:41 EDT 2023
 
