### feff starts at Mon Aug 14 09:51:51 EDT 2023
### Serial version
### FeffPath is /sdcc/u/mcarbone/software/JFEFF/hsw/feff90/linux
 
Launching FEFF version FEFF 9.9.1
Core hole lifetime is   1.729 eV.
Your calculation:
 comment: None given
 Source:
 Structure Summary:  K24 Cu8 O16
 Reduced formula:  K3CuO2
 space group: (P4_12_12), space number:  (92)
 abc:  8.673691   8.673691  13.496900
 angles: 90.000000  90.000000  90.000000
 sites: 48
Cu K edge XANES using RPA corehole.
Using:     * Self-Consistent Field potentials
Using cards:   ATOMS CONTROL EXCHANGE TITLE RPATH POTENTIALS XANES EDGE SCF FMS S02 COREHOLE EGRID

Calculating atomic potentials ...
    overlapped atomic potential and density for unique potential    0
    overlapped atomic potential and density for unique potential    1
    overlapped atomic potential and density for unique potential    2
    overlapped atomic potential and density for unique potential    3
Done with module: atomic potentials.

Calculating SCF potentials ...
FEFF-serial using 1 thread.
Muffin tin radii and interstitial parameters [bohr]:
type, norman radius, muffin tin, overlap factor
    0  1.32545E+00  1.11496E+00  1.15000E+00
    1  1.88892E+00  1.84751E+00  1.05518E+00
    2  1.32593E+00  1.11517E+00  1.15000E+00
    3  1.16242E+00  1.08461E+00  1.15000E+00
Core-valence separation energy:  ecv=   -42.500 eV
Initial Fermi level:              mu=    -3.038 eV
SCF ITERATION NUMBER  1
     point #   1  energy = -42.500
FMS for a cluster of   68 atoms around atom type   0
FMS for a cluster of   64 atoms around atom type   1
FMS for a cluster of   58 atoms around atom type   2
FMS for a cluster of   68 atoms around atom type   3
     point #  20  energy = -31.368
     point #  40  energy = -11.118
     point #  60  energy =  -5.958
New Fermi level:    mu=  -5.683 eV  Charge distance=  0.6331 (partial c.d.=  6.9347)
SCF ITERATION NUMBER  1
     point #   1  energy = -42.500
FMS for a cluster of   68 atoms around atom type   0
FMS for a cluster of   64 atoms around atom type   1
FMS for a cluster of   58 atoms around atom type   2
FMS for a cluster of   68 atoms around atom type   3
     point #  20  energy = -31.251
     point #  40  energy = -10.797
     point #  60  energy =  -5.683
     point #  80  energy =  -7.508
     point # 100  energy =  -9.908
     point # 120  energy =  -9.105
     point # 140  energy =  -8.587
     point # 160  energy =  -8.337
     point # 180  energy =  -8.087
New Fermi level:    mu=  -7.928 eV  Charge distance=  0.1909 (partial c.d.=  3.4691)
SCF ITERATION NUMBER  1
     point #   1  energy = -42.500
FMS for a cluster of   68 atoms around atom type   0
FMS for a cluster of   64 atoms around atom type   1
FMS for a cluster of   58 atoms around atom type   2
FMS for a cluster of   68 atoms around atom type   3
     point #  20  energy = -31.315
     point #  40  energy = -10.978
     point #  60  energy =  -7.915
     point #  80  energy =  -7.581
     point # 100  energy =  -7.331
New Fermi level:    mu=  -7.319 eV  Charge distance=  0.0704 (partial c.d.=  0.3923)
SCF ITERATION NUMBER  2
     point #   1  energy = -42.500
     point #  20  energy = -31.443
     point #  40  energy = -11.340
     point #  60  energy =  -7.319
     point #  80  energy =  -7.298
New Fermi level:    mu=  -7.100 eV  Charge distance=  0.1013 (partial c.d.=  0.2324)
SCF ITERATION NUMBER  3
     point #   1  energy = -42.500
     point #  20  energy = -31.374
     point #  40  energy = -11.146
     point #  60  energy =  -7.100
New Fermi level:    mu=  -7.132 eV  Charge distance=  0.0980 (partial c.d.=  0.0702)
SCF ITERATION NUMBER  4
     point #   1  energy = -42.500
     point #  20  energy = -31.384
     point #  40  energy = -11.174
     point #  60  energy =  -7.132
New Fermi level:    mu=  -7.133 eV  Charge distance=  0.0122 (partial c.d.=  0.0764)
SCF ITERATION NUMBER  5
     point #   1  energy = -42.500
     point #  20  energy = -31.385
     point #  40  energy = -11.175
     point #  60  energy =  -7.133
New Fermi level:    mu=  -7.156 eV  Charge distance=  0.0021 (partial c.d.=  0.0305)
SCF ITERATION NUMBER  6
     point #   1  energy = -42.500
     point #  20  energy = -31.392
     point #  40  energy = -11.196
     point #  60  energy =  -7.156
New Fermi level:    mu=  -7.158 eV  Charge distance=  0.0009 (partial c.d.=  0.0028)
SCF ITERATION NUMBER  7
     point #   1  energy = -42.500
     point #  20  energy = -31.392
     point #  40  energy = -11.197
     point #  60  energy =  -7.158
New Fermi level:    mu=  -7.157 eV  Charge distance=  0.0006 (partial c.d.=  0.0020)
SCF ITERATION NUMBER  8
     point #   1  energy = -42.500
     point #  20  energy = -31.392
     point #  40  energy = -11.197
     point #  60  energy =  -7.157
New Fermi level:    mu=  -7.156 eV  Charge distance=  0.0014 (partial c.d.=  0.0004)
SCF ITERATION NUMBER  9
     point #   1  energy = -42.500
     point #  20  energy = -31.392
     point #  40  energy = -11.195
     point #  60  energy =  -7.156
New Fermi level:    mu=  -7.152 eV  Charge distance=  0.0001 (partial c.d.=  0.0004)
SCF ITERATION NUMBER 10
     point #   1  energy = -42.500
     point #  20  energy = -31.391
     point #  40  energy = -11.192
     point #  60  energy =  -7.152
New Fermi level:    mu=  -7.152 eV  Charge distance=  0.0002 (partial c.d.=  0.0001)
Electronic configuration
  type     l     N_el
     0     0    0.663
     0     1    0.564
     0     2    9.486
     0     3    0.000
     1     0    2.239
     1     1    6.196
     1     2    0.297
     1     3    0.000
     2     0    0.664
     2     1    0.562
     2     2    9.484
     2     3    0.000
     3     0    1.887
     3     1    4.608
     3     2    0.053
     3     3    0.000
Charge transfer:  type  charge
       0   -0.287
       1   -0.268
       2   -0.291
       3    0.548
Convergence reached in   10 iterations.
Done with module: potentials.

Calculating screened core-hole potential ...
FMS for a cluster of   12 atoms around iph =   0
    0% of energy integration
   20%
   40%
   60%
   80%
  100%
Preparing response function.
Computing (1 - K Chi0)^-1 v_ch
Done with module: screened core-hole potential.

Calculating cross-section and phases ...
    absorption cross section
 x0,dx,rnrm,inrm,jnrm   8.80000000000000       5.000000000000000E-002
   2.50474427499990              195         196
    phase shifts for unique potential    0
    phase shifts for unique potential    1
    phase shifts for unique potential    2
    phase shifts for unique potential    3
Done with module: cross-section and phases (XSPH).

FMS calculation of full Green's function ...
FEFF-serial using 1 thread.
Using   194 energy points.
xprep done
FMS for a cluster of  146 atoms
Energy point    1/ 194
Energy point   10/ 194
Energy point   20/ 194
Energy point   30/ 194
Energy point   40/ 194
Energy point   50/ 194
Energy point   60/ 194
Energy point   70/ 194
Energy point   80/ 194
Energy point   90/ 194
Energy point  100/ 194
Energy point  110/ 194
Energy point  120/ 194
Energy point  130/ 194
Energy point  140/ 194
Energy point  150/ 194
Energy point  160/ 194
Energy point  170/ 194
Energy point  180/ 194
Energy point  190/ 194
Done with module: FMS.

MKGTR: Tracing over Green's function ...
Done with module: MKGTR.

Pathfinder: finding scattering paths...
Preparing plane wave scattering amplitudes
Searching for paths
Eliminating path degeneracies
0 paths retained.
Done with module: pathfinder.

Calculating EXAFS parameters ...
Done with module: EXAFS parameters (GENFMT).

Calculating XAS spectra ...
Done with module: XAS spectra (FF2X: DW + final sum over paths).

 
### feff ends at Mon Aug 14 10:16:43 EDT 2023
 
