### feff starts at Mon Aug 14 03:30:12 EDT 2023
### Serial version
### FeffPath is /sdcc/u/mcarbone/software/JFEFF/hsw/feff90/linux
 
Launching FEFF version FEFF 9.9.1
Core hole lifetime is   1.729 eV.
Your calculation:
 comment: None given
 Source:
 Structure Summary:  Mg3 Cu9 Si16 O48
 Reduced formula:  Mg3Cu9(SiO3)16
 space group: (P-1), space number:  (2)
 abc:  8.202419   8.232157  14.223296
 angles: 78.498968  74.140973  72.164007
 sites: 76
Cu K edge XANES using RPA corehole.
Using:     * Self-Consistent Field potentials
Using cards:   ATOMS CONTROL EXCHANGE TITLE RPATH POTENTIALS XANES EDGE SCF FMS S02 COREHOLE EGRID

Calculating atomic potentials ...
    overlapped atomic potential and density for unique potential    0
    overlapped atomic potential and density for unique potential    1
    overlapped atomic potential and density for unique potential    2
    overlapped atomic potential and density for unique potential    3
    overlapped atomic potential and density for unique potential    4
Done with module: atomic potentials.

Calculating SCF potentials ...
FEFF-serial using 1 thread.
Muffin tin radii and interstitial parameters [bohr]:
type, norman radius, muffin tin, overlap factor
    0  1.26196E+00  1.15363E+00  1.15000E+00
    1  1.44473E+00  1.34447E+00  1.15000E+00
    2  1.26185E+00  1.15390E+00  1.15000E+00
    3  1.21942E+00  1.00650E+00  1.15000E+00
    4  1.07223E+00  9.07170E-01  1.15000E+00
Core-valence separation energy:  ecv=   -40.000 eV
Initial Fermi level:              mu=     4.589 eV
SCF ITERATION NUMBER  1
     point #   1  energy = -40.000
FMS for a cluster of  129 atoms around atom type   0
FMS for a cluster of  120 atoms around atom type   1
FMS for a cluster of  122 atoms around atom type   2
FMS for a cluster of  120 atoms around atom type   3
FMS for a cluster of  123 atoms around atom type   4
     point #  20  energy = -28.855
     point #  40  energy =  -8.605
     point #  60  energy =  -4.724
New Fermi level:    mu=  -4.055 eV  Charge distance=  0.6890 (partial c.d.=  6.4151)
SCF ITERATION NUMBER  1
     point #   1  energy = -40.000
FMS for a cluster of  129 atoms around atom type   0
FMS for a cluster of  120 atoms around atom type   1
FMS for a cluster of  122 atoms around atom type   2
FMS for a cluster of  120 atoms around atom type   3
FMS for a cluster of  123 atoms around atom type   4
     point #  20  energy = -29.017
     point #  40  energy =  -9.048
     point #  60  energy =  -4.055
     point #  80  energy =  -5.633
     point # 100  energy =  -9.024
     point # 120  energy =  -9.852
     point # 140  energy = -10.105
New Fermi level:    mu= -10.131 eV  Charge distance=  0.1885 (partial c.d.=  3.6811)
SCF ITERATION NUMBER  1
     point #   1  energy = -40.000
FMS for a cluster of  129 atoms around atom type   0
FMS for a cluster of  120 atoms around atom type   1
FMS for a cluster of  122 atoms around atom type   2
FMS for a cluster of  120 atoms around atom type   3
FMS for a cluster of  123 atoms around atom type   4
     point #  20  energy = -29.048
     point #  40  energy = -10.131
     point #  60  energy = -10.040
     point #  80  energy =  -7.706
New Fermi level:    mu=  -8.082 eV  Charge distance=  0.0833 (partial c.d.=  0.4764)
SCF ITERATION NUMBER  2
     point #   1  energy = -40.000
     point #  20  energy = -29.028
     point #  40  energy =  -9.080
     point #  60  energy =  -8.042
     point #  80  energy =  -7.148
New Fermi level:    mu=  -7.252 eV  Charge distance=  0.2276 (partial c.d.=  0.2017)
SCF ITERATION NUMBER  3
     point #   1  energy = -40.000
     point #  20  energy = -28.743
     point #  40  energy =  -8.276
     point #  60  energy =  -7.215
New Fermi level:    mu=  -7.223 eV  Charge distance=  0.0629 (partial c.d.=  0.2557)
SCF ITERATION NUMBER  4
     point #   1  energy = -40.000
     point #  20  energy = -28.733
     point #  40  energy =  -8.248
     point #  60  energy =  -7.183
New Fermi level:    mu=  -7.006 eV  Charge distance=  0.0898 (partial c.d.=  1.2689)
SCF ITERATION NUMBER  5
     point #   1  energy = -40.000
     point #  20  energy = -29.002
     point #  40  energy =  -9.005
     point #  60  energy =  -7.018
New Fermi level:    mu=  -7.214 eV  Charge distance=  0.0193 (partial c.d.=  1.3796)
SCF ITERATION NUMBER  6
     point #   1  energy = -40.000
     point #  20  energy = -28.730
     point #  40  energy =  -8.238
     point #  60  energy =  -7.254
New Fermi level:    mu=  -7.379 eV  Charge distance=  0.0363 (partial c.d.=  0.1139)
SCF ITERATION NUMBER  7
     point #   1  energy = -40.000
     point #  20  energy = -28.787
     point #  40  energy =  -8.399
     point #  60  energy =  -7.342
New Fermi level:    mu=  -7.286 eV  Charge distance=  0.0213 (partial c.d.=  0.5981)
SCF ITERATION NUMBER  8
     point #   1  energy = -40.000
     point #  20  energy = -28.754
     point #  40  energy =  -8.308
     point #  60  energy =  -7.323
New Fermi level:    mu=  -7.338 eV  Charge distance=  0.0071 (partial c.d.=  0.5047)
SCF ITERATION NUMBER  9
     point #   1  energy = -40.000
     point #  20  energy = -28.773
     point #  40  energy =  -8.359
New Fermi level:    mu=  -7.349 eV  Charge distance=  0.0040 (partial c.d.=  0.0880)
SCF ITERATION NUMBER 10
     point #   1  energy = -40.000
     point #  20  energy = -28.776
     point #  40  energy =  -8.369
New Fermi level:    mu=  -7.331 eV  Charge distance=  0.0074 (partial c.d.=  0.0089)
SCF ITERATION NUMBER 11
     point #   1  energy = -40.000
     point #  20  energy = -28.770
     point #  40  energy =  -8.352
New Fermi level:    mu=  -7.333 eV  Charge distance=  0.0035 (partial c.d.=  0.0870)
SCF ITERATION NUMBER 12
     point #   1  energy = -40.000
     point #  20  energy = -28.771
     point #  40  energy =  -8.354
New Fermi level:    mu=  -7.334 eV  Charge distance=  0.0009 (partial c.d.=  0.0545)
SCF ITERATION NUMBER 13
     point #   1  energy = -40.000
     point #  20  energy = -28.771
     point #  40  energy =  -8.354
New Fermi level:    mu=  -7.331 eV  Charge distance=  0.0010 (partial c.d.=  0.0007)
SCF ITERATION NUMBER 14
     point #   1  energy = -40.000
     point #  20  energy = -28.770
     point #  40  energy =  -8.352
New Fermi level:    mu=  -7.328 eV  Charge distance=  0.0001 (partial c.d.=  0.0021)
SCF ITERATION NUMBER 15
     point #   1  energy = -40.000
     point #  20  energy = -28.769
     point #  40  energy =  -8.349
New Fermi level:    mu=  -7.328 eV  Charge distance=  0.0001 (partial c.d.=  0.0002)
Electronic configuration
  type     l     N_el
     0     0    0.500
     0     1    0.613
     0     2    9.411
     0     3    0.000
     1     0    0.500
     1     1    0.807
     1     2    0.566
     1     3    0.000
     2     0    0.499
     2     1    0.614
     2     2    9.411
     2     3    0.000
     3     0    0.956
     3     1    1.565
     3     2    0.882
     3     3    0.000
     4     0    1.835
     4     1    4.397
     4     2    0.065
     4     3    0.000
Charge transfer:  type  charge
       0   -0.476
       1   -0.128
       2   -0.476
       3   -0.597
       4    0.296
Convergence reached in   15 iterations.
Done with module: potentials.

Calculating screened core-hole potential ...
FMS for a cluster of   25 atoms around iph =   0
    0% of energy integration
   20%
   40%
   60%
   80%
  100%
Preparing response function.
Computing (1 - K Chi0)^-1 v_ch
Done with module: screened core-hole potential.

Calculating cross-section and phases ...
    absorption cross section
 x0,dx,rnrm,inrm,jnrm   8.80000000000000       5.000000000000000E-002
   2.38476177099998              194         195
    phase shifts for unique potential    0
    phase shifts for unique potential    1
    phase shifts for unique potential    2
    phase shifts for unique potential    3
    phase shifts for unique potential    4
Done with module: cross-section and phases (XSPH).

FMS calculation of full Green's function ...
FEFF-serial using 1 thread.
Using   194 energy points.
xprep done
FMS for a cluster of  273 atoms
Energy point    1/ 194
Energy point   10/ 194
Energy point   20/ 194
Energy point   30/ 194
Energy point   40/ 194
Energy point   50/ 194
Energy point   60/ 194
Energy point   70/ 194
Energy point   80/ 194
Energy point   90/ 194
Energy point  100/ 194
Energy point  110/ 194
Energy point  120/ 194
Energy point  130/ 194
Energy point  140/ 194
Energy point  150/ 194
Energy point  160/ 194
Energy point  170/ 194
Energy point  180/ 194
Energy point  190/ 194
Done with module: FMS.

MKGTR: Tracing over Green's function ...
Done with module: MKGTR.

Pathfinder: finding scattering paths...
Preparing plane wave scattering amplitudes
Searching for paths
Eliminating path degeneracies
0 paths retained.
Done with module: pathfinder.

Calculating EXAFS parameters ...
Done with module: EXAFS parameters (GENFMT).

Calculating XAS spectra ...
Done with module: XAS spectra (FF2X: DW + final sum over paths).

 
### feff ends at Mon Aug 14 05:50:36 EDT 2023
 
