### feff starts at Sun Aug 13 09:26:11 EDT 2023
### Serial version
### FeffPath is /sdcc/u/mcarbone/software/JFEFF/hsw/feff90/linux
 
Launching FEFF version FEFF 9.9.1
Resetting lmaxsc to 2 for iph =    2.  Use  UNFREEZE to prevent this.
Core hole lifetime is   1.729 eV.
Your calculation:
 comment: None given
 Source:
 Structure Summary:  Ca20 Pr8 Cu48 O82
 Reduced formula:  Ca10Pr4Cu24O41
 space group: (Cccm), space number:  (66)
 abc:  8.550343   8.550343  27.968099
 angles: 90.000000  90.000000  97.455599
 sites: 158
Cu K edge XANES using RPA corehole.
Using:     * Self-Consistent Field potentials
Using cards:   ATOMS CONTROL EXCHANGE TITLE RPATH POTENTIALS XANES EDGE SCF FMS S02 COREHOLE EGRID

Calculating atomic potentials ...
    overlapped atomic potential and density for unique potential    0
    overlapped atomic potential and density for unique potential    1
    overlapped atomic potential and density for unique potential    2
    overlapped atomic potential and density for unique potential    3
    overlapped atomic potential and density for unique potential    4
Done with module: atomic potentials.

Calculating SCF potentials ...
FEFF-serial using 1 thread.
Muffin tin radii and interstitial parameters [bohr]:
type, norman radius, muffin tin, overlap factor
    0  1.28834E+00  1.17980E+00  1.15000E+00
    1  1.73758E+00  1.66205E+00  1.11862E+00
    2  1.79026E+00  1.70641E+00  1.12951E+00
    3  1.28834E+00  1.17980E+00  1.15000E+00
    4  1.11677E+00  1.04640E+00  1.15000E+00
Core-valence separation energy:  ecv=   -37.000 eV
Initial Fermi level:              mu=    -1.078 eV
SCF ITERATION NUMBER  1
     point #   1  energy = -37.000
FMS for a cluster of  109 atoms around atom type   0
FMS for a cluster of  110 atoms around atom type   1
FMS for a cluster of   97 atoms around atom type   2
FMS for a cluster of  109 atoms around atom type   3
FMS for a cluster of  112 atoms around atom type   4
     point #  20  energy = -25.752
     point #  40  energy =  -6.514
     point #  60  energy =  -4.980
New Fermi level:    mu=  -4.972 eV  Charge distance=  0.9265 (partial c.d.=  6.7327)
SCF ITERATION NUMBER  1
     point #   1  energy = -37.000
FMS for a cluster of  109 atoms around atom type   0
FMS for a cluster of  110 atoms around atom type   1
FMS for a cluster of   97 atoms around atom type   2
FMS for a cluster of  109 atoms around atom type   3
FMS for a cluster of  112 atoms around atom type   4
     point #  20  energy = -25.990
     point #  40  energy =  -5.973
     point #  60  energy =  -5.012
     point #  80  energy =  -7.900
     point # 100  energy = -10.972
New Fermi level:    mu= -11.520 eV  Charge distance=  0.2854 (partial c.d.=  4.6448)
SCF ITERATION NUMBER  1
     point #   1  energy = -37.000
FMS for a cluster of  109 atoms around atom type   0
FMS for a cluster of  110 atoms around atom type   1
FMS for a cluster of   97 atoms around atom type   2
FMS for a cluster of  109 atoms around atom type   3
FMS for a cluster of  112 atoms around atom type   4
     point #  20  energy = -25.789
     point #  40  energy = -11.520
     point #  60  energy = -11.239
     point #  80  energy = -10.189
New Fermi level:    mu= -10.346 eV  Charge distance=  0.2225 (partial c.d.=  0.5128)
SCF ITERATION NUMBER  2
     point #   1  energy = -37.000
     point #  20  energy = -25.723
     point #  40  energy = -10.346
     point #  60  energy = -10.065
     point #  80  energy =  -9.096
New Fermi level:    mu=  -9.246 eV  Charge distance=  0.6127 (partial c.d.=  0.1547)
SCF ITERATION NUMBER  3
     point #   1  energy = -37.000
     point #  20  energy = -25.693
     point #  40  energy =  -9.246
     point #  60  energy =  -9.078
     point #  80  energy =  -8.146
New Fermi level:    mu=  -8.182 eV  Charge distance=  0.0742 (partial c.d.=  0.5252)
SCF ITERATION NUMBER  4
     point #   1  energy = -37.000
     point #  20  energy = -25.679
     point #  40  energy =  -8.182
     point #  60  energy =  -8.373
New Fermi level:    mu=  -8.839 eV  Charge distance=  0.0180 (partial c.d.=  0.2833)
SCF ITERATION NUMBER  5
     point #   1  energy = -37.000
     point #  20  energy = -25.937
     point #  40  energy =  -8.839
New Fermi level:    mu=  -8.874 eV  Charge distance=  0.0197 (partial c.d.=  0.1142)
SCF ITERATION NUMBER  6
     point #   1  energy = -37.000
     point #  20  energy = -25.951
     point #  40  energy =  -8.874
New Fermi level:    mu=  -8.942 eV  Charge distance=  0.0152 (partial c.d.=  0.3095)
SCF ITERATION NUMBER  7
     point #   1  energy = -37.000
     point #  20  energy = -25.977
     point #  40  energy =  -8.942
New Fermi level:    mu=  -8.959 eV  Charge distance=  0.0092 (partial c.d.=  0.4377)
SCF ITERATION NUMBER  8
     point #   1  energy = -37.000
     point #  20  energy = -25.984
     point #  40  energy =  -8.959
New Fermi level:    mu=  -8.967 eV  Charge distance=  0.0024 (partial c.d.=  0.3020)
SCF ITERATION NUMBER  9
     point #   1  energy = -37.000
     point #  20  energy = -25.987
     point #  40  energy =  -8.967
New Fermi level:    mu=  -8.963 eV  Charge distance=  0.0032 (partial c.d.=  0.0518)
SCF ITERATION NUMBER 10
     point #   1  energy = -37.000
     point #  20  energy = -25.985
     point #  40  energy =  -8.963
New Fermi level:    mu=  -8.956 eV  Charge distance=  0.0015 (partial c.d.=  0.0268)
SCF ITERATION NUMBER 11
     point #   1  energy = -37.000
     point #  20  energy = -25.983
     point #  40  energy =  -8.956
New Fermi level:    mu=  -8.953 eV  Charge distance=  0.0015 (partial c.d.=  0.0027)
SCF ITERATION NUMBER 12
     point #   1  energy = -37.000
     point #  20  energy = -25.982
     point #  40  energy =  -8.953
New Fermi level:    mu=  -8.949 eV  Charge distance=  0.0003 (partial c.d.=  0.0019)
SCF ITERATION NUMBER 13
     point #   1  energy = -37.000
     point #  20  energy = -25.980
     point #  40  energy =  -8.949
New Fermi level:    mu=  -8.949 eV  Charge distance=  0.0003 (partial c.d.=  0.0027)
SCF ITERATION NUMBER 14
     point #   1  energy = -37.000
     point #  20  energy = -25.980
     point #  40  energy =  -8.949
New Fermi level:    mu=  -8.949 eV  Charge distance=  0.0002 (partial c.d.=  0.0007)
SCF ITERATION NUMBER 15
     point #   1  energy = -37.000
     point #  20  energy = -25.980
     point #  40  energy =  -8.949
New Fermi level:    mu=  -8.949 eV  Charge distance=  0.0001 (partial c.d.=  0.0011)
SCF ITERATION NUMBER 16
     point #   1  energy = -37.000
     point #  20  energy = -25.980
     point #  40  energy =  -8.949
New Fermi level:    mu=  -8.949 eV  Charge distance=  0.0000 (partial c.d.=  0.0009)
SCF ITERATION NUMBER 17
     point #   1  energy = -37.000
     point #  20  energy = -25.980
     point #  40  energy =  -8.949
New Fermi level:    mu=  -8.949 eV  Charge distance=  0.0001 (partial c.d.=  0.0001)
Electronic configuration
  type     l     N_el
     0     0    0.503
     0     1    0.595
     0     2    9.399
     0     3    0.000
     1     0    0.353
     1     1    6.557
     1     2    0.990
     1     3    0.000
     2     0    0.333
     2     1    6.429
     2     2    1.562
     2     3    0.000
     3     0    0.503
     3     1    0.595
     3     2    9.399
     3     3    0.000
     4     0    1.865
     4     1    4.450
     4     2    0.071
     4     3    0.000
Charge transfer:  type  charge
       0   -0.503
       1   -0.101
       2   -0.676
       3   -0.503
       4    0.385
Convergence reached in   17 iterations.
Done with module: potentials.

Calculating screened core-hole potential ...
FMS for a cluster of   19 atoms around iph =   0
    0% of energy integration
   20%
   40%
   60%
   80%
  100%
Preparing response function.
Computing (1 - K Chi0)^-1 v_ch
Done with module: screened core-hole potential.

Calculating cross-section and phases ...
    absorption cross section
 x0,dx,rnrm,inrm,jnrm   8.80000000000000       5.000000000000000E-002
   2.43460830999992              194         195
    phase shifts for unique potential    0
    phase shifts for unique potential    1
    phase shifts for unique potential    2
    phase shifts for unique potential    3
    phase shifts for unique potential    4
Done with module: cross-section and phases (XSPH).

FMS calculation of full Green's function ...
FEFF-serial using 1 thread.
Using   194 energy points.
xprep done
FMS for a cluster of  239 atoms
Energy point    1/ 194
Energy point   10/ 194
Energy point   20/ 194
Energy point   30/ 194
Energy point   40/ 194
Energy point   50/ 194
Energy point   60/ 194
Energy point   70/ 194
Energy point   80/ 194
Energy point   90/ 194
Energy point  100/ 194
Energy point  110/ 194
Energy point  120/ 194
Energy point  130/ 194
Energy point  140/ 194
Energy point  150/ 194
Energy point  160/ 194
Energy point  170/ 194
Energy point  180/ 194
Energy point  190/ 194
Done with module: FMS.

MKGTR: Tracing over Green's function ...
Done with module: MKGTR.

Pathfinder: finding scattering paths...
Preparing plane wave scattering amplitudes
Searching for paths
Eliminating path degeneracies
0 paths retained.
Done with module: pathfinder.

Calculating EXAFS parameters ...
Done with module: EXAFS parameters (GENFMT).

Calculating XAS spectra ...
Done with module: XAS spectra (FF2X: DW + final sum over paths).

 
### feff ends at Sun Aug 13 11:15:44 EDT 2023
 
