### feff starts at Mon Aug 14 02:42:28 EDT 2023
### Serial version
### FeffPath is /sdcc/u/mcarbone/software/JFEFF/hsw/feff90/linux
 
Launching FEFF version FEFF 9.9.1
Core hole lifetime is   1.729 eV.
Your calculation:
 comment: None given
 Source:
 Structure Summary:  Co21 Cu3 O32
 Reduced formula:  Co21Cu3O32
 space group: (R3m), space number:  (160)
 abc:  5.761179   5.761179  19.086965
 angles: 98.680198  90.000000 120.000000
 sites: 56
Cu K edge XANES using RPA corehole.
Using:     * Self-Consistent Field potentials
Using cards:   ATOMS CONTROL EXCHANGE TITLE RPATH POTENTIALS XANES EDGE SCF FMS S02 COREHOLE EGRID

Calculating atomic potentials ...
    overlapped atomic potential and density for unique potential    0
    overlapped atomic potential and density for unique potential    1
    overlapped atomic potential and density for unique potential    2
    overlapped atomic potential and density for unique potential    3
Done with module: atomic potentials.

Calculating SCF potentials ...
FEFF-serial using 1 thread.
Muffin tin radii and interstitial parameters [bohr]:
type, norman radius, muffin tin, overlap factor
    0  1.31465E+00  1.24564E+00  1.14845E+00
    1  1.31646E+00  1.22584E+00  1.15000E+00
    2  1.31462E+00  1.24558E+00  1.14854E+00
    3  1.06819E+00  9.96075E-01  1.15000E+00
Core-valence separation energy:  ecv=   -40.000 eV
Initial Fermi level:              mu=     0.043 eV
SCF ITERATION NUMBER  1
     point #   1  energy = -40.000
FMS for a cluster of  149 atoms around atom type   0
FMS for a cluster of  143 atoms around atom type   1
FMS for a cluster of  143 atoms around atom type   2
FMS for a cluster of  149 atoms around atom type   3
     point #  20  energy = -28.954
     point #  40  energy =  -9.716
     point #  60  energy =  -9.898
     point #  80  energy = -10.141
 Found bad counts.
  Occupation number in getorb is    10.000
  Will repeat this iteration.
 Found bad counts.
  Occupation number in getorb is    10.000
  Will repeat this iteration.
New Fermi level:    mu= -10.138 eV  Charge distance=  1.9254 (partial c.d.=  8.3748)
SCF ITERATION NUMBER  1
     point #   1  energy = -40.000
FMS for a cluster of  149 atoms around atom type   0
FMS for a cluster of  143 atoms around atom type   1
FMS for a cluster of  143 atoms around atom type   2
FMS for a cluster of  149 atoms around atom type   3
     point #  20  energy = -28.673
     point #  40  energy = -10.138
     point #  60  energy =  -9.997
     point #  80  energy =  -9.410
New Fermi level:    mu=  -9.553 eV  Charge distance=  0.6248 (partial c.d.=  9.7566)
SCF ITERATION NUMBER  1
     point #   1  energy = -40.000
FMS for a cluster of  149 atoms around atom type   0
FMS for a cluster of  143 atoms around atom type   1
FMS for a cluster of  143 atoms around atom type   2
FMS for a cluster of  149 atoms around atom type   3
     point #  20  energy = -28.836
     point #  40  energy =  -9.553
     point #  60  energy =  -9.643
     point #  80  energy = -11.506
     point # 100  energy = -11.884
New Fermi level:    mu= -11.944 eV  Charge distance=  0.3283 (partial c.d.=  0.6527)
SCF ITERATION NUMBER  2
     point #   1  energy = -40.000
     point #  20  energy = -28.978
     point #  40  energy = -11.944
New Fermi level:    mu= -11.910 eV  Charge distance=  0.2985 (partial c.d.=  0.3882)
SCF ITERATION NUMBER  3
     point #   1  energy = -40.000
     point #  20  energy = -28.965
     point #  40  energy = -11.910
     point #  60  energy = -11.741
New Fermi level:    mu= -11.020 eV  Charge distance=  0.2505 (partial c.d.=  7.6604)
SCF ITERATION NUMBER  4
     point #   1  energy = -40.000
     point #  20  energy = -29.008
     point #  40  energy = -11.020
     point #  60  energy = -11.161
     point #  80  energy = -11.673
New Fermi level:    mu= -11.833 eV  Charge distance=  0.0308 (partial c.d.=  7.5886)
SCF ITERATION NUMBER  5
     point #   1  energy = -40.000
     point #  20  energy = -28.934
     point #  40  energy = -11.833
New Fermi level:    mu= -11.903 eV  Charge distance=  0.0783 (partial c.d.=  0.0690)
SCF ITERATION NUMBER  6
     point #   1  energy = -40.000
     point #  20  energy = -28.962
     point #  40  energy = -11.903
New Fermi level:    mu= -11.878 eV  Charge distance=  0.0042 (partial c.d.=  0.1965)
SCF ITERATION NUMBER  7
     point #   1  energy = -40.000
     point #  20  energy = -28.952
     point #  40  energy = -11.878
New Fermi level:    mu= -11.915 eV  Charge distance=  0.0133 (partial c.d.=  0.0223)
SCF ITERATION NUMBER  8
     point #   1  energy = -40.000
     point #  20  energy = -28.967
     point #  40  energy = -11.915
New Fermi level:    mu= -11.889 eV  Charge distance=  0.0289 (partial c.d.=  0.0157)
SCF ITERATION NUMBER  9
     point #   1  energy = -40.000
     point #  20  energy = -28.956
     point #  40  energy = -11.889
New Fermi level:    mu= -11.880 eV  Charge distance=  0.0101 (partial c.d.=  0.0889)
SCF ITERATION NUMBER 10
     point #   1  energy = -40.000
     point #  20  energy = -28.953
     point #  40  energy = -11.880
New Fermi level:    mu= -11.875 eV  Charge distance=  0.0047 (partial c.d.=  0.0660)
SCF ITERATION NUMBER 11
     point #   1  energy = -40.000
     point #  20  energy = -28.951
     point #  40  energy = -11.875
New Fermi level:    mu= -11.877 eV  Charge distance=  0.0027 (partial c.d.=  0.0577)
SCF ITERATION NUMBER 12
     point #   1  energy = -40.000
     point #  20  energy = -28.952
     point #  40  energy = -11.877
New Fermi level:    mu= -11.880 eV  Charge distance=  0.0008 (partial c.d.=  0.0280)
SCF ITERATION NUMBER 13
     point #   1  energy = -40.000
     point #  20  energy = -28.953
     point #  40  energy = -11.880
New Fermi level:    mu= -11.881 eV  Charge distance=  0.0001 (partial c.d.=  0.0075)
SCF ITERATION NUMBER 14
     point #   1  energy = -40.000
     point #  20  energy = -28.953
     point #  40  energy = -11.881
New Fermi level:    mu= -11.882 eV  Charge distance=  0.0001 (partial c.d.=  0.0007)
SCF ITERATION NUMBER 15
     point #   1  energy = -40.000
     point #  20  energy = -28.953
     point #  40  energy = -11.882
New Fermi level:    mu= -11.883 eV  Charge distance=  0.0000 (partial c.d.=  0.0005)
SCF ITERATION NUMBER 16
     point #   1  energy = -40.000
     point #  20  energy = -28.954
     point #  40  energy = -11.883
New Fermi level:    mu= -11.883 eV  Charge distance=  0.0001 (partial c.d.=  0.0005)
SCF ITERATION NUMBER 17
     point #   1  energy = -40.000
     point #  20  energy = -28.954
     point #  40  energy = -11.883
New Fermi level:    mu= -11.883 eV  Charge distance=  0.0000 (partial c.d.=  0.0003)
SCF ITERATION NUMBER 18
     point #   1  energy = -40.000
     point #  20  energy = -28.954
     point #  40  energy = -11.883
New Fermi level:    mu= -11.883 eV  Charge distance=  0.0000 (partial c.d.=  0.0001)
Electronic configuration
  type     l     N_el
     0     0    0.425
     0     1    0.567
     0     2    9.246
     0     3    0.000
     1     0    0.508
     1     1    0.791
     1     2    7.602
     1     3    0.000
     2     0    0.425
     2     1    0.567
     2     2    9.246
     2     3    0.000
     3     0    1.814
     3     1    4.236
     3     2    0.087
     3     3    0.000
Charge transfer:  type  charge
       0   -0.762
       1   -0.099
       2   -0.763
       3    0.137
Convergence reached in   18 iterations.
Done with module: potentials.

Calculating screened core-hole potential ...
FMS for a cluster of   33 atoms around iph =   0
    0% of energy integration
   20%
   40%
   60%
   80%
  100%
Preparing response function.
Computing (1 - K Chi0)^-1 v_ch
Done with module: screened core-hole potential.

Calculating cross-section and phases ...
    absorption cross section
 x0,dx,rnrm,inrm,jnrm   8.80000000000000       5.000000000000000E-002
   2.48432602600017              195         196
    phase shifts for unique potential    0
    phase shifts for unique potential    1
    phase shifts for unique potential    2
    phase shifts for unique potential    3
Done with module: cross-section and phases (XSPH).

FMS calculation of full Green's function ...
FEFF-serial using 1 thread.
Using   194 energy points.
xprep done
FMS for a cluster of  331 atoms
Energy point    1/ 194
Energy point   10/ 194
Energy point   20/ 194
Energy point   30/ 194
Energy point   40/ 194
Energy point   50/ 194
Energy point   60/ 194
Energy point   70/ 194
Energy point   80/ 194
Energy point   90/ 194
Energy point  100/ 194
Energy point  110/ 194
Energy point  120/ 194
Energy point  130/ 194
Energy point  140/ 194
Energy point  150/ 194
Energy point  160/ 194
Energy point  170/ 194
Energy point  180/ 194
Energy point  190/ 194
Done with module: FMS.

MKGTR: Tracing over Green's function ...
Done with module: MKGTR.

Pathfinder: finding scattering paths...
Preparing plane wave scattering amplitudes
Searching for paths
Eliminating path degeneracies
0 paths retained.
Done with module: pathfinder.

Calculating EXAFS parameters ...
Done with module: EXAFS parameters (GENFMT).

Calculating XAS spectra ...
Done with module: XAS spectra (FF2X: DW + final sum over paths).

 
### feff ends at Mon Aug 14 06:12:31 EDT 2023
 
