### feff starts at Sun Aug 13 21:32:33 EDT 2023
### Serial version
### FeffPath is /sdcc/u/mcarbone/software/JFEFF/hsw/feff90/linux
 
Launching FEFF version FEFF 9.9.1
Core hole lifetime is   1.729 eV.
Your calculation:
 comment: None given
 Source:
 Structure Summary:  Li8 Cu4 P4 O16
 Reduced formula:  Li2CuPO4
 space group: (P1), space number:  (1)
 abc:  5.385370   6.219144  10.094058
 angles: 89.637787  89.869618  89.291360
 sites: 32
Cu K edge XANES using RPA corehole.
Using:     * Self-Consistent Field potentials
Using cards:   ATOMS CONTROL EXCHANGE TITLE RPATH POTENTIALS XANES EDGE SCF FMS S02 COREHOLE EGRID

Calculating atomic potentials ...
    overlapped atomic potential and density for unique potential    0
    overlapped atomic potential and density for unique potential    1
    overlapped atomic potential and density for unique potential    2
    overlapped atomic potential and density for unique potential    3
    overlapped atomic potential and density for unique potential    4
Done with module: atomic potentials.

Calculating SCF potentials ...
FEFF-serial using 1 thread.
Muffin tin radii and interstitial parameters [bohr]:
type, norman radius, muffin tin, overlap factor
    0  1.38993E+00  1.33106E+00  1.11506E+00
    1  1.29132E+00  1.23158E+00  1.12762E+00
    2  1.39856E+00  1.33893E+00  1.11597E+00
    3  1.15365E+00  9.44031E-01  1.15000E+00
    4  1.03962E+00  9.38544E-01  1.15000E+00
Core-valence separation energy:  ecv=   -40.000 eV
Initial Fermi level:              mu=     4.657 eV
SCF ITERATION NUMBER  1
     point #   1  energy = -40.000
FMS for a cluster of  140 atoms around atom type   0
FMS for a cluster of  131 atoms around atom type   1
FMS for a cluster of  132 atoms around atom type   2
FMS for a cluster of  130 atoms around atom type   3
FMS for a cluster of  138 atoms around atom type   4
     point #  20  energy = -28.843
     point #  40  energy =  -8.593
     point #  60  energy =  -4.309
New Fermi level:    mu=  -3.855 eV  Charge distance=  0.5628 (partial c.d.=  6.9062)
SCF ITERATION NUMBER  1
     point #   1  energy = -40.000
FMS for a cluster of  140 atoms around atom type   0
FMS for a cluster of  131 atoms around atom type   1
FMS for a cluster of  132 atoms around atom type   2
FMS for a cluster of  130 atoms around atom type   3
FMS for a cluster of  138 atoms around atom type   4
     point #  20  energy = -28.956
     point #  40  energy =  -8.875
     point #  60  energy =  -3.855
     point #  80  energy =  -5.680
     point # 100  energy =  -7.543
New Fermi level:    mu=  -7.202 eV  Charge distance=  0.1807 (partial c.d.=  3.2126)
SCF ITERATION NUMBER  1
     point #   1  energy = -40.000
FMS for a cluster of  140 atoms around atom type   0
FMS for a cluster of  131 atoms around atom type   1
FMS for a cluster of  132 atoms around atom type   2
FMS for a cluster of  130 atoms around atom type   3
FMS for a cluster of  138 atoms around atom type   4
     point #  20  energy = -28.726
     point #  40  energy =  -8.227
     point #  60  energy =  -7.161
New Fermi level:    mu=  -6.812 eV  Charge distance=  0.1032 (partial c.d.=  0.3229)
SCF ITERATION NUMBER  2
     point #   1  energy = -40.000
     point #  20  energy = -28.937
     point #  40  energy =  -8.823
     point #  60  energy =  -6.799
New Fermi level:    mu=  -6.506 eV  Charge distance=  0.1974 (partial c.d.=  0.1845)
SCF ITERATION NUMBER  3
     point #   1  energy = -40.000
     point #  20  energy = -28.835
     point #  40  energy =  -8.536
     point #  60  energy =  -6.481
New Fermi level:    mu=  -6.468 eV  Charge distance=  0.1329 (partial c.d.=  0.0697)
SCF ITERATION NUMBER  4
     point #   1  energy = -40.000
     point #  20  energy = -28.823
     point #  40  energy =  -8.501
     point #  60  energy =  -6.443
New Fermi level:    mu=  -6.416 eV  Charge distance=  0.0274 (partial c.d.=  0.0702)
SCF ITERATION NUMBER  5
     point #   1  energy = -40.000
     point #  20  energy = -28.805
     point #  40  energy =  -8.452
     point #  60  energy =  -6.441
New Fermi level:    mu=  -6.477 eV  Charge distance=  0.0048 (partial c.d.=  0.0243)
SCF ITERATION NUMBER  6
     point #   1  energy = -40.000
     point #  20  energy = -28.826
     point #  40  energy =  -8.509
     point #  60  energy =  -6.502
New Fermi level:    mu=  -6.491 eV  Charge distance=  0.0082 (partial c.d.=  0.0049)
SCF ITERATION NUMBER  7
     point #   1  energy = -40.000
     point #  20  energy = -28.830
     point #  40  energy =  -8.522
New Fermi level:    mu=  -6.500 eV  Charge distance=  0.0034 (partial c.d.=  0.0047)
SCF ITERATION NUMBER  8
     point #   1  energy = -40.000
     point #  20  energy = -28.833
     point #  40  energy =  -8.530
New Fermi level:    mu=  -6.497 eV  Charge distance=  0.0068 (partial c.d.=  0.0008)
SCF ITERATION NUMBER  9
     point #   1  energy = -40.000
     point #  20  energy = -28.832
     point #  40  energy =  -8.528
New Fermi level:    mu=  -6.491 eV  Charge distance=  0.0001 (partial c.d.=  0.0016)
SCF ITERATION NUMBER 10
     point #   1  energy = -40.000
     point #  20  energy = -28.830
     point #  40  energy =  -8.522
New Fermi level:    mu=  -6.491 eV  Charge distance=  0.0001 (partial c.d.=  0.0007)
SCF ITERATION NUMBER 11
     point #   1  energy = -40.000
     point #  20  energy = -28.830
     point #  40  energy =  -8.522
New Fermi level:    mu=  -6.491 eV  Charge distance=  0.0002 (partial c.d.=  0.0004)
SCF ITERATION NUMBER 12
     point #   1  energy = -40.000
     point #  20  energy = -28.830
     point #  40  energy =  -8.522
New Fermi level:    mu=  -6.492 eV  Charge distance=  0.0000 (partial c.d.=  0.0003)
SCF ITERATION NUMBER 13
     point #   1  energy = -40.000
     point #  20  energy = -28.831
     point #  40  energy =  -8.523
New Fermi level:    mu=  -6.492 eV  Charge distance=  0.0000 (partial c.d.=  0.0000)
Electronic configuration
  type     l     N_el
     0     0    0.533
     0     1    0.640
     0     2    9.591
     0     3    0.000
     1     0    0.278
     1     1    0.589
     1     2    0.000
     1     3    0.000
     2     0    0.527
     2     1    0.644
     2     2    9.603
     2     3    0.000
     3     0    1.202
     3     1    2.058
     3     2    1.030
     3     3    0.000
     4     0    1.848
     4     1    4.378
     4     2    0.074
     4     3    0.000
Charge transfer:  type  charge
       0   -0.236
       1   -0.133
       2   -0.226
       3   -0.710
       4    0.301
Convergence reached in   13 iterations.
Done with module: potentials.

Calculating screened core-hole potential ...
FMS for a cluster of   27 atoms around iph =   0
    0% of energy integration
   20%
   40%
   60%
   80%
  100%
Preparing response function.
Computing (1 - K Chi0)^-1 v_ch
Done with module: screened core-hole potential.

Calculating cross-section and phases ...
    absorption cross section
 x0,dx,rnrm,inrm,jnrm   8.80000000000000       5.000000000000000E-002
   2.62658029100000              196         197
    phase shifts for unique potential    0
    phase shifts for unique potential    1
    phase shifts for unique potential    2
    phase shifts for unique potential    3
    phase shifts for unique potential    4
Done with module: cross-section and phases (XSPH).

FMS calculation of full Green's function ...
FEFF-serial using 1 thread.
Using   194 energy points.
xprep done
FMS for a cluster of  294 atoms
Energy point    1/ 194
Energy point   10/ 194
Energy point   20/ 194
Energy point   30/ 194
Energy point   40/ 194
Energy point   50/ 194
Energy point   60/ 194
Energy point   70/ 194
Energy point   80/ 194
Energy point   90/ 194
Energy point  100/ 194
Energy point  110/ 194
Energy point  120/ 194
Energy point  130/ 194
Energy point  140/ 194
Energy point  150/ 194
Energy point  160/ 194
Energy point  170/ 194
Energy point  180/ 194
Energy point  190/ 194
Done with module: FMS.

MKGTR: Tracing over Green's function ...
Done with module: MKGTR.

Pathfinder: finding scattering paths...
Preparing plane wave scattering amplitudes
Searching for paths
Eliminating path degeneracies
0 paths retained.
Done with module: pathfinder.

Calculating EXAFS parameters ...
Done with module: EXAFS parameters (GENFMT).

Calculating XAS spectra ...
Done with module: XAS spectra (FF2X: DW + final sum over paths).

 
### feff ends at Sun Aug 13 23:41:20 EDT 2023
 
