### feff starts at Sun Aug 13 14:18:42 EDT 2023
### Serial version
### FeffPath is /sdcc/u/mcarbone/software/JFEFF/hsw/feff90/linux
 
Launching FEFF version FEFF 9.9.1
Resetting lmaxsc to 2 for iph =    3.  Use  UNFREEZE to prevent this.
Core hole lifetime is   1.729 eV.
Your calculation:
 comment: None given
 Source:
 Structure Summary:  V6 Cu12 Bi6 O36
 Reduced formula:  VCu2BiO6
 space group: (C2/m), space number:  (12)
 abc:  9.211791   9.211791  13.751850
 angles: 65.093327  65.093327  50.455096
 sites: 60
Cu K edge XANES using RPA corehole.
Using:     * Self-Consistent Field potentials
Using cards:   ATOMS CONTROL EXCHANGE TITLE RPATH POTENTIALS XANES EDGE SCF FMS S02 COREHOLE EGRID

Calculating atomic potentials ...
    overlapped atomic potential and density for unique potential    0
    overlapped atomic potential and density for unique potential    1
    overlapped atomic potential and density for unique potential    2
    overlapped atomic potential and density for unique potential    3
    overlapped atomic potential and density for unique potential    4
Done with module: atomic potentials.

Calculating SCF potentials ...
FEFF-serial using 1 thread.
Muffin tin radii and interstitial parameters [bohr]:
type, norman radius, muffin tin, overlap factor
    0  1.32662E+00  1.24583E+00  1.15000E+00
    1  1.30862E+00  1.09228E+00  1.15000E+00
    2  1.32662E+00  1.24583E+00  1.15000E+00
    3  1.68702E+00  1.59801E+00  1.14937E+00
    4  1.09495E+00  9.76026E-01  1.15000E+00
Core-valence separation energy:  ecv=   -51.500 eV
Initial Fermi level:              mu=     1.845 eV
SCF ITERATION NUMBER  1
     point #   1  energy = -51.500
FMS for a cluster of  113 atoms around atom type   0
FMS for a cluster of  100 atoms around atom type   1
FMS for a cluster of  111 atoms around atom type   2
FMS for a cluster of   99 atoms around atom type   3
FMS for a cluster of  103 atoms around atom type   4
     point #  20  energy = -40.410
     point #  40  energy = -20.160
     point #  60  energy =  -5.179
     point #  80  energy =  -4.773
New Fermi level:    mu=  -4.681 eV  Charge distance=  1.2088 (partial c.d.= 10.5274)
SCF ITERATION NUMBER  1
     point #   1  energy = -51.500
FMS for a cluster of  113 atoms around atom type   0
FMS for a cluster of  100 atoms around atom type   1
FMS for a cluster of  111 atoms around atom type   2
FMS for a cluster of   99 atoms around atom type   3
FMS for a cluster of  103 atoms around atom type   4
     point #  20  energy = -40.304
     point #  40  energy = -19.948
     point #  60  energy =  -4.681
     point #  80  energy =  -4.963
     point # 100  energy =  -8.406
     point # 120  energy =  -7.344
     point # 140  energy =  -7.060
New Fermi level:    mu=  -6.967 eV  Charge distance=  0.6932 (partial c.d.=  6.9814)
SCF ITERATION NUMBER  1
     point #   1  energy = -51.500
FMS for a cluster of  113 atoms around atom type   0
FMS for a cluster of  100 atoms around atom type   1
FMS for a cluster of  111 atoms around atom type   2
FMS for a cluster of   99 atoms around atom type   3
FMS for a cluster of  103 atoms around atom type   4
     point #  20  energy = -40.367
     point #  40  energy = -20.124
     point #  60  energy =  -6.967
     point #  80  energy =  -7.057
New Fermi level:    mu=  -6.825 eV  Charge distance=  0.3836 (partial c.d.=  0.7516)
SCF ITERATION NUMBER  2
     point #   1  energy = -51.500
     point #  20  energy = -40.331
     point #  40  energy = -20.024
     point #  60  energy =  -6.825
     point #  80  energy =  -7.306
New Fermi level:    mu=  -7.337 eV  Charge distance=  0.2254 (partial c.d.=  1.9279)
SCF ITERATION NUMBER  3
     point #   1  energy = -51.500
     point #  20  energy = -40.459
     point #  40  energy = -20.385
     point #  60  energy =  -7.337
     point #  80  energy =  -6.946
New Fermi level:    mu=  -6.865 eV  Charge distance=  0.2598 (partial c.d.=  1.1812)
SCF ITERATION NUMBER  4
     point #   1  energy = -51.500
     point #  20  energy = -40.341
     point #  40  energy = -20.053
     point #  60  energy =  -6.865
     point #  80  energy =  -7.346
New Fermi level:    mu=  -7.604 eV  Charge distance=  0.1669 (partial c.d.=  2.6124)
SCF ITERATION NUMBER  5
     point #   1  energy = -51.500
     point #  20  energy = -40.271
     point #  40  energy = -19.854
     point #  60  energy =  -7.604
     point #  80  energy =  -7.433
New Fermi level:    mu=  -7.312 eV  Charge distance=  0.0842 (partial c.d.=  2.7048)
SCF ITERATION NUMBER  6
     point #   1  energy = -51.500
     point #  20  energy = -40.453
     point #  40  energy = -20.368
     point #  60  energy =  -7.312
New Fermi level:    mu=  -7.311 eV  Charge distance=  0.0528 (partial c.d.=  0.2195)
SCF ITERATION NUMBER  7
     point #   1  energy = -51.500
     point #  20  energy = -40.453
     point #  40  energy = -20.367
     point #  60  energy =  -7.311
New Fermi level:    mu=  -7.327 eV  Charge distance=  0.0208 (partial c.d.=  0.5867)
SCF ITERATION NUMBER  8
     point #   1  energy = -51.500
     point #  20  energy = -40.457
     point #  40  energy = -20.378
     point #  60  energy =  -7.327
New Fermi level:    mu=  -7.323 eV  Charge distance=  0.0152 (partial c.d.=  0.0221)
SCF ITERATION NUMBER  9
     point #   1  energy = -51.500
     point #  20  energy = -40.456
     point #  40  energy = -20.375
     point #  60  energy =  -7.323
New Fermi level:    mu=  -7.315 eV  Charge distance=  0.0085 (partial c.d.=  0.0113)
SCF ITERATION NUMBER 10
     point #   1  energy = -51.500
     point #  20  energy = -40.454
     point #  40  energy = -20.370
     point #  60  energy =  -7.315
New Fermi level:    mu=  -7.304 eV  Charge distance=  0.0044 (partial c.d.=  0.0152)
SCF ITERATION NUMBER 11
     point #   1  energy = -51.500
     point #  20  energy = -40.451
     point #  40  energy = -20.362
     point #  60  energy =  -7.304
New Fermi level:    mu=  -7.300 eV  Charge distance=  0.0011 (partial c.d.=  0.0075)
SCF ITERATION NUMBER 12
     point #   1  energy = -51.500
     point #  20  energy = -40.450
     point #  40  energy = -20.359
     point #  60  energy =  -7.300
New Fermi level:    mu=  -7.299 eV  Charge distance=  0.0004 (partial c.d.=  0.0048)
SCF ITERATION NUMBER 13
     point #   1  energy = -51.500
     point #  20  energy = -40.450
     point #  40  energy = -20.358
     point #  60  energy =  -7.299
New Fermi level:    mu=  -7.299 eV  Charge distance=  0.0005 (partial c.d.=  0.0029)
SCF ITERATION NUMBER 14
     point #   1  energy = -51.500
     point #  20  energy = -40.450
     point #  40  energy = -20.358
     point #  60  energy =  -7.299
New Fermi level:    mu=  -7.298 eV  Charge distance=  0.0002 (partial c.d.=  0.0011)
SCF ITERATION NUMBER 15
     point #   1  energy = -51.500
     point #  20  energy = -40.450
     point #  40  energy = -20.358
     point #  60  energy =  -7.298
New Fermi level:    mu=  -7.299 eV  Charge distance=  0.0001 (partial c.d.=  0.0004)
SCF ITERATION NUMBER 16
     point #   1  energy = -51.500
     point #  20  energy = -40.450
     point #  40  energy = -20.358
     point #  60  energy =  -7.299
New Fermi level:    mu=  -7.299 eV  Charge distance=  0.0000 (partial c.d.=  0.0000)
Electronic configuration
  type     l     N_el
     0     0    0.466
     0     1    0.589
     0     2    9.526
     0     3    0.000
     1     0    0.498
     1     1    6.706
     1     2    3.653
     1     3    0.000
     2     0    0.466
     2     1    0.588
     2     2    9.525
     2     3    0.000
     3     0    1.857
     3     1    1.610
     3     2   10.426
     3     3    0.000
     4     0    1.861
     4     1    4.382
     4     2    0.106
     4     3    0.000
Charge transfer:  type  charge
       0   -0.419
       1   -0.143
       2   -0.421
       3   -1.107
       4    0.349
Convergence reached in   16 iterations.
Done with module: potentials.

Calculating screened core-hole potential ...
FMS for a cluster of   20 atoms around iph =   0
    0% of energy integration
   20%
   40%
   60%
   80%
  100%
Preparing response function.
Computing (1 - K Chi0)^-1 v_ch
Done with module: screened core-hole potential.

Calculating cross-section and phases ...
    absorption cross section
 x0,dx,rnrm,inrm,jnrm   8.80000000000000       5.000000000000000E-002
   2.50694457500017              195         196
    phase shifts for unique potential    0
    phase shifts for unique potential    1
    phase shifts for unique potential    2
    phase shifts for unique potential    3
    phase shifts for unique potential    4
Done with module: cross-section and phases (XSPH).

FMS calculation of full Green's function ...
FEFF-serial using 1 thread.
Using   194 energy points.
xprep done
FMS for a cluster of  229 atoms
Energy point    1/ 194
Energy point   10/ 194
Energy point   20/ 194
Energy point   30/ 194
Energy point   40/ 194
Energy point   50/ 194
Energy point   60/ 194
Energy point   70/ 194
Energy point   80/ 194
Energy point   90/ 194
Energy point  100/ 194
Energy point  110/ 194
Energy point  120/ 194
Energy point  130/ 194
Energy point  140/ 194
Energy point  150/ 194
Energy point  160/ 194
Energy point  170/ 194
Energy point  180/ 194
Energy point  190/ 194
Done with module: FMS.

MKGTR: Tracing over Green's function ...
Done with module: MKGTR.

Pathfinder: finding scattering paths...
Preparing plane wave scattering amplitudes
Searching for paths
Eliminating path degeneracies
0 paths retained.
Done with module: pathfinder.

Calculating EXAFS parameters ...
Done with module: EXAFS parameters (GENFMT).

Calculating XAS spectra ...
Done with module: XAS spectra (FF2X: DW + final sum over paths).

 
### feff ends at Sun Aug 13 16:08:46 EDT 2023
 
