### feff starts at Sun Aug 13 17:17:21 EDT 2023
### Serial version
### FeffPath is /sdcc/u/mcarbone/software/JFEFF/hsw/feff90/linux
 
Launching FEFF version FEFF 9.9.1
Core hole lifetime is   1.729 eV.
Your calculation:
 comment: None given
 Source:
 Structure Summary:  Cu3 H30 Cl9 O54
 Reduced formula:  CuH10(ClO6)3
 space group: (P3_121), space number:  (152)
 abc: 10.316310  10.316310  13.231060
 angles: 90.000000  90.000000 120.000003
 sites: 96
Cu K edge XANES using RPA corehole.
Using:     * Self-Consistent Field potentials
Using cards:   ATOMS CONTROL EXCHANGE TITLE RPATH POTENTIALS XANES EDGE SCF FMS S02 COREHOLE EGRID

Calculating atomic potentials ...
    overlapped atomic potential and density for unique potential    0
    overlapped atomic potential and density for unique potential    1
    overlapped atomic potential and density for unique potential    2
    overlapped atomic potential and density for unique potential    3
    overlapped atomic potential and density for unique potential    4
Done with module: atomic potentials.

Calculating SCF potentials ...
FEFF-serial using 1 thread.
Muffin tin radii and interstitial parameters [bohr]:
type, norman radius, muffin tin, overlap factor
    0  1.35418E+00  1.21866E+00  1.15000E+00
    1  1.35441E+00  1.21876E+00  1.15000E+00
    2  9.99308E-01  8.69253E-01  1.15000E+00
    3  1.07210E+00  7.93413E-01  1.15000E+00
    4  1.19899E+00  1.02415E+00  1.15000E+00
Core-valence separation energy:  ecv=   -40.000 eV
Initial Fermi level:              mu=     5.154 eV
SCF ITERATION NUMBER  1
     point #   1  energy = -40.000
FMS for a cluster of  116 atoms around atom type   0
FMS for a cluster of   60 atoms around atom type   1
FMS for a cluster of  104 atoms around atom type   2
FMS for a cluster of   96 atoms around atom type   3
FMS for a cluster of  105 atoms around atom type   4
     point #  20  energy = -28.935
     point #  40  energy =  -8.685
     point #  60  energy =  -6.429
     point #  80  energy =  -5.135
New Fermi level:    mu=  -5.139 eV  Charge distance=  1.8194 (partial c.d.=  4.8983)
SCF ITERATION NUMBER  1
     point #   1  energy = -40.000
FMS for a cluster of  116 atoms around atom type   0
FMS for a cluster of   60 atoms around atom type   1
FMS for a cluster of  104 atoms around atom type   2
FMS for a cluster of   96 atoms around atom type   3
FMS for a cluster of  105 atoms around atom type   4
     point #  20  energy = -28.721
     point #  40  energy =  -8.215
     point #  60  energy =  -5.151
     point #  80  energy =  -5.461
New Fermi level:    mu=  -5.324 eV  Charge distance=  0.6986 (partial c.d.=  9.5056)
SCF ITERATION NUMBER  1
     point #   1  energy = -40.000
FMS for a cluster of  116 atoms around atom type   0
FMS for a cluster of   60 atoms around atom type   1
FMS for a cluster of  104 atoms around atom type   2
FMS for a cluster of   96 atoms around atom type   3
FMS for a cluster of  105 atoms around atom type   4
     point #  20  energy = -28.781
     point #  40  energy =  -8.384
     point #  60  energy =  -5.337
     point #  80  energy =  -5.996
New Fermi level:    mu=  -5.807 eV  Charge distance=  0.3876 (partial c.d.=  0.3881)
SCF ITERATION NUMBER  2
     point #   1  energy = -40.000
     point #  20  energy = -28.938
     point #  40  energy =  -8.824
     point #  60  energy =  -5.819
New Fermi level:    mu=  -5.887 eV  Charge distance=  0.4034 (partial c.d.=  0.2041)
SCF ITERATION NUMBER  3
     point #   1  energy = -40.000
     point #  20  energy = -28.963
     point #  40  energy =  -8.897
     point #  60  energy =  -5.874
New Fermi level:    mu=  -5.364 eV  Charge distance=  0.3189 (partial c.d.=  4.0754)
SCF ITERATION NUMBER  4
     point #   1  energy = -40.000
     point #  20  energy = -28.794
     point #  40  energy =  -8.420
     point #  60  energy =  -5.377
     point #  80  energy =  -6.086
New Fermi level:    mu=  -5.906 eV  Charge distance=  0.0852 (partial c.d.=  4.0426)
SCF ITERATION NUMBER  5
     point #   1  energy = -40.000
     point #  20  energy = -28.969
     point #  40  energy =  -8.914
     point #  60  energy =  -5.918
New Fermi level:    mu=  -5.942 eV  Charge distance=  0.2928 (partial c.d.=  0.0600)
SCF ITERATION NUMBER  6
     point #   1  energy = -40.000
     point #  20  energy = -28.981
     point #  40  energy =  -8.947
     point #  60  energy =  -5.954
New Fermi level:    mu=  -6.061 eV  Charge distance=  0.0472 (partial c.d.=  0.6274)
SCF ITERATION NUMBER  7
     point #   1  energy = -40.000
     point #  20  energy = -29.020
     point #  40  energy =  -9.056
     point #  60  energy =  -6.074
New Fermi level:    mu=  -6.078 eV  Charge distance=  0.0166 (partial c.d.=  0.2821)
SCF ITERATION NUMBER  8
     point #   1  energy = -40.000
     point #  20  energy = -29.025
     point #  40  energy =  -9.071
     point #  60  energy =  -6.065
New Fermi level:    mu=  -6.076 eV  Charge distance=  0.0129 (partial c.d.=  0.0645)
SCF ITERATION NUMBER  9
     point #   1  energy = -40.000
     point #  20  energy = -29.024
     point #  40  energy =  -9.069
     point #  60  energy =  -6.063
New Fermi level:    mu=  -6.065 eV  Charge distance=  0.0120 (partial c.d.=  0.0813)
SCF ITERATION NUMBER 10
     point #   1  energy = -40.000
     point #  20  energy = -29.021
     point #  40  energy =  -9.060
     point #  60  energy =  -6.053
New Fermi level:    mu=  -6.054 eV  Charge distance=  0.0056 (partial c.d.=  0.0659)
SCF ITERATION NUMBER 11
     point #   1  energy = -40.000
     point #  20  energy = -29.018
     point #  40  energy =  -9.050
     point #  60  energy =  -6.042
New Fermi level:    mu=  -6.046 eV  Charge distance=  0.0084 (partial c.d.=  0.0185)
SCF ITERATION NUMBER 12
     point #   1  energy = -40.000
     point #  20  energy = -29.015
     point #  40  energy =  -9.042
     point #  60  energy =  -6.034
New Fermi level:    mu=  -6.036 eV  Charge distance=  0.0008 (partial c.d.=  0.0214)
SCF ITERATION NUMBER 13
     point #   1  energy = -40.000
     point #  20  energy = -29.011
     point #  40  energy =  -9.032
     point #  60  energy =  -6.048
New Fermi level:    mu=  -6.036 eV  Charge distance=  0.0018 (partial c.d.=  0.0012)
SCF ITERATION NUMBER 14
     point #   1  energy = -40.000
     point #  20  energy = -29.012
     point #  40  energy =  -9.033
     point #  60  energy =  -6.049
New Fermi level:    mu=  -6.037 eV  Charge distance=  0.0002 (partial c.d.=  0.0033)
SCF ITERATION NUMBER 15
     point #   1  energy = -40.000
     point #  20  energy = -29.012
     point #  40  energy =  -9.034
     point #  60  energy =  -6.050
New Fermi level:    mu=  -6.038 eV  Charge distance=  0.0002 (partial c.d.=  0.0005)
SCF ITERATION NUMBER 16
     point #   1  energy = -40.000
     point #  20  energy = -29.012
     point #  40  energy =  -9.034
     point #  60  energy =  -6.050
New Fermi level:    mu=  -6.038 eV  Charge distance=  0.0001 (partial c.d.=  0.0001)
Electronic configuration
  type     l     N_el
     0     0    0.522
     0     1    0.627
     0     2    9.542
     0     3    0.000
     1     0    0.518
     1     1    0.655
     1     2    9.534
     1     3    0.000
     2     0    0.684
     2     1    0.160
     2     2    0.000
     2     3    0.000
     3     0    1.620
     3     1    3.011
     3     2    1.077
     3     3    0.000
     4     0    1.957
     4     1    4.304
     4     2    0.058
     4     3    0.000
Charge transfer:  type  charge
       0   -0.309
       1   -0.293
       2   -0.156
       3   -1.292
       4    0.319
Convergence reached in   16 iterations.
Done with module: potentials.

Calculating screened core-hole potential ...
FMS for a cluster of   19 atoms around iph =   0
    0% of energy integration
   20%
   40%
   60%
   80%
  100%
Preparing response function.
Computing (1 - K Chi0)^-1 v_ch
Done with module: screened core-hole potential.

Calculating cross-section and phases ...
    absorption cross section
 x0,dx,rnrm,inrm,jnrm   8.80000000000000       5.000000000000000E-002
   2.55903375000005              195         196
    phase shifts for unique potential    0
    phase shifts for unique potential    1
    phase shifts for unique potential    2
    phase shifts for unique potential    3
    phase shifts for unique potential    4
Done with module: cross-section and phases (XSPH).

FMS calculation of full Green's function ...
FEFF-serial using 1 thread.
Using   194 energy points.
xprep done
FMS for a cluster of  241 atoms
Energy point    1/ 194
Energy point   10/ 194
Energy point   20/ 194
Energy point   30/ 194
Energy point   40/ 194
Energy point   50/ 194
Energy point   60/ 194
Energy point   70/ 194
Energy point   80/ 194
Energy point   90/ 194
Energy point  100/ 194
Energy point  110/ 194
Energy point  120/ 194
Energy point  130/ 194
Energy point  140/ 194
Energy point  150/ 194
Energy point  160/ 194
Energy point  170/ 194
Energy point  180/ 194
Energy point  190/ 194
Done with module: FMS.

MKGTR: Tracing over Green's function ...
Done with module: MKGTR.

Pathfinder: finding scattering paths...
Preparing plane wave scattering amplitudes
Searching for paths
Eliminating path degeneracies
0 paths retained.
Done with module: pathfinder.

Calculating EXAFS parameters ...
Done with module: EXAFS parameters (GENFMT).

Calculating XAS spectra ...
Done with module: XAS spectra (FF2X: DW + final sum over paths).

 
### feff ends at Sun Aug 13 18:28:33 EDT 2023
 
