### feff starts at Sun Aug 13 22:35:24 EDT 2023
### Serial version
### FeffPath is /sdcc/u/mcarbone/software/JFEFF/hsw/feff90/linux
 
Launching FEFF version FEFF 9.9.1
Core hole lifetime is   1.729 eV.
Your calculation:
 comment: None given
 Source:
 Structure Summary:  Sr4 Cu4 O10
 Reduced formula:  Sr2Cu2O5
 space group: (Ima2), space number:  (46)
 abc:  8.860356   8.860356   8.860356
 angles:143.711968 143.639611  52.312401
 sites: 18
Cu K edge XANES using RPA corehole.
Using:     * Self-Consistent Field potentials
Using cards:   ATOMS CONTROL EXCHANGE TITLE RPATH POTENTIALS XANES EDGE SCF FMS S02 COREHOLE EGRID

Calculating atomic potentials ...
    overlapped atomic potential and density for unique potential    0
    overlapped atomic potential and density for unique potential    1
    overlapped atomic potential and density for unique potential    2
    overlapped atomic potential and density for unique potential    3
Done with module: atomic potentials.

Calculating SCF potentials ...
FEFF-serial using 1 thread.
Muffin tin radii and interstitial parameters [bohr]:
type, norman radius, muffin tin, overlap factor
    0  1.28014E+00  1.21294E+00  1.14848E+00
    1  1.83461E+00  1.77019E+00  1.09278E+00
    2  1.28014E+00  1.21294E+00  1.14848E+00
    3  1.11492E+00  1.06662E+00  1.11816E+00
Core-valence separation energy:  ecv=   -34.500 eV
Initial Fermi level:              mu=    -2.513 eV
SCF ITERATION NUMBER  1
     point #   1  energy = -34.500
FMS for a cluster of  109 atoms around atom type   0
FMS for a cluster of  100 atoms around atom type   1
FMS for a cluster of   98 atoms around atom type   2
FMS for a cluster of   95 atoms around atom type   3
     point #  20  energy = -23.466
     point #  40  energy =  -7.163
     point #  60  energy =  -5.128
New Fermi level:    mu=  -5.078 eV  Charge distance=  0.6388 (partial c.d.=  6.9100)
SCF ITERATION NUMBER  1
     point #   1  energy = -34.500
FMS for a cluster of  109 atoms around atom type   0
FMS for a cluster of  100 atoms around atom type   1
FMS for a cluster of   98 atoms around atom type   2
FMS for a cluster of   95 atoms around atom type   3
     point #  20  energy = -23.340
     point #  40  energy =  -5.078
     point #  60  energy =  -5.169
     point #  80  energy =  -9.356
     point # 100  energy = -11.322
     point # 120  energy = -11.685
New Fermi level:    mu= -11.699 eV  Charge distance=  0.1428 (partial c.d.=  2.9754)
SCF ITERATION NUMBER  1
     point #   1  energy = -34.500
FMS for a cluster of  109 atoms around atom type   0
FMS for a cluster of  100 atoms around atom type   1
FMS for a cluster of   98 atoms around atom type   2
FMS for a cluster of   95 atoms around atom type   3
     point #  20  energy = -23.595
     point #  40  energy = -11.699
     point #  60  energy = -11.140
     point #  80  energy =  -9.912
New Fermi level:    mu= -10.201 eV  Charge distance=  0.1089 (partial c.d.=  0.5257)
SCF ITERATION NUMBER  2
     point #   1  energy = -34.500
     point #  20  energy = -23.363
     point #  40  energy = -10.201
     point #  60  energy =  -9.935
New Fermi level:    mu=  -9.996 eV  Charge distance=  0.3375 (partial c.d.=  0.0374)
SCF ITERATION NUMBER  3
     point #   1  energy = -34.500
     point #  20  energy = -23.269
     point #  40  energy =  -9.996
     point #  60  energy =  -9.605
     point #  80  energy =  -9.533
New Fermi level:    mu=  -9.543 eV  Charge distance=  0.0371 (partial c.d.=  0.1508)
SCF ITERATION NUMBER  4
     point #   1  energy = -34.500
     point #  20  energy = -23.519
     point #  40  energy =  -9.543
     point #  60  energy =  -9.706
New Fermi level:    mu=  -9.772 eV  Charge distance=  0.0305 (partial c.d.=  0.3595)
SCF ITERATION NUMBER  5
     point #   1  energy = -34.500
     point #  20  energy = -23.166
     point #  40  energy =  -9.772
New Fermi level:    mu=  -9.828 eV  Charge distance=  0.0092 (partial c.d.=  0.3562)
SCF ITERATION NUMBER  6
     point #   1  energy = -34.500
     point #  20  energy = -23.192
     point #  40  energy =  -9.828
New Fermi level:    mu=  -9.895 eV  Charge distance=  0.0117 (partial c.d.=  0.0544)
SCF ITERATION NUMBER  7
     point #   1  energy = -34.500
     point #  20  energy = -23.223
     point #  40  energy =  -9.895
New Fermi level:    mu=  -9.932 eV  Charge distance=  0.0009 (partial c.d.=  0.0687)
SCF ITERATION NUMBER  8
     point #   1  energy = -34.500
     point #  20  energy = -23.240
     point #  40  energy =  -9.932
New Fermi level:    mu=  -9.928 eV  Charge distance=  0.0031 (partial c.d.=  0.0020)
SCF ITERATION NUMBER  9
     point #   1  energy = -34.500
     point #  20  energy = -23.238
     point #  40  energy =  -9.928
New Fermi level:    mu=  -9.919 eV  Charge distance=  0.0010 (partial c.d.=  0.0020)
SCF ITERATION NUMBER 10
     point #   1  energy = -34.500
     point #  20  energy = -23.234
     point #  40  energy =  -9.919
New Fermi level:    mu=  -9.918 eV  Charge distance=  0.0001 (partial c.d.=  0.0030)
SCF ITERATION NUMBER 11
     point #   1  energy = -34.500
     point #  20  energy = -23.233
     point #  40  energy =  -9.918
New Fermi level:    mu=  -9.918 eV  Charge distance=  0.0001 (partial c.d.=  0.0009)
SCF ITERATION NUMBER 12
     point #   1  energy = -34.500
     point #  20  energy = -23.233
     point #  40  energy =  -9.918
New Fermi level:    mu=  -9.918 eV  Charge distance=  0.0001 (partial c.d.=  0.0000)
Electronic configuration
  type     l     N_el
     0     0    0.465
     0     1    0.595
     0     2    9.346
     0     3    0.000
     1     0    0.287
     1     1    6.381
     1     2    0.857
     1     3    0.000
     2     0    0.471
     2     1    0.602
     2     2    9.337
     2     3    0.000
     3     0    1.852
     3     1    4.517
     3     2    0.058
     3     3    0.000
Charge transfer:  type  charge
       0   -0.594
       1   -0.475
       2   -0.590
       3    0.427
Convergence reached in   12 iterations.
Done with module: potentials.

Calculating screened core-hole potential ...
FMS for a cluster of   21 atoms around iph =   0
    0% of energy integration
   20%
   40%
   60%
   80%
  100%
Preparing response function.
Computing (1 - K Chi0)^-1 v_ch
Done with module: screened core-hole potential.

Calculating cross-section and phases ...
    absorption cross section
 x0,dx,rnrm,inrm,jnrm   8.80000000000000       5.000000000000000E-002
   2.41912153799993              194         195
    phase shifts for unique potential    0
    phase shifts for unique potential    1
    phase shifts for unique potential    2
    phase shifts for unique potential    3
Done with module: cross-section and phases (XSPH).

FMS calculation of full Green's function ...
FEFF-serial using 1 thread.
Using   194 energy points.
xprep done
FMS for a cluster of  231 atoms
Energy point    1/ 194
Energy point   10/ 194
Energy point   20/ 194
Energy point   30/ 194
Energy point   40/ 194
Energy point   50/ 194
Energy point   60/ 194
Energy point   70/ 194
Energy point   80/ 194
Energy point   90/ 194
Energy point  100/ 194
Energy point  110/ 194
Energy point  120/ 194
Energy point  130/ 194
Energy point  140/ 194
Energy point  150/ 194
Energy point  160/ 194
Energy point  170/ 194
Energy point  180/ 194
Energy point  190/ 194
Done with module: FMS.

MKGTR: Tracing over Green's function ...
Done with module: MKGTR.

Pathfinder: finding scattering paths...
Preparing plane wave scattering amplitudes
Searching for paths
Eliminating path degeneracies
0 paths retained.
Done with module: pathfinder.

Calculating EXAFS parameters ...
Done with module: EXAFS parameters (GENFMT).

Calculating XAS spectra ...
Done with module: XAS spectra (FF2X: DW + final sum over paths).

 
### feff ends at Sun Aug 13 23:49:01 EDT 2023
 
