### feff starts at Mon Aug 14 11:31:15 EDT 2023
### Serial version
### FeffPath is /sdcc/u/mcarbone/software/JFEFF/hsw/feff90/linux
 
Launching FEFF version FEFF 9.9.1
Resetting lmaxsc to 2 for iph =    3.  Use  UNFREEZE to prevent this.
Core hole lifetime is   1.729 eV.
Your calculation:
 comment: None given
 Source:
 Structure Summary:  Ta32 Cu17 O96
 Reduced formula:  Ta32Cu17O96
 space group: (Pmmm), space number:  (47)
 abc:  7.572753   7.588662  30.513890
 angles: 90.000000  90.000000  90.000000
 sites: 145
Cu K edge XANES using RPA corehole.
Using:     * Self-Consistent Field potentials
Using cards:   ATOMS CONTROL EXCHANGE TITLE RPATH POTENTIALS XANES EDGE SCF FMS S02 COREHOLE EGRID

Calculating atomic potentials ...
    overlapped atomic potential and density for unique potential    0
    overlapped atomic potential and density for unique potential    1
    overlapped atomic potential and density for unique potential    2
    overlapped atomic potential and density for unique potential    3
Done with module: atomic potentials.

Calculating SCF potentials ...
FEFF-serial using 1 thread.
Muffin tin radii and interstitial parameters [bohr]:
type, norman radius, muffin tin, overlap factor
    0  1.34533E+00  1.27610E+00  1.14492E+00
    1  1.33987E+00  1.26953E+00  1.14848E+00
    2  1.08397E+00  1.00139E+00  1.15000E+00
    3  1.46880E+00  1.32479E+00  1.15000E+00
Core-valence separation energy:  ecv=   -33.000 eV
Initial Fermi level:              mu=     3.244 eV
SCF ITERATION NUMBER  1
     point #   1  energy = -33.000
FMS for a cluster of  132 atoms around atom type   0
FMS for a cluster of  111 atoms around atom type   1
FMS for a cluster of  119 atoms around atom type   2
FMS for a cluster of  112 atoms around atom type   3
     point #  20  energy = -21.908
     point #  40  energy =  -6.618
     point #  60  energy =  -4.690
New Fermi level:    mu=  -4.524 eV  Charge distance=  1.0376 (partial c.d.=  5.0878)
SCF ITERATION NUMBER  1
     point #   1  energy = -33.000
FMS for a cluster of  132 atoms around atom type   0
FMS for a cluster of  111 atoms around atom type   1
FMS for a cluster of  119 atoms around atom type   2
FMS for a cluster of  112 atoms around atom type   3
     point #  20  energy = -21.813
     point #  40  energy =  -4.524
     point #  60  energy =  -4.692
     point #  80  energy =  -6.527
     point # 100  energy =  -5.733
New Fermi level:    mu=  -5.517 eV  Charge distance=  0.3517 (partial c.d.=  5.4560)
SCF ITERATION NUMBER  1
     point #   1  energy = -33.000
FMS for a cluster of  132 atoms around atom type   0
FMS for a cluster of  111 atoms around atom type   1
FMS for a cluster of  119 atoms around atom type   2
FMS for a cluster of  112 atoms around atom type   3
     point #  20  energy = -21.803
     point #  40  energy =  -5.517
New Fermi level:    mu=  -5.518 eV  Charge distance=  0.1798 (partial c.d.=  0.4477)
SCF ITERATION NUMBER  2
     point #   1  energy = -33.000
     point #  20  energy = -21.803
     point #  40  energy =  -5.518
     point #  60  energy =  -5.699
     point #  80  energy =  -5.746
New Fermi level:    mu=  -5.735 eV  Charge distance=  0.2577 (partial c.d.=  0.2860)
SCF ITERATION NUMBER  3
     point #   1  energy = -33.000
     point #  20  energy = -21.892
     point #  40  energy =  -5.735
     point #  60  energy =  -5.916
New Fermi level:    mu=  -5.897 eV  Charge distance=  0.1994 (partial c.d.=  1.0116)
SCF ITERATION NUMBER  4
     point #   1  energy = -33.000
     point #  20  energy = -21.958
     point #  40  energy =  -5.897
New Fermi level:    mu=  -5.921 eV  Charge distance=  0.0801 (partial c.d.=  1.1921)
SCF ITERATION NUMBER  5
     point #   1  energy = -33.000
     point #  20  energy = -21.968
     point #  40  energy =  -5.921
     point #  60  energy =  -6.021
New Fermi level:    mu=  -6.016 eV  Charge distance=  0.0817 (partial c.d.=  0.0824)
SCF ITERATION NUMBER  6
     point #   1  energy = -33.000
     point #  20  energy = -22.006
     point #  40  energy =  -6.016
New Fermi level:    mu=  -6.076 eV  Charge distance=  0.0103 (partial c.d.=  0.2243)
SCF ITERATION NUMBER  7
     point #   1  energy = -33.000
     point #  20  energy = -22.031
     point #  40  energy =  -6.076
New Fermi level:    mu=  -6.075 eV  Charge distance=  0.0044 (partial c.d.=  0.0276)
SCF ITERATION NUMBER  8
     point #   1  energy = -33.000
     point #  20  energy = -22.030
     point #  40  energy =  -6.075
New Fermi level:    mu=  -6.072 eV  Charge distance=  0.0096 (partial c.d.=  0.0010)
SCF ITERATION NUMBER  9
     point #   1  energy = -33.000
     point #  20  energy = -22.029
     point #  40  energy =  -6.072
New Fermi level:    mu=  -6.067 eV  Charge distance=  0.0002 (partial c.d.=  0.0055)
SCF ITERATION NUMBER 10
     point #   1  energy = -33.000
     point #  20  energy = -22.027
     point #  40  energy =  -6.067
New Fermi level:    mu=  -6.067 eV  Charge distance=  0.0007 (partial c.d.=  0.0014)
SCF ITERATION NUMBER 11
     point #   1  energy = -33.000
     point #  20  energy = -22.027
     point #  40  energy =  -6.067
New Fermi level:    mu=  -6.066 eV  Charge distance=  0.0005 (partial c.d.=  0.0007)
SCF ITERATION NUMBER 12
     point #   1  energy = -33.000
     point #  20  energy = -22.027
     point #  40  energy =  -6.066
New Fermi level:    mu=  -6.065 eV  Charge distance=  0.0002 (partial c.d.=  0.0002)
SCF ITERATION NUMBER 13
     point #   1  energy = -33.000
     point #  20  energy = -22.026
     point #  40  energy =  -6.065
New Fermi level:    mu=  -6.065 eV  Charge distance=  0.0000 (partial c.d.=  0.0001)
Electronic configuration
  type     l     N_el
     0     0    0.486
     0     1    0.544
     0     2    9.622
     0     3    0.000
     1     0    0.487
     1     1    0.555
     1     2    9.627
     1     3    0.000
     2     0    1.813
     2     1    4.433
     2     2    0.065
     2     3    0.000
     3     0    0.536
     3     1    0.880
     3     2    2.830
     3     3    0.000
Charge transfer:  type  charge
       0   -0.347
       1   -0.332
       2    0.310
       3   -0.754
Convergence reached in   13 iterations.
Done with module: potentials.

Calculating screened core-hole potential ...
FMS for a cluster of   24 atoms around iph =   0
    0% of energy integration
   20%
   40%
   60%
   80%
  100%
Preparing response function.
Computing (1 - K Chi0)^-1 v_ch
Done with module: screened core-hole potential.

Calculating cross-section and phases ...
    absorption cross section
 x0,dx,rnrm,inrm,jnrm   8.80000000000000       5.000000000000000E-002
   2.54230023900009              195         196
    phase shifts for unique potential    0
    phase shifts for unique potential    1
    phase shifts for unique potential    2
    phase shifts for unique potential    3
Done with module: cross-section and phases (XSPH).

FMS calculation of full Green's function ...
FEFF-serial using 1 thread.
Using   194 energy points.
xprep done
FMS for a cluster of  250 atoms
Energy point    1/ 194
Energy point   10/ 194
Energy point   20/ 194
Energy point   30/ 194
Energy point   40/ 194
Energy point   50/ 194
Energy point   60/ 194
Energy point   70/ 194
Energy point   80/ 194
Energy point   90/ 194
Energy point  100/ 194
Energy point  110/ 194
Energy point  120/ 194
Energy point  130/ 194
Energy point  140/ 194
Energy point  150/ 194
Energy point  160/ 194
Energy point  170/ 194
Energy point  180/ 194
Energy point  190/ 194
Done with module: FMS.

MKGTR: Tracing over Green's function ...
Done with module: MKGTR.

Pathfinder: finding scattering paths...
Preparing plane wave scattering amplitudes
Searching for paths
Eliminating path degeneracies
0 paths retained.
Done with module: pathfinder.

Calculating EXAFS parameters ...
Done with module: EXAFS parameters (GENFMT).

Calculating XAS spectra ...
Done with module: XAS spectra (FF2X: DW + final sum over paths).

 
### feff ends at Mon Aug 14 13:09:23 EDT 2023
 
