### feff starts at Sun Aug 13 09:26:08 EDT 2023
### Serial version
### FeffPath is /sdcc/u/mcarbone/software/JFEFF/hsw/feff90/linux
 
Launching FEFF version FEFF 9.9.1
Core hole lifetime is   1.729 eV.
Your calculation:
 comment: None given
 Source:
 Structure Summary:  Mn4 Cu2 O8
 Reduced formula:  Mn2CuO4
 space group: (P-1), space number:  (2)
 abc:  6.079124   6.099356   6.084343
 angles:121.933219 122.135135  86.716579
 sites: 14
Cu K edge XANES using RPA corehole.
Using:     * Self-Consistent Field potentials
Using cards:   ATOMS CONTROL EXCHANGE TITLE RPATH POTENTIALS XANES EDGE SCF FMS S02 COREHOLE EGRID

Calculating atomic potentials ...
    overlapped atomic potential and density for unique potential    0
    overlapped atomic potential and density for unique potential    1
    overlapped atomic potential and density for unique potential    2
    overlapped atomic potential and density for unique potential    3
Done with module: atomic potentials.

Calculating SCF potentials ...
FEFF-serial using 1 thread.
Muffin tin radii and interstitial parameters [bohr]:
type, norman radius, muffin tin, overlap factor
    0  1.34538E+00  1.26847E+00  1.15000E+00
    1  1.40320E+00  1.29996E+00  1.15000E+00
    2  1.34466E+00  1.26726E+00  1.15000E+00
    3  1.10014E+00  1.03166E+00  1.15000E+00
Core-valence separation energy:  ecv=   -40.000 eV
Initial Fermi level:              mu=    -0.205 eV
SCF ITERATION NUMBER  1
     point #   1  energy = -40.000
FMS for a cluster of  137 atoms around atom type   0
FMS for a cluster of  121 atoms around atom type   1
FMS for a cluster of  119 atoms around atom type   2
FMS for a cluster of  136 atoms around atom type   3
     point #  20  energy = -28.800
     point #  40  energy =  -8.550
     point #  60  energy =  -8.365
 Found bad counts.
  Occupation number in getorb is    10.000
  Will repeat this iteration.
 Found bad counts.
  Occupation number in getorb is    10.000
  Will repeat this iteration.
New Fermi level:    mu=  -8.477 eV  Charge distance=  1.9038 (partial c.d.=  8.9282)
SCF ITERATION NUMBER  1
     point #   1  energy = -40.000
FMS for a cluster of  137 atoms around atom type   0
FMS for a cluster of  121 atoms around atom type   1
FMS for a cluster of  119 atoms around atom type   2
FMS for a cluster of  136 atoms around atom type   3
     point #  20  energy = -28.814
     point #  40  energy =  -8.477
     point #  60  energy =  -8.436
     point #  80  energy =  -5.618
     point # 100  energy =  -4.808
New Fermi level:    mu=  -4.744 eV  Charge distance=  0.9118 (partial c.d.=  9.9011)
SCF ITERATION NUMBER  1
     point #   1  energy = -40.000
FMS for a cluster of  137 atoms around atom type   0
FMS for a cluster of  121 atoms around atom type   1
FMS for a cluster of  119 atoms around atom type   2
FMS for a cluster of  136 atoms around atom type   3
     point #  20  energy = -28.920
     point #  40  energy =  -8.773
     point #  60  energy =  -4.744
     point #  80  energy =  -6.322
     point # 100  energy = -11.444
New Fermi level:    mu= -11.590 eV  Charge distance=  0.2612 (partial c.d.=  4.1634)
SCF ITERATION NUMBER  2
     point #   1  energy = -40.000
     point #  20  energy = -28.839
     point #  40  energy = -11.590
     point #  60  energy = -11.421
     point #  80  energy =  -9.443
New Fermi level:    mu=  -9.334 eV  Charge distance=  0.2526 (partial c.d.=  1.6770)
SCF ITERATION NUMBER  3
     point #   1  energy = -40.000
     point #  20  energy = -28.756
     point #  40  energy =  -9.334
     point #  60  energy =  -9.425
     point #  80  energy = -10.369
New Fermi level:    mu= -10.377 eV  Charge distance=  0.1697 (partial c.d.=  6.3899)
SCF ITERATION NUMBER  4
     point #   1  energy = -40.000
     point #  20  energy = -28.764
     point #  40  energy = -10.377
     point #  60  energy = -10.468
New Fermi level:    mu= -10.963 eV  Charge distance=  0.0658 (partial c.d.=  6.0848)
SCF ITERATION NUMBER  5
     point #   1  energy = -40.000
     point #  20  energy = -28.986
     point #  40  energy = -10.963
New Fermi level:    mu= -10.924 eV  Charge distance=  0.0146 (partial c.d.=  1.2302)
SCF ITERATION NUMBER  6
     point #   1  energy = -40.000
     point #  20  energy = -28.971
     point #  40  energy = -10.924
     point #  60  energy = -10.849
New Fermi level:    mu= -10.804 eV  Charge distance=  0.0995 (partial c.d.=  0.2242)
SCF ITERATION NUMBER  7
     point #   1  energy = -40.000
     point #  20  energy = -28.926
     point #  40  energy = -10.804
     point #  60  energy = -10.679
New Fermi level:    mu= -10.535 eV  Charge distance=  0.0232 (partial c.d.=  5.2582)
SCF ITERATION NUMBER  8
     point #   1  energy = -40.000
     point #  20  energy = -28.823
     point #  40  energy = -10.535
New Fermi level:    mu= -10.489 eV  Charge distance=  0.1142 (partial c.d.=  1.2152)
SCF ITERATION NUMBER  9
     point #   1  energy = -40.000
     point #  20  energy = -28.806
     point #  40  energy = -10.489
     point #  60  energy = -10.364
New Fermi level:    mu= -10.254 eV  Charge distance=  0.0470 (partial c.d.=  7.5762)
SCF ITERATION NUMBER 10
     point #   1  energy = -40.000
     point #  20  energy = -28.717
     point #  40  energy = -10.254
     point #  60  energy = -10.345
New Fermi level:    mu= -10.697 eV  Charge distance=  0.0079 (partial c.d.=  0.3229)
SCF ITERATION NUMBER 11
     point #   1  energy = -40.000
     point #  20  energy = -28.885
     point #  40  energy = -10.697
New Fermi level:    mu= -10.669 eV  Charge distance=  0.0044 (partial c.d.=  0.1736)
SCF ITERATION NUMBER 12
     point #   1  energy = -40.000
     point #  20  energy = -28.874
     point #  40  energy = -10.669
New Fermi level:    mu= -10.620 eV  Charge distance=  0.0022 (partial c.d.=  0.0511)
SCF ITERATION NUMBER 13
     point #   1  energy = -40.000
     point #  20  energy = -28.856
     point #  40  energy = -10.620
New Fermi level:    mu= -10.614 eV  Charge distance=  0.0009 (partial c.d.=  0.0229)
SCF ITERATION NUMBER 14
     point #   1  energy = -40.000
     point #  20  energy = -28.853
     point #  40  energy = -10.614
New Fermi level:    mu= -10.613 eV  Charge distance=  0.0040 (partial c.d.=  0.0063)
SCF ITERATION NUMBER 15
     point #   1  energy = -40.000
     point #  20  energy = -28.853
     point #  40  energy = -10.613
New Fermi level:    mu= -10.610 eV  Charge distance=  0.0041 (partial c.d.=  0.0060)
SCF ITERATION NUMBER 16
     point #   1  energy = -40.000
     point #  20  energy = -28.852
     point #  40  energy = -10.610
New Fermi level:    mu= -10.609 eV  Charge distance=  0.0061 (partial c.d.=  0.0088)
SCF ITERATION NUMBER 17
     point #   1  energy = -40.000
     point #  20  energy = -28.852
     point #  40  energy = -10.609
New Fermi level:    mu= -10.610 eV  Charge distance=  0.0014 (partial c.d.=  0.0155)
SCF ITERATION NUMBER 18
     point #   1  energy = -40.000
     point #  20  energy = -28.852
     point #  40  energy = -10.610
New Fermi level:    mu= -10.611 eV  Charge distance=  0.0006 (partial c.d.=  0.0038)
SCF ITERATION NUMBER 19
     point #   1  energy = -40.000
     point #  20  energy = -28.852
     point #  40  energy = -10.611
New Fermi level:    mu= -10.611 eV  Charge distance=  0.0010 (partial c.d.=  0.0015)
SCF ITERATION NUMBER 20
     point #   1  energy = -40.000
     point #  20  energy = -28.852
     point #  40  energy = -10.611
New Fermi level:    mu= -10.610 eV  Charge distance=  0.0002 (partial c.d.=  0.0022)
SCF ITERATION NUMBER 21
     point #   1  energy = -40.000
     point #  20  energy = -28.852
     point #  40  energy = -10.610
New Fermi level:    mu= -10.610 eV  Charge distance=  0.0001 (partial c.d.=  0.0001)
Electronic configuration
  type     l     N_el
     0     0    0.435
     0     1    0.556
     0     2    9.340
     0     3    0.000
     1     0    0.480
     1     1    0.764
     1     2    5.657
     1     3    0.000
     2     0    0.435
     2     1    0.557
     2     2    9.339
     2     3    0.000
     3     0    1.834
     3     1    4.309
     3     2    0.074
     3     3    0.000
Charge transfer:  type  charge
       0   -0.668
       1   -0.098
       2   -0.669
       3    0.217
Convergence reached in   21 iterations.
Done with module: potentials.

Calculating screened core-hole potential ...
FMS for a cluster of   33 atoms around iph =   0
    0% of energy integration
   20%
   40%
   60%
   80%
  100%
Preparing response function.
Computing (1 - K Chi0)^-1 v_ch
Done with module: screened core-hole potential.

Calculating cross-section and phases ...
    absorption cross section
 x0,dx,rnrm,inrm,jnrm   8.80000000000000       5.000000000000000E-002
   2.54239095700014              195         196
    phase shifts for unique potential    0
    phase shifts for unique potential    1
    phase shifts for unique potential    2
    phase shifts for unique potential    3
Done with module: cross-section and phases (XSPH).

FMS calculation of full Green's function ...
FEFF-serial using 1 thread.
Using   194 energy points.
xprep done
FMS for a cluster of  263 atoms
Energy point    1/ 194
Energy point   10/ 194
Energy point   20/ 194
Energy point   30/ 194
Energy point   40/ 194
Energy point   50/ 194
Energy point   60/ 194
Energy point   70/ 194
Energy point   80/ 194
Energy point   90/ 194
Energy point  100/ 194
Energy point  110/ 194
Energy point  120/ 194
Energy point  130/ 194
Energy point  140/ 194
Energy point  150/ 194
Energy point  160/ 194
Energy point  170/ 194
Energy point  180/ 194
Energy point  190/ 194
Done with module: FMS.

MKGTR: Tracing over Green's function ...
Done with module: MKGTR.

Pathfinder: finding scattering paths...
Preparing plane wave scattering amplitudes
Searching for paths
Eliminating path degeneracies
0 paths retained.
Done with module: pathfinder.

Calculating EXAFS parameters ...
Done with module: EXAFS parameters (GENFMT).

Calculating XAS spectra ...
Done with module: XAS spectra (FF2X: DW + final sum over paths).

 
### feff ends at Sun Aug 13 12:10:41 EDT 2023
 
