### feff starts at Mon Aug 14 09:51:51 EDT 2023
### Serial version
### FeffPath is /sdcc/u/mcarbone/software/JFEFF/hsw/feff90/linux
 
Launching FEFF version FEFF 9.9.1
Core hole lifetime is   1.729 eV.
Your calculation:
 comment: None given
 Source:
 Structure Summary:  Cu5 P2 O10
 Reduced formula:  Cu5(PO5)2
 space group: (P-1), space number:  (2)
 abc:  5.342387   5.364163   7.729940
 angles: 97.651326  89.196203 112.431779
 sites: 17
Cu K edge XANES using RPA corehole.
Using:     * Self-Consistent Field potentials
Using cards:   ATOMS CONTROL EXCHANGE TITLE RPATH POTENTIALS XANES EDGE SCF FMS S02 COREHOLE EGRID

Calculating atomic potentials ...
    overlapped atomic potential and density for unique potential    0
    overlapped atomic potential and density for unique potential    1
    overlapped atomic potential and density for unique potential    2
    overlapped atomic potential and density for unique potential    3
Done with module: atomic potentials.

Calculating SCF potentials ...
FEFF-serial using 1 thread.
Muffin tin radii and interstitial parameters [bohr]:
type, norman radius, muffin tin, overlap factor
    0  1.36003E+00  1.26598E+00  1.15000E+00
    1  1.34536E+00  1.25000E+00  1.15000E+00
    2  1.15603E+00  9.12038E-01  1.15000E+00
    3  1.11073E+00  1.01653E+00  1.15000E+00
Core-valence separation energy:  ecv=   -40.000 eV
Initial Fermi level:              mu=     4.112 eV
SCF ITERATION NUMBER  1
     point #   1  energy = -40.000
FMS for a cluster of  121 atoms around atom type   0
FMS for a cluster of  112 atoms around atom type   1
FMS for a cluster of  115 atoms around atom type   2
FMS for a cluster of  112 atoms around atom type   3
     point #  20  energy = -28.942
     point #  40  energy =  -8.692
     point #  60  energy =  -2.277
     point #  80  energy =  -2.852
New Fermi level:    mu=  -2.884 eV  Charge distance=  0.4318 (partial c.d.=  7.9327)
SCF ITERATION NUMBER  1
     point #   1  energy = -40.000
FMS for a cluster of  121 atoms around atom type   0
FMS for a cluster of  112 atoms around atom type   1
FMS for a cluster of  115 atoms around atom type   2
FMS for a cluster of  112 atoms around atom type   3
     point #  20  energy = -28.966
     point #  40  energy =  -8.903
     point #  60  energy =  -2.884
     point #  80  energy =  -4.084
     point # 100  energy =  -7.522
     point # 120  energy =  -8.194
New Fermi level:    mu=  -8.225 eV  Charge distance=  0.1446 (partial c.d.=  2.4647)
SCF ITERATION NUMBER  1
     point #   1  energy = -40.000
FMS for a cluster of  121 atoms around atom type   0
FMS for a cluster of  112 atoms around atom type   1
FMS for a cluster of  115 atoms around atom type   2
FMS for a cluster of  112 atoms around atom type   3
     point #  20  energy = -28.725
     point #  40  energy =  -8.225
     point #  60  energy =  -8.185
     point #  80  energy =  -6.219
     point # 100  energy =  -6.872
New Fermi level:    mu=  -6.868 eV  Charge distance=  0.1085 (partial c.d.=  0.4956)
SCF ITERATION NUMBER  2
     point #   1  energy = -40.000
     point #  20  energy = -28.956
     point #  40  energy =  -8.876
     point #  60  energy =  -6.880
New Fermi level:    mu=  -6.997 eV  Charge distance=  0.3762 (partial c.d.=  0.0883)
SCF ITERATION NUMBER  3
     point #   1  energy = -40.000
     point #  20  energy = -28.999
     point #  40  energy =  -8.997
     point #  60  energy =  -6.972
New Fermi level:    mu=  -6.931 eV  Charge distance=  0.0802 (partial c.d.=  0.4347)
SCF ITERATION NUMBER  4
     point #   1  energy = -40.000
     point #  20  energy = -28.977
     point #  40  energy =  -8.935
     point #  60  energy =  -6.943
New Fermi level:    mu=  -7.184 eV  Charge distance=  0.0378 (partial c.d.=  0.7252)
SCF ITERATION NUMBER  5
     point #   1  energy = -40.000
     point #  20  energy = -28.719
     point #  40  energy =  -8.209
New Fermi level:    mu=  -7.189 eV  Charge distance=  0.0142 (partial c.d.=  0.5251)
SCF ITERATION NUMBER  6
     point #   1  energy = -40.000
     point #  20  energy = -28.721
     point #  40  energy =  -8.215
New Fermi level:    mu=  -7.179 eV  Charge distance=  0.0132 (partial c.d.=  0.0848)
SCF ITERATION NUMBER  7
     point #   1  energy = -40.000
     point #  20  energy = -28.718
     point #  40  energy =  -8.205
New Fermi level:    mu=  -7.192 eV  Charge distance=  0.0019 (partial c.d.=  0.0917)
SCF ITERATION NUMBER  8
     point #   1  energy = -40.000
     point #  20  energy = -28.722
     point #  40  energy =  -8.217
New Fermi level:    mu=  -7.185 eV  Charge distance=  0.0036 (partial c.d.=  0.0319)
SCF ITERATION NUMBER  9
     point #   1  energy = -40.000
     point #  20  energy = -28.720
     point #  40  energy =  -8.211
New Fermi level:    mu=  -7.184 eV  Charge distance=  0.0068 (partial c.d.=  0.0037)
SCF ITERATION NUMBER 10
     point #   1  energy = -40.000
     point #  20  energy = -28.720
     point #  40  energy =  -8.210
New Fermi level:    mu=  -7.176 eV  Charge distance=  0.0003 (partial c.d.=  0.0032)
SCF ITERATION NUMBER 11
     point #   1  energy = -40.000
     point #  20  energy = -28.717
     point #  40  energy =  -8.201
New Fermi level:    mu=  -7.174 eV  Charge distance=  0.0006 (partial c.d.=  0.0015)
SCF ITERATION NUMBER 12
     point #   1  energy = -40.000
     point #  20  energy = -28.716
     point #  40  energy =  -8.199
New Fermi level:    mu=  -7.172 eV  Charge distance=  0.0001 (partial c.d.=  0.0017)
SCF ITERATION NUMBER 13
     point #   1  energy = -40.000
     point #  20  energy = -28.715
     point #  40  energy =  -8.197
New Fermi level:    mu=  -7.172 eV  Charge distance=  0.0001 (partial c.d.=  0.0001)
Electronic configuration
  type     l     N_el
     0     0    0.541
     0     1    0.617
     0     2    9.505
     0     3    0.000
     1     0    0.509
     1     1    0.632
     1     2    9.515
     1     3    0.000
     2     0    1.201
     2     1    2.023
     2     2    1.007
     2     3    0.000
     3     0    1.867
     3     1    4.360
     3     2    0.099
     3     3    0.000
Charge transfer:  type  charge
       0   -0.336
       1   -0.344
       2   -0.769
       3    0.326
Convergence reached in   13 iterations.
Done with module: potentials.

Calculating screened core-hole potential ...
FMS for a cluster of   25 atoms around iph =   0
    0% of energy integration
   20%
   40%
   60%
   80%
  100%
Preparing response function.
Computing (1 - K Chi0)^-1 v_ch
Done with module: screened core-hole potential.

Calculating cross-section and phases ...
    absorption cross section
 x0,dx,rnrm,inrm,jnrm   8.80000000000000       5.000000000000000E-002
   2.57007819400000              195         196
    phase shifts for unique potential    0
    phase shifts for unique potential    1
    phase shifts for unique potential    2
    phase shifts for unique potential    3
Done with module: cross-section and phases (XSPH).

FMS calculation of full Green's function ...
FEFF-serial using 1 thread.
Using   194 energy points.
xprep done
FMS for a cluster of  261 atoms
Energy point    1/ 194
Energy point   10/ 194
Energy point   20/ 194
Energy point   30/ 194
Energy point   40/ 194
Energy point   50/ 194
Energy point   60/ 194
Energy point   70/ 194
Energy point   80/ 194
Energy point   90/ 194
Energy point  100/ 194
Energy point  110/ 194
Energy point  120/ 194
Energy point  130/ 194
Energy point  140/ 194
Energy point  150/ 194
Energy point  160/ 194
Energy point  170/ 194
Energy point  180/ 194
Energy point  190/ 194
Done with module: FMS.

MKGTR: Tracing over Green's function ...
Done with module: MKGTR.

Pathfinder: finding scattering paths...
Preparing plane wave scattering amplitudes
Searching for paths
Eliminating path degeneracies
0 paths retained.
Done with module: pathfinder.

Calculating EXAFS parameters ...
Done with module: EXAFS parameters (GENFMT).

Calculating XAS spectra ...
Done with module: XAS spectra (FF2X: DW + final sum over paths).

 
### feff ends at Mon Aug 14 11:37:56 EDT 2023
 
