### feff starts at Mon Aug 14 02:37:26 EDT 2023
### Serial version
### FeffPath is /sdcc/u/mcarbone/software/JFEFF/hsw/feff90/linux
 
Launching FEFF version FEFF 9.9.1
Resetting lmaxsc to 2 for iph =    3.  Use  UNFREEZE to prevent this.
Core hole lifetime is   1.729 eV.
Your calculation:
 comment: None given
 Source:
 Structure Summary:  Ca2 Cu1 W1 O6
 Reduced formula:  Ca2CuWO6
 space group: (P1), space number:  (1)
 abc:  5.630168   5.757180   7.782527
 angles: 89.962817 133.742978 121.575295
 sites: 10
Cu K edge XANES using RPA corehole.
Using:     * Self-Consistent Field potentials
Using cards:   ATOMS CONTROL EXCHANGE TITLE RPATH POTENTIALS XANES EDGE SCF FMS S02 COREHOLE EGRID

Calculating atomic potentials ...
    overlapped atomic potential and density for unique potential    0
    overlapped atomic potential and density for unique potential    1
    overlapped atomic potential and density for unique potential    2
    overlapped atomic potential and density for unique potential    3
    overlapped atomic potential and density for unique potential    4
Done with module: atomic potentials.

Calculating SCF potentials ...
FEFF-serial using 1 thread.
Muffin tin radii and interstitial parameters [bohr]:
type, norman radius, muffin tin, overlap factor
    0  1.30278E+00  1.24172E+00  1.12960E+00
    1  1.79170E+00  1.72559E+00  1.09818E+00
    2  1.30281E+00  1.24175E+00  1.12961E+00
    3  1.40333E+00  1.25703E+00  1.15000E+00
    4  1.08013E+00  1.00752E+00  1.15000E+00
Core-valence separation energy:  ecv=   -40.000 eV
Initial Fermi level:              mu=    -0.727 eV
SCF ITERATION NUMBER  1
     point #   1  energy = -40.000
FMS for a cluster of  119 atoms around atom type   0
FMS for a cluster of  106 atoms around atom type   1
FMS for a cluster of   84 atoms around atom type   2
FMS for a cluster of  107 atoms around atom type   3
FMS for a cluster of  107 atoms around atom type   4
     point #  20  energy = -28.907
     point #  40  energy =  -9.778
     point #  60  energy =  -7.535
New Fermi level:    mu=  -6.732 eV  Charge distance=  1.7386 (partial c.d.=  6.6639)
SCF ITERATION NUMBER  1
     point #   1  energy = -40.000
FMS for a cluster of  119 atoms around atom type   0
FMS for a cluster of  106 atoms around atom type   1
FMS for a cluster of   84 atoms around atom type   2
FMS for a cluster of  107 atoms around atom type   3
FMS for a cluster of  107 atoms around atom type   4
     point #  20  energy = -28.911
     point #  40  energy =  -8.748
     point #  60  energy =  -6.744
     point #  80  energy =  -8.072
     point # 100  energy =  -8.147
     point # 120  energy =  -7.666
     point # 140  energy =  -7.416
New Fermi level:    mu=  -7.376 eV  Charge distance=  0.6010 (partial c.d.=  8.8716)
SCF ITERATION NUMBER  1
     point #   1  energy = -40.000
FMS for a cluster of  119 atoms around atom type   0
FMS for a cluster of  106 atoms around atom type   1
FMS for a cluster of   84 atoms around atom type   2
FMS for a cluster of  107 atoms around atom type   3
FMS for a cluster of  107 atoms around atom type   4
     point #  20  energy = -28.785
     point #  40  energy =  -8.395
     point #  60  energy =  -7.416
     point #  80  energy =  -8.795
     point # 100  energy =  -8.366
     point # 120  energy =  -7.973
New Fermi level:    mu=  -7.749 eV  Charge distance=  0.3263 (partial c.d.=  0.6888)
SCF ITERATION NUMBER  2
     point #   1  energy = -40.000
     point #  20  energy = -28.914
     point #  40  energy =  -8.757
     point #  60  energy =  -7.789
     point #  80  energy =  -8.961
     point # 100  energy =  -8.355
New Fermi level:    mu=  -8.118 eV  Charge distance=  0.6122 (partial c.d.=  0.2900)
SCF ITERATION NUMBER  3
     point #   1  energy = -40.000
     point #  20  energy = -28.687
     point #  40  energy =  -8.118
     point #  60  energy =  -8.077
     point #  80  energy =  -6.627
New Fermi level:    mu=  -6.474 eV  Charge distance=  0.5398 (partial c.d.=  9.0854)
SCF ITERATION NUMBER  4
     point #   1  energy = -40.000
     point #  20  energy = -28.825
     point #  40  energy =  -8.506
     point #  60  energy =  -6.487
     point #  80  energy =  -8.908
     point # 100  energy =  -8.665
     point # 120  energy =  -8.240
New Fermi level:    mu=  -8.095 eV  Charge distance=  0.0631 (partial c.d.=  9.0529)
SCF ITERATION NUMBER  5
     point #   1  energy = -40.000
     point #  20  energy = -29.033
     point #  40  energy =  -9.092
New Fermi level:    mu=  -8.078 eV  Charge distance=  0.0897 (partial c.d.=  0.0357)
SCF ITERATION NUMBER  6
     point #   1  energy = -40.000
     point #  20  energy = -29.027
     point #  40  energy =  -9.075
New Fermi level:    mu=  -8.096 eV  Charge distance=  0.0332 (partial c.d.=  0.0715)
SCF ITERATION NUMBER  7
     point #   1  energy = -40.000
     point #  20  energy = -29.033
     point #  40  energy =  -9.093
New Fermi level:    mu=  -8.119 eV  Charge distance=  0.2291 (partial c.d.=  0.0258)
SCF ITERATION NUMBER  8
     point #   1  energy = -40.000
     point #  20  energy = -28.687
     point #  40  energy =  -8.119
     point #  60  energy =  -8.169
New Fermi level:    mu=  -8.216 eV  Charge distance=  0.0911 (partial c.d.=  0.5246)
SCF ITERATION NUMBER  9
     point #   1  energy = -40.000
     point #  20  energy = -28.722
     point #  40  energy =  -8.216
     point #  60  energy =  -8.166
New Fermi level:    mu=  -8.132 eV  Charge distance=  0.0374 (partial c.d.=  0.4054)
SCF ITERATION NUMBER 10
     point #   1  energy = -40.000
     point #  20  energy = -28.692
     point #  40  energy =  -8.132
New Fermi level:    mu=  -8.132 eV  Charge distance=  0.0234 (partial c.d.=  0.0723)
SCF ITERATION NUMBER 11
     point #   1  energy = -40.000
     point #  20  energy = -28.692
     point #  40  energy =  -8.132
New Fermi level:    mu=  -8.128 eV  Charge distance=  0.0017 (partial c.d.=  0.0570)
SCF ITERATION NUMBER 12
     point #   1  energy = -40.000
     point #  20  energy = -28.691
     point #  40  energy =  -8.128
New Fermi level:    mu=  -8.123 eV  Charge distance=  0.0027 (partial c.d.=  0.0120)
SCF ITERATION NUMBER 13
     point #   1  energy = -40.000
     point #  20  energy = -28.689
     point #  40  energy =  -8.123
New Fermi level:    mu=  -8.118 eV  Charge distance=  0.0020 (partial c.d.=  0.0054)
SCF ITERATION NUMBER 14
     point #   1  energy = -40.000
     point #  20  energy = -28.687
     point #  40  energy =  -8.118
New Fermi level:    mu=  -8.115 eV  Charge distance=  0.0016 (partial c.d.=  0.0044)
SCF ITERATION NUMBER 15
     point #   1  energy = -40.000
     point #  20  energy = -28.686
     point #  40  energy =  -8.115
New Fermi level:    mu=  -8.113 eV  Charge distance=  0.0004 (partial c.d.=  0.0025)
SCF ITERATION NUMBER 16
     point #   1  energy = -40.000
     point #  20  energy = -28.685
     point #  40  energy =  -8.113
New Fermi level:    mu=  -8.114 eV  Charge distance=  0.0005 (partial c.d.=  0.0010)
SCF ITERATION NUMBER 17
     point #   1  energy = -40.000
     point #  20  energy = -28.686
     point #  40  energy =  -8.114
New Fermi level:    mu=  -8.115 eV  Charge distance=  0.0000 (partial c.d.=  0.0009)
SCF ITERATION NUMBER 18
     point #   1  energy = -40.000
     point #  20  energy = -28.686
     point #  40  energy =  -8.115
New Fermi level:    mu=  -8.115 eV  Charge distance=  0.0000 (partial c.d.=  0.0000)
Electronic configuration
  type     l     N_el
     0     0    0.419
     0     1    0.580
     0     2    9.632
     0     3    0.000
     1     0    0.314
     1     1    6.457
     1     2    0.867
     1     3    0.000
     2     0    0.418
     2     1    0.579
     2     2    9.627
     2     3    0.000
     3     0    0.563
     3     1    0.878
     3     2    3.717
     3     3    0.000
     4     0    1.824
     4     1    4.425
     4     2    0.075
     4     3    0.000
Charge transfer:  type  charge
       0   -0.369
       1   -0.362
       2   -0.376
       3   -0.843
       4    0.325
Convergence reached in   18 iterations.
Done with module: potentials.

Calculating screened core-hole potential ...
FMS for a cluster of   18 atoms around iph =   0
    0% of energy integration
   20%
   40%
   60%
   80%
  100%
Preparing response function.
Computing (1 - K Chi0)^-1 v_ch
Done with module: screened core-hole potential.

Calculating cross-section and phases ...
    absorption cross section
 x0,dx,rnrm,inrm,jnrm   8.80000000000000       5.000000000000000E-002
   2.46189386500017              195         196
    phase shifts for unique potential    0
    phase shifts for unique potential    1
    phase shifts for unique potential    2
    phase shifts for unique potential    3
    phase shifts for unique potential    4
Done with module: cross-section and phases (XSPH).

FMS calculation of full Green's function ...
FEFF-serial using 1 thread.
Using   194 energy points.
xprep done
FMS for a cluster of  253 atoms
Energy point    1/ 194
Energy point   10/ 194
Energy point   20/ 194
Energy point   30/ 194
Energy point   40/ 194
Energy point   50/ 194
Energy point   60/ 194
Energy point   70/ 194
Energy point   80/ 194
Energy point   90/ 194
Energy point  100/ 194
Energy point  110/ 194
Energy point  120/ 194
Energy point  130/ 194
Energy point  140/ 194
Energy point  150/ 194
Energy point  160/ 194
Energy point  170/ 194
Energy point  180/ 194
Energy point  190/ 194
Done with module: FMS.

MKGTR: Tracing over Green's function ...
Done with module: MKGTR.

Pathfinder: finding scattering paths...
Preparing plane wave scattering amplitudes
Searching for paths
Eliminating path degeneracies
0 paths retained.
Done with module: pathfinder.

Calculating EXAFS parameters ...
Done with module: EXAFS parameters (GENFMT).

Calculating XAS spectra ...
Done with module: XAS spectra (FF2X: DW + final sum over paths).

 
### feff ends at Mon Aug 14 04:44:16 EDT 2023
 
