### feff starts at Sun Aug 13 13:56:08 EDT 2023
### Serial version
### FeffPath is /sdcc/u/mcarbone/software/JFEFF/hsw/feff90/linux
 
Launching FEFF version FEFF 9.9.1
Core hole lifetime is   1.729 eV.
Your calculation:
 comment: None given
 Source:
 Structure Summary:  Na4 V20 Cu15 O60
 Reduced formula:  Na4V20(CuO4)15
 space group: (R-3), space number:  (148)
 abc: 12.189554  12.189554  12.189554
 angles: 50.478715  50.478715  50.478719
 sites: 99
Cu K edge XANES using RPA corehole.
Using:     * Self-Consistent Field potentials
Using cards:   ATOMS CONTROL EXCHANGE TITLE RPATH POTENTIALS XANES EDGE SCF FMS S02 COREHOLE EGRID

Calculating atomic potentials ...
    overlapped atomic potential and density for unique potential    0
    overlapped atomic potential and density for unique potential    1
    overlapped atomic potential and density for unique potential    2
    overlapped atomic potential and density for unique potential    3
    overlapped atomic potential and density for unique potential    4
Done with module: atomic potentials.

Calculating SCF potentials ...
FEFF-serial using 1 thread.
Muffin tin radii and interstitial parameters [bohr]:
type, norman radius, muffin tin, overlap factor
    0  1.28138E+00  1.19335E+00  1.15000E+00
    1  1.51793E+00  1.51728E+00  1.00099E+00
    2  1.38466E+00  1.25714E+00  1.15000E+00
    3  1.29143E+00  1.20869E+00  1.15000E+00
    4  1.09553E+00  1.00088E+00  1.15000E+00
Core-valence separation energy:  ecv=   -52.000 eV
Initial Fermi level:              mu=     0.073 eV
SCF ITERATION NUMBER  1
     point #   1  energy = -52.000
FMS for a cluster of  141 atoms around atom type   0
FMS for a cluster of  126 atoms around atom type   1
FMS for a cluster of  131 atoms around atom type   2
FMS for a cluster of  125 atoms around atom type   3
FMS for a cluster of  145 atoms around atom type   4
     point #  20  energy = -40.794
     point #  40  energy = -20.544
     point #  60  energy =  -8.407
     point #  80  energy =  -6.850
     point # 100  energy =  -6.447
New Fermi level:    mu=  -6.454 eV  Charge distance=  1.6442 (partial c.d.=  7.0219)
SCF ITERATION NUMBER  1
     point #   1  energy = -52.000
FMS for a cluster of  141 atoms around atom type   0
FMS for a cluster of  126 atoms around atom type   1
FMS for a cluster of  131 atoms around atom type   2
FMS for a cluster of  125 atoms around atom type   3
FMS for a cluster of  145 atoms around atom type   4
     point #  20  energy = -40.867
     point #  40  energy = -20.624
     point #  60  energy =  -6.454
     point #  80  energy =  -6.736
     point # 100  energy =  -8.848
     point # 120  energy =  -7.736
New Fermi level:    mu=  -7.549 eV  Charge distance=  0.6554 (partial c.d.=  8.5618)
SCF ITERATION NUMBER  1
     point #   1  energy = -52.000
FMS for a cluster of  141 atoms around atom type   0
FMS for a cluster of  126 atoms around atom type   1
FMS for a cluster of  131 atoms around atom type   2
FMS for a cluster of  125 atoms around atom type   3
FMS for a cluster of  145 atoms around atom type   4
     point #  20  energy = -40.887
     point #  40  energy = -20.682
     point #  60  energy =  -7.549
     point #  80  energy =  -7.984
     point # 100  energy =  -9.481
     point # 120  energy =  -8.906
New Fermi level:    mu=  -8.709 eV  Charge distance=  0.2862 (partial c.d.=  1.2473)
SCF ITERATION NUMBER  2
     point #   1  energy = -52.000
     point #  20  energy = -40.926
     point #  40  energy = -20.790
     point #  60  energy =  -8.709
     point #  80  energy =  -9.144
     point # 100  energy = -10.619
New Fermi level:    mu= -10.600 eV  Charge distance=  0.0930 (partial c.d.=  1.3370)
SCF ITERATION NUMBER  3
     point #   1  energy = -52.000
     point #  20  energy = -40.893
     point #  40  energy = -20.698
     point #  60  energy = -10.600
     point #  80  energy =  -9.963
New Fermi level:    mu=  -9.815 eV  Charge distance=  0.1736 (partial c.d.=  0.7673)
SCF ITERATION NUMBER  4
     point #   1  energy = -52.000
     point #  20  energy = -40.951
     point #  40  energy = -20.863
     point #  60  energy =  -9.815
     point #  80  energy = -10.452
New Fermi level:    mu= -10.718 eV  Charge distance=  0.1815 (partial c.d.=  1.7630)
SCF ITERATION NUMBER  5
     point #   1  energy = -52.000
     point #  20  energy = -40.924
     point #  40  energy = -20.787
     point #  60  energy = -10.718
New Fermi level:    mu= -10.553 eV  Charge distance=  0.0499 (partial c.d.=  2.0622)
SCF ITERATION NUMBER  6
     point #   1  energy = -52.000
     point #  20  energy = -40.880
     point #  40  energy = -20.662
     point #  60  energy = -10.553
New Fermi level:    mu= -10.536 eV  Charge distance=  0.0526 (partial c.d.=  0.1345)
SCF ITERATION NUMBER  7
     point #   1  energy = -52.000
     point #  20  energy = -40.876
     point #  40  energy = -20.649
     point #  60  energy = -10.536
New Fermi level:    mu= -10.451 eV  Charge distance=  0.0069 (partial c.d.=  0.4147)
SCF ITERATION NUMBER  8
     point #   1  energy = -52.000
     point #  20  energy = -40.853
     point #  40  energy = -20.585
     point #  60  energy = -10.451
New Fermi level:    mu= -10.432 eV  Charge distance=  0.0068 (partial c.d.=  0.0621)
SCF ITERATION NUMBER  9
     point #   1  energy = -52.000
     point #  20  energy = -40.848
     point #  40  energy = -20.571
     point #  60  energy = -10.432
New Fermi level:    mu= -10.407 eV  Charge distance=  0.0022 (partial c.d.=  0.0567)
SCF ITERATION NUMBER 10
     point #   1  energy = -52.000
     point #  20  energy = -40.841
     point #  40  energy = -20.552
     point #  60  energy = -10.407
New Fermi level:    mu= -10.406 eV  Charge distance=  0.0018 (partial c.d.=  0.0271)
SCF ITERATION NUMBER 11
     point #   1  energy = -52.000
     point #  20  energy = -40.841
     point #  40  energy = -20.551
     point #  60  energy = -10.406
New Fermi level:    mu= -10.399 eV  Charge distance=  0.0027 (partial c.d.=  0.0035)
SCF ITERATION NUMBER 12
     point #   1  energy = -52.000
     point #  20  energy = -40.839
     point #  40  energy = -20.546
     point #  60  energy = -10.399
New Fermi level:    mu= -10.391 eV  Charge distance=  0.0007 (partial c.d.=  0.0038)
SCF ITERATION NUMBER 13
     point #   1  energy = -52.000
     point #  20  energy = -40.837
     point #  40  energy = -20.540
     point #  60  energy = -10.391
New Fermi level:    mu= -10.391 eV  Charge distance=  0.0002 (partial c.d.=  0.0008)
SCF ITERATION NUMBER 14
     point #   1  energy = -52.000
     point #  20  energy = -40.837
     point #  40  energy = -20.539
     point #  60  energy = -10.391
New Fermi level:    mu= -10.392 eV  Charge distance=  0.0001 (partial c.d.=  0.0008)
SCF ITERATION NUMBER 15
     point #   1  energy = -52.000
     point #  20  energy = -40.837
     point #  40  energy = -20.540
     point #  60  energy = -10.392
New Fermi level:    mu= -10.392 eV  Charge distance=  0.0001 (partial c.d.=  0.0002)
SCF ITERATION NUMBER 16
     point #   1  energy = -52.000
     point #  20  energy = -40.837
     point #  40  energy = -20.541
     point #  60  energy = -10.392
New Fermi level:    mu= -10.393 eV  Charge distance=  0.0001 (partial c.d.=  0.0001)
Electronic configuration
  type     l     N_el
     0     0    0.455
     0     1    0.534
     0     2    9.298
     0     3    0.000
     1     0    0.153
     1     1    6.214
     1     2    0.185
     1     3    0.000
     2     0    0.456
     2     1    6.786
     2     2    3.457
     2     3    0.000
     3     0    0.446
     3     1    0.520
     3     2    9.325
     3     3    0.000
     4     0    1.845
     4     1    4.386
     4     2    0.077
     4     3    0.000
Charge transfer:  type  charge
       0   -0.713
       1   -0.448
       2   -0.300
       3   -0.709
       4    0.307
Convergence reached in   16 iterations.
Done with module: potentials.

Calculating screened core-hole potential ...
FMS for a cluster of   27 atoms around iph =   0
    0% of energy integration
   20%
   40%
   60%
   80%
  100%
Preparing response function.
Computing (1 - K Chi0)^-1 v_ch
Done with module: screened core-hole potential.

Calculating cross-section and phases ...
    absorption cross section
 x0,dx,rnrm,inrm,jnrm   8.80000000000000       5.000000000000000E-002
   2.42145209700000              194         195
    phase shifts for unique potential    0
    phase shifts for unique potential    1
    phase shifts for unique potential    2
    phase shifts for unique potential    3
    phase shifts for unique potential    4
Done with module: cross-section and phases (XSPH).

FMS calculation of full Green's function ...
FEFF-serial using 1 thread.
Using   194 energy points.
xprep done
FMS for a cluster of  293 atoms
Energy point    1/ 194
Energy point   10/ 194
Energy point   20/ 194
Energy point   30/ 194
Energy point   40/ 194
Energy point   50/ 194
Energy point   60/ 194
Energy point   70/ 194
Energy point   80/ 194
Energy point   90/ 194
Energy point  100/ 194
Energy point  110/ 194
Energy point  120/ 194
Energy point  130/ 194
Energy point  140/ 194
Energy point  150/ 194
Energy point  160/ 194
Energy point  170/ 194
Energy point  180/ 194
Energy point  190/ 194
Done with module: FMS.

MKGTR: Tracing over Green's function ...
Done with module: MKGTR.

Pathfinder: finding scattering paths...
Preparing plane wave scattering amplitudes
Searching for paths
Eliminating path degeneracies
0 paths retained.
Done with module: pathfinder.

Calculating EXAFS parameters ...
Done with module: EXAFS parameters (GENFMT).

Calculating XAS spectra ...
Done with module: XAS spectra (FF2X: DW + final sum over paths).

 
### feff ends at Sun Aug 13 17:10:27 EDT 2023
 
