### feff starts at Mon Aug 14 05:05:09 EDT 2023
### Serial version
### FeffPath is /sdcc/u/mcarbone/software/JFEFF/hsw/feff90/linux
 
Launching FEFF version FEFF 9.9.1
Core hole lifetime is   1.729 eV.
Your calculation:
 comment: None given
 Source:
 Structure Summary:  Ca8 Cu8 Si16 O48
 Reduced formula:  CaCu(SiO3)2
 space group: (Pbca), space number:  (61)
 abc:  5.422807   9.710254  19.042976
 angles: 90.000000  90.000000  90.000000
 sites: 80
Cu K edge XANES using RPA corehole.
Using:     * Self-Consistent Field potentials
Using cards:   ATOMS CONTROL EXCHANGE TITLE RPATH POTENTIALS XANES EDGE SCF FMS S02 COREHOLE EGRID

Calculating atomic potentials ...
    overlapped atomic potential and density for unique potential    0
    overlapped atomic potential and density for unique potential    1
    overlapped atomic potential and density for unique potential    2
    overlapped atomic potential and density for unique potential    3
    overlapped atomic potential and density for unique potential    4
Done with module: atomic potentials.

Calculating SCF potentials ...
FEFF-serial using 1 thread.
Muffin tin radii and interstitial parameters [bohr]:
type, norman radius, muffin tin, overlap factor
    0  1.34286E+00  1.24414E+00  1.15000E+00
    1  1.67691E+00  1.59695E+00  1.13228E+00
    2  1.34343E+00  1.24443E+00  1.15000E+00
    3  1.21942E+00  1.00920E+00  1.15000E+00
    4  1.07018E+00  9.39583E-01  1.15000E+00
Core-valence separation energy:  ecv=   -40.000 eV
Initial Fermi level:              mu=     2.412 eV
SCF ITERATION NUMBER  1
     point #   1  energy = -40.000
FMS for a cluster of  117 atoms around atom type   0
FMS for a cluster of  112 atoms around atom type   1
FMS for a cluster of   92 atoms around atom type   2
FMS for a cluster of  104 atoms around atom type   3
FMS for a cluster of  110 atoms around atom type   4
     point #  20  energy = -28.884
     point #  40  energy =  -9.647
     point #  60  energy =  -6.581
     point #  80  energy =  -5.734
New Fermi level:    mu=  -5.723 eV  Charge distance=  1.3519 (partial c.d.=  6.6826)
SCF ITERATION NUMBER  1
     point #   1  energy = -40.000
FMS for a cluster of  117 atoms around atom type   0
FMS for a cluster of  112 atoms around atom type   1
FMS for a cluster of   92 atoms around atom type   2
FMS for a cluster of  104 atoms around atom type   3
FMS for a cluster of  110 atoms around atom type   4
     point #  20  energy = -28.910
     point #  40  energy =  -8.748
     point #  60  energy =  -5.736
     point #  80  energy =  -8.173
     point # 100  energy =  -9.795
     point # 120  energy =  -9.061
New Fermi level:    mu=  -8.858 eV  Charge distance=  0.4335 (partial c.d.=  7.1919)
SCF ITERATION NUMBER  1
     point #   1  energy = -40.000
FMS for a cluster of  117 atoms around atom type   0
FMS for a cluster of  112 atoms around atom type   1
FMS for a cluster of   92 atoms around atom type   2
FMS for a cluster of  104 atoms around atom type   3
FMS for a cluster of  110 atoms around atom type   4
     point #  20  energy = -28.950
     point #  40  energy =  -8.858
     point #  60  energy =  -8.902
     point #  80  energy =  -8.827
New Fermi level:    mu=  -8.645 eV  Charge distance=  0.2371 (partial c.d.=  0.2270)
SCF ITERATION NUMBER  2
     point #   1  energy = -40.000
     point #  20  energy = -28.874
     point #  40  energy =  -8.645
     point #  60  energy =  -8.577
     point #  80  energy =  -8.261
New Fermi level:    mu=  -8.212 eV  Charge distance=  0.3036 (partial c.d.=  0.3345)
SCF ITERATION NUMBER  3
     point #   1  energy = -40.000
     point #  20  energy = -28.721
     point #  40  energy =  -8.212
     point #  60  energy =  -8.172
     point #  80  energy =  -7.078
New Fermi level:    mu=  -6.997 eV  Charge distance=  0.2214 (partial c.d.=  1.2872)
SCF ITERATION NUMBER  4
     point #   1  energy = -40.000
     point #  20  energy = -28.999
     point #  40  energy =  -8.997
     point #  60  energy =  -7.009
     point #  80  energy =  -9.116
     point # 100  energy =  -8.516
     point # 120  energy =  -8.216
New Fermi level:    mu=  -8.115 eV  Charge distance=  0.0787 (partial c.d.=  1.4409)
SCF ITERATION NUMBER  5
     point #   1  energy = -40.000
     point #  20  energy = -28.686
     point #  40  energy =  -8.115
     point #  60  energy =  -8.065
New Fermi level:    mu=  -8.035 eV  Charge distance=  0.1189 (partial c.d.=  0.0998)
SCF ITERATION NUMBER  6
     point #   1  energy = -40.000
     point #  20  energy = -29.012
     point #  40  energy =  -9.034
     point #  60  energy =  -7.994
New Fermi level:    mu=  -7.826 eV  Charge distance=  0.0081 (partial c.d.=  0.3287)
SCF ITERATION NUMBER  7
     point #   1  energy = -40.000
     point #  20  energy = -28.940
     point #  40  energy =  -8.831
     point #  60  energy =  -7.863
New Fermi level:    mu=  -7.880 eV  Charge distance=  0.0029 (partial c.d.=  0.0372)
SCF ITERATION NUMBER  8
     point #   1  energy = -40.000
     point #  20  energy = -28.959
     point #  40  energy =  -8.884
New Fermi level:    mu=  -7.886 eV  Charge distance=  0.0045 (partial c.d.=  0.0037)
SCF ITERATION NUMBER  9
     point #   1  energy = -40.000
     point #  20  energy = -28.961
     point #  40  energy =  -8.890
New Fermi level:    mu=  -7.895 eV  Charge distance=  0.0022 (partial c.d.=  0.0024)
SCF ITERATION NUMBER 10
     point #   1  energy = -40.000
     point #  20  energy = -28.964
     point #  40  energy =  -8.898
New Fermi level:    mu=  -7.891 eV  Charge distance=  0.0025 (partial c.d.=  0.0021)
SCF ITERATION NUMBER 11
     point #   1  energy = -40.000
     point #  20  energy = -28.962
     point #  40  energy =  -8.894
New Fermi level:    mu=  -7.886 eV  Charge distance=  0.0007 (partial c.d.=  0.0043)
SCF ITERATION NUMBER 12
     point #   1  energy = -40.000
     point #  20  energy = -28.961
     point #  40  energy =  -8.890
New Fermi level:    mu=  -7.885 eV  Charge distance=  0.0002 (partial c.d.=  0.0023)
SCF ITERATION NUMBER 13
     point #   1  energy = -40.000
     point #  20  energy = -28.960
     point #  40  energy =  -8.888
New Fermi level:    mu=  -7.885 eV  Charge distance=  0.0000 (partial c.d.=  0.0007)
SCF ITERATION NUMBER 14
     point #   1  energy = -40.000
     point #  20  energy = -28.961
     point #  40  energy =  -8.889
New Fermi level:    mu=  -7.885 eV  Charge distance=  0.0001 (partial c.d.=  0.0001)
Electronic configuration
  type     l     N_el
     0     0    0.515
     0     1    0.573
     0     2    9.505
     0     3    0.000
     1     0    0.362
     1     1    6.557
     1     2    0.975
     1     3    0.000
     2     0    0.519
     2     1    0.575
     2     2    9.502
     2     3    0.000
     3     0    0.938
     3     1    1.537
     3     2    0.876
     3     3    0.000
     4     0    1.843
     4     1    4.403
     4     2    0.055
     4     3    0.000
Charge transfer:  type  charge
       0   -0.406
       1   -0.106
       2   -0.403
       3   -0.648
       4    0.301
Convergence reached in   14 iterations.
Done with module: potentials.

Calculating screened core-hole potential ...
FMS for a cluster of   21 atoms around iph =   0
    0% of energy integration
   20%
   40%
   60%
   80%
  100%
Preparing response function.
Computing (1 - K Chi0)^-1 v_ch
Done with module: screened core-hole potential.

Calculating cross-section and phases ...
    absorption cross section
 x0,dx,rnrm,inrm,jnrm   8.80000000000000       5.000000000000000E-002
   2.53764399399996              195         196
    phase shifts for unique potential    0
    phase shifts for unique potential    1
    phase shifts for unique potential    2
    phase shifts for unique potential    3
    phase shifts for unique potential    4
Done with module: cross-section and phases (XSPH).

FMS calculation of full Green's function ...
FEFF-serial using 1 thread.
Using   194 energy points.
xprep done
FMS for a cluster of  241 atoms
Energy point    1/ 194
Energy point   10/ 194
Energy point   20/ 194
Energy point   30/ 194
Energy point   40/ 194
Energy point   50/ 194
Energy point   60/ 194
Energy point   70/ 194
Energy point   80/ 194
Energy point   90/ 194
Energy point  100/ 194
Energy point  110/ 194
Energy point  120/ 194
Energy point  130/ 194
Energy point  140/ 194
Energy point  150/ 194
Energy point  160/ 194
Energy point  170/ 194
Energy point  180/ 194
Energy point  190/ 194
Done with module: FMS.

MKGTR: Tracing over Green's function ...
Done with module: MKGTR.

Pathfinder: finding scattering paths...
Preparing plane wave scattering amplitudes
Searching for paths
Eliminating path degeneracies
0 paths retained.
Done with module: pathfinder.

Calculating EXAFS parameters ...
Done with module: EXAFS parameters (GENFMT).

Calculating XAS spectra ...
Done with module: XAS spectra (FF2X: DW + final sum over paths).

 
### feff ends at Mon Aug 14 06:56:29 EDT 2023
 
