### feff starts at Sun Aug 13 09:26:11 EDT 2023
### Serial version
### FeffPath is /sdcc/u/mcarbone/software/JFEFF/hsw/feff90/linux
 
Launching FEFF version FEFF 9.9.1
Core hole lifetime is   1.729 eV.
Your calculation:
 comment: None given
 Source:
 Structure Summary:  Cu36 B24 O72
 Reduced formula:  Cu3(BO3)2
 space group: (P2_1), space number:  (4)
 abc:  8.599924   9.307171  18.146571
 angles: 94.818309  90.000000  90.000000
 sites: 132
Cu K edge XANES using RPA corehole.
Using:     * Self-Consistent Field potentials
Using cards:   ATOMS CONTROL EXCHANGE TITLE RPATH POTENTIALS XANES EDGE SCF FMS S02 COREHOLE EGRID

Calculating atomic potentials ...
    overlapped atomic potential and density for unique potential    0
    overlapped atomic potential and density for unique potential    1
    overlapped atomic potential and density for unique potential    2
    overlapped atomic potential and density for unique potential    3
Done with module: atomic potentials.

Calculating SCF potentials ...
FEFF-serial using 1 thread.
Muffin tin radii and interstitial parameters [bohr]:
type, norman radius, muffin tin, overlap factor
    0  1.31079E+00  1.23114E+00  1.15000E+00
    1  1.34036E+00  1.26966E+00  1.14934E+00
    2  1.01316E+00  8.39436E-01  1.15000E+00
    3  1.04952E+00  9.10490E-01  1.15000E+00
Core-valence separation energy:  ecv=   -40.000 eV
Initial Fermi level:              mu=     4.747 eV
SCF ITERATION NUMBER  1
     point #   1  energy = -40.000
FMS for a cluster of  125 atoms around atom type   0
FMS for a cluster of  120 atoms around atom type   1
FMS for a cluster of  122 atoms around atom type   2
FMS for a cluster of  136 atoms around atom type   3
     point #  20  energy = -28.827
     point #  40  energy =  -8.577
     point #  60  energy =  -2.161
     point #  80  energy =  -2.652
New Fermi level:    mu=  -2.741 eV  Charge distance=  0.4020 (partial c.d.=  8.1721)
SCF ITERATION NUMBER  1
     point #   1  energy = -40.000
FMS for a cluster of  125 atoms around atom type   0
FMS for a cluster of  120 atoms around atom type   1
FMS for a cluster of  122 atoms around atom type   2
FMS for a cluster of  136 atoms around atom type   3
     point #  20  energy = -28.923
     point #  40  energy =  -8.783
     point #  60  energy =  -2.741
     point #  80  energy =  -4.254
     point # 100  energy =  -7.085
     point # 120  energy =  -7.735
     point # 140  energy =  -7.985
New Fermi level:    mu=  -8.195 eV  Charge distance=  0.0922 (partial c.d.=  2.1556)
SCF ITERATION NUMBER  1
     point #   1  energy = -40.000
FMS for a cluster of  125 atoms around atom type   0
FMS for a cluster of  120 atoms around atom type   1
FMS for a cluster of  122 atoms around atom type   2
FMS for a cluster of  136 atoms around atom type   3
     point #  20  energy = -28.714
     point #  40  energy =  -8.195
     point #  60  energy =  -8.154
     point #  80  energy =  -5.770
     point # 100  energy =  -6.529
     point # 120  energy =  -6.779
New Fermi level:    mu=  -6.808 eV  Charge distance=  0.0577 (partial c.d.=  0.4374)
SCF ITERATION NUMBER  2
     point #   1  energy = -40.000
     point #  20  energy = -28.936
     point #  40  energy =  -8.820
     point #  60  energy =  -6.783
New Fermi level:    mu=  -6.739 eV  Charge distance=  0.2082 (partial c.d.=  0.0515)
SCF ITERATION NUMBER  3
     point #   1  energy = -40.000
     point #  20  energy = -28.913
     point #  40  energy =  -8.755
     point #  60  energy =  -6.714
New Fermi level:    mu=  -6.688 eV  Charge distance=  0.0946 (partial c.d.=  0.4906)
SCF ITERATION NUMBER  4
     point #   1  energy = -40.000
     point #  20  energy = -28.896
     point #  40  energy =  -8.707
     point #  60  energy =  -6.713
New Fermi level:    mu=  -6.760 eV  Charge distance=  0.0405 (partial c.d.=  0.7667)
SCF ITERATION NUMBER  5
     point #   1  energy = -40.000
     point #  20  energy = -28.920
     point #  40  energy =  -8.774
     point #  60  energy =  -6.785
New Fermi level:    mu=  -6.817 eV  Charge distance=  0.0391 (partial c.d.=  0.1459)
SCF ITERATION NUMBER  6
     point #   1  energy = -40.000
     point #  20  energy = -28.939
     point #  40  energy =  -8.828
     point #  60  energy =  -6.842
New Fermi level:    mu=  -6.841 eV  Charge distance=  0.0118 (partial c.d.=  0.2378)
SCF ITERATION NUMBER  7
     point #   1  energy = -40.000
     point #  20  energy = -28.947
     point #  40  energy =  -8.850
New Fermi level:    mu=  -6.852 eV  Charge distance=  0.0050 (partial c.d.=  0.1244)
SCF ITERATION NUMBER  8
     point #   1  energy = -40.000
     point #  20  energy = -28.951
     point #  40  energy =  -8.861
New Fermi level:    mu=  -6.855 eV  Charge distance=  0.0058 (partial c.d.=  0.0188)
SCF ITERATION NUMBER  9
     point #   1  energy = -40.000
     point #  20  energy = -28.952
     point #  40  energy =  -8.864
New Fermi level:    mu=  -6.855 eV  Charge distance=  0.0033 (partial c.d.=  0.0106)
SCF ITERATION NUMBER 10
     point #   1  energy = -40.000
     point #  20  energy = -28.952
     point #  40  energy =  -8.864
New Fermi level:    mu=  -6.852 eV  Charge distance=  0.0010 (partial c.d.=  0.0027)
SCF ITERATION NUMBER 11
     point #   1  energy = -40.000
     point #  20  energy = -28.951
     point #  40  energy =  -8.861
New Fermi level:    mu=  -6.849 eV  Charge distance=  0.0003 (partial c.d.=  0.0016)
SCF ITERATION NUMBER 12
     point #   1  energy = -40.000
     point #  20  energy = -28.950
     point #  40  energy =  -8.858
New Fermi level:    mu=  -6.848 eV  Charge distance=  0.0002 (partial c.d.=  0.0001)
Electronic configuration
  type     l     N_el
     0     0    0.514
     0     1    0.627
     0     2    9.514
     0     3    0.000
     1     0    0.501
     1     1    0.596
     1     2    9.578
     1     3    0.000
     2     0    0.827
     2     1    1.729
     2     2    0.000
     2     3    0.000
     3     0    1.816
     3     1    4.399
     3     2    0.096
     3     3    0.000
Charge transfer:  type  charge
       0   -0.344
       1   -0.325
       2   -0.444
       3    0.311
Convergence reached in   12 iterations.
Done with module: potentials.

Calculating screened core-hole potential ...
FMS for a cluster of   26 atoms around iph =   0
    0% of energy integration
   20%
   40%
   60%
   80%
  100%
Preparing response function.
Computing (1 - K Chi0)^-1 v_ch
Done with module: screened core-hole potential.

Calculating cross-section and phases ...
    absorption cross section
 x0,dx,rnrm,inrm,jnrm   8.80000000000000       5.000000000000000E-002
   2.47704336800008              195         196
    phase shifts for unique potential    0
    phase shifts for unique potential    1
    phase shifts for unique potential    2
    phase shifts for unique potential    3
Done with module: cross-section and phases (XSPH).

FMS calculation of full Green's function ...
FEFF-serial using 1 thread.
Using   194 energy points.
xprep done
FMS for a cluster of  277 atoms
Energy point    1/ 194
Energy point   10/ 194
Energy point   20/ 194
Energy point   30/ 194
Energy point   40/ 194
Energy point   50/ 194
Energy point   60/ 194
Energy point   70/ 194
Energy point   80/ 194
Energy point   90/ 194
Energy point  100/ 194
Energy point  110/ 194
Energy point  120/ 194
Energy point  130/ 194
Energy point  140/ 194
Energy point  150/ 194
Energy point  160/ 194
Energy point  170/ 194
Energy point  180/ 194
Energy point  190/ 194
Done with module: FMS.

MKGTR: Tracing over Green's function ...
Done with module: MKGTR.

Pathfinder: finding scattering paths...
Preparing plane wave scattering amplitudes
Searching for paths
Eliminating path degeneracies
0 paths retained.
Done with module: pathfinder.

Calculating EXAFS parameters ...
Done with module: EXAFS parameters (GENFMT).

Calculating XAS spectra ...
Done with module: XAS spectra (FF2X: DW + final sum over paths).

 
### feff ends at Sun Aug 13 11:15:16 EDT 2023
 
