### feff starts at Mon Aug 14 12:28:34 EDT 2023
### Serial version
### FeffPath is /sdcc/u/mcarbone/software/JFEFF/hsw/feff90/linux
 
Launching FEFF version FEFF 9.9.1
Core hole lifetime is   1.729 eV.
Your calculation:
 comment: None given
 Source:
 Structure Summary:  Mg4 Cu8 Mo8 O32
 Reduced formula:  MgCu2(MoO4)2
 space group: (P2_1/c), space number:  (14)
 abc:  8.562399   6.747320  12.328765
 angles: 88.814569  90.000000  90.000000
 sites: 52
Cu K edge XANES using RPA corehole.
Using:     * Self-Consistent Field potentials
Using cards:   ATOMS CONTROL EXCHANGE TITLE RPATH POTENTIALS XANES EDGE SCF FMS S02 COREHOLE EGRID

Calculating atomic potentials ...
    overlapped atomic potential and density for unique potential    0
    overlapped atomic potential and density for unique potential    1
    overlapped atomic potential and density for unique potential    2
    overlapped atomic potential and density for unique potential    3
    overlapped atomic potential and density for unique potential    4
Done with module: atomic potentials.

Calculating SCF potentials ...
FEFF-serial using 1 thread.
Muffin tin radii and interstitial parameters [bohr]:
type, norman radius, muffin tin, overlap factor
    0  1.37600E+00  1.30804E+00  1.13795E+00
    1  1.48652E+00  1.41104E+00  1.14262E+00
    2  1.39053E+00  1.31919E+00  1.14440E+00
    3  1.36626E+00  1.17152E+00  1.15000E+00
    4  1.07245E+00  9.27216E-01  1.15000E+00
Core-valence separation energy:  ecv=   -54.500 eV
Initial Fermi level:              mu=     4.300 eV
SCF ITERATION NUMBER  1
     point #   1  energy = -54.500
FMS for a cluster of  109 atoms around atom type   0
FMS for a cluster of  102 atoms around atom type   1
FMS for a cluster of  101 atoms around atom type   2
FMS for a cluster of   98 atoms around atom type   3
FMS for a cluster of  109 atoms around atom type   4
     point #  20  energy = -42.910
     point #  40  energy = -22.660
     point #  60  energy =  -4.544
     point #  80  energy =  -3.682
New Fermi level:    mu=  -3.800 eV  Charge distance=  0.7221 (partial c.d.=  6.8756)
SCF ITERATION NUMBER  1
     point #   1  energy = -54.500
FMS for a cluster of  109 atoms around atom type   0
FMS for a cluster of  102 atoms around atom type   1
FMS for a cluster of  101 atoms around atom type   2
FMS for a cluster of   98 atoms around atom type   3
FMS for a cluster of  109 atoms around atom type   4
     point #  20  energy = -43.346
     point #  40  energy = -23.066
     point #  60  energy =  -3.800
     point #  80  energy =  -3.890
     point # 100  energy =  -5.578
     point # 120  energy =  -4.969
New Fermi level:    mu=  -4.830 eV  Charge distance=  0.4170 (partial c.d.=  4.0964)
SCF ITERATION NUMBER  1
     point #   1  energy = -54.500
FMS for a cluster of  109 atoms around atom type   0
FMS for a cluster of  102 atoms around atom type   1
FMS for a cluster of  101 atoms around atom type   2
FMS for a cluster of   98 atoms around atom type   3
FMS for a cluster of  109 atoms around atom type   4
     point #  20  energy = -43.350
     point #  40  energy = -23.076
     point #  60  energy =  -4.830
     point #  80  energy =  -4.920
     point # 100  energy =  -5.495
New Fermi level:    mu=  -5.405 eV  Charge distance=  0.1341 (partial c.d.=  1.0847)
SCF ITERATION NUMBER  2
     point #   1  energy = -54.500
     point #  20  energy = -43.249
     point #  40  energy = -22.793
     point #  60  energy =  -5.405
     point #  80  energy =  -5.493
New Fermi level:    mu=  -5.512 eV  Charge distance=  0.1129 (partial c.d.=  0.3433)
SCF ITERATION NUMBER  3
     point #   1  energy = -54.500
     point #  20  energy = -43.274
     point #  40  energy = -22.862
     point #  60  energy =  -5.512
New Fermi level:    mu=  -5.450 eV  Charge distance=  0.2325 (partial c.d.=  0.3453)
SCF ITERATION NUMBER  4
     point #   1  energy = -54.500
     point #  20  energy = -43.259
     point #  40  energy = -22.822
     point #  60  energy =  -5.450
     point #  80  energy =  -5.641
New Fermi level:    mu=  -5.738 eV  Charge distance=  0.0504 (partial c.d.=  0.4639)
SCF ITERATION NUMBER  5
     point #   1  energy = -54.500
     point #  20  energy = -43.325
     point #  40  energy = -23.008
     point #  60  energy =  -5.738
     point #  80  energy =  -5.651
New Fermi level:    mu=  -5.624 eV  Charge distance=  0.0050 (partial c.d.=  0.2058)
SCF ITERATION NUMBER  6
     point #   1  energy = -54.500
     point #  20  energy = -43.299
     point #  40  energy = -22.934
     point #  60  energy =  -5.624
New Fermi level:    mu=  -5.626 eV  Charge distance=  0.0064 (partial c.d.=  0.0434)
SCF ITERATION NUMBER  7
     point #   1  energy = -54.500
     point #  20  energy = -43.300
     point #  40  energy = -22.936
     point #  60  energy =  -5.626
New Fermi level:    mu=  -5.615 eV  Charge distance=  0.0120 (partial c.d.=  0.0016)
SCF ITERATION NUMBER  8
     point #   1  energy = -54.500
     point #  20  energy = -43.297
     point #  40  energy = -22.928
     point #  60  energy =  -5.615
New Fermi level:    mu=  -5.594 eV  Charge distance=  0.0018 (partial c.d.=  0.0093)
SCF ITERATION NUMBER  9
     point #   1  energy = -54.500
     point #  20  energy = -43.292
     point #  40  energy = -22.915
     point #  60  energy =  -5.594
New Fermi level:    mu=  -5.593 eV  Charge distance=  0.0003 (partial c.d.=  0.0011)
SCF ITERATION NUMBER 10
     point #   1  energy = -54.500
     point #  20  energy = -43.292
     point #  40  energy = -22.914
     point #  60  energy =  -5.593
New Fermi level:    mu=  -5.595 eV  Charge distance=  0.0008 (partial c.d.=  0.0005)
SCF ITERATION NUMBER 11
     point #   1  energy = -54.500
     point #  20  energy = -43.293
     point #  40  energy = -22.916
     point #  60  energy =  -5.595
New Fermi level:    mu=  -5.596 eV  Charge distance=  0.0001 (partial c.d.=  0.0006)
SCF ITERATION NUMBER 12
     point #   1  energy = -54.500
     point #  20  energy = -43.293
     point #  40  energy = -22.916
     point #  60  energy =  -5.596
New Fermi level:    mu=  -5.596 eV  Charge distance=  0.0000 (partial c.d.=  0.0002)
SCF ITERATION NUMBER 13
     point #   1  energy = -54.500
     point #  20  energy = -43.293
     point #  40  energy = -22.916
     point #  60  energy =  -5.596
New Fermi level:    mu=  -5.596 eV  Charge distance=  0.0000 (partial c.d.=  0.0001)
Electronic configuration
  type     l     N_el
     0     0    0.544
     0     1    0.636
     0     2    9.645
     0     3    0.000
     1     0    0.572
     1     1    6.845
     1     2    0.587
     1     3    0.000
     2     0    0.556
     2     1    0.639
     2     2    9.643
     2     3    0.000
     3     0    0.444
     3     1    6.530
     3     2    4.045
     3     3    0.000
     4     0    1.871
     4     1    4.281
     4     2    0.133
     4     3    0.000
Charge transfer:  type  charge
       0   -0.175
       1    0.005
       2   -0.162
       3   -0.981
       4    0.285
Convergence reached in   13 iterations.
Done with module: potentials.

Calculating screened core-hole potential ...
FMS for a cluster of   22 atoms around iph =   0
    0% of energy integration
   20%
   40%
   60%
   80%
  100%
Preparing response function.
Computing (1 - K Chi0)^-1 v_ch
Done with module: screened core-hole potential.

Calculating cross-section and phases ...
    absorption cross section
 x0,dx,rnrm,inrm,jnrm   8.80000000000000       5.000000000000000E-002
   2.60026706500000              196         197
    phase shifts for unique potential    0
    phase shifts for unique potential    1
    phase shifts for unique potential    2
    phase shifts for unique potential    3
    phase shifts for unique potential    4
Done with module: cross-section and phases (XSPH).

FMS calculation of full Green's function ...
FEFF-serial using 1 thread.
Using   194 energy points.
xprep done
FMS for a cluster of  220 atoms
Energy point    1/ 194
Energy point   10/ 194
Energy point   20/ 194
Energy point   30/ 194
Energy point   40/ 194
Energy point   50/ 194
Energy point   60/ 194
Energy point   70/ 194
Energy point   80/ 194
Energy point   90/ 194
Energy point  100/ 194
Energy point  110/ 194
Energy point  120/ 194
Energy point  130/ 194
Energy point  140/ 194
Energy point  150/ 194
Energy point  160/ 194
Energy point  170/ 194
Energy point  180/ 194
Energy point  190/ 194
Done with module: FMS.

MKGTR: Tracing over Green's function ...
Done with module: MKGTR.

Pathfinder: finding scattering paths...
Preparing plane wave scattering amplitudes
Searching for paths
Eliminating path degeneracies
0 paths retained.
Done with module: pathfinder.

Calculating EXAFS parameters ...
Done with module: EXAFS parameters (GENFMT).

Calculating XAS spectra ...
Done with module: XAS spectra (FF2X: DW + final sum over paths).

 
### feff ends at Mon Aug 14 14:07:35 EDT 2023
 
