### feff starts at Sun Aug 13 17:30:28 EDT 2023
### Serial version
### FeffPath is /sdcc/u/mcarbone/software/JFEFF/hsw/feff90/linux
 
Launching FEFF version FEFF 9.9.1
Core hole lifetime is   1.729 eV.
Your calculation:
 comment: None given
 Source:
 Structure Summary:  Cu10 Se8 Cl4 O24
 Reduced formula:  Cu5Se4(ClO6)2
 space group: (P2_1/c), space number:  (14)
 abc:  8.449567   7.613989  11.046402
 angles: 89.211754  90.000000  90.000000
 sites: 46
Cu K edge XANES using RPA corehole.
Using:     * Self-Consistent Field potentials
Using cards:   ATOMS CONTROL EXCHANGE TITLE RPATH POTENTIALS XANES EDGE SCF FMS S02 COREHOLE EGRID

Calculating atomic potentials ...
    overlapped atomic potential and density for unique potential    0
    overlapped atomic potential and density for unique potential    1
    overlapped atomic potential and density for unique potential    2
    overlapped atomic potential and density for unique potential    3
    overlapped atomic potential and density for unique potential    4
Done with module: atomic potentials.

Calculating SCF potentials ...
FEFF-serial using 1 thread.
Muffin tin radii and interstitial parameters [bohr]:
type, norman radius, muffin tin, overlap factor
    0  1.36598E+00  1.24699E+00  1.15000E+00
    1  1.36598E+00  1.24699E+00  1.15000E+00
    2  1.34555E+00  1.12787E+00  1.15000E+00
    3  1.54833E+00  1.39700E+00  1.15000E+00
    4  1.07581E+00  9.21865E-01  1.15000E+00
Core-valence separation energy:  ecv=   -40.000 eV
Initial Fermi level:              mu=     3.966 eV
SCF ITERATION NUMBER  1
     point #   1  energy = -40.000
FMS for a cluster of   90 atoms around atom type   0
FMS for a cluster of   86 atoms around atom type   1
FMS for a cluster of   87 atoms around atom type   2
FMS for a cluster of   90 atoms around atom type   3
FMS for a cluster of   91 atoms around atom type   4
     point #  20  energy = -28.783
     point #  40  energy =  -8.533
     point #  60  energy =  -3.027
     point #  80  energy =  -2.992
New Fermi level:    mu=  -3.017 eV  Charge distance=  0.5083 (partial c.d.=  7.2631)
SCF ITERATION NUMBER  1
     point #   1  energy = -40.000
FMS for a cluster of   90 atoms around atom type   0
FMS for a cluster of   86 atoms around atom type   1
FMS for a cluster of   87 atoms around atom type   2
FMS for a cluster of   90 atoms around atom type   3
FMS for a cluster of   91 atoms around atom type   4
     point #  20  energy = -29.005
     point #  40  energy =  -9.015
     point #  60  energy =  -3.017
     point #  80  energy =  -4.652
     point # 100  energy =  -5.449
New Fermi level:    mu=  -5.341 eV  Charge distance=  0.2168 (partial c.d.=  2.8650)
SCF ITERATION NUMBER  1
     point #   1  energy = -40.000
FMS for a cluster of   90 atoms around atom type   0
FMS for a cluster of   86 atoms around atom type   1
FMS for a cluster of   87 atoms around atom type   2
FMS for a cluster of   90 atoms around atom type   3
FMS for a cluster of   91 atoms around atom type   4
     point #  20  energy = -28.787
     point #  40  energy =  -8.399
     point #  60  energy =  -5.329
New Fermi level:    mu=  -5.089 eV  Charge distance=  0.1438 (partial c.d.=  0.2983)
SCF ITERATION NUMBER  2
     point #   1  energy = -40.000
     point #  20  energy = -28.705
     point #  40  energy =  -8.170
     point #  60  energy =  -5.077
New Fermi level:    mu=  -4.922 eV  Charge distance=  0.2965 (partial c.d.=  0.1797)
SCF ITERATION NUMBER  3
     point #   1  energy = -40.000
     point #  20  energy = -28.976
     point #  40  energy =  -8.931
     point #  60  energy =  -4.922
New Fermi level:    mu=  -5.024 eV  Charge distance=  0.1250 (partial c.d.=  0.1148)
SCF ITERATION NUMBER  4
     point #   1  energy = -40.000
     point #  20  energy = -29.008
     point #  40  energy =  -9.022
     point #  60  energy =  -5.024
New Fermi level:    mu=  -5.065 eV  Charge distance=  0.0369 (partial c.d.=  0.0638)
SCF ITERATION NUMBER  5
     point #   1  energy = -40.000
     point #  20  energy = -29.020
     point #  40  energy =  -9.058
     point #  60  energy =  -5.065
New Fermi level:    mu=  -5.085 eV  Charge distance=  0.0095 (partial c.d.=  0.0378)
SCF ITERATION NUMBER  6
     point #   1  energy = -40.000
     point #  20  energy = -28.704
     point #  40  energy =  -8.166
     point #  60  energy =  -5.072
New Fermi level:    mu=  -5.081 eV  Charge distance=  0.0125 (partial c.d.=  0.0126)
SCF ITERATION NUMBER  7
     point #   1  energy = -40.000
     point #  20  energy = -28.703
     point #  40  energy =  -8.162
     point #  60  energy =  -5.068
New Fermi level:    mu=  -5.071 eV  Charge distance=  0.0041 (partial c.d.=  0.0102)
SCF ITERATION NUMBER  8
     point #   1  energy = -40.000
     point #  20  energy = -28.699
     point #  40  energy =  -8.153
     point #  60  energy =  -5.058
New Fermi level:    mu=  -5.062 eV  Charge distance=  0.0034 (partial c.d.=  0.0008)
SCF ITERATION NUMBER  9
     point #   1  energy = -40.000
     point #  20  energy = -29.019
     point #  40  energy =  -9.054
     point #  60  energy =  -5.062
New Fermi level:    mu=  -5.055 eV  Charge distance=  0.0001 (partial c.d.=  0.0007)
SCF ITERATION NUMBER 10
     point #   1  energy = -40.000
     point #  20  energy = -29.017
     point #  40  energy =  -9.049
     point #  60  energy =  -5.055
New Fermi level:    mu=  -5.055 eV  Charge distance=  0.0001 (partial c.d.=  0.0003)
SCF ITERATION NUMBER 11
     point #   1  energy = -40.000
     point #  20  energy = -29.017
     point #  40  energy =  -9.048
     point #  60  energy =  -5.055
New Fermi level:    mu=  -5.055 eV  Charge distance=  0.0001 (partial c.d.=  0.0002)
Electronic configuration
  type     l     N_el
     0     0    0.510
     0     1    0.647
     0     2    9.658
     0     3    0.000
     1     0    0.511
     1     1    0.647
     1     2    9.658
     1     3    0.000
     2     0    1.756
     2     1    2.794
     2     2    0.693
     2     3    0.000
     3     0    2.035
     3     1    4.863
     3     2    0.323
     3     3    0.000
     4     0    1.866
     4     1    4.334
     4     2    0.092
     4     3    0.000
Charge transfer:  type  charge
       0   -0.185
       1   -0.185
       2   -0.757
       3    0.222
       4    0.292
Convergence reached in   11 iterations.
Done with module: potentials.

Calculating screened core-hole potential ...
FMS for a cluster of   15 atoms around iph =   0
    0% of energy integration
   20%
   40%
   60%
   80%
  100%
Preparing response function.
Computing (1 - K Chi0)^-1 v_ch
Done with module: screened core-hole potential.

Calculating cross-section and phases ...
    absorption cross section
 x0,dx,rnrm,inrm,jnrm   8.80000000000000       5.000000000000000E-002
   2.58132040899993              195         196
    phase shifts for unique potential    0
    phase shifts for unique potential    1
    phase shifts for unique potential    2
    phase shifts for unique potential    3
    phase shifts for unique potential    4
Done with module: cross-section and phases (XSPH).

FMS calculation of full Green's function ...
FEFF-serial using 1 thread.
Using   194 energy points.
xprep done
FMS for a cluster of  206 atoms
Energy point    1/ 194
Energy point   10/ 194
Energy point   20/ 194
Energy point   30/ 194
Energy point   40/ 194
Energy point   50/ 194
Energy point   60/ 194
Energy point   70/ 194
Energy point   80/ 194
Energy point   90/ 194
Energy point  100/ 194
Energy point  110/ 194
Energy point  120/ 194
Energy point  130/ 194
Energy point  140/ 194
Energy point  150/ 194
Energy point  160/ 194
Energy point  170/ 194
Energy point  180/ 194
Energy point  190/ 194
Done with module: FMS.

MKGTR: Tracing over Green's function ...
Done with module: MKGTR.

Pathfinder: finding scattering paths...
Preparing plane wave scattering amplitudes
Searching for paths
Eliminating path degeneracies
0 paths retained.
Done with module: pathfinder.

Calculating EXAFS parameters ...
Done with module: EXAFS parameters (GENFMT).

Calculating XAS spectra ...
Done with module: XAS spectra (FF2X: DW + final sum over paths).

 
### feff ends at Sun Aug 13 18:30:10 EDT 2023
 
