### feff starts at Sun Aug 13 16:32:06 EDT 2023
### Serial version
### FeffPath is /sdcc/u/mcarbone/software/JFEFF/hsw/feff90/linux
 
Launching FEFF version FEFF 9.9.1
Resetting lmaxsc to 2 for iph =    2.  Use  UNFREEZE to prevent this.
Core hole lifetime is   1.729 eV.
Your calculation:
 comment: None given
 Source:
 Structure Summary:  Ca6 Ta12 Cu6 O42
 Reduced formula:  CaTa2CuO7
 space group: (P2/c), space number:  (13)
 abc:  8.988141  10.833602  10.926581
 angles: 86.185622  90.000000  90.000000
 sites: 66
Cu K edge XANES using RPA corehole.
Using:     * Self-Consistent Field potentials
Using cards:   ATOMS CONTROL EXCHANGE TITLE RPATH POTENTIALS XANES EDGE SCF FMS S02 COREHOLE EGRID

Calculating atomic potentials ...
    overlapped atomic potential and density for unique potential    0
    overlapped atomic potential and density for unique potential    1
    overlapped atomic potential and density for unique potential    2
    overlapped atomic potential and density for unique potential    3
    overlapped atomic potential and density for unique potential    4
Done with module: atomic potentials.

Calculating SCF potentials ...
FEFF-serial using 1 thread.
Muffin tin radii and interstitial parameters [bohr]:
type, norman radius, muffin tin, overlap factor
    0  1.32889E+00  1.23594E+00  1.15000E+00
    1  1.74435E+00  1.65436E+00  1.14537E+00
    2  1.44127E+00  1.22593E+00  1.15000E+00
    3  1.32893E+00  1.23596E+00  1.15000E+00
    4  1.08554E+00  9.37402E-01  1.15000E+00
Core-valence separation energy:  ecv=   -54.500 eV
Initial Fermi level:              mu=     3.251 eV
SCF ITERATION NUMBER  1
     point #   1  energy = -54.500
FMS for a cluster of   85 atoms around atom type   0
FMS for a cluster of   76 atoms around atom type   1
FMS for a cluster of   81 atoms around atom type   2
FMS for a cluster of   66 atoms around atom type   3
FMS for a cluster of   84 atoms around atom type   4
     point #  20  energy = -43.062
     point #  40  energy = -22.812
     point #  60  energy =  -7.728
     point #  80  energy =  -5.662
New Fermi level:    mu=  -4.989 eV  Charge distance=  1.4343 (partial c.d.=  6.7312)
SCF ITERATION NUMBER  1
     point #   1  energy = -54.500
FMS for a cluster of   85 atoms around atom type   0
FMS for a cluster of   76 atoms around atom type   1
FMS for a cluster of   81 atoms around atom type   2
FMS for a cluster of   66 atoms around atom type   3
FMS for a cluster of   84 atoms around atom type   4
     point #  20  energy = -43.385
     point #  40  energy = -23.177
     point #  60  energy =  -4.989
     point #  80  energy =  -5.079
     point # 100  energy =  -7.670
     point # 120  energy =  -6.873
New Fermi level:    mu=  -6.814 eV  Charge distance=  0.5205 (partial c.d.=  7.6545)
SCF ITERATION NUMBER  1
     point #   1  energy = -54.500
FMS for a cluster of   85 atoms around atom type   0
FMS for a cluster of   76 atoms around atom type   1
FMS for a cluster of   81 atoms around atom type   2
FMS for a cluster of   66 atoms around atom type   3
FMS for a cluster of   84 atoms around atom type   4
     point #  20  energy = -43.340
     point #  40  energy = -23.048
     point #  60  energy =  -6.814
     point #  80  energy =  -6.714
New Fermi level:    mu=  -6.701 eV  Charge distance=  0.2893 (partial c.d.=  0.2377)
SCF ITERATION NUMBER  2
     point #   1  energy = -54.500
     point #  20  energy = -43.313
     point #  40  energy = -22.973
     point #  60  energy =  -6.701
     point #  80  energy =  -6.601
New Fermi level:    mu=  -6.563 eV  Charge distance=  0.4201 (partial c.d.=  0.3260)
SCF ITERATION NUMBER  3
     point #   1  energy = -54.500
     point #  20  energy = -43.281
     point #  40  energy = -22.882
     point #  60  energy =  -6.563
     point #  80  energy =  -6.317
     point # 100  energy =  -5.595
New Fermi level:    mu=  -5.606 eV  Charge distance=  0.4743 (partial c.d.=  3.9855)
SCF ITERATION NUMBER  4
     point #   1  energy = -54.500
     point #  20  energy = -43.295
     point #  40  energy = -22.923
     point #  60  energy =  -5.606
     point #  80  energy =  -5.775
     point # 100  energy =  -7.037
     point # 120  energy =  -6.665
New Fermi level:    mu=  -6.637 eV  Charge distance=  0.0639 (partial c.d.=  4.2090)
SCF ITERATION NUMBER  5
     point #   1  energy = -54.500
     point #  20  energy = -43.298
     point #  40  energy = -22.931
     point #  60  energy =  -6.637
New Fermi level:    mu=  -6.640 eV  Charge distance=  0.1451 (partial c.d.=  0.0286)
SCF ITERATION NUMBER  6
     point #   1  energy = -54.500
     point #  20  energy = -43.299
     point #  40  energy = -22.933
     point #  60  energy =  -6.640
New Fermi level:    mu=  -6.586 eV  Charge distance=  0.0592 (partial c.d.=  0.2124)
SCF ITERATION NUMBER  7
     point #   1  energy = -54.500
     point #  20  energy = -43.286
     point #  40  energy = -22.897
     point #  60  energy =  -6.586
New Fermi level:    mu=  -6.540 eV  Charge distance=  0.0592 (partial c.d.=  0.1448)
SCF ITERATION NUMBER  8
     point #   1  energy = -54.500
     point #  20  energy = -43.275
     point #  40  energy = -22.867
     point #  60  energy =  -6.540
New Fermi level:    mu=  -6.502 eV  Charge distance=  0.0142 (partial c.d.=  0.1311)
SCF ITERATION NUMBER  9
     point #   1  energy = -54.500
     point #  20  energy = -43.267
     point #  40  energy = -22.842
     point #  60  energy =  -6.502
New Fermi level:    mu=  -6.512 eV  Charge distance=  0.0407 (partial c.d.=  0.0138)
SCF ITERATION NUMBER 10
     point #   1  energy = -54.500
     point #  20  energy = -43.269
     point #  40  energy = -22.848
     point #  60  energy =  -6.512
New Fermi level:    mu=  -6.505 eV  Charge distance=  0.0044 (partial c.d.=  0.0448)
SCF ITERATION NUMBER 11
     point #   1  energy = -54.500
     point #  20  energy = -43.267
     point #  40  energy = -22.844
     point #  60  energy =  -6.505
New Fermi level:    mu=  -6.506 eV  Charge distance=  0.0007 (partial c.d.=  0.0074)
SCF ITERATION NUMBER 12
     point #   1  energy = -54.500
     point #  20  energy = -43.267
     point #  40  energy = -22.844
     point #  60  energy =  -6.506
New Fermi level:    mu=  -6.505 eV  Charge distance=  0.0011 (partial c.d.=  0.0015)
SCF ITERATION NUMBER 13
     point #   1  energy = -54.500
     point #  20  energy = -43.267
     point #  40  energy = -22.844
     point #  60  energy =  -6.505
New Fermi level:    mu=  -6.503 eV  Charge distance=  0.0004 (partial c.d.=  0.0009)
SCF ITERATION NUMBER 14
     point #   1  energy = -54.500
     point #  20  energy = -43.267
     point #  40  energy = -22.843
     point #  60  energy =  -6.503
New Fermi level:    mu=  -6.503 eV  Charge distance=  0.0001 (partial c.d.=  0.0010)
SCF ITERATION NUMBER 15
     point #   1  energy = -54.500
     point #  20  energy = -43.267
     point #  40  energy = -22.842
     point #  60  energy =  -6.503
New Fermi level:    mu=  -6.503 eV  Charge distance=  0.0000 (partial c.d.=  0.0005)
SCF ITERATION NUMBER 16
     point #   1  energy = -54.500
     point #  20  energy = -43.267
     point #  40  energy = -22.842
     point #  60  energy =  -6.503
New Fermi level:    mu=  -6.503 eV  Charge distance=  0.0001 (partial c.d.=  0.0001)
Electronic configuration
  type     l     N_el
     0     0    0.501
     0     1    0.655
     0     2    9.532
     0     3    0.000
     1     0    2.398
     1     1    6.620
     1     2    1.083
     1     3    0.000
     2     0    0.554
     2     1    6.613
     2     2    2.914
     2     3    0.000
     3     0    0.502
     3     1    0.654
     3     2    9.536
     3     3    0.000
     4     0    1.877
     4     1    4.323
     4     2    0.093
     4     3    0.000
Charge transfer:  type  charge
       0   -0.312
       1    0.101
       2   -0.919
       3   -0.308
       4    0.292
Convergence reached in   16 iterations.
Done with module: potentials.

Calculating screened core-hole potential ...
FMS for a cluster of   15 atoms around iph =   0
    0% of energy integration
   20%
   40%
   60%
   80%
  100%
Preparing response function.
Computing (1 - K Chi0)^-1 v_ch
Done with module: screened core-hole potential.

Calculating cross-section and phases ...
    absorption cross section
 x0,dx,rnrm,inrm,jnrm   8.80000000000000       5.000000000000000E-002
   2.51123704600009              195         196
    phase shifts for unique potential    0
    phase shifts for unique potential    1
    phase shifts for unique potential    2
    phase shifts for unique potential    3
    phase shifts for unique potential    4
Done with module: cross-section and phases (XSPH).

FMS calculation of full Green's function ...
FEFF-serial using 1 thread.
Using   194 energy points.
xprep done
FMS for a cluster of  187 atoms
Energy point    1/ 194
Energy point   10/ 194
Energy point   20/ 194
Energy point   30/ 194
Energy point   40/ 194
Energy point   50/ 194
Energy point   60/ 194
Energy point   70/ 194
Energy point   80/ 194
Energy point   90/ 194
Energy point  100/ 194
Energy point  110/ 194
Energy point  120/ 194
Energy point  130/ 194
Energy point  140/ 194
Energy point  150/ 194
Energy point  160/ 194
Energy point  170/ 194
Energy point  180/ 194
Energy point  190/ 194
Done with module: FMS.

MKGTR: Tracing over Green's function ...
Done with module: MKGTR.

Pathfinder: finding scattering paths...
Preparing plane wave scattering amplitudes
Searching for paths
Eliminating path degeneracies
0 paths retained.
Done with module: pathfinder.

Calculating EXAFS parameters ...
Done with module: EXAFS parameters (GENFMT).

Calculating XAS spectra ...
Done with module: XAS spectra (FF2X: DW + final sum over paths).

 
### feff ends at Sun Aug 13 17:33:04 EDT 2023
 
