### feff starts at Mon Aug 14 12:10:27 EDT 2023
### Serial version
### FeffPath is /sdcc/u/mcarbone/software/JFEFF/hsw/feff90/linux
 
Launching FEFF version FEFF 9.9.1
Core hole lifetime is   1.729 eV.
Your calculation:
 comment: None given
 Source:
 Structure Summary:  Cu8 Mo10 O34
 Reduced formula:  Cu4Mo5O17
 space group: (P-1), space number:  (2)
 abc:  6.855814   9.640221  11.098739
 angles:105.855939  92.030340 110.064636
 sites: 52
Cu K edge XANES using RPA corehole.
Using:     * Self-Consistent Field potentials
Using cards:   ATOMS CONTROL EXCHANGE TITLE RPATH POTENTIALS XANES EDGE SCF FMS S02 COREHOLE EGRID

Calculating atomic potentials ...
    overlapped atomic potential and density for unique potential    0
    overlapped atomic potential and density for unique potential    1
    overlapped atomic potential and density for unique potential    2
    overlapped atomic potential and density for unique potential    3
Done with module: atomic potentials.

Calculating SCF potentials ...
FEFF-serial using 1 thread.
Muffin tin radii and interstitial parameters [bohr]:
type, norman radius, muffin tin, overlap factor
    0  1.37981E+00  1.30698E+00  1.14945E+00
    1  1.36500E+00  1.27896E+00  1.15000E+00
    2  1.38918E+00  1.22421E+00  1.15000E+00
    3  1.07729E+00  9.61671E-01  1.15000E+00
Core-valence separation energy:  ecv=   -44.500 eV
Initial Fermi level:              mu=     3.624 eV
SCF ITERATION NUMBER  1
     point #   1  energy = -44.500
FMS for a cluster of  116 atoms around atom type   0
FMS for a cluster of  106 atoms around atom type   1
FMS for a cluster of  110 atoms around atom type   2
FMS for a cluster of  115 atoms around atom type   3
     point #  20  energy = -33.442
     point #  40  energy = -13.192
     point #  60  energy =  -3.842
     point #  80  energy =  -3.773
New Fermi level:    mu=  -3.763 eV  Charge distance=  0.8016 (partial c.d.=  6.5622)
SCF ITERATION NUMBER  1
     point #   1  energy = -44.500
FMS for a cluster of  116 atoms around atom type   0
FMS for a cluster of  106 atoms around atom type   1
FMS for a cluster of  110 atoms around atom type   2
FMS for a cluster of  115 atoms around atom type   3
     point #  20  energy = -33.297
     point #  40  energy = -12.929
     point #  60  energy =  -3.763
     point #  80  energy =  -4.719
     point # 100  energy =  -4.809
New Fermi level:    mu=  -4.737 eV  Charge distance=  0.3958 (partial c.d.=  4.5464)
SCF ITERATION NUMBER  1
     point #   1  energy = -44.500
FMS for a cluster of  116 atoms around atom type   0
FMS for a cluster of  106 atoms around atom type   1
FMS for a cluster of  110 atoms around atom type   2
FMS for a cluster of  115 atoms around atom type   3
     point #  20  energy = -33.285
     point #  40  energy = -12.893
     point #  60  energy =  -4.737
     point #  80  energy =  -5.806
New Fermi level:    mu=  -5.596 eV  Charge distance=  0.1482 (partial c.d.=  1.0319)
SCF ITERATION NUMBER  2
     point #   1  energy = -44.500
     point #  20  energy = -33.238
     point #  40  energy = -12.763
     point #  60  energy =  -5.596
New Fermi level:    mu=  -5.693 eV  Charge distance=  0.0991 (partial c.d.=  0.3822)
SCF ITERATION NUMBER  3
     point #   1  energy = -44.500
     point #  20  energy = -33.266
     point #  40  energy = -12.842
     point #  60  energy =  -5.693
New Fermi level:    mu=  -5.715 eV  Charge distance=  0.2055 (partial c.d.=  0.1790)
SCF ITERATION NUMBER  4
     point #   1  energy = -44.500
     point #  20  energy = -33.273
     point #  40  energy = -12.860
     point #  60  energy =  -5.715
     point #  80  energy =  -5.959
New Fermi level:    mu=  -5.958 eV  Charge distance=  0.0335 (partial c.d.=  0.2385)
SCF ITERATION NUMBER  5
     point #   1  energy = -44.500
     point #  20  energy = -33.343
     point #  40  energy = -13.058
     point #  60  energy =  -5.958
New Fermi level:    mu=  -5.882 eV  Charge distance=  0.0037 (partial c.d.=  0.1323)
SCF ITERATION NUMBER  6
     point #   1  energy = -44.500
     point #  20  energy = -33.321
     point #  40  energy = -12.996
     point #  60  energy =  -5.882
New Fermi level:    mu=  -5.884 eV  Charge distance=  0.0074 (partial c.d.=  0.0362)
SCF ITERATION NUMBER  7
     point #   1  energy = -44.500
     point #  20  energy = -33.322
     point #  40  energy = -12.997
     point #  60  energy =  -5.884
New Fermi level:    mu=  -5.867 eV  Charge distance=  0.0109 (partial c.d.=  0.0014)
SCF ITERATION NUMBER  8
     point #   1  energy = -44.500
     point #  20  energy = -33.317
     point #  40  energy = -12.983
     point #  60  energy =  -5.867
New Fermi level:    mu=  -5.844 eV  Charge distance=  0.0013 (partial c.d.=  0.0048)
SCF ITERATION NUMBER  9
     point #   1  energy = -44.500
     point #  20  energy = -33.310
     point #  40  energy = -12.965
     point #  60  energy =  -5.844
New Fermi level:    mu=  -5.843 eV  Charge distance=  0.0003 (partial c.d.=  0.0005)
SCF ITERATION NUMBER 10
     point #   1  energy = -44.500
     point #  20  energy = -33.310
     point #  40  energy = -12.964
     point #  60  energy =  -5.843
New Fermi level:    mu=  -5.844 eV  Charge distance=  0.0005 (partial c.d.=  0.0003)
SCF ITERATION NUMBER 11
     point #   1  energy = -44.500
     point #  20  energy = -33.310
     point #  40  energy = -12.965
     point #  60  energy =  -5.844
New Fermi level:    mu=  -5.846 eV  Charge distance=  0.0001 (partial c.d.=  0.0003)
SCF ITERATION NUMBER 12
     point #   1  energy = -44.500
     point #  20  energy = -33.311
     point #  40  energy = -12.966
     point #  60  energy =  -5.846
New Fermi level:    mu=  -5.846 eV  Charge distance=  0.0001 (partial c.d.=  0.0002)
Electronic configuration
  type     l     N_el
     0     0    0.580
     0     1    0.662
     0     2    9.587
     0     3    0.000
     1     0    0.568
     1     1    0.665
     1     2    9.577
     1     3    0.000
     2     0    0.431
     2     1    6.591
     2     2    4.115
     2     3    0.000
     3     0    1.862
     3     1    4.318
     3     2    0.119
     3     3    0.000
Charge transfer:  type  charge
       0   -0.172
       1   -0.190
       2   -0.863
       3    0.298
Convergence reached in   12 iterations.
Done with module: potentials.

Calculating screened core-hole potential ...
FMS for a cluster of   26 atoms around iph =   0
    0% of energy integration
   20%
   40%
   60%
   80%
  100%
Preparing response function.
Computing (1 - K Chi0)^-1 v_ch
Done with module: screened core-hole potential.

Calculating cross-section and phases ...
    absorption cross section
 x0,dx,rnrm,inrm,jnrm   8.80000000000000       5.000000000000000E-002
   2.60745586500017              196         197
    phase shifts for unique potential    0
    phase shifts for unique potential    1
    phase shifts for unique potential    2
    phase shifts for unique potential    3
Done with module: cross-section and phases (XSPH).

FMS calculation of full Green's function ...
FEFF-serial using 1 thread.
Using   194 energy points.
xprep done
FMS for a cluster of  242 atoms
Energy point    1/ 194
Energy point   10/ 194
Energy point   20/ 194
Energy point   30/ 194
Energy point   40/ 194
Energy point   50/ 194
Energy point   60/ 194
Energy point   70/ 194
Energy point   80/ 194
Energy point   90/ 194
Energy point  100/ 194
Energy point  110/ 194
Energy point  120/ 194
Energy point  130/ 194
Energy point  140/ 194
Energy point  150/ 194
Energy point  160/ 194
Energy point  170/ 194
Energy point  180/ 194
Energy point  190/ 194
Done with module: FMS.

MKGTR: Tracing over Green's function ...
Done with module: MKGTR.

Pathfinder: finding scattering paths...
Preparing plane wave scattering amplitudes
Searching for paths
Eliminating path degeneracies
0 paths retained.
Done with module: pathfinder.

Calculating EXAFS parameters ...
Done with module: EXAFS parameters (GENFMT).

Calculating XAS spectra ...
Done with module: XAS spectra (FF2X: DW + final sum over paths).

 
### feff ends at Mon Aug 14 13:39:34 EDT 2023
 
