### feff starts at Mon Aug 14 10:28:30 EDT 2023
### Serial version
### FeffPath is /sdcc/u/mcarbone/software/JFEFF/hsw/feff90/linux
 
Launching FEFF version FEFF 9.9.1
Core hole lifetime is   1.729 eV.
Your calculation:
 comment: None given
 Source:
 Structure Summary:  Cu12 Mo3 S5 O36
 Reduced formula:  Cu12Mo3S5O36
 space group: (Pm), space number:  (6)
 abc:  6.827416   7.485745  13.694456
 angles: 89.979767  90.000000  90.000000
 sites: 56
Cu K edge XANES using RPA corehole.
Using:     * Self-Consistent Field potentials
Using cards:   ATOMS CONTROL EXCHANGE TITLE RPATH POTENTIALS XANES EDGE SCF FMS S02 COREHOLE EGRID

Calculating atomic potentials ...
    overlapped atomic potential and density for unique potential    0
    overlapped atomic potential and density for unique potential    1
    overlapped atomic potential and density for unique potential    2
    overlapped atomic potential and density for unique potential    3
    overlapped atomic potential and density for unique potential    4
Done with module: atomic potentials.

Calculating SCF potentials ...
FEFF-serial using 1 thread.
Muffin tin radii and interstitial parameters [bohr]:
type, norman radius, muffin tin, overlap factor
    0  1.36323E+00  1.26016E+00  1.15000E+00
    1  1.33138E+00  1.24887E+00  1.15000E+00
    2  1.35602E+00  1.15320E+00  1.15000E+00
    3  1.10441E+00  8.69421E-01  1.15000E+00
    4  1.07354E+00  9.22537E-01  1.15000E+00
Core-valence separation energy:  ecv=   -44.500 eV
Initial Fermi level:              mu=     6.100 eV
SCF ITERATION NUMBER  1
     point #   1  energy = -44.500
FMS for a cluster of  117 atoms around atom type   0
FMS for a cluster of  107 atoms around atom type   1
FMS for a cluster of  101 atoms around atom type   2
FMS for a cluster of  104 atoms around atom type   3
FMS for a cluster of  113 atoms around atom type   4
     point #  20  energy = -33.367
     point #  40  energy = -13.117
     point #  60  energy =  -3.282
     point #  80  energy =  -3.238
New Fermi level:    mu=  -3.314 eV  Charge distance=  0.5562 (partial c.d.=  7.1551)
SCF ITERATION NUMBER  1
     point #   1  energy = -44.500
FMS for a cluster of  117 atoms around atom type   0
FMS for a cluster of  107 atoms around atom type   1
FMS for a cluster of  101 atoms around atom type   2
FMS for a cluster of  104 atoms around atom type   3
FMS for a cluster of  113 atoms around atom type   4
     point #  20  energy = -33.450
     point #  40  energy = -13.360
     point #  60  energy =  -3.314
     point #  80  energy =  -4.208
     point # 100  energy =  -5.580
     point # 120  energy =  -5.218
New Fermi level:    mu=  -5.153 eV  Charge distance=  0.4812 (partial c.d.=  3.0700)
SCF ITERATION NUMBER  1
     point #   1  energy = -44.500
FMS for a cluster of  117 atoms around atom type   0
FMS for a cluster of  107 atoms around atom type   1
FMS for a cluster of  101 atoms around atom type   2
FMS for a cluster of  104 atoms around atom type   3
FMS for a cluster of  113 atoms around atom type   4
     point #  20  energy = -33.402
     point #  40  energy = -13.224
     point #  60  energy =  -5.153
New Fermi level:    mu=  -4.978 eV  Charge distance=  0.1629 (partial c.d.=  1.0565)
SCF ITERATION NUMBER  2
     point #   1  energy = -44.500
     point #  20  energy = -33.353
     point #  40  energy = -13.085
     point #  60  energy =  -4.978
New Fermi level:    mu=  -5.163 eV  Charge distance=  0.2307 (partial c.d.=  0.5076)
SCF ITERATION NUMBER  3
     point #   1  energy = -44.500
     point #  20  energy = -33.405
     point #  40  energy = -13.232
     point #  60  energy =  -5.163
New Fermi level:    mu=  -5.110 eV  Charge distance=  0.2614 (partial c.d.=  0.5361)
SCF ITERATION NUMBER  4
     point #   1  energy = -44.500
     point #  20  energy = -33.390
     point #  40  energy = -13.190
     point #  60  energy =  -5.110
     point #  80  energy =  -5.447
New Fermi level:    mu=  -5.446 eV  Charge distance=  0.0268 (partial c.d.=  0.5180)
SCF ITERATION NUMBER  5
     point #   1  energy = -44.500
     point #  20  energy = -33.485
     point #  40  energy = -13.457
     point #  60  energy =  -5.446
New Fermi level:    mu=  -5.386 eV  Charge distance=  0.0184 (partial c.d.=  0.1609)
SCF ITERATION NUMBER  6
     point #   1  energy = -44.500
     point #  20  energy = -33.468
     point #  40  energy = -13.410
     point #  60  energy =  -5.386
New Fermi level:    mu=  -5.390 eV  Charge distance=  0.0180 (partial c.d.=  0.0499)
SCF ITERATION NUMBER  7
     point #   1  energy = -44.500
     point #  20  energy = -33.469
     point #  40  energy = -13.412
     point #  60  energy =  -5.390
New Fermi level:    mu=  -5.375 eV  Charge distance=  0.0114 (partial c.d.=  0.0087)
SCF ITERATION NUMBER  8
     point #   1  energy = -44.500
     point #  20  energy = -33.465
     point #  40  energy = -13.401
     point #  60  energy =  -5.375
New Fermi level:    mu=  -5.359 eV  Charge distance=  0.0026 (partial c.d.=  0.0076)
SCF ITERATION NUMBER  9
     point #   1  energy = -44.500
     point #  20  energy = -33.460
     point #  40  energy = -13.388
     point #  60  energy =  -5.359
New Fermi level:    mu=  -5.352 eV  Charge distance=  0.0021 (partial c.d.=  0.0042)
SCF ITERATION NUMBER 10
     point #   1  energy = -44.500
     point #  20  energy = -33.458
     point #  40  energy = -13.382
     point #  60  energy =  -5.352
New Fermi level:    mu=  -5.347 eV  Charge distance=  0.0006 (partial c.d.=  0.0017)
SCF ITERATION NUMBER 11
     point #   1  energy = -44.500
     point #  20  energy = -33.457
     point #  40  energy = -13.379
     point #  60  energy =  -5.347
New Fermi level:    mu=  -5.347 eV  Charge distance=  0.0001 (partial c.d.=  0.0011)
SCF ITERATION NUMBER 12
     point #   1  energy = -44.500
     point #  20  energy = -33.457
     point #  40  energy = -13.378
     point #  60  energy =  -5.347
New Fermi level:    mu=  -5.347 eV  Charge distance=  0.0000 (partial c.d.=  0.0001)
Electronic configuration
  type     l     N_el
     0     0    0.510
     0     1    0.604
     0     2    9.670
     0     3    0.000
     1     0    0.517
     1     1    0.624
     1     2    9.671
     1     3    0.000
     2     0    0.458
     2     1    6.570
     2     2    3.992
     2     3    0.000
     3     0    1.393
     3     1    2.478
     3     2    1.079
     3     3    0.000
     4     0    1.855
     4     1    4.310
     4     2    0.125
     4     3    0.000
Charge transfer:  type  charge
       0   -0.216
       1   -0.189
       2   -0.981
       3   -1.051
       4    0.291
Convergence reached in   12 iterations.
Done with module: potentials.

Calculating screened core-hole potential ...
FMS for a cluster of   25 atoms around iph =   0
    0% of energy integration
   20%
   40%
   60%
   80%
  100%
Preparing response function.
Computing (1 - K Chi0)^-1 v_ch
Done with module: screened core-hole potential.

Calculating cross-section and phases ...
    absorption cross section
 x0,dx,rnrm,inrm,jnrm   8.80000000000000       5.000000000000000E-002
   2.57612476799996              195         196
    phase shifts for unique potential    0
    phase shifts for unique potential    1
    phase shifts for unique potential    2
    phase shifts for unique potential    3
    phase shifts for unique potential    4
Done with module: cross-section and phases (XSPH).

FMS calculation of full Green's function ...
FEFF-serial using 1 thread.
Using   194 energy points.
xprep done
FMS for a cluster of  240 atoms
Energy point    1/ 194
Energy point   10/ 194
Energy point   20/ 194
Energy point   30/ 194
Energy point   40/ 194
Energy point   50/ 194
Energy point   60/ 194
Energy point   70/ 194
Energy point   80/ 194
Energy point   90/ 194
Energy point  100/ 194
Energy point  110/ 194
Energy point  120/ 194
Energy point  130/ 194
Energy point  140/ 194
Energy point  150/ 194
Energy point  160/ 194
Energy point  170/ 194
Energy point  180/ 194
Energy point  190/ 194
Done with module: FMS.

MKGTR: Tracing over Green's function ...
Done with module: MKGTR.

Pathfinder: finding scattering paths...
Preparing plane wave scattering amplitudes
Searching for paths
Eliminating path degeneracies
0 paths retained.
Done with module: pathfinder.

Calculating EXAFS parameters ...
Done with module: EXAFS parameters (GENFMT).

Calculating XAS spectra ...
Done with module: XAS spectra (FF2X: DW + final sum over paths).

 
### feff ends at Mon Aug 14 12:10:39 EDT 2023
 
