### feff starts at Sun Aug 13 17:40:30 EDT 2023
### Serial version
### FeffPath is /sdcc/u/mcarbone/software/JFEFF/hsw/feff90/linux
 
Launching FEFF version FEFF 9.9.1
Resetting lmaxsc to 2 for iph =    1.  Use  UNFREEZE to prevent this.
Core hole lifetime is   1.729 eV.
Your calculation:
 comment: None given
 Source:
 Structure Summary:  Ba10 Y5 Cu15 O32
 Reduced formula:  Ba10Y5Cu15O32
 space group: (P-1), space number:  (2)
 abc:  5.517439  13.252585  14.017815
 angles:114.077447 100.458471  90.372525
 sites: 62
Cu K edge XANES using RPA corehole.
Using:     * Self-Consistent Field potentials
Using cards:   ATOMS CONTROL EXCHANGE TITLE RPATH POTENTIALS XANES EDGE SCF FMS S02 COREHOLE EGRID

Calculating atomic potentials ...
    overlapped atomic potential and density for unique potential    0
    overlapped atomic potential and density for unique potential    1
    overlapped atomic potential and density for unique potential    2
    overlapped atomic potential and density for unique potential    3
    overlapped atomic potential and density for unique potential    4
Done with module: atomic potentials.

Calculating SCF potentials ...
FEFF-serial using 1 thread.
Muffin tin radii and interstitial parameters [bohr]:
type, norman radius, muffin tin, overlap factor
    0  1.29727E+00  1.21648E+00  1.15000E+00
    1  2.00503E+00  1.94552E+00  1.07685E+00
    2  1.70552E+00  1.63580E+00  1.11043E+00
    3  1.29727E+00  1.21648E+00  1.15000E+00
    4  1.10707E+00  1.05290E+00  1.13640E+00
Core-valence separation energy:  ecv=   -41.500 eV
Initial Fermi level:              mu=    -1.926 eV
SCF ITERATION NUMBER  1
     point #   1  energy = -41.500
FMS for a cluster of   97 atoms around atom type   0
FMS for a cluster of   91 atoms around atom type   1
FMS for a cluster of   97 atoms around atom type   2
FMS for a cluster of   95 atoms around atom type   3
FMS for a cluster of  100 atoms around atom type   4
     point #  20  energy = -30.345
     point #  40  energy = -10.095
     point #  60  energy =  -5.651
     point #  80  energy =  -5.076
New Fermi level:    mu=  -5.044 eV  Charge distance=  0.7125 (partial c.d.=  6.5037)
SCF ITERATION NUMBER  1
     point #   1  energy = -41.500
FMS for a cluster of   97 atoms around atom type   0
FMS for a cluster of   91 atoms around atom type   1
FMS for a cluster of   97 atoms around atom type   2
FMS for a cluster of   95 atoms around atom type   3
FMS for a cluster of  100 atoms around atom type   4
     point #  20  energy = -30.361
     point #  40  energy = -10.107
     point #  60  energy =  -5.044
     point #  80  energy =  -6.869
     point # 100  energy = -10.412
     point # 120  energy = -10.981
New Fermi level:    mu= -10.982 eV  Charge distance=  0.2297 (partial c.d.=  3.7913)
SCF ITERATION NUMBER  1
     point #   1  energy = -41.500
FMS for a cluster of   97 atoms around atom type   0
FMS for a cluster of   91 atoms around atom type   1
FMS for a cluster of   97 atoms around atom type   2
FMS for a cluster of   95 atoms around atom type   3
FMS for a cluster of  100 atoms around atom type   4
     point #  20  energy = -30.310
     point #  40  energy = -10.982
     point #  60  energy = -10.892
     point #  80  energy =  -8.901
New Fermi level:    mu=  -9.125 eV  Charge distance=  0.1636 (partial c.d.=  0.3445)
SCF ITERATION NUMBER  2
     point #   1  energy = -41.500
     point #  20  energy = -30.371
     point #  40  energy = -10.137
     point #  60  energy =  -9.085
     point #  80  energy =  -8.041
New Fermi level:    mu=  -8.006 eV  Charge distance=  0.4085 (partial c.d.=  0.2224)
SCF ITERATION NUMBER  3
     point #   1  energy = -41.500
     point #  20  energy = -30.335
     point #  40  energy = -10.036
     point #  60  energy =  -7.994
New Fermi level:    mu=  -7.695 eV  Charge distance=  0.0279 (partial c.d.=  0.2779)
SCF ITERATION NUMBER  4
     point #   1  energy = -41.500
     point #  20  energy = -30.232
     point #  40  energy =  -9.744
     point #  60  energy =  -7.708
New Fermi level:    mu=  -7.905 eV  Charge distance=  0.0175 (partial c.d.=  0.0901)
SCF ITERATION NUMBER  5
     point #   1  energy = -41.500
     point #  20  energy = -30.302
     point #  40  energy =  -9.941
     point #  60  energy =  -7.930
New Fermi level:    mu=  -7.933 eV  Charge distance=  0.0117 (partial c.d.=  0.0406)
SCF ITERATION NUMBER  6
     point #   1  energy = -41.500
     point #  20  energy = -30.311
     point #  40  energy =  -9.968
     point #  60  energy =  -7.958
New Fermi level:    mu=  -7.955 eV  Charge distance=  0.0057 (partial c.d.=  0.0188)
SCF ITERATION NUMBER  7
     point #   1  energy = -41.500
     point #  20  energy = -30.318
     point #  40  energy =  -9.988
New Fermi level:    mu=  -7.952 eV  Charge distance=  0.0045 (partial c.d.=  0.0142)
SCF ITERATION NUMBER  8
     point #   1  energy = -41.500
     point #  20  energy = -30.317
     point #  40  energy =  -9.985
New Fermi level:    mu=  -7.948 eV  Charge distance=  0.0030 (partial c.d.=  0.0115)
SCF ITERATION NUMBER  9
     point #   1  energy = -41.500
     point #  20  energy = -30.316
     point #  40  energy =  -9.981
New Fermi level:    mu=  -7.946 eV  Charge distance=  0.0025 (partial c.d.=  0.0086)
SCF ITERATION NUMBER 10
     point #   1  energy = -41.500
     point #  20  energy = -30.315
     point #  40  energy =  -9.979
New Fermi level:    mu=  -7.943 eV  Charge distance=  0.0001 (partial c.d.=  0.0051)
SCF ITERATION NUMBER 11
     point #   1  energy = -41.500
     point #  20  energy = -30.314
     point #  40  energy =  -9.977
New Fermi level:    mu=  -7.943 eV  Charge distance=  0.0003 (partial c.d.=  0.0001)
Electronic configuration
  type     l     N_el
     0     0    0.506
     0     1    0.584
     0     2    9.521
     0     3    0.000
     1     0    2.258
     1     1    6.307
     1     2    1.047
     1     3    0.000
     2     0    0.364
     2     1    6.547
     2     2    1.425
     2     3    0.000
     3     0    0.506
     3     1    0.587
     3     2    9.521
     3     3    0.000
     4     0    1.857
     4     1    4.480
     4     2    0.070
     4     3    0.000
Charge transfer:  type  charge
       0   -0.390
       1   -0.388
       2   -0.664
       3   -0.387
       4    0.407
Convergence reached in   11 iterations.
Done with module: potentials.

Calculating screened core-hole potential ...
FMS for a cluster of   23 atoms around iph =   0
    0% of energy integration
   20%
   40%
   60%
   80%
  100%
Preparing response function.
Computing (1 - K Chi0)^-1 v_ch
Done with module: screened core-hole potential.

Calculating cross-section and phases ...
    absorption cross section
 x0,dx,rnrm,inrm,jnrm   8.80000000000000       5.000000000000000E-002
   2.45148907900009              194         195
    phase shifts for unique potential    0
    phase shifts for unique potential    1
    phase shifts for unique potential    2
    phase shifts for unique potential    3
    phase shifts for unique potential    4
Done with module: cross-section and phases (XSPH).

FMS calculation of full Green's function ...
FEFF-serial using 1 thread.
Using   194 energy points.
xprep done
FMS for a cluster of  202 atoms
Energy point    1/ 194
Energy point   10/ 194
Energy point   20/ 194
Energy point   30/ 194
Energy point   40/ 194
Energy point   50/ 194
Energy point   60/ 194
Energy point   70/ 194
Energy point   80/ 194
Energy point   90/ 194
Energy point  100/ 194
Energy point  110/ 194
Energy point  120/ 194
Energy point  130/ 194
Energy point  140/ 194
Energy point  150/ 194
Energy point  160/ 194
Energy point  170/ 194
Energy point  180/ 194
Energy point  190/ 194
Done with module: FMS.

MKGTR: Tracing over Green's function ...
Done with module: MKGTR.

Pathfinder: finding scattering paths...
Preparing plane wave scattering amplitudes
Searching for paths
Eliminating path degeneracies
0 paths retained.
Done with module: pathfinder.

Calculating EXAFS parameters ...
Done with module: EXAFS parameters (GENFMT).

Calculating XAS spectra ...
Done with module: XAS spectra (FF2X: DW + final sum over paths).

 
### feff ends at Sun Aug 13 18:48:11 EDT 2023
 
