### feff starts at Mon Aug 14 02:06:19 EDT 2023
### Serial version
### FeffPath is /sdcc/u/mcarbone/software/JFEFF/hsw/feff90/linux
 
Launching FEFF version FEFF 9.9.1
Resetting lmaxsc to 2 for iph =    3.  Use  UNFREEZE to prevent this.
Core hole lifetime is   1.729 eV.
Your calculation:
 comment: None given
 Source:
 Structure Summary:  Ca6 Cu6 W12 O42
 Reduced formula:  CaCuW2O7
 space group: (P2/c), space number:  (13)
 abc:  9.151575  10.599224  11.150901
 angles: 84.705528  90.000000  90.000000
 sites: 66
Cu K edge XANES using RPA corehole.
Using:     * Self-Consistent Field potentials
Using cards:   ATOMS CONTROL EXCHANGE TITLE RPATH POTENTIALS XANES EDGE SCF FMS S02 COREHOLE EGRID

Calculating atomic potentials ...
    overlapped atomic potential and density for unique potential    0
    overlapped atomic potential and density for unique potential    1
    overlapped atomic potential and density for unique potential    2
    overlapped atomic potential and density for unique potential    3
    overlapped atomic potential and density for unique potential    4
Done with module: atomic potentials.

Calculating SCF potentials ...
FEFF-serial using 1 thread.
Muffin tin radii and interstitial parameters [bohr]:
type, norman radius, muffin tin, overlap factor
    0  1.40128E+00  1.32893E+00  1.14550E+00
    1  1.74258E+00  1.65286E+00  1.14502E+00
    2  1.40132E+00  1.32897E+00  1.14551E+00
    3  1.42915E+00  1.21585E+00  1.15000E+00
    4  1.08162E+00  9.32572E-01  1.15000E+00
Core-valence separation energy:  ecv=   -36.000 eV
Initial Fermi level:              mu=     3.798 eV
SCF ITERATION NUMBER  1
     point #   1  energy = -36.000
FMS for a cluster of   82 atoms around atom type   0
FMS for a cluster of   74 atoms around atom type   1
FMS for a cluster of   67 atoms around atom type   2
FMS for a cluster of   79 atoms around atom type   3
FMS for a cluster of   83 atoms around atom type   4
     point #  20  energy = -24.799
     point #  40  energy =  -6.683
     point #  60  energy =  -5.402
New Fermi level:    mu=  -4.984 eV  Charge distance=  1.5182 (partial c.d.=  6.7275)
SCF ITERATION NUMBER  1
     point #   1  energy = -36.000
FMS for a cluster of   82 atoms around atom type   0
FMS for a cluster of   74 atoms around atom type   1
FMS for a cluster of   67 atoms around atom type   2
FMS for a cluster of   79 atoms around atom type   3
FMS for a cluster of   83 atoms around atom type   4
     point #  20  energy = -24.994
     point #  40  energy =  -4.984
     point #  60  energy =  -5.024
     point #  80  energy =  -6.268
     point # 100  energy =  -5.903
New Fermi level:    mu=  -5.884 eV  Charge distance=  0.6955 (partial c.d.=  8.1166)
SCF ITERATION NUMBER  1
     point #   1  energy = -36.000
FMS for a cluster of   82 atoms around atom type   0
FMS for a cluster of   74 atoms around atom type   1
FMS for a cluster of   67 atoms around atom type   2
FMS for a cluster of   79 atoms around atom type   3
FMS for a cluster of   83 atoms around atom type   4
     point #  20  energy = -24.958
     point #  40  energy =  -5.884
     point #  60  energy =  -5.947
New Fermi level:    mu=  -6.009 eV  Charge distance=  0.3248 (partial c.d.=  0.6705)
SCF ITERATION NUMBER  2
     point #   1  energy = -36.000
     point #  20  energy = -25.003
     point #  40  energy =  -6.009
New Fermi level:    mu=  -6.057 eV  Charge distance=  0.4012 (partial c.d.=  0.2693)
SCF ITERATION NUMBER  3
     point #   1  energy = -36.000
     point #  20  energy = -25.021
     point #  40  energy =  -6.057
     point #  60  energy =  -5.967
New Fermi level:    mu=  -5.492 eV  Charge distance=  0.4009 (partial c.d.=  4.3744)
SCF ITERATION NUMBER  4
     point #   1  energy = -36.000
     point #  20  energy = -24.814
     point #  40  energy =  -5.492
     point #  60  energy =  -5.583
     point #  80  energy =  -5.920
New Fermi level:    mu=  -5.868 eV  Charge distance=  0.0596 (partial c.d.=  4.4856)
SCF ITERATION NUMBER  5
     point #   1  energy = -36.000
     point #  20  energy = -24.952
     point #  40  energy =  -5.868
New Fermi level:    mu=  -5.838 eV  Charge distance=  0.1227 (partial c.d.=  0.0417)
SCF ITERATION NUMBER  6
     point #   1  energy = -36.000
     point #  20  energy = -24.941
     point #  40  energy =  -5.838
New Fermi level:    mu=  -5.833 eV  Charge distance=  0.0457 (partial c.d.=  0.1354)
SCF ITERATION NUMBER  7
     point #   1  energy = -36.000
     point #  20  energy = -24.939
     point #  40  energy =  -5.833
New Fermi level:    mu=  -5.855 eV  Charge distance=  0.0766 (partial c.d.=  0.0894)
SCF ITERATION NUMBER  8
     point #   1  energy = -36.000
     point #  20  energy = -24.947
     point #  40  energy =  -5.855
New Fermi level:    mu=  -5.884 eV  Charge distance=  0.0074 (partial c.d.=  0.1629)
SCF ITERATION NUMBER  9
     point #   1  energy = -36.000
     point #  20  energy = -24.957
     point #  40  energy =  -5.884
New Fermi level:    mu=  -5.885 eV  Charge distance=  0.0211 (partial c.d.=  0.0249)
SCF ITERATION NUMBER 10
     point #   1  energy = -36.000
     point #  20  energy = -24.958
     point #  40  energy =  -5.885
New Fermi level:    mu=  -5.888 eV  Charge distance=  0.0161 (partial c.d.=  0.0252)
SCF ITERATION NUMBER 11
     point #   1  energy = -36.000
     point #  20  energy = -24.959
     point #  40  energy =  -5.888
New Fermi level:    mu=  -5.888 eV  Charge distance=  0.0010 (partial c.d.=  0.0133)
SCF ITERATION NUMBER 12
     point #   1  energy = -36.000
     point #  20  energy = -24.959
     point #  40  energy =  -5.888
New Fermi level:    mu=  -5.885 eV  Charge distance=  0.0014 (partial c.d.=  0.0011)
SCF ITERATION NUMBER 13
     point #   1  energy = -36.000
     point #  20  energy = -24.958
     point #  40  energy =  -5.885
New Fermi level:    mu=  -5.882 eV  Charge distance=  0.0002 (partial c.d.=  0.0017)
SCF ITERATION NUMBER 14
     point #   1  energy = -36.000
     point #  20  energy = -24.957
     point #  40  energy =  -5.882
New Fermi level:    mu=  -5.882 eV  Charge distance=  0.0001 (partial c.d.=  0.0007)
SCF ITERATION NUMBER 15
     point #   1  energy = -36.000
     point #  20  energy = -24.957
     point #  40  energy =  -5.882
New Fermi level:    mu=  -5.882 eV  Charge distance=  0.0001 (partial c.d.=  0.0004)
SCF ITERATION NUMBER 16
     point #   1  energy = -36.000
     point #  20  energy = -24.957
     point #  40  energy =  -5.882
New Fermi level:    mu=  -5.882 eV  Charge distance=  0.0000 (partial c.d.=  0.0001)
Electronic configuration
  type     l     N_el
     0     0    0.544
     0     1    0.652
     0     2    9.635
     0     3    0.000
     1     0    0.423
     1     1    6.644
     1     2    1.214
     1     3    0.000
     2     0    0.546
     2     1    0.649
     2     2    9.634
     2     3    0.000
     3     0    0.585
     3     1    0.717
     3     2    3.930
     3     3    0.000
     4     0    1.845
     4     1    4.270
     4     2    0.089
     4     3    0.000
Charge transfer:  type  charge
       0   -0.169
       1    0.281
       2   -0.172
       3   -0.767
       4    0.204
Convergence reached in   16 iterations.
Done with module: potentials.

Calculating screened core-hole potential ...
FMS for a cluster of   14 atoms around iph =   0
    0% of energy integration
   20%
   40%
   60%
   80%
  100%
Preparing response function.
Computing (1 - K Chi0)^-1 v_ch
Done with module: screened core-hole potential.

Calculating cross-section and phases ...
    absorption cross section
 x0,dx,rnrm,inrm,jnrm   8.80000000000000       5.000000000000000E-002
   2.64802750400013              196         197
    phase shifts for unique potential    0
    phase shifts for unique potential    1
    phase shifts for unique potential    2
    phase shifts for unique potential    3
    phase shifts for unique potential    4
Done with module: cross-section and phases (XSPH).

FMS calculation of full Green's function ...
FEFF-serial using 1 thread.
Using   194 energy points.
xprep done
FMS for a cluster of  186 atoms
Energy point    1/ 194
Energy point   10/ 194
Energy point   20/ 194
Energy point   30/ 194
Energy point   40/ 194
Energy point   50/ 194
Energy point   60/ 194
Energy point   70/ 194
Energy point   80/ 194
Energy point   90/ 194
Energy point  100/ 194
Energy point  110/ 194
Energy point  120/ 194
Energy point  130/ 194
Energy point  140/ 194
Energy point  150/ 194
Energy point  160/ 194
Energy point  170/ 194
Energy point  180/ 194
Energy point  190/ 194
Done with module: FMS.

MKGTR: Tracing over Green's function ...
Done with module: MKGTR.

Pathfinder: finding scattering paths...
Preparing plane wave scattering amplitudes
Searching for paths
Eliminating path degeneracies
0 paths retained.
Done with module: pathfinder.

Calculating EXAFS parameters ...
Done with module: EXAFS parameters (GENFMT).

Calculating XAS spectra ...
Done with module: XAS spectra (FF2X: DW + final sum over paths).

 
### feff ends at Mon Aug 14 02:57:35 EDT 2023
 
