### feff starts at Sun Aug 13 12:30:06 EDT 2023
### Serial version
### FeffPath is /sdcc/u/mcarbone/software/JFEFF/hsw/feff90/linux
 
Launching FEFF version FEFF 9.9.1
Core hole lifetime is   1.729 eV.
Your calculation:
 comment: None given
 Source:
 Structure Summary:  Cu4 N12 O12
 Reduced formula:  Cu(NO)3
 space group: (Pnnm), space number:  (58)
 abc:  5.624658   7.438304  10.065277
 angles: 90.000000  90.000000  90.000000
 sites: 28
Cu K edge XANES using RPA corehole.
Using:     * Self-Consistent Field potentials
Using cards:   ATOMS CONTROL EXCHANGE TITLE RPATH POTENTIALS XANES EDGE SCF FMS S02 COREHOLE EGRID

Calculating atomic potentials ...
    overlapped atomic potential and density for unique potential    0
    overlapped atomic potential and density for unique potential    1
    overlapped atomic potential and density for unique potential    2
    overlapped atomic potential and density for unique potential    3
Done with module: atomic potentials.

Calculating SCF potentials ...
FEFF-serial using 1 thread.
Muffin tin radii and interstitial parameters [bohr]:
type, norman radius, muffin tin, overlap factor
    0  1.36227E+00  1.09531E+00  1.15000E+00
    1  1.36326E+00  1.10732E+00  1.15000E+00
    2  1.27488E+00  1.02504E+00  1.15000E+00
    3  9.96072E-01  6.35225E-01  1.15000E+00
Core-valence separation energy:  ecv=   -40.000 eV
Initial Fermi level:              mu=     6.836 eV
SCF ITERATION NUMBER  1
     point #   1  energy = -40.000
FMS for a cluster of  103 atoms around atom type   0
FMS for a cluster of   95 atoms around atom type   1
FMS for a cluster of  100 atoms around atom type   2
FMS for a cluster of   88 atoms around atom type   3
     point #  20  energy = -28.817
     point #  40  energy =  -8.567
     point #  60  energy =  -4.930
     point #  80  energy =  -4.076
New Fermi level:    mu=  -4.038 eV  Charge distance=  1.1530 (partial c.d.=  4.6376)
SCF ITERATION NUMBER  1
     point #   1  energy = -40.000
FMS for a cluster of  103 atoms around atom type   0
FMS for a cluster of   95 atoms around atom type   1
FMS for a cluster of  100 atoms around atom type   2
FMS for a cluster of   88 atoms around atom type   3
     point #  20  energy = -29.012
     point #  40  energy =  -9.033
     point #  60  energy =  -4.038
     point #  80  energy =  -5.863
     point # 100  energy =  -6.832
New Fermi level:    mu=  -6.831 eV  Charge distance=  0.4569 (partial c.d.=  6.3299)
SCF ITERATION NUMBER  1
     point #   1  energy = -40.000
FMS for a cluster of  103 atoms around atom type   0
FMS for a cluster of   95 atoms around atom type   1
FMS for a cluster of  100 atoms around atom type   2
FMS for a cluster of   88 atoms around atom type   3
     point #  20  energy = -28.944
     point #  40  energy =  -8.841
     point #  60  energy =  -6.843
New Fermi level:    mu=  -7.424 eV  Charge distance=  0.2402 (partial c.d.=  0.3042)
SCF ITERATION NUMBER  2
     point #   1  energy = -40.000
     point #  20  energy = -28.802
     point #  40  energy =  -8.442
     point #  60  energy =  -7.387
New Fermi level:    mu=  -7.394 eV  Charge distance=  0.0347 (partial c.d.=  0.9339)
SCF ITERATION NUMBER  3
     point #   1  energy = -40.000
     point #  20  energy = -28.792
     point #  40  energy =  -8.413
     point #  60  energy =  -7.435
New Fermi level:    mu=  -7.560 eV  Charge distance=  0.0887 (partial c.d.=  0.4934)
SCF ITERATION NUMBER  4
     point #   1  energy = -40.000
     point #  20  energy = -28.849
     point #  40  energy =  -8.574
     point #  60  energy =  -7.523
New Fermi level:    mu=  -7.522 eV  Charge distance=  0.0509 (partial c.d.=  0.4986)
SCF ITERATION NUMBER  5
     point #   1  energy = -40.000
     point #  20  energy = -28.836
     point #  40  energy =  -8.537
     point #  60  energy =  -7.559
New Fermi level:    mu=  -7.620 eV  Charge distance=  0.0464 (partial c.d.=  0.2728)
SCF ITERATION NUMBER  6
     point #   1  energy = -40.000
     point #  20  energy = -28.869
     point #  40  energy =  -8.632
     point #  60  energy =  -7.657
New Fermi level:    mu=  -7.689 eV  Charge distance=  0.0419 (partial c.d.=  0.4156)
SCF ITERATION NUMBER  7
     point #   1  energy = -40.000
     point #  20  energy = -28.893
     point #  40  energy =  -8.699
New Fermi level:    mu=  -7.667 eV  Charge distance=  0.0104 (partial c.d.=  0.4158)
SCF ITERATION NUMBER  8
     point #   1  energy = -40.000
     point #  20  energy = -28.885
     point #  40  energy =  -8.677
New Fermi level:    mu=  -7.660 eV  Charge distance=  0.0043 (partial c.d.=  0.0940)
SCF ITERATION NUMBER  9
     point #   1  energy = -40.000
     point #  20  energy = -28.883
     point #  40  energy =  -8.670
New Fermi level:    mu=  -7.648 eV  Charge distance=  0.0023 (partial c.d.=  0.0415)
SCF ITERATION NUMBER 10
     point #   1  energy = -40.000
     point #  20  energy = -28.879
     point #  40  energy =  -8.659
New Fermi level:    mu=  -7.642 eV  Charge distance=  0.0034 (partial c.d.=  0.0108)
SCF ITERATION NUMBER 11
     point #   1  energy = -40.000
     point #  20  energy = -28.877
     point #  40  energy =  -8.653
New Fermi level:    mu=  -7.634 eV  Charge distance=  0.0018 (partial c.d.=  0.0032)
SCF ITERATION NUMBER 12
     point #   1  energy = -40.000
     point #  20  energy = -28.874
     point #  40  energy =  -8.646
New Fermi level:    mu=  -7.631 eV  Charge distance=  0.0002 (partial c.d.=  0.0013)
SCF ITERATION NUMBER 13
     point #   1  energy = -40.000
     point #  20  energy = -28.873
     point #  40  energy =  -8.643
New Fermi level:    mu=  -7.631 eV  Charge distance=  0.0002 (partial c.d.=  0.0007)
SCF ITERATION NUMBER 14
     point #   1  energy = -40.000
     point #  20  energy = -28.873
     point #  40  energy =  -8.643
New Fermi level:    mu=  -7.632 eV  Charge distance=  0.0001 (partial c.d.=  0.0003)
SCF ITERATION NUMBER 15
     point #   1  energy = -40.000
     point #  20  energy = -28.873
     point #  40  energy =  -8.643
New Fermi level:    mu=  -7.632 eV  Charge distance=  0.0001 (partial c.d.=  0.0001)
Electronic configuration
  type     l     N_el
     0     0    0.689
     0     1    0.728
     0     2    9.326
     0     3    0.000
     1     0    0.577
     1     1    0.689
     1     2    9.331
     1     3    0.000
     2     0    1.834
     2     1    3.421
     2     2    0.081
     2     3    0.000
     3     0    1.852
     3     1    3.775
     3     2    0.171
     3     3    0.000
Charge transfer:  type  charge
       0   -0.256
       1   -0.403
       2    0.336
       3   -0.202
Convergence reached in   15 iterations.
Done with module: potentials.

Calculating screened core-hole potential ...
FMS for a cluster of   21 atoms around iph =   0
    0% of energy integration
   20%
   40%
   60%
   80%
  100%
Preparing response function.
Computing (1 - K Chi0)^-1 v_ch
Done with module: screened core-hole potential.

Calculating cross-section and phases ...
    absorption cross section
 x0,dx,rnrm,inrm,jnrm   8.80000000000000       5.000000000000000E-002
   2.57432454400018              195         196
    phase shifts for unique potential    0
    phase shifts for unique potential    1
    phase shifts for unique potential    2
    phase shifts for unique potential    3
Done with module: cross-section and phases (XSPH).

FMS calculation of full Green's function ...
FEFF-serial using 1 thread.
Using   194 energy points.
xprep done
FMS for a cluster of  205 atoms
Energy point    1/ 194
Energy point   10/ 194
Energy point   20/ 194
Energy point   30/ 194
Energy point   40/ 194
Energy point   50/ 194
Energy point   60/ 194
Energy point   70/ 194
Energy point   80/ 194
Energy point   90/ 194
Energy point  100/ 194
Energy point  110/ 194
Energy point  120/ 194
Energy point  130/ 194
Energy point  140/ 194
Energy point  150/ 194
Energy point  160/ 194
Energy point  170/ 194
Energy point  180/ 194
Energy point  190/ 194
Done with module: FMS.

MKGTR: Tracing over Green's function ...
Done with module: MKGTR.

Pathfinder: finding scattering paths...
Preparing plane wave scattering amplitudes
Searching for paths
Eliminating path degeneracies
0 paths retained.
Done with module: pathfinder.

Calculating EXAFS parameters ...
Done with module: EXAFS parameters (GENFMT).

Calculating XAS spectra ...
Done with module: XAS spectra (FF2X: DW + final sum over paths).

 
### feff ends at Sun Aug 13 13:35:15 EDT 2023
 
