### feff starts at Mon Aug 14 08:47:07 EDT 2023
### Serial version
### FeffPath is /sdcc/u/mcarbone/software/JFEFF/hsw/feff90/linux
 
Launching FEFF version FEFF 9.9.1
Core hole lifetime is   1.729 eV.
Your calculation:
 comment: None given
 Source:
 Structure Summary:  Li8 Cu8 C8 O28
 Reduced formula:  Li2Cu2C2O7
 space group: (P2_1/c), space number:  (14)
 abc:  5.687543  10.107515  10.110208
 angles: 68.199561  90.000000  90.000000
 sites: 52
Cu K edge XANES using RPA corehole.
Using:     * Self-Consistent Field potentials
Using cards:   ATOMS CONTROL EXCHANGE TITLE RPATH POTENTIALS XANES EDGE SCF FMS S02 COREHOLE EGRID

Calculating atomic potentials ...
    overlapped atomic potential and density for unique potential    0
    overlapped atomic potential and density for unique potential    1
    overlapped atomic potential and density for unique potential    2
    overlapped atomic potential and density for unique potential    3
    overlapped atomic potential and density for unique potential    4
Done with module: atomic potentials.

Calculating SCF potentials ...
FEFF-serial using 1 thread.
Muffin tin radii and interstitial parameters [bohr]:
type, norman radius, muffin tin, overlap factor
    0  1.32796E+00  1.25986E+00  1.14434E+00
    1  1.37909E+00  1.32995E+00  1.09434E+00
    2  1.32796E+00  1.25986E+00  1.14434E+00
    3  9.24398E-01  7.11705E-01  1.15000E+00
    4  1.01335E+00  8.45754E-01  1.15000E+00
Core-valence separation energy:  ecv=   -40.000 eV
Initial Fermi level:              mu=     7.123 eV
SCF ITERATION NUMBER  1
     point #   1  energy = -40.000
FMS for a cluster of  142 atoms around atom type   0
FMS for a cluster of  116 atoms around atom type   1
FMS for a cluster of  136 atoms around atom type   2
FMS for a cluster of  131 atoms around atom type   3
FMS for a cluster of  136 atoms around atom type   4
     point #  20  energy = -28.942
     point #  40  energy =  -8.692
     point #  60  energy =  -4.042
     point #  80  energy =  -3.260
New Fermi level:    mu=  -3.224 eV  Charge distance=  0.6531 (partial c.d.=  6.4541)
SCF ITERATION NUMBER  1
     point #   1  energy = -40.000
FMS for a cluster of  142 atoms around atom type   0
FMS for a cluster of  116 atoms around atom type   1
FMS for a cluster of  136 atoms around atom type   2
FMS for a cluster of  131 atoms around atom type   3
FMS for a cluster of  136 atoms around atom type   4
     point #  20  energy = -28.763
     point #  40  energy =  -8.332
     point #  60  energy =  -3.224
     point #  80  energy =  -5.049
     point # 100  energy =  -7.703
New Fermi level:    mu=  -7.316 eV  Charge distance=  0.2296 (partial c.d.=  3.6948)
SCF ITERATION NUMBER  1
     point #   1  energy = -40.000
FMS for a cluster of  142 atoms around atom type   0
FMS for a cluster of  116 atoms around atom type   1
FMS for a cluster of  136 atoms around atom type   2
FMS for a cluster of  131 atoms around atom type   3
FMS for a cluster of  136 atoms around atom type   4
     point #  20  energy = -28.765
     point #  40  energy =  -8.338
     point #  60  energy =  -7.276
New Fermi level:    mu=  -6.766 eV  Charge distance=  0.0893 (partial c.d.=  0.3690)
SCF ITERATION NUMBER  2
     point #   1  energy = -40.000
     point #  20  energy = -28.922
     point #  40  energy =  -8.780
     point #  60  energy =  -6.753
New Fermi level:    mu=  -6.271 eV  Charge distance=  0.1091 (partial c.d.=  0.2739)
SCF ITERATION NUMBER  3
     point #   1  energy = -40.000
     point #  20  energy = -28.757
     point #  40  energy =  -8.315
     point #  60  energy =  -6.296
New Fermi level:    mu=  -6.352 eV  Charge distance=  0.0959 (partial c.d.=  0.0981)
SCF ITERATION NUMBER  4
     point #   1  energy = -40.000
     point #  20  energy = -28.784
     point #  40  energy =  -8.391
     point #  60  energy =  -6.339
New Fermi level:    mu=  -6.215 eV  Charge distance=  0.0237 (partial c.d.=  0.1011)
SCF ITERATION NUMBER  5
     point #   1  energy = -40.000
     point #  20  energy = -28.738
     point #  40  energy =  -8.263
     point #  60  energy =  -6.240
New Fermi level:    mu=  -6.294 eV  Charge distance=  0.0043 (partial c.d.=  0.0353)
SCF ITERATION NUMBER  6
     point #   1  energy = -40.000
     point #  20  energy = -28.765
     point #  40  energy =  -8.337
New Fermi level:    mu=  -6.301 eV  Charge distance=  0.0063 (partial c.d.=  0.0056)
SCF ITERATION NUMBER  7
     point #   1  energy = -40.000
     point #  20  energy = -28.767
     point #  40  energy =  -8.343
New Fermi level:    mu=  -6.306 eV  Charge distance=  0.0024 (partial c.d.=  0.0062)
SCF ITERATION NUMBER  8
     point #   1  energy = -40.000
     point #  20  energy = -28.769
     point #  40  energy =  -8.348
New Fermi level:    mu=  -6.304 eV  Charge distance=  0.0027 (partial c.d.=  0.0014)
SCF ITERATION NUMBER  9
     point #   1  energy = -40.000
     point #  20  energy = -28.768
     point #  40  energy =  -8.346
New Fermi level:    mu=  -6.298 eV  Charge distance=  0.0004 (partial c.d.=  0.0016)
SCF ITERATION NUMBER 10
     point #   1  energy = -40.000
     point #  20  energy = -28.766
     point #  40  energy =  -8.341
New Fermi level:    mu=  -6.298 eV  Charge distance=  0.0001 (partial c.d.=  0.0019)
SCF ITERATION NUMBER 11
     point #   1  energy = -40.000
     point #  20  energy = -28.766
     point #  40  energy =  -8.340
New Fermi level:    mu=  -6.298 eV  Charge distance=  0.0000 (partial c.d.=  0.0008)
SCF ITERATION NUMBER 12
     point #   1  energy = -40.000
     point #  20  energy = -28.766
     point #  40  energy =  -8.340
New Fermi level:    mu=  -6.298 eV  Charge distance=  0.0000 (partial c.d.=  0.0001)
Electronic configuration
  type     l     N_el
     0     0    0.527
     0     1    0.726
     0     2    9.534
     0     3    0.000
     1     0    0.239
     1     1    0.496
     1     2    0.000
     1     3    0.000
     2     0    0.527
     2     1    0.727
     2     2    9.534
     2     3    0.000
     3     0    1.107
     3     1    2.187
     3     2    0.413
     3     3    0.000
     4     0    1.810
     4     1    4.294
     4     2    0.116
     4     3    0.000
Charge transfer:  type  charge
       0   -0.212
       1   -0.265
       2   -0.211
       3   -0.293
       4    0.220
Convergence reached in   12 iterations.
Done with module: potentials.

Calculating screened core-hole potential ...
FMS for a cluster of   26 atoms around iph =   0
    0% of energy integration
   20%
   40%
   60%
   80%
  100%
Preparing response function.
Computing (1 - K Chi0)^-1 v_ch
Done with module: screened core-hole potential.

Calculating cross-section and phases ...
    absorption cross section
 x0,dx,rnrm,inrm,jnrm   8.80000000000000       5.000000000000000E-002
   2.50948061399980              195         196
    phase shifts for unique potential    0
    phase shifts for unique potential    1
    phase shifts for unique potential    2
    phase shifts for unique potential    3
    phase shifts for unique potential    4
Done with module: cross-section and phases (XSPH).

FMS calculation of full Green's function ...
FEFF-serial using 1 thread.
Using   194 energy points.
xprep done
FMS for a cluster of  297 atoms
Energy point    1/ 194
Energy point   10/ 194
Energy point   20/ 194
Energy point   30/ 194
Energy point   40/ 194
Energy point   50/ 194
Energy point   60/ 194
Energy point   70/ 194
Energy point   80/ 194
Energy point   90/ 194
Energy point  100/ 194
Energy point  110/ 194
Energy point  120/ 194
Energy point  130/ 194
Energy point  140/ 194
Energy point  150/ 194
Energy point  160/ 194
Energy point  170/ 194
Energy point  180/ 194
Energy point  190/ 194
Done with module: FMS.

MKGTR: Tracing over Green's function ...
Done with module: MKGTR.

Pathfinder: finding scattering paths...
Preparing plane wave scattering amplitudes
Searching for paths
Eliminating path degeneracies
0 paths retained.
Done with module: pathfinder.

Calculating EXAFS parameters ...
Done with module: EXAFS parameters (GENFMT).

Calculating XAS spectra ...
Done with module: XAS spectra (FF2X: DW + final sum over paths).

 
### feff ends at Mon Aug 14 11:03:11 EDT 2023
 
