### feff starts at Sun Aug 13 23:28:15 EDT 2023
### Serial version
### FeffPath is /sdcc/u/mcarbone/software/JFEFF/hsw/feff90/linux
 
Launching FEFF version FEFF 9.9.1
Core hole lifetime is   1.729 eV.
Your calculation:
 comment: None given
 Source:
 Structure Summary:  K1 Cu3 As2 O10
 Reduced formula:  KCu3(AsO5)2
 space group: (C2/m), space number:  (12)
 abc:  5.865449   5.865449   8.241589
 angles: 66.567205  66.567205  61.418779
 sites: 16
Cu K edge XANES using RPA corehole.
Using:     * Self-Consistent Field potentials
Using cards:   ATOMS CONTROL EXCHANGE TITLE RPATH POTENTIALS XANES EDGE SCF FMS S02 COREHOLE EGRID

Calculating atomic potentials ...
    overlapped atomic potential and density for unique potential    0
    overlapped atomic potential and density for unique potential    1
    overlapped atomic potential and density for unique potential    2
    overlapped atomic potential and density for unique potential    3
    overlapped atomic potential and density for unique potential    4
Done with module: atomic potentials.

Calculating SCF potentials ...
FEFF-serial using 1 thread.
Muffin tin radii and interstitial parameters [bohr]:
type, norman radius, muffin tin, overlap factor
    0  1.32650E+00  1.23674E+00  1.15000E+00
    1  2.01954E+00  1.95264E+00  1.08688E+00
    2  1.27233E+00  1.15205E+00  1.15000E+00
    3  1.29344E+00  1.07874E+00  1.15000E+00
    4  1.09840E+00  9.79771E-01  1.15000E+00
Core-valence separation energy:  ecv=   -46.500 eV
Initial Fermi level:              mu=     3.676 eV
SCF ITERATION NUMBER  1
     point #   1  energy = -46.500
FMS for a cluster of   93 atoms around atom type   0
FMS for a cluster of   91 atoms around atom type   1
FMS for a cluster of   95 atoms around atom type   2
FMS for a cluster of   94 atoms around atom type   3
FMS for a cluster of   93 atoms around atom type   4
     point #  20  energy = -35.434
     point #  40  energy = -15.184
     point #  60  energy =  -4.169
     point #  80  energy =  -3.594
New Fermi level:    mu=  -3.774 eV  Charge distance=  0.7620 (partial c.d.= 10.7812)
SCF ITERATION NUMBER  1
     point #   1  energy = -46.500
FMS for a cluster of   93 atoms around atom type   0
FMS for a cluster of   91 atoms around atom type   1
FMS for a cluster of   95 atoms around atom type   2
FMS for a cluster of   94 atoms around atom type   3
FMS for a cluster of   93 atoms around atom type   4
     point #  20  energy = -35.310
     point #  40  energy = -14.964
     point #  60  energy =  -3.774
     point #  80  energy =  -4.409
     point # 100  energy =  -7.993
New Fermi level:    mu=  -8.810 eV  Charge distance=  0.2534 (partial c.d.=  4.0478)
SCF ITERATION NUMBER  1
     point #   1  energy = -46.500
FMS for a cluster of   93 atoms around atom type   0
FMS for a cluster of   91 atoms around atom type   1
FMS for a cluster of   95 atoms around atom type   2
FMS for a cluster of   94 atoms around atom type   3
FMS for a cluster of   93 atoms around atom type   4
     point #  20  energy = -35.295
     point #  40  energy = -14.922
     point #  60  energy =  -8.810
     point #  80  energy =  -7.516
New Fermi level:    mu=  -7.171 eV  Charge distance=  0.1287 (partial c.d.=  0.6482)
SCF ITERATION NUMBER  2
     point #   1  energy = -46.500
     point #  20  energy = -35.407
     point #  40  energy = -15.238
     point #  60  energy =  -7.171
New Fermi level:    mu=  -7.003 eV  Charge distance=  0.2990 (partial c.d.=  1.2618)
SCF ITERATION NUMBER  3
     point #   1  energy = -46.500
     point #  20  energy = -35.360
     point #  40  energy = -15.105
     point #  60  energy =  -7.003
     point #  80  energy =  -6.578
New Fermi level:    mu=  -6.575 eV  Charge distance=  0.1654 (partial c.d.=  1.4336)
SCF ITERATION NUMBER  4
     point #   1  energy = -46.500
     point #  20  energy = -35.239
     point #  40  energy = -14.765
     point #  60  energy =  -6.575
New Fermi level:    mu=  -6.898 eV  Charge distance=  0.1316 (partial c.d.=  0.1044)
SCF ITERATION NUMBER  5
     point #   1  energy = -46.500
     point #  20  energy = -35.330
     point #  40  energy = -15.022
     point #  60  energy =  -6.898
New Fermi level:    mu=  -6.974 eV  Charge distance=  0.1357 (partial c.d.=  0.1504)
SCF ITERATION NUMBER  6
     point #   1  energy = -46.500
     point #  20  energy = -35.352
     point #  40  energy = -15.082
     point #  60  energy =  -6.974
New Fermi level:    mu=  -7.068 eV  Charge distance=  0.0300 (partial c.d.=  0.7457)
SCF ITERATION NUMBER  7
     point #   1  energy = -46.500
     point #  20  energy = -35.378
     point #  40  energy = -15.157
     point #  60  energy =  -7.068
New Fermi level:    mu=  -7.052 eV  Charge distance=  0.0239 (partial c.d.=  0.5279)
SCF ITERATION NUMBER  8
     point #   1  energy = -46.500
     point #  20  energy = -35.374
     point #  40  energy = -15.144
     point #  60  energy =  -7.052
New Fermi level:    mu=  -7.047 eV  Charge distance=  0.0483 (partial c.d.=  0.0810)
SCF ITERATION NUMBER  9
     point #   1  energy = -46.500
     point #  20  energy = -35.372
     point #  40  energy = -15.140
     point #  60  energy =  -7.047
New Fermi level:    mu=  -7.040 eV  Charge distance=  0.0018 (partial c.d.=  0.1769)
SCF ITERATION NUMBER 10
     point #   1  energy = -46.500
     point #  20  energy = -35.370
     point #  40  energy = -15.134
     point #  60  energy =  -7.040
New Fermi level:    mu=  -7.045 eV  Charge distance=  0.0051 (partial c.d.=  0.0677)
SCF ITERATION NUMBER 11
     point #   1  energy = -46.500
     point #  20  energy = -35.372
     point #  40  energy = -15.138
     point #  60  energy =  -7.045
New Fermi level:    mu=  -7.043 eV  Charge distance=  0.0123 (partial c.d.=  0.0133)
SCF ITERATION NUMBER 12
     point #   1  energy = -46.500
     point #  20  energy = -35.371
     point #  40  energy = -15.137
     point #  60  energy =  -7.043
New Fermi level:    mu=  -7.038 eV  Charge distance=  0.0005 (partial c.d.=  0.0295)
SCF ITERATION NUMBER 13
     point #   1  energy = -46.500
     point #  20  energy = -35.370
     point #  40  energy = -15.133
     point #  60  energy =  -7.038
New Fermi level:    mu=  -7.037 eV  Charge distance=  0.0006 (partial c.d.=  0.0002)
SCF ITERATION NUMBER 14
     point #   1  energy = -46.500
     point #  20  energy = -35.369
     point #  40  energy = -15.132
     point #  60  energy =  -7.037
New Fermi level:    mu=  -7.035 eV  Charge distance=  0.0003 (partial c.d.=  0.0013)
SCF ITERATION NUMBER 15
     point #   1  energy = -46.500
     point #  20  energy = -35.369
     point #  40  energy = -15.131
     point #  60  energy =  -7.035
New Fermi level:    mu=  -7.035 eV  Charge distance=  0.0001 (partial c.d.=  0.0006)
SCF ITERATION NUMBER 16
     point #   1  energy = -46.500
     point #  20  energy = -35.369
     point #  40  energy = -15.130
     point #  60  energy =  -7.035
New Fermi level:    mu=  -7.035 eV  Charge distance=  0.0001 (partial c.d.=  0.0006)
SCF ITERATION NUMBER 17
     point #   1  energy = -46.500
     point #  20  energy = -35.369
     point #  40  energy = -15.130
     point #  60  energy =  -7.035
New Fermi level:    mu=  -7.035 eV  Charge distance=  0.0000 (partial c.d.=  0.0003)
SCF ITERATION NUMBER 18
     point #   1  energy = -46.500
     point #  20  energy = -35.369
     point #  40  energy = -15.130
     point #  60  energy =  -7.035
New Fermi level:    mu=  -7.035 eV  Charge distance=  0.0000 (partial c.d.=  0.0001)
Electronic configuration
  type     l     N_el
     0     0    0.503
     0     1    0.626
     0     2    9.518
     0     3    0.000
     1     0    2.184
     1     1    6.249
     1     2    0.351
     1     3    0.000
     2     0    0.510
     2     1    0.652
     2     2    9.351
     2     3    0.000
     3     0    1.397
     3     1    2.075
     3     2   10.781
     3     3    0.000
     4     0    1.853
     4     1    4.368
     4     2    0.097
     4     3    0.000
Charge transfer:  type  charge
       0   -0.353
       1   -0.216
       2   -0.488
       3   -0.747
       4    0.318
Convergence reached in   18 iterations.
Done with module: potentials.

Calculating screened core-hole potential ...
FMS for a cluster of   19 atoms around iph =   0
    0% of energy integration
   20%
   40%
   60%
   80%
  100%
Preparing response function.
Computing (1 - K Chi0)^-1 v_ch
Done with module: screened core-hole potential.

Calculating cross-section and phases ...
    absorption cross section
 x0,dx,rnrm,inrm,jnrm   8.80000000000000       5.000000000000000E-002
   2.50671594499985              195         196
    phase shifts for unique potential    0
    phase shifts for unique potential    1
    phase shifts for unique potential    2
    phase shifts for unique potential    3
    phase shifts for unique potential    4
Done with module: cross-section and phases (XSPH).

FMS calculation of full Green's function ...
FEFF-serial using 1 thread.
Using   194 energy points.
xprep done
FMS for a cluster of  225 atoms
Energy point    1/ 194
Energy point   10/ 194
Energy point   20/ 194
Energy point   30/ 194
Energy point   40/ 194
Energy point   50/ 194
Energy point   60/ 194
Energy point   70/ 194
Energy point   80/ 194
Energy point   90/ 194
Energy point  100/ 194
Energy point  110/ 194
Energy point  120/ 194
Energy point  130/ 194
Energy point  140/ 194
Energy point  150/ 194
Energy point  160/ 194
Energy point  170/ 194
Energy point  180/ 194
Energy point  190/ 194
Done with module: FMS.

MKGTR: Tracing over Green's function ...
Done with module: MKGTR.

Pathfinder: finding scattering paths...
Preparing plane wave scattering amplitudes
Searching for paths
Eliminating path degeneracies
0 paths retained.
Done with module: pathfinder.

Calculating EXAFS parameters ...
Done with module: EXAFS parameters (GENFMT).

Calculating XAS spectra ...
Done with module: XAS spectra (FF2X: DW + final sum over paths).

 
### feff ends at Mon Aug 14 00:56:01 EDT 2023
 
