### feff starts at Mon Aug 14 04:05:25 EDT 2023
### Serial version
### FeffPath is /sdcc/u/mcarbone/software/JFEFF/hsw/feff90/linux
 
Launching FEFF version FEFF 9.9.1
Core hole lifetime is   1.729 eV.
Your calculation:
 comment: None given
 Source:
 Structure Summary:  Rb12 Cu20 O16
 Reduced formula:  Rb3Cu5O4
 space group: (P2_1/c), space number:  (14)
 abc:  7.476453   9.959583  14.488672
 angles: 73.450807  90.000000  90.000000
 sites: 48
Cu K edge XANES using RPA corehole.
Using:     * Self-Consistent Field potentials
Using cards:   ATOMS CONTROL EXCHANGE TITLE RPATH POTENTIALS XANES EDGE SCF FMS S02 COREHOLE EGRID

Calculating atomic potentials ...
    overlapped atomic potential and density for unique potential    0
    overlapped atomic potential and density for unique potential    1
    overlapped atomic potential and density for unique potential    2
    overlapped atomic potential and density for unique potential    3
Done with module: atomic potentials.

Calculating SCF potentials ...
FEFF-serial using 1 thread.
Muffin tin radii and interstitial parameters [bohr]:
type, norman radius, muffin tin, overlap factor
    0  1.34092E+00  1.16952E+00  1.15000E+00
    1  2.12263E+00  2.07437E+00  1.05739E+00
    2  1.33831E+00  1.16217E+00  1.15000E+00
    3  1.12259E+00  1.03737E+00  1.15000E+00
Core-valence separation energy:  ecv=   -40.000 eV
Initial Fermi level:              mu=    -1.188 eV
SCF ITERATION NUMBER  1
     point #   1  energy = -40.000
FMS for a cluster of   70 atoms around atom type   0
FMS for a cluster of   61 atoms around atom type   1
FMS for a cluster of   66 atoms around atom type   2
FMS for a cluster of   65 atoms around atom type   3
     point #  20  energy = -28.792
     point #  40  energy =  -8.542
     point #  60  energy =  -3.892
     point #  80  energy =  -3.810
New Fermi level:    mu=  -3.842 eV  Charge distance=  0.3739 (partial c.d.=  7.9165)
SCF ITERATION NUMBER  1
     point #   1  energy = -40.000
FMS for a cluster of   70 atoms around atom type   0
FMS for a cluster of   61 atoms around atom type   1
FMS for a cluster of   66 atoms around atom type   2
FMS for a cluster of   65 atoms around atom type   3
     point #  20  energy = -28.952
     point #  40  energy =  -8.864
     point #  60  energy =  -3.842
     point #  80  energy =  -5.667
     point # 100  energy =  -8.155
New Fermi level:    mu=  -8.167 eV  Charge distance=  0.1279 (partial c.d.=  2.1181)
SCF ITERATION NUMBER  1
     point #   1  energy = -40.000
FMS for a cluster of   70 atoms around atom type   0
FMS for a cluster of   61 atoms around atom type   1
FMS for a cluster of   66 atoms around atom type   2
FMS for a cluster of   65 atoms around atom type   3
     point #  20  energy = -28.704
     point #  40  energy =  -8.167
     point #  60  energy =  -8.126
     point #  80  energy =  -7.042
New Fermi level:    mu=  -7.059 eV  Charge distance=  0.0580 (partial c.d.=  0.3998)
SCF ITERATION NUMBER  2
     point #   1  energy = -40.000
     point #  20  energy = -29.020
     point #  40  energy =  -9.055
     point #  60  energy =  -7.034
New Fermi level:    mu=  -7.012 eV  Charge distance=  0.1804 (partial c.d.=  0.0428)
SCF ITERATION NUMBER  3
     point #   1  energy = -40.000
     point #  20  energy = -29.004
     point #  40  energy =  -9.011
New Fermi level:    mu=  -7.010 eV  Charge distance=  0.0108 (partial c.d.=  0.0578)
SCF ITERATION NUMBER  4
     point #   1  energy = -40.000
     point #  20  energy = -29.003
     point #  40  energy =  -9.009
     point #  60  energy =  -7.035
New Fermi level:    mu=  -7.065 eV  Charge distance=  0.0073 (partial c.d.=  0.0313)
SCF ITERATION NUMBER  5
     point #   1  energy = -40.000
     point #  20  energy = -29.022
     point #  40  energy =  -9.061
     point #  60  energy =  -7.090
New Fermi level:    mu=  -7.088 eV  Charge distance=  0.0012 (partial c.d.=  0.0140)
SCF ITERATION NUMBER  6
     point #   1  energy = -40.000
     point #  20  energy = -29.029
     point #  40  energy =  -9.083
New Fermi level:    mu=  -7.084 eV  Charge distance=  0.0022 (partial c.d.=  0.0114)
SCF ITERATION NUMBER  7
     point #   1  energy = -40.000
     point #  20  energy = -29.028
     point #  40  energy =  -9.079
New Fermi level:    mu=  -7.077 eV  Charge distance=  0.0021 (partial c.d.=  0.0087)
SCF ITERATION NUMBER  8
     point #   1  energy = -40.000
     point #  20  energy = -29.026
     point #  40  energy =  -9.072
New Fermi level:    mu=  -7.069 eV  Charge distance=  0.0001 (partial c.d.=  0.0030)
SCF ITERATION NUMBER  9
     point #   1  energy = -40.000
     point #  20  energy = -29.023
     point #  40  energy =  -9.064
New Fermi level:    mu=  -7.069 eV  Charge distance=  0.0002 (partial c.d.=  0.0001)
Electronic configuration
  type     l     N_el
     0     0    0.638
     0     1    0.644
     0     2    9.445
     0     3    0.000
     1     0    2.247
     1     1    6.214
     1     2    0.380
     1     3    0.000
     2     0    0.637
     2     1    0.623
     2     2    9.464
     2     3    0.000
     3     0    1.858
     3     1    4.531
     3     2    0.077
     3     3    0.000
Charge transfer:  type  charge
       0   -0.272
       1   -0.160
       2   -0.277
       3    0.466
Convergence reached in    9 iterations.
Done with module: potentials.

Calculating screened core-hole potential ...
FMS for a cluster of   11 atoms around iph =   0
    0% of energy integration
   20%
   40%
   60%
   80%
  100%
Preparing response function.
Computing (1 - K Chi0)^-1 v_ch
Done with module: screened core-hole potential.

Calculating cross-section and phases ...
    absorption cross section
 x0,dx,rnrm,inrm,jnrm   8.80000000000000       5.000000000000000E-002
   2.53397511600012              195         196
    phase shifts for unique potential    0
    phase shifts for unique potential    1
    phase shifts for unique potential    2
    phase shifts for unique potential    3
Done with module: cross-section and phases (XSPH).

FMS calculation of full Green's function ...
FEFF-serial using 1 thread.
Using   194 energy points.
xprep done
FMS for a cluster of  138 atoms
Energy point    1/ 194
Energy point   10/ 194
Energy point   20/ 194
Energy point   30/ 194
Energy point   40/ 194
Energy point   50/ 194
Energy point   60/ 194
Energy point   70/ 194
Energy point   80/ 194
Energy point   90/ 194
Energy point  100/ 194
Energy point  110/ 194
Energy point  120/ 194
Energy point  130/ 194
Energy point  140/ 194
Energy point  150/ 194
Energy point  160/ 194
Energy point  170/ 194
Energy point  180/ 194
Energy point  190/ 194
Done with module: FMS.

MKGTR: Tracing over Green's function ...
Done with module: MKGTR.

Pathfinder: finding scattering paths...
Preparing plane wave scattering amplitudes
Searching for paths
Eliminating path degeneracies
0 paths retained.
Done with module: pathfinder.

Calculating EXAFS parameters ...
Done with module: EXAFS parameters (GENFMT).

Calculating XAS spectra ...
Done with module: XAS spectra (FF2X: DW + final sum over paths).

 
### feff ends at Mon Aug 14 04:25:55 EDT 2023
 
