### feff starts at Sun Aug 13 14:46:18 EDT 2023
### Serial version
### FeffPath is /sdcc/u/mcarbone/software/JFEFF/hsw/feff90/linux
 
Launching FEFF version FEFF 9.9.1
Core hole lifetime is   1.729 eV.
Your calculation:
 comment: None given
 Source:
 Structure Summary:  Zn8 Cu16 O32
 Reduced formula:  Zn(CuO2)2
 space group: (Cm), space number:  (8)
 abc:  5.940354   5.940354  19.680244
 angles: 81.180767  81.180767  60.198652
 sites: 56
Cu K edge XANES using RPA corehole.
Using:     * Self-Consistent Field potentials
Using cards:   ATOMS CONTROL EXCHANGE TITLE RPATH POTENTIALS XANES EDGE SCF FMS S02 COREHOLE EGRID

Calculating atomic potentials ...
    overlapped atomic potential and density for unique potential    0
    overlapped atomic potential and density for unique potential    1
    overlapped atomic potential and density for unique potential    2
    overlapped atomic potential and density for unique potential    3
Done with module: atomic potentials.

Calculating SCF potentials ...
FEFF-serial using 1 thread.
Muffin tin radii and interstitial parameters [bohr]:
type, norman radius, muffin tin, overlap factor
    0  1.28747E+00  1.22117E+00  1.14505E+00
    1  1.42567E+00  1.35059E+00  1.14905E+00
    2  1.29107E+00  1.22453E+00  1.14518E+00
    3  1.11142E+00  1.02859E+00  1.15000E+00
Core-valence separation energy:  ecv=   -40.000 eV
Initial Fermi level:              mu=     1.132 eV
SCF ITERATION NUMBER  1
     point #   1  energy = -40.000
FMS for a cluster of  147 atoms around atom type   0
FMS for a cluster of  143 atoms around atom type   1
FMS for a cluster of  142 atoms around atom type   2
FMS for a cluster of  141 atoms around atom type   3
     point #  20  energy = -28.937
     point #  40  energy =  -8.687
     point #  60  energy =  -3.474
     point #  80  energy =  -3.506
New Fermi level:    mu=  -3.510 eV  Charge distance=  0.5109 (partial c.d.= 10.3016)
SCF ITERATION NUMBER  1
     point #   1  energy = -40.000
FMS for a cluster of  147 atoms around atom type   0
FMS for a cluster of  143 atoms around atom type   1
FMS for a cluster of  142 atoms around atom type   2
FMS for a cluster of  141 atoms around atom type   3
     point #  20  energy = -28.850
     point #  40  energy =  -8.578
     point #  60  energy =  -3.510
     point #  80  energy =  -5.088
     point # 100  energy =  -8.973
New Fermi level:    mu=  -9.463 eV  Charge distance=  0.0987 (partial c.d.=  2.3481)
SCF ITERATION NUMBER  1
     point #   1  energy = -40.000
FMS for a cluster of  147 atoms around atom type   0
FMS for a cluster of  143 atoms around atom type   1
FMS for a cluster of  142 atoms around atom type   2
FMS for a cluster of  141 atoms around atom type   3
     point #  20  energy = -28.803
     point #  40  energy =  -9.463
     point #  60  energy =  -9.372
     point #  80  energy =  -7.954
New Fermi level:    mu=  -8.194 eV  Charge distance=  0.1155 (partial c.d.=  0.8860)
SCF ITERATION NUMBER  2
     point #   1  energy = -40.000
     point #  20  energy = -28.714
     point #  40  energy =  -8.194
     point #  60  energy =  -8.235
New Fermi level:    mu=  -8.633 eV  Charge distance=  0.1602 (partial c.d.=  1.0206)
SCF ITERATION NUMBER  3
     point #   1  energy = -40.000
     point #  20  energy = -28.870
     point #  40  energy =  -8.633
     point #  60  energy =  -8.674
New Fermi level:    mu=  -9.008 eV  Charge distance=  0.0882 (partial c.d.=  8.2321)
SCF ITERATION NUMBER  4
     point #   1  energy = -40.000
     point #  20  energy = -29.003
     point #  40  energy =  -9.008
     point #  60  energy =  -8.992
New Fermi level:    mu=  -9.117 eV  Charge distance=  0.1660 (partial c.d.=  1.9130)
SCF ITERATION NUMBER  5
     point #   1  energy = -40.000
     point #  20  energy = -29.041
     point #  40  energy =  -9.117
     point #  60  energy =  -9.076
     point #  80  energy =  -7.832
New Fermi level:    mu=  -7.953 eV  Charge distance=  0.0963 (partial c.d.=  6.3992)
SCF ITERATION NUMBER  6
     point #   1  energy = -40.000
     point #  20  energy = -28.984
     point #  40  energy =  -8.955
     point #  60  energy =  -7.994
     point #  80  energy =  -9.016
New Fermi level:    mu=  -9.027 eV  Charge distance=  0.0154 (partial c.d.=  1.1829)
SCF ITERATION NUMBER  7
     point #   1  energy = -40.000
     point #  20  energy = -29.010
     point #  40  energy =  -9.027
     point #  60  energy =  -8.958
New Fermi level:    mu=  -8.871 eV  Charge distance=  0.0052 (partial c.d.=  0.3284)
SCF ITERATION NUMBER  8
     point #   1  energy = -40.000
     point #  20  energy = -28.954
     point #  40  energy =  -8.871
New Fermi level:    mu=  -8.854 eV  Charge distance=  0.0015 (partial c.d.=  0.0797)
SCF ITERATION NUMBER  9
     point #   1  energy = -40.000
     point #  20  energy = -28.948
     point #  40  energy =  -8.854
New Fermi level:    mu=  -8.862 eV  Charge distance=  0.0049 (partial c.d.=  0.0597)
SCF ITERATION NUMBER 10
     point #   1  energy = -40.000
     point #  20  energy = -28.951
     point #  40  energy =  -8.862
New Fermi level:    mu=  -8.860 eV  Charge distance=  0.0008 (partial c.d.=  0.2249)
SCF ITERATION NUMBER 11
     point #   1  energy = -40.000
     point #  20  energy = -28.950
     point #  40  energy =  -8.860
New Fermi level:    mu=  -8.865 eV  Charge distance=  0.0014 (partial c.d.=  0.0717)
SCF ITERATION NUMBER 12
     point #   1  energy = -40.000
     point #  20  energy = -28.952
     point #  40  energy =  -8.865
New Fermi level:    mu=  -8.859 eV  Charge distance=  0.0005 (partial c.d.=  0.0252)
SCF ITERATION NUMBER 13
     point #   1  energy = -40.000
     point #  20  energy = -28.950
     point #  40  energy =  -8.859
New Fermi level:    mu=  -8.861 eV  Charge distance=  0.0033 (partial c.d.=  0.0073)
SCF ITERATION NUMBER 14
     point #   1  energy = -40.000
     point #  20  energy = -28.951
     point #  40  energy =  -8.861
New Fermi level:    mu=  -8.846 eV  Charge distance=  0.0005 (partial c.d.=  0.0666)
SCF ITERATION NUMBER 15
     point #   1  energy = -40.000
     point #  20  energy = -28.945
     point #  40  energy =  -8.846
New Fermi level:    mu=  -8.849 eV  Charge distance=  0.0002 (partial c.d.=  0.0007)
SCF ITERATION NUMBER 16
     point #   1  energy = -40.000
     point #  20  energy = -28.946
     point #  40  energy =  -8.849
New Fermi level:    mu=  -8.850 eV  Charge distance=  0.0001 (partial c.d.=  0.0056)
SCF ITERATION NUMBER 17
     point #   1  energy = -40.000
     point #  20  energy = -28.947
     point #  40  energy =  -8.850
New Fermi level:    mu=  -8.849 eV  Charge distance=  0.0001 (partial c.d.=  0.0023)
SCF ITERATION NUMBER 18
     point #   1  energy = -40.000
     point #  20  energy = -28.946
     point #  40  energy =  -8.849
New Fermi level:    mu=  -8.849 eV  Charge distance=  0.0002 (partial c.d.=  0.0000)
Electronic configuration
  type     l     N_el
     0     0    0.464
     0     1    0.636
     0     2    9.294
     0     3    0.000
     1     0    0.685
     1     1    0.892
     1     2   10.324
     1     3    0.000
     2     0    0.466
     2     1    0.632
     2     2    9.300
     2     3    0.000
     3     0    1.864
     3     1    4.385
     3     2    0.077
     3     3    0.000
Charge transfer:  type  charge
       0   -0.604
       1   -0.098
       2   -0.602
       3    0.326
Convergence reached in   18 iterations.
Done with module: potentials.

Calculating screened core-hole potential ...
FMS for a cluster of   27 atoms around iph =   0
    0% of energy integration
   20%
   40%
   60%
   80%
  100%
Preparing response function.
Computing (1 - K Chi0)^-1 v_ch
Done with module: screened core-hole potential.

Calculating cross-section and phases ...
    absorption cross section
 x0,dx,rnrm,inrm,jnrm   8.80000000000000       5.000000000000000E-002
   2.43296665000003              194         195
    phase shifts for unique potential    0
    phase shifts for unique potential    1
    phase shifts for unique potential    2
    phase shifts for unique potential    3
Done with module: cross-section and phases (XSPH).

FMS calculation of full Green's function ...
FEFF-serial using 1 thread.
Using   194 energy points.
xprep done
FMS for a cluster of  293 atoms
Energy point    1/ 194
Energy point   10/ 194
Energy point   20/ 194
Energy point   30/ 194
Energy point   40/ 194
Energy point   50/ 194
Energy point   60/ 194
Energy point   70/ 194
Energy point   80/ 194
Energy point   90/ 194
Energy point  100/ 194
Energy point  110/ 194
Energy point  120/ 194
Energy point  130/ 194
Energy point  140/ 194
Energy point  150/ 194
Energy point  160/ 194
Energy point  170/ 194
Energy point  180/ 194
Energy point  190/ 194
Done with module: FMS.

MKGTR: Tracing over Green's function ...
Done with module: MKGTR.

Pathfinder: finding scattering paths...
Preparing plane wave scattering amplitudes
Searching for paths
Eliminating path degeneracies
0 paths retained.
Done with module: pathfinder.

Calculating EXAFS parameters ...
Done with module: EXAFS parameters (GENFMT).

Calculating XAS spectra ...
Done with module: XAS spectra (FF2X: DW + final sum over paths).

 
### feff ends at Sun Aug 13 17:56:49 EDT 2023
 
