### feff starts at Mon Aug 14 01:56:42 EDT 2023
### Serial version
### FeffPath is /sdcc/u/mcarbone/software/JFEFF/hsw/feff90/linux
 
Launching FEFF version FEFF 9.9.1
Resetting lmaxsc to 2 for iph =    2.  Use  UNFREEZE to prevent this.
Core hole lifetime is   1.729 eV.
Your calculation:
 comment: None given
 Source:
 Structure Summary:  Cu8 Pt2 O10
 Reduced formula:  Cu4PtO5
 space group: (P2/m), space number:  (10)
 abc:  2.911170   6.036784  13.234314
 angles: 82.987949  90.000000  90.000000
 sites: 20
Cu K edge XANES using RPA corehole.
Using:     * Self-Consistent Field potentials
Using cards:   ATOMS CONTROL EXCHANGE TITLE RPATH POTENTIALS XANES EDGE SCF FMS S02 COREHOLE EGRID

Calculating atomic potentials ...
    overlapped atomic potential and density for unique potential    0
    overlapped atomic potential and density for unique potential    1
    overlapped atomic potential and density for unique potential    2
    overlapped atomic potential and density for unique potential    3
Done with module: atomic potentials.

Calculating SCF potentials ...
FEFF-serial using 1 thread.
Muffin tin radii and interstitial parameters [bohr]:
type, norman radius, muffin tin, overlap factor
    0  1.34274E+00  1.24944E+00  1.15000E+00
    1  1.34274E+00  1.24944E+00  1.15000E+00
    2  1.46562E+00  1.34124E+00  1.15000E+00
    3  1.10687E+00  1.01408E+00  1.15000E+00
Core-valence separation energy:  ecv=   -40.000 eV
Initial Fermi level:              mu=     2.098 eV
SCF ITERATION NUMBER  1
     point #   1  energy = -40.000
FMS for a cluster of  131 atoms around atom type   0
FMS for a cluster of  128 atoms around atom type   1
FMS for a cluster of  120 atoms around atom type   2
FMS for a cluster of  125 atoms around atom type   3
     point #  20  energy = -28.944
     point #  40  energy =  -8.694
     point #  60  energy =  -1.878
     point #  80  energy =  -2.684
New Fermi level:    mu=  -2.726 eV  Charge distance=  0.2979 (partial c.d.=  8.6991)
SCF ITERATION NUMBER  1
     point #   1  energy = -40.000
FMS for a cluster of  131 atoms around atom type   0
FMS for a cluster of  128 atoms around atom type   1
FMS for a cluster of  120 atoms around atom type   2
FMS for a cluster of  125 atoms around atom type   3
     point #  20  energy = -28.919
     point #  40  energy =  -8.771
     point #  60  energy =  -2.726
     point #  80  energy =  -4.373
     point # 100  energy =  -6.042
New Fermi level:    mu=  -6.119 eV  Charge distance=  0.5969 (partial c.d.=  2.9788)
SCF ITERATION NUMBER  1
     point #   1  energy = -40.000
FMS for a cluster of  131 atoms around atom type   0
FMS for a cluster of  128 atoms around atom type   1
FMS for a cluster of  120 atoms around atom type   2
FMS for a cluster of  125 atoms around atom type   3
     point #  20  energy = -28.706
     point #  40  energy =  -8.172
     point #  60  energy =  -6.106
     point #  80  energy =  -5.897
New Fermi level:    mu=  -5.899 eV  Charge distance=  0.1614 (partial c.d.=  3.0466)
SCF ITERATION NUMBER  2
     point #   1  energy = -40.000
     point #  20  energy = -28.967
     point #  40  energy =  -8.908
     point #  60  energy =  -5.911
     point #  80  energy =  -6.480
New Fermi level:    mu=  -6.521 eV  Charge distance=  0.0506 (partial c.d.=  0.7036)
SCF ITERATION NUMBER  3
     point #   1  energy = -40.000
     point #  20  energy = -28.840
     point #  40  energy =  -8.550
     point #  60  energy =  -6.509
     point #  80  energy =  -6.340
New Fermi level:    mu=  -6.350 eV  Charge distance=  0.0617 (partial c.d.=  0.1393)
SCF ITERATION NUMBER  4
     point #   1  energy = -40.000
     point #  20  energy = -28.783
     point #  40  energy =  -8.389
     point #  60  energy =  -6.362
     point #  80  energy =  -6.825
New Fermi level:    mu=  -6.814 eV  Charge distance=  0.0263 (partial c.d.=  0.1893)
SCF ITERATION NUMBER  5
     point #   1  energy = -40.000
     point #  20  energy = -28.938
     point #  40  energy =  -8.826
     point #  60  energy =  -6.789
New Fermi level:    mu=  -6.732 eV  Charge distance=  0.0090 (partial c.d.=  0.1162)
SCF ITERATION NUMBER  6
     point #   1  energy = -40.000
     point #  20  energy = -28.911
     point #  40  energy =  -8.748
     point #  60  energy =  -6.707
New Fermi level:    mu=  -6.708 eV  Charge distance=  0.0056 (partial c.d.=  0.1000)
SCF ITERATION NUMBER  7
     point #   1  energy = -40.000
     point #  20  energy = -28.903
     point #  40  energy =  -8.726
New Fermi level:    mu=  -6.703 eV  Charge distance=  0.0016 (partial c.d.=  0.0489)
SCF ITERATION NUMBER  8
     point #   1  energy = -40.000
     point #  20  energy = -28.901
     point #  40  energy =  -8.721
     point #  60  energy =  -6.678
New Fermi level:    mu=  -6.686 eV  Charge distance=  0.0033 (partial c.d.=  0.0104)
SCF ITERATION NUMBER  9
     point #   1  energy = -40.000
     point #  20  energy = -28.895
     point #  40  energy =  -8.705
     point #  60  energy =  -6.661
New Fermi level:    mu=  -6.668 eV  Charge distance=  0.0007 (partial c.d.=  0.0132)
SCF ITERATION NUMBER 10
     point #   1  energy = -40.000
     point #  20  energy = -28.889
     point #  40  energy =  -8.688
New Fermi level:    mu=  -6.666 eV  Charge distance=  0.0001 (partial c.d.=  0.0026)
SCF ITERATION NUMBER 11
     point #   1  energy = -40.000
     point #  20  energy = -28.889
     point #  40  energy =  -8.686
New Fermi level:    mu=  -6.666 eV  Charge distance=  0.0001 (partial c.d.=  0.0003)
SCF ITERATION NUMBER 12
     point #   1  energy = -40.000
     point #  20  energy = -28.889
     point #  40  energy =  -8.686
New Fermi level:    mu=  -6.666 eV  Charge distance=  0.0001 (partial c.d.=  0.0001)
Electronic configuration
  type     l     N_el
     0     0    0.555
     0     1    0.627
     0     2    9.521
     0     3    0.000
     1     0    0.555
     1     1    0.627
     1     2    9.521
     1     3    0.000
     2     0    0.689
     2     1    0.702
     2     2    8.116
     2     3    0.000
     3     0    1.874
     3     1    4.366
     3     2    0.097
     3     3    0.000
Charge transfer:  type  charge
       0   -0.297
       1   -0.297
       2   -0.493
       3    0.336
Convergence reached in   12 iterations.
Done with module: potentials.

Calculating screened core-hole potential ...
FMS for a cluster of   25 atoms around iph =   0
    0% of energy integration
   20%
   40%
   60%
   80%
  100%
Preparing response function.
Computing (1 - K Chi0)^-1 v_ch
Done with module: screened core-hole potential.

Calculating cross-section and phases ...
    absorption cross section
 x0,dx,rnrm,inrm,jnrm   8.80000000000000       5.000000000000000E-002
   2.53740520799988              195         196
    phase shifts for unique potential    0
    phase shifts for unique potential    1
    phase shifts for unique potential    2
    phase shifts for unique potential    3
Done with module: cross-section and phases (XSPH).

FMS calculation of full Green's function ...
FEFF-serial using 1 thread.
Using   194 energy points.
xprep done
FMS for a cluster of  271 atoms
Energy point    1/ 194
Energy point   10/ 194
Energy point   20/ 194
Energy point   30/ 194
Energy point   40/ 194
Energy point   50/ 194
Energy point   60/ 194
Energy point   70/ 194
Energy point   80/ 194
Energy point   90/ 194
Energy point  100/ 194
Energy point  110/ 194
Energy point  120/ 194
Energy point  130/ 194
Energy point  140/ 194
Energy point  150/ 194
Energy point  160/ 194
Energy point  170/ 194
Energy point  180/ 194
Energy point  190/ 194
Done with module: FMS.

MKGTR: Tracing over Green's function ...
Done with module: MKGTR.

Pathfinder: finding scattering paths...
Preparing plane wave scattering amplitudes
Searching for paths
Eliminating path degeneracies
0 paths retained.
Done with module: pathfinder.

Calculating EXAFS parameters ...
Done with module: EXAFS parameters (GENFMT).

Calculating XAS spectra ...
Done with module: XAS spectra (FF2X: DW + final sum over paths).

 
### feff ends at Mon Aug 14 04:02:17 EDT 2023
 
