### feff starts at Mon Aug 14 11:22:44 EDT 2023
### Serial version
### FeffPath is /sdcc/u/mcarbone/software/JFEFF/hsw/feff90/linux
 
Launching FEFF version FEFF 9.9.1
Core hole lifetime is   1.729 eV.
Your calculation:
 comment: None given
 Source:
 Structure Summary:  Li7 Cu6 O12
 Reduced formula:  Li7(CuO2)6
 space group: (P-1), space number:  (2)
 abc:  5.212921   6.856722   8.256499
 angles:101.462874 105.416529  99.800490
 sites: 25
Cu K edge XANES using RPA corehole.
Using:     * Self-Consistent Field potentials
Using cards:   ATOMS CONTROL EXCHANGE TITLE RPATH POTENTIALS XANES EDGE SCF FMS S02 COREHOLE EGRID

Calculating atomic potentials ...
    overlapped atomic potential and density for unique potential    0
    overlapped atomic potential and density for unique potential    1
    overlapped atomic potential and density for unique potential    2
    overlapped atomic potential and density for unique potential    3
Done with module: atomic potentials.

Calculating SCF potentials ...
FEFF-serial using 1 thread.
Muffin tin radii and interstitial parameters [bohr]:
type, norman radius, muffin tin, overlap factor
    0  1.25964E+00  1.13629E+00  1.15000E+00
    1  1.28148E+00  1.21300E+00  1.15000E+00
    2  1.26014E+00  1.13903E+00  1.15000E+00
    3  1.11673E+00  1.03541E+00  1.15000E+00
Core-valence separation energy:  ecv=   -40.000 eV
Initial Fermi level:              mu=     0.882 eV
SCF ITERATION NUMBER  1
     point #   1  energy = -40.000
FMS for a cluster of  136 atoms around atom type   0
FMS for a cluster of  132 atoms around atom type   1
FMS for a cluster of  133 atoms around atom type   2
FMS for a cluster of  136 atoms around atom type   3
     point #  20  energy = -28.786
     point #  40  energy =  -8.536
     point #  60  energy =  -3.424
     point #  80  energy =  -3.455
New Fermi level:    mu=  -3.436 eV  Charge distance=  0.5225 (partial c.d.=  7.3283)
SCF ITERATION NUMBER  1
     point #   1  energy = -40.000
FMS for a cluster of  136 atoms around atom type   0
FMS for a cluster of  132 atoms around atom type   1
FMS for a cluster of  133 atoms around atom type   2
FMS for a cluster of  136 atoms around atom type   3
     point #  20  energy = -28.828
     point #  40  energy =  -8.515
     point #  60  energy =  -3.436
     point #  80  energy =  -5.015
     point # 100  energy =  -8.908
New Fermi level:    mu=  -9.101 eV  Charge distance=  0.1142 (partial c.d.=  2.6128)
SCF ITERATION NUMBER  1
     point #   1  energy = -40.000
FMS for a cluster of  136 atoms around atom type   0
FMS for a cluster of  132 atoms around atom type   1
FMS for a cluster of  133 atoms around atom type   2
FMS for a cluster of  136 atoms around atom type   3
     point #  20  energy = -29.036
     point #  40  energy =  -9.101
     point #  60  energy =  -9.061
     point #  80  energy =  -7.836
New Fermi level:    mu=  -7.850 eV  Charge distance=  0.1131 (partial c.d.=  0.9448)
SCF ITERATION NUMBER  2
     point #   1  energy = -40.000
     point #  20  energy = -28.948
     point #  40  energy =  -8.854
     point #  60  energy =  -7.887
New Fermi level:    mu=  -7.887 eV  Charge distance=  0.1561 (partial c.d.=  0.9777)
SCF ITERATION NUMBER  3
     point #   1  energy = -40.000
     point #  20  energy = -28.961
     point #  40  energy =  -8.890
     point #  60  energy =  -7.927
New Fermi level:    mu=  -8.157 eV  Charge distance=  0.0874 (partial c.d.=  2.7346)
SCF ITERATION NUMBER  4
     point #   1  energy = -40.000
     point #  20  energy = -28.701
     point #  40  energy =  -8.157
     point #  60  energy =  -8.207
New Fermi level:    mu=  -8.200 eV  Charge distance=  0.0369 (partial c.d.=  1.1754)
SCF ITERATION NUMBER  5
     point #   1  energy = -40.000
     point #  20  energy = -28.716
     point #  40  energy =  -8.200
     point #  60  energy =  -8.159
New Fermi level:    mu=  -7.900 eV  Charge distance=  0.0653 (partial c.d.=  0.1372)
SCF ITERATION NUMBER  6
     point #   1  energy = -40.000
     point #  20  energy = -28.966
     point #  40  energy =  -8.903
New Fermi level:    mu=  -7.920 eV  Charge distance=  0.0166 (partial c.d.=  1.1199)
SCF ITERATION NUMBER  7
     point #   1  energy = -40.000
     point #  20  energy = -28.973
     point #  40  energy =  -8.923
     point #  60  energy =  -7.958
New Fermi level:    mu=  -8.012 eV  Charge distance=  0.0092 (partial c.d.=  0.5962)
SCF ITERATION NUMBER  8
     point #   1  energy = -40.000
     point #  20  energy = -29.004
     point #  40  energy =  -9.012
New Fermi level:    mu=  -7.988 eV  Charge distance=  0.0039 (partial c.d.=  0.3199)
SCF ITERATION NUMBER  9
     point #   1  energy = -40.000
     point #  20  energy = -28.996
     point #  40  energy =  -8.989
New Fermi level:    mu=  -7.986 eV  Charge distance=  0.0044 (partial c.d.=  0.0157)
SCF ITERATION NUMBER 10
     point #   1  energy = -40.000
     point #  20  energy = -28.995
     point #  40  energy =  -8.987
New Fermi level:    mu=  -7.983 eV  Charge distance=  0.0052 (partial c.d.=  0.0153)
SCF ITERATION NUMBER 11
     point #   1  energy = -40.000
     point #  20  energy = -28.994
     point #  40  energy =  -8.983
New Fermi level:    mu=  -7.975 eV  Charge distance=  0.0003 (partial c.d.=  0.0016)
SCF ITERATION NUMBER 12
     point #   1  energy = -40.000
     point #  20  energy = -28.991
     point #  40  energy =  -8.976
New Fermi level:    mu=  -7.972 eV  Charge distance=  0.0001 (partial c.d.=  0.0040)
SCF ITERATION NUMBER 13
     point #   1  energy = -40.000
     point #  20  energy = -28.990
     point #  40  energy =  -8.973
New Fermi level:    mu=  -7.971 eV  Charge distance=  0.0003 (partial c.d.=  0.0009)
SCF ITERATION NUMBER 14
     point #   1  energy = -40.000
     point #  20  energy = -28.990
     point #  40  energy =  -8.972
New Fermi level:    mu=  -7.970 eV  Charge distance=  0.0000 (partial c.d.=  0.0016)
SCF ITERATION NUMBER 15
     point #   1  energy = -40.000
     point #  20  energy = -28.990
     point #  40  energy =  -8.971
New Fermi level:    mu=  -7.971 eV  Charge distance=  0.0002 (partial c.d.=  0.0001)
Electronic configuration
  type     l     N_el
     0     0    0.526
     0     1    0.640
     0     2    9.293
     0     3    0.000
     1     0    0.275
     1     1    0.583
     1     2    0.000
     1     3    0.000
     2     0    0.523
     2     1    0.636
     2     2    9.308
     2     3    0.000
     3     0    1.867
     3     1    4.411
     3     2    0.072
     3     3    0.000
Charge transfer:  type  charge
       0   -0.540
       1   -0.142
       2   -0.534
       3    0.350
Convergence reached in   15 iterations.
Done with module: potentials.

Calculating screened core-hole potential ...
FMS for a cluster of   25 atoms around iph =   0
    0% of energy integration
   20%
   40%
   60%
   80%
  100%
Preparing response function.
Computing (1 - K Chi0)^-1 v_ch
Done with module: screened core-hole potential.

Calculating cross-section and phases ...
    absorption cross section
 x0,dx,rnrm,inrm,jnrm   8.80000000000000       5.000000000000000E-002
   2.38038201899991              194         195
    phase shifts for unique potential    0
    phase shifts for unique potential    1
    phase shifts for unique potential    2
    phase shifts for unique potential    3
Done with module: cross-section and phases (XSPH).

FMS calculation of full Green's function ...
FEFF-serial using 1 thread.
Using   194 energy points.
xprep done
FMS for a cluster of  278 atoms
Energy point    1/ 194
Energy point   10/ 194
Energy point   20/ 194
Energy point   30/ 194
Energy point   40/ 194
Energy point   50/ 194
Energy point   60/ 194
Energy point   70/ 194
Energy point   80/ 194
Energy point   90/ 194
Energy point  100/ 194
Energy point  110/ 194
Energy point  120/ 194
Energy point  130/ 194
Energy point  140/ 194
Energy point  150/ 194
Energy point  160/ 194
Energy point  170/ 194
Energy point  180/ 194
Energy point  190/ 194
Done with module: FMS.

MKGTR: Tracing over Green's function ...
Done with module: MKGTR.

Pathfinder: finding scattering paths...
Preparing plane wave scattering amplitudes
Searching for paths
Eliminating path degeneracies
0 paths retained.
Done with module: pathfinder.

Calculating EXAFS parameters ...
Done with module: EXAFS parameters (GENFMT).

Calculating XAS spectra ...
Done with module: XAS spectra (FF2X: DW + final sum over paths).

 
### feff ends at Mon Aug 14 13:15:51 EDT 2023
 
