### feff starts at Sun Aug 13 12:30:06 EDT 2023
### Serial version
### FeffPath is /sdcc/u/mcarbone/software/JFEFF/hsw/feff90/linux
 
Launching FEFF version FEFF 9.9.1
Resetting lmaxsc to 2 for iph =    3.  Use  UNFREEZE to prevent this.
Core hole lifetime is   1.729 eV.
Your calculation:
 comment: None given
 Source:
 Structure Summary:  Cu2 As2 Pb1 O10
 Reduced formula:  Cu2As2PbO10
 space group: (C2/m), space number:  (12)
 abc:  5.579111   5.579111   8.164746
 angles: 66.020374  66.020374  66.517126
 sites: 15
Cu K edge XANES using RPA corehole.
Using:     * Self-Consistent Field potentials
Using cards:   ATOMS CONTROL EXCHANGE TITLE RPATH POTENTIALS XANES EDGE SCF FMS S02 COREHOLE EGRID

Calculating atomic potentials ...
    overlapped atomic potential and density for unique potential    0
    overlapped atomic potential and density for unique potential    1
    overlapped atomic potential and density for unique potential    2
    overlapped atomic potential and density for unique potential    3
    overlapped atomic potential and density for unique potential    4
Done with module: atomic potentials.

Calculating SCF potentials ...
FEFF-serial using 1 thread.
Muffin tin radii and interstitial parameters [bohr]:
type, norman radius, muffin tin, overlap factor
    0  1.26714E+00  1.13702E+00  1.15000E+00
    1  1.26714E+00  1.13703E+00  1.15000E+00
    2  1.29012E+00  1.05973E+00  1.15000E+00
    3  1.84047E+00  1.77589E+00  1.09272E+00
    4  1.12983E+00  9.83757E-01  1.15000E+00
Core-valence separation energy:  ecv=   -31.000 eV
Initial Fermi level:              mu=     4.466 eV
SCF ITERATION NUMBER  1
     point #   1  energy = -31.000
FMS for a cluster of   99 atoms around atom type   0
FMS for a cluster of   96 atoms around atom type   1
FMS for a cluster of  101 atoms around atom type   2
FMS for a cluster of   93 atoms around atom type   3
FMS for a cluster of  103 atoms around atom type   4
     point #  20  energy = -19.856
     point #  40  energy =  -4.772
     point #  60  energy =  -3.547
New Fermi level:    mu=  -3.689 eV  Charge distance=  0.8310 (partial c.d.= 10.2903)
SCF ITERATION NUMBER  1
     point #   1  energy = -31.000
FMS for a cluster of   99 atoms around atom type   0
FMS for a cluster of   96 atoms around atom type   1
FMS for a cluster of  101 atoms around atom type   2
FMS for a cluster of   93 atoms around atom type   3
FMS for a cluster of  103 atoms around atom type   4
     point #  20  energy = -19.873
     point #  40  energy =  -3.689
     point #  60  energy =  -3.858
     point #  80  energy =  -7.223
     point # 100  energy =  -8.348
New Fermi level:    mu=  -8.394 eV  Charge distance=  0.2647 (partial c.d.=  4.3308)
SCF ITERATION NUMBER  1
     point #   1  energy = -31.000
FMS for a cluster of   99 atoms around atom type   0
FMS for a cluster of   96 atoms around atom type   1
FMS for a cluster of  101 atoms around atom type   2
FMS for a cluster of   93 atoms around atom type   3
FMS for a cluster of  103 atoms around atom type   4
     point #  20  energy = -19.697
     point #  40  energy =  -8.394
     point #  60  energy =  -7.756
New Fermi level:    mu=  -7.274 eV  Charge distance=  0.1268 (partial c.d.=  0.7149)
SCF ITERATION NUMBER  2
     point #   1  energy = -31.000
     point #  20  energy = -19.653
     point #  40  energy =  -7.274
     point #  60  energy =  -6.833
New Fermi level:    mu=  -6.813 eV  Charge distance=  0.3586 (partial c.d.=  0.2531)
SCF ITERATION NUMBER  3
     point #   1  energy = -31.000
     point #  20  energy = -19.914
     point #  40  energy =  -6.813
     point #  60  energy =  -7.203
New Fermi level:    mu=  -7.275 eV  Charge distance=  0.0816 (partial c.d.=  0.3874)
SCF ITERATION NUMBER  4
     point #   1  energy = -31.000
     point #  20  energy = -19.653
     point #  40  energy =  -7.275
     point #  60  energy =  -6.834
New Fermi level:    mu=  -6.817 eV  Charge distance=  0.0364 (partial c.d.=  0.4560)
SCF ITERATION NUMBER  5
     point #   1  energy = -31.000
     point #  20  energy = -19.916
     point #  40  energy =  -6.817
     point #  60  energy =  -6.955
New Fermi level:    mu=  -7.015 eV  Charge distance=  0.0076 (partial c.d.=  0.1564)
SCF ITERATION NUMBER  6
     point #   1  energy = -31.000
     point #  20  energy = -20.007
     point #  40  energy =  -7.015
New Fermi level:    mu=  -7.016 eV  Charge distance=  0.0094 (partial c.d.=  0.0188)
SCF ITERATION NUMBER  7
     point #   1  energy = -31.000
     point #  20  energy = -20.007
     point #  40  energy =  -7.016
New Fermi level:    mu=  -7.033 eV  Charge distance=  0.0049 (partial c.d.=  0.0376)
SCF ITERATION NUMBER  8
     point #   1  energy = -31.000
     point #  20  energy = -20.015
     point #  40  energy =  -7.033
New Fermi level:    mu=  -7.027 eV  Charge distance=  0.0012 (partial c.d.=  0.0367)
SCF ITERATION NUMBER  9
     point #   1  energy = -31.000
     point #  20  energy = -20.012
     point #  40  energy =  -7.027
New Fermi level:    mu=  -7.021 eV  Charge distance=  0.0026 (partial c.d.=  0.0075)
SCF ITERATION NUMBER 10
     point #   1  energy = -31.000
     point #  20  energy = -20.010
     point #  40  energy =  -7.021
New Fermi level:    mu=  -7.012 eV  Charge distance=  0.0014 (partial c.d.=  0.0027)
SCF ITERATION NUMBER 11
     point #   1  energy = -31.000
     point #  20  energy = -20.005
     point #  40  energy =  -7.012
New Fermi level:    mu=  -7.008 eV  Charge distance=  0.0001 (partial c.d.=  0.0012)
SCF ITERATION NUMBER 12
     point #   1  energy = -31.000
     point #  20  energy = -20.003
     point #  40  energy =  -7.008
New Fermi level:    mu=  -7.008 eV  Charge distance=  0.0004 (partial c.d.=  0.0001)
Electronic configuration
  type     l     N_el
     0     0    0.517
     0     1    0.692
     0     2    9.252
     0     3    0.000
     1     0    0.517
     1     1    0.692
     1     2    9.253
     1     3    0.000
     2     0    1.380
     2     1    2.004
     2     2    0.741
     2     3    0.000
     3     0    1.920
     3     1    0.997
     3     2   10.320
     3     3    0.000
     4     0    1.865
     4     1    4.408
     4     2    0.087
     4     3    0.000
Charge transfer:  type  charge
       0   -0.539
       1   -0.538
       2   -0.876
       3   -0.763
       4    0.360
Convergence reached in   12 iterations.
Done with module: potentials.

Calculating screened core-hole potential ...
FMS for a cluster of   21 atoms around iph =   0
    0% of energy integration
   20%
   40%
   60%
   80%
  100%
Preparing response function.
Computing (1 - K Chi0)^-1 v_ch
Done with module: screened core-hole potential.

Calculating cross-section and phases ...
    absorption cross section
 x0,dx,rnrm,inrm,jnrm   8.80000000000000       5.000000000000000E-002
   2.39454455599984              194         195
    phase shifts for unique potential    0
    phase shifts for unique potential    1
    phase shifts for unique potential    2
    phase shifts for unique potential    3
    phase shifts for unique potential    4
Done with module: cross-section and phases (XSPH).

FMS calculation of full Green's function ...
FEFF-serial using 1 thread.
Using   194 energy points.
xprep done
FMS for a cluster of  223 atoms
Energy point    1/ 194
Energy point   10/ 194
Energy point   20/ 194
Energy point   30/ 194
Energy point   40/ 194
Energy point   50/ 194
Energy point   60/ 194
Energy point   70/ 194
Energy point   80/ 194
Energy point   90/ 194
Energy point  100/ 194
Energy point  110/ 194
Energy point  120/ 194
Energy point  130/ 194
Energy point  140/ 194
Energy point  150/ 194
Energy point  160/ 194
Energy point  170/ 194
Energy point  180/ 194
Energy point  190/ 194
Done with module: FMS.

MKGTR: Tracing over Green's function ...
Done with module: MKGTR.

Pathfinder: finding scattering paths...
Preparing plane wave scattering amplitudes
Searching for paths
Eliminating path degeneracies
0 paths retained.
Done with module: pathfinder.

Calculating EXAFS parameters ...
Done with module: EXAFS parameters (GENFMT).

Calculating XAS spectra ...
Done with module: XAS spectra (FF2X: DW + final sum over paths).

 
### feff ends at Sun Aug 13 13:44:57 EDT 2023
 
