### feff starts at Mon Aug 14 06:40:38 EDT 2023
### Serial version
### FeffPath is /sdcc/u/mcarbone/software/JFEFF/hsw/feff90/linux
 
Launching FEFF version FEFF 9.9.1
Core hole lifetime is   1.729 eV.
Your calculation:
 comment: None given
 Source:
 Structure Summary:  Cu4 Sn4 O24
 Reduced formula:  CuSnO6
 space group: (P1), space number:  (1)
 abc:  8.238152   8.110377   6.400892
 angles: 89.988887  89.917071  90.440833
 sites: 32
Cu K edge XANES using RPA corehole.
Using:     * Self-Consistent Field potentials
Using cards:   ATOMS CONTROL EXCHANGE TITLE RPATH POTENTIALS XANES EDGE SCF FMS S02 COREHOLE EGRID

Calculating atomic potentials ...
    overlapped atomic potential and density for unique potential    0
    overlapped atomic potential and density for unique potential    1
    overlapped atomic potential and density for unique potential    2
    overlapped atomic potential and density for unique potential    3
Done with module: atomic potentials.

Calculating SCF potentials ...
FEFF-serial using 1 thread.
Muffin tin radii and interstitial parameters [bohr]:
type, norman radius, muffin tin, overlap factor
    0  1.30448E+00  1.17010E+00  1.15000E+00
    1  1.30459E+00  1.17118E+00  1.15000E+00
    2  1.53062E+00  1.38030E+00  1.15000E+00
    3  1.10949E+00  9.46782E-01  1.15000E+00
Core-valence separation energy:  ecv=   -40.000 eV
Initial Fermi level:              mu=     3.297 eV
SCF ITERATION NUMBER  1
     point #   1  energy = -40.000
FMS for a cluster of  107 atoms around atom type   0
FMS for a cluster of   81 atoms around atom type   1
FMS for a cluster of  103 atoms around atom type   2
FMS for a cluster of  108 atoms around atom type   3
     point #  20  energy = -28.907
     point #  40  energy =  -8.657
     point #  60  energy =  -5.020
     point #  80  energy =  -3.985
New Fermi level:    mu=  -3.973 eV  Charge distance=  1.1558 (partial c.d.= 10.6511)
SCF ITERATION NUMBER  1
     point #   1  energy = -40.000
FMS for a cluster of  107 atoms around atom type   0
FMS for a cluster of   81 atoms around atom type   1
FMS for a cluster of  103 atoms around atom type   2
FMS for a cluster of  108 atoms around atom type   3
     point #  20  energy = -28.992
     point #  40  energy =  -8.977
     point #  60  energy =  -3.973
     point #  80  energy =  -5.551
     point # 100  energy =  -8.489
     point # 120  energy =  -8.904
New Fermi level:    mu=  -8.960 eV  Charge distance=  0.3584 (partial c.d.=  5.9981)
SCF ITERATION NUMBER  1
     point #   1  energy = -40.000
FMS for a cluster of  107 atoms around atom type   0
FMS for a cluster of   81 atoms around atom type   1
FMS for a cluster of  103 atoms around atom type   2
FMS for a cluster of  108 atoms around atom type   3
     point #  20  energy = -28.986
     point #  40  energy =  -8.960
     point #  60  energy =  -8.916
     point #  80  energy =  -9.154
New Fermi level:    mu=  -9.177 eV  Charge distance=  0.1709 (partial c.d.=  0.3548)
SCF ITERATION NUMBER  2
     point #   1  energy = -40.000
     point #  20  energy = -28.698
     point #  40  energy =  -9.177
     point #  60  energy =  -9.087
     point #  80  energy =  -8.065
New Fermi level:    mu=  -8.289 eV  Charge distance=  0.1825 (partial c.d.=  0.9595)
SCF ITERATION NUMBER  3
     point #   1  energy = -40.000
     point #  20  energy = -28.748
     point #  40  energy =  -8.289
     point #  60  energy =  -8.330
     point #  80  energy =  -8.858
New Fermi level:    mu=  -8.982 eV  Charge distance=  0.2294 (partial c.d.=  0.9145)
SCF ITERATION NUMBER  4
     point #   1  energy = -40.000
     point #  20  energy = -28.994
     point #  40  energy =  -8.982
     point #  60  energy =  -8.942
     point #  80  energy =  -8.479
New Fermi level:    mu=  -8.651 eV  Charge distance=  0.0382 (partial c.d.=  0.4279)
SCF ITERATION NUMBER  5
     point #   1  energy = -40.000
     point #  20  energy = -28.876
     point #  40  energy =  -8.651
     point #  60  energy =  -8.601
New Fermi level:    mu=  -8.545 eV  Charge distance=  0.0156 (partial c.d.=  0.2516)
SCF ITERATION NUMBER  6
     point #   1  energy = -40.000
     point #  20  energy = -28.839
     point #  40  energy =  -8.545
     point #  60  energy =  -8.595
New Fermi level:    mu=  -8.623 eV  Charge distance=  0.0116 (partial c.d.=  0.1235)
SCF ITERATION NUMBER  7
     point #   1  energy = -40.000
     point #  20  energy = -28.866
     point #  40  energy =  -8.623
New Fermi level:    mu=  -8.641 eV  Charge distance=  0.0084 (partial c.d.=  0.0483)
SCF ITERATION NUMBER  8
     point #   1  energy = -40.000
     point #  20  energy = -28.873
     point #  40  energy =  -8.641
New Fermi level:    mu=  -8.636 eV  Charge distance=  0.0075 (partial c.d.=  0.0417)
SCF ITERATION NUMBER  9
     point #   1  energy = -40.000
     point #  20  energy = -28.871
     point #  40  energy =  -8.636
New Fermi level:    mu=  -8.642 eV  Charge distance=  0.0072 (partial c.d.=  0.0144)
SCF ITERATION NUMBER 10
     point #   1  energy = -40.000
     point #  20  energy = -28.873
     point #  40  energy =  -8.642
New Fermi level:    mu=  -8.636 eV  Charge distance=  0.0015 (partial c.d.=  0.0055)
SCF ITERATION NUMBER 11
     point #   1  energy = -40.000
     point #  20  energy = -28.871
     point #  40  energy =  -8.636
New Fermi level:    mu=  -8.629 eV  Charge distance=  0.0004 (partial c.d.=  0.0074)
SCF ITERATION NUMBER 12
     point #   1  energy = -40.000
     point #  20  energy = -28.868
     point #  40  energy =  -8.629
New Fermi level:    mu=  -8.628 eV  Charge distance=  0.0001 (partial c.d.=  0.0017)
SCF ITERATION NUMBER 13
     point #   1  energy = -40.000
     point #  20  energy = -28.868
     point #  40  energy =  -8.628
New Fermi level:    mu=  -8.628 eV  Charge distance=  0.0001 (partial c.d.=  0.0003)
SCF ITERATION NUMBER 14
     point #   1  energy = -40.000
     point #  20  energy = -28.868
     point #  40  energy =  -8.628
New Fermi level:    mu=  -8.628 eV  Charge distance=  0.0001 (partial c.d.=  0.0001)
Electronic configuration
  type     l     N_el
     0     0    0.497
     0     1    0.622
     0     2    9.239
     0     3    0.000
     1     0    0.497
     1     1    0.621
     1     2    9.233
     1     3    0.000
     2     0    1.198
     2     1    1.397
     2     2   10.537
     2     3    0.000
     3     0    1.863
     3     1    4.319
     3     2    0.071
     3     3    0.000
Charge transfer:  type  charge
       0   -0.642
       1   -0.650
       2   -0.868
       3    0.253
Convergence reached in   14 iterations.
Done with module: potentials.

Calculating screened core-hole potential ...
FMS for a cluster of   17 atoms around iph =   0
    0% of energy integration
   20%
   40%
   60%
   80%
  100%
Preparing response function.
Computing (1 - K Chi0)^-1 v_ch
Done with module: screened core-hole potential.

Calculating cross-section and phases ...
    absorption cross section
 x0,dx,rnrm,inrm,jnrm   8.80000000000000       5.000000000000000E-002
   2.46511274300001              195         196
    phase shifts for unique potential    0
    phase shifts for unique potential    1
    phase shifts for unique potential    2
    phase shifts for unique potential    3
Done with module: cross-section and phases (XSPH).

FMS calculation of full Green's function ...
FEFF-serial using 1 thread.
Using   194 energy points.
xprep done
FMS for a cluster of  233 atoms
Energy point    1/ 194
Energy point   10/ 194
Energy point   20/ 194
Energy point   30/ 194
Energy point   40/ 194
Energy point   50/ 194
Energy point   60/ 194
Energy point   70/ 194
Energy point   80/ 194
Energy point   90/ 194
Energy point  100/ 194
Energy point  110/ 194
Energy point  120/ 194
Energy point  130/ 194
Energy point  140/ 194
Energy point  150/ 194
Energy point  160/ 194
Energy point  170/ 194
Energy point  180/ 194
Energy point  190/ 194
Done with module: FMS.

MKGTR: Tracing over Green's function ...
Done with module: MKGTR.

Pathfinder: finding scattering paths...
Preparing plane wave scattering amplitudes
Searching for paths
Eliminating path degeneracies
0 paths retained.
Done with module: pathfinder.

Calculating EXAFS parameters ...
Done with module: EXAFS parameters (GENFMT).

Calculating XAS spectra ...
Done with module: XAS spectra (FF2X: DW + final sum over paths).

 
### feff ends at Mon Aug 14 08:02:49 EDT 2023
 
