### feff starts at Sun Aug 13 09:26:11 EDT 2023
### Serial version
### FeffPath is /sdcc/u/mcarbone/software/JFEFF/hsw/feff90/linux
 
Launching FEFF version FEFF 9.9.1
Core hole lifetime is   1.729 eV.
Your calculation:
 comment: None given
 Source:
 Structure Summary:  Cu12 H16 S4 O32
 Reduced formula:  Cu3H4SO8
 space group: (Pnma), space number:  (62)
 abc:  6.135672   8.345390  12.299611
 angles: 90.000000  90.000000  90.000000
 sites: 64
Cu K edge XANES using RPA corehole.
Using:     * Self-Consistent Field potentials
Using cards:   ATOMS CONTROL EXCHANGE TITLE RPATH POTENTIALS XANES EDGE SCF FMS S02 COREHOLE EGRID

Calculating atomic potentials ...
    overlapped atomic potential and density for unique potential    0
    overlapped atomic potential and density for unique potential    1
    overlapped atomic potential and density for unique potential    2
    overlapped atomic potential and density for unique potential    3
    overlapped atomic potential and density for unique potential    4
Done with module: atomic potentials.

Calculating SCF potentials ...
FEFF-serial using 1 thread.
Muffin tin radii and interstitial parameters [bohr]:
type, norman radius, muffin tin, overlap factor
    0  1.35217E+00  1.23613E+00  1.15000E+00
    1  1.35217E+00  1.23613E+00  1.15000E+00
    2  9.99437E-01  8.72375E-01  1.15000E+00
    3  1.10839E+00  8.44834E-01  1.15000E+00
    4  1.15051E+00  1.02775E+00  1.15000E+00
Core-valence separation energy:  ecv=   -40.000 eV
Initial Fermi level:              mu=     4.072 eV
SCF ITERATION NUMBER  1
     point #   1  energy = -40.000
FMS for a cluster of  149 atoms around atom type   0
FMS for a cluster of  141 atoms around atom type   1
FMS for a cluster of  135 atoms around atom type   2
FMS for a cluster of  134 atoms around atom type   3
FMS for a cluster of  147 atoms around atom type   4
     point #  20  energy = -28.949
     point #  40  energy =  -8.699
     point #  60  energy =  -3.193
     point #  80  energy =  -3.471
New Fermi level:    mu=  -3.507 eV  Charge distance=  0.6452 (partial c.d.=  6.7645)
negative density   2   -6.632 - usually harmless precision error, but check DOS if it persists
SCF ITERATION NUMBER  1
     point #   1  energy = -40.000
FMS for a cluster of  149 atoms around atom type   0
FMS for a cluster of  141 atoms around atom type   1
FMS for a cluster of  135 atoms around atom type   2
FMS for a cluster of  134 atoms around atom type   3
FMS for a cluster of  147 atoms around atom type   4
     point #  20  energy = -28.849
     point #  40  energy =  -8.576
     point #  60  energy =  -3.507
     point #  80  energy =  -5.407
     point # 100  energy =  -7.523
     point # 120  energy =  -7.842
New Fermi level:    mu=  -7.952 eV  Charge distance=  0.2262 (partial c.d.=  3.4444)
SCF ITERATION NUMBER  1
     point #   1  energy = -40.000
FMS for a cluster of  149 atoms around atom type   0
FMS for a cluster of  141 atoms around atom type   1
FMS for a cluster of  135 atoms around atom type   2
FMS for a cluster of  134 atoms around atom type   3
FMS for a cluster of  147 atoms around atom type   4
     point #  20  energy = -28.984
     point #  40  energy =  -8.954
     point #  60  energy =  -7.912
     point #  80  energy =  -6.590
New Fermi level:    mu=  -6.905 eV  Charge distance=  0.1335 (partial c.d.=  0.3628)
SCF ITERATION NUMBER  2
     point #   1  energy = -40.000
     point #  20  energy = -28.968
     point #  40  energy =  -8.911
     point #  60  energy =  -6.893
     point #  80  energy =  -5.943
New Fermi level:    mu=  -6.082 eV  Charge distance=  0.1729 (partial c.d.=  0.3790)
SCF ITERATION NUMBER  3
     point #   1  energy = -40.000
     point #  20  energy = -28.694
     point #  40  energy =  -8.137
     point #  60  energy =  -6.094
     point #  80  energy =  -6.669
New Fermi level:    mu=  -6.687 eV  Charge distance=  0.2210 (partial c.d.=  0.3171)
SCF ITERATION NUMBER  4
     point #   1  energy = -40.000
     point #  20  energy = -28.896
     point #  40  energy =  -8.706
     point #  60  energy =  -6.675
     point #  80  energy =  -6.347
New Fermi level:    mu=  -6.342 eV  Charge distance=  0.0137 (partial c.d.=  0.2366)
SCF ITERATION NUMBER  5
     point #   1  energy = -40.000
     point #  20  energy = -28.781
     point #  40  energy =  -8.382
     point #  60  energy =  -6.367
New Fermi level:    mu=  -6.430 eV  Charge distance=  0.0186 (partial c.d.=  0.3975)
SCF ITERATION NUMBER  6
     point #   1  energy = -40.000
     point #  20  energy = -28.810
     point #  40  energy =  -8.465
     point #  60  energy =  -6.405
New Fermi level:    mu=  -6.404 eV  Charge distance=  0.0123 (partial c.d.=  0.4736)
SCF ITERATION NUMBER  7
     point #   1  energy = -40.000
     point #  20  energy = -28.801
     point #  40  energy =  -8.440
     point #  60  energy =  -6.429
New Fermi level:    mu=  -6.421 eV  Charge distance=  0.0171 (partial c.d.=  0.0549)
SCF ITERATION NUMBER  8
     point #   1  energy = -40.000
     point #  20  energy = -28.807
     point #  40  energy =  -8.456
     point #  60  energy =  -6.396
New Fermi level:    mu=  -6.403 eV  Charge distance=  0.0066 (partial c.d.=  0.0453)
SCF ITERATION NUMBER  9
     point #   1  energy = -40.000
     point #  20  energy = -28.801
     point #  40  energy =  -8.439
New Fermi level:    mu=  -6.409 eV  Charge distance=  0.0028 (partial c.d.=  0.0546)
SCF ITERATION NUMBER 10
     point #   1  energy = -40.000
     point #  20  energy = -28.803
     point #  40  energy =  -8.445
New Fermi level:    mu=  -6.405 eV  Charge distance=  0.0008 (partial c.d.=  0.0298)
SCF ITERATION NUMBER 11
     point #   1  energy = -40.000
     point #  20  energy = -28.802
     point #  40  energy =  -8.441
New Fermi level:    mu=  -6.401 eV  Charge distance=  0.0021 (partial c.d.=  0.0025)
SCF ITERATION NUMBER 12
     point #   1  energy = -40.000
     point #  20  energy = -28.800
     point #  40  energy =  -8.437
New Fermi level:    mu=  -6.397 eV  Charge distance=  0.0004 (partial c.d.=  0.0056)
SCF ITERATION NUMBER 13
     point #   1  energy = -40.000
     point #  20  energy = -28.799
     point #  40  energy =  -8.433
New Fermi level:    mu=  -6.395 eV  Charge distance=  0.0002 (partial c.d.=  0.0008)
SCF ITERATION NUMBER 14
     point #   1  energy = -40.000
     point #  20  energy = -28.798
     point #  40  energy =  -8.432
New Fermi level:    mu=  -6.396 eV  Charge distance=  0.0001 (partial c.d.=  0.0004)
SCF ITERATION NUMBER 15
     point #   1  energy = -40.000
     point #  20  energy = -28.799
     point #  40  energy =  -8.433
New Fermi level:    mu=  -6.397 eV  Charge distance=  0.0000 (partial c.d.=  0.0008)
SCF ITERATION NUMBER 16
     point #   1  energy = -40.000
     point #  20  energy = -28.799
     point #  40  energy =  -8.433
New Fermi level:    mu=  -6.397 eV  Charge distance=  0.0001 (partial c.d.=  0.0001)
Electronic configuration
  type     l     N_el
     0     0    0.502
     0     1    0.612
     0     2    9.560
     0     3    0.000
     1     0    0.502
     1     1    0.612
     1     2    9.559
     1     3    0.000
     2     0    0.696
     2     1    0.163
     2     2    0.000
     2     3    0.000
     3     0    1.434
     3     1    2.522
     3     2    1.095
     3     3    0.000
     4     0    1.900
     4     1    4.337
     4     2    0.075
     4     3    0.000
Charge transfer:  type  charge
       0   -0.326
       1   -0.327
       2   -0.141
       3   -0.949
       4    0.312
Convergence reached in   16 iterations.
Done with module: potentials.

Calculating screened core-hole potential ...
FMS for a cluster of   29 atoms around iph =   0
    0% of energy integration
   20%
   40%
   60%
   80%
  100%
Preparing response function.
Computing (1 - K Chi0)^-1 v_ch
Done with module: screened core-hole potential.

Calculating cross-section and phases ...
    absorption cross section
 x0,dx,rnrm,inrm,jnrm   8.80000000000000       5.000000000000000E-002
   2.55522662100005              195         196
    phase shifts for unique potential    0
    phase shifts for unique potential    1
    phase shifts for unique potential    2
    phase shifts for unique potential    3
    phase shifts for unique potential    4
Done with module: cross-section and phases (XSPH).

FMS calculation of full Green's function ...
FEFF-serial using 1 thread.
Using   194 energy points.
xprep done
FMS for a cluster of  308 atoms
Energy point    1/ 194
Energy point   10/ 194
Energy point   20/ 194
Energy point   30/ 194
Energy point   40/ 194
Energy point   50/ 194
Energy point   60/ 194
Energy point   70/ 194
Energy point   80/ 194
Energy point   90/ 194
Energy point  100/ 194
Energy point  110/ 194
Energy point  120/ 194
Energy point  130/ 194
Energy point  140/ 194
Energy point  150/ 194
Energy point  160/ 194
Energy point  170/ 194
Energy point  180/ 194
Energy point  190/ 194
Done with module: FMS.

MKGTR: Tracing over Green's function ...
Done with module: MKGTR.

Pathfinder: finding scattering paths...
Preparing plane wave scattering amplitudes
Searching for paths
Eliminating path degeneracies
0 paths retained.
Done with module: pathfinder.

Calculating EXAFS parameters ...
Done with module: EXAFS parameters (GENFMT).

Calculating XAS spectra ...
Done with module: XAS spectra (FF2X: DW + final sum over paths).

 
### feff ends at Sun Aug 13 12:02:16 EDT 2023
 
