### feff starts at Sun Aug 13 12:45:28 EDT 2023
### Serial version
### FeffPath is /sdcc/u/mcarbone/software/JFEFF/hsw/feff90/linux
 
Launching FEFF version FEFF 9.9.1
Core hole lifetime is   1.729 eV.
Your calculation:
 comment: None given
 Source:
 Structure Summary:  Cu10 Se8 Cl4 O24
 Reduced formula:  Cu5Se4(ClO6)2
 space group: (P2_1/c), space number:  (14)
 abc:  8.449567   7.613989  11.046402
 angles: 89.211754  90.000000  90.000000
 sites: 46
Cu K edge XANES using RPA corehole.
Using:     * Self-Consistent Field potentials
Using cards:   ATOMS CONTROL EXCHANGE TITLE RPATH POTENTIALS XANES EDGE SCF FMS S02 COREHOLE EGRID

Calculating atomic potentials ...
    overlapped atomic potential and density for unique potential    0
    overlapped atomic potential and density for unique potential    1
    overlapped atomic potential and density for unique potential    2
    overlapped atomic potential and density for unique potential    3
    overlapped atomic potential and density for unique potential    4
Done with module: atomic potentials.

Calculating SCF potentials ...
FEFF-serial using 1 thread.
Muffin tin radii and interstitial parameters [bohr]:
type, norman radius, muffin tin, overlap factor
    0  1.35051E+00  1.26556E+00  1.15000E+00
    1  1.35321E+00  1.27643E+00  1.15000E+00
    2  1.34555E+00  1.12849E+00  1.15000E+00
    3  1.54839E+00  1.40317E+00  1.15000E+00
    4  1.07447E+00  9.26529E-01  1.15000E+00
Core-valence separation energy:  ecv=   -40.000 eV
Initial Fermi level:              mu=     4.479 eV
SCF ITERATION NUMBER  1
     point #   1  energy = -40.000
FMS for a cluster of   90 atoms around atom type   0
FMS for a cluster of   91 atoms around atom type   1
FMS for a cluster of   85 atoms around atom type   2
FMS for a cluster of   73 atoms around atom type   3
FMS for a cluster of   91 atoms around atom type   4
     point #  20  energy = -28.875
     point #  40  energy =  -8.625
     point #  60  energy =  -2.657
     point #  80  energy =  -2.991
New Fermi level:    mu=  -2.988 eV  Charge distance=  0.5432 (partial c.d.=  7.3505)
SCF ITERATION NUMBER  1
     point #   1  energy = -40.000
FMS for a cluster of   90 atoms around atom type   0
FMS for a cluster of   91 atoms around atom type   1
FMS for a cluster of   85 atoms around atom type   2
FMS for a cluster of   73 atoms around atom type   3
FMS for a cluster of   91 atoms around atom type   4
     point #  20  energy = -28.996
     point #  40  energy =  -8.990
     point #  60  energy =  -2.988
     point #  80  energy =  -4.622
     point # 100  energy =  -5.341
New Fermi level:    mu=  -5.223 eV  Charge distance=  0.2185 (partial c.d.=  3.0834)
SCF ITERATION NUMBER  1
     point #   1  energy = -40.000
FMS for a cluster of   90 atoms around atom type   0
FMS for a cluster of   91 atoms around atom type   1
FMS for a cluster of   85 atoms around atom type   2
FMS for a cluster of   73 atoms around atom type   3
FMS for a cluster of   91 atoms around atom type   4
     point #  20  energy = -28.749
     point #  40  energy =  -8.292
     point #  60  energy =  -5.211
New Fermi level:    mu=  -5.092 eV  Charge distance=  0.1459 (partial c.d.=  0.3343)
SCF ITERATION NUMBER  2
     point #   1  energy = -40.000
     point #  20  energy = -28.706
     point #  40  energy =  -8.172
     point #  60  energy =  -5.079
New Fermi level:    mu=  -4.936 eV  Charge distance=  0.2827 (partial c.d.=  0.2459)
SCF ITERATION NUMBER  3
     point #   1  energy = -40.000
     point #  20  energy = -28.980
     point #  40  energy =  -8.944
     point #  60  energy =  -4.936
New Fermi level:    mu=  -5.050 eV  Charge distance=  0.1483 (partial c.d.=  0.1694)
SCF ITERATION NUMBER  4
     point #   1  energy = -40.000
     point #  20  energy = -29.016
     point #  40  energy =  -9.044
     point #  60  energy =  -5.050
New Fermi level:    mu=  -5.088 eV  Charge distance=  0.0470 (partial c.d.=  0.2179)
SCF ITERATION NUMBER  5
     point #   1  energy = -40.000
     point #  20  energy = -28.705
     point #  40  energy =  -8.169
     point #  60  energy =  -5.101
New Fermi level:    mu=  -5.111 eV  Charge distance=  0.0055 (partial c.d.=  0.1115)
SCF ITERATION NUMBER  6
     point #   1  energy = -40.000
     point #  20  energy = -28.712
     point #  40  energy =  -8.190
     point #  60  energy =  -5.099
New Fermi level:    mu=  -5.106 eV  Charge distance=  0.0129 (partial c.d.=  0.0259)
SCF ITERATION NUMBER  7
     point #   1  energy = -40.000
     point #  20  energy = -28.711
     point #  40  energy =  -8.185
     point #  60  energy =  -5.094
New Fermi level:    mu=  -5.096 eV  Charge distance=  0.0076 (partial c.d.=  0.0115)
SCF ITERATION NUMBER  8
     point #   1  energy = -40.000
     point #  20  energy = -28.707
     point #  40  energy =  -8.175
     point #  60  energy =  -5.083
New Fermi level:    mu=  -5.084 eV  Charge distance=  0.0021 (partial c.d.=  0.0038)
SCF ITERATION NUMBER  9
     point #   1  energy = -40.000
     point #  20  energy = -28.704
     point #  40  energy =  -8.165
     point #  60  energy =  -5.072
New Fermi level:    mu=  -5.078 eV  Charge distance=  0.0009 (partial c.d.=  0.0027)
SCF ITERATION NUMBER 10
     point #   1  energy = -40.000
     point #  20  energy = -28.702
     point #  40  energy =  -8.159
     point #  60  energy =  -5.065
New Fermi level:    mu=  -5.076 eV  Charge distance=  0.0001 (partial c.d.=  0.0021)
SCF ITERATION NUMBER 11
     point #   1  energy = -40.000
     point #  20  energy = -28.701
     point #  40  energy =  -8.158
     point #  60  energy =  -5.064
New Fermi level:    mu=  -5.076 eV  Charge distance=  0.0001 (partial c.d.=  0.0011)
SCF ITERATION NUMBER 12
     point #   1  energy = -40.000
     point #  20  energy = -28.701
     point #  40  energy =  -8.158
     point #  60  energy =  -5.089
New Fermi level:    mu=  -5.076 eV  Charge distance=  0.0001 (partial c.d.=  0.0002)
SCF ITERATION NUMBER 13
     point #   1  energy = -40.000
     point #  20  energy = -28.701
     point #  40  energy =  -8.158
     point #  60  energy =  -5.089
New Fermi level:    mu=  -5.076 eV  Charge distance=  0.0000 (partial c.d.=  0.0001)
Electronic configuration
  type     l     N_el
     0     0    0.528
     0     1    0.664
     0     2    9.620
     0     3    0.000
     1     0    0.506
     1     1    0.628
     1     2    9.701
     1     3    0.000
     2     0    1.756
     2     1    2.787
     2     2    0.705
     2     3    0.000
     3     0    2.036
     3     1    4.854
     3     2    0.346
     3     3    0.000
     4     0    1.878
     4     1    4.307
     4     2    0.094
     4     3    0.000
Charge transfer:  type  charge
       0   -0.187
       1   -0.164
       2   -0.752
       3    0.236
       4    0.280
Convergence reached in   13 iterations.
Done with module: potentials.

Calculating screened core-hole potential ...
FMS for a cluster of   22 atoms around iph =   0
    0% of energy integration
   20%
   40%
   60%
   80%
  100%
Preparing response function.
Computing (1 - K Chi0)^-1 v_ch
Done with module: screened core-hole potential.

Calculating cross-section and phases ...
    absorption cross section
 x0,dx,rnrm,inrm,jnrm   8.80000000000000       5.000000000000000E-002
   2.55209350299991              195         196
    phase shifts for unique potential    0
    phase shifts for unique potential    1
    phase shifts for unique potential    2
    phase shifts for unique potential    3
    phase shifts for unique potential    4
Done with module: cross-section and phases (XSPH).

FMS calculation of full Green's function ...
FEFF-serial using 1 thread.
Using   194 energy points.
xprep done
FMS for a cluster of  197 atoms
Energy point    1/ 194
Energy point   10/ 194
Energy point   20/ 194
Energy point   30/ 194
Energy point   40/ 194
Energy point   50/ 194
Energy point   60/ 194
Energy point   70/ 194
Energy point   80/ 194
Energy point   90/ 194
Energy point  100/ 194
Energy point  110/ 194
Energy point  120/ 194
Energy point  130/ 194
Energy point  140/ 194
Energy point  150/ 194
Energy point  160/ 194
Energy point  170/ 194
Energy point  180/ 194
Energy point  190/ 194
Done with module: FMS.

MKGTR: Tracing over Green's function ...
Done with module: MKGTR.

Pathfinder: finding scattering paths...
Preparing plane wave scattering amplitudes
Searching for paths
Eliminating path degeneracies
0 paths retained.
Done with module: pathfinder.

Calculating EXAFS parameters ...
Done with module: EXAFS parameters (GENFMT).

Calculating XAS spectra ...
Done with module: XAS spectra (FF2X: DW + final sum over paths).

 
### feff ends at Sun Aug 13 13:43:40 EDT 2023
 
