### feff starts at Mon Aug 14 10:52:05 EDT 2023
### Serial version
### FeffPath is /sdcc/u/mcarbone/software/JFEFF/hsw/feff90/linux
 
Launching FEFF version FEFF 9.9.1
Core hole lifetime is   1.729 eV.
Your calculation:
 comment: None given
 Source:
 Structure Summary:  Li4 Cu4 Sb4 O16
 Reduced formula:  LiCuSbO4
 space group: (P2_1), space number:  (4)
 abc:  9.908592   5.817050   6.263087
 angles: 62.398701  90.000000  90.000000
 sites: 28
Cu K edge XANES using RPA corehole.
Using:     * Self-Consistent Field potentials
Using cards:   ATOMS CONTROL EXCHANGE TITLE RPATH POTENTIALS XANES EDGE SCF FMS S02 COREHOLE EGRID

Calculating atomic potentials ...
    overlapped atomic potential and density for unique potential    0
    overlapped atomic potential and density for unique potential    1
    overlapped atomic potential and density for unique potential    2
    overlapped atomic potential and density for unique potential    3
    overlapped atomic potential and density for unique potential    4
Done with module: atomic potentials.

Calculating SCF potentials ...
FEFF-serial using 1 thread.
Muffin tin radii and interstitial parameters [bohr]:
type, norman radius, muffin tin, overlap factor
    0  1.33666E+00  1.26336E+00  1.15000E+00
    1  1.32212E+00  1.25324E+00  1.14711E+00
    2  1.33508E+00  1.26191E+00  1.15000E+00
    3  1.46080E+00  1.33069E+00  1.15000E+00
    4  1.08579E+00  9.92755E-01  1.15000E+00
Core-valence separation energy:  ecv=   -40.000 eV
Initial Fermi level:              mu=     1.999 eV
SCF ITERATION NUMBER  1
     point #   1  energy = -40.000
FMS for a cluster of  135 atoms around atom type   0
FMS for a cluster of  124 atoms around atom type   1
FMS for a cluster of  131 atoms around atom type   2
FMS for a cluster of  129 atoms around atom type   3
FMS for a cluster of  125 atoms around atom type   4
     point #  20  energy = -28.768
     point #  40  energy =  -8.518
     point #  60  energy =  -3.961
     point #  80  energy =  -3.986
New Fermi level:    mu=  -4.000 eV  Charge distance=  0.7015 (partial c.d.= 10.7619)
negative density   1  -55.426 - usually harmless precision error, but check DOS if it persists
SCF ITERATION NUMBER  1
     point #   1  energy = -40.000
FMS for a cluster of  135 atoms around atom type   0
FMS for a cluster of  124 atoms around atom type   1
FMS for a cluster of  131 atoms around atom type   2
FMS for a cluster of  129 atoms around atom type   3
FMS for a cluster of  125 atoms around atom type   4
     point #  20  energy = -29.000
     point #  40  energy =  -9.000
     point #  60  energy =  -4.000
     point #  80  energy =  -5.900
     point # 100  energy =  -7.262
     point # 120  energy =  -6.778
New Fermi level:    mu=  -6.600 eV  Charge distance=  0.2440 (partial c.d.=  3.7572)
negative density   1 -151.894 - usually harmless precision error, but check DOS if it persists
SCF ITERATION NUMBER  1
     point #   1  energy = -40.000
FMS for a cluster of  135 atoms around atom type   0
FMS for a cluster of  124 atoms around atom type   1
FMS for a cluster of  131 atoms around atom type   2
FMS for a cluster of  129 atoms around atom type   3
FMS for a cluster of  125 atoms around atom type   4
     point #  20  energy = -28.867
     point #  40  energy =  -8.624
     point #  60  energy =  -6.575
New Fermi level:    mu=  -6.506 eV  Charge distance=  0.1714 (partial c.d.=  0.2506)
negative density   1 -241.411 - usually harmless precision error, but check DOS if it persists
SCF ITERATION NUMBER  2
     point #   1  energy = -40.000
     point #  20  energy = -28.835
     point #  40  energy =  -8.536
     point #  60  energy =  -6.494
New Fermi level:    mu=  -6.205 eV  Charge distance=  0.3833 (partial c.d.=  0.2608)
negative density   1 -542.691 - usually harmless precision error, but check DOS if it persists
negative density   1  -48.730 - usually harmless precision error, but check DOS if it persists
SCF ITERATION NUMBER  3
     point #   1  energy = -40.000
     point #  20  energy = -28.735
     point #  40  energy =  -8.253
New Fermi level:    mu=  -6.195 eV  Charge distance=  0.0849 (partial c.d.=  0.1077)
negative density   1 -682.061 - usually harmless precision error, but check DOS if it persists
negative density   1  -92.491 - usually harmless precision error, but check DOS if it persists
SCF ITERATION NUMBER  4
     point #   1  energy = -40.000
     point #  20  energy = -28.732
     point #  40  energy =  -8.244
     point #  60  energy =  -6.207
New Fermi level:    mu=  -6.373 eV  Charge distance=  0.0157 (partial c.d.=  0.0650)
negative density   1 -711.504 - usually harmless precision error, but check DOS if it persists
negative density   1 -102.009 - usually harmless precision error, but check DOS if it persists
SCF ITERATION NUMBER  5
     point #   1  energy = -40.000
     point #  20  energy = -28.791
     point #  40  energy =  -8.411
New Fermi level:    mu=  -6.367 eV  Charge distance=  0.0205 (partial c.d.=  0.0281)
negative density   1 -720.384 - usually harmless precision error, but check DOS if it persists
negative density   1 -105.015 - usually harmless precision error, but check DOS if it persists
SCF ITERATION NUMBER  6
     point #   1  energy = -40.000
     point #  20  energy = -28.789
     point #  40  energy =  -8.406
     point #  60  energy =  -6.392
New Fermi level:    mu=  -6.380 eV  Charge distance=  0.0137 (partial c.d.=  0.0148)
negative density   1 -736.949 - usually harmless precision error, but check DOS if it persists
negative density   1 -110.519 - usually harmless precision error, but check DOS if it persists
SCF ITERATION NUMBER  7
     point #   1  energy = -40.000
     point #  20  energy = -28.793
     point #  40  energy =  -8.417
New Fermi level:    mu=  -6.369 eV  Charge distance=  0.0072 (partial c.d.=  0.0063)
negative density   1 -747.844 - usually harmless precision error, but check DOS if it persists
negative density   1 -114.165 - usually harmless precision error, but check DOS if it persists
SCF ITERATION NUMBER  8
     point #   1  energy = -40.000
     point #  20  energy = -28.790
     point #  40  energy =  -8.407
New Fermi level:    mu=  -6.358 eV  Charge distance=  0.0033 (partial c.d.=  0.0012)
negative density   1 -756.008 - usually harmless precision error, but check DOS if it persists
negative density   1 -116.874 - usually harmless precision error, but check DOS if it persists
SCF ITERATION NUMBER  9
     point #   1  energy = -40.000
     point #  20  energy = -28.786
     point #  40  energy =  -8.397
New Fermi level:    mu=  -6.350 eV  Charge distance=  0.0007 (partial c.d.=  0.0012)
negative density   1 -760.095 - usually harmless precision error, but check DOS if it persists
negative density   1 -118.207 - usually harmless precision error, but check DOS if it persists
SCF ITERATION NUMBER 10
     point #   1  energy = -40.000
     point #  20  energy = -28.783
     point #  40  energy =  -8.390
New Fermi level:    mu=  -6.349 eV  Charge distance=  0.0001 (partial c.d.=  0.0004)
negative density   1 -762.134 - usually harmless precision error, but check DOS if it persists
negative density   1 -118.862 - usually harmless precision error, but check DOS if it persists
SCF ITERATION NUMBER 11
     point #   1  energy = -40.000
     point #  20  energy = -28.783
     point #  40  energy =  -8.389
New Fermi level:    mu=  -6.350 eV  Charge distance=  0.0002 (partial c.d.=  0.0003)
negative density   1 -765.835 - usually harmless precision error, but check DOS if it persists
negative density   1 -120.054 - usually harmless precision error, but check DOS if it persists
SCF ITERATION NUMBER 12
     point #   1  energy = -40.000
     point #  20  energy = -28.783
     point #  40  energy =  -8.389
New Fermi level:    mu=  -6.350 eV  Charge distance=  0.0001 (partial c.d.=  0.0004)
negative density   1 -767.036 - usually harmless precision error, but check DOS if it persists
negative density   1 -120.442 - usually harmless precision error, but check DOS if it persists
SCF ITERATION NUMBER 13
     point #   1  energy = -40.000
     point #  20  energy = -28.783
     point #  40  energy =  -8.390
New Fermi level:    mu=  -6.350 eV  Charge distance=  0.0000 (partial c.d.=  0.0002)
negative density   1 -766.981 - usually harmless precision error, but check DOS if it persists
negative density   1 -120.426 - usually harmless precision error, but check DOS if it persists
SCF ITERATION NUMBER 14
     point #   1  energy = -40.000
     point #  20  energy = -28.783
     point #  40  energy =  -8.390
New Fermi level:    mu=  -6.350 eV  Charge distance=  0.0000 (partial c.d.=  0.0001)
Electronic configuration
  type     l     N_el
     0     0    0.488
     0     1    0.584
     0     2    9.633
     0     3    0.000
     1     0    0.280
     1     1    0.557
     1     2    0.000
     1     3    0.000
     2     0    0.487
     2     1    0.584
     2     2    9.634
     2     3    0.000
     3     0    1.384
     3     1    1.811
     3     2   10.814
     3     3    0.000
     4     0    1.857
     4     1    4.428
     4     2    0.078
     4     3    0.000
Charge transfer:  type  charge
       0   -0.295
       1   -0.162
       2   -0.296
       3   -0.991
       4    0.362
Convergence reached in   14 iterations.
Done with module: potentials.

Calculating screened core-hole potential ...
FMS for a cluster of   26 atoms around iph =   0
    0% of energy integration
   20%
   40%
   60%
   80%
  100%
Preparing response function.
Computing (1 - K Chi0)^-1 v_ch
Done with module: screened core-hole potential.

Calculating cross-section and phases ...
    absorption cross section
 x0,dx,rnrm,inrm,jnrm   8.80000000000000       5.000000000000000E-002
   2.52592636300005              195         196
    phase shifts for unique potential    0
    phase shifts for unique potential    1
    phase shifts for unique potential    2
    phase shifts for unique potential    3
    phase shifts for unique potential    4
Done with module: cross-section and phases (XSPH).

FMS calculation of full Green's function ...
FEFF-serial using 1 thread.
Using   194 energy points.
xprep done
FMS for a cluster of  269 atoms
Energy point    1/ 194
Energy point   10/ 194
Energy point   20/ 194
Energy point   30/ 194
Energy point   40/ 194
Energy point   50/ 194
Energy point   60/ 194
Energy point   70/ 194
Energy point   80/ 194
Energy point   90/ 194
Energy point  100/ 194
Energy point  110/ 194
Energy point  120/ 194
Energy point  130/ 194
Energy point  140/ 194
Energy point  150/ 194
Energy point  160/ 194
Energy point  170/ 194
Energy point  180/ 194
Energy point  190/ 194
Done with module: FMS.

MKGTR: Tracing over Green's function ...
Done with module: MKGTR.

Pathfinder: finding scattering paths...
Preparing plane wave scattering amplitudes
Searching for paths
Eliminating path degeneracies
0 paths retained.
Done with module: pathfinder.

Calculating EXAFS parameters ...
Done with module: EXAFS parameters (GENFMT).

Calculating XAS spectra ...
Done with module: XAS spectra (FF2X: DW + final sum over paths).

 
### feff ends at Mon Aug 14 12:57:05 EDT 2023
 
