### feff starts at Sun Aug 13 12:30:06 EDT 2023
### Serial version
### FeffPath is /sdcc/u/mcarbone/software/JFEFF/hsw/feff90/linux
 
Launching FEFF version FEFF 9.9.1
Core hole lifetime is   1.729 eV.
Your calculation:
 comment: None given
 Source:
 Structure Summary:  Li8 Fe12 Cu4 O32
 Reduced formula:  Li2Fe3CuO8
 space group: (P1), space number:  (1)
 abc:  8.392936   8.418456   8.352251
 angles: 89.980923  89.947050  90.015033
 sites: 56
Cu K edge XANES using RPA corehole.
Using:     * Self-Consistent Field potentials
Using cards:   ATOMS CONTROL EXCHANGE TITLE RPATH POTENTIALS XANES EDGE SCF FMS S02 COREHOLE EGRID

Calculating atomic potentials ...
    overlapped atomic potential and density for unique potential    0
    overlapped atomic potential and density for unique potential    1
    overlapped atomic potential and density for unique potential    2
    overlapped atomic potential and density for unique potential    3
    overlapped atomic potential and density for unique potential    4
Done with module: atomic potentials.

Calculating SCF potentials ...
FEFF-serial using 1 thread.
Muffin tin radii and interstitial parameters [bohr]:
type, norman radius, muffin tin, overlap factor
    0  1.31366E+00  1.21145E+00  1.15000E+00
    1  1.32076E+00  1.27258E+00  1.09689E+00
    2  1.36802E+00  1.25562E+00  1.15000E+00
    3  1.31295E+00  1.20759E+00  1.15000E+00
    4  1.10687E+00  1.02857E+00  1.15000E+00
Core-valence separation energy:  ecv=   -40.000 eV
Initial Fermi level:              mu=    -0.095 eV
SCF ITERATION NUMBER  1
     point #   1  energy = -40.000
FMS for a cluster of  144 atoms around atom type   0
FMS for a cluster of  127 atoms around atom type   1
FMS for a cluster of  126 atoms around atom type   2
FMS for a cluster of   93 atoms around atom type   3
FMS for a cluster of  141 atoms around atom type   4
     point #  20  energy = -28.777
     point #  40  energy =  -9.539
     point #  60  energy =  -9.024
 Found bad counts.
  Occupation number in getorb is    10.000
  Will repeat this iteration.
 Found bad counts.
  Occupation number in getorb is    10.000
  Will repeat this iteration.
New Fermi level:    mu=  -9.022 eV  Charge distance=  1.9127 (partial c.d.=  8.4145)
SCF ITERATION NUMBER  1
     point #   1  energy = -40.000
FMS for a cluster of  144 atoms around atom type   0
FMS for a cluster of  127 atoms around atom type   1
FMS for a cluster of  126 atoms around atom type   2
FMS for a cluster of   93 atoms around atom type   3
FMS for a cluster of  141 atoms around atom type   4
     point #  20  energy = -29.008
     point #  40  energy =  -9.022
     point #  60  energy =  -8.981
     point #  80  energy =  -7.075
New Fermi level:    mu=  -6.683 eV  Charge distance=  0.7221 (partial c.d.=  9.7753)
negative density   1  -40.177 - usually harmless precision error, but check DOS if it persists
SCF ITERATION NUMBER  1
     point #   1  energy = -40.000
FMS for a cluster of  144 atoms around atom type   0
FMS for a cluster of  127 atoms around atom type   1
FMS for a cluster of  126 atoms around atom type   2
FMS for a cluster of   93 atoms around atom type   3
FMS for a cluster of  141 atoms around atom type   4
     point #  20  energy = -28.894
     point #  40  energy =  -8.702
     point #  60  energy =  -6.695
     point #  80  energy =  -9.161
     point # 100  energy = -11.717
New Fermi level:    mu= -12.072 eV  Charge distance=  0.3128 (partial c.d.=  3.2883)
negative density   1  -45.274 - usually harmless precision error, but check DOS if it persists
SCF ITERATION NUMBER  2
     point #   1  energy = -40.000
     point #  20  energy = -29.028
     point #  40  energy = -12.072
     point #  60  energy = -11.903
     point #  80  energy =  -9.050
New Fermi level:    mu=  -9.158 eV  Charge distance=  0.3273 (partial c.d.=  2.4460)
negative density   1 -116.379 - usually harmless precision error, but check DOS if it persists
SCF ITERATION NUMBER  3
     point #   1  energy = -40.000
     point #  20  energy = -28.691
     point #  40  energy =  -9.158
     point #  60  energy =  -9.249
     point #  80  energy = -10.733
New Fermi level:    mu= -10.726 eV  Charge distance=  0.2192 (partial c.d.=  6.8883)
negative density   1 -122.776 - usually harmless precision error, but check DOS if it persists
SCF ITERATION NUMBER  4
     point #   1  energy = -40.000
     point #  20  energy = -28.896
     point #  40  energy = -10.726
     point #  60  energy = -10.817
New Fermi level:    mu= -11.675 eV  Charge distance=  0.1517 (partial c.d.=  6.5500)
negative density   1 -154.666 - usually harmless precision error, but check DOS if it persists
SCF ITERATION NUMBER  5
     point #   1  energy = -40.000
     point #  20  energy = -28.872
     point #  40  energy = -11.675
     point #  60  energy = -11.484
New Fermi level:    mu= -11.085 eV  Charge distance=  0.0564 (partial c.d.=  2.7469)
negative density   1 -163.953 - usually harmless precision error, but check DOS if it persists
SCF ITERATION NUMBER  6
     point #   1  energy = -40.000
     point #  20  energy = -29.032
     point #  40  energy = -11.085
     point #  60  energy = -11.160
New Fermi level:    mu= -11.197 eV  Charge distance=  0.0107 (partial c.d.=  4.1819)
negative density   1 -163.871 - usually harmless precision error, but check DOS if it persists
SCF ITERATION NUMBER  7
     point #   1  energy = -40.000
     point #  20  energy = -28.684
     point #  40  energy = -11.197
New Fermi level:    mu= -11.183 eV  Charge distance=  0.0355 (partial c.d.=  1.5297)
negative density   1 -175.537 - usually harmless precision error, but check DOS if it persists
SCF ITERATION NUMBER  8
     point #   1  energy = -40.000
     point #  20  energy = -28.679
     point #  40  energy = -11.183
     point #  60  energy = -11.030
New Fermi level:    mu= -11.030 eV  Charge distance=  0.0663 (partial c.d.=  0.3861)
negative density   1 -214.448 - usually harmless precision error, but check DOS if it persists
SCF ITERATION NUMBER  9
     point #   1  energy = -40.000
     point #  20  energy = -29.011
     point #  40  energy = -11.030
New Fermi level:    mu= -11.061 eV  Charge distance=  0.0200 (partial c.d.=  2.6614)
negative density   1 -228.950 - usually harmless precision error, but check DOS if it persists
SCF ITERATION NUMBER 10
     point #   1  energy = -40.000
     point #  20  energy = -29.023
     point #  40  energy = -11.061
New Fermi level:    mu= -11.011 eV  Charge distance=  0.0056 (partial c.d.=  0.1052)
negative density   1 -233.383 - usually harmless precision error, but check DOS if it persists
SCF ITERATION NUMBER 11
     point #   1  energy = -40.000
     point #  20  energy = -29.004
     point #  40  energy = -11.011
New Fermi level:    mu= -10.966 eV  Charge distance=  0.0377 (partial c.d.=  0.1556)
negative density   1 -228.033 - usually harmless precision error, but check DOS if it persists
SCF ITERATION NUMBER 12
     point #   1  energy = -40.000
     point #  20  energy = -28.987
     point #  40  energy = -10.966
     point #  60  energy = -11.041
New Fermi level:    mu= -11.038 eV  Charge distance=  0.0738 (partial c.d.=  0.0747)
negative density   1 -227.511 - usually harmless precision error, but check DOS if it persists
SCF ITERATION NUMBER 13
     point #   1  energy = -40.000
     point #  20  energy = -29.014
     point #  40  energy = -11.038
New Fermi level:    mu= -11.027 eV  Charge distance=  0.0314 (partial c.d.=  0.3959)
negative density   1 -223.589 - usually harmless precision error, but check DOS if it persists
SCF ITERATION NUMBER 14
     point #   1  energy = -40.000
     point #  20  energy = -29.010
     point #  40  energy = -11.027
New Fermi level:    mu= -11.088 eV  Charge distance=  0.0052 (partial c.d.=  0.1072)
negative density   1 -221.332 - usually harmless precision error, but check DOS if it persists
SCF ITERATION NUMBER 15
     point #   1  energy = -40.000
     point #  20  energy = -29.033
     point #  40  energy = -11.088
New Fermi level:    mu= -11.104 eV  Charge distance=  0.0105 (partial c.d.=  0.0153)
negative density   1 -214.624 - usually harmless precision error, but check DOS if it persists
SCF ITERATION NUMBER 16
     point #   1  energy = -40.000
     point #  20  energy = -29.040
     point #  40  energy = -11.104
New Fermi level:    mu= -11.116 eV  Charge distance=  0.0009 (partial c.d.=  0.0485)
negative density   1 -212.741 - usually harmless precision error, but check DOS if it persists
SCF ITERATION NUMBER 17
     point #   1  energy = -40.000
     point #  20  energy = -29.044
     point #  40  energy = -11.116
New Fermi level:    mu= -11.113 eV  Charge distance=  0.0020 (partial c.d.=  0.0080)
negative density   1 -209.587 - usually harmless precision error, but check DOS if it persists
SCF ITERATION NUMBER 18
     point #   1  energy = -40.000
     point #  20  energy = -29.043
     point #  40  energy = -11.113
New Fermi level:    mu= -11.113 eV  Charge distance=  0.0011 (partial c.d.=  0.0063)
negative density   1 -206.994 - usually harmless precision error, but check DOS if it persists
SCF ITERATION NUMBER 19
     point #   1  energy = -40.000
     point #  20  energy = -29.043
     point #  40  energy = -11.113
New Fermi level:    mu= -11.111 eV  Charge distance=  0.0004 (partial c.d.=  0.0021)
negative density   1 -206.397 - usually harmless precision error, but check DOS if it persists
SCF ITERATION NUMBER 20
     point #   1  energy = -40.000
     point #  20  energy = -29.042
     point #  40  energy = -11.111
New Fermi level:    mu= -11.110 eV  Charge distance=  0.0002 (partial c.d.=  0.0009)
negative density   1 -205.943 - usually harmless precision error, but check DOS if it persists
SCF ITERATION NUMBER 21
     point #   1  energy = -40.000
     point #  20  energy = -29.042
     point #  40  energy = -11.110
New Fermi level:    mu= -11.109 eV  Charge distance=  0.0001 (partial c.d.=  0.0006)
negative density   1 -205.792 - usually harmless precision error, but check DOS if it persists
SCF ITERATION NUMBER 22
     point #   1  energy = -40.000
     point #  20  energy = -29.041
     point #  40  energy = -11.109
New Fermi level:    mu= -11.109 eV  Charge distance=  0.0001 (partial c.d.=  0.0004)
negative density   1 -205.441 - usually harmless precision error, but check DOS if it persists
SCF ITERATION NUMBER 23
     point #   1  energy = -40.000
     point #  20  energy = -29.041
     point #  40  energy = -11.109
New Fermi level:    mu= -11.109 eV  Charge distance=  0.0000 (partial c.d.=  0.0008)
negative density   1 -205.448 - usually harmless precision error, but check DOS if it persists
SCF ITERATION NUMBER 24
     point #   1  energy = -40.000
     point #  20  energy = -29.041
     point #  40  energy = -11.109
New Fermi level:    mu= -11.109 eV  Charge distance=  0.0000 (partial c.d.=  0.0001)
Electronic configuration
  type     l     N_el
     0     0    0.461
     0     1    0.571
     0     2    9.226
     0     3    0.000
     1     0    0.203
     1     1    0.432
     1     2    0.000
     1     3    0.000
     2     0    0.520
     2     1    0.817
     2     2    6.615
     2     3    0.000
     3     0    0.458
     3     1    0.575
     3     2    9.217
     3     3    0.000
     4     0    1.843
     4     1    4.290
     4     2    0.071
     4     3    0.000
Charge transfer:  type  charge
       0   -0.742
       1   -0.365
       2   -0.048
       3   -0.750
       4    0.203
Convergence reached in   24 iterations.
Done with module: potentials.

Calculating screened core-hole potential ...
FMS for a cluster of   33 atoms around iph =   0
    0% of energy integration
   20%
   40%
   60%
   80%
  100%
Preparing response function.
Computing (1 - K Chi0)^-1 v_ch
Done with module: screened core-hole potential.

Calculating cross-section and phases ...
    absorption cross section
 x0,dx,rnrm,inrm,jnrm   8.80000000000000       5.000000000000000E-002
   2.48245677199999              195         196
    phase shifts for unique potential    0
    phase shifts for unique potential    1
    phase shifts for unique potential    2
    phase shifts for unique potential    3
    phase shifts for unique potential    4
Done with module: cross-section and phases (XSPH).

FMS calculation of full Green's function ...
FEFF-serial using 1 thread.
Using   194 energy points.
xprep done
FMS for a cluster of  273 atoms
Energy point    1/ 194
Energy point   10/ 194
Energy point   20/ 194
Energy point   30/ 194
Energy point   40/ 194
Energy point   50/ 194
Energy point   60/ 194
Energy point   70/ 194
Energy point   80/ 194
Energy point   90/ 194
Energy point  100/ 194
Energy point  110/ 194
Energy point  120/ 194
Energy point  130/ 194
Energy point  140/ 194
Energy point  150/ 194
Energy point  160/ 194
Energy point  170/ 194
Energy point  180/ 194
Energy point  190/ 194
Done with module: FMS.

MKGTR: Tracing over Green's function ...
Done with module: MKGTR.

Pathfinder: finding scattering paths...
Preparing plane wave scattering amplitudes
Searching for paths
Eliminating path degeneracies
0 paths retained.
Done with module: pathfinder.

Calculating EXAFS parameters ...
Done with module: EXAFS parameters (GENFMT).

Calculating XAS spectra ...
Done with module: XAS spectra (FF2X: DW + final sum over paths).

 
### feff ends at Sun Aug 13 15:09:58 EDT 2023
 
