### feff starts at Sun Aug 13 20:21:22 EDT 2023
### Serial version
### FeffPath is /sdcc/u/mcarbone/software/JFEFF/hsw/feff90/linux
 
Launching FEFF version FEFF 9.9.1
Core hole lifetime is   1.729 eV.
Your calculation:
 comment: None given
 Source:
 Structure Summary:  Li3 Cu3 P2 O8
 Reduced formula:  Li3Cu3(PO4)2
 space group: (P1), space number:  (1)
 abc:  5.098899   5.488852   6.160041
 angles: 90.364983  90.092101  90.160159
 sites: 16
Cu K edge XANES using RPA corehole.
Using:     * Self-Consistent Field potentials
Using cards:   ATOMS CONTROL EXCHANGE TITLE RPATH POTENTIALS XANES EDGE SCF FMS S02 COREHOLE EGRID

Calculating atomic potentials ...
    overlapped atomic potential and density for unique potential    0
    overlapped atomic potential and density for unique potential    1
    overlapped atomic potential and density for unique potential    2
    overlapped atomic potential and density for unique potential    3
    overlapped atomic potential and density for unique potential    4
Done with module: atomic potentials.

Calculating SCF potentials ...
FEFF-serial using 1 thread.
Muffin tin radii and interstitial parameters [bohr]:
type, norman radius, muffin tin, overlap factor
    0  1.40194E+00  1.34183E+00  1.11673E+00
    1  1.32796E+00  1.26827E+00  1.12337E+00
    2  1.40042E+00  1.34117E+00  1.11494E+00
    3  1.15587E+00  9.46444E-01  1.15000E+00
    4  1.03834E+00  9.37697E-01  1.15000E+00
Core-valence separation energy:  ecv=   -40.000 eV
Initial Fermi level:              mu=     4.611 eV
SCF ITERATION NUMBER  1
     point #   1  energy = -40.000
FMS for a cluster of  136 atoms around atom type   0
FMS for a cluster of  129 atoms around atom type   1
FMS for a cluster of  128 atoms around atom type   2
FMS for a cluster of  123 atoms around atom type   3
FMS for a cluster of  137 atoms around atom type   4
     point #  20  energy = -28.851
     point #  40  energy =  -8.601
     point #  60  energy =  -3.951
     point #  80  energy =  -3.392
New Fermi level:    mu=  -3.370 eV  Charge distance=  0.4079 (partial c.d.=  7.8274)
negative density   1 -181.959 - usually harmless precision error, but check DOS if it persists
SCF ITERATION NUMBER  1
     point #   1  energy = -40.000
FMS for a cluster of  136 atoms around atom type   0
FMS for a cluster of  129 atoms around atom type   1
FMS for a cluster of  128 atoms around atom type   2
FMS for a cluster of  123 atoms around atom type   3
FMS for a cluster of  137 atoms around atom type   4
     point #  20  energy = -28.807
     point #  40  energy =  -8.457
     point #  60  energy =  -3.370
     point #  80  energy =  -4.948
     point # 100  energy =  -7.732
New Fermi level:    mu=  -7.236 eV  Charge distance=  0.1437 (partial c.d.=  2.4596)
negative density   1 -331.458 - usually harmless precision error, but check DOS if it persists
SCF ITERATION NUMBER  1
     point #   1  energy = -40.000
FMS for a cluster of  136 atoms around atom type   0
FMS for a cluster of  129 atoms around atom type   1
FMS for a cluster of  128 atoms around atom type   2
FMS for a cluster of  123 atoms around atom type   3
FMS for a cluster of  137 atoms around atom type   4
     point #  20  energy = -28.738
     point #  40  energy =  -8.260
     point #  60  energy =  -7.196
New Fermi level:    mu=  -6.598 eV  Charge distance=  0.0991 (partial c.d.=  0.3326)
negative density   1 -475.852 - usually harmless precision error, but check DOS if it persists
negative density   1  -23.799 - usually harmless precision error, but check DOS if it persists
SCF ITERATION NUMBER  2
     point #   1  energy = -40.000
     point #  20  energy = -28.866
     point #  40  energy =  -8.622
     point #  60  energy =  -6.585
New Fermi level:    mu=  -6.383 eV  Charge distance=  0.2796 (partial c.d.=  0.0777)
negative density   1 -993.405 - usually harmless precision error, but check DOS if it persists
negative density   1 -184.167 - usually harmless precision error, but check DOS if it persists
SCF ITERATION NUMBER  3
     point #   1  energy = -40.000
     point #  20  energy = -28.794
     point #  40  energy =  -8.420
New Fermi level:    mu=  -6.373 eV  Charge distance=  0.0309 (partial c.d.=  0.0662)
negative density   1-1119.988 - usually harmless precision error, but check DOS if it persists
negative density   1 -223.559 - usually harmless precision error, but check DOS if it persists
SCF ITERATION NUMBER  4
     point #   1  energy = -40.000
     point #  20  energy = -28.791
     point #  40  energy =  -8.411
     point #  60  energy =  -6.348
New Fermi level:    mu=  -6.354 eV  Charge distance=  0.0153 (partial c.d.=  0.0527)
negative density   1-1139.505 - usually harmless precision error, but check DOS if it persists
negative density   1 -229.745 - usually harmless precision error, but check DOS if it persists
SCF ITERATION NUMBER  5
     point #   1  energy = -40.000
     point #  20  energy = -28.785
     point #  40  energy =  -8.394
     point #  60  energy =  -6.379
New Fermi level:    mu=  -6.408 eV  Charge distance=  0.0085 (partial c.d.=  0.0320)
negative density   1-1162.962 - usually harmless precision error, but check DOS if it persists
negative density   1 -237.254 - usually harmless precision error, but check DOS if it persists
negative density   1   -0.007 - usually harmless precision error, but check DOS if it persists
SCF ITERATION NUMBER  6
     point #   1  energy = -40.000
     point #  20  energy = -28.803
     point #  40  energy =  -8.444
New Fermi level:    mu=  -6.420 eV  Charge distance=  0.0044 (partial c.d.=  0.0155)
negative density   1-1173.229 - usually harmless precision error, but check DOS if it persists
negative density   1 -240.612 - usually harmless precision error, but check DOS if it persists
negative density   1   -1.469 - usually harmless precision error, but check DOS if it persists
SCF ITERATION NUMBER  7
     point #   1  energy = -40.000
     point #  20  energy = -28.807
     point #  40  energy =  -8.455
New Fermi level:    mu=  -6.420 eV  Charge distance=  0.0043 (partial c.d.=  0.0059)
negative density   1-1179.481 - usually harmless precision error, but check DOS if it persists
negative density   1 -242.743 - usually harmless precision error, but check DOS if it persists
negative density   1   -2.415 - usually harmless precision error, but check DOS if it persists
SCF ITERATION NUMBER  8
     point #   1  energy = -40.000
     point #  20  energy = -28.807
     point #  40  energy =  -8.455
New Fermi level:    mu=  -6.413 eV  Charge distance=  0.0056 (partial c.d.=  0.0023)
negative density   1-1193.117 - usually harmless precision error, but check DOS if it persists
negative density   1 -247.236 - usually harmless precision error, but check DOS if it persists
negative density   1   -4.380 - usually harmless precision error, but check DOS if it persists
SCF ITERATION NUMBER  9
     point #   1  energy = -40.000
     point #  20  energy = -28.804
     point #  40  energy =  -8.448
New Fermi level:    mu=  -6.407 eV  Charge distance=  0.0006 (partial c.d.=  0.0026)
negative density   1-1193.884 - usually harmless precision error, but check DOS if it persists
negative density   1 -247.462 - usually harmless precision error, but check DOS if it persists
negative density   1   -4.474 - usually harmless precision error, but check DOS if it persists
SCF ITERATION NUMBER 10
     point #   1  energy = -40.000
     point #  20  energy = -28.802
     point #  40  energy =  -8.443
New Fermi level:    mu=  -6.408 eV  Charge distance=  0.0001 (partial c.d.=  0.0003)
negative density   1-1196.070 - usually harmless precision error, but check DOS if it persists
negative density   1 -248.155 - usually harmless precision error, but check DOS if it persists
negative density   1   -4.771 - usually harmless precision error, but check DOS if it persists
SCF ITERATION NUMBER 11
     point #   1  energy = -40.000
     point #  20  energy = -28.803
     point #  40  energy =  -8.444
New Fermi level:    mu=  -6.408 eV  Charge distance=  0.0002 (partial c.d.=  0.0000)
Electronic configuration
  type     l     N_el
     0     0    0.519
     0     1    0.641
     0     2    9.615
     0     3    0.000
     1     0    0.280
     1     1    0.588
     1     2    0.000
     1     3    0.000
     2     0    0.531
     2     1    0.630
     2     2    9.608
     2     3    0.000
     3     0    1.205
     3     1    2.063
     3     2    1.037
     3     3    0.000
     4     0    1.841
     4     1    4.393
     4     2    0.076
     4     3    0.000
Charge transfer:  type  charge
       0   -0.226
       1   -0.133
       2   -0.231
       3   -0.695
       4    0.310
Convergence reached in   11 iterations.
Done with module: potentials.

Calculating screened core-hole potential ...
FMS for a cluster of   26 atoms around iph =   0
    0% of energy integration
   20%
   40%
   60%
   80%
  100%
Preparing response function.
Computing (1 - K Chi0)^-1 v_ch
Done with module: screened core-hole potential.

Calculating cross-section and phases ...
    absorption cross section
 x0,dx,rnrm,inrm,jnrm   8.80000000000000       5.000000000000000E-002
   2.64928414099987              196         197
    phase shifts for unique potential    0
    phase shifts for unique potential    1
    phase shifts for unique potential    2
    phase shifts for unique potential    3
    phase shifts for unique potential    4
Done with module: cross-section and phases (XSPH).

FMS calculation of full Green's function ...
FEFF-serial using 1 thread.
Using   194 energy points.
xprep done
FMS for a cluster of  285 atoms
Energy point    1/ 194
Energy point   10/ 194
Energy point   20/ 194
Energy point   30/ 194
Energy point   40/ 194
Energy point   50/ 194
Energy point   60/ 194
Energy point   70/ 194
Energy point   80/ 194
Energy point   90/ 194
Energy point  100/ 194
Energy point  110/ 194
Energy point  120/ 194
Energy point  130/ 194
Energy point  140/ 194
Energy point  150/ 194
Energy point  160/ 194
Energy point  170/ 194
Energy point  180/ 194
Energy point  190/ 194
Done with module: FMS.

MKGTR: Tracing over Green's function ...
Done with module: MKGTR.

Pathfinder: finding scattering paths...
Preparing plane wave scattering amplitudes
Searching for paths
Eliminating path degeneracies
0 paths retained.
Done with module: pathfinder.

Calculating EXAFS parameters ...
Done with module: EXAFS parameters (GENFMT).

Calculating XAS spectra ...
Done with module: XAS spectra (FF2X: DW + final sum over paths).

 
### feff ends at Sun Aug 13 22:21:52 EDT 2023
 
