### feff starts at Sun Aug 13 09:26:11 EDT 2023
### Serial version
### FeffPath is /sdcc/u/mcarbone/software/JFEFF/hsw/feff90/linux
 
Launching FEFF version FEFF 9.9.1
Core hole lifetime is   1.729 eV.
Your calculation:
 comment: None given
 Source:
 Structure Summary:  Na12 Cu7 O14
 Reduced formula:  Na12(CuO2)7
 space group: (Cm), space number:  (8)
 abc: 10.811141  10.811141   5.722272
 angles: 82.084656  82.084656 134.573351
 sites: 33
Cu K edge XANES using RPA corehole.
Using:     * Self-Consistent Field potentials
Using cards:   ATOMS CONTROL EXCHANGE TITLE RPATH POTENTIALS XANES EDGE SCF FMS S02 COREHOLE EGRID

Calculating atomic potentials ...
    overlapped atomic potential and density for unique potential    0
    overlapped atomic potential and density for unique potential    1
    overlapped atomic potential and density for unique potential    2
    overlapped atomic potential and density for unique potential    3
Done with module: atomic potentials.

Calculating SCF potentials ...
FEFF-serial using 1 thread.
Muffin tin radii and interstitial parameters [bohr]:
type, norman radius, muffin tin, overlap factor
    0  1.31345E+00  1.21101E+00  1.15000E+00
    1  1.56623E+00  1.51621E+00  1.08340E+00
    2  1.31345E+00  1.21101E+00  1.15000E+00
    3  1.13663E+00  1.07875E+00  1.14310E+00
Core-valence separation energy:  ecv=   -40.000 eV
Initial Fermi level:              mu=    -1.297 eV
SCF ITERATION NUMBER  1
     point #   1  energy = -40.000
FMS for a cluster of   99 atoms around atom type   0
FMS for a cluster of  103 atoms around atom type   1
FMS for a cluster of   99 atoms around atom type   2
FMS for a cluster of  110 atoms around atom type   3
     point #  20  energy = -28.815
     point #  40  energy =  -8.565
     point #  60  energy =  -4.346
New Fermi level:    mu=  -4.290 eV  Charge distance=  0.5898 (partial c.d.=  6.9107)
SCF ITERATION NUMBER  1
     point #   1  energy = -40.000
FMS for a cluster of   99 atoms around atom type   0
FMS for a cluster of  103 atoms around atom type   1
FMS for a cluster of   99 atoms around atom type   2
FMS for a cluster of  110 atoms around atom type   3
     point #  20  energy = -28.777
     point #  40  energy =  -8.371
     point #  60  energy =  -4.290
     point #  80  energy =  -5.868
     point # 100  energy =  -9.646
New Fermi level:    mu= -10.004 eV  Charge distance=  0.1555 (partial c.d.=  3.0531)
SCF ITERATION NUMBER  1
     point #   1  energy = -40.000
FMS for a cluster of   99 atoms around atom type   0
FMS for a cluster of  103 atoms around atom type   1
FMS for a cluster of   99 atoms around atom type   2
FMS for a cluster of  110 atoms around atom type   3
     point #  20  energy = -29.001
     point #  40  energy = -10.004
     point #  60  energy =  -9.913
     point #  80  energy =  -8.485
New Fermi level:    mu=  -8.579 eV  Charge distance=  0.0579 (partial c.d.=  0.6112)
SCF ITERATION NUMBER  2
     point #   1  energy = -40.000
     point #  20  energy = -28.850
     point #  40  energy =  -8.579
     point #  60  energy =  -8.510
New Fermi level:    mu=  -8.421 eV  Charge distance=  0.1651 (partial c.d.=  0.0567)
SCF ITERATION NUMBER  3
     point #   1  energy = -40.000
     point #  20  energy = -28.795
     point #  40  energy =  -8.421
     point #  60  energy =  -8.381
New Fermi level:    mu=  -7.880 eV  Charge distance=  0.0308 (partial c.d.=  0.1230)
SCF ITERATION NUMBER  4
     point #   1  energy = -40.000
     point #  20  energy = -28.959
     point #  40  energy =  -8.884
     point #  60  energy =  -7.921
New Fermi level:    mu=  -8.211 eV  Charge distance=  0.0219 (partial c.d.=  0.9556)
SCF ITERATION NUMBER  5
     point #   1  energy = -40.000
     point #  20  energy = -28.720
     point #  40  energy =  -8.211
New Fermi level:    mu=  -8.183 eV  Charge distance=  0.0382 (partial c.d.=  0.2252)
SCF ITERATION NUMBER  6
     point #   1  energy = -40.000
     point #  20  energy = -28.710
     point #  40  energy =  -8.183
New Fermi level:    mu=  -8.206 eV  Charge distance=  0.0178 (partial c.d.=  1.0246)
SCF ITERATION NUMBER  7
     point #   1  energy = -40.000
     point #  20  energy = -28.718
     point #  40  energy =  -8.206
     point #  60  energy =  -8.256
New Fermi level:    mu=  -8.264 eV  Charge distance=  0.0519 (partial c.d.=  0.0886)
SCF ITERATION NUMBER  8
     point #   1  energy = -40.000
     point #  20  energy = -28.739
     point #  40  energy =  -8.264
New Fermi level:    mu=  -8.245 eV  Charge distance=  0.0371 (partial c.d.=  1.1095)
SCF ITERATION NUMBER  9
     point #   1  energy = -40.000
     point #  20  energy = -28.732
     point #  40  energy =  -8.245
New Fermi level:    mu=  -8.278 eV  Charge distance=  0.0035 (partial c.d.=  0.8674)
SCF ITERATION NUMBER 10
     point #   1  energy = -40.000
     point #  20  energy = -28.744
     point #  40  energy =  -8.278
New Fermi level:    mu=  -8.292 eV  Charge distance=  0.0018 (partial c.d.=  0.1756)
SCF ITERATION NUMBER 11
     point #   1  energy = -40.000
     point #  20  energy = -28.749
     point #  40  energy =  -8.292
New Fermi level:    mu=  -8.302 eV  Charge distance=  0.0009 (partial c.d.=  0.0483)
SCF ITERATION NUMBER 12
     point #   1  energy = -40.000
     point #  20  energy = -28.752
     point #  40  energy =  -8.302
New Fermi level:    mu=  -8.300 eV  Charge distance=  0.0008 (partial c.d.=  0.1168)
SCF ITERATION NUMBER 13
     point #   1  energy = -40.000
     point #  20  energy = -28.752
     point #  40  energy =  -8.300
New Fermi level:    mu=  -8.302 eV  Charge distance=  0.0008 (partial c.d.=  0.0463)
SCF ITERATION NUMBER 14
     point #   1  energy = -40.000
     point #  20  energy = -28.752
     point #  40  energy =  -8.302
New Fermi level:    mu=  -8.302 eV  Charge distance=  0.0015 (partial c.d.=  0.0122)
SCF ITERATION NUMBER 15
     point #   1  energy = -40.000
     point #  20  energy = -28.752
     point #  40  energy =  -8.302
New Fermi level:    mu=  -8.303 eV  Charge distance=  0.0003 (partial c.d.=  0.0327)
SCF ITERATION NUMBER 16
     point #   1  energy = -40.000
     point #  20  energy = -28.753
     point #  40  energy =  -8.303
New Fermi level:    mu=  -8.302 eV  Charge distance=  0.0001 (partial c.d.=  0.0118)
SCF ITERATION NUMBER 17
     point #   1  energy = -40.000
     point #  20  energy = -28.752
     point #  40  energy =  -8.302
New Fermi level:    mu=  -8.302 eV  Charge distance=  0.0000 (partial c.d.=  0.0041)
SCF ITERATION NUMBER 18
     point #   1  energy = -40.000
     point #  20  energy = -28.752
     point #  40  energy =  -8.302
New Fermi level:    mu=  -8.302 eV  Charge distance=  0.0001 (partial c.d.=  0.0005)
SCF ITERATION NUMBER 19
     point #   1  energy = -40.000
     point #  20  energy = -28.752
     point #  40  energy =  -8.302
New Fermi level:    mu=  -8.302 eV  Charge distance=  0.0000 (partial c.d.=  0.0019)
SCF ITERATION NUMBER 20
     point #   1  energy = -40.000
     point #  20  energy = -28.752
     point #  40  energy =  -8.302
New Fermi level:    mu=  -8.302 eV  Charge distance=  0.0000 (partial c.d.=  0.0003)
SCF ITERATION NUMBER 21
     point #   1  energy = -40.000
     point #  20  energy = -28.752
     point #  40  energy =  -8.302
New Fermi level:    mu=  -8.302 eV  Charge distance=  0.0001 (partial c.d.=  0.0010)
SCF ITERATION NUMBER 22
     point #   1  energy = -40.000
     point #  20  energy = -28.752
     point #  40  energy =  -8.302
New Fermi level:    mu=  -8.302 eV  Charge distance=  0.0000 (partial c.d.=  0.0033)
SCF ITERATION NUMBER 23
     point #   1  energy = -40.000
     point #  20  energy = -28.752
     point #  40  energy =  -8.302
New Fermi level:    mu=  -8.302 eV  Charge distance=  0.0000 (partial c.d.=  0.0000)
Electronic configuration
  type     l     N_el
     0     0    0.545
     0     1    0.619
     0     2    9.388
     0     3    0.000
     1     0    0.244
     1     1    6.300
     1     2    0.202
     1     3    0.000
     2     0    0.545
     2     1    0.619
     2     2    9.388
     2     3    0.000
     3     0    1.874
     3     1    4.508
     3     2    0.060
     3     3    0.000
Charge transfer:  type  charge
       0   -0.448
       1   -0.253
       2   -0.448
       3    0.442
Convergence reached in   23 iterations.
Done with module: potentials.

Calculating screened core-hole potential ...
FMS for a cluster of   15 atoms around iph =   0
    0% of energy integration
   20%
   40%
   60%
   80%
  100%
Preparing response function.
Computing (1 - K Chi0)^-1 v_ch
Done with module: screened core-hole potential.

Calculating cross-section and phases ...
    absorption cross section
 x0,dx,rnrm,inrm,jnrm   8.80000000000000       5.000000000000000E-002
   2.48205920799988              195         196
    phase shifts for unique potential    0
    phase shifts for unique potential    1
    phase shifts for unique potential    2
    phase shifts for unique potential    3
Done with module: cross-section and phases (XSPH).

FMS calculation of full Green's function ...
FEFF-serial using 1 thread.
Using   194 energy points.
xprep done
FMS for a cluster of  227 atoms
Energy point    1/ 194
Energy point   10/ 194
Energy point   20/ 194
Energy point   30/ 194
Energy point   40/ 194
Energy point   50/ 194
Energy point   60/ 194
Energy point   70/ 194
Energy point   80/ 194
Energy point   90/ 194
Energy point  100/ 194
Energy point  110/ 194
Energy point  120/ 194
Energy point  130/ 194
Energy point  140/ 194
Energy point  150/ 194
Energy point  160/ 194
Energy point  170/ 194
Energy point  180/ 194
Energy point  190/ 194
Done with module: FMS.

MKGTR: Tracing over Green's function ...
Done with module: MKGTR.

Pathfinder: finding scattering paths...
Preparing plane wave scattering amplitudes
Searching for paths
Eliminating path degeneracies
0 paths retained.
Done with module: pathfinder.

Calculating EXAFS parameters ...
Done with module: EXAFS parameters (GENFMT).

Calculating XAS spectra ...
Done with module: XAS spectra (FF2X: DW + final sum over paths).

 
### feff ends at Sun Aug 13 11:02:54 EDT 2023
 
