### feff starts at Mon Aug 14 06:45:38 EDT 2023
### Serial version
### FeffPath is /sdcc/u/mcarbone/software/JFEFF/hsw/feff90/linux
 
Launching FEFF version FEFF 9.9.1
Core hole lifetime is   1.729 eV.
Your calculation:
 comment: None given
 Source:
 Structure Summary:  Ca19 Cu24 O46
 Reduced formula:  Ca19(Cu12O23)2
 space group: (P1), space number:  (1)
 abc:  6.471133  10.930006  16.951705
 angles: 74.926425  89.872809  89.857604
 sites: 89
Cu K edge XANES using RPA corehole.
Using:     * Self-Consistent Field potentials
Using cards:   ATOMS CONTROL EXCHANGE TITLE RPATH POTENTIALS XANES EDGE SCF FMS S02 COREHOLE EGRID

Calculating atomic potentials ...
    overlapped atomic potential and density for unique potential    0
    overlapped atomic potential and density for unique potential    1
    overlapped atomic potential and density for unique potential    2
    overlapped atomic potential and density for unique potential    3
Done with module: atomic potentials.

Calculating SCF potentials ...
FEFF-serial using 1 thread.
Muffin tin radii and interstitial parameters [bohr]:
type, norman radius, muffin tin, overlap factor
    0  1.29817E+00  1.17075E+00  1.15000E+00
    1  1.75901E+00  1.67346E+00  1.13543E+00
    2  1.32023E+00  1.19812E+00  1.15000E+00
    3  1.09238E+00  9.93795E-01  1.15000E+00
Core-valence separation energy:  ecv=   -40.000 eV
Initial Fermi level:              mu=    -2.349 eV
SCF ITERATION NUMBER  1
     point #   1  energy = -40.000
FMS for a cluster of  117 atoms around atom type   0
FMS for a cluster of  102 atoms around atom type   1
FMS for a cluster of  109 atoms around atom type   2
FMS for a cluster of  112 atoms around atom type   3
     point #  20  energy = -28.822
     point #  40  energy =  -8.572
     point #  60  energy =  -6.353
     point #  80  energy =  -5.650
New Fermi level:    mu=  -5.655 eV  Charge distance=  0.9962 (partial c.d.=  6.7875)
SCF ITERATION NUMBER  1
     point #   1  energy = -40.000
FMS for a cluster of  117 atoms around atom type   0
FMS for a cluster of  102 atoms around atom type   1
FMS for a cluster of  109 atoms around atom type   2
FMS for a cluster of  112 atoms around atom type   3
     point #  20  energy = -28.889
     point #  40  energy =  -8.686
     point #  60  energy =  -5.668
     point #  80  energy =  -7.684
     point # 100  energy = -11.699
     point # 120  energy = -12.052
New Fermi level:    mu= -12.274 eV  Charge distance=  0.2874 (partial c.d.=  5.3486)
SCF ITERATION NUMBER  1
     point #   1  energy = -40.000
FMS for a cluster of  117 atoms around atom type   0
FMS for a cluster of  102 atoms around atom type   1
FMS for a cluster of  109 atoms around atom type   2
FMS for a cluster of  112 atoms around atom type   3
     point #  20  energy = -28.704
     point #  40  energy = -12.274
     point #  60  energy = -12.027
     point #  80  energy = -11.346
     point # 100  energy = -11.646
New Fermi level:    mu= -11.807 eV  Charge distance=  0.2016 (partial c.d.=  0.4572)
SCF ITERATION NUMBER  2
     point #   1  energy = -40.000
     point #  20  energy = -28.924
     point #  40  energy = -11.807
     point #  60  energy = -11.638
     point #  80  energy =  -9.613
     point # 100  energy =  -9.957
New Fermi level:    mu= -10.018 eV  Charge distance=  0.3410 (partial c.d.=  0.3608)
SCF ITERATION NUMBER  3
     point #   1  energy = -40.000
     point #  20  energy = -29.006
     point #  40  energy = -10.018
     point #  60  energy =  -9.927
     point #  80  energy =  -9.355
New Fermi level:    mu=  -9.352 eV  Charge distance=  0.1123 (partial c.d.=  0.1884)
SCF ITERATION NUMBER  4
     point #   1  energy = -40.000
     point #  20  energy = -28.762
     point #  40  energy =  -9.352
     point #  60  energy =  -9.449
New Fermi level:    mu=  -9.499 eV  Charge distance=  0.0146 (partial c.d.=  0.0766)
SCF ITERATION NUMBER  5
     point #   1  energy = -40.000
     point #  20  energy = -28.816
     point #  40  energy =  -9.499
     point #  60  energy =  -9.596
New Fermi level:    mu=  -9.701 eV  Charge distance=  0.0132 (partial c.d.=  0.0712)
SCF ITERATION NUMBER  6
     point #   1  energy = -40.000
     point #  20  energy = -28.890
     point #  40  energy =  -9.701
New Fermi level:    mu=  -9.722 eV  Charge distance=  0.0045 (partial c.d.=  0.0789)
SCF ITERATION NUMBER  7
     point #   1  energy = -40.000
     point #  20  energy = -28.898
     point #  40  energy =  -9.722
New Fermi level:    mu=  -9.746 eV  Charge distance=  0.0042 (partial c.d.=  0.0406)
SCF ITERATION NUMBER  8
     point #   1  energy = -40.000
     point #  20  energy = -28.907
     point #  40  energy =  -9.746
New Fermi level:    mu=  -9.736 eV  Charge distance=  0.0063 (partial c.d.=  0.0077)
SCF ITERATION NUMBER  9
     point #   1  energy = -40.000
     point #  20  energy = -28.903
     point #  40  energy =  -9.736
New Fermi level:    mu=  -9.727 eV  Charge distance=  0.0019 (partial c.d.=  0.0033)
SCF ITERATION NUMBER 10
     point #   1  energy = -40.000
     point #  20  energy = -28.900
     point #  40  energy =  -9.727
New Fermi level:    mu=  -9.725 eV  Charge distance=  0.0001 (partial c.d.=  0.0011)
SCF ITERATION NUMBER 11
     point #   1  energy = -40.000
     point #  20  energy = -28.899
     point #  40  energy =  -9.725
New Fermi level:    mu=  -9.725 eV  Charge distance=  0.0002 (partial c.d.=  0.0000)
Electronic configuration
  type     l     N_el
     0     0    0.542
     0     1    0.589
     0     2    9.377
     0     3    0.000
     1     0    0.353
     1     1    6.535
     1     2    0.915
     1     3    0.000
     2     0    0.540
     2     1    0.568
     2     2    9.409
     2     3    0.000
     3     0    1.831
     3     1    4.428
     3     2    0.074
     3     3    0.000
Charge transfer:  type  charge
       0   -0.493
       1   -0.197
       2   -0.482
       3    0.333
Convergence reached in   11 iterations.
Done with module: potentials.

Calculating screened core-hole potential ...
FMS for a cluster of   20 atoms around iph =   0
    0% of energy integration
   20%
   40%
   60%
   80%
  100%
Preparing response function.
Computing (1 - K Chi0)^-1 v_ch
Done with module: screened core-hole potential.

Calculating cross-section and phases ...
    absorption cross section
 x0,dx,rnrm,inrm,jnrm   8.80000000000000       5.000000000000000E-002
   2.45318615699997              194         195
    phase shifts for unique potential    0
    phase shifts for unique potential    1
    phase shifts for unique potential    2
    phase shifts for unique potential    3
Done with module: cross-section and phases (XSPH).

FMS calculation of full Green's function ...
FEFF-serial using 1 thread.
Using   194 energy points.
xprep done
FMS for a cluster of  232 atoms
Energy point    1/ 194
Energy point   10/ 194
Energy point   20/ 194
Energy point   30/ 194
Energy point   40/ 194
Energy point   50/ 194
Energy point   60/ 194
Energy point   70/ 194
Energy point   80/ 194
Energy point   90/ 194
Energy point  100/ 194
Energy point  110/ 194
Energy point  120/ 194
Energy point  130/ 194
Energy point  140/ 194
Energy point  150/ 194
Energy point  160/ 194
Energy point  170/ 194
Energy point  180/ 194
Energy point  190/ 194
Done with module: FMS.

MKGTR: Tracing over Green's function ...
Done with module: MKGTR.

Pathfinder: finding scattering paths...
Preparing plane wave scattering amplitudes
Searching for paths
Eliminating path degeneracies
0 paths retained.
Done with module: pathfinder.

Calculating EXAFS parameters ...
Done with module: EXAFS parameters (GENFMT).

Calculating XAS spectra ...
Done with module: XAS spectra (FF2X: DW + final sum over paths).

 
### feff ends at Mon Aug 14 08:12:00 EDT 2023
 
