### feff starts at Sun Aug 13 20:21:22 EDT 2023
### Serial version
### FeffPath is /sdcc/u/mcarbone/software/JFEFF/hsw/feff90/linux
 
Launching FEFF version FEFF 9.9.1
Core hole lifetime is   1.729 eV.
Your calculation:
 comment: None given
 Source:
 Structure Summary:  Cr3 Cu1 O8
 Reduced formula:  Cr3CuO8
 space group: (C2/m), space number:  (12)
 abc:  5.030061   5.030061   6.607199
 angles: 86.446001  86.446001  67.129357
 sites: 12
Cu K edge XANES using RPA corehole.
Using:     * Self-Consistent Field potentials
Using cards:   ATOMS CONTROL EXCHANGE TITLE RPATH POTENTIALS XANES EDGE SCF FMS S02 COREHOLE EGRID

Calculating atomic potentials ...
    overlapped atomic potential and density for unique potential    0
    overlapped atomic potential and density for unique potential    1
    overlapped atomic potential and density for unique potential    2
    overlapped atomic potential and density for unique potential    3
Done with module: atomic potentials.

Calculating SCF potentials ...
FEFF-serial using 1 thread.
Muffin tin radii and interstitial parameters [bohr]:
type, norman radius, muffin tin, overlap factor
    0  1.35658E+00  1.25884E+00  1.15000E+00
    1  1.25022E+00  1.03972E+00  1.15000E+00
    2  1.35683E+00  1.25902E+00  1.15000E+00
    3  1.07447E+00  9.12213E-01  1.15000E+00
Core-valence separation energy:  ecv=   -57.000 eV
Initial Fermi level:              mu=     2.879 eV
SCF ITERATION NUMBER  1
     point #   1  energy = -57.000
FMS for a cluster of  119 atoms around atom type   0
FMS for a cluster of   97 atoms around atom type   1
FMS for a cluster of   86 atoms around atom type   2
FMS for a cluster of  113 atoms around atom type   3
     point #  20  energy = -45.253
     point #  40  energy = -25.003
     point #  60  energy =  -8.906
     point #  80  energy =  -7.490
 Found bad counts.
  Occupation number in getorb is    10.000
  Will repeat this iteration.
 Found bad counts.
  Occupation number in getorb is    10.000
  Will repeat this iteration.
New Fermi level:    mu=  -7.508 eV  Charge distance=  1.8925 (partial c.d.=  6.7230)
SCF ITERATION NUMBER  1
     point #   1  energy = -57.000
FMS for a cluster of  119 atoms around atom type   0
FMS for a cluster of   97 atoms around atom type   1
FMS for a cluster of   86 atoms around atom type   2
FMS for a cluster of  113 atoms around atom type   3
     point #  20  energy = -45.889
     point #  40  energy = -25.689
     point #  60  energy =  -7.508
     point #  80  energy =  -7.367
     point # 100  energy =  -6.855
New Fermi level:    mu=  -6.810 eV  Charge distance=  0.7530 (partial c.d.=  9.6870)
SCF ITERATION NUMBER  1
     point #   1  energy = -57.000
FMS for a cluster of  119 atoms around atom type   0
FMS for a cluster of   97 atoms around atom type   1
FMS for a cluster of   86 atoms around atom type   2
FMS for a cluster of  113 atoms around atom type   3
     point #  20  energy = -45.958
     point #  40  energy = -25.882
     point #  60  energy =  -6.810
     point #  80  energy =  -6.900
     point # 100  energy = -10.228
     point # 120  energy =  -9.538
New Fermi level:    mu=  -9.548 eV  Charge distance=  0.3072 (partial c.d.=  2.3101)
SCF ITERATION NUMBER  2
     point #   1  energy = -57.000
     point #  20  energy = -45.894
     point #  40  energy = -25.702
     point #  60  energy =  -9.548
     point #  80  energy =  -9.380
     point # 100  energy =  -8.508
New Fermi level:    mu=  -8.485 eV  Charge distance=  0.2414 (partial c.d.=  0.9805)
SCF ITERATION NUMBER  3
     point #   1  energy = -57.000
     point #  20  energy = -45.882
     point #  40  energy = -25.667
     point #  60  energy =  -8.485
     point #  80  energy =  -8.653
New Fermi level:    mu=  -9.245 eV  Charge distance=  0.1718 (partial c.d.=  3.7521)
SCF ITERATION NUMBER  4
     point #   1  energy = -57.000
     point #  20  energy = -45.823
     point #  40  energy = -25.502
     point #  60  energy =  -9.245
     point #  80  energy =  -9.064
New Fermi level:    mu=  -8.977 eV  Charge distance=  0.0712 (partial c.d.=  3.6188)
SCF ITERATION NUMBER  5
     point #   1  energy = -57.000
     point #  20  energy = -45.761
     point #  40  energy = -25.325
     point #  60  energy =  -8.977
New Fermi level:    mu=  -8.930 eV  Charge distance=  0.0961 (partial c.d.=  0.1765)
SCF ITERATION NUMBER  6
     point #   1  energy = -57.000
     point #  20  energy = -45.749
     point #  40  energy = -25.294
     point #  60  energy =  -8.930
New Fermi level:    mu=  -9.005 eV  Charge distance=  0.0227 (partial c.d.=  0.3120)
SCF ITERATION NUMBER  7
     point #   1  energy = -57.000
     point #  20  energy = -45.767
     point #  40  energy = -25.343
     point #  60  energy =  -9.005
New Fermi level:    mu=  -8.979 eV  Charge distance=  0.0180 (partial c.d.=  0.1397)
SCF ITERATION NUMBER  8
     point #   1  energy = -57.000
     point #  20  energy = -45.761
     point #  40  energy = -25.327
     point #  60  energy =  -8.979
New Fermi level:    mu=  -8.998 eV  Charge distance=  0.0105 (partial c.d.=  0.1746)
SCF ITERATION NUMBER  9
     point #   1  energy = -57.000
     point #  20  energy = -45.765
     point #  40  energy = -25.339
     point #  60  energy =  -8.998
New Fermi level:    mu=  -8.982 eV  Charge distance=  0.0030 (partial c.d.=  0.0768)
SCF ITERATION NUMBER 10
     point #   1  energy = -57.000
     point #  20  energy = -45.762
     point #  40  energy = -25.328
     point #  60  energy =  -8.982
New Fermi level:    mu=  -8.968 eV  Charge distance=  0.0037 (partial c.d.=  0.0150)
SCF ITERATION NUMBER 11
     point #   1  energy = -57.000
     point #  20  energy = -45.759
     point #  40  energy = -25.320
     point #  60  energy =  -8.968
New Fermi level:    mu=  -8.961 eV  Charge distance=  0.0025 (partial c.d.=  0.0111)
SCF ITERATION NUMBER 12
     point #   1  energy = -57.000
     point #  20  energy = -45.757
     point #  40  energy = -25.314
     point #  60  energy =  -8.961
New Fermi level:    mu=  -8.953 eV  Charge distance=  0.0006 (partial c.d.=  0.0079)
SCF ITERATION NUMBER 13
     point #   1  energy = -57.000
     point #  20  energy = -45.755
     point #  40  energy = -25.309
     point #  60  energy =  -8.953
New Fermi level:    mu=  -8.952 eV  Charge distance=  0.0000 (partial c.d.=  0.0015)
SCF ITERATION NUMBER 14
     point #   1  energy = -57.000
     point #  20  energy = -45.755
     point #  40  energy = -25.309
     point #  60  energy =  -8.952
New Fermi level:    mu=  -8.953 eV  Charge distance=  0.0002 (partial c.d.=  0.0002)
SCF ITERATION NUMBER 15
     point #   1  energy = -57.000
     point #  20  energy = -45.755
     point #  40  energy = -25.309
     point #  60  energy =  -8.953
New Fermi level:    mu=  -8.954 eV  Charge distance=  0.0001 (partial c.d.=  0.0004)
SCF ITERATION NUMBER 16
     point #   1  energy = -57.000
     point #  20  energy = -45.755
     point #  40  energy = -25.310
     point #  60  energy =  -8.954
New Fermi level:    mu=  -8.954 eV  Charge distance=  0.0000 (partial c.d.=  0.0002)
Electronic configuration
  type     l     N_el
     0     0    0.439
     0     1    0.502
     0     2    9.469
     0     3    0.000
     1     0    0.497
     1     1    6.680
     1     2    4.529
     1     3    0.000
     2     0    0.442
     2     1    0.507
     2     2    9.464
     2     3    0.000
     3     0    1.854
     3     1    4.214
     3     2    0.117
     3     3    0.000
Charge transfer:  type  charge
       0   -0.589
       1   -0.293
       2   -0.588
       3    0.184
Convergence reached in   16 iterations.
Done with module: potentials.

Calculating screened core-hole potential ...
FMS for a cluster of   21 atoms around iph =   0
    0% of energy integration
   20%
   40%
   60%
   80%
  100%
Preparing response function.
Computing (1 - K Chi0)^-1 v_ch
Done with module: screened core-hole potential.

Calculating cross-section and phases ...
    absorption cross section
 x0,dx,rnrm,inrm,jnrm   8.80000000000000       5.000000000000000E-002
   2.56356106599980              195         196
    phase shifts for unique potential    0
    phase shifts for unique potential    1
    phase shifts for unique potential    2
    phase shifts for unique potential    3
Done with module: cross-section and phases (XSPH).

FMS calculation of full Green's function ...
FEFF-serial using 1 thread.
Using   194 energy points.
xprep done
FMS for a cluster of  227 atoms
Energy point    1/ 194
Energy point   10/ 194
Energy point   20/ 194
Energy point   30/ 194
Energy point   40/ 194
Energy point   50/ 194
Energy point   60/ 194
Energy point   70/ 194
Energy point   80/ 194
Energy point   90/ 194
Energy point  100/ 194
Energy point  110/ 194
Energy point  120/ 194
Energy point  130/ 194
Energy point  140/ 194
Energy point  150/ 194
Energy point  160/ 194
Energy point  170/ 194
Energy point  180/ 194
Energy point  190/ 194
Done with module: FMS.

MKGTR: Tracing over Green's function ...
Done with module: MKGTR.

Pathfinder: finding scattering paths...
Preparing plane wave scattering amplitudes
Searching for paths
Eliminating path degeneracies
0 paths retained.
Done with module: pathfinder.

Calculating EXAFS parameters ...
Done with module: EXAFS parameters (GENFMT).

Calculating XAS spectra ...
Done with module: XAS spectra (FF2X: DW + final sum over paths).

 
### feff ends at Sun Aug 13 21:53:48 EDT 2023
 
