### feff starts at Sun Aug 13 11:20:05 EDT 2023
### Serial version
### FeffPath is /sdcc/u/mcarbone/software/JFEFF/hsw/feff90/linux
 
Launching FEFF version FEFF 9.9.1
Resetting lmaxsc to 2 for iph =    3.  Use  UNFREEZE to prevent this.
Core hole lifetime is   1.729 eV.
Your calculation:
 comment: None given
 Source:
 Structure Summary:  Sr20 Cu10 Bi20 O58
 Reduced formula:  Sr10Cu5Bi10O29
 space group: (P1), space number:  (1)
 abc:  5.403426  13.883569  25.144822
 angles: 81.977961  83.820018  78.790805
 sites: 108
Cu K edge XANES using RPA corehole.
Using:     * Self-Consistent Field potentials
Using cards:   ATOMS CONTROL EXCHANGE TITLE RPATH POTENTIALS XANES EDGE SCF FMS S02 COREHOLE EGRID

Calculating atomic potentials ...
    overlapped atomic potential and density for unique potential    0
    overlapped atomic potential and density for unique potential    1
    overlapped atomic potential and density for unique potential    2
    overlapped atomic potential and density for unique potential    3
    overlapped atomic potential and density for unique potential    4
Done with module: atomic potentials.

Calculating SCF potentials ...
FEFF-serial using 1 thread.
Muffin tin radii and interstitial parameters [bohr]:
type, norman radius, muffin tin, overlap factor
    0  1.26552E+00  1.16515E+00  1.15000E+00
    1  1.85586E+00  1.77907E+00  1.11199E+00
    2  1.27492E+00  1.18353E+00  1.15000E+00
    3  1.79133E+00  1.63422E+00  1.15000E+00
    4  1.10455E+00  1.05217E+00  1.13144E+00
Core-valence separation energy:  ecv=   -34.000 eV
Initial Fermi level:              mu=    -2.609 eV
SCF ITERATION NUMBER  1
     point #   1  energy = -34.000
FMS for a cluster of   91 atoms around atom type   0
FMS for a cluster of   87 atoms around atom type   1
FMS for a cluster of   81 atoms around atom type   2
FMS for a cluster of   63 atoms around atom type   3
FMS for a cluster of   87 atoms around atom type   4
     point #  20  energy = -22.862
     point #  40  energy =  -8.087
     point #  60  energy =  -6.333
New Fermi level:    mu=  -5.953 eV  Charge distance=  1.2191 (partial c.d.= 10.5385)
SCF ITERATION NUMBER  1
     point #   1  energy = -34.000
FMS for a cluster of   91 atoms around atom type   0
FMS for a cluster of   87 atoms around atom type   1
FMS for a cluster of   81 atoms around atom type   2
FMS for a cluster of   63 atoms around atom type   3
FMS for a cluster of   87 atoms around atom type   4
     point #  20  energy = -22.981
     point #  40  energy =  -5.953
     point #  60  energy =  -6.122
     point #  80  energy =  -9.625
     point # 100  energy =  -9.034
New Fermi level:    mu=  -8.987 eV  Charge distance=  0.3636 (partial c.d.=  6.3479)
SCF ITERATION NUMBER  1
     point #   1  energy = -34.000
FMS for a cluster of   91 atoms around atom type   0
FMS for a cluster of   87 atoms around atom type   1
FMS for a cluster of   81 atoms around atom type   2
FMS for a cluster of   63 atoms around atom type   3
FMS for a cluster of   87 atoms around atom type   4
     point #  20  energy = -22.994
     point #  40  energy =  -8.987
     point #  60  energy =  -9.181
New Fermi level:    mu=  -9.214 eV  Charge distance=  0.2239 (partial c.d.=  0.2034)
SCF ITERATION NUMBER  2
     point #   1  energy = -34.000
     point #  20  energy = -22.640
     point #  40  energy =  -9.214
     point #  60  energy =  -8.733
New Fermi level:    mu=  -8.393 eV  Charge distance=  0.2049 (partial c.d.=  0.5968)
SCF ITERATION NUMBER  3
     point #   1  energy = -34.000
     point #  20  energy = -22.733
     point #  40  energy =  -8.393
     point #  60  energy =  -8.630
New Fermi level:    mu=  -8.655 eV  Charge distance=  0.3217 (partial c.d.=  1.3917)
SCF ITERATION NUMBER  4
     point #   1  energy = -34.000
     point #  20  energy = -22.848
     point #  40  energy =  -8.655
New Fermi level:    mu=  -8.661 eV  Charge distance=  0.1569 (partial c.d.=  1.8817)
SCF ITERATION NUMBER  5
     point #   1  energy = -34.000
     point #  20  energy = -22.851
     point #  40  energy =  -8.661
New Fermi level:    mu=  -8.740 eV  Charge distance=  0.1023 (partial c.d.=  0.2620)
SCF ITERATION NUMBER  6
     point #   1  energy = -34.000
     point #  20  energy = -22.886
     point #  40  energy =  -8.740
     point #  60  energy =  -8.571
New Fermi level:    mu=  -8.586 eV  Charge distance=  0.0271 (partial c.d.=  0.5399)
SCF ITERATION NUMBER  7
     point #   1  energy = -34.000
     point #  20  energy = -22.818
     point #  40  energy =  -8.586
New Fermi level:    mu=  -8.637 eV  Charge distance=  0.0165 (partial c.d.=  0.2499)
SCF ITERATION NUMBER  8
     point #   1  energy = -34.000
     point #  20  energy = -22.840
     point #  40  energy =  -8.637
New Fermi level:    mu=  -8.614 eV  Charge distance=  0.0099 (partial c.d.=  0.0870)
SCF ITERATION NUMBER  9
     point #   1  energy = -34.000
     point #  20  energy = -22.830
     point #  40  energy =  -8.614
New Fermi level:    mu=  -8.598 eV  Charge distance=  0.0051 (partial c.d.=  0.0299)
SCF ITERATION NUMBER 10
     point #   1  energy = -34.000
     point #  20  energy = -22.823
     point #  40  energy =  -8.598
New Fermi level:    mu=  -8.596 eV  Charge distance=  0.0062 (partial c.d.=  0.0053)
SCF ITERATION NUMBER 11
     point #   1  energy = -34.000
     point #  20  energy = -22.822
     point #  40  energy =  -8.596
New Fermi level:    mu=  -8.584 eV  Charge distance=  0.0016 (partial c.d.=  0.0055)
SCF ITERATION NUMBER 12
     point #   1  energy = -34.000
     point #  20  energy = -22.817
     point #  40  energy =  -8.584
New Fermi level:    mu=  -8.585 eV  Charge distance=  0.0009 (partial c.d.=  0.0048)
SCF ITERATION NUMBER 13
     point #   1  energy = -34.000
     point #  20  energy = -22.817
     point #  40  energy =  -8.585
New Fermi level:    mu=  -8.585 eV  Charge distance=  0.0001 (partial c.d.=  0.0014)
SCF ITERATION NUMBER 14
     point #   1  energy = -34.000
     point #  20  energy = -22.817
     point #  40  energy =  -8.585
New Fermi level:    mu=  -8.585 eV  Charge distance=  0.0002 (partial c.d.=  0.0001)
Electronic configuration
  type     l     N_el
     0     0    0.516
     0     1    0.600
     0     2    9.405
     0     3    0.000
     1     0    0.309
     1     1    6.403
     1     2    0.895
     1     3    0.000
     2     0    0.511
     2     1    0.592
     2     2    9.438
     2     3    0.000
     3     0    1.880
     3     1    2.065
     3     2   10.345
     3     3    0.000
     4     0    1.850
     4     1    4.543
     4     2    0.067
     4     3    0.000
Charge transfer:  type  charge
       0   -0.478
       1   -0.394
       2   -0.458
       3   -0.710
       4    0.460
Convergence reached in   14 iterations.
Done with module: potentials.

Calculating screened core-hole potential ...
FMS for a cluster of   18 atoms around iph =   0
    0% of energy integration
   20%
   40%
   60%
   80%
  100%
Preparing response function.
Computing (1 - K Chi0)^-1 v_ch
Done with module: screened core-hole potential.

Calculating cross-section and phases ...
    absorption cross section
 x0,dx,rnrm,inrm,jnrm   8.80000000000000       5.000000000000000E-002
   2.39148324800014              194         195
    phase shifts for unique potential    0
    phase shifts for unique potential    1
    phase shifts for unique potential    2
    phase shifts for unique potential    3
    phase shifts for unique potential    4
Done with module: cross-section and phases (XSPH).

FMS calculation of full Green's function ...
FEFF-serial using 1 thread.
Using   194 energy points.
xprep done
FMS for a cluster of  186 atoms
Energy point    1/ 194
Energy point   10/ 194
Energy point   20/ 194
Energy point   30/ 194
Energy point   40/ 194
Energy point   50/ 194
Energy point   60/ 194
Energy point   70/ 194
Energy point   80/ 194
Energy point   90/ 194
Energy point  100/ 194
Energy point  110/ 194
Energy point  120/ 194
Energy point  130/ 194
Energy point  140/ 194
Energy point  150/ 194
Energy point  160/ 194
Energy point  170/ 194
Energy point  180/ 194
Energy point  190/ 194
Done with module: FMS.

MKGTR: Tracing over Green's function ...
Done with module: MKGTR.

Pathfinder: finding scattering paths...
Preparing plane wave scattering amplitudes
Searching for paths
Eliminating path degeneracies
0 paths retained.
Done with module: pathfinder.

Calculating EXAFS parameters ...
Done with module: EXAFS parameters (GENFMT).

Calculating XAS spectra ...
Done with module: XAS spectra (FF2X: DW + final sum over paths).

 
### feff ends at Sun Aug 13 12:09:48 EDT 2023
 
