### feff starts at Sun Aug 13 13:44:07 EDT 2023
### Serial version
### FeffPath is /sdcc/u/mcarbone/software/JFEFF/hsw/feff90/linux
 
Launching FEFF version FEFF 9.9.1
Resetting lmaxsc to 2 for iph =    1.  Use  UNFREEZE to prevent this.
Core hole lifetime is   1.729 eV.
Your calculation:
 comment: None given
 Source:
 Structure Summary:  La4 Cu2 Rh2 O12
 Reduced formula:  La2CuRhO6
 space group: (P2_1/c), space number:  (14)
 abc:  5.847341   5.614475   9.598238
 angles: 54.424187  90.000000  90.000000
 sites: 20
Cu K edge XANES using RPA corehole.
Using:     * Self-Consistent Field potentials
Using cards:   ATOMS CONTROL EXCHANGE TITLE RPATH POTENTIALS XANES EDGE SCF FMS S02 COREHOLE EGRID

Calculating atomic potentials ...
    overlapped atomic potential and density for unique potential    0
    overlapped atomic potential and density for unique potential    1
    overlapped atomic potential and density for unique potential    2
    overlapped atomic potential and density for unique potential    3
    overlapped atomic potential and density for unique potential    4
Done with module: atomic potentials.

Calculating SCF potentials ...
FEFF-serial using 1 thread.
Muffin tin radii and interstitial parameters [bohr]:
type, norman radius, muffin tin, overlap factor
    0  1.33070E+00  1.27289E+00  1.11852E+00
    1  1.82289E+00  1.73928E+00  1.12634E+00
    2  1.33074E+00  1.27293E+00  1.11853E+00
    3  1.38940E+00  1.31351E+00  1.15000E+00
    4  1.10230E+00  1.04584E+00  1.14412E+00
Core-valence separation energy:  ecv=   -46.500 eV
Initial Fermi level:              mu=    -0.997 eV
SCF ITERATION NUMBER  1
     point #   1  energy = -46.500
FMS for a cluster of  115 atoms around atom type   0
FMS for a cluster of  106 atoms around atom type   1
FMS for a cluster of   84 atoms around atom type   2
FMS for a cluster of  104 atoms around atom type   3
FMS for a cluster of  107 atoms around atom type   4
     point #  20  energy = -35.373
     point #  40  energy = -15.123
     point #  60  energy =  -7.345
     point #  80  energy =  -5.901
New Fermi level:    mu=  -5.864 eV  Charge distance=  1.3265 (partial c.d.=  7.3408)
SCF ITERATION NUMBER  1
     point #   1  energy = -46.500
FMS for a cluster of  115 atoms around atom type   0
FMS for a cluster of  106 atoms around atom type   1
FMS for a cluster of   84 atoms around atom type   2
FMS for a cluster of  104 atoms around atom type   3
FMS for a cluster of  107 atoms around atom type   4
     point #  20  energy = -35.325
     point #  40  energy = -15.007
     point #  60  energy =  -5.864
     point #  80  energy =  -6.911
     point # 100  energy =  -7.808
     point # 120  energy =  -7.508
New Fermi level:    mu=  -7.328 eV  Charge distance=  0.4370 (partial c.d.=  6.8249)
SCF ITERATION NUMBER  1
     point #   1  energy = -46.500
FMS for a cluster of  115 atoms around atom type   0
FMS for a cluster of  106 atoms around atom type   1
FMS for a cluster of   84 atoms around atom type   2
FMS for a cluster of  104 atoms around atom type   3
FMS for a cluster of  107 atoms around atom type   4
     point #  20  energy = -35.451
     point #  40  energy = -15.363
     point #  60  energy =  -7.328
     point #  80  energy =  -7.968
     point # 100  energy =  -8.293
     point # 120  energy =  -8.024
New Fermi level:    mu=  -7.820 eV  Charge distance=  0.2421 (partial c.d.=  0.6345)
SCF ITERATION NUMBER  2
     point #   1  energy = -46.500
     point #  20  energy = -35.303
     point #  40  energy = -14.945
     point #  60  energy =  -7.820
New Fermi level:    mu=  -7.828 eV  Charge distance=  0.4180 (partial c.d.=  0.2443)
SCF ITERATION NUMBER  3
     point #   1  energy = -46.500
     point #  20  energy = -35.306
     point #  40  energy = -14.952
     point #  60  energy =  -7.828
     point #  80  energy =  -6.475
New Fermi level:    mu=  -6.367 eV  Charge distance=  0.5510 (partial c.d.=  5.4298)
SCF ITERATION NUMBER  4
     point #   1  energy = -46.500
     point #  20  energy = -35.463
     point #  40  energy = -15.397
     point #  60  energy =  -6.367
     point #  80  energy =  -7.160
     point # 100  energy =  -7.735
     point # 120  energy =  -7.435
     point # 140  energy =  -7.185
New Fermi level:    mu=  -7.169 eV  Charge distance=  0.0708 (partial c.d.=  5.6389)
SCF ITERATION NUMBER  5
     point #   1  energy = -46.500
     point #  20  energy = -35.407
     point #  40  energy = -15.237
     point #  60  energy =  -7.169
New Fermi level:    mu=  -7.293 eV  Charge distance=  0.1221 (partial c.d.=  0.1501)
SCF ITERATION NUMBER  6
     point #   1  energy = -46.500
     point #  20  energy = -35.442
     point #  40  energy = -15.336
     point #  60  energy =  -7.293
     point #  80  energy =  -7.934
     point # 100  energy =  -7.850
     point # 120  energy =  -7.600
New Fermi level:    mu=  -7.570 eV  Charge distance=  0.0825 (partial c.d.=  0.2725)
SCF ITERATION NUMBER  7
     point #   1  energy = -46.500
     point #  20  energy = -35.231
     point #  40  energy = -14.742
     point #  60  energy =  -7.570
New Fermi level:    mu=  -7.638 eV  Charge distance=  0.0986 (partial c.d.=  0.1192)
SCF ITERATION NUMBER  8
     point #   1  energy = -46.500
     point #  20  energy = -35.250
     point #  40  energy = -14.797
     point #  60  energy =  -7.638
New Fermi level:    mu=  -7.654 eV  Charge distance=  0.0149 (partial c.d.=  0.1711)
SCF ITERATION NUMBER  9
     point #   1  energy = -46.500
     point #  20  energy = -35.255
     point #  40  energy = -14.810
     point #  60  energy =  -7.654
New Fermi level:    mu=  -7.626 eV  Charge distance=  0.0440 (partial c.d.=  0.0532)
SCF ITERATION NUMBER 10
     point #   1  energy = -46.500
     point #  20  energy = -35.247
     point #  40  energy = -14.787
     point #  60  energy =  -7.626
New Fermi level:    mu=  -7.631 eV  Charge distance=  0.0247 (partial c.d.=  0.0596)
SCF ITERATION NUMBER 11
     point #   1  energy = -46.500
     point #  20  energy = -35.249
     point #  40  energy = -14.791
     point #  60  energy =  -7.631
New Fermi level:    mu=  -7.626 eV  Charge distance=  0.0004 (partial c.d.=  0.0139)
SCF ITERATION NUMBER 12
     point #   1  energy = -46.500
     point #  20  energy = -35.247
     point #  40  energy = -14.787
     point #  60  energy =  -7.626
New Fermi level:    mu=  -7.624 eV  Charge distance=  0.0007 (partial c.d.=  0.0026)
SCF ITERATION NUMBER 13
     point #   1  energy = -46.500
     point #  20  energy = -35.247
     point #  40  energy = -14.786
     point #  60  energy =  -7.624
New Fermi level:    mu=  -7.622 eV  Charge distance=  0.0004 (partial c.d.=  0.0004)
SCF ITERATION NUMBER 14
     point #   1  energy = -46.500
     point #  20  energy = -35.246
     point #  40  energy = -14.784
     point #  60  energy =  -7.622
New Fermi level:    mu=  -7.620 eV  Charge distance=  0.0001 (partial c.d.=  0.0005)
SCF ITERATION NUMBER 15
     point #   1  energy = -46.500
     point #  20  energy = -35.245
     point #  40  energy = -14.782
     point #  60  energy =  -7.620
New Fermi level:    mu=  -7.620 eV  Charge distance=  0.0001 (partial c.d.=  0.0001)
Electronic configuration
  type     l     N_el
     0     0    0.434
     0     1    0.550
     0     2    9.633
     0     3    0.000
     1     0    2.304
     1     1    6.393
     1     2    1.604
     1     3    0.000
     2     0    0.442
     2     1    0.559
     2     2    9.633
     2     3    0.000
     3     0    0.430
     3     1    0.655
     3     2    7.450
     3     3    0.000
     4     0    1.850
     4     1    4.445
     4     2    0.077
     4     3    0.000
Charge transfer:  type  charge
       0   -0.383
       1   -0.699
       2   -0.366
       3   -0.465
       4    0.372
Convergence reached in   15 iterations.
Done with module: potentials.

Calculating screened core-hole potential ...
FMS for a cluster of   17 atoms around iph =   0
    0% of energy integration
   20%
   40%
   60%
   80%
  100%
Preparing response function.
Computing (1 - K Chi0)^-1 v_ch
Done with module: screened core-hole potential.

Calculating cross-section and phases ...
    absorption cross section
 x0,dx,rnrm,inrm,jnrm   8.80000000000000       5.000000000000000E-002
   2.51465381499985              195         196
    phase shifts for unique potential    0
    phase shifts for unique potential    1
    phase shifts for unique potential    2
    phase shifts for unique potential    3
    phase shifts for unique potential    4
Done with module: cross-section and phases (XSPH).

FMS calculation of full Green's function ...
FEFF-serial using 1 thread.
Using   194 energy points.
xprep done
FMS for a cluster of  251 atoms
Energy point    1/ 194
Energy point   10/ 194
Energy point   20/ 194
Energy point   30/ 194
Energy point   40/ 194
Energy point   50/ 194
Energy point   60/ 194
Energy point   70/ 194
Energy point   80/ 194
Energy point   90/ 194
Energy point  100/ 194
Energy point  110/ 194
Energy point  120/ 194
Energy point  130/ 194
Energy point  140/ 194
Energy point  150/ 194
Energy point  160/ 194
Energy point  170/ 194
Energy point  180/ 194
Energy point  190/ 194
Done with module: FMS.

MKGTR: Tracing over Green's function ...
Done with module: MKGTR.

Pathfinder: finding scattering paths...
Preparing plane wave scattering amplitudes
Searching for paths
Eliminating path degeneracies
0 paths retained.
Done with module: pathfinder.

Calculating EXAFS parameters ...
Done with module: EXAFS parameters (GENFMT).

Calculating XAS spectra ...
Done with module: XAS spectra (FF2X: DW + final sum over paths).

 
### feff ends at Sun Aug 13 15:38:04 EDT 2023
 
