### feff starts at Sun Aug 13 09:26:10 EDT 2023
### Serial version
### FeffPath is /sdcc/u/mcarbone/software/JFEFF/hsw/feff90/linux
 
Launching FEFF version FEFF 9.9.1
Resetting lmaxsc to 2 for iph =    1.  Use  UNFREEZE to prevent this.
Core hole lifetime is   1.729 eV.
Your calculation:
 comment: None given
 Source:
 Structure Summary:  Gd2 Cu4 O8
 Reduced formula:  Gd(CuO2)2
 space group: (I4_1/a), space number:  (88)
 abc:  6.323957   6.323957   6.323957
 angles:125.981499 125.981499  79.918551
 sites: 14
Cu K edge XANES using RPA corehole.
Using:     * Self-Consistent Field potentials
Using cards:   ATOMS CONTROL EXCHANGE TITLE RPATH POTENTIALS XANES EDGE SCF FMS S02 COREHOLE EGRID

Calculating atomic potentials ...
    overlapped atomic potential and density for unique potential    0
    overlapped atomic potential and density for unique potential    1
    overlapped atomic potential and density for unique potential    2
    overlapped atomic potential and density for unique potential    3
Done with module: atomic potentials.

Calculating SCF potentials ...
FEFF-serial using 1 thread.
Muffin tin radii and interstitial parameters [bohr]:
type, norman radius, muffin tin, overlap factor
    0  1.28401E+00  1.17804E+00  1.15000E+00
    1  1.73155E+00  1.65519E+00  1.12063E+00
    2  1.28401E+00  1.17804E+00  1.15000E+00
    3  1.10792E+00  1.04891E+00  1.15000E+00
Core-valence separation energy:  ecv=   -40.000 eV
Initial Fermi level:              mu=     0.730 eV
SCF ITERATION NUMBER  1
     point #   1  energy = -40.000
FMS for a cluster of  127 atoms around atom type   0
FMS for a cluster of  121 atoms around atom type   1
FMS for a cluster of  122 atoms around atom type   2
FMS for a cluster of  128 atoms around atom type   3
     point #  20  energy = -28.817
     point #  40  energy =  -8.567
     point #  60  energy =  -3.610
     point #  80  energy =  -3.726
New Fermi level:    mu=  -3.728 eV  Charge distance=  0.5944 (partial c.d.=  6.8194)
SCF ITERATION NUMBER  1
     point #   1  energy = -40.000
FMS for a cluster of  127 atoms around atom type   0
FMS for a cluster of  121 atoms around atom type   1
FMS for a cluster of  122 atoms around atom type   2
FMS for a cluster of  128 atoms around atom type   3
     point #  20  energy = -28.917
     point #  40  energy =  -8.766
     point #  60  energy =  -3.728
     point #  80  energy =  -5.553
     point # 100  energy =  -9.297
New Fermi level:    mu=  -9.885 eV  Charge distance=  0.2155 (partial c.d.=  3.1150)
SCF ITERATION NUMBER  1
     point #   1  energy = -40.000
FMS for a cluster of  127 atoms around atom type   0
FMS for a cluster of  121 atoms around atom type   1
FMS for a cluster of  122 atoms around atom type   2
FMS for a cluster of  128 atoms around atom type   3
     point #  20  energy = -28.958
     point #  40  energy =  -9.885
     point #  60  energy =  -9.795
     point #  80  energy =  -7.992
New Fermi level:    mu=  -8.314 eV  Charge distance=  0.1645 (partial c.d.=  0.5355)
SCF ITERATION NUMBER  2
     point #   1  energy = -40.000
     point #  20  energy = -28.756
     point #  40  energy =  -8.314
     point #  60  energy =  -8.273
     point #  80  energy =  -7.998
New Fermi level:    mu=  -7.999 eV  Charge distance=  0.4943 (partial c.d.=  0.0877)
SCF ITERATION NUMBER  3
     point #   1  energy = -40.000
     point #  20  energy = -29.000
     point #  40  energy =  -8.999
     point #  60  energy =  -7.958
     point #  80  energy =  -7.671
New Fermi level:    mu=  -7.678 eV  Charge distance=  0.0393 (partial c.d.=  0.2555)
SCF ITERATION NUMBER  4
     point #   1  energy = -40.000
     point #  20  energy = -28.889
     point #  40  energy =  -8.688
     point #  60  energy =  -7.719
New Fermi level:    mu=  -7.868 eV  Charge distance=  0.0464 (partial c.d.=  0.4988)
SCF ITERATION NUMBER  5
     point #   1  energy = -40.000
     point #  20  energy = -28.955
     point #  40  energy =  -8.872
     point #  60  energy =  -7.905
New Fermi level:    mu=  -7.962 eV  Charge distance=  0.0136 (partial c.d.=  0.6955)
SCF ITERATION NUMBER  6
     point #   1  energy = -40.000
     point #  20  energy = -28.987
     point #  40  energy =  -8.963
     point #  60  energy =  -7.999
New Fermi level:    mu=  -8.037 eV  Charge distance=  0.0213 (partial c.d.=  0.1094)
SCF ITERATION NUMBER  7
     point #   1  energy = -40.000
     point #  20  energy = -29.013
     point #  40  energy =  -9.035
New Fermi level:    mu=  -8.032 eV  Charge distance=  0.0070 (partial c.d.=  0.2888)
SCF ITERATION NUMBER  8
     point #   1  energy = -40.000
     point #  20  energy = -29.011
     point #  40  energy =  -9.031
New Fermi level:    mu=  -8.039 eV  Charge distance=  0.0019 (partial c.d.=  0.1137)
SCF ITERATION NUMBER  9
     point #   1  energy = -40.000
     point #  20  energy = -29.013
     point #  40  energy =  -9.038
New Fermi level:    mu=  -8.033 eV  Charge distance=  0.0027 (partial c.d.=  0.0123)
SCF ITERATION NUMBER 10
     point #   1  energy = -40.000
     point #  20  energy = -29.011
     point #  40  energy =  -9.032
New Fermi level:    mu=  -8.026 eV  Charge distance=  0.0015 (partial c.d.=  0.0075)
SCF ITERATION NUMBER 11
     point #   1  energy = -40.000
     point #  20  energy = -29.009
     point #  40  energy =  -9.025
New Fermi level:    mu=  -8.022 eV  Charge distance=  0.0007 (partial c.d.=  0.0004)
SCF ITERATION NUMBER 12
     point #   1  energy = -40.000
     point #  20  energy = -29.007
     point #  40  energy =  -9.021
New Fermi level:    mu=  -8.020 eV  Charge distance=  0.0003 (partial c.d.=  0.0025)
SCF ITERATION NUMBER 13
     point #   1  energy = -40.000
     point #  20  energy = -29.007
     point #  40  energy =  -9.019
New Fermi level:    mu=  -8.021 eV  Charge distance=  0.0000 (partial c.d.=  0.0010)
SCF ITERATION NUMBER 14
     point #   1  energy = -40.000
     point #  20  energy = -29.007
     point #  40  energy =  -9.020
New Fermi level:    mu=  -8.021 eV  Charge distance=  0.0001 (partial c.d.=  0.0001)
Electronic configuration
  type     l     N_el
     0     0    0.517
     0     1    0.622
     0     2    9.372
     0     3    0.000
     1     0    0.386
     1     1    6.537
     1     2    1.543
     1     3    0.000
     2     0    0.517
     2     1    0.622
     2     2    9.372
     2     3    0.000
     3     0    1.859
     3     1    4.448
     3     2    0.072
     3     3    0.000
Charge transfer:  type  charge
       0   -0.489
       1   -0.534
       2   -0.490
       3    0.379
Convergence reached in   14 iterations.
Done with module: potentials.

Calculating screened core-hole potential ...
FMS for a cluster of   27 atoms around iph =   0
    0% of energy integration
   20%
   40%
   60%
   80%
  100%
Preparing response function.
Computing (1 - K Chi0)^-1 v_ch
Done with module: screened core-hole potential.

Calculating cross-section and phases ...
    absorption cross section
 x0,dx,rnrm,inrm,jnrm   8.80000000000000       5.000000000000000E-002
   2.42641841900000              194         195
    phase shifts for unique potential    0
    phase shifts for unique potential    1
    phase shifts for unique potential    2
    phase shifts for unique potential    3
Done with module: cross-section and phases (XSPH).

FMS calculation of full Green's function ...
FEFF-serial using 1 thread.
Using   194 energy points.
xprep done
FMS for a cluster of  269 atoms
Energy point    1/ 194
Energy point   10/ 194
Energy point   20/ 194
Energy point   30/ 194
Energy point   40/ 194
Energy point   50/ 194
Energy point   60/ 194
Energy point   70/ 194
Energy point   80/ 194
Energy point   90/ 194
Energy point  100/ 194
Energy point  110/ 194
Energy point  120/ 194
Energy point  130/ 194
Energy point  140/ 194
Energy point  150/ 194
Energy point  160/ 194
Energy point  170/ 194
Energy point  180/ 194
Energy point  190/ 194
Done with module: FMS.

MKGTR: Tracing over Green's function ...
Done with module: MKGTR.

Pathfinder: finding scattering paths...
Preparing plane wave scattering amplitudes
Searching for paths
Eliminating path degeneracies
0 paths retained.
Done with module: pathfinder.

Calculating EXAFS parameters ...
Done with module: EXAFS parameters (GENFMT).

Calculating XAS spectra ...
Done with module: XAS spectra (FF2X: DW + final sum over paths).

 
### feff ends at Sun Aug 13 11:21:44 EDT 2023
 
