### feff starts at Sun Aug 13 15:32:32 EDT 2023
### Serial version
### FeffPath is /sdcc/u/mcarbone/software/JFEFF/hsw/feff90/linux
 
Launching FEFF version FEFF 9.9.1
Core hole lifetime is   1.729 eV.
Your calculation:
 comment: None given
 Source:
 Structure Summary:  Na1 Cu3 Ru4 O12
 Reduced formula:  NaCu3(RuO3)4
 space group: (Im-3), space number:  (204)
 abc:  6.447014   6.447014   6.447014
 angles:109.471221 109.471221 109.471221
 sites: 20
Cu K edge XANES using RPA corehole.
Using:     * Self-Consistent Field potentials
Using cards:   ATOMS CONTROL EXCHANGE TITLE RPATH POTENTIALS XANES EDGE SCF FMS S02 COREHOLE EGRID

Calculating atomic potentials ...
    overlapped atomic potential and density for unique potential    0
    overlapped atomic potential and density for unique potential    1
    overlapped atomic potential and density for unique potential    2
    overlapped atomic potential and density for unique potential    3
    overlapped atomic potential and density for unique potential    4
Done with module: atomic potentials.

Calculating SCF potentials ...
FEFF-serial using 1 thread.
Muffin tin radii and interstitial parameters [bohr]:
type, norman radius, muffin tin, overlap factor
    0  1.29680E+00  1.20097E+00  1.15000E+00
    1  1.59992E+00  1.59618E+00  1.00551E+00
    2  1.29681E+00  1.20097E+00  1.15000E+00
    3  1.39263E+00  1.29171E+00  1.15000E+00
    4  1.08195E+00  1.00323E+00  1.15000E+00
Core-valence separation energy:  ecv=   -40.000 eV
Initial Fermi level:              mu=     3.675 eV
SCF ITERATION NUMBER  1
     point #   1  energy = -40.000
FMS for a cluster of  143 atoms around atom type   0
FMS for a cluster of  125 atoms around atom type   1
FMS for a cluster of  125 atoms around atom type   2
FMS for a cluster of  127 atoms around atom type   3
FMS for a cluster of  137 atoms around atom type   4
     point #  20  energy = -28.837
     point #  40  energy =  -8.587
     point #  60  energy =  -3.631
     point #  80  energy =  -3.881
New Fermi level:    mu=  -3.999 eV  Charge distance=  0.6064 (partial c.d.=  6.8836)
SCF ITERATION NUMBER  1
     point #   1  energy = -40.000
FMS for a cluster of  143 atoms around atom type   0
FMS for a cluster of  125 atoms around atom type   1
FMS for a cluster of  125 atoms around atom type   2
FMS for a cluster of  127 atoms around atom type   3
FMS for a cluster of  137 atoms around atom type   4
     point #  20  energy = -29.000
     point #  40  energy =  -8.999
     point #  60  energy =  -3.999
     point #  80  energy =  -5.834
New Fermi level:    mu=  -5.956 eV  Charge distance=  0.2998 (partial c.d.=  3.2632)
SCF ITERATION NUMBER  1
     point #   1  energy = -40.000
FMS for a cluster of  143 atoms around atom type   0
FMS for a cluster of  125 atoms around atom type   1
FMS for a cluster of  125 atoms around atom type   2
FMS for a cluster of  127 atoms around atom type   3
FMS for a cluster of  137 atoms around atom type   4
     point #  20  energy = -28.986
     point #  40  energy =  -8.960
     point #  60  energy =  -5.969
     point #  80  energy =  -6.872
New Fermi level:    mu=  -6.929 eV  Charge distance=  0.0308 (partial c.d.=  1.1752)
SCF ITERATION NUMBER  2
     point #   1  energy = -40.000
     point #  20  energy = -28.976
     point #  40  energy =  -8.933
     point #  60  energy =  -6.904
New Fermi level:    mu=  -6.845 eV  Charge distance=  0.2109 (partial c.d.=  0.2741)
SCF ITERATION NUMBER  3
     point #   1  energy = -40.000
     point #  20  energy = -28.948
     point #  40  energy =  -8.854
     point #  60  energy =  -6.870
New Fermi level:    mu=  -6.917 eV  Charge distance=  0.1771 (partial c.d.=  1.3268)
SCF ITERATION NUMBER  4
     point #   1  energy = -40.000
     point #  20  energy = -28.972
     point #  40  energy =  -8.922
     point #  60  energy =  -6.942
New Fermi level:    mu=  -6.958 eV  Charge distance=  0.0466 (partial c.d.=  1.6031)
SCF ITERATION NUMBER  5
     point #   1  energy = -40.000
     point #  20  energy = -28.986
     point #  40  energy =  -8.961
     point #  60  energy =  -6.983
New Fermi level:    mu=  -7.007 eV  Charge distance=  0.0103 (partial c.d.=  0.3606)
SCF ITERATION NUMBER  6
     point #   1  energy = -40.000
     point #  20  energy = -29.002
     point #  40  energy =  -9.006
     point #  60  energy =  -6.982
New Fermi level:    mu=  -6.983 eV  Charge distance=  0.0086 (partial c.d.=  0.0545)
SCF ITERATION NUMBER  7
     point #   1  energy = -40.000
     point #  20  energy = -28.994
     point #  40  energy =  -8.984
New Fermi level:    mu=  -6.974 eV  Charge distance=  0.0049 (partial c.d.=  0.0662)
SCF ITERATION NUMBER  8
     point #   1  energy = -40.000
     point #  20  energy = -28.991
     point #  40  energy =  -8.976
New Fermi level:    mu=  -6.973 eV  Charge distance=  0.0025 (partial c.d.=  0.0413)
SCF ITERATION NUMBER  9
     point #   1  energy = -40.000
     point #  20  energy = -28.991
     point #  40  energy =  -8.974
New Fermi level:    mu=  -6.968 eV  Charge distance=  0.0035 (partial c.d.=  0.0085)
SCF ITERATION NUMBER 10
     point #   1  energy = -40.000
     point #  20  energy = -28.989
     point #  40  energy =  -8.970
New Fermi level:    mu=  -6.961 eV  Charge distance=  0.0005 (partial c.d.=  0.0085)
SCF ITERATION NUMBER 11
     point #   1  energy = -40.000
     point #  20  energy = -28.987
     point #  40  energy =  -8.963
New Fermi level:    mu=  -6.961 eV  Charge distance=  0.0007 (partial c.d.=  0.0014)
SCF ITERATION NUMBER 12
     point #   1  energy = -40.000
     point #  20  energy = -28.987
     point #  40  energy =  -8.963
New Fermi level:    mu=  -6.960 eV  Charge distance=  0.0004 (partial c.d.=  0.0001)
Electronic configuration
  type     l     N_el
     0     0    0.535
     0     1    0.622
     0     2    9.399
     0     3    0.000
     1     0    0.193
     1     1    6.289
     1     2    0.254
     1     3    0.000
     2     0    0.539
     2     1    0.626
     2     2    9.387
     2     3    0.000
     3     0    0.440
     3     1    0.712
     3     2    6.331
     3     3    0.000
     4     0    1.822
     4     1    4.385
     4     2    0.100
     4     3    0.000
Charge transfer:  type  charge
       0   -0.444
       1   -0.263
       2   -0.449
       3   -0.518
       4    0.307
Convergence reached in   12 iterations.
Done with module: potentials.

Calculating screened core-hole potential ...
FMS for a cluster of   27 atoms around iph =   0
    0% of energy integration
   20%
   40%
   60%
   80%
  100%
Preparing response function.
Computing (1 - K Chi0)^-1 v_ch
Done with module: screened core-hole potential.

Calculating cross-section and phases ...
    absorption cross section
 x0,dx,rnrm,inrm,jnrm   8.80000000000000       5.000000000000000E-002
   2.45059486499996              194         195
    phase shifts for unique potential    0
    phase shifts for unique potential    1
    phase shifts for unique potential    2
    phase shifts for unique potential    3
    phase shifts for unique potential    4
Done with module: cross-section and phases (XSPH).

FMS calculation of full Green's function ...
FEFF-serial using 1 thread.
Using   194 energy points.
xprep done
FMS for a cluster of  281 atoms
Energy point    1/ 194
Energy point   10/ 194
Energy point   20/ 194
Energy point   30/ 194
Energy point   40/ 194
Energy point   50/ 194
Energy point   60/ 194
Energy point   70/ 194
Energy point   80/ 194
Energy point   90/ 194
Energy point  100/ 194
Energy point  110/ 194
Energy point  120/ 194
Energy point  130/ 194
Energy point  140/ 194
Energy point  150/ 194
Energy point  160/ 194
Energy point  170/ 194
Energy point  180/ 194
Energy point  190/ 194
Done with module: FMS.

MKGTR: Tracing over Green's function ...
Done with module: MKGTR.

Pathfinder: finding scattering paths...
Preparing plane wave scattering amplitudes
Searching for paths
Eliminating path degeneracies
0 paths retained.
Done with module: pathfinder.

Calculating EXAFS parameters ...
Done with module: EXAFS parameters (GENFMT).

Calculating XAS spectra ...
Done with module: XAS spectra (FF2X: DW + final sum over paths).

 
### feff ends at Sun Aug 13 17:47:02 EDT 2023
 
