### feff starts at Sun Aug 13 20:21:22 EDT 2023
### Serial version
### FeffPath is /sdcc/u/mcarbone/software/JFEFF/hsw/feff90/linux
 
Launching FEFF version FEFF 9.9.1
Resetting lmaxsc to 2 for iph =    1.  Use  UNFREEZE to prevent this.
Resetting lmaxsc to 2 for iph =    3.  Use  UNFREEZE to prevent this.
Core hole lifetime is   1.729 eV.
Your calculation:
 comment: None given
 Source:
 Structure Summary:  Ce2 Cu2 W4 O16
 Reduced formula:  CeCu(WO4)2
 space group: (P-1), space number:  (2)
 abc:  7.269441   7.468934   7.627369
 angles:113.964163 116.234965  91.222485
 sites: 24
Cu K edge XANES using RPA corehole.
Using:     * Self-Consistent Field potentials
Using cards:   ATOMS CONTROL EXCHANGE TITLE RPATH POTENTIALS XANES EDGE SCF FMS S02 COREHOLE EGRID

Calculating atomic potentials ...
    overlapped atomic potential and density for unique potential    0
    overlapped atomic potential and density for unique potential    1
    overlapped atomic potential and density for unique potential    2
    overlapped atomic potential and density for unique potential    3
    overlapped atomic potential and density for unique potential    4
Done with module: atomic potentials.

Calculating SCF potentials ...
FEFF-serial using 1 thread.
Muffin tin radii and interstitial parameters [bohr]:
type, norman radius, muffin tin, overlap factor
    0  1.37569E+00  1.26915E+00  1.15000E+00
    1  1.81821E+00  1.73612E+00  1.12401E+00
    2  1.37570E+00  1.26915E+00  1.15000E+00
    3  1.42176E+00  1.25823E+00  1.15000E+00
    4  1.07043E+00  9.43835E-01  1.15000E+00
Core-valence separation energy:  ecv=   -33.000 eV
Initial Fermi level:              mu=     3.117 eV
SCF ITERATION NUMBER  1
     point #   1  energy = -33.000
FMS for a cluster of  105 atoms around atom type   0
FMS for a cluster of   91 atoms around atom type   1
FMS for a cluster of   86 atoms around atom type   2
FMS for a cluster of   93 atoms around atom type   3
FMS for a cluster of  102 atoms around atom type   4
     point #  20  energy = -21.937
     point #  40  energy =  -6.852
     point #  60  energy =  -5.237
New Fermi level:    mu=  -5.051 eV  Charge distance=  1.4137 (partial c.d.=  6.4834)
SCF ITERATION NUMBER  1
     point #   1  energy = -33.000
FMS for a cluster of  105 atoms around atom type   0
FMS for a cluster of   91 atoms around atom type   1
FMS for a cluster of   86 atoms around atom type   2
FMS for a cluster of   93 atoms around atom type   3
FMS for a cluster of  102 atoms around atom type   4
     point #  20  energy = -22.020
     point #  40  energy =  -5.051
     point #  60  energy =  -5.219
     point #  80  energy =  -6.122
New Fermi level:    mu=  -5.946 eV  Charge distance=  0.6090 (partial c.d.=  7.6480)
SCF ITERATION NUMBER  1
     point #   1  energy = -33.000
FMS for a cluster of  105 atoms around atom type   0
FMS for a cluster of   91 atoms around atom type   1
FMS for a cluster of   86 atoms around atom type   2
FMS for a cluster of   93 atoms around atom type   3
FMS for a cluster of  102 atoms around atom type   4
     point #  20  energy = -21.978
     point #  40  energy =  -5.946
     point #  60  energy =  -6.046
New Fermi level:    mu=  -6.075 eV  Charge distance=  0.2991 (partial c.d.=  0.8505)
SCF ITERATION NUMBER  2
     point #   1  energy = -33.000
     point #  20  energy = -22.031
     point #  40  energy =  -6.075
New Fermi level:    mu=  -6.135 eV  Charge distance=  0.4520 (partial c.d.=  0.3172)
SCF ITERATION NUMBER  3
     point #   1  energy = -33.000
     point #  20  energy = -22.055
     point #  40  energy =  -6.135
     point #  60  energy =  -5.894
New Fermi level:    mu=  -5.566 eV  Charge distance=  0.5511 (partial c.d.=  4.3676)
SCF ITERATION NUMBER  4
     point #   1  energy = -33.000
     point #  20  energy = -21.823
     point #  40  energy =  -5.566
     point #  60  energy =  -5.807
     point #  80  energy =  -5.895
New Fermi level:    mu=  -5.875 eV  Charge distance=  0.0725 (partial c.d.=  4.6389)
SCF ITERATION NUMBER  5
     point #   1  energy = -33.000
     point #  20  energy = -21.949
     point #  40  energy =  -5.875
New Fermi level:    mu=  -5.872 eV  Charge distance=  0.1574 (partial c.d.=  0.0852)
SCF ITERATION NUMBER  6
     point #   1  energy = -33.000
     point #  20  energy = -21.948
     point #  40  energy =  -5.872
New Fermi level:    mu=  -5.931 eV  Charge distance=  0.0820 (partial c.d.=  0.1870)
SCF ITERATION NUMBER  7
     point #   1  energy = -33.000
     point #  20  energy = -21.972
     point #  40  energy =  -5.931
New Fermi level:    mu=  -5.962 eV  Charge distance=  0.0724 (partial c.d.=  0.1573)
SCF ITERATION NUMBER  8
     point #   1  energy = -33.000
     point #  20  energy = -21.984
     point #  40  energy =  -5.962
New Fermi level:    mu=  -5.986 eV  Charge distance=  0.0172 (partial c.d.=  0.1336)
SCF ITERATION NUMBER  9
     point #   1  energy = -33.000
     point #  20  energy = -21.994
     point #  40  energy =  -5.986
New Fermi level:    mu=  -5.995 eV  Charge distance=  0.0482 (partial c.d.=  0.0155)
SCF ITERATION NUMBER 10
     point #   1  energy = -33.000
     point #  20  energy = -21.998
     point #  40  energy =  -5.995
New Fermi level:    mu=  -6.009 eV  Charge distance=  0.0054 (partial c.d.=  0.0443)
SCF ITERATION NUMBER 11
     point #   1  energy = -33.000
     point #  20  energy = -22.004
     point #  40  energy =  -6.009
New Fermi level:    mu=  -6.009 eV  Charge distance=  0.0005 (partial c.d.=  0.0068)
SCF ITERATION NUMBER 12
     point #   1  energy = -33.000
     point #  20  energy = -22.004
     point #  40  energy =  -6.009
New Fermi level:    mu=  -6.007 eV  Charge distance=  0.0008 (partial c.d.=  0.0011)
SCF ITERATION NUMBER 13
     point #   1  energy = -33.000
     point #  20  energy = -22.003
     point #  40  energy =  -6.007
New Fermi level:    mu=  -6.003 eV  Charge distance=  0.0002 (partial c.d.=  0.0008)
SCF ITERATION NUMBER 14
     point #   1  energy = -33.000
     point #  20  energy = -22.001
     point #  40  energy =  -6.003
New Fermi level:    mu=  -6.002 eV  Charge distance=  0.0001 (partial c.d.=  0.0002)
Electronic configuration
  type     l     N_el
     0     0    0.581
     0     1    0.670
     0     2    9.581
     0     3    0.000
     1     0    0.352
     1     1    6.454
     1     2    1.951
     1     3    0.000
     2     0    0.582
     2     1    0.674
     2     2    9.579
     2     3    0.000
     3     0    0.561
     3     1    0.819
     3     2    3.899
     3     3    0.000
     4     0    1.829
     4     1    4.316
     4     2    0.087
     4     3    0.000
Charge transfer:  type  charge
       0   -0.168
       1   -0.243
       2   -0.165
       3   -0.721
       4    0.231
Convergence reached in   14 iterations.
Done with module: potentials.

Calculating screened core-hole potential ...
FMS for a cluster of   21 atoms around iph =   0
    0% of energy integration
   20%
   40%
   60%
   80%
  100%
Preparing response function.
Computing (1 - K Chi0)^-1 v_ch
Done with module: screened core-hole potential.

Calculating cross-section and phases ...
    absorption cross section
 x0,dx,rnrm,inrm,jnrm   8.80000000000000       5.000000000000000E-002
   2.59968637599993              196         197
    phase shifts for unique potential    0
    phase shifts for unique potential    1
    phase shifts for unique potential    2
    phase shifts for unique potential    3
    phase shifts for unique potential    4
Done with module: cross-section and phases (XSPH).

FMS calculation of full Green's function ...
FEFF-serial using 1 thread.
Using   194 energy points.
xprep done
FMS for a cluster of  218 atoms
Energy point    1/ 194
Energy point   10/ 194
Energy point   20/ 194
Energy point   30/ 194
Energy point   40/ 194
Energy point   50/ 194
Energy point   60/ 194
Energy point   70/ 194
Energy point   80/ 194
Energy point   90/ 194
Energy point  100/ 194
Energy point  110/ 194
Energy point  120/ 194
Energy point  130/ 194
Energy point  140/ 194
Energy point  150/ 194
Energy point  160/ 194
Energy point  170/ 194
Energy point  180/ 194
Energy point  190/ 194
Done with module: FMS.

MKGTR: Tracing over Green's function ...
Done with module: MKGTR.

Pathfinder: finding scattering paths...
Preparing plane wave scattering amplitudes
Searching for paths
Eliminating path degeneracies
0 paths retained.
Done with module: pathfinder.

Calculating EXAFS parameters ...
Done with module: EXAFS parameters (GENFMT).

Calculating XAS spectra ...
Done with module: XAS spectra (FF2X: DW + final sum over paths).

 
### feff ends at Sun Aug 13 21:37:11 EDT 2023
 
