### feff starts at Sun Aug 13 09:26:10 EDT 2023
### Serial version
### FeffPath is /sdcc/u/mcarbone/software/JFEFF/hsw/feff90/linux
 
Launching FEFF version FEFF 9.9.1
Resetting lmaxsc to 2 for iph =    1.  Use  UNFREEZE to prevent this.
Core hole lifetime is   1.729 eV.
Your calculation:
 comment: None given
 Source:
 Structure Summary:  Ba14 Y7 Cu20 O42
 Reduced formula:  Ba14Y7(Cu10O21)2
 space group: (P1), space number:  (1)
 abc:  8.671257  12.244409  12.727892
 angles: 95.472045 105.795436  98.273461
 sites: 83
Cu K edge XANES using RPA corehole.
Using:     * Self-Consistent Field potentials
Using cards:   ATOMS CONTROL EXCHANGE TITLE RPATH POTENTIALS XANES EDGE SCF FMS S02 COREHOLE EGRID

Calculating atomic potentials ...
    overlapped atomic potential and density for unique potential    0
    overlapped atomic potential and density for unique potential    1
    overlapped atomic potential and density for unique potential    2
    overlapped atomic potential and density for unique potential    3
    overlapped atomic potential and density for unique potential    4
Done with module: atomic potentials.

Calculating SCF potentials ...
FEFF-serial using 1 thread.
Muffin tin radii and interstitial parameters [bohr]:
type, norman radius, muffin tin, overlap factor
    0  1.27130E+00  1.17200E+00  1.15000E+00
    1  2.02362E+00  1.97269E+00  1.06409E+00
    2  1.69568E+00  1.62487E+00  1.11321E+00
    3  1.29031E+00  1.20295E+00  1.15000E+00
    4  1.11386E+00  1.05614E+00  1.14615E+00
Core-valence separation energy:  ecv=   -41.500 eV
Initial Fermi level:              mu=    -2.167 eV
SCF ITERATION NUMBER  1
     point #   1  energy = -41.500
FMS for a cluster of   96 atoms around atom type   0
FMS for a cluster of   87 atoms around atom type   1
FMS for a cluster of   93 atoms around atom type   2
FMS for a cluster of   98 atoms around atom type   3
FMS for a cluster of   98 atoms around atom type   4
     point #  20  energy = -30.394
     point #  40  energy = -10.144
     point #  60  energy =  -5.894
     point #  80  energy =  -5.285
New Fermi level:    mu=  -5.233 eV  Charge distance=  0.7395 (partial c.d.=  6.4912)
SCF ITERATION NUMBER  1
     point #   1  energy = -41.500
FMS for a cluster of   96 atoms around atom type   0
FMS for a cluster of   87 atoms around atom type   1
FMS for a cluster of   93 atoms around atom type   2
FMS for a cluster of   98 atoms around atom type   3
FMS for a cluster of   98 atoms around atom type   4
     point #  20  energy = -30.418
     point #  40  energy = -10.270
     point #  60  energy =  -5.233
     point #  80  energy =  -7.058
     point # 100  energy = -10.548
     point # 120  energy = -11.145
New Fermi level:    mu= -11.140 eV  Charge distance=  0.2358 (partial c.d.=  3.8478)
SCF ITERATION NUMBER  1
     point #   1  energy = -41.500
FMS for a cluster of   96 atoms around atom type   0
FMS for a cluster of   87 atoms around atom type   1
FMS for a cluster of   93 atoms around atom type   2
FMS for a cluster of   98 atoms around atom type   3
FMS for a cluster of   98 atoms around atom type   4
     point #  20  energy = -30.368
     point #  40  energy = -11.140
     point #  60  energy = -11.049
     point #  80  energy =  -9.171
New Fermi level:    mu=  -9.213 eV  Charge distance=  0.1574 (partial c.d.=  0.3996)
SCF ITERATION NUMBER  2
     point #   1  energy = -41.500
     point #  20  energy = -30.401
     point #  40  energy = -10.222
     point #  60  energy =  -9.172
     point #  80  energy =  -8.229
New Fermi level:    mu=  -8.130 eV  Charge distance=  0.3972 (partial c.d.=  0.1919)
SCF ITERATION NUMBER  3
     point #   1  energy = -41.500
     point #  20  energy = -30.377
     point #  40  energy = -10.153
     point #  60  energy =  -8.118
New Fermi level:    mu=  -7.687 eV  Charge distance=  0.0785 (partial c.d.=  0.4205)
SCF ITERATION NUMBER  4
     point #   1  energy = -41.500
     point #  20  energy = -30.229
     point #  40  energy =  -9.737
     point #  60  energy =  -7.700
     point #  80  energy =  -8.106
New Fermi level:    mu=  -8.057 eV  Charge distance=  0.0647 (partial c.d.=  0.6088)
SCF ITERATION NUMBER  5
     point #   1  energy = -41.500
     point #  20  energy = -30.352
     point #  40  energy = -10.084
     point #  60  energy =  -8.032
New Fermi level:    mu=  -8.007 eV  Charge distance=  0.0254 (partial c.d.=  0.4502)
SCF ITERATION NUMBER  6
     point #   1  energy = -41.500
     point #  20  energy = -30.336
     point #  40  energy = -10.037
     point #  60  energy =  -8.032
New Fermi level:    mu=  -8.035 eV  Charge distance=  0.0063 (partial c.d.=  0.2480)
SCF ITERATION NUMBER  7
     point #   1  energy = -41.500
     point #  20  energy = -30.345
     point #  40  energy = -10.063
New Fermi level:    mu=  -8.039 eV  Charge distance=  0.0044 (partial c.d.=  0.0428)
SCF ITERATION NUMBER  8
     point #   1  energy = -41.500
     point #  20  energy = -30.346
     point #  40  energy = -10.067
New Fermi level:    mu=  -8.037 eV  Charge distance=  0.0053 (partial c.d.=  0.0036)
SCF ITERATION NUMBER  9
     point #   1  energy = -41.500
     point #  20  energy = -30.346
     point #  40  energy = -10.065
New Fermi level:    mu=  -8.034 eV  Charge distance=  0.0028 (partial c.d.=  0.0030)
SCF ITERATION NUMBER 10
     point #   1  energy = -41.500
     point #  20  energy = -30.345
     point #  40  energy = -10.062
New Fermi level:    mu=  -8.030 eV  Charge distance=  0.0004 (partial c.d.=  0.0008)
SCF ITERATION NUMBER 11
     point #   1  energy = -41.500
     point #  20  energy = -30.343
     point #  40  energy = -10.058
New Fermi level:    mu=  -8.029 eV  Charge distance=  0.0001 (partial c.d.=  0.0017)
SCF ITERATION NUMBER 12
     point #   1  energy = -41.500
     point #  20  energy = -30.343
     point #  40  energy = -10.058
New Fermi level:    mu=  -8.029 eV  Charge distance=  0.0002 (partial c.d.=  0.0002)
Electronic configuration
  type     l     N_el
     0     0    0.512
     0     1    0.597
     0     2    9.443
     0     3    0.000
     1     0    2.257
     1     1    6.310
     1     2    1.034
     1     3    0.000
     2     0    0.362
     2     1    6.544
     2     2    1.434
     2     3    0.000
     3     0    0.507
     3     1    0.597
     3     2    9.480
     3     3    0.000
     4     0    1.859
     4     1    4.519
     4     2    0.063
     4     3    0.000
Charge transfer:  type  charge
       0   -0.447
       1   -0.400
       2   -0.660
       3   -0.417
       4    0.442
Convergence reached in   12 iterations.
Done with module: potentials.

Calculating screened core-hole potential ...
FMS for a cluster of   22 atoms around iph =   0
    0% of energy integration
   20%
   40%
   60%
   80%
  100%
Preparing response function.
Computing (1 - K Chi0)^-1 v_ch
Done with module: screened core-hole potential.

Calculating cross-section and phases ...
    absorption cross section
 x0,dx,rnrm,inrm,jnrm   8.80000000000000       5.000000000000000E-002
   2.40240655300003              194         195
    phase shifts for unique potential    0
    phase shifts for unique potential    1
    phase shifts for unique potential    2
    phase shifts for unique potential    3
    phase shifts for unique potential    4
Done with module: cross-section and phases (XSPH).

FMS calculation of full Green's function ...
FEFF-serial using 1 thread.
Using   194 energy points.
xprep done
FMS for a cluster of  194 atoms
Energy point    1/ 194
Energy point   10/ 194
Energy point   20/ 194
Energy point   30/ 194
Energy point   40/ 194
Energy point   50/ 194
Energy point   60/ 194
Energy point   70/ 194
Energy point   80/ 194
Energy point   90/ 194
Energy point  100/ 194
Energy point  110/ 194
Energy point  120/ 194
Energy point  130/ 194
Energy point  140/ 194
Energy point  150/ 194
Energy point  160/ 194
Energy point  170/ 194
Energy point  180/ 194
Energy point  190/ 194
Done with module: FMS.

MKGTR: Tracing over Green's function ...
Done with module: MKGTR.

Pathfinder: finding scattering paths...
Preparing plane wave scattering amplitudes
Searching for paths
Eliminating path degeneracies
0 paths retained.
Done with module: pathfinder.

Calculating EXAFS parameters ...
Done with module: EXAFS parameters (GENFMT).

Calculating XAS spectra ...
Done with module: XAS spectra (FF2X: DW + final sum over paths).

 
### feff ends at Sun Aug 13 10:32:12 EDT 2023
 
