### feff starts at Sun Aug 13 12:30:10 EDT 2023
### Serial version
### FeffPath is /sdcc/u/mcarbone/software/JFEFF/hsw/feff90/linux
 
Launching FEFF version FEFF 9.9.1
Core hole lifetime is   1.729 eV.
Your calculation:
 comment: None given
 Source:
 Structure Summary:  Cr4 Cu2 O8
 Reduced formula:  Cr2CuO4
 space group: (Imm2), space number:  (44)
 abc:  5.887627   5.887007   6.099331
 angles: 58.839914  58.828033  85.801317
 sites: 14
Cu K edge XANES using RPA corehole.
Using:     * Self-Consistent Field potentials
Using cards:   ATOMS CONTROL EXCHANGE TITLE RPATH POTENTIALS XANES EDGE SCF FMS S02 COREHOLE EGRID

Calculating atomic potentials ...
    overlapped atomic potential and density for unique potential    0
    overlapped atomic potential and density for unique potential    1
    overlapped atomic potential and density for unique potential    2
    overlapped atomic potential and density for unique potential    3
Done with module: atomic potentials.

Calculating SCF potentials ...
FEFF-serial using 1 thread.
Muffin tin radii and interstitial parameters [bohr]:
type, norman radius, muffin tin, overlap factor
    0  1.33166E+00  1.25967E+00  1.15000E+00
    1  1.40351E+00  1.30862E+00  1.15000E+00
    2  1.33194E+00  1.26031E+00  1.15000E+00
    3  1.08797E+00  1.01585E+00  1.15000E+00
Core-valence separation energy:  ecv=   -58.000 eV
Initial Fermi level:              mu=    -0.613 eV
SCF ITERATION NUMBER  1
     point #   1  energy = -58.000
FMS for a cluster of  141 atoms around atom type   0
FMS for a cluster of  127 atoms around atom type   1
FMS for a cluster of  125 atoms around atom type   2
FMS for a cluster of  137 atoms around atom type   3
     point #  20  energy = -46.615
     point #  40  energy = -26.365
     point #  60  energy = -10.056
     point #  80  energy =  -8.293
 Found bad counts.
  Occupation number in getorb is    10.000
  Will repeat this iteration.
 Found bad counts.
  Occupation number in getorb is    10.000
  Will repeat this iteration.
New Fermi level:    mu=  -8.171 eV  Charge distance=  1.8628 (partial c.d.=  7.8269)
SCF ITERATION NUMBER  1
     point #   1  energy = -58.000
FMS for a cluster of  141 atoms around atom type   0
FMS for a cluster of  127 atoms around atom type   1
FMS for a cluster of  125 atoms around atom type   2
FMS for a cluster of  137 atoms around atom type   3
     point #  20  energy = -46.814
     point #  40  energy = -26.475
     point #  60  energy =  -8.171
     point #  80  energy =  -8.080
     point # 100  energy =  -6.477
New Fermi level:    mu=  -6.314 eV  Charge distance=  0.8076 (partial c.d.=  9.7090)
SCF ITERATION NUMBER  1
     point #   1  energy = -58.000
FMS for a cluster of  141 atoms around atom type   0
FMS for a cluster of  127 atoms around atom type   1
FMS for a cluster of  125 atoms around atom type   2
FMS for a cluster of  137 atoms around atom type   3
     point #  20  energy = -46.852
     point #  40  energy = -26.583
     point #  60  energy =  -6.314
     point #  80  energy =  -6.354
     point # 100  energy =  -9.692
     point # 120  energy = -10.848
New Fermi level:    mu= -10.790 eV  Charge distance=  0.2827 (partial c.d.=  2.7242)
SCF ITERATION NUMBER  2
     point #   1  energy = -58.000
     point #  20  energy = -46.951
     point #  40  energy = -26.861
     point #  60  energy = -10.790
     point #  80  energy = -10.608
New Fermi level:    mu= -10.570 eV  Charge distance=  0.2205 (partial c.d.=  0.3659)
SCF ITERATION NUMBER  3
     point #   1  energy = -58.000
     point #  20  energy = -46.899
     point #  40  energy = -26.716
     point #  60  energy = -10.570
     point #  80  energy = -10.329
New Fermi level:    mu= -10.146 eV  Charge distance=  0.2045 (partial c.d.=  6.3778)
SCF ITERATION NUMBER  4
     point #   1  energy = -58.000
     point #  20  energy = -46.800
     point #  40  energy = -26.437
     point #  60  energy = -10.146
     point #  80  energy = -10.386
New Fermi level:    mu= -10.437 eV  Charge distance=  0.0297 (partial c.d.=  6.3112)
SCF ITERATION NUMBER  5
     point #   1  energy = -58.000
     point #  20  energy = -46.868
     point #  40  energy = -26.629
     point #  60  energy = -10.437
     point #  80  energy = -10.619
New Fermi level:    mu= -10.587 eV  Charge distance=  0.0507 (partial c.d.=  0.0759)
SCF ITERATION NUMBER  6
     point #   1  energy = -58.000
     point #  20  energy = -46.903
     point #  40  energy = -26.727
     point #  60  energy = -10.587
     point #  80  energy = -10.768
New Fermi level:    mu= -10.754 eV  Charge distance=  0.0051 (partial c.d.=  0.1823)
SCF ITERATION NUMBER  7
     point #   1  energy = -58.000
     point #  20  energy = -46.943
     point #  40  energy = -26.838
     point #  60  energy = -10.754
New Fermi level:    mu= -10.751 eV  Charge distance=  0.0068 (partial c.d.=  0.0099)
SCF ITERATION NUMBER  8
     point #   1  energy = -58.000
     point #  20  energy = -46.942
     point #  40  energy = -26.836
     point #  60  energy = -10.751
New Fermi level:    mu= -10.746 eV  Charge distance=  0.0412 (partial c.d.=  0.0140)
SCF ITERATION NUMBER  9
     point #   1  energy = -58.000
     point #  20  energy = -46.940
     point #  40  energy = -26.832
     point #  60  energy = -10.746
New Fermi level:    mu= -10.743 eV  Charge distance=  0.0060 (partial c.d.=  0.1130)
SCF ITERATION NUMBER 10
     point #   1  energy = -58.000
     point #  20  energy = -46.940
     point #  40  energy = -26.831
     point #  60  energy = -10.743
New Fermi level:    mu= -10.735 eV  Charge distance=  0.0021 (partial c.d.=  0.0349)
SCF ITERATION NUMBER 11
     point #   1  energy = -58.000
     point #  20  energy = -46.938
     point #  40  energy = -26.825
     point #  60  energy = -10.735
New Fermi level:    mu= -10.746 eV  Charge distance=  0.0005 (partial c.d.=  0.0182)
SCF ITERATION NUMBER 12
     point #   1  energy = -58.000
     point #  20  energy = -46.940
     point #  40  energy = -26.832
     point #  60  energy = -10.746
New Fermi level:    mu= -10.747 eV  Charge distance=  0.0003 (partial c.d.=  0.0057)
SCF ITERATION NUMBER 13
     point #   1  energy = -58.000
     point #  20  energy = -46.941
     point #  40  energy = -26.833
     point #  60  energy = -10.747
New Fermi level:    mu= -10.749 eV  Charge distance=  0.0002 (partial c.d.=  0.0009)
SCF ITERATION NUMBER 14
     point #   1  energy = -58.000
     point #  20  energy = -46.941
     point #  40  energy = -26.835
     point #  60  energy = -10.749
New Fermi level:    mu= -10.753 eV  Charge distance=  0.0001 (partial c.d.=  0.0006)
SCF ITERATION NUMBER 15
     point #   1  energy = -58.000
     point #  20  energy = -46.942
     point #  40  energy = -26.837
     point #  60  energy = -10.753
New Fermi level:    mu= -10.753 eV  Charge distance=  0.0001 (partial c.d.=  0.0001)
Electronic configuration
  type     l     N_el
     0     0    0.428
     0     1    0.547
     0     2    9.343
     0     3    0.000
     1     0    0.459
     1     1    6.742
     1     2    4.648
     1     3    0.000
     2     0    0.427
     2     1    0.548
     2     2    9.343
     2     3    0.000
     3     0    1.830
     3     1    4.329
     3     2    0.088
     3     3    0.000
Charge transfer:  type  charge
       0   -0.682
       1   -0.151
       2   -0.683
       3    0.247
Convergence reached in   15 iterations.
Done with module: potentials.

Calculating screened core-hole potential ...
FMS for a cluster of   33 atoms around iph =   0
    0% of energy integration
   20%
   40%
   60%
   80%
  100%
Preparing response function.
Computing (1 - K Chi0)^-1 v_ch
Done with module: screened core-hole potential.

Calculating cross-section and phases ...
    absorption cross section
 x0,dx,rnrm,inrm,jnrm   8.80000000000000       5.000000000000000E-002
   2.51646774200000              195         196
    phase shifts for unique potential    0
    phase shifts for unique potential    1
    phase shifts for unique potential    2
    phase shifts for unique potential    3
Done with module: cross-section and phases (XSPH).

FMS calculation of full Green's function ...
FEFF-serial using 1 thread.
Using   194 energy points.
xprep done
FMS for a cluster of  283 atoms
Energy point    1/ 194
Energy point   10/ 194
Energy point   20/ 194
Energy point   30/ 194
Energy point   40/ 194
Energy point   50/ 194
Energy point   60/ 194
Energy point   70/ 194
Energy point   80/ 194
Energy point   90/ 194
Energy point  100/ 194
Energy point  110/ 194
Energy point  120/ 194
Energy point  130/ 194
Energy point  140/ 194
Energy point  150/ 194
Energy point  160/ 194
Energy point  170/ 194
Energy point  180/ 194
Energy point  190/ 194
Done with module: FMS.

MKGTR: Tracing over Green's function ...
Done with module: MKGTR.

Pathfinder: finding scattering paths...
Preparing plane wave scattering amplitudes
Searching for paths
Eliminating path degeneracies
0 paths retained.
Done with module: pathfinder.

Calculating EXAFS parameters ...
Done with module: EXAFS parameters (GENFMT).

Calculating XAS spectra ...
Done with module: XAS spectra (FF2X: DW + final sum over paths).

 
### feff ends at Sun Aug 13 15:32:35 EDT 2023
 
