### feff starts at Sun Aug 13 11:55:07 EDT 2023
### Serial version
### FeffPath is /sdcc/u/mcarbone/software/JFEFF/hsw/feff90/linux
 
Launching FEFF version FEFF 9.9.1
Core hole lifetime is   1.729 eV.
Your calculation:
 comment: None given
 Source:
 Structure Summary:  Cr2 Cu2 P4 O16
 Reduced formula:  CrCu(PO4)2
 space group: (P2_1/m), space number:  (11)
 abc: 10.104566   5.927259   4.952693
 angles: 89.980077  95.550162  90.023193
 sites: 24
Cu K edge XANES using RPA corehole.
Using:     * Self-Consistent Field potentials
Using cards:   ATOMS CONTROL EXCHANGE TITLE RPATH POTENTIALS XANES EDGE SCF FMS S02 COREHOLE EGRID

Calculating atomic potentials ...
    overlapped atomic potential and density for unique potential    0
    overlapped atomic potential and density for unique potential    1
    overlapped atomic potential and density for unique potential    2
    overlapped atomic potential and density for unique potential    3
    overlapped atomic potential and density for unique potential    4
Done with module: atomic potentials.

Calculating SCF potentials ...
FEFF-serial using 1 thread.
Muffin tin radii and interstitial parameters [bohr]:
type, norman radius, muffin tin, overlap factor
    0  1.27549E+00  1.17882E+00  1.15000E+00
    1  1.43679E+00  1.34158E+00  1.15000E+00
    2  1.27556E+00  1.17885E+00  1.15000E+00
    3  1.15285E+00  9.37227E-01  1.15000E+00
    4  1.04303E+00  8.93380E-01  1.15000E+00
Core-valence separation energy:  ecv=   -56.000 eV
Initial Fermi level:              mu=     6.231 eV
SCF ITERATION NUMBER  1
     point #   1  energy = -56.000
FMS for a cluster of  125 atoms around atom type   0
FMS for a cluster of  107 atoms around atom type   1
FMS for a cluster of   93 atoms around atom type   2
FMS for a cluster of  111 atoms around atom type   3
FMS for a cluster of  122 atoms around atom type   4
     point #  20  energy = -43.911
     point #  40  energy = -23.661
     point #  60  energy =  -7.564
     point #  80  energy =  -5.548
     point # 100  energy =  -5.055
New Fermi level:    mu=  -5.063 eV  Charge distance=  1.5278 (partial c.d.=  9.5893)
SCF ITERATION NUMBER  1
     point #   1  energy = -56.000
FMS for a cluster of  125 atoms around atom type   0
FMS for a cluster of  107 atoms around atom type   1
FMS for a cluster of   93 atoms around atom type   2
FMS for a cluster of  111 atoms around atom type   3
FMS for a cluster of  122 atoms around atom type   4
     point #  20  energy = -44.794
     point #  40  energy = -24.419
     point #  60  energy =  -5.063
     point #  80  energy =  -4.966
New Fermi level:    mu=  -4.647 eV  Charge distance=  0.9675 (partial c.d.=  8.5693)
SCF ITERATION NUMBER  1
     point #   1  energy = -56.000
FMS for a cluster of  125 atoms around atom type   0
FMS for a cluster of  107 atoms around atom type   1
FMS for a cluster of   93 atoms around atom type   2
FMS for a cluster of  111 atoms around atom type   3
FMS for a cluster of  122 atoms around atom type   4
     point #  20  energy = -44.924
     point #  40  energy = -24.786
     point #  60  energy =  -4.647
     point #  80  energy =  -4.688
     point # 100  energy =  -8.035
     point # 120  energy =  -7.797
New Fermi level:    mu=  -7.832 eV  Charge distance=  0.2659 (partial c.d.=  3.8126)
SCF ITERATION NUMBER  2
     point #   1  energy = -56.000
     point #  20  energy = -44.961
     point #  40  energy = -24.891
     point #  60  energy =  -7.832
New Fermi level:    mu=  -7.819 eV  Charge distance=  0.1696 (partial c.d.=  0.5217)
SCF ITERATION NUMBER  3
     point #   1  energy = -56.000
     point #  20  energy = -44.958
     point #  40  energy = -24.883
     point #  60  energy =  -7.819
     point #  80  energy =  -7.650
New Fermi level:    mu=  -6.930 eV  Charge distance=  0.1969 (partial c.d.=  1.1000)
SCF ITERATION NUMBER  4
     point #   1  energy = -56.000
     point #  20  energy = -44.755
     point #  40  energy = -24.309
     point #  60  energy =  -6.930
     point #  80  energy =  -6.739
New Fermi level:    mu=  -6.581 eV  Charge distance=  0.0675 (partial c.d.=  1.8708)
SCF ITERATION NUMBER  5
     point #   1  energy = -56.000
     point #  20  energy = -44.906
     point #  40  energy = -24.735
     point #  60  energy =  -6.581
     point #  80  energy =  -6.672
New Fermi level:    mu=  -7.327 eV  Charge distance=  0.1328 (partial c.d.=  0.6869)
SCF ITERATION NUMBER  6
     point #   1  energy = -56.000
     point #  20  energy = -44.846
     point #  40  energy = -24.565
     point #  60  energy =  -7.327
     point #  80  energy =  -7.174
New Fermi level:    mu=  -7.143 eV  Charge distance=  0.0916 (partial c.d.=  0.2527)
SCF ITERATION NUMBER  7
     point #   1  energy = -56.000
     point #  20  energy = -44.804
     point #  40  energy = -24.446
     point #  60  energy =  -7.143
     point #  80  energy =  -7.333
New Fermi level:    mu=  -7.524 eV  Charge distance=  0.0772 (partial c.d.=  2.1013)
SCF ITERATION NUMBER  8
     point #   1  energy = -56.000
     point #  20  energy = -44.891
     point #  40  energy = -24.693
     point #  60  energy =  -7.524
New Fermi level:    mu=  -7.562 eV  Charge distance=  0.0176 (partial c.d.=  1.4143)
SCF ITERATION NUMBER  9
     point #   1  energy = -56.000
     point #  20  energy = -44.900
     point #  40  energy = -24.717
     point #  60  energy =  -7.562
New Fermi level:    mu=  -7.505 eV  Charge distance=  0.0113 (partial c.d.=  0.1306)
SCF ITERATION NUMBER 10
     point #   1  energy = -56.000
     point #  20  energy = -44.886
     point #  40  energy = -24.680
     point #  60  energy =  -7.505
New Fermi level:    mu=  -7.508 eV  Charge distance=  0.0078 (partial c.d.=  0.1869)
SCF ITERATION NUMBER 11
     point #   1  energy = -56.000
     point #  20  energy = -44.887
     point #  40  energy = -24.682
     point #  60  energy =  -7.508
New Fermi level:    mu=  -7.520 eV  Charge distance=  0.0038 (partial c.d.=  0.0681)
SCF ITERATION NUMBER 12
     point #   1  energy = -56.000
     point #  20  energy = -44.890
     point #  40  energy = -24.690
     point #  60  energy =  -7.520
New Fermi level:    mu=  -7.518 eV  Charge distance=  0.0041 (partial c.d.=  0.0226)
SCF ITERATION NUMBER 13
     point #   1  energy = -56.000
     point #  20  energy = -44.890
     point #  40  energy = -24.689
     point #  60  energy =  -7.518
New Fermi level:    mu=  -7.517 eV  Charge distance=  0.0003 (partial c.d.=  0.0247)
SCF ITERATION NUMBER 14
     point #   1  energy = -56.000
     point #  20  energy = -44.889
     point #  40  energy = -24.688
     point #  60  energy =  -7.517
New Fermi level:    mu=  -7.516 eV  Charge distance=  0.0005 (partial c.d.=  0.0044)
SCF ITERATION NUMBER 15
     point #   1  energy = -56.000
     point #  20  energy = -44.889
     point #  40  energy = -24.687
     point #  60  energy =  -7.516
New Fermi level:    mu=  -7.515 eV  Charge distance=  0.0005 (partial c.d.=  0.0019)
SCF ITERATION NUMBER 16
     point #   1  energy = -56.000
     point #  20  energy = -44.889
     point #  40  energy = -24.687
     point #  60  energy =  -7.515
New Fermi level:    mu=  -7.514 eV  Charge distance=  0.0001 (partial c.d.=  0.0011)
SCF ITERATION NUMBER 17
     point #   1  energy = -56.000
     point #  20  energy = -44.889
     point #  40  energy = -24.686
     point #  60  energy =  -7.514
New Fermi level:    mu=  -7.514 eV  Charge distance=  0.0002 (partial c.d.=  0.0003)
SCF ITERATION NUMBER 18
     point #   1  energy = -56.000
     point #  20  energy = -44.889
     point #  40  energy = -24.686
     point #  60  energy =  -7.514
New Fermi level:    mu=  -7.514 eV  Charge distance=  0.0000 (partial c.d.=  0.0007)
SCF ITERATION NUMBER 19
     point #   1  energy = -56.000
     point #  20  energy = -44.889
     point #  40  energy = -24.686
     point #  60  energy =  -7.514
New Fermi level:    mu=  -7.514 eV  Charge distance=  0.0000 (partial c.d.=  0.0001)
Electronic configuration
  type     l     N_el
     0     0    0.493
     0     1    0.662
     0     2    9.371
     0     3    0.000
     1     0    0.478
     1     1    6.810
     1     2    4.901
     1     3    0.000
     2     0    0.493
     2     1    0.662
     2     2    9.373
     2     3    0.000
     3     0    1.188
     3     1    2.038
     3     2    1.015
     3     3    0.000
     4     0    1.814
     4     1    4.334
     4     2    0.077
     4     3    0.000
Charge transfer:  type  charge
       0   -0.474
       1    0.189
       2   -0.472
       3   -0.760
       4    0.226
Convergence reached in   19 iterations.
Done with module: potentials.

Calculating screened core-hole potential ...
FMS for a cluster of   23 atoms around iph =   0
    0% of energy integration
   20%
   40%
   60%
   80%
  100%
Preparing response function.
Computing (1 - K Chi0)^-1 v_ch
Done with module: screened core-hole potential.

Calculating cross-section and phases ...
    absorption cross section
 x0,dx,rnrm,inrm,jnrm   8.80000000000000       5.000000000000000E-002
   2.41032603500002              194         195
    phase shifts for unique potential    0
    phase shifts for unique potential    1
    phase shifts for unique potential    2
    phase shifts for unique potential    3
    phase shifts for unique potential    4
Done with module: cross-section and phases (XSPH).

FMS calculation of full Green's function ...
FEFF-serial using 1 thread.
Using   194 energy points.
xprep done
FMS for a cluster of  244 atoms
Energy point    1/ 194
Energy point   10/ 194
Energy point   20/ 194
Energy point   30/ 194
Energy point   40/ 194
Energy point   50/ 194
Energy point   60/ 194
Energy point   70/ 194
Energy point   80/ 194
Energy point   90/ 194
Energy point  100/ 194
Energy point  110/ 194
Energy point  120/ 194
Energy point  130/ 194
Energy point  140/ 194
Energy point  150/ 194
Energy point  160/ 194
Energy point  170/ 194
Energy point  180/ 194
Energy point  190/ 194
Done with module: FMS.

MKGTR: Tracing over Green's function ...
Done with module: MKGTR.

Pathfinder: finding scattering paths...
Preparing plane wave scattering amplitudes
Searching for paths
Eliminating path degeneracies
0 paths retained.
Done with module: pathfinder.

Calculating EXAFS parameters ...
Done with module: EXAFS parameters (GENFMT).

Calculating XAS spectra ...
Done with module: XAS spectra (FF2X: DW + final sum over paths).

 
### feff ends at Sun Aug 13 14:22:34 EDT 2023
 
