### feff starts at Sun Aug 13 23:45:19 EDT 2023
### Serial version
### FeffPath is /sdcc/u/mcarbone/software/JFEFF/hsw/feff90/linux
 
Launching FEFF version FEFF 9.9.1
Core hole lifetime is   1.729 eV.
Your calculation:
 comment: None given
 Source:
 Structure Summary:  Sr2 Cu1 Cl2 O2
 Reduced formula:  Sr2Cu(ClO)2
 space group: (P4/mmm), space number:  (123)
 abc:  4.938753   4.938753   6.116978
 angles: 90.000000  90.000000  90.000000
 sites: 7
Cu K edge XANES using RPA corehole.
Using:     * Self-Consistent Field potentials
Using cards:   ATOMS CONTROL EXCHANGE TITLE RPATH POTENTIALS XANES EDGE SCF FMS S02 COREHOLE EGRID

Calculating atomic potentials ...
    overlapped atomic potential and density for unique potential    0
    overlapped atomic potential and density for unique potential    1
    overlapped atomic potential and density for unique potential    2
    overlapped atomic potential and density for unique potential    3
    overlapped atomic potential and density for unique potential    4
Done with module: atomic potentials.

Calculating SCF potentials ...
FEFF-serial using 1 thread.
Muffin tin radii and interstitial parameters [bohr]:
type, norman radius, muffin tin, overlap factor
    0  1.47860E+00  1.38622E+00  1.15000E+00
    1  1.84000E+00  1.75324E+00  1.13054E+00
    2  1.47915E+00  1.38648E+00  1.15000E+00
    3  1.55044E+00  1.47607E+00  1.13323E+00
    4  1.19239E+00  1.11665E+00  1.15000E+00
Core-valence separation energy:  ecv=   -33.500 eV
Initial Fermi level:              mu=    -1.791 eV
SCF ITERATION NUMBER  1
     point #   1  energy = -33.500
FMS for a cluster of   73 atoms around atom type   0
FMS for a cluster of   55 atoms around atom type   1
FMS for a cluster of   56 atoms around atom type   2
FMS for a cluster of   67 atoms around atom type   3
FMS for a cluster of   64 atoms around atom type   4
     point #  20  energy = -22.280
     point #  40  energy =  -7.408
     point #  60  energy =  -4.980
New Fermi level:    mu=  -4.616 eV  Charge distance=  1.2694 (partial c.d.=  6.5221)
SCF ITERATION NUMBER  1
     point #   1  energy = -33.500
FMS for a cluster of   73 atoms around atom type   0
FMS for a cluster of   55 atoms around atom type   1
FMS for a cluster of   56 atoms around atom type   2
FMS for a cluster of   67 atoms around atom type   3
FMS for a cluster of   64 atoms around atom type   4
     point #  20  energy = -22.544
     point #  40  energy =  -4.616
     point #  60  energy =  -4.707
     point #  80  energy =  -8.841
     point # 100  energy =  -9.578
New Fermi level:    mu=  -9.591 eV  Charge distance=  0.3991 (partial c.d.=  6.7336)
SCF ITERATION NUMBER  1
     point #   1  energy = -33.500
FMS for a cluster of   73 atoms around atom type   0
FMS for a cluster of   55 atoms around atom type   1
FMS for a cluster of   56 atoms around atom type   2
FMS for a cluster of   67 atoms around atom type   3
FMS for a cluster of   64 atoms around atom type   4
     point #  20  energy = -22.542
     point #  40  energy =  -9.591
     point #  60  energy =  -9.453
New Fermi level:    mu=  -9.455 eV  Charge distance=  0.1963 (partial c.d.=  0.3661)
SCF ITERATION NUMBER  2
     point #   1  energy = -33.500
     point #  20  energy = -22.479
     point #  40  energy =  -9.455
     point #  60  energy =  -9.064
New Fermi level:    mu=  -8.850 eV  Charge distance=  0.2494 (partial c.d.=  0.1817)
SCF ITERATION NUMBER  3
     point #   1  energy = -33.500
     point #  20  energy = -22.202
     point #  40  energy =  -8.850
     point #  60  energy =  -8.415
     point #  80  energy =  -6.450
New Fermi level:    mu=  -6.291 eV  Charge distance=  0.1725 (partial c.d.=  1.0894)
SCF ITERATION NUMBER  4
     point #   1  energy = -33.500
     point #  20  energy = -22.415
     point #  40  energy =  -6.291
     point #  60  energy =  -6.460
     point #  80  energy =  -8.645
     point # 100  energy =  -8.466
New Fermi level:    mu=  -8.369 eV  Charge distance=  0.0549 (partial c.d.=  1.1035)
SCF ITERATION NUMBER  5
     point #   1  energy = -33.500
     point #  20  energy = -22.442
     point #  40  energy =  -8.369
     point #  60  energy =  -8.391
New Fermi level:    mu=  -8.176 eV  Charge distance=  0.1024 (partial c.d.=  0.0474)
SCF ITERATION NUMBER  6
     point #   1  energy = -33.500
     point #  20  energy = -22.357
     point #  40  energy =  -8.176
     point #  60  energy =  -7.938
New Fermi level:    mu=  -7.667 eV  Charge distance=  0.0045 (partial c.d.=  0.1809)
SCF ITERATION NUMBER  7
     point #   1  energy = -33.500
     point #  20  energy = -22.571
     point #  40  energy =  -7.667
New Fermi level:    mu=  -7.699 eV  Charge distance=  0.0025 (partial c.d.=  0.0047)
SCF ITERATION NUMBER  8
     point #   1  energy = -33.500
     point #  20  energy = -22.147
     point #  40  energy =  -7.699
New Fermi level:    mu=  -7.706 eV  Charge distance=  0.0049 (partial c.d.=  0.0010)
SCF ITERATION NUMBER  9
     point #   1  energy = -33.500
     point #  20  energy = -22.151
     point #  40  energy =  -7.706
New Fermi level:    mu=  -7.717 eV  Charge distance=  0.0003 (partial c.d.=  0.0020)
SCF ITERATION NUMBER 10
     point #   1  energy = -33.500
     point #  20  energy = -22.156
     point #  40  energy =  -7.717
New Fermi level:    mu=  -7.713 eV  Charge distance=  0.0004 (partial c.d.=  0.0007)
SCF ITERATION NUMBER 11
     point #   1  energy = -33.500
     point #  20  energy = -22.154
     point #  40  energy =  -7.713
New Fermi level:    mu=  -7.707 eV  Charge distance=  0.0001 (partial c.d.=  0.0008)
SCF ITERATION NUMBER 12
     point #   1  energy = -33.500
     point #  20  energy = -22.151
     point #  40  energy =  -7.707
New Fermi level:    mu=  -7.707 eV  Charge distance=  0.0002 (partial c.d.=  0.0001)
Electronic configuration
  type     l     N_el
     0     0    0.460
     0     1    0.419
     0     2    9.681
     0     3    0.000
     1     0    0.321
     1     1    6.447
     1     2    0.899
     1     3    0.000
     2     0    0.459
     2     1    0.422
     2     2    9.679
     2     3    0.000
     3     0    1.950
     3     1    4.846
     3     2    0.106
     3     3    0.000
     4     0    1.900
     4     1    4.728
     4     2    0.026
     4     3    0.000
Charge transfer:  type  charge
       0   -0.440
       1   -0.334
       2   -0.441
       3   -0.098
       4    0.654
Convergence reached in   12 iterations.
Done with module: potentials.

Calculating screened core-hole potential ...
FMS for a cluster of   15 atoms around iph =   0
    0% of energy integration
   20%
   40%
   60%
   80%
  100%
Preparing response function.
Computing (1 - K Chi0)^-1 v_ch
Done with module: screened core-hole potential.

Calculating cross-section and phases ...
    absorption cross section
 x0,dx,rnrm,inrm,jnrm   8.80000000000000       5.000000000000000E-002
   2.79414461399980              197         198
    phase shifts for unique potential    0
    phase shifts for unique potential    1
    phase shifts for unique potential    2
    phase shifts for unique potential    3
    phase shifts for unique potential    4
Done with module: cross-section and phases (XSPH).

FMS calculation of full Green's function ...
FEFF-serial using 1 thread.
Using   194 energy points.
xprep done
FMS for a cluster of  141 atoms
Energy point    1/ 194
Energy point   10/ 194
Energy point   20/ 194
Energy point   30/ 194
Energy point   40/ 194
Energy point   50/ 194
Energy point   60/ 194
Energy point   70/ 194
Energy point   80/ 194
Energy point   90/ 194
Energy point  100/ 194
Energy point  110/ 194
Energy point  120/ 194
Energy point  130/ 194
Energy point  140/ 194
Energy point  150/ 194
Energy point  160/ 194
Energy point  170/ 194
Energy point  180/ 194
Energy point  190/ 194
Done with module: FMS.

MKGTR: Tracing over Green's function ...
Done with module: MKGTR.

Pathfinder: finding scattering paths...
Preparing plane wave scattering amplitudes
Searching for paths
Eliminating path degeneracies
0 paths retained.
Done with module: pathfinder.

Calculating EXAFS parameters ...
Done with module: EXAFS parameters (GENFMT).

Calculating XAS spectra ...
Done with module: XAS spectra (FF2X: DW + final sum over paths).

 
### feff ends at Mon Aug 14 00:06:03 EDT 2023
 
