### feff starts at Sun Aug 13 15:10:25 EDT 2023
### Serial version
### FeffPath is /sdcc/u/mcarbone/software/JFEFF/hsw/feff90/linux
 
Launching FEFF version FEFF 9.9.1
Resetting lmaxsc to 2 for iph =    3.  Use  UNFREEZE to prevent this.
Core hole lifetime is   1.729 eV.
Your calculation:
 comment: None given
 Source:
 Structure Summary:  Y2 Cu6 W12 O48
 Reduced formula:  YCu3(WO4)6
 space group: (P2/c), space number:  (13)
 abc:  5.993146   9.525597  17.499956
 angles: 60.296936  90.000000  90.000000
 sites: 68
Cu K edge XANES using RPA corehole.
Using:     * Self-Consistent Field potentials
Using cards:   ATOMS CONTROL EXCHANGE TITLE RPATH POTENTIALS XANES EDGE SCF FMS S02 COREHOLE EGRID

Calculating atomic potentials ...
    overlapped atomic potential and density for unique potential    0
    overlapped atomic potential and density for unique potential    1
    overlapped atomic potential and density for unique potential    2
    overlapped atomic potential and density for unique potential    3
    overlapped atomic potential and density for unique potential    4
Done with module: atomic potentials.

Calculating SCF potentials ...
FEFF-serial using 1 thread.
Muffin tin radii and interstitial parameters [bohr]:
type, norman radius, muffin tin, overlap factor
    0  1.32256E+00  1.21507E+00  1.15000E+00
    1  1.66848E+00  1.57339E+00  1.15000E+00
    2  1.32254E+00  1.21907E+00  1.15000E+00
    3  1.42033E+00  1.24774E+00  1.15000E+00
    4  1.08216E+00  9.37904E-01  1.15000E+00
Core-valence separation energy:  ecv=   -34.500 eV
Initial Fermi level:              mu=     4.409 eV
SCF ITERATION NUMBER  1
     point #   1  energy = -34.500
FMS for a cluster of  113 atoms around atom type   0
FMS for a cluster of   84 atoms around atom type   1
FMS for a cluster of   84 atoms around atom type   2
FMS for a cluster of  100 atoms around atom type   3
FMS for a cluster of  109 atoms around atom type   4
     point #  20  energy = -23.271
     point #  40  energy =  -6.962
     point #  60  energy =  -4.699
New Fermi level:    mu=  -4.494 eV  Charge distance=  1.4719 (partial c.d.=  6.5837)
SCF ITERATION NUMBER  1
     point #   1  energy = -34.500
FMS for a cluster of  113 atoms around atom type   0
FMS for a cluster of   84 atoms around atom type   1
FMS for a cluster of   84 atoms around atom type   2
FMS for a cluster of  100 atoms around atom type   3
FMS for a cluster of  109 atoms around atom type   4
     point #  20  energy = -23.498
     point #  40  energy =  -4.494
     point #  60  energy =  -4.585
     point #  80  energy =  -5.144
     point # 100  energy =  -4.875
New Fermi level:    mu=  -4.861 eV  Charge distance=  0.5326 (partial c.d.=  7.6551)
SCF ITERATION NUMBER  1
     point #   1  energy = -34.500
FMS for a cluster of  113 atoms around atom type   0
FMS for a cluster of   84 atoms around atom type   1
FMS for a cluster of   84 atoms around atom type   2
FMS for a cluster of  100 atoms around atom type   3
FMS for a cluster of  109 atoms around atom type   4
     point #  20  energy = -23.257
     point #  40  energy =  -4.861
     point #  60  energy =  -4.951
     point #  80  energy =  -5.667
     point # 100  energy =  -5.364
New Fermi level:    mu=  -5.348 eV  Charge distance=  0.2957 (partial c.d.=  0.5956)
SCF ITERATION NUMBER  2
     point #   1  energy = -34.500
     point #  20  energy = -23.442
     point #  40  energy =  -5.348
     point #  60  energy =  -5.488
     point #  80  energy =  -5.732
New Fermi level:    mu=  -5.655 eV  Charge distance=  0.4470 (partial c.d.=  0.2821)
SCF ITERATION NUMBER  3
     point #   1  energy = -34.500
     point #  20  energy = -23.168
     point #  40  energy =  -5.655
     point #  60  energy =  -5.465
New Fermi level:    mu=  -5.237 eV  Charge distance=  0.4492 (partial c.d.=  7.7297)
SCF ITERATION NUMBER  4
     point #   1  energy = -34.500
     point #  20  energy = -23.400
     point #  40  energy =  -5.237
     point #  60  energy =  -5.377
     point #  80  energy =  -5.746
New Fermi level:    mu=  -5.626 eV  Charge distance=  0.0752 (partial c.d.=  7.8220)
SCF ITERATION NUMBER  5
     point #   1  energy = -34.500
     point #  20  energy = -23.548
     point #  40  energy =  -5.626
New Fermi level:    mu=  -5.653 eV  Charge distance=  0.0898 (partial c.d.=  0.0260)
SCF ITERATION NUMBER  6
     point #   1  energy = -34.500
     point #  20  energy = -23.167
     point #  40  energy =  -5.653
New Fermi level:    mu=  -5.721 eV  Charge distance=  0.0379 (partial c.d.=  0.1001)
SCF ITERATION NUMBER  7
     point #   1  energy = -34.500
     point #  20  energy = -23.194
     point #  40  energy =  -5.721
New Fermi level:    mu=  -5.736 eV  Charge distance=  0.1151 (partial c.d.=  0.0619)
SCF ITERATION NUMBER  8
     point #   1  energy = -34.500
     point #  20  energy = -23.200
     point #  40  energy =  -5.736
New Fermi level:    mu=  -5.783 eV  Charge distance=  0.0157 (partial c.d.=  0.2174)
SCF ITERATION NUMBER  9
     point #   1  energy = -34.500
     point #  20  energy = -23.218
     point #  40  energy =  -5.783
New Fermi level:    mu=  -5.793 eV  Charge distance=  0.0479 (partial c.d.=  0.0376)
SCF ITERATION NUMBER 10
     point #   1  energy = -34.500
     point #  20  energy = -23.222
     point #  40  energy =  -5.793
New Fermi level:    mu=  -5.815 eV  Charge distance=  0.0200 (partial c.d.=  0.0752)
SCF ITERATION NUMBER 11
     point #   1  energy = -34.500
     point #  20  energy = -23.231
     point #  40  energy =  -5.815
New Fermi level:    mu=  -5.826 eV  Charge distance=  0.0016 (partial c.d.=  0.0237)
SCF ITERATION NUMBER 12
     point #   1  energy = -34.500
     point #  20  energy = -23.235
     point #  40  energy =  -5.826
New Fermi level:    mu=  -5.824 eV  Charge distance=  0.0020 (partial c.d.=  0.0064)
SCF ITERATION NUMBER 13
     point #   1  energy = -34.500
     point #  20  energy = -23.235
     point #  40  energy =  -5.824
New Fermi level:    mu=  -5.824 eV  Charge distance=  0.0016 (partial c.d.=  0.0035)
SCF ITERATION NUMBER 14
     point #   1  energy = -34.500
     point #  20  energy = -23.235
     point #  40  energy =  -5.824
New Fermi level:    mu=  -5.824 eV  Charge distance=  0.0003 (partial c.d.=  0.0013)
SCF ITERATION NUMBER 15
     point #   1  energy = -34.500
     point #  20  energy = -23.234
     point #  40  energy =  -5.824
New Fermi level:    mu=  -5.823 eV  Charge distance=  0.0002 (partial c.d.=  0.0004)
SCF ITERATION NUMBER 16
     point #   1  energy = -34.500
     point #  20  energy = -23.234
     point #  40  energy =  -5.823
New Fermi level:    mu=  -5.823 eV  Charge distance=  0.0001 (partial c.d.=  0.0004)
SCF ITERATION NUMBER 17
     point #   1  energy = -34.500
     point #  20  energy = -23.234
     point #  40  energy =  -5.823
New Fermi level:    mu=  -5.823 eV  Charge distance=  0.0000 (partial c.d.=  0.0002)
Electronic configuration
  type     l     N_el
     0     0    0.498
     0     1    0.617
     0     2    9.578
     0     3    0.000
     1     0    0.414
     1     1    6.578
     1     2    1.687
     1     3    0.000
     2     0    0.508
     2     1    0.622
     2     2    9.589
     2     3    0.000
     3     0    0.586
     3     1    0.825
     3     2    3.792
     3     3    0.000
     4     0    1.821
     4     1    4.338
     4     2    0.089
     4     3    0.000
Charge transfer:  type  charge
       0   -0.308
       1   -0.322
       2   -0.281
       3   -0.798
       4    0.248
Convergence reached in   17 iterations.
Done with module: potentials.

Calculating screened core-hole potential ...
FMS for a cluster of   21 atoms around iph =   0
    0% of energy integration
   20%
   40%
   60%
   80%
  100%
Preparing response function.
Computing (1 - K Chi0)^-1 v_ch
Done with module: screened core-hole potential.

Calculating cross-section and phases ...
    absorption cross section
 x0,dx,rnrm,inrm,jnrm   8.80000000000000       5.000000000000000E-002
   2.49927963499993              195         196
    phase shifts for unique potential    0
    phase shifts for unique potential    1
    phase shifts for unique potential    2
    phase shifts for unique potential    3
    phase shifts for unique potential    4
Done with module: cross-section and phases (XSPH).

FMS calculation of full Green's function ...
FEFF-serial using 1 thread.
Using   194 energy points.
xprep done
FMS for a cluster of  227 atoms
Energy point    1/ 194
Energy point   10/ 194
Energy point   20/ 194
Energy point   30/ 194
Energy point   40/ 194
Energy point   50/ 194
Energy point   60/ 194
Energy point   70/ 194
Energy point   80/ 194
Energy point   90/ 194
Energy point  100/ 194
Energy point  110/ 194
Energy point  120/ 194
Energy point  130/ 194
Energy point  140/ 194
Energy point  150/ 194
Energy point  160/ 194
Energy point  170/ 194
Energy point  180/ 194
Energy point  190/ 194
Done with module: FMS.

MKGTR: Tracing over Green's function ...
Done with module: MKGTR.

Pathfinder: finding scattering paths...
Preparing plane wave scattering amplitudes
Searching for paths
Eliminating path degeneracies
0 paths retained.
Done with module: pathfinder.

Calculating EXAFS parameters ...
Done with module: EXAFS parameters (GENFMT).

Calculating XAS spectra ...
Done with module: XAS spectra (FF2X: DW + final sum over paths).

 
### feff ends at Sun Aug 13 16:43:19 EDT 2023
 
