### feff starts at Sun Aug 13 20:21:22 EDT 2023
### Serial version
### FeffPath is /sdcc/u/mcarbone/software/JFEFF/hsw/feff90/linux
 
Launching FEFF version FEFF 9.9.1
Core hole lifetime is   1.729 eV.
Your calculation:
 comment: None given
 Source:
 Structure Summary:  Cu8 O12
 Reduced formula:  Cu2O3
 space group: (P2_1/c), space number:  (14)
 abc:  3.599526   7.757067  10.419927
 angles: 67.903451  90.000000  90.000000
 sites: 20
Cu K edge XANES using RPA corehole.
Using:     * Self-Consistent Field potentials
Using cards:   ATOMS CONTROL EXCHANGE TITLE RPATH POTENTIALS XANES EDGE SCF FMS S02 COREHOLE EGRID

Calculating atomic potentials ...
    overlapped atomic potential and density for unique potential    0
    overlapped atomic potential and density for unique potential    1
    overlapped atomic potential and density for unique potential    2
Done with module: atomic potentials.

Calculating SCF potentials ...
FEFF-serial using 1 thread.
Muffin tin radii and interstitial parameters [bohr]:
type, norman radius, muffin tin, overlap factor
    0  1.28056E+00  1.15912E+00  1.15000E+00
    1  1.28056E+00  1.15912E+00  1.15000E+00
    2  1.11119E+00  1.00283E+00  1.15000E+00
Core-valence separation energy:  ecv=   -40.000 eV
Initial Fermi level:              mu=     2.931 eV
SCF ITERATION NUMBER  1
     point #   1  energy = -40.000
FMS for a cluster of  107 atoms around atom type   0
FMS for a cluster of  103 atoms around atom type   1
FMS for a cluster of  109 atoms around atom type   2
     point #  20  energy = -28.785
     point #  40  energy =  -8.535
     point #  60  energy =  -1.719
     point #  80  energy =  -2.357
New Fermi level:    mu=  -2.384 eV  Charge distance=  0.3679 (partial c.d.=  8.0004)
SCF ITERATION NUMBER  1
     point #   1  energy = -40.000
FMS for a cluster of  107 atoms around atom type   0
FMS for a cluster of  103 atoms around atom type   1
FMS for a cluster of  109 atoms around atom type   2
     point #  20  energy = -28.817
     point #  40  energy =  -8.484
     point #  60  energy =  -2.384
     point #  80  energy =  -3.584
     point # 100  energy =  -6.877
New Fermi level:    mu=  -7.128 eV  Charge distance=  0.0479 (partial c.d.=  1.6389)
SCF ITERATION NUMBER  1
     point #   1  energy = -40.000
FMS for a cluster of  107 atoms around atom type   0
FMS for a cluster of  103 atoms around atom type   1
FMS for a cluster of  109 atoms around atom type   2
     point #  20  energy = -28.700
     point #  40  energy =  -8.155
     point #  60  energy =  -7.087
     point #  80  energy =  -6.462
New Fermi level:    mu=  -6.530 eV  Charge distance=  0.0497 (partial c.d.=  0.3848)
SCF ITERATION NUMBER  2
     point #   1  energy = -40.000
     point #  20  energy = -28.843
     point #  40  energy =  -8.558
     point #  60  energy =  -6.542
New Fermi level:    mu=  -6.777 eV  Charge distance=  0.0657 (partial c.d.=  0.1066)
SCF ITERATION NUMBER  3
     point #   1  energy = -40.000
     point #  20  energy = -28.926
     point #  40  energy =  -8.791
     point #  60  energy =  -6.752
New Fermi level:    mu=  -6.748 eV  Charge distance=  0.0441 (partial c.d.=  0.1003)
SCF ITERATION NUMBER  4
     point #   1  energy = -40.000
     point #  20  energy = -28.916
     point #  40  energy =  -8.763
     point #  60  energy =  -6.760
New Fermi level:    mu=  -7.028 eV  Charge distance=  0.0121 (partial c.d.=  0.1291)
SCF ITERATION NUMBER  5
     point #   1  energy = -40.000
     point #  20  energy = -29.009
     point #  40  energy =  -9.027
     point #  60  energy =  -7.003
New Fermi level:    mu=  -6.982 eV  Charge distance=  0.0104 (partial c.d.=  0.1284)
SCF ITERATION NUMBER  6
     point #   1  energy = -40.000
     point #  20  energy = -28.994
     point #  40  energy =  -8.983
New Fermi level:    mu=  -6.983 eV  Charge distance=  0.0029 (partial c.d.=  0.0930)
SCF ITERATION NUMBER  7
     point #   1  energy = -40.000
     point #  20  energy = -28.994
     point #  40  energy =  -8.984
New Fermi level:    mu=  -6.978 eV  Charge distance=  0.0051 (partial c.d.=  0.0113)
SCF ITERATION NUMBER  8
     point #   1  energy = -40.000
     point #  20  energy = -28.993
     point #  40  energy =  -8.979
     point #  60  energy =  -6.953
New Fermi level:    mu=  -6.965 eV  Charge distance=  0.0016 (partial c.d.=  0.0021)
SCF ITERATION NUMBER  9
     point #   1  energy = -40.000
     point #  20  energy = -28.988
     point #  40  energy =  -8.967
New Fermi level:    mu=  -6.957 eV  Charge distance=  0.0000 (partial c.d.=  0.0008)
SCF ITERATION NUMBER 10
     point #   1  energy = -40.000
     point #  20  energy = -28.986
     point #  40  energy =  -8.959
New Fermi level:    mu=  -6.954 eV  Charge distance=  0.0001 (partial c.d.=  0.0006)
SCF ITERATION NUMBER 11
     point #   1  energy = -40.000
     point #  20  energy = -28.985
     point #  40  energy =  -8.957
New Fermi level:    mu=  -6.951 eV  Charge distance=  0.0000 (partial c.d.=  0.0007)
SCF ITERATION NUMBER 12
     point #   1  energy = -40.000
     point #  20  energy = -28.984
     point #  40  energy =  -8.954
New Fermi level:    mu=  -6.951 eV  Charge distance=  0.0000 (partial c.d.=  0.0000)
Electronic configuration
  type     l     N_el
     0     0    0.518
     0     1    0.675
     0     2    9.353
     0     3    0.000
     1     0    0.518
     1     1    0.676
     1     2    9.353
     1     3    0.000
     2     0    1.882
     2     1    4.324
     2     2    0.097
     2     3    0.000
Charge transfer:  type  charge
       0   -0.453
       1   -0.453
       2    0.303
Convergence reached in   12 iterations.
Done with module: potentials.

Calculating screened core-hole potential ...
FMS for a cluster of   14 atoms around iph =   0
    0% of energy integration
   20%
   40%
   60%
   80%
  100%
Preparing response function.
Computing (1 - K Chi0)^-1 v_ch
Done with module: screened core-hole potential.

Calculating cross-section and phases ...
    absorption cross section
 x0,dx,rnrm,inrm,jnrm   8.80000000000000       5.000000000000000E-002
   2.41990629300002              194         195
    phase shifts for unique potential    0
    phase shifts for unique potential    1
    phase shifts for unique potential    2
Done with module: cross-section and phases (XSPH).

FMS calculation of full Green's function ...
FEFF-serial using 1 thread.
Using   194 energy points.
xprep done
FMS for a cluster of  222 atoms
Energy point    1/ 194
Energy point   10/ 194
Energy point   20/ 194
Energy point   30/ 194
Energy point   40/ 194
Energy point   50/ 194
Energy point   60/ 194
Energy point   70/ 194
Energy point   80/ 194
Energy point   90/ 194
Energy point  100/ 194
Energy point  110/ 194
Energy point  120/ 194
Energy point  130/ 194
Energy point  140/ 194
Energy point  150/ 194
Energy point  160/ 194
Energy point  170/ 194
Energy point  180/ 194
Energy point  190/ 194
Done with module: FMS.

MKGTR: Tracing over Green's function ...
Done with module: MKGTR.

Pathfinder: finding scattering paths...
Preparing plane wave scattering amplitudes
Searching for paths
Eliminating path degeneracies
0 paths retained.
Done with module: pathfinder.

Calculating EXAFS parameters ...
Done with module: EXAFS parameters (GENFMT).

Calculating XAS spectra ...
Done with module: XAS spectra (FF2X: DW + final sum over paths).

 
### feff ends at Sun Aug 13 21:27:40 EDT 2023
 
