### feff starts at Sun Aug 13 09:26:08 EDT 2023
### Serial version
### FeffPath is /sdcc/u/mcarbone/software/JFEFF/hsw/feff90/linux
 
Launching FEFF version FEFF 9.9.1
Core hole lifetime is   1.729 eV.
Your calculation:
 comment: None given
 Source:
 Structure Summary:  Zn4 Cu8 Ni8 O32
 Reduced formula:  ZnCu2(NiO4)2
 space group: (P2_1/c), space number:  (14)
 abc:  6.375461   8.323171  11.656866
 angles: 90.000000  91.872625  90.000000
 sites: 52
Cu K edge XANES using RPA corehole.
Using:     * Self-Consistent Field potentials
Using cards:   ATOMS CONTROL EXCHANGE TITLE RPATH POTENTIALS XANES EDGE SCF FMS S02 COREHOLE EGRID

Calculating atomic potentials ...
    overlapped atomic potential and density for unique potential    0
    overlapped atomic potential and density for unique potential    1
    overlapped atomic potential and density for unique potential    2
    overlapped atomic potential and density for unique potential    3
    overlapped atomic potential and density for unique potential    4
Done with module: atomic potentials.

Calculating SCF potentials ...
FEFF-serial using 1 thread.
Muffin tin radii and interstitial parameters [bohr]:
type, norman radius, muffin tin, overlap factor
    0  1.26462E+00  1.14081E+00  1.15000E+00
    1  1.40495E+00  1.31810E+00  1.15000E+00
    2  1.26029E+00  1.15441E+00  1.15000E+00
    3  1.34240E+00  1.16725E+00  1.15000E+00
    4  1.10504E+00  9.91012E-01  1.15000E+00
Core-valence separation energy:  ecv=   -40.000 eV
Initial Fermi level:              mu=     1.407 eV
SCF ITERATION NUMBER  1
     point #   1  energy = -40.000
FMS for a cluster of  126 atoms around atom type   0
FMS for a cluster of  118 atoms around atom type   1
FMS for a cluster of  118 atoms around atom type   2
FMS for a cluster of  113 atoms around atom type   3
FMS for a cluster of  123 atoms around atom type   4
     point #  20  energy = -28.883
     point #  40  energy =  -8.633
     point #  60  energy =  -5.321
     point #  80  energy =  -4.886
New Fermi level:    mu=  -4.894 eV  Charge distance=  1.2504 (partial c.d.= 10.2620)
SCF ITERATION NUMBER  1
     point #   1  energy = -40.000
FMS for a cluster of  126 atoms around atom type   0
FMS for a cluster of  118 atoms around atom type   1
FMS for a cluster of  118 atoms around atom type   2
FMS for a cluster of  113 atoms around atom type   3
FMS for a cluster of  123 atoms around atom type   4
     point #  20  energy = -28.967
     point #  40  energy =  -8.906
     point #  60  energy =  -4.894
     point #  80  energy =  -6.728
New Fermi level:    mu=  -6.550 eV  Charge distance=  0.5703 (partial c.d.=  6.6327)
SCF ITERATION NUMBER  1
     point #   1  energy = -40.000
FMS for a cluster of  126 atoms around atom type   0
FMS for a cluster of  118 atoms around atom type   1
FMS for a cluster of  118 atoms around atom type   2
FMS for a cluster of  113 atoms around atom type   3
FMS for a cluster of  123 atoms around atom type   4
     point #  20  energy = -28.850
     point #  40  energy =  -8.577
     point #  60  energy =  -6.562
     point #  80  energy =  -9.262
     point # 100  energy = -10.378
New Fermi level:    mu= -10.414 eV  Charge distance=  0.4058 (partial c.d.=  4.1566)
SCF ITERATION NUMBER  2
     point #   1  energy = -40.000
     point #  20  energy = -28.778
     point #  40  energy = -10.414
     point #  60  energy = -10.324
     point #  80  energy =  -8.055
New Fermi level:    mu=  -8.365 eV  Charge distance=  0.3260 (partial c.d.=  3.0347)
SCF ITERATION NUMBER  3
     point #   1  energy = -40.000
     point #  20  energy = -28.775
     point #  40  energy =  -8.365
     point #  60  energy =  -8.406
     point #  80  energy =  -9.668
New Fermi level:    mu=  -9.741 eV  Charge distance=  0.1868 (partial c.d.=  3.0606)
SCF ITERATION NUMBER  4
     point #   1  energy = -40.000
     point #  20  energy = -28.905
     point #  40  energy =  -9.741
     point #  60  energy =  -9.832
New Fermi level:    mu= -10.363 eV  Charge distance=  0.1318 (partial c.d.=  2.7669)
SCF ITERATION NUMBER  5
     point #   1  energy = -40.000
     point #  20  energy = -28.758
     point #  40  energy = -10.363
     point #  60  energy = -10.222
     point #  80  energy = -10.025
New Fermi level:    mu= -10.021 eV  Charge distance=  0.0685 (partial c.d.=  1.7449)
SCF ITERATION NUMBER  6
     point #   1  energy = -40.000
     point #  20  energy = -29.008
     point #  40  energy = -10.021
     point #  60  energy =  -9.959
New Fermi level:    mu=  -9.922 eV  Charge distance=  0.1575 (partial c.d.=  1.1654)
SCF ITERATION NUMBER  7
     point #   1  energy = -40.000
     point #  20  energy = -28.972
     point #  40  energy =  -9.922
     point #  60  energy =  -9.826
New Fermi level:    mu=  -9.730 eV  Charge distance=  0.0381 (partial c.d.=  1.5210)
SCF ITERATION NUMBER  8
     point #   1  energy = -40.000
     point #  20  energy = -28.901
     point #  40  energy =  -9.730
New Fermi level:    mu=  -9.740 eV  Charge distance=  0.0545 (partial c.d.=  0.5389)
SCF ITERATION NUMBER  9
     point #   1  energy = -40.000
     point #  20  energy = -28.905
     point #  40  energy =  -9.740
     point #  60  energy =  -9.802
New Fermi level:    mu=  -9.794 eV  Charge distance=  0.0134 (partial c.d.=  0.5421)
SCF ITERATION NUMBER 10
     point #   1  energy = -40.000
     point #  20  energy = -28.924
     point #  40  energy =  -9.794
New Fermi level:    mu=  -9.759 eV  Charge distance=  0.0007 (partial c.d.=  0.1521)
SCF ITERATION NUMBER 11
     point #   1  energy = -40.000
     point #  20  energy = -28.912
     point #  40  energy =  -9.759
New Fermi level:    mu=  -9.735 eV  Charge distance=  0.0015 (partial c.d.=  0.0220)
SCF ITERATION NUMBER 12
     point #   1  energy = -40.000
     point #  20  energy = -28.903
     point #  40  energy =  -9.735
New Fermi level:    mu=  -9.721 eV  Charge distance=  0.0011 (partial c.d.=  0.0215)
SCF ITERATION NUMBER 13
     point #   1  energy = -40.000
     point #  20  energy = -28.898
     point #  40  energy =  -9.721
New Fermi level:    mu=  -9.722 eV  Charge distance=  0.0023 (partial c.d.=  0.0061)
SCF ITERATION NUMBER 14
     point #   1  energy = -40.000
     point #  20  energy = -28.898
     point #  40  energy =  -9.722
New Fermi level:    mu=  -9.719 eV  Charge distance=  0.0007 (partial c.d.=  0.0054)
SCF ITERATION NUMBER 15
     point #   1  energy = -40.000
     point #  20  energy = -28.897
     point #  40  energy =  -9.719
New Fermi level:    mu=  -9.718 eV  Charge distance=  0.0001 (partial c.d.=  0.0007)
SCF ITERATION NUMBER 16
     point #   1  energy = -40.000
     point #  20  energy = -28.897
     point #  40  energy =  -9.718
New Fermi level:    mu=  -9.719 eV  Charge distance=  0.0002 (partial c.d.=  0.0003)
SCF ITERATION NUMBER 17
     point #   1  energy = -40.000
     point #  20  energy = -28.897
     point #  40  energy =  -9.719
New Fermi level:    mu=  -9.719 eV  Charge distance=  0.0002 (partial c.d.=  0.0003)
SCF ITERATION NUMBER 18
     point #   1  energy = -40.000
     point #  20  energy = -28.897
     point #  40  energy =  -9.719
New Fermi level:    mu=  -9.719 eV  Charge distance=  0.0001 (partial c.d.=  0.0001)
Electronic configuration
  type     l     N_el
     0     0    0.492
     0     1    0.609
     0     2    9.170
     0     3    0.000
     1     0    0.670
     1     1    0.853
     1     2   10.234
     1     3    0.000
     2     0    0.475
     2     1    0.621
     2     2    9.181
     2     3    0.000
     3     0    0.597
     3     1    0.855
     3     2    8.607
     3     3    0.000
     4     0    1.860
     4     1    4.254
     4     2    0.082
     4     3    0.000
Charge transfer:  type  charge
       0   -0.728
       1   -0.243
       2   -0.722
       3    0.059
       4    0.196
Convergence reached in   18 iterations.
Done with module: potentials.

Calculating screened core-hole potential ...
FMS for a cluster of   23 atoms around iph =   0
    0% of energy integration
   20%
   40%
   60%
   80%
  100%
Preparing response function.
Computing (1 - K Chi0)^-1 v_ch
Done with module: screened core-hole potential.

Calculating cross-section and phases ...
    absorption cross section
 x0,dx,rnrm,inrm,jnrm   8.80000000000000       5.000000000000000E-002
   2.38977586799998              194         195
    phase shifts for unique potential    0
    phase shifts for unique potential    1
    phase shifts for unique potential    2
    phase shifts for unique potential    3
    phase shifts for unique potential    4
Done with module: cross-section and phases (XSPH).

FMS calculation of full Green's function ...
FEFF-serial using 1 thread.
Using   194 energy points.
xprep done
FMS for a cluster of  257 atoms
Energy point    1/ 194
Energy point   10/ 194
Energy point   20/ 194
Energy point   30/ 194
Energy point   40/ 194
Energy point   50/ 194
Energy point   60/ 194
Energy point   70/ 194
Energy point   80/ 194
Energy point   90/ 194
Energy point  100/ 194
Energy point  110/ 194
Energy point  120/ 194
Energy point  130/ 194
Energy point  140/ 194
Energy point  150/ 194
Energy point  160/ 194
Energy point  170/ 194
Energy point  180/ 194
Energy point  190/ 194
Done with module: FMS.

MKGTR: Tracing over Green's function ...
Done with module: MKGTR.

Pathfinder: finding scattering paths...
Preparing plane wave scattering amplitudes
Searching for paths
Eliminating path degeneracies
0 paths retained.
Done with module: pathfinder.

Calculating EXAFS parameters ...
Done with module: EXAFS parameters (GENFMT).

Calculating XAS spectra ...
Done with module: XAS spectra (FF2X: DW + final sum over paths).

 
### feff ends at Sun Aug 13 11:52:36 EDT 2023
 
