### feff starts at Mon Aug 14 11:15:14 EDT 2023
### Serial version
### FeffPath is /sdcc/u/mcarbone/software/JFEFF/hsw/feff90/linux
 
Launching FEFF version FEFF 9.9.1
Core hole lifetime is   1.729 eV.
Your calculation:
 comment: None given
 Source:
 Structure Summary:  Li1 Cu1 P2 O6
 Reduced formula:  LiCu(PO3)2
 space group: (C222), space number:  (21)
 abc:  5.341564   5.341564   5.647986
 angles: 90.000000  90.000000 123.293167
 sites: 10
Cu K edge XANES using RPA corehole.
Using:     * Self-Consistent Field potentials
Using cards:   ATOMS CONTROL EXCHANGE TITLE RPATH POTENTIALS XANES EDGE SCF FMS S02 COREHOLE EGRID

Calculating atomic potentials ...
    overlapped atomic potential and density for unique potential    0
    overlapped atomic potential and density for unique potential    1
    overlapped atomic potential and density for unique potential    2
    overlapped atomic potential and density for unique potential    3
    overlapped atomic potential and density for unique potential    4
Done with module: atomic potentials.

Calculating SCF potentials ...
FEFF-serial using 1 thread.
Muffin tin radii and interstitial parameters [bohr]:
type, norman radius, muffin tin, overlap factor
    0  1.39543E+00  1.33410E+00  1.12016E+00
    1  1.26575E+00  1.20437E+00  1.13496E+00
    2  1.39552E+00  1.33417E+00  1.12018E+00
    3  1.15111E+00  9.34187E-01  1.15000E+00
    4  1.03749E+00  8.94350E-01  1.15000E+00
Core-valence separation energy:  ecv=   -40.000 eV
Initial Fermi level:              mu=     6.515 eV
SCF ITERATION NUMBER  1
     point #   1  energy = -40.000
FMS for a cluster of   97 atoms around atom type   0
FMS for a cluster of  105 atoms around atom type   1
FMS for a cluster of   76 atoms around atom type   2
FMS for a cluster of   97 atoms around atom type   3
FMS for a cluster of  104 atoms around atom type   4
     point #  20  energy = -28.873
     point #  40  energy =  -8.623
     point #  60  energy =  -4.545
     point #  80  energy =  -3.954
New Fermi level:    mu=  -3.944 eV  Charge distance=  0.6368 (partial c.d.=  6.6020)
SCF ITERATION NUMBER  1
     point #   1  energy = -40.000
FMS for a cluster of   97 atoms around atom type   0
FMS for a cluster of  105 atoms around atom type   1
FMS for a cluster of   76 atoms around atom type   2
FMS for a cluster of   97 atoms around atom type   3
FMS for a cluster of  104 atoms around atom type   4
     point #  20  energy = -28.983
     point #  40  energy =  -8.951
     point #  60  energy =  -3.944
     point #  80  energy =  -5.522
     point # 100  energy =  -7.762
New Fermi level:    mu=  -7.581 eV  Charge distance=  0.2051 (partial c.d.=  3.5618)
SCF ITERATION NUMBER  1
     point #   1  energy = -40.000
FMS for a cluster of   97 atoms around atom type   0
FMS for a cluster of  105 atoms around atom type   1
FMS for a cluster of   76 atoms around atom type   2
FMS for a cluster of   97 atoms around atom type   3
FMS for a cluster of  104 atoms around atom type   4
     point #  20  energy = -28.856
     point #  40  energy =  -8.594
     point #  60  energy =  -7.540
New Fermi level:    mu=  -7.313 eV  Charge distance=  0.1127 (partial c.d.=  0.3283)
SCF ITERATION NUMBER  2
     point #   1  energy = -40.000
     point #  20  energy = -28.764
     point #  40  energy =  -8.334
     point #  60  energy =  -7.272
New Fermi level:    mu=  -6.998 eV  Charge distance=  0.2072 (partial c.d.=  0.2591)
SCF ITERATION NUMBER  3
     point #   1  energy = -40.000
     point #  20  energy = -28.999
     point #  40  energy =  -8.998
     point #  60  energy =  -7.023
New Fermi level:    mu=  -7.030 eV  Charge distance=  0.1741 (partial c.d.=  0.1286)
SCF ITERATION NUMBER  4
     point #   1  energy = -40.000
     point #  20  energy = -29.010
     point #  40  energy =  -9.028
     point #  60  energy =  -7.005
New Fermi level:    mu=  -6.956 eV  Charge distance=  0.0395 (partial c.d.=  0.1440)
SCF ITERATION NUMBER  5
     point #   1  energy = -40.000
     point #  20  energy = -28.985
     point #  40  energy =  -8.959
     point #  60  energy =  -6.981
New Fermi level:    mu=  -7.064 eV  Charge distance=  0.0040 (partial c.d.=  0.0534)
SCF ITERATION NUMBER  6
     point #   1  energy = -40.000
     point #  20  energy = -29.021
     point #  40  energy =  -9.060
     point #  60  energy =  -7.089
New Fermi level:    mu=  -7.086 eV  Charge distance=  0.0092 (partial c.d.=  0.0060)
SCF ITERATION NUMBER  7
     point #   1  energy = -40.000
     point #  20  energy = -29.029
     point #  40  energy =  -9.081
     point #  60  energy =  -7.111
New Fermi level:    mu=  -7.107 eV  Charge distance=  0.0033 (partial c.d.=  0.0059)
SCF ITERATION NUMBER  8
     point #   1  energy = -40.000
     point #  20  energy = -28.693
     point #  40  energy =  -8.135
New Fermi level:    mu=  -7.103 eV  Charge distance=  0.0060 (partial c.d.=  0.0016)
SCF ITERATION NUMBER  9
     point #   1  energy = -40.000
     point #  20  energy = -28.692
     point #  40  energy =  -8.131
New Fermi level:    mu=  -7.095 eV  Charge distance=  0.0007 (partial c.d.=  0.0021)
SCF ITERATION NUMBER 10
     point #   1  energy = -40.000
     point #  20  energy = -28.689
     point #  40  energy =  -8.123
New Fermi level:    mu=  -7.094 eV  Charge distance=  0.0002 (partial c.d.=  0.0024)
SCF ITERATION NUMBER 11
     point #   1  energy = -40.000
     point #  20  energy = -28.689
     point #  40  energy =  -8.122
New Fermi level:    mu=  -7.094 eV  Charge distance=  0.0001 (partial c.d.=  0.0008)
SCF ITERATION NUMBER 12
     point #   1  energy = -40.000
     point #  20  energy = -28.689
     point #  40  energy =  -8.122
New Fermi level:    mu=  -7.094 eV  Charge distance=  0.0001 (partial c.d.=  0.0001)
Electronic configuration
  type     l     N_el
     0     0    0.477
     0     1    0.662
     0     2    9.589
     0     3    0.000
     1     0    0.252
     1     1    0.568
     1     2    0.000
     1     3    0.000
     2     0    0.475
     2     1    0.661
     2     2    9.590
     2     3    0.000
     3     0    1.165
     3     1    1.994
     3     2    1.043
     3     3    0.000
     4     0    1.839
     4     1    4.421
     4     2    0.082
     4     3    0.000
Charge transfer:  type  charge
       0   -0.272
       1   -0.180
       2   -0.274
       3   -0.798
       4    0.342
Convergence reached in   12 iterations.
Done with module: potentials.

Calculating screened core-hole potential ...
FMS for a cluster of   23 atoms around iph =   0
    0% of energy integration
   20%
   40%
   60%
   80%
  100%
Preparing response function.
Computing (1 - K Chi0)^-1 v_ch
Done with module: screened core-hole potential.

Calculating cross-section and phases ...
    absorption cross section
 x0,dx,rnrm,inrm,jnrm   8.80000000000000       5.000000000000000E-002
   2.63698230799991              196         197
    phase shifts for unique potential    0
    phase shifts for unique potential    1
    phase shifts for unique potential    2
    phase shifts for unique potential    3
    phase shifts for unique potential    4
Done with module: cross-section and phases (XSPH).

FMS calculation of full Green's function ...
FEFF-serial using 1 thread.
Using   194 energy points.
xprep done
FMS for a cluster of  239 atoms
Energy point    1/ 194
Energy point   10/ 194
Energy point   20/ 194
Energy point   30/ 194
Energy point   40/ 194
Energy point   50/ 194
Energy point   60/ 194
Energy point   70/ 194
Energy point   80/ 194
Energy point   90/ 194
Energy point  100/ 194
Energy point  110/ 194
Energy point  120/ 194
Energy point  130/ 194
Energy point  140/ 194
Energy point  150/ 194
Energy point  160/ 194
Energy point  170/ 194
Energy point  180/ 194
Energy point  190/ 194
Done with module: FMS.

MKGTR: Tracing over Green's function ...
Done with module: MKGTR.

Pathfinder: finding scattering paths...
Preparing plane wave scattering amplitudes
Searching for paths
Eliminating path degeneracies
0 paths retained.
Done with module: pathfinder.

Calculating EXAFS parameters ...
Done with module: EXAFS parameters (GENFMT).

Calculating XAS spectra ...
Done with module: XAS spectra (FF2X: DW + final sum over paths).

 
### feff ends at Mon Aug 14 12:30:12 EDT 2023
 
