### feff starts at Mon Aug 14 07:07:42 EDT 2023
### Serial version
### FeffPath is /sdcc/u/mcarbone/software/JFEFF/hsw/feff90/linux
 
Launching FEFF version FEFF 9.9.1
Core hole lifetime is   1.729 eV.
Your calculation:
 comment: None given
 Source:
 Structure Summary:  Al16 Cu8 O32
 Reduced formula:  Al2CuO4
 space group: (R3m), space number:  (160)
 abc: 19.215431  19.215431  19.215431
 angles: 17.204431  17.204431  17.204432
 sites: 56
Cu K edge XANES using RPA corehole.
Using:     * Self-Consistent Field potentials
Using cards:   ATOMS CONTROL EXCHANGE TITLE RPATH POTENTIALS XANES EDGE SCF FMS S02 COREHOLE EGRID

Calculating atomic potentials ...
    overlapped atomic potential and density for unique potential    0
    overlapped atomic potential and density for unique potential    1
    overlapped atomic potential and density for unique potential    2
    overlapped atomic potential and density for unique potential    3
Done with module: atomic potentials.

Calculating SCF potentials ...
FEFF-serial using 1 thread.
Muffin tin radii and interstitial parameters [bohr]:
type, norman radius, muffin tin, overlap factor
    0  1.32246E+00  1.24153E+00  1.15000E+00
    1  1.32951E+00  1.22765E+00  1.15000E+00
    2  1.30010E+00  1.24412E+00  1.11730E+00
    3  1.07447E+00  9.90727E-01  1.15000E+00
Core-valence separation energy:  ecv=   -40.000 eV
Initial Fermi level:              mu=     1.727 eV
SCF ITERATION NUMBER  1
     point #   1  energy = -40.000
FMS for a cluster of  149 atoms around atom type   0
FMS for a cluster of  143 atoms around atom type   1
FMS for a cluster of  143 atoms around atom type   2
FMS for a cluster of  147 atoms around atom type   3
     point #  20  energy = -28.821
     point #  40  energy =  -8.571
     point #  60  energy =  -4.286
     point #  80  energy =  -3.658
New Fermi level:    mu=  -3.666 eV  Charge distance=  0.7610 (partial c.d.=  7.2081)
SCF ITERATION NUMBER  1
     point #   1  energy = -40.000
FMS for a cluster of  149 atoms around atom type   0
FMS for a cluster of  143 atoms around atom type   1
FMS for a cluster of  143 atoms around atom type   2
FMS for a cluster of  147 atoms around atom type   3
     point #  20  energy = -28.898
     point #  40  energy =  -8.712
     point #  60  energy =  -3.666
     point #  80  energy =  -5.244
     point # 100  energy =  -9.125
     point # 120  energy =  -9.947
     point # 140  energy = -10.232
     point # 160  energy = -10.482
New Fermi level:    mu= -10.600 eV  Charge distance=  0.2317 (partial c.d.=  4.1833)
SCF ITERATION NUMBER  1
     point #   1  energy = -40.000
FMS for a cluster of  149 atoms around atom type   0
FMS for a cluster of  143 atoms around atom type   1
FMS for a cluster of  143 atoms around atom type   2
FMS for a cluster of  147 atoms around atom type   3
     point #  20  energy = -28.848
     point #  40  energy = -10.600
     point #  60  energy = -10.509
     point #  80  energy =  -7.366
     point # 100  energy =  -8.209
     point # 120  energy =  -8.459
New Fermi level:    mu=  -8.510 eV  Charge distance=  0.1042 (partial c.d.=  0.4093)
SCF ITERATION NUMBER  2
     point #   1  energy = -40.000
     point #  20  energy = -28.826
     point #  40  energy =  -8.510
     point #  60  energy =  -8.470
     point #  80  energy =  -7.501
     point # 100  energy =  -7.857
New Fermi level:    mu=  -7.950 eV  Charge distance=  0.1319 (partial c.d.=  0.3872)
SCF ITERATION NUMBER  3
     point #   1  energy = -40.000
     point #  20  energy = -28.983
     point #  40  energy =  -8.952
New Fermi level:    mu=  -7.947 eV  Charge distance=  0.1074 (partial c.d.=  0.1894)
SCF ITERATION NUMBER  4
     point #   1  energy = -40.000
     point #  20  energy = -28.982
     point #  40  energy =  -8.948
     point #  60  energy =  -7.909
New Fermi level:    mu=  -7.865 eV  Charge distance=  0.0218 (partial c.d.=  0.2157)
SCF ITERATION NUMBER  5
     point #   1  energy = -40.000
     point #  20  energy = -28.954
     point #  40  energy =  -8.870
     point #  60  energy =  -7.850
     point #  80  energy =  -7.925
New Fermi level:    mu=  -7.972 eV  Charge distance=  0.0033 (partial c.d.=  0.0915)
SCF ITERATION NUMBER  6
     point #   1  energy = -40.000
     point #  20  energy = -28.990
     point #  40  energy =  -8.973
     point #  60  energy =  -8.009
New Fermi level:    mu=  -8.019 eV  Charge distance=  0.0035 (partial c.d.=  0.0172)
SCF ITERATION NUMBER  7
     point #   1  energy = -40.000
     point #  20  energy = -29.006
     point #  40  energy =  -9.018
     point #  60  energy =  -8.056
New Fermi level:    mu=  -8.044 eV  Charge distance=  0.0017 (partial c.d.=  0.0039)
SCF ITERATION NUMBER  8
     point #   1  energy = -40.000
     point #  20  energy = -29.015
     point #  40  energy =  -9.042
New Fermi level:    mu=  -8.048 eV  Charge distance=  0.0017 (partial c.d.=  0.0014)
SCF ITERATION NUMBER  9
     point #   1  energy = -40.000
     point #  20  energy = -29.017
     point #  40  energy =  -9.047
New Fermi level:    mu=  -8.042 eV  Charge distance=  0.0026 (partial c.d.=  0.0003)
SCF ITERATION NUMBER 10
     point #   1  energy = -40.000
     point #  20  energy = -29.014
     point #  40  energy =  -9.041
New Fermi level:    mu=  -8.038 eV  Charge distance=  0.0002 (partial c.d.=  0.0008)
SCF ITERATION NUMBER 11
     point #   1  energy = -40.000
     point #  20  energy = -29.013
     point #  40  energy =  -9.037
New Fermi level:    mu=  -8.042 eV  Charge distance=  0.0001 (partial c.d.=  0.0004)
SCF ITERATION NUMBER 12
     point #   1  energy = -40.000
     point #  20  energy = -29.014
     point #  40  energy =  -9.041
New Fermi level:    mu=  -8.043 eV  Charge distance=  0.0000 (partial c.d.=  0.0004)
SCF ITERATION NUMBER 13
     point #   1  energy = -40.000
     point #  20  energy = -29.015
     point #  40  energy =  -9.041
New Fermi level:    mu=  -8.042 eV  Charge distance=  0.0000 (partial c.d.=  0.0001)
Electronic configuration
  type     l     N_el
     0     0    0.476
     0     1    0.696
     0     2    9.480
     0     3    0.000
     1     0    0.692
     1     1    1.120
     1     2    0.715
     1     3    0.000
     2     0    0.419
     2     1    0.574
     2     2    9.545
     2     3    0.000
     3     0    1.823
     3     1    4.463
     3     2    0.066
     3     3    0.000
Charge transfer:  type  charge
       0   -0.347
       1   -0.473
       2   -0.463
       3    0.352
Convergence reached in   13 iterations.
Done with module: potentials.

Calculating screened core-hole potential ...
FMS for a cluster of   33 atoms around iph =   0
    0% of energy integration
   20%
   40%
   60%
   80%
  100%
Preparing response function.
Computing (1 - K Chi0)^-1 v_ch
Done with module: screened core-hole potential.

Calculating cross-section and phases ...
    absorption cross section
 x0,dx,rnrm,inrm,jnrm   8.80000000000000       5.000000000000000E-002
   2.49909180300019              195         196
    phase shifts for unique potential    0
    phase shifts for unique potential    1
    phase shifts for unique potential    2
    phase shifts for unique potential    3
Done with module: cross-section and phases (XSPH).

FMS calculation of full Green's function ...
FEFF-serial using 1 thread.
Using   194 energy points.
xprep done
FMS for a cluster of  331 atoms
Energy point    1/ 194
Energy point   10/ 194
Energy point   20/ 194
Energy point   30/ 194
Energy point   40/ 194
Energy point   50/ 194
Energy point   60/ 194
Energy point   70/ 194
Energy point   80/ 194
Energy point   90/ 194
Energy point  100/ 194
Energy point  110/ 194
Energy point  120/ 194
Energy point  130/ 194
Energy point  140/ 194
Energy point  150/ 194
Energy point  160/ 194
Energy point  170/ 194
Energy point  180/ 194
Energy point  190/ 194
Done with module: FMS.

MKGTR: Tracing over Green's function ...
Done with module: MKGTR.

Pathfinder: finding scattering paths...
Preparing plane wave scattering amplitudes
Searching for paths
Eliminating path degeneracies
0 paths retained.
Done with module: pathfinder.

Calculating EXAFS parameters ...
Done with module: EXAFS parameters (GENFMT).

Calculating XAS spectra ...
Done with module: XAS spectra (FF2X: DW + final sum over paths).

 
### feff ends at Mon Aug 14 10:34:48 EDT 2023
 
