### feff starts at Mon Aug 14 05:16:42 EDT 2023
### Serial version
### FeffPath is /sdcc/u/mcarbone/software/JFEFF/hsw/feff90/linux
 
Launching FEFF version FEFF 9.9.1
Core hole lifetime is   1.729 eV.
Your calculation:
 comment: None given
 Source:
 Structure Summary:  Cu2 O2
 Reduced formula:  CuO
 space group: (Cccm), space number:  (66)
 abc:  2.932871   2.932871   5.155928
 angles: 90.000000  90.000000  94.492917
 sites: 4
Cu K edge XANES using RPA corehole.
Using:     * Self-Consistent Field potentials
Using cards:   ATOMS CONTROL EXCHANGE TITLE RPATH POTENTIALS XANES EDGE SCF FMS S02 COREHOLE EGRID

Calculating atomic potentials ...
    overlapped atomic potential and density for unique potential    0
    overlapped atomic potential and density for unique potential    1
    overlapped atomic potential and density for unique potential    2
Done with module: atomic potentials.

Calculating SCF potentials ...
FEFF-serial using 1 thread.
Muffin tin radii and interstitial parameters [bohr]:
type, norman radius, muffin tin, overlap factor
    0  1.32350E+00  1.22307E+00  1.15000E+00
    1  1.32350E+00  1.22307E+00  1.15000E+00
    2  1.10614E+00  1.02220E+00  1.15000E+00
Core-valence separation energy:  ecv=   -40.000 eV
Initial Fermi level:              mu=     2.020 eV
SCF ITERATION NUMBER  1
     point #   1  energy = -40.000
FMS for a cluster of  131 atoms around atom type   0
FMS for a cluster of  125 atoms around atom type   1
FMS for a cluster of  133 atoms around atom type   2
     point #  20  energy = -28.959
     point #  40  energy =  -8.709
     point #  60  energy =  -1.421
     point #  80  energy =  -2.212
New Fermi level:    mu=  -2.498 eV  Charge distance=  0.2484 (partial c.d.=  8.4608)
SCF ITERATION NUMBER  1
     point #   1  energy = -40.000
FMS for a cluster of  131 atoms around atom type   0
FMS for a cluster of  125 atoms around atom type   1
FMS for a cluster of  133 atoms around atom type   2
     point #  20  energy = -28.851
     point #  40  energy =  -8.580
     point #  60  energy =  -2.498
     point #  80  energy =  -4.011
     point # 100  energy =  -6.539
New Fermi level:    mu=  -6.796 eV  Charge distance=  0.0058 (partial c.d.=  1.1217)
SCF ITERATION NUMBER  1
     point #   1  energy = -40.000
FMS for a cluster of  131 atoms around atom type   0
FMS for a cluster of  125 atoms around atom type   1
FMS for a cluster of  133 atoms around atom type   2
     point #  20  energy = -28.932
     point #  40  energy =  -8.808
     point #  60  energy =  -6.783
     point #  80  energy =  -6.330
New Fermi level:    mu=  -6.406 eV  Charge distance=  0.0265 (partial c.d.=  0.1440)
SCF ITERATION NUMBER  2
     point #   1  energy = -40.000
     point #  20  energy = -28.802
     point #  40  energy =  -8.442
     point #  60  energy =  -6.431
New Fermi level:    mu=  -6.518 eV  Charge distance=  0.0868 (partial c.d.=  0.0231)
SCF ITERATION NUMBER  3
     point #   1  energy = -40.000
     point #  20  energy = -28.839
     point #  40  energy =  -8.547
     point #  60  energy =  -6.530
New Fermi level:    mu=  -6.770 eV  Charge distance=  0.0114 (partial c.d.=  0.0444)
SCF ITERATION NUMBER  4
     point #   1  energy = -40.000
     point #  20  energy = -28.923
     point #  40  energy =  -8.784
     point #  60  energy =  -6.795
New Fermi level:    mu=  -6.795 eV  Charge distance=  0.0062 (partial c.d.=  0.0748)
SCF ITERATION NUMBER  5
     point #   1  energy = -40.000
     point #  20  energy = -28.932
     point #  40  energy =  -8.807
New Fermi level:    mu=  -6.792 eV  Charge distance=  0.0043 (partial c.d.=  0.0978)
SCF ITERATION NUMBER  6
     point #   1  energy = -40.000
     point #  20  energy = -28.931
     point #  40  energy =  -8.804
New Fermi level:    mu=  -6.788 eV  Charge distance=  0.0056 (partial c.d.=  0.0248)
SCF ITERATION NUMBER  7
     point #   1  energy = -40.000
     point #  20  energy = -28.929
     point #  40  energy =  -8.801
     point #  60  energy =  -6.763
New Fermi level:    mu=  -6.774 eV  Charge distance=  0.0038 (partial c.d.=  0.0107)
SCF ITERATION NUMBER  8
     point #   1  energy = -40.000
     point #  20  energy = -28.925
     point #  40  energy =  -8.788
     point #  60  energy =  -6.749
New Fermi level:    mu=  -6.758 eV  Charge distance=  0.0006 (partial c.d.=  0.0141)
SCF ITERATION NUMBER  9
     point #   1  energy = -40.000
     point #  20  energy = -28.919
     point #  40  energy =  -8.773
New Fermi level:    mu=  -6.756 eV  Charge distance=  0.0004 (partial c.d.=  0.0006)
SCF ITERATION NUMBER 10
     point #   1  energy = -40.000
     point #  20  energy = -28.919
     point #  40  energy =  -8.771
New Fermi level:    mu=  -6.755 eV  Charge distance=  0.0001 (partial c.d.=  0.0011)
SCF ITERATION NUMBER 11
     point #   1  energy = -40.000
     point #  20  energy = -28.918
     point #  40  energy =  -8.769
New Fermi level:    mu=  -6.754 eV  Charge distance=  0.0000 (partial c.d.=  0.0001)
Electronic configuration
  type     l     N_el
     0     0    0.547
     0     1    0.637
     0     2    9.479
     0     3    0.000
     1     0    0.547
     1     1    0.637
     1     2    9.479
     1     3    0.000
     2     0    1.874
     2     1    4.368
     2     2    0.096
     2     3    0.000
Charge transfer:  type  charge
       0   -0.336
       1   -0.337
       2    0.338
Convergence reached in   11 iterations.
Done with module: potentials.

Calculating screened core-hole potential ...
FMS for a cluster of   27 atoms around iph =   0
    0% of energy integration
   20%
   40%
   60%
   80%
  100%
Preparing response function.
Computing (1 - K Chi0)^-1 v_ch
Done with module: screened core-hole potential.

Calculating cross-section and phases ...
    absorption cross section
 x0,dx,rnrm,inrm,jnrm   8.80000000000000       5.000000000000000E-002
   2.50105392300013              195         196
    phase shifts for unique potential    0
    phase shifts for unique potential    1
    phase shifts for unique potential    2
Done with module: cross-section and phases (XSPH).

FMS calculation of full Green's function ...
FEFF-serial using 1 thread.
Using   194 energy points.
xprep done
FMS for a cluster of  283 atoms
Energy point    1/ 194
Energy point   10/ 194
Energy point   20/ 194
Energy point   30/ 194
Energy point   40/ 194
Energy point   50/ 194
Energy point   60/ 194
Energy point   70/ 194
Energy point   80/ 194
Energy point   90/ 194
Energy point  100/ 194
Energy point  110/ 194
Energy point  120/ 194
Energy point  130/ 194
Energy point  140/ 194
Energy point  150/ 194
Energy point  160/ 194
Energy point  170/ 194
Energy point  180/ 194
Energy point  190/ 194
Done with module: FMS.

MKGTR: Tracing over Green's function ...
Done with module: MKGTR.

Pathfinder: finding scattering paths...
Preparing plane wave scattering amplitudes
Searching for paths
Eliminating path degeneracies
0 paths retained.
Done with module: pathfinder.

Calculating EXAFS parameters ...
Done with module: EXAFS parameters (GENFMT).

Calculating XAS spectra ...
Done with module: XAS spectra (FF2X: DW + final sum over paths).

 
### feff ends at Mon Aug 14 06:57:55 EDT 2023
 
