### feff starts at Mon Aug 14 06:30:32 EDT 2023
### Serial version
### FeffPath is /sdcc/u/mcarbone/software/JFEFF/hsw/feff90/linux
 
Launching FEFF version FEFF 9.9.1
Core hole lifetime is   1.729 eV.
Your calculation:
 comment: None given
 Source:
 Structure Summary:  Cu4 Te6 O16
 Reduced formula:  Cu2Te3O8
 space group: (C2/c), space number:  (15)
 abc:  6.550856   6.550856  12.470336
 angles: 80.788031  80.788031  48.479947
 sites: 26
Cu K edge XANES using RPA corehole.
Using:     * Self-Consistent Field potentials
Using cards:   ATOMS CONTROL EXCHANGE TITLE RPATH POTENTIALS XANES EDGE SCF FMS S02 COREHOLE EGRID

Calculating atomic potentials ...
    overlapped atomic potential and density for unique potential    0
    overlapped atomic potential and density for unique potential    1
    overlapped atomic potential and density for unique potential    2
    overlapped atomic potential and density for unique potential    3
Done with module: atomic potentials.

Calculating SCF potentials ...
FEFF-serial using 1 thread.
Muffin tin radii and interstitial parameters [bohr]:
type, norman radius, muffin tin, overlap factor
    0  1.36028E+00  1.27751E+00  1.15000E+00
    1  1.36027E+00  1.27751E+00  1.15000E+00
    2  1.51884E+00  1.32408E+00  1.15000E+00
    3  1.10037E+00  9.48427E-01  1.15000E+00
Core-valence separation energy:  ecv=   -31.000 eV
Initial Fermi level:              mu=     4.280 eV
SCF ITERATION NUMBER  1
     point #   1  energy = -31.000
FMS for a cluster of   93 atoms around atom type   0
FMS for a cluster of   83 atoms around atom type   1
FMS for a cluster of   89 atoms around atom type   2
FMS for a cluster of   99 atoms around atom type   3
     point #  20  energy = -19.899
     point #  40  energy =  -3.802
     point #  60  energy =  -3.217
New Fermi level:    mu=  -3.457 eV  Charge distance=  0.6050 (partial c.d.=  6.8948)
SCF ITERATION NUMBER  1
     point #   1  energy = -31.000
FMS for a cluster of   93 atoms around atom type   0
FMS for a cluster of   83 atoms around atom type   1
FMS for a cluster of   89 atoms around atom type   2
FMS for a cluster of   99 atoms around atom type   3
     point #  20  energy = -19.779
     point #  40  energy =  -3.457
     point #  60  energy =  -3.625
     point #  80  energy =  -5.472
New Fermi level:    mu=  -5.257 eV  Charge distance=  0.2226 (partial c.d.=  3.3096)
SCF ITERATION NUMBER  1
     point #   1  energy = -31.000
FMS for a cluster of   93 atoms around atom type   0
FMS for a cluster of   83 atoms around atom type   1
FMS for a cluster of   89 atoms around atom type   2
FMS for a cluster of   99 atoms around atom type   3
     point #  20  energy = -19.673
     point #  40  energy =  -5.257
New Fermi level:    mu=  -5.190 eV  Charge distance=  0.1431 (partial c.d.=  0.2529)
SCF ITERATION NUMBER  2
     point #   1  energy = -31.000
     point #  20  energy = -19.643
     point #  40  energy =  -5.190
     point #  60  energy =  -4.980
New Fermi level:    mu=  -5.045 eV  Charge distance=  0.3430 (partial c.d.=  0.2458)
SCF ITERATION NUMBER  3
     point #   1  energy = -31.000
     point #  20  energy = -20.019
     point #  40  energy =  -5.045
New Fermi level:    mu=  -5.070 eV  Charge distance=  0.0745 (partial c.d.=  0.1212)
SCF ITERATION NUMBER  4
     point #   1  energy = -31.000
     point #  20  energy = -20.029
     point #  40  energy =  -5.070
New Fermi level:    mu=  -5.132 eV  Charge distance=  0.0242 (partial c.d.=  0.0360)
SCF ITERATION NUMBER  5
     point #   1  energy = -31.000
     point #  20  energy = -20.056
     point #  40  energy =  -5.132
New Fermi level:    mu=  -5.155 eV  Charge distance=  0.0134 (partial c.d.=  0.0269)
SCF ITERATION NUMBER  6
     point #   1  energy = -31.000
     point #  20  energy = -20.065
     point #  40  energy =  -5.155
New Fermi level:    mu=  -5.153 eV  Charge distance=  0.0083 (partial c.d.=  0.0131)
SCF ITERATION NUMBER  7
     point #   1  energy = -31.000
     point #  20  energy = -20.065
     point #  40  energy =  -5.153
New Fermi level:    mu=  -5.148 eV  Charge distance=  0.0024 (partial c.d.=  0.0067)
SCF ITERATION NUMBER  8
     point #   1  energy = -31.000
     point #  20  energy = -20.063
     point #  40  energy =  -5.148
New Fermi level:    mu=  -5.140 eV  Charge distance=  0.0024 (partial c.d.=  0.0010)
SCF ITERATION NUMBER  9
     point #   1  energy = -31.000
     point #  20  energy = -20.059
     point #  40  energy =  -5.140
New Fermi level:    mu=  -5.134 eV  Charge distance=  0.0002 (partial c.d.=  0.0006)
SCF ITERATION NUMBER 10
     point #   1  energy = -31.000
     point #  20  energy = -20.057
     point #  40  energy =  -5.134
New Fermi level:    mu=  -5.135 eV  Charge distance=  0.0000 (partial c.d.=  0.0001)
Electronic configuration
  type     l     N_el
     0     0    0.525
     0     1    0.662
     0     2    9.681
     0     3    0.000
     1     0    0.525
     1     1    0.663
     1     2    9.684
     1     3    0.000
     2     0    1.754
     2     1    2.608
     2     2    0.806
     2     3    0.000
     3     0    1.878
     3     1    4.392
     3     2    0.074
     3     3    0.000
Charge transfer:  type  charge
       0   -0.132
       1   -0.128
       2   -0.832
       3    0.344
Convergence reached in   10 iterations.
Done with module: potentials.

Calculating screened core-hole potential ...
FMS for a cluster of   20 atoms around iph =   0
    0% of energy integration
   20%
   40%
   60%
   80%
  100%
Preparing response function.
Computing (1 - K Chi0)^-1 v_ch
Done with module: screened core-hole potential.

Calculating cross-section and phases ...
    absorption cross section
 x0,dx,rnrm,inrm,jnrm   8.80000000000000       5.000000000000000E-002
   2.57054812799999              195         196
    phase shifts for unique potential    0
    phase shifts for unique potential    1
    phase shifts for unique potential    2
    phase shifts for unique potential    3
Done with module: cross-section and phases (XSPH).

FMS calculation of full Green's function ...
FEFF-serial using 1 thread.
Using   194 energy points.
xprep done
FMS for a cluster of  200 atoms
Energy point    1/ 194
Energy point   10/ 194
Energy point   20/ 194
Energy point   30/ 194
Energy point   40/ 194
Energy point   50/ 194
Energy point   60/ 194
Energy point   70/ 194
Energy point   80/ 194
Energy point   90/ 194
Energy point  100/ 194
Energy point  110/ 194
Energy point  120/ 194
Energy point  130/ 194
Energy point  140/ 194
Energy point  150/ 194
Energy point  160/ 194
Energy point  170/ 194
Energy point  180/ 194
Energy point  190/ 194
Done with module: FMS.

MKGTR: Tracing over Green's function ...
Done with module: MKGTR.

Pathfinder: finding scattering paths...
Preparing plane wave scattering amplitudes
Searching for paths
Eliminating path degeneracies
0 paths retained.
Done with module: pathfinder.

Calculating EXAFS parameters ...
Done with module: EXAFS parameters (GENFMT).

Calculating XAS spectra ...
Done with module: XAS spectra (FF2X: DW + final sum over paths).

 
### feff ends at Mon Aug 14 07:18:55 EDT 2023
 
