### feff starts at Mon Aug 14 05:24:44 EDT 2023
### Serial version
### FeffPath is /sdcc/u/mcarbone/software/JFEFF/hsw/feff90/linux
 
Launching FEFF version FEFF 9.9.1
Core hole lifetime is   1.729 eV.
Your calculation:
 comment: None given
 Source:
 Structure Summary:  Cu3 O2
 Reduced formula:  Cu3O2
 space group: (I4/mmm), space number:  (139)
 abc:  4.656219   4.656219   4.656219
 angles:128.497000 128.497000  75.821280
 sites: 5
Cu K edge XANES using RPA corehole.
Using:     * Self-Consistent Field potentials
Using cards:   ATOMS CONTROL EXCHANGE TITLE RPATH POTENTIALS XANES EDGE SCF FMS S02 COREHOLE EGRID

Calculating atomic potentials ...
    overlapped atomic potential and density for unique potential    0
    overlapped atomic potential and density for unique potential    1
    overlapped atomic potential and density for unique potential    2
Done with module: atomic potentials.

Calculating SCF potentials ...
FEFF-serial using 1 thread.
Muffin tin radii and interstitial parameters [bohr]:
type, norman radius, muffin tin, overlap factor
    0  1.32870E+00  1.16109E+00  1.15000E+00
    1  1.34254E+00  1.27493E+00  1.14122E+00
    2  1.08856E+00  9.79445E-01  1.15000E+00
Core-valence separation energy:  ecv=   -40.000 eV
Initial Fermi level:              mu=     1.584 eV
SCF ITERATION NUMBER  1
     point #   1  energy = -40.000
FMS for a cluster of  127 atoms around atom type   0
FMS for a cluster of   97 atoms around atom type   1
FMS for a cluster of  127 atoms around atom type   2
     point #  20  energy = -28.849
     point #  40  energy =  -8.599
     point #  60  energy =  -1.749
     point #  80  energy =  -2.371
New Fermi level:    mu=  -2.702 eV  Charge distance=  0.2425 (partial c.d.=  8.9881)
SCF ITERATION NUMBER  1
     point #   1  energy = -40.000
FMS for a cluster of  127 atoms around atom type   0
FMS for a cluster of   97 atoms around atom type   1
FMS for a cluster of  127 atoms around atom type   2
     point #  20  energy = -28.911
     point #  40  energy =  -8.750
     point #  60  energy =  -2.702
     point #  80  energy =  -4.336
     point # 100  energy =  -5.555
New Fermi level:    mu=  -5.733 eV  Charge distance=  0.0661 (partial c.d.=  1.3611)
SCF ITERATION NUMBER  1
     point #   1  energy = -40.000
FMS for a cluster of  127 atoms around atom type   0
FMS for a cluster of   97 atoms around atom type   1
FMS for a cluster of  127 atoms around atom type   2
     point #  20  energy = -28.914
     point #  40  energy =  -8.757
     point #  60  energy =  -5.746
New Fermi level:    mu=  -5.803 eV  Charge distance=  0.0373 (partial c.d.=  0.4177)
SCF ITERATION NUMBER  2
     point #   1  energy = -40.000
     point #  20  energy = -28.936
     point #  40  energy =  -8.821
     point #  60  energy =  -5.816
New Fermi level:    mu=  -5.897 eV  Charge distance=  0.0453 (partial c.d.=  0.2014)
SCF ITERATION NUMBER  3
     point #   1  energy = -40.000
     point #  20  energy = -28.967
     point #  40  energy =  -8.906
     point #  60  energy =  -5.909
New Fermi level:    mu=  -6.117 eV  Charge distance=  0.0773 (partial c.d.=  0.3862)
SCF ITERATION NUMBER  4
     point #   1  energy = -40.000
     point #  20  energy = -28.706
     point #  40  energy =  -8.171
     point #  60  energy =  -6.130
     point #  80  energy =  -6.286
New Fermi level:    mu=  -6.295 eV  Charge distance=  0.0104 (partial c.d.=  0.4138)
SCF ITERATION NUMBER  5
     point #   1  energy = -40.000
     point #  20  energy = -28.765
     point #  40  energy =  -8.338
     point #  60  energy =  -6.270
New Fermi level:    mu=  -6.256 eV  Charge distance=  0.0033 (partial c.d.=  0.0532)
SCF ITERATION NUMBER  6
     point #   1  energy = -40.000
     point #  20  energy = -28.752
     point #  40  energy =  -8.301
     point #  60  energy =  -6.231
New Fermi level:    mu=  -6.231 eV  Charge distance=  0.0034 (partial c.d.=  0.0233)
SCF ITERATION NUMBER  7
     point #   1  energy = -40.000
     point #  20  energy = -28.744
     point #  40  energy =  -8.278
     point #  60  energy =  -6.206
New Fermi level:    mu=  -6.204 eV  Charge distance=  0.0009 (partial c.d.=  0.0104)
SCF ITERATION NUMBER  8
     point #   1  energy = -40.000
     point #  20  energy = -28.735
     point #  40  energy =  -8.252
New Fermi level:    mu=  -6.196 eV  Charge distance=  0.0002 (partial c.d.=  0.0008)
SCF ITERATION NUMBER  9
     point #   1  energy = -40.000
     point #  20  energy = -28.732
     point #  40  energy =  -8.245
New Fermi level:    mu=  -6.195 eV  Charge distance=  0.0001 (partial c.d.=  0.0006)
SCF ITERATION NUMBER 10
     point #   1  energy = -40.000
     point #  20  energy = -28.732
     point #  40  energy =  -8.244
New Fermi level:    mu=  -6.196 eV  Charge distance=  0.0001 (partial c.d.=  0.0001)
Electronic configuration
  type     l     N_el
     0     0    0.597
     0     1    0.665
     0     2    9.509
     0     3    0.000
     1     0    0.507
     1     1    0.659
     1     2    9.603
     1     3    0.000
     2     0    1.847
     2     1    4.393
     2     2    0.109
     2     3    0.000
Charge transfer:  type  charge
       0   -0.229
       1   -0.232
       2    0.349
Convergence reached in   10 iterations.
Done with module: potentials.

Calculating screened core-hole potential ...
FMS for a cluster of   21 atoms around iph =   0
    0% of energy integration
   20%
   40%
   60%
   80%
  100%
Preparing response function.
Computing (1 - K Chi0)^-1 v_ch
Done with module: screened core-hole potential.

Calculating cross-section and phases ...
    absorption cross section
 x0,dx,rnrm,inrm,jnrm   8.80000000000000       5.000000000000000E-002
   2.51087450100011              195         196
    phase shifts for unique potential    0
    phase shifts for unique potential    1
    phase shifts for unique potential    2
Done with module: cross-section and phases (XSPH).

FMS calculation of full Green's function ...
FEFF-serial using 1 thread.
Using   194 energy points.
xprep done
FMS for a cluster of  245 atoms
Energy point    1/ 194
Energy point   10/ 194
Energy point   20/ 194
Energy point   30/ 194
Energy point   40/ 194
Energy point   50/ 194
Energy point   60/ 194
Energy point   70/ 194
Energy point   80/ 194
Energy point   90/ 194
Energy point  100/ 194
Energy point  110/ 194
Energy point  120/ 194
Energy point  130/ 194
Energy point  140/ 194
Energy point  150/ 194
Energy point  160/ 194
Energy point  170/ 194
Energy point  180/ 194
Energy point  190/ 194
Done with module: FMS.

MKGTR: Tracing over Green's function ...
Done with module: MKGTR.

Pathfinder: finding scattering paths...
Preparing plane wave scattering amplitudes
Searching for paths
Eliminating path degeneracies
0 paths retained.
Done with module: pathfinder.

Calculating EXAFS parameters ...
Done with module: EXAFS parameters (GENFMT).

Calculating XAS spectra ...
Done with module: XAS spectra (FF2X: DW + final sum over paths).

 
### feff ends at Mon Aug 14 06:37:45 EDT 2023
 
