### feff starts at Mon Aug 14 03:05:36 EDT 2023
### Serial version
### FeffPath is /sdcc/u/mcarbone/software/JFEFF/hsw/feff90/linux
 
Launching FEFF version FEFF 9.9.1
Core hole lifetime is   1.729 eV.
Your calculation:
 comment: None given
 Source:
 Structure Summary:  Sr4 Cu4 Sb2 O14
 Reduced formula:  Sr2Cu2SbO7
 space group: (Ima2), space number:  (46)
 abc: 13.778612  13.778612  13.778612
 angles:158.345307 158.093019  30.994642
 sites: 24
Cu K edge XANES using RPA corehole.
Using:     * Self-Consistent Field potentials
Using cards:   ATOMS CONTROL EXCHANGE TITLE RPATH POTENTIALS XANES EDGE SCF FMS S02 COREHOLE EGRID

Calculating atomic potentials ...
    overlapped atomic potential and density for unique potential    0
    overlapped atomic potential and density for unique potential    1
    overlapped atomic potential and density for unique potential    2
    overlapped atomic potential and density for unique potential    3
    overlapped atomic potential and density for unique potential    4
Done with module: atomic potentials.

Calculating SCF potentials ...
FEFF-serial using 1 thread.
Muffin tin radii and interstitial parameters [bohr]:
type, norman radius, muffin tin, overlap factor
    0  1.28076E+00  1.15748E+00  1.15000E+00
    1  1.83305E+00  1.75657E+00  1.11308E+00
    2  1.28076E+00  1.15748E+00  1.15000E+00
    3  1.51815E+00  1.33367E+00  1.15000E+00
    4  1.11852E+00  1.04636E+00  1.15000E+00
Core-valence separation energy:  ecv=   -48.000 eV
Initial Fermi level:              mu=     0.206 eV
SCF ITERATION NUMBER  1
     point #   1  energy = -48.000
FMS for a cluster of   93 atoms around atom type   0
FMS for a cluster of   88 atoms around atom type   1
FMS for a cluster of   91 atoms around atom type   2
FMS for a cluster of   72 atoms around atom type   3
FMS for a cluster of   92 atoms around atom type   4
     point #  20  energy = -36.928
     point #  40  energy = -16.678
     point #  60  energy =  -6.038
     point #  80  energy =  -4.594
New Fermi level:    mu=  -4.655 eV  Charge distance=  0.8746 (partial c.d.= 10.7797)
SCF ITERATION NUMBER  1
     point #   1  energy = -48.000
FMS for a cluster of   93 atoms around atom type   0
FMS for a cluster of   88 atoms around atom type   1
FMS for a cluster of   91 atoms around atom type   2
FMS for a cluster of   72 atoms around atom type   3
FMS for a cluster of   92 atoms around atom type   4
     point #  20  energy = -36.912
     point #  40  energy = -16.751
     point #  60  energy =  -4.655
     point #  80  energy =  -5.089
     point # 100  energy =  -9.577
New Fermi level:    mu=  -9.797 eV  Charge distance=  0.3072 (partial c.d.=  4.6554)
SCF ITERATION NUMBER  1
     point #   1  energy = -48.000
FMS for a cluster of   93 atoms around atom type   0
FMS for a cluster of   88 atoms around atom type   1
FMS for a cluster of   91 atoms around atom type   2
FMS for a cluster of   72 atoms around atom type   3
FMS for a cluster of   92 atoms around atom type   4
     point #  20  energy = -36.941
     point #  40  energy = -16.835
     point #  60  energy =  -9.797
     point #  80  energy =  -8.847
New Fermi level:    mu=  -8.991 eV  Charge distance=  0.1756 (partial c.d.=  0.4884)
SCF ITERATION NUMBER  2
     point #   1  energy = -48.000
     point #  20  energy = -36.997
     point #  40  energy = -16.993
     point #  60  energy =  -8.991
     point #  80  energy =  -8.119
New Fermi level:    mu=  -8.202 eV  Charge distance=  0.2484 (partial c.d.=  0.4785)
SCF ITERATION NUMBER  3
     point #   1  energy = -48.000
     point #  20  energy = -36.775
     point #  40  energy = -16.365
     point #  60  energy =  -8.202
     point #  80  energy =  -8.664
New Fermi level:    mu=  -8.731 eV  Charge distance=  0.1817 (partial c.d.=  0.5372)
SCF ITERATION NUMBER  4
     point #   1  energy = -48.000
     point #  20  energy = -36.924
     point #  40  energy = -16.786
     point #  60  energy =  -8.731
     point #  80  energy =  -7.937
New Fermi level:    mu=  -8.047 eV  Charge distance=  0.0685 (partial c.d.=  0.5853)
SCF ITERATION NUMBER  5
     point #   1  energy = -48.000
     point #  20  energy = -36.731
     point #  40  energy = -16.242
     point #  60  energy =  -8.047
     point #  80  energy =  -8.397
New Fermi level:    mu=  -8.411 eV  Charge distance=  0.0142 (partial c.d.=  0.2532)
SCF ITERATION NUMBER  6
     point #   1  energy = -48.000
     point #  20  energy = -36.834
     point #  40  energy = -16.532
     point #  60  energy =  -8.411
New Fermi level:    mu=  -8.344 eV  Charge distance=  0.0118 (partial c.d.=  0.0906)
SCF ITERATION NUMBER  7
     point #   1  energy = -48.000
     point #  20  energy = -36.815
     point #  40  energy = -16.479
     point #  60  energy =  -8.344
New Fermi level:    mu=  -8.382 eV  Charge distance=  0.0063 (partial c.d.=  0.1755)
SCF ITERATION NUMBER  8
     point #   1  energy = -48.000
     point #  20  energy = -36.826
     point #  40  energy = -16.508
     point #  60  energy =  -8.382
New Fermi level:    mu=  -8.383 eV  Charge distance=  0.0056 (partial c.d.=  0.1075)
SCF ITERATION NUMBER  9
     point #   1  energy = -48.000
     point #  20  energy = -36.826
     point #  40  energy = -16.510
     point #  60  energy =  -8.383
New Fermi level:    mu=  -8.383 eV  Charge distance=  0.0077 (partial c.d.=  0.0039)
SCF ITERATION NUMBER 10
     point #   1  energy = -48.000
     point #  20  energy = -36.826
     point #  40  energy = -16.509
     point #  60  energy =  -8.383
New Fermi level:    mu=  -8.376 eV  Charge distance=  0.0010 (partial c.d.=  0.0229)
SCF ITERATION NUMBER 11
     point #   1  energy = -48.000
     point #  20  energy = -36.824
     point #  40  energy = -16.504
     point #  60  energy =  -8.376
New Fermi level:    mu=  -8.375 eV  Charge distance=  0.0025 (partial c.d.=  0.0022)
SCF ITERATION NUMBER 12
     point #   1  energy = -48.000
     point #  20  energy = -36.824
     point #  40  energy = -16.503
     point #  60  energy =  -8.375
New Fermi level:    mu=  -8.371 eV  Charge distance=  0.0005 (partial c.d.=  0.0188)
SCF ITERATION NUMBER 13
     point #   1  energy = -48.000
     point #  20  energy = -36.823
     point #  40  energy = -16.500
     point #  60  energy =  -8.371
New Fermi level:    mu=  -8.373 eV  Charge distance=  0.0001 (partial c.d.=  0.0021)
SCF ITERATION NUMBER 14
     point #   1  energy = -48.000
     point #  20  energy = -36.823
     point #  40  energy = -16.501
     point #  60  energy =  -8.373
New Fermi level:    mu=  -8.373 eV  Charge distance=  0.0002 (partial c.d.=  0.0003)
SCF ITERATION NUMBER 15
     point #   1  energy = -48.000
     point #  20  energy = -36.823
     point #  40  energy = -16.501
     point #  60  energy =  -8.373
New Fermi level:    mu=  -8.373 eV  Charge distance=  0.0000 (partial c.d.=  0.0001)
Electronic configuration
  type     l     N_el
     0     0    0.523
     0     1    0.635
     0     2    9.319
     0     3    0.000
     1     0    2.301
     1     1    6.409
     1     2    0.936
     1     3    0.000
     2     0    0.523
     2     1    0.635
     2     2    9.318
     2     3    0.000
     3     0    1.509
     3     1    1.884
     3     2   10.695
     3     3    0.000
     4     0    1.867
     4     1    4.440
     4     2    0.075
     4     3    0.000
Charge transfer:  type  charge
       0   -0.524
       1   -0.354
       2   -0.524
       3   -0.912
       4    0.382
Convergence reached in   15 iterations.
Done with module: potentials.

Calculating screened core-hole potential ...
FMS for a cluster of   15 atoms around iph =   0
    0% of energy integration
   20%
   40%
   60%
   80%
  100%
Preparing response function.
Computing (1 - K Chi0)^-1 v_ch
Done with module: screened core-hole potential.

Calculating cross-section and phases ...
    absorption cross section
 x0,dx,rnrm,inrm,jnrm   8.80000000000000       5.000000000000000E-002
   2.42028886499996              194         195
    phase shifts for unique potential    0
    phase shifts for unique potential    1
    phase shifts for unique potential    2
    phase shifts for unique potential    3
    phase shifts for unique potential    4
Done with module: cross-section and phases (XSPH).

FMS calculation of full Green's function ...
FEFF-serial using 1 thread.
Using   194 energy points.
xprep done
FMS for a cluster of  209 atoms
Energy point    1/ 194
Energy point   10/ 194
Energy point   20/ 194
Energy point   30/ 194
Energy point   40/ 194
Energy point   50/ 194
Energy point   60/ 194
Energy point   70/ 194
Energy point   80/ 194
Energy point   90/ 194
Energy point  100/ 194
Energy point  110/ 194
Energy point  120/ 194
Energy point  130/ 194
Energy point  140/ 194
Energy point  150/ 194
Energy point  160/ 194
Energy point  170/ 194
Energy point  180/ 194
Energy point  190/ 194
Done with module: FMS.

MKGTR: Tracing over Green's function ...
Done with module: MKGTR.

Pathfinder: finding scattering paths...
Preparing plane wave scattering amplitudes
Searching for paths
Eliminating path degeneracies
0 paths retained.
Done with module: pathfinder.

Calculating EXAFS parameters ...
Done with module: EXAFS parameters (GENFMT).

Calculating XAS spectra ...
Done with module: XAS spectra (FF2X: DW + final sum over paths).

 
### feff ends at Mon Aug 14 04:19:31 EDT 2023
 
