### feff starts at Mon Aug 14 09:41:19 EDT 2023
### Serial version
### FeffPath is /sdcc/u/mcarbone/software/JFEFF/hsw/feff90/linux
 
Launching FEFF version FEFF 9.9.1
Core hole lifetime is   1.729 eV.
Your calculation:
 comment: None given
 Source:
 Structure Summary:  Zn6 Cr12 Cu6 O42
 Reduced formula:  ZnCr2CuO7
 space group: (P2/c), space number:  (13)
 abc:  8.383155  10.206838  10.247935
 angles: 94.464216  90.000000  90.000000
 sites: 66
Cu K edge XANES using RPA corehole.
Using:     * Self-Consistent Field potentials
Using cards:   ATOMS CONTROL EXCHANGE TITLE RPATH POTENTIALS XANES EDGE SCF FMS S02 COREHOLE EGRID

Calculating atomic potentials ...
    overlapped atomic potential and density for unique potential    0
    overlapped atomic potential and density for unique potential    1
    overlapped atomic potential and density for unique potential    2
    overlapped atomic potential and density for unique potential    3
    overlapped atomic potential and density for unique potential    4
Done with module: atomic potentials.

Calculating SCF potentials ...
FEFF-serial using 1 thread.
Muffin tin radii and interstitial parameters [bohr]:
type, norman radius, muffin tin, overlap factor
    0  1.31486E+00  1.21880E+00  1.15000E+00
    1  1.43786E+00  1.32931E+00  1.15000E+00
    2  1.27653E+00  1.06282E+00  1.15000E+00
    3  1.31515E+00  1.21892E+00  1.15000E+00
    4  1.09233E+00  9.37678E-01  1.15000E+00
Core-valence separation energy:  ecv=   -57.000 eV
Initial Fermi level:              mu=     2.182 eV
SCF ITERATION NUMBER  1
     point #   1  energy = -57.000
FMS for a cluster of  103 atoms around atom type   0
FMS for a cluster of   93 atoms around atom type   1
FMS for a cluster of  102 atoms around atom type   2
FMS for a cluster of   75 atoms around atom type   3
FMS for a cluster of  108 atoms around atom type   4
     point #  20  energy = -45.354
     point #  40  energy = -25.104
     point #  60  energy =  -8.795
     point #  80  energy =  -7.279
New Fermi level:    mu=  -7.137 eV  Charge distance=  1.7987 (partial c.d.= 10.1584)
SCF ITERATION NUMBER  1
     point #   1  energy = -57.000
FMS for a cluster of  103 atoms around atom type   0
FMS for a cluster of   93 atoms around atom type   1
FMS for a cluster of  102 atoms around atom type   2
FMS for a cluster of   75 atoms around atom type   3
FMS for a cluster of  108 atoms around atom type   4
     point #  20  energy = -45.806
     point #  40  energy = -25.454
     point #  60  energy =  -7.137
     point #  80  energy =  -6.997
     point # 100  energy =  -6.490
New Fermi level:    mu=  -6.392 eV  Charge distance=  0.7336 (partial c.d.=  9.3940)
SCF ITERATION NUMBER  1
     point #   1  energy = -57.000
FMS for a cluster of  103 atoms around atom type   0
FMS for a cluster of   93 atoms around atom type   1
FMS for a cluster of  102 atoms around atom type   2
FMS for a cluster of   75 atoms around atom type   3
FMS for a cluster of  108 atoms around atom type   4
     point #  20  energy = -45.866
     point #  40  energy = -25.623
     point #  60  energy =  -6.392
     point #  80  energy =  -6.483
     point # 100  energy = -10.092
New Fermi level:    mu=  -9.757 eV  Charge distance=  0.2988 (partial c.d.=  3.2602)
SCF ITERATION NUMBER  2
     point #   1  energy = -57.000
     point #  20  energy = -45.943
     point #  40  energy = -25.840
     point #  60  energy =  -9.757
     point #  80  energy =  -9.588
     point # 100  energy =  -8.310
New Fermi level:    mu=  -8.306 eV  Charge distance=  0.2545 (partial c.d.=  1.4673)
SCF ITERATION NUMBER  3
     point #   1  energy = -57.000
     point #  20  energy = -45.841
     point #  40  energy = -25.552
     point #  60  energy =  -8.306
     point #  80  energy =  -8.475
New Fermi level:    mu=  -9.437 eV  Charge distance=  0.1600 (partial c.d.=  3.8876)
SCF ITERATION NUMBER  4
     point #   1  energy = -57.000
     point #  20  energy = -45.868
     point #  40  energy = -25.628
     point #  60  energy =  -9.437
     point #  80  energy =  -9.255
New Fermi level:    mu=  -9.172 eV  Charge distance=  0.0916 (partial c.d.=  3.6603)
SCF ITERATION NUMBER  5
     point #   1  energy = -57.000
     point #  20  energy = -45.806
     point #  40  energy = -25.454
     point #  60  energy =  -9.172
New Fermi level:    mu=  -9.098 eV  Charge distance=  0.0487 (partial c.d.=  0.5105)
SCF ITERATION NUMBER  6
     point #   1  energy = -57.000
     point #  20  energy = -45.789
     point #  40  energy = -25.405
     point #  60  energy =  -9.098
New Fermi level:    mu=  -9.029 eV  Charge distance=  0.0216 (partial c.d.=  0.0882)
SCF ITERATION NUMBER  7
     point #   1  energy = -57.000
     point #  20  energy = -45.773
     point #  40  energy = -25.360
     point #  60  energy =  -9.029
New Fermi level:    mu=  -9.045 eV  Charge distance=  0.0148 (partial c.d.=  0.2549)
SCF ITERATION NUMBER  8
     point #   1  energy = -57.000
     point #  20  energy = -45.776
     point #  40  energy = -25.370
     point #  60  energy =  -9.045
New Fermi level:    mu=  -8.999 eV  Charge distance=  0.0141 (partial c.d.=  0.0549)
SCF ITERATION NUMBER  9
     point #   1  energy = -57.000
     point #  20  energy = -45.766
     point #  40  energy = -25.340
     point #  60  energy =  -8.999
New Fermi level:    mu=  -8.992 eV  Charge distance=  0.0087 (partial c.d.=  0.0715)
SCF ITERATION NUMBER 10
     point #   1  energy = -57.000
     point #  20  energy = -45.764
     point #  40  energy = -25.335
     point #  60  energy =  -8.992
New Fermi level:    mu=  -8.978 eV  Charge distance=  0.0073 (partial c.d.=  0.0546)
SCF ITERATION NUMBER 11
     point #   1  energy = -57.000
     point #  20  energy = -45.761
     point #  40  energy = -25.326
     point #  60  energy =  -8.978
New Fermi level:    mu=  -8.970 eV  Charge distance=  0.0066 (partial c.d.=  0.0350)
SCF ITERATION NUMBER 12
     point #   1  energy = -57.000
     point #  20  energy = -45.759
     point #  40  energy = -25.321
     point #  60  energy =  -8.970
New Fermi level:    mu=  -8.961 eV  Charge distance=  0.0017 (partial c.d.=  0.0214)
SCF ITERATION NUMBER 13
     point #   1  energy = -57.000
     point #  20  energy = -45.757
     point #  40  energy = -25.315
     point #  60  energy =  -8.961
New Fermi level:    mu=  -8.960 eV  Charge distance=  0.0004 (partial c.d.=  0.0054)
SCF ITERATION NUMBER 14
     point #   1  energy = -57.000
     point #  20  energy = -45.757
     point #  40  energy = -25.314
     point #  60  energy =  -8.960
New Fermi level:    mu=  -8.960 eV  Charge distance=  0.0003 (partial c.d.=  0.0009)
SCF ITERATION NUMBER 15
     point #   1  energy = -57.000
     point #  20  energy = -45.757
     point #  40  energy = -25.314
     point #  60  energy =  -8.960
New Fermi level:    mu=  -8.961 eV  Charge distance=  0.0003 (partial c.d.=  0.0002)
Electronic configuration
  type     l     N_el
     0     0    0.489
     0     1    0.563
     0     2    9.367
     0     3    0.000
     1     0    0.657
     1     1    0.798
     1     2   10.234
     1     3    0.000
     2     0    0.486
     2     1    6.679
     2     2    4.520
     2     3    0.000
     3     0    0.493
     3     1    0.574
     3     2    9.357
     3     3    0.000
     4     0    1.854
     4     1    4.264
     4     2    0.099
     4     3    0.000
Charge transfer:  type  charge
       0   -0.582
       1   -0.311
       2   -0.315
       3   -0.576
       4    0.217
Convergence reached in   15 iterations.
Done with module: potentials.

Calculating screened core-hole potential ...
FMS for a cluster of   22 atoms around iph =   0
    0% of energy integration
   20%
   40%
   60%
   80%
  100%
Preparing response function.
Computing (1 - K Chi0)^-1 v_ch
Done with module: screened core-hole potential.

Calculating cross-section and phases ...
    absorption cross section
 x0,dx,rnrm,inrm,jnrm   8.80000000000000       5.000000000000000E-002
   2.48472320900010              195         196
    phase shifts for unique potential    0
    phase shifts for unique potential    1
    phase shifts for unique potential    2
    phase shifts for unique potential    3
    phase shifts for unique potential    4
Done with module: cross-section and phases (XSPH).

FMS calculation of full Green's function ...
FEFF-serial using 1 thread.
Using   194 energy points.
xprep done
FMS for a cluster of  227 atoms
Energy point    1/ 194
Energy point   10/ 194
Energy point   20/ 194
Energy point   30/ 194
Energy point   40/ 194
Energy point   50/ 194
Energy point   60/ 194
Energy point   70/ 194
Energy point   80/ 194
Energy point   90/ 194
Energy point  100/ 194
Energy point  110/ 194
Energy point  120/ 194
Energy point  130/ 194
Energy point  140/ 194
Energy point  150/ 194
Energy point  160/ 194
Energy point  170/ 194
Energy point  180/ 194
Energy point  190/ 194
Done with module: FMS.

MKGTR: Tracing over Green's function ...
Done with module: MKGTR.

Pathfinder: finding scattering paths...
Preparing plane wave scattering amplitudes
Searching for paths
Eliminating path degeneracies
0 paths retained.
Done with module: pathfinder.

Calculating EXAFS parameters ...
Done with module: EXAFS parameters (GENFMT).

Calculating XAS spectra ...
Done with module: XAS spectra (FF2X: DW + final sum over paths).

 
### feff ends at Mon Aug 14 11:20:29 EDT 2023
 
