### feff starts at Sun Aug 13 16:32:06 EDT 2023
### Serial version
### FeffPath is /sdcc/u/mcarbone/software/JFEFF/hsw/feff90/linux
 
Launching FEFF version FEFF 9.9.1
Core hole lifetime is   1.729 eV.
Your calculation:
 comment: None given
 Source:
 Structure Summary:  Mg6 Cu6 Sb12 O42
 Reduced formula:  MgCuSb2O7
 space group: (P2/c), space number:  (13)
 abc:  8.806710   9.394834  11.140235
 angles: 78.804154  90.000000  90.000000
 sites: 66
Cu K edge XANES using RPA corehole.
Using:     * Self-Consistent Field potentials
Using cards:   ATOMS CONTROL EXCHANGE TITLE RPATH POTENTIALS XANES EDGE SCF FMS S02 COREHOLE EGRID

Calculating atomic potentials ...
    overlapped atomic potential and density for unique potential    0
    overlapped atomic potential and density for unique potential    1
    overlapped atomic potential and density for unique potential    2
    overlapped atomic potential and density for unique potential    3
    overlapped atomic potential and density for unique potential    4
Done with module: atomic potentials.

Calculating SCF potentials ...
FEFF-serial using 1 thread.
Muffin tin radii and interstitial parameters [bohr]:
type, norman radius, muffin tin, overlap factor
    0  1.35260E+00  1.25670E+00  1.15000E+00
    1  1.44410E+00  1.33462E+00  1.15000E+00
    2  1.34224E+00  1.24437E+00  1.15000E+00
    3  1.45760E+00  1.27408E+00  1.15000E+00
    4  1.09562E+00  9.85510E-01  1.15000E+00
Core-valence separation energy:  ecv=   -40.000 eV
Initial Fermi level:              mu=     3.157 eV
SCF ITERATION NUMBER  1
     point #   1  energy = -40.000
FMS for a cluster of  105 atoms around atom type   0
FMS for a cluster of   93 atoms around atom type   1
FMS for a cluster of   75 atoms around atom type   2
FMS for a cluster of   94 atoms around atom type   3
FMS for a cluster of  103 atoms around atom type   4
     point #  20  energy = -28.933
     point #  40  energy =  -8.683
     point #  60  energy =  -5.446
     point #  80  energy =  -4.308
New Fermi level:    mu=  -4.295 eV  Charge distance=  1.0887 (partial c.d.= 10.7779)
SCF ITERATION NUMBER  1
     point #   1  energy = -40.000
FMS for a cluster of  105 atoms around atom type   0
FMS for a cluster of   93 atoms around atom type   1
FMS for a cluster of   75 atoms around atom type   2
FMS for a cluster of   94 atoms around atom type   3
FMS for a cluster of  103 atoms around atom type   4
     point #  20  energy = -28.778
     point #  40  energy =  -8.376
     point #  60  energy =  -4.295
     point #  80  energy =  -6.329
     point # 100  energy =  -6.373
     point # 120  energy =  -6.058
New Fermi level:    mu=  -6.067 eV  Charge distance=  0.3877 (partial c.d.=  5.8533)
SCF ITERATION NUMBER  1
     point #   1  energy = -40.000
FMS for a cluster of  105 atoms around atom type   0
FMS for a cluster of   93 atoms around atom type   1
FMS for a cluster of   75 atoms around atom type   2
FMS for a cluster of   94 atoms around atom type   3
FMS for a cluster of  103 atoms around atom type   4
     point #  20  energy = -29.022
     point #  40  energy =  -9.061
     point #  60  energy =  -6.079
New Fermi level:    mu=  -6.153 eV  Charge distance=  0.2090 (partial c.d.=  0.2094)
SCF ITERATION NUMBER  2
     point #   1  energy = -40.000
     point #  20  energy = -28.718
     point #  40  energy =  -8.204
     point #  60  energy =  -6.128
New Fermi level:    mu=  -6.054 eV  Charge distance=  0.3386 (partial c.d.=  0.3345)
SCF ITERATION NUMBER  3
     point #   1  energy = -40.000
     point #  20  energy = -29.018
     point #  40  energy =  -9.049
     point #  60  energy =  -6.042
New Fermi level:    mu=  -5.758 eV  Charge distance=  0.1519 (partial c.d.=  0.8388)
SCF ITERATION NUMBER  4
     point #   1  energy = -40.000
     point #  20  energy = -28.922
     point #  40  energy =  -8.779
     point #  60  energy =  -5.770
     point #  80  energy =  -6.286
New Fermi level:    mu=  -6.146 eV  Charge distance=  0.1069 (partial c.d.=  1.0323)
SCF ITERATION NUMBER  5
     point #   1  energy = -40.000
     point #  20  energy = -28.715
     point #  40  energy =  -8.198
     point #  60  energy =  -6.171
New Fermi level:    mu=  -6.161 eV  Charge distance=  0.0386 (partial c.d.=  0.1883)
SCF ITERATION NUMBER  6
     point #   1  energy = -40.000
     point #  20  energy = -28.720
     point #  40  energy =  -8.212
     point #  60  energy =  -6.136
New Fermi level:    mu=  -6.127 eV  Charge distance=  0.0108 (partial c.d.=  0.1718)
SCF ITERATION NUMBER  7
     point #   1  energy = -40.000
     point #  20  energy = -28.709
     point #  40  energy =  -8.180
New Fermi level:    mu=  -6.135 eV  Charge distance=  0.0131 (partial c.d.=  0.0162)
SCF ITERATION NUMBER  8
     point #   1  energy = -40.000
     point #  20  energy = -28.712
     point #  40  energy =  -8.187
New Fermi level:    mu=  -6.130 eV  Charge distance=  0.0082 (partial c.d.=  0.0144)
SCF ITERATION NUMBER  9
     point #   1  energy = -40.000
     point #  20  energy = -28.710
     point #  40  energy =  -8.183
New Fermi level:    mu=  -6.124 eV  Charge distance=  0.0010 (partial c.d.=  0.0057)
SCF ITERATION NUMBER 10
     point #   1  energy = -40.000
     point #  20  energy = -28.708
     point #  40  energy =  -8.177
New Fermi level:    mu=  -6.120 eV  Charge distance=  0.0010 (partial c.d.=  0.0015)
SCF ITERATION NUMBER 11
     point #   1  energy = -40.000
     point #  20  energy = -28.707
     point #  40  energy =  -8.173
New Fermi level:    mu=  -6.116 eV  Charge distance=  0.0001 (partial c.d.=  0.0006)
SCF ITERATION NUMBER 12
     point #   1  energy = -40.000
     point #  20  energy = -28.705
     point #  40  energy =  -8.170
New Fermi level:    mu=  -6.117 eV  Charge distance=  0.0002 (partial c.d.=  0.0000)
Electronic configuration
  type     l     N_el
     0     0    0.509
     0     1    0.657
     0     2    9.587
     0     3    0.000
     1     0    0.511
     1     1    0.840
     1     2    0.597
     1     3    0.000
     2     0    0.506
     2     1    0.645
     2     2    9.586
     2     3    0.000
     3     0    1.363
     3     1    1.859
     3     2   10.752
     3     3    0.000
     4     0    1.876
     4     1    4.392
     4     2    0.071
     4     3    0.000
Charge transfer:  type  charge
       0   -0.247
       1   -0.051
       2   -0.263
       3   -1.026
       4    0.338
Convergence reached in   12 iterations.
Done with module: potentials.

Calculating screened core-hole potential ...
FMS for a cluster of   22 atoms around iph =   0
    0% of energy integration
   20%
   40%
   60%
   80%
  100%
Preparing response function.
Computing (1 - K Chi0)^-1 v_ch
Done with module: screened core-hole potential.

Calculating cross-section and phases ...
    absorption cross section
 x0,dx,rnrm,inrm,jnrm   8.80000000000000       5.000000000000000E-002
   2.55604895900015              195         196
    phase shifts for unique potential    0
    phase shifts for unique potential    1
    phase shifts for unique potential    2
    phase shifts for unique potential    3
    phase shifts for unique potential    4
Done with module: cross-section and phases (XSPH).

FMS calculation of full Green's function ...
FEFF-serial using 1 thread.
Using   194 energy points.
xprep done
FMS for a cluster of  217 atoms
Energy point    1/ 194
Energy point   10/ 194
Energy point   20/ 194
Energy point   30/ 194
Energy point   40/ 194
Energy point   50/ 194
Energy point   60/ 194
Energy point   70/ 194
Energy point   80/ 194
Energy point   90/ 194
Energy point  100/ 194
Energy point  110/ 194
Energy point  120/ 194
Energy point  130/ 194
Energy point  140/ 194
Energy point  150/ 194
Energy point  160/ 194
Energy point  170/ 194
Energy point  180/ 194
Energy point  190/ 194
Done with module: FMS.

MKGTR: Tracing over Green's function ...
Done with module: MKGTR.

Pathfinder: finding scattering paths...
Preparing plane wave scattering amplitudes
Searching for paths
Eliminating path degeneracies
0 paths retained.
Done with module: pathfinder.

Calculating EXAFS parameters ...
Done with module: EXAFS parameters (GENFMT).

Calculating XAS spectra ...
Done with module: XAS spectra (FF2X: DW + final sum over paths).

 
### feff ends at Sun Aug 13 17:43:05 EDT 2023
 
