### feff starts at Mon Aug 14 10:52:05 EDT 2023
### Serial version
### FeffPath is /sdcc/u/mcarbone/software/JFEFF/hsw/feff90/linux
 
Launching FEFF version FEFF 9.9.1
Resetting lmaxsc to 2 for iph =    1.  Use  UNFREEZE to prevent this.
Core hole lifetime is   1.729 eV.
Your calculation:
 comment: None given
 Source:
 Structure Summary:  Lu1 Ga1 Cu1 O4
 Reduced formula:  LuGaCuO4
 space group: (R3m), space number:  (160)
 abc:  8.276336   8.276336   8.276335
 angles: 24.335178  24.335178  24.335183
 sites: 7
Cu K edge XANES using RPA corehole.
Using:     * Self-Consistent Field potentials
Using cards:   ATOMS CONTROL EXCHANGE TITLE RPATH POTENTIALS XANES EDGE SCF FMS S02 COREHOLE EGRID

Calculating atomic potentials ...
    overlapped atomic potential and density for unique potential    0
    overlapped atomic potential and density for unique potential    1
    overlapped atomic potential and density for unique potential    2
    overlapped atomic potential and density for unique potential    3
    overlapped atomic potential and density for unique potential    4
Done with module: atomic potentials.

Calculating SCF potentials ...
FEFF-serial using 1 thread.
Muffin tin radii and interstitial parameters [bohr]:
type, norman radius, muffin tin, overlap factor
    0  1.33296E+00  1.26526E+00  1.14265E+00
    1  1.62061E+00  1.53342E+00  1.15000E+00
    2  1.38140E+00  1.25613E+00  1.15000E+00
    3  1.33298E+00  1.26528E+00  1.14266E+00
    4  1.10035E+00  1.02316E+00  1.15000E+00
Core-valence separation energy:  ecv=   -40.000 eV
Initial Fermi level:              mu=     0.499 eV
SCF ITERATION NUMBER  1
     point #   1  energy = -40.000
FMS for a cluster of  121 atoms around atom type   0
FMS for a cluster of  109 atoms around atom type   1
FMS for a cluster of  114 atoms around atom type   2
FMS for a cluster of  107 atoms around atom type   3
FMS for a cluster of  120 atoms around atom type   4
     point #  20  energy = -28.863
     point #  40  energy =  -8.613
     point #  60  energy =  -5.375
     point #  80  energy =  -4.200
New Fermi level:    mu=  -4.171 eV  Charge distance=  1.0290 (partial c.d.= 10.4903)
SCF ITERATION NUMBER  1
     point #   1  energy = -40.000
FMS for a cluster of  121 atoms around atom type   0
FMS for a cluster of  109 atoms around atom type   1
FMS for a cluster of  114 atoms around atom type   2
FMS for a cluster of  107 atoms around atom type   3
FMS for a cluster of  120 atoms around atom type   4
     point #  20  energy = -28.739
     point #  40  energy =  -8.265
     point #  60  energy =  -4.171
     point #  80  energy =  -6.308
     point # 100  energy =  -9.652
     point # 120  energy = -10.152
     point # 140  energy = -10.402
     point # 160  energy = -10.652
New Fermi level:    mu= -10.696 eV  Charge distance=  0.3070 (partial c.d.=  5.3457)
SCF ITERATION NUMBER  1
     point #   1  energy = -40.000
FMS for a cluster of  121 atoms around atom type   0
FMS for a cluster of  109 atoms around atom type   1
FMS for a cluster of  114 atoms around atom type   2
FMS for a cluster of  107 atoms around atom type   3
FMS for a cluster of  120 atoms around atom type   4
     point #  20  energy = -28.885
     point #  40  energy = -10.696
     point #  60  energy = -10.621
     point #  80  energy =  -9.784
     point # 100  energy =  -9.293
     point # 120  energy =  -9.562
     point # 140  energy =  -9.812
     point # 160  energy = -10.062
New Fermi level:    mu= -10.093 eV  Charge distance=  0.1684 (partial c.d.=  0.2159)
SCF ITERATION NUMBER  2
     point #   1  energy = -40.000
     point #  20  energy = -29.034
     point #  40  energy = -10.093
     point #  60  energy = -10.003
     point #  80  energy =  -8.012
New Fermi level:    mu=  -7.631 eV  Charge distance=  0.3433 (partial c.d.=  0.3471)
SCF ITERATION NUMBER  3
     point #   1  energy = -40.000
     point #  20  energy = -28.873
     point #  40  energy =  -8.642
     point #  60  energy =  -7.590
     point #  80  energy =  -6.752
New Fermi level:    mu=  -6.715 eV  Charge distance=  0.0556 (partial c.d.=  0.4405)
SCF ITERATION NUMBER  4
     point #   1  energy = -40.000
     point #  20  energy = -28.905
     point #  40  energy =  -8.732
     point #  60  energy =  -6.727
     point #  80  energy =  -7.771
New Fermi level:    mu=  -7.726 eV  Charge distance=  0.0817 (partial c.d.=  0.5502)
SCF ITERATION NUMBER  5
     point #   1  energy = -40.000
     point #  20  energy = -28.906
     point #  40  energy =  -8.734
     point #  60  energy =  -7.685
New Fermi level:    mu=  -7.319 eV  Charge distance=  0.0265 (partial c.d.=  0.2345)
SCF ITERATION NUMBER  6
     point #   1  energy = -40.000
     point #  20  energy = -28.766
     point #  40  energy =  -8.340
     point #  60  energy =  -7.356
New Fermi level:    mu=  -7.403 eV  Charge distance=  0.0066 (partial c.d.=  0.0235)
SCF ITERATION NUMBER  7
     point #   1  energy = -40.000
     point #  20  energy = -28.795
     point #  40  energy =  -8.422
     point #  60  energy =  -7.441
New Fermi level:    mu=  -7.429 eV  Charge distance=  0.0073 (partial c.d.=  0.0068)
SCF ITERATION NUMBER  8
     point #   1  energy = -40.000
     point #  20  energy = -28.804
     point #  40  energy =  -8.446
New Fermi level:    mu=  -7.445 eV  Charge distance=  0.0021 (partial c.d.=  0.0057)
SCF ITERATION NUMBER  9
     point #   1  energy = -40.000
     point #  20  energy = -28.809
     point #  40  energy =  -8.462
New Fermi level:    mu=  -7.437 eV  Charge distance=  0.0022 (partial c.d.=  0.0008)
SCF ITERATION NUMBER 10
     point #   1  energy = -40.000
     point #  20  energy = -28.807
     point #  40  energy =  -8.455
New Fermi level:    mu=  -7.432 eV  Charge distance=  0.0002 (partial c.d.=  0.0025)
SCF ITERATION NUMBER 11
     point #   1  energy = -40.000
     point #  20  energy = -28.805
     point #  40  energy =  -8.450
New Fermi level:    mu=  -7.431 eV  Charge distance=  0.0002 (partial c.d.=  0.0019)
SCF ITERATION NUMBER 12
     point #   1  energy = -40.000
     point #  20  energy = -28.804
     point #  40  energy =  -8.449
New Fermi level:    mu=  -7.431 eV  Charge distance=  0.0001 (partial c.d.=  0.0008)
SCF ITERATION NUMBER 13
     point #   1  energy = -40.000
     point #  20  energy = -28.805
     point #  40  energy =  -8.449
New Fermi level:    mu=  -7.431 eV  Charge distance=  0.0001 (partial c.d.=  0.0001)
Electronic configuration
  type     l     N_el
     0     0    0.444
     0     1    0.619
     0     2    9.567
     0     3    0.000
     1     0    0.421
     1     1    6.555
     1     2    1.341
     1     3    0.000
     2     0    0.906
     2     1    1.118
     2     2   10.468
     2     3    0.000
     3     0    0.444
     3     1    0.619
     3     2    9.566
     3     3    0.000
     4     0    1.847
     4     1    4.484
     4     2    0.061
     4     3    0.000
Charge transfer:  type  charge
       0   -0.371
       1   -0.683
       2   -0.509
       3   -0.371
       4    0.392
Convergence reached in   13 iterations.
Done with module: potentials.

Calculating screened core-hole potential ...
FMS for a cluster of   18 atoms around iph =   0
    0% of energy integration
   20%
   40%
   60%
   80%
  100%
Preparing response function.
Computing (1 - K Chi0)^-1 v_ch
Done with module: screened core-hole potential.

Calculating cross-section and phases ...
    absorption cross section
 x0,dx,rnrm,inrm,jnrm   8.80000000000000       5.000000000000000E-002
   2.51892315900019              195         196
    phase shifts for unique potential    0
    phase shifts for unique potential    1
    phase shifts for unique potential    2
    phase shifts for unique potential    3
    phase shifts for unique potential    4
Done with module: cross-section and phases (XSPH).

FMS calculation of full Green's function ...
FEFF-serial using 1 thread.
Using   194 energy points.
xprep done
FMS for a cluster of  239 atoms
Energy point    1/ 194
Energy point   10/ 194
Energy point   20/ 194
Energy point   30/ 194
Energy point   40/ 194
Energy point   50/ 194
Energy point   60/ 194
Energy point   70/ 194
Energy point   80/ 194
Energy point   90/ 194
Energy point  100/ 194
Energy point  110/ 194
Energy point  120/ 194
Energy point  130/ 194
Energy point  140/ 194
Energy point  150/ 194
Energy point  160/ 194
Energy point  170/ 194
Energy point  180/ 194
Energy point  190/ 194
Done with module: FMS.

MKGTR: Tracing over Green's function ...
Done with module: MKGTR.

Pathfinder: finding scattering paths...
Preparing plane wave scattering amplitudes
Searching for paths
Eliminating path degeneracies
0 paths retained.
Done with module: pathfinder.

Calculating EXAFS parameters ...
Done with module: EXAFS parameters (GENFMT).

Calculating XAS spectra ...
Done with module: XAS spectra (FF2X: DW + final sum over paths).

 
### feff ends at Mon Aug 14 12:47:27 EDT 2023
 
