### feff starts at Sun Aug 13 12:20:06 EDT 2023
### Serial version
### FeffPath is /sdcc/u/mcarbone/software/JFEFF/hsw/feff90/linux
 
Launching FEFF version FEFF 9.9.1
Core hole lifetime is   1.729 eV.
Your calculation:
 comment: None given
 Source:
 Structure Summary:  Ca2 Cu4 O8
 Reduced formula:  Ca(CuO2)2
 space group: (I4_1/amd), space number:  (141)
 abc:  7.501388   7.501388   7.501388
 angles:136.719570 136.719570  62.869809
 sites: 14
Cu K edge XANES using RPA corehole.
Using:     * Self-Consistent Field potentials
Using cards:   ATOMS CONTROL EXCHANGE TITLE RPATH POTENTIALS XANES EDGE SCF FMS S02 COREHOLE EGRID

Calculating atomic potentials ...
    overlapped atomic potential and density for unique potential    0
    overlapped atomic potential and density for unique potential    1
    overlapped atomic potential and density for unique potential    2
    overlapped atomic potential and density for unique potential    3
Done with module: atomic potentials.

Calculating SCF potentials ...
FEFF-serial using 1 thread.
Muffin tin radii and interstitial parameters [bohr]:
type, norman radius, muffin tin, overlap factor
    0  1.25276E+00  1.12357E+00  1.15000E+00
    1  1.71956E+00  1.58236E+00  1.15000E+00
    2  1.25276E+00  1.12357E+00  1.15000E+00
    3  1.11378E+00  1.00937E+00  1.15000E+00
Core-valence separation energy:  ecv=   -40.000 eV
Initial Fermi level:              mu=     0.005 eV
SCF ITERATION NUMBER  1
     point #   1  energy = -40.000
FMS for a cluster of  105 atoms around atom type   0
FMS for a cluster of   91 atoms around atom type   1
FMS for a cluster of  102 atoms around atom type   2
FMS for a cluster of  106 atoms around atom type   3
     point #  20  energy = -28.961
     point #  40  energy =  -8.711
     point #  60  energy =  -5.165
New Fermi level:    mu=  -4.868 eV  Charge distance=  0.8521 (partial c.d.=  6.9405)
SCF ITERATION NUMBER  1
     point #   1  energy = -40.000
FMS for a cluster of  105 atoms around atom type   0
FMS for a cluster of   91 atoms around atom type   1
FMS for a cluster of  102 atoms around atom type   2
FMS for a cluster of  106 atoms around atom type   3
     point #  20  energy = -28.959
     point #  40  energy =  -8.883
     point #  60  energy =  -4.868
     point #  80  energy =  -6.825
     point # 100  energy = -10.162
New Fermi level:    mu= -10.362 eV  Charge distance=  0.2475 (partial c.d.=  4.4706)
SCF ITERATION NUMBER  1
     point #   1  energy = -40.000
FMS for a cluster of  105 atoms around atom type   0
FMS for a cluster of   91 atoms around atom type   1
FMS for a cluster of  102 atoms around atom type   2
FMS for a cluster of  106 atoms around atom type   3
     point #  20  energy = -28.758
     point #  40  energy = -10.362
     point #  60  energy = -10.271
     point #  80  energy =  -9.343
New Fermi level:    mu=  -9.336 eV  Charge distance=  0.1627 (partial c.d.=  0.7168)
SCF ITERATION NUMBER  2
     point #   1  energy = -40.000
     point #  20  energy = -28.756
     point #  40  energy =  -9.336
     point #  60  energy =  -9.245
New Fermi level:    mu=  -8.750 eV  Charge distance=  0.4392 (partial c.d.=  0.1454)
SCF ITERATION NUMBER  3
     point #   1  energy = -40.000
     point #  20  energy = -28.911
     point #  40  energy =  -8.750
     point #  60  energy =  -8.710
New Fermi level:    mu=  -8.423 eV  Charge distance=  0.0684 (partial c.d.=  0.2909)
SCF ITERATION NUMBER  4
     point #   1  energy = -40.000
     point #  20  energy = -28.795
     point #  40  energy =  -8.423
New Fermi level:    mu=  -8.454 eV  Charge distance=  0.0694 (partial c.d.=  0.8410)
SCF ITERATION NUMBER  5
     point #   1  energy = -40.000
     point #  20  energy = -28.806
     point #  40  energy =  -8.454
     point #  60  energy =  -8.504
New Fermi level:    mu=  -8.566 eV  Charge distance=  0.0236 (partial c.d.=  0.9484)
SCF ITERATION NUMBER  6
     point #   1  energy = -40.000
     point #  20  energy = -28.846
     point #  40  energy =  -8.566
     point #  60  energy =  -8.616
New Fermi level:    mu=  -8.639 eV  Charge distance=  0.0066 (partial c.d.=  0.3710)
SCF ITERATION NUMBER  7
     point #   1  energy = -40.000
     point #  20  energy = -28.872
     point #  40  energy =  -8.639
New Fermi level:    mu=  -8.649 eV  Charge distance=  0.0034 (partial c.d.=  0.1070)
SCF ITERATION NUMBER  8
     point #   1  energy = -40.000
     point #  20  energy = -28.875
     point #  40  energy =  -8.649
New Fermi level:    mu=  -8.656 eV  Charge distance=  0.0063 (partial c.d.=  0.0555)
SCF ITERATION NUMBER  9
     point #   1  energy = -40.000
     point #  20  energy = -28.878
     point #  40  energy =  -8.656
New Fermi level:    mu=  -8.667 eV  Charge distance=  0.0014 (partial c.d.=  0.0593)
SCF ITERATION NUMBER 10
     point #   1  energy = -40.000
     point #  20  energy = -28.882
     point #  40  energy =  -8.667
New Fermi level:    mu=  -8.665 eV  Charge distance=  0.0021 (partial c.d.=  0.0069)
SCF ITERATION NUMBER 11
     point #   1  energy = -40.000
     point #  20  energy = -28.881
     point #  40  energy =  -8.665
New Fermi level:    mu=  -8.661 eV  Charge distance=  0.0015 (partial c.d.=  0.0013)
SCF ITERATION NUMBER 12
     point #   1  energy = -40.000
     point #  20  energy = -28.880
     point #  40  energy =  -8.661
New Fermi level:    mu=  -8.656 eV  Charge distance=  0.0001 (partial c.d.=  0.0020)
SCF ITERATION NUMBER 13
     point #   1  energy = -40.000
     point #  20  energy = -28.878
     point #  40  energy =  -8.656
New Fermi level:    mu=  -8.655 eV  Charge distance=  0.0002 (partial c.d.=  0.0002)
Electronic configuration
  type     l     N_el
     0     0    0.518
     0     1    0.635
     0     2    9.247
     0     3    0.000
     1     0    0.389
     1     1    6.563
     1     2    1.014
     1     3    0.000
     2     0    0.518
     2     1    0.635
     2     2    9.247
     2     3    0.000
     3     0    1.871
     3     1    4.361
     3     2    0.077
     3     3    0.000
Charge transfer:  type  charge
       0   -0.599
       1   -0.034
       2   -0.600
       3    0.309
Convergence reached in   13 iterations.
Done with module: potentials.

Calculating screened core-hole potential ...
FMS for a cluster of   17 atoms around iph =   0
    0% of energy integration
   20%
   40%
   60%
   80%
  100%
Preparing response function.
Computing (1 - K Chi0)^-1 v_ch
Done with module: screened core-hole potential.

Calculating cross-section and phases ...
    absorption cross section
 x0,dx,rnrm,inrm,jnrm   8.80000000000000       5.000000000000000E-002
   2.36737379999996              194         195
    phase shifts for unique potential    0
    phase shifts for unique potential    1
    phase shifts for unique potential    2
    phase shifts for unique potential    3
Done with module: cross-section and phases (XSPH).

FMS calculation of full Green's function ...
FEFF-serial using 1 thread.
Using   194 energy points.
xprep done
FMS for a cluster of  221 atoms
Energy point    1/ 194
Energy point   10/ 194
Energy point   20/ 194
Energy point   30/ 194
Energy point   40/ 194
Energy point   50/ 194
Energy point   60/ 194
Energy point   70/ 194
Energy point   80/ 194
Energy point   90/ 194
Energy point  100/ 194
Energy point  110/ 194
Energy point  120/ 194
Energy point  130/ 194
Energy point  140/ 194
Energy point  150/ 194
Energy point  160/ 194
Energy point  170/ 194
Energy point  180/ 194
Energy point  190/ 194
Done with module: FMS.

MKGTR: Tracing over Green's function ...
Done with module: MKGTR.

Pathfinder: finding scattering paths...
Preparing plane wave scattering amplitudes
Searching for paths
Eliminating path degeneracies
0 paths retained.
Done with module: pathfinder.

Calculating EXAFS parameters ...
Done with module: EXAFS parameters (GENFMT).

Calculating XAS spectra ...
Done with module: XAS spectra (FF2X: DW + final sum over paths).

 
### feff ends at Sun Aug 13 13:32:18 EDT 2023
 
