### feff starts at Mon Aug 14 00:38:10 EDT 2023
### Serial version
### FeffPath is /sdcc/u/mcarbone/software/JFEFF/hsw/feff90/linux
 
Launching FEFF version FEFF 9.9.1
Core hole lifetime is   1.729 eV.
Your calculation:
 comment: None given
 Source:
 Structure Summary:  Cu6 P6 O24
 Reduced formula:  CuPO4
 space group: (R3), space number:  (146)
 abc:  8.755284   8.755284   8.755284
 angles:108.622505 108.622505 108.622499
 sites: 36
Cu K edge XANES using RPA corehole.
Using:     * Self-Consistent Field potentials
Using cards:   ATOMS CONTROL EXCHANGE TITLE RPATH POTENTIALS XANES EDGE SCF FMS S02 COREHOLE EGRID

Calculating atomic potentials ...
    overlapped atomic potential and density for unique potential    0
    overlapped atomic potential and density for unique potential    1
    overlapped atomic potential and density for unique potential    2
    overlapped atomic potential and density for unique potential    3
Done with module: atomic potentials.

Calculating SCF potentials ...
FEFF-serial using 1 thread.
Muffin tin radii and interstitial parameters [bohr]:
type, norman radius, muffin tin, overlap factor
    0  1.30993E+00  1.21715E+00  1.15000E+00
    1  1.30721E+00  1.21338E+00  1.15000E+00
    2  1.15098E+00  9.30731E-01  1.15000E+00
    3  1.04571E+00  8.84346E-01  1.15000E+00
Core-valence separation energy:  ecv=   -40.000 eV
Initial Fermi level:              mu=     6.919 eV
SCF ITERATION NUMBER  1
     point #   1  energy = -40.000
FMS for a cluster of   98 atoms around atom type   0
FMS for a cluster of   87 atoms around atom type   1
FMS for a cluster of   95 atoms around atom type   2
FMS for a cluster of   96 atoms around atom type   3
     point #  20  energy = -28.803
     point #  40  energy =  -8.553
     point #  60  energy =  -3.440
New Fermi level:    mu=  -3.056 eV  Charge distance=  0.6191 (partial c.d.=  6.7475)
SCF ITERATION NUMBER  1
     point #   1  energy = -40.000
FMS for a cluster of   98 atoms around atom type   0
FMS for a cluster of   87 atoms around atom type   1
FMS for a cluster of   95 atoms around atom type   2
FMS for a cluster of   96 atoms around atom type   3
     point #  20  energy = -28.711
     point #  40  energy =  -8.187
     point #  60  energy =  -3.056
     point #  80  energy =  -4.634
     point # 100  energy =  -7.281
New Fermi level:    mu=  -7.057 eV  Charge distance=  0.1992 (partial c.d.=  3.4191)
SCF ITERATION NUMBER  1
     point #   1  energy = -40.000
FMS for a cluster of   98 atoms around atom type   0
FMS for a cluster of   87 atoms around atom type   1
FMS for a cluster of   95 atoms around atom type   2
FMS for a cluster of   96 atoms around atom type   3
     point #  20  energy = -29.019
     point #  40  energy =  -9.054
     point #  60  energy =  -7.045
New Fermi level:    mu=  -6.903 eV  Charge distance=  0.1019 (partial c.d.=  0.4797)
SCF ITERATION NUMBER  2
     point #   1  energy = -40.000
     point #  20  energy = -28.968
     point #  40  energy =  -8.909
     point #  60  energy =  -6.891
     point #  80  energy =  -6.641
New Fermi level:    mu=  -6.670 eV  Charge distance=  0.1964 (partial c.d.=  0.2335)
SCF ITERATION NUMBER  3
     point #   1  energy = -40.000
     point #  20  energy = -28.890
     point #  40  energy =  -8.690
     point #  60  energy =  -6.683
New Fermi level:    mu=  -6.864 eV  Charge distance=  0.1827 (partial c.d.=  0.2343)
SCF ITERATION NUMBER  4
     point #   1  energy = -40.000
     point #  20  energy = -28.955
     point #  40  energy =  -8.873
     point #  60  energy =  -6.839
New Fermi level:    mu=  -6.801 eV  Charge distance=  0.0476 (partial c.d.=  0.2143)
SCF ITERATION NUMBER  5
     point #   1  energy = -40.000
     point #  20  energy = -28.934
     point #  40  energy =  -8.813
     point #  60  energy =  -6.826
New Fermi level:    mu=  -6.861 eV  Charge distance=  0.0079 (partial c.d.=  0.0573)
SCF ITERATION NUMBER  6
     point #   1  energy = -40.000
     point #  20  energy = -28.954
     point #  40  energy =  -8.869
     point #  60  energy =  -6.886
New Fermi level:    mu=  -6.881 eV  Charge distance=  0.0125 (partial c.d.=  0.0089)
SCF ITERATION NUMBER  7
     point #   1  energy = -40.000
     point #  20  energy = -28.960
     point #  40  energy =  -8.888
     point #  60  energy =  -6.906
New Fermi level:    mu=  -6.894 eV  Charge distance=  0.0026 (partial c.d.=  0.0076)
SCF ITERATION NUMBER  8
     point #   1  energy = -40.000
     point #  20  energy = -28.965
     point #  40  energy =  -8.900
New Fermi level:    mu=  -6.893 eV  Charge distance=  0.0011 (partial c.d.=  0.0084)
SCF ITERATION NUMBER  9
     point #   1  energy = -40.000
     point #  20  energy = -28.964
     point #  40  energy =  -8.899
New Fermi level:    mu=  -6.882 eV  Charge distance=  0.0015 (partial c.d.=  0.0041)
SCF ITERATION NUMBER 10
     point #   1  energy = -40.000
     point #  20  energy = -28.961
     point #  40  energy =  -8.890
New Fermi level:    mu=  -6.878 eV  Charge distance=  0.0003 (partial c.d.=  0.0029)
SCF ITERATION NUMBER 11
     point #   1  energy = -40.000
     point #  20  energy = -28.959
     point #  40  energy =  -8.885
New Fermi level:    mu=  -6.877 eV  Charge distance=  0.0000 (partial c.d.=  0.0004)
SCF ITERATION NUMBER 12
     point #   1  energy = -40.000
     point #  20  energy = -28.959
     point #  40  energy =  -8.885
New Fermi level:    mu=  -6.877 eV  Charge distance=  0.0000 (partial c.d.=  0.0000)
Electronic configuration
  type     l     N_el
     0     0    0.472
     0     1    0.706
     0     2    9.466
     0     3    0.000
     1     0    0.467
     1     1    0.707
     1     2    9.473
     1     3    0.000
     2     0    1.190
     2     1    2.053
     2     2    1.049
     2     3    0.000
     3     0    1.829
     3     1    4.352
     3     2    0.085
     3     3    0.000
Charge transfer:  type  charge
       0   -0.357
       1   -0.353
       2   -0.709
       3    0.266
Convergence reached in   12 iterations.
Done with module: potentials.

Calculating screened core-hole potential ...
FMS for a cluster of   18 atoms around iph =   0
    0% of energy integration
   20%
   40%
   60%
   80%
  100%
Preparing response function.
Computing (1 - K Chi0)^-1 v_ch
Done with module: screened core-hole potential.

Calculating cross-section and phases ...
    absorption cross section
 x0,dx,rnrm,inrm,jnrm   8.80000000000000       5.000000000000000E-002
   2.47541606699981              195         196
    phase shifts for unique potential    0
    phase shifts for unique potential    1
    phase shifts for unique potential    2
    phase shifts for unique potential    3
Done with module: cross-section and phases (XSPH).

FMS calculation of full Green's function ...
FEFF-serial using 1 thread.
Using   194 energy points.
xprep done
FMS for a cluster of  213 atoms
Energy point    1/ 194
Energy point   10/ 194
Energy point   20/ 194
Energy point   30/ 194
Energy point   40/ 194
Energy point   50/ 194
Energy point   60/ 194
Energy point   70/ 194
Energy point   80/ 194
Energy point   90/ 194
Energy point  100/ 194
Energy point  110/ 194
Energy point  120/ 194
Energy point  130/ 194
Energy point  140/ 194
Energy point  150/ 194
Energy point  160/ 194
Energy point  170/ 194
Energy point  180/ 194
Energy point  190/ 194
Done with module: FMS.

MKGTR: Tracing over Green's function ...
Done with module: MKGTR.

Pathfinder: finding scattering paths...
Preparing plane wave scattering amplitudes
Searching for paths
Eliminating path degeneracies
0 paths retained.
Done with module: pathfinder.

Calculating EXAFS parameters ...
Done with module: EXAFS parameters (GENFMT).

Calculating XAS spectra ...
Done with module: XAS spectra (FF2X: DW + final sum over paths).

 
### feff ends at Mon Aug 14 01:41:32 EDT 2023
 
