### feff starts at Mon Aug 14 05:00:08 EDT 2023
### Serial version
### FeffPath is /sdcc/u/mcarbone/software/JFEFF/hsw/feff90/linux
 
Launching FEFF version FEFF 9.9.1
Core hole lifetime is   1.729 eV.
Your calculation:
 comment: None given
 Source:
 Structure Summary:  Cu64 Se48 O160
 Reduced formula:  Cu4Se3O10
 space group: (P2_1/c), space number:  (14)
 abc: 13.682806  16.215000  18.018731
 angles: 90.879560  90.000000  90.000000
 sites: 272
Cu K edge XANES using RPA corehole.
Using:     * Self-Consistent Field potentials
Using cards:   ATOMS CONTROL EXCHANGE TITLE RPATH POTENTIALS XANES EDGE SCF FMS S02 COREHOLE EGRID

Calculating atomic potentials ...
    overlapped atomic potential and density for unique potential    0
    overlapped atomic potential and density for unique potential    1
    overlapped atomic potential and density for unique potential    2
    overlapped atomic potential and density for unique potential    3
Done with module: atomic potentials.

Calculating SCF potentials ...
FEFF-serial using 1 thread.
Muffin tin radii and interstitial parameters [bohr]:
type, norman radius, muffin tin, overlap factor
    0  1.35579E+00  1.27098E+00  1.15000E+00
    1  1.35116E+00  1.25362E+00  1.15000E+00
    2  1.32833E+00  1.08578E+00  1.15000E+00
    3  1.10970E+00  1.01104E+00  1.15000E+00
Core-valence separation energy:  ecv=   -40.000 eV
Initial Fermi level:              mu=     4.033 eV
SCF ITERATION NUMBER  1
     point #   1  energy = -40.000
FMS for a cluster of  103 atoms around atom type   0
FMS for a cluster of   88 atoms around atom type   1
FMS for a cluster of   94 atoms around atom type   2
FMS for a cluster of   90 atoms around atom type   3
     point #  20  energy = -28.770
     point #  40  energy =  -8.520
     point #  60  energy =  -3.308
     point #  80  energy =  -2.861
New Fermi level:    mu=  -2.840 eV  Charge distance=  0.4751 (partial c.d.=  7.6474)
SCF ITERATION NUMBER  1
     point #   1  energy = -40.000
FMS for a cluster of  103 atoms around atom type   0
FMS for a cluster of   88 atoms around atom type   1
FMS for a cluster of   94 atoms around atom type   2
FMS for a cluster of   90 atoms around atom type   3
     point #  20  energy = -28.953
     point #  40  energy =  -8.866
     point #  60  energy =  -2.840
     point #  80  energy =  -4.353
     point # 100  energy =  -7.656
     point # 120  energy =  -8.243
New Fermi level:    mu=  -8.375 eV  Charge distance=  0.2733 (partial c.d.=  2.6302)
SCF ITERATION NUMBER  1
     point #   1  energy = -40.000
FMS for a cluster of  103 atoms around atom type   0
FMS for a cluster of   88 atoms around atom type   1
FMS for a cluster of   94 atoms around atom type   2
FMS for a cluster of   90 atoms around atom type   3
     point #  20  energy = -28.778
     point #  40  energy =  -8.375
     point #  60  energy =  -8.335
     point #  80  energy =  -5.950
     point # 100  energy =  -6.663
New Fermi level:    mu=  -6.672 eV  Charge distance=  0.1420 (partial c.d.=  0.4668)
SCF ITERATION NUMBER  2
     point #   1  energy = -40.000
     point #  20  energy = -28.891
     point #  40  energy =  -8.692
     point #  60  energy =  -6.660
     point #  80  energy =  -6.285
New Fermi level:    mu=  -6.337 eV  Charge distance=  0.3376 (partial c.d.=  0.1336)
SCF ITERATION NUMBER  3
     point #   1  energy = -40.000
     point #  20  energy = -28.779
     point #  40  energy =  -8.377
     point #  60  energy =  -6.350
New Fermi level:    mu=  -6.682 eV  Charge distance=  0.2238 (partial c.d.=  1.4737)
SCF ITERATION NUMBER  4
     point #   1  energy = -40.000
     point #  20  energy = -28.894
     point #  40  energy =  -8.701
     point #  60  energy =  -6.657
New Fermi level:    mu=  -6.649 eV  Charge distance=  0.0445 (partial c.d.=  1.8710)
SCF ITERATION NUMBER  5
     point #   1  energy = -40.000
     point #  20  energy = -28.883
     point #  40  energy =  -8.670
     point #  60  energy =  -6.624
New Fermi level:    mu=  -6.611 eV  Charge distance=  0.1001 (partial c.d.=  0.0944)
SCF ITERATION NUMBER  6
     point #   1  energy = -40.000
     point #  20  energy = -28.870
     point #  40  energy =  -8.635
     point #  60  energy =  -6.636
New Fermi level:    mu=  -6.627 eV  Charge distance=  0.0136 (partial c.d.=  0.4782)
SCF ITERATION NUMBER  7
     point #   1  energy = -40.000
     point #  20  energy = -28.876
     point #  40  energy =  -8.649
     point #  60  energy =  -6.602
New Fermi level:    mu=  -6.603 eV  Charge distance=  0.0117 (partial c.d.=  0.2132)
SCF ITERATION NUMBER  8
     point #   1  energy = -40.000
     point #  20  energy = -28.868
     point #  40  energy =  -8.627
New Fermi level:    mu=  -6.600 eV  Charge distance=  0.0192 (partial c.d.=  0.0417)
SCF ITERATION NUMBER  9
     point #   1  energy = -40.000
     point #  20  energy = -28.867
     point #  40  energy =  -8.625
New Fermi level:    mu=  -6.591 eV  Charge distance=  0.0111 (partial c.d.=  0.0397)
SCF ITERATION NUMBER 10
     point #   1  energy = -40.000
     point #  20  energy = -28.864
     point #  40  energy =  -8.616
New Fermi level:    mu=  -6.585 eV  Charge distance=  0.0049 (partial c.d.=  0.0129)
SCF ITERATION NUMBER 11
     point #   1  energy = -40.000
     point #  20  energy = -28.862
     point #  40  energy =  -8.610
New Fermi level:    mu=  -6.582 eV  Charge distance=  0.0004 (partial c.d.=  0.0072)
SCF ITERATION NUMBER 12
     point #   1  energy = -40.000
     point #  20  energy = -28.861
     point #  40  energy =  -8.607
New Fermi level:    mu=  -6.582 eV  Charge distance=  0.0003 (partial c.d.=  0.0011)
SCF ITERATION NUMBER 13
     point #   1  energy = -40.000
     point #  20  energy = -28.861
     point #  40  energy =  -8.608
New Fermi level:    mu=  -6.582 eV  Charge distance=  0.0003 (partial c.d.=  0.0003)
SCF ITERATION NUMBER 14
     point #   1  energy = -40.000
     point #  20  energy = -28.861
     point #  40  energy =  -8.608
New Fermi level:    mu=  -6.582 eV  Charge distance=  0.0001 (partial c.d.=  0.0001)
Electronic configuration
  type     l     N_el
     0     0    0.503
     0     1    0.649
     0     2    9.571
     0     3    0.000
     1     0    0.516
     1     1    0.642
     1     2    9.557
     1     3    0.000
     2     0    1.743
     2     1    2.681
     2     2    0.711
     2     3    0.000
     3     0    1.865
     3     1    4.410
     3     2    0.098
     3     3    0.000
Charge transfer:  type  charge
       0   -0.277
       1   -0.285
       2   -0.866
       3    0.374
Convergence reached in   14 iterations.
Done with module: potentials.

Calculating screened core-hole potential ...
FMS for a cluster of   19 atoms around iph =   0
    0% of energy integration
   20%
   40%
   60%
   80%
  100%
Preparing response function.
Computing (1 - K Chi0)^-1 v_ch
Done with module: screened core-hole potential.

Calculating cross-section and phases ...
    absorption cross section
 x0,dx,rnrm,inrm,jnrm   8.80000000000000       5.000000000000000E-002
   2.56207493299998              195         196
    phase shifts for unique potential    0
    phase shifts for unique potential    1
    phase shifts for unique potential    2
    phase shifts for unique potential    3
Done with module: cross-section and phases (XSPH).

FMS calculation of full Green's function ...
FEFF-serial using 1 thread.
Using   194 energy points.
xprep done
FMS for a cluster of  213 atoms
Energy point    1/ 194
Energy point   10/ 194
Energy point   20/ 194
Energy point   30/ 194
Energy point   40/ 194
Energy point   50/ 194
Energy point   60/ 194
Energy point   70/ 194
Energy point   80/ 194
Energy point   90/ 194
Energy point  100/ 194
Energy point  110/ 194
Energy point  120/ 194
Energy point  130/ 194
Energy point  140/ 194
Energy point  150/ 194
Energy point  160/ 194
Energy point  170/ 194
Energy point  180/ 194
Energy point  190/ 194
Done with module: FMS.

MKGTR: Tracing over Green's function ...
Done with module: MKGTR.

Pathfinder: finding scattering paths...
Preparing plane wave scattering amplitudes
Searching for paths
Eliminating path degeneracies
0 paths retained.
Done with module: pathfinder.

Calculating EXAFS parameters ...
Done with module: EXAFS parameters (GENFMT).

Calculating XAS spectra ...
Done with module: XAS spectra (FF2X: DW + final sum over paths).

 
### feff ends at Mon Aug 14 06:07:45 EDT 2023
 
