### feff starts at Mon Aug 14 11:50:20 EDT 2023
### Serial version
### FeffPath is /sdcc/u/mcarbone/software/JFEFF/hsw/feff90/linux
 
Launching FEFF version FEFF 9.9.1
Core hole lifetime is   1.729 eV.
Your calculation:
 comment: None given
 Source:
 Structure Summary:  Li11 V12 Cu12 O48
 Reduced formula:  Li11V12(CuO4)12
 space group: (C2/m), space number:  (12)
 abc: 10.223357  10.223357  10.657597
 angles: 77.317426  77.317426 117.543385
 sites: 83
Cu K edge XANES using RPA corehole.
Using:     * Self-Consistent Field potentials
Using cards:   ATOMS CONTROL EXCHANGE TITLE RPATH POTENTIALS XANES EDGE SCF FMS S02 COREHOLE EGRID

Calculating atomic potentials ...
    overlapped atomic potential and density for unique potential    0
    overlapped atomic potential and density for unique potential    1
    overlapped atomic potential and density for unique potential    2
    overlapped atomic potential and density for unique potential    3
    overlapped atomic potential and density for unique potential    4
Done with module: atomic potentials.

Calculating SCF potentials ...
FEFF-serial using 1 thread.
Muffin tin radii and interstitial parameters [bohr]:
type, norman radius, muffin tin, overlap factor
    0  1.31379E+00  1.23316E+00  1.15000E+00
    1  1.34631E+00  1.29311E+00  1.10619E+00
    2  1.30836E+00  1.09408E+00  1.15000E+00
    3  1.31379E+00  1.23316E+00  1.15000E+00
    4  1.09762E+00  1.01275E+00  1.15000E+00
Core-valence separation energy:  ecv=   -57.000 eV
Initial Fermi level:              mu=     0.975 eV
SCF ITERATION NUMBER  1
     point #   1  energy = -57.000
FMS for a cluster of  142 atoms around atom type   0
FMS for a cluster of  134 atoms around atom type   1
FMS for a cluster of  127 atoms around atom type   2
FMS for a cluster of  137 atoms around atom type   3
FMS for a cluster of  134 atoms around atom type   4
     point #  20  energy = -45.530
     point #  40  energy = -25.280
     point #  60  energy =  -7.164
     point #  80  energy =  -6.361
New Fermi level:    mu=  -5.838 eV  Charge distance=  1.6326 (partial c.d.=  7.9153)
SCF ITERATION NUMBER  1
     point #   1  energy = -57.000
FMS for a cluster of  142 atoms around atom type   0
FMS for a cluster of  134 atoms around atom type   1
FMS for a cluster of  127 atoms around atom type   2
FMS for a cluster of  137 atoms around atom type   3
FMS for a cluster of  134 atoms around atom type   4
     point #  20  energy = -45.965
     point #  40  energy = -25.902
     point #  60  energy =  -5.838
     point #  80  energy =  -5.879
     point # 100  energy =  -8.673
     point # 120  energy =  -7.923
     point # 140  energy =  -7.326
     point # 160  energy =  -7.076
New Fermi level:    mu=  -7.033 eV  Charge distance=  0.6746 (partial c.d.=  8.4538)
SCF ITERATION NUMBER  1
     point #   1  energy = -57.000
FMS for a cluster of  142 atoms around atom type   0
FMS for a cluster of  134 atoms around atom type   1
FMS for a cluster of  127 atoms around atom type   2
FMS for a cluster of  137 atoms around atom type   3
FMS for a cluster of  134 atoms around atom type   4
     point #  20  energy = -45.783
     point #  40  energy = -25.388
     point #  60  energy =  -7.033
     point #  80  energy =  -7.124
     point # 100  energy =  -9.227
     point # 120  energy =  -8.536
     point # 140  energy =  -8.049
     point # 160  energy =  -7.799
     point # 180  energy =  -7.549
     point # 200  energy =  -7.299
New Fermi level:    mu=  -7.183 eV  Charge distance=  0.3652 (partial c.d.=  0.7854)
negative density   1  -38.598 - usually harmless precision error, but check DOS if it persists
SCF ITERATION NUMBER  2
     point #   1  energy = -57.000
     point #  20  energy = -45.816
     point #  40  energy = -25.483
     point #  60  energy =  -7.183
     point #  80  energy =  -7.273
     point # 100  energy =  -9.511
     point # 120  energy =  -9.314
     point # 140  energy =  -9.064
New Fermi level:    mu=  -9.049 eV  Charge distance=  0.2114 (partial c.d.=  1.1428)
negative density   1   -1.386 - usually harmless precision error, but check DOS if it persists
SCF ITERATION NUMBER  3
     point #   1  energy = -57.000
     point #  20  energy = -45.777
     point #  40  energy = -25.373
     point #  60  energy =  -9.049
     point #  80  energy =  -8.868
New Fermi level:    mu=  -8.767 eV  Charge distance=  0.2337 (partial c.d.=  1.8251)
negative density   1  -10.450 - usually harmless precision error, but check DOS if it persists
SCF ITERATION NUMBER  4
     point #   1  energy = -57.000
     point #  20  energy = -45.947
     point #  40  energy = -25.849
     point #  60  energy =  -8.767
     point #  80  energy =  -8.935
     point # 100  energy =  -9.485
New Fermi level:    mu=  -9.347 eV  Charge distance=  0.0385 (partial c.d.=  2.5301)
SCF ITERATION NUMBER  5
     point #   1  energy = -57.000
     point #  20  energy = -45.847
     point #  40  energy = -25.569
     point #  60  energy =  -9.347
     point #  80  energy =  -9.588
     point # 100  energy =  -9.903
New Fermi level:    mu=  -9.978 eV  Charge distance=  0.1944 (partial c.d.=  0.0478)
SCF ITERATION NUMBER  6
     point #   1  energy = -57.000
     point #  20  energy = -45.756
     point #  40  energy = -25.312
     point #  60  energy =  -9.978
     point #  80  energy =  -9.866
New Fermi level:    mu=  -9.681 eV  Charge distance=  0.0477 (partial c.d.=  0.5893)
SCF ITERATION NUMBER  7
     point #   1  energy = -57.000
     point #  20  energy = -45.925
     point #  40  energy = -25.789
     point #  60  energy =  -9.681
     point #  80  energy =  -9.499
New Fermi level:    mu=  -9.075 eV  Charge distance=  0.0142 (partial c.d.=  0.2782)
SCF ITERATION NUMBER  8
     point #   1  energy = -57.000
     point #  20  energy = -45.784
     point #  40  energy = -25.390
     point #  60  energy =  -9.075
New Fermi level:    mu=  -9.055 eV  Charge distance=  0.0217 (partial c.d.=  0.0246)
SCF ITERATION NUMBER  9
     point #   1  energy = -57.000
     point #  20  energy = -45.779
     point #  40  energy = -25.376
     point #  60  energy =  -9.055
New Fermi level:    mu=  -9.039 eV  Charge distance=  0.0048 (partial c.d.=  0.0710)
SCF ITERATION NUMBER 10
     point #   1  energy = -57.000
     point #  20  energy = -45.775
     point #  40  energy = -25.366
     point #  60  energy =  -9.039
New Fermi level:    mu=  -9.031 eV  Charge distance=  0.0044 (partial c.d.=  0.0444)
SCF ITERATION NUMBER 11
     point #   1  energy = -57.000
     point #  20  energy = -45.773
     point #  40  energy = -25.361
     point #  60  energy =  -9.031
New Fermi level:    mu=  -9.033 eV  Charge distance=  0.0052 (partial c.d.=  0.0182)
SCF ITERATION NUMBER 12
     point #   1  energy = -57.000
     point #  20  energy = -45.774
     point #  40  energy = -25.362
     point #  60  energy =  -9.033
New Fermi level:    mu=  -9.024 eV  Charge distance=  0.0011 (partial c.d.=  0.0222)
SCF ITERATION NUMBER 13
     point #   1  energy = -57.000
     point #  20  energy = -45.772
     point #  40  energy = -25.356
     point #  60  energy =  -9.024
New Fermi level:    mu=  -9.022 eV  Charge distance=  0.0007 (partial c.d.=  0.0065)
SCF ITERATION NUMBER 14
     point #   1  energy = -57.000
     point #  20  energy = -45.771
     point #  40  energy = -25.355
     point #  60  energy =  -9.022
New Fermi level:    mu=  -9.020 eV  Charge distance=  0.0005 (partial c.d.=  0.0021)
SCF ITERATION NUMBER 15
     point #   1  energy = -57.000
     point #  20  energy = -45.771
     point #  40  energy = -25.353
     point #  60  energy =  -9.020
New Fermi level:    mu=  -9.018 eV  Charge distance=  0.0003 (partial c.d.=  0.0005)
SCF ITERATION NUMBER 16
     point #   1  energy = -57.000
     point #  20  energy = -45.770
     point #  40  energy = -25.352
     point #  60  energy =  -9.018
New Fermi level:    mu=  -9.017 eV  Charge distance=  0.0000 (partial c.d.=  0.0005)
SCF ITERATION NUMBER 17
     point #   1  energy = -57.000
     point #  20  energy = -45.770
     point #  40  energy = -25.352
     point #  60  energy =  -9.017
New Fermi level:    mu=  -9.018 eV  Charge distance=  0.0000 (partial c.d.=  0.0001)
Electronic configuration
  type     l     N_el
     0     0    0.442
     0     1    0.535
     0     2    9.459
     0     3    0.000
     1     0    2.210
     1     1    0.457
     1     2    0.000
     1     3    0.000
     2     0    0.485
     2     1    6.680
     2     2    3.522
     2     3    0.000
     3     0    0.442
     3     1    0.536
     3     2    9.458
     3     3    0.000
     4     0    1.847
     4     1    4.367
     4     2    0.081
     4     3    0.000
Charge transfer:  type  charge
       0   -0.564
       1   -0.333
       2   -0.313
       3   -0.564
       4    0.296
Convergence reached in   17 iterations.
Done with module: potentials.

Calculating screened core-hole potential ...
FMS for a cluster of   26 atoms around iph =   0
    0% of energy integration
   20%
   40%
   60%
   80%
  100%
Preparing response function.
Computing (1 - K Chi0)^-1 v_ch
Done with module: screened core-hole potential.

Calculating cross-section and phases ...
    absorption cross section
 x0,dx,rnrm,inrm,jnrm   8.80000000000000       5.000000000000000E-002
   2.48269754800000              195         196
    phase shifts for unique potential    0
    phase shifts for unique potential    1
    phase shifts for unique potential    2
    phase shifts for unique potential    3
    phase shifts for unique potential    4
Done with module: cross-section and phases (XSPH).

FMS calculation of full Green's function ...
FEFF-serial using 1 thread.
Using   194 energy points.
xprep done
FMS for a cluster of  283 atoms
Energy point    1/ 194
Energy point   10/ 194
Energy point   20/ 194
Energy point   30/ 194
Energy point   40/ 194
Energy point   50/ 194
Energy point   60/ 194
Energy point   70/ 194
Energy point   80/ 194
Energy point   90/ 194
Energy point  100/ 194
Energy point  110/ 194
Energy point  120/ 194
Energy point  130/ 194
Energy point  140/ 194
Energy point  150/ 194
Energy point  160/ 194
Energy point  170/ 194
Energy point  180/ 194
Energy point  190/ 194
Done with module: FMS.

MKGTR: Tracing over Green's function ...
Done with module: MKGTR.

Pathfinder: finding scattering paths...
Preparing plane wave scattering amplitudes
Searching for paths
Eliminating path degeneracies
0 paths retained.
Done with module: pathfinder.

Calculating EXAFS parameters ...
Done with module: EXAFS parameters (GENFMT).

Calculating XAS spectra ...
Done with module: XAS spectra (FF2X: DW + final sum over paths).

 
### feff ends at Mon Aug 14 14:56:38 EDT 2023
 
