### feff starts at Sun Aug 13 20:49:08 EDT 2023
### Serial version
### FeffPath is /sdcc/u/mcarbone/software/JFEFF/hsw/feff90/linux
 
Launching FEFF version FEFF 9.9.1
Core hole lifetime is   1.729 eV.
Your calculation:
 comment: None given
 Source:
 Structure Summary:  Li12 Cu18 C18 O54
 Reduced formula:  Li2Cu3(CO3)3
 space group: (P1), space number:  (1)
 abc: 14.241981  14.257771   6.277681
 angles: 89.445115  90.524171 120.265322
 sites: 102
Cu K edge XANES using RPA corehole.
Using:     * Self-Consistent Field potentials
Using cards:   ATOMS CONTROL EXCHANGE TITLE RPATH POTENTIALS XANES EDGE SCF FMS S02 COREHOLE EGRID

Calculating atomic potentials ...
    overlapped atomic potential and density for unique potential    0
    overlapped atomic potential and density for unique potential    1
    overlapped atomic potential and density for unique potential    2
    overlapped atomic potential and density for unique potential    3
    overlapped atomic potential and density for unique potential    4
Done with module: atomic potentials.

Calculating SCF potentials ...
FEFF-serial using 1 thread.
Muffin tin radii and interstitial parameters [bohr]:
type, norman radius, muffin tin, overlap factor
    0  1.38158E+00  1.31843E+00  1.12581E+00
    1  1.36570E+00  1.31073E+00  1.10847E+00
    2  1.38552E+00  1.32311E+00  1.12368E+00
    3  9.25639E-01  7.12609E-01  1.15000E+00
    4  1.01227E+00  8.49315E-01  1.15000E+00
Core-valence separation energy:  ecv=   -40.000 eV
Initial Fermi level:              mu=     7.322 eV
SCF ITERATION NUMBER  1
     point #   1  energy = -40.000
FMS for a cluster of  127 atoms around atom type   0
FMS for a cluster of  118 atoms around atom type   1
FMS for a cluster of  122 atoms around atom type   2
FMS for a cluster of  129 atoms around atom type   3
FMS for a cluster of  136 atoms around atom type   4
     point #  20  energy = -28.908
     point #  40  energy =  -8.658
     point #  60  energy =  -3.545
New Fermi level:    mu=  -3.388 eV  Charge distance=  0.5499 (partial c.d.=  6.9450)
SCF ITERATION NUMBER  1
     point #   1  energy = -40.000
FMS for a cluster of  127 atoms around atom type   0
FMS for a cluster of  118 atoms around atom type   1
FMS for a cluster of  122 atoms around atom type   2
FMS for a cluster of  129 atoms around atom type   3
FMS for a cluster of  136 atoms around atom type   4
     point #  20  energy = -28.813
     point #  40  energy =  -8.473
     point #  60  energy =  -3.388
     point #  80  energy =  -4.966
     point # 100  energy =  -7.810
New Fermi level:    mu=  -7.325 eV  Charge distance=  0.1680 (partial c.d.=  3.1635)
SCF ITERATION NUMBER  1
     point #   1  energy = -40.000
FMS for a cluster of  127 atoms around atom type   0
FMS for a cluster of  118 atoms around atom type   1
FMS for a cluster of  122 atoms around atom type   2
FMS for a cluster of  129 atoms around atom type   3
FMS for a cluster of  136 atoms around atom type   4
     point #  20  energy = -28.768
     point #  40  energy =  -8.346
     point #  60  energy =  -7.285
     point #  80  energy =  -6.644
New Fermi level:    mu=  -6.648 eV  Charge distance=  0.0570 (partial c.d.=  0.3632)
SCF ITERATION NUMBER  2
     point #   1  energy = -40.000
     point #  20  energy = -28.883
     point #  40  energy =  -8.670
     point #  60  energy =  -6.636
New Fermi level:    mu=  -6.303 eV  Charge distance=  0.1098 (partial c.d.=  0.1735)
SCF ITERATION NUMBER  3
     point #   1  energy = -40.000
     point #  20  energy = -28.768
     point #  40  energy =  -8.346
     point #  60  energy =  -6.328
New Fermi level:    mu=  -6.416 eV  Charge distance=  0.0644 (partial c.d.=  0.0837)
SCF ITERATION NUMBER  4
     point #   1  energy = -40.000
     point #  20  energy = -28.805
     point #  40  energy =  -8.451
     point #  60  energy =  -6.391
New Fermi level:    mu=  -6.346 eV  Charge distance=  0.0177 (partial c.d.=  0.0762)
SCF ITERATION NUMBER  5
     point #   1  energy = -40.000
     point #  20  energy = -28.782
     point #  40  energy =  -8.386
     point #  60  energy =  -6.371
New Fermi level:    mu=  -6.392 eV  Charge distance=  0.0033 (partial c.d.=  0.0211)
SCF ITERATION NUMBER  6
     point #   1  energy = -40.000
     point #  20  energy = -28.797
     point #  40  energy =  -8.429
New Fermi level:    mu=  -6.397 eV  Charge distance=  0.0049 (partial c.d.=  0.0044)
SCF ITERATION NUMBER  7
     point #   1  energy = -40.000
     point #  20  energy = -28.799
     point #  40  energy =  -8.433
New Fermi level:    mu=  -6.397 eV  Charge distance=  0.0018 (partial c.d.=  0.0047)
SCF ITERATION NUMBER  8
     point #   1  energy = -40.000
     point #  20  energy = -28.799
     point #  40  energy =  -8.433
New Fermi level:    mu=  -6.392 eV  Charge distance=  0.0023 (partial c.d.=  0.0008)
SCF ITERATION NUMBER  9
     point #   1  energy = -40.000
     point #  20  energy = -28.797
     point #  40  energy =  -8.429
New Fermi level:    mu=  -6.385 eV  Charge distance=  0.0003 (partial c.d.=  0.0007)
SCF ITERATION NUMBER 10
     point #   1  energy = -40.000
     point #  20  energy = -28.795
     point #  40  energy =  -8.422
New Fermi level:    mu=  -6.384 eV  Charge distance=  0.0001 (partial c.d.=  0.0005)
SCF ITERATION NUMBER 11
     point #   1  energy = -40.000
     point #  20  energy = -28.795
     point #  40  energy =  -8.421
New Fermi level:    mu=  -6.384 eV  Charge distance=  0.0001 (partial c.d.=  0.0002)
Electronic configuration
  type     l     N_el
     0     0    0.495
     0     1    0.661
     0     2    9.559
     0     3    0.000
     1     0    0.258
     1     1    0.530
     1     2    0.000
     1     3    0.000
     2     0    0.500
     2     1    0.661
     2     2    9.563
     2     3    0.000
     3     0    1.101
     3     1    2.191
     3     2    0.418
     3     3    0.000
     4     0    1.810
     4     1    4.313
     4     2    0.112
     4     3    0.000
Charge transfer:  type  charge
       0   -0.285
       1   -0.212
       2   -0.275
       3   -0.289
       4    0.235
Convergence reached in   11 iterations.
Done with module: potentials.

Calculating screened core-hole potential ...
FMS for a cluster of   24 atoms around iph =   0
    0% of energy integration
   20%
   40%
   60%
   80%
  100%
Preparing response function.
Computing (1 - K Chi0)^-1 v_ch
Done with module: screened core-hole potential.

Calculating cross-section and phases ...
    absorption cross section
 x0,dx,rnrm,inrm,jnrm   8.80000000000000       5.000000000000000E-002
   2.61080197100002              196         197
    phase shifts for unique potential    0
    phase shifts for unique potential    1
    phase shifts for unique potential    2
    phase shifts for unique potential    3
    phase shifts for unique potential    4
Done with module: cross-section and phases (XSPH).

FMS calculation of full Green's function ...
FEFF-serial using 1 thread.
Using   194 energy points.
xprep done
FMS for a cluster of  287 atoms
Energy point    1/ 194
Energy point   10/ 194
Energy point   20/ 194
Energy point   30/ 194
Energy point   40/ 194
Energy point   50/ 194
Energy point   60/ 194
Energy point   70/ 194
Energy point   80/ 194
Energy point   90/ 194
Energy point  100/ 194
Energy point  110/ 194
Energy point  120/ 194
Energy point  130/ 194
Energy point  140/ 194
Energy point  150/ 194
Energy point  160/ 194
Energy point  170/ 194
Energy point  180/ 194
Energy point  190/ 194
Done with module: FMS.

MKGTR: Tracing over Green's function ...
Done with module: MKGTR.

Pathfinder: finding scattering paths...
Preparing plane wave scattering amplitudes
Searching for paths
Eliminating path degeneracies
0 paths retained.
Done with module: pathfinder.

Calculating EXAFS parameters ...
Done with module: EXAFS parameters (GENFMT).

Calculating XAS spectra ...
Done with module: XAS spectra (FF2X: DW + final sum over paths).

 
### feff ends at Sun Aug 13 23:02:21 EDT 2023
 
