### feff starts at Sun Aug 13 16:45:41 EDT 2023
### Serial version
### FeffPath is /sdcc/u/mcarbone/software/JFEFF/hsw/feff90/linux
 
Launching FEFF version FEFF 9.9.1
Core hole lifetime is   1.729 eV.
Your calculation:
 comment: None given
 Source:
 Structure Summary:  Mg2 Cu4 O8
 Reduced formula:  Mg(CuO2)2
 space group: (C2/m), space number:  (12)
 abc:  5.959101   5.959101   5.871340
 angles: 60.677326  60.677326  59.082169
 sites: 14
Cu K edge XANES using RPA corehole.
Using:     * Self-Consistent Field potentials
Using cards:   ATOMS CONTROL EXCHANGE TITLE RPATH POTENTIALS XANES EDGE SCF FMS S02 COREHOLE EGRID

Calculating atomic potentials ...
    overlapped atomic potential and density for unique potential    0
    overlapped atomic potential and density for unique potential    1
    overlapped atomic potential and density for unique potential    2
    overlapped atomic potential and density for unique potential    3
Done with module: atomic potentials.

Calculating SCF potentials ...
FEFF-serial using 1 thread.
Muffin tin radii and interstitial parameters [bohr]:
type, norman radius, muffin tin, overlap factor
    0  1.29432E+00  1.22819E+00  1.14369E+00
    1  1.44146E+00  1.28527E+00  1.15000E+00
    2  1.28759E+00  1.21369E+00  1.15000E+00
    3  1.12372E+00  1.04480E+00  1.15000E+00
Core-valence separation energy:  ecv=   -40.000 eV
Initial Fermi level:              mu=     0.293 eV
SCF ITERATION NUMBER  1
     point #   1  energy = -40.000
FMS for a cluster of  143 atoms around atom type   0
FMS for a cluster of  129 atoms around atom type   1
FMS for a cluster of  143 atoms around atom type   2
FMS for a cluster of  142 atoms around atom type   3
     point #  20  energy = -28.904
     point #  40  energy =  -8.654
     point #  60  energy =  -3.426
     point #  80  energy =  -3.719
New Fermi level:    mu=  -3.721 eV  Charge distance=  0.7273 (partial c.d.=  7.4127)
SCF ITERATION NUMBER  1
     point #   1  energy = -40.000
FMS for a cluster of  143 atoms around atom type   0
FMS for a cluster of  129 atoms around atom type   1
FMS for a cluster of  143 atoms around atom type   2
FMS for a cluster of  142 atoms around atom type   3
     point #  20  energy = -28.915
     point #  40  energy =  -8.760
     point #  60  energy =  -3.721
     point #  80  energy =  -5.300
     point # 100  energy =  -9.353
New Fermi level:    mu=  -9.920 eV  Charge distance=  0.2257 (partial c.d.=  3.7649)
SCF ITERATION NUMBER  1
     point #   1  energy = -40.000
FMS for a cluster of  143 atoms around atom type   0
FMS for a cluster of  129 atoms around atom type   1
FMS for a cluster of  143 atoms around atom type   2
FMS for a cluster of  142 atoms around atom type   3
     point #  20  energy = -28.971
     point #  40  energy =  -9.920
     point #  60  energy =  -9.829
     point #  80  energy =  -8.829
New Fermi level:    mu=  -8.872 eV  Charge distance=  0.0695 (partial c.d.=  1.0532)
SCF ITERATION NUMBER  2
     point #   1  energy = -40.000
     point #  20  energy = -28.955
     point #  40  energy =  -8.872
     point #  60  energy =  -8.941
New Fermi level:    mu=  -9.169 eV  Charge distance=  0.0854 (partial c.d.=  0.2975)
SCF ITERATION NUMBER  3
     point #   1  energy = -40.000
     point #  20  energy = -28.695
     point #  40  energy =  -9.169
     point #  60  energy =  -9.079
New Fermi level:    mu=  -8.822 eV  Charge distance=  0.2382 (partial c.d.=  3.9019)
SCF ITERATION NUMBER  4
     point #   1  energy = -40.000
     point #  20  energy = -28.937
     point #  40  energy =  -8.822
     point #  60  energy =  -8.891
New Fermi level:    mu=  -9.042 eV  Charge distance=  0.0407 (partial c.d.=  4.5298)
SCF ITERATION NUMBER  5
     point #   1  energy = -40.000
     point #  20  energy = -29.015
     point #  40  energy =  -9.042
     point #  60  energy =  -9.082
New Fermi level:    mu=  -9.410 eV  Charge distance=  0.0386 (partial c.d.=  0.6427)
SCF ITERATION NUMBER  6
     point #   1  energy = -40.000
     point #  20  energy = -28.784
     point #  40  energy =  -9.410
     point #  60  energy =  -9.313
New Fermi level:    mu=  -9.231 eV  Charge distance=  0.0036 (partial c.d.=  0.5219)
SCF ITERATION NUMBER  7
     point #   1  energy = -40.000
     point #  20  energy = -28.718
     point #  40  energy =  -9.231
New Fermi level:    mu=  -9.233 eV  Charge distance=  0.1956 (partial c.d.=  0.0075)
SCF ITERATION NUMBER  8
     point #   1  energy = -40.000
     point #  20  energy = -28.719
     point #  40  energy =  -9.233
     point #  60  energy =  -9.136
New Fermi level:    mu=  -8.979 eV  Charge distance=  0.1399 (partial c.d.=  2.8997)
SCF ITERATION NUMBER  9
     point #   1  energy = -40.000
     point #  20  energy = -28.992
     point #  40  energy =  -8.979
     point #  60  energy =  -9.019
New Fermi level:    mu=  -9.306 eV  Charge distance=  0.1019 (partial c.d.=  1.3195)
SCF ITERATION NUMBER 10
     point #   1  energy = -40.000
     point #  20  energy = -28.746
     point #  40  energy =  -9.306
New Fermi level:    mu=  -9.273 eV  Charge distance=  0.0529 (partial c.d.=  1.6789)
SCF ITERATION NUMBER 11
     point #   1  energy = -40.000
     point #  20  energy = -28.734
     point #  40  energy =  -9.273
     point #  60  energy =  -9.336
New Fermi level:    mu=  -9.349 eV  Charge distance=  0.0947 (partial c.d.=  0.1933)
SCF ITERATION NUMBER 12
     point #   1  energy = -40.000
     point #  20  energy = -28.761
     point #  40  energy =  -9.349
     point #  60  energy =  -9.252
New Fermi level:    mu=  -9.137 eV  Charge distance=  0.0624 (partial c.d.=  1.8773)
SCF ITERATION NUMBER 13
     point #   1  energy = -40.000
     point #  20  energy = -28.684
     point #  40  energy =  -9.137
     point #  60  energy =  -9.200
New Fermi level:    mu=  -9.294 eV  Charge distance=  0.0070 (partial c.d.=  1.4779)
SCF ITERATION NUMBER 14
     point #   1  energy = -40.000
     point #  20  energy = -28.741
     point #  40  energy =  -9.294
New Fermi level:    mu=  -9.272 eV  Charge distance=  0.0152 (partial c.d.=  0.0536)
SCF ITERATION NUMBER 15
     point #   1  energy = -40.000
     point #  20  energy = -28.733
     point #  40  energy =  -9.272
New Fermi level:    mu=  -9.232 eV  Charge distance=  0.0057 (partial c.d.=  0.1951)
SCF ITERATION NUMBER 16
     point #   1  energy = -40.000
     point #  20  energy = -28.718
     point #  40  energy =  -9.232
New Fermi level:    mu=  -9.251 eV  Charge distance=  0.0010 (partial c.d.=  0.0897)
SCF ITERATION NUMBER 17
     point #   1  energy = -40.000
     point #  20  energy = -28.725
     point #  40  energy =  -9.251
New Fermi level:    mu=  -9.250 eV  Charge distance=  0.0029 (partial c.d.=  0.0052)
SCF ITERATION NUMBER 18
     point #   1  energy = -40.000
     point #  20  energy = -28.725
     point #  40  energy =  -9.250
New Fermi level:    mu=  -9.245 eV  Charge distance=  0.0001 (partial c.d.=  0.0168)
SCF ITERATION NUMBER 19
     point #   1  energy = -40.000
     point #  20  energy = -28.723
     point #  40  energy =  -9.245
New Fermi level:    mu=  -9.245 eV  Charge distance=  0.0001 (partial c.d.=  0.0031)
SCF ITERATION NUMBER 20
     point #   1  energy = -40.000
     point #  20  energy = -28.723
     point #  40  energy =  -9.245
New Fermi level:    mu=  -9.245 eV  Charge distance=  0.0004 (partial c.d.=  0.0025)
SCF ITERATION NUMBER 21
     point #   1  energy = -40.000
     point #  20  energy = -28.723
     point #  40  energy =  -9.245
New Fermi level:    mu=  -9.246 eV  Charge distance=  0.0000 (partial c.d.=  0.0070)
SCF ITERATION NUMBER 22
     point #   1  energy = -40.000
     point #  20  energy = -28.723
     point #  40  energy =  -9.246
New Fermi level:    mu=  -9.246 eV  Charge distance=  0.0000 (partial c.d.=  0.0007)
SCF ITERATION NUMBER 23
     point #   1  energy = -40.000
     point #  20  energy = -28.723
     point #  40  energy =  -9.246
New Fermi level:    mu=  -9.246 eV  Charge distance=  0.0000 (partial c.d.=  0.0004)
SCF ITERATION NUMBER 24
     point #   1  energy = -40.000
     point #  20  energy = -28.723
     point #  40  energy =  -9.246
New Fermi level:    mu=  -9.246 eV  Charge distance=  0.0000 (partial c.d.=  0.0004)
SCF ITERATION NUMBER 25
     point #   1  energy = -40.000
     point #  20  energy = -28.723
     point #  40  energy =  -9.246
New Fermi level:    mu=  -9.246 eV  Charge distance=  0.0000 (partial c.d.=  0.0000)
Electronic configuration
  type     l     N_el
     0     0    0.465
     0     1    0.632
     0     2    9.273
     0     3    0.000
     1     0    0.557
     1     1    0.857
     1     2    0.556
     1     3    0.000
     2     0    0.476
     2     1    0.637
     2     2    9.243
     2     3    0.000
     3     0    1.877
     3     1    4.392
     3     2    0.062
     3     3    0.000
Charge transfer:  type  charge
       0   -0.630
       1   -0.030
       2   -0.645
       3    0.331
Convergence reached in   25 iterations.
Done with module: potentials.

Calculating screened core-hole potential ...
FMS for a cluster of   27 atoms around iph =   0
    0% of energy integration
   20%
   40%
   60%
   80%
  100%
Preparing response function.
Computing (1 - K Chi0)^-1 v_ch
Done with module: screened core-hole potential.

Calculating cross-section and phases ...
    absorption cross section
 x0,dx,rnrm,inrm,jnrm   8.80000000000000       5.000000000000000E-002
   2.44591841999980              194         195
    phase shifts for unique potential    0
    phase shifts for unique potential    1
    phase shifts for unique potential    2
    phase shifts for unique potential    3
Done with module: cross-section and phases (XSPH).

FMS calculation of full Green's function ...
FEFF-serial using 1 thread.
Using   194 energy points.
xprep done
FMS for a cluster of  291 atoms
Energy point    1/ 194
Energy point   10/ 194
Energy point   20/ 194
Energy point   30/ 194
Energy point   40/ 194
Energy point   50/ 194
Energy point   60/ 194
Energy point   70/ 194
Energy point   80/ 194
Energy point   90/ 194
Energy point  100/ 194
Energy point  110/ 194
Energy point  120/ 194
Energy point  130/ 194
Energy point  140/ 194
Energy point  150/ 194
Energy point  160/ 194
Energy point  170/ 194
Energy point  180/ 194
Energy point  190/ 194
Done with module: FMS.

MKGTR: Tracing over Green's function ...
Done with module: MKGTR.

Pathfinder: finding scattering paths...
Preparing plane wave scattering amplitudes
Searching for paths
Eliminating path degeneracies
0 paths retained.
Done with module: pathfinder.

Calculating EXAFS parameters ...
Done with module: EXAFS parameters (GENFMT).

Calculating XAS spectra ...
Done with module: XAS spectra (FF2X: DW + final sum over paths).

 
### feff ends at Sun Aug 13 20:05:04 EDT 2023
 
