### feff starts at Sun Aug 13 20:38:02 EDT 2023
### Serial version
### FeffPath is /sdcc/u/mcarbone/software/JFEFF/hsw/feff90/linux
 
Launching FEFF version FEFF 9.9.1
Resetting lmaxsc to 2 for iph =    1.  Use  UNFREEZE to prevent this.
Resetting lmaxsc to 2 for iph =    2.  Use  UNFREEZE to prevent this.
Core hole lifetime is   1.729 eV.
Your calculation:
 comment: None given
 Source:
 Structure Summary:  Ba10 Er5 Cu15 O34
 Reduced formula:  Ba10Er5Cu15O34
 space group: (P-1), space number:  (2)
 abc:  8.622765   8.756985  12.532406
 angles:106.377832  98.231038  88.833876
 sites: 64
Cu K edge XANES using RPA corehole.
Using:     * Self-Consistent Field potentials
Using cards:   ATOMS CONTROL EXCHANGE TITLE RPATH POTENTIALS XANES EDGE SCF FMS S02 COREHOLE EGRID

Calculating atomic potentials ...
    overlapped atomic potential and density for unique potential    0
    overlapped atomic potential and density for unique potential    1
    overlapped atomic potential and density for unique potential    2
    overlapped atomic potential and density for unique potential    3
    overlapped atomic potential and density for unique potential    4
Done with module: atomic potentials.

Calculating SCF potentials ...
FEFF-serial using 1 thread.
Muffin tin radii and interstitial parameters [bohr]:
type, norman radius, muffin tin, overlap factor
    0  1.28061E+00  1.16353E+00  1.15000E+00
    1  1.99994E+00  1.94219E+00  1.07454E+00
    2  1.69681E+00  1.61847E+00  1.12732E+00
    3  1.28885E+00  1.13389E+00  1.15000E+00
    4  1.13850E+00  1.08765E+00  1.12247E+00
Core-valence separation energy:  ecv=   -41.500 eV
Initial Fermi level:              mu=    -2.699 eV
SCF ITERATION NUMBER  1
     point #   1  energy = -41.500
FMS for a cluster of  107 atoms around atom type   0
FMS for a cluster of  100 atoms around atom type   1
FMS for a cluster of   66 atoms around atom type   2
FMS for a cluster of   94 atoms around atom type   3
FMS for a cluster of   98 atoms around atom type   4
     point #  20  energy = -30.294
     point #  40  energy = -10.044
     point #  60  energy =  -5.566
New Fermi level:    mu=  -5.531 eV  Charge distance=  0.7695 (partial c.d.=  6.4910)
SCF ITERATION NUMBER  1
     point #   1  energy = -41.500
FMS for a cluster of  107 atoms around atom type   0
FMS for a cluster of  100 atoms around atom type   1
FMS for a cluster of   66 atoms around atom type   2
FMS for a cluster of   94 atoms around atom type   3
FMS for a cluster of   98 atoms around atom type   4
     point #  20  energy = -30.509
     point #  40  energy = -10.526
     point #  60  energy =  -5.531
     point #  80  energy =  -7.109
     point # 100  energy = -10.937
     point # 120  energy = -11.562
New Fermi level:    mu= -11.622 eV  Charge distance=  0.2068 (partial c.d.=  3.9205)
SCF ITERATION NUMBER  1
     point #   1  energy = -41.500
FMS for a cluster of  107 atoms around atom type   0
FMS for a cluster of  100 atoms around atom type   1
FMS for a cluster of   66 atoms around atom type   2
FMS for a cluster of   94 atoms around atom type   3
FMS for a cluster of   98 atoms around atom type   4
     point #  20  energy = -30.545
     point #  40  energy = -11.622
     point #  60  energy = -11.531
     point #  80  energy = -10.047
     point # 100  energy = -10.116
New Fermi level:    mu= -10.104 eV  Charge distance=  0.1603 (partial c.d.=  0.5506)
SCF ITERATION NUMBER  2
     point #   1  energy = -41.500
     point #  20  energy = -30.360
     point #  40  energy = -10.104
     point #  60  energy = -10.064
New Fermi level:    mu=  -9.273 eV  Charge distance=  0.4670 (partial c.d.=  0.1397)
SCF ITERATION NUMBER  3
     point #   1  energy = -41.500
     point #  20  energy = -30.422
     point #  40  energy = -10.280
     point #  60  energy =  -9.232
New Fermi level:    mu=  -9.057 eV  Charge distance=  0.0312 (partial c.d.=  0.1572)
SCF ITERATION NUMBER  4
     point #   1  energy = -41.500
     point #  20  energy = -30.348
     point #  40  energy = -10.071
     point #  60  energy =  -9.094
New Fermi level:    mu=  -9.147 eV  Charge distance=  0.0428 (partial c.d.=  0.2254)
SCF ITERATION NUMBER  5
     point #   1  energy = -41.500
     point #  20  energy = -30.379
     point #  40  energy = -10.158
     point #  60  energy =  -9.184
New Fermi level:    mu=  -9.222 eV  Charge distance=  0.0272 (partial c.d.=  0.4646)
SCF ITERATION NUMBER  6
     point #   1  energy = -41.500
     point #  20  energy = -30.404
     point #  40  energy = -10.231
     point #  60  energy =  -9.260
New Fermi level:    mu=  -9.282 eV  Charge distance=  0.0041 (partial c.d.=  0.3178)
SCF ITERATION NUMBER  7
     point #   1  energy = -41.500
     point #  20  energy = -30.425
     point #  40  energy = -10.288
New Fermi level:    mu=  -9.278 eV  Charge distance=  0.0026 (partial c.d.=  0.0103)
SCF ITERATION NUMBER  8
     point #   1  energy = -41.500
     point #  20  energy = -30.424
     point #  40  energy = -10.285
New Fermi level:    mu=  -9.277 eV  Charge distance=  0.0060 (partial c.d.=  0.0057)
SCF ITERATION NUMBER  9
     point #   1  energy = -41.500
     point #  20  energy = -30.423
     point #  40  energy = -10.284
New Fermi level:    mu=  -9.270 eV  Charge distance=  0.0015 (partial c.d.=  0.0021)
SCF ITERATION NUMBER 10
     point #   1  energy = -41.500
     point #  20  energy = -30.421
     point #  40  energy = -10.277
New Fermi level:    mu=  -9.268 eV  Charge distance=  0.0003 (partial c.d.=  0.0016)
SCF ITERATION NUMBER 11
     point #   1  energy = -41.500
     point #  20  energy = -30.420
     point #  40  energy = -10.275
New Fermi level:    mu=  -9.268 eV  Charge distance=  0.0006 (partial c.d.=  0.0003)
SCF ITERATION NUMBER 12
     point #   1  energy = -41.500
     point #  20  energy = -30.420
     point #  40  energy = -10.275
New Fermi level:    mu=  -9.269 eV  Charge distance=  0.0001 (partial c.d.=  0.0002)
Electronic configuration
  type     l     N_el
     0     0    0.531
     0     1    0.642
     0     2    9.316
     0     3    0.000
     1     0    2.230
     1     1    6.270
     1     2    0.915
     1     3    0.000
     2     0    0.392
     2     1    6.545
     2     2    1.312
     2     3    0.000
     3     0    0.569
     3     1    0.673
     3     2    9.312
     3     3    0.000
     4     0    1.872
     4     1    4.553
     4     2    0.055
     4     3    0.000
Charge transfer:  type  charge
       0   -0.511
       1   -0.584
       2   -0.752
       3   -0.447
       4    0.480
Convergence reached in   12 iterations.
Done with module: potentials.

Calculating screened core-hole potential ...
FMS for a cluster of   17 atoms around iph =   0
    0% of energy integration
   20%
   40%
   60%
   80%
  100%
Preparing response function.
Computing (1 - K Chi0)^-1 v_ch
Done with module: screened core-hole potential.

Calculating cross-section and phases ...
    absorption cross section
 x0,dx,rnrm,inrm,jnrm   8.80000000000000       5.000000000000000E-002
   2.41999479400013              194         195
    phase shifts for unique potential    0
    phase shifts for unique potential    1
    phase shifts for unique potential    2
    phase shifts for unique potential    3
    phase shifts for unique potential    4
Done with module: cross-section and phases (XSPH).

FMS calculation of full Green's function ...
FEFF-serial using 1 thread.
Using   194 energy points.
xprep done
FMS for a cluster of  239 atoms
Energy point    1/ 194
Energy point   10/ 194
Energy point   20/ 194
Energy point   30/ 194
Energy point   40/ 194
Energy point   50/ 194
Energy point   60/ 194
Energy point   70/ 194
Energy point   80/ 194
Energy point   90/ 194
Energy point  100/ 194
Energy point  110/ 194
Energy point  120/ 194
Energy point  130/ 194
Energy point  140/ 194
Energy point  150/ 194
Energy point  160/ 194
Energy point  170/ 194
Energy point  180/ 194
Energy point  190/ 194
Done with module: FMS.

MKGTR: Tracing over Green's function ...
Done with module: MKGTR.

Pathfinder: finding scattering paths...
Preparing plane wave scattering amplitudes
Searching for paths
Eliminating path degeneracies
0 paths retained.
Done with module: pathfinder.

Calculating EXAFS parameters ...
Done with module: EXAFS parameters (GENFMT).

Calculating XAS spectra ...
Done with module: XAS spectra (FF2X: DW + final sum over paths).

 
### feff ends at Sun Aug 13 22:02:00 EDT 2023
 
