### feff starts at Sun Aug 13 21:28:24 EDT 2023
### Serial version
### FeffPath is /sdcc/u/mcarbone/software/JFEFF/hsw/feff90/linux
 
Launching FEFF version FEFF 9.9.1
Core hole lifetime is   1.729 eV.
Your calculation:
 comment: None given
 Source:
 Structure Summary:  Li4 Cu2 P2 O8
 Reduced formula:  Li2CuPO4
 space group: (Pm), space number:  (6)
 abc:  6.157124   5.052244   5.451301
 angles: 89.646667  90.000000  90.000000
 sites: 16
Cu K edge XANES using RPA corehole.
Using:     * Self-Consistent Field potentials
Using cards:   ATOMS CONTROL EXCHANGE TITLE RPATH POTENTIALS XANES EDGE SCF FMS S02 COREHOLE EGRID

Calculating atomic potentials ...
    overlapped atomic potential and density for unique potential    0
    overlapped atomic potential and density for unique potential    1
    overlapped atomic potential and density for unique potential    2
    overlapped atomic potential and density for unique potential    3
    overlapped atomic potential and density for unique potential    4
Done with module: atomic potentials.

Calculating SCF potentials ...
FEFF-serial using 1 thread.
Muffin tin radii and interstitial parameters [bohr]:
type, norman radius, muffin tin, overlap factor
    0  1.39220E+00  1.33245E+00  1.11685E+00
    1  1.33224E+00  1.27380E+00  1.11987E+00
    2  1.39220E+00  1.33245E+00  1.11685E+00
    3  1.15451E+00  9.44575E-01  1.15000E+00
    4  1.04039E+00  9.38427E-01  1.15000E+00
Core-valence separation energy:  ecv=   -40.000 eV
Initial Fermi level:              mu=     4.204 eV
SCF ITERATION NUMBER  1
     point #   1  energy = -40.000
FMS for a cluster of  136 atoms around atom type   0
FMS for a cluster of  130 atoms around atom type   1
FMS for a cluster of  128 atoms around atom type   2
FMS for a cluster of  132 atoms around atom type   3
FMS for a cluster of  138 atoms around atom type   4
     point #  20  energy = -28.925
     point #  40  energy =  -8.675
     point #  60  energy =  -4.391
New Fermi level:    mu=  -3.997 eV  Charge distance=  0.6041 (partial c.d.=  6.6786)
negative density   1 -190.781 - usually harmless precision error, but check DOS if it persists
SCF ITERATION NUMBER  1
     point #   1  energy = -40.000
FMS for a cluster of  136 atoms around atom type   0
FMS for a cluster of  130 atoms around atom type   1
FMS for a cluster of  128 atoms around atom type   2
FMS for a cluster of  132 atoms around atom type   3
FMS for a cluster of  138 atoms around atom type   4
     point #  20  energy = -28.999
     point #  40  energy =  -8.998
     point #  60  energy =  -3.997
     point #  80  energy =  -5.575
     point # 100  energy =  -8.385
     point # 120  energy =  -7.666
New Fermi level:    mu=  -7.659 eV  Charge distance=  0.1839 (partial c.d.=  3.4130)
negative density   1 -346.193 - usually harmless precision error, but check DOS if it persists
SCF ITERATION NUMBER  1
     point #   1  energy = -40.000
FMS for a cluster of  136 atoms around atom type   0
FMS for a cluster of  130 atoms around atom type   1
FMS for a cluster of  128 atoms around atom type   2
FMS for a cluster of  132 atoms around atom type   3
FMS for a cluster of  138 atoms around atom type   4
     point #  20  energy = -28.883
     point #  40  energy =  -8.670
     point #  60  energy =  -7.618
New Fermi level:    mu=  -7.174 eV  Charge distance=  0.1039 (partial c.d.=  0.3099)
negative density   1 -490.110 - usually harmless precision error, but check DOS if it persists
negative density   1  -28.742 - usually harmless precision error, but check DOS if it persists
SCF ITERATION NUMBER  2
     point #   1  energy = -40.000
     point #  20  energy = -28.716
     point #  40  energy =  -8.200
     point #  60  energy =  -7.134
New Fermi level:    mu=  -6.830 eV  Charge distance=  0.1888 (partial c.d.=  0.2102)
negative density   1 -844.388 - usually harmless precision error, but check DOS if it persists
negative density   1 -138.623 - usually harmless precision error, but check DOS if it persists
SCF ITERATION NUMBER  3
     point #   1  energy = -40.000
     point #  20  energy = -28.943
     point #  40  energy =  -8.840
     point #  60  energy =  -6.805
New Fermi level:    mu=  -6.807 eV  Charge distance=  0.1337 (partial c.d.=  0.0603)
negative density   1-1166.683 - usually harmless precision error, but check DOS if it persists
negative density   1 -238.742 - usually harmless precision error, but check DOS if it persists
negative density   1   -0.750 - usually harmless precision error, but check DOS if it persists
SCF ITERATION NUMBER  4
     point #   1  energy = -40.000
     point #  20  energy = -28.936
     point #  40  energy =  -8.819
     point #  60  energy =  -6.782
New Fermi level:    mu=  -6.738 eV  Charge distance=  0.0271 (partial c.d.=  0.0598)
negative density   1-1162.539 - usually harmless precision error, but check DOS if it persists
negative density   1 -237.527 - usually harmless precision error, but check DOS if it persists
negative density   1   -0.252 - usually harmless precision error, but check DOS if it persists
SCF ITERATION NUMBER  5
     point #   1  energy = -40.000
     point #  20  energy = -28.913
     point #  40  energy =  -8.754
     point #  60  energy =  -6.763
New Fermi level:    mu=  -6.798 eV  Charge distance=  0.0050 (partial c.d.=  0.0190)
negative density   1-1183.437 - usually harmless precision error, but check DOS if it persists
negative density   1 -244.146 - usually harmless precision error, but check DOS if it persists
negative density   1   -3.089 - usually harmless precision error, but check DOS if it persists
SCF ITERATION NUMBER  6
     point #   1  energy = -40.000
     point #  20  energy = -28.933
     point #  40  energy =  -8.811
New Fermi level:    mu=  -6.809 eV  Charge distance=  0.0087 (partial c.d.=  0.0048)
negative density   1-1202.527 - usually harmless precision error, but check DOS if it persists
negative density   1 -250.297 - usually harmless precision error, but check DOS if it persists
negative density   1   -5.747 - usually harmless precision error, but check DOS if it persists
SCF ITERATION NUMBER  7
     point #   1  energy = -40.000
     point #  20  energy = -28.936
     point #  40  energy =  -8.820
New Fermi level:    mu=  -6.816 eV  Charge distance=  0.0034 (partial c.d.=  0.0050)
negative density   1-1208.230 - usually harmless precision error, but check DOS if it persists
negative density   1 -252.195 - usually harmless precision error, but check DOS if it persists
negative density   1   -6.580 - usually harmless precision error, but check DOS if it persists
SCF ITERATION NUMBER  8
     point #   1  energy = -40.000
     point #  20  energy = -28.939
     point #  40  energy =  -8.827
New Fermi level:    mu=  -6.814 eV  Charge distance=  0.0065 (partial c.d.=  0.0008)
negative density   1-1221.263 - usually harmless precision error, but check DOS if it persists
negative density   1 -256.511 - usually harmless precision error, but check DOS if it persists
negative density   1   -8.470 - usually harmless precision error, but check DOS if it persists
SCF ITERATION NUMBER  9
     point #   1  energy = -40.000
     point #  20  energy = -28.938
     point #  40  energy =  -8.825
New Fermi level:    mu=  -6.808 eV  Charge distance=  0.0002 (partial c.d.=  0.0014)
negative density   1-1223.684 - usually harmless precision error, but check DOS if it persists
negative density   1 -257.287 - usually harmless precision error, but check DOS if it persists
negative density   1   -8.805 - usually harmless precision error, but check DOS if it persists
SCF ITERATION NUMBER 10
     point #   1  energy = -40.000
     point #  20  energy = -28.936
     point #  40  energy =  -8.819
New Fermi level:    mu=  -6.808 eV  Charge distance=  0.0002 (partial c.d.=  0.0000)
Electronic configuration
  type     l     N_el
     0     0    0.518
     0     1    0.622
     0     2    9.585
     0     3    0.000
     1     0    0.277
     1     1    0.571
     1     2    0.000
     1     3    0.000
     2     0    0.518
     2     1    0.622
     2     2    9.586
     2     3    0.000
     3     0    1.200
     3     1    2.048
     3     2    1.035
     3     3    0.000
     4     0    1.834
     4     1    4.424
     4     2    0.066
     4     3    0.000
Charge transfer:  type  charge
       0   -0.275
       1   -0.152
       2   -0.275
       3   -0.717
       4    0.325
Convergence reached in   10 iterations.
Done with module: potentials.

Calculating screened core-hole potential ...
FMS for a cluster of   27 atoms around iph =   0
    0% of energy integration
   20%
   40%
   60%
   80%
  100%
Preparing response function.
Computing (1 - K Chi0)^-1 v_ch
Done with module: screened core-hole potential.

Calculating cross-section and phases ...
    absorption cross section
 x0,dx,rnrm,inrm,jnrm   8.80000000000000       5.000000000000000E-002
   2.63087406600001              196         197
    phase shifts for unique potential    0
    phase shifts for unique potential    1
    phase shifts for unique potential    2
    phase shifts for unique potential    3
    phase shifts for unique potential    4
Done with module: cross-section and phases (XSPH).

FMS calculation of full Green's function ...
FEFF-serial using 1 thread.
Using   194 energy points.
xprep done
FMS for a cluster of  291 atoms
Energy point    1/ 194
Energy point   10/ 194
Energy point   20/ 194
Energy point   30/ 194
Energy point   40/ 194
Energy point   50/ 194
Energy point   60/ 194
Energy point   70/ 194
Energy point   80/ 194
Energy point   90/ 194
Energy point  100/ 194
Energy point  110/ 194
Energy point  120/ 194
Energy point  130/ 194
Energy point  140/ 194
Energy point  150/ 194
Energy point  160/ 194
Energy point  170/ 194
Energy point  180/ 194
Energy point  190/ 194
Done with module: FMS.

MKGTR: Tracing over Green's function ...
Done with module: MKGTR.

Pathfinder: finding scattering paths...
Preparing plane wave scattering amplitudes
Searching for paths
Eliminating path degeneracies
0 paths retained.
Done with module: pathfinder.

Calculating EXAFS parameters ...
Done with module: EXAFS parameters (GENFMT).

Calculating XAS spectra ...
Done with module: XAS spectra (FF2X: DW + final sum over paths).

 
### feff ends at Sun Aug 13 23:24:33 EDT 2023
 
