### feff starts at Mon Aug 14 05:20:13 EDT 2023
### Serial version
### FeffPath is /sdcc/u/mcarbone/software/JFEFF/hsw/feff90/linux
 
Launching FEFF version FEFF 9.9.1
Core hole lifetime is   1.729 eV.
Your calculation:
 comment: None given
 Source:
 Structure Summary:  Mg4 Ti8 Cu8 O32
 Reduced formula:  MgTi2(CuO4)2
 space group: (P2_1/c), space number:  (14)
 abc:  6.420971   8.356836  12.072660
 angles: 90.000000  91.589640  90.000000
 sites: 52
Cu K edge XANES using RPA corehole.
Using:     * Self-Consistent Field potentials
Using cards:   ATOMS CONTROL EXCHANGE TITLE RPATH POTENTIALS XANES EDGE SCF FMS S02 COREHOLE EGRID

Calculating atomic potentials ...
    overlapped atomic potential and density for unique potential    0
    overlapped atomic potential and density for unique potential    1
    overlapped atomic potential and density for unique potential    2
    overlapped atomic potential and density for unique potential    3
    overlapped atomic potential and density for unique potential    4
Done with module: atomic potentials.

Calculating SCF potentials ...
FEFF-serial using 1 thread.
Muffin tin radii and interstitial parameters [bohr]:
type, norman radius, muffin tin, overlap factor
    0  1.26669E+00  1.16967E+00  1.15000E+00
    1  1.43232E+00  1.35340E+00  1.15000E+00
    2  1.37436E+00  1.17111E+00  1.15000E+00
    3  1.26131E+00  1.14529E+00  1.15000E+00
    4  1.09631E+00  9.30414E-01  1.15000E+00
Core-valence separation energy:  ecv=   -55.000 eV
Initial Fermi level:              mu=     1.121 eV
SCF ITERATION NUMBER  1
     point #   1  energy = -55.000
FMS for a cluster of  120 atoms around atom type   0
FMS for a cluster of  112 atoms around atom type   1
FMS for a cluster of  109 atoms around atom type   2
FMS for a cluster of  113 atoms around atom type   3
FMS for a cluster of  118 atoms around atom type   4
     point #  20  energy = -43.799
     point #  40  energy = -23.549
     point #  60  energy =  -8.259
     point #  80  energy =  -6.331
New Fermi level:    mu=  -5.975 eV  Charge distance=  1.6088 (partial c.d.=  6.7506)
SCF ITERATION NUMBER  1
     point #   1  energy = -55.000
FMS for a cluster of  120 atoms around atom type   0
FMS for a cluster of  112 atoms around atom type   1
FMS for a cluster of  109 atoms around atom type   2
FMS for a cluster of  113 atoms around atom type   3
FMS for a cluster of  118 atoms around atom type   4
     point #  20  energy = -43.765
     point #  40  energy = -23.338
     point #  60  energy =  -5.975
     point #  80  energy =  -6.144
     point # 100  energy = -10.300
     point # 120  energy = -10.963
     point # 140  energy = -11.381
     point # 160  energy = -11.631
New Fermi level:    mu= -11.759 eV  Charge distance=  0.5000 (partial c.d.=  8.3498)
SCF ITERATION NUMBER  1
     point #   1  energy = -55.000
FMS for a cluster of  120 atoms around atom type   0
FMS for a cluster of  112 atoms around atom type   1
FMS for a cluster of  109 atoms around atom type   2
FMS for a cluster of  113 atoms around atom type   3
FMS for a cluster of  118 atoms around atom type   4
     point #  20  energy = -43.938
     point #  40  energy = -23.826
     point #  60  energy = -11.759
     point #  80  energy = -11.319
     point # 100  energy = -11.481
New Fermi level:    mu= -11.553 eV  Charge distance=  0.2890 (partial c.d.=  0.3833)
SCF ITERATION NUMBER  2
     point #   1  energy = -55.000
     point #  20  energy = -43.886
     point #  40  energy = -23.678
     point #  60  energy = -11.553
     point #  80  energy = -10.966
     point # 100  energy =  -9.913
New Fermi level:    mu=  -9.949 eV  Charge distance=  0.2538 (partial c.d.=  0.4881)
SCF ITERATION NUMBER  3
     point #   1  energy = -55.000
     point #  20  energy = -43.737
     point #  40  energy = -23.260
     point #  60  energy =  -9.949
     point #  80  energy =  -9.443
New Fermi level:    mu=  -8.749 eV  Charge distance=  0.2928 (partial c.d.=  2.4869)
SCF ITERATION NUMBER  4
     point #   1  energy = -55.000
     point #  20  energy = -43.940
     point #  40  energy = -23.831
     point #  60  energy =  -8.749
     point #  80  energy =  -9.074
New Fermi level:    mu=  -9.524 eV  Charge distance=  0.0389 (partial c.d.=  2.7391)
SCF ITERATION NUMBER  5
     point #   1  energy = -55.000
     point #  20  energy = -43.884
     point #  40  energy = -23.672
     point #  60  energy =  -9.524
     point #  80  energy =  -9.717
New Fermi level:    mu=  -9.721 eV  Charge distance=  0.1304 (partial c.d.=  0.0375)
SCF ITERATION NUMBER  6
     point #   1  energy = -55.000
     point #  20  energy = -43.932
     point #  40  energy = -23.808
     point #  60  energy =  -9.721
New Fermi level:    mu=  -9.805 eV  Charge distance=  0.0230 (partial c.d.=  0.7568)
SCF ITERATION NUMBER  7
     point #   1  energy = -55.000
     point #  20  energy = -43.952
     point #  40  energy = -23.866
     point #  60  energy =  -9.805
     point #  80  energy =  -9.465
New Fermi level:    mu=  -9.519 eV  Charge distance=  0.0139 (partial c.d.=  0.5165)
SCF ITERATION NUMBER  8
     point #   1  energy = -55.000
     point #  20  energy = -43.883
     point #  40  energy = -23.669
     point #  60  energy =  -9.519
New Fermi level:    mu=  -9.586 eV  Charge distance=  0.0415 (partial c.d.=  0.0938)
SCF ITERATION NUMBER  9
     point #   1  energy = -55.000
     point #  20  energy = -43.899
     point #  40  energy = -23.715
     point #  60  energy =  -9.586
New Fermi level:    mu=  -9.560 eV  Charge distance=  0.0183 (partial c.d.=  0.5944)
SCF ITERATION NUMBER 10
     point #   1  energy = -55.000
     point #  20  energy = -43.892
     point #  40  energy = -23.697
     point #  60  energy =  -9.560
New Fermi level:    mu=  -9.577 eV  Charge distance=  0.0081 (partial c.d.=  0.4467)
SCF ITERATION NUMBER 11
     point #   1  energy = -55.000
     point #  20  energy = -43.897
     point #  40  energy = -23.708
     point #  60  energy =  -9.577
New Fermi level:    mu=  -9.565 eV  Charge distance=  0.0130 (partial c.d.=  0.0572)
SCF ITERATION NUMBER 12
     point #   1  energy = -55.000
     point #  20  energy = -43.894
     point #  40  energy = -23.700
     point #  60  energy =  -9.565
New Fermi level:    mu=  -9.552 eV  Charge distance=  0.0008 (partial c.d.=  0.0948)
SCF ITERATION NUMBER 13
     point #   1  energy = -55.000
     point #  20  energy = -43.891
     point #  40  energy = -23.691
     point #  60  energy =  -9.552
New Fermi level:    mu=  -9.551 eV  Charge distance=  0.0014 (partial c.d.=  0.0307)
SCF ITERATION NUMBER 14
     point #   1  energy = -55.000
     point #  20  energy = -43.890
     point #  40  energy = -23.691
     point #  60  energy =  -9.551
New Fermi level:    mu=  -9.550 eV  Charge distance=  0.0029 (partial c.d.=  0.0077)
SCF ITERATION NUMBER 15
     point #   1  energy = -55.000
     point #  20  energy = -43.890
     point #  40  energy = -23.690
     point #  60  energy =  -9.550
New Fermi level:    mu=  -9.547 eV  Charge distance=  0.0001 (partial c.d.=  0.0161)
SCF ITERATION NUMBER 16
     point #   1  energy = -55.000
     point #  20  energy = -43.889
     point #  40  energy = -23.688
     point #  60  energy =  -9.547
New Fermi level:    mu=  -9.548 eV  Charge distance=  0.0004 (partial c.d.=  0.0015)
SCF ITERATION NUMBER 17
     point #   1  energy = -55.000
     point #  20  energy = -43.889
     point #  40  energy = -23.688
     point #  60  energy =  -9.548
New Fermi level:    mu=  -9.548 eV  Charge distance=  0.0002 (partial c.d.=  0.0003)
SCF ITERATION NUMBER 18
     point #   1  energy = -55.000
     point #  20  energy = -43.889
     point #  40  energy = -23.689
     point #  60  energy =  -9.548
New Fermi level:    mu=  -9.548 eV  Charge distance=  0.0001 (partial c.d.=  0.0012)
SCF ITERATION NUMBER 19
     point #   1  energy = -55.000
     point #  20  energy = -43.890
     point #  40  energy = -23.689
     point #  60  energy =  -9.548
New Fermi level:    mu=  -9.548 eV  Charge distance=  0.0000 (partial c.d.=  0.0003)
SCF ITERATION NUMBER 20
     point #   1  energy = -55.000
     point #  20  energy = -43.889
     point #  40  energy = -23.689
     point #  60  energy =  -9.548
New Fermi level:    mu=  -9.548 eV  Charge distance=  0.0000 (partial c.d.=  0.0000)
Electronic configuration
  type     l     N_el
     0     0    0.455
     0     1    0.591
     0     2    9.308
     0     3    0.000
     1     0    0.475
     1     1    6.753
     1     2    0.534
     1     3    0.000
     2     0    0.457
     2     1    6.640
     2     2    2.564
     2     3    0.000
     3     0    0.478
     3     1    0.590
     3     2    9.264
     3     3    0.000
     4     0    1.851
     4     1    4.341
     4     2    0.089
     4     3    0.000
Charge transfer:  type  charge
       0   -0.646
       1   -0.238
       2   -0.339
       3   -0.669
       4    0.282
Convergence reached in   20 iterations.
Done with module: potentials.

Calculating screened core-hole potential ...
FMS for a cluster of   25 atoms around iph =   0
    0% of energy integration
   20%
   40%
   60%
   80%
  100%
Preparing response function.
Computing (1 - K Chi0)^-1 v_ch
Done with module: screened core-hole potential.

Calculating cross-section and phases ...
    absorption cross section
 x0,dx,rnrm,inrm,jnrm   8.80000000000000       5.000000000000000E-002
   2.39369628400017              194         195
    phase shifts for unique potential    0
    phase shifts for unique potential    1
    phase shifts for unique potential    2
    phase shifts for unique potential    3
    phase shifts for unique potential    4
Done with module: cross-section and phases (XSPH).

FMS calculation of full Green's function ...
FEFF-serial using 1 thread.
Using   194 energy points.
xprep done
FMS for a cluster of  239 atoms
Energy point    1/ 194
Energy point   10/ 194
Energy point   20/ 194
Energy point   30/ 194
Energy point   40/ 194
Energy point   50/ 194
Energy point   60/ 194
Energy point   70/ 194
Energy point   80/ 194
Energy point   90/ 194
Energy point  100/ 194
Energy point  110/ 194
Energy point  120/ 194
Energy point  130/ 194
Energy point  140/ 194
Energy point  150/ 194
Energy point  160/ 194
Energy point  170/ 194
Energy point  180/ 194
Energy point  190/ 194
Done with module: FMS.

MKGTR: Tracing over Green's function ...
Done with module: MKGTR.

Pathfinder: finding scattering paths...
Preparing plane wave scattering amplitudes
Searching for paths
Eliminating path degeneracies
0 paths retained.
Done with module: pathfinder.

Calculating EXAFS parameters ...
Done with module: EXAFS parameters (GENFMT).

Calculating XAS spectra ...
Done with module: XAS spectra (FF2X: DW + final sum over paths).

 
### feff ends at Mon Aug 14 07:47:44 EDT 2023
 
