### feff starts at Sun Aug 13 11:35:05 EDT 2023
### Serial version
### FeffPath is /sdcc/u/mcarbone/software/JFEFF/hsw/feff90/linux
 
Launching FEFF version FEFF 9.9.1
Core hole lifetime is   1.729 eV.
Your calculation:
 comment: None given
 Source:
 Structure Summary:  Zn4 Cu4 O8
 Reduced formula:  ZnCuO2
 space group: (P1), space number:  (1)
 abc:  3.215263   7.832498   8.146578
 angles:101.773929  95.756476 101.021380
 sites: 16
Cu K edge XANES using RPA corehole.
Using:     * Self-Consistent Field potentials
Using cards:   ATOMS CONTROL EXCHANGE TITLE RPATH POTENTIALS XANES EDGE SCF FMS S02 COREHOLE EGRID

Calculating atomic potentials ...
    overlapped atomic potential and density for unique potential    0
    overlapped atomic potential and density for unique potential    1
    overlapped atomic potential and density for unique potential    2
    overlapped atomic potential and density for unique potential    3
Done with module: atomic potentials.

Calculating SCF potentials ...
FEFF-serial using 1 thread.
Muffin tin radii and interstitial parameters [bohr]:
type, norman radius, muffin tin, overlap factor
    0  1.33644E+00  1.20833E+00  1.15000E+00
    1  1.41358E+00  1.28933E+00  1.15000E+00
    2  1.35413E+00  1.22921E+00  1.15000E+00
    3  1.09966E+00  1.00118E+00  1.15000E+00
Core-valence separation energy:  ecv=   -40.000 eV
Initial Fermi level:              mu=     0.407 eV
SCF ITERATION NUMBER  1
     point #   1  energy = -40.000
FMS for a cluster of  123 atoms around atom type   0
FMS for a cluster of  108 atoms around atom type   1
FMS for a cluster of  117 atoms around atom type   2
FMS for a cluster of  122 atoms around atom type   3
     point #  20  energy = -28.881
     point #  40  energy =  -8.631
     point #  60  energy =  -3.756
     point #  80  energy =  -3.878
New Fermi level:    mu=  -3.967 eV  Charge distance=  0.6230 (partial c.d.= 10.3010)
SCF ITERATION NUMBER  1
     point #   1  energy = -40.000
FMS for a cluster of  123 atoms around atom type   0
FMS for a cluster of  108 atoms around atom type   1
FMS for a cluster of  117 atoms around atom type   2
FMS for a cluster of  122 atoms around atom type   3
     point #  20  energy = -28.990
     point #  40  energy =  -8.971
     point #  60  energy =  -3.967
     point #  80  energy =  -5.792
     point # 100  energy =  -8.720
     point # 120  energy =  -9.260
     point # 140  energy =  -9.510
New Fermi level:    mu=  -9.541 eV  Charge distance=  0.1934 (partial c.d.=  3.5472)
SCF ITERATION NUMBER  1
     point #   1  energy = -40.000
FMS for a cluster of  123 atoms around atom type   0
FMS for a cluster of  108 atoms around atom type   1
FMS for a cluster of  117 atoms around atom type   2
FMS for a cluster of  122 atoms around atom type   3
     point #  20  energy = -28.832
     point #  40  energy =  -9.541
     point #  60  energy =  -9.450
     point #  80  energy =  -7.966
     point # 100  energy =  -8.444
New Fermi level:    mu=  -8.666 eV  Charge distance=  0.0477 (partial c.d.=  0.4584)
SCF ITERATION NUMBER  2
     point #   1  energy = -40.000
     point #  20  energy = -28.881
     point #  40  energy =  -8.666
     point #  60  energy =  -8.625
     point #  80  energy =  -7.988
     point # 100  energy =  -8.272
New Fermi level:    mu=  -8.393 eV  Charge distance=  0.0736 (partial c.d.=  0.3186)
SCF ITERATION NUMBER  3
     point #   1  energy = -40.000
     point #  20  energy = -28.785
     point #  40  energy =  -8.393
     point #  60  energy =  -8.350
     point #  80  energy =  -8.546
New Fermi level:    mu=  -8.663 eV  Charge distance=  0.0535 (partial c.d.=  0.3871)
SCF ITERATION NUMBER  4
     point #   1  energy = -40.000
     point #  20  energy = -28.881
     point #  40  energy =  -8.663
     point #  60  energy =  -8.613
New Fermi level:    mu=  -8.583 eV  Charge distance=  0.0130 (partial c.d.=  0.3344)
SCF ITERATION NUMBER  5
     point #   1  energy = -40.000
     point #  20  energy = -28.852
     point #  40  energy =  -8.583
New Fermi level:    mu=  -8.573 eV  Charge distance=  0.0075 (partial c.d.=  0.1073)
SCF ITERATION NUMBER  6
     point #   1  energy = -40.000
     point #  20  energy = -28.849
     point #  40  energy =  -8.573
New Fermi level:    mu=  -8.586 eV  Charge distance=  0.0019 (partial c.d.=  0.0529)
SCF ITERATION NUMBER  7
     point #   1  energy = -40.000
     point #  20  energy = -28.853
     point #  40  energy =  -8.586
New Fermi level:    mu=  -8.579 eV  Charge distance=  0.0016 (partial c.d.=  0.0203)
SCF ITERATION NUMBER  8
     point #   1  energy = -40.000
     point #  20  energy = -28.850
     point #  40  energy =  -8.579
New Fermi level:    mu=  -8.576 eV  Charge distance=  0.0032 (partial c.d.=  0.0033)
SCF ITERATION NUMBER  9
     point #   1  energy = -40.000
     point #  20  energy = -28.849
     point #  40  energy =  -8.576
New Fermi level:    mu=  -8.564 eV  Charge distance=  0.0003 (partial c.d.=  0.0085)
SCF ITERATION NUMBER 10
     point #   1  energy = -40.000
     point #  20  energy = -28.845
     point #  40  energy =  -8.564
New Fermi level:    mu=  -8.563 eV  Charge distance=  0.0002 (partial c.d.=  0.0005)
SCF ITERATION NUMBER 11
     point #   1  energy = -40.000
     point #  20  energy = -28.845
     point #  40  energy =  -8.563
New Fermi level:    mu=  -8.562 eV  Charge distance=  0.0000 (partial c.d.=  0.0005)
SCF ITERATION NUMBER 12
     point #   1  energy = -40.000
     point #  20  energy = -28.845
     point #  40  energy =  -8.562
New Fermi level:    mu=  -8.562 eV  Charge distance=  0.0001 (partial c.d.=  0.0001)
Electronic configuration
  type     l     N_el
     0     0    0.542
     0     1    0.598
     0     2    9.455
     0     3    0.000
     1     0    0.748
     1     1    0.915
     1     2   10.221
     1     3    0.000
     2     0    0.550
     2     1    0.571
     2     2    9.489
     2     3    0.000
     3     0    1.851
     3     1    4.317
     3     2    0.086
     3     3    0.000
Charge transfer:  type  charge
       0   -0.404
       1   -0.117
       2   -0.390
       3    0.254
Convergence reached in   12 iterations.
Done with module: potentials.

Calculating screened core-hole potential ...
FMS for a cluster of   23 atoms around iph =   0
    0% of energy integration
   20%
   40%
   60%
   80%
  100%
Preparing response function.
Computing (1 - K Chi0)^-1 v_ch
Done with module: screened core-hole potential.

Calculating cross-section and phases ...
    absorption cross section
 x0,dx,rnrm,inrm,jnrm   8.80000000000000       5.000000000000000E-002
   2.52550199300016              195         196
    phase shifts for unique potential    0
    phase shifts for unique potential    1
    phase shifts for unique potential    2
    phase shifts for unique potential    3
Done with module: cross-section and phases (XSPH).

FMS calculation of full Green's function ...
FEFF-serial using 1 thread.
Using   194 energy points.
xprep done
FMS for a cluster of  246 atoms
Energy point    1/ 194
Energy point   10/ 194
Energy point   20/ 194
Energy point   30/ 194
Energy point   40/ 194
Energy point   50/ 194
Energy point   60/ 194
Energy point   70/ 194
Energy point   80/ 194
Energy point   90/ 194
Energy point  100/ 194
Energy point  110/ 194
Energy point  120/ 194
Energy point  130/ 194
Energy point  140/ 194
Energy point  150/ 194
Energy point  160/ 194
Energy point  170/ 194
Energy point  180/ 194
Energy point  190/ 194
Done with module: FMS.

MKGTR: Tracing over Green's function ...
Done with module: MKGTR.

Pathfinder: finding scattering paths...
Preparing plane wave scattering amplitudes
Searching for paths
Eliminating path degeneracies
0 paths retained.
Done with module: pathfinder.

Calculating EXAFS parameters ...
Done with module: EXAFS parameters (GENFMT).

Calculating XAS spectra ...
Done with module: XAS spectra (FF2X: DW + final sum over paths).

 
### feff ends at Sun Aug 13 13:15:36 EDT 2023
 
