### feff starts at Sun Aug 13 16:32:06 EDT 2023
### Serial version
### FeffPath is /sdcc/u/mcarbone/software/JFEFF/hsw/feff90/linux
 
Launching FEFF version FEFF 9.9.1
Core hole lifetime is   1.729 eV.
Your calculation:
 comment: None given
 Source:
 Structure Summary:  Zn4 Cu8 O16
 Reduced formula:  Zn(CuO2)2
 space group: (Pbcm), space number:  (57)
 abc:  3.120578   9.276302   9.920453
 angles: 90.000000  90.000000  90.000000
 sites: 28
Cu K edge XANES using RPA corehole.
Using:     * Self-Consistent Field potentials
Using cards:   ATOMS CONTROL EXCHANGE TITLE RPATH POTENTIALS XANES EDGE SCF FMS S02 COREHOLE EGRID

Calculating atomic potentials ...
    overlapped atomic potential and density for unique potential    0
    overlapped atomic potential and density for unique potential    1
    overlapped atomic potential and density for unique potential    2
    overlapped atomic potential and density for unique potential    3
Done with module: atomic potentials.

Calculating SCF potentials ...
FEFF-serial using 1 thread.
Muffin tin radii and interstitial parameters [bohr]:
type, norman radius, muffin tin, overlap factor
    0  1.26402E+00  1.14385E+00  1.15000E+00
    1  1.49330E+00  1.42053E+00  1.13575E+00
    2  1.26402E+00  1.14385E+00  1.15000E+00
    3  1.10684E+00  9.92703E-01  1.15000E+00
Core-valence separation energy:  ecv=   -40.000 eV
Initial Fermi level:              mu=     1.579 eV
SCF ITERATION NUMBER  1
     point #   1  energy = -40.000
FMS for a cluster of  139 atoms around atom type   0
FMS for a cluster of  134 atoms around atom type   1
FMS for a cluster of  135 atoms around atom type   2
FMS for a cluster of  141 atoms around atom type   3
     point #  20  energy = -28.849
     point #  40  energy =  -8.599
     point #  60  energy =  -3.387
     point #  80  energy =  -3.343
New Fermi level:    mu=  -3.294 eV  Charge distance=  0.5099 (partial c.d.= 10.2995)
SCF ITERATION NUMBER  1
     point #   1  energy = -40.000
FMS for a cluster of  139 atoms around atom type   0
FMS for a cluster of  134 atoms around atom type   1
FMS for a cluster of  135 atoms around atom type   2
FMS for a cluster of  141 atoms around atom type   3
     point #  20  energy = -28.784
     point #  40  energy =  -8.392
     point #  60  energy =  -3.294
     point #  80  energy =  -4.872
     point # 100  energy =  -8.350
New Fermi level:    mu=  -8.737 eV  Charge distance=  0.0894 (partial c.d.=  2.3711)
SCF ITERATION NUMBER  1
     point #   1  energy = -40.000
FMS for a cluster of  139 atoms around atom type   0
FMS for a cluster of  134 atoms around atom type   1
FMS for a cluster of  135 atoms around atom type   2
FMS for a cluster of  141 atoms around atom type   3
     point #  20  energy = -28.907
     point #  40  energy =  -8.737
     point #  60  energy =  -8.696
     point #  80  energy =  -7.565
New Fermi level:    mu=  -7.543 eV  Charge distance=  0.0483 (partial c.d.=  0.5342)
SCF ITERATION NUMBER  2
     point #   1  energy = -40.000
     point #  20  energy = -28.843
     point #  40  energy =  -8.557
     point #  60  energy =  -7.584
New Fermi level:    mu=  -7.714 eV  Charge distance=  0.1132 (partial c.d.=  0.0793)
SCF ITERATION NUMBER  3
     point #   1  energy = -40.000
     point #  20  energy = -28.902
     point #  40  energy =  -8.723
     point #  60  energy =  -7.676
New Fermi level:    mu=  -7.662 eV  Charge distance=  0.0129 (partial c.d.=  0.0574)
SCF ITERATION NUMBER  4
     point #   1  energy = -40.000
     point #  20  energy = -28.884
     point #  40  energy =  -8.672
     point #  60  energy =  -7.702
New Fermi level:    mu=  -7.878 eV  Charge distance=  0.0075 (partial c.d.=  0.0766)
SCF ITERATION NUMBER  5
     point #   1  energy = -40.000
     point #  20  energy = -28.958
     point #  40  energy =  -8.882
New Fermi level:    mu=  -7.870 eV  Charge distance=  0.0099 (partial c.d.=  0.0415)
SCF ITERATION NUMBER  6
     point #   1  energy = -40.000
     point #  20  energy = -28.955
     point #  40  energy =  -8.874
New Fermi level:    mu=  -7.881 eV  Charge distance=  0.0034 (partial c.d.=  0.0685)
SCF ITERATION NUMBER  7
     point #   1  energy = -40.000
     point #  20  energy = -28.959
     point #  40  energy =  -8.884
New Fermi level:    mu=  -7.884 eV  Charge distance=  0.0040 (partial c.d.=  0.0243)
SCF ITERATION NUMBER  8
     point #   1  energy = -40.000
     point #  20  energy = -28.960
     point #  40  energy =  -8.888
New Fermi level:    mu=  -7.877 eV  Charge distance=  0.0011 (partial c.d.=  0.0159)
SCF ITERATION NUMBER  9
     point #   1  energy = -40.000
     point #  20  energy = -28.958
     point #  40  energy =  -8.881
New Fermi level:    mu=  -7.870 eV  Charge distance=  0.0012 (partial c.d.=  0.0007)
SCF ITERATION NUMBER 10
     point #   1  energy = -40.000
     point #  20  energy = -28.955
     point #  40  energy =  -8.874
New Fermi level:    mu=  -7.861 eV  Charge distance=  0.0001 (partial c.d.=  0.0008)
SCF ITERATION NUMBER 11
     point #   1  energy = -40.000
     point #  20  energy = -28.952
     point #  40  energy =  -8.865
New Fermi level:    mu=  -7.861 eV  Charge distance=  0.0001 (partial c.d.=  0.0000)
Electronic configuration
  type     l     N_el
     0     0    0.533
     0     1    0.658
     0     2    9.252
     0     3    0.000
     1     0    0.740
     1     1    0.871
     1     2   10.305
     1     3    0.000
     2     0    0.533
     2     1    0.658
     2     2    9.253
     2     3    0.000
     3     0    1.862
     3     1    4.358
     3     2    0.080
     3     3    0.000
Charge transfer:  type  charge
       0   -0.557
       1   -0.084
       2   -0.557
       3    0.300
Convergence reached in   11 iterations.
Done with module: potentials.

Calculating screened core-hole potential ...
FMS for a cluster of   27 atoms around iph =   0
    0% of energy integration
   20%
   40%
   60%
   80%
  100%
Preparing response function.
Computing (1 - K Chi0)^-1 v_ch
Done with module: screened core-hole potential.

Calculating cross-section and phases ...
    absorption cross section
 x0,dx,rnrm,inrm,jnrm   8.80000000000000       5.000000000000000E-002
   2.38865026699985              194         195
    phase shifts for unique potential    0
    phase shifts for unique potential    1
    phase shifts for unique potential    2
    phase shifts for unique potential    3
Done with module: cross-section and phases (XSPH).

FMS calculation of full Green's function ...
FEFF-serial using 1 thread.
Using   194 energy points.
xprep done
FMS for a cluster of  291 atoms
Energy point    1/ 194
Energy point   10/ 194
Energy point   20/ 194
Energy point   30/ 194
Energy point   40/ 194
Energy point   50/ 194
Energy point   60/ 194
Energy point   70/ 194
Energy point   80/ 194
Energy point   90/ 194
Energy point  100/ 194
Energy point  110/ 194
Energy point  120/ 194
Energy point  130/ 194
Energy point  140/ 194
Energy point  150/ 194
Energy point  160/ 194
Energy point  170/ 194
Energy point  180/ 194
Energy point  190/ 194
Done with module: FMS.

MKGTR: Tracing over Green's function ...
Done with module: MKGTR.

Pathfinder: finding scattering paths...
Preparing plane wave scattering amplitudes
Searching for paths
Eliminating path degeneracies
0 paths retained.
Done with module: pathfinder.

Calculating EXAFS parameters ...
Done with module: EXAFS parameters (GENFMT).

Calculating XAS spectra ...
Done with module: XAS spectra (FF2X: DW + final sum over paths).

 
### feff ends at Sun Aug 13 18:39:01 EDT 2023
 
