### feff starts at Sun Aug 13 11:40:05 EDT 2023
### Serial version
### FeffPath is /sdcc/u/mcarbone/software/JFEFF/hsw/feff90/linux
 
Launching FEFF version FEFF 9.9.1
Core hole lifetime is   1.729 eV.
Your calculation:
 comment: None given
 Source:
 Structure Summary:  Li4 Cu16 P12 O48
 Reduced formula:  LiCu4(PO4)3
 space group: (Pm), space number:  (6)
 abc:  6.402945   8.933288  14.898112
 angles: 89.892613  90.000000  90.000000
 sites: 80
Cu K edge XANES using RPA corehole.
Using:     * Self-Consistent Field potentials
Using cards:   ATOMS CONTROL EXCHANGE TITLE RPATH POTENTIALS XANES EDGE SCF FMS S02 COREHOLE EGRID

Calculating atomic potentials ...
    overlapped atomic potential and density for unique potential    0
    overlapped atomic potential and density for unique potential    1
    overlapped atomic potential and density for unique potential    2
    overlapped atomic potential and density for unique potential    3
    overlapped atomic potential and density for unique potential    4
Done with module: atomic potentials.

Calculating SCF potentials ...
FEFF-serial using 1 thread.
Muffin tin radii and interstitial parameters [bohr]:
type, norman radius, muffin tin, overlap factor
    0  1.34263E+00  1.26949E+00  1.15000E+00
    1  1.37134E+00  1.31270E+00  1.11638E+00
    2  1.34262E+00  1.26949E+00  1.15000E+00
    3  1.15305E+00  9.38758E-01  1.15000E+00
    4  1.03867E+00  8.75447E-01  1.15000E+00
Core-valence separation energy:  ecv=   -40.000 eV
Initial Fermi level:              mu=     6.499 eV
SCF ITERATION NUMBER  1
     point #   1  energy = -40.000
FMS for a cluster of  134 atoms around atom type   0
FMS for a cluster of  123 atoms around atom type   1
FMS for a cluster of  130 atoms around atom type   2
FMS for a cluster of  125 atoms around atom type   3
FMS for a cluster of  131 atoms around atom type   4
     point #  20  energy = -28.876
     point #  40  energy =  -8.626
     point #  60  energy =  -3.119
New Fermi level:    mu=  -3.042 eV  Charge distance=  0.4280 (partial c.d.=  7.7086)
SCF ITERATION NUMBER  1
     point #   1  energy = -40.000
FMS for a cluster of  134 atoms around atom type   0
FMS for a cluster of  123 atoms around atom type   1
FMS for a cluster of  130 atoms around atom type   2
FMS for a cluster of  125 atoms around atom type   3
FMS for a cluster of  131 atoms around atom type   4
     point #  20  energy = -29.012
     point #  40  energy =  -9.035
     point #  60  energy =  -3.042
     point #  80  energy =  -4.689
     point # 100  energy =  -7.392
New Fermi level:    mu=  -7.331 eV  Charge distance=  0.1407 (partial c.d.=  2.3325)
SCF ITERATION NUMBER  1
     point #   1  energy = -40.000
FMS for a cluster of  134 atoms around atom type   0
FMS for a cluster of  123 atoms around atom type   1
FMS for a cluster of  130 atoms around atom type   2
FMS for a cluster of  125 atoms around atom type   3
FMS for a cluster of  131 atoms around atom type   4
     point #  20  energy = -28.770
     point #  40  energy =  -8.352
     point #  60  energy =  -7.291
     point #  80  energy =  -6.147
New Fermi level:    mu=  -6.458 eV  Charge distance=  0.0992 (partial c.d.=  0.2819)
SCF ITERATION NUMBER  2
     point #   1  energy = -40.000
     point #  20  energy = -28.819
     point #  40  energy =  -8.491
     point #  60  energy =  -6.445
     point #  80  energy =  -6.086
New Fermi level:    mu=  -6.270 eV  Charge distance=  0.2945 (partial c.d.=  0.1120)
SCF ITERATION NUMBER  3
     point #   1  energy = -40.000
     point #  20  energy = -28.757
     point #  40  energy =  -8.314
     point #  60  energy =  -6.245
New Fermi level:    mu=  -6.251 eV  Charge distance=  0.0331 (partial c.d.=  0.0673)
SCF ITERATION NUMBER  4
     point #   1  energy = -40.000
     point #  20  energy = -28.750
     point #  40  energy =  -8.297
New Fermi level:    mu=  -6.263 eV  Charge distance=  0.0184 (partial c.d.=  0.0548)
SCF ITERATION NUMBER  5
     point #   1  energy = -40.000
     point #  20  energy = -28.754
     point #  40  energy =  -8.308
     point #  60  energy =  -6.288
New Fermi level:    mu=  -6.308 eV  Charge distance=  0.0107 (partial c.d.=  0.0108)
SCF ITERATION NUMBER  6
     point #   1  energy = -40.000
     point #  20  energy = -28.769
     point #  40  energy =  -8.350
     point #  60  energy =  -6.333
New Fermi level:    mu=  -6.334 eV  Charge distance=  0.0050 (partial c.d.=  0.0078)
SCF ITERATION NUMBER  7
     point #   1  energy = -40.000
     point #  20  energy = -28.778
     point #  40  energy =  -8.375
New Fermi level:    mu=  -6.338 eV  Charge distance=  0.0021 (partial c.d.=  0.0025)
SCF ITERATION NUMBER  8
     point #   1  energy = -40.000
     point #  20  energy = -28.779
     point #  40  energy =  -8.378
New Fermi level:    mu=  -6.334 eV  Charge distance=  0.0033 (partial c.d.=  0.0003)
SCF ITERATION NUMBER  9
     point #   1  energy = -40.000
     point #  20  energy = -28.778
     point #  40  energy =  -8.374
New Fermi level:    mu=  -6.327 eV  Charge distance=  0.0001 (partial c.d.=  0.0005)
SCF ITERATION NUMBER 10
     point #   1  energy = -40.000
     point #  20  energy = -28.776
     point #  40  energy =  -8.368
New Fermi level:    mu=  -6.327 eV  Charge distance=  0.0001 (partial c.d.=  0.0000)
Electronic configuration
  type     l     N_el
     0     0    0.472
     0     1    0.579
     0     2    9.662
     0     3    0.000
     1     0    0.242
     1     1    0.483
     1     2    0.000
     1     3    0.000
     2     0    0.472
     2     1    0.579
     2     2    9.662
     2     3    0.000
     3     0    1.197
     3     1    2.065
     3     2    1.046
     3     3    0.000
     4     0    1.822
     4     1    4.386
     4     2    0.083
     4     3    0.000
Charge transfer:  type  charge
       0   -0.287
       1   -0.275
       2   -0.287
       3   -0.692
       4    0.292
Convergence reached in   10 iterations.
Done with module: potentials.

Calculating screened core-hole potential ...
FMS for a cluster of   28 atoms around iph =   0
    0% of energy integration
   20%
   40%
   60%
   80%
  100%
Preparing response function.
Computing (1 - K Chi0)^-1 v_ch
Done with module: screened core-hole potential.

Calculating cross-section and phases ...
    absorption cross section
 x0,dx,rnrm,inrm,jnrm   8.80000000000000       5.000000000000000E-002
   2.53719439899987              195         196
    phase shifts for unique potential    0
    phase shifts for unique potential    1
    phase shifts for unique potential    2
    phase shifts for unique potential    3
    phase shifts for unique potential    4
Done with module: cross-section and phases (XSPH).

FMS calculation of full Green's function ...
FEFF-serial using 1 thread.
Using   194 energy points.
xprep done
FMS for a cluster of  294 atoms
Energy point    1/ 194
Energy point   10/ 194
Energy point   20/ 194
Energy point   30/ 194
Energy point   40/ 194
Energy point   50/ 194
Energy point   60/ 194
Energy point   70/ 194
Energy point   80/ 194
Energy point   90/ 194
Energy point  100/ 194
Energy point  110/ 194
Energy point  120/ 194
Energy point  130/ 194
Energy point  140/ 194
Energy point  150/ 194
Energy point  160/ 194
Energy point  170/ 194
Energy point  180/ 194
Energy point  190/ 194
Done with module: FMS.

MKGTR: Tracing over Green's function ...
Done with module: MKGTR.

Pathfinder: finding scattering paths...
Preparing plane wave scattering amplitudes
Searching for paths
Eliminating path degeneracies
0 paths retained.
Done with module: pathfinder.

Calculating EXAFS parameters ...
Done with module: EXAFS parameters (GENFMT).

Calculating XAS spectra ...
Done with module: XAS spectra (FF2X: DW + final sum over paths).

 
### feff ends at Sun Aug 13 14:01:36 EDT 2023
 
