### feff starts at Sun Aug 13 20:38:02 EDT 2023
### Serial version
### FeffPath is /sdcc/u/mcarbone/software/JFEFF/hsw/feff90/linux
 
Launching FEFF version FEFF 9.9.1
Resetting lmaxsc to 2 for iph =    2.  Use  UNFREEZE to prevent this.
Core hole lifetime is   1.729 eV.
Your calculation:
 comment: None given
 Source:
 Structure Summary:  Cu8 Re8 O32
 Reduced formula:  CuReO4
 space group: (P1), space number:  (1)
 abc:  7.804416  10.553013  10.552171
 angles: 82.204309  68.263832  68.352731
 sites: 48
Cu K edge XANES using RPA corehole.
Using:     * Self-Consistent Field potentials
Using cards:   ATOMS CONTROL EXCHANGE TITLE RPATH POTENTIALS XANES EDGE SCF FMS S02 COREHOLE EGRID

Calculating atomic potentials ...
    overlapped atomic potential and density for unique potential    0
    overlapped atomic potential and density for unique potential    1
    overlapped atomic potential and density for unique potential    2
    overlapped atomic potential and density for unique potential    3
Done with module: atomic potentials.

Calculating SCF potentials ...
FEFF-serial using 1 thread.
Muffin tin radii and interstitial parameters [bohr]:
type, norman radius, muffin tin, overlap factor
    0  1.36518E+00  1.27590E+00  1.15000E+00
    1  1.36829E+00  1.28294E+00  1.15000E+00
    2  1.36449E+00  1.14456E+00  1.15000E+00
    3  1.05899E+00  9.15176E-01  1.15000E+00
Core-valence separation energy:  ecv=   -40.000 eV
Initial Fermi level:              mu=     5.882 eV
SCF ITERATION NUMBER  1
     point #   1  energy = -40.000
FMS for a cluster of   89 atoms around atom type   0
FMS for a cluster of   79 atoms around atom type   1
FMS for a cluster of   84 atoms around atom type   2
FMS for a cluster of   91 atoms around atom type   3
     point #  20  energy = -28.806
     point #  40  energy =  -8.556
     point #  60  energy =  -3.478
New Fermi level:    mu=  -3.620 eV  Charge distance=  0.8846 (partial c.d.=  5.8793)
SCF ITERATION NUMBER  1
     point #   1  energy = -40.000
FMS for a cluster of   89 atoms around atom type   0
FMS for a cluster of   79 atoms around atom type   1
FMS for a cluster of   84 atoms around atom type   2
FMS for a cluster of   91 atoms around atom type   3
     point #  20  energy = -28.884
     point #  40  energy =  -8.672
     point #  60  energy =  -3.620
     point #  80  energy =  -4.913
New Fermi level:    mu=  -4.499 eV  Charge distance=  0.4061 (partial c.d.=  4.9751)
SCF ITERATION NUMBER  1
     point #   1  energy = -40.000
FMS for a cluster of   89 atoms around atom type   0
FMS for a cluster of   79 atoms around atom type   1
FMS for a cluster of   84 atoms around atom type   2
FMS for a cluster of   91 atoms around atom type   3
     point #  20  energy = -28.842
     point #  40  energy =  -8.556
     point #  60  energy =  -4.499
     point #  80  energy =  -4.942
New Fermi level:    mu=  -4.899 eV  Charge distance=  0.1830 (partial c.d.=  1.0171)
SCF ITERATION NUMBER  2
     point #   1  energy = -40.000
     point #  20  energy = -28.968
     point #  40  energy =  -8.911
     point #  60  energy =  -4.899
New Fermi level:    mu=  -4.920 eV  Charge distance=  0.0946 (partial c.d.=  0.3816)
SCF ITERATION NUMBER  3
     point #   1  energy = -40.000
     point #  20  energy = -28.975
     point #  40  energy =  -8.929
     point #  60  energy =  -4.920
New Fermi level:    mu=  -4.864 eV  Charge distance=  0.1680 (partial c.d.=  0.0586)
SCF ITERATION NUMBER  4
     point #   1  energy = -40.000
     point #  20  energy = -28.957
     point #  40  energy =  -8.879
     point #  60  energy =  -4.864
New Fermi level:    mu=  -4.861 eV  Charge distance=  0.0200 (partial c.d.=  0.0575)
SCF ITERATION NUMBER  5
     point #   1  energy = -40.000
     point #  20  energy = -28.956
     point #  40  energy =  -8.877
     point #  60  energy =  -4.861
New Fermi level:    mu=  -4.840 eV  Charge distance=  0.0114 (partial c.d.=  0.0522)
SCF ITERATION NUMBER  6
     point #   1  energy = -40.000
     point #  20  energy = -28.950
     point #  40  energy =  -8.858
     point #  60  energy =  -4.840
New Fermi level:    mu=  -4.831 eV  Charge distance=  0.0039 (partial c.d.=  0.0205)
SCF ITERATION NUMBER  7
     point #   1  energy = -40.000
     point #  20  energy = -28.947
     point #  40  energy =  -8.850
     point #  60  energy =  -4.831
New Fermi level:    mu=  -4.821 eV  Charge distance=  0.0071 (partial c.d.=  0.0017)
SCF ITERATION NUMBER  8
     point #   1  energy = -40.000
     point #  20  energy = -28.944
     point #  40  energy =  -8.841
     point #  60  energy =  -4.821
New Fermi level:    mu=  -4.807 eV  Charge distance=  0.0001 (partial c.d.=  0.0022)
SCF ITERATION NUMBER  9
     point #   1  energy = -40.000
     point #  20  energy = -28.939
     point #  40  energy =  -8.829
     point #  60  energy =  -4.807
New Fermi level:    mu=  -4.807 eV  Charge distance=  0.0002 (partial c.d.=  0.0002)
Electronic configuration
  type     l     N_el
     0     0    0.559
     0     1    0.706
     0     2    9.621
     0     3    0.000
     1     0    0.557
     1     1    0.706
     1     2    9.627
     1     3    0.000
     2     0    0.609
     2     1    0.750
     2     2    4.953
     2     3    0.000
     3     0    1.842
     3     1    4.249
     3     2    0.109
     3     3    0.000
Charge transfer:  type  charge
       0   -0.115
       1   -0.110
       2   -0.688
       3    0.200
Convergence reached in    9 iterations.
Done with module: potentials.

Calculating screened core-hole potential ...
FMS for a cluster of   16 atoms around iph =   0
    0% of energy integration
   20%
   40%
   60%
   80%
  100%
Preparing response function.
Computing (1 - K Chi0)^-1 v_ch
Done with module: screened core-hole potential.

Calculating cross-section and phases ...
    absorption cross section
 x0,dx,rnrm,inrm,jnrm   8.80000000000000       5.000000000000000E-002
   2.57980949099984              195         196
    phase shifts for unique potential    0
    phase shifts for unique potential    1
    phase shifts for unique potential    2
    phase shifts for unique potential    3
Done with module: cross-section and phases (XSPH).

FMS calculation of full Green's function ...
FEFF-serial using 1 thread.
Using   194 energy points.
xprep done
FMS for a cluster of  197 atoms
Energy point    1/ 194
Energy point   10/ 194
Energy point   20/ 194
Energy point   30/ 194
Energy point   40/ 194
Energy point   50/ 194
Energy point   60/ 194
Energy point   70/ 194
Energy point   80/ 194
Energy point   90/ 194
Energy point  100/ 194
Energy point  110/ 194
Energy point  120/ 194
Energy point  130/ 194
Energy point  140/ 194
Energy point  150/ 194
Energy point  160/ 194
Energy point  170/ 194
Energy point  180/ 194
Energy point  190/ 194
Done with module: FMS.

MKGTR: Tracing over Green's function ...
Done with module: MKGTR.

Pathfinder: finding scattering paths...
Preparing plane wave scattering amplitudes
Searching for paths
Eliminating path degeneracies
0 paths retained.
Done with module: pathfinder.

Calculating EXAFS parameters ...
Done with module: EXAFS parameters (GENFMT).

Calculating XAS spectra ...
Done with module: XAS spectra (FF2X: DW + final sum over paths).

 
### feff ends at Sun Aug 13 21:23:26 EDT 2023
 
