### feff starts at Mon Aug 14 12:28:34 EDT 2023
### Serial version
### FeffPath is /sdcc/u/mcarbone/software/JFEFF/hsw/feff90/linux
 
Launching FEFF version FEFF 9.9.1
Core hole lifetime is   1.729 eV.
Your calculation:
 comment: None given
 Source:
 Structure Summary:  Ca4 Cu8 Sn8 O32
 Reduced formula:  CaCu2(SnO4)2
 space group: (P2_1/c), space number:  (14)
 abc:  9.005642   6.316959  12.968683
 angles: 86.002478  90.000000  90.000000
 sites: 52
Cu K edge XANES using RPA corehole.
Using:     * Self-Consistent Field potentials
Using cards:   ATOMS CONTROL EXCHANGE TITLE RPATH POTENTIALS XANES EDGE SCF FMS S02 COREHOLE EGRID

Calculating atomic potentials ...
    overlapped atomic potential and density for unique potential    0
    overlapped atomic potential and density for unique potential    1
    overlapped atomic potential and density for unique potential    2
    overlapped atomic potential and density for unique potential    3
    overlapped atomic potential and density for unique potential    4
Done with module: atomic potentials.

Calculating SCF potentials ...
FEFF-serial using 1 thread.
Muffin tin radii and interstitial parameters [bohr]:
type, norman radius, muffin tin, overlap factor
    0  1.26814E+00  1.13938E+00  1.15000E+00
    1  1.71172E+00  1.62030E+00  1.15000E+00
    2  1.27279E+00  1.14305E+00  1.15000E+00
    3  1.50445E+00  1.34522E+00  1.15000E+00
    4  1.11385E+00  9.85647E-01  1.15000E+00
Core-valence separation energy:  ecv=   -40.000 eV
Initial Fermi level:              mu=     2.245 eV
SCF ITERATION NUMBER  1
     point #   1  energy = -40.000
FMS for a cluster of  100 atoms around atom type   0
FMS for a cluster of   96 atoms around atom type   1
FMS for a cluster of   93 atoms around atom type   2
FMS for a cluster of   91 atoms around atom type   3
FMS for a cluster of  107 atoms around atom type   4
     point #  20  energy = -28.916
     point #  40  energy =  -8.666
     point #  60  energy =  -4.916
New Fermi level:    mu=  -4.505 eV  Charge distance=  1.1331 (partial c.d.= 10.6383)
SCF ITERATION NUMBER  1
     point #   1  energy = -40.000
FMS for a cluster of  100 atoms around atom type   0
FMS for a cluster of   96 atoms around atom type   1
FMS for a cluster of   93 atoms around atom type   2
FMS for a cluster of   91 atoms around atom type   3
FMS for a cluster of  107 atoms around atom type   4
     point #  20  energy = -28.844
     point #  40  energy =  -8.561
     point #  60  energy =  -4.505
     point #  80  energy =  -6.642
     point # 100  energy =  -8.927
     point # 120  energy =  -9.395
New Fermi level:    mu=  -9.524 eV  Charge distance=  0.3649 (partial c.d.=  6.0356)
SCF ITERATION NUMBER  1
     point #   1  energy = -40.000
FMS for a cluster of  100 atoms around atom type   0
FMS for a cluster of   96 atoms around atom type   1
FMS for a cluster of   93 atoms around atom type   2
FMS for a cluster of   91 atoms around atom type   3
FMS for a cluster of  107 atoms around atom type   4
     point #  20  energy = -28.825
     point #  40  energy =  -9.524
     point #  60  energy =  -9.433
     point #  80  energy =  -8.765
New Fermi level:    mu=  -8.771 eV  Charge distance=  0.1952 (partial c.d.=  0.5417)
SCF ITERATION NUMBER  2
     point #   1  energy = -40.000
     point #  20  energy = -28.919
     point #  40  energy =  -8.771
     point #  60  energy =  -8.730
     point #  80  energy =  -7.349
New Fermi level:    mu=  -7.448 eV  Charge distance=  0.2949 (partial c.d.=  0.7442)
SCF ITERATION NUMBER  3
     point #   1  energy = -40.000
     point #  20  energy = -28.810
     point #  40  energy =  -8.465
     point #  60  energy =  -7.486
New Fermi level:    mu=  -7.498 eV  Charge distance=  0.4816 (partial c.d.=  3.1212)
SCF ITERATION NUMBER  4
     point #   1  energy = -40.000
     point #  20  energy = -28.827
     point #  40  energy =  -8.514
     point #  60  energy =  -7.460
New Fermi level:    mu=  -7.396 eV  Charge distance=  0.0616 (partial c.d.=  3.6577)
SCF ITERATION NUMBER  5
     point #   1  energy = -40.000
     point #  20  energy = -28.792
     point #  40  energy =  -8.415
     point #  60  energy =  -7.433
New Fermi level:    mu=  -7.476 eV  Charge distance=  0.1545 (partial c.d.=  0.0703)
SCF ITERATION NUMBER  6
     point #   1  energy = -40.000
     point #  20  energy = -28.820
     point #  40  energy =  -8.492
     point #  60  energy =  -7.517
New Fermi level:    mu=  -7.594 eV  Charge distance=  0.1209 (partial c.d.=  0.3065)
SCF ITERATION NUMBER  7
     point #   1  energy = -40.000
     point #  20  energy = -28.860
     point #  40  energy =  -8.607
     point #  60  energy =  -7.553
New Fermi level:    mu=  -7.378 eV  Charge distance=  0.0562 (partial c.d.=  0.9743)
SCF ITERATION NUMBER  8
     point #   1  energy = -40.000
     point #  20  energy = -28.786
     point #  40  energy =  -8.397
     point #  60  energy =  -7.415
New Fermi level:    mu=  -7.442 eV  Charge distance=  0.0211 (partial c.d.=  0.8304)
SCF ITERATION NUMBER  9
     point #   1  energy = -40.000
     point #  20  energy = -28.808
     point #  40  energy =  -8.459
New Fermi level:    mu=  -7.465 eV  Charge distance=  0.0472 (partial c.d.=  0.0917)
SCF ITERATION NUMBER 10
     point #   1  energy = -40.000
     point #  20  energy = -28.816
     point #  40  energy =  -8.482
     point #  60  energy =  -7.428
New Fermi level:    mu=  -7.386 eV  Charge distance=  0.0048 (partial c.d.=  0.2191)
SCF ITERATION NUMBER 11
     point #   1  energy = -40.000
     point #  20  energy = -28.789
     point #  40  energy =  -8.405
     point #  60  energy =  -7.423
New Fermi level:    mu=  -7.435 eV  Charge distance=  0.0065 (partial c.d.=  0.0809)
SCF ITERATION NUMBER 12
     point #   1  energy = -40.000
     point #  20  energy = -28.806
     point #  40  energy =  -8.453
New Fermi level:    mu=  -7.425 eV  Charge distance=  0.0080 (partial c.d.=  0.0259)
SCF ITERATION NUMBER 13
     point #   1  energy = -40.000
     point #  20  energy = -28.802
     point #  40  energy =  -8.443
New Fermi level:    mu=  -7.412 eV  Charge distance=  0.0014 (partial c.d.=  0.0260)
SCF ITERATION NUMBER 14
     point #   1  energy = -40.000
     point #  20  energy = -28.798
     point #  40  energy =  -8.430
New Fermi level:    mu=  -7.410 eV  Charge distance=  0.0006 (partial c.d.=  0.0036)
SCF ITERATION NUMBER 15
     point #   1  energy = -40.000
     point #  20  energy = -28.797
     point #  40  energy =  -8.428
New Fermi level:    mu=  -7.408 eV  Charge distance=  0.0006 (partial c.d.=  0.0007)
SCF ITERATION NUMBER 16
     point #   1  energy = -40.000
     point #  20  energy = -28.797
     point #  40  energy =  -8.427
New Fermi level:    mu=  -7.409 eV  Charge distance=  0.0001 (partial c.d.=  0.0016)
SCF ITERATION NUMBER 17
     point #   1  energy = -40.000
     point #  20  energy = -28.797
     point #  40  energy =  -8.427
New Fermi level:    mu=  -7.408 eV  Charge distance=  0.0001 (partial c.d.=  0.0003)
SCF ITERATION NUMBER 18
     point #   1  energy = -40.000
     point #  20  energy = -28.797
     point #  40  energy =  -8.427
New Fermi level:    mu=  -7.409 eV  Charge distance=  0.0001 (partial c.d.=  0.0001)
Electronic configuration
  type     l     N_el
     0     0    0.531
     0     1    0.642
     0     2    9.330
     0     3    0.000
     1     0    0.399
     1     1    6.615
     1     2    1.084
     1     3    0.000
     2     0    0.515
     2     1    0.632
     2     2    9.367
     2     3    0.000
     3     0    1.177
     3     1    1.477
     3     2   10.584
     3     3    0.000
     4     0    1.867
     4     1    4.364
     4     2    0.069
     4     3    0.000
Charge transfer:  type  charge
       0   -0.497
       1    0.099
       2   -0.486
       3   -0.762
       4    0.300
Convergence reached in   18 iterations.
Done with module: potentials.

Calculating screened core-hole potential ...
FMS for a cluster of   20 atoms around iph =   0
    0% of energy integration
   20%
   40%
   60%
   80%
  100%
Preparing response function.
Computing (1 - K Chi0)^-1 v_ch
Done with module: screened core-hole potential.

Calculating cross-section and phases ...
    absorption cross section
 x0,dx,rnrm,inrm,jnrm   8.80000000000000       5.000000000000000E-002
   2.39642880900002              194         195
    phase shifts for unique potential    0
    phase shifts for unique potential    1
    phase shifts for unique potential    2
    phase shifts for unique potential    3
    phase shifts for unique potential    4
Done with module: cross-section and phases (XSPH).

FMS calculation of full Green's function ...
FEFF-serial using 1 thread.
Using   194 energy points.
xprep done
FMS for a cluster of  209 atoms
Energy point    1/ 194
Energy point   10/ 194
Energy point   20/ 194
Energy point   30/ 194
Energy point   40/ 194
Energy point   50/ 194
Energy point   60/ 194
Energy point   70/ 194
Energy point   80/ 194
Energy point   90/ 194
Energy point  100/ 194
Energy point  110/ 194
Energy point  120/ 194
Energy point  130/ 194
Energy point  140/ 194
Energy point  150/ 194
Energy point  160/ 194
Energy point  170/ 194
Energy point  180/ 194
Energy point  190/ 194
Done with module: FMS.

MKGTR: Tracing over Green's function ...
Done with module: MKGTR.

Pathfinder: finding scattering paths...
Preparing plane wave scattering amplitudes
Searching for paths
Eliminating path degeneracies
0 paths retained.
Done with module: pathfinder.

Calculating EXAFS parameters ...
Done with module: EXAFS parameters (GENFMT).

Calculating XAS spectra ...
Done with module: XAS spectra (FF2X: DW + final sum over paths).

 
### feff ends at Mon Aug 14 13:59:35 EDT 2023
 
