### feff starts at Sun Aug 13 12:35:10 EDT 2023
### Serial version
### FeffPath is /sdcc/u/mcarbone/software/JFEFF/hsw/feff90/linux
 
Launching FEFF version FEFF 9.9.1
Core hole lifetime is   1.729 eV.
Your calculation:
 comment: None given
 Source:
 Structure Summary:  Cu13 Si2 Sb2 O28
 Reduced formula:  Cu13Si2(SbO14)2
 space group: (P1), space number:  (1)
 abc:  5.410386   8.062354  11.961510
 angles: 88.153413  77.119723  81.976789
 sites: 45
Cu K edge XANES using RPA corehole.
Using:     * Self-Consistent Field potentials
Using cards:   ATOMS CONTROL EXCHANGE TITLE RPATH POTENTIALS XANES EDGE SCF FMS S02 COREHOLE EGRID

Calculating atomic potentials ...
    overlapped atomic potential and density for unique potential    0
    overlapped atomic potential and density for unique potential    1
    overlapped atomic potential and density for unique potential    2
    overlapped atomic potential and density for unique potential    3
    overlapped atomic potential and density for unique potential    4
Done with module: atomic potentials.

Calculating SCF potentials ...
FEFF-serial using 1 thread.
Muffin tin radii and interstitial parameters [bohr]:
type, norman radius, muffin tin, overlap factor
    0  1.31143E+00  1.21649E+00  1.15000E+00
    1  1.28995E+00  1.16792E+00  1.15000E+00
    2  1.22848E+00  1.00337E+00  1.15000E+00
    3  1.48857E+00  1.35164E+00  1.15000E+00
    4  1.10721E+00  9.94132E-01  1.15000E+00
Core-valence separation energy:  ecv=   -40.000 eV
Initial Fermi level:              mu=     3.376 eV
SCF ITERATION NUMBER  1
     point #   1  energy = -40.000
FMS for a cluster of  133 atoms around atom type   0
FMS for a cluster of  123 atoms around atom type   1
FMS for a cluster of  130 atoms around atom type   2
FMS for a cluster of  119 atoms around atom type   3
FMS for a cluster of  133 atoms around atom type   4
     point #  20  energy = -28.892
     point #  40  energy =  -8.642
     point #  60  energy =  -2.755
     point #  80  energy =  -2.636
New Fermi level:    mu=  -2.639 eV  Charge distance=  0.4690 (partial c.d.= 10.7749)
SCF ITERATION NUMBER  1
     point #   1  energy = -40.000
FMS for a cluster of  133 atoms around atom type   0
FMS for a cluster of  123 atoms around atom type   1
FMS for a cluster of  130 atoms around atom type   2
FMS for a cluster of  119 atoms around atom type   3
FMS for a cluster of  133 atoms around atom type   4
     point #  20  energy = -28.893
     point #  40  energy =  -8.697
     point #  60  energy =  -2.639
     point #  80  energy =  -3.839
     point # 100  energy =  -7.542
New Fermi level:    mu=  -7.775 eV  Charge distance=  0.2273 (partial c.d.=  2.4210)
SCF ITERATION NUMBER  1
     point #   1  energy = -40.000
FMS for a cluster of  133 atoms around atom type   0
FMS for a cluster of  123 atoms around atom type   1
FMS for a cluster of  130 atoms around atom type   2
FMS for a cluster of  119 atoms around atom type   3
FMS for a cluster of  133 atoms around atom type   4
     point #  20  energy = -28.923
     point #  40  energy =  -8.782
     point #  60  energy =  -7.735
     point #  80  energy =  -6.694
New Fermi level:    mu=  -6.642 eV  Charge distance=  0.1686 (partial c.d.=  0.7550)
SCF ITERATION NUMBER  2
     point #   1  energy = -40.000
     point #  20  energy = -28.881
     point #  40  energy =  -8.664
     point #  60  energy =  -6.655
New Fermi level:    mu=  -6.910 eV  Charge distance=  0.3824 (partial c.d.=  1.6692)
SCF ITERATION NUMBER  3
     point #   1  energy = -40.000
     point #  20  energy = -28.970
     point #  40  energy =  -8.916
     point #  60  energy =  -6.898
New Fermi level:    mu=  -6.591 eV  Charge distance=  0.2276 (partial c.d.=  1.8858)
SCF ITERATION NUMBER  4
     point #   1  energy = -40.000
     point #  20  energy = -28.864
     point #  40  energy =  -8.616
     point #  60  energy =  -6.616
New Fermi level:    mu=  -6.768 eV  Charge distance=  0.0930 (partial c.d.=  0.0696)
SCF ITERATION NUMBER  5
     point #   1  energy = -40.000
     point #  20  energy = -28.923
     point #  40  energy =  -8.782
     point #  60  energy =  -6.793
New Fermi level:    mu=  -6.936 eV  Charge distance=  0.1633 (partial c.d.=  0.0979)
SCF ITERATION NUMBER  6
     point #   1  energy = -40.000
     point #  20  energy = -28.979
     point #  40  energy =  -8.940
     point #  60  energy =  -6.961
New Fermi level:    mu=  -7.035 eV  Charge distance=  0.1386 (partial c.d.=  0.2391)
SCF ITERATION NUMBER  7
     point #   1  energy = -40.000
     point #  20  energy = -29.012
     point #  40  energy =  -9.033
     point #  60  energy =  -7.023
New Fermi level:    mu=  -6.926 eV  Charge distance=  0.0943 (partial c.d.=  1.3468)
SCF ITERATION NUMBER  8
     point #   1  energy = -40.000
     point #  20  energy = -28.975
     point #  40  energy =  -8.931
     point #  60  energy =  -6.951
New Fermi level:    mu=  -7.075 eV  Charge distance=  0.0206 (partial c.d.=  1.2714)
SCF ITERATION NUMBER  9
     point #   1  energy = -40.000
     point #  20  energy = -29.025
     point #  40  energy =  -9.070
     point #  60  energy =  -7.050
New Fermi level:    mu=  -7.057 eV  Charge distance=  0.1073 (partial c.d.=  0.0084)
SCF ITERATION NUMBER 10
     point #   1  energy = -40.000
     point #  20  energy = -29.019
     point #  40  energy =  -9.053
     point #  60  energy =  -7.032
New Fermi level:    mu=  -7.023 eV  Charge distance=  0.0369 (partial c.d.=  0.5672)
SCF ITERATION NUMBER 11
     point #   1  energy = -40.000
     point #  20  energy = -29.008
     point #  40  energy =  -9.021
New Fermi level:    mu=  -7.026 eV  Charge distance=  0.0098 (partial c.d.=  0.3769)
SCF ITERATION NUMBER 12
     point #   1  energy = -40.000
     point #  20  energy = -29.009
     point #  40  energy =  -9.024
New Fermi level:    mu=  -7.015 eV  Charge distance=  0.0021 (partial c.d.=  0.0670)
SCF ITERATION NUMBER 13
     point #   1  energy = -40.000
     point #  20  energy = -29.005
     point #  40  energy =  -9.014
New Fermi level:    mu=  -7.014 eV  Charge distance=  0.0002 (partial c.d.=  0.0287)
SCF ITERATION NUMBER 14
     point #   1  energy = -40.000
     point #  20  energy = -29.005
     point #  40  energy =  -9.013
New Fermi level:    mu=  -7.013 eV  Charge distance=  0.0006 (partial c.d.=  0.0032)
SCF ITERATION NUMBER 15
     point #   1  energy = -40.000
     point #  20  energy = -29.004
     point #  40  energy =  -9.013
New Fermi level:    mu=  -7.013 eV  Charge distance=  0.0006 (partial c.d.=  0.0014)
SCF ITERATION NUMBER 16
     point #   1  energy = -40.000
     point #  20  energy = -29.004
     point #  40  energy =  -9.012
New Fermi level:    mu=  -7.012 eV  Charge distance=  0.0001 (partial c.d.=  0.0015)
SCF ITERATION NUMBER 17
     point #   1  energy = -40.000
     point #  20  energy = -29.004
     point #  40  energy =  -9.012
New Fermi level:    mu=  -7.013 eV  Charge distance=  0.0001 (partial c.d.=  0.0011)
SCF ITERATION NUMBER 18
     point #   1  energy = -40.000
     point #  20  energy = -29.004
     point #  40  energy =  -9.012
New Fermi level:    mu=  -7.013 eV  Charge distance=  0.0000 (partial c.d.=  0.0003)
SCF ITERATION NUMBER 19
     point #   1  energy = -40.000
     point #  20  energy = -29.004
     point #  40  energy =  -9.012
New Fermi level:    mu=  -7.013 eV  Charge distance=  0.0000 (partial c.d.=  0.0002)
Electronic configuration
  type     l     N_el
     0     0    0.497
     0     1    0.667
     0     2    9.470
     0     3    0.000
     1     0    0.544
     1     1    0.687
     1     2    9.308
     1     3    0.000
     2     0    1.004
     2     1    1.627
     2     2    0.911
     2     3    0.000
     3     0    1.377
     3     1    1.866
     3     2   10.806
     3     3    0.000
     4     0    1.867
     4     1    4.351
     4     2    0.097
     4     3    0.000
Charge transfer:  type  charge
       0   -0.367
       1   -0.462
       2   -0.458
       3   -0.950
       4    0.315
Convergence reached in   19 iterations.
Done with module: potentials.

Calculating screened core-hole potential ...
FMS for a cluster of   31 atoms around iph =   0
    0% of energy integration
   20%
   40%
   60%
   80%
  100%
Preparing response function.
Computing (1 - K Chi0)^-1 v_ch
Done with module: screened core-hole potential.

Calculating cross-section and phases ...
    absorption cross section
 x0,dx,rnrm,inrm,jnrm   8.80000000000000       5.000000000000000E-002
   2.47824492099991              195         196
    phase shifts for unique potential    0
    phase shifts for unique potential    1
    phase shifts for unique potential    2
    phase shifts for unique potential    3
    phase shifts for unique potential    4
Done with module: cross-section and phases (XSPH).

FMS calculation of full Green's function ...
FEFF-serial using 1 thread.
Using   194 energy points.
xprep done
FMS for a cluster of  284 atoms
Energy point    1/ 194
Energy point   10/ 194
Energy point   20/ 194
Energy point   30/ 194
Energy point   40/ 194
Energy point   50/ 194
Energy point   60/ 194
Energy point   70/ 194
Energy point   80/ 194
Energy point   90/ 194
Energy point  100/ 194
Energy point  110/ 194
Energy point  120/ 194
Energy point  130/ 194
Energy point  140/ 194
Energy point  150/ 194
Energy point  160/ 194
Energy point  170/ 194
Energy point  180/ 194
Energy point  190/ 194
Done with module: FMS.

MKGTR: Tracing over Green's function ...
Done with module: MKGTR.

Pathfinder: finding scattering paths...
Preparing plane wave scattering amplitudes
Searching for paths
Eliminating path degeneracies
0 paths retained.
Done with module: pathfinder.

Calculating EXAFS parameters ...
Done with module: EXAFS parameters (GENFMT).

Calculating XAS spectra ...
Done with module: XAS spectra (FF2X: DW + final sum over paths).

 
### feff ends at Sun Aug 13 15:44:20 EDT 2023
 
