### feff starts at Mon Aug 14 08:00:24 EDT 2023
### Serial version
### FeffPath is /sdcc/u/mcarbone/software/JFEFF/hsw/feff90/linux
 
Launching FEFF version FEFF 9.9.1
Resetting lmaxsc to 2 for iph =    2.  Use  UNFREEZE to prevent this.
Core hole lifetime is   1.729 eV.
Your calculation:
 comment: None given
 Source:
 Structure Summary:  Ca4 Ta8 Cu8 O32
 Reduced formula:  CaTa2(CuO4)2
 space group: (P2_1/c), space number:  (14)
 abc:  8.995092   6.816529  12.646083
 angles: 88.011963  90.000000  90.000000
 sites: 52
Cu K edge XANES using RPA corehole.
Using:     * Self-Consistent Field potentials
Using cards:   ATOMS CONTROL EXCHANGE TITLE RPATH POTENTIALS XANES EDGE SCF FMS S02 COREHOLE EGRID

Calculating atomic potentials ...
    overlapped atomic potential and density for unique potential    0
    overlapped atomic potential and density for unique potential    1
    overlapped atomic potential and density for unique potential    2
    overlapped atomic potential and density for unique potential    3
    overlapped atomic potential and density for unique potential    4
Done with module: atomic potentials.

Calculating SCF potentials ...
FEFF-serial using 1 thread.
Muffin tin radii and interstitial parameters [bohr]:
type, norman radius, muffin tin, overlap factor
    0  1.34334E+00  1.25789E+00  1.15000E+00
    1  1.70682E+00  1.62473E+00  1.13365E+00
    2  1.44115E+00  1.22820E+00  1.15000E+00
    3  1.33980E+00  1.25401E+00  1.15000E+00
    4  1.08472E+00  9.71637E-01  1.15000E+00
Core-valence separation energy:  ecv=   -55.000 eV
Initial Fermi level:              mu=     2.018 eV
SCF ITERATION NUMBER  1
     point #   1  energy = -55.000
FMS for a cluster of  102 atoms around atom type   0
FMS for a cluster of   87 atoms around atom type   1
FMS for a cluster of   93 atoms around atom type   2
FMS for a cluster of   93 atoms around atom type   3
FMS for a cluster of   97 atoms around atom type   4
     point #  20  energy = -43.669
     point #  40  energy = -23.419
     point #  60  energy =  -7.322
     point #  80  energy =  -5.256
New Fermi level:    mu=  -4.733 eV  Charge distance=  1.2499 (partial c.d.=  6.7236)
SCF ITERATION NUMBER  1
     point #   1  energy = -55.000
FMS for a cluster of  102 atoms around atom type   0
FMS for a cluster of   87 atoms around atom type   1
FMS for a cluster of   93 atoms around atom type   2
FMS for a cluster of   93 atoms around atom type   3
FMS for a cluster of   97 atoms around atom type   4
     point #  20  energy = -43.941
     point #  40  energy = -23.835
     point #  60  energy =  -4.733
     point #  80  energy =  -4.824
     point # 100  energy =  -8.152
     point # 120  energy =  -8.252
New Fermi level:    mu=  -8.040 eV  Charge distance=  0.4090 (partial c.d.=  6.6926)
SCF ITERATION NUMBER  1
     point #   1  energy = -55.000
FMS for a cluster of  102 atoms around atom type   0
FMS for a cluster of   87 atoms around atom type   1
FMS for a cluster of   93 atoms around atom type   2
FMS for a cluster of   93 atoms around atom type   3
FMS for a cluster of   97 atoms around atom type   4
     point #  20  energy = -43.770
     point #  40  energy = -23.353
     point #  60  energy =  -8.040
     point #  80  energy =  -7.921
New Fermi level:    mu=  -7.843 eV  Charge distance=  0.2313 (partial c.d.=  0.2223)
SCF ITERATION NUMBER  2
     point #   1  energy = -55.000
     point #  20  energy = -43.963
     point #  40  energy = -23.896
     point #  60  energy =  -7.843
     point #  80  energy =  -7.602
New Fermi level:    mu=  -7.404 eV  Charge distance=  0.3327 (partial c.d.=  0.3650)
SCF ITERATION NUMBER  3
     point #   1  energy = -55.000
     point #  20  energy = -43.861
     point #  40  energy = -23.607
     point #  60  energy =  -7.404
     point #  80  energy =  -7.164
New Fermi level:    mu=  -6.704 eV  Charge distance=  0.4661 (partial c.d.=  2.5443)
SCF ITERATION NUMBER  4
     point #   1  energy = -55.000
     point #  20  energy = -43.932
     point #  40  energy = -23.809
     point #  60  energy =  -6.704
     point #  80  energy =  -6.872
     point # 100  energy =  -7.657
New Fermi level:    mu=  -7.509 eV  Charge distance=  0.0755 (partial c.d.=  2.9174)
SCF ITERATION NUMBER  5
     point #   1  energy = -55.000
     point #  20  energy = -43.885
     point #  40  energy = -23.676
     point #  60  energy =  -7.509
New Fermi level:    mu=  -7.452 eV  Charge distance=  0.1791 (partial c.d.=  0.0970)
SCF ITERATION NUMBER  6
     point #   1  energy = -55.000
     point #  20  energy = -43.872
     point #  40  energy = -23.639
     point #  60  energy =  -7.452
     point #  80  energy =  -7.352
New Fermi level:    mu=  -7.361 eV  Charge distance=  0.0785 (partial c.d.=  0.2995)
SCF ITERATION NUMBER  7
     point #   1  energy = -55.000
     point #  20  energy = -43.851
     point #  40  energy = -23.579
     point #  60  energy =  -7.361
New Fermi level:    mu=  -7.350 eV  Charge distance=  0.0098 (partial c.d.=  0.2521)
SCF ITERATION NUMBER  8
     point #   1  energy = -55.000
     point #  20  energy = -43.848
     point #  40  energy = -23.572
     point #  60  energy =  -7.350
New Fermi level:    mu=  -7.328 eV  Charge distance=  0.0237 (partial c.d.=  0.0431)
SCF ITERATION NUMBER  9
     point #   1  energy = -55.000
     point #  20  energy = -43.843
     point #  40  energy = -23.557
     point #  60  energy =  -7.328
New Fermi level:    mu=  -7.335 eV  Charge distance=  0.0323 (partial c.d.=  0.0230)
SCF ITERATION NUMBER 10
     point #   1  energy = -55.000
     point #  20  energy = -43.844
     point #  40  energy = -23.561
     point #  60  energy =  -7.335
New Fermi level:    mu=  -7.322 eV  Charge distance=  0.0020 (partial c.d.=  0.0262)
SCF ITERATION NUMBER 11
     point #   1  energy = -55.000
     point #  20  energy = -43.841
     point #  40  energy = -23.553
     point #  60  energy =  -7.322
New Fermi level:    mu=  -7.326 eV  Charge distance=  0.0010 (partial c.d.=  0.0121)
SCF ITERATION NUMBER 12
     point #   1  energy = -55.000
     point #  20  energy = -43.842
     point #  40  energy = -23.556
     point #  60  energy =  -7.326
New Fermi level:    mu=  -7.325 eV  Charge distance=  0.0004 (partial c.d.=  0.0027)
SCF ITERATION NUMBER 13
     point #   1  energy = -55.000
     point #  20  energy = -43.842
     point #  40  energy = -23.555
     point #  60  energy =  -7.325
New Fermi level:    mu=  -7.325 eV  Charge distance=  0.0009 (partial c.d.=  0.0002)
SCF ITERATION NUMBER 14
     point #   1  energy = -55.000
     point #  20  energy = -43.842
     point #  40  energy = -23.555
     point #  60  energy =  -7.325
New Fermi level:    mu=  -7.326 eV  Charge distance=  0.0000 (partial c.d.=  0.0006)
SCF ITERATION NUMBER 15
     point #   1  energy = -55.000
     point #  20  energy = -43.842
     point #  40  energy = -23.555
     point #  60  energy =  -7.326
New Fermi level:    mu=  -7.326 eV  Charge distance=  0.0000 (partial c.d.=  0.0001)
Electronic configuration
  type     l     N_el
     0     0    0.480
     0     1    0.610
     0     2    9.526
     0     3    0.000
     1     0    2.369
     1     1    6.589
     1     2    1.034
     1     3    0.000
     2     0    0.558
     2     1    6.635
     2     2    2.850
     2     3    0.000
     3     0    0.478
     3     1    0.613
     3     2    9.537
     3     3    0.000
     4     0    1.865
     4     1    4.385
     4     2    0.084
     4     3    0.000
Charge transfer:  type  charge
       0   -0.384
       1   -0.008
       2   -0.956
       3   -0.372
       4    0.333
Convergence reached in   15 iterations.
Done with module: potentials.

Calculating screened core-hole potential ...
FMS for a cluster of   15 atoms around iph =   0
    0% of energy integration
   20%
   40%
   60%
   80%
  100%
Preparing response function.
Computing (1 - K Chi0)^-1 v_ch
Done with module: screened core-hole potential.

Calculating cross-section and phases ...
    absorption cross section
 x0,dx,rnrm,inrm,jnrm   8.80000000000000       5.000000000000000E-002
   2.53854059299987              195         196
    phase shifts for unique potential    0
    phase shifts for unique potential    1
    phase shifts for unique potential    2
    phase shifts for unique potential    3
    phase shifts for unique potential    4
Done with module: cross-section and phases (XSPH).

FMS calculation of full Green's function ...
FEFF-serial using 1 thread.
Using   194 energy points.
xprep done
FMS for a cluster of  210 atoms
Energy point    1/ 194
Energy point   10/ 194
Energy point   20/ 194
Energy point   30/ 194
Energy point   40/ 194
Energy point   50/ 194
Energy point   60/ 194
Energy point   70/ 194
Energy point   80/ 194
Energy point   90/ 194
Energy point  100/ 194
Energy point  110/ 194
Energy point  120/ 194
Energy point  130/ 194
Energy point  140/ 194
Energy point  150/ 194
Energy point  160/ 194
Energy point  170/ 194
Energy point  180/ 194
Energy point  190/ 194
Done with module: FMS.

MKGTR: Tracing over Green's function ...
Done with module: MKGTR.

Pathfinder: finding scattering paths...
Preparing plane wave scattering amplitudes
Searching for paths
Eliminating path degeneracies
0 paths retained.
Done with module: pathfinder.

Calculating EXAFS parameters ...
Done with module: EXAFS parameters (GENFMT).

Calculating XAS spectra ...
Done with module: XAS spectra (FF2X: DW + final sum over paths).

 
### feff ends at Mon Aug 14 09:28:14 EDT 2023
 
