### feff starts at Mon Aug 14 04:15:28 EDT 2023
### Serial version
### FeffPath is /sdcc/u/mcarbone/software/JFEFF/hsw/feff90/linux
 
Launching FEFF version FEFF 9.9.1
Core hole lifetime is   1.729 eV.
Your calculation:
 comment: None given
 Source:
 Structure Summary:  Cu1 C2 N2 O6
 Reduced formula:  CuC2(NO3)2
 space group: (P-1), space number:  (2)
 abc:  5.212883   5.328425   5.716928
 angles: 89.210871  87.522771  84.949448
 sites: 11
Cu K edge XANES using RPA corehole.
Using:     * Self-Consistent Field potentials
Using cards:   ATOMS CONTROL EXCHANGE TITLE RPATH POTENTIALS XANES EDGE SCF FMS S02 COREHOLE EGRID

Calculating atomic potentials ...
    overlapped atomic potential and density for unique potential    0
    overlapped atomic potential and density for unique potential    1
    overlapped atomic potential and density for unique potential    2
    overlapped atomic potential and density for unique potential    3
    overlapped atomic potential and density for unique potential    4
Done with module: atomic potentials.

Calculating SCF potentials ...
FEFF-serial using 1 thread.
Muffin tin radii and interstitial parameters [bohr]:
type, norman radius, muffin tin, overlap factor
    0  1.34339E+00  1.29478E+00  1.09600E+00
    1  1.34342E+00  1.29481E+00  1.09601E+00
    2  9.45253E-01  7.20922E-01  1.15000E+00
    3  9.62058E-01  6.82107E-01  1.15000E+00
    4  1.01451E+00  8.03580E-01  1.15000E+00
Core-valence separation energy:  ecv=   -40.000 eV
Initial Fermi level:              mu=    10.347 eV
SCF ITERATION NUMBER  1
     point #   1  energy = -40.000
FMS for a cluster of   97 atoms around atom type   0
FMS for a cluster of   74 atoms around atom type   1
FMS for a cluster of   95 atoms around atom type   2
FMS for a cluster of  100 atoms around atom type   3
FMS for a cluster of  100 atoms around atom type   4
     point #  20  energy = -28.907
     point #  40  energy =  -8.657
     point #  60  energy =  -5.426
     point #  80  energy =  -4.341
New Fermi level:    mu=  -4.344 eV  Charge distance=  1.2898 (partial c.d.=  4.7088)
SCF ITERATION NUMBER  1
     point #   1  energy = -40.000
FMS for a cluster of   97 atoms around atom type   0
FMS for a cluster of   74 atoms around atom type   1
FMS for a cluster of   95 atoms around atom type   2
FMS for a cluster of  100 atoms around atom type   3
FMS for a cluster of  100 atoms around atom type   4
     point #  20  energy = -28.794
     point #  40  energy =  -8.419
     point #  60  energy =  -4.344
     point #  80  energy =  -6.481
     point # 100  energy =  -7.656
New Fermi level:    mu=  -7.580 eV  Charge distance=  0.4435 (partial c.d.=  6.8430)
SCF ITERATION NUMBER  1
     point #   1  energy = -40.000
FMS for a cluster of   97 atoms around atom type   0
FMS for a cluster of   74 atoms around atom type   1
FMS for a cluster of   95 atoms around atom type   2
FMS for a cluster of  100 atoms around atom type   3
FMS for a cluster of  100 atoms around atom type   4
     point #  20  energy = -28.856
     point #  40  energy =  -8.593
     point #  60  energy =  -7.620
New Fermi level:    mu=  -7.926 eV  Charge distance=  0.2354 (partial c.d.=  0.2181)
SCF ITERATION NUMBER  2
     point #   1  energy = -40.000
     point #  20  energy = -28.975
     point #  40  energy =  -8.928
     point #  60  energy =  -7.889
New Fermi level:    mu=  -7.876 eV  Charge distance=  0.0993 (partial c.d.=  0.5072)
SCF ITERATION NUMBER  3
     point #   1  energy = -40.000
     point #  20  energy = -28.957
     point #  40  energy =  -8.880
     point #  60  energy =  -7.838
New Fermi level:    mu=  -7.784 eV  Charge distance=  0.0870 (partial c.d.=  0.4834)
SCF ITERATION NUMBER  4
     point #   1  energy = -40.000
     point #  20  energy = -28.926
     point #  40  energy =  -8.791
     point #  60  energy =  -7.824
New Fermi level:    mu=  -8.105 eV  Charge distance=  0.0505 (partial c.d.=  0.7025)
SCF ITERATION NUMBER  5
     point #   1  energy = -40.000
     point #  20  energy = -29.036
     point #  40  energy =  -9.102
New Fermi level:    mu=  -8.129 eV  Charge distance=  0.0819 (partial c.d.=  0.0992)
negative density   2 -182.676 - usually harmless precision error, but check DOS if it persists
negative density   2  -13.064 - usually harmless precision error, but check DOS if it persists
SCF ITERATION NUMBER  6
     point #   1  energy = -40.000
     point #  20  energy = -28.691
     point #  40  energy =  -8.129
     point #  60  energy =  -8.079
New Fermi level:    mu=  -8.041 eV  Charge distance=  0.0198 (partial c.d.=  0.3971)
negative density   2 -171.362 - usually harmless precision error, but check DOS if it persists
negative density   2   -3.540 - usually harmless precision error, but check DOS if it persists
SCF ITERATION NUMBER  7
     point #   1  energy = -40.000
     point #  20  energy = -29.014
     point #  40  energy =  -9.040
New Fermi level:    mu=  -8.055 eV  Charge distance=  0.0041 (partial c.d.=  0.1313)
negative density   2 -171.905 - usually harmless precision error, but check DOS if it persists
negative density   2   -3.349 - usually harmless precision error, but check DOS if it persists
SCF ITERATION NUMBER  8
     point #   1  energy = -40.000
     point #  20  energy = -29.019
     point #  40  energy =  -9.053
New Fermi level:    mu=  -8.053 eV  Charge distance=  0.0039 (partial c.d.=  0.0411)
negative density   2 -173.437 - usually harmless precision error, but check DOS if it persists
negative density   2   -3.698 - usually harmless precision error, but check DOS if it persists
SCF ITERATION NUMBER  9
     point #   1  energy = -40.000
     point #  20  energy = -29.018
     point #  40  energy =  -9.051
New Fermi level:    mu=  -8.041 eV  Charge distance=  0.0034 (partial c.d.=  0.0184)
negative density   2 -172.615 - usually harmless precision error, but check DOS if it persists
negative density   2   -2.406 - usually harmless precision error, but check DOS if it persists
SCF ITERATION NUMBER 10
     point #   1  energy = -40.000
     point #  20  energy = -29.014
     point #  40  energy =  -9.040
New Fermi level:    mu=  -8.040 eV  Charge distance=  0.0030 (partial c.d.=  0.0094)
negative density   2 -172.200 - usually harmless precision error, but check DOS if it persists
negative density   2   -1.108 - usually harmless precision error, but check DOS if it persists
SCF ITERATION NUMBER 11
     point #   1  energy = -40.000
     point #  20  energy = -29.014
     point #  40  energy =  -9.039
New Fermi level:    mu=  -8.035 eV  Charge distance=  0.0010 (partial c.d.=  0.0014)
negative density   2 -172.008 - usually harmless precision error, but check DOS if it persists
negative density   2   -0.402 - usually harmless precision error, but check DOS if it persists
SCF ITERATION NUMBER 12
     point #   1  energy = -40.000
     point #  20  energy = -29.012
     point #  40  energy =  -9.034
New Fermi level:    mu=  -8.034 eV  Charge distance=  0.0001 (partial c.d.=  0.0003)
negative density   2 -171.930 - usually harmless precision error, but check DOS if it persists
negative density   2   -0.123 - usually harmless precision error, but check DOS if it persists
SCF ITERATION NUMBER 13
     point #   1  energy = -40.000
     point #  20  energy = -29.012
     point #  40  energy =  -9.033
New Fermi level:    mu=  -8.034 eV  Charge distance=  0.0001 (partial c.d.=  0.0001)
Electronic configuration
  type     l     N_el
     0     0    0.455
     0     1    0.621
     0     2    9.432
     0     3    0.000
     1     0    0.456
     1     1    0.622
     1     2    9.432
     1     3    0.000
     2     0    1.155
     2     1    2.305
     2     2    0.384
     2     3    0.000
     3     0    1.596
     3     1    2.901
     3     2    0.331
     3     3    0.000
     4     0    1.812
     4     1    4.246
     4     2    0.134
     4     3    0.000
Charge transfer:  type  charge
       0   -0.491
       1   -0.491
       2   -0.156
       3   -0.172
       4    0.192
Convergence reached in   13 iterations.
Done with module: potentials.

Calculating screened core-hole potential ...
FMS for a cluster of   13 atoms around iph =   0
    0% of energy integration
   20%
   40%
   60%
   80%
  100%
Preparing response function.
Computing (1 - K Chi0)^-1 v_ch
Done with module: screened core-hole potential.

Calculating cross-section and phases ...
    absorption cross section
 x0,dx,rnrm,inrm,jnrm   8.80000000000000       5.000000000000000E-002
   2.53864264399999              195         196
    phase shifts for unique potential    0
    phase shifts for unique potential    1
    phase shifts for unique potential    2
    phase shifts for unique potential    3
    phase shifts for unique potential    4
Done with module: cross-section and phases (XSPH).

FMS calculation of full Green's function ...
FEFF-serial using 1 thread.
Using   194 energy points.
xprep done
FMS for a cluster of  213 atoms
Energy point    1/ 194
Energy point   10/ 194
Energy point   20/ 194
Energy point   30/ 194
Energy point   40/ 194
Energy point   50/ 194
Energy point   60/ 194
Energy point   70/ 194
Energy point   80/ 194
Energy point   90/ 194
Energy point  100/ 194
Energy point  110/ 194
Energy point  120/ 194
Energy point  130/ 194
Energy point  140/ 194
Energy point  150/ 194
Energy point  160/ 194
Energy point  170/ 194
Energy point  180/ 194
Energy point  190/ 194
Done with module: FMS.

MKGTR: Tracing over Green's function ...
Done with module: MKGTR.

Pathfinder: finding scattering paths...
Preparing plane wave scattering amplitudes
Searching for paths
Eliminating path degeneracies
0 paths retained.
Done with module: pathfinder.

Calculating EXAFS parameters ...
Done with module: EXAFS parameters (GENFMT).

Calculating XAS spectra ...
Done with module: XAS spectra (FF2X: DW + final sum over paths).

 
### feff ends at Mon Aug 14 05:24:41 EDT 2023
 
