### feff starts at Mon Aug 14 11:42:21 EDT 2023
### Serial version
### FeffPath is /sdcc/u/mcarbone/software/JFEFF/hsw/feff90/linux
 
Launching FEFF version FEFF 9.9.1
Resetting lmaxsc to 2 for iph =    2.  Use  UNFREEZE to prevent this.
Core hole lifetime is   1.729 eV.
Your calculation:
 comment: None given
 Source:
 Structure Summary:  Li4 La28 Cu8 O56
 Reduced formula:  LiLa7(CuO7)2
 space group: (C2/m), space number:  (12)
 abc: 11.615599  11.615599  11.876686
 angles: 65.817888  65.817888  68.904766
 sites: 96
Cu K edge XANES using RPA corehole.
Using:     * Self-Consistent Field potentials
Using cards:   ATOMS CONTROL EXCHANGE TITLE RPATH POTENTIALS XANES EDGE SCF FMS S02 COREHOLE EGRID

Calculating atomic potentials ...
    overlapped atomic potential and density for unique potential    0
    overlapped atomic potential and density for unique potential    1
    overlapped atomic potential and density for unique potential    2
    overlapped atomic potential and density for unique potential    3
    overlapped atomic potential and density for unique potential    4
Done with module: atomic potentials.

Calculating SCF potentials ...
FEFF-serial using 1 thread.
Muffin tin radii and interstitial parameters [bohr]:
type, norman radius, muffin tin, overlap factor
    0  1.21907E+00  1.11390E+00  1.15000E+00
    1  1.20108E+00  1.14049E+00  1.14149E+00
    2  1.82989E+00  1.75659E+00  1.10787E+00
    3  1.24626E+00  1.15356E+00  1.15000E+00
    4  1.10024E+00  1.05203E+00  1.11972E+00
Core-valence separation energy:  ecv=   -47.000 eV
Initial Fermi level:              mu=    -2.468 eV
SCF ITERATION NUMBER  1
     point #   1  energy = -47.000
FMS for a cluster of   99 atoms around atom type   0
FMS for a cluster of   91 atoms around atom type   1
FMS for a cluster of   99 atoms around atom type   2
FMS for a cluster of   90 atoms around atom type   3
FMS for a cluster of   97 atoms around atom type   4
     point #  20  energy = -35.866
     point #  40  energy = -15.616
     point #  60  energy =  -8.300
     point #  80  energy =  -6.888
New Fermi level:    mu=  -6.856 eV  Charge distance=  1.5170 (partial c.d.=  6.3860)
SCF ITERATION NUMBER  1
     point #   1  energy = -47.000
FMS for a cluster of   99 atoms around atom type   0
FMS for a cluster of   91 atoms around atom type   1
FMS for a cluster of   99 atoms around atom type   2
FMS for a cluster of   90 atoms around atom type   3
FMS for a cluster of   97 atoms around atom type   4
     point #  20  energy = -35.960
     point #  40  energy = -15.889
     point #  60  energy =  -6.856
     point #  80  energy =  -7.891
     point # 100  energy = -10.969
     point # 120  energy = -11.400
     point # 140  energy = -11.650
New Fermi level:    mu= -11.873 eV  Charge distance=  0.4451 (partial c.d.=  7.7537)
SCF ITERATION NUMBER  1
     point #   1  energy = -47.000
FMS for a cluster of   99 atoms around atom type   0
FMS for a cluster of   91 atoms around atom type   1
FMS for a cluster of   99 atoms around atom type   2
FMS for a cluster of   90 atoms around atom type   3
FMS for a cluster of   97 atoms around atom type   4
     point #  20  energy = -35.960
     point #  40  energy = -15.888
     point #  60  energy = -11.873
     point #  80  energy = -10.355
     point # 100  energy = -10.492
New Fermi level:    mu= -10.490 eV  Charge distance=  0.2854 (partial c.d.=  0.2351)
SCF ITERATION NUMBER  2
     point #   1  energy = -47.000
     point #  20  energy = -35.844
     point #  40  energy = -15.561
     point #  60  energy = -10.490
     point #  80  energy =  -9.231
     point # 100  energy =  -8.762
New Fermi level:    mu=  -8.681 eV  Charge distance=  0.3623 (partial c.d.=  0.7973)
SCF ITERATION NUMBER  3
     point #   1  energy = -47.000
     point #  20  energy = -35.908
     point #  40  energy = -15.740
     point #  60  energy =  -8.681
     point #  80  energy =  -7.809
New Fermi level:    mu=  -7.612 eV  Charge distance=  0.3546 (partial c.d.=  2.2985)
SCF ITERATION NUMBER  4
     point #   1  energy = -47.000
     point #  20  energy = -35.890
     point #  40  energy = -15.691
     point #  60  energy =  -7.612
     point #  80  energy =  -8.812
     point # 100  energy =  -9.274
     point # 120  energy =  -8.927
     point # 140  energy =  -8.677
New Fermi level:    mu=  -8.679 eV  Charge distance=  0.0749 (partial c.d.=  2.5375)
SCF ITERATION NUMBER  5
     point #   1  energy = -47.000
     point #  20  energy = -35.907
     point #  40  energy = -15.738
     point #  60  energy =  -8.679
     point #  80  energy =  -9.423
New Fermi level:    mu=  -9.148 eV  Charge distance=  0.1555 (partial c.d.=  0.8202)
SCF ITERATION NUMBER  6
     point #   1  energy = -47.000
     point #  20  energy = -35.747
     point #  40  energy = -15.286
     point #  60  energy =  -9.148
     point #  80  energy =  -8.692
New Fermi level:    mu=  -8.496 eV  Charge distance=  0.0525 (partial c.d.=  0.5083)
SCF ITERATION NUMBER  7
     point #   1  energy = -47.000
     point #  20  energy = -35.854
     point #  40  energy = -15.589
     point #  60  energy =  -8.496
New Fermi level:    mu=  -8.612 eV  Charge distance=  0.0197 (partial c.d.=  0.6635)
SCF ITERATION NUMBER  8
     point #   1  energy = -47.000
     point #  20  energy = -35.888
     point #  40  energy = -15.684
     point #  60  energy =  -8.612
New Fermi level:    mu=  -8.583 eV  Charge distance=  0.0109 (partial c.d.=  0.1490)
SCF ITERATION NUMBER  9
     point #   1  energy = -47.000
     point #  20  energy = -35.879
     point #  40  energy = -15.659
     point #  60  energy =  -8.583
New Fermi level:    mu=  -8.568 eV  Charge distance=  0.0125 (partial c.d.=  0.0203)
SCF ITERATION NUMBER 10
     point #   1  energy = -47.000
     point #  20  energy = -35.875
     point #  40  energy = -15.648
     point #  60  energy =  -8.568
New Fermi level:    mu=  -8.568 eV  Charge distance=  0.0109 (partial c.d.=  0.0072)
SCF ITERATION NUMBER 11
     point #   1  energy = -47.000
     point #  20  energy = -35.875
     point #  40  energy = -15.647
     point #  60  energy =  -8.568
New Fermi level:    mu=  -8.565 eV  Charge distance=  0.0003 (partial c.d.=  0.0073)
SCF ITERATION NUMBER 12
     point #   1  energy = -47.000
     point #  20  energy = -35.874
     point #  40  energy = -15.645
     point #  60  energy =  -8.565
New Fermi level:    mu=  -8.564 eV  Charge distance=  0.0011 (partial c.d.=  0.0007)
SCF ITERATION NUMBER 13
     point #   1  energy = -47.000
     point #  20  energy = -35.874
     point #  40  energy = -15.645
     point #  60  energy =  -8.564
New Fermi level:    mu=  -8.563 eV  Charge distance=  0.0002 (partial c.d.=  0.0004)
SCF ITERATION NUMBER 14
     point #   1  energy = -47.000
     point #  20  energy = -35.874
     point #  40  energy = -15.644
     point #  60  energy =  -8.563
New Fermi level:    mu=  -8.563 eV  Charge distance=  0.0001 (partial c.d.=  0.0001)
Electronic configuration
  type     l     N_el
     0     0    0.477
     0     1    0.610
     0     2    9.391
     0     3    0.000
     1     0    0.247
     1     1    0.556
     1     2    0.000
     1     3    0.000
     2     0    2.290
     2     1    6.377
     2     2    1.667
     2     3    0.000
     3     0    0.480
     3     1    0.604
     3     2    9.413
     3     3    0.000
     4     0    1.857
     4     1    4.494
     4     2    0.069
     4     3    0.000
Charge transfer:  type  charge
       0   -0.523
       1   -0.196
       2   -0.667
       3   -0.502
       4    0.419
Convergence reached in   14 iterations.
Done with module: potentials.

Calculating screened core-hole potential ...
FMS for a cluster of   17 atoms around iph =   0
    0% of energy integration
   20%
   40%
   60%
   80%
  100%
Preparing response function.
Computing (1 - K Chi0)^-1 v_ch
Done with module: screened core-hole potential.

Calculating cross-section and phases ...
    absorption cross section
 x0,dx,rnrm,inrm,jnrm   8.80000000000000       5.000000000000000E-002
   2.30370931499995              193         194
    phase shifts for unique potential    0
    phase shifts for unique potential    1
    phase shifts for unique potential    2
    phase shifts for unique potential    3
    phase shifts for unique potential    4
Done with module: cross-section and phases (XSPH).

FMS calculation of full Green's function ...
FEFF-serial using 1 thread.
Using   194 energy points.
xprep done
FMS for a cluster of  236 atoms
Energy point    1/ 194
Energy point   10/ 194
Energy point   20/ 194
Energy point   30/ 194
Energy point   40/ 194
Energy point   50/ 194
Energy point   60/ 194
Energy point   70/ 194
Energy point   80/ 194
Energy point   90/ 194
Energy point  100/ 194
Energy point  110/ 194
Energy point  120/ 194
Energy point  130/ 194
Energy point  140/ 194
Energy point  150/ 194
Energy point  160/ 194
Energy point  170/ 194
Energy point  180/ 194
Energy point  190/ 194
Done with module: FMS.

MKGTR: Tracing over Green's function ...
Done with module: MKGTR.

Pathfinder: finding scattering paths...
Preparing plane wave scattering amplitudes
Searching for paths
Eliminating path degeneracies
0 paths retained.
Done with module: pathfinder.

Calculating EXAFS parameters ...
Done with module: EXAFS parameters (GENFMT).

Calculating XAS spectra ...
Done with module: XAS spectra (FF2X: DW + final sum over paths).

 
### feff ends at Mon Aug 14 13:18:51 EDT 2023
 
