### feff starts at Mon Aug 14 01:35:03 EDT 2023
### Serial version
### FeffPath is /sdcc/u/mcarbone/software/JFEFF/hsw/feff90/linux
 
Launching FEFF version FEFF 9.9.1
Core hole lifetime is   1.729 eV.
Your calculation:
 comment: None given
 Source:
 Structure Summary:  Li5 Co5 Cu2 O12
 Reduced formula:  Li5Co5(CuO6)2
 space group: (C2), space number:  (5)
 abc:  5.017159   5.017163   9.543429
 angles: 94.622592  94.622756 118.102772
 sites: 24
Cu K edge XANES using RPA corehole.
Using:     * Self-Consistent Field potentials
Using cards:   ATOMS CONTROL EXCHANGE TITLE RPATH POTENTIALS XANES EDGE SCF FMS S02 COREHOLE EGRID

Calculating atomic potentials ...
    overlapped atomic potential and density for unique potential    0
    overlapped atomic potential and density for unique potential    1
    overlapped atomic potential and density for unique potential    2
    overlapped atomic potential and density for unique potential    3
    overlapped atomic potential and density for unique potential    4
Done with module: atomic potentials.

Calculating SCF potentials ...
FEFF-serial using 1 thread.
Muffin tin radii and interstitial parameters [bohr]:
type, norman radius, muffin tin, overlap factor
    0  1.27613E+00  1.21206E+00  1.14069E+00
    1  1.28254E+00  1.23630E+00  1.09561E+00
    2  1.35047E+00  1.24814E+00  1.15000E+00
    3  1.27665E+00  1.21249E+00  1.14086E+00
    4  1.08888E+00  1.03626E+00  1.13438E+00
Core-valence separation energy:  ecv=   -40.000 eV
Initial Fermi level:              mu=    -1.811 eV
SCF ITERATION NUMBER  1
     point #   1  energy = -40.000
FMS for a cluster of  163 atoms around atom type   0
FMS for a cluster of  163 atoms around atom type   1
FMS for a cluster of  165 atoms around atom type   2
FMS for a cluster of  123 atoms around atom type   3
FMS for a cluster of  171 atoms around atom type   4
     point #  20  energy = -28.923
     point #  40  energy =  -9.685
     point #  60  energy =  -9.026
     point #  80  energy =  -8.282
     point # 100  energy =  -8.013
     point # 120  energy =  -7.763
 Found bad counts.
  Occupation number in getorb is    10.000
  Will repeat this iteration.
 Found bad counts.
  Occupation number in getorb is    10.000
  Will repeat this iteration.
New Fermi level:    mu=  -7.724 eV  Charge distance=  1.9156 (partial c.d.=  9.9331)
SCF ITERATION NUMBER  1
     point #   1  energy = -40.000
FMS for a cluster of  163 atoms around atom type   0
FMS for a cluster of  163 atoms around atom type   1
FMS for a cluster of  165 atoms around atom type   2
FMS for a cluster of  123 atoms around atom type   3
FMS for a cluster of  171 atoms around atom type   4
     point #  20  energy = -28.905
     point #  40  energy =  -8.733
     point #  60  energy =  -7.684
     point #  80  energy =  -6.174
New Fermi level:    mu=  -6.147 eV  Charge distance=  0.7887 (partial c.d.=  9.7561)
SCF ITERATION NUMBER  1
     point #   1  energy = -40.000
FMS for a cluster of  163 atoms around atom type   0
FMS for a cluster of  163 atoms around atom type   1
FMS for a cluster of  165 atoms around atom type   2
FMS for a cluster of  123 atoms around atom type   3
FMS for a cluster of  171 atoms around atom type   4
     point #  20  energy = -28.716
     point #  40  energy =  -8.198
     point #  60  energy =  -6.159
     point #  80  energy =  -8.175
     point # 100  energy = -12.431
     point # 120  energy = -13.166
New Fermi level:    mu= -13.168 eV  Charge distance=  0.2738 (partial c.d.=  3.6685)
SCF ITERATION NUMBER  2
     point #   1  energy = -40.000
     point #  20  energy = -29.069
     point #  40  energy = -13.168
     point #  60  energy = -13.000
     point #  80  energy =  -9.834
     point # 100  energy = -10.153
New Fermi level:    mu= -10.198 eV  Charge distance=  0.2591 (partial c.d.=  2.0188)
SCF ITERATION NUMBER  3
     point #   1  energy = -40.000
     point #  20  energy = -28.696
     point #  40  energy = -10.198
     point #  60  energy = -10.289
     point #  80  energy = -11.351
New Fermi level:    mu= -11.337 eV  Charge distance=  0.2003 (partial c.d.=  5.2729)
SCF ITERATION NUMBER  4
     point #   1  energy = -40.000
     point #  20  energy = -28.740
     point #  40  energy = -11.337
     point #  60  energy = -11.506
New Fermi level:    mu= -12.007 eV  Charge distance=  0.0863 (partial c.d.=  4.6800)
SCF ITERATION NUMBER  5
     point #   1  energy = -40.000
     point #  20  energy = -29.003
     point #  40  energy = -12.007
     point #  60  energy = -11.854
New Fermi level:    mu= -11.854 eV  Charge distance=  0.0648 (partial c.d.=  0.9524)
SCF ITERATION NUMBER  6
     point #   1  energy = -40.000
     point #  20  energy = -28.943
     point #  40  energy = -11.854
     point #  60  energy = -11.663
New Fermi level:    mu= -11.548 eV  Charge distance=  0.0909 (partial c.d.=  0.3657)
SCF ITERATION NUMBER  7
     point #   1  energy = -40.000
     point #  20  energy = -28.822
     point #  40  energy = -11.548
     point #  60  energy = -11.658
New Fermi level:    mu= -11.734 eV  Charge distance=  0.0505 (partial c.d.=  1.4261)
SCF ITERATION NUMBER  8
     point #   1  energy = -40.000
     point #  20  energy = -28.896
     point #  40  energy = -11.734
New Fermi level:    mu= -11.688 eV  Charge distance=  0.0279 (partial c.d.=  0.6516)
SCF ITERATION NUMBER  9
     point #   1  energy = -40.000
     point #  20  energy = -28.878
     point #  40  energy = -11.688
     point #  60  energy = -11.535
New Fermi level:    mu= -11.522 eV  Charge distance=  0.0175 (partial c.d.=  0.2906)
SCF ITERATION NUMBER 10
     point #   1  energy = -40.000
     point #  20  energy = -28.812
     point #  40  energy = -11.522
New Fermi level:    mu= -11.515 eV  Charge distance=  0.0115 (partial c.d.=  0.5853)
SCF ITERATION NUMBER 11
     point #   1  energy = -40.000
     point #  20  energy = -28.809
     point #  40  energy = -11.515
New Fermi level:    mu= -11.497 eV  Charge distance=  0.0034 (partial c.d.=  0.3067)
SCF ITERATION NUMBER 12
     point #   1  energy = -40.000
     point #  20  energy = -28.802
     point #  40  energy = -11.497
New Fermi level:    mu= -11.494 eV  Charge distance=  0.0029 (partial c.d.=  0.0517)
SCF ITERATION NUMBER 13
     point #   1  energy = -40.000
     point #  20  energy = -28.801
     point #  40  energy = -11.494
New Fermi level:    mu= -11.491 eV  Charge distance=  0.0016 (partial c.d.=  0.0235)
SCF ITERATION NUMBER 14
     point #   1  energy = -40.000
     point #  20  energy = -28.800
     point #  40  energy = -11.491
New Fermi level:    mu= -11.494 eV  Charge distance=  0.0048 (partial c.d.=  0.0081)
SCF ITERATION NUMBER 15
     point #   1  energy = -40.000
     point #  20  energy = -28.801
     point #  40  energy = -11.494
New Fermi level:    mu= -11.499 eV  Charge distance=  0.0004 (partial c.d.=  0.0189)
SCF ITERATION NUMBER 16
     point #   1  energy = -40.000
     point #  20  energy = -28.803
     point #  40  energy = -11.499
New Fermi level:    mu= -11.499 eV  Charge distance=  0.0002 (partial c.d.=  0.0031)
SCF ITERATION NUMBER 17
     point #   1  energy = -40.000
     point #  20  energy = -28.803
     point #  40  energy = -11.499
New Fermi level:    mu= -11.499 eV  Charge distance=  0.0001 (partial c.d.=  0.0013)
SCF ITERATION NUMBER 18
     point #   1  energy = -40.000
     point #  20  energy = -28.803
     point #  40  energy = -11.499
New Fermi level:    mu= -11.499 eV  Charge distance=  0.0002 (partial c.d.=  0.0008)
SCF ITERATION NUMBER 19
     point #   1  energy = -40.000
     point #  20  energy = -28.803
     point #  40  energy = -11.499
New Fermi level:    mu= -11.498 eV  Charge distance=  0.0000 (partial c.d.=  0.0013)
SCF ITERATION NUMBER 20
     point #   1  energy = -40.000
     point #  20  energy = -28.803
     point #  40  energy = -11.498
New Fermi level:    mu= -11.498 eV  Charge distance=  0.0000 (partial c.d.=  0.0006)
SCF ITERATION NUMBER 21
     point #   1  energy = -40.000
     point #  20  energy = -28.803
     point #  40  energy = -11.498
New Fermi level:    mu= -11.498 eV  Charge distance=  0.0000 (partial c.d.=  0.0000)
Electronic configuration
  type     l     N_el
     0     0    0.442
     0     1    0.532
     0     2    9.231
     0     3    0.000
     1     0    0.202
     1     1    0.422
     1     2    0.000
     1     3    0.000
     2     0    0.514
     2     1    0.786
     2     2    7.680
     2     3    0.000
     3     0    0.441
     3     1    0.531
     3     2    9.234
     3     3    0.000
     4     0    1.828
     4     1    4.411
     4     2    0.059
     4     3    0.000
Charge transfer:  type  charge
       0   -0.795
       1   -0.375
       2   -0.020
       3   -0.794
       4    0.298
Convergence reached in   21 iterations.
Done with module: potentials.

Calculating screened core-hole potential ...
FMS for a cluster of   27 atoms around iph =   0
    0% of energy integration
   20%
   40%
   60%
   80%
  100%
Preparing response function.
Computing (1 - K Chi0)^-1 v_ch
Done with module: screened core-hole potential.

Calculating cross-section and phases ...
    absorption cross section
 x0,dx,rnrm,inrm,jnrm   8.80000000000000       5.000000000000000E-002
   2.41153153999995              194         195
    phase shifts for unique potential    0
    phase shifts for unique potential    1
    phase shifts for unique potential    2
    phase shifts for unique potential    3
    phase shifts for unique potential    4
Done with module: cross-section and phases (XSPH).

FMS calculation of full Green's function ...
FEFF-serial using 1 thread.
Using   194 energy points.
xprep done
FMS for a cluster of  355 atoms
Energy point    1/ 194
Energy point   10/ 194
Energy point   20/ 194
Energy point   30/ 194
Energy point   40/ 194
Energy point   50/ 194
Energy point   60/ 194
Energy point   70/ 194
Energy point   80/ 194
Energy point   90/ 194
Energy point  100/ 194
Energy point  110/ 194
Energy point  120/ 194
Energy point  130/ 194
Energy point  140/ 194
Energy point  150/ 194
Energy point  160/ 194
Energy point  170/ 194
Energy point  180/ 194
Energy point  190/ 194
Done with module: FMS.

MKGTR: Tracing over Green's function ...
Done with module: MKGTR.

Pathfinder: finding scattering paths...
Preparing plane wave scattering amplitudes
Searching for paths
Eliminating path degeneracies
0 paths retained.
Done with module: pathfinder.

Calculating EXAFS parameters ...
Done with module: EXAFS parameters (GENFMT).

Calculating XAS spectra ...
Done with module: XAS spectra (FF2X: DW + final sum over paths).

 
### feff ends at Mon Aug 14 05:56:37 EDT 2023
 
