### feff starts at Sun Aug 13 21:40:03 EDT 2023
### Serial version
### FeffPath is /sdcc/u/mcarbone/software/JFEFF/hsw/feff90/linux
 
Launching FEFF version FEFF 9.9.1
Core hole lifetime is   1.729 eV.
Your calculation:
 comment: None given
 Source:
 Structure Summary:  Cu6 O1 F11
 Reduced formula:  Cu6OF11
 space group: (P1), space number:  (1)
 abc:  3.276141  10.395734   6.430312
 angles:107.124948  85.767592  86.432411
 sites: 18
Cu K edge XANES using RPA corehole.
Using:     * Self-Consistent Field potentials
Using cards:   ATOMS CONTROL EXCHANGE TITLE RPATH POTENTIALS XANES EDGE SCF FMS S02 COREHOLE EGRID

Calculating atomic potentials ...
    overlapped atomic potential and density for unique potential    0
    overlapped atomic potential and density for unique potential    1
    overlapped atomic potential and density for unique potential    2
    overlapped atomic potential and density for unique potential    3
Done with module: atomic potentials.

Calculating SCF potentials ...
FEFF-serial using 1 thread.
Muffin tin radii and interstitial parameters [bohr]:
type, norman radius, muffin tin, overlap factor
    0  1.33218E+00  1.22220E+00  1.15000E+00
    1  1.33218E+00  1.22220E+00  1.15000E+00
    2  1.12722E+00  1.00099E+00  1.15000E+00
    3  1.13015E+00  1.03798E+00  1.15000E+00
Core-valence separation energy:  ecv=   -40.000 eV
Initial Fermi level:              mu=     2.352 eV
SCF ITERATION NUMBER  1
     point #   1  energy = -40.000
FMS for a cluster of  124 atoms around atom type   0
FMS for a cluster of  113 atoms around atom type   1
FMS for a cluster of  120 atoms around atom type   2
FMS for a cluster of  122 atoms around atom type   3
     point #  20  energy = -28.896
     point #  40  energy =  -8.646
     point #  60  energy =  -2.008
     point #  80  energy =  -2.355
New Fermi level:    mu=  -2.530 eV  Charge distance=  0.2481 (partial c.d.=  8.7387)
SCF ITERATION NUMBER  1
     point #   1  energy = -40.000
FMS for a cluster of  124 atoms around atom type   0
FMS for a cluster of  113 atoms around atom type   1
FMS for a cluster of  120 atoms around atom type   2
FMS for a cluster of  122 atoms around atom type   3
     point #  20  energy = -28.860
     point #  40  energy =  -8.606
     point #  60  energy =  -2.530
     point #  80  energy =  -4.177
     point # 100  energy =  -6.305
New Fermi level:    mu=  -6.547 eV  Charge distance=  0.0535 (partial c.d.=  0.7450)
SCF ITERATION NUMBER  1
     point #   1  energy = -40.000
FMS for a cluster of  124 atoms around atom type   0
FMS for a cluster of  113 atoms around atom type   1
FMS for a cluster of  120 atoms around atom type   2
FMS for a cluster of  122 atoms around atom type   3
     point #  20  energy = -28.849
     point #  40  energy =  -8.575
     point #  60  energy =  -6.522
New Fermi level:    mu=  -6.534 eV  Charge distance=  0.0400 (partial c.d.=  0.1569)
SCF ITERATION NUMBER  2
     point #   1  energy = -40.000
     point #  20  energy = -28.845
     point #  40  energy =  -8.562
     point #  60  energy =  -6.559
New Fermi level:    mu=  -6.566 eV  Charge distance=  0.3612 (partial c.d.=  0.7093)
SCF ITERATION NUMBER  3
     point #   1  energy = -40.000
     point #  20  energy = -28.855
     point #  40  energy =  -8.593
     point #  60  energy =  -6.554
     point #  80  energy =  -6.385
New Fermi level:    mu=  -6.436 eV  Charge distance=  0.0795 (partial c.d.=  1.3016)
SCF ITERATION NUMBER  4
     point #   1  energy = -40.000
     point #  20  energy = -28.812
     point #  40  energy =  -8.470
     point #  60  energy =  -6.448
New Fermi level:    mu=  -6.646 eV  Charge distance=  0.1099 (partial c.d.=  0.0562)
SCF ITERATION NUMBER  5
     point #   1  energy = -40.000
     point #  20  energy = -28.882
     point #  40  energy =  -8.667
     point #  60  energy =  -6.658
New Fermi level:    mu=  -6.864 eV  Charge distance=  0.2223 (partial c.d.=  0.0990)
SCF ITERATION NUMBER  6
     point #   1  energy = -40.000
     point #  20  energy = -28.955
     point #  40  energy =  -8.872
     point #  60  energy =  -6.876
     point #  80  energy =  -6.992
New Fermi level:    mu=  -7.004 eV  Charge distance=  0.1654 (partial c.d.=  2.8865)
SCF ITERATION NUMBER  7
     point #   1  energy = -40.000
     point #  20  energy = -29.001
     point #  40  energy =  -9.004
     point #  60  energy =  -6.979
New Fermi level:    mu=  -6.991 eV  Charge distance=  0.0278 (partial c.d.=  2.7746)
SCF ITERATION NUMBER  8
     point #   1  energy = -40.000
     point #  20  energy = -28.997
     point #  40  energy =  -8.992
     point #  60  energy =  -7.016
New Fermi level:    mu=  -7.005 eV  Charge distance=  0.1143 (partial c.d.=  0.0748)
SCF ITERATION NUMBER  9
     point #   1  energy = -40.000
     point #  20  energy = -29.002
     point #  40  energy =  -9.004
     point #  60  energy =  -6.980
New Fermi level:    mu=  -6.916 eV  Charge distance=  0.0600 (partial c.d.=  0.8735)
SCF ITERATION NUMBER 10
     point #   1  energy = -40.000
     point #  20  energy = -28.972
     point #  40  energy =  -8.921
     point #  60  energy =  -6.941
New Fermi level:    mu=  -6.939 eV  Charge distance=  0.0211 (partial c.d.=  0.7354)
SCF ITERATION NUMBER 11
     point #   1  energy = -40.000
     point #  20  energy = -28.980
     point #  40  energy =  -8.942
     point #  60  energy =  -6.914
New Fermi level:    mu=  -6.924 eV  Charge distance=  0.0241 (partial c.d.=  0.1223)
SCF ITERATION NUMBER 12
     point #   1  energy = -40.000
     point #  20  energy = -28.975
     point #  40  energy =  -8.929
New Fermi level:    mu=  -6.918 eV  Charge distance=  0.0089 (partial c.d.=  0.2302)
SCF ITERATION NUMBER 13
     point #   1  energy = -40.000
     point #  20  energy = -28.973
     point #  40  energy =  -8.923
New Fermi level:    mu=  -6.921 eV  Charge distance=  0.0020 (partial c.d.=  0.1101)
SCF ITERATION NUMBER 14
     point #   1  energy = -40.000
     point #  20  energy = -28.974
     point #  40  energy =  -8.926
New Fermi level:    mu=  -6.919 eV  Charge distance=  0.0032 (partial c.d.=  0.0118)
SCF ITERATION NUMBER 15
     point #   1  energy = -40.000
     point #  20  energy = -28.973
     point #  40  energy =  -8.924
New Fermi level:    mu=  -6.915 eV  Charge distance=  0.0005 (partial c.d.=  0.0175)
SCF ITERATION NUMBER 16
     point #   1  energy = -40.000
     point #  20  energy = -28.972
     point #  40  energy =  -8.920
New Fermi level:    mu=  -6.915 eV  Charge distance=  0.0011 (partial c.d.=  0.0002)
SCF ITERATION NUMBER 17
     point #   1  energy = -40.000
     point #  20  energy = -28.972
     point #  40  energy =  -8.920
New Fermi level:    mu=  -6.913 eV  Charge distance=  0.0005 (partial c.d.=  0.0043)
SCF ITERATION NUMBER 18
     point #   1  energy = -40.000
     point #  20  energy = -28.971
     point #  40  energy =  -8.919
New Fermi level:    mu=  -6.913 eV  Charge distance=  0.0002 (partial c.d.=  0.0035)
SCF ITERATION NUMBER 19
     point #   1  energy = -40.000
     point #  20  energy = -28.971
     point #  40  energy =  -8.918
New Fermi level:    mu=  -6.913 eV  Charge distance=  0.0000 (partial c.d.=  0.0004)
SCF ITERATION NUMBER 20
     point #   1  energy = -40.000
     point #  20  energy = -28.971
     point #  40  energy =  -8.918
New Fermi level:    mu=  -6.913 eV  Charge distance=  0.0000 (partial c.d.=  0.0000)
Electronic configuration
  type     l     N_el
     0     0    0.468
     0     1    0.594
     0     2    9.478
     0     3    0.000
     1     0    0.468
     1     1    0.595
     1     2    9.478
     1     3    0.000
     2     0    1.870
     2     1    4.417
     2     2    0.090
     2     3    0.000
     3     0    1.961
     3     1    5.195
     3     2    0.060
     3     3    0.000
Charge transfer:  type  charge
       0   -0.460
       1   -0.458
       2    0.377
       3    0.216
Convergence reached in   20 iterations.
Done with module: potentials.

Calculating screened core-hole potential ...
FMS for a cluster of   26 atoms around iph =   0
    0% of energy integration
   20%
   40%
   60%
   80%
  100%
Preparing response function.
Computing (1 - K Chi0)^-1 v_ch
Done with module: screened core-hole potential.

Calculating cross-section and phases ...
    absorption cross section
 x0,dx,rnrm,inrm,jnrm   8.80000000000000       5.000000000000000E-002
   2.51744668100002              195         196
    phase shifts for unique potential    0
    phase shifts for unique potential    1
    phase shifts for unique potential    2
    phase shifts for unique potential    3
Done with module: cross-section and phases (XSPH).

FMS calculation of full Green's function ...
FEFF-serial using 1 thread.
Using   194 energy points.
xprep done
FMS for a cluster of  268 atoms
Energy point    1/ 194
Energy point   10/ 194
Energy point   20/ 194
Energy point   30/ 194
Energy point   40/ 194
Energy point   50/ 194
Energy point   60/ 194
Energy point   70/ 194
Energy point   80/ 194
Energy point   90/ 194
Energy point  100/ 194
Energy point  110/ 194
Energy point  120/ 194
Energy point  130/ 194
Energy point  140/ 194
Energy point  150/ 194
Energy point  160/ 194
Energy point  170/ 194
Energy point  180/ 194
Energy point  190/ 194
Done with module: FMS.

MKGTR: Tracing over Green's function ...
Done with module: MKGTR.

Pathfinder: finding scattering paths...
Preparing plane wave scattering amplitudes
Searching for paths
Eliminating path degeneracies
0 paths retained.
Done with module: pathfinder.

Calculating EXAFS parameters ...
Done with module: EXAFS parameters (GENFMT).

Calculating XAS spectra ...
Done with module: XAS spectra (FF2X: DW + final sum over paths).

 
### feff ends at Sun Aug 13 23:54:45 EDT 2023
 
