### feff starts at Sun Aug 13 09:26:11 EDT 2023
### Serial version
### FeffPath is /sdcc/u/mcarbone/software/JFEFF/hsw/feff90/linux
 
Launching FEFF version FEFF 9.9.1
Core hole lifetime is   1.729 eV.
Your calculation:
 comment: None given
 Source:
 Structure Summary:  Al4 Cu2 O7
 Reduced formula:  Al4Cu2O7
 space group: (F-43m), space number:  (216)
 abc:  5.994359   5.994359   5.994359
 angles: 60.000000  60.000000  60.000000
 sites: 13
Cu K edge XANES using RPA corehole.
Using:     * Self-Consistent Field potentials
Using cards:   ATOMS CONTROL EXCHANGE TITLE RPATH POTENTIALS XANES EDGE SCF FMS S02 COREHOLE EGRID

Calculating atomic potentials ...
    overlapped atomic potential and density for unique potential    0
    overlapped atomic potential and density for unique potential    1
    overlapped atomic potential and density for unique potential    2
    overlapped atomic potential and density for unique potential    3
Done with module: atomic potentials.

Calculating SCF potentials ...
FEFF-serial using 1 thread.
Muffin tin radii and interstitial parameters [bohr]:
 WARNING: NO ATOMS CLOSE ENOUGH TO OVERLAP ATOM   21,  UNIQUE POT    2!!  Rmt set to Rnorman.  May be error in input file.
type, norman radius, muffin tin, overlap factor
    0  1.42480E+00  1.37123E+00  1.10029E+00
    1  1.30222E+00  1.11999E+00  1.15000E+00
    2  1.69141E+00  1.69141E+00  1.00000E+00
    3  1.08892E+00  9.44362E-01  1.15000E+00
Core-valence separation energy:  ecv=   -40.000 eV
Initial Fermi level:              mu=     3.210 eV
SCF ITERATION NUMBER  1
     point #   1  energy = -40.000
FMS for a cluster of  121 atoms around atom type   0
FMS for a cluster of  115 atoms around atom type   1
FMS for a cluster of  107 atoms around atom type   2
FMS for a cluster of  127 atoms around atom type   3
     point #  20  energy = -28.923
     point #  40  energy =  -8.673
     point #  60  energy =  -4.389
     point #  80  energy =  -4.080
New Fermi level:    mu=  -4.087 eV  Charge distance=  0.9074 (partial c.d.=  5.8065)
SCF ITERATION NUMBER  1
     point #   1  energy = -40.000
FMS for a cluster of  121 atoms around atom type   0
FMS for a cluster of  115 atoms around atom type   1
FMS for a cluster of  107 atoms around atom type   2
FMS for a cluster of  127 atoms around atom type   3
     point #  20  energy = -28.713
     point #  40  energy =  -8.191
     point #  60  energy =  -4.087
     point #  80  energy =  -6.043
     point # 100  energy =  -9.606
New Fermi level:    mu=  -9.270 eV  Charge distance=  0.2558 (partial c.d.=  4.6883)
SCF ITERATION NUMBER  1
     point #   1  energy = -40.000
FMS for a cluster of  121 atoms around atom type   0
FMS for a cluster of  115 atoms around atom type   1
FMS for a cluster of  107 atoms around atom type   2
FMS for a cluster of  127 atoms around atom type   3
     point #  20  energy = -28.732
     point #  40  energy =  -9.270
     point #  60  energy =  -9.179
     point #  80  energy =  -8.398
New Fermi level:    mu=  -8.367 eV  Charge distance=  0.1398 (partial c.d.=  0.1866)
SCF ITERATION NUMBER  2
     point #   1  energy = -40.000
     point #  20  energy = -28.775
     point #  40  energy =  -8.367
     point #  60  energy =  -8.327
New Fermi level:    mu=  -7.929 eV  Charge distance=  0.1684 (partial c.d.=  0.1367)
SCF ITERATION NUMBER  3
     point #   1  energy = -40.000
     point #  20  energy = -28.976
     point #  40  energy =  -8.932
     point #  60  energy =  -7.889
     point #  80  energy =  -7.214
New Fermi level:    mu=  -7.235 eV  Charge distance=  0.1696 (partial c.d.=  7.2003)
SCF ITERATION NUMBER  4
     point #   1  energy = -40.000
     point #  20  energy = -28.737
     point #  40  energy =  -8.259
     point #  60  energy =  -7.275
New Fermi level:    mu=  -7.498 eV  Charge distance=  0.0464 (partial c.d.=  7.2123)
SCF ITERATION NUMBER  5
     point #   1  energy = -40.000
     point #  20  energy = -28.827
     point #  40  energy =  -8.514
     point #  60  energy =  -7.536
New Fermi level:    mu=  -7.525 eV  Charge distance=  0.0775 (partial c.d.=  0.0393)
SCF ITERATION NUMBER  6
     point #   1  energy = -40.000
     point #  20  energy = -28.837
     point #  40  energy =  -8.539
     point #  60  energy =  -7.487
New Fermi level:    mu=  -7.495 eV  Charge distance=  0.0081 (partial c.d.=  0.0216)
SCF ITERATION NUMBER  7
     point #   1  energy = -40.000
     point #  20  energy = -28.826
     point #  40  energy =  -8.511
     point #  60  energy =  -7.532
New Fermi level:    mu=  -7.545 eV  Charge distance=  0.0153 (partial c.d.=  0.0142)
SCF ITERATION NUMBER  8
     point #   1  energy = -40.000
     point #  20  energy = -28.843
     point #  40  energy =  -8.559
New Fermi level:    mu=  -7.564 eV  Charge distance=  0.0784 (partial c.d.=  0.0128)
SCF ITERATION NUMBER  9
     point #   1  energy = -40.000
     point #  20  energy = -28.850
     point #  40  energy =  -8.578
     point #  60  energy =  -7.602
New Fermi level:    mu=  -7.660 eV  Charge distance=  0.0093 (partial c.d.=  0.1005)
SCF ITERATION NUMBER 10
     point #   1  energy = -40.000
     point #  20  energy = -28.883
     point #  40  energy =  -8.671
New Fermi level:    mu=  -7.641 eV  Charge distance=  0.0157 (partial c.d.=  0.0279)
SCF ITERATION NUMBER 11
     point #   1  energy = -40.000
     point #  20  energy = -28.876
     point #  40  energy =  -8.652
New Fermi level:    mu=  -7.638 eV  Charge distance=  0.0177 (partial c.d.=  0.0470)
SCF ITERATION NUMBER 12
     point #   1  energy = -40.000
     point #  20  energy = -28.876
     point #  40  energy =  -8.650
New Fermi level:    mu=  -7.616 eV  Charge distance=  0.0062 (partial c.d.=  0.0504)
SCF ITERATION NUMBER 13
     point #   1  energy = -40.000
     point #  20  energy = -28.868
     point #  40  energy =  -8.628
New Fermi level:    mu=  -7.612 eV  Charge distance=  0.0031 (partial c.d.=  0.0424)
SCF ITERATION NUMBER 14
     point #   1  energy = -40.000
     point #  20  energy = -28.867
     point #  40  energy =  -8.624
New Fermi level:    mu=  -7.607 eV  Charge distance=  0.0063 (partial c.d.=  0.0124)
SCF ITERATION NUMBER 15
     point #   1  energy = -40.000
     point #  20  energy = -28.865
     point #  40  energy =  -8.619
New Fermi level:    mu=  -7.598 eV  Charge distance=  0.0006 (partial c.d.=  0.0220)
SCF ITERATION NUMBER 16
     point #   1  energy = -40.000
     point #  20  energy = -28.862
     point #  40  energy =  -8.610
New Fermi level:    mu=  -7.597 eV  Charge distance=  0.0011 (partial c.d.=  0.0002)
SCF ITERATION NUMBER 17
     point #   1  energy = -40.000
     point #  20  energy = -28.862
     point #  40  energy =  -8.610
New Fermi level:    mu=  -7.598 eV  Charge distance=  0.0006 (partial c.d.=  0.0096)
SCF ITERATION NUMBER 18
     point #   1  energy = -40.000
     point #  20  energy = -28.862
     point #  40  energy =  -8.610
New Fermi level:    mu=  -7.597 eV  Charge distance=  0.0003 (partial c.d.=  0.0057)
SCF ITERATION NUMBER 19
     point #   1  energy = -40.000
     point #  20  energy = -28.862
     point #  40  energy =  -8.610
New Fermi level:    mu=  -7.597 eV  Charge distance=  0.0000 (partial c.d.=  0.0028)
SCF ITERATION NUMBER 20
     point #   1  energy = -40.000
     point #  20  energy = -28.862
     point #  40  energy =  -8.610
New Fermi level:    mu=  -7.597 eV  Charge distance=  0.0001 (partial c.d.=  0.0005)
SCF ITERATION NUMBER 21
     point #   1  energy = -40.000
     point #  20  energy = -28.862
     point #  40  energy =  -8.610
New Fermi level:    mu=  -7.598 eV  Charge distance=  0.0000 (partial c.d.=  0.0007)
SCF ITERATION NUMBER 22
     point #   1  energy = -40.000
     point #  20  energy = -28.862
     point #  40  energy =  -8.610
New Fermi level:    mu=  -7.598 eV  Charge distance=  0.0000 (partial c.d.=  0.0003)
SCF ITERATION NUMBER 23
     point #   1  energy = -40.000
     point #  20  energy = -28.862
     point #  40  energy =  -8.610
New Fermi level:    mu=  -7.598 eV  Charge distance=  0.0000 (partial c.d.=  0.0000)
Electronic configuration
  type     l     N_el
     0     0    0.386
     0     1    0.510
     0     2    9.757
     0     3    0.000
     1     0    0.729
     1     1    1.132
     1     2    0.684
     1     3    0.000
     2     0    0.578
     2     1    0.244
     2     2    9.758
     2     3    0.000
     3     0    1.844
     3     1    4.508
     3     2    0.029
     3     3    0.000
Charge transfer:  type  charge
       0   -0.347
       1   -0.455
       2   -0.420
       3    0.381
Convergence reached in   23 iterations.
Done with module: potentials.

Calculating screened core-hole potential ...
FMS for a cluster of   27 atoms around iph =   0
    0% of energy integration
   20%
   40%
   60%
   80%
  100%
Preparing response function.
Computing (1 - K Chi0)^-1 v_ch
Done with module: screened core-hole potential.

Calculating cross-section and phases ...
    absorption cross section
 x0,dx,rnrm,inrm,jnrm   8.80000000000000       5.000000000000000E-002
   2.69247574100020              196         197
    phase shifts for unique potential    0
    phase shifts for unique potential    1
    phase shifts for unique potential    2
    phase shifts for unique potential    3
Done with module: cross-section and phases (XSPH).

FMS calculation of full Green's function ...
FEFF-serial using 1 thread.
Using   194 energy points.
xprep done
FMS for a cluster of  259 atoms
Energy point    1/ 194
Energy point   10/ 194
Energy point   20/ 194
Energy point   30/ 194
Energy point   40/ 194
Energy point   50/ 194
Energy point   60/ 194
Energy point   70/ 194
Energy point   80/ 194
Energy point   90/ 194
Energy point  100/ 194
Energy point  110/ 194
Energy point  120/ 194
Energy point  130/ 194
Energy point  140/ 194
Energy point  150/ 194
Energy point  160/ 194
Energy point  170/ 194
Energy point  180/ 194
Energy point  190/ 194
Done with module: FMS.

MKGTR: Tracing over Green's function ...
Done with module: MKGTR.

Pathfinder: finding scattering paths...
Preparing plane wave scattering amplitudes
Searching for paths
Eliminating path degeneracies
0 paths retained.
Done with module: pathfinder.

Calculating EXAFS parameters ...
Done with module: EXAFS parameters (GENFMT).

Calculating XAS spectra ...
Done with module: XAS spectra (FF2X: DW + final sum over paths).

 
### feff ends at Sun Aug 13 11:37:58 EDT 2023
 
