### feff starts at Sun Aug 13 15:01:22 EDT 2023
### Serial version
### FeffPath is /sdcc/u/mcarbone/software/JFEFF/hsw/feff90/linux
 
Launching FEFF version FEFF 9.9.1
Core hole lifetime is   1.729 eV.
Your calculation:
 comment: None given
 Source:
 Structure Summary:  K2 Cu2 O4
 Reduced formula:  KCuO2
 space group: (Cmcm), space number:  (63)
 abc:  6.251857   6.251857   5.486259
 angles: 90.000000  90.000000 137.445631
 sites: 8
Cu K edge XANES using RPA corehole.
Using:     * Self-Consistent Field potentials
Using cards:   ATOMS CONTROL EXCHANGE TITLE RPATH POTENTIALS XANES EDGE SCF FMS S02 COREHOLE EGRID

Calculating atomic potentials ...
    overlapped atomic potential and density for unique potential    0
    overlapped atomic potential and density for unique potential    1
    overlapped atomic potential and density for unique potential    2
    overlapped atomic potential and density for unique potential    3
Done with module: atomic potentials.

Calculating SCF potentials ...
FEFF-serial using 1 thread.
Muffin tin radii and interstitial parameters [bohr]:
type, norman radius, muffin tin, overlap factor
    0  1.25700E+00  1.11938E+00  1.15000E+00
    1  1.89928E+00  1.84772E+00  1.06965E+00
    2  1.25700E+00  1.11938E+00  1.15000E+00
    3  1.12619E+00  1.05103E+00  1.15000E+00
Core-valence separation energy:  ecv=   -42.000 eV
Initial Fermi level:              mu=     0.236 eV
SCF ITERATION NUMBER  1
     point #   1  energy = -42.000
FMS for a cluster of   88 atoms around atom type   0
FMS for a cluster of   65 atoms around atom type   1
FMS for a cluster of   86 atoms around atom type   2
FMS for a cluster of   84 atoms around atom type   3
     point #  20  energy = -30.918
     point #  40  energy = -10.668
     point #  60  energy =  -4.543
     point #  80  energy =  -4.036
New Fermi level:    mu=  -4.141 eV  Charge distance=  0.5557 (partial c.d.=  7.1117)
SCF ITERATION NUMBER  1
     point #   1  energy = -42.000
FMS for a cluster of   88 atoms around atom type   0
FMS for a cluster of   65 atoms around atom type   1
FMS for a cluster of   86 atoms around atom type   2
FMS for a cluster of   84 atoms around atom type   3
     point #  20  energy = -30.745
     point #  40  energy = -10.280
     point #  60  energy =  -4.141
     point #  80  energy =  -5.341
     point # 100  energy =  -8.735
New Fermi level:    mu=  -8.772 eV  Charge distance=  0.1216 (partial c.d.=  2.6963)
SCF ITERATION NUMBER  1
     point #   1  energy = -42.000
FMS for a cluster of   88 atoms around atom type   0
FMS for a cluster of   65 atoms around atom type   1
FMS for a cluster of   86 atoms around atom type   2
FMS for a cluster of   84 atoms around atom type   3
     point #  20  energy = -30.924
     point #  40  energy = -10.786
     point #  60  energy =  -8.759
     point #  80  energy =  -7.681
New Fermi level:    mu=  -7.586 eV  Charge distance=  0.0644 (partial c.d.=  0.7270)
SCF ITERATION NUMBER  2
     point #   1  energy = -42.000
     point #  20  energy = -30.866
     point #  40  energy = -10.622
     point #  60  energy =  -7.598
New Fermi level:    mu=  -7.766 eV  Charge distance=  0.1293 (partial c.d.=  0.2575)
SCF ITERATION NUMBER  3
     point #   1  energy = -42.000
     point #  20  energy = -30.924
     point #  40  energy = -10.787
     point #  60  energy =  -7.754
     point #  80  energy =  -7.004
New Fermi level:    mu=  -6.935 eV  Charge distance=  0.1201 (partial c.d.=  0.6318)
SCF ITERATION NUMBER  4
     point #   1  energy = -42.000
     point #  20  energy = -30.980
     point #  40  energy = -10.943
     point #  60  energy =  -6.935
     point #  80  energy =  -7.876
New Fermi level:    mu=  -7.810 eV  Charge distance=  0.0625 (partial c.d.=  0.7322)
SCF ITERATION NUMBER  5
     point #   1  energy = -42.000
     point #  20  energy = -30.939
     point #  40  energy = -10.827
     point #  60  energy =  -7.798
New Fermi level:    mu=  -7.676 eV  Charge distance=  0.0402 (partial c.d.=  0.7378)
SCF ITERATION NUMBER  6
     point #   1  energy = -42.000
     point #  20  energy = -30.895
     point #  40  energy = -10.704
     point #  60  energy =  -7.663
New Fermi level:    mu=  -7.653 eV  Charge distance=  0.0066 (partial c.d.=  0.4591)
SCF ITERATION NUMBER  7
     point #   1  energy = -42.000
     point #  20  energy = -30.888
     point #  40  energy = -10.684
     point #  60  energy =  -7.641
New Fermi level:    mu=  -7.644 eV  Charge distance=  0.0067 (partial c.d.=  0.1096)
SCF ITERATION NUMBER  8
     point #   1  energy = -42.000
     point #  20  energy = -30.885
     point #  40  energy = -10.675
     point #  60  energy =  -7.656
New Fermi level:    mu=  -7.645 eV  Charge distance=  0.0032 (partial c.d.=  0.0471)
SCF ITERATION NUMBER  9
     point #   1  energy = -42.000
     point #  20  energy = -30.885
     point #  40  energy = -10.676
     point #  60  energy =  -7.657
New Fermi level:    mu=  -7.646 eV  Charge distance=  0.0049 (partial c.d.=  0.0025)
SCF ITERATION NUMBER 10
     point #   1  energy = -42.000
     point #  20  energy = -30.885
     point #  40  energy = -10.677
     point #  60  energy =  -7.633
New Fermi level:    mu=  -7.639 eV  Charge distance=  0.0007 (partial c.d.=  0.0145)
SCF ITERATION NUMBER 11
     point #   1  energy = -42.000
     point #  20  energy = -30.883
     point #  40  energy = -10.671
     point #  60  energy =  -7.626
New Fermi level:    mu=  -7.637 eV  Charge distance=  0.0004 (partial c.d.=  0.0034)
SCF ITERATION NUMBER 12
     point #   1  energy = -42.000
     point #  20  energy = -30.883
     point #  40  energy = -10.669
     point #  60  energy =  -7.625
New Fermi level:    mu=  -7.635 eV  Charge distance=  0.0003 (partial c.d.=  0.0005)
SCF ITERATION NUMBER 13
     point #   1  energy = -42.000
     point #  20  energy = -30.882
     point #  40  energy = -10.667
     point #  60  energy =  -7.623
New Fermi level:    mu=  -7.634 eV  Charge distance=  0.0000 (partial c.d.=  0.0003)
SCF ITERATION NUMBER 14
     point #   1  energy = -42.000
     point #  20  energy = -30.882
     point #  40  energy = -10.666
     point #  60  energy =  -7.647
New Fermi level:    mu=  -7.634 eV  Charge distance=  0.0001 (partial c.d.=  0.0001)
Electronic configuration
  type     l     N_el
     0     0    0.536
     0     1    0.666
     0     2    9.256
     0     3    0.000
     1     0    2.224
     1     1    6.243
     1     2    0.361
     1     3    0.000
     2     0    0.537
     2     1    0.667
     2     2    9.250
     2     3    0.000
     3     0    1.876
     3     1    4.413
     3     2    0.072
     3     3    0.000
Charge transfer:  type  charge
       0   -0.542
       1   -0.172
       2   -0.546
       3    0.360
Convergence reached in   14 iterations.
Done with module: potentials.

Calculating screened core-hole potential ...
FMS for a cluster of   10 atoms around iph =   0
    0% of energy integration
   20%
   40%
   60%
   80%
  100%
Preparing response function.
Computing (1 - K Chi0)^-1 v_ch
Done with module: screened core-hole potential.

Calculating cross-section and phases ...
    absorption cross section
 x0,dx,rnrm,inrm,jnrm   8.80000000000000       5.000000000000000E-002
   2.37538937699993              194         195
    phase shifts for unique potential    0
    phase shifts for unique potential    1
    phase shifts for unique potential    2
    phase shifts for unique potential    3
Done with module: cross-section and phases (XSPH).

FMS calculation of full Green's function ...
FEFF-serial using 1 thread.
Using   194 energy points.
xprep done
FMS for a cluster of  165 atoms
Energy point    1/ 194
Energy point   10/ 194
Energy point   20/ 194
Energy point   30/ 194
Energy point   40/ 194
Energy point   50/ 194
Energy point   60/ 194
Energy point   70/ 194
Energy point   80/ 194
Energy point   90/ 194
Energy point  100/ 194
Energy point  110/ 194
Energy point  120/ 194
Energy point  130/ 194
Energy point  140/ 194
Energy point  150/ 194
Energy point  160/ 194
Energy point  170/ 194
Energy point  180/ 194
Energy point  190/ 194
Done with module: FMS.

MKGTR: Tracing over Green's function ...
Done with module: MKGTR.

Pathfinder: finding scattering paths...
Preparing plane wave scattering amplitudes
Searching for paths
Eliminating path degeneracies
0 paths retained.
Done with module: pathfinder.

Calculating EXAFS parameters ...
Done with module: EXAFS parameters (GENFMT).

Calculating XAS spectra ...
Done with module: XAS spectra (FF2X: DW + final sum over paths).

 
### feff ends at Sun Aug 13 15:42:22 EDT 2023
 
