### feff starts at Sun Aug 13 23:35:15 EDT 2023
### Serial version
### FeffPath is /sdcc/u/mcarbone/software/JFEFF/hsw/feff90/linux
 
Launching FEFF version FEFF 9.9.1
Core hole lifetime is   1.729 eV.
Your calculation:
 comment: None given
 Source:
 Structure Summary:  Ti1 Cu2 Ni1 O4
 Reduced formula:  TiCu2NiO4
 space group: (R-3m), space number:  (166)
 abc: 11.648078  11.648078  11.648078
 angles: 14.903850  14.903850  14.903851
 sites: 8
Cu K edge XANES using RPA corehole.
Using:     * Self-Consistent Field potentials
Using cards:   ATOMS CONTROL EXCHANGE TITLE RPATH POTENTIALS XANES EDGE SCF FMS S02 COREHOLE EGRID

Calculating atomic potentials ...
    overlapped atomic potential and density for unique potential    0
    overlapped atomic potential and density for unique potential    1
    overlapped atomic potential and density for unique potential    2
    overlapped atomic potential and density for unique potential    3
    overlapped atomic potential and density for unique potential    4
Done with module: atomic potentials.

Calculating SCF potentials ...
FEFF-serial using 1 thread.
Muffin tin radii and interstitial parameters [bohr]:
type, norman radius, muffin tin, overlap factor
    0  1.32507E+00  1.16047E+00  1.15000E+00
    1  1.42975E+00  1.33545E+00  1.15000E+00
    2  1.32507E+00  1.16047E+00  1.15000E+00
    3  1.38328E+00  1.30872E+00  1.15000E+00
    4  1.07957E+00  9.85457E-01  1.15000E+00
Core-valence separation energy:  ecv=   -48.500 eV
Initial Fermi level:              mu=    -0.533 eV
SCF ITERATION NUMBER  1
     point #   1  energy = -48.500
FMS for a cluster of  129 atoms around atom type   0
FMS for a cluster of  117 atoms around atom type   1
FMS for a cluster of  122 atoms around atom type   2
FMS for a cluster of  119 atoms around atom type   3
FMS for a cluster of  124 atoms around atom type   4
     point #  20  energy = -37.298
     point #  40  energy = -17.048
     point #  60  energy =  -6.104
     point #  80  energy =  -5.507
New Fermi level:    mu=  -5.332 eV  Charge distance=  1.3055 (partial c.d.= 10.1641)
SCF ITERATION NUMBER  1
     point #   1  energy = -48.500
FMS for a cluster of  129 atoms around atom type   0
FMS for a cluster of  117 atoms around atom type   1
FMS for a cluster of  122 atoms around atom type   2
FMS for a cluster of  119 atoms around atom type   3
FMS for a cluster of  124 atoms around atom type   4
     point #  20  energy = -37.457
     point #  40  energy = -17.379
     point #  60  energy =  -5.332
     point #  80  energy =  -5.919
     point # 100  energy =  -7.107
New Fermi level:    mu=  -7.198 eV  Charge distance=  0.6605 (partial c.d.=  8.3407)
SCF ITERATION NUMBER  1
     point #   1  energy = -48.500
FMS for a cluster of  129 atoms around atom type   0
FMS for a cluster of  117 atoms around atom type   1
FMS for a cluster of  122 atoms around atom type   2
FMS for a cluster of  119 atoms around atom type   3
FMS for a cluster of  124 atoms around atom type   4
     point #  20  energy = -37.419
     point #  40  energy = -17.272
     point #  60  energy =  -7.198
     point #  80  energy =  -7.833
     point # 100  energy = -10.877
     point # 120  energy = -11.392
New Fermi level:    mu= -11.553 eV  Charge distance=  0.4825 (partial c.d.=  4.0104)
SCF ITERATION NUMBER  2
     point #   1  energy = -48.500
     point #  20  energy = -37.211
     point #  40  energy = -16.684
     point #  60  energy = -11.553
     point #  80  energy =  -9.653
     point # 100  energy =  -8.209
New Fermi level:    mu=  -8.197 eV  Charge distance=  0.2291 (partial c.d.=  2.5089)
SCF ITERATION NUMBER  3
     point #   1  energy = -48.500
     point #  20  energy = -37.417
     point #  40  energy = -17.266
     point #  60  energy =  -8.197
     point #  80  energy =  -9.154
     point # 100  energy =  -9.760
New Fermi level:    mu=  -9.898 eV  Charge distance=  0.1269 (partial c.d.=  2.4409)
SCF ITERATION NUMBER  4
     point #   1  energy = -48.500
     point #  20  energy = -37.326
     point #  40  energy = -17.009
     point #  60  energy =  -9.898
New Fermi level:    mu=  -9.796 eV  Charge distance=  0.0746 (partial c.d.=  1.2028)
SCF ITERATION NUMBER  5
     point #   1  energy = -48.500
     point #  20  energy = -37.296
     point #  40  energy = -16.926
     point #  60  energy =  -9.796
New Fermi level:    mu=  -9.896 eV  Charge distance=  0.1077 (partial c.d.=  1.1065)
SCF ITERATION NUMBER  6
     point #   1  energy = -48.500
     point #  20  energy = -37.325
     point #  40  energy = -17.007
     point #  60  energy =  -9.896
New Fermi level:    mu=  -9.644 eV  Charge distance=  0.0893 (partial c.d.=  1.4706)
SCF ITERATION NUMBER  7
     point #   1  energy = -48.500
     point #  20  energy = -37.252
     point #  40  energy = -16.802
     point #  60  energy =  -9.644
New Fermi level:    mu=  -9.587 eV  Charge distance=  0.0263 (partial c.d.=  1.3343)
SCF ITERATION NUMBER  8
     point #   1  energy = -48.500
     point #  20  energy = -37.236
     point #  40  energy = -16.755
     point #  60  energy =  -9.587
New Fermi level:    mu=  -9.584 eV  Charge distance=  0.0103 (partial c.d.=  0.2154)
SCF ITERATION NUMBER  9
     point #   1  energy = -48.500
     point #  20  energy = -37.235
     point #  40  energy = -16.752
     point #  60  energy =  -9.584
New Fermi level:    mu=  -9.536 eV  Charge distance=  0.0156 (partial c.d.=  0.2030)
SCF ITERATION NUMBER 10
     point #   1  energy = -48.500
     point #  20  energy = -37.221
     point #  40  energy = -16.713
     point #  60  energy =  -9.536
New Fermi level:    mu=  -9.462 eV  Charge distance=  0.0089 (partial c.d.=  0.0454)
SCF ITERATION NUMBER 11
     point #   1  energy = -48.500
     point #  20  energy = -37.489
     point #  40  energy = -17.469
     point #  60  energy =  -9.462
New Fermi level:    mu=  -9.416 eV  Charge distance=  0.0023 (partial c.d.=  0.0688)
SCF ITERATION NUMBER 12
     point #   1  energy = -48.500
     point #  20  energy = -37.476
     point #  40  energy = -17.434
     point #  60  energy =  -9.416
New Fermi level:    mu=  -9.426 eV  Charge distance=  0.0020 (partial c.d.=  0.0627)
SCF ITERATION NUMBER 13
     point #   1  energy = -48.500
     point #  20  energy = -37.479
     point #  40  energy = -17.441
     point #  60  energy =  -9.426
New Fermi level:    mu=  -9.426 eV  Charge distance=  0.0028 (partial c.d.=  0.0103)
SCF ITERATION NUMBER 14
     point #   1  energy = -48.500
     point #  20  energy = -37.479
     point #  40  energy = -17.441
     point #  60  energy =  -9.426
New Fermi level:    mu=  -9.424 eV  Charge distance=  0.0011 (partial c.d.=  0.0081)
SCF ITERATION NUMBER 15
     point #   1  energy = -48.500
     point #  20  energy = -37.478
     point #  40  energy = -17.439
     point #  60  energy =  -9.424
New Fermi level:    mu=  -9.430 eV  Charge distance=  0.0007 (partial c.d.=  0.0113)
SCF ITERATION NUMBER 16
     point #   1  energy = -48.500
     point #  20  energy = -37.480
     point #  40  energy = -17.445
     point #  60  energy =  -9.430
New Fermi level:    mu=  -9.433 eV  Charge distance=  0.0000 (partial c.d.=  0.0034)
SCF ITERATION NUMBER 17
     point #   1  energy = -48.500
     point #  20  energy = -37.481
     point #  40  energy = -17.447
     point #  60  energy =  -9.433
New Fermi level:    mu=  -9.433 eV  Charge distance=  0.0003 (partial c.d.=  0.0007)
SCF ITERATION NUMBER 18
     point #   1  energy = -48.500
     point #  20  energy = -37.481
     point #  40  energy = -17.446
     point #  60  energy =  -9.433
New Fermi level:    mu=  -9.433 eV  Charge distance=  0.0002 (partial c.d.=  0.0013)
SCF ITERATION NUMBER 19
     point #   1  energy = -48.500
     point #  20  energy = -37.481
     point #  40  energy = -17.447
     point #  60  energy =  -9.433
New Fermi level:    mu=  -9.433 eV  Charge distance=  0.0001 (partial c.d.=  0.0020)
SCF ITERATION NUMBER 20
     point #   1  energy = -48.500
     point #  20  energy = -37.481
     point #  40  energy = -17.447
     point #  60  energy =  -9.433
New Fermi level:    mu=  -9.433 eV  Charge distance=  0.0000 (partial c.d.=  0.0005)
SCF ITERATION NUMBER 21
     point #   1  energy = -48.500
     point #  20  energy = -37.481
     point #  40  energy = -17.447
     point #  60  energy =  -9.433
New Fermi level:    mu=  -9.433 eV  Charge distance=  0.0000 (partial c.d.=  0.0001)
Electronic configuration
  type     l     N_el
     0     0    0.595
     0     1    0.575
     0     2    9.330
     0     3    0.000
     1     0    0.422
     1     1    6.700
     1     2    2.783
     1     3    0.000
     2     0    0.595
     2     1    0.575
     2     2    9.330
     2     3    0.000
     3     0    0.545
     3     1    0.806
     3     2    8.795
     3     3    0.000
     4     0    1.852
     4     1    4.295
     4     2    0.092
     4     3    0.000
Charge transfer:  type  charge
       0   -0.500
       1   -0.095
       2   -0.501
       3    0.146
       4    0.239
Convergence reached in   21 iterations.
Done with module: potentials.

Calculating screened core-hole potential ...
FMS for a cluster of   27 atoms around iph =   0
    0% of energy integration
   20%
   40%
   60%
   80%
  100%
Preparing response function.
Computing (1 - K Chi0)^-1 v_ch
Done with module: screened core-hole potential.

Calculating cross-section and phases ...
    absorption cross section
 x0,dx,rnrm,inrm,jnrm   8.80000000000000       5.000000000000000E-002
   2.50402430500010              195         196
    phase shifts for unique potential    0
    phase shifts for unique potential    1
    phase shifts for unique potential    2
    phase shifts for unique potential    3
    phase shifts for unique potential    4
Done with module: cross-section and phases (XSPH).

FMS calculation of full Green's function ...
FEFF-serial using 1 thread.
Using   194 energy points.
xprep done
FMS for a cluster of  266 atoms
Energy point    1/ 194
Energy point   10/ 194
Energy point   20/ 194
Energy point   30/ 194
Energy point   40/ 194
Energy point   50/ 194
Energy point   60/ 194
Energy point   70/ 194
Energy point   80/ 194
Energy point   90/ 194
Energy point  100/ 194
Energy point  110/ 194
Energy point  120/ 194
Energy point  130/ 194
Energy point  140/ 194
Energy point  150/ 194
Energy point  160/ 194
Energy point  170/ 194
Energy point  180/ 194
Energy point  190/ 194
Done with module: FMS.

MKGTR: Tracing over Green's function ...
Done with module: MKGTR.

Pathfinder: finding scattering paths...
Preparing plane wave scattering amplitudes
Searching for paths
Eliminating path degeneracies
0 paths retained.
Done with module: pathfinder.

Calculating EXAFS parameters ...
Done with module: EXAFS parameters (GENFMT).

Calculating XAS spectra ...
Done with module: XAS spectra (FF2X: DW + final sum over paths).

 
### feff ends at Mon Aug 14 02:33:34 EDT 2023
 
