### feff starts at Sun Aug 13 22:19:51 EDT 2023
### Serial version
### FeffPath is /sdcc/u/mcarbone/software/JFEFF/hsw/feff90/linux
 
Launching FEFF version FEFF 9.9.1
Core hole lifetime is   1.729 eV.
Your calculation:
 comment: None given
 Source:
 Structure Summary:  Li4 Cu8 P4 O16
 Reduced formula:  LiCu2PO4
 space group: (P1), space number:  (1)
 abc:  5.568773   6.198538  10.317220
 angles: 89.735516  88.813756  88.886836
 sites: 32
Cu K edge XANES using RPA corehole.
Using:     * Self-Consistent Field potentials
Using cards:   ATOMS CONTROL EXCHANGE TITLE RPATH POTENTIALS XANES EDGE SCF FMS S02 COREHOLE EGRID

Calculating atomic potentials ...
    overlapped atomic potential and density for unique potential    0
    overlapped atomic potential and density for unique potential    1
    overlapped atomic potential and density for unique potential    2
    overlapped atomic potential and density for unique potential    3
    overlapped atomic potential and density for unique potential    4
Done with module: atomic potentials.

Calculating SCF potentials ...
FEFF-serial using 1 thread.
Muffin tin radii and interstitial parameters [bohr]:
type, norman radius, muffin tin, overlap factor
    0  1.40168E+00  1.33406E+00  1.13413E+00
    1  1.34282E+00  1.28172E+00  1.12516E+00
    2  1.40799E+00  1.34503E+00  1.12261E+00
    3  1.15535E+00  9.44413E-01  1.15000E+00
    4  1.03853E+00  9.37128E-01  1.15000E+00
Core-valence separation energy:  ecv=   -40.000 eV
Initial Fermi level:              mu=     4.618 eV
SCF ITERATION NUMBER  1
     point #   1  energy = -40.000
FMS for a cluster of  132 atoms around atom type   0
FMS for a cluster of  121 atoms around atom type   1
FMS for a cluster of  129 atoms around atom type   2
FMS for a cluster of  121 atoms around atom type   3
FMS for a cluster of  134 atoms around atom type   4
     point #  20  energy = -28.850
     point #  40  energy =  -8.600
     point #  60  energy =  -2.716
     point #  80  energy =  -3.156
New Fermi level:    mu=  -3.227 eV  Charge distance=  0.3046 (partial c.d.=  8.0881)
negative density   1 -208.052 - usually harmless precision error, but check DOS if it persists
SCF ITERATION NUMBER  1
     point #   1  energy = -40.000
FMS for a cluster of  132 atoms around atom type   0
FMS for a cluster of  121 atoms around atom type   1
FMS for a cluster of  129 atoms around atom type   2
FMS for a cluster of  121 atoms around atom type   3
FMS for a cluster of  134 atoms around atom type   4
     point #  20  energy = -28.764
     point #  40  energy =  -8.335
     point #  60  energy =  -3.227
     point #  80  energy =  -5.052
     point # 100  energy =  -7.049
New Fermi level:    mu=  -7.017 eV  Charge distance=  0.1384 (partial c.d.=  1.8692)
negative density   1 -370.929 - usually harmless precision error, but check DOS if it persists
SCF ITERATION NUMBER  1
     point #   1  energy = -40.000
FMS for a cluster of  132 atoms around atom type   0
FMS for a cluster of  121 atoms around atom type   1
FMS for a cluster of  129 atoms around atom type   2
FMS for a cluster of  121 atoms around atom type   3
FMS for a cluster of  134 atoms around atom type   4
     point #  20  energy = -29.006
     point #  40  energy =  -9.016
     point #  60  energy =  -7.004
     point #  80  energy =  -6.217
New Fermi level:    mu=  -6.248 eV  Charge distance=  0.0940 (partial c.d.=  0.2758)
negative density   1 -532.819 - usually harmless precision error, but check DOS if it persists
negative density   1  -40.762 - usually harmless precision error, but check DOS if it persists
SCF ITERATION NUMBER  2
     point #   1  energy = -40.000
     point #  20  energy = -28.749
     point #  40  energy =  -8.293
     point #  60  energy =  -6.223
New Fermi level:    mu=  -6.142 eV  Charge distance=  0.2980 (partial c.d.=  0.0265)
negative density   1-1153.937 - usually harmless precision error, but check DOS if it persists
negative density   1 -232.856 - usually harmless precision error, but check DOS if it persists
SCF ITERATION NUMBER  3
     point #   1  energy = -40.000
     point #  20  energy = -28.714
     point #  40  energy =  -8.194
New Fermi level:    mu=  -6.141 eV  Charge distance=  0.0094 (partial c.d.=  0.0643)
negative density   1-1227.580 - usually harmless precision error, but check DOS if it persists
negative density   1 -255.826 - usually harmless precision error, but check DOS if it persists
negative density   1   -7.724 - usually harmless precision error, but check DOS if it persists
SCF ITERATION NUMBER  4
     point #   1  energy = -40.000
     point #  20  energy = -28.714
     point #  40  energy =  -8.193
     point #  60  energy =  -6.166
New Fermi level:    mu=  -6.183 eV  Charge distance=  0.0134 (partial c.d.=  0.0173)
negative density   1-1257.200 - usually harmless precision error, but check DOS if it persists
negative density   1 -265.301 - usually harmless precision error, but check DOS if it persists
negative density   1  -11.804 - usually harmless precision error, but check DOS if it persists
SCF ITERATION NUMBER  5
     point #   1  energy = -40.000
     point #  20  energy = -28.728
     point #  40  energy =  -8.233
     point #  60  energy =  -6.208
New Fermi level:    mu=  -6.228 eV  Charge distance=  0.0068 (partial c.d.=  0.0119)
negative density   1-1274.289 - usually harmless precision error, but check DOS if it persists
negative density   1 -270.921 - usually harmless precision error, but check DOS if it persists
negative density   1  -14.254 - usually harmless precision error, but check DOS if it persists
SCF ITERATION NUMBER  6
     point #   1  energy = -40.000
     point #  20  energy = -28.743
     point #  40  energy =  -8.275
New Fermi level:    mu=  -6.233 eV  Charge distance=  0.0029 (partial c.d.=  0.0044)
negative density   1-1276.940 - usually harmless precision error, but check DOS if it persists
negative density   1 -271.930 - usually harmless precision error, but check DOS if it persists
negative density   1  -14.720 - usually harmless precision error, but check DOS if it persists
SCF ITERATION NUMBER  7
     point #   1  energy = -40.000
     point #  20  energy = -28.744
     point #  40  energy =  -8.279
New Fermi level:    mu=  -6.226 eV  Charge distance=  0.0071 (partial c.d.=  0.0030)
negative density   1-1288.661 - usually harmless precision error, but check DOS if it persists
negative density   1 -275.988 - usually harmless precision error, but check DOS if it persists
negative density   1  -16.530 - usually harmless precision error, but check DOS if it persists
SCF ITERATION NUMBER  8
     point #   1  energy = -40.000
     point #  20  energy = -28.742
     point #  40  energy =  -8.273
New Fermi level:    mu=  -6.216 eV  Charge distance=  0.0010 (partial c.d.=  0.0019)
negative density   1-1293.012 - usually harmless precision error, but check DOS if it persists
negative density   1 -277.419 - usually harmless precision error, but check DOS if it persists
negative density   1  -17.155 - usually harmless precision error, but check DOS if it persists
SCF ITERATION NUMBER  9
     point #   1  energy = -40.000
     point #  20  energy = -28.739
     point #  40  energy =  -8.263
New Fermi level:    mu=  -6.215 eV  Charge distance=  0.0003 (partial c.d.=  0.0018)
negative density   1-1293.961 - usually harmless precision error, but check DOS if it persists
negative density   1 -277.709 - usually harmless precision error, but check DOS if it persists
negative density   1  -17.277 - usually harmless precision error, but check DOS if it persists
SCF ITERATION NUMBER 10
     point #   1  energy = -40.000
     point #  20  energy = -28.738
     point #  40  energy =  -8.263
New Fermi level:    mu=  -6.215 eV  Charge distance=  0.0001 (partial c.d.=  0.0006)
negative density   1-1295.885 - usually harmless precision error, but check DOS if it persists
negative density   1 -278.322 - usually harmless precision error, but check DOS if it persists
negative density   1  -17.540 - usually harmless precision error, but check DOS if it persists
SCF ITERATION NUMBER 11
     point #   1  energy = -40.000
     point #  20  energy = -28.738
     point #  40  energy =  -8.263
New Fermi level:    mu=  -6.216 eV  Charge distance=  0.0001 (partial c.d.=  0.0001)
Electronic configuration
  type     l     N_el
     0     0    0.531
     0     1    0.623
     0     2    9.622
     0     3    0.000
     1     0    0.280
     1     1    0.591
     1     2    0.000
     1     3    0.000
     2     0    0.538
     2     1    0.620
     2     2    9.625
     2     3    0.000
     3     0    1.206
     3     1    2.071
     3     2    1.046
     3     3    0.000
     4     0    1.840
     4     1    4.393
     4     2    0.077
     4     3    0.000
Charge transfer:  type  charge
       0   -0.224
       1   -0.129
       2   -0.217
       3   -0.676
       4    0.310
Convergence reached in   11 iterations.
Done with module: potentials.

Calculating screened core-hole potential ...
FMS for a cluster of   27 atoms around iph =   0
    0% of energy integration
   20%
   40%
   60%
   80%
  100%
Preparing response function.
Computing (1 - K Chi0)^-1 v_ch
Done with module: screened core-hole potential.

Calculating cross-section and phases ...
    absorption cross section
 x0,dx,rnrm,inrm,jnrm   8.80000000000000       5.000000000000000E-002
   2.64878830199987              196         197
    phase shifts for unique potential    0
    phase shifts for unique potential    1
    phase shifts for unique potential    2
    phase shifts for unique potential    3
    phase shifts for unique potential    4
Done with module: cross-section and phases (XSPH).

FMS calculation of full Green's function ...
FEFF-serial using 1 thread.
Using   194 energy points.
xprep done
FMS for a cluster of  276 atoms
Energy point    1/ 194
Energy point   10/ 194
Energy point   20/ 194
Energy point   30/ 194
Energy point   40/ 194
Energy point   50/ 194
Energy point   60/ 194
Energy point   70/ 194
Energy point   80/ 194
Energy point   90/ 194
Energy point  100/ 194
Energy point  110/ 194
Energy point  120/ 194
Energy point  130/ 194
Energy point  140/ 194
Energy point  150/ 194
Energy point  160/ 194
Energy point  170/ 194
Energy point  180/ 194
Energy point  190/ 194
Done with module: FMS.

MKGTR: Tracing over Green's function ...
Done with module: MKGTR.

Pathfinder: finding scattering paths...
Preparing plane wave scattering amplitudes
Searching for paths
Eliminating path degeneracies
0 paths retained.
Done with module: pathfinder.

Calculating EXAFS parameters ...
Done with module: EXAFS parameters (GENFMT).

Calculating XAS spectra ...
Done with module: XAS spectra (FF2X: DW + final sum over paths).

 
### feff ends at Mon Aug 14 00:18:50 EDT 2023
 
