### feff starts at Mon Aug 14 09:04:09 EDT 2023
### Serial version
### FeffPath is /sdcc/u/mcarbone/software/JFEFF/hsw/feff90/linux
 
Launching FEFF version FEFF 9.9.1
Resetting lmaxsc to 2 for iph =    2.  Use  UNFREEZE to prevent this.
Core hole lifetime is   1.729 eV.
Your calculation:
 comment: None given
 Source:
 Structure Summary:  Sr1 La3 Cu4 O10
 Reduced formula:  SrLa3(Cu2O5)2
 space group: (Pm), space number:  (6)
 abc:  3.903084   5.487353  10.627915
 angles: 89.854118  90.000000  90.000000
 sites: 18
Cu K edge XANES using RPA corehole.
Using:     * Self-Consistent Field potentials
Using cards:   ATOMS CONTROL EXCHANGE TITLE RPATH POTENTIALS XANES EDGE SCF FMS S02 COREHOLE EGRID

Calculating atomic potentials ...
    overlapped atomic potential and density for unique potential    0
    overlapped atomic potential and density for unique potential    1
    overlapped atomic potential and density for unique potential    2
    overlapped atomic potential and density for unique potential    3
    overlapped atomic potential and density for unique potential    4
Done with module: atomic potentials.

Calculating SCF potentials ...
FEFF-serial using 1 thread.
Muffin tin radii and interstitial parameters [bohr]:
type, norman radius, muffin tin, overlap factor
    0  1.27639E+00  1.19470E+00  1.15000E+00
    1  1.84475E+00  1.79115E+00  1.07506E+00
    2  1.85214E+00  1.78244E+00  1.10040E+00
    3  1.27767E+00  1.19220E+00  1.15000E+00
    4  1.11276E+00  1.05069E+00  1.15000E+00
Core-valence separation energy:  ecv=   -48.500 eV
Initial Fermi level:              mu=    -2.047 eV
SCF ITERATION NUMBER  1
     point #   1  energy = -48.500
FMS for a cluster of  117 atoms around atom type   0
FMS for a cluster of  108 atoms around atom type   1
FMS for a cluster of  111 atoms around atom type   2
FMS for a cluster of  109 atoms around atom type   3
FMS for a cluster of  111 atoms around atom type   4
     point #  20  energy = -37.384
     point #  40  energy = -17.134
     point #  60  energy =  -5.790
     point #  80  energy =  -5.356
New Fermi level:    mu=  -5.301 eV  Charge distance=  0.8005 (partial c.d.=  6.4264)
SCF ITERATION NUMBER  1
     point #   1  energy = -48.500
FMS for a cluster of  117 atoms around atom type   0
FMS for a cluster of  108 atoms around atom type   1
FMS for a cluster of  111 atoms around atom type   2
FMS for a cluster of  109 atoms around atom type   3
FMS for a cluster of  111 atoms around atom type   4
     point #  20  energy = -37.449
     point #  40  energy = -17.357
     point #  60  energy =  -5.301
     point #  80  energy =  -5.735
     point # 100  energy = -10.310
     point # 120  energy = -11.223
New Fermi level:    mu= -11.356 eV  Charge distance=  0.2934 (partial c.d.=  4.0866)
SCF ITERATION NUMBER  1
     point #   1  energy = -48.500
FMS for a cluster of  117 atoms around atom type   0
FMS for a cluster of  108 atoms around atom type   1
FMS for a cluster of  111 atoms around atom type   2
FMS for a cluster of  109 atoms around atom type   3
FMS for a cluster of  111 atoms around atom type   4
     point #  20  energy = -37.457
     point #  40  energy = -17.379
     point #  60  energy = -11.356
     point #  80  energy = -10.062
New Fermi level:    mu=  -9.516 eV  Charge distance=  0.2151 (partial c.d.=  0.4215)
SCF ITERATION NUMBER  2
     point #   1  energy = -48.500
     point #  20  energy = -37.504
     point #  40  energy = -17.513
     point #  60  energy =  -9.516
     point #  80  energy =  -8.447
New Fermi level:    mu=  -8.290 eV  Charge distance=  0.6016 (partial c.d.=  0.1903)
SCF ITERATION NUMBER  3
     point #   1  energy = -48.500
     point #  20  energy = -37.442
     point #  40  energy = -17.337
     point #  60  energy =  -8.290
     point #  80  energy =  -7.699
New Fermi level:    mu=  -7.574 eV  Charge distance=  0.1751 (partial c.d.=  0.8965)
SCF ITERATION NUMBER  4
     point #   1  energy = -48.500
     point #  20  energy = -37.245
     point #  40  energy = -16.782
     point #  60  energy =  -7.574
     point #  80  energy =  -8.368
New Fermi level:    mu=  -8.194 eV  Charge distance=  0.0827 (partial c.d.=  1.2315)
SCF ITERATION NUMBER  5
     point #   1  energy = -48.500
     point #  20  energy = -37.416
     point #  40  energy = -17.263
     point #  60  energy =  -8.194
New Fermi level:    mu=  -8.191 eV  Charge distance=  0.0270 (partial c.d.=  0.3353)
SCF ITERATION NUMBER  6
     point #   1  energy = -48.500
     point #  20  energy = -37.415
     point #  40  energy = -17.260
     point #  60  energy =  -8.191
New Fermi level:    mu=  -8.129 eV  Charge distance=  0.0062 (partial c.d.=  0.1459)
SCF ITERATION NUMBER  7
     point #   1  energy = -48.500
     point #  20  energy = -37.398
     point #  40  energy = -17.212
     point #  60  energy =  -8.129
New Fermi level:    mu=  -8.144 eV  Charge distance=  0.0038 (partial c.d.=  0.0705)
SCF ITERATION NUMBER  8
     point #   1  energy = -48.500
     point #  20  energy = -37.402
     point #  40  energy = -17.224
     point #  60  energy =  -8.144
New Fermi level:    mu=  -8.151 eV  Charge distance=  0.0028 (partial c.d.=  0.0163)
SCF ITERATION NUMBER  9
     point #   1  energy = -48.500
     point #  20  energy = -37.404
     point #  40  energy = -17.229
     point #  60  energy =  -8.151
New Fermi level:    mu=  -8.146 eV  Charge distance=  0.0024 (partial c.d.=  0.0090)
SCF ITERATION NUMBER 10
     point #   1  energy = -48.500
     point #  20  energy = -37.403
     point #  40  energy = -17.225
     point #  60  energy =  -8.146
New Fermi level:    mu=  -8.142 eV  Charge distance=  0.0020 (partial c.d.=  0.0029)
SCF ITERATION NUMBER 11
     point #   1  energy = -48.500
     point #  20  energy = -37.402
     point #  40  energy = -17.223
     point #  60  energy =  -8.142
New Fermi level:    mu=  -8.139 eV  Charge distance=  0.0003 (partial c.d.=  0.0046)
SCF ITERATION NUMBER 12
     point #   1  energy = -48.500
     point #  20  energy = -37.401
     point #  40  energy = -17.220
     point #  60  energy =  -8.139
New Fermi level:    mu=  -8.139 eV  Charge distance=  0.0002 (partial c.d.=  0.0006)
SCF ITERATION NUMBER 13
     point #   1  energy = -48.500
     point #  20  energy = -37.401
     point #  40  energy = -17.220
     point #  60  energy =  -8.139
New Fermi level:    mu=  -8.139 eV  Charge distance=  0.0002 (partial c.d.=  0.0001)
Electronic configuration
  type     l     N_el
     0     0    0.498
     0     1    0.630
     0     2    9.449
     0     3    0.000
     1     0    2.269
     1     1    6.377
     1     2    0.861
     1     3    0.000
     2     0    2.296
     2     1    6.401
     2     2    1.564
     2     3    0.000
     3     0    0.502
     3     1    0.624
     3     2    9.448
     3     3    0.000
     4     0    1.862
     4     1    4.513
     4     2    0.068
     4     3    0.000
Charge transfer:  type  charge
       0   -0.423
       1   -0.494
       2   -0.739
       3   -0.426
       4    0.442
Convergence reached in   13 iterations.
Done with module: potentials.

Calculating screened core-hole potential ...
FMS for a cluster of   21 atoms around iph =   0
    0% of energy integration
   20%
   40%
   60%
   80%
  100%
Preparing response function.
Computing (1 - K Chi0)^-1 v_ch
Done with module: screened core-hole potential.

Calculating cross-section and phases ...
    absorption cross section
 x0,dx,rnrm,inrm,jnrm   8.80000000000000       5.000000000000000E-002
   2.41202983299996              194         195
    phase shifts for unique potential    0
    phase shifts for unique potential    1
    phase shifts for unique potential    2
    phase shifts for unique potential    3
    phase shifts for unique potential    4
Done with module: cross-section and phases (XSPH).

FMS calculation of full Green's function ...
FEFF-serial using 1 thread.
Using   194 energy points.
xprep done
FMS for a cluster of  254 atoms
Energy point    1/ 194
Energy point   10/ 194
Energy point   20/ 194
Energy point   30/ 194
Energy point   40/ 194
Energy point   50/ 194
Energy point   60/ 194
Energy point   70/ 194
Energy point   80/ 194
Energy point   90/ 194
Energy point  100/ 194
Energy point  110/ 194
Energy point  120/ 194
Energy point  130/ 194
Energy point  140/ 194
Energy point  150/ 194
Energy point  160/ 194
Energy point  170/ 194
Energy point  180/ 194
Energy point  190/ 194
Done with module: FMS.

MKGTR: Tracing over Green's function ...
Done with module: MKGTR.

Pathfinder: finding scattering paths...
Preparing plane wave scattering amplitudes
Searching for paths
Eliminating path degeneracies
0 paths retained.
Done with module: pathfinder.

Calculating EXAFS parameters ...
Done with module: EXAFS parameters (GENFMT).

Calculating XAS spectra ...
Done with module: XAS spectra (FF2X: DW + final sum over paths).

 
### feff ends at Mon Aug 14 11:03:48 EDT 2023
 
