### feff starts at Sun Aug 13 12:20:06 EDT 2023
### Serial version
### FeffPath is /sdcc/u/mcarbone/software/JFEFF/hsw/feff90/linux
 
Launching FEFF version FEFF 9.9.1
Core hole lifetime is   1.729 eV.
Your calculation:
 comment: None given
 Source:
 Structure Summary:  Mg6 Cu12 O24
 Reduced formula:  Mg(CuO2)2
 space group: (Cm), space number:  (8)
 abc:  5.909233   5.909233  14.506153
 angles: 89.737495  89.737495  60.558805
 sites: 42
Cu K edge XANES using RPA corehole.
Using:     * Self-Consistent Field potentials
Using cards:   ATOMS CONTROL EXCHANGE TITLE RPATH POTENTIALS XANES EDGE SCF FMS S02 COREHOLE EGRID

Calculating atomic potentials ...
    overlapped atomic potential and density for unique potential    0
    overlapped atomic potential and density for unique potential    1
    overlapped atomic potential and density for unique potential    2
    overlapped atomic potential and density for unique potential    3
Done with module: atomic potentials.

Calculating SCF potentials ...
FEFF-serial using 1 thread.
Muffin tin radii and interstitial parameters [bohr]:
type, norman radius, muffin tin, overlap factor
    0  1.30859E+00  1.19729E+00  1.15000E+00
    1  1.41483E+00  1.32462E+00  1.15000E+00
    2  1.28033E+00  1.21424E+00  1.14548E+00
    3  1.11461E+00  1.03071E+00  1.15000E+00
Core-valence separation energy:  ecv=   -40.000 eV
Initial Fermi level:              mu=     0.083 eV
SCF ITERATION NUMBER  1
     point #   1  energy = -40.000
FMS for a cluster of  147 atoms around atom type   0
FMS for a cluster of  131 atoms around atom type   1
FMS for a cluster of  132 atoms around atom type   2
FMS for a cluster of  142 atoms around atom type   3
     point #  20  energy = -28.946
     point #  40  energy =  -8.696
     point #  60  energy =  -3.540
New Fermi level:    mu=  -3.855 eV  Charge distance=  0.4779 (partial c.d.=  7.6944)
SCF ITERATION NUMBER  1
     point #   1  energy = -40.000
FMS for a cluster of  147 atoms around atom type   0
FMS for a cluster of  131 atoms around atom type   1
FMS for a cluster of  132 atoms around atom type   2
FMS for a cluster of  142 atoms around atom type   3
     point #  20  energy = -28.956
     point #  40  energy =  -8.875
     point #  60  energy =  -3.855
     point #  80  energy =  -5.433
     point # 100  energy =  -9.487
New Fermi level:    mu= -10.088 eV  Charge distance=  0.1283 (partial c.d.=  2.5719)
SCF ITERATION NUMBER  1
     point #   1  energy = -40.000
FMS for a cluster of  147 atoms around atom type   0
FMS for a cluster of  131 atoms around atom type   1
FMS for a cluster of  132 atoms around atom type   2
FMS for a cluster of  142 atoms around atom type   3
     point #  20  energy = -29.032
     point #  40  energy = -10.088
     point #  60  energy =  -9.997
     point #  80  energy =  -9.488
New Fermi level:    mu=  -9.506 eV  Charge distance=  0.6809 (partial c.d.=  3.7720)
SCF ITERATION NUMBER  2
     point #   1  energy = -40.000
     point #  20  energy = -28.819
     point #  40  energy =  -9.506
     point #  60  energy =  -9.416
New Fermi level:    mu=  -9.009 eV  Charge distance=  0.2325 (partial c.d.=  4.0377)
SCF ITERATION NUMBER  3
     point #   1  energy = -40.000
     point #  20  energy = -29.003
     point #  40  energy =  -9.009
     point #  60  energy =  -9.050
New Fermi level:    mu=  -9.445 eV  Charge distance=  0.4977 (partial c.d.=  0.1431)
SCF ITERATION NUMBER  4
     point #   1  energy = -40.000
     point #  20  energy = -28.796
     point #  40  energy =  -9.445
     point #  60  energy =  -9.535
New Fermi level:    mu=  -9.985 eV  Charge distance=  0.2792 (partial c.d.=  9.1392)
SCF ITERATION NUMBER  5
     point #   1  energy = -40.000
     point #  20  energy = -28.994
     point #  40  energy =  -9.985
     point #  60  energy =  -9.888
New Fermi level:    mu=  -9.775 eV  Charge distance=  0.2791 (partial c.d.=  3.8486)
SCF ITERATION NUMBER  6
     point #   1  energy = -40.000
     point #  20  energy = -28.918
     point #  40  energy =  -9.775
     point #  60  energy =  -9.685
     point #  80  energy =  -7.997
New Fermi level:    mu=  -8.174 eV  Charge distance=  0.1406 (partial c.d.=  5.3155)
SCF ITERATION NUMBER  7
     point #   1  energy = -40.000
     point #  20  energy = -28.707
     point #  40  energy =  -8.174
     point #  60  energy =  -8.214
     point #  80  energy =  -9.642
New Fermi level:    mu=  -9.678 eV  Charge distance=  0.0770 (partial c.d.=  0.2980)
SCF ITERATION NUMBER  8
     point #   1  energy = -40.000
     point #  20  energy = -28.882
     point #  40  energy =  -9.678
     point #  60  energy =  -9.775
New Fermi level:    mu=  -9.864 eV  Charge distance=  0.0156 (partial c.d.=  0.6490)
SCF ITERATION NUMBER  9
     point #   1  energy = -40.000
     point #  20  energy = -28.950
     point #  40  energy =  -9.864
     point #  60  energy =  -9.801
New Fermi level:    mu=  -9.727 eV  Charge distance=  0.0215 (partial c.d.=  0.4469)
SCF ITERATION NUMBER 10
     point #   1  energy = -40.000
     point #  20  energy = -28.900
     point #  40  energy =  -9.727
New Fermi level:    mu=  -9.753 eV  Charge distance=  0.0768 (partial c.d.=  0.0641)
SCF ITERATION NUMBER 11
     point #   1  energy = -40.000
     point #  20  energy = -28.909
     point #  40  energy =  -9.753
New Fermi level:    mu=  -9.801 eV  Charge distance=  0.0057 (partial c.d.=  0.3017)
SCF ITERATION NUMBER 12
     point #   1  energy = -40.000
     point #  20  energy = -28.927
     point #  40  energy =  -9.801
New Fermi level:    mu=  -9.803 eV  Charge distance=  0.0021 (partial c.d.=  0.0490)
SCF ITERATION NUMBER 13
     point #   1  energy = -40.000
     point #  20  energy = -28.928
     point #  40  energy =  -9.803
New Fermi level:    mu=  -9.795 eV  Charge distance=  0.0017 (partial c.d.=  0.0128)
SCF ITERATION NUMBER 14
     point #   1  energy = -40.000
     point #  20  energy = -28.925
     point #  40  energy =  -9.795
New Fermi level:    mu=  -9.791 eV  Charge distance=  0.0011 (partial c.d.=  0.0039)
SCF ITERATION NUMBER 15
     point #   1  energy = -40.000
     point #  20  energy = -28.923
     point #  40  energy =  -9.791
New Fermi level:    mu=  -9.787 eV  Charge distance=  0.0006 (partial c.d.=  0.0019)
SCF ITERATION NUMBER 16
     point #   1  energy = -40.000
     point #  20  energy = -28.922
     point #  40  energy =  -9.787
New Fermi level:    mu=  -9.786 eV  Charge distance=  0.0010 (partial c.d.=  0.0037)
SCF ITERATION NUMBER 17
     point #   1  energy = -40.000
     point #  20  energy = -28.922
     point #  40  energy =  -9.786
New Fermi level:    mu=  -9.784 eV  Charge distance=  0.0000 (partial c.d.=  0.0016)
SCF ITERATION NUMBER 18
     point #   1  energy = -40.000
     point #  20  energy = -28.921
     point #  40  energy =  -9.784
New Fermi level:    mu=  -9.784 eV  Charge distance=  0.0001 (partial c.d.=  0.0005)
SCF ITERATION NUMBER 19
     point #   1  energy = -40.000
     point #  20  energy = -28.921
     point #  40  energy =  -9.784
New Fermi level:    mu=  -9.784 eV  Charge distance=  0.0001 (partial c.d.=  0.0001)
Electronic configuration
  type     l     N_el
     0     0    0.493
     0     1    0.668
     0     2    9.298
     0     3    0.000
     1     0    0.495
     1     1    0.820
     1     2    0.592
     1     3    0.000
     2     0    0.463
     2     1    0.638
     2     2    9.228
     2     3    0.000
     3     0    1.851
     3     1    4.446
     3     2    0.062
     3     3    0.000
Charge transfer:  type  charge
       0   -0.541
       1   -0.092
       2   -0.671
       3    0.359
Convergence reached in   19 iterations.
Done with module: potentials.

Calculating screened core-hole potential ...
FMS for a cluster of   33 atoms around iph =   0
    0% of energy integration
   20%
   40%
   60%
   80%
  100%
Preparing response function.
Computing (1 - K Chi0)^-1 v_ch
Done with module: screened core-hole potential.

Calculating cross-section and phases ...
    absorption cross section
 x0,dx,rnrm,inrm,jnrm   8.80000000000000       5.000000000000000E-002
   2.47286757099994              195         196
    phase shifts for unique potential    0
    phase shifts for unique potential    1
    phase shifts for unique potential    2
    phase shifts for unique potential    3
Done with module: cross-section and phases (XSPH).

FMS calculation of full Green's function ...
FEFF-serial using 1 thread.
Using   194 energy points.
xprep done
FMS for a cluster of  279 atoms
Energy point    1/ 194
Energy point   10/ 194
Energy point   20/ 194
Energy point   30/ 194
Energy point   40/ 194
Energy point   50/ 194
Energy point   60/ 194
Energy point   70/ 194
Energy point   80/ 194
Energy point   90/ 194
Energy point  100/ 194
Energy point  110/ 194
Energy point  120/ 194
Energy point  130/ 194
Energy point  140/ 194
Energy point  150/ 194
Energy point  160/ 194
Energy point  170/ 194
Energy point  180/ 194
Energy point  190/ 194
Done with module: FMS.

MKGTR: Tracing over Green's function ...
Done with module: MKGTR.

Pathfinder: finding scattering paths...
Preparing plane wave scattering amplitudes
Searching for paths
Eliminating path degeneracies
0 paths retained.
Done with module: pathfinder.

Calculating EXAFS parameters ...
Done with module: EXAFS parameters (GENFMT).

Calculating XAS spectra ...
Done with module: XAS spectra (FF2X: DW + final sum over paths).

 
### feff ends at Sun Aug 13 15:11:52 EDT 2023
 
