### feff starts at Sun Aug 13 09:26:11 EDT 2023
### Serial version
### FeffPath is /sdcc/u/mcarbone/software/JFEFF/hsw/feff90/linux
 
Launching FEFF version FEFF 9.9.1
Core hole lifetime is   1.729 eV.
Your calculation:
 comment: None given
 Source:
 Structure Summary:  Li2 Cu4 P2 O8
 Reduced formula:  LiCu2PO4
 space group: (P1), space number:  (1)
 abc:  5.170070   5.504908   6.211066
 angles: 89.563136  88.810765  88.128380
 sites: 16
Cu K edge XANES using RPA corehole.
Using:     * Self-Consistent Field potentials
Using cards:   ATOMS CONTROL EXCHANGE TITLE RPATH POTENTIALS XANES EDGE SCF FMS S02 COREHOLE EGRID

Calculating atomic potentials ...
    overlapped atomic potential and density for unique potential    0
    overlapped atomic potential and density for unique potential    1
    overlapped atomic potential and density for unique potential    2
    overlapped atomic potential and density for unique potential    3
    overlapped atomic potential and density for unique potential    4
Done with module: atomic potentials.

Calculating SCF potentials ...
FEFF-serial using 1 thread.
Muffin tin radii and interstitial parameters [bohr]:
type, norman radius, muffin tin, overlap factor
    0  1.40565E+00  1.34581E+00  1.11577E+00
    1  1.32662E+00  1.26630E+00  1.12505E+00
    2  1.39425E+00  1.33219E+00  1.12195E+00
    3  1.15674E+00  9.43812E-01  1.15000E+00
    4  1.04401E+00  9.40103E-01  1.15000E+00
Core-valence separation energy:  ecv=   -40.000 eV
Initial Fermi level:              mu=     4.435 eV
SCF ITERATION NUMBER  1
     point #   1  energy = -40.000
FMS for a cluster of  131 atoms around atom type   0
FMS for a cluster of  127 atoms around atom type   1
FMS for a cluster of  127 atoms around atom type   2
FMS for a cluster of  123 atoms around atom type   3
FMS for a cluster of  135 atoms around atom type   4
     point #  20  energy = -28.883
     point #  40  energy =  -8.633
     point #  60  energy =  -3.608
     point #  80  energy =  -3.399
New Fermi level:    mu=  -3.457 eV  Charge distance=  0.3851 (partial c.d.=  7.9824)
negative density   1 -181.443 - usually harmless precision error, but check DOS if it persists
SCF ITERATION NUMBER  1
     point #   1  energy = -40.000
FMS for a cluster of  131 atoms around atom type   0
FMS for a cluster of  127 atoms around atom type   1
FMS for a cluster of  127 atoms around atom type   2
FMS for a cluster of  123 atoms around atom type   3
FMS for a cluster of  135 atoms around atom type   4
     point #  20  energy = -28.834
     point #  40  energy =  -8.532
     point #  60  energy =  -3.457
     point #  80  energy =  -5.282
     point # 100  energy =  -7.397
New Fermi level:    mu=  -7.273 eV  Charge distance=  0.1442 (partial c.d.=  2.3402)
negative density   1 -336.289 - usually harmless precision error, but check DOS if it persists
SCF ITERATION NUMBER  1
     point #   1  energy = -40.000
FMS for a cluster of  131 atoms around atom type   0
FMS for a cluster of  127 atoms around atom type   1
FMS for a cluster of  127 atoms around atom type   2
FMS for a cluster of  123 atoms around atom type   3
FMS for a cluster of  135 atoms around atom type   4
     point #  20  energy = -28.750
     point #  40  energy =  -8.296
     point #  60  energy =  -7.232
     point #  80  energy =  -6.498
New Fermi level:    mu=  -6.514 eV  Charge distance=  0.0974 (partial c.d.=  0.3221)
negative density   1 -491.834 - usually harmless precision error, but check DOS if it persists
negative density   1  -28.556 - usually harmless precision error, but check DOS if it persists
SCF ITERATION NUMBER  2
     point #   1  energy = -40.000
     point #  20  energy = -28.838
     point #  40  energy =  -8.543
     point #  60  energy =  -6.489
New Fermi level:    mu=  -6.420 eV  Charge distance=  0.2968 (partial c.d.=  0.0786)
negative density   1-1070.795 - usually harmless precision error, but check DOS if it persists
negative density   1 -207.665 - usually harmless precision error, but check DOS if it persists
SCF ITERATION NUMBER  3
     point #   1  energy = -40.000
     point #  20  energy = -28.807
     point #  40  energy =  -8.455
     point #  60  energy =  -6.445
New Fermi level:    mu=  -6.450 eV  Charge distance=  0.0260 (partial c.d.=  0.0912)
negative density   1-1186.447 - usually harmless precision error, but check DOS if it persists
negative density   1 -243.596 - usually harmless precision error, but check DOS if it persists
negative density   1   -2.572 - usually harmless precision error, but check DOS if it persists
SCF ITERATION NUMBER  4
     point #   1  energy = -40.000
     point #  20  energy = -28.817
     point #  40  energy =  -8.483
     point #  60  energy =  -6.475
New Fermi level:    mu=  -6.489 eV  Charge distance=  0.0164 (partial c.d.=  0.0884)
negative density   1-1202.644 - usually harmless precision error, but check DOS if it persists
negative density   1 -248.789 - usually harmless precision error, but check DOS if it persists
negative density   1   -4.816 - usually harmless precision error, but check DOS if it persists
SCF ITERATION NUMBER  5
     point #   1  energy = -40.000
     point #  20  energy = -28.830
     point #  40  energy =  -8.520
     point #  60  energy =  -6.514
New Fermi level:    mu=  -6.515 eV  Charge distance=  0.0071 (partial c.d.=  0.0291)
negative density   1-1226.913 - usually harmless precision error, but check DOS if it persists
negative density   1 -256.518 - usually harmless precision error, but check DOS if it persists
negative density   1   -8.140 - usually harmless precision error, but check DOS if it persists
SCF ITERATION NUMBER  6
     point #   1  energy = -40.000
     point #  20  energy = -28.838
     point #  40  energy =  -8.545
New Fermi level:    mu=  -6.525 eV  Charge distance=  0.0069 (partial c.d.=  0.0075)
negative density   1-1242.957 - usually harmless precision error, but check DOS if it persists
negative density   1 -261.725 - usually harmless precision error, but check DOS if it persists
negative density   1  -10.402 - usually harmless precision error, but check DOS if it persists
SCF ITERATION NUMBER  7
     point #   1  energy = -40.000
     point #  20  energy = -28.842
     point #  40  energy =  -8.554
New Fermi level:    mu=  -6.523 eV  Charge distance=  0.0056 (partial c.d.=  0.0026)
negative density   1-1256.406 - usually harmless precision error, but check DOS if it persists
negative density   1 -266.139 - usually harmless precision error, but check DOS if it persists
negative density   1  -12.329 - usually harmless precision error, but check DOS if it persists
SCF ITERATION NUMBER  8
     point #   1  energy = -40.000
     point #  20  energy = -28.841
     point #  40  energy =  -8.551
New Fermi level:    mu=  -6.514 eV  Charge distance=  0.0035 (partial c.d.=  0.0015)
negative density   1-1267.802 - usually harmless precision error, but check DOS if it persists
negative density   1 -269.828 - usually harmless precision error, but check DOS if it persists
negative density   1  -13.930 - usually harmless precision error, but check DOS if it persists
SCF ITERATION NUMBER  9
     point #   1  energy = -40.000
     point #  20  energy = -28.838
     point #  40  energy =  -8.543
New Fermi level:    mu=  -6.510 eV  Charge distance=  0.0002 (partial c.d.=  0.0008)
negative density   1-1269.801 - usually harmless precision error, but check DOS if it persists
negative density   1 -270.454 - usually harmless precision error, but check DOS if it persists
negative density   1  -14.197 - usually harmless precision error, but check DOS if it persists
SCF ITERATION NUMBER 10
     point #   1  energy = -40.000
     point #  20  energy = -28.837
     point #  40  energy =  -8.539
New Fermi level:    mu=  -6.510 eV  Charge distance=  0.0002 (partial c.d.=  0.0001)
Electronic configuration
  type     l     N_el
     0     0    0.536
     0     1    0.621
     0     2    9.606
     0     3    0.000
     1     0    0.271
     1     1    0.568
     1     2    0.000
     1     3    0.000
     2     0    0.568
     2     1    0.622
     2     2    9.589
     2     3    0.000
     3     0    1.201
     3     1    2.059
     3     2    1.038
     3     3    0.000
     4     0    1.839
     4     1    4.421
     4     2    0.067
     4     3    0.000
Charge transfer:  type  charge
       0   -0.237
       1   -0.160
       2   -0.222
       3   -0.702
       4    0.327
Convergence reached in   10 iterations.
Done with module: potentials.

Calculating screened core-hole potential ...
FMS for a cluster of   27 atoms around iph =   0
    0% of energy integration
   20%
   40%
   60%
   80%
  100%
Preparing response function.
Computing (1 - K Chi0)^-1 v_ch
Done with module: screened core-hole potential.

Calculating cross-section and phases ...
    absorption cross section
 x0,dx,rnrm,inrm,jnrm   8.80000000000000       5.000000000000000E-002
   2.65629860699996              196         197
    phase shifts for unique potential    0
    phase shifts for unique potential    1
    phase shifts for unique potential    2
    phase shifts for unique potential    3
    phase shifts for unique potential    4
Done with module: cross-section and phases (XSPH).

FMS calculation of full Green's function ...
FEFF-serial using 1 thread.
Using   194 energy points.
xprep done
FMS for a cluster of  275 atoms
Energy point    1/ 194
Energy point   10/ 194
Energy point   20/ 194
Energy point   30/ 194
Energy point   40/ 194
Energy point   50/ 194
Energy point   60/ 194
Energy point   70/ 194
Energy point   80/ 194
Energy point   90/ 194
Energy point  100/ 194
Energy point  110/ 194
Energy point  120/ 194
Energy point  130/ 194
Energy point  140/ 194
Energy point  150/ 194
Energy point  160/ 194
Energy point  170/ 194
Energy point  180/ 194
Energy point  190/ 194
Done with module: FMS.

MKGTR: Tracing over Green's function ...
Done with module: MKGTR.

Pathfinder: finding scattering paths...
Preparing plane wave scattering amplitudes
Searching for paths
Eliminating path degeneracies
0 paths retained.
Done with module: pathfinder.

Calculating EXAFS parameters ...
Done with module: EXAFS parameters (GENFMT).

Calculating XAS spectra ...
Done with module: XAS spectra (FF2X: DW + final sum over paths).

 
### feff ends at Sun Aug 13 11:21:34 EDT 2023
 
