### feff starts at Mon Aug 14 12:32:33 EDT 2023
### Serial version
### FeffPath is /sdcc/u/mcarbone/software/JFEFF/hsw/feff90/linux
 
Launching FEFF version FEFF 9.9.1
Core hole lifetime is   1.729 eV.
Your calculation:
 comment: None given
 Source:
 Structure Summary:  Li10 Cu2 P6 O22
 Reduced formula:  Li5CuP3O11
 space group: (P-1), space number:  (2)
 abc:  5.390437   8.265585   9.598647
 angles: 96.244156  90.697919  95.079488
 sites: 40
Cu K edge XANES using RPA corehole.
Using:     * Self-Consistent Field potentials
Using cards:   ATOMS CONTROL EXCHANGE TITLE RPATH POTENTIALS XANES EDGE SCF FMS S02 COREHOLE EGRID

Calculating atomic potentials ...
    overlapped atomic potential and density for unique potential    0
    overlapped atomic potential and density for unique potential    1
    overlapped atomic potential and density for unique potential    2
    overlapped atomic potential and density for unique potential    3
    overlapped atomic potential and density for unique potential    4
Done with module: atomic potentials.

Calculating SCF potentials ...
FEFF-serial using 1 thread.
Muffin tin radii and interstitial parameters [bohr]:
type, norman radius, muffin tin, overlap factor
    0  1.35196E+00  1.28555E+00  1.13707E+00
    1  1.38972E+00  1.33360E+00  1.10887E+00
    2  1.35216E+00  1.28571E+00  1.13713E+00
    3  1.15208E+00  9.37939E-01  1.15000E+00
    4  1.04213E+00  9.15402E-01  1.15000E+00
Core-valence separation energy:  ecv=   -40.000 eV
Initial Fermi level:              mu=     5.351 eV
SCF ITERATION NUMBER  1
     point #   1  energy = -40.000
FMS for a cluster of  135 atoms around atom type   0
FMS for a cluster of  128 atoms around atom type   1
FMS for a cluster of   99 atoms around atom type   2
FMS for a cluster of  135 atoms around atom type   3
FMS for a cluster of  134 atoms around atom type   4
     point #  20  energy = -28.900
     point #  40  energy =  -8.650
     point #  60  energy =  -5.413
New Fermi level:    mu=  -4.582 eV  Charge distance=  1.0945 (partial c.d.=  4.7976)
SCF ITERATION NUMBER  1
     point #   1  energy = -40.000
FMS for a cluster of  135 atoms around atom type   0
FMS for a cluster of  128 atoms around atom type   1
FMS for a cluster of   99 atoms around atom type   2
FMS for a cluster of  135 atoms around atom type   3
FMS for a cluster of  134 atoms around atom type   4
     point #  20  energy = -28.869
     point #  40  energy =  -8.630
     point #  60  energy =  -4.582
     point #  80  energy =  -6.617
     point # 100  energy =  -7.185
     point # 120  energy =  -6.448
     point # 140  energy =  -6.210
New Fermi level:    mu=  -6.146 eV  Charge distance=  0.3413 (partial c.d.=  5.7215)
SCF ITERATION NUMBER  1
     point #   1  energy = -40.000
FMS for a cluster of  135 atoms around atom type   0
FMS for a cluster of  128 atoms around atom type   1
FMS for a cluster of   99 atoms around atom type   2
FMS for a cluster of  135 atoms around atom type   3
FMS for a cluster of  134 atoms around atom type   4
     point #  20  energy = -28.715
     point #  40  energy =  -8.198
     point #  60  energy =  -6.133
     point #  80  energy =  -6.180
New Fermi level:    mu=  -6.006 eV  Charge distance=  0.1901 (partial c.d.=  0.1739)
SCF ITERATION NUMBER  2
     point #   1  energy = -40.000
     point #  20  energy = -29.002
     point #  40  energy =  -9.006
     point #  60  energy =  -5.994
     point #  80  energy =  -5.972
New Fermi level:    mu=  -5.873 eV  Charge distance=  0.2015 (partial c.d.=  0.2391)
SCF ITERATION NUMBER  3
     point #   1  energy = -40.000
     point #  20  energy = -28.959
     point #  40  energy =  -8.885
     point #  60  energy =  -5.861
New Fermi level:    mu=  -5.601 eV  Charge distance=  0.0474 (partial c.d.=  0.4223)
SCF ITERATION NUMBER  4
     point #   1  energy = -40.000
     point #  20  energy = -28.871
     point #  40  energy =  -8.636
     point #  60  energy =  -5.613
     point #  80  energy =  -6.051
     point # 100  energy =  -5.766
New Fermi level:    mu=  -5.750 eV  Charge distance=  0.0960 (partial c.d.=  0.3899)
SCF ITERATION NUMBER  5
     point #   1  energy = -40.000
     point #  20  energy = -28.919
     point #  40  energy =  -8.772
     point #  60  energy =  -5.737
New Fermi level:    mu=  -5.709 eV  Charge distance=  0.0213 (partial c.d.=  0.0995)
SCF ITERATION NUMBER  6
     point #   1  energy = -40.000
     point #  20  energy = -28.906
     point #  40  energy =  -8.735
     point #  60  energy =  -5.722
New Fermi level:    mu=  -5.719 eV  Charge distance=  0.0066 (partial c.d.=  0.0379)
SCF ITERATION NUMBER  7
     point #   1  energy = -40.000
     point #  20  energy = -28.909
     point #  40  energy =  -8.744
     point #  60  energy =  -5.732
New Fermi level:    mu=  -5.731 eV  Charge distance=  0.0083 (partial c.d.=  0.0044)
SCF ITERATION NUMBER  8
     point #   1  energy = -40.000
     point #  20  energy = -28.913
     point #  40  energy =  -8.755
     point #  60  energy =  -5.744
New Fermi level:    mu=  -5.739 eV  Charge distance=  0.0022 (partial c.d.=  0.0041)
SCF ITERATION NUMBER  9
     point #   1  energy = -40.000
     point #  20  energy = -28.915
     point #  40  energy =  -8.762
     point #  60  energy =  -5.726
New Fermi level:    mu=  -5.736 eV  Charge distance=  0.0025 (partial c.d.=  0.0004)
SCF ITERATION NUMBER 10
     point #   1  energy = -40.000
     point #  20  energy = -28.914
     point #  40  energy =  -8.759
     point #  60  energy =  -5.723
New Fermi level:    mu=  -5.732 eV  Charge distance=  0.0001 (partial c.d.=  0.0004)
SCF ITERATION NUMBER 11
     point #   1  energy = -40.000
     point #  20  energy = -28.913
     point #  40  energy =  -8.755
     point #  60  energy =  -5.719
New Fermi level:    mu=  -5.732 eV  Charge distance=  0.0001 (partial c.d.=  0.0001)
Electronic configuration
  type     l     N_el
     0     0    0.460
     0     1    0.557
     0     2    9.677
     0     3    0.000
     1     0    0.270
     1     1    0.528
     1     2    0.000
     1     3    0.000
     2     0    0.463
     2     1    0.564
     2     2    9.678
     2     3    0.000
     3     0    1.191
     3     1    2.044
     3     2    1.029
     3     3    0.000
     4     0    1.828
     4     1    4.420
     4     2    0.071
     4     3    0.000
Charge transfer:  type  charge
       0   -0.307
       1   -0.202
       2   -0.295
       3   -0.737
       4    0.320
Convergence reached in   11 iterations.
Done with module: potentials.

Calculating screened core-hole potential ...
FMS for a cluster of   27 atoms around iph =   0
    0% of energy integration
   20%
   40%
   60%
   80%
  100%
Preparing response function.
Computing (1 - K Chi0)^-1 v_ch
Done with module: screened core-hole potential.

Calculating cross-section and phases ...
    absorption cross section
 x0,dx,rnrm,inrm,jnrm   8.80000000000000       5.000000000000000E-002
   2.55484151600021              195         196
    phase shifts for unique potential    0
    phase shifts for unique potential    1
    phase shifts for unique potential    2
    phase shifts for unique potential    3
    phase shifts for unique potential    4
Done with module: cross-section and phases (XSPH).

FMS calculation of full Green's function ...
FEFF-serial using 1 thread.
Using   194 energy points.
xprep done
FMS for a cluster of  295 atoms
Energy point    1/ 194
Energy point   10/ 194
Energy point   20/ 194
Energy point   30/ 194
Energy point   40/ 194
Energy point   50/ 194
Energy point   60/ 194
Energy point   70/ 194
Energy point   80/ 194
Energy point   90/ 194
Energy point  100/ 194
Energy point  110/ 194
Energy point  120/ 194
Energy point  130/ 194
Energy point  140/ 194
Energy point  150/ 194
Energy point  160/ 194
Energy point  170/ 194
Energy point  180/ 194
Energy point  190/ 194
Done with module: FMS.

MKGTR: Tracing over Green's function ...
Done with module: MKGTR.

Pathfinder: finding scattering paths...
Preparing plane wave scattering amplitudes
Searching for paths
Eliminating path degeneracies
0 paths retained.
Done with module: pathfinder.

Calculating EXAFS parameters ...
Done with module: EXAFS parameters (GENFMT).

Calculating XAS spectra ...
Done with module: XAS spectra (FF2X: DW + final sum over paths).

 
### feff ends at Mon Aug 14 14:33:42 EDT 2023
 
