### feff starts at Mon Aug 14 09:25:45 EDT 2023
### Serial version
### FeffPath is /sdcc/u/mcarbone/software/JFEFF/hsw/feff90/linux
 
Launching FEFF version FEFF 9.9.1
Core hole lifetime is   1.729 eV.
Your calculation:
 comment: None given
 Source:
 Structure Summary:  K4 Cu2 Cl8 O4
 Reduced formula:  K2Cu(Cl2O)2
 space group: (P4_2/mnm), space number:  (136)
 abc:  8.213646   8.213646   7.982065
 angles: 90.000000  90.000000  90.000000
 sites: 18
Cu K edge XANES using RPA corehole.
Using:     * Self-Consistent Field potentials
Using cards:   ATOMS CONTROL EXCHANGE TITLE RPATH POTENTIALS XANES EDGE SCF FMS S02 COREHOLE EGRID

Calculating atomic potentials ...
    overlapped atomic potential and density for unique potential    0
    overlapped atomic potential and density for unique potential    1
    overlapped atomic potential and density for unique potential    2
    overlapped atomic potential and density for unique potential    3
    overlapped atomic potential and density for unique potential    4
Done with module: atomic potentials.

Calculating SCF potentials ...
FEFF-serial using 1 thread.
Muffin tin radii and interstitial parameters [bohr]:
type, norman radius, muffin tin, overlap factor
    0  1.32218E+00  1.10305E+00  1.15000E+00
    1  2.01488E+00  1.91605E+00  1.13682E+00
    2  1.32472E+00  1.10403E+00  1.15000E+00
    3  1.58415E+00  1.50042E+00  1.14972E+00
    4  1.12577E+00  9.89101E-01  1.15000E+00
Core-valence separation energy:  ecv=   -41.500 eV
Initial Fermi level:              mu=    -0.341 eV
SCF ITERATION NUMBER  1
     point #   1  energy = -41.500
FMS for a cluster of   41 atoms around atom type   0
FMS for a cluster of   34 atoms around atom type   1
FMS for a cluster of   22 atoms around atom type   2
FMS for a cluster of   43 atoms around atom type   3
FMS for a cluster of   45 atoms around atom type   4
     point #  20  energy = -30.431
     point #  40  energy = -10.181
     point #  60  energy =  -5.897
     point #  80  energy =  -4.166
New Fermi level:    mu=  -4.014 eV  Charge distance=  1.2885 (partial c.d.=  6.5093)
SCF ITERATION NUMBER  1
     point #   1  energy = -41.500
FMS for a cluster of   41 atoms around atom type   0
FMS for a cluster of   34 atoms around atom type   1
FMS for a cluster of   22 atoms around atom type   2
FMS for a cluster of   43 atoms around atom type   3
FMS for a cluster of   45 atoms around atom type   4
     point #  20  energy = -30.356
     point #  40  energy = -10.093
     point #  60  energy =  -4.014
     point #  80  energy =  -5.661
     point # 100  energy =  -6.786
     point # 120  energy =  -6.302
New Fermi level:    mu=  -6.097 eV  Charge distance=  0.4317 (partial c.d.=  6.8346)
SCF ITERATION NUMBER  1
     point #   1  energy = -41.500
FMS for a cluster of   41 atoms around atom type   0
FMS for a cluster of   34 atoms around atom type   1
FMS for a cluster of   22 atoms around atom type   2
FMS for a cluster of   43 atoms around atom type   3
FMS for a cluster of   45 atoms around atom type   4
     point #  20  energy = -30.373
     point #  40  energy = -10.143
     point #  60  energy =  -6.097
     point #  80  energy =  -7.281
     point # 100  energy =  -6.863
New Fermi level:    mu=  -6.673 eV  Charge distance=  0.2401 (partial c.d.=  0.3629)
SCF ITERATION NUMBER  2
     point #   1  energy = -41.500
     point #  20  energy = -30.233
     point #  40  energy =  -9.746
     point #  60  energy =  -6.661
New Fermi level:    mu=  -6.627 eV  Charge distance=  0.1565 (partial c.d.=  0.4222)
SCF ITERATION NUMBER  3
     point #   1  energy = -41.500
     point #  20  energy = -30.217
     point #  40  energy =  -9.704
     point #  60  energy =  -6.614
New Fermi level:    mu=  -6.396 eV  Charge distance=  0.0783 (partial c.d.=  0.5691)
SCF ITERATION NUMBER  4
     point #   1  energy = -41.500
     point #  20  energy = -30.467
     point #  40  energy = -10.408
     point #  60  energy =  -6.396
New Fermi level:    mu=  -6.392 eV  Charge distance=  0.0839 (partial c.d.=  0.6843)
SCF ITERATION NUMBER  5
     point #   1  energy = -41.500
     point #  20  energy = -30.466
     point #  40  energy = -10.405
     point #  60  energy =  -6.392
New Fermi level:    mu=  -6.340 eV  Charge distance=  0.1072 (partial c.d.=  0.0982)
SCF ITERATION NUMBER  6
     point #   1  energy = -41.500
     point #  20  energy = -30.450
     point #  40  energy = -10.358
     point #  60  energy =  -6.340
New Fermi level:    mu=  -6.308 eV  Charge distance=  0.0106 (partial c.d.=  0.3034)
SCF ITERATION NUMBER  7
     point #   1  energy = -41.500
     point #  20  energy = -30.440
     point #  40  energy = -10.330
     point #  60  energy =  -6.308
New Fermi level:    mu=  -6.328 eV  Charge distance=  0.0030 (partial c.d.=  0.0653)
SCF ITERATION NUMBER  8
     point #   1  energy = -41.500
     point #  20  energy = -30.446
     point #  40  energy = -10.348
     point #  60  energy =  -6.328
New Fermi level:    mu=  -6.335 eV  Charge distance=  0.0009 (partial c.d.=  0.0147)
SCF ITERATION NUMBER  9
     point #   1  energy = -41.500
     point #  20  energy = -30.448
     point #  40  energy = -10.354
     point #  60  energy =  -6.335
New Fermi level:    mu=  -6.339 eV  Charge distance=  0.0043 (partial c.d.=  0.0047)
SCF ITERATION NUMBER 10
     point #   1  energy = -41.500
     point #  20  energy = -30.449
     point #  40  energy = -10.357
     point #  60  energy =  -6.339
New Fermi level:    mu=  -6.345 eV  Charge distance=  0.0011 (partial c.d.=  0.0060)
SCF ITERATION NUMBER 11
     point #   1  energy = -41.500
     point #  20  energy = -30.451
     point #  40  energy = -10.363
     point #  60  energy =  -6.345
New Fermi level:    mu=  -6.345 eV  Charge distance=  0.0002 (partial c.d.=  0.0031)
SCF ITERATION NUMBER 12
     point #   1  energy = -41.500
     point #  20  energy = -30.451
     point #  40  energy = -10.363
     point #  60  energy =  -6.345
New Fermi level:    mu=  -6.343 eV  Charge distance=  0.0003 (partial c.d.=  0.0004)
SCF ITERATION NUMBER 13
     point #   1  energy = -41.500
     point #  20  energy = -30.451
     point #  40  energy = -10.361
     point #  60  energy =  -6.343
New Fermi level:    mu=  -6.342 eV  Charge distance=  0.0001 (partial c.d.=  0.0002)
Electronic configuration
  type     l     N_el
     0     0    0.624
     0     1    0.549
     0     2    9.465
     0     3    0.000
     1     0    2.217
     1     1    6.260
     1     2    0.323
     1     3    0.000
     2     0    0.620
     2     1    0.555
     2     2    9.466
     2     3    0.000
     3     0    1.990
     3     1    4.950
     3     2    0.165
     3     3    0.000
     4     0    1.922
     4     1    4.155
     4     2    0.092
     4     3    0.000
Charge transfer:  type  charge
       0   -0.362
       1   -0.199
       2   -0.359
       3    0.105
       4    0.170
Convergence reached in   13 iterations.
Done with module: potentials.

Calculating screened core-hole potential ...
FMS for a cluster of    7 atoms around iph =   0
    0% of energy integration
   20%
   40%
   60%
   80%
  100%
Preparing response function.
Computing (1 - K Chi0)^-1 v_ch
Done with module: screened core-hole potential.

Calculating cross-section and phases ...
    absorption cross section
 x0,dx,rnrm,inrm,jnrm   8.80000000000000       5.000000000000000E-002
   2.49855793800002              195         196
    phase shifts for unique potential    0
    phase shifts for unique potential    1
    phase shifts for unique potential    2
    phase shifts for unique potential    3
    phase shifts for unique potential    4
Done with module: cross-section and phases (XSPH).

FMS calculation of full Green's function ...
FEFF-serial using 1 thread.
Using   194 energy points.
xprep done
FMS for a cluster of  103 atoms
Energy point    1/ 194
Energy point   10/ 194
Energy point   20/ 194
Energy point   30/ 194
Energy point   40/ 194
Energy point   50/ 194
Energy point   60/ 194
Energy point   70/ 194
Energy point   80/ 194
Energy point   90/ 194
Energy point  100/ 194
Energy point  110/ 194
Energy point  120/ 194
Energy point  130/ 194
Energy point  140/ 194
Energy point  150/ 194
Energy point  160/ 194
Energy point  170/ 194
Energy point  180/ 194
Energy point  190/ 194
Done with module: FMS.

MKGTR: Tracing over Green's function ...
Done with module: MKGTR.

Pathfinder: finding scattering paths...
Preparing plane wave scattering amplitudes
Searching for paths
Eliminating path degeneracies
0 paths retained.
Done with module: pathfinder.

Calculating EXAFS parameters ...
Done with module: EXAFS parameters (GENFMT).

Calculating XAS spectra ...
Done with module: XAS spectra (FF2X: DW + final sum over paths).

 
### feff ends at Mon Aug 14 09:35:08 EDT 2023
 
