### feff starts at Mon Aug 14 12:11:57 EDT 2023
### Serial version
### FeffPath is /sdcc/u/mcarbone/software/JFEFF/hsw/feff90/linux
 
Launching FEFF version FEFF 9.9.1
Resetting lmaxsc to 2 for iph =    2.  Use  UNFREEZE to prevent this.
Core hole lifetime is   1.729 eV.
Your calculation:
 comment: None given
 Source:
 Structure Summary:  Cu6 Re6 O24
 Reduced formula:  CuReO4
 space group: (P-1), space number:  (2)
 abc:  6.632851   7.859542   9.747057
 angles:101.493980 104.660598  94.045492
 sites: 36
Cu K edge XANES using RPA corehole.
Using:     * Self-Consistent Field potentials
Using cards:   ATOMS CONTROL EXCHANGE TITLE RPATH POTENTIALS XANES EDGE SCF FMS S02 COREHOLE EGRID

Calculating atomic potentials ...
    overlapped atomic potential and density for unique potential    0
    overlapped atomic potential and density for unique potential    1
    overlapped atomic potential and density for unique potential    2
    overlapped atomic potential and density for unique potential    3
Done with module: atomic potentials.

Calculating SCF potentials ...
FEFF-serial using 1 thread.
Muffin tin radii and interstitial parameters [bohr]:
type, norman radius, muffin tin, overlap factor
    0  1.38431E+00  1.30375E+00  1.15000E+00
    1  1.36834E+00  1.29830E+00  1.14401E+00
    2  1.38186E+00  1.19095E+00  1.15000E+00
    3  1.06706E+00  9.28069E-01  1.15000E+00
Core-valence separation energy:  ecv=   -40.000 eV
Initial Fermi level:              mu=     5.388 eV
SCF ITERATION NUMBER  1
     point #   1  energy = -40.000
FMS for a cluster of  112 atoms around atom type   0
FMS for a cluster of  101 atoms around atom type   1
FMS for a cluster of  104 atoms around atom type   2
FMS for a cluster of  102 atoms around atom type   3
     point #  20  energy = -28.894
     point #  40  energy =  -8.644
     point #  60  energy =  -3.565
     point #  80  energy =  -3.725
New Fermi level:    mu=  -3.726 eV  Charge distance=  0.8872 (partial c.d.=  6.2181)
SCF ITERATION NUMBER  1
     point #   1  energy = -40.000
FMS for a cluster of  112 atoms around atom type   0
FMS for a cluster of  101 atoms around atom type   1
FMS for a cluster of  104 atoms around atom type   2
FMS for a cluster of  102 atoms around atom type   3
     point #  20  energy = -28.916
     point #  40  energy =  -8.764
     point #  60  energy =  -3.726
     point #  80  energy =  -5.133
New Fermi level:    mu=  -4.656 eV  Charge distance=  0.4256 (partial c.d.=  4.7589)
SCF ITERATION NUMBER  1
     point #   1  energy = -40.000
FMS for a cluster of  112 atoms around atom type   0
FMS for a cluster of  101 atoms around atom type   1
FMS for a cluster of  104 atoms around atom type   2
FMS for a cluster of  102 atoms around atom type   3
     point #  20  energy = -28.892
     point #  40  energy =  -8.695
     point #  60  energy =  -4.656
     point #  80  energy =  -5.428
New Fermi level:    mu=  -5.412 eV  Charge distance=  0.1700 (partial c.d.=  0.9188)
SCF ITERATION NUMBER  2
     point #   1  energy = -40.000
     point #  20  energy = -28.810
     point #  40  energy =  -8.464
     point #  60  energy =  -5.424
New Fermi level:    mu=  -5.570 eV  Charge distance=  0.1930 (partial c.d.=  0.3198)
SCF ITERATION NUMBER  3
     point #   1  energy = -40.000
     point #  20  energy = -28.861
     point #  40  energy =  -8.608
     point #  60  energy =  -5.582
New Fermi level:    mu=  -5.598 eV  Charge distance=  0.0471 (partial c.d.=  0.3747)
SCF ITERATION NUMBER  4
     point #   1  energy = -40.000
     point #  20  energy = -28.870
     point #  40  energy =  -8.634
     point #  60  energy =  -5.611
New Fermi level:    mu=  -5.640 eV  Charge distance=  0.0777 (partial c.d.=  0.4953)
SCF ITERATION NUMBER  5
     point #   1  energy = -40.000
     point #  20  energy = -28.883
     point #  40  energy =  -8.671
     point #  60  energy =  -5.652
New Fermi level:    mu=  -5.670 eV  Charge distance=  0.0232 (partial c.d.=  0.2611)
SCF ITERATION NUMBER  6
     point #   1  energy = -40.000
     point #  20  energy = -28.893
     point #  40  energy =  -8.699
     point #  60  energy =  -5.657
New Fermi level:    mu=  -5.652 eV  Charge distance=  0.0042 (partial c.d.=  0.0700)
SCF ITERATION NUMBER  7
     point #   1  energy = -40.000
     point #  20  energy = -28.887
     point #  40  energy =  -8.683
     point #  60  energy =  -5.640
New Fermi level:    mu=  -5.641 eV  Charge distance=  0.0067 (partial c.d.=  0.0136)
SCF ITERATION NUMBER  8
     point #   1  energy = -40.000
     point #  20  energy = -28.884
     point #  40  energy =  -8.673
     point #  60  energy =  -5.628
New Fermi level:    mu=  -5.624 eV  Charge distance=  0.0044 (partial c.d.=  0.0028)
SCF ITERATION NUMBER  9
     point #   1  energy = -40.000
     point #  20  energy = -28.878
     point #  40  energy =  -8.657
     point #  60  energy =  -5.612
New Fermi level:    mu=  -5.615 eV  Charge distance=  0.0003 (partial c.d.=  0.0029)
SCF ITERATION NUMBER 10
     point #   1  energy = -40.000
     point #  20  energy = -28.876
     point #  40  energy =  -8.649
     point #  60  energy =  -5.628
New Fermi level:    mu=  -5.616 eV  Charge distance=  0.0002 (partial c.d.=  0.0015)
SCF ITERATION NUMBER 11
     point #   1  energy = -40.000
     point #  20  energy = -28.876
     point #  40  energy =  -8.650
     point #  60  energy =  -5.629
New Fermi level:    mu=  -5.617 eV  Charge distance=  0.0001 (partial c.d.=  0.0008)
SCF ITERATION NUMBER 12
     point #   1  energy = -40.000
     point #  20  energy = -28.876
     point #  40  energy =  -8.651
     point #  60  energy =  -5.630
New Fermi level:    mu=  -5.618 eV  Charge distance=  0.0001 (partial c.d.=  0.0003)
SCF ITERATION NUMBER 13
     point #   1  energy = -40.000
     point #  20  energy = -28.876
     point #  40  energy =  -8.652
     point #  60  energy =  -5.630
New Fermi level:    mu=  -5.618 eV  Charge distance=  0.0000 (partial c.d.=  0.0002)
SCF ITERATION NUMBER 14
     point #   1  energy = -40.000
     point #  20  energy = -28.876
     point #  40  energy =  -8.652
     point #  60  energy =  -5.606
New Fermi level:    mu=  -5.618 eV  Charge distance=  0.0000 (partial c.d.=  0.0000)
Electronic configuration
  type     l     N_el
     0     0    0.497
     0     1    0.617
     0     2    9.676
     0     3    0.000
     1     0    0.477
     1     1    0.633
     1     2    9.669
     1     3    0.000
     2     0    0.600
     2     1    0.797
     2     2    4.901
     2     3    0.000
     3     0    1.825
     3     1    4.307
     3     2    0.099
     3     3    0.000
Charge transfer:  type  charge
       0   -0.210
       1   -0.222
       2   -0.701
       3    0.231
Convergence reached in   14 iterations.
Done with module: potentials.

Calculating screened core-hole potential ...
FMS for a cluster of   20 atoms around iph =   0
    0% of energy integration
   20%
   40%
   60%
   80%
  100%
Preparing response function.
Computing (1 - K Chi0)^-1 v_ch
Done with module: screened core-hole potential.

Calculating cross-section and phases ...
    absorption cross section
 x0,dx,rnrm,inrm,jnrm   8.80000000000000       5.000000000000000E-002
   2.61596525200017              196         197
    phase shifts for unique potential    0
    phase shifts for unique potential    1
    phase shifts for unique potential    2
    phase shifts for unique potential    3
Done with module: cross-section and phases (XSPH).

FMS calculation of full Green's function ...
FEFF-serial using 1 thread.
Using   194 energy points.
xprep done
FMS for a cluster of  236 atoms
Energy point    1/ 194
Energy point   10/ 194
Energy point   20/ 194
Energy point   30/ 194
Energy point   40/ 194
Energy point   50/ 194
Energy point   60/ 194
Energy point   70/ 194
Energy point   80/ 194
Energy point   90/ 194
Energy point  100/ 194
Energy point  110/ 194
Energy point  120/ 194
Energy point  130/ 194
Energy point  140/ 194
Energy point  150/ 194
Energy point  160/ 194
Energy point  170/ 194
Energy point  180/ 194
Energy point  190/ 194
Done with module: FMS.

MKGTR: Tracing over Green's function ...
Done with module: MKGTR.

Pathfinder: finding scattering paths...
Preparing plane wave scattering amplitudes
Searching for paths
Eliminating path degeneracies
0 paths retained.
Done with module: pathfinder.

Calculating EXAFS parameters ...
Done with module: EXAFS parameters (GENFMT).

Calculating XAS spectra ...
Done with module: XAS spectra (FF2X: DW + final sum over paths).

 
### feff ends at Mon Aug 14 13:38:32 EDT 2023
 
