### feff starts at Mon Aug 14 04:55:36 EDT 2023
### Serial version
### FeffPath is /sdcc/u/mcarbone/software/JFEFF/hsw/feff90/linux
 
Launching FEFF version FEFF 9.9.1
Core hole lifetime is   1.729 eV.
Your calculation:
 comment: None given
 Source:
 Structure Summary:  Na1 Ti4 Cu3 O12
 Reduced formula:  NaTi4(CuO4)3
 space group: (Im-3), space number:  (204)
 abc:  6.434751   6.434751   6.434751
 angles:109.471221 109.471221 109.471221
 sites: 20
Cu K edge XANES using RPA corehole.
Using:     * Self-Consistent Field potentials
Using cards:   ATOMS CONTROL EXCHANGE TITLE RPATH POTENTIALS XANES EDGE SCF FMS S02 COREHOLE EGRID

Calculating atomic potentials ...
    overlapped atomic potential and density for unique potential    0
    overlapped atomic potential and density for unique potential    1
    overlapped atomic potential and density for unique potential    2
    overlapped atomic potential and density for unique potential    3
    overlapped atomic potential and density for unique potential    4
Done with module: atomic potentials.

Calculating SCF potentials ...
FEFF-serial using 1 thread.
Muffin tin radii and interstitial parameters [bohr]:
 WARNING: NO ATOMS CLOSE ENOUGH TO OVERLAP ATOM   24,  UNIQUE POT    1!!  Rmt set to Rnorman.  May be error in input file.
type, norman radius, muffin tin, overlap factor
    0  1.28572E+00  1.19733E+00  1.15000E+00
    1  1.52616E+00  1.52616E+00  1.00000E+00
    2  1.41049E+00  1.28066E+00  1.15000E+00
    3  1.28585E+00  1.19739E+00  1.15000E+00
    4  1.10258E+00  1.00786E+00  1.15000E+00
Core-valence separation energy:  ecv=   -47.500 eV
Initial Fermi level:              mu=    -0.420 eV
SCF ITERATION NUMBER  1
     point #   1  energy = -47.500
FMS for a cluster of  143 atoms around atom type   0
FMS for a cluster of  125 atoms around atom type   1
FMS for a cluster of  127 atoms around atom type   2
FMS for a cluster of  125 atoms around atom type   3
FMS for a cluster of  137 atoms around atom type   4
     point #  20  energy = -36.275
     point #  40  energy = -16.025
     point #  60  energy =  -7.443
     point #  80  energy =  -6.965
New Fermi level:    mu=  -6.744 eV  Charge distance=  1.6487 (partial c.d.=  6.6791)
SCF ITERATION NUMBER  1
     point #   1  energy = -47.500
FMS for a cluster of  143 atoms around atom type   0
FMS for a cluster of  125 atoms around atom type   1
FMS for a cluster of  127 atoms around atom type   2
FMS for a cluster of  125 atoms around atom type   3
FMS for a cluster of  137 atoms around atom type   4
     point #  20  energy = -36.292
     point #  40  energy = -15.914
     point #  60  energy =  -6.744
     point #  80  energy =  -7.632
     point # 100  energy = -11.488
     point # 120  energy = -12.400
     point # 140  energy = -12.669
New Fermi level:    mu= -12.815 eV  Charge distance=  0.4901 (partial c.d.=  8.5348)
SCF ITERATION NUMBER  1
     point #   1  energy = -47.500
FMS for a cluster of  143 atoms around atom type   0
FMS for a cluster of  125 atoms around atom type   1
FMS for a cluster of  127 atoms around atom type   2
FMS for a cluster of  125 atoms around atom type   3
FMS for a cluster of  137 atoms around atom type   4
     point #  20  energy = -36.278
     point #  40  energy = -15.875
     point #  60  energy = -12.802
     point #  80  energy = -11.924
     point # 100  energy = -12.305
New Fermi level:    mu= -12.504 eV  Charge distance=  0.2991 (partial c.d.=  0.3399)
SCF ITERATION NUMBER  2
     point #   1  energy = -47.500
     point #  20  energy = -36.501
     point #  40  energy = -16.504
     point #  60  energy = -12.504
     point #  80  energy = -10.985
     point # 100  energy = -11.123
New Fermi level:    mu= -11.142 eV  Charge distance=  0.2573 (partial c.d.=  0.4728)
SCF ITERATION NUMBER  3
     point #   1  energy = -47.500
     point #  20  energy = -36.390
     point #  40  energy = -16.191
     point #  60  energy = -11.142
     point #  80  energy = -10.054
New Fermi level:    mu= -10.064 eV  Charge distance=  0.2445 (partial c.d.=  2.6633)
SCF ITERATION NUMBER  4
     point #   1  energy = -47.500
     point #  20  energy = -36.370
     point #  40  energy = -16.135
     point #  60  energy = -10.064
     point #  80  energy = -11.055
New Fermi level:    mu= -11.294 eV  Charge distance=  0.0464 (partial c.d.=  2.8129)
SCF ITERATION NUMBER  5
     point #   1  energy = -47.500
     point #  20  energy = -36.437
     point #  40  energy = -16.322
     point #  60  energy = -11.294
New Fermi level:    mu= -11.388 eV  Charge distance=  0.1795 (partial c.d.=  0.4483)
SCF ITERATION NUMBER  6
     point #   1  energy = -47.500
     point #  20  energy = -36.466
     point #  40  energy = -16.404
     point #  60  energy = -11.388
New Fermi level:    mu= -11.183 eV  Charge distance=  0.0936 (partial c.d.=  3.1144)
SCF ITERATION NUMBER  7
     point #   1  energy = -47.500
     point #  20  energy = -36.403
     point #  40  energy = -16.227
     point #  60  energy = -11.183
New Fermi level:    mu= -11.079 eV  Charge distance=  0.0805 (partial c.d.=  2.0883)
SCF ITERATION NUMBER  8
     point #   1  energy = -47.500
     point #  20  energy = -36.371
     point #  40  energy = -16.137
     point #  60  energy = -11.079
     point #  80  energy = -10.794
New Fermi level:    mu= -10.793 eV  Charge distance=  0.0054 (partial c.d.=  0.7396)
SCF ITERATION NUMBER  9
     point #   1  energy = -47.500
     point #  20  energy = -36.284
     point #  40  energy = -15.891
     point #  60  energy = -10.793
New Fermi level:    mu= -10.827 eV  Charge distance=  0.0140 (partial c.d.=  0.0634)
SCF ITERATION NUMBER 10
     point #   1  energy = -47.500
     point #  20  energy = -36.294
     point #  40  energy = -15.920
     point #  60  energy = -10.827
New Fermi level:    mu= -10.765 eV  Charge distance=  0.0127 (partial c.d.=  0.1377)
SCF ITERATION NUMBER 11
     point #   1  energy = -47.500
     point #  20  energy = -36.276
     point #  40  energy = -15.867
     point #  60  energy = -10.765
New Fermi level:    mu= -10.701 eV  Charge distance=  0.0052 (partial c.d.=  0.0571)
SCF ITERATION NUMBER 12
     point #   1  energy = -47.500
     point #  20  energy = -36.256
     point #  40  energy = -15.812
     point #  60  energy = -10.701
New Fermi level:    mu= -10.690 eV  Charge distance=  0.0121 (partial c.d.=  0.0380)
SCF ITERATION NUMBER 13
     point #   1  energy = -47.500
     point #  20  energy = -36.253
     point #  40  energy = -15.803
     point #  60  energy = -10.690
New Fermi level:    mu= -10.663 eV  Charge distance=  0.0017 (partial c.d.=  0.0615)
SCF ITERATION NUMBER 14
     point #   1  energy = -47.500
     point #  20  energy = -36.244
     point #  40  energy = -15.779
     point #  60  energy = -10.663
New Fermi level:    mu= -10.661 eV  Charge distance=  0.0038 (partial c.d.=  0.0048)
SCF ITERATION NUMBER 15
     point #   1  energy = -47.500
     point #  20  energy = -36.244
     point #  40  energy = -15.777
     point #  60  energy = -10.661
New Fermi level:    mu= -10.655 eV  Charge distance=  0.0004 (partial c.d.=  0.0045)
SCF ITERATION NUMBER 16
     point #   1  energy = -47.500
     point #  20  energy = -36.242
     point #  40  energy = -15.772
     point #  60  energy = -10.655
New Fermi level:    mu= -10.654 eV  Charge distance=  0.0004 (partial c.d.=  0.0019)
SCF ITERATION NUMBER 17
     point #   1  energy = -47.500
     point #  20  energy = -36.241
     point #  40  energy = -15.771
     point #  60  energy = -10.654
New Fermi level:    mu= -10.655 eV  Charge distance=  0.0002 (partial c.d.=  0.0006)
SCF ITERATION NUMBER 18
     point #   1  energy = -47.500
     point #  20  energy = -36.242
     point #  40  energy = -15.772
     point #  60  energy = -10.655
New Fermi level:    mu= -10.656 eV  Charge distance=  0.0001 (partial c.d.=  0.0009)
SCF ITERATION NUMBER 19
     point #   1  energy = -47.500
     point #  20  energy = -36.242
     point #  40  energy = -15.773
     point #  60  energy = -10.656
New Fermi level:    mu= -10.656 eV  Charge distance=  0.0000 (partial c.d.=  0.0003)
SCF ITERATION NUMBER 20
     point #   1  energy = -47.500
     point #  20  energy = -36.242
     point #  40  energy = -15.773
     point #  60  energy = -10.656
New Fermi level:    mu= -10.655 eV  Charge distance=  0.0000 (partial c.d.=  0.0001)
Electronic configuration
  type     l     N_el
     0     0    0.454
     0     1    0.531
     0     2    9.330
     0     3    0.000
     1     0    0.156
     1     1    6.213
     1     2    0.178
     1     3    0.000
     2     0    0.433
     2     1    6.743
     2     2    2.405
     2     3    0.000
     3     0    0.453
     3     1    0.530
     3     2    9.331
     3     3    0.000
     4     0    1.850
     4     1    4.432
     4     2    0.067
     4     3    0.000
Charge transfer:  type  charge
       0   -0.685
       1   -0.454
       2   -0.419
       3   -0.685
       4    0.349
Convergence reached in   20 iterations.
Done with module: potentials.

Calculating screened core-hole potential ...
FMS for a cluster of   27 atoms around iph =   0
    0% of energy integration
   20%
   40%
   60%
   80%
  100%
Preparing response function.
Computing (1 - K Chi0)^-1 v_ch
Done with module: screened core-hole potential.

Calculating cross-section and phases ...
    absorption cross section
 x0,dx,rnrm,inrm,jnrm   8.80000000000000       5.000000000000000E-002
   2.42966595499992              194         195
    phase shifts for unique potential    0
    phase shifts for unique potential    1
    phase shifts for unique potential    2
    phase shifts for unique potential    3
    phase shifts for unique potential    4
Done with module: cross-section and phases (XSPH).

FMS calculation of full Green's function ...
FEFF-serial using 1 thread.
Using   194 energy points.
xprep done
FMS for a cluster of  281 atoms
Energy point    1/ 194
Energy point   10/ 194
Energy point   20/ 194
Energy point   30/ 194
Energy point   40/ 194
Energy point   50/ 194
Energy point   60/ 194
Energy point   70/ 194
Energy point   80/ 194
Energy point   90/ 194
Energy point  100/ 194
Energy point  110/ 194
Energy point  120/ 194
Energy point  130/ 194
Energy point  140/ 194
Energy point  150/ 194
Energy point  160/ 194
Energy point  170/ 194
Energy point  180/ 194
Energy point  190/ 194
Done with module: FMS.

MKGTR: Tracing over Green's function ...
Done with module: MKGTR.

Pathfinder: finding scattering paths...
Preparing plane wave scattering amplitudes
Searching for paths
Eliminating path degeneracies
0 paths retained.
Done with module: pathfinder.

Calculating EXAFS parameters ...
Done with module: EXAFS parameters (GENFMT).

Calculating XAS spectra ...
Done with module: XAS spectra (FF2X: DW + final sum over paths).

 
### feff ends at Mon Aug 14 08:13:05 EDT 2023
 
