### feff starts at Sun Aug 13 17:05:17 EDT 2023
### Serial version
### FeffPath is /sdcc/u/mcarbone/software/JFEFF/hsw/feff90/linux
 
Launching FEFF version FEFF 9.9.1
Core hole lifetime is   1.729 eV.
Your calculation:
 comment: None given
 Source:
 Structure Summary:  Y1 Co4 Cu3 O12
 Reduced formula:  YCo4(CuO4)3
 space group: (Im-3), space number:  (204)
 abc:  6.303634   6.303634   6.303634
 angles:109.471221 109.471221 109.471221
 sites: 20
Cu K edge XANES using RPA corehole.
Using:     * Self-Consistent Field potentials
Using cards:   ATOMS CONTROL EXCHANGE TITLE RPATH POTENTIALS XANES EDGE SCF FMS S02 COREHOLE EGRID

Calculating atomic potentials ...
    overlapped atomic potential and density for unique potential    0
    overlapped atomic potential and density for unique potential    1
    overlapped atomic potential and density for unique potential    2
    overlapped atomic potential and density for unique potential    3
    overlapped atomic potential and density for unique potential    4
Done with module: atomic potentials.

Calculating SCF potentials ...
FEFF-serial using 1 thread.
Muffin tin radii and interstitial parameters [bohr]:
type, norman radius, muffin tin, overlap factor
    0  1.26134E+00  1.16218E+00  1.15000E+00
    1  1.70584E+00  1.66069E+00  1.06773E+00
    2  1.34434E+00  1.24204E+00  1.15000E+00
    3  1.26141E+00  1.16221E+00  1.15000E+00
    4  1.08608E+00  1.01537E+00  1.15000E+00
Core-valence separation energy:  ecv=   -40.000 eV
Initial Fermi level:              mu=     0.474 eV
SCF ITERATION NUMBER  1
     point #   1  energy = -40.000
FMS for a cluster of  143 atoms around atom type   0
FMS for a cluster of  133 atoms around atom type   1
FMS for a cluster of  140 atoms around atom type   2
FMS for a cluster of  129 atoms around atom type   3
FMS for a cluster of  149 atoms around atom type   4
     point #  20  energy = -28.868
     point #  40  energy =  -8.618
     point #  60  energy =  -6.380
     point #  80  energy =  -5.830
New Fermi level:    mu=  -5.803 eV  Charge distance=  1.3652 (partial c.d.= 10.0923)
SCF ITERATION NUMBER  1
     point #   1  energy = -40.000
FMS for a cluster of  143 atoms around atom type   0
FMS for a cluster of  133 atoms around atom type   1
FMS for a cluster of  140 atoms around atom type   2
FMS for a cluster of  129 atoms around atom type   3
FMS for a cluster of  149 atoms around atom type   4
     point #  20  energy = -28.936
     point #  40  energy =  -8.821
     point #  60  energy =  -5.791
New Fermi level:    mu=  -5.144 eV  Charge distance=  0.8561 (partial c.d.=  7.2357)
SCF ITERATION NUMBER  1
     point #   1  energy = -40.000
FMS for a cluster of  143 atoms around atom type   0
FMS for a cluster of  133 atoms around atom type   1
FMS for a cluster of  140 atoms around atom type   2
FMS for a cluster of  129 atoms around atom type   3
FMS for a cluster of  149 atoms around atom type   4
     point #  20  energy = -28.723
     point #  40  energy =  -8.219
     point #  60  energy =  -5.156
     point #  80  energy =  -7.172
     point # 100  energy = -11.291
     point # 120  energy = -11.541
New Fermi level:    mu= -11.538 eV  Charge distance=  0.5538 (partial c.d.=  5.9786)
SCF ITERATION NUMBER  2
     point #   1  energy = -40.000
     point #  20  energy = -28.819
     point #  40  energy = -11.538
     point #  60  energy = -11.369
     point #  80  energy =  -7.526
     point # 100  energy =  -7.969
New Fermi level:    mu=  -7.994 eV  Charge distance=  0.4326 (partial c.d.=  3.8785)
SCF ITERATION NUMBER  3
     point #   1  energy = -40.000
     point #  20  energy = -28.998
     point #  40  energy =  -8.994
     point #  60  energy =  -8.035
     point #  80  energy =  -9.869
New Fermi level:    mu=  -9.991 eV  Charge distance=  0.2591 (partial c.d.=  4.1602)
SCF ITERATION NUMBER  4
     point #   1  energy = -40.000
     point #  20  energy = -28.997
     point #  40  energy =  -9.991
     point #  60  energy = -10.081
     point #  80  energy = -11.041
New Fermi level:    mu= -11.032 eV  Charge distance=  0.1961 (partial c.d.=  3.6854)
SCF ITERATION NUMBER  5
     point #   1  energy = -40.000
     point #  20  energy = -29.012
     point #  40  energy = -11.032
     point #  60  energy = -10.957
New Fermi level:    mu= -10.908 eV  Charge distance=  0.2058 (partial c.d.=  0.6714)
SCF ITERATION NUMBER  6
     point #   1  energy = -40.000
     point #  20  energy = -28.965
     point #  40  energy = -10.908
     point #  60  energy = -10.767
New Fermi level:    mu= -10.336 eV  Charge distance=  0.0406 (partial c.d.=  0.3389)
SCF ITERATION NUMBER  7
     point #   1  energy = -40.000
     point #  20  energy = -28.748
     point #  40  energy = -10.336
     point #  60  energy = -10.211
New Fermi level:    mu= -10.092 eV  Charge distance=  0.0385 (partial c.d.=  0.4246)
SCF ITERATION NUMBER  8
     point #   1  energy = -40.000
     point #  20  energy = -29.034
     point #  40  energy = -10.092
     point #  60  energy = -10.154
New Fermi level:    mu= -10.181 eV  Charge distance=  0.0063 (partial c.d.=  0.3609)
SCF ITERATION NUMBER  9
     point #   1  energy = -40.000
     point #  20  energy = -28.689
     point #  40  energy = -10.181
New Fermi level:    mu= -10.165 eV  Charge distance=  0.0063 (partial c.d.=  0.0970)
SCF ITERATION NUMBER 10
     point #   1  energy = -40.000
     point #  20  energy = -28.683
     point #  40  energy = -10.165
New Fermi level:    mu= -10.161 eV  Charge distance=  0.0073 (partial c.d.=  0.0617)
SCF ITERATION NUMBER 11
     point #   1  energy = -40.000
     point #  20  energy = -28.682
     point #  40  energy = -10.161
New Fermi level:    mu= -10.158 eV  Charge distance=  0.0043 (partial c.d.=  0.0762)
SCF ITERATION NUMBER 12
     point #   1  energy = -40.000
     point #  20  energy = -28.680
     point #  40  energy = -10.158
New Fermi level:    mu= -10.156 eV  Charge distance=  0.0056 (partial c.d.=  0.0206)
SCF ITERATION NUMBER 13
     point #   1  energy = -40.000
     point #  20  energy = -28.680
     point #  40  energy = -10.156
New Fermi level:    mu= -10.155 eV  Charge distance=  0.0028 (partial c.d.=  0.0106)
SCF ITERATION NUMBER 14
     point #   1  energy = -40.000
     point #  20  energy = -28.679
     point #  40  energy = -10.155
New Fermi level:    mu= -10.156 eV  Charge distance=  0.0010 (partial c.d.=  0.0053)
SCF ITERATION NUMBER 15
     point #   1  energy = -40.000
     point #  20  energy = -28.680
     point #  40  energy = -10.156
New Fermi level:    mu= -10.156 eV  Charge distance=  0.0012 (partial c.d.=  0.0015)
SCF ITERATION NUMBER 16
     point #   1  energy = -40.000
     point #  20  energy = -28.680
     point #  40  energy = -10.156
New Fermi level:    mu= -10.157 eV  Charge distance=  0.0005 (partial c.d.=  0.0011)
SCF ITERATION NUMBER 17
     point #   1  energy = -40.000
     point #  20  energy = -28.680
     point #  40  energy = -10.157
New Fermi level:    mu= -10.158 eV  Charge distance=  0.0001 (partial c.d.=  0.0005)
SCF ITERATION NUMBER 18
     point #   1  energy = -40.000
     point #  20  energy = -28.681
     point #  40  energy = -10.158
New Fermi level:    mu= -10.158 eV  Charge distance=  0.0001 (partial c.d.=  0.0001)
Electronic configuration
  type     l     N_el
     0     0    0.489
     0     1    0.579
     0     2    9.177
     0     3    0.000
     1     0    0.318
     1     1    6.476
     1     2    1.329
     1     3    0.000
     2     0    0.532
     2     1    0.844
     2     2    7.652
     2     3    0.000
     3     0    0.489
     3     1    0.579
     3     2    9.176
     3     3    0.000
     4     0    1.836
     4     1    4.340
     4     2    0.078
     4     3    0.000
Charge transfer:  type  charge
       0   -0.755
       1   -0.878
       2    0.028
       3   -0.757
       4    0.254
Convergence reached in   18 iterations.
Done with module: potentials.

Calculating screened core-hole potential ...
FMS for a cluster of   27 atoms around iph =   0
    0% of energy integration
   20%
   40%
   60%
   80%
  100%
Preparing response function.
Computing (1 - K Chi0)^-1 v_ch
Done with module: screened core-hole potential.

Calculating cross-section and phases ...
    absorption cross section
 x0,dx,rnrm,inrm,jnrm   8.80000000000000       5.000000000000000E-002
   2.38359152300004              194         195
    phase shifts for unique potential    0
    phase shifts for unique potential    1
    phase shifts for unique potential    2
    phase shifts for unique potential    3
    phase shifts for unique potential    4
Done with module: cross-section and phases (XSPH).

FMS calculation of full Green's function ...
FEFF-serial using 1 thread.
Using   194 energy points.
xprep done
FMS for a cluster of  313 atoms
Energy point    1/ 194
Energy point   10/ 194
Energy point   20/ 194
Energy point   30/ 194
Energy point   40/ 194
Energy point   50/ 194
Energy point   60/ 194
Energy point   70/ 194
Energy point   80/ 194
Energy point   90/ 194
Energy point  100/ 194
Energy point  110/ 194
Energy point  120/ 194
Energy point  130/ 194
Energy point  140/ 194
Energy point  150/ 194
Energy point  160/ 194
Energy point  170/ 194
Energy point  180/ 194
Energy point  190/ 194
Done with module: FMS.

MKGTR: Tracing over Green's function ...
Done with module: MKGTR.

Pathfinder: finding scattering paths...
Preparing plane wave scattering amplitudes
Searching for paths
Eliminating path degeneracies
0 paths retained.
Done with module: pathfinder.

Calculating EXAFS parameters ...
Done with module: EXAFS parameters (GENFMT).

Calculating XAS spectra ...
Done with module: XAS spectra (FF2X: DW + final sum over paths).

 
### feff ends at Sun Aug 13 20:41:51 EDT 2023
 
