### feff starts at Sun Aug 13 13:08:01 EDT 2023
### Serial version
### FeffPath is /sdcc/u/mcarbone/software/JFEFF/hsw/feff90/linux
 
Launching FEFF version FEFF 9.9.1
Resetting lmaxsc to 2 for iph =    1.  Use  UNFREEZE to prevent this.
Resetting lmaxsc to 2 for iph =    2.  Use  UNFREEZE to prevent this.
Core hole lifetime is   1.729 eV.
Your calculation:
 comment: None given
 Source:
 Structure Summary:  Ba4 Tm2 Cu6 O13
 Reduced formula:  Ba4Tm2Cu6O13
 space group: (Fmmm), space number:  (69)
 abc: 12.602306  12.582626   5.497065
 angles: 77.592933  77.192575  25.214492
 sites: 25
Cu K edge XANES using RPA corehole.
Using:     * Self-Consistent Field potentials
Using cards:   ATOMS CONTROL EXCHANGE TITLE RPATH POTENTIALS XANES EDGE SCF FMS S02 COREHOLE EGRID

Calculating atomic potentials ...
    overlapped atomic potential and density for unique potential    0
    overlapped atomic potential and density for unique potential    1
    overlapped atomic potential and density for unique potential    2
    overlapped atomic potential and density for unique potential    3
    overlapped atomic potential and density for unique potential    4
Done with module: atomic potentials.

Calculating SCF potentials ...
FEFF-serial using 1 thread.
Muffin tin radii and interstitial parameters [bohr]:
type, norman radius, muffin tin, overlap factor
    0  1.29443E+00  1.21344E+00  1.15000E+00
    1  2.01334E+00  1.95697E+00  1.07206E+00
    2  1.67531E+00  1.60565E+00  1.11264E+00
    3  1.29443E+00  1.21344E+00  1.15000E+00
    4  1.10275E+00  1.04880E+00  1.13638E+00
Core-valence separation energy:  ecv=   -41.500 eV
Initial Fermi level:              mu=    -1.720 eV
SCF ITERATION NUMBER  1
     point #   1  energy = -41.500
FMS for a cluster of  106 atoms around atom type   0
FMS for a cluster of   91 atoms around atom type   1
FMS for a cluster of   97 atoms around atom type   2
FMS for a cluster of  103 atoms around atom type   3
FMS for a cluster of  106 atoms around atom type   4
     point #  20  energy = -30.303
     point #  40  energy = -10.053
     point #  60  energy =  -5.290
     point #  80  energy =  -4.912
New Fermi level:    mu=  -4.884 eV  Charge distance=  0.7168 (partial c.d.=  6.4971)
SCF ITERATION NUMBER  1
     point #   1  energy = -41.500
FMS for a cluster of  106 atoms around atom type   0
FMS for a cluster of   91 atoms around atom type   1
FMS for a cluster of   97 atoms around atom type   2
FMS for a cluster of  103 atoms around atom type   3
FMS for a cluster of  106 atoms around atom type   4
     point #  20  energy = -30.312
     point #  40  energy =  -9.969
     point #  60  energy =  -4.884
     point #  80  energy =  -6.709
     point # 100  energy = -10.253
     point # 120  energy = -10.843
New Fermi level:    mu= -10.855 eV  Charge distance=  0.2386 (partial c.d.=  3.8176)
SCF ITERATION NUMBER  1
     point #   1  energy = -41.500
FMS for a cluster of  106 atoms around atom type   0
FMS for a cluster of   91 atoms around atom type   1
FMS for a cluster of   97 atoms around atom type   2
FMS for a cluster of  103 atoms around atom type   3
FMS for a cluster of  106 atoms around atom type   4
     point #  20  energy = -30.263
     point #  40  energy = -10.855
     point #  60  energy = -10.764
     point #  80  energy =  -8.773
New Fermi level:    mu=  -8.932 eV  Charge distance=  0.1660 (partial c.d.=  0.3365)
SCF ITERATION NUMBER  2
     point #   1  energy = -41.500
     point #  20  energy = -30.305
     point #  40  energy =  -9.949
     point #  60  energy =  -8.891
     point #  80  energy =  -7.847
New Fermi level:    mu=  -7.800 eV  Charge distance=  0.3683 (partial c.d.=  0.2242)
SCF ITERATION NUMBER  3
     point #   1  energy = -41.500
     point #  20  energy = -30.267
     point #  40  energy =  -9.843
     point #  60  energy =  -7.788
New Fermi level:    mu=  -7.457 eV  Charge distance=  0.0266 (partial c.d.=  0.1954)
SCF ITERATION NUMBER  4
     point #   1  energy = -41.500
     point #  20  energy = -30.486
     point #  40  energy = -10.461
     point #  60  energy =  -7.469
New Fermi level:    mu=  -7.688 eV  Charge distance=  0.0125 (partial c.d.=  0.0693)
SCF ITERATION NUMBER  5
     point #   1  energy = -41.500
     point #  20  energy = -30.229
     point #  40  energy =  -9.737
     point #  60  energy =  -7.713
New Fermi level:    mu=  -7.718 eV  Charge distance=  0.0101 (partial c.d.=  0.0292)
SCF ITERATION NUMBER  6
     point #   1  energy = -41.500
     point #  20  energy = -30.239
     point #  40  energy =  -9.766
     point #  60  energy =  -7.743
New Fermi level:    mu=  -7.741 eV  Charge distance=  0.0065 (partial c.d.=  0.0099)
SCF ITERATION NUMBER  7
     point #   1  energy = -41.500
     point #  20  energy = -30.247
     point #  40  energy =  -9.787
New Fermi level:    mu=  -7.738 eV  Charge distance=  0.0024 (partial c.d.=  0.0147)
SCF ITERATION NUMBER  8
     point #   1  energy = -41.500
     point #  20  energy = -30.246
     point #  40  energy =  -9.784
New Fermi level:    mu=  -7.737 eV  Charge distance=  0.0027 (partial c.d.=  0.0137)
SCF ITERATION NUMBER  9
     point #   1  energy = -41.500
     point #  20  energy = -30.246
     point #  40  energy =  -9.783
New Fermi level:    mu=  -7.734 eV  Charge distance=  0.0029 (partial c.d.=  0.0078)
SCF ITERATION NUMBER 10
     point #   1  energy = -41.500
     point #  20  energy = -30.245
     point #  40  energy =  -9.780
New Fermi level:    mu=  -7.732 eV  Charge distance=  0.0008 (partial c.d.=  0.0029)
SCF ITERATION NUMBER 11
     point #   1  energy = -41.500
     point #  20  energy = -30.244
     point #  40  energy =  -9.778
New Fermi level:    mu=  -7.731 eV  Charge distance=  0.0001 (partial c.d.=  0.0005)
SCF ITERATION NUMBER 12
     point #   1  energy = -41.500
     point #  20  energy = -30.244
     point #  40  energy =  -9.778
New Fermi level:    mu=  -7.731 eV  Charge distance=  0.0002 (partial c.d.=  0.0001)
Electronic configuration
  type     l     N_el
     0     0    0.507
     0     1    0.592
     0     2    9.510
     0     3    0.000
     1     0    2.256
     1     1    6.303
     1     2    1.050
     1     3    0.000
     2     0    0.401
     2     1    6.544
     2     2    1.362
     2     3    0.000
     3     0    0.507
     3     1    0.595
     3     2    9.511
     3     3    0.000
     4     0    1.854
     4     1    4.482
     4     2    0.070
     4     3    0.000
Charge transfer:  type  charge
       0   -0.390
       1   -0.392
       2   -0.693
       3   -0.387
       4    0.406
Convergence reached in   12 iterations.
Done with module: potentials.

Calculating screened core-hole potential ...
FMS for a cluster of   23 atoms around iph =   0
    0% of energy integration
   20%
   40%
   60%
   80%
  100%
Preparing response function.
Computing (1 - K Chi0)^-1 v_ch
Done with module: screened core-hole potential.

Calculating cross-section and phases ...
    absorption cross section
 x0,dx,rnrm,inrm,jnrm   8.80000000000000       5.000000000000000E-002
   2.44612659499988              194         195
    phase shifts for unique potential    0
    phase shifts for unique potential    1
    phase shifts for unique potential    2
    phase shifts for unique potential    3
    phase shifts for unique potential    4
Done with module: cross-section and phases (XSPH).

FMS calculation of full Green's function ...
FEFF-serial using 1 thread.
Using   194 energy points.
xprep done
FMS for a cluster of  208 atoms
Energy point    1/ 194
Energy point   10/ 194
Energy point   20/ 194
Energy point   30/ 194
Energy point   40/ 194
Energy point   50/ 194
Energy point   60/ 194
Energy point   70/ 194
Energy point   80/ 194
Energy point   90/ 194
Energy point  100/ 194
Energy point  110/ 194
Energy point  120/ 194
Energy point  130/ 194
Energy point  140/ 194
Energy point  150/ 194
Energy point  160/ 194
Energy point  170/ 194
Energy point  180/ 194
Energy point  190/ 194
Done with module: FMS.

MKGTR: Tracing over Green's function ...
Done with module: MKGTR.

Pathfinder: finding scattering paths...
Preparing plane wave scattering amplitudes
Searching for paths
Eliminating path degeneracies
0 paths retained.
Done with module: pathfinder.

Calculating EXAFS parameters ...
Done with module: EXAFS parameters (GENFMT).

Calculating XAS spectra ...
Done with module: XAS spectra (FF2X: DW + final sum over paths).

 
### feff ends at Sun Aug 13 14:21:55 EDT 2023
 
