### feff starts at Mon Aug 14 05:20:13 EDT 2023
### Serial version
### FeffPath is /sdcc/u/mcarbone/software/JFEFF/hsw/feff90/linux
 
Launching FEFF version FEFF 9.9.1
Core hole lifetime is   1.729 eV.
Your calculation:
 comment: None given
 Source:
 Structure Summary:  Li1 Cu6 O1 F11
 Reduced formula:  LiCu6OF11
 space group: (P1), space number:  (1)
 abc:  5.682197   4.777926   8.362873
 angles: 96.534463  86.689259  96.123348
 sites: 19
Cu K edge XANES using RPA corehole.
Using:     * Self-Consistent Field potentials
Using cards:   ATOMS CONTROL EXCHANGE TITLE RPATH POTENTIALS XANES EDGE SCF FMS S02 COREHOLE EGRID

Calculating atomic potentials ...
    overlapped atomic potential and density for unique potential    0
    overlapped atomic potential and density for unique potential    1
    overlapped atomic potential and density for unique potential    2
    overlapped atomic potential and density for unique potential    3
    overlapped atomic potential and density for unique potential    4
Done with module: atomic potentials.

Calculating SCF potentials ...
FEFF-serial using 1 thread.
Muffin tin radii and interstitial parameters [bohr]:
type, norman radius, muffin tin, overlap factor
    0  1.33829E+00  1.22068E+00  1.15000E+00
    1  1.30098E+00  1.19781E+00  1.15000E+00
    2  1.33554E+00  1.20953E+00  1.15000E+00
    3  1.09590E+00  9.54779E-01  1.15000E+00
    4  1.13398E+00  1.04095E+00  1.15000E+00
Core-valence separation energy:  ecv=   -40.000 eV
Initial Fermi level:              mu=     1.181 eV
SCF ITERATION NUMBER  1
     point #   1  energy = -40.000
FMS for a cluster of  125 atoms around atom type   0
FMS for a cluster of  119 atoms around atom type   1
FMS for a cluster of  119 atoms around atom type   2
FMS for a cluster of  117 atoms around atom type   3
FMS for a cluster of  119 atoms around atom type   4
     point #  20  energy = -28.927
     point #  40  energy =  -8.677
     point #  60  energy =  -1.862
     point #  80  energy =  -2.712
New Fermi level:    mu=  -2.881 eV  Charge distance=  0.3036 (partial c.d.=  8.6082)
SCF ITERATION NUMBER  1
     point #   1  energy = -40.000
FMS for a cluster of  125 atoms around atom type   0
FMS for a cluster of  119 atoms around atom type   1
FMS for a cluster of  119 atoms around atom type   2
FMS for a cluster of  117 atoms around atom type   3
FMS for a cluster of  119 atoms around atom type   4
     point #  20  energy = -28.965
     point #  40  energy =  -8.900
     point #  60  energy =  -2.881
     point #  80  energy =  -4.528
     point # 100  energy =  -6.846
     point # 120  energy =  -7.384
New Fermi level:    mu=  -7.545 eV  Charge distance=  0.0530 (partial c.d.=  1.3271)
SCF ITERATION NUMBER  1
     point #   1  energy = -40.000
FMS for a cluster of  125 atoms around atom type   0
FMS for a cluster of  119 atoms around atom type   1
FMS for a cluster of  119 atoms around atom type   2
FMS for a cluster of  117 atoms around atom type   3
FMS for a cluster of  119 atoms around atom type   4
     point #  20  energy = -28.844
     point #  40  energy =  -8.560
     point #  60  energy =  -7.505
     point #  80  energy =  -6.127
     point # 100  energy =  -6.545
New Fermi level:    mu=  -6.771 eV  Charge distance=  0.0661 (partial c.d.=  0.3468)
SCF ITERATION NUMBER  2
     point #   1  energy = -40.000
     point #  20  energy = -28.924
     point #  40  energy =  -8.785
     point #  60  energy =  -6.746
New Fermi level:    mu=  -6.737 eV  Charge distance=  0.1376 (partial c.d.=  0.3658)
SCF ITERATION NUMBER  3
     point #   1  energy = -40.000
     point #  20  energy = -28.912
     point #  40  energy =  -8.753
     point #  60  energy =  -6.749
     point #  80  energy =  -6.337
     point # 100  energy =  -6.587
     point # 120  energy =  -6.837
New Fermi level:    mu=  -6.883 eV  Charge distance=  0.2045 (partial c.d.=  8.7868)
SCF ITERATION NUMBER  4
     point #   1  energy = -40.000
     point #  20  energy = -28.961
     point #  40  energy =  -8.890
     point #  60  energy =  -6.908
New Fermi level:    mu=  -6.904 eV  Charge distance=  0.0201 (partial c.d.=  7.9424)
SCF ITERATION NUMBER  5
     point #   1  energy = -40.000
     point #  20  energy = -28.968
     point #  40  energy =  -8.910
     point #  60  energy =  -6.929
New Fermi level:    mu=  -6.949 eV  Charge distance=  0.0042 (partial c.d.=  0.5883)
SCF ITERATION NUMBER  6
     point #   1  energy = -40.000
     point #  20  energy = -28.983
     point #  40  energy =  -8.952
New Fermi level:    mu=  -6.953 eV  Charge distance=  0.0007 (partial c.d.=  0.1189)
SCF ITERATION NUMBER  7
     point #   1  energy = -40.000
     point #  20  energy = -28.984
     point #  40  energy =  -8.956
New Fermi level:    mu=  -6.954 eV  Charge distance=  0.0064 (partial c.d.=  0.0020)
SCF ITERATION NUMBER  8
     point #   1  energy = -40.000
     point #  20  energy = -28.985
     point #  40  energy =  -8.957
     point #  60  energy =  -6.929
New Fermi level:    mu=  -6.941 eV  Charge distance=  0.0080 (partial c.d.=  0.0185)
SCF ITERATION NUMBER  9
     point #   1  energy = -40.000
     point #  20  energy = -28.980
     point #  40  energy =  -8.945
     point #  60  energy =  -6.916
New Fermi level:    mu=  -6.917 eV  Charge distance=  0.0038 (partial c.d.=  0.0311)
SCF ITERATION NUMBER 10
     point #   1  energy = -40.000
     point #  20  energy = -28.972
     point #  40  energy =  -8.922
New Fermi level:    mu=  -6.914 eV  Charge distance=  0.0033 (partial c.d.=  0.0115)
SCF ITERATION NUMBER 11
     point #   1  energy = -40.000
     point #  20  energy = -28.971
     point #  40  energy =  -8.919
New Fermi level:    mu=  -6.919 eV  Charge distance=  0.0040 (partial c.d.=  0.0046)
SCF ITERATION NUMBER 12
     point #   1  energy = -40.000
     point #  20  energy = -28.973
     point #  40  energy =  -8.924
New Fermi level:    mu=  -6.924 eV  Charge distance=  0.0004 (partial c.d.=  0.0047)
SCF ITERATION NUMBER 13
     point #   1  energy = -40.000
     point #  20  energy = -28.975
     point #  40  energy =  -8.929
New Fermi level:    mu=  -6.924 eV  Charge distance=  0.0001 (partial c.d.=  0.0006)
SCF ITERATION NUMBER 14
     point #   1  energy = -40.000
     point #  20  energy = -28.975
     point #  40  energy =  -8.929
New Fermi level:    mu=  -6.924 eV  Charge distance=  0.0002 (partial c.d.=  0.0002)
SCF ITERATION NUMBER 15
     point #   1  energy = -40.000
     point #  20  energy = -28.975
     point #  40  energy =  -8.928
New Fermi level:    mu=  -6.923 eV  Charge distance=  0.0000 (partial c.d.=  0.0001)
Electronic configuration
  type     l     N_el
     0     0    0.450
     0     1    0.531
     0     2    9.563
     0     3    0.000
     1     0    0.225
     1     1    0.484
     1     2    0.000
     1     3    0.000
     2     0    0.495
     2     1    0.541
     2     2    9.592
     2     3    0.000
     3     0    1.837
     3     1    4.383
     3     2    0.105
     3     3    0.000
     4     0    1.953
     4     1    5.198
     4     2    0.050
     4     3    0.000
Charge transfer:  type  charge
       0   -0.456
       1   -0.291
       2   -0.372
       3    0.325
       4    0.200
Convergence reached in   15 iterations.
Done with module: potentials.

Calculating screened core-hole potential ...
FMS for a cluster of   23 atoms around iph =   0
    0% of energy integration
   20%
   40%
   60%
   80%
  100%
Preparing response function.
Computing (1 - K Chi0)^-1 v_ch
Done with module: screened core-hole potential.

Calculating cross-section and phases ...
    absorption cross section
 x0,dx,rnrm,inrm,jnrm   8.80000000000000       5.000000000000000E-002
   2.52900758199980              195         196
    phase shifts for unique potential    0
    phase shifts for unique potential    1
    phase shifts for unique potential    2
    phase shifts for unique potential    3
    phase shifts for unique potential    4
Done with module: cross-section and phases (XSPH).

FMS calculation of full Green's function ...
FEFF-serial using 1 thread.
Using   194 energy points.
xprep done
FMS for a cluster of  256 atoms
Energy point    1/ 194
Energy point   10/ 194
Energy point   20/ 194
Energy point   30/ 194
Energy point   40/ 194
Energy point   50/ 194
Energy point   60/ 194
Energy point   70/ 194
Energy point   80/ 194
Energy point   90/ 194
Energy point  100/ 194
Energy point  110/ 194
Energy point  120/ 194
Energy point  130/ 194
Energy point  140/ 194
Energy point  150/ 194
Energy point  160/ 194
Energy point  170/ 194
Energy point  180/ 194
Energy point  190/ 194
Done with module: FMS.

MKGTR: Tracing over Green's function ...
Done with module: MKGTR.

Pathfinder: finding scattering paths...
Preparing plane wave scattering amplitudes
Searching for paths
Eliminating path degeneracies
0 paths retained.
Done with module: pathfinder.

Calculating EXAFS parameters ...
Done with module: EXAFS parameters (GENFMT).

Calculating XAS spectra ...
Done with module: XAS spectra (FF2X: DW + final sum over paths).

 
### feff ends at Mon Aug 14 07:34:07 EDT 2023
 
