### feff starts at Sun Aug 13 22:26:23 EDT 2023
### Serial version
### FeffPath is /sdcc/u/mcarbone/software/JFEFF/hsw/feff90/linux
 
Launching FEFF version FEFF 9.9.1
Resetting lmaxsc to 2 for iph =    1.  Use  UNFREEZE to prevent this.
Core hole lifetime is   1.729 eV.
Your calculation:
 comment: None given
 Source:
 Structure Summary:  Ta4 Zn4 Cu2 O16
 Reduced formula:  Ta2Zn2CuO8
 space group: (C2/c), space number:  (15)
 abc: 10.144581  10.144581   5.230500
 angles: 87.713577  87.713577  34.401829
 sites: 26
Cu K edge XANES using RPA corehole.
Using:     * Self-Consistent Field potentials
Using cards:   ATOMS CONTROL EXCHANGE TITLE RPATH POTENTIALS XANES EDGE SCF FMS S02 COREHOLE EGRID

Calculating atomic potentials ...
    overlapped atomic potential and density for unique potential    0
    overlapped atomic potential and density for unique potential    1
    overlapped atomic potential and density for unique potential    2
    overlapped atomic potential and density for unique potential    3
    overlapped atomic potential and density for unique potential    4
Done with module: atomic potentials.

Calculating SCF potentials ...
FEFF-serial using 1 thread.
Muffin tin radii and interstitial parameters [bohr]:
type, norman radius, muffin tin, overlap factor
    0  1.36113E+00  1.29021E+00  1.14713E+00
    1  1.46610E+00  1.31446E+00  1.15000E+00
    2  1.42009E+00  1.30776E+00  1.15000E+00
    3  1.36113E+00  1.29021E+00  1.14713E+00
    4  1.08858E+00  9.58316E-01  1.15000E+00
Core-valence separation energy:  ecv=   -32.500 eV
Initial Fermi level:              mu=     2.477 eV
SCF ITERATION NUMBER  1
     point #   1  energy = -32.500
FMS for a cluster of  125 atoms around atom type   0
FMS for a cluster of  113 atoms around atom type   1
FMS for a cluster of  108 atoms around atom type   2
FMS for a cluster of  117 atoms around atom type   3
FMS for a cluster of  121 atoms around atom type   4
     point #  20  energy = -21.468
     point #  40  energy =  -6.383
     point #  60  energy =  -4.768
New Fermi level:    mu=  -4.702 eV  Charge distance=  1.4980 (partial c.d.= 10.1980)
SCF ITERATION NUMBER  1
     point #   1  energy = -32.500
FMS for a cluster of  125 atoms around atom type   0
FMS for a cluster of  113 atoms around atom type   1
FMS for a cluster of  108 atoms around atom type   2
FMS for a cluster of  117 atoms around atom type   3
FMS for a cluster of  121 atoms around atom type   4
     point #  20  energy = -21.175
     point #  40  energy =  -4.702
     point #  60  energy =  -4.871
     point #  80  energy =  -6.246
     point # 100  energy =  -5.821
New Fermi level:    mu=  -5.778 eV  Charge distance=  0.5517 (partial c.d.=  7.7543)
SCF ITERATION NUMBER  1
     point #   1  energy = -32.500
FMS for a cluster of  125 atoms around atom type   0
FMS for a cluster of  113 atoms around atom type   1
FMS for a cluster of  108 atoms around atom type   2
FMS for a cluster of  117 atoms around atom type   3
FMS for a cluster of  121 atoms around atom type   4
     point #  20  energy = -21.194
     point #  40  energy =  -5.778
     point #  60  energy =  -5.665
New Fermi level:    mu=  -5.660 eV  Charge distance=  0.2831 (partial c.d.=  0.4659)
SCF ITERATION NUMBER  2
     point #   1  energy = -32.500
     point #  20  energy = -21.565
     point #  40  energy =  -5.660
     point #  60  energy =  -5.841
     point #  80  energy =  -5.929
New Fermi level:    mu=  -5.835 eV  Charge distance=  0.4088 (partial c.d.=  0.2233)
SCF ITERATION NUMBER  3
     point #   1  energy = -32.500
     point #  20  energy = -21.218
     point #  40  energy =  -5.835
     point #  60  energy =  -5.544
New Fermi level:    mu=  -5.384 eV  Charge distance=  0.3745 (partial c.d.=  6.1192)
SCF ITERATION NUMBER  4
     point #   1  energy = -32.500
     point #  20  energy = -21.453
     point #  40  energy =  -5.384
     point #  60  energy =  -5.631
     point #  80  energy =  -6.291
     point # 100  energy =  -5.959
New Fermi level:    mu=  -5.908 eV  Charge distance=  0.0743 (partial c.d.=  6.1402)
SCF ITERATION NUMBER  5
     point #   1  energy = -32.500
     point #  20  energy = -21.250
     point #  40  energy =  -5.908
New Fermi level:    mu=  -5.943 eV  Charge distance=  0.1051 (partial c.d.=  0.0255)
SCF ITERATION NUMBER  6
     point #   1  energy = -32.500
     point #  20  energy = -21.264
     point #  40  energy =  -5.943
New Fermi level:    mu=  -6.001 eV  Charge distance=  0.0251 (partial c.d.=  0.0993)
SCF ITERATION NUMBER  7
     point #   1  energy = -32.500
     point #  20  energy = -21.289
     point #  40  energy =  -6.001
New Fermi level:    mu=  -6.003 eV  Charge distance=  0.0954 (partial c.d.=  0.0374)
SCF ITERATION NUMBER  8
     point #   1  energy = -32.500
     point #  20  energy = -21.290
     point #  40  energy =  -6.003
New Fermi level:    mu=  -6.020 eV  Charge distance=  0.0137 (partial c.d.=  0.1502)
SCF ITERATION NUMBER  9
     point #   1  energy = -32.500
     point #  20  energy = -21.297
     point #  40  energy =  -6.020
New Fermi level:    mu=  -6.031 eV  Charge distance=  0.0378 (partial c.d.=  0.0051)
SCF ITERATION NUMBER 10
     point #   1  energy = -32.500
     point #  20  energy = -21.302
     point #  40  energy =  -6.031
New Fermi level:    mu=  -6.049 eV  Charge distance=  0.0023 (partial c.d.=  0.0445)
SCF ITERATION NUMBER 11
     point #   1  energy = -32.500
     point #  20  energy = -21.309
     point #  40  energy =  -6.049
New Fermi level:    mu=  -6.050 eV  Charge distance=  0.0007 (partial c.d.=  0.0078)
SCF ITERATION NUMBER 12
     point #   1  energy = -32.500
     point #  20  energy = -21.310
     point #  40  energy =  -6.050
New Fermi level:    mu=  -6.051 eV  Charge distance=  0.0006 (partial c.d.=  0.0006)
SCF ITERATION NUMBER 13
     point #   1  energy = -32.500
     point #  20  energy = -21.310
     point #  40  energy =  -6.051
New Fermi level:    mu=  -6.053 eV  Charge distance=  0.0001 (partial c.d.=  0.0016)
SCF ITERATION NUMBER 14
     point #   1  energy = -32.500
     point #  20  energy = -21.311
     point #  40  energy =  -6.053
New Fermi level:    mu=  -6.052 eV  Charge distance=  0.0000 (partial c.d.=  0.0002)
SCF ITERATION NUMBER 15
     point #   1  energy = -32.500
     point #  20  energy = -21.311
     point #  40  energy =  -6.052
New Fermi level:    mu=  -6.052 eV  Charge distance=  0.0001 (partial c.d.=  0.0000)
Electronic configuration
  type     l     N_el
     0     0    0.463
     0     1    0.560
     0     2    9.640
     0     3    0.000
     1     0    0.544
     1     1    0.810
     1     2    2.860
     1     3    0.000
     2     0    0.854
     2     1    0.922
     2     2   10.240
     2     3    0.000
     3     0    0.462
     3     1    0.560
     3     2    9.641
     3     3    0.000
     4     0    1.820
     4     1    4.343
     4     2    0.072
     4     3    0.000
Charge transfer:  type  charge
       0   -0.336
       1   -0.786
       2    0.017
       3   -0.336
       4    0.235
Convergence reached in   15 iterations.
Done with module: potentials.

Calculating screened core-hole potential ...
FMS for a cluster of   25 atoms around iph =   0
    0% of energy integration
   20%
   40%
   60%
   80%
  100%
Preparing response function.
Computing (1 - K Chi0)^-1 v_ch
Done with module: screened core-hole potential.

Calculating cross-section and phases ...
    absorption cross section
 x0,dx,rnrm,inrm,jnrm   8.80000000000000       5.000000000000000E-002
   2.57215897800007              195         196
    phase shifts for unique potential    0
    phase shifts for unique potential    1
    phase shifts for unique potential    2
    phase shifts for unique potential    3
    phase shifts for unique potential    4
Done with module: cross-section and phases (XSPH).

FMS calculation of full Green's function ...
FEFF-serial using 1 thread.
Using   194 energy points.
xprep done
FMS for a cluster of  257 atoms
Energy point    1/ 194
Energy point   10/ 194
Energy point   20/ 194
Energy point   30/ 194
Energy point   40/ 194
Energy point   50/ 194
Energy point   60/ 194
Energy point   70/ 194
Energy point   80/ 194
Energy point   90/ 194
Energy point  100/ 194
Energy point  110/ 194
Energy point  120/ 194
Energy point  130/ 194
Energy point  140/ 194
Energy point  150/ 194
Energy point  160/ 194
Energy point  170/ 194
Energy point  180/ 194
Energy point  190/ 194
Done with module: FMS.

MKGTR: Tracing over Green's function ...
Done with module: MKGTR.

Pathfinder: finding scattering paths...
Preparing plane wave scattering amplitudes
Searching for paths
Eliminating path degeneracies
0 paths retained.
Done with module: pathfinder.

Calculating EXAFS parameters ...
Done with module: EXAFS parameters (GENFMT).

Calculating XAS spectra ...
Done with module: XAS spectra (FF2X: DW + final sum over paths).

 
### feff ends at Mon Aug 14 00:31:46 EDT 2023
 
