### feff starts at Mon Aug 14 08:12:28 EDT 2023
### Serial version
### FeffPath is /sdcc/u/mcarbone/software/JFEFF/hsw/feff90/linux
 
Launching FEFF version FEFF 9.9.1
Core hole lifetime is   1.729 eV.
Your calculation:
 comment: None given
 Source:
 Structure Summary:  Co4 Cu8 Te4 O24
 Reduced formula:  CoCu2TeO6
 space group: (I2_12_12_1), space number:  (24)
 abc:  8.389801   8.389801   8.389801
 angles: 70.126148  70.611169 109.151817
 sites: 40
Cu K edge XANES using RPA corehole.
Using:     * Self-Consistent Field potentials
Using cards:   ATOMS CONTROL EXCHANGE TITLE RPATH POTENTIALS XANES EDGE SCF FMS S02 COREHOLE EGRID

Calculating atomic potentials ...
    overlapped atomic potential and density for unique potential    0
    overlapped atomic potential and density for unique potential    1
    overlapped atomic potential and density for unique potential    2
    overlapped atomic potential and density for unique potential    3
    overlapped atomic potential and density for unique potential    4
Done with module: atomic potentials.

Calculating SCF potentials ...
FEFF-serial using 1 thread.
Muffin tin radii and interstitial parameters [bohr]:
type, norman radius, muffin tin, overlap factor
    0  1.34766E+00  1.27255E+00  1.15000E+00
    1  1.45760E+00  1.36510E+00  1.15000E+00
    2  1.34676E+00  1.26608E+00  1.15000E+00
    3  1.44105E+00  1.29521E+00  1.15000E+00
    4  1.09167E+00  1.00908E+00  1.15000E+00
Core-valence separation energy:  ecv=   -32.000 eV
Initial Fermi level:              mu=     3.625 eV
SCF ITERATION NUMBER  1
     point #   1  energy = -32.000
FMS for a cluster of  127 atoms around atom type   0
FMS for a cluster of  119 atoms around atom type   1
FMS for a cluster of  114 atoms around atom type   2
FMS for a cluster of  126 atoms around atom type   3
FMS for a cluster of  123 atoms around atom type   4
     point #  20  energy = -20.820
     point #  40  energy =  -4.517
     point #  60  energy =  -3.607
New Fermi level:    mu=  -3.778 eV  Charge distance=  0.6924 (partial c.d.= 10.2229)
SCF ITERATION NUMBER  1
     point #   1  energy = -32.000
FMS for a cluster of  127 atoms around atom type   0
FMS for a cluster of  119 atoms around atom type   1
FMS for a cluster of  114 atoms around atom type   2
FMS for a cluster of  126 atoms around atom type   3
FMS for a cluster of  123 atoms around atom type   4
     point #  20  energy = -20.913
     point #  40  energy =  -3.778
     point #  60  energy =  -3.653
New Fermi level:    mu=  -3.613 eV  Charge distance=  0.9121 (partial c.d.=  6.6975)
SCF ITERATION NUMBER  1
     point #   1  energy = -32.000
FMS for a cluster of  127 atoms around atom type   0
FMS for a cluster of  119 atoms around atom type   1
FMS for a cluster of  114 atoms around atom type   2
FMS for a cluster of  126 atoms around atom type   3
FMS for a cluster of  123 atoms around atom type   4
     point #  20  energy = -20.848
     point #  40  energy =  -3.613
     point #  60  energy =  -3.782
     point #  80  energy =  -7.060
     point # 100  energy =  -7.863
New Fermi level:    mu=  -7.854 eV  Charge distance=  0.7161 (partial c.d.=  6.8858)
SCF ITERATION NUMBER  2
     point #   1  energy = -32.000
     point #  20  energy = -20.933
     point #  40  energy =  -7.854
     point #  60  energy =  -7.420
     point #  80  energy =  -5.589
New Fermi level:    mu=  -5.603 eV  Charge distance=  0.3849 (partial c.d.=  4.3995)
SCF ITERATION NUMBER  3
     point #   1  energy = -32.000
     point #  20  energy = -20.832
     point #  40  energy =  -5.603
     point #  60  energy =  -5.884
New Fermi level:    mu=  -6.739 eV  Charge distance=  0.1680 (partial c.d.=  4.2453)
SCF ITERATION NUMBER  4
     point #   1  energy = -32.000
     point #  20  energy = -20.885
     point #  40  energy =  -6.739
     point #  60  energy =  -7.142
New Fermi level:    mu=  -7.485 eV  Charge distance=  0.5221 (partial c.d.=  0.7863)
SCF ITERATION NUMBER  5
     point #   1  energy = -32.000
     point #  20  energy = -20.764
     point #  40  energy =  -7.485
     point #  60  energy =  -7.051
     point #  80  energy =  -5.951
New Fermi level:    mu=  -6.079 eV  Charge distance=  0.0966 (partial c.d.=  2.6519)
SCF ITERATION NUMBER  6
     point #   1  energy = -32.000
     point #  20  energy = -21.033
     point #  40  energy =  -6.079
     point #  60  energy =  -6.245
New Fermi level:    mu=  -6.292 eV  Charge distance=  0.1303 (partial c.d.=  0.6046)
SCF ITERATION NUMBER  7
     point #   1  energy = -32.000
     point #  20  energy = -20.689
     point #  40  energy =  -6.292
     point #  60  energy =  -6.633
New Fermi level:    mu=  -7.035 eV  Charge distance=  0.1553 (partial c.d.=  1.1676)
SCF ITERATION NUMBER  8
     point #   1  energy = -32.000
     point #  20  energy = -21.015
     point #  40  energy =  -7.035
New Fermi level:    mu=  -7.090 eV  Charge distance=  0.0493 (partial c.d.=  0.3224)
SCF ITERATION NUMBER  9
     point #   1  energy = -32.000
     point #  20  energy = -21.039
     point #  40  energy =  -7.090
New Fermi level:    mu=  -7.170 eV  Charge distance=  0.0387 (partial c.d.=  0.3489)
SCF ITERATION NUMBER 10
     point #   1  energy = -32.000
     point #  20  energy = -21.075
     point #  40  energy =  -7.170
New Fermi level:    mu=  -7.191 eV  Charge distance=  0.0265 (partial c.d.=  0.4707)
SCF ITERATION NUMBER 11
     point #   1  energy = -32.000
     point #  20  energy = -21.084
     point #  40  energy =  -7.191
New Fermi level:    mu=  -7.203 eV  Charge distance=  0.0282 (partial c.d.=  0.1499)
SCF ITERATION NUMBER 12
     point #   1  energy = -32.000
     point #  20  energy = -20.635
     point #  40  energy =  -7.203
New Fermi level:    mu=  -7.211 eV  Charge distance=  0.0372 (partial c.d.=  0.2639)
SCF ITERATION NUMBER 13
     point #   1  energy = -32.000
     point #  20  energy = -20.638
     point #  40  energy =  -7.211
New Fermi level:    mu=  -7.216 eV  Charge distance=  0.0048 (partial c.d.=  0.1676)
SCF ITERATION NUMBER 14
     point #   1  energy = -32.000
     point #  20  energy = -20.641
     point #  40  energy =  -7.216
New Fermi level:    mu=  -7.208 eV  Charge distance=  0.0080 (partial c.d.=  0.0822)
SCF ITERATION NUMBER 15
     point #   1  energy = -32.000
     point #  20  energy = -20.637
     point #  40  energy =  -7.208
New Fermi level:    mu=  -7.207 eV  Charge distance=  0.0027 (partial c.d.=  0.0538)
SCF ITERATION NUMBER 16
     point #   1  energy = -32.000
     point #  20  energy = -20.636
     point #  40  energy =  -7.207
New Fermi level:    mu=  -7.208 eV  Charge distance=  0.0009 (partial c.d.=  0.0262)
SCF ITERATION NUMBER 17
     point #   1  energy = -32.000
     point #  20  energy = -20.637
     point #  40  energy =  -7.208
New Fermi level:    mu=  -7.207 eV  Charge distance=  0.0002 (partial c.d.=  0.0066)
SCF ITERATION NUMBER 18
     point #   1  energy = -32.000
     point #  20  energy = -20.637
     point #  40  energy =  -7.207
New Fermi level:    mu=  -7.207 eV  Charge distance=  0.0008 (partial c.d.=  0.0017)
SCF ITERATION NUMBER 19
     point #   1  energy = -32.000
     point #  20  energy = -20.636
     point #  40  energy =  -7.207
New Fermi level:    mu=  -7.205 eV  Charge distance=  0.0003 (partial c.d.=  0.0052)
SCF ITERATION NUMBER 20
     point #   1  energy = -32.000
     point #  20  energy = -20.635
     point #  40  energy =  -7.205
New Fermi level:    mu=  -7.205 eV  Charge distance=  0.0001 (partial c.d.=  0.0024)
SCF ITERATION NUMBER 21
     point #   1  energy = -32.000
     point #  20  energy = -20.636
     point #  40  energy =  -7.205
New Fermi level:    mu=  -7.205 eV  Charge distance=  0.0000 (partial c.d.=  0.0009)
SCF ITERATION NUMBER 22
     point #   1  energy = -32.000
     point #  20  energy = -20.636
     point #  40  energy =  -7.205
New Fermi level:    mu=  -7.205 eV  Charge distance=  0.0000 (partial c.d.=  0.0001)
Electronic configuration
  type     l     N_el
     0     0    0.495
     0     1    0.609
     0     2    9.540
     0     3    0.000
     1     0    0.587
     1     1    0.857
     1     2    8.024
     1     3    0.000
     2     0    0.502
     2     1    0.616
     2     2    9.519
     2     3    0.000
     3     0    1.575
     3     1    2.243
     3     2    0.925
     3     3    0.000
     4     0    1.856
     4     1    4.326
     4     2    0.071
     4     3    0.000
Charge transfer:  type  charge
       0   -0.356
       1    0.469
       2   -0.363
       3   -1.257
       4    0.253
Convergence reached in   22 iterations.
Done with module: potentials.

Calculating screened core-hole potential ...
FMS for a cluster of   27 atoms around iph =   0
    0% of energy integration
   20%
   40%
   60%
   80%
  100%
Preparing response function.
Computing (1 - K Chi0)^-1 v_ch
Done with module: screened core-hole potential.

Calculating cross-section and phases ...
    absorption cross section
 x0,dx,rnrm,inrm,jnrm   8.80000000000000       5.000000000000000E-002
   2.54670383200017              195         196
    phase shifts for unique potential    0
    phase shifts for unique potential    1
    phase shifts for unique potential    2
    phase shifts for unique potential    3
    phase shifts for unique potential    4
Done with module: cross-section and phases (XSPH).

FMS calculation of full Green's function ...
FEFF-serial using 1 thread.
Using   194 energy points.
xprep done
FMS for a cluster of  257 atoms
Energy point    1/ 194
Energy point   10/ 194
Energy point   20/ 194
Energy point   30/ 194
Energy point   40/ 194
Energy point   50/ 194
Energy point   60/ 194
Energy point   70/ 194
Energy point   80/ 194
Energy point   90/ 194
Energy point  100/ 194
Energy point  110/ 194
Energy point  120/ 194
Energy point  130/ 194
Energy point  140/ 194
Energy point  150/ 194
Energy point  160/ 194
Energy point  170/ 194
Energy point  180/ 194
Energy point  190/ 194
Done with module: FMS.

MKGTR: Tracing over Green's function ...
Done with module: MKGTR.

Pathfinder: finding scattering paths...
Preparing plane wave scattering amplitudes
Searching for paths
Eliminating path degeneracies
0 paths retained.
Done with module: pathfinder.

Calculating EXAFS parameters ...
Done with module: EXAFS parameters (GENFMT).

Calculating XAS spectra ...
Done with module: XAS spectra (FF2X: DW + final sum over paths).

 
### feff ends at Mon Aug 14 10:48:42 EDT 2023
 
