### feff starts at Sun Aug 13 09:26:11 EDT 2023
### Serial version
### FeffPath is /sdcc/u/mcarbone/software/JFEFF/hsw/feff90/linux
 
Launching FEFF version FEFF 9.9.1
Core hole lifetime is   1.729 eV.
Your calculation:
 comment: None given
 Source:
 Structure Summary:  Li3 Cu3 B3 O9
 Reduced formula:  LiCuBO3
 space group: (Pm), space number:  (6)
 abc:  8.106979   8.156147   3.118584
 angles: 90.000000  90.000000 120.110370
 sites: 18
Cu K edge XANES using RPA corehole.
Using:     * Self-Consistent Field potentials
Using cards:   ATOMS CONTROL EXCHANGE TITLE RPATH POTENTIALS XANES EDGE SCF FMS S02 COREHOLE EGRID

Calculating atomic potentials ...
    overlapped atomic potential and density for unique potential    0
    overlapped atomic potential and density for unique potential    1
    overlapped atomic potential and density for unique potential    2
    overlapped atomic potential and density for unique potential    3
    overlapped atomic potential and density for unique potential    4
Done with module: atomic potentials.

Calculating SCF potentials ...
FEFF-serial using 1 thread.
Muffin tin radii and interstitial parameters [bohr]:
type, norman radius, muffin tin, overlap factor
    0  1.33875E+00  1.27131E+00  1.14128E+00
    1  1.36089E+00  1.30762E+00  1.10505E+00
    2  1.33876E+00  1.27131E+00  1.14128E+00
    3  9.80778E-01  7.63163E-01  1.15000E+00
    4  1.05348E+00  9.22213E-01  1.15000E+00
Core-valence separation energy:  ecv=   -40.000 eV
Initial Fermi level:              mu=     3.951 eV
SCF ITERATION NUMBER  1
     point #   1  energy = -40.000
FMS for a cluster of  136 atoms around atom type   0
FMS for a cluster of  132 atoms around atom type   1
FMS for a cluster of  129 atoms around atom type   2
FMS for a cluster of  138 atoms around atom type   3
FMS for a cluster of  143 atoms around atom type   4
     point #  20  energy = -28.786
     point #  40  energy =  -8.536
     point #  60  energy =  -4.073
     point #  80  energy =  -3.751
New Fermi level:    mu=  -3.766 eV  Charge distance=  0.5409 (partial c.d.=  7.0601)
SCF ITERATION NUMBER  1
     point #   1  energy = -40.000
FMS for a cluster of  136 atoms around atom type   0
FMS for a cluster of  132 atoms around atom type   1
FMS for a cluster of  129 atoms around atom type   2
FMS for a cluster of  138 atoms around atom type   3
FMS for a cluster of  143 atoms around atom type   4
     point #  20  energy = -28.928
     point #  40  energy =  -8.798
     point #  60  energy =  -3.766
     point #  80  energy =  -5.344
     point # 100  energy =  -8.907
     point # 120  energy =  -9.622
     point # 140  energy =  -9.860
     point # 160  energy = -10.110
     point # 180  energy = -10.360
     point # 200  energy = -10.610
New Fermi level:    mu= -10.654 eV  Charge distance=  0.1408 (partial c.d.=  2.9772)
SCF ITERATION NUMBER  1
     point #   1  energy = -40.000
FMS for a cluster of  136 atoms around atom type   0
FMS for a cluster of  132 atoms around atom type   1
FMS for a cluster of  129 atoms around atom type   2
FMS for a cluster of  138 atoms around atom type   3
FMS for a cluster of  143 atoms around atom type   4
     point #  20  energy = -28.869
     point #  40  energy = -10.654
     point #  60  energy = -10.563
     point #  80  energy =  -7.923
New Fermi level:    mu=  -7.578 eV  Charge distance=  0.0668 (partial c.d.=  0.3697)
SCF ITERATION NUMBER  2
     point #   1  energy = -40.000
     point #  20  energy = -28.855
     point #  40  energy =  -8.591
     point #  60  energy =  -7.537
     point #  80  energy =  -7.172
New Fermi level:    mu=  -7.213 eV  Charge distance=  0.1758 (partial c.d.=  0.1232)
SCF ITERATION NUMBER  3
     point #   1  energy = -40.000
     point #  20  energy = -28.730
     point #  40  energy =  -8.238
     point #  60  energy =  -7.176
New Fermi level:    mu=  -7.136 eV  Charge distance=  0.0547 (partial c.d.=  0.0433)
SCF ITERATION NUMBER  4
     point #   1  energy = -40.000
     point #  20  energy = -28.703
     point #  40  energy =  -8.163
New Fermi level:    mu=  -7.124 eV  Charge distance=  0.0090 (partial c.d.=  0.0331)
SCF ITERATION NUMBER  5
     point #   1  energy = -40.000
     point #  20  energy = -28.699
     point #  40  energy =  -8.152
     point #  60  energy =  -7.162
New Fermi level:    mu=  -7.193 eV  Charge distance=  0.0022 (partial c.d.=  0.0084)
SCF ITERATION NUMBER  6
     point #   1  energy = -40.000
     point #  20  energy = -28.723
     point #  40  energy =  -8.219
New Fermi level:    mu=  -7.217 eV  Charge distance=  0.0026 (partial c.d.=  0.0034)
SCF ITERATION NUMBER  7
     point #   1  energy = -40.000
     point #  20  energy = -28.731
     point #  40  energy =  -8.241
New Fermi level:    mu=  -7.227 eV  Charge distance=  0.0016 (partial c.d.=  0.0019)
SCF ITERATION NUMBER  8
     point #   1  energy = -40.000
     point #  20  energy = -28.734
     point #  40  energy =  -8.251
New Fermi level:    mu=  -7.226 eV  Charge distance=  0.0035 (partial c.d.=  0.0005)
SCF ITERATION NUMBER  9
     point #   1  energy = -40.000
     point #  20  energy = -28.734
     point #  40  energy =  -8.250
New Fermi level:    mu=  -7.222 eV  Charge distance=  0.0001 (partial c.d.=  0.0010)
SCF ITERATION NUMBER 10
     point #   1  energy = -40.000
     point #  20  energy = -28.732
     point #  40  energy =  -8.246
New Fermi level:    mu=  -7.222 eV  Charge distance=  0.0001 (partial c.d.=  0.0001)
Electronic configuration
  type     l     N_el
     0     0    0.472
     0     1    0.637
     0     2    9.558
     0     3    0.000
     1     0    0.249
     1     1    0.499
     1     2    0.000
     1     3    0.000
     2     0    0.470
     2     1    0.637
     2     2    9.559
     2     3    0.000
     3     0    0.855
     3     1    1.706
     3     2    0.000
     3     3    0.000
     4     0    1.817
     4     1    4.457
     4     2    0.068
     4     3    0.000
Charge transfer:  type  charge
       0   -0.333
       1   -0.251
       2   -0.335
       3   -0.439
       4    0.342
Convergence reached in   10 iterations.
Done with module: potentials.

Calculating screened core-hole potential ...
FMS for a cluster of   28 atoms around iph =   0
    0% of energy integration
   20%
   40%
   60%
   80%
  100%
Preparing response function.
Computing (1 - K Chi0)^-1 v_ch
Done with module: screened core-hole potential.

Calculating cross-section and phases ...
    absorption cross section
 x0,dx,rnrm,inrm,jnrm   8.80000000000000       5.000000000000000E-002
   2.52987958100000              195         196
    phase shifts for unique potential    0
    phase shifts for unique potential    1
    phase shifts for unique potential    2
    phase shifts for unique potential    3
    phase shifts for unique potential    4
Done with module: cross-section and phases (XSPH).

FMS calculation of full Green's function ...
FEFF-serial using 1 thread.
Using   194 energy points.
xprep done
FMS for a cluster of  317 atoms
Energy point    1/ 194
Energy point   10/ 194
Energy point   20/ 194
Energy point   30/ 194
Energy point   40/ 194
Energy point   50/ 194
Energy point   60/ 194
Energy point   70/ 194
Energy point   80/ 194
Energy point   90/ 194
Energy point  100/ 194
Energy point  110/ 194
Energy point  120/ 194
Energy point  130/ 194
Energy point  140/ 194
Energy point  150/ 194
Energy point  160/ 194
Energy point  170/ 194
Energy point  180/ 194
Energy point  190/ 194
Done with module: FMS.

MKGTR: Tracing over Green's function ...
Done with module: MKGTR.

Pathfinder: finding scattering paths...
Preparing plane wave scattering amplitudes
Searching for paths
Eliminating path degeneracies
0 paths retained.
Done with module: pathfinder.

Calculating EXAFS parameters ...
Done with module: EXAFS parameters (GENFMT).

Calculating XAS spectra ...
Done with module: XAS spectra (FF2X: DW + final sum over paths).

 
### feff ends at Sun Aug 13 11:32:14 EDT 2023
 
