### feff starts at Mon Aug 14 11:10:10 EDT 2023
### Serial version
### FeffPath is /sdcc/u/mcarbone/software/JFEFF/hsw/feff90/linux
 
Launching FEFF version FEFF 9.9.1
Core hole lifetime is   1.729 eV.
Your calculation:
 comment: None given
 Source:
 Structure Summary:  Li4 Cu8 P4 O16
 Reduced formula:  LiCu2PO4
 space group: (P1), space number:  (1)
 abc:  5.567499   6.263081  10.246698
 angles: 89.042325  89.327339  88.819152
 sites: 32
Cu K edge XANES using RPA corehole.
Using:     * Self-Consistent Field potentials
Using cards:   ATOMS CONTROL EXCHANGE TITLE RPATH POTENTIALS XANES EDGE SCF FMS S02 COREHOLE EGRID

Calculating atomic potentials ...
    overlapped atomic potential and density for unique potential    0
    overlapped atomic potential and density for unique potential    1
    overlapped atomic potential and density for unique potential    2
    overlapped atomic potential and density for unique potential    3
    overlapped atomic potential and density for unique potential    4
Done with module: atomic potentials.

Calculating SCF potentials ...
FEFF-serial using 1 thread.
Muffin tin radii and interstitial parameters [bohr]:
type, norman radius, muffin tin, overlap factor
    0  1.40572E+00  1.34059E+00  1.12785E+00
    1  1.33549E+00  1.27605E+00  1.12196E+00
    2  1.41797E+00  1.36182E+00  1.10646E+00
    3  1.15777E+00  9.46735E-01  1.15000E+00
    4  1.04177E+00  9.19250E-01  1.15000E+00
Core-valence separation energy:  ecv=   -40.000 eV
Initial Fermi level:              mu=     4.728 eV
SCF ITERATION NUMBER  1
     point #   1  energy = -40.000
FMS for a cluster of  133 atoms around atom type   0
FMS for a cluster of  124 atoms around atom type   1
FMS for a cluster of  126 atoms around atom type   2
FMS for a cluster of  120 atoms around atom type   3
FMS for a cluster of  130 atoms around atom type   4
     point #  20  energy = -28.830
     point #  40  energy =  -8.580
     point #  60  energy =  -3.074
     point #  80  energy =  -3.393
New Fermi level:    mu=  -3.454 eV  Charge distance=  0.3524 (partial c.d.=  7.9275)
negative density   1 -126.515 - usually harmless precision error, but check DOS if it persists
SCF ITERATION NUMBER  1
     point #   1  energy = -40.000
FMS for a cluster of  133 atoms around atom type   0
FMS for a cluster of  124 atoms around atom type   1
FMS for a cluster of  126 atoms around atom type   2
FMS for a cluster of  120 atoms around atom type   3
FMS for a cluster of  130 atoms around atom type   4
     point #  20  energy = -28.833
     point #  40  energy =  -8.530
     point #  60  energy =  -3.454
     point #  80  energy =  -5.279
     point # 100  energy =  -7.120
New Fermi level:    mu=  -6.968 eV  Charge distance=  0.1372 (partial c.d.=  2.1459)
negative density   1 -263.771 - usually harmless precision error, but check DOS if it persists
SCF ITERATION NUMBER  1
     point #   1  energy = -40.000
FMS for a cluster of  133 atoms around atom type   0
FMS for a cluster of  124 atoms around atom type   1
FMS for a cluster of  126 atoms around atom type   2
FMS for a cluster of  120 atoms around atom type   3
FMS for a cluster of  130 atoms around atom type   4
     point #  20  energy = -28.989
     point #  40  energy =  -8.970
     point #  60  energy =  -6.955
     point #  80  energy =  -6.218
New Fermi level:    mu=  -6.237 eV  Charge distance=  0.0972 (partial c.d.=  0.2937)
negative density   1 -400.199 - usually harmless precision error, but check DOS if it persists
negative density   1   -1.075 - usually harmless precision error, but check DOS if it persists
SCF ITERATION NUMBER  2
     point #   1  energy = -40.000
     point #  20  energy = -28.746
     point #  40  energy =  -8.283
     point #  60  energy =  -6.212
New Fermi level:    mu=  -6.111 eV  Charge distance=  0.2973 (partial c.d.=  0.0577)
negative density   1 -908.810 - usually harmless precision error, but check DOS if it persists
negative density   1 -158.404 - usually harmless precision error, but check DOS if it persists
SCF ITERATION NUMBER  3
     point #   1  energy = -40.000
     point #  20  energy = -28.704
     point #  40  energy =  -8.164
     point #  60  energy =  -6.136
New Fermi level:    mu=  -6.173 eV  Charge distance=  0.0253 (partial c.d.=  0.0596)
negative density   1-1013.669 - usually harmless precision error, but check DOS if it persists
negative density   1 -191.043 - usually harmless precision error, but check DOS if it persists
SCF ITERATION NUMBER  4
     point #   1  energy = -40.000
     point #  20  energy = -28.724
     point #  40  energy =  -8.223
     point #  60  energy =  -6.198
New Fermi level:    mu=  -6.190 eV  Charge distance=  0.0155 (partial c.d.=  0.0360)
negative density   1-1030.426 - usually harmless precision error, but check DOS if it persists
negative density   1 -196.420 - usually harmless precision error, but check DOS if it persists
SCF ITERATION NUMBER  5
     point #   1  energy = -40.000
     point #  20  energy = -28.730
     point #  40  energy =  -8.239
     point #  60  energy =  -6.215
New Fermi level:    mu=  -6.215 eV  Charge distance=  0.0101 (partial c.d.=  0.0100)
negative density   1-1055.937 - usually harmless precision error, but check DOS if it persists
negative density   1 -204.594 - usually harmless precision error, but check DOS if it persists
SCF ITERATION NUMBER  6
     point #   1  energy = -40.000
     point #  20  energy = -28.738
     point #  40  energy =  -8.263
New Fermi level:    mu=  -6.224 eV  Charge distance=  0.0052 (partial c.d.=  0.0063)
negative density   1-1065.463 - usually harmless precision error, but check DOS if it persists
negative density   1 -207.726 - usually harmless precision error, but check DOS if it persists
SCF ITERATION NUMBER  7
     point #   1  energy = -40.000
     point #  20  energy = -28.741
     point #  40  energy =  -8.271
New Fermi level:    mu=  -6.218 eV  Charge distance=  0.0073 (partial c.d.=  0.0023)
negative density   1-1082.561 - usually harmless precision error, but check DOS if it persists
negative density   1 -213.329 - usually harmless precision error, but check DOS if it persists
SCF ITERATION NUMBER  8
     point #   1  energy = -40.000
     point #  20  energy = -28.739
     point #  40  energy =  -8.266
New Fermi level:    mu=  -6.207 eV  Charge distance=  0.0012 (partial c.d.=  0.0028)
negative density   1-1087.717 - usually harmless precision error, but check DOS if it persists
negative density   1 -214.984 - usually harmless precision error, but check DOS if it persists
SCF ITERATION NUMBER  9
     point #   1  energy = -40.000
     point #  20  energy = -28.736
     point #  40  energy =  -8.255
New Fermi level:    mu=  -6.206 eV  Charge distance=  0.0003 (partial c.d.=  0.0020)
negative density   1-1089.258 - usually harmless precision error, but check DOS if it persists
negative density   1 -215.467 - usually harmless precision error, but check DOS if it persists
SCF ITERATION NUMBER 10
     point #   1  energy = -40.000
     point #  20  energy = -28.735
     point #  40  energy =  -8.254
New Fermi level:    mu=  -6.206 eV  Charge distance=  0.0001 (partial c.d.=  0.0005)
negative density   1-1092.850 - usually harmless precision error, but check DOS if it persists
negative density   1 -216.607 - usually harmless precision error, but check DOS if it persists
SCF ITERATION NUMBER 11
     point #   1  energy = -40.000
     point #  20  energy = -28.735
     point #  40  energy =  -8.255
New Fermi level:    mu=  -6.207 eV  Charge distance=  0.0001 (partial c.d.=  0.0001)
Electronic configuration
  type     l     N_el
     0     0    0.552
     0     1    0.613
     0     2    9.627
     0     3    0.000
     1     0    0.274
     1     1    0.570
     1     2    0.000
     1     3    0.000
     2     0    0.554
     2     1    0.627
     2     2    9.640
     2     3    0.000
     3     0    1.208
     3     1    2.063
     3     2    1.032
     3     3    0.000
     4     0    1.838
     4     1    4.393
     4     2    0.071
     4     3    0.000
Charge transfer:  type  charge
       0   -0.207
       1   -0.156
       2   -0.179
       3   -0.697
       4    0.303
Convergence reached in   11 iterations.
Done with module: potentials.

Calculating screened core-hole potential ...
FMS for a cluster of   26 atoms around iph =   0
    0% of energy integration
   20%
   40%
   60%
   80%
  100%
Preparing response function.
Computing (1 - K Chi0)^-1 v_ch
Done with module: screened core-hole potential.

Calculating cross-section and phases ...
    absorption cross section
 x0,dx,rnrm,inrm,jnrm   8.80000000000000       5.000000000000000E-002
   2.65641647600016              196         197
    phase shifts for unique potential    0
    phase shifts for unique potential    1
    phase shifts for unique potential    2
    phase shifts for unique potential    3
    phase shifts for unique potential    4
Done with module: cross-section and phases (XSPH).

FMS calculation of full Green's function ...
FEFF-serial using 1 thread.
Using   194 energy points.
xprep done
FMS for a cluster of  275 atoms
Energy point    1/ 194
Energy point   10/ 194
Energy point   20/ 194
Energy point   30/ 194
Energy point   40/ 194
Energy point   50/ 194
Energy point   60/ 194
Energy point   70/ 194
Energy point   80/ 194
Energy point   90/ 194
Energy point  100/ 194
Energy point  110/ 194
Energy point  120/ 194
Energy point  130/ 194
Energy point  140/ 194
Energy point  150/ 194
Energy point  160/ 194
Energy point  170/ 194
Energy point  180/ 194
Energy point  190/ 194
Done with module: FMS.

MKGTR: Tracing over Green's function ...
Done with module: MKGTR.

Pathfinder: finding scattering paths...
Preparing plane wave scattering amplitudes
Searching for paths
Eliminating path degeneracies
0 paths retained.
Done with module: pathfinder.

Calculating EXAFS parameters ...
Done with module: EXAFS parameters (GENFMT).

Calculating XAS spectra ...
Done with module: XAS spectra (FF2X: DW + final sum over paths).

 
### feff ends at Mon Aug 14 13:08:26 EDT 2023
 
