### feff starts at Mon Aug 14 12:52:18 EDT 2023
### Serial version
### FeffPath is /sdcc/u/mcarbone/software/JFEFF/hsw/feff90/linux
 
Launching FEFF version FEFF 9.9.1
Core hole lifetime is   1.729 eV.
Your calculation:
 comment: None given
 Source:
 Structure Summary:  Li1 Cu2 C2 O6
 Reduced formula:  LiCu2(CO3)2
 space group: (P1), space number:  (1)
 abc:  6.531842   5.039849   5.031098
 angles: 59.887793 111.483278  89.771324
 sites: 11
Cu K edge XANES using RPA corehole.
Using:     * Self-Consistent Field potentials
Using cards:   ATOMS CONTROL EXCHANGE TITLE RPATH POTENTIALS XANES EDGE SCF FMS S02 COREHOLE EGRID

Calculating atomic potentials ...
    overlapped atomic potential and density for unique potential    0
    overlapped atomic potential and density for unique potential    1
    overlapped atomic potential and density for unique potential    2
    overlapped atomic potential and density for unique potential    3
    overlapped atomic potential and density for unique potential    4
Done with module: atomic potentials.

Calculating SCF potentials ...
FEFF-serial using 1 thread.
Muffin tin radii and interstitial parameters [bohr]:
type, norman radius, muffin tin, overlap factor
    0  1.38696E+00  1.31660E+00  1.14247E+00
    1  1.29725E+00  1.23648E+00  1.12952E+00
    2  1.36348E+00  1.27927E+00  1.15000E+00
    3  9.25007E-01  7.11996E-01  1.15000E+00
    4  1.01045E+00  8.69147E-01  1.15000E+00
Core-valence separation energy:  ecv=   -40.000 eV
Initial Fermi level:              mu=     6.832 eV
SCF ITERATION NUMBER  1
     point #   1  energy = -40.000
FMS for a cluster of  125 atoms around atom type   0
FMS for a cluster of  116 atoms around atom type   1
FMS for a cluster of  119 atoms around atom type   2
FMS for a cluster of  124 atoms around atom type   3
FMS for a cluster of  122 atoms around atom type   4
     point #  20  energy = -28.818
     point #  40  energy =  -8.568
     point #  60  energy =  -3.455
     point #  80  energy =  -3.455
New Fermi level:    mu=  -3.460 eV  Charge distance=  0.6142 (partial c.d.=  7.0497)
SCF ITERATION NUMBER  1
     point #   1  energy = -40.000
FMS for a cluster of  125 atoms around atom type   0
FMS for a cluster of  116 atoms around atom type   1
FMS for a cluster of  119 atoms around atom type   2
FMS for a cluster of  124 atoms around atom type   3
FMS for a cluster of  122 atoms around atom type   4
     point #  20  energy = -28.835
     point #  40  energy =  -8.535
     point #  60  energy =  -3.460
     point #  80  energy =  -5.038
     point # 100  energy =  -8.201
     point # 120  energy =  -7.526
New Fermi level:    mu=  -7.482 eV  Charge distance=  0.2004 (partial c.d.=  3.6235)
SCF ITERATION NUMBER  1
     point #   1  energy = -40.000
FMS for a cluster of  125 atoms around atom type   0
FMS for a cluster of  116 atoms around atom type   1
FMS for a cluster of  119 atoms around atom type   2
FMS for a cluster of  124 atoms around atom type   3
FMS for a cluster of  122 atoms around atom type   4
     point #  20  energy = -28.822
     point #  40  energy =  -8.498
     point #  60  energy =  -7.441
     point #  80  energy =  -7.007
New Fermi level:    mu=  -7.017 eV  Charge distance=  0.0666 (partial c.d.=  0.4253)
SCF ITERATION NUMBER  2
     point #   1  energy = -40.000
     point #  20  energy = -29.006
     point #  40  energy =  -9.016
     point #  60  energy =  -7.005
New Fermi level:    mu=  -6.688 eV  Charge distance=  0.1088 (partial c.d.=  0.2294)
SCF ITERATION NUMBER  3
     point #   1  energy = -40.000
     point #  20  energy = -28.896
     point #  40  energy =  -8.707
     point #  60  energy =  -6.713
New Fermi level:    mu=  -6.837 eV  Charge distance=  0.0897 (partial c.d.=  0.1394)
SCF ITERATION NUMBER  4
     point #   1  energy = -40.000
     point #  20  energy = -28.946
     point #  40  energy =  -8.847
     point #  60  energy =  -6.812
New Fermi level:    mu=  -6.724 eV  Charge distance=  0.0232 (partial c.d.=  0.1332)
SCF ITERATION NUMBER  5
     point #   1  energy = -40.000
     point #  20  energy = -28.908
     point #  40  energy =  -8.741
     point #  60  energy =  -6.749
New Fermi level:    mu=  -6.801 eV  Charge distance=  0.0042 (partial c.d.=  0.0541)
SCF ITERATION NUMBER  6
     point #   1  energy = -40.000
     point #  20  energy = -28.934
     point #  40  energy =  -8.813
New Fermi level:    mu=  -6.802 eV  Charge distance=  0.0041 (partial c.d.=  0.0213)
SCF ITERATION NUMBER  7
     point #   1  energy = -40.000
     point #  20  energy = -28.934
     point #  40  energy =  -8.814
New Fermi level:    mu=  -6.804 eV  Charge distance=  0.0047 (partial c.d.=  0.0080)
SCF ITERATION NUMBER  8
     point #   1  energy = -40.000
     point #  20  energy = -28.935
     point #  40  energy =  -8.816
New Fermi level:    mu=  -6.798 eV  Charge distance=  0.0017 (partial c.d.=  0.0083)
SCF ITERATION NUMBER  9
     point #   1  energy = -40.000
     point #  20  energy = -28.933
     point #  40  energy =  -8.811
New Fermi level:    mu=  -6.793 eV  Charge distance=  0.0014 (partial c.d.=  0.0028)
SCF ITERATION NUMBER 10
     point #   1  energy = -40.000
     point #  20  energy = -28.931
     point #  40  energy =  -8.805
New Fermi level:    mu=  -6.788 eV  Charge distance=  0.0001 (partial c.d.=  0.0008)
SCF ITERATION NUMBER 11
     point #   1  energy = -40.000
     point #  20  energy = -28.929
     point #  40  energy =  -8.801
New Fermi level:    mu=  -6.788 eV  Charge distance=  0.0001 (partial c.d.=  0.0001)
Electronic configuration
  type     l     N_el
     0     0    0.502
     0     1    0.666
     0     2    9.529
     0     3    0.000
     1     0    0.272
     1     1    0.590
     1     2    0.000
     1     3    0.000
     2     0    0.520
     2     1    0.696
     2     2    9.485
     2     3    0.000
     3     0    1.093
     3     1    2.180
     3     2    0.422
     3     3    0.000
     4     0    1.819
     4     1    4.296
     4     2    0.110
     4     3    0.000
Charge transfer:  type  charge
       0   -0.304
       1   -0.138
       2   -0.298
       3   -0.305
       4    0.225
Convergence reached in   11 iterations.
Done with module: potentials.

Calculating screened core-hole potential ...
FMS for a cluster of   22 atoms around iph =   0
    0% of energy integration
   20%
   40%
   60%
   80%
  100%
Preparing response function.
Computing (1 - K Chi0)^-1 v_ch
Done with module: screened core-hole potential.

Calculating cross-section and phases ...
    absorption cross section
 x0,dx,rnrm,inrm,jnrm   8.80000000000000       5.000000000000000E-002
   2.62097931400015              196         197
    phase shifts for unique potential    0
    phase shifts for unique potential    1
    phase shifts for unique potential    2
    phase shifts for unique potential    3
    phase shifts for unique potential    4
Done with module: cross-section and phases (XSPH).

FMS calculation of full Green's function ...
FEFF-serial using 1 thread.
Using   194 energy points.
xprep done
FMS for a cluster of  262 atoms
Energy point    1/ 194
Energy point   10/ 194
Energy point   20/ 194
Energy point   30/ 194
Energy point   40/ 194
Energy point   50/ 194
Energy point   60/ 194
Energy point   70/ 194
Energy point   80/ 194
Energy point   90/ 194
Energy point  100/ 194
Energy point  110/ 194
Energy point  120/ 194
Energy point  130/ 194
Energy point  140/ 194
Energy point  150/ 194
Energy point  160/ 194
Energy point  170/ 194
Energy point  180/ 194
Energy point  190/ 194
Done with module: FMS.

MKGTR: Tracing over Green's function ...
Done with module: MKGTR.

Pathfinder: finding scattering paths...
Preparing plane wave scattering amplitudes
Searching for paths
Eliminating path degeneracies
0 paths retained.
Done with module: pathfinder.

Calculating EXAFS parameters ...
Done with module: EXAFS parameters (GENFMT).

Calculating XAS spectra ...
Done with module: XAS spectra (FF2X: DW + final sum over paths).

 
### feff ends at Mon Aug 14 14:43:14 EDT 2023
 
