### feff starts at Mon Aug 14 04:00:24 EDT 2023
### Serial version
### FeffPath is /sdcc/u/mcarbone/software/JFEFF/hsw/feff90/linux
 
Launching FEFF version FEFF 9.9.1
Resetting lmaxsc to 2 for iph =    3.  Use  UNFREEZE to prevent this.
Core hole lifetime is   1.729 eV.
Your calculation:
 comment: None given
 Source:
 Structure Summary:  Sr4 Cu4 W2 O14
 Reduced formula:  Sr2Cu2WO7
 space group: (Cm), space number:  (8)
 abc: 13.591694  13.591694   5.267506
 angles: 78.930681  78.930681 148.063728
 sites: 24
Cu K edge XANES using RPA corehole.
Using:     * Self-Consistent Field potentials
Using cards:   ATOMS CONTROL EXCHANGE TITLE RPATH POTENTIALS XANES EDGE SCF FMS S02 COREHOLE EGRID

Calculating atomic potentials ...
    overlapped atomic potential and density for unique potential    0
    overlapped atomic potential and density for unique potential    1
    overlapped atomic potential and density for unique potential    2
    overlapped atomic potential and density for unique potential    3
    overlapped atomic potential and density for unique potential    4
Done with module: atomic potentials.

Calculating SCF potentials ...
FEFF-serial using 1 thread.
Muffin tin radii and interstitial parameters [bohr]:
type, norman radius, muffin tin, overlap factor
    0  1.29915E+00  1.18388E+00  1.15000E+00
    1  1.80971E+00  1.71714E+00  1.14389E+00
    2  1.30072E+00  1.18636E+00  1.15000E+00
    3  1.44491E+00  1.23439E+00  1.15000E+00
    4  1.12112E+00  1.04282E+00  1.15000E+00
Core-valence separation energy:  ecv=   -33.500 eV
Initial Fermi level:              mu=     0.069 eV
SCF ITERATION NUMBER  1
     point #   1  energy = -33.500
FMS for a cluster of   95 atoms around atom type   0
FMS for a cluster of   90 atoms around atom type   1
FMS for a cluster of   91 atoms around atom type   2
FMS for a cluster of   70 atoms around atom type   3
FMS for a cluster of   92 atoms around atom type   4
     point #  20  energy = -22.324
     point #  40  energy =  -6.440
     point #  60  energy =  -5.246
New Fermi level:    mu=  -4.850 eV  Charge distance=  0.9775 (partial c.d.=  6.5249)
SCF ITERATION NUMBER  1
     point #   1  energy = -33.500
FMS for a cluster of   95 atoms around atom type   0
FMS for a cluster of   90 atoms around atom type   1
FMS for a cluster of   91 atoms around atom type   2
FMS for a cluster of   70 atoms around atom type   3
FMS for a cluster of   92 atoms around atom type   4
     point #  20  energy = -22.245
     point #  40  energy =  -4.850
     point #  60  energy =  -5.019
     point #  80  energy =  -9.175
     point # 100  energy =  -9.525
New Fermi level:    mu=  -9.616 eV  Charge distance=  0.5734 (partial c.d.=  5.2431)
SCF ITERATION NUMBER  1
     point #   1  energy = -33.500
FMS for a cluster of   95 atoms around atom type   0
FMS for a cluster of   90 atoms around atom type   1
FMS for a cluster of   91 atoms around atom type   2
FMS for a cluster of   70 atoms around atom type   3
FMS for a cluster of   92 atoms around atom type   4
     point #  20  energy = -22.553
     point #  40  energy =  -9.616
     point #  60  energy =  -9.135
New Fermi level:    mu=  -8.820 eV  Charge distance=  0.2957 (partial c.d.=  0.7625)
SCF ITERATION NUMBER  2
     point #   1  energy = -33.500
     point #  20  energy = -22.188
     point #  40  energy =  -8.820
     point #  60  energy =  -8.338
New Fermi level:    mu=  -8.298 eV  Charge distance=  0.1714 (partial c.d.=  0.8719)
SCF ITERATION NUMBER  3
     point #   1  energy = -33.500
     point #  20  energy = -22.411
     point #  40  energy =  -8.298
     point #  60  energy =  -8.639
New Fermi level:    mu=  -8.703 eV  Charge distance=  0.1815 (partial c.d.=  0.3785)
SCF ITERATION NUMBER  4
     point #   1  energy = -33.500
     point #  20  energy = -22.135
     point #  40  energy =  -8.703
     point #  60  energy =  -8.313
New Fermi level:    mu=  -8.272 eV  Charge distance=  0.0577 (partial c.d.=  0.5424)
SCF ITERATION NUMBER  5
     point #   1  energy = -33.500
     point #  20  energy = -22.400
     point #  40  energy =  -8.272
     point #  60  energy =  -8.509
New Fermi level:    mu=  -8.572 eV  Charge distance=  0.0207 (partial c.d.=  0.4141)
SCF ITERATION NUMBER  6
     point #   1  energy = -33.500
     point #  20  energy = -22.531
     point #  40  energy =  -8.572
New Fermi level:    mu=  -8.488 eV  Charge distance=  0.0051 (partial c.d.=  0.1330)
SCF ITERATION NUMBER  7
     point #   1  energy = -33.500
     point #  20  energy = -22.495
     point #  40  energy =  -8.488
New Fermi level:    mu=  -8.462 eV  Charge distance=  0.0033 (partial c.d.=  0.0343)
SCF ITERATION NUMBER  8
     point #   1  energy = -33.500
     point #  20  energy = -22.483
     point #  40  energy =  -8.462
New Fermi level:    mu=  -8.464 eV  Charge distance=  0.0008 (partial c.d.=  0.0378)
SCF ITERATION NUMBER  9
     point #   1  energy = -33.500
     point #  20  energy = -22.484
     point #  40  energy =  -8.464
New Fermi level:    mu=  -8.464 eV  Charge distance=  0.0011 (partial c.d.=  0.0080)
SCF ITERATION NUMBER 10
     point #   1  energy = -33.500
     point #  20  energy = -22.484
     point #  40  energy =  -8.464
New Fermi level:    mu=  -8.458 eV  Charge distance=  0.0010 (partial c.d.=  0.0012)
SCF ITERATION NUMBER 11
     point #   1  energy = -33.500
     point #  20  energy = -22.482
     point #  40  energy =  -8.458
New Fermi level:    mu=  -8.455 eV  Charge distance=  0.0002 (partial c.d.=  0.0028)
SCF ITERATION NUMBER 12
     point #   1  energy = -33.500
     point #  20  energy = -22.480
     point #  40  energy =  -8.455
New Fermi level:    mu=  -8.456 eV  Charge distance=  0.0003 (partial c.d.=  0.0003)
SCF ITERATION NUMBER 13
     point #   1  energy = -33.500
     point #  20  energy = -22.480
     point #  40  energy =  -8.456
New Fermi level:    mu=  -8.456 eV  Charge distance=  0.0002 (partial c.d.=  0.0002)
Electronic configuration
  type     l     N_el
     0     0    0.524
     0     1    0.628
     0     2    9.373
     0     3    0.000
     1     0    0.309
     1     1    6.367
     1     2    0.936
     1     3    0.000
     2     0    0.524
     2     1    0.627
     2     2    9.376
     2     3    0.000
     3     0    0.583
     3     1    0.684
     3     2    3.699
     3     3    0.000
     4     0    1.867
     4     1    4.453
     4     2    0.074
     4     3    0.000
Charge transfer:  type  charge
       0   -0.475
       1   -0.388
       2   -0.473
       3   -1.034
       4    0.394
Convergence reached in   13 iterations.
Done with module: potentials.

Calculating screened core-hole potential ...
FMS for a cluster of   16 atoms around iph =   0
    0% of energy integration
   20%
   40%
   60%
   80%
  100%
Preparing response function.
Computing (1 - K Chi0)^-1 v_ch
Done with module: screened core-hole potential.

Calculating cross-section and phases ...
    absorption cross section
 x0,dx,rnrm,inrm,jnrm   8.80000000000000       5.000000000000000E-002
   2.45504055700006              194         195
    phase shifts for unique potential    0
    phase shifts for unique potential    1
    phase shifts for unique potential    2
    phase shifts for unique potential    3
    phase shifts for unique potential    4
Done with module: cross-section and phases (XSPH).

FMS calculation of full Green's function ...
FEFF-serial using 1 thread.
Using   194 energy points.
xprep done
FMS for a cluster of  200 atoms
Energy point    1/ 194
Energy point   10/ 194
Energy point   20/ 194
Energy point   30/ 194
Energy point   40/ 194
Energy point   50/ 194
Energy point   60/ 194
Energy point   70/ 194
Energy point   80/ 194
Energy point   90/ 194
Energy point  100/ 194
Energy point  110/ 194
Energy point  120/ 194
Energy point  130/ 194
Energy point  140/ 194
Energy point  150/ 194
Energy point  160/ 194
Energy point  170/ 194
Energy point  180/ 194
Energy point  190/ 194
Done with module: FMS.

MKGTR: Tracing over Green's function ...
Done with module: MKGTR.

Pathfinder: finding scattering paths...
Preparing plane wave scattering amplitudes
Searching for paths
Eliminating path degeneracies
0 paths retained.
Done with module: pathfinder.

Calculating EXAFS parameters ...
Done with module: EXAFS parameters (GENFMT).

Calculating XAS spectra ...
Done with module: XAS spectra (FF2X: DW + final sum over paths).

 
### feff ends at Mon Aug 14 04:59:44 EDT 2023
 
