### feff starts at Sun Aug 13 20:25:57 EDT 2023
### Serial version
### FeffPath is /sdcc/u/mcarbone/software/JFEFF/hsw/feff90/linux
 
Launching FEFF version FEFF 9.9.1
Core hole lifetime is   1.729 eV.
Your calculation:
 comment: None given
 Source:
 Structure Summary:  Cu4 P16 O44
 Reduced formula:  CuP4O11
 space group: (P-1), space number:  (2)
 abc:  9.390993   9.449809  10.737832
 angles:110.641595 109.664076  89.446170
 sites: 64
Cu K edge XANES using RPA corehole.
Using:     * Self-Consistent Field potentials
Using cards:   ATOMS CONTROL EXCHANGE TITLE RPATH POTENTIALS XANES EDGE SCF FMS S02 COREHOLE EGRID

Calculating atomic potentials ...
    overlapped atomic potential and density for unique potential    0
    overlapped atomic potential and density for unique potential    1
    overlapped atomic potential and density for unique potential    2
    overlapped atomic potential and density for unique potential    3
Done with module: atomic potentials.

Calculating SCF potentials ...
FEFF-serial using 1 thread.
Muffin tin radii and interstitial parameters [bohr]:
type, norman radius, muffin tin, overlap factor
    0  1.35271E+00  1.28462E+00  1.14114E+00
    1  1.35820E+00  1.28890E+00  1.14345E+00
    2  1.15543E+00  9.36906E-01  1.15000E+00
    3  1.03891E+00  8.63601E-01  1.15000E+00
Core-valence separation energy:  ecv=   -40.000 eV
Initial Fermi level:              mu=     7.843 eV
SCF ITERATION NUMBER  1
     point #   1  energy = -40.000
FMS for a cluster of  112 atoms around atom type   0
FMS for a cluster of   75 atoms around atom type   1
FMS for a cluster of  100 atoms around atom type   2
FMS for a cluster of  117 atoms around atom type   3
     point #  20  energy = -28.819
     point #  40  energy =  -8.569
     point #  60  energy =  -4.907
     point #  80  energy =  -3.969
New Fermi level:    mu=  -3.915 eV  Charge distance=  1.0169 (partial c.d.=  5.1448)
SCF ITERATION NUMBER  1
     point #   1  energy = -40.000
FMS for a cluster of  112 atoms around atom type   0
FMS for a cluster of   75 atoms around atom type   1
FMS for a cluster of  100 atoms around atom type   2
FMS for a cluster of  117 atoms around atom type   3
     point #  20  energy = -28.974
     point #  40  energy =  -8.927
     point #  60  energy =  -3.915
     point #  80  energy =  -5.750
     point # 100  energy =  -6.431
     point # 120  energy =  -5.984
New Fermi level:    mu=  -5.818 eV  Charge distance=  0.3189 (partial c.d.=  5.3929)
SCF ITERATION NUMBER  1
     point #   1  energy = -40.000
FMS for a cluster of  112 atoms around atom type   0
FMS for a cluster of   75 atoms around atom type   1
FMS for a cluster of  100 atoms around atom type   2
FMS for a cluster of  117 atoms around atom type   3
     point #  20  energy = -28.941
     point #  40  energy =  -8.834
     point #  60  energy =  -5.830
New Fermi level:    mu=  -5.900 eV  Charge distance=  0.1769 (partial c.d.=  0.1911)
SCF ITERATION NUMBER  2
     point #   1  energy = -40.000
     point #  20  energy = -28.968
     point #  40  energy =  -8.909
     point #  60  energy =  -5.888
New Fermi level:    mu=  -5.866 eV  Charge distance=  0.1374 (partial c.d.=  0.2787)
SCF ITERATION NUMBER  3
     point #   1  energy = -40.000
     point #  20  energy = -28.957
     point #  40  energy =  -8.878
     point #  60  energy =  -5.853
New Fermi level:    mu=  -5.770 eV  Charge distance=  0.0795 (partial c.d.=  0.2904)
SCF ITERATION NUMBER  4
     point #   1  energy = -40.000
     point #  20  energy = -28.926
     point #  40  energy =  -8.790
     point #  60  energy =  -5.783
     point #  80  energy =  -6.005
New Fermi level:    mu=  -5.916 eV  Charge distance=  0.1150 (partial c.d.=  0.2699)
SCF ITERATION NUMBER  5
     point #   1  energy = -40.000
     point #  20  energy = -28.973
     point #  40  energy =  -8.924
     point #  60  energy =  -5.929
New Fermi level:    mu=  -5.968 eV  Charge distance=  0.0010 (partial c.d.=  0.1212)
SCF ITERATION NUMBER  6
     point #   1  energy = -40.000
     point #  20  energy = -28.990
     point #  40  energy =  -8.971
     point #  60  energy =  -5.980
New Fermi level:    mu=  -5.998 eV  Charge distance=  0.0095 (partial c.d.=  0.0154)
SCF ITERATION NUMBER  7
     point #   1  energy = -40.000
     point #  20  energy = -28.999
     point #  40  energy =  -8.998
     point #  60  energy =  -6.011
New Fermi level:    mu=  -6.015 eV  Charge distance=  0.0099 (partial c.d.=  0.0064)
SCF ITERATION NUMBER  8
     point #   1  energy = -40.000
     point #  20  energy = -29.005
     point #  40  energy =  -9.014
     point #  60  energy =  -6.028
New Fermi level:    mu=  -6.018 eV  Charge distance=  0.0020 (partial c.d.=  0.0034)
SCF ITERATION NUMBER  9
     point #   1  energy = -40.000
     point #  20  energy = -29.006
     point #  40  energy =  -9.016
     point #  60  energy =  -6.005
New Fermi level:    mu=  -6.009 eV  Charge distance=  0.0017 (partial c.d.=  0.0006)
SCF ITERATION NUMBER 10
     point #   1  energy = -40.000
     point #  20  energy = -29.003
     point #  40  energy =  -9.008
     point #  60  energy =  -5.996
New Fermi level:    mu=  -6.001 eV  Charge distance=  0.0000 (partial c.d.=  0.0005)
SCF ITERATION NUMBER 11
     point #   1  energy = -40.000
     point #  20  energy = -29.000
     point #  40  energy =  -9.001
     point #  60  energy =  -5.988
New Fermi level:    mu=  -6.001 eV  Charge distance=  0.0001 (partial c.d.=  0.0000)
Electronic configuration
  type     l     N_el
     0     0    0.433
     0     1    0.582
     0     2    9.654
     0     3    0.000
     1     0    0.439
     1     1    0.588
     1     2    9.668
     1     3    0.000
     2     0    1.183
     2     1    2.022
     2     2    1.024
     2     3    0.000
     3     0    1.833
     3     1    4.384
     3     2    0.091
     3     3    0.000
Charge transfer:  type  charge
       0   -0.331
       1   -0.305
       2   -0.771
       3    0.308
Convergence reached in   11 iterations.
Done with module: potentials.

Calculating screened core-hole potential ...
FMS for a cluster of   19 atoms around iph =   0
    0% of energy integration
   20%
   40%
   60%
   80%
  100%
Preparing response function.
Computing (1 - K Chi0)^-1 v_ch
Done with module: screened core-hole potential.

Calculating cross-section and phases ...
    absorption cross section
 x0,dx,rnrm,inrm,jnrm   8.80000000000000       5.000000000000000E-002
   2.55626007899988              195         196
    phase shifts for unique potential    0
    phase shifts for unique potential    1
    phase shifts for unique potential    2
    phase shifts for unique potential    3
Done with module: cross-section and phases (XSPH).

FMS calculation of full Green's function ...
FEFF-serial using 1 thread.
Using   194 energy points.
xprep done
FMS for a cluster of  226 atoms
Energy point    1/ 194
Energy point   10/ 194
Energy point   20/ 194
Energy point   30/ 194
Energy point   40/ 194
Energy point   50/ 194
Energy point   60/ 194
Energy point   70/ 194
Energy point   80/ 194
Energy point   90/ 194
Energy point  100/ 194
Energy point  110/ 194
Energy point  120/ 194
Energy point  130/ 194
Energy point  140/ 194
Energy point  150/ 194
Energy point  160/ 194
Energy point  170/ 194
Energy point  180/ 194
Energy point  190/ 194
Done with module: FMS.

MKGTR: Tracing over Green's function ...
Done with module: MKGTR.

Pathfinder: finding scattering paths...
Preparing plane wave scattering amplitudes
Searching for paths
Eliminating path degeneracies
0 paths retained.
Done with module: pathfinder.

Calculating EXAFS parameters ...
Done with module: EXAFS parameters (GENFMT).

Calculating XAS spectra ...
Done with module: XAS spectra (FF2X: DW + final sum over paths).

 
### feff ends at Sun Aug 13 21:41:13 EDT 2023
 
