### feff starts at Sun Aug 13 09:26:10 EDT 2023
### Serial version
### FeffPath is /sdcc/u/mcarbone/software/JFEFF/hsw/feff90/linux
 
Launching FEFF version FEFF 9.9.1
Resetting lmaxsc to 2 for iph =    1.  Use  UNFREEZE to prevent this.
Core hole lifetime is   1.729 eV.
Your calculation:
 comment: None given
 Source:
 Structure Summary:  Cs12 Cu20 O16
 Reduced formula:  Cs3Cu5O4
 space group: (P2_1/c), space number:  (14)
 abc:  7.652222  10.431876  14.907380
 angles: 73.760474  90.000000  90.000000
 sites: 48
Cu K edge XANES using RPA corehole.
Using:     * Self-Consistent Field potentials
Using cards:   ATOMS CONTROL EXCHANGE TITLE RPATH POTENTIALS XANES EDGE SCF FMS S02 COREHOLE EGRID

Calculating atomic potentials ...
    overlapped atomic potential and density for unique potential    0
    overlapped atomic potential and density for unique potential    1
    overlapped atomic potential and density for unique potential    2
    overlapped atomic potential and density for unique potential    3
Done with module: atomic potentials.

Calculating SCF potentials ...
FEFF-serial using 1 thread.
Muffin tin radii and interstitial parameters [bohr]:
type, norman radius, muffin tin, overlap factor
    0  1.34039E+00  1.17355E+00  1.15000E+00
    1  2.20093E+00  2.15451E+00  1.05294E+00
    2  1.34181E+00  1.17693E+00  1.15000E+00
    3  1.09287E+00  9.76382E-01  1.15000E+00
Core-valence separation energy:  ecv=   -40.000 eV
Initial Fermi level:              mu=    -0.857 eV
SCF ITERATION NUMBER  1
     point #   1  energy = -40.000
FMS for a cluster of   56 atoms around atom type   0
FMS for a cluster of   53 atoms around atom type   1
FMS for a cluster of   63 atoms around atom type   2
FMS for a cluster of   55 atoms around atom type   3
     point #  20  energy = -28.933
     point #  40  energy =  -8.683
     point #  60  energy =  -4.218
     point #  80  energy =  -3.861
New Fermi level:    mu=  -3.869 eV  Charge distance=  0.3610 (partial c.d.=  7.9215)
SCF ITERATION NUMBER  1
     point #   1  energy = -40.000
FMS for a cluster of   56 atoms around atom type   0
FMS for a cluster of   53 atoms around atom type   1
FMS for a cluster of   63 atoms around atom type   2
FMS for a cluster of   55 atoms around atom type   3
     point #  20  energy = -28.960
     point #  40  energy =  -8.887
     point #  60  energy =  -3.869
     point #  80  energy =  -5.694
     point # 100  energy =  -7.544
New Fermi level:    mu=  -7.475 eV  Charge distance=  0.1238 (partial c.d.=  2.0739)
SCF ITERATION NUMBER  1
     point #   1  energy = -40.000
FMS for a cluster of   56 atoms around atom type   0
FMS for a cluster of   53 atoms around atom type   1
FMS for a cluster of   63 atoms around atom type   2
FMS for a cluster of   55 atoms around atom type   3
     point #  20  energy = -28.819
     point #  40  energy =  -8.491
     point #  60  energy =  -7.434
New Fermi level:    mu=  -6.671 eV  Charge distance=  0.0453 (partial c.d.=  0.3939)
SCF ITERATION NUMBER  2
     point #   1  energy = -40.000
     point #  20  energy = -28.890
     point #  40  energy =  -8.691
     point #  60  energy =  -6.696
New Fermi level:    mu=  -6.692 eV  Charge distance=  0.1747 (partial c.d.=  0.0490)
SCF ITERATION NUMBER  3
     point #   1  energy = -40.000
     point #  20  energy = -28.897
     point #  40  energy =  -8.711
     point #  60  energy =  -6.667
New Fermi level:    mu=  -6.660 eV  Charge distance=  0.0268 (partial c.d.=  0.1167)
SCF ITERATION NUMBER  4
     point #   1  energy = -40.000
     point #  20  energy = -28.887
     point #  40  energy =  -8.681
     point #  60  energy =  -6.685
New Fermi level:    mu=  -6.724 eV  Charge distance=  0.0063 (partial c.d.=  0.1487)
SCF ITERATION NUMBER  5
     point #   1  energy = -40.000
     point #  20  energy = -28.908
     point #  40  energy =  -8.741
New Fermi level:    mu=  -6.724 eV  Charge distance=  0.0027 (partial c.d.=  0.0530)
SCF ITERATION NUMBER  6
     point #   1  energy = -40.000
     point #  20  energy = -28.908
     point #  40  energy =  -8.741
New Fermi level:    mu=  -6.722 eV  Charge distance=  0.0019 (partial c.d.=  0.0055)
SCF ITERATION NUMBER  7
     point #   1  energy = -40.000
     point #  20  energy = -28.907
     point #  40  energy =  -8.739
New Fermi level:    mu=  -6.718 eV  Charge distance=  0.0017 (partial c.d.=  0.0120)
SCF ITERATION NUMBER  8
     point #   1  energy = -40.000
     point #  20  energy = -28.906
     point #  40  energy =  -8.735
New Fermi level:    mu=  -6.709 eV  Charge distance=  0.0001 (partial c.d.=  0.0042)
SCF ITERATION NUMBER  9
     point #   1  energy = -40.000
     point #  20  energy = -28.903
     point #  40  energy =  -8.726
New Fermi level:    mu=  -6.706 eV  Charge distance=  0.0002 (partial c.d.=  0.0004)
SCF ITERATION NUMBER 10
     point #   1  energy = -40.000
     point #  20  energy = -28.902
     point #  40  energy =  -8.724
New Fermi level:    mu=  -6.705 eV  Charge distance=  0.0001 (partial c.d.=  0.0004)
SCF ITERATION NUMBER 11
     point #   1  energy = -40.000
     point #  20  energy = -28.902
     point #  40  energy =  -8.723
New Fermi level:    mu=  -6.705 eV  Charge distance=  0.0001 (partial c.d.=  0.0001)
Electronic configuration
  type     l     N_el
     0     0    0.622
     0     1    0.658
     0     2    9.475
     0     3    0.000
     1     0    2.244
     1     1    6.117
     1     2    0.560
     1     3    0.000
     2     0    0.625
     2     1    0.682
     2     2    9.476
     2     3    0.000
     3     0    1.850
     3     1    4.386
     3     2    0.095
     3     3    0.000
Charge transfer:  type  charge
       0   -0.245
       1   -0.079
       2   -0.217
       3    0.330
Convergence reached in   11 iterations.
Done with module: potentials.

Calculating screened core-hole potential ...
FMS for a cluster of    9 atoms around iph =   0
    0% of energy integration
   20%
   40%
   60%
   80%
  100%
Preparing response function.
Computing (1 - K Chi0)^-1 v_ch
Done with module: screened core-hole potential.

Calculating cross-section and phases ...
    absorption cross section
 x0,dx,rnrm,inrm,jnrm   8.80000000000000       5.000000000000000E-002
   2.53297890800003              195         196
    phase shifts for unique potential    0
    phase shifts for unique potential    1
    phase shifts for unique potential    2
    phase shifts for unique potential    3
Done with module: cross-section and phases (XSPH).

FMS calculation of full Green's function ...
FEFF-serial using 1 thread.
Using   194 energy points.
xprep done
FMS for a cluster of  139 atoms
Energy point    1/ 194
Energy point   10/ 194
Energy point   20/ 194
Energy point   30/ 194
Energy point   40/ 194
Energy point   50/ 194
Energy point   60/ 194
Energy point   70/ 194
Energy point   80/ 194
Energy point   90/ 194
Energy point  100/ 194
Energy point  110/ 194
Energy point  120/ 194
Energy point  130/ 194
Energy point  140/ 194
Energy point  150/ 194
Energy point  160/ 194
Energy point  170/ 194
Energy point  180/ 194
Energy point  190/ 194
Done with module: FMS.

MKGTR: Tracing over Green's function ...
Done with module: MKGTR.

Pathfinder: finding scattering paths...
Preparing plane wave scattering amplitudes
Searching for paths
Eliminating path degeneracies
0 paths retained.
Done with module: pathfinder.

Calculating EXAFS parameters ...
Done with module: EXAFS parameters (GENFMT).

Calculating XAS spectra ...
Done with module: XAS spectra (FF2X: DW + final sum over paths).

 
### feff ends at Sun Aug 13 09:45:30 EDT 2023
 
