### feff starts at Sun Aug 13 09:26:11 EDT 2023
### Serial version
### FeffPath is /sdcc/u/mcarbone/software/JFEFF/hsw/feff90/linux
 
Launching FEFF version FEFF 9.9.1
Core hole lifetime is   1.729 eV.
Your calculation:
 comment: None given
 Source:
 Structure Summary:  Cu4 H24 C8 O28
 Reduced formula:  CuH6C2O7
 space group: (Pcca), space number:  (54)
 abc:  6.589924   9.600438  10.337667
 angles: 90.000000  90.000000  90.000000
 sites: 64
Cu K edge XANES using RPA corehole.
Using:     * Self-Consistent Field potentials
Using cards:   ATOMS CONTROL EXCHANGE TITLE RPATH POTENTIALS XANES EDGE SCF FMS S02 COREHOLE EGRID

Calculating atomic potentials ...
    overlapped atomic potential and density for unique potential    0
    overlapped atomic potential and density for unique potential    1
    overlapped atomic potential and density for unique potential    2
    overlapped atomic potential and density for unique potential    3
    overlapped atomic potential and density for unique potential    4
Done with module: atomic potentials.

Calculating SCF potentials ...
FEFF-serial using 1 thread.
Muffin tin radii and interstitial parameters [bohr]:
type, norman radius, muffin tin, overlap factor
    0  1.38721E+00  1.31713E+00  1.14175E+00
    1  1.38726E+00  1.31717E+00  1.14177E+00
    2  8.36550E-01  6.86831E-01  1.15000E+00
    3  9.44726E-01  6.77162E-01  1.15000E+00
    4  1.14929E+00  9.59712E-01  1.15000E+00
Core-valence separation energy:  ecv=   -40.000 eV
Initial Fermi level:              mu=     4.992 eV
SCF ITERATION NUMBER  1
     point #   1  energy = -40.000
FMS for a cluster of  137 atoms around atom type   0
FMS for a cluster of   94 atoms around atom type   1
FMS for a cluster of  138 atoms around atom type   2
FMS for a cluster of  137 atoms around atom type   3
FMS for a cluster of  140 atoms around atom type   4
     point #  20  energy = -28.782
     point #  40  energy =  -8.532
     point #  60  energy =  -4.538
     point #  80  energy =  -3.966
New Fermi level:    mu=  -3.986 eV  Charge distance=  1.0595 (partial c.d.=  4.8267)
negative density   2   -6.985 - usually harmless precision error, but check DOS if it persists
negative density   2   -1.977 - usually harmless precision error, but check DOS if it persists
SCF ITERATION NUMBER  1
     point #   1  energy = -40.000
FMS for a cluster of  137 atoms around atom type   0
FMS for a cluster of   94 atoms around atom type   1
FMS for a cluster of  138 atoms around atom type   2
FMS for a cluster of  137 atoms around atom type   3
FMS for a cluster of  140 atoms around atom type   4
     point #  20  energy = -28.996
     point #  40  energy =  -8.988
     point #  60  energy =  -3.986
     point #  80  energy =  -5.886
     point # 100  energy =  -7.211
New Fermi level:    mu=  -7.230 eV  Charge distance=  0.3796 (partial c.d.=  5.5932)
negative density   2   -6.903 - usually harmless precision error, but check DOS if it persists
negative density   2  -14.608 - usually harmless precision error, but check DOS if it persists
negative density   2   -5.933 - usually harmless precision error, but check DOS if it persists
negative density   2   -1.028 - usually harmless precision error, but check DOS if it persists
SCF ITERATION NUMBER  1
     point #   1  energy = -40.000
FMS for a cluster of  137 atoms around atom type   0
FMS for a cluster of   94 atoms around atom type   1
FMS for a cluster of  138 atoms around atom type   2
FMS for a cluster of  137 atoms around atom type   3
FMS for a cluster of  140 atoms around atom type   4
     point #  20  energy = -28.735
     point #  40  energy =  -8.254
     point #  60  energy =  -7.271
New Fermi level:    mu=  -7.733 eV  Charge distance=  0.2030 (partial c.d.=  0.1826)
negative density   2  -16.132 - usually harmless precision error, but check DOS if it persists
negative density   2  -20.514 - usually harmless precision error, but check DOS if it persists
negative density   2   -8.968 - usually harmless precision error, but check DOS if it persists
negative density   2   -2.597 - usually harmless precision error, but check DOS if it persists
negative density   3  -38.160 - usually harmless precision error, but check DOS if it persists
SCF ITERATION NUMBER  2
     point #   1  energy = -40.000
     point #  20  energy = -28.908
     point #  40  energy =  -8.742
     point #  60  energy =  -7.693
     point #  80  energy =  -7.155
New Fermi level:    mu=  -7.285 eV  Charge distance=  0.0728 (partial c.d.=  0.4935)
negative density   2  -27.797 - usually harmless precision error, but check DOS if it persists
negative density   2  -29.044 - usually harmless precision error, but check DOS if it persists
negative density   2  -13.379 - usually harmless precision error, but check DOS if it persists
negative density   2   -4.860 - usually harmless precision error, but check DOS if it persists
negative density   2   -0.649 - usually harmless precision error, but check DOS if it persists
negative density   3 -695.536 - usually harmless precision error, but check DOS if it persists
SCF ITERATION NUMBER  3
     point #   1  energy = -40.000
     point #  20  energy = -28.754
     point #  40  energy =  -8.308
     point #  60  energy =  -7.245
     point #  80  energy =  -7.035
New Fermi level:    mu=  -7.066 eV  Charge distance=  0.0663 (partial c.d.=  0.1990)
negative density   2  -47.064 - usually harmless precision error, but check DOS if it persists
negative density   2  -43.986 - usually harmless precision error, but check DOS if it persists
negative density   2  -21.109 - usually harmless precision error, but check DOS if it persists
negative density   2   -8.794 - usually harmless precision error, but check DOS if it persists
negative density   2   -2.710 - usually harmless precision error, but check DOS if it persists
negative density   3-1668.308 - usually harmless precision error, but check DOS if it persists
negative density   3 -474.256 - usually harmless precision error, but check DOS if it persists
SCF ITERATION NUMBER  4
     point #   1  energy = -40.000
     point #  20  energy = -29.022
     point #  40  energy =  -9.062
     point #  60  energy =  -7.078
     point #  80  energy =  -7.600
New Fermi level:    mu=  -7.646 eV  Charge distance=  0.1013 (partial c.d.=  0.4368)
negative density   2  -59.601 - usually harmless precision error, but check DOS if it persists
negative density   2  -52.350 - usually harmless precision error, but check DOS if it persists
negative density   2  -25.389 - usually harmless precision error, but check DOS if it persists
negative density   2  -10.970 - usually harmless precision error, but check DOS if it persists
negative density   2   -3.850 - usually harmless precision error, but check DOS if it persists
negative density   2   -0.402 - usually harmless precision error, but check DOS if it persists
negative density   3-2277.535 - usually harmless precision error, but check DOS if it persists
negative density   3 -820.706 - usually harmless precision error, but check DOS if it persists
SCF ITERATION NUMBER  5
     point #   1  energy = -40.000
     point #  20  energy = -28.878
     point #  40  energy =  -8.657
     point #  60  energy =  -7.605
     point #  80  energy =  -6.980
New Fermi level:    mu=  -7.081 eV  Charge distance=  0.0463 (partial c.d.=  0.5310)
negative density   2  -57.127 - usually harmless precision error, but check DOS if it persists
negative density   2  -50.512 - usually harmless precision error, but check DOS if it persists
negative density   2  -24.429 - usually harmless precision error, but check DOS if it persists
negative density   2  -10.468 - usually harmless precision error, but check DOS if it persists
negative density   2   -3.573 - usually harmless precision error, but check DOS if it persists
negative density   2   -0.234 - usually harmless precision error, but check DOS if it persists
negative density   3-2085.204 - usually harmless precision error, but check DOS if it persists
negative density   3 -714.564 - usually harmless precision error, but check DOS if it persists
SCF ITERATION NUMBER  6
     point #   1  energy = -40.000
     point #  20  energy = -29.027
     point #  40  energy =  -9.076
     point #  60  energy =  -7.094
New Fermi level:    mu=  -7.328 eV  Charge distance=  0.0097 (partial c.d.=  0.3163)
negative density   2  -58.320 - usually harmless precision error, but check DOS if it persists
negative density   2  -51.104 - usually harmless precision error, but check DOS if it persists
negative density   2  -24.717 - usually harmless precision error, but check DOS if it persists
negative density   2  -10.606 - usually harmless precision error, but check DOS if it persists
negative density   2   -3.637 - usually harmless precision error, but check DOS if it persists
negative density   2   -0.261 - usually harmless precision error, but check DOS if it persists
negative density   3-2096.923 - usually harmless precision error, but check DOS if it persists
negative density   3 -720.741 - usually harmless precision error, but check DOS if it persists
SCF ITERATION NUMBER  7
     point #   1  energy = -40.000
     point #  20  energy = -28.769
     point #  40  energy =  -8.349
New Fermi level:    mu=  -7.304 eV  Charge distance=  0.0128 (partial c.d.=  0.2750)
negative density   2  -58.862 - usually harmless precision error, but check DOS if it persists
negative density   2  -51.363 - usually harmless precision error, but check DOS if it persists
negative density   2  -24.843 - usually harmless precision error, but check DOS if it persists
negative density   2  -10.667 - usually harmless precision error, but check DOS if it persists
negative density   2   -3.666 - usually harmless precision error, but check DOS if it persists
negative density   2   -0.274 - usually harmless precision error, but check DOS if it persists
negative density   3-2103.821 - usually harmless precision error, but check DOS if it persists
negative density   3 -723.967 - usually harmless precision error, but check DOS if it persists
SCF ITERATION NUMBER  8
     point #   1  energy = -40.000
     point #  20  energy = -28.761
     point #  40  energy =  -8.325
New Fermi level:    mu=  -7.292 eV  Charge distance=  0.0055 (partial c.d.=  0.2585)
negative density   2  -59.701 - usually harmless precision error, but check DOS if it persists
negative density   2  -51.762 - usually harmless precision error, but check DOS if it persists
negative density   2  -25.036 - usually harmless precision error, but check DOS if it persists
negative density   2  -10.759 - usually harmless precision error, but check DOS if it persists
negative density   2   -3.707 - usually harmless precision error, but check DOS if it persists
negative density   2   -0.291 - usually harmless precision error, but check DOS if it persists
negative density   3-2107.739 - usually harmless precision error, but check DOS if it persists
negative density   3 -725.591 - usually harmless precision error, but check DOS if it persists
SCF ITERATION NUMBER  9
     point #   1  energy = -40.000
     point #  20  energy = -28.757
     point #  40  energy =  -8.314
New Fermi level:    mu=  -7.301 eV  Charge distance=  0.0033 (partial c.d.=  0.0638)
negative density   2  -60.687 - usually harmless precision error, but check DOS if it persists
negative density   2  -52.206 - usually harmless precision error, but check DOS if it persists
negative density   2  -25.250 - usually harmless precision error, but check DOS if it persists
negative density   2  -10.861 - usually harmless precision error, but check DOS if it persists
negative density   2   -3.754 - usually harmless precision error, but check DOS if it persists
negative density   2   -0.310 - usually harmless precision error, but check DOS if it persists
negative density   3-2113.727 - usually harmless precision error, but check DOS if it persists
negative density   3 -727.424 - usually harmless precision error, but check DOS if it persists
SCF ITERATION NUMBER 10
     point #   1  energy = -40.000
     point #  20  energy = -28.760
     point #  40  energy =  -8.323
New Fermi level:    mu=  -7.295 eV  Charge distance=  0.0068 (partial c.d.=  0.0049)
negative density   2  -62.444 - usually harmless precision error, but check DOS if it persists
negative density   2  -52.966 - usually harmless precision error, but check DOS if it persists
negative density   2  -25.613 - usually harmless precision error, but check DOS if it persists
negative density   2  -11.035 - usually harmless precision error, but check DOS if it persists
negative density   2   -3.833 - usually harmless precision error, but check DOS if it persists
negative density   2   -0.342 - usually harmless precision error, but check DOS if it persists
negative density   3-2122.651 - usually harmless precision error, but check DOS if it persists
negative density   3 -729.331 - usually harmless precision error, but check DOS if it persists
SCF ITERATION NUMBER 11
     point #   1  energy = -40.000
     point #  20  energy = -28.758
     point #  40  energy =  -8.317
New Fermi level:    mu=  -7.296 eV  Charge distance=  0.0010 (partial c.d.=  0.0282)
negative density   2  -62.722 - usually harmless precision error, but check DOS if it persists
negative density   2  -53.069 - usually harmless precision error, but check DOS if it persists
negative density   2  -25.662 - usually harmless precision error, but check DOS if it persists
negative density   2  -11.058 - usually harmless precision error, but check DOS if it persists
negative density   2   -3.843 - usually harmless precision error, but check DOS if it persists
negative density   2   -0.347 - usually harmless precision error, but check DOS if it persists
negative density   3-2124.166 - usually harmless precision error, but check DOS if it persists
negative density   3 -729.295 - usually harmless precision error, but check DOS if it persists
SCF ITERATION NUMBER 12
     point #   1  energy = -40.000
     point #  20  energy = -28.758
     point #  40  energy =  -8.318
New Fermi level:    mu=  -7.295 eV  Charge distance=  0.0006 (partial c.d.=  0.0085)
negative density   2  -62.974 - usually harmless precision error, but check DOS if it persists
negative density   2  -53.155 - usually harmless precision error, but check DOS if it persists
negative density   2  -25.702 - usually harmless precision error, but check DOS if it persists
negative density   2  -11.077 - usually harmless precision error, but check DOS if it persists
negative density   2   -3.852 - usually harmless precision error, but check DOS if it persists
negative density   2   -0.350 - usually harmless precision error, but check DOS if it persists
negative density   3-2125.782 - usually harmless precision error, but check DOS if it persists
negative density   3 -729.262 - usually harmless precision error, but check DOS if it persists
SCF ITERATION NUMBER 13
     point #   1  energy = -40.000
     point #  20  energy = -28.758
     point #  40  energy =  -8.317
New Fermi level:    mu=  -7.293 eV  Charge distance=  0.0001 (partial c.d.=  0.0064)
negative density   2  -62.977 - usually harmless precision error, but check DOS if it persists
negative density   2  -53.153 - usually harmless precision error, but check DOS if it persists
negative density   2  -25.701 - usually harmless precision error, but check DOS if it persists
negative density   2  -11.077 - usually harmless precision error, but check DOS if it persists
negative density   2   -3.852 - usually harmless precision error, but check DOS if it persists
negative density   2   -0.350 - usually harmless precision error, but check DOS if it persists
negative density   3-2125.840 - usually harmless precision error, but check DOS if it persists
negative density   3 -729.234 - usually harmless precision error, but check DOS if it persists
SCF ITERATION NUMBER 14
     point #   1  energy = -40.000
     point #  20  energy = -28.757
     point #  40  energy =  -8.315
New Fermi level:    mu=  -7.293 eV  Charge distance=  0.0001 (partial c.d.=  0.0011)
negative density   2  -63.082 - usually harmless precision error, but check DOS if it persists
negative density   2  -53.179 - usually harmless precision error, but check DOS if it persists
negative density   2  -25.712 - usually harmless precision error, but check DOS if it persists
negative density   2  -11.082 - usually harmless precision error, but check DOS if it persists
negative density   2   -3.855 - usually harmless precision error, but check DOS if it persists
negative density   2   -0.351 - usually harmless precision error, but check DOS if it persists
negative density   3-2126.652 - usually harmless precision error, but check DOS if it persists
negative density   3 -729.175 - usually harmless precision error, but check DOS if it persists
SCF ITERATION NUMBER 15
     point #   1  energy = -40.000
     point #  20  energy = -28.757
     point #  40  energy =  -8.316
New Fermi level:    mu=  -7.293 eV  Charge distance=  0.0001 (partial c.d.=  0.0013)
negative density   2  -63.222 - usually harmless precision error, but check DOS if it persists
negative density   2  -53.213 - usually harmless precision error, but check DOS if it persists
negative density   2  -25.727 - usually harmless precision error, but check DOS if it persists
negative density   2  -11.090 - usually harmless precision error, but check DOS if it persists
negative density   2   -3.858 - usually harmless precision error, but check DOS if it persists
negative density   2   -0.353 - usually harmless precision error, but check DOS if it persists
negative density   3-2127.802 - usually harmless precision error, but check DOS if it persists
negative density   3 -729.162 - usually harmless precision error, but check DOS if it persists
SCF ITERATION NUMBER 16
     point #   1  energy = -40.000
     point #  20  energy = -28.757
     point #  40  energy =  -8.315
New Fermi level:    mu=  -7.293 eV  Charge distance=  0.0000 (partial c.d.=  0.0011)
negative density   2  -63.268 - usually harmless precision error, but check DOS if it persists
negative density   2  -53.221 - usually harmless precision error, but check DOS if it persists
negative density   2  -25.731 - usually harmless precision error, but check DOS if it persists
negative density   2  -11.092 - usually harmless precision error, but check DOS if it persists
negative density   2   -3.859 - usually harmless precision error, but check DOS if it persists
negative density   2   -0.353 - usually harmless precision error, but check DOS if it persists
negative density   3-2128.213 - usually harmless precision error, but check DOS if it persists
negative density   3 -729.179 - usually harmless precision error, but check DOS if it persists
SCF ITERATION NUMBER 17
     point #   1  energy = -40.000
     point #  20  energy = -28.757
     point #  40  energy =  -8.315
New Fermi level:    mu=  -7.293 eV  Charge distance=  0.0000 (partial c.d.=  0.0005)
negative density   2  -63.262 - usually harmless precision error, but check DOS if it persists
negative density   2  -53.218 - usually harmless precision error, but check DOS if it persists
negative density   2  -25.730 - usually harmless precision error, but check DOS if it persists
negative density   2  -11.091 - usually harmless precision error, but check DOS if it persists
negative density   2   -3.859 - usually harmless precision error, but check DOS if it persists
negative density   2   -0.353 - usually harmless precision error, but check DOS if it persists
negative density   3-2128.188 - usually harmless precision error, but check DOS if it persists
negative density   3 -729.192 - usually harmless precision error, but check DOS if it persists
SCF ITERATION NUMBER 18
     point #   1  energy = -40.000
     point #  20  energy = -28.757
     point #  40  energy =  -8.315
New Fermi level:    mu=  -7.293 eV  Charge distance=  0.0000 (partial c.d.=  0.0001)
Electronic configuration
  type     l     N_el
     0     0    0.475
     0     1    0.616
     0     2    9.552
     0     3    0.000
     1     0    0.473
     1     1    0.616
     1     2    9.560
     1     3    0.000
     2     0    0.622
     2     1    0.216
     2     2    0.000
     2     3    0.000
     3     0    1.159
     3     1    2.172
     3     2    0.363
     3     3    0.000
     4     0    1.886
     4     1    4.338
     4     2    0.052
     4     3    0.000
Charge transfer:  type  charge
       0   -0.357
       1   -0.350
       2   -0.162
       3   -0.306
       4    0.276
Convergence reached in   18 iterations.
Done with module: potentials.

Calculating screened core-hole potential ...
FMS for a cluster of   21 atoms around iph =   0
    0% of energy integration
   20%
   40%
   60%
   80%
  100%
Preparing response function.
Computing (1 - K Chi0)^-1 v_ch
Done with module: screened core-hole potential.

Calculating cross-section and phases ...
    absorption cross section
 x0,dx,rnrm,inrm,jnrm   8.80000000000000       5.000000000000000E-002
   2.62144709399998              196         197
    phase shifts for unique potential    0
    phase shifts for unique potential    1
    phase shifts for unique potential    2
    phase shifts for unique potential    3
    phase shifts for unique potential    4
Done with module: cross-section and phases (XSPH).

FMS calculation of full Green's function ...
FEFF-serial using 1 thread.
Using   194 energy points.
xprep done
FMS for a cluster of  317 atoms
Energy point    1/ 194
Energy point   10/ 194
Energy point   20/ 194
Energy point   30/ 194
Energy point   40/ 194
Energy point   50/ 194
Energy point   60/ 194
Energy point   70/ 194
Energy point   80/ 194
Energy point   90/ 194
Energy point  100/ 194
Energy point  110/ 194
Energy point  120/ 194
Energy point  130/ 194
Energy point  140/ 194
Energy point  150/ 194
Energy point  160/ 194
Energy point  170/ 194
Energy point  180/ 194
Energy point  190/ 194
Done with module: FMS.

MKGTR: Tracing over Green's function ...
Done with module: MKGTR.

Pathfinder: finding scattering paths...
Preparing plane wave scattering amplitudes
Searching for paths
Eliminating path degeneracies
0 paths retained.
Done with module: pathfinder.

Calculating EXAFS parameters ...
Done with module: EXAFS parameters (GENFMT).

Calculating XAS spectra ...
Done with module: XAS spectra (FF2X: DW + final sum over paths).

 
### feff ends at Sun Aug 13 11:42:21 EDT 2023
 
