### feff starts at Mon Aug 14 06:29:03 EDT 2023
### Serial version
### FeffPath is /sdcc/u/mcarbone/software/JFEFF/hsw/feff90/linux
 
Launching FEFF version FEFF 9.9.1
Core hole lifetime is   1.729 eV.
Your calculation:
 comment: None given
 Source:
 Structure Summary:  Cu2 Te2 P4 O16
 Reduced formula:  CuTe(PO4)2
 space group: (P2_1/m), space number:  (11)
 abc:  6.519119   4.945402   9.919298
 angles: 84.144438  90.000000  90.000000
 sites: 24
Cu K edge XANES using RPA corehole.
Using:     * Self-Consistent Field potentials
Using cards:   ATOMS CONTROL EXCHANGE TITLE RPATH POTENTIALS XANES EDGE SCF FMS S02 COREHOLE EGRID

Calculating atomic potentials ...
    overlapped atomic potential and density for unique potential    0
    overlapped atomic potential and density for unique potential    1
    overlapped atomic potential and density for unique potential    2
    overlapped atomic potential and density for unique potential    3
    overlapped atomic potential and density for unique potential    4
Done with module: atomic potentials.

Calculating SCF potentials ...
FEFF-serial using 1 thread.
Muffin tin radii and interstitial parameters [bohr]:
type, norman radius, muffin tin, overlap factor
    0  1.36165E+00  1.24244E+00  1.15000E+00
    1  1.36169E+00  1.24247E+00  1.15000E+00
    2  1.57017E+00  1.48987E+00  1.14384E+00
    3  1.15684E+00  9.41190E-01  1.15000E+00
    4  1.04075E+00  8.70888E-01  1.15000E+00
Core-valence separation energy:  ecv=   -32.500 eV
Initial Fermi level:              mu=     6.677 eV
SCF ITERATION NUMBER  1
     point #   1  energy = -32.500
FMS for a cluster of  109 atoms around atom type   0
FMS for a cluster of   86 atoms around atom type   1
FMS for a cluster of   94 atoms around atom type   2
FMS for a cluster of  104 atoms around atom type   3
FMS for a cluster of  109 atoms around atom type   4
     point #  20  energy = -21.426
     point #  40  energy =  -5.542
     point #  60  energy =  -4.276
New Fermi level:    mu=  -3.926 eV  Charge distance=  0.8020 (partial c.d.=  5.9221)
SCF ITERATION NUMBER  1
     point #   1  energy = -32.500
FMS for a cluster of  109 atoms around atom type   0
FMS for a cluster of   86 atoms around atom type   1
FMS for a cluster of   94 atoms around atom type   2
FMS for a cluster of  104 atoms around atom type   3
FMS for a cluster of  109 atoms around atom type   4
     point #  20  energy = -21.275
     point #  40  energy =  -3.926
     point #  60  energy =  -4.095
     point #  80  energy =  -6.254
     point # 100  energy =  -5.626
New Fermi level:    mu=  -5.547 eV  Charge distance=  0.2749 (partial c.d.=  4.3934)
SCF ITERATION NUMBER  1
     point #   1  energy = -32.500
FMS for a cluster of  109 atoms around atom type   0
FMS for a cluster of   86 atoms around atom type   1
FMS for a cluster of   94 atoms around atom type   2
FMS for a cluster of  104 atoms around atom type   3
FMS for a cluster of  109 atoms around atom type   4
     point #  20  energy = -21.519
     point #  40  energy =  -5.547
     point #  60  energy =  -5.447
New Fermi level:    mu=  -5.449 eV  Charge distance=  0.1690 (partial c.d.=  0.2483)
SCF ITERATION NUMBER  2
     point #   1  energy = -32.500
     point #  20  energy = -21.479
     point #  40  energy =  -5.449
     point #  60  energy =  -5.343
New Fermi level:    mu=  -5.295 eV  Charge distance=  0.2963 (partial c.d.=  0.2978)
SCF ITERATION NUMBER  3
     point #   1  energy = -32.500
     point #  20  energy = -21.416
     point #  40  energy =  -5.295
New Fermi level:    mu=  -5.277 eV  Charge distance=  0.1190 (partial c.d.=  0.1585)
SCF ITERATION NUMBER  4
     point #   1  energy = -32.500
     point #  20  energy = -21.409
     point #  40  energy =  -5.277
     point #  60  energy =  -5.458
New Fermi level:    mu=  -5.421 eV  Charge distance=  0.0247 (partial c.d.=  0.1321)
SCF ITERATION NUMBER  5
     point #   1  energy = -32.500
     point #  20  energy = -21.468
     point #  40  energy =  -5.421
New Fermi level:    mu=  -5.430 eV  Charge distance=  0.0202 (partial c.d.=  0.0745)
SCF ITERATION NUMBER  6
     point #   1  energy = -32.500
     point #  20  energy = -21.471
     point #  40  energy =  -5.430
New Fermi level:    mu=  -5.440 eV  Charge distance=  0.0054 (partial c.d.=  0.0292)
SCF ITERATION NUMBER  7
     point #   1  energy = -32.500
     point #  20  energy = -21.475
     point #  40  energy =  -5.440
New Fermi level:    mu=  -5.440 eV  Charge distance=  0.0061 (partial c.d.=  0.0077)
SCF ITERATION NUMBER  8
     point #   1  energy = -32.500
     point #  20  energy = -21.475
     point #  40  energy =  -5.440
New Fermi level:    mu=  -5.434 eV  Charge distance=  0.0028 (partial c.d.=  0.0059)
SCF ITERATION NUMBER  9
     point #   1  energy = -32.500
     point #  20  energy = -21.473
     point #  40  energy =  -5.434
New Fermi level:    mu=  -5.430 eV  Charge distance=  0.0028 (partial c.d.=  0.0006)
SCF ITERATION NUMBER 10
     point #   1  energy = -32.500
     point #  20  energy = -21.471
     point #  40  energy =  -5.430
New Fermi level:    mu=  -5.425 eV  Charge distance=  0.0000 (partial c.d.=  0.0007)
SCF ITERATION NUMBER 11
     point #   1  energy = -32.500
     point #  20  energy = -21.470
     point #  40  energy =  -5.425
New Fermi level:    mu=  -5.425 eV  Charge distance=  0.0001 (partial c.d.=  0.0001)
Electronic configuration
  type     l     N_el
     0     0    0.538
     0     1    0.633
     0     2    9.622
     0     3    0.000
     1     0    0.539
     1     1    0.629
     1     2    9.624
     1     3    0.000
     2     0    1.943
     2     1    2.350
     2     2    0.784
     2     3    0.000
     3     0    1.192
     3     1    2.068
     3     2    1.025
     3     3    0.000
     4     0    1.839
     4     1    4.389
     4     2    0.092
     4     3    0.000
Charge transfer:  type  charge
       0   -0.207
       1   -0.208
       2   -0.923
       3   -0.715
       4    0.320
Convergence reached in   11 iterations.
Done with module: potentials.

Calculating screened core-hole potential ...
FMS for a cluster of   19 atoms around iph =   0
    0% of energy integration
   20%
   40%
   60%
   80%
  100%
Preparing response function.
Computing (1 - K Chi0)^-1 v_ch
Done with module: screened core-hole potential.

Calculating cross-section and phases ...
    absorption cross section
 x0,dx,rnrm,inrm,jnrm   8.80000000000000       5.000000000000000E-002
   2.57314899699998              195         196
    phase shifts for unique potential    0
    phase shifts for unique potential    1
    phase shifts for unique potential    2
    phase shifts for unique potential    3
    phase shifts for unique potential    4
Done with module: cross-section and phases (XSPH).

FMS calculation of full Green's function ...
FEFF-serial using 1 thread.
Using   194 energy points.
xprep done
FMS for a cluster of  229 atoms
Energy point    1/ 194
Energy point   10/ 194
Energy point   20/ 194
Energy point   30/ 194
Energy point   40/ 194
Energy point   50/ 194
Energy point   60/ 194
Energy point   70/ 194
Energy point   80/ 194
Energy point   90/ 194
Energy point  100/ 194
Energy point  110/ 194
Energy point  120/ 194
Energy point  130/ 194
Energy point  140/ 194
Energy point  150/ 194
Energy point  160/ 194
Energy point  170/ 194
Energy point  180/ 194
Energy point  190/ 194
Done with module: FMS.

MKGTR: Tracing over Green's function ...
Done with module: MKGTR.

Pathfinder: finding scattering paths...
Preparing plane wave scattering amplitudes
Searching for paths
Eliminating path degeneracies
0 paths retained.
Done with module: pathfinder.

Calculating EXAFS parameters ...
Done with module: EXAFS parameters (GENFMT).

Calculating XAS spectra ...
Done with module: XAS spectra (FF2X: DW + final sum over paths).

 
### feff ends at Mon Aug 14 07:46:42 EDT 2023
 
