### feff starts at Mon Aug 14 06:40:38 EDT 2023
### Serial version
### FeffPath is /sdcc/u/mcarbone/software/JFEFF/hsw/feff90/linux
 
Launching FEFF version FEFF 9.9.1
Core hole lifetime is   1.729 eV.
Your calculation:
 comment: None given
 Source:
 Structure Summary:  Cu12 H16 Se4 O32
 Reduced formula:  Cu3H4SeO8
 space group: (P1), space number:  (1)
 abc:  7.740164   6.726102  15.015681
 angles: 91.360580  90.069685  87.287918
 sites: 64
Cu K edge XANES using RPA corehole.
Using:     * Self-Consistent Field potentials
Using cards:   ATOMS CONTROL EXCHANGE TITLE RPATH POTENTIALS XANES EDGE SCF FMS S02 COREHOLE EGRID

Calculating atomic potentials ...
    overlapped atomic potential and density for unique potential    0
    overlapped atomic potential and density for unique potential    1
    overlapped atomic potential and density for unique potential    2
    overlapped atomic potential and density for unique potential    3
    overlapped atomic potential and density for unique potential    4
Done with module: atomic potentials.

Calculating SCF potentials ...
FEFF-serial using 1 thread.
Muffin tin radii and interstitial parameters [bohr]:
type, norman radius, muffin tin, overlap factor
    0  1.34333E+00  1.18863E+00  1.15000E+00
    1  1.31973E+00  1.16683E+00  1.15000E+00
    2  7.39578E-01  5.80478E-01  1.15000E+00
    3  1.33528E+00  1.09526E+00  1.15000E+00
    4  1.10015E+00  9.59833E-01  1.15000E+00
Core-valence separation energy:  ecv=   -40.000 eV
Initial Fermi level:              mu=     3.738 eV
SCF ITERATION NUMBER  1
     point #   1  energy = -40.000
FMS for a cluster of  119 atoms around atom type   0
FMS for a cluster of  116 atoms around atom type   1
FMS for a cluster of  109 atoms around atom type   2
FMS for a cluster of  107 atoms around atom type   3
FMS for a cluster of  118 atoms around atom type   4
     point #  20  energy = -28.825
     point #  40  energy =  -8.575
     point #  60  energy =  -3.069
     point #  80  energy =  -3.244
New Fermi level:    mu=  -3.261 eV  Charge distance=  0.5448 (partial c.d.=  7.1674)
negative density   2   -5.458 - usually harmless precision error, but check DOS if it persists
negative density   2  -19.723 - usually harmless precision error, but check DOS if it persists
negative density   2   -8.541 - usually harmless precision error, but check DOS if it persists
negative density   2   -2.110 - usually harmless precision error, but check DOS if it persists
SCF ITERATION NUMBER  1
     point #   1  energy = -40.000
FMS for a cluster of  119 atoms around atom type   0
FMS for a cluster of  116 atoms around atom type   1
FMS for a cluster of  109 atoms around atom type   2
FMS for a cluster of  107 atoms around atom type   3
FMS for a cluster of  118 atoms around atom type   4
     point #  20  energy = -28.774
     point #  40  energy =  -8.364
     point #  60  energy =  -3.261
     point #  80  energy =  -5.086
     point # 100  energy =  -6.983
New Fermi level:    mu=  -6.955 eV  Charge distance=  0.2411 (partial c.d.=  3.1479)
negative density   2  -30.597 - usually harmless precision error, but check DOS if it persists
negative density   2  -36.542 - usually harmless precision error, but check DOS if it persists
negative density   2  -16.997 - usually harmless precision error, but check DOS if it persists
negative density   2   -6.266 - usually harmless precision error, but check DOS if it persists
negative density   2   -0.976 - usually harmless precision error, but check DOS if it persists
SCF ITERATION NUMBER  1
     point #   1  energy = -40.000
FMS for a cluster of  119 atoms around atom type   0
FMS for a cluster of  116 atoms around atom type   1
FMS for a cluster of  109 atoms around atom type   2
FMS for a cluster of  107 atoms around atom type   3
FMS for a cluster of  118 atoms around atom type   4
     point #  20  energy = -28.985
     point #  40  energy =  -8.958
     point #  60  energy =  -6.942
     point #  80  energy =  -6.733
New Fermi level:    mu=  -6.770 eV  Charge distance=  0.1765 (partial c.d.=  0.5394)
negative density   2  -50.175 - usually harmless precision error, but check DOS if it persists
negative density   2  -50.043 - usually harmless precision error, but check DOS if it persists
negative density   2  -23.813 - usually harmless precision error, but check DOS if it persists
negative density   2   -9.628 - usually harmless precision error, but check DOS if it persists
negative density   2   -2.644 - usually harmless precision error, but check DOS if it persists
SCF ITERATION NUMBER  2
     point #   1  energy = -40.000
     point #  20  energy = -28.923
     point #  40  energy =  -8.784
     point #  60  energy =  -6.758
     point #  80  energy =  -6.548
New Fermi level:    mu=  -6.591 eV  Charge distance=  0.4947 (partial c.d.=  0.1305)
negative density   2 -116.325 - usually harmless precision error, but check DOS if it persists
negative density   2  -97.024 - usually harmless precision error, but check DOS if it persists
negative density   2  -47.578 - usually harmless precision error, but check DOS if it persists
negative density   2  -21.340 - usually harmless precision error, but check DOS if it persists
negative density   2   -8.442 - usually harmless precision error, but check DOS if it persists
negative density   2   -2.215 - usually harmless precision error, but check DOS if it persists
SCF ITERATION NUMBER  3
     point #   1  energy = -40.000
     point #  20  energy = -28.864
     point #  40  energy =  -8.616
     point #  60  energy =  -6.604
New Fermi level:    mu=  -6.833 eV  Charge distance=  0.0783 (partial c.d.=  0.2071)
negative density   2 -138.550 - usually harmless precision error, but check DOS if it persists
negative density   2 -111.170 - usually harmless precision error, but check DOS if it persists
negative density   2  -54.669 - usually harmless precision error, but check DOS if it persists
negative density   2  -24.825 - usually harmless precision error, but check DOS if it persists
negative density   2  -10.157 - usually harmless precision error, but check DOS if it persists
negative density   2   -3.073 - usually harmless precision error, but check DOS if it persists
SCF ITERATION NUMBER  4
     point #   1  energy = -40.000
     point #  20  energy = -28.944
     point #  40  energy =  -8.843
     point #  60  energy =  -6.821
     point #  80  energy =  -6.652
New Fermi level:    mu=  -6.689 eV  Charge distance=  0.0687 (partial c.d.=  0.2334)
negative density   2 -135.566 - usually harmless precision error, but check DOS if it persists
negative density   2 -108.416 - usually harmless precision error, but check DOS if it persists
negative density   2  -53.254 - usually harmless precision error, but check DOS if it persists
negative density   2  -24.125 - usually harmless precision error, but check DOS if it persists
negative density   2   -9.808 - usually harmless precision error, but check DOS if it persists
negative density   2   -2.892 - usually harmless precision error, but check DOS if it persists
SCF ITERATION NUMBER  5
     point #   1  energy = -40.000
     point #  20  energy = -28.896
     point #  40  energy =  -8.708
     point #  60  energy =  -6.714
New Fermi level:    mu=  -6.807 eV  Charge distance=  0.0189 (partial c.d.=  0.0937)
negative density   2 -138.508 - usually harmless precision error, but check DOS if it persists
negative density   2 -109.482 - usually harmless precision error, but check DOS if it persists
negative density   2  -53.757 - usually harmless precision error, but check DOS if it persists
negative density   2  -24.370 - usually harmless precision error, but check DOS if it persists
negative density   2   -9.927 - usually harmless precision error, but check DOS if it persists
negative density   2   -2.949 - usually harmless precision error, but check DOS if it persists
SCF ITERATION NUMBER  6
     point #   1  energy = -40.000
     point #  20  energy = -28.936
     point #  40  energy =  -8.819
New Fermi level:    mu=  -6.802 eV  Charge distance=  0.0173 (partial c.d.=  0.0431)
negative density   2 -141.831 - usually harmless precision error, but check DOS if it persists
negative density   2 -110.523 - usually harmless precision error, but check DOS if it persists
negative density   2  -54.237 - usually harmless precision error, but check DOS if it persists
negative density   2  -24.605 - usually harmless precision error, but check DOS if it persists
negative density   2  -10.041 - usually harmless precision error, but check DOS if it persists
negative density   2   -3.003 - usually harmless precision error, but check DOS if it persists
SCF ITERATION NUMBER  7
     point #   1  energy = -40.000
     point #  20  energy = -28.934
     point #  40  energy =  -8.814
New Fermi level:    mu=  -6.800 eV  Charge distance=  0.0087 (partial c.d.=  0.0425)
negative density   2 -143.605 - usually harmless precision error, but check DOS if it persists
negative density   2 -110.907 - usually harmless precision error, but check DOS if it persists
negative density   2  -54.400 - usually harmless precision error, but check DOS if it persists
negative density   2  -24.684 - usually harmless precision error, but check DOS if it persists
negative density   2  -10.079 - usually harmless precision error, but check DOS if it persists
negative density   2   -3.020 - usually harmless precision error, but check DOS if it persists
SCF ITERATION NUMBER  8
     point #   1  energy = -40.000
     point #  20  energy = -28.933
     point #  40  energy =  -8.812
     point #  60  energy =  -6.775
New Fermi level:    mu=  -6.787 eV  Charge distance=  0.0007 (partial c.d.=  0.0381)
negative density   2 -144.333 - usually harmless precision error, but check DOS if it persists
negative density   2 -111.073 - usually harmless precision error, but check DOS if it persists
negative density   2  -54.472 - usually harmless precision error, but check DOS if it persists
negative density   2  -24.719 - usually harmless precision error, but check DOS if it persists
negative density   2  -10.096 - usually harmless precision error, but check DOS if it persists
negative density   2   -3.028 - usually harmless precision error, but check DOS if it persists
SCF ITERATION NUMBER  9
     point #   1  energy = -40.000
     point #  20  energy = -28.929
     point #  40  energy =  -8.800
New Fermi level:    mu=  -6.782 eV  Charge distance=  0.0020 (partial c.d.=  0.0064)
negative density   2 -145.988 - usually harmless precision error, but check DOS if it persists
negative density   2 -111.486 - usually harmless precision error, but check DOS if it persists
negative density   2  -54.654 - usually harmless precision error, but check DOS if it persists
negative density   2  -24.807 - usually harmless precision error, but check DOS if it persists
negative density   2  -10.138 - usually harmless precision error, but check DOS if it persists
negative density   2   -3.048 - usually harmless precision error, but check DOS if it persists
SCF ITERATION NUMBER 10
     point #   1  energy = -40.000
     point #  20  energy = -28.927
     point #  40  energy =  -8.795
New Fermi level:    mu=  -6.773 eV  Charge distance=  0.0004 (partial c.d.=  0.0039)
negative density   2 -146.758 - usually harmless precision error, but check DOS if it persists
negative density   2 -111.722 - usually harmless precision error, but check DOS if it persists
negative density   2  -54.763 - usually harmless precision error, but check DOS if it persists
negative density   2  -24.860 - usually harmless precision error, but check DOS if it persists
negative density   2  -10.164 - usually harmless precision error, but check DOS if it persists
negative density   2   -3.059 - usually harmless precision error, but check DOS if it persists
SCF ITERATION NUMBER 11
     point #   1  energy = -40.000
     point #  20  energy = -28.924
     point #  40  energy =  -8.786
New Fermi level:    mu=  -6.771 eV  Charge distance=  0.0001 (partial c.d.=  0.0011)
negative density   2 -147.046 - usually harmless precision error, but check DOS if it persists
negative density   2 -111.832 - usually harmless precision error, but check DOS if it persists
negative density   2  -54.815 - usually harmless precision error, but check DOS if it persists
negative density   2  -24.886 - usually harmless precision error, but check DOS if it persists
negative density   2  -10.176 - usually harmless precision error, but check DOS if it persists
negative density   2   -3.065 - usually harmless precision error, but check DOS if it persists
SCF ITERATION NUMBER 12
     point #   1  energy = -40.000
     point #  20  energy = -28.924
     point #  40  energy =  -8.785
New Fermi level:    mu=  -6.771 eV  Charge distance=  0.0002 (partial c.d.=  0.0001)
Electronic configuration
  type     l     N_el
     0     0    0.568
     0     1    0.656
     0     2    9.495
     0     3    0.000
     1     0    0.575
     1     1    0.672
     1     2    9.457
     1     3    0.000
     2     0    0.621
     2     1    0.252
     2     2    0.000
     2     3    0.000
     3     0    1.732
     3     1    2.651
     3     2    0.654
     3     3    0.000
     4     0    1.850
     4     1    4.334
     4     2    0.111
     4     3    0.000
Charge transfer:  type  charge
       0   -0.281
       1   -0.297
       2   -0.127
       3   -0.964
       4    0.295
Convergence reached in   12 iterations.
Done with module: potentials.

Calculating screened core-hole potential ...
FMS for a cluster of   22 atoms around iph =   0
    0% of energy integration
   20%
   40%
   60%
   80%
  100%
Preparing response function.
Computing (1 - K Chi0)^-1 v_ch
Done with module: screened core-hole potential.

Calculating cross-section and phases ...
    absorption cross section
 x0,dx,rnrm,inrm,jnrm   8.80000000000000       5.000000000000000E-002
   2.53853109699979              195         196
    phase shifts for unique potential    0
    phase shifts for unique potential    1
    phase shifts for unique potential    2
    phase shifts for unique potential    3
    phase shifts for unique potential    4
Done with module: cross-section and phases (XSPH).

FMS calculation of full Green's function ...
FEFF-serial using 1 thread.
Using   194 energy points.
xprep done
FMS for a cluster of  251 atoms
Energy point    1/ 194
Energy point   10/ 194
Energy point   20/ 194
Energy point   30/ 194
Energy point   40/ 194
Energy point   50/ 194
Energy point   60/ 194
Energy point   70/ 194
Energy point   80/ 194
Energy point   90/ 194
Energy point  100/ 194
Energy point  110/ 194
Energy point  120/ 194
Energy point  130/ 194
Energy point  140/ 194
Energy point  150/ 194
Energy point  160/ 194
Energy point  170/ 194
Energy point  180/ 194
Energy point  190/ 194
Done with module: FMS.

MKGTR: Tracing over Green's function ...
Done with module: MKGTR.

Pathfinder: finding scattering paths...
Preparing plane wave scattering amplitudes
Searching for paths
Eliminating path degeneracies
0 paths retained.
Done with module: pathfinder.

Calculating EXAFS parameters ...
Done with module: EXAFS parameters (GENFMT).

Calculating XAS spectra ...
Done with module: XAS spectra (FF2X: DW + final sum over paths).

 
### feff ends at Mon Aug 14 08:07:41 EDT 2023
 
