### feff starts at Mon Aug 14 01:54:41 EDT 2023
### Serial version
### FeffPath is /sdcc/u/mcarbone/software/JFEFF/hsw/feff90/linux
 
Launching FEFF version FEFF 9.9.1
Core hole lifetime is   1.729 eV.
Your calculation:
 comment: None given
 Source:
 Structure Summary:  K2 Cu3 Ge5 O14
 Reduced formula:  K2Cu3Ge5O14
 space group: (P-1), space number:  (2)
 abc:  6.353908   7.282456   7.976457
 angles: 80.930165  70.902559  79.373157
 sites: 24
Cu K edge XANES using RPA corehole.
Using:     * Self-Consistent Field potentials
Using cards:   ATOMS CONTROL EXCHANGE TITLE RPATH POTENTIALS XANES EDGE SCF FMS S02 COREHOLE EGRID

Calculating atomic potentials ...
    overlapped atomic potential and density for unique potential    0
    overlapped atomic potential and density for unique potential    1
    overlapped atomic potential and density for unique potential    2
    overlapped atomic potential and density for unique potential    3
    overlapped atomic potential and density for unique potential    4
Done with module: atomic potentials.

Calculating SCF potentials ...
FEFF-serial using 1 thread.
Muffin tin radii and interstitial parameters [bohr]:
type, norman radius, muffin tin, overlap factor
    0  1.32265E+00  1.23525E+00  1.15000E+00
    1  1.99531E+00  1.94052E+00  1.07053E+00
    2  1.32851E+00  1.24599E+00  1.15000E+00
    3  1.35828E+00  1.23985E+00  1.15000E+00
    4  1.08207E+00  9.51629E-01  1.15000E+00
Core-valence separation energy:  ecv=   -41.500 eV
Initial Fermi level:              mu=     2.875 eV
SCF ITERATION NUMBER  1
     point #   1  energy = -41.500
FMS for a cluster of  103 atoms around atom type   0
FMS for a cluster of   91 atoms around atom type   1
FMS for a cluster of   94 atoms around atom type   2
FMS for a cluster of   94 atoms around atom type   3
FMS for a cluster of  102 atoms around atom type   4
     point #  20  energy = -30.394
     point #  40  energy = -10.144
     point #  60  energy =  -4.654
     point #  80  energy =  -4.204
New Fermi level:    mu=  -4.198 eV  Charge distance=  0.9547 (partial c.d.= 10.6591)
SCF ITERATION NUMBER  1
     point #   1  energy = -41.500
FMS for a cluster of  103 atoms around atom type   0
FMS for a cluster of   91 atoms around atom type   1
FMS for a cluster of   94 atoms around atom type   2
FMS for a cluster of   94 atoms around atom type   3
FMS for a cluster of  102 atoms around atom type   4
     point #  20  energy = -30.410
     point #  40  energy = -10.247
     point #  60  energy =  -4.198
     point #  80  energy =  -5.845
     point # 100  energy =  -7.554
     point # 120  energy =  -7.151
New Fermi level:    mu=  -7.045 eV  Charge distance=  0.3036 (partial c.d.=  5.1000)
SCF ITERATION NUMBER  1
     point #   1  energy = -41.500
FMS for a cluster of  103 atoms around atom type   0
FMS for a cluster of   91 atoms around atom type   1
FMS for a cluster of   94 atoms around atom type   2
FMS for a cluster of   94 atoms around atom type   3
FMS for a cluster of  102 atoms around atom type   4
     point #  20  energy = -30.353
     point #  40  energy = -10.086
     point #  60  energy =  -7.058
     point #  80  energy =  -7.280
New Fermi level:    mu=  -7.245 eV  Charge distance=  0.1606 (partial c.d.=  0.2305)
SCF ITERATION NUMBER  2
     point #   1  energy = -41.500
     point #  20  energy = -30.417
     point #  40  energy = -10.267
     point #  60  energy =  -7.232
     point #  80  energy =  -6.698
New Fermi level:    mu=  -6.779 eV  Charge distance=  0.1947 (partial c.d.=  0.3567)
SCF ITERATION NUMBER  3
     point #   1  energy = -41.500
     point #  20  energy = -30.267
     point #  40  energy =  -9.842
     point #  60  energy =  -6.766
     point #  80  energy =  -6.422
New Fermi level:    mu=  -6.447 eV  Charge distance=  0.0749 (partial c.d.=  0.4600)
SCF ITERATION NUMBER  4
     point #   1  energy = -41.500
     point #  20  energy = -30.483
     point #  40  energy = -10.453
     point #  60  energy =  -6.447
     point #  80  energy =  -6.847
New Fermi level:    mu=  -6.843 eV  Charge distance=  0.0899 (partial c.d.=  0.6509)
SCF ITERATION NUMBER  5
     point #   1  energy = -41.500
     point #  20  energy = -30.288
     point #  40  energy =  -9.901
     point #  60  energy =  -6.831
New Fermi level:    mu=  -6.762 eV  Charge distance=  0.0249 (partial c.d.=  0.3218)
SCF ITERATION NUMBER  6
     point #   1  energy = -41.500
     point #  20  energy = -30.261
     point #  40  energy =  -9.827
     point #  60  energy =  -6.774
New Fermi level:    mu=  -6.826 eV  Charge distance=  0.0063 (partial c.d.=  0.0402)
SCF ITERATION NUMBER  7
     point #   1  energy = -41.500
     point #  20  energy = -30.282
     point #  40  energy =  -9.886
     point #  60  energy =  -6.814
New Fermi level:    mu=  -6.824 eV  Charge distance=  0.0108 (partial c.d.=  0.0098)
SCF ITERATION NUMBER  8
     point #   1  energy = -41.500
     point #  20  energy = -30.281
     point #  40  energy =  -9.884
     point #  60  energy =  -6.837
New Fermi level:    mu=  -6.828 eV  Charge distance=  0.0059 (partial c.d.=  0.0045)
SCF ITERATION NUMBER  9
     point #   1  energy = -41.500
     point #  20  energy = -30.283
     point #  40  energy =  -9.887
     point #  60  energy =  -6.815
New Fermi level:    mu=  -6.820 eV  Charge distance=  0.0005 (partial c.d.=  0.0017)
SCF ITERATION NUMBER 10
     point #   1  energy = -41.500
     point #  20  energy = -30.280
     point #  40  energy =  -9.880
     point #  60  energy =  -6.808
New Fermi level:    mu=  -6.815 eV  Charge distance=  0.0006 (partial c.d.=  0.0006)
SCF ITERATION NUMBER 11
     point #   1  energy = -41.500
     point #  20  energy = -30.278
     point #  40  energy =  -9.875
     point #  60  energy =  -6.802
New Fermi level:    mu=  -6.813 eV  Charge distance=  0.0001 (partial c.d.=  0.0009)
SCF ITERATION NUMBER 12
     point #   1  energy = -41.500
     point #  20  energy = -30.278
     point #  40  energy =  -9.873
     point #  60  energy =  -6.800
New Fermi level:    mu=  -6.813 eV  Charge distance=  0.0001 (partial c.d.=  0.0005)
SCF ITERATION NUMBER 13
     point #   1  energy = -41.500
     point #  20  energy = -30.278
     point #  40  energy =  -9.873
     point #  60  energy =  -6.825
New Fermi level:    mu=  -6.813 eV  Charge distance=  0.0001 (partial c.d.=  0.0003)
SCF ITERATION NUMBER 14
     point #   1  energy = -41.500
     point #  20  energy = -30.278
     point #  40  energy =  -9.874
     point #  60  energy =  -6.800
New Fermi level:    mu=  -6.813 eV  Charge distance=  0.0000 (partial c.d.=  0.0002)
Electronic configuration
  type     l     N_el
     0     0    0.491
     0     1    0.588
     0     2    9.561
     0     3    0.000
     1     0    2.214
     1     1    6.255
     1     2    0.355
     1     3    0.000
     2     0    0.498
     2     1    0.578
     2     2    9.586
     2     3    0.000
     3     0    1.177
     3     1    1.547
     3     2   10.678
     3     3    0.000
     4     0    1.865
     4     1    4.356
     4     2    0.091
     4     3    0.000
Charge transfer:  type  charge
       0   -0.360
       1   -0.176
       2   -0.339
       3   -0.598
       4    0.312
Convergence reached in   14 iterations.
Done with module: potentials.

Calculating screened core-hole potential ...
FMS for a cluster of   21 atoms around iph =   0
    0% of energy integration
   20%
   40%
   60%
   80%
  100%
Preparing response function.
Computing (1 - K Chi0)^-1 v_ch
Done with module: screened core-hole potential.

Calculating cross-section and phases ...
    absorption cross section
 x0,dx,rnrm,inrm,jnrm   8.80000000000000       5.000000000000000E-002
   2.49944205199992              195         196
    phase shifts for unique potential    0
    phase shifts for unique potential    1
    phase shifts for unique potential    2
    phase shifts for unique potential    3
    phase shifts for unique potential    4
Done with module: cross-section and phases (XSPH).

FMS calculation of full Green's function ...
FEFF-serial using 1 thread.
Using   194 energy points.
xprep done
FMS for a cluster of  214 atoms
Energy point    1/ 194
Energy point   10/ 194
Energy point   20/ 194
Energy point   30/ 194
Energy point   40/ 194
Energy point   50/ 194
Energy point   60/ 194
Energy point   70/ 194
Energy point   80/ 194
Energy point   90/ 194
Energy point  100/ 194
Energy point  110/ 194
Energy point  120/ 194
Energy point  130/ 194
Energy point  140/ 194
Energy point  150/ 194
Energy point  160/ 194
Energy point  170/ 194
Energy point  180/ 194
Energy point  190/ 194
Done with module: FMS.

MKGTR: Tracing over Green's function ...
Done with module: MKGTR.

Pathfinder: finding scattering paths...
Preparing plane wave scattering amplitudes
Searching for paths
Eliminating path degeneracies
0 paths retained.
Done with module: pathfinder.

Calculating EXAFS parameters ...
Done with module: EXAFS parameters (GENFMT).

Calculating XAS spectra ...
Done with module: XAS spectra (FF2X: DW + final sum over paths).

 
### feff ends at Mon Aug 14 03:14:00 EDT 2023
 
