### feff starts at Sun Aug 13 20:21:22 EDT 2023
### Serial version
### FeffPath is /sdcc/u/mcarbone/software/JFEFF/hsw/feff90/linux
 
Launching FEFF version FEFF 9.9.1
Core hole lifetime is   1.729 eV.
Your calculation:
 comment: None given
 Source:
 Structure Summary:  Cu8 O12
 Reduced formula:  Cu2O3
 space group: (P2_1/c), space number:  (14)
 abc:  3.599526   7.757067  10.419927
 angles: 67.903451  90.000000  90.000000
 sites: 20
Cu K edge XANES using RPA corehole.
Using:     * Self-Consistent Field potentials
Using cards:   ATOMS CONTROL EXCHANGE TITLE RPATH POTENTIALS XANES EDGE SCF FMS S02 COREHOLE EGRID

Calculating atomic potentials ...
    overlapped atomic potential and density for unique potential    0
    overlapped atomic potential and density for unique potential    1
    overlapped atomic potential and density for unique potential    2
Done with module: atomic potentials.

Calculating SCF potentials ...
FEFF-serial using 1 thread.
Muffin tin radii and interstitial parameters [bohr]:
type, norman radius, muffin tin, overlap factor
    0  1.26457E+00  1.12417E+00  1.15000E+00
    1  1.26457E+00  1.12417E+00  1.15000E+00
    2  1.12420E+00  9.97555E-01  1.15000E+00
Core-valence separation energy:  ecv=   -40.000 eV
Initial Fermi level:              mu=     2.892 eV
SCF ITERATION NUMBER  1
     point #   1  energy = -40.000
FMS for a cluster of  101 atoms around atom type   0
FMS for a cluster of   98 atoms around atom type   1
FMS for a cluster of  102 atoms around atom type   2
     point #  20  energy = -28.793
     point #  40  energy =  -8.543
     point #  60  energy =  -1.727
     point #  80  energy =  -2.127
New Fermi level:    mu=  -2.126 eV  Charge distance=  0.3836 (partial c.d.=  7.7879)
SCF ITERATION NUMBER  1
     point #   1  energy = -40.000
FMS for a cluster of  101 atoms around atom type   0
FMS for a cluster of   98 atoms around atom type   1
FMS for a cluster of  102 atoms around atom type   2
     point #  20  energy = -28.740
     point #  40  energy =  -8.268
     point #  60  energy =  -2.126
     point #  80  energy =  -3.326
     point # 100  energy =  -6.883
New Fermi level:    mu=  -7.135 eV  Charge distance=  0.0529 (partial c.d.=  1.8181)
SCF ITERATION NUMBER  1
     point #   1  energy = -40.000
FMS for a cluster of  101 atoms around atom type   0
FMS for a cluster of   98 atoms around atom type   1
FMS for a cluster of  102 atoms around atom type   2
     point #  20  energy = -28.703
     point #  40  energy =  -8.162
     point #  60  energy =  -7.095
     point #  80  energy =  -6.329
New Fermi level:    mu=  -6.410 eV  Charge distance=  0.0527 (partial c.d.=  0.4236)
SCF ITERATION NUMBER  2
     point #   1  energy = -40.000
     point #  20  energy = -28.803
     point #  40  energy =  -8.445
     point #  60  energy =  -6.422
New Fermi level:    mu=  -6.694 eV  Charge distance=  0.0888 (partial c.d.=  0.1107)
SCF ITERATION NUMBER  3
     point #   1  energy = -40.000
     point #  20  energy = -28.898
     point #  40  energy =  -8.712
     point #  60  energy =  -6.719
New Fermi level:    mu=  -6.749 eV  Charge distance=  0.0526 (partial c.d.=  0.1765)
SCF ITERATION NUMBER  4
     point #   1  energy = -40.000
     point #  20  energy = -28.916
     point #  40  energy =  -8.765
     point #  60  energy =  -6.762
New Fermi level:    mu=  -7.023 eV  Charge distance=  0.0237 (partial c.d.=  0.2863)
SCF ITERATION NUMBER  5
     point #   1  energy = -40.000
     point #  20  energy = -29.008
     point #  40  energy =  -9.021
     point #  60  energy =  -6.998
New Fermi level:    mu=  -6.974 eV  Charge distance=  0.0040 (partial c.d.=  0.1473)
SCF ITERATION NUMBER  6
     point #   1  energy = -40.000
     point #  20  energy = -28.991
     point #  40  energy =  -8.975
New Fermi level:    mu=  -6.963 eV  Charge distance=  0.0039 (partial c.d.=  0.0577)
SCF ITERATION NUMBER  7
     point #   1  energy = -40.000
     point #  20  energy = -28.988
     point #  40  energy =  -8.965
New Fermi level:    mu=  -6.957 eV  Charge distance=  0.0058 (partial c.d.=  0.0177)
SCF ITERATION NUMBER  8
     point #   1  energy = -40.000
     point #  20  energy = -28.986
     point #  40  energy =  -8.960
     point #  60  energy =  -6.932
New Fermi level:    mu=  -6.941 eV  Charge distance=  0.0027 (partial c.d.=  0.0084)
SCF ITERATION NUMBER  9
     point #   1  energy = -40.000
     point #  20  energy = -28.980
     point #  40  energy =  -8.945
New Fermi level:    mu=  -6.931 eV  Charge distance=  0.0000 (partial c.d.=  0.0035)
SCF ITERATION NUMBER 10
     point #   1  energy = -40.000
     point #  20  energy = -28.977
     point #  40  energy =  -8.935
New Fermi level:    mu=  -6.929 eV  Charge distance=  0.0002 (partial c.d.=  0.0008)
SCF ITERATION NUMBER 11
     point #   1  energy = -40.000
     point #  20  energy = -28.976
     point #  40  energy =  -8.933
New Fermi level:    mu=  -6.928 eV  Charge distance=  0.0000 (partial c.d.=  0.0007)
SCF ITERATION NUMBER 12
     point #   1  energy = -40.000
     point #  20  energy = -28.976
     point #  40  energy =  -8.932
New Fermi level:    mu=  -6.927 eV  Charge distance=  0.0000 (partial c.d.=  0.0001)
Electronic configuration
  type     l     N_el
     0     0    0.555
     0     1    0.680
     0     2    9.282
     0     3    0.000
     1     0    0.555
     1     1    0.680
     1     2    9.282
     1     3    0.000
     2     0    1.881
     2     1    4.354
     2     2    0.088
     2     3    0.000
Charge transfer:  type  charge
       0   -0.482
       1   -0.483
       2    0.322
Convergence reached in   12 iterations.
Done with module: potentials.

Calculating screened core-hole potential ...
FMS for a cluster of   20 atoms around iph =   0
    0% of energy integration
   20%
   40%
   60%
   80%
  100%
Preparing response function.
Computing (1 - K Chi0)^-1 v_ch
Done with module: screened core-hole potential.

Calculating cross-section and phases ...
    absorption cross section
 x0,dx,rnrm,inrm,jnrm   8.80000000000000       5.000000000000000E-002
   2.38968303200000              194         195
    phase shifts for unique potential    0
    phase shifts for unique potential    1
    phase shifts for unique potential    2
Done with module: cross-section and phases (XSPH).

FMS calculation of full Green's function ...
FEFF-serial using 1 thread.
Using   194 energy points.
xprep done
FMS for a cluster of  226 atoms
Energy point    1/ 194
Energy point   10/ 194
Energy point   20/ 194
Energy point   30/ 194
Energy point   40/ 194
Energy point   50/ 194
Energy point   60/ 194
Energy point   70/ 194
Energy point   80/ 194
Energy point   90/ 194
Energy point  100/ 194
Energy point  110/ 194
Energy point  120/ 194
Energy point  130/ 194
Energy point  140/ 194
Energy point  150/ 194
Energy point  160/ 194
Energy point  170/ 194
Energy point  180/ 194
Energy point  190/ 194
Done with module: FMS.

MKGTR: Tracing over Green's function ...
Done with module: MKGTR.

Pathfinder: finding scattering paths...
Preparing plane wave scattering amplitudes
Searching for paths
Eliminating path degeneracies
0 paths retained.
Done with module: pathfinder.

Calculating EXAFS parameters ...
Done with module: EXAFS parameters (GENFMT).

Calculating XAS spectra ...
Done with module: XAS spectra (FF2X: DW + final sum over paths).

 
### feff ends at Sun Aug 13 21:25:38 EDT 2023
 
