### feff starts at Sun Aug 13 09:26:11 EDT 2023
### Serial version
### FeffPath is /sdcc/u/mcarbone/software/JFEFF/hsw/feff90/linux
 
Launching FEFF version FEFF 9.9.1
Core hole lifetime is   1.729 eV.
Your calculation:
 comment: None given
 Source:
 Structure Summary:  Li1 Mn5 Cu2 O12
 Reduced formula:  LiMn5(CuO6)2
 space group: (C2), space number:  (5)
 abc:  5.102851   5.102851   9.644783
 angles: 86.198878  93.801123  63.721303
 sites: 20
Cu K edge XANES using RPA corehole.
Using:     * Self-Consistent Field potentials
Using cards:   ATOMS CONTROL EXCHANGE TITLE RPATH POTENTIALS XANES EDGE SCF FMS S02 COREHOLE EGRID

Calculating atomic potentials ...
    overlapped atomic potential and density for unique potential    0
    overlapped atomic potential and density for unique potential    1
    overlapped atomic potential and density for unique potential    2
    overlapped atomic potential and density for unique potential    3
    overlapped atomic potential and density for unique potential    4
Done with module: atomic potentials.

Calculating SCF potentials ...
FEFF-serial using 1 thread.
Muffin tin radii and interstitial parameters [bohr]:
type, norman radius, muffin tin, overlap factor
    0  1.29327E+00  1.22171E+00  1.15000E+00
    1  1.30712E+00  1.25837E+00  1.09938E+00
    2  1.37143E+00  1.26230E+00  1.15000E+00
    3  1.29367E+00  1.22189E+00  1.15000E+00
    4  1.09608E+00  1.02758E+00  1.15000E+00
Core-valence separation energy:  ecv=   -40.000 eV
Initial Fermi level:              mu=    -0.019 eV
SCF ITERATION NUMBER  1
     point #   1  energy = -40.000
FMS for a cluster of  135 atoms around atom type   0
FMS for a cluster of  103 atoms around atom type   1
FMS for a cluster of  127 atoms around atom type   2
FMS for a cluster of   99 atoms around atom type   3
FMS for a cluster of  133 atoms around atom type   4
     point #  20  energy = -28.761
     point #  40  energy =  -9.524
     point #  60  energy =  -8.864
     point #  80  energy =  -8.424
 Found bad counts.
  Occupation number in getorb is    10.000
  Will repeat this iteration.
 Found bad counts.
  Occupation number in getorb is    10.000
  Will repeat this iteration.
New Fermi level:    mu=  -8.420 eV  Charge distance=  1.8946 (partial c.d.=  7.7415)
negative density   1  -20.462 - usually harmless precision error, but check DOS if it persists
SCF ITERATION NUMBER  1
     point #   1  energy = -40.000
FMS for a cluster of  135 atoms around atom type   0
FMS for a cluster of  103 atoms around atom type   1
FMS for a cluster of  127 atoms around atom type   2
FMS for a cluster of   99 atoms around atom type   3
FMS for a cluster of  133 atoms around atom type   4
     point #  20  energy = -28.794
     point #  40  energy =  -8.420
     point #  60  energy =  -8.379
     point #  80  energy =  -6.529
New Fermi level:    mu=  -6.363 eV  Charge distance=  0.7720 (partial c.d.=  9.6958)
negative density   1 -248.168 - usually harmless precision error, but check DOS if it persists
SCF ITERATION NUMBER  1
     point #   1  energy = -40.000
FMS for a cluster of  135 atoms around atom type   0
FMS for a cluster of  103 atoms around atom type   1
FMS for a cluster of  127 atoms around atom type   2
FMS for a cluster of   99 atoms around atom type   3
FMS for a cluster of  133 atoms around atom type   4
     point #  20  energy = -28.788
     point #  40  energy =  -8.402
     point #  60  energy =  -6.376
     point #  80  energy =  -8.391
     point # 100  energy = -11.826
New Fermi level:    mu= -11.910 eV  Charge distance=  0.2751 (partial c.d.=  3.5453)
negative density   1 -266.808 - usually harmless precision error, but check DOS if it persists
SCF ITERATION NUMBER  2
     point #   1  energy = -40.000
     point #  20  energy = -28.965
     point #  40  energy = -11.910
     point #  60  energy = -11.741
     point #  80  energy =  -9.397
New Fermi level:    mu=  -9.379 eV  Charge distance=  0.3291 (partial c.d.=  2.0092)
negative density   1 -404.886 - usually harmless precision error, but check DOS if it persists
negative density   1   -7.788 - usually harmless precision error, but check DOS if it persists
SCF ITERATION NUMBER  3
     point #   1  energy = -40.000
     point #  20  energy = -28.772
     point #  40  energy =  -9.379
     point #  60  energy =  -9.470
     point #  80  energy = -10.689
New Fermi level:    mu= -10.551 eV  Charge distance=  0.2134 (partial c.d.=  7.7417)
negative density   1 -415.309 - usually harmless precision error, but check DOS if it persists
negative density   1  -11.335 - usually harmless precision error, but check DOS if it persists
SCF ITERATION NUMBER  4
     point #   1  energy = -40.000
     point #  20  energy = -28.830
     point #  40  energy = -10.551
     point #  60  energy = -10.642
     point #  80  energy = -11.533
New Fermi level:    mu= -11.527 eV  Charge distance=  0.1222 (partial c.d.=  6.9161)
negative density   1 -479.235 - usually harmless precision error, but check DOS if it persists
negative density   1  -34.006 - usually harmless precision error, but check DOS if it persists
SCF ITERATION NUMBER  5
     point #   1  energy = -40.000
     point #  20  energy = -28.814
     point #  40  energy = -11.527
     point #  60  energy = -11.358
     point #  80  energy = -11.064
New Fermi level:    mu= -11.060 eV  Charge distance=  0.0221 (partial c.d.=  1.5867)
negative density   1 -496.710 - usually harmless precision error, but check DOS if it persists
negative density   1  -40.645 - usually harmless precision error, but check DOS if it persists
SCF ITERATION NUMBER  6
     point #   1  energy = -40.000
     point #  20  energy = -29.023
     point #  40  energy = -11.060
     point #  60  energy = -10.985
New Fermi level:    mu= -10.958 eV  Charge distance=  0.0679 (partial c.d.=  0.7596)
negative density   1 -545.380 - usually harmless precision error, but check DOS if it persists
negative density   1  -59.119 - usually harmless precision error, but check DOS if it persists
SCF ITERATION NUMBER  7
     point #   1  energy = -40.000
     point #  20  energy = -28.984
     point #  40  energy = -10.958
New Fermi level:    mu= -10.982 eV  Charge distance=  0.1156 (partial c.d.=  1.3294)
negative density   1 -560.211 - usually harmless precision error, but check DOS if it persists
negative density   1  -65.073 - usually harmless precision error, but check DOS if it persists
SCF ITERATION NUMBER  8
     point #   1  energy = -40.000
     point #  20  energy = -28.993
     point #  40  energy = -10.982
     point #  60  energy = -10.842
New Fermi level:    mu= -10.634 eV  Charge distance=  0.0683 (partial c.d.=  1.9327)
negative density   1 -567.819 - usually harmless precision error, but check DOS if it persists
negative density   1  -68.164 - usually harmless precision error, but check DOS if it persists
SCF ITERATION NUMBER  9
     point #   1  energy = -40.000
     point #  20  energy = -28.861
     point #  40  energy = -10.634
     point #  60  energy = -10.709
New Fermi level:    mu= -10.713 eV  Charge distance=  0.0210 (partial c.d.=  0.9336)
negative density   1 -568.122 - usually harmless precision error, but check DOS if it persists
negative density   1  -68.352 - usually harmless precision error, but check DOS if it persists
SCF ITERATION NUMBER 10
     point #   1  energy = -40.000
     point #  20  energy = -28.891
     point #  40  energy = -10.713
New Fermi level:    mu= -10.697 eV  Charge distance=  0.0051 (partial c.d.=  0.1451)
negative density   1 -568.935 - usually harmless precision error, but check DOS if it persists
negative density   1  -68.639 - usually harmless precision error, but check DOS if it persists
SCF ITERATION NUMBER 11
     point #   1  energy = -40.000
     point #  20  energy = -28.885
     point #  40  energy = -10.697
New Fermi level:    mu= -10.693 eV  Charge distance=  0.0304 (partial c.d.=  0.0315)
negative density   1 -577.433 - usually harmless precision error, but check DOS if it persists
negative density   1  -71.585 - usually harmless precision error, but check DOS if it persists
SCF ITERATION NUMBER 12
     point #   1  energy = -40.000
     point #  20  energy = -28.883
     point #  40  energy = -10.693
New Fermi level:    mu= -10.648 eV  Charge distance=  0.0087 (partial c.d.=  0.1468)
negative density   1 -581.740 - usually harmless precision error, but check DOS if it persists
negative density   1  -72.976 - usually harmless precision error, but check DOS if it persists
SCF ITERATION NUMBER 13
     point #   1  energy = -40.000
     point #  20  energy = -28.866
     point #  40  energy = -10.648
New Fermi level:    mu= -10.642 eV  Charge distance=  0.0026 (partial c.d.=  0.0302)
negative density   1 -583.985 - usually harmless precision error, but check DOS if it persists
negative density   1  -73.649 - usually harmless precision error, but check DOS if it persists
SCF ITERATION NUMBER 14
     point #   1  energy = -40.000
     point #  20  energy = -28.864
     point #  40  energy = -10.642
New Fermi level:    mu= -10.648 eV  Charge distance=  0.0011 (partial c.d.=  0.0055)
negative density   1 -585.925 - usually harmless precision error, but check DOS if it persists
negative density   1  -74.230 - usually harmless precision error, but check DOS if it persists
SCF ITERATION NUMBER 15
     point #   1  energy = -40.000
     point #  20  energy = -28.867
     point #  40  energy = -10.648
New Fermi level:    mu= -10.651 eV  Charge distance=  0.0021 (partial c.d.=  0.0009)
negative density   1 -588.635 - usually harmless precision error, but check DOS if it persists
negative density   1  -75.038 - usually harmless precision error, but check DOS if it persists
SCF ITERATION NUMBER 16
     point #   1  energy = -40.000
     point #  20  energy = -28.868
     point #  40  energy = -10.651
New Fermi level:    mu= -10.655 eV  Charge distance=  0.0005 (partial c.d.=  0.0023)
negative density   1 -588.973 - usually harmless precision error, but check DOS if it persists
negative density   1  -75.133 - usually harmless precision error, but check DOS if it persists
SCF ITERATION NUMBER 17
     point #   1  energy = -40.000
     point #  20  energy = -28.869
     point #  40  energy = -10.655
New Fermi level:    mu= -10.655 eV  Charge distance=  0.0001 (partial c.d.=  0.0012)
negative density   1 -588.837 - usually harmless precision error, but check DOS if it persists
negative density   1  -75.086 - usually harmless precision error, but check DOS if it persists
SCF ITERATION NUMBER 18
     point #   1  energy = -40.000
     point #  20  energy = -28.869
     point #  40  energy = -10.655
New Fermi level:    mu= -10.654 eV  Charge distance=  0.0001 (partial c.d.=  0.0002)
Electronic configuration
  type     l     N_el
     0     0    0.430
     0     1    0.504
     0     2    9.305
     0     3    0.000
     1     0    0.199
     1     1    0.429
     1     2    0.000
     1     3    0.000
     2     0    0.483
     2     1    0.784
     2     2    5.619
     2     3    0.000
     3     0    0.441
     3     1    0.506
     3     2    9.295
     3     3    0.000
     4     0    1.836
     4     1    4.296
     4     2    0.074
     4     3    0.000
Charge transfer:  type  charge
       0   -0.761
       1   -0.372
       2   -0.114
       3   -0.758
       4    0.206
Convergence reached in   18 iterations.
Done with module: potentials.

Calculating screened core-hole potential ...
FMS for a cluster of   23 atoms around iph =   0
    0% of energy integration
   20%
   40%
   60%
   80%
  100%
Preparing response function.
Computing (1 - K Chi0)^-1 v_ch
Done with module: screened core-hole potential.

Calculating cross-section and phases ...
    absorption cross section
 x0,dx,rnrm,inrm,jnrm   8.80000000000000       5.000000000000000E-002
   2.44391951600021              194         195
    phase shifts for unique potential    0
    phase shifts for unique potential    1
    phase shifts for unique potential    2
    phase shifts for unique potential    3
    phase shifts for unique potential    4
Done with module: cross-section and phases (XSPH).

FMS calculation of full Green's function ...
FEFF-serial using 1 thread.
Using   194 energy points.
xprep done
FMS for a cluster of  277 atoms
Energy point    1/ 194
Energy point   10/ 194
Energy point   20/ 194
Energy point   30/ 194
Energy point   40/ 194
Energy point   50/ 194
Energy point   60/ 194
Energy point   70/ 194
Energy point   80/ 194
Energy point   90/ 194
Energy point  100/ 194
Energy point  110/ 194
Energy point  120/ 194
Energy point  130/ 194
Energy point  140/ 194
Energy point  150/ 194
Energy point  160/ 194
Energy point  170/ 194
Energy point  180/ 194
Energy point  190/ 194
Done with module: FMS.

MKGTR: Tracing over Green's function ...
Done with module: MKGTR.

Pathfinder: finding scattering paths...
Preparing plane wave scattering amplitudes
Searching for paths
Eliminating path degeneracies
0 paths retained.
Done with module: pathfinder.

Calculating EXAFS parameters ...
Done with module: EXAFS parameters (GENFMT).

Calculating XAS spectra ...
Done with module: XAS spectra (FF2X: DW + final sum over paths).

 
### feff ends at Sun Aug 13 12:01:19 EDT 2023
 
