### feff starts at Mon Aug 14 04:38:05 EDT 2023
### Serial version
### FeffPath is /sdcc/u/mcarbone/software/JFEFF/hsw/feff90/linux
 
Launching FEFF version FEFF 9.9.1
Resetting lmaxsc to 2 for iph =    1.  Use  UNFREEZE to prevent this.
Core hole lifetime is   1.729 eV.
Your calculation:
 comment: None given
 Source:
 Structure Summary:  Ba2 Cu2 S2 O2
 Reduced formula:  BaCuSO
 space group: (Cmcm), space number:  (63)
 abc:  6.662608   6.662608   6.143635
 angles: 90.000000  90.000000 145.302913
 sites: 8
Cu K edge XANES using RPA corehole.
Using:     * Self-Consistent Field potentials
Using cards:   ATOMS CONTROL EXCHANGE TITLE RPATH POTENTIALS XANES EDGE SCF FMS S02 COREHOLE EGRID

Calculating atomic potentials ...
    overlapped atomic potential and density for unique potential    0
    overlapped atomic potential and density for unique potential    1
    overlapped atomic potential and density for unique potential    2
    overlapped atomic potential and density for unique potential    3
    overlapped atomic potential and density for unique potential    4
Done with module: atomic potentials.

Calculating SCF potentials ...
FEFF-serial using 1 thread.
Muffin tin radii and interstitial parameters [bohr]:
type, norman radius, muffin tin, overlap factor
    0  1.32855E+00  1.22647E+00  1.15000E+00
    1  2.05173E+00  1.99394E+00  1.07253E+00
    2  1.32855E+00  1.22647E+00  1.15000E+00
    3  1.49706E+00  1.42282E+00  1.13863E+00
    4  1.14539E+00  1.09691E+00  1.11499E+00
Core-valence separation energy:  ecv=   -41.000 eV
Initial Fermi level:              mu=    -2.734 eV
SCF ITERATION NUMBER  1
     point #   1  energy = -41.000
FMS for a cluster of   75 atoms around atom type   0
FMS for a cluster of   69 atoms around atom type   1
FMS for a cluster of   68 atoms around atom type   2
FMS for a cluster of   81 atoms around atom type   3
FMS for a cluster of   71 atoms around atom type   4
     point #  20  energy = -29.906
     point #  40  energy =  -9.656
     point #  60  energy =  -5.510
New Fermi level:    mu=  -5.354 eV  Charge distance=  0.6889 (partial c.d.=  6.4106)
SCF ITERATION NUMBER  1
     point #   1  energy = -41.000
FMS for a cluster of   75 atoms around atom type   0
FMS for a cluster of   69 atoms around atom type   1
FMS for a cluster of   68 atoms around atom type   2
FMS for a cluster of   81 atoms around atom type   3
FMS for a cluster of   71 atoms around atom type   4
     point #  20  energy = -29.797
     point #  40  energy =  -9.428
     point #  60  energy =  -5.354
     point #  80  energy =  -7.508
     point # 100  energy =  -9.720
New Fermi level:    mu=  -9.967 eV  Charge distance=  0.2140 (partial c.d.=  3.7178)
SCF ITERATION NUMBER  1
     point #   1  energy = -41.000
FMS for a cluster of   75 atoms around atom type   0
FMS for a cluster of   69 atoms around atom type   1
FMS for a cluster of   68 atoms around atom type   2
FMS for a cluster of   81 atoms around atom type   3
FMS for a cluster of   71 atoms around atom type   4
     point #  20  energy = -29.988
     point #  40  energy =  -9.967
     point #  60  energy =  -9.926
     point #  80  energy =  -8.926
New Fermi level:    mu=  -9.120 eV  Charge distance=  0.1295 (partial c.d.=  0.3002)
SCF ITERATION NUMBER  2
     point #   1  energy = -41.000
     point #  20  energy = -29.688
     point #  40  energy =  -9.120
     point #  60  energy =  -9.079
     point #  80  energy =  -8.129
New Fermi level:    mu=  -8.232 eV  Charge distance=  0.3064 (partial c.d.=  0.2443)
SCF ITERATION NUMBER  3
     point #   1  energy = -41.000
     point #  20  energy = -29.736
     point #  40  energy =  -9.256
     point #  60  energy =  -8.192
New Fermi level:    mu=  -8.088 eV  Charge distance=  0.0619 (partial c.d.=  0.0768)
SCF ITERATION NUMBER  4
     point #   1  energy = -41.000
     point #  20  energy = -30.029
     point #  40  energy = -10.083
     point #  60  energy =  -8.113
New Fermi level:    mu=  -8.111 eV  Charge distance=  0.0096 (partial c.d.=  0.0280)
SCF ITERATION NUMBER  5
     point #   1  energy = -41.000
     point #  20  energy = -29.695
     point #  40  energy =  -9.139
     point #  60  energy =  -8.149
New Fermi level:    mu=  -8.155 eV  Charge distance=  0.0068 (partial c.d.=  0.0143)
SCF ITERATION NUMBER  6
     point #   1  energy = -41.000
     point #  20  energy = -29.710
     point #  40  energy =  -9.182
New Fermi level:    mu=  -8.179 eV  Charge distance=  0.0014 (partial c.d.=  0.0088)
SCF ITERATION NUMBER  7
     point #   1  energy = -41.000
     point #  20  energy = -29.718
     point #  40  energy =  -9.205
New Fermi level:    mu=  -8.180 eV  Charge distance=  0.0020 (partial c.d.=  0.0014)
SCF ITERATION NUMBER  8
     point #   1  energy = -41.000
     point #  20  energy = -29.718
     point #  40  energy =  -9.205
New Fermi level:    mu=  -8.180 eV  Charge distance=  0.0018 (partial c.d.=  0.0014)
SCF ITERATION NUMBER  9
     point #   1  energy = -41.000
     point #  20  energy = -29.718
     point #  40  energy =  -9.206
New Fermi level:    mu=  -8.180 eV  Charge distance=  0.0004 (partial c.d.=  0.0010)
SCF ITERATION NUMBER 10
     point #   1  energy = -41.000
     point #  20  energy = -29.718
     point #  40  energy =  -9.206
New Fermi level:    mu=  -8.179 eV  Charge distance=  0.0003 (partial c.d.=  0.0004)
SCF ITERATION NUMBER 11
     point #   1  energy = -41.000
     point #  20  energy = -29.718
     point #  40  energy =  -9.205
New Fermi level:    mu=  -8.179 eV  Charge distance=  0.0001 (partial c.d.=  0.0002)
SCF ITERATION NUMBER 12
     point #   1  energy = -41.000
     point #  20  energy = -29.718
     point #  40  energy =  -9.205
New Fermi level:    mu=  -8.179 eV  Charge distance=  0.0001 (partial c.d.=  0.0001)
Electronic configuration
  type     l     N_el
     0     0    0.530
     0     1    0.656
     0     2    9.538
     0     3    0.000
     1     0    2.262
     1     1    6.314
     1     2    0.993
     1     3    0.000
     2     0    0.531
     2     1    0.653
     2     2    9.537
     2     3    0.000
     3     0    1.828
     3     1    4.102
     3     2    0.227
     3     3    0.000
     4     0    1.874
     4     1    4.618
     4     2    0.062
     4     3    0.000
Charge transfer:  type  charge
       0   -0.276
       1   -0.431
       2   -0.279
       3    0.158
       4    0.554
Convergence reached in   12 iterations.
Done with module: potentials.

Calculating screened core-hole potential ...
FMS for a cluster of   14 atoms around iph =   0
    0% of energy integration
   20%
   40%
   60%
   80%
  100%
Preparing response function.
Computing (1 - K Chi0)^-1 v_ch
Done with module: screened core-hole potential.

Calculating cross-section and phases ...
    absorption cross section
 x0,dx,rnrm,inrm,jnrm   8.80000000000000       5.000000000000000E-002
   2.51060408299991              195         196
    phase shifts for unique potential    0
    phase shifts for unique potential    1
    phase shifts for unique potential    2
    phase shifts for unique potential    3
    phase shifts for unique potential    4
Done with module: cross-section and phases (XSPH).

FMS calculation of full Green's function ...
FEFF-serial using 1 thread.
Using   194 energy points.
xprep done
FMS for a cluster of  157 atoms
Energy point    1/ 194
Energy point   10/ 194
Energy point   20/ 194
Energy point   30/ 194
Energy point   40/ 194
Energy point   50/ 194
Energy point   60/ 194
Energy point   70/ 194
Energy point   80/ 194
Energy point   90/ 194
Energy point  100/ 194
Energy point  110/ 194
Energy point  120/ 194
Energy point  130/ 194
Energy point  140/ 194
Energy point  150/ 194
Energy point  160/ 194
Energy point  170/ 194
Energy point  180/ 194
Energy point  190/ 194
Done with module: FMS.

MKGTR: Tracing over Green's function ...
Done with module: MKGTR.

Pathfinder: finding scattering paths...
Preparing plane wave scattering amplitudes
Searching for paths
Eliminating path degeneracies
0 paths retained.
Done with module: pathfinder.

Calculating EXAFS parameters ...
Done with module: EXAFS parameters (GENFMT).

Calculating XAS spectra ...
Done with module: XAS spectra (FF2X: DW + final sum over paths).

 
### feff ends at Mon Aug 14 05:10:00 EDT 2023
 
