### feff starts at Mon Aug 14 02:54:01 EDT 2023
### Serial version
### FeffPath is /sdcc/u/mcarbone/software/JFEFF/hsw/feff90/linux
 
Launching FEFF version FEFF 9.9.1
Core hole lifetime is   1.729 eV.
Your calculation:
 comment: None given
 Source:
 Structure Summary:  Fe16 Cu8 O32
 Reduced formula:  Fe2CuO4
 space group: (Cm), space number:  (8)
 abc:  6.066593   6.066593  23.597719
 angles: 61.005152  61.005153  58.819381
 sites: 56
Cu K edge XANES using RPA corehole.
Using:     * Self-Consistent Field potentials
Using cards:   ATOMS CONTROL EXCHANGE TITLE RPATH POTENTIALS XANES EDGE SCF FMS S02 COREHOLE EGRID

Calculating atomic potentials ...
    overlapped atomic potential and density for unique potential    0
    overlapped atomic potential and density for unique potential    1
    overlapped atomic potential and density for unique potential    2
    overlapped atomic potential and density for unique potential    3
Done with module: atomic potentials.

Calculating SCF potentials ...
FEFF-serial using 1 thread.
Muffin tin radii and interstitial parameters [bohr]:
type, norman radius, muffin tin, overlap factor
    0  1.32658E+00  1.26625E+00  1.12507E+00
    1  1.41518E+00  1.32218E+00  1.15000E+00
    2  1.32647E+00  1.26022E+00  1.13982E+00
    3  1.10440E+00  1.02435E+00  1.15000E+00
Core-valence separation energy:  ecv=   -40.000 eV
Initial Fermi level:              mu=     0.001 eV
SCF ITERATION NUMBER  1
     point #   1  energy = -40.000
FMS for a cluster of  138 atoms around atom type   0
FMS for a cluster of  131 atoms around atom type   1
FMS for a cluster of  128 atoms around atom type   2
FMS for a cluster of  133 atoms around atom type   3
     point #  20  energy = -28.962
     point #  40  energy =  -8.712
     point #  60  energy =  -7.497
 Found bad counts.
  Occupation number in getorb is    10.000
  Will repeat this iteration.
 Found bad counts.
  Occupation number in getorb is    10.000
  Will repeat this iteration.
New Fermi level:    mu=  -7.573 eV  Charge distance=  1.9199 (partial c.d.=  9.9411)
SCF ITERATION NUMBER  1
     point #   1  energy = -40.000
FMS for a cluster of  138 atoms around atom type   0
FMS for a cluster of  131 atoms around atom type   1
FMS for a cluster of  128 atoms around atom type   2
FMS for a cluster of  133 atoms around atom type   3
     point #  20  energy = -28.853
     point #  40  energy =  -8.587
     point #  60  energy =  -7.533
     point #  80  energy =  -4.498
     point # 100  energy =  -3.814
New Fermi level:    mu=  -3.787 eV  Charge distance=  0.9251 (partial c.d.=  9.8543)
SCF ITERATION NUMBER  1
     point #   1  energy = -40.000
FMS for a cluster of  138 atoms around atom type   0
FMS for a cluster of  131 atoms around atom type   1
FMS for a cluster of  128 atoms around atom type   2
FMS for a cluster of  133 atoms around atom type   3
     point #  20  energy = -28.935
     point #  40  energy =  -8.817
     point #  60  energy =  -3.787
     point #  80  energy =  -5.365
     point # 100  energy = -11.344
     point # 120  energy = -11.637
New Fermi level:    mu= -11.635 eV  Charge distance=  0.5200 (partial c.d.=  5.8484)
SCF ITERATION NUMBER  2
     point #   1  energy = -40.000
     point #  20  energy = -28.857
     point #  40  energy = -11.635
     point #  60  energy = -11.466
     point #  80  energy =  -7.357
     point # 100  energy =  -6.913
New Fermi level:    mu=  -6.894 eV  Charge distance=  0.4048 (partial c.d.=  4.0318)
SCF ITERATION NUMBER  3
     point #   1  energy = -40.000
     point #  20  energy = -28.965
     point #  40  energy =  -8.901
     point #  60  energy =  -6.907
     point #  80  energy =  -9.607
     point # 100  energy = -10.453
New Fermi level:    mu= -10.509 eV  Charge distance=  0.1913 (partial c.d.=  3.5510)
SCF ITERATION NUMBER  4
     point #   1  energy = -40.000
     point #  20  energy = -28.814
     point #  40  energy = -10.509
     point #  60  energy = -10.634
New Fermi level:    mu= -10.712 eV  Charge distance=  0.1139 (partial c.d.=  3.2835)
SCF ITERATION NUMBER  5
     point #   1  energy = -40.000
     point #  20  energy = -28.891
     point #  40  energy = -10.712
     point #  60  energy = -10.787
New Fermi level:    mu= -10.779 eV  Charge distance=  0.0261 (partial c.d.=  2.1078)
SCF ITERATION NUMBER  6
     point #   1  energy = -40.000
     point #  20  energy = -28.916
     point #  40  energy = -10.779
     point #  60  energy = -10.704
New Fermi level:    mu= -10.632 eV  Charge distance=  0.1757 (partial c.d.=  0.8566)
SCF ITERATION NUMBER  7
     point #   1  energy = -40.000
     point #  20  energy = -28.861
     point #  40  energy = -10.632
     point #  60  energy = -10.707
New Fermi level:    mu= -10.717 eV  Charge distance=  0.0008 (partial c.d.=  7.4504)
SCF ITERATION NUMBER  8
     point #   1  energy = -40.000
     point #  20  energy = -28.893
     point #  40  energy = -10.717
New Fermi level:    mu= -10.717 eV  Charge distance=  0.8542 (partial c.d.=  0.0028)
SCF ITERATION NUMBER  9
     point #   1  energy = -40.000
     point #  20  energy = -28.893
     point #  40  energy = -10.717
     point #  60  energy = -10.627
     point #  80  energy =  -8.871
New Fermi level:    mu=  -8.949 eV  Charge distance=  0.1545 (partial c.d.=  9.1212)
SCF ITERATION NUMBER 10
     point #   1  energy = -40.000
     point #  20  energy = -28.982
     point #  40  energy =  -8.949
     point #  60  energy =  -8.989
     point #  80  energy = -10.096
New Fermi level:    mu= -10.166 eV  Charge distance=  0.1848 (partial c.d.=  0.6548)
SCF ITERATION NUMBER 11
     point #   1  energy = -40.000
     point #  20  energy = -28.684
     point #  40  energy = -10.166
     point #  60  energy = -10.307
New Fermi level:    mu= -10.627 eV  Charge distance=  0.0320 (partial c.d.=  0.9058)
SCF ITERATION NUMBER 12
     point #   1  energy = -40.000
     point #  20  energy = -28.858
     point #  40  energy = -10.627
     point #  60  energy = -10.502
New Fermi level:    mu= -10.436 eV  Charge distance=  0.0903 (partial c.d.=  0.5595)
SCF ITERATION NUMBER 13
     point #   1  energy = -40.000
     point #  20  energy = -28.786
     point #  40  energy = -10.436
New Fermi level:    mu= -10.442 eV  Charge distance=  0.1544 (partial c.d.=  0.1707)
SCF ITERATION NUMBER 14
     point #   1  energy = -40.000
     point #  20  energy = -28.788
     point #  40  energy = -10.442
     point #  60  energy = -10.367
New Fermi level:    mu= -10.366 eV  Charge distance=  0.0811 (partial c.d.=  1.1410)
SCF ITERATION NUMBER 15
     point #   1  energy = -40.000
     point #  20  energy = -28.760
     point #  40  energy = -10.366
New Fermi level:    mu= -10.374 eV  Charge distance=  0.0337 (partial c.d.=  1.0343)
SCF ITERATION NUMBER 16
     point #   1  energy = -40.000
     point #  20  energy = -28.763
     point #  40  energy = -10.374
New Fermi level:    mu= -10.366 eV  Charge distance=  0.0939 (partial c.d.=  0.0840)
SCF ITERATION NUMBER 17
     point #   1  energy = -40.000
     point #  20  energy = -28.760
     point #  40  energy = -10.366
New Fermi level:    mu= -10.336 eV  Charge distance=  0.0264 (partial c.d.=  0.3767)
SCF ITERATION NUMBER 18
     point #   1  energy = -40.000
     point #  20  energy = -28.748
     point #  40  energy = -10.336
New Fermi level:    mu= -10.344 eV  Charge distance=  0.0102 (partial c.d.=  0.1853)
SCF ITERATION NUMBER 19
     point #   1  energy = -40.000
     point #  20  energy = -28.751
     point #  40  energy = -10.344
New Fermi level:    mu= -10.340 eV  Charge distance=  0.0064 (partial c.d.=  0.0381)
SCF ITERATION NUMBER 20
     point #   1  energy = -40.000
     point #  20  energy = -28.750
     point #  40  energy = -10.340
New Fermi level:    mu= -10.337 eV  Charge distance=  0.0010 (partial c.d.=  0.0201)
SCF ITERATION NUMBER 21
     point #   1  energy = -40.000
     point #  20  energy = -28.749
     point #  40  energy = -10.337
New Fermi level:    mu= -10.337 eV  Charge distance=  0.0018 (partial c.d.=  0.0008)
SCF ITERATION NUMBER 22
     point #   1  energy = -40.000
     point #  20  energy = -28.748
     point #  40  energy = -10.337
New Fermi level:    mu= -10.336 eV  Charge distance=  0.0000 (partial c.d.=  0.0013)
SCF ITERATION NUMBER 23
     point #   1  energy = -40.000
     point #  20  energy = -28.748
     point #  40  energy = -10.336
New Fermi level:    mu= -10.336 eV  Charge distance=  0.0002 (partial c.d.=  0.0009)
SCF ITERATION NUMBER 24
     point #   1  energy = -40.000
     point #  20  energy = -28.748
     point #  40  energy = -10.336
New Fermi level:    mu= -10.336 eV  Charge distance=  0.0000 (partial c.d.=  0.0001)
Electronic configuration
  type     l     N_el
     0     0    0.405
     0     1    0.505
     0     2    9.359
     0     3    0.000
     1     0    0.501
     1     1    0.769
     1     2    6.754
     1     3    0.000
     2     0    0.417
     2     1    0.504
     2     2    9.346
     2     3    0.000
     3     0    1.847
     3     1    4.243
     3     2    0.081
     3     3    0.000
Charge transfer:  type  charge
       0   -0.731
       1    0.024
       2   -0.734
       3    0.172
Convergence reached in   24 iterations.
Done with module: potentials.

Calculating screened core-hole potential ...
FMS for a cluster of   27 atoms around iph =   0
    0% of energy integration
   20%
   40%
   60%
   80%
  100%
Preparing response function.
Computing (1 - K Chi0)^-1 v_ch
Done with module: screened core-hole potential.

Calculating cross-section and phases ...
    absorption cross section
 x0,dx,rnrm,inrm,jnrm   8.80000000000000       5.000000000000000E-002
   2.50687533100005              195         196
    phase shifts for unique potential    0
    phase shifts for unique potential    1
    phase shifts for unique potential    2
    phase shifts for unique potential    3
Done with module: cross-section and phases (XSPH).

FMS calculation of full Green's function ...
FEFF-serial using 1 thread.
Using   194 energy points.
xprep done
FMS for a cluster of  281 atoms
Energy point    1/ 194
Energy point   10/ 194
Energy point   20/ 194
Energy point   30/ 194
Energy point   40/ 194
Energy point   50/ 194
Energy point   60/ 194
Energy point   70/ 194
Energy point   80/ 194
Energy point   90/ 194
Energy point  100/ 194
Energy point  110/ 194
Energy point  120/ 194
Energy point  130/ 194
Energy point  140/ 194
Energy point  150/ 194
Energy point  160/ 194
Energy point  170/ 194
Energy point  180/ 194
Energy point  190/ 194
Done with module: FMS.

MKGTR: Tracing over Green's function ...
Done with module: MKGTR.

Pathfinder: finding scattering paths...
Preparing plane wave scattering amplitudes
Searching for paths
Eliminating path degeneracies
0 paths retained.
Done with module: pathfinder.

Calculating EXAFS parameters ...
Done with module: EXAFS parameters (GENFMT).

Calculating XAS spectra ...
Done with module: XAS spectra (FF2X: DW + final sum over paths).

 
### feff ends at Mon Aug 14 06:06:37 EDT 2023
 
