### feff starts at Sun Aug 13 16:04:57 EDT 2023
### Serial version
### FeffPath is /sdcc/u/mcarbone/software/JFEFF/hsw/feff90/linux
 
Launching FEFF version FEFF 9.9.1
Resetting lmaxsc to 2 for iph =    1.  Use  UNFREEZE to prevent this.
Resetting lmaxsc to 2 for iph =    2.  Use  UNFREEZE to prevent this.
Core hole lifetime is   1.729 eV.
Your calculation:
 comment: None given
 Source:
 Structure Summary:  Ba2 U1 Cu1 O6
 Reduced formula:  Ba2UCuO6
 space group: (I4/mmm), space number:  (139)
 abc:  6.141216   6.141216   6.141216
 angles:123.561577 123.561577  83.934476
 sites: 10
Cu K edge XANES using RPA corehole.
Using:     * Self-Consistent Field potentials
Using cards:   ATOMS CONTROL EXCHANGE TITLE RPATH POTENTIALS XANES EDGE SCF FMS S02 COREHOLE EGRID

Calculating atomic potentials ...
    overlapped atomic potential and density for unique potential    0
    overlapped atomic potential and density for unique potential    1
    overlapped atomic potential and density for unique potential    2
    overlapped atomic potential and density for unique potential    3
    overlapped atomic potential and density for unique potential    4
Done with module: atomic potentials.

Calculating SCF potentials ...
FEFF-serial using 1 thread.
Muffin tin radii and interstitial parameters [bohr]:
type, norman radius, muffin tin, overlap factor
    0  1.32736E+00  1.25162E+00  1.15000E+00
    1  2.03225E+00  1.99330E+00  1.04777E+00
    2  1.57056E+00  1.40687E+00  1.15000E+00
    3  1.34010E+00  1.25706E+00  1.15000E+00
    4  1.10654E+00  1.02735E+00  1.15000E+00
Core-valence separation energy:  ecv=   -41.500 eV
Initial Fermi level:              mu=    -0.628 eV
SCF ITERATION NUMBER  1
     point #   1  energy = -41.500
FMS for a cluster of  103 atoms around atom type   0
FMS for a cluster of   82 atoms around atom type   1
FMS for a cluster of   80 atoms around atom type   2
FMS for a cluster of   68 atoms around atom type   3
FMS for a cluster of   93 atoms around atom type   4
     point #  20  energy = -30.288
     point #  40  energy = -10.038
     point #  60  energy =  -6.691
     point #  80  energy =  -5.879
New Fermi level:    mu=  -5.886 eV  Charge distance=  1.5739 (partial c.d.=  6.3233)
SCF ITERATION NUMBER  1
     point #   1  energy = -41.500
FMS for a cluster of  103 atoms around atom type   0
FMS for a cluster of   82 atoms around atom type   1
FMS for a cluster of   80 atoms around atom type   2
FMS for a cluster of   68 atoms around atom type   3
FMS for a cluster of   93 atoms around atom type   4
     point #  20  energy = -30.307
     point #  40  energy =  -9.956
     point #  60  energy =  -5.886
     point #  80  energy =  -8.023
     point # 100  energy = -11.133
New Fermi level:    mu= -11.241 eV  Charge distance=  0.4907 (partial c.d.=  8.0669)
SCF ITERATION NUMBER  1
     point #   1  energy = -41.500
FMS for a cluster of  103 atoms around atom type   0
FMS for a cluster of   82 atoms around atom type   1
FMS for a cluster of   80 atoms around atom type   2
FMS for a cluster of   68 atoms around atom type   3
FMS for a cluster of   93 atoms around atom type   4
     point #  20  energy = -30.405
     point #  40  energy = -11.241
     point #  60  energy = -11.150
New Fermi level:    mu= -10.789 eV  Charge distance=  0.2992 (partial c.d.=  0.2990)
SCF ITERATION NUMBER  2
     point #   1  energy = -41.500
     point #  20  energy = -30.239
     point #  40  energy = -10.789
     point #  60  energy = -10.698
     point #  80  energy =  -9.895
New Fermi level:    mu=  -9.885 eV  Charge distance=  0.4191 (partial c.d.=  0.7617)
SCF ITERATION NUMBER  3
     point #   1  energy = -41.500
     point #  20  energy = -30.282
     point #  40  energy =  -9.885
     point #  60  energy =  -9.845
     point #  80  energy =  -7.426
New Fermi level:    mu=  -6.933 eV  Charge distance=  0.4065 (partial c.d.=  2.5439)
SCF ITERATION NUMBER  4
     point #   1  energy = -41.500
     point #  20  energy = -30.317
     point #  40  energy =  -9.983
     point #  60  energy =  -6.946
     point #  80  energy =  -9.339
New Fermi level:    mu=  -9.771 eV  Charge distance=  0.0957 (partial c.d.=  2.8343)
SCF ITERATION NUMBER  5
     point #   1  energy = -41.500
     point #  20  energy = -30.241
     point #  40  energy =  -9.771
     point #  60  energy =  -9.702
New Fermi level:    mu=  -9.601 eV  Charge distance=  0.1853 (partial c.d.=  0.9215)
SCF ITERATION NUMBER  6
     point #   1  energy = -41.500
     point #  20  energy = -30.535
     point #  40  energy = -10.598
     point #  60  energy =  -9.560
     point #  80  energy =  -8.757
New Fermi level:    mu=  -8.741 eV  Charge distance=  0.0557 (partial c.d.=  0.6507)
SCF ITERATION NUMBER  7
     point #   1  energy = -41.500
     point #  20  energy = -30.239
     point #  40  energy =  -9.765
     point #  60  energy =  -8.782
New Fermi level:    mu=  -9.073 eV  Charge distance=  0.0452 (partial c.d.=  0.7836)
SCF ITERATION NUMBER  8
     point #   1  energy = -41.500
     point #  20  energy = -30.353
     point #  40  energy = -10.086
     point #  60  energy =  -9.111
New Fermi level:    mu=  -9.190 eV  Charge distance=  0.0214 (partial c.d.=  0.7102)
SCF ITERATION NUMBER  9
     point #   1  energy = -41.500
     point #  20  energy = -30.394
     point #  40  energy = -10.200
     point #  60  energy =  -9.153
New Fermi level:    mu=  -9.145 eV  Charge distance=  0.0072 (partial c.d.=  0.2191)
SCF ITERATION NUMBER 10
     point #   1  energy = -41.500
     point #  20  energy = -30.378
     point #  40  energy = -10.156
     point #  60  energy =  -9.182
New Fermi level:    mu=  -9.170 eV  Charge distance=  0.0083 (partial c.d.=  0.0448)
SCF ITERATION NUMBER 11
     point #   1  energy = -41.500
     point #  20  energy = -30.387
     point #  40  energy = -10.181
New Fermi level:    mu=  -9.177 eV  Charge distance=  0.0030 (partial c.d.=  0.0333)
SCF ITERATION NUMBER 12
     point #   1  energy = -41.500
     point #  20  energy = -30.389
     point #  40  energy = -10.187
New Fermi level:    mu=  -9.176 eV  Charge distance=  0.0058 (partial c.d.=  0.0096)
SCF ITERATION NUMBER 13
     point #   1  energy = -41.500
     point #  20  energy = -30.389
     point #  40  energy = -10.187
New Fermi level:    mu=  -9.178 eV  Charge distance=  0.0006 (partial c.d.=  0.0123)
SCF ITERATION NUMBER 14
     point #   1  energy = -41.500
     point #  20  energy = -30.389
     point #  40  energy = -10.188
New Fermi level:    mu=  -9.178 eV  Charge distance=  0.0009 (partial c.d.=  0.0018)
SCF ITERATION NUMBER 15
     point #   1  energy = -41.500
     point #  20  energy = -30.389
     point #  40  energy = -10.188
New Fermi level:    mu=  -9.179 eV  Charge distance=  0.0007 (partial c.d.=  0.0014)
SCF ITERATION NUMBER 16
     point #   1  energy = -41.500
     point #  20  energy = -30.390
     point #  40  energy = -10.189
New Fermi level:    mu=  -9.180 eV  Charge distance=  0.0000 (partial c.d.=  0.0011)
SCF ITERATION NUMBER 17
     point #   1  energy = -41.500
     point #  20  energy = -30.390
     point #  40  energy = -10.190
New Fermi level:    mu=  -9.179 eV  Charge distance=  0.0001 (partial c.d.=  0.0001)
Electronic configuration
  type     l     N_el
     0     0    0.526
     0     1    0.637
     0     2    9.359
     0     3    0.000
     1     0    2.212
     1     1    6.248
     1     2    0.802
     1     3    0.000
     2     0    0.394
     2     1    6.287
     2     2    1.805
     2     3    0.000
     3     0    0.500
     3     1    0.623
     3     2    9.379
     3     3    0.000
     4     0    1.866
     4     1    4.483
     4     2    0.066
     4     3    0.000
Charge transfer:  type  charge
       0   -0.478
       1   -0.738
       2   -0.514
       3   -0.498
       4    0.416
Convergence reached in   17 iterations.
Done with module: potentials.

Calculating screened core-hole potential ...
FMS for a cluster of   15 atoms around iph =   0
    0% of energy integration
   20%
   40%
   60%
   80%
  100%
Preparing response function.
Computing (1 - K Chi0)^-1 v_ch
Done with module: screened core-hole potential.

Calculating cross-section and phases ...
    absorption cross section
 x0,dx,rnrm,inrm,jnrm   8.80000000000000       5.000000000000000E-002
   2.50834648799982              195         196
    phase shifts for unique potential    0
    phase shifts for unique potential    1
    phase shifts for unique potential    2
    phase shifts for unique potential    3
    phase shifts for unique potential    4
Done with module: cross-section and phases (XSPH).

FMS calculation of full Green's function ...
FEFF-serial using 1 thread.
Using   194 energy points.
xprep done
FMS for a cluster of  187 atoms
Energy point    1/ 194
Energy point   10/ 194
Energy point   20/ 194
Energy point   30/ 194
Energy point   40/ 194
Energy point   50/ 194
Energy point   60/ 194
Energy point   70/ 194
Energy point   80/ 194
Energy point   90/ 194
Energy point  100/ 194
Energy point  110/ 194
Energy point  120/ 194
Energy point  130/ 194
Energy point  140/ 194
Energy point  150/ 194
Energy point  160/ 194
Energy point  170/ 194
Energy point  180/ 194
Energy point  190/ 194
Done with module: FMS.

MKGTR: Tracing over Green's function ...
Done with module: MKGTR.

Pathfinder: finding scattering paths...
Preparing plane wave scattering amplitudes
Searching for paths
Eliminating path degeneracies
0 paths retained.
Done with module: pathfinder.

Calculating EXAFS parameters ...
Done with module: EXAFS parameters (GENFMT).

Calculating XAS spectra ...
Done with module: XAS spectra (FF2X: DW + final sum over paths).

 
### feff ends at Sun Aug 13 17:04:13 EDT 2023
 
