### feff starts at Mon Aug 14 04:05:23 EDT 2023
### Serial version
### FeffPath is /sdcc/u/mcarbone/software/JFEFF/hsw/feff90/linux
 
Launching FEFF version FEFF 9.9.1
Core hole lifetime is   1.729 eV.
Your calculation:
 comment: None given
 Source:
 Structure Summary:  Ca4 Fe8 Cu8 O32
 Reduced formula:  CaFe2(CuO4)2
 space group: (P2_1/c), space number:  (14)
 abc:  8.666019   6.500907  12.158594
 angles: 86.080626  90.000000  90.000000
 sites: 52
Cu K edge XANES using RPA corehole.
Using:     * Self-Consistent Field potentials
Using cards:   ATOMS CONTROL EXCHANGE TITLE RPATH POTENTIALS XANES EDGE SCF FMS S02 COREHOLE EGRID

Calculating atomic potentials ...
    overlapped atomic potential and density for unique potential    0
    overlapped atomic potential and density for unique potential    1
    overlapped atomic potential and density for unique potential    2
    overlapped atomic potential and density for unique potential    3
    overlapped atomic potential and density for unique potential    4
Done with module: atomic potentials.

Calculating SCF potentials ...
FEFF-serial using 1 thread.
Muffin tin radii and interstitial parameters [bohr]:
type, norman radius, muffin tin, overlap factor
    0  1.24998E+00  1.12355E+00  1.15000E+00
    1  1.69896E+00  1.61711E+00  1.13392E+00
    2  1.37074E+00  1.19611E+00  1.15000E+00
    3  1.27130E+00  1.17638E+00  1.15000E+00
    4  1.09874E+00  9.74669E-01  1.15000E+00
Core-valence separation energy:  ecv=   -40.000 eV
Initial Fermi level:              mu=     0.097 eV
SCF ITERATION NUMBER  1
     point #   1  energy = -40.000
FMS for a cluster of  113 atoms around atom type   0
FMS for a cluster of  101 atoms around atom type   1
FMS for a cluster of  102 atoms around atom type   2
FMS for a cluster of  110 atoms around atom type   3
FMS for a cluster of  108 atoms around atom type   4
     point #  20  energy = -28.943
     point #  40  energy =  -8.693
     point #  60  energy =  -7.196
     point #  80  energy =  -6.112
New Fermi level:    mu=  -6.033 eV  Charge distance=  1.6964 (partial c.d.=  9.7408)
SCF ITERATION NUMBER  1
     point #   1  energy = -40.000
FMS for a cluster of  113 atoms around atom type   0
FMS for a cluster of  101 atoms around atom type   1
FMS for a cluster of  102 atoms around atom type   2
FMS for a cluster of  110 atoms around atom type   3
FMS for a cluster of  108 atoms around atom type   4
     point #  20  energy = -29.011
     point #  40  energy =  -9.030
     point #  60  energy =  -6.021
     point #  80  energy =  -5.571
New Fermi level:    mu=  -5.542 eV  Charge distance=  1.0992 (partial c.d.=  8.8876)
SCF ITERATION NUMBER  1
     point #   1  energy = -40.000
FMS for a cluster of  113 atoms around atom type   0
FMS for a cluster of  101 atoms around atom type   1
FMS for a cluster of  102 atoms around atom type   2
FMS for a cluster of  110 atoms around atom type   3
FMS for a cluster of  108 atoms around atom type   4
     point #  20  energy = -28.852
     point #  40  energy =  -8.582
     point #  60  energy =  -5.554
     point #  80  energy =  -7.570
     point # 100  energy = -11.464
New Fermi level:    mu= -11.667 eV  Charge distance=  0.7569 (partial c.d.=  8.0446)
SCF ITERATION NUMBER  2
     point #   1  energy = -40.000
     point #  20  energy = -28.869
     point #  40  energy = -11.667
     point #  60  energy = -11.498
     point #  80  energy =  -7.742
     point # 100  energy =  -6.582
New Fermi level:    mu=  -6.537 eV  Charge distance=  0.7051 (partial c.d.=  7.0776)
SCF ITERATION NUMBER  3
     point #   1  energy = -40.000
     point #  20  energy = -28.846
     point #  40  energy =  -8.565
     point #  60  energy =  -6.550
     point #  80  energy =  -9.250
     point # 100  energy = -10.334
New Fermi level:    mu= -10.361 eV  Charge distance=  0.2657 (partial c.d.=  7.3132)
SCF ITERATION NUMBER  4
     point #   1  energy = -40.000
     point #  20  energy = -28.758
     point #  40  energy = -10.361
     point #  60  energy = -10.451
     point #  80  energy = -11.286
New Fermi level:    mu= -11.309 eV  Charge distance=  0.2459 (partial c.d.=  4.3639)
SCF ITERATION NUMBER  5
     point #   1  energy = -40.000
     point #  20  energy = -28.729
     point #  40  energy = -11.309
     point #  60  energy = -11.141
New Fermi level:    mu= -10.346 eV  Charge distance=  0.0550 (partial c.d.=  4.2301)
SCF ITERATION NUMBER  6
     point #   1  energy = -40.000
     point #  20  energy = -28.752
     point #  40  energy = -10.346
     point #  60  energy = -10.487
New Fermi level:    mu= -10.763 eV  Charge distance=  0.0615 (partial c.d.=  3.9668)
SCF ITERATION NUMBER  7
     point #   1  energy = -40.000
     point #  20  energy = -28.910
     point #  40  energy = -10.763
     point #  60  energy = -10.888
New Fermi level:    mu= -11.053 eV  Charge distance=  0.1020 (partial c.d.=  1.0034)
SCF ITERATION NUMBER  8
     point #   1  energy = -40.000
     point #  20  energy = -29.020
     point #  40  energy = -11.053
     point #  60  energy = -10.962
New Fermi level:    mu= -10.499 eV  Charge distance=  0.0835 (partial c.d.=  5.2315)
SCF ITERATION NUMBER  9
     point #   1  energy = -40.000
     point #  20  energy = -28.810
     point #  40  energy = -10.499
     point #  60  energy = -10.596
New Fermi level:    mu= -10.646 eV  Charge distance=  0.0372 (partial c.d.=  3.2109)
SCF ITERATION NUMBER 10
     point #   1  energy = -40.000
     point #  20  energy = -28.866
     point #  40  energy = -10.646
New Fermi level:    mu= -10.697 eV  Charge distance=  0.2096 (partial c.d.=  1.3654)
SCF ITERATION NUMBER 11
     point #   1  energy = -40.000
     point #  20  energy = -28.885
     point #  40  energy = -10.697
     point #  60  energy = -10.606
New Fermi level:    mu= -10.043 eV  Charge distance=  0.0994 (partial c.d.=  7.1913)
SCF ITERATION NUMBER 12
     point #   1  energy = -40.000
     point #  20  energy = -29.016
     point #  40  energy = -10.043
     point #  60  energy = -10.134
New Fermi level:    mu= -10.486 eV  Charge distance=  0.0178 (partial c.d.=  1.0882)
SCF ITERATION NUMBER 13
     point #   1  energy = -40.000
     point #  20  energy = -28.805
     point #  40  energy = -10.486
New Fermi level:    mu= -10.473 eV  Charge distance=  0.0293 (partial c.d.=  0.1201)
SCF ITERATION NUMBER 14
     point #   1  energy = -40.000
     point #  20  energy = -28.800
     point #  40  energy = -10.473
     point #  60  energy = -10.348
New Fermi level:    mu= -10.329 eV  Charge distance=  0.0178 (partial c.d.=  0.0701)
SCF ITERATION NUMBER 15
     point #   1  energy = -40.000
     point #  20  energy = -28.745
     point #  40  energy = -10.329
New Fermi level:    mu= -10.291 eV  Charge distance=  0.0217 (partial c.d.=  0.1311)
SCF ITERATION NUMBER 16
     point #   1  energy = -40.000
     point #  20  energy = -28.731
     point #  40  energy = -10.291
New Fermi level:    mu= -10.278 eV  Charge distance=  0.0319 (partial c.d.=  0.0735)
SCF ITERATION NUMBER 17
     point #   1  energy = -40.000
     point #  20  energy = -28.726
     point #  40  energy = -10.278
New Fermi level:    mu= -10.302 eV  Charge distance=  0.0740 (partial c.d.=  0.0577)
SCF ITERATION NUMBER 18
     point #   1  energy = -40.000
     point #  20  energy = -28.735
     point #  40  energy = -10.302
New Fermi level:    mu= -10.337 eV  Charge distance=  0.0097 (partial c.d.=  0.0987)
SCF ITERATION NUMBER 19
     point #   1  energy = -40.000
     point #  20  energy = -28.749
     point #  40  energy = -10.337
New Fermi level:    mu= -10.342 eV  Charge distance=  0.0057 (partial c.d.=  0.0079)
SCF ITERATION NUMBER 20
     point #   1  energy = -40.000
     point #  20  energy = -28.750
     point #  40  energy = -10.342
New Fermi level:    mu= -10.347 eV  Charge distance=  0.0040 (partial c.d.=  0.0054)
SCF ITERATION NUMBER 21
     point #   1  energy = -40.000
     point #  20  energy = -28.752
     point #  40  energy = -10.347
New Fermi level:    mu= -10.347 eV  Charge distance=  0.0015 (partial c.d.=  0.0041)
SCF ITERATION NUMBER 22
     point #   1  energy = -40.000
     point #  20  energy = -28.752
     point #  40  energy = -10.347
New Fermi level:    mu= -10.345 eV  Charge distance=  0.0009 (partial c.d.=  0.0012)
SCF ITERATION NUMBER 23
     point #   1  energy = -40.000
     point #  20  energy = -28.751
     point #  40  energy = -10.345
New Fermi level:    mu= -10.342 eV  Charge distance=  0.0001 (partial c.d.=  0.0012)
SCF ITERATION NUMBER 24
     point #   1  energy = -40.000
     point #  20  energy = -28.750
     point #  40  energy = -10.342
New Fermi level:    mu= -10.341 eV  Charge distance=  0.0001 (partial c.d.=  0.0005)
SCF ITERATION NUMBER 25
     point #   1  energy = -40.000
     point #  20  energy = -28.750
     point #  40  energy = -10.341
New Fermi level:    mu= -10.341 eV  Charge distance=  0.0000 (partial c.d.=  0.0003)
SCF ITERATION NUMBER 26
     point #   1  energy = -40.000
     point #  20  energy = -28.750
     point #  40  energy = -10.341
New Fermi level:    mu= -10.341 eV  Charge distance=  0.0001 (partial c.d.=  0.0000)
Electronic configuration
  type     l     N_el
     0     0    0.477
     0     1    0.592
     0     2    9.144
     0     3    0.000
     1     0    0.324
     1     1    6.506
     1     2    0.893
     1     3    0.000
     2     0    0.562
     2     1    0.769
     2     2    6.625
     2     3    0.000
     3     0    0.454
     3     1    0.586
     3     2    9.202
     3     3    0.000
     4     0    1.849
     4     1    4.303
     4     2    0.083
     4     3    0.000
Charge transfer:  type  charge
       0   -0.786
       1   -0.277
       2   -0.044
       3   -0.758
       4    0.235
Convergence reached in   26 iterations.
Done with module: potentials.

Calculating screened core-hole potential ...
FMS for a cluster of   20 atoms around iph =   0
    0% of energy integration
   20%
   40%
   60%
   80%
  100%
Preparing response function.
Computing (1 - K Chi0)^-1 v_ch
Done with module: screened core-hole potential.

Calculating cross-section and phases ...
    absorption cross section
 x0,dx,rnrm,inrm,jnrm   8.80000000000000       5.000000000000000E-002
   2.36211649900010              194         195
    phase shifts for unique potential    0
    phase shifts for unique potential    1
    phase shifts for unique potential    2
    phase shifts for unique potential    3
    phase shifts for unique potential    4
Done with module: cross-section and phases (XSPH).

FMS calculation of full Green's function ...
FEFF-serial using 1 thread.
Using   194 energy points.
xprep done
FMS for a cluster of  233 atoms
Energy point    1/ 194
Energy point   10/ 194
Energy point   20/ 194
Energy point   30/ 194
Energy point   40/ 194
Energy point   50/ 194
Energy point   60/ 194
Energy point   70/ 194
Energy point   80/ 194
Energy point   90/ 194
Energy point  100/ 194
Energy point  110/ 194
Energy point  120/ 194
Energy point  130/ 194
Energy point  140/ 194
Energy point  150/ 194
Energy point  160/ 194
Energy point  170/ 194
Energy point  180/ 194
Energy point  190/ 194
Done with module: FMS.

MKGTR: Tracing over Green's function ...
Done with module: MKGTR.

Pathfinder: finding scattering paths...
Preparing plane wave scattering amplitudes
Searching for paths
Eliminating path degeneracies
0 paths retained.
Done with module: pathfinder.

Calculating EXAFS parameters ...
Done with module: EXAFS parameters (GENFMT).

Calculating XAS spectra ...
Done with module: XAS spectra (FF2X: DW + final sum over paths).

 
### feff ends at Mon Aug 14 06:19:51 EDT 2023
 
