### feff starts at Sun Aug 13 23:46:20 EDT 2023
### Serial version
### FeffPath is /sdcc/u/mcarbone/software/JFEFF/hsw/feff90/linux
 
Launching FEFF version FEFF 9.9.1
Resetting lmaxsc to 2 for iph =    1.  Use  UNFREEZE to prevent this.
Core hole lifetime is   1.729 eV.
Your calculation:
 comment: None given
 Source:
 Structure Summary:  Ba28 Sr4 Cu32 O80
 Reduced formula:  Ba7Sr(Cu2O5)4
 space group: (P1), space number:  (1)
 abc: 11.356433  11.344137  18.781328
 angles:107.586138 107.611180  90.022309
 sites: 144
Cu K edge XANES using RPA corehole.
Using:     * Self-Consistent Field potentials
Using cards:   ATOMS CONTROL EXCHANGE TITLE RPATH POTENTIALS XANES EDGE SCF FMS S02 COREHOLE EGRID

Calculating atomic potentials ...
    overlapped atomic potential and density for unique potential    0
    overlapped atomic potential and density for unique potential    1
    overlapped atomic potential and density for unique potential    2
    overlapped atomic potential and density for unique potential    3
    overlapped atomic potential and density for unique potential    4
Done with module: atomic potentials.

Calculating SCF potentials ...
FEFF-serial using 1 thread.
Muffin tin radii and interstitial parameters [bohr]:
type, norman radius, muffin tin, overlap factor
    0  1.31875E+00  1.24988E+00  1.14752E+00
    1  1.98122E+00  1.91618E+00  1.08601E+00
    2  1.86908E+00  1.80473E+00  1.09076E+00
    3  1.31446E+00  1.24572E+00  1.14779E+00
    4  1.13185E+00  1.08238E+00  1.11938E+00
Core-valence separation energy:  ecv=   -48.000 eV
Initial Fermi level:              mu=    -3.066 eV
SCF ITERATION NUMBER  1
     point #   1  energy = -48.000
FMS for a cluster of   95 atoms around atom type   0
FMS for a cluster of   89 atoms around atom type   1
FMS for a cluster of   91 atoms around atom type   2
FMS for a cluster of   82 atoms around atom type   3
FMS for a cluster of   90 atoms around atom type   4
     point #  20  energy = -36.793
     point #  40  energy = -16.543
     point #  60  energy =  -6.540
     point #  80  energy =  -5.471
New Fermi level:    mu=  -5.468 eV  Charge distance=  0.7030 (partial c.d.=  6.5536)
SCF ITERATION NUMBER  1
     point #   1  energy = -48.000
FMS for a cluster of   95 atoms around atom type   0
FMS for a cluster of   89 atoms around atom type   1
FMS for a cluster of   91 atoms around atom type   2
FMS for a cluster of   82 atoms around atom type   3
FMS for a cluster of   90 atoms around atom type   4
     point #  20  energy = -36.861
     point #  40  energy = -16.607
     point #  60  energy =  -5.468
     point #  80  energy =  -6.102
     point # 100  energy = -10.768
     point # 120  energy = -11.643
New Fermi level:    mu= -11.814 eV  Charge distance=  0.1707 (partial c.d.=  3.5161)
SCF ITERATION NUMBER  1
     point #   1  energy = -48.000
FMS for a cluster of   95 atoms around atom type   0
FMS for a cluster of   89 atoms around atom type   1
FMS for a cluster of   91 atoms around atom type   2
FMS for a cluster of   82 atoms around atom type   3
FMS for a cluster of   90 atoms around atom type   4
     point #  20  energy = -36.943
     point #  40  energy = -16.840
     point #  60  energy = -11.814
     point #  80  energy = -10.708
     point # 100  energy = -10.605
New Fermi level:    mu= -10.745 eV  Charge distance=  0.1334 (partial c.d.=  0.5929)
SCF ITERATION NUMBER  2
     point #   1  energy = -48.000
     point #  20  energy = -36.924
     point #  40  energy = -16.786
     point #  60  energy = -10.745
     point #  80  energy = -10.004
     point # 100  energy = -10.307
New Fermi level:    mu= -10.316 eV  Charge distance=  0.4131 (partial c.d.=  0.1014)
SCF ITERATION NUMBER  3
     point #   1  energy = -48.000
     point #  20  energy = -36.797
     point #  40  energy = -16.427
     point #  60  energy = -10.316
     point #  80  energy =  -9.575
     point # 100  energy =  -9.832
New Fermi level:    mu=  -9.849 eV  Charge distance=  0.0710 (partial c.d.=  0.2937)
SCF ITERATION NUMBER  4
     point #   1  energy = -48.000
     point #  20  energy = -36.956
     point #  40  energy = -16.877
     point #  60  energy =  -9.849
     point #  80  energy = -10.084
New Fermi level:    mu= -10.080 eV  Charge distance=  0.0562 (partial c.d.=  0.6813)
SCF ITERATION NUMBER  5
     point #   1  energy = -48.000
     point #  20  energy = -36.727
     point #  40  energy = -16.229
     point #  60  energy = -10.080
New Fermi level:    mu= -10.152 eV  Charge distance=  0.0147 (partial c.d.=  0.6200)
SCF ITERATION NUMBER  6
     point #   1  energy = -48.000
     point #  20  energy = -36.748
     point #  40  energy = -16.290
     point #  60  energy = -10.152
New Fermi level:    mu= -10.214 eV  Charge distance=  0.0165 (partial c.d.=  0.0942)
SCF ITERATION NUMBER  7
     point #   1  energy = -48.000
     point #  20  energy = -36.766
     point #  40  energy = -16.342
     point #  60  energy = -10.214
New Fermi level:    mu= -10.233 eV  Charge distance=  0.0005 (partial c.d.=  0.1034)
SCF ITERATION NUMBER  8
     point #   1  energy = -48.000
     point #  20  energy = -36.772
     point #  40  energy = -16.358
     point #  60  energy = -10.233
New Fermi level:    mu= -10.234 eV  Charge distance=  0.0018 (partial c.d.=  0.0051)
SCF ITERATION NUMBER  9
     point #   1  energy = -48.000
     point #  20  energy = -36.772
     point #  40  energy = -16.359
     point #  60  energy = -10.234
New Fermi level:    mu= -10.230 eV  Charge distance=  0.0028 (partial c.d.=  0.0022)
SCF ITERATION NUMBER 10
     point #   1  energy = -48.000
     point #  20  energy = -36.771
     point #  40  energy = -16.355
     point #  60  energy = -10.230
New Fermi level:    mu= -10.228 eV  Charge distance=  0.0003 (partial c.d.=  0.0070)
SCF ITERATION NUMBER 11
     point #   1  energy = -48.000
     point #  20  energy = -36.770
     point #  40  energy = -16.353
     point #  60  energy = -10.228
New Fermi level:    mu= -10.226 eV  Charge distance=  0.0002 (partial c.d.=  0.0029)
SCF ITERATION NUMBER 12
     point #   1  energy = -48.000
     point #  20  energy = -36.770
     point #  40  energy = -16.351
     point #  60  energy = -10.226
New Fermi level:    mu= -10.226 eV  Charge distance=  0.0001 (partial c.d.=  0.0003)
SCF ITERATION NUMBER 13
     point #   1  energy = -48.000
     point #  20  energy = -36.770
     point #  40  energy = -16.352
     point #  60  energy = -10.226
New Fermi level:    mu= -10.227 eV  Charge distance=  0.0001 (partial c.d.=  0.0001)
Electronic configuration
  type     l     N_el
     0     0    0.485
     0     1    0.565
     0     2    9.402
     0     3    0.000
     1     0    2.246
     1     1    6.281
     1     2    0.972
     1     3    0.000
     2     0    2.279
     2     1    6.391
     2     2    0.824
     2     3    0.000
     3     0    0.484
     3     1    0.576
     3     2    9.378
     3     3    0.000
     4     0    1.862
     4     1    4.511
     4     2    0.052
     4     3    0.000
Charge transfer:  type  charge
       0   -0.548
       1   -0.501
       2   -0.506
       3   -0.562
       4    0.426
Convergence reached in   13 iterations.
Done with module: potentials.

Calculating screened core-hole potential ...
FMS for a cluster of   16 atoms around iph =   0
    0% of energy integration
   20%
   40%
   60%
   80%
  100%
Preparing response function.
Computing (1 - K Chi0)^-1 v_ch
Done with module: screened core-hole potential.

Calculating cross-section and phases ...
    absorption cross section
 x0,dx,rnrm,inrm,jnrm   8.80000000000000       5.000000000000000E-002
   2.49207167800000              195         196
    phase shifts for unique potential    0
    phase shifts for unique potential    1
    phase shifts for unique potential    2
    phase shifts for unique potential    3
    phase shifts for unique potential    4
Done with module: cross-section and phases (XSPH).

FMS calculation of full Green's function ...
FEFF-serial using 1 thread.
Using   194 energy points.
xprep done
FMS for a cluster of  196 atoms
Energy point    1/ 194
Energy point   10/ 194
Energy point   20/ 194
Energy point   30/ 194
Energy point   40/ 194
Energy point   50/ 194
Energy point   60/ 194
Energy point   70/ 194
Energy point   80/ 194
Energy point   90/ 194
Energy point  100/ 194
Energy point  110/ 194
Energy point  120/ 194
Energy point  130/ 194
Energy point  140/ 194
Energy point  150/ 194
Energy point  160/ 194
Energy point  170/ 194
Energy point  180/ 194
Energy point  190/ 194
Done with module: FMS.

MKGTR: Tracing over Green's function ...
Done with module: MKGTR.

Pathfinder: finding scattering paths...
Preparing plane wave scattering amplitudes
Searching for paths
Eliminating path degeneracies
0 paths retained.
Done with module: pathfinder.

Calculating EXAFS parameters ...
Done with module: EXAFS parameters (GENFMT).

Calculating XAS spectra ...
Done with module: XAS spectra (FF2X: DW + final sum over paths).

 
### feff ends at Mon Aug 14 00:57:15 EDT 2023
 
